<6>Jul 01 17:50:52 ExternalWebServer MSWinEventLog	6	Microsoft-Windows-Sysmon/Operational	590	Sat Jul 01 17:50:50 2017	1	Microsoft-Windows-Sysmon	S-1-5-18	N/A	Information	ExternalWebServer	1	Process Create: UtcTime: 2017-07-01 15:50:50.564 ProcessGuid: {CA99A4CB-C4DA-5957-0000-00107CDB2600} ProcessId: 3124 Image: C:\Windows\SysWOW64\rundll32.exe CommandLine: rundll32  027cc450ef5f8c5f653329641ec1fed9.dll #1 CurrentDirectory: C:\Users\Administrator\Desktop\ran\ User: ExternalWebServer\Administrator LogonGuid: {CA99A4CB-BFF2-5957-0000-0020632C0400} LogonId: 0x42C63 TerminalSessionId: 2 IntegrityLevel: High Hashes: SHA1=B95A4C3D3722093A3E8FC54C578858E698DF8437,MD5=8BFE805555CDAF6387912A34D7978DAA,SHA256=6F9195D85B386099F9F63E3319F5E9E85E0F3A1F0D48CFC9A37E7EFF65225933,IMPHASH=78C0E670B5CCF47047F9040D894CD036 ParentProcessGuid: {CA99A4CB-C4DA-5957-0000-0010B5D82600} ParentProcessId: 1468 ParentImage: C:\Windows\System32\rundll32.exe ParentCommandLine: rundll32  027cc450ef5f8c5f653329641ec1fed9.dll #1 
<6>Jul 01 17:51:02 ExternalWebServer MSWinEventLog	6	Microsoft-Windows-Sysmon/Operational	591	Sat Jul 01 17:50:51 2017	1	Microsoft-Windows-Sysmon	S-1-5-18	N/A	Information	ExternalWebServer	1	Process Create: UtcTime: 2017-07-01 15:50:51.557 ProcessGuid: {CA99A4CB-C4DB-5957-0000-00102A092700} ProcessId: 3108 Image: C:\Windows\SysWOW64\cmd.exe CommandLine: /c schtasks /Create /SC once /TN  /TR C:\Windows\system32\shutdown.exe /r /f /ST 18:53 CurrentDirectory: C:\Users\Administrator\Desktop\ran\ User: ExternalWebServer\Administrator LogonGuid: {CA99A4CB-BFF2-5957-0000-0020632C0400} LogonId: 0x42C63 TerminalSessionId: 2 IntegrityLevel: High Hashes: SHA1=98A9AC93FE31F38F47F38DB78BF12FA0C6214F9A,MD5=622D21C40A25F9834A03BFD5FF4710C1,SHA256=48985B22A895154CC44F9EB77489CFDF54FA54506E8ECAEF492FE30F40D27E90,IMPHASH=5B13496CE269DF7709AAB6B1BBF99CD3 ParentProcessGuid: {CA99A4CB-C4DA-5957-0000-00107CDB2600} ParentProcessId: 3124 ParentImage: C:\Windows\SysWOW64\rundll32.exe ParentCommandLine: rundll32  027cc450ef5f8c5f653329641ec1fed9.dll #1 
<6>Jul 01 17:51:02 ExternalWebServer MSWinEventLog	6	Microsoft-Windows-Sysmon/Operational	592	Sat Jul 01 17:50:51 2017	1	Microsoft-Windows-Sysmon	S-1-5-18	N/A	Information	ExternalWebServer	1	Process Create: UtcTime: 2017-07-01 15:50:51.588 ProcessGuid: {CA99A4CB-C4DB-5957-0000-0010060B2700} ProcessId: 3552 Image: C:\Users\ADMINI~1\AppData\Local\Temp\2\8DCC.tmp CommandLine: C:\Users\ADMINI~1\AppData\Local\Temp\2\8DCC.tmp \\.\pipe\{DF6B072F-953F-4BDF-8D5E-F67B5DD53E7D} CurrentDirectory: C:\Users\Administrator\Desktop\ran\ User: ExternalWebServer\Administrator LogonGuid: {CA99A4CB-BFF2-5957-0000-0020632C0400} LogonId: 0x42C63 TerminalSessionId: 2 IntegrityLevel: High Hashes: SHA1=38E2855E11E353CEDF9A8A4F2F2747F1C5C07FCF,MD5=7E37AB34ECDCC3E77E24522DDFD4852D,SHA256=02EF73BD2458627ED7B397EC26EE2DE2E92C71A0E7588F78734761D8EDBDCD9F,IMPHASH=B266E0491562AD7F9264BBBFC97B1BAF ParentProcessGuid: {CA99A4CB-C4DA-5957-0000-00107CDB2600} ParentProcessId: 3124 ParentImage: C:\Windows\SysWOW64\rundll32.exe ParentCommandLine: rundll32  027cc450ef5f8c5f653329641ec1fed9.dll #1 
