<14>May 26 09:17:38 Message forwarded from aix.ibm.lab: ftp[random_number_1_to_999999]: ftp: EXPORT user testuser-22, host 51.18.44.104, local test_script.sh, remote test_script.sh.
<86>May 26 09:17:39 apple.macosx.ibm.lab sshd[5590]: Failed password for invalid user testuser-99 from 175.38.62.36 port 62757 ssh2
<54>May 26 09:17:41 SymantecServer symantec.endpoint.ibm.lab: CNC2PSY9D1,Allowed,Sysfer exception: .\RegParamEngine.cpp 1152 Failed to read value DeviceInstance from key \Registry\Machine\SYSTEM\CurrentControlSet\Control\DeviceClasses\{53f56307-b6bf-11d0-94f2-00a0c91efb8b}\##?#IDE#DiskWDC_WD800JD-75MSA3______________________10.01E04#5&,Sysfer exception,Begin: 2017-05-26 09:17:41,End: 2017-05-26 09:17:41,Rule: Sysfer exception,3592,C:/Program Files/Cisco Systems/CSAgent/bin/okclient.exe,0,,,User: rogueUser-1,Domain: US
<187>May 26 09:17:42 ['9.9.9.9'] httpd[16986]: [error] [client 212.2.111.4] Invalid URI in request \xf7vMKp`ET&\xa4\x9c\xc9\xec\xd1\xd8j\r\xce\xd9\xd4\xb3\c7
<86>May 26 09:17:44 apple.macosx.ibm.lab com.apple.SecurityServer: uid 983105 succeeded authenticating as user admin (uid 501) for right system.install.root.user.
<133>May 26 09:17:45 microsoft.event.ibm.lab MSWinEventLog 1 Security 102757633 Fri May 26 09:17:45 2017 4907 Microsoft-Windows-Security-Auditing N/A N/A Success Audit rogueUser-3 Audit Policy Change Auditing settings on object were changed. Subject: Security ID: S-1-5-18 Account Name: rogueUser-3 Account Domain: us.ibm.com Logon ID: 0x1117249 Object: Object Server: Security Object Type: File Object Name: \Windows\winsxs\test.wav Handle ID: 0x3a8 Process Information: Process ID: 0x163DBB Process Name: C:\Windows\System32\wbengine.exe Auditing Settings: Original Security Descriptor: S:AI(AU;A;;WD) New Security Descriptor: S:ARAI(AU;SAFA;;;;WD)(AU;IDFA;B;;;WD) 138324
<13>May 26 09:17:47 checkpoint.firewall.ibm.lab 26May2017 reject checkpoint.firewall.ibm.lab product: VPN-1 & FireWall-1; src: 120.171.20.155; s_port: 60911; dst: 129.77.54.2; service: 113; proto: tcp; rule: 14;SmartDefense profile: Default_Protection;__policy_id_tag: product=VPN-1 & FireWall-1[db_tag={25E5B8F6-79E7-11DD-941A-C0A832D00C0C};mgmt=fwmngt-wuv;date=1220466957;policy_name=rhino_gbl];has_accounting: 0;i/f_dir: inbound;i/f_name: eth-s2/s1p1c0;rule_uid: {9C96B325-D976-4A30-8685-9ED61018A6E7};service_id: gident;
<86>May 26 09:17:49 apple.macosx.ibm.lab com.apple.SecurityServer: authinternal authenticated user testuser-14 (uid 84705).
<54>May 26 09:17:50 SymantecServer symantec.endpoint.ibm.lab: Security risk found,Computer name: COMP-986049,Source: Scheduled Scan,Risk name: VirusDoctor,Occurrences: 1,c:/System Volume Information/_restore{A3F5C2A3-F289-4356-B021-1FEFEFB73CBD}/RP243/A0070465.exe,"",Actual action: Quarantined,Requested action: Quarantined,Secondary action: Left alone,Event time: 2017-05-26 09:17:50,Inserted:2017-05-26 09:17:50,End: 2017-05-26 09:17:50,Domain: Default,Group: My Company	est,Server: avp1,User: testuser-5,Source computer:  ,Source IP: 0.0.0.0
<190>May 26 09:17:52 arbor.pravail.ibm.lab pravail-aps: Blocked Host: Blocked host 165.11.95.213 10:53 by TCP Connection Reset using TCP/55277 (Unknown) destination 18.85.160.53 source port 443,URL: https://arbornetworks.pravail.test.com/chaos/
<190>May 26 09:17:53 arbor.pravail.ibm.lab pravail-aps: Blocked Host: Blocked host 218.111.178.29 at 10:52 by Invalid Packets using TCP/0 (Unknown) destination 82.162.20.122,URL: https://arbornetworks.pravail.test.com/chaos/
<13>May 26 09:17:55 microsoft.sec.ibm.lab AgentDevice=WindowsLog	AgentLogFile=Security	Source=Security	Computer=COMP-testuser-27	User=testuser-27	Domain=	EventID=673	EventIDCode=673	EventType=8	EventCategory=9	RecordNumber=802049	TimeGenerated=1495804675	TimeWritten=1495804675	Message=Service Ticket Request:  User Name: testuser-27@us.ibm.com User Domain: us.ibm.com Service Name: MAIL$  Service ID: %{S-3-2-1-7D0E60} Ticket Options:  0x40810000   Ticket Encryption Type: 0x17 Client Address: 218.111.178.29 Failure Code: - LogonGUID: {7D0E60-f005ba11-ba5eba11} Transited Services: - 
<28>May 26 09:17:56 Message forwarded from aix.ibm.lab: rshd[random_number_1_to_999999]: Failed rsh authentication from 178.250.86.189 for local user root via remote user rogueUser-1
<189>May 26 09:17:58 ['9.9.9.9'] authmgr[504]: <NOTI> login <00:1c:bf:ca:2b:98  20.135.51.253 rogueUser-3>method=802.1x, server=TEST001, role=Authenticated Update(status 0 method 0 role 16), reauth=1800 sec
<189>May 26 09:18:00 ['9.9.9.9'] authmgr[504]: <NOTI> login <00:1c:bf:ca:2b:98  79.186.10.120 testuser-19>method=802.1x, server=TEST001, role=Authenticated Update(status 0 method 0 role 16), reauth=1800 sec
<13>May 26 09:18:01 checkpoint.firewall.ibm.lab 26May2017 reject checkpoint.firewall.ibm.lab product: VPN-1 & FireWall-1; src: 189.6.147.68; s_port: 51086; dst: 88.56.38.160; service: 113; proto: tcp; rule: 14;SmartDefense profile: Default_Protection;__policy_id_tag: product=VPN-1 & FireWall-1[db_tag={25E5B8F6-79E7-11DD-941A-C0A832D00C0C};mgmt=fwmngt-wuv;date=1220466957;policy_name=rhino_gbl];has_accounting: 0;i/f_dir: inbound;i/f_name: eth-s2/s1p1c0;rule_uid: {9C96B325-D976-4A30-8685-9ED61018A6E7};service_id: gident;
<129>May 26 09:18:03 barracuda.firewall.ibm.lab WF ALER METHOD_NOT_ALLOWED 64.87.88.123 50398 13.24.61.236 80 security-policy GLOBAL DENY NONE [Method="ABCD"] ABCD 13.24.61.236/ HTTP "-" ""-"" 13.24.61.236 48536 "-" "-"
<38>May 26 09:18:04 sshd[116366]: Invalid user testuser-84 from 30.90.182.58
<187>May 26 09:18:06 ['9.9.9.9'] httpd[16986]: [error] [client 132.146.155.198] Invalid URI in request \xf7vMKp`ET&\xa4\x9c\xc9\xec\xd1\xd8j\r\xce\xd9\xd4\xb3\c7
<33>May 26 09:18:07 threecom.switch.ibm.lab %May 26 09:18:07 2017 S9500 PORTAL/5/PT_LOG: Online user 202.207.224.25 changes to 69.151.217.54, we will cut it off as using traffic-acct.
<157>May 26 09:18:09 microsoft.event.ibm.lab MSWinEventLog	4	Security	60703	Fri May 26 09:18:09 2017	552	Security	NETWORK SERVICE	Well Known Group	Success Audit	testuser-72	Logon/Logoff		Logon attempt using explicit credentials: Logged on user:  User Name: NETWORK SERVICE  Domain: NT AUTHORITY  Logon ID: (0x0,0x1092025)  Logon GUID: -  User whose credentials were used:  Target User Name: testuser-72  Target Domain: us.ibm.com Target Logon GUID: -  Target Server Name: localhost  Target Server Info: localhost  Caller Process ID: 399491  Source Network Address: -  Source Port: - 	56794
<129>May 26 09:18:10 barracuda.firewall.ibm.lab WF ALER METACHARACTER_IN_PARAMETER 56.219.18.103 50089 197.154.117.89 443 security-policy GLOBAL DENY NONE [token="%00 " Parameter="article" value="../../../../../../../../etc/passwd"] GET 197.154.117.89/talkback.cgi?article=../../../../../../../../etc/passwd%00&action=view&matchview=1 HTTPS "-" ""-"" 197.154.117.89 50089 "-" "-"
<54>May 26 09:18:12 SymantecServer symantec.endpoint.ibm.lab: testbox-abc,[SID: 21590] P2P Edonkey Ping Message detected.  Traffic has been allowed from this application: C:\Program Files\easyMule\emule.exe,Local: 212.2.111.4,Local: 00218696B978,Remote: ,Remote: 183.185.219.142,Remote: 000000000000,Outbound,OTHERS,Intrusion ID: 0,Begin: 2017-05-26 09:18:12,End: 2017-05-26 09:18:12,Occurrences: 1,Application: C:/Program Files/easyMule/emule.exe,Location: Default,User: testuser-86,Domain: us.ibm.com
<149>May 26 09:18:14 apple.macosx.ibm.lab sudo:    testuser-38 : TTY=ttyp1 ; PWD=/Users/admin ; USER=admin ;COMMAND=/bin/bash
<190>May 26 09:18:15 arbor.pravail.ibm.lab pravail-aps: Blocked Host: Blocked host 179.174.48.208 at 10:53 by Malformed HTTP Filtering using TCP/80 (HTTP) destination 168.62.14.237 source port 60365,URL: https://arbornetworks.pravail.test.com/chaos/
<14>May 26 09:18:17 Message forwarded from aix.ibm.lab: ftp[random_number_1_to_999999]: ftp: EXPORT user testuser-38, host 181.130.111.223, local test_script.sh, remote test_script.sh.
<129>May 26 09:18:18 barracuda.firewall.ibm.lab WF ALER METHOD_NOT_ALLOWED 202.207.224.25 59044 104.61.49.226 80 security-policy GLOBAL DENY NONE [Method="ABCD"] ABCD 104.61.49.226/ HTTP "-" ""-"" 104.61.49.226 48536 "-" "-"
<33>May 26 09:18:20 threecom.switch.ibm.lab %May 26 09:18:20 2017 S9500 RTA/3/Failed to get user traffic: Failed to get traffic of user 99.123.52.13 on board 6
<38>May 26 09:18:21 sshd[510708]: Failed none for invalid user testuser-36 from 218.111.178.29 port 62330 ssh2
<190>May 26 09:18:23 arbor.pravail.ibm.lab pravail-aps: Blocked Host: Blocked host 136.38.97.190 at 10:52 by Invalid Packets using TCP/0 (Unknown) destination 43.43.153.112,URL: https://arbornetworks.pravail.test.com/chaos/
<157>May 26 09:18:25 microsoft.event.ibm.lab MSWinEventLog	4	Security	60703	Fri May 26 09:18:25 2017	552	Security	NETWORK SERVICE	Well Known Group	Success Audit	testuser-41	Logon/Logoff		Logon attempt using explicit credentials: Logged on user:  User Name: NETWORK SERVICE  Domain: NT AUTHORITY  Logon ID: (0x0,0x1083681)  Logon GUID: -  User whose credentials were used:  Target User Name: testuser-41  Target Domain: us.ibm.com Target Logon GUID: -  Target Server Name: localhost  Target Server Info: localhost  Caller Process ID: 548373  Source Network Address: -  Source Port: - 	56794
<190>May 26 09:18:26 arbor.pravail.ibm.lab pravail-aps: Blocked Host: Blocked host 79.186.10.120 at 10:53 by Malformed HTTP Filtering using TCP/80 (HTTP) destination 41.195.169.191 source port 51427,URL: https://arbornetworks.pravail.test.com/chaos/
<157>May 26 09:18:28 microsoft.event.ibm.lab MSWinEventLog	4	Security	60703	Fri May 26 09:18:28 2017	552	Security	NETWORK SERVICE	Well Known Group	Success Audit	testuser-41	Logon/Logoff		Logon attempt using explicit credentials: Logged on user:  User Name: NETWORK SERVICE  Domain: NT AUTHORITY  Logon ID: (0x0,0x1083681)  Logon GUID: -  User whose credentials were used:  Target User Name: testuser-41  Target Domain: us.ibm.com Target Logon GUID: -  Target Server Name: localhost  Target Server Info: localhost  Caller Process ID: 64854  Source Network Address: -  Source Port: - 	56794
<14>May 26 09:18:29 Message forwarded from aix.ibm.lab: ftp[random_number_1_to_999999]: ftp: EXPORT user testuser-81, host 218.111.178.29, local test_script.sh, remote test_script.sh.
<27>May 26 09:18:31 ambiron.ipangel.ibm.lab ipangel-ips: [2017-05-26 09:18:31-05] alert [Priority: 9] [119:2:1] [(http_inspect) DOUBLE DECODING ATTACK] 56.219.18.103:52926 TCP 37.153.227.179:80 br0
<33>May 26 09:18:32 threecom.switch.ibm.lab %May 26 09:18:32 2017 S9500 VTY/5/VTY_LOG:  TELNET user failed to login from 165.11.95.213(000D-88F6-60E0) on VTY0.
<83>May 26 09:18:34 apple.macosx.ibm.lab sshd[5590]: error: PAM: Authentication failure for illegal user testuser-84 from 70.155.49.13<179>May 26 09:18:36 apache.httpd.ibm.lab httpd[5570]: [ID 702911 local6.error] [error] [client 51.18.44.104] Certificate Verification: Error (10): certificate has expired
<83>May 26 09:18:37 apple.macosx.ibm.lab com.apple.SecurityServer: authinternal failed to authenticate user rogueUser-2.
<190>May 26 09:18:39 arbor.pravail.ibm.lab pravail-aps: Blocked Host: Blocked host 125.83.117.185 at 10:52 by Invalid Packets using TCP/0 (Unknown) destination 74.47.211.36,URL: https://arbornetworks.pravail.test.com/chaos/
<33>May 26 09:18:40 threecom.switch.ibm.lab %May 26 09:18:40 2017 S9500 AAA/2/Serious error!: User testuser-16, in ACM send msg to SC failed! Returns 1 srcID 6 msgType 16384.
<182>May 26 09:18:42 apache.httpd.ibm.lab httpd: 218.111.178.29 188.7.156.254 - - [26/May/2017:09:18:42 -0500] "ABCD / HTTP/1.1" 501 443 297
<182>May 26 09:18:43 apache.httpd.ibm.lab httpd: 56.219.18.103 75.229.221.23 - - [26/May/2017:09:18:43 -0500] "TRACE / HTTP/1.0" 403 443 272
<182>May 26 09:18:45 apache.httpd.ibm.lab httpd: 137.38.197.140 84.216.70.175 - - [26/May/2017:09:18:45 -0500] "HEAD / HTTP/1.1" 200 443 -
<190>May 26 09:18:46 arbor.pravail.ibm.lab pravail-aps: Blocked Host: Blocked host 79.186.10.120 at 10:52 by Invalid Packets using TCP/0 (Unknown) destination 166.106.203.29,URL: https://arbornetworks.pravail.test.com/chaos/
<33>May 26 09:18:48 threecom.switch.ibm.lab %May 26 09:18:48 2017 S9500 AAA/2/Serious error!: User testuser-10, in ACM send msg to SC failed! Returns 1 srcID 6 msgType 16384.
<129>May 26 09:18:50 barracuda.firewall.ibm.lab WF ALER CROSS_SITE_SCRIPTING_IN_URL 136.38.97.190 59337 151.192.163.25 80 security-policy GLOBAL DENY NONE [type="cross-site-scripting" pattern="script-tag" token="<script>"] GET 151.192.163.25/<script>alert(53416)</script> HTTP "-" ""-"" 151.192.163.25 48541 "-" "-"
<13>May 26 09:18:51 microsoft.sec.ibm.lab AgentDevice=WindowsLog	AgentLogFile=Security	Source=Security	Computer=COMP-testuser-43	User=SYSTEM	Domain=	EventID=644	EventIDCode=644	EventType=8	EventCategory=7	RecordNumber=928455	TimeGenerated=1495804731	TimeWritten=1495804731	Message=User Account Locked Out: Target Account Name: testuser-43 Target Account ID: %{S-1-2-3-1087849} Caller Machine Name: COMP-CALLER01 Caller User Name: CALLER-01 Caller Domain: us.ibm.com Caller Logon ID: (0x0,0xBA5EBA11)
<33>May 26 09:18:53 threecom.switch.ibm.lab %May 26 09:18:53 2017 S9500 FTPS/5/USERIN: User rogueUser-5(15.83.16.235) login succeeded
<190>May 26 09:18:54 arbor.pravail.ibm.lab pravail-aps: Blocked Host: Blocked host 179.174.48.208 at 10:53 by Malformed HTTP Filtering using TCP/80 (HTTP) destination 149.83.133.143 source port 53536,URL: https://arbornetworks.pravail.test.com/chaos/
<13>May 26 09:18:56 microsoft.sec.ibm.lab AgentDevice=WindowsLog	AgentLogFile=Security	Source=Security	Computer=COMP-testuser-100	User=testuser-100	Domain=	EventID=680	EventIDCode=680	EventType=16	EventCategory=9	RecordNumber=405526	TimeGenerated=1495804736	TimeWritten=1495804736	Message=Logon attempt by: MICROSOFT_AUTHENTICATION_PACKAGE_V1_0 Logon account: testuser-100 Source Workstation: COMP-testuser-100 Error Code: 0x0 
<190>May 26 09:18:57 arbor.pravail.ibm.lab pravail-aps: Blocked Host: Blocked host 212.2.111.4 10:53 by TCP Connection Reset using TCP/53789 (Unknown) destination 173.172.108.85 source port 443,URL: https://arbornetworks.pravail.test.com/chaos/
<33>May 26 09:18:59 threecom.switch.ibm.lab %May 26 09:18:59 2017 S9500 VTY/5/VTY_LOG:  TELNET user failed to login from 129.171.84.29(000D-88F6-60E0) on VTY0.
<38>May 26 09:19:01 sshd[449062]: Failed password for invalid user rogueUser-5 from 15.83.16.235 port 55755 ssh2
<26>May 26 09:19:02 ambiron.ipangel.ibm.lab ipangel-ips: [2017-05-26 09:19:02-05] alert [Priority: 9] [119:14:1] [(http_inspect) NON-RFC DEFINED CHAR] 218.111.178.29:49488 TCP 52.188.250.47:80 br0
<13>May 26 09:19:04 microsoft.sec.ibm.lab AgentDevice=WindowsLog	AgentLogFile=Security	Source=Security	Computer=COMP-rogueUser-4	User=rogueUser-4	Domain=	EventID=529	EventIDCode=529	EventType=16	EventCategory=2	RecordNumber=829265	TimeGenerated=1495804744	TimeWritten=1495804744	Message=Successful Network Logon: User Name: Domain: Logon ID: (0x0,0x1119364) Logon Type: 3 Logon Process: NtLmSsp Authentication Package: NTLM Workstation Name: COMP-rogueUser-4 Logon GUID: - Caller User Name: - Caller Domain: - Caller Logon ID: - Caller Process ID: - Transited Services: - Source Network Address: 128.234.158.118 Source Port: 0
<13>May 26 09:19:05 microsoft.sec.ibm.lab AgentDevice=WindowsLog	AgentLogFile=Security	Source=Security	Computer=COMP-testuser-30	User=testuser-30	Domain=	EventID=540	EventIDCode=540	EventType=8	EventCategory=2	RecordNumber=515913	TimeGenerated=1495804745	TimeWritten=1495804745	Message=Successful Network Logon: User Name: Domain: Logon ID: (0x0,0x1079521) Logon Type: 3 Logon Process: NtLmSsp Authentication Package: NTLM Workstation Name: COMP-testuser-30 Logon GUID: - Caller User Name: - Caller Domain: - Caller Logon ID: - Caller Process ID: - Transited Services: - Source Network Address: 202.207.224.25 Source Port: 0
<13>May 26 09:19:07 microsoft.sec.ibm.lab AgentDevice=WindowsLog	AgentLogFile=Security	Source=Security	Computer=COMP-rogueUser-5	User=rogueUser-5	Domain=	EventID=540	EventIDCode=540	EventType=8	EventCategory=2	RecordNumber=487667	TimeGenerated=1495804747	TimeWritten=1495804747	Message=Successful Network Logon: User Name: Domain: Logon ID: (0x0,0x1121481) Logon Type: 3 Logon Process: NtLmSsp Authentication Package: NTLM Workstation Name: COMP-rogueUser-5 Logon GUID: - Caller User Name: - Caller Domain: - Caller Logon ID: - Caller Process ID: - Transited Services: - Source Network Address: 15.83.16.235 Source Port: 0
<38>May 26 09:19:08 sshd[979105]: Invalid user testuser-36 from 218.111.178.29
<189>May 26 09:19:10 ['9.9.9.9'] authmgr[504]: <NOTI> login <00:1c:bf:ca:2b:98  9.135.38.229 testuser-100>method=802.1x, server=TEST001, role=Authenticated Update(status 0 method 0 role 16), reauth=1800 sec
<13>May 26 09:19:12 checkpoint.firewall.ibm.lab 26May2017 drop checkpoint.firewall.ibm.lab product: VPN-1 &FireWall-1; src: 136.38.97.190; s_port: 62774; dst: 99.160.157.166; service: 138; proto: udp; rule: 323;SmartDefense profile: Default_Protection;__policy_id_tag: product=VPN-1 & FireWall-1[db_tag={48AB8350-7F61-11DD-887D-C0A832D16C6C};mgmt=fwmngt-zentral;date=1221069169;policy_name=Chameleon_gbl];has_accounting: 0;i/f_dir: inbound;i/f_name: eth-s1/s1p1c0;rule_uid: {21D66174-0E19-4B77-A1E9-3473FE991088};
<129>May 26 09:19:13 barracuda.firewall.ibm.lab WF ALER METHOD_NOT_ALLOWED 79.186.10.120 52169 20.135.141.34 80 security-policy GLOBAL DENY NONE [Method="ABCD"] ABCD 20.135.141.34/ HTTP "-" ""-"" 20.135.141.34 48536 "-" "-"
<190>May 26 09:19:15 arbor.pravail.ibm.lab pravail-aps: Blocked Host: Blocked host 79.186.10.120 at 10:53 by Malformed HTTP Filtering using TCP/80 (HTTP) destination 55.111.87.212 source port 49935,URL: https://arbornetworks.pravail.test.com/chaos/
<33>May 26 09:19:16 threecom.switch.ibm.lab %May 26 09:19:16 2017 S9500 PORTAL/5/PT_LOG: Online user 212.2.111.4 changes to 50.218.210.11, we will cut it off as using traffic-acct.
<86>May 26 09:19:18 apple.macosx.ibm.lab com.apple.SecurityServer: authinternal authenticated user testuser-69 (uid 105625).
<157>May 26 09:19:19 microsoft.event.ibm.lab MSWinEventLog	4	Security	60703	Fri May 26 09:19:19 2017	552	Security	NETWORK SERVICE	Well Known Group	Success Audit	testuser-14	Logon/Logoff		Logon attempt using explicit credentials: Logged on user:  User Name: NETWORK SERVICE  Domain: NT AUTHORITY  Logon ID: (0x0,0x1083681)  Logon GUID: -  User whose credentials were used:  Target User Name: testuser-14  Target Domain: us.ibm.com Target Logon GUID: -  Target Server Name: localhost  Target Server Info: localhost  Caller Process ID: 36685  Source Network Address: -  Source Port: - 	56794
<182>May 26 09:19:21 apache.httpd.ibm.lab httpd: 179.174.48.208 196.5.185.162 - - [26/May/2017:09:19:21 -0500] "GET /../../../../../../../../../../../ HTTP/1.1" 400 443 307
<54>May 26 09:19:22 SymantecServer symantec.endpoint.ibm.lab: Potential risk found,Computer name: COMP-1094116,Detection type: Heuristic,Application name: (Unknown),Application type: Trojan Worm,Application version: ,Hash type: SHA-1,Application hash: 72c874f212a18944ff56f774bfe7252346b93f8e,Company name: ,File size (bytes): 301568,Sensitivity: 0,Detection score: 40,Submission recommendation:1,Permitted application reason: 0,Source: Heuristic Scan,Risk name: ,Occurrences: 1,c:\claims\claims32.exe,"",Actual action: Left alone,Requested action: Left alone,Secondary action: Left alone,Event time: 2017-05-26 09:19:22,Inserted:2017-05-26 09:19:22,End:  2017-05-26 09:19:22,Domain: Default,Group: My Company\LTC\Desktops,Server: crasesssmc01,User: testuser-82,Source computer: ,Source IP: 0.0.0.0
<83>May 26 09:19:24 apple.macosx.ibm.lab com.apple.SecurityServer: authinternal failed to authenticate user testuser-29.
<27>May 26 09:19:26 ambiron.ipangel.ibm.lab ipangel-ips: [2017-05-26 09:19:26-05] alert [Priority: 9] [119:2:1] [(http_inspect) DOUBLE DECODING ATTACK] 201.150.192.18:54265 TCP 167.189.174.68:80 br0
<13>May 26 09:19:27 checkpoint.firewall.ibm.lab 26May2017 reject checkpoint.firewall.ibm.lab product: VPN-1 & FireWall-1; src: 79.186.10.120; s_port: 51151; dst: 195.100.87.27; service: 113; proto: tcp; rule: 14;SmartDefense profile: Default_Protection;__policy_id_tag: product=VPN-1 & FireWall-1[db_tag={25E5B8F6-79E7-11DD-941A-C0A832D00C0C};mgmt=fwmngt-wuv;date=1220466957;policy_name=rhino_gbl];has_accounting: 0;i/f_dir: inbound;i/f_name: eth-s2/s1p1c0;rule_uid: {9C96B325-D976-4A30-8685-9ED61018A6E7};service_id: gident;
<83>May 26 09:19:29 apple.macosx.ibm.lab com.apple.SecurityServer: authinternal failed to authenticate user testuser-89.
<182>May 26 09:19:30 apache.httpd.ibm.lab httpd: 120.171.20.155 168.115.46.232 - - [26/May/2017:09:19:30 -0500] "POST /test.php?doing_test=123 HTTP/1.0" 404 80 282
<182>May 26 09:19:32 apache.httpd.ibm.lab httpd: 136.38.97.190 59.153.181.52 - - [26/May/2017:09:19:32 -0500] "ABCD / HTTP/1.1" 501 443 297
<189>May 26 09:19:33 ['9.9.9.9'] authmgr[504]: <NOTI> login <00:1c:bf:ca:2b:98  218.111.178.29 testuser-27>method=802.1x, server=TEST001, role=Authenticated Update(status 0 method 0 role 16), reauth=1800 sec
<27>May 26 09:19:35 ambiron.ipangel.ibm.lab ipangel-ips: [2017-05-26 09:19:35-05] alert [Priority: 9] [119:2:1] [(http_inspect) DOUBLE DECODING ATTACK] 128.234.158.118:63092 TCP 147.112.73.234:80 br0
<13>May 26 09:19:37 checkpoint.firewall.ibm.lab 26May2017  checkpoint.firewall.ibm.lab product: martDefense; src: 125.83.117.185; s_port: ; dst: 119.134.199.225; service: ; proto: udp; rule: ;Attack Info: Response packet too long, potential buffer overflow;Suppressed logs: 5;Total logs: 6;__policy_id_tag: product=VPN-1 & FireWall-1[db_tag={321A4EE6-7DEA-11DD-BFAA-C0A832822626};mgmt=fwmngt05;date=1220908070;policy_name=KillerWhale_gbl];alert: alert;attack: Invalid DNS;has_accounting: 0;i/f_dir: inbound;
<13>May 26 09:19:38 checkpoint.firewall.ibm.lab 26May2017 reject checkpoint.firewall.ibm.lab product: VPN-1 & FireWall-1; src: 79.186.10.120; s_port: 52660; dst: 124.217.166.12; service: 113; proto: tcp; rule: 14;SmartDefense profile: Default_Protection;__policy_id_tag: product=VPN-1 & FireWall-1[db_tag={25E5B8F6-79E7-11DD-941A-C0A832D00C0C};mgmt=fwmngt-wuv;date=1220466957;policy_name=rhino_gbl];has_accounting: 0;i/f_dir: inbound;i/f_name: eth-s2/s1p1c0;rule_uid: {9C96B325-D976-4A30-8685-9ED61018A6E7};service_id: gident;
<86>May 26 09:19:40 apple.macosx.ibm.lab sshd[5590]: Failed password for invalid user testuser-55 from 7.201.125.227 port 56823 ssh2
<38>May 26 09:19:41 Message forwarded from aix.ibm.lab: syslog: pts/2: failed login attempt for testuser-1 from 44.111.228.125
<50>May 26 09:19:43 SymantecServer symantec.endpoint.ibm.lab: testbox-xyz,[SID: 70025] Web Attack: Blackhole Exploit Toolkit 2 attack blocked. Traffic has been blocked for this application: C:\Program Files\Internet Explorer\iexplore.exe,Local: 0.0.0.0,Local: 000000000000,Remote: ,Remote: 0.0.0.0,Remote: 000000000000,Inbound,OTHERS,,Begin: 2017-05-26 09:19:43,End: 2017-05-26 09:19:43,Occurrences: 1,Application: C:/Program Files/Internet Explorer/iexplore.exe,Location: Default,User: testuser-73,Domain: SIMON,!ExternalLoggingTask.localport! 0,!ExternalLoggingTask.remoteport! 0,!ExternalLoggingTask.cidssignid! 70025,!ExternalLoggingTask.strcidssignid! Web Attack: Blackhole Exploit Toolkit 2,!ExternalLoggingTask.cidssignsubid! 0,!ExternalLoggingTask.intrusionurl! http://pppptttt.blah.net/links/came_broadcasting_taking-various.php,!ExternalLoggingTask.intrusionpayloadurl!
<129>May 26 09:19:44 barracuda.firewall.ibm.lab WF ALER SLASH_DOT_IN_URL 79.186.10.120 61912 6.91.139.107 443 security-policy GLOBAL DENY NONE ["-"] GET 6.91.139.107/themes/default/css/.htaccess HTTPS "-" ""-"" 6.91.139.107 44428 "-" "-"
<33>May 26 09:19:46 threecom.switch.ibm.lab %May 26 09:19:46 2017 S9500 FTPS/5/USERIN: User testuser-52(56.219.18.103) login succeeded
<33>May 26 09:19:48 threecom.switch.ibm.lab %May 26 09:19:48 2017 S9500 RTA/3/Failed to get user traffic: Failed to get traffic of user 79.186.10.120 on board 6
<83>May 26 09:19:49 apple.macosx.ibm.lab sshd[5590]: error: PAM: Authentication failure for illegal user testuser-33 from 39.29.240.157<33>May 26 09:19:51 threecom.switch.ibm.lab %May 26 09:19:51 2017 S9500 FTPS/5/USEROUT: User rogueUser-4(128.234.158.118) logged out
<157>May 26 09:19:52 microsoft.event.ibm.lab MSWinEventLog	4	Security	60703	Fri May 26 09:19:52 2017	552	Security	NETWORK SERVICE	Well Known Group	Success Audit	testuser-19	Logon/Logoff		Logon attempt using explicit credentials: Logged on user:  User Name: NETWORK SERVICE  Domain: NT AUTHORITY  Logon ID: (0x0,0x1094116)  Logon GUID: -  User whose credentials were used:  Target User Name: testuser-19  Target Domain: us.ibm.com Target Logon GUID: -  Target Server Name: localhost  Target Server Info: localhost  Caller Process ID: 874952  Source Network Address: -  Source Port: - 	56794
<33>May 26 09:19:54 threecom.switch.ibm.lab %May 26 09:19:54 2017 S9500 RTA/3/Failed to start accounting: Failed to start traffic accounting for user 30.90.182.58 on board 6
<33>May 26 09:19:55 threecom.switch.ibm.lab %May 26 09:19:55 2017 S9500 FTPS/5/USEROUT: User testuser-29(165.11.95.213) logged out
<13>May 26 09:19:57 checkpoint.firewall.ibm.lab 26May2017  checkpoint.firewall.ibm.lab product: SmartDefense; src: 218.111.178.29; s_port: ; dst: 173.78.143.153; service: ; proto: icmp; rule: ;Attack Info: Echo request too big;Suppressed logs: 1;Total logs: 2;__policy_id_tag: product=VPN-1 & FireWall-1[db_tag={B5A7057E-7F61-11DD-AA43-C0A832D12424};mgmt=fwmngt-zentral;date=1221069352;policy_name=Spider_gbl];alert: alert;attack: Large ping;has_accounting: 0;i/f_dir: inbound;
<133>May 26 09:19:58 microsoft.event.ibm.lab MSWinEventLog 1 Security 102757633 Fri May 26 09:19:58 2017 4907 Microsoft-Windows-Security-Auditing N/A N/A Success Audit testuser-47 Audit Policy Change Auditing settings on object were changed. Subject: Security ID: S-1-5-18 Account Name: testuser-47 Account Domain: us.ibm.com Logon ID: 0x1096209 Object: Object Server: Security Object Type: File Object Name: \Windows\winsxs\test.wav Handle ID: 0x3a8 Process Information: Process ID: 0xDC5C8C Process Name: C:\Windows\System32\wbengine.exe Auditing Settings: Original Security Descriptor: S:AI(AU;A;;WD) New Security Descriptor: S:ARAI(AU;SAFA;;;;WD)(AU;IDFA;B;;;WD) 970389
<190>May 26 09:20:00 arbor.pravail.ibm.lab pravail-aps: Blocked Host: Blocked host 189.6.147.68 at 10:52 by Invalid Packets using TCP/0 (Unknown) destination 141.185.209.10,URL: https://arbornetworks.pravail.test.com/chaos/
<86>May 26 09:20:02 apple.macosx.ibm.lab sshd[5590]: Failed password for invalid user testuser-60 from 18.187.241.121 port 54212 ssh2
<28>May 26 09:20:03 Message forwarded from aix.ibm.lab: rshd[random_number_1_to_999999]: Failed rsh authentication from 165.11.95.213 for local user root via remote user testuser-65
<54>May 26 09:20:05 SymantecServer symantec.endpoint.ibm.lab: Potential risk found,Computer name: COMP-980100,Detection type: Heuristic,Application name: (Unknown),Application type: Trojan Worm,Application version: ,Hash type: SHA-1,Application hash: 72c874f212a18944ff56f774bfe7252346b93f8e,Company name: ,File size (bytes): 301568,Sensitivity: 0,Detection score: 40,Submission recommendation:1,Permitted application reason: 0,Source: Heuristic Scan,Risk name: ,Occurrences: 1,c:\claims\claims32.exe,"",Actual action: Left alone,Requested action: Left alone,Secondary action: Left alone,Event time: 2017-05-26 09:20:05,Inserted:2017-05-26 09:20:05,End:  2017-05-26 09:20:05,Domain: Default,Group: My Company\LTC\Desktops,Server: crasesssmc01,User: testuser-2,Source computer: ,Source IP: 0.0.0.0
<179>May 26 09:20:06 apache.httpd.ibm.lab httpd[5570]: [ID 702911 local6.error] [error] [client 125.83.117.185] Certificate Verification: Error (10): certificate has expired
<50>May 26 09:20:08 SymantecServer symantec.endpoint.ibm.lab: testbox-xyz,[SID: 70025] Web Attack: Blackhole Exploit Toolkit 2 attack blocked. Traffic has been blocked for this application: C:\Program Files\Internet Explorer\iexplore.exe,Local: 0.0.0.0,Local: 000000000000,Remote: ,Remote: 0.0.0.0,Remote: 000000000000,Inbound,OTHERS,,Begin: 2017-05-26 09:20:08,End: 2017-05-26 09:20:08,Occurrences: 1,Application: C:/Program Files/Internet Explorer/iexplore.exe,Location: Default,User: rogueUser-1,Domain: SIMON,!ExternalLoggingTask.localport! 0,!ExternalLoggingTask.remoteport! 0,!ExternalLoggingTask.cidssignid! 70025,!ExternalLoggingTask.strcidssignid! Web Attack: Blackhole Exploit Toolkit 2,!ExternalLoggingTask.cidssignsubid! 0,!ExternalLoggingTask.intrusionurl! http://pppptttt.blah.net/links/came_broadcasting_taking-various.php,!ExternalLoggingTask.intrusionpayloadurl!
<13>May 26 09:20:09 microsoft.sec.ibm.lab AgentDevice=WindowsLog	AgentLogFile=Security	Source=Security	Computer=COMP-testuser-10	User=testuser-10	Domain=	EventID=675	EventIDCode=675	EventType=16	EventCategory=9	RecordNumber=920425	TimeGenerated=1495804809	TimeWritten=1495804809	Message=Pre-authentication failed: User Name: testuser-10 User ID: %{S-1-2-3-1075369} Service Name: krbtgt Pre-Authentication Type: 0x2 Failure Code: 0x18 Client Address: 103.211.66.35 
<33>May 26 09:20:11 threecom.switch.ibm.lab %May 26 09:20:11 2017 S9500 PORTAL/5/PT_LOG: Online user 202.207.224.25 changes to 146.222.214.250, we will cut it off as using traffic-acct.
<187>May 26 09:20:13 ['9.9.9.9'] httpd[16986]: [error] [client 202.207.224.25] Invalid URI in request \xf7vMKp`ET&\xa4\x9c\xc9\xec\xd1\xd8j\r\xce\xd9\xd4\xb3\c7
<189>May 26 09:20:14 ['9.9.9.9'] authmgr[504]: <NOTI> login <00:1c:bf:ca:2b:98  79.186.10.120 testuser-28>method=802.1x, server=TEST001, role=Authenticated Update(status 0 method 0 role 16), reauth=1800 sec
<157>May 26 09:20:16 microsoft.event.ibm.lab MSWinEventLog	4	Security	60703	Fri May 26 09:20:16 2017	552	Security	NETWORK SERVICE	Well Known Group	Success Audit	rogueUser-5	Logon/Logoff		Logon attempt using explicit credentials: Logged on user:  User Name: NETWORK SERVICE  Domain: NT AUTHORITY  Logon ID: (0x0,0x1121481)  Logon GUID: -  User whose credentials were used:  Target User Name: rogueUser-5  Target Domain: us.ibm.com Target Logon GUID: -  Target Server Name: localhost  Target Server Info: localhost  Caller Process ID: 528164  Source Network Address: -  Source Port: - 	56794
<187>May 26 09:20:17 ['9.9.9.9'] httpd[16986]: [error] [client 51.18.44.104] Invalid URI in request \xf7vMKp`ET&\xa4\x9c\xc9\xec\xd1\xd8j\r\xce\xd9\xd4\xb3\c7
<54>May 26 09:20:19 SymantecServer symantec.endpoint.ibm.lab: CNC2PSY9D1,Allowed,Sysfer exception: .\RegParamEngine.cpp 1152 Failed to read value DeviceInstance from key \Registry\Machine\SYSTEM\CurrentControlSet\Control\DeviceClasses\{53f56307-b6bf-11d0-94f2-00a0c91efb8b}\##?#IDE#DiskWDC_WD800JD-75MSA3______________________10.01E04#5&,Sysfer exception,Begin: 2017-05-26 09:20:19,End: 2017-05-26 09:20:19,Rule: Sysfer exception,3592,C:/Program Files/Cisco Systems/CSAgent/bin/okclient.exe,0,,,User: rogueUser-1,Domain: US
<37>May 26 09:20:20 Message forwarded from aix.ibm.lab: su: from testuser-76 to root at /dev/pts/4
<187>May 26 09:20:22 ['9.9.9.9'] httpd[16986]: [error] [client 201.150.192.18] Invalid URI in request \xf7vMKp`ET&\xa4\x9c\xc9\xec\xd1\xd8j\r\xce\xd9\xd4\xb3\c7
<157>May 26 09:20:24 microsoft.event.ibm.lab MSWinEventLog	4	Security	60703	Fri May 26 09:20:24 2017	552	Security	NETWORK SERVICE	Well Known Group	Success Audit	testuser-67	Logon/Logoff		Logon attempt using explicit credentials: Logged on user:  User Name: NETWORK SERVICE  Domain: NT AUTHORITY  Logon ID: (0x0,0x1100401)  Logon GUID: -  User whose credentials were used:  Target User Name: testuser-67  Target Domain: us.ibm.com Target Logon GUID: -  Target Server Name: localhost  Target Server Info: localhost  Caller Process ID: 892035  Source Network Address: -  Source Port: - 	56794
<129>May 26 09:20:25 barracuda.firewall.ibm.lab WF ALER METACHARACTER_IN_PARAMETER 79.186.10.120 59613 86.42.73.36 443 security-policy GLOBAL DENY NONE [token="%00 " Parameter="article" value="../../../../../../../../etc/passwd"] GET 86.42.73.36/talkback.cgi?article=../../../../../../../../etc/passwd%00&action=view&matchview=1 HTTPS "-" ""-"" 86.42.73.36 59613 "-" "-"
<129>May 26 09:20:27 barracuda.firewall.ibm.lab WF ALER METHOD_NOT_ALLOWED 165.11.95.213 50455 40.126.128.159 80 security-policy GLOBAL DENY NONE [Method="ABCD"] ABCD 40.126.128.159/ HTTP "-" ""-"" 40.126.128.159 48536 "-" "-"
<27>May 26 09:20:28 ambiron.ipangel.ibm.lab ipangel-ips: [2017-05-26 09:20:28-05] alert [Priority: 9] [119:2:1] [(http_inspect) DOUBLE DECODING ATTACK] 15.83.16.235:54853 TCP 216.234.206.8:80 br0
<13>May 26 09:20:30 microsoft.sec.ibm.lab AgentDevice=WindowsLog	AgentLogFile=Security	Source=Security	Computer=COMP-testuser-1	User=testuser-1	Domain=	EventID=673	EventIDCode=673	EventType=8	EventCategory=9	RecordNumber=168902	TimeGenerated=1495804830	TimeWritten=1495804830	Message=Service Ticket Request:  User Name: testuser-1@us.ibm.com User Domain: us.ibm.com Service Name: MAIL$  Service ID: %{S-3-2-1-8A43F6} Ticket Options:  0x40810000   Ticket Encryption Type: 0x17 Client Address: 44.111.228.125 Failure Code: - LogonGUID: {8A43F6-f005ba11-ba5eba11} Transited Services: - 
<129>May 26 09:20:31 barracuda.firewall.ibm.lab WF ALER CROSS_SITE_SCRIPTING_IN_PARAM 56.219.18.103 58311 160.13.238.213 443 security-policy GLOBAL DENY NONE [type="cross-site-scripting" pattern="script-tag" token="<script>" Parameter="url" value="<script>alert(5341)</script>"] GET 160.13.238.213/redirect.asp?url=<script>alert(5341)</script> HTTPS "-" ""-"" 160.13.238.213 59845 "-" "-"
<33>May 26 09:20:33 threecom.switch.ibm.lab %May 26 09:20:33 2017 S9500 RTA/3/Failed to get user traffic: Failed to get traffic of user 201.150.192.18 on board 6
<33>May 26 09:20:34 threecom.switch.ibm.lab %May 26 09:20:34 2017 S9500 RTA/3/Failed to get user traffic: Failed to get traffic of user 20.135.51.253 on board 6
<33>May 26 09:20:36 threecom.switch.ibm.lab %May 26 09:20:36 2017 S9500 VTY/5/VTY_LOG:  TELNET user failed to login from 137.38.197.140(000D-88F6-60E0) on VTY0.
<189>May 26 09:20:38 ['9.9.9.9'] authmgr[504]: <NOTI> login <00:1c:bf:ca:2b:98  179.174.48.208 testuser-79>method=802.1x, server=TEST001, role=Authenticated Update(status 0 method 0 role 16), reauth=1800 sec
<190>May 26 09:20:39 arbor.pravail.ibm.lab pravail-aps: Blocked Host: Blocked host 179.174.48.208 10:53 by TCP Connection Reset using TCP/64398 (Unknown) destination 27.148.66.204 source port 443,URL: https://arbornetworks.pravail.test.com/chaos/
<189>May 26 09:20:41 ['9.9.9.9'] authmgr[504]: <NOTI> login <00:1c:bf:ca:2b:98  83.87.204.105 testuser-69>method=802.1x, server=TEST001, role=Authenticated Update(status 0 method 0 role 16), reauth=1800 sec
<190>May 26 09:20:42 arbor.pravail.ibm.lab pravail-aps: Blocked Host: Blocked host 165.11.95.213 at 10:52 by Invalid Packets using TCP/0 (Unknown) destination 23.232.12.92,URL: https://arbornetworks.pravail.test.com/chaos/
<157>May 26 09:20:44 microsoft.event.ibm.lab MSWinEventLog	4	Security	60703	Fri May 26 09:20:44 2017	552	Security	NETWORK SERVICE	Well Known Group	Success Audit	testuser-47	Logon/Logoff		Logon attempt using explicit credentials: Logged on user:  User Name: NETWORK SERVICE  Domain: NT AUTHORITY  Logon ID: (0x0,0x1096209)  Logon GUID: -  User whose credentials were used:  Target User Name: testuser-47  Target Domain: us.ibm.com Target Logon GUID: -  Target Server Name: localhost  Target Server Info: localhost  Caller Process ID: 71490  Source Network Address: -  Source Port: - 	56794
<54>May 26 09:20:45 SymantecServer symantec.endpoint.ibm.lab: DCA-EMAPROJ2,Allowed,"C:\Program Files\Common Files\Symantec Shared\ccSvcHst.exe",,Begin: 2017-05-26 09:20:45,End:2017-05-26 09:20:45,Rule: ,2528,C:/Program Files/Microsoft Virtual Server/vmh.exe,0,,C:/ProgramFiles/Common Files/Symantec Shared/ccSvcHst.exe,User: testuser-75,Domain: US
<33>May 26 09:20:47 threecom.switch.ibm.lab %May 26 09:20:47 2017 S9500 RTA/3/Failed to get user traffic: Failed to get traffic of user 30.90.182.58 on board 6
<38>May 26 09:20:49 sshd[543676]: Invalid user testuser-23 from 125.83.117.185
<182>May 26 09:20:50 apache.httpd.ibm.lab httpd: 218.111.178.29 19.138.6.233 - - [26/May/2017:09:20:50 -0500] "HEAD / HTTP/1.1" 200 443 -
<129>May 26 09:20:52 barracuda.firewall.ibm.lab WF ALER SLASH_DOT_IN_URL 136.38.97.190 56415 36.59.123.181 443 security-policy GLOBAL DENY NONE ["-"] GET 36.59.123.181/themes/default/css/.htaccess HTTPS "-" ""-"" 36.59.123.181 44428 "-" "-"
<83>May 26 09:20:53 apple.macosx.ibm.lab sshd[5590]: error: PAM: Authentication failure for illegal user testuser-19 from 47.12.249.244<179>May 26 09:20:55 apache.httpd.ibm.lab httpd[5570]: [ID 702911 local6.error] [error] [client 79.186.10.120] Certificate Verification: Error (10): certificate has expired
<54>May 26 09:20:56 SymantecServer symantec.endpoint.ibm.lab: Commercial application detected,Computer name: COMP-1121481,Detection type: Commercial,Application name: DameWare Development DWRCS,Application type: Remote Control,Application version: 5\~ 5\~ 0\~ 0,Hash type: SHA-1,Application hash: 4670d9eeeab7449788be3b18e9364ef0088b900e,Company name: DameWare Development LLC,File size (bytes): 208896,Sensitivity: 0,Detection score: 1,Submission recommendation: 0,Permitted application reason: 0,Source: Heuristic Scan,Risk name:  ,Occurrences: 1,DWMRCS,"DWMRCS",Actual action: Left alone,Requested action: Left alone,Secondary action: Commercial application detection,Event time: 2017-05-26 09:20:56,Inserted: 2017-05-26 09:20:56,End: 2017-05-26 09:20:56,Domain: Default,Group: My Company	est,Server: testbox,User: rogueUser-5,Source computer:  ,Source IP: 0.0.0.0
<25>May 26 09:20:58 ambiron.ipangel.ibm.lab ipangel-ips: [2017-05-26 09:20:58-05] alert [Priority: 9] [116:46:1] [(snort_decoder) WARNING: TCP Data Offset is less than 5!] 30.90.182.58:64640 TCP 17.33.186.179:80 br0
<129>May 26 09:21:00 barracuda.firewall.ibm.lab WF ALER CROSS_SITE_SCRIPTING_IN_URL 9.135.38.229 64565 63.43.110.30 80 security-policy GLOBAL DENY NONE [type="cross-site-scripting" pattern="script-tag" token="<script>"] GET 63.43.110.30/<script>alert(53416)</script> HTTP "-" ""-"" 63.43.110.30 48541 "-" "-"
<187>May 26 09:21:01 ['9.9.9.9'] httpd[16986]: [error] [client 15.83.16.235] Invalid URI in request \xf7vMKp`ET&\xa4\x9c\xc9\xec\xd1\xd8j\r\xce\xd9\xd4\xb3\c7
<86>May 26 09:21:03 apple.macosx.ibm.lab sshd[5590]: Failed password for invalid user testuser-96 from 182.96.142.204 port 57820 ssh2
<13>May 26 09:21:04 microsoft.sec.ibm.lab AgentDevice=WindowsLog	AgentLogFile=Security	Source=Security	Computer=COMP-rogueUser-3	User=rogueUser-3	Domain=	EventID=529	EventIDCode=529	EventType=16	EventCategory=2	RecordNumber=226789	TimeGenerated=1495804864	TimeWritten=1495804864	Message=Successful Network Logon: User Name: Domain: Logon ID: (0x0,0x1117249) Logon Type: 3 Logon Process: NtLmSsp Authentication Package: NTLM Workstation Name: COMP-rogueUser-3 Logon GUID: - Caller User Name: - Caller Domain: - Caller Logon ID: - Caller Process ID: - Transited Services: - Source Network Address: 20.135.51.253 Source Port: 0
<86>May 26 09:21:06 apple.macosx.ibm.lab com.apple.SecurityServer: uid 118273 succeeded authenticating as user admin (uid 501) for right system.install.root.user.
<50>May 26 09:21:07 SymantecServer symantec.endpoint.ibm.lab: testbox-xyz,[SID: 70025] Web Attack: Blackhole Exploit Toolkit 2 attack blocked. Traffic has been blocked for this application: C:\Program Files\Internet Explorer\iexplore.exe,Local: 0.0.0.0,Local: 000000000000,Remote: ,Remote: 0.0.0.0,Remote: 000000000000,Inbound,OTHERS,,Begin: 2017-05-26 09:21:07,End: 2017-05-26 09:21:07,Occurrences: 1,Application: C:/Program Files/Internet Explorer/iexplore.exe,Location: Default,User: testuser-50,Domain: SIMON,!ExternalLoggingTask.localport! 0,!ExternalLoggingTask.remoteport! 0,!ExternalLoggingTask.cidssignid! 70025,!ExternalLoggingTask.strcidssignid! Web Attack: Blackhole Exploit Toolkit 2,!ExternalLoggingTask.cidssignsubid! 0,!ExternalLoggingTask.intrusionurl! http://pppptttt.blah.net/links/came_broadcasting_taking-various.php,!ExternalLoggingTask.intrusionpayloadurl!
<190>May 26 09:21:09 arbor.pravail.ibm.lab pravail-aps: Blocked Host: Blocked host 125.83.117.185 10:53 by TCP Connection Reset using TCP/49667 (Unknown) destination 114.108.90.167 source port 443,URL: https://arbornetworks.pravail.test.com/chaos/
<182>May 26 09:21:10 apache.httpd.ibm.lab httpd: 79.186.10.120 5.148.220.173 - - [26/May/2017:09:21:10 -0500] "HEAD / HTTP/1.1" 200 443 -
<187>May 26 09:21:12 ['9.9.9.9'] httpd[16986]: [error] [client 213.39.172.85] Invalid URI in request \xf7vMKp`ET&\xa4\x9c\xc9\xec\xd1\xd8j\r\xce\xd9\xd4\xb3\c7
<182>May 26 09:21:14 apache.httpd.ibm.lab httpd: 154.102.244.170 114.246.158.57 - - [26/May/2017:09:21:14 -0500] "POST /test.php?doing_test=123 HTTP/1.0" 404 80 282
<54>May 26 09:21:15 SymantecServer symantec.endpoint.ibm.lab: testbox-abc,[SID: 21590] P2P Edonkey Ping Message detected.  Traffic has been allowed from this application: C:\Program Files\easyMule\emule.exe,Local: 128.234.158.118,Local: 00218696B978,Remote: ,Remote: 64.226.100.64,Remote: 000000000000,Outbound,OTHERS,Intrusion ID: 0,Begin: 2017-05-26 09:21:15,End: 2017-05-26 09:21:15,Occurrences: 1,Application: C:/Program Files/easyMule/emule.exe,Location: Default,User: rogueUser-4,Domain: us.ibm.com
<54>May 26 09:21:17 SymantecServer symantec.endpoint.ibm.lab: CNC2PSY9D1,Allowed,Sysfer exception: .\RegParamEngine.cpp 1152 Failed to read value DeviceInstance from key \Registry\Machine\SYSTEM\CurrentControlSet\Control\DeviceClasses\{53f56307-b6bf-11d0-94f2-00a0c91efb8b}\##?#IDE#DiskWDC_WD800JD-75MSA3______________________10.01E04#5&,Sysfer exception,Begin: 2017-05-26 09:21:17,End: 2017-05-26 09:21:17,Rule: Sysfer exception,3592,C:/Program Files/Cisco Systems/CSAgent/bin/okclient.exe,0,,,User: testuser-6,Domain: US
<86>May 26 09:21:18 apple.macosx.ibm.lab sshd[5590]: Failed password for invalid user testuser-68 from 212.2.111.4 port 49301 ssh2
<157>May 26 09:21:20 microsoft.event.ibm.lab MSWinEventLog	4	Security	60703	Fri May 26 09:21:20 2017	552	Security	NETWORK SERVICE	Well Known Group	Success Audit	testuser-58	Logon/Logoff		Logon attempt using explicit credentials: Logged on user:  User Name: NETWORK SERVICE  Domain: NT AUTHORITY  Logon ID: (0x0,0x1100401)  Logon GUID: -  User whose credentials were used:  Target User Name: testuser-58  Target Domain: us.ibm.com Target Logon GUID: -  Target Server Name: localhost  Target Server Info: localhost  Caller Process ID: 96571  Source Network Address: -  Source Port: - 	56794
<33>May 26 09:21:21 threecom.switch.ibm.lab %May 26 09:21:21 2017 S9500 RTA/3/Failed to start accounting: Failed to start traffic accounting for user 30.90.182.58 on board 6
<129>May 26 09:21:23 barracuda.firewall.ibm.lab WF ALER CROSS_SITE_SCRIPTING_IN_URL 167.227.124.53 61623 84.220.118.77 80 security-policy GLOBAL DENY NONE [type="cross-site-scripting" pattern="script-tag" token="<script>"] GET 84.220.118.77/<script>alert(53416)</script> HTTP "-" ""-"" 84.220.118.77 48541 "-" "-"
<13>May 26 09:21:25 microsoft.sec.ibm.lab AgentDevice=WindowsLog	AgentLogFile=Security	Source=Security	Computer=COMP-rogueUser-4	User=rogueUser-4	Domain=	EventID=675	EventIDCode=675	EventType=16	EventCategory=9	RecordNumber=84915	TimeGenerated=1495804885	TimeWritten=1495804885	Message=Pre-authentication failed: User Name: rogueUser-4 User ID: %{S-1-2-3-1119364} Service Name: krbtgt Pre-Authentication Type: 0x2 Failure Code: 0x18 Client Address: 223.129.102.210 
<86>May 26 09:21:26 apple.macosx.ibm.lab com.apple.SecurityServer: uid 101425 succeeded authenticating as user admin (uid 501) for right system.install.root.user.
<54>May 26 09:21:28 SymantecServer symantec.endpoint.ibm.lab: CNC2PSY9D1,Allowed,Sysfer exception: .\RegParamEngine.cpp 1152 Failed to read value DeviceInstance from key \Registry\Machine\SYSTEM\CurrentControlSet\Control\DeviceClasses\{53f56307-b6bf-11d0-94f2-00a0c91efb8b}\##?#IDE#DiskWDC_WD800JD-75MSA3______________________10.01E04#5&,Sysfer exception,Begin: 2017-05-26 09:21:28,End: 2017-05-26 09:21:28,Rule: Sysfer exception,3592,C:/Program Files/Cisco Systems/CSAgent/bin/okclient.exe,0,,,User: testuser-8,Domain: US
<27>May 26 09:21:29 ambiron.ipangel.ibm.lab ipangel-ips: [2017-05-26 09:21:29-05] alert [Priority: 9] [119:2:1] [(http_inspect) DOUBLE DECODING ATTACK] 83.87.204.105:55926 TCP 147.35.249.171:80 br0
<133>May 26 09:21:31 microsoft.event.ibm.lab MSWinEventLog 1 Security 102757633 Fri May 26 09:21:31 2017 4907 Microsoft-Windows-Security-Auditing N/A N/A Success Audit testuser-53 Audit Policy Change Auditing settings on object were changed. Subject: Security ID: S-1-5-18 Account Name: testuser-53 Account Domain: us.ibm.com Logon ID: 0x1089936 Object: Object Server: Security Object Type: File Object Name: \Windows\winsxs\test.wav Handle ID: 0x3a8 Process Information: Process ID: 0x69F383 Process Name: C:\Windows\System32\wbengine.exe Auditing Settings: Original Security Descriptor: S:AI(AU;A;;WD) New Security Descriptor: S:ARAI(AU;SAFA;;;;WD)(AU;IDFA;B;;;WD) 713540
<190>May 26 09:21:32 arbor.pravail.ibm.lab pravail-aps: Blocked Host: Blocked host 136.38.97.190 at 10:52 by Invalid Packets using TCP/0 (Unknown) destination 122.70.243.188,URL: https://arbornetworks.pravail.test.com/chaos/
<182>May 26 09:21:34 apache.httpd.ibm.lab httpd: 147.198.103.40 160.162.195.71 - - [26/May/2017:09:21:34 -0500] "CONNECT 10.35.79.71:443 HTTP/1.1" 405 443 297
<29>May 26 09:21:36 Message forwarded from aix.ibm.lab: telnetd[16306014090276]: telnet from ::ffff:201.150.192.18 on /dev/pts/1
<129>May 26 09:21:37 barracuda.firewall.ibm.lab WF ALER CROSS_SITE_SCRIPTING_IN_PARAM 218.111.178.29 50680 124.226.91.62 443 security-policy GLOBAL DENY NONE [type="cross-site-scripting" pattern="script-tag" token="<script>" Parameter="url" value="<script>alert(5341)</script>"] GET 124.226.91.62/redirect.asp?url=<script>alert(5341)</script> HTTPS "-" ""-"" 124.226.91.62 59845 "-" "-"
<25>May 26 09:21:39 ambiron.ipangel.ibm.lab ipangel-ips: [2017-05-26 09:21:39-05] alert [Priority: 9] [116:46:1] [(snort_decoder) WARNING: TCP Data Offset is less than 5!] 165.11.95.213:52883 TCP 182.124.249.197:80 br0
<26>May 26 09:21:40 ambiron.ipangel.ibm.lab ipangel-ips: [2017-05-26 09:21:40-05] alert [Priority: 9] [119:14:1] [(http_inspect) NON-RFC DEFINED CHAR] 165.11.95.213:58275 TCP 71.89.209.230:80 br0
<133>May 26 09:21:42 microsoft.event.ibm.lab MSWinEventLog 1 Security 102757633 Fri May 26 09:21:42 2017 4907 Microsoft-Windows-Security-Auditing N/A N/A Success Audit testuser-28 Audit Policy Change Auditing settings on object were changed. Subject: Security ID: S-1-5-18 Account Name: testuser-28 Account Domain: us.ibm.com Logon ID: 0x1094116 Object: Object Server: Security Object Type: File Object Name: \Windows\winsxs\test.wav Handle ID: 0x3a8 Process Information: Process ID: 0x789343 Process Name: C:\Windows\System32\wbengine.exe Auditing Settings: Original Security Descriptor: S:AI(AU;A;;WD) New Security Descriptor: S:ARAI(AU;SAFA;;;;WD)(AU;IDFA;B;;;WD) 993967
<157>May 26 09:21:43 microsoft.event.ibm.lab MSWinEventLog	4	Security	60703	Fri May 26 09:21:43 2017	552	Security	NETWORK SERVICE	Well Known Group	Success Audit	testuser-10	Logon/Logoff		Logon attempt using explicit credentials: Logged on user:  User Name: NETWORK SERVICE  Domain: NT AUTHORITY  Logon ID: (0x0,0x1075369)  Logon GUID: -  User whose credentials were used:  Target User Name: testuser-10  Target Domain: us.ibm.com Target Logon GUID: -  Target Server Name: localhost  Target Server Info: localhost  Caller Process ID: 841121  Source Network Address: -  Source Port: - 	56794
