<29>May 26 08:57:17 Message forwarded from aix.ibm.lab: telnetd[14565844090276]: telnet from ::ffff:202.207.224.25 on /dev/pts/1
<190>May 26 08:57:18 arbor.pravail.ibm.lab pravail-aps: Blocked Host: Blocked host 165.11.95.213 at 10:52 by Invalid Packets using TCP/0 (Unknown) destination 193.207.216.136,URL: https://arbornetworks.pravail.test.com/chaos/
<86>May 26 08:57:20 apple.macosx.ibm.lab sshd[5590]: Failed password for invalid user testuser-76 from 216.66.231.61 port 55242 ssh2
<190>May 26 08:57:21 arbor.pravail.ibm.lab pravail-aps: Blocked Host: Blocked host 137.38.197.140 at 10:52 by Invalid Packets using TCP/0 (Unknown) destination 45.13.157.196,URL: https://arbornetworks.pravail.test.com/chaos/
<13>May 26 08:57:23 microsoft.sec.ibm.lab AgentDevice=WindowsLog	AgentLogFile=Security	Source=Security	Computer=COMP-testuser-81	User=testuser-81	Domain=	EventID=672	EventIDCode=672	EventType=8	EventCategory=9	RecordNumber=681497	TimeGenerated=1495803443	TimeWritten=1495803443	Message=Authentication Ticket Request: User Name: testuser-81 Supplied Realm Name: us.ibm.com User ID: %{S-1-2-3-1092025} Service Name: krbtgt Service ID: %{S-3-2-1-7575E2} Ticket Options: 0x40810010 Result Code: - Ticket Encryption Type: 0x17 Pre-Authentication Type: 2 Client Address: 35.65.191.124 Certificate Issuer Name:  Certificate Serial Number:  Certificate Thumbprint: 
<157>May 26 08:57:25 microsoft.event.ibm.lab MSWinEventLog	4	Security	60703	Fri May 26 08:57:25 2017	552	Security	NETWORK SERVICE	Well Known Group	Success Audit	testuser-32	Logon/Logoff		Logon attempt using explicit credentials: Logged on user:  User Name: NETWORK SERVICE  Domain: NT AUTHORITY  Logon ID: (0x0,0x1083681)  Logon GUID: -  User whose credentials were used:  Target User Name: testuser-32  Target Domain: us.ibm.com Target Logon GUID: -  Target Server Name: localhost  Target Server Info: localhost  Caller Process ID: 28713  Source Network Address: -  Source Port: - 	56794
<54>May 26 08:57:26 SymantecServer symantec.endpoint.ibm.lab: Security risk found,Computer name: COMP-1083681,Source: Scheduled Scan,Risk name: VirusDoctor,Occurrences: 1,c:/System Volume Information/_restore{A3F5C2A3-F289-4356-B021-1FEFEFB73CBD}/RP243/A0070465.exe,"",Actual action: Quarantined,Requested action: Quarantined,Secondary action: Left alone,Event time: 2017-05-26 08:57:26,Inserted:2017-05-26 08:57:26,End: 2017-05-26 08:57:26,Domain: Default,Group: My Company	est,Server: avp1,User: testuser-14,Source computer:  ,Source IP: 0.0.0.0
<54>May 26 08:57:28 SymantecServer symantec.endpoint.ibm.lab: Security risk found,Computer name: COMP-1083681,Source: Scheduled Scan,Risk name: VirusDoctor,Occurrences: 1,c:/System Volume Information/_restore{A3F5C2A3-F289-4356-B021-1FEFEFB73CBD}/RP243/A0070465.exe,"",Actual action: Quarantined,Requested action: Quarantined,Secondary action: Left alone,Event time: 2017-05-26 08:57:28,Inserted:2017-05-26 08:57:28,End: 2017-05-26 08:57:28,Domain: Default,Group: My Company	est,Server: avp1,User: testuser-23,Source computer:  ,Source IP: 0.0.0.0
<38>May 26 08:57:29 syslog: ssh: failed login attempt for testuser-58 from 120.171.20.155
<133>May 26 08:57:31 microsoft.event.ibm.lab MSWinEventLog 1 Security 102757633 Fri May 26 08:57:31 2017 4907 Microsoft-Windows-Security-Auditing N/A N/A Success Audit testuser-100 Audit Policy Change Auditing settings on object were changed. Subject: Security ID: S-1-5-18 Account Name: testuser-100 Account Domain: us.ibm.com Logon ID: 0x1177225 Object: Object Server: Security Object Type: File Object Name: \Windows\winsxs\test.wav Handle ID: 0x3a8 Process Information: Process ID: 0x9BDA77 Process Name: C:\Windows\System32\wbengine.exe Auditing Settings: Original Security Descriptor: S:AI(AU;A;;WD) New Security Descriptor: S:ARAI(AU;SAFA;;;;WD)(AU;IDFA;B;;;WD) 224990
<33>May 26 08:57:32 threecom.switch.ibm.lab %May 26 08:57:32 2017 S9500 RTA/3/Failed to start accounting: Failed to start traffic accounting for user 113.146.67.20 on board 6
<54>May 26 08:57:34 SymantecServer symantec.endpoint.ibm.lab: DCA-EMAPROJ2,Allowed,"C:\Program Files\Common Files\Symantec Shared\ccSvcHst.exe",,Begin: 2017-05-26 08:57:34,End:2017-05-26 08:57:34,Rule: ,2528,C:/Program Files/Microsoft Virtual Server/vmh.exe,0,,C:/ProgramFiles/Common Files/Symantec Shared/ccSvcHst.exe,User: testuser-45,Domain: US
<187>May 26 08:57:36 ['9.9.9.9'] httpd[16986]: [error] [client 165.11.95.213] Invalid URI in request \xf7vMKp`ET&\xa4\x9c\xc9\xec\xd1\xd8j\r\xce\xd9\xd4\xb3\c7
<129>May 26 08:57:37 barracuda.firewall.ibm.lab WF ALER METACHARACTER_IN_PARAMETER 218.111.178.29 58607 119.236.97.221 443 security-policy GLOBAL DENY NONE [token="%00 " Parameter="article" value="../../../../../../../../etc/passwd"] GET 119.236.97.221/talkback.cgi?article=../../../../../../../../etc/passwd%00&action=view&matchview=1 HTTPS "-" ""-"" 119.236.97.221 58607 "-" "-"
<86>May 26 08:57:39 apple.macosx.ibm.lab com.apple.SecurityServer: authinternal authenticated user testuser-85 (uid 101425).
<190>May 26 08:57:40 arbor.pravail.ibm.lab pravail-aps: Blocked Host: Blocked host 136.38.97.190 at 10:53 by Malformed HTTP Filtering using TCP/80 (HTTP) destination 104.254.44.181 source port 49259,URL: https://arbornetworks.pravail.test.com/chaos/
<26>May 26 08:57:42 ambiron.ipangel.ibm.lab ipangel-ips: [2017-05-26 08:57:42-05] alert [Priority: 9] [119:14:1] [(http_inspect) NON-RFC DEFINED CHAR] 83.87.204.105:55860 TCP 86.219.27.243:80 br0
<83>May 26 08:57:43 apple.macosx.ibm.lab sshd[5590]: error: PAM: Authentication failure for illegal user testuser-37 from 97.238.153.140<149>May 26 08:57:45 apple.macosx.ibm.lab sudo:    testuser-79 : TTY=ttyp1 ; PWD=/Users/admin ; USER=admin ;COMMAND=/bin/bash
<54>May 26 08:57:46 SymantecServer symantec.endpoint.ibm.lab: testbox-abc,[SID: 21590] P2P Edonkey Ping Message detected.  Traffic has been allowed from this application: C:\Program Files\easyMule\emule.exe,Local: 51.18.44.104,Local: 00218696B978,Remote: ,Remote: 94.40.57.242,Remote: 000000000000,Outbound,OTHERS,Intrusion ID: 0,Begin: 2017-05-26 08:57:46,End: 2017-05-26 08:57:46,Occurrences: 1,Application: C:/Program Files/easyMule/emule.exe,Location: Default,User: testuser-13,Domain: us.ibm.com
<54>May 26 08:57:48 SymantecServer symantec.endpoint.ibm.lab: Potential risk found,Computer name: COMP-1087849,Detection type: Heuristic,Application name: (Unknown),Application type: Trojan Worm,Application version: ,Hash type: SHA-1,Application hash: 72c874f212a18944ff56f774bfe7252346b93f8e,Company name: ,File size (bytes): 301568,Sensitivity: 0,Detection score: 40,Submission recommendation:1,Permitted application reason: 0,Source: Heuristic Scan,Risk name: ,Occurrences: 1,c:\claims\claims32.exe,"",Actual action: Left alone,Requested action: Left alone,Secondary action: Left alone,Event time: 2017-05-26 08:57:48,Inserted:2017-05-26 08:57:48,End:  2017-05-26 08:57:48,Domain: Default,Group: My Company\LTC\Desktops,Server: crasesssmc01,User: testuser-25,Source computer: ,Source IP: 0.0.0.0
<190>May 26 08:57:50 arbor.pravail.ibm.lab pravail-aps: Blocked Host: Blocked host 136.38.97.190 10:53 by TCP Connection Reset using TCP/59921 (Unknown) destination 28.136.59.145 source port 443,URL: https://arbornetworks.pravail.test.com/chaos/
<190>May 26 08:57:51 arbor.pravail.ibm.lab pravail-aps: Blocked Host: Blocked host 30.90.182.58 at 10:52 by Invalid Packets using TCP/0 (Unknown) destination 70.159.219.210,URL: https://arbornetworks.pravail.test.com/chaos/
<190>May 26 08:57:53 arbor.pravail.ibm.lab pravail-aps: Blocked Host: Blocked host 56.219.18.103 at 10:52 by Invalid Packets using TCP/0 (Unknown) destination 23.22.204.165,URL: https://arbornetworks.pravail.test.com/chaos/
<187>May 26 08:57:54 ['9.9.9.9'] httpd[16986]: [error] [client 33.195.94.29] Invalid URI in request \xf7vMKp`ET&\xa4\x9c\xc9\xec\xd1\xd8j\r\xce\xd9\xd4\xb3\c7
<38>May 26 08:57:56 syslog: ssh: failed login attempt for testuser-84 from 30.90.182.58
<26>May 26 08:57:57 ambiron.ipangel.ibm.lab ipangel-ips: [2017-05-26 08:57:57-05] alert [Priority: 9] [119:14:1] [(http_inspect) NON-RFC DEFINED CHAR] 136.38.97.190:54693 TCP 114.76.50.77:80 br0
<190>May 26 08:57:59 arbor.pravail.ibm.lab pravail-aps: Blocked Host: Blocked host 136.38.97.190 10:53 by TCP Connection Reset using TCP/49642 (Unknown) destination 8.33.252.4 source port 443,URL: https://arbornetworks.pravail.test.com/chaos/
<133>May 26 08:58:01 microsoft.event.ibm.lab MSWinEventLog 1 Security 102757633 Fri May 26 08:58:01 2017 4907 Microsoft-Windows-Security-Auditing N/A N/A Success Audit testuser-89 Audit Policy Change Auditing settings on object were changed. Subject: Security ID: S-1-5-18 Account Name: testuser-89 Account Domain: us.ibm.com Logon ID: 0x1108809 Object: Object Server: Security Object Type: File Object Name: \Windows\winsxs\test.wav Handle ID: 0x3a8 Process Information: Process ID: 0x5F9C7A Process Name: C:\Windows\System32\wbengine.exe Auditing Settings: Original Security Descriptor: S:AI(AU;A;;WD) New Security Descriptor: S:ARAI(AU;SAFA;;;;WD)(AU;IDFA;B;;;WD) 464083
<182>May 26 08:58:02 apache.httpd.ibm.lab httpd: 212.2.111.4 202.236.212.69 - - [26/May/2017:08:58:02 -0500] "POST /test.php?doing_test=123 HTTP/1.0" 404 80 282
<13>May 26 08:58:04 checkpoint.firewall.ibm.lab 26May2017  checkpoint.firewall.ibm.lab product: martDefense; src: 179.174.48.208; s_port: ; dst: 19.183.65.82; service: ; proto: udp; rule: ;Attack Info: Response packet too long, potential buffer overflow;Suppressed logs: 5;Total logs: 6;__policy_id_tag: product=VPN-1 & FireWall-1[db_tag={321A4EE6-7DEA-11DD-BFAA-C0A832822626};mgmt=fwmngt05;date=1220908070;policy_name=KillerWhale_gbl];alert: alert;attack: Invalid DNS;has_accounting: 0;i/f_dir: inbound;
<27>May 26 08:58:05 ambiron.ipangel.ibm.lab ipangel-ips: [2017-05-26 08:58:05-05] alert [Priority: 9] [119:2:1] [(http_inspect) DOUBLE DECODING ATTACK] 165.11.95.213:56916 TCP 181.248.129.174:80 br0
<133>May 26 08:58:07 microsoft.event.ibm.lab MSWinEventLog 1 Security 102757633 Fri May 26 08:58:07 2017 4907 Microsoft-Windows-Security-Auditing N/A N/A Success Audit testuser-9 Audit Policy Change Auditing settings on object were changed. Subject: Security ID: S-1-5-18 Account Name: testuser-9 Account Domain: us.ibm.com Logon ID: 0x994009 Object: Object Server: Security Object Type: File Object Name: \Windows\winsxs\test.wav Handle ID: 0x3a8 Process Information: Process ID: 0x4B81F4 Process Name: C:\Windows\System32\wbengine.exe Auditing Settings: Original Security Descriptor: S:AI(AU;A;;WD) New Security Descriptor: S:ARAI(AU;SAFA;;;;WD)(AU;IDFA;B;;;WD) 421534
<26>May 26 08:58:08 ambiron.ipangel.ibm.lab ipangel-ips: [2017-05-26 08:58:08-05] alert [Priority: 9] [119:14:1] [(http_inspect) NON-RFC DEFINED CHAR] 218.111.178.29:55611 TCP 77.148.94.134:80 br0
<13>May 26 08:58:10 microsoft.sec.ibm.lab AgentDevice=WindowsLog	AgentLogFile=Security	Source=Security	Computer=COMP-testuser-63	User=testuser-63	Domain=	EventID=540	EventIDCode=540	EventType=8	EventCategory=2	RecordNumber=91953	TimeGenerated=1495803490	TimeWritten=1495803490	Message=Successful Network Logon: User Name: Domain: Logon ID: (0x0,0x1092025) Logon Type: 3 Logon Process: NtLmSsp Authentication Package: NTLM Workstation Name: COMP-testuser-63 Logon GUID: - Caller User Name: - Caller Domain: - Caller Logon ID: - Caller Process ID: - Transited Services: - Source Network Address: 218.111.178.29 Source Port: 0
<129>May 26 08:58:12 barracuda.firewall.ibm.lab WF ALER SLASH_DOT_IN_URL 56.219.18.103 59151 115.72.115.223 443 security-policy GLOBAL DENY NONE ["-"] GET 115.72.115.223/themes/default/css/.htaccess HTTPS "-" ""-"" 115.72.115.223 44428 "-" "-"
<133>May 26 08:58:13 microsoft.event.ibm.lab MSWinEventLog 1 Security 102757633 Fri May 26 08:58:13 2017 4907 Microsoft-Windows-Security-Auditing N/A N/A Success Audit testuser-22 Audit Policy Change Auditing settings on object were changed. Subject: Security ID: S-1-5-18 Account Name: testuser-22 Account Domain: us.ibm.com Logon ID: 0x1081600 Object: Object Server: Security Object Type: File Object Name: \Windows\winsxs\test.wav Handle ID: 0x3a8 Process Information: Process ID: 0x1177E4 Process Name: C:\Windows\System32\wbengine.exe Auditing Settings: Original Security Descriptor: S:AI(AU;A;;WD) New Security Descriptor: S:ARAI(AU;SAFA;;;;WD)(AU;IDFA;B;;;WD) 542133
<27>May 26 08:58:15 ambiron.ipangel.ibm.lab ipangel-ips: [2017-05-26 08:58:15-05] alert [Priority: 9] [119:2:1] [(http_inspect) DOUBLE DECODING ATTACK] 212.2.111.4:52789 TCP 153.173.60.71:80 br0
<190>May 26 08:58:16 arbor.pravail.ibm.lab pravail-aps: Blocked Host: Blocked host 20.135.51.253 at 10:53 by Malformed HTTP Filtering using TCP/80 (HTTP) destination 211.254.17.140 source port 65084,URL: https://arbornetworks.pravail.test.com/chaos/
<28>May 26 08:58:18 Message forwarded from aix.ibm.lab: rshd[random_number_1_to_999999]: Failed rsh authentication from 56.219.18.103 for local user root via remote user testuser-61
<190>May 26 08:58:19 arbor.pravail.ibm.lab pravail-aps: Blocked Host: Blocked host 136.38.97.190 10:53 by TCP Connection Reset using TCP/59156 (Unknown) destination 180.191.24.233 source port 443,URL: https://arbornetworks.pravail.test.com/chaos/
<54>May 26 08:58:21 SymantecServer symantec.endpoint.ibm.lab: Commercial application detected,Computer name: COMP-1104601,Detection type: Commercial,Application name: DameWare Development DWRCS,Application type: Remote Control,Application version: 5\~ 5\~ 0\~ 0,Hash type: SHA-1,Application hash: 4670d9eeeab7449788be3b18e9364ef0088b900e,Company name: DameWare Development LLC,File size (bytes): 208896,Sensitivity: 0,Detection score: 1,Submission recommendation: 0,Permitted application reason: 0,Source: Heuristic Scan,Risk name:  ,Occurrences: 1,DWMRCS,"DWMRCS",Actual action: Left alone,Requested action: Left alone,Secondary action: Commercial application detection,Event time: 2017-05-26 08:58:21,Inserted: 2017-05-26 08:58:21,End: 2017-05-26 08:58:21,Domain: Default,Group: My Company	est,Server: testbox,User: testuser-96,Source computer:  ,Source IP: 0.0.0.0
<13>May 26 08:58:22 microsoft.sec.ibm.lab AgentDevice=WindowsLog	AgentLogFile=Security	Source=Security	Computer=COMP-testuser-44	User=testuser-44	Domain=	EventID=675	EventIDCode=675	EventType=16	EventCategory=9	RecordNumber=591309	TimeGenerated=1495803502	TimeWritten=1495803502	Message=Pre-authentication failed: User Name: testuser-44 User ID: %{S-1-2-3-1089936} Service Name: krbtgt Pre-Authentication Type: 0x2 Failure Code: 0x18 Client Address: 136.38.97.190 
<13>May 26 08:58:24 microsoft.sec.ibm.lab AgentDevice=WindowsLog	AgentLogFile=Security	Source=Security	Computer=COMP-testuser-70	User=testuser-70	Domain=	EventID=675	EventIDCode=675	EventType=16	EventCategory=9	RecordNumber=515248	TimeGenerated=1495803504	TimeWritten=1495803504	Message=Pre-authentication failed: User Name: testuser-70 User ID: %{S-1-2-3-1087849} Service Name: krbtgt Pre-Authentication Type: 0x2 Failure Code: 0x18 Client Address: 56.219.18.103 
<129>May 26 08:58:26 barracuda.firewall.ibm.lab WF ALER CROSS_SITE_SCRIPTING_IN_URL 129.171.84.29 64321 22.236.190.129 80 security-policy GLOBAL DENY NONE [type="cross-site-scripting" pattern="script-tag" token="<script>"] GET 22.236.190.129/<script>alert(53416)</script> HTTP "-" ""-"" 22.236.190.129 48541 "-" "-"
<13>May 26 08:58:27 microsoft.sec.ibm.lab AgentDevice=WindowsLog	AgentLogFile=Security	Source=Security	Computer=COMP-testuser-92	User=testuser-92	Domain=	EventID=680	EventIDCode=680	EventType=16	EventCategory=9	RecordNumber=260644	TimeGenerated=1495803507	TimeWritten=1495803507	Message=Logon attempt by: MICROSOFT_AUTHENTICATION_PACKAGE_V1_0 Logon account: testuser-92 Source Workstation: COMP-testuser-92 Error Code: 0x0 
<182>May 26 08:58:29 apache.httpd.ibm.lab httpd: 201.150.192.18 194.105.60.42 - - [26/May/2017:08:58:29 -0500] "CONNECT 10.35.79.71:443 HTTP/1.1" 405 443 297
<54>May 26 08:58:30 SymantecServer symantec.endpoint.ibm.lab: Commercial application detected,Computer name: COMP-1104601,Detection type: Commercial,Application name: DameWare Development DWRCS,Application type: Remote Control,Application version: 5\~ 5\~ 0\~ 0,Hash type: SHA-1,Application hash: 4670d9eeeab7449788be3b18e9364ef0088b900e,Company name: DameWare Development LLC,File size (bytes): 208896,Sensitivity: 0,Detection score: 1,Submission recommendation: 0,Permitted application reason: 0,Source: Heuristic Scan,Risk name:  ,Occurrences: 1,DWMRCS,"DWMRCS",Actual action: Left alone,Requested action: Left alone,Secondary action: Commercial application detection,Event time: 2017-05-26 08:58:30,Inserted: 2017-05-26 08:58:30,End: 2017-05-26 08:58:30,Domain: Default,Group: My Company	est,Server: testbox,User: testuser-96,Source computer:  ,Source IP: 0.0.0.0
<86>May 26 08:58:32 apple.macosx.ibm.lab com.apple.SecurityServer: authinternal authenticated user testuser-62 (uid 90960).
<190>May 26 08:58:33 arbor.pravail.ibm.lab pravail-aps: Blocked Host: Blocked host 202.207.224.25 at 10:52 by Invalid Packets using TCP/0 (Unknown) destination 93.50.230.19,URL: https://arbornetworks.pravail.test.com/chaos/
<187>May 26 08:58:35 ['9.9.9.9'] httpd[16986]: [error] [client 167.227.124.53] Invalid URI in request \xf7vMKp`ET&\xa4\x9c\xc9\xec\xd1\xd8j\r\xce\xd9\xd4\xb3\c7
<187>May 26 08:58:37 ['9.9.9.9'] httpd[16986]: [error] [client 125.83.117.185] Invalid URI in request \xf7vMKp`ET&\xa4\x9c\xc9\xec\xd1\xd8j\r\xce\xd9\xd4\xb3\c7
<190>May 26 08:58:38 arbor.pravail.ibm.lab pravail-aps: Blocked Host: Blocked host 189.6.147.68 10:53 by TCP Connection Reset using TCP/65242 (Unknown) destination 101.101.209.206 source port 443,URL: https://arbornetworks.pravail.test.com/chaos/
<33>May 26 08:58:40 threecom.switch.ibm.lab %May 26 08:58:40 2017 S9500 RTA/3/Failed to start accounting: Failed to start traffic accounting for user 136.38.97.190 on board 6
<54>May 26 08:58:41 SymantecServer symantec.endpoint.ibm.lab: Commercial application detected,Computer name: COMP-1089936,Detection type: Commercial,Application name: DameWare Development DWRCS,Application type: Remote Control,Application version: 5\~ 5\~ 0\~ 0,Hash type: SHA-1,Application hash: 4670d9eeeab7449788be3b18e9364ef0088b900e,Company name: DameWare Development LLC,File size (bytes): 208896,Sensitivity: 0,Detection score: 1,Submission recommendation: 0,Permitted application reason: 0,Source: Heuristic Scan,Risk name:  ,Occurrences: 1,DWMRCS,"DWMRCS",Actual action: Left alone,Requested action: Left alone,Secondary action: Commercial application detection,Event time: 2017-05-26 08:58:41,Inserted: 2017-05-26 08:58:41,End: 2017-05-26 08:58:41,Domain: Default,Group: My Company	est,Server: testbox,User: testuser-44,Source computer:  ,Source IP: 0.0.0.0
<25>May 26 08:58:43 apple.macosx.ibm.lab DirectoryService[51]: Failed Authentication return is being delayed due to over five recent auth failures for username: testuser-61.
<190>May 26 08:58:44 arbor.pravail.ibm.lab pravail-aps: Blocked Host: Blocked host 132.146.155.198 10:53 by TCP Connection Reset using TCP/64718 (Unknown) destination 173.207.141.218 source port 443,URL: https://arbornetworks.pravail.test.com/chaos/
<182>May 26 08:58:46 apache.httpd.ibm.lab httpd: 137.38.197.140 35.163.153.36 - - [26/May/2017:08:58:46 -0500] "OPTIONS /cgi-bin/index.php HTTP/1.1" 200 443 -
<27>May 26 08:58:48 ambiron.ipangel.ibm.lab ipangel-ips: [2017-05-26 08:58:48-05] alert [Priority: 9] [119:2:1] [(http_inspect) DOUBLE DECODING ATTACK] 79.186.10.120:50813 TCP 119.195.211.115:80 br0
<189>May 26 08:58:49 ['9.9.9.9'] authmgr[504]: <NOTI> login <00:1c:bf:ca:2b:98  83.87.204.105 testuser-69>method=802.1x, server=TEST001, role=Authenticated Update(status 0 method 0 role 16), reauth=1800 sec
<54>May 26 08:58:51 SymantecServer symantec.endpoint.ibm.lab: Security risk found,Computer name: COMP-1089936,Source: Scheduled Scan,Risk name: VirusDoctor,Occurrences: 1,c:/System Volume Information/_restore{A3F5C2A3-F289-4356-B021-1FEFEFB73CBD}/RP243/A0070465.exe,"",Actual action: Quarantined,Requested action: Quarantined,Secondary action: Left alone,Event time: 2017-05-26 08:58:51,Inserted:2017-05-26 08:58:51,End: 2017-05-26 08:58:51,Domain: Default,Group: My Company	est,Server: avp1,User: testuser-71,Source computer:  ,Source IP: 0.0.0.0
<25>May 26 08:58:52 ambiron.ipangel.ibm.lab ipangel-ips: [2017-05-26 08:58:52-05] alert [Priority: 9] [116:46:1] [(snort_decoder) WARNING: TCP Data Offset is less than 5!] 128.234.158.118:58644 TCP 221.210.225.64:80 br0
<129>May 26 08:58:54 barracuda.firewall.ibm.lab WF ALER CROSS_SITE_SCRIPTING_IN_PARAM 120.171.20.155 51615 81.65.74.66 443 security-policy GLOBAL DENY NONE [type="cross-site-scripting" pattern="script-tag" token="<script>" Parameter="url" value="<script>alert(5341)</script>"] GET 81.65.74.66/redirect.asp?url=<script>alert(5341)</script> HTTPS "-" ""-"" 81.65.74.66 59845 "-" "-"
<129>May 26 08:58:55 barracuda.firewall.ibm.lab WF ALER SLASH_DOT_IN_URL 51.18.44.104 59121 147.90.152.6 443 security-policy GLOBAL DENY NONE ["-"] GET 147.90.152.6/themes/default/css/.htaccess HTTPS "-" ""-"" 147.90.152.6 44428 "-" "-"
<187>May 26 08:58:57 ['9.9.9.9'] httpd[16986]: [error] [client 120.171.20.155] Invalid URI in request \xf7vMKp`ET&\xa4\x9c\xc9\xec\xd1\xd8j\r\xce\xd9\xd4\xb3\c7
<86>May 26 08:58:58 apple.macosx.ibm.lab sshd[5590]: Failed password for invalid user testuser-87 from 83.87.204.105 port 50042 ssh2
<190>May 26 08:59:00 arbor.pravail.ibm.lab pravail-aps: Blocked Host: Blocked host 136.38.97.190 at 10:53 by Malformed HTTP Filtering using TCP/80 (HTTP) destination 190.9.112.205 source port 57731,URL: https://arbornetworks.pravail.test.com/chaos/
<189>May 26 08:59:02 ['9.9.9.9'] authmgr[504]: <NOTI> login <00:1c:bf:ca:2b:98  132.146.155.198 testuser-11>method=802.1x, server=TEST001, role=Authenticated Update(status 0 method 0 role 16), reauth=1800 sec
<83>May 26 08:59:03 apple.macosx.ibm.lab com.apple.SecurityServer: authinternal failed to authenticate user testuser-16.
<13>May 26 08:59:05 checkpoint.firewall.ibm.lab 26May2017  checkpoint.firewall.ibm.lab product: SmartDefense; src: 120.171.20.155; s_port: ; dst: 187.184.40.193; service: ; proto: icmp; rule: ;Attack Info: Echo request too big;Suppressed logs: 1;Total logs: 2;__policy_id_tag: product=VPN-1 & FireWall-1[db_tag={B5A7057E-7F61-11DD-AA43-C0A832D12424};mgmt=fwmngt-zentral;date=1221069352;policy_name=Spider_gbl];alert: alert;attack: Large ping;has_accounting: 0;i/f_dir: inbound;
<26>May 26 08:59:06 ambiron.ipangel.ibm.lab ipangel-ips: [2017-05-26 08:59:06-05] alert [Priority: 9] [119:14:1] [(http_inspect) NON-RFC DEFINED CHAR] 51.18.44.104:57545 TCP 24.101.127.106:80 br0
<189>May 26 08:59:08 ['9.9.9.9'] authmgr[504]: <NOTI> login <00:1c:bf:ca:2b:98  15.83.16.235 rogueUser-5>method=802.1x, server=TEST001, role=Authenticated Update(status 0 method 0 role 16), reauth=1800 sec
<190>May 26 08:59:09 arbor.pravail.ibm.lab pravail-aps: Blocked Host: Blocked host 132.146.155.198 10:53 by TCP Connection Reset using TCP/57660 (Unknown) destination 162.29.204.14 source port 443,URL: https://arbornetworks.pravail.test.com/chaos/
<86>May 26 08:59:11 apple.macosx.ibm.lab com.apple.SecurityServer: uid 987073 succeeded authenticating as user admin (uid 501) for right system.install.root.user.
<13>May 26 08:59:13 checkpoint.firewall.ibm.lab 26May2017  checkpoint.firewall.ibm.lab product: SmartDefense; src: 147.198.103.40; s_port: ; dst: 11.10.192.173; service: ; proto: icmp; rule: ;Attack Info: Echo request too big;Suppressed logs: 1;Total logs: 2;__policy_id_tag: product=VPN-1 & FireWall-1[db_tag={B5A7057E-7F61-11DD-AA43-C0A832D12424};mgmt=fwmngt-zentral;date=1221069352;policy_name=Spider_gbl];alert: alert;attack: Large ping;has_accounting: 0;i/f_dir: inbound;
<182>May 26 08:59:14 apache.httpd.ibm.lab httpd: 202.207.224.25 161.91.58.252 - - [26/May/2017:08:59:14 -0500] "CONNECT 10.35.79.71:443 HTTP/1.1" 405 443 297
<25>May 26 08:59:16 ambiron.ipangel.ibm.lab ipangel-ips: [2017-05-26 08:59:16-05] alert [Priority: 9] [116:46:1] [(snort_decoder) WARNING: TCP Data Offset is less than 5!] 201.150.192.18:55322 TCP 13.178.132.42:80 br0
<28>May 26 08:59:17 Message forwarded from aix.ibm.lab: rshd[random_number_1_to_999999]: Failed rsh authentication from 201.150.192.18 for local user root via remote user testuser-15
<26>May 26 08:59:19 ambiron.ipangel.ibm.lab ipangel-ips: [2017-05-26 08:59:19-05] alert [Priority: 9] [119:14:1] [(http_inspect) NON-RFC DEFINED CHAR] 56.219.18.103:54210 TCP 181.25.77.70:80 br0
<83>May 26 08:59:20 apple.macosx.ibm.lab com.apple.SecurityServer: authinternal failed to authenticate user testuser-84.
<13>May 26 08:59:22 checkpoint.firewall.ibm.lab 26May2017 reject checkpoint.firewall.ibm.lab product: VPN-1 & FireWall-1; src: 201.150.192.18; s_port: 59489; dst: 160.195.78.128; service: 113; proto: tcp; rule: 14;SmartDefense profile: Default_Protection;__policy_id_tag: product=VPN-1 & FireWall-1[db_tag={25E5B8F6-79E7-11DD-941A-C0A832D00C0C};mgmt=fwmngt-wuv;date=1220466957;policy_name=rhino_gbl];has_accounting: 0;i/f_dir: inbound;i/f_name: eth-s2/s1p1c0;rule_uid: {9C96B325-D976-4A30-8685-9ED61018A6E7};service_id: gident;
<33>May 26 08:59:24 threecom.switch.ibm.lab %May 26 08:59:24 2017 S9500 VTY/5/VTY_LOG:  TELNET user failed to login from 201.150.192.18(000D-88F6-60E0) on VTY0.
<86>May 26 08:59:25 apple.macosx.ibm.lab sshd[5590]: Failed password for invalid user testuser-52 from 56.219.18.103 port 60913 ssh2
<149>May 26 08:59:27 apple.macosx.ibm.lab sudo:    testuser-74 : TTY=ttyp1 ; PWD=/Users/admin ; USER=admin ;COMMAND=/bin/bash
<33>May 26 08:59:28 threecom.switch.ibm.lab %May 26 08:59:28 2017 S9500 PORTAL/5/PT_LOG: Online user 125.83.117.185 changes to 156.87.93.17, we will cut it off as using traffic-acct.
<187>May 26 08:59:30 ['9.9.9.9'] httpd[16986]: [error] [client 30.90.182.58] Invalid URI in request \xf7vMKp`ET&\xa4\x9c\xc9\xec\xd1\xd8j\r\xce\xd9\xd4\xb3\c7
<38>May 26 08:59:31 sshd[222182]: Failed password for invalid user testuser-36 from 57.227.70.66 port 54191 ssh2
<190>May 26 08:59:33 arbor.pravail.ibm.lab pravail-aps: Blocked Host: Blocked host 202.207.224.25 at 10:53 by Malformed HTTP Filtering using TCP/80 (HTTP) destination 56.85.122.69 source port 49590,URL: https://arbornetworks.pravail.test.com/chaos/
<13>May 26 08:59:34 microsoft.sec.ibm.lab AgentDevice=WindowsLog	AgentLogFile=Security	Source=Security	Computer=COMP-rogueUser-2	User=rogueUser-2	Domain=	EventID=675	EventIDCode=675	EventType=16	EventCategory=9	RecordNumber=748253	TimeGenerated=1495803574	TimeWritten=1495803574	Message=Pre-authentication failed: User Name: rogueUser-2 User ID: %{S-1-2-3-1115136} Service Name: krbtgt Pre-Authentication Type: 0x2 Failure Code: 0x18 Client Address: 25.127.11.61 
<13>May 26 08:59:36 checkpoint.firewall.ibm.lab 26May2017 reject checkpoint.firewall.ibm.lab product: VPN-1 & FireWall-1; src: 201.150.192.18; s_port: 50281; dst: 186.203.142.136; service: 113; proto: tcp; rule: 14;SmartDefense profile: Default_Protection;__policy_id_tag: product=VPN-1 & FireWall-1[db_tag={25E5B8F6-79E7-11DD-941A-C0A832D00C0C};mgmt=fwmngt-wuv;date=1220466957;policy_name=rhino_gbl];has_accounting: 0;i/f_dir: inbound;i/f_name: eth-s2/s1p1c0;rule_uid: {9C96B325-D976-4A30-8685-9ED61018A6E7};service_id: gident;
<28>May 26 08:59:38 Message forwarded from aix.ibm.lab: rshd[random_number_1_to_999999]: Failed rsh authentication from 159.20.160.209 for local user root via remote user testuser-31
<54>May 26 08:59:39 SymantecServer symantec.endpoint.ibm.lab: Commercial application detected,Computer name: COMP-1119364,Detection type: Commercial,Application name: DameWare Development DWRCS,Application type: Remote Control,Application version: 5\~ 5\~ 0\~ 0,Hash type: SHA-1,Application hash: 4670d9eeeab7449788be3b18e9364ef0088b900e,Company name: DameWare Development LLC,File size (bytes): 208896,Sensitivity: 0,Detection score: 1,Submission recommendation: 0,Permitted application reason: 0,Source: Heuristic Scan,Risk name:  ,Occurrences: 1,DWMRCS,"DWMRCS",Actual action: Left alone,Requested action: Left alone,Secondary action: Commercial application detection,Event time: 2017-05-26 08:59:39,Inserted: 2017-05-26 08:59:39,End: 2017-05-26 08:59:39,Domain: Default,Group: My Company	est,Server: testbox,User: rogueUser-4,Source computer:  ,Source IP: 0.0.0.0
<13>May 26 08:59:41 microsoft.sec.ibm.lab AgentDevice=WindowsLog	AgentLogFile=Security	Source=Security	Computer=COMP-rogueUser-5	User=rogueUser-5	Domain=	EventID=673	EventIDCode=673	EventType=8	EventCategory=9	RecordNumber=278650	TimeGenerated=1495803581	TimeWritten=1495803581	Message=Service Ticket Request:  User Name: rogueUser-5@us.ibm.com User Domain: us.ibm.com Service Name: MAIL$  Service ID: %{S-3-2-1-882113} Ticket Options:  0x40810000   Ticket Encryption Type: 0x17 Client Address: 15.83.16.235 Failure Code: - LogonGUID: {882113-f005ba11-ba5eba11} Transited Services: - 
<129>May 26 08:59:42 barracuda.firewall.ibm.lab WF ALER SLASH_DOT_IN_URL 44.111.228.125 63039 53.56.222.143 443 security-policy GLOBAL DENY NONE ["-"] GET 53.56.222.143/themes/default/css/.htaccess HTTPS "-" ""-"" 53.56.222.143 44428 "-" "-"
<13>May 26 08:59:44 microsoft.sec.ibm.lab AgentDevice=WindowsLog	AgentLogFile=Security	Source=Security	Computer=COMP-testuser-66	User=testuser-66	Domain=	EventID=540	EventIDCode=540	EventType=8	EventCategory=2	RecordNumber=132191	TimeGenerated=1495803584	TimeWritten=1495803584	Message=Successful Network Logon: User Name: Domain: Logon ID: (0x0,0x1098304) Logon Type: 3 Logon Process: NtLmSsp Authentication Package: NTLM Workstation Name: COMP-testuser-66 Logon GUID: - Caller User Name: - Caller Domain: - Caller Logon ID: - Caller Process ID: - Transited Services: - Source Network Address: 157.47.24.128 Source Port: 0
<13>May 26 08:59:45 microsoft.sec.ibm.lab AgentDevice=WindowsLog	AgentLogFile=Security	Source=Security	Computer=COMP-testuser-45	User=testuser-45	Domain=	EventID=576	EventIDCode=576	EventType=8	EventCategory=2	RecordNumber=425853	TimeGenerated=1495803585	TimeWritten=1495803585	Message=Special privileges assigned to new logon: User Name: testuser-45 Domain: us.ibm.com Logon ID: (0x0,0x1092025) Privileges: SeSecurityPrivilege SeBackupPrivilege SeRestorePrivilege SeTakeOwnershipPrivilege SeDebugPrivilege SeSystemEnvironmentPrivilege SeLoadDriverPrivilege SeImpersonatePrivilege
<13>May 26 08:59:47 microsoft.sec.ibm.lab AgentDevice=WindowsLog	AgentLogFile=Security	Source=Security	Computer=COMP-rogueUser-2	User=rogueUser-2	Domain=	EventID=672	EventIDCode=672	EventType=8	EventCategory=9	RecordNumber=926590	TimeGenerated=1495803587	TimeWritten=1495803587	Message=Authentication Ticket Request: User Name: rogueUser-2 Supplied Realm Name: us.ibm.com User ID: %{S-1-2-3-1115136} Service Name: krbtgt Service ID: %{S-3-2-1-B1E631} Ticket Options: 0x40810010 Result Code: - Ticket Encryption Type: 0x17 Pre-Authentication Type: 2 Client Address: 137.38.197.140 Certificate Issuer Name:  Certificate Serial Number:  Certificate Thumbprint: 
<133>May 26 08:59:49 microsoft.event.ibm.lab MSWinEventLog 1 Security 102757633 Fri May 26 08:59:49 2017 4907 Microsoft-Windows-Security-Auditing N/A N/A Success Audit testuser-33 Audit Policy Change Auditing settings on object were changed. Subject: Security ID: S-1-5-18 Account Name: testuser-33 Account Domain: us.ibm.com Logon ID: 0x1085764 Object: Object Server: Security Object Type: File Object Name: \Windows\winsxs\test.wav Handle ID: 0x3a8 Process Information: Process ID: 0xA5A2C2 Process Name: C:\Windows\System32\wbengine.exe Auditing Settings: Original Security Descriptor: S:AI(AU;A;;WD) New Security Descriptor: S:ARAI(AU;SAFA;;;;WD)(AU;IDFA;B;;;WD) 693776
<38>May 26 08:59:50 sshd[654184]: Failed password for invalid user testuser-66 from 30.90.182.58 port 63014 ssh2
<179>May 26 08:59:52 apache.httpd.ibm.lab httpd[5570]: [ID 702911 local6.error] [error] [client 218.111.178.29] Certificate Verification: Error (10): certificate has expired
<13>May 26 08:59:53 microsoft.sec.ibm.lab AgentDevice=WindowsLog	AgentLogFile=Security	Source=Security	Computer=COMP-testuser-79	User=testuser-79	Domain=	EventID=675	EventIDCode=675	EventType=16	EventCategory=9	RecordNumber=913648	TimeGenerated=1495803593	TimeWritten=1495803593	Message=Pre-authentication failed: User Name: testuser-79 User ID: %{S-1-2-3-1106704} Service Name: krbtgt Pre-Authentication Type: 0x2 Failure Code: 0x18 Client Address: 64.182.47.237 
<13>May 26 08:59:55 microsoft.sec.ibm.lab AgentDevice=WindowsLog	AgentLogFile=Security	Source=Security	Computer=COMP-rogueUser-1	User=rogueUser-1	Domain=	EventID=672	EventIDCode=672	EventType=16	EventCategory=9	RecordNumber=959525	TimeGenerated=1495803595	TimeWritten=1495803595	Message=Authentication Ticket Request: User Name: rogueUser-1 Supplied Realm Name: us.ibm.com User ID: %{S-1-2-3-1113025} Service Name: krbtgt Service ID: %{S-3-2-1-5AC8C3} Ticket Options: 0x40810010 Result Code: - Ticket Encryption Type: 0x17 Pre-Authentication Type: 2 Client Address: 3.232.9.120 Certificate Issuer Name:  Certificate Serial Number:  Certificate Thumbprint: 
<129>May 26 08:59:56 barracuda.firewall.ibm.lab WF ALER METACHARACTER_IN_PARAMETER 218.111.178.29 54732 135.82.247.114 443 security-policy GLOBAL DENY NONE [token="%00 " Parameter="article" value="../../../../../../../../etc/passwd"] GET 135.82.247.114/talkback.cgi?article=../../../../../../../../etc/passwd%00&action=view&matchview=1 HTTPS "-" ""-"" 135.82.247.114 54732 "-" "-"
<190>May 26 08:59:58 arbor.pravail.ibm.lab pravail-aps: Blocked Host: Blocked host 136.38.97.190 10:53 by TCP Connection Reset using TCP/59209 (Unknown) destination 38.96.99.57 source port 443,URL: https://arbornetworks.pravail.test.com/chaos/
<189>May 26 09:00:01 ['9.9.9.9'] authmgr[504]: <NOTI> login <00:1c:bf:ca:2b:98  79.186.10.120 testuser-19>method=802.1x, server=TEST001, role=Authenticated Update(status 0 method 0 role 16), reauth=1800 sec
<14>May 26 09:00:03 Message forwarded from aix.ibm.lab: ftp[random_number_1_to_999999]: ftp: EXPORT user testuser-3, host 213.39.172.85, local test_script.sh, remote test_script.sh.
<157>May 26 09:00:04 microsoft.event.ibm.lab MSWinEventLog	4	Security	60703	Fri May 26 09:00:04 2017	552	Security	NETWORK SERVICE	Well Known Group	Success Audit	testuser-79	Logon/Logoff		Logon attempt using explicit credentials: Logged on user:  User Name: NETWORK SERVICE  Domain: NT AUTHORITY  Logon ID: (0x0,0x1106704)  Logon GUID: -  User whose credentials were used:  Target User Name: testuser-79  Target Domain: us.ibm.com Target Logon GUID: -  Target Server Name: localhost  Target Server Info: localhost  Caller Process ID: 335439  Source Network Address: -  Source Port: - 	56794
<86>May 26 09:00:06 apple.macosx.ibm.lab sshd[5590]: Failed password for invalid user testuser-59 from 212.2.111.4 port 49322 ssh2
<129>May 26 09:00:07 barracuda.firewall.ibm.lab WF ALER CROSS_SITE_SCRIPTING_IN_URL 83.87.204.105 65168 175.127.160.166 80 security-policy GLOBAL DENY NONE [type="cross-site-scripting" pattern="script-tag" token="<script>"] GET 175.127.160.166/<script>alert(53416)</script> HTTP "-" ""-"" 175.127.160.166 48541 "-" "-"
<133>May 26 09:00:09 microsoft.event.ibm.lab MSWinEventLog 1 Security 102757633 Fri May 26 09:00:09 2017 4907 Microsoft-Windows-Security-Auditing N/A N/A Success Audit testuser-11 Audit Policy Change Auditing settings on object were changed. Subject: Security ID: S-1-5-18 Account Name: testuser-11 Account Domain: us.ibm.com Logon ID: 0x1077444 Object: Object Server: Security Object Type: File Object Name: \Windows\winsxs\test.wav Handle ID: 0x3a8 Process Information: Process ID: 0xA2BF09 Process Name: C:\Windows\System32\wbengine.exe Auditing Settings: Original Security Descriptor: S:AI(AU;A;;WD) New Security Descriptor: S:ARAI(AU;SAFA;;;;WD)(AU;IDFA;B;;;WD) 168969
<13>May 26 09:00:10 checkpoint.firewall.ibm.lab 26May2017 drop checkpoint.firewall.ibm.lab product: SmartDefense; src: 51.18.44.104; s_port: 55675; dst: 214.248.121.19; service: 443; proto: tcp; rule: 392;Attack Info: TCP segment out of maximum allowed sequence. Packet dropped.;Confidence Level: 0;Performance Impact: 0;Protection Name: TCP Segment Limit Enforcement;Protection Type: settings_tcp;Severity: 0;SmartDefense Profile: Boticario_DMZ_Protection;__policy_id_tag: product=VPN-1 & FireWall-1[db_tag={E94ECB65-34C0-4740-9634-761E1604C8BC};mgmt=SJP1PLNX036-DMZ;date=1424714440;policy_name=DMZ];attack: Streaming Engine: TCP Segment Limit Enforcement;has_accounting: 0;i/f_dir: inbound;i/f_name: eth2-01.2809;origin_sic_name: CN=TEST-DMZ1,O=log_server_hostname;protection_id: tcp_segment_limit;rule_uid: {499DBB08-D262-4D9F-B639-5337A7B36E59};snid: 7572c682;src_machine_name: COMP-testuser-40;src_user_name: testuser-40 ;user: testuser-40 ;
<13>May 26 09:00:12 checkpoint.firewall.ibm.lab 26May2017 drop checkpoint.firewall.ibm.lab product: SmartDefense; src: 56.219.18.103; s_port: 52896; dst: 128.99.223.193; service: 443; proto: tcp; rule: 392;Attack Info: TCP segment out of maximum allowed sequence. Packet dropped.;Confidence Level: 0;Performance Impact: 0;Protection Name: TCP Segment Limit Enforcement;Protection Type: settings_tcp;Severity: 0;SmartDefense Profile: Boticario_DMZ_Protection;__policy_id_tag: product=VPN-1 & FireWall-1[db_tag={E94ECB65-34C0-4740-9634-761E1604C8BC};mgmt=SJP1PLNX036-DMZ;date=1424714440;policy_name=DMZ];attack: Streaming Engine: TCP Segment Limit Enforcement;has_accounting: 0;i/f_dir: inbound;i/f_name: eth2-01.2809;origin_sic_name: CN=TEST-DMZ1,O=log_server_hostname;protection_id: tcp_segment_limit;rule_uid: {499DBB08-D262-4D9F-B639-5337A7B36E59};snid: 7572c682;src_machine_name: COMP-testuser-25;src_user_name: testuser-25 ;user: testuser-25 ;
<27>May 26 09:00:14 ambiron.ipangel.ibm.lab ipangel-ips: [2017-05-26 09:00:14-05] alert [Priority: 9] [119:2:1] [(http_inspect) DOUBLE DECODING ATTACK] 179.174.48.208:50323 TCP 81.123.47.123:80 br0
<33>May 26 09:00:15 threecom.switch.ibm.lab %May 26 09:00:15 2017 S9500 VTY/5/VTY_LOG:  TELNET user failed to login from 132.146.155.198(000D-88F6-60E0) on VTY0.
<149>May 26 09:00:17 apple.macosx.ibm.lab sudo:    testuser-35 : TTY=ttyp1 ; PWD=/Users/admin ; USER=admin ;COMMAND=/bin/bash
<129>May 26 09:00:18 barracuda.firewall.ibm.lab WF ALER METACHARACTER_IN_PARAMETER 64.87.88.123 53086 28.191.237.117 443 security-policy GLOBAL DENY NONE [token="%00 " Parameter="article" value="../../../../../../../../etc/passwd"] GET 28.191.237.117/talkback.cgi?article=../../../../../../../../etc/passwd%00&action=view&matchview=1 HTTPS "-" ""-"" 28.191.237.117 53086 "-" "-"
<25>May 26 09:00:20 ambiron.ipangel.ibm.lab ipangel-ips: [2017-05-26 09:00:20-05] alert [Priority: 9] [116:46:1] [(snort_decoder) WARNING: TCP Data Offset is less than 5!] 113.146.67.20:58081 TCP 45.164.217.149:80 br0
<25>May 26 09:00:21 ambiron.ipangel.ibm.lab ipangel-ips: [2017-05-26 09:00:21-05] alert [Priority: 9] [116:46:1] [(snort_decoder) WARNING: TCP Data Offset is less than 5!] 165.11.95.213:53895 TCP 144.55.181.130:80 br0
<26>May 26 09:00:23 ambiron.ipangel.ibm.lab ipangel-ips: [2017-05-26 09:00:23-05] alert [Priority: 9] [119:14:1] [(http_inspect) NON-RFC DEFINED CHAR] 136.38.97.190:59563 TCP 160.242.195.206:80 br0
<28>May 26 09:00:25 Message forwarded from aix.ibm.lab: rshd[random_number_1_to_999999]: Failed rsh authentication from 108.227.17.145 for local user root via remote user testuser-92
<187>May 26 09:00:26 ['9.9.9.9'] httpd[16986]: [error] [client 51.18.44.104] Invalid URI in request \xf7vMKp`ET&\xa4\x9c\xc9\xec\xd1\xd8j\r\xce\xd9\xd4\xb3\c7
<129>May 26 09:00:28 barracuda.firewall.ibm.lab WF ALER METHOD_NOT_ALLOWED 218.111.178.29 65047 107.35.161.19 80 security-policy GLOBAL DENY NONE [Method="ABCD"] ABCD 107.35.161.19/ HTTP "-" ""-"" 107.35.161.19 48536 "-" "-"
<189>May 26 09:00:29 ['9.9.9.9'] authmgr[504]: <NOTI> login <00:1c:bf:ca:2b:98  120.171.20.155 testuser-85>method=802.1x, server=TEST001, role=Authenticated Update(status 0 method 0 role 16), reauth=1800 sec
<187>May 26 09:00:31 ['9.9.9.9'] httpd[16986]: [error] [client 189.6.147.68] Invalid URI in request \xf7vMKp`ET&\xa4\x9c\xc9\xec\xd1\xd8j\r\xce\xd9\xd4\xb3\c7
<13>May 26 09:00:32 checkpoint.firewall.ibm.lab 26May2017  checkpoint.firewall.ibm.lab product: SmartDefense; src: 30.90.182.58; s_port: ; dst: 215.227.196.103; service: ; proto: icmp; rule: ;Attack Info: Echo request too big;Suppressed logs: 1;Total logs: 2;__policy_id_tag: product=VPN-1 & FireWall-1[db_tag={B5A7057E-7F61-11DD-AA43-C0A832D12424};mgmt=fwmngt-zentral;date=1221069352;policy_name=Spider_gbl];alert: alert;attack: Large ping;has_accounting: 0;i/f_dir: inbound;
<54>May 26 09:00:34 SymantecServer symantec.endpoint.ibm.lab: DCA-EMAPROJ2,Allowed,"C:\Program Files\Common Files\Symantec Shared\ccSvcHst.exe",,Begin: 2017-05-26 09:00:34,End:2017-05-26 09:00:34,Rule: ,2528,C:/Program Files/Microsoft Virtual Server/vmh.exe,0,,C:/ProgramFiles/Common Files/Symantec Shared/ccSvcHst.exe,User: rogueUser-4,Domain: US
<38>May 26 09:00:36 sshd[random_number_1_to_999999]: Accepted keyboard-interactive/pam for testuser-11 from 132.146.155.198 port 49724 ssh2
<34>May 26 09:00:36 Message forwarded from aix.ibm.lab: su: BAD SU from testuser-11 to root at /dev/pts/3
<189>May 26 09:00:37 ['9.9.9.9'] authmgr[504]: <NOTI> login <00:1c:bf:ca:2b:98  51.18.44.104 testuser-31>method=802.1x, server=TEST001, role=Authenticated Update(status 0 method 0 role 16), reauth=1800 sec
<189>May 26 09:00:39 ['9.9.9.9'] authmgr[504]: <NOTI> login <00:1c:bf:ca:2b:98  79.186.10.120 testuser-73>method=802.1x, server=TEST001, role=Authenticated Update(status 0 method 0 role 16), reauth=1800 sec
<13>May 26 09:00:40 checkpoint.firewall.ibm.lab 26May2017 drop checkpoint.firewall.ibm.lab product: SmartDefense; src: 136.38.97.190; s_port: 62006; dst: 90.221.117.50; service: 443; proto: tcp; rule: 392;Attack Info: TCP segment out of maximum allowed sequence. Packet dropped.;Confidence Level: 0;Performance Impact: 0;Protection Name: TCP Segment Limit Enforcement;Protection Type: settings_tcp;Severity: 0;SmartDefense Profile: Boticario_DMZ_Protection;__policy_id_tag: product=VPN-1 & FireWall-1[db_tag={E94ECB65-34C0-4740-9634-761E1604C8BC};mgmt=SJP1PLNX036-DMZ;date=1424714440;policy_name=DMZ];attack: Streaming Engine: TCP Segment Limit Enforcement;has_accounting: 0;i/f_dir: inbound;i/f_name: eth2-01.2809;origin_sic_name: CN=TEST-DMZ1,O=log_server_hostname;protection_id: tcp_segment_limit;rule_uid: {499DBB08-D262-4D9F-B639-5337A7B36E59};snid: 7572c682;src_machine_name: COMP-testuser-26;src_user_name: testuser-26 ;user: testuser-26 ;
<190>May 26 09:00:42 arbor.pravail.ibm.lab pravail-aps: Blocked Host: Blocked host 165.11.95.213 at 10:53 by Malformed HTTP Filtering using TCP/80 (HTTP) destination 113.248.140.67 source port 61328,URL: https://arbornetworks.pravail.test.com/chaos/
<13>May 26 09:00:43 checkpoint.firewall.ibm.lab 26May2017  checkpoint.firewall.ibm.lab product: SmartDefense; src: 125.83.117.185; s_port: ; dst: 149.108.170.42; service: ; proto: icmp; rule: ;Attack Info: Echo request too big;Suppressed logs: 1;Total logs: 2;__policy_id_tag: product=VPN-1 & FireWall-1[db_tag={B5A7057E-7F61-11DD-AA43-C0A832D12424};mgmt=fwmngt-zentral;date=1221069352;policy_name=Spider_gbl];alert: alert;attack: Large ping;has_accounting: 0;i/f_dir: inbound;
<133>May 26 09:00:45 microsoft.event.ibm.lab MSWinEventLog 1 Security 102757633 Fri May 26 09:00:45 2017 4907 Microsoft-Windows-Security-Auditing N/A N/A Success Audit rogueUser-4 Audit Policy Change Auditing settings on object were changed. Subject: Security ID: S-1-5-18 Account Name: rogueUser-4 Account Domain: us.ibm.com Logon ID: 0x1119364 Object: Object Server: Security Object Type: File Object Name: \Windows\winsxs\test.wav Handle ID: 0x3a8 Process Information: Process ID: 0x7110D2 Process Name: C:\Windows\System32\wbengine.exe Auditing Settings: Original Security Descriptor: S:AI(AU;A;;WD) New Security Descriptor: S:ARAI(AU;SAFA;;;;WD)(AU;IDFA;B;;;WD) 635748
<29>May 26 09:00:46 Message forwarded from aix.ibm.lab: telnetd[15591214090276]: telnet from ::ffff:165.11.95.213 on /dev/pts/1
<179>May 26 09:00:48 apache.httpd.ibm.lab httpd[5570]: [ID 702911 local6.error] [error] [client 16.74.199.104] Certificate Verification: Error (10): certificate has expired
<54>May 26 09:00:50 SymantecServer symantec.endpoint.ibm.lab: testbox-abc,[SID: 21590] P2P Edonkey Ping Message detected.  Traffic has been allowed from this application: C:\Program Files\easyMule\emule.exe,Local: 44.111.228.125,Local: 00218696B978,Remote: ,Remote: 1.36.2.137,Remote: 000000000000,Outbound,OTHERS,Intrusion ID: 0,Begin: 2017-05-26 09:00:50,End: 2017-05-26 09:00:50,Occurrences: 1,Application: C:/Program Files/easyMule/emule.exe,Location: Default,User: testuser-1,Domain: us.ibm.com
<129>May 26 09:00:51 barracuda.firewall.ibm.lab WF ALER METHOD_NOT_ALLOWED 132.146.155.198 59055 130.127.166.85 80 security-policy GLOBAL DENY NONE [Method="ABCD"] ABCD 130.127.166.85/ HTTP "-" ""-"" 130.127.166.85 48536 "-" "-"
<190>May 26 09:00:53 arbor.pravail.ibm.lab pravail-aps: Blocked Host: Blocked host 179.174.48.208 at 10:52 by Invalid Packets using TCP/0 (Unknown) destination 207.72.53.122,URL: https://arbornetworks.pravail.test.com/chaos/
<157>May 26 09:00:54 microsoft.event.ibm.lab MSWinEventLog	4	Security	60703	Fri May 26 09:00:54 2017	552	Security	NETWORK SERVICE	Well Known Group	Success Audit	testuser-59	Logon/Logoff		Logon attempt using explicit credentials: Logged on user:  User Name: NETWORK SERVICE  Domain: NT AUTHORITY  Logon ID: (0x0,0x1102500)  Logon GUID: -  User whose credentials were used:  Target User Name: testuser-59  Target Domain: us.ibm.com Target Logon GUID: -  Target Server Name: localhost  Target Server Info: localhost  Caller Process ID: 814780  Source Network Address: -  Source Port: - 	56794
<38>May 26 09:00:56 sshd[698890]: input_userauth_request: invalid user rogueUser-4
<182>May 26 09:00:57 apache.httpd.ibm.lab httpd: 154.102.244.170 209.197.1.177 - - [26/May/2017:09:00:57 -0500] "HEAD / HTTP/1.1" 200 443 -
<129>May 26 09:00:59 barracuda.firewall.ibm.lab WF ALER CROSS_SITE_SCRIPTING_IN_PARAM 201.150.192.18 50216 160.182.20.81 443 security-policy GLOBAL DENY NONE [type="cross-site-scripting" pattern="script-tag" token="<script>" Parameter="url" value="<script>alert(5341)</script>"] GET 160.182.20.81/redirect.asp?url=<script>alert(5341)</script> HTTPS "-" ""-"" 160.182.20.81 59845 "-" "-"
<38>May 26 09:01:01 sshd[random_number_1_to_999999]: Accepted keyboard-interactive/pam for testuser-6 from 147.198.103.40 port 59112 ssh2
<34>May 26 09:01:01 Message forwarded from aix.ibm.lab: su: BAD SU from testuser-6 to root at /dev/pts/3
<129>May 26 09:01:02 barracuda.firewall.ibm.lab WF ALER CROSS_SITE_SCRIPTING_IN_PARAM 54.11.145.63 56864 87.64.135.117 443 security-policy GLOBAL DENY NONE [type="cross-site-scripting" pattern="script-tag" token="<script>" Parameter="url" value="<script>alert(5341)</script>"] GET 87.64.135.117/redirect.asp?url=<script>alert(5341)</script> HTTPS "-" ""-"" 87.64.135.117 59845 "-" "-"
<129>May 26 09:01:04 barracuda.firewall.ibm.lab WF ALER METHOD_NOT_ALLOWED 125.83.117.185 56316 170.134.155.163 80 security-policy GLOBAL DENY NONE [Method="ABCD"] ABCD 170.134.155.163/ HTTP "-" ""-"" 170.134.155.163 48536 "-" "-"
<54>May 26 09:01:05 SymantecServer symantec.endpoint.ibm.lab: Potential risk found,Computer name: COMP-1081600,Detection type: Heuristic,Application name: (Unknown),Application type: Trojan Worm,Application version: ,Hash type: SHA-1,Application hash: 72c874f212a18944ff56f774bfe7252346b93f8e,Company name: ,File size (bytes): 301568,Sensitivity: 0,Detection score: 40,Submission recommendation:1,Permitted application reason: 0,Source: Heuristic Scan,Risk name: ,Occurrences: 1,c:\claims\claims32.exe,"",Actual action: Left alone,Requested action: Left alone,Secondary action: Left alone,Event time: 2017-05-26 09:01:05,Inserted:2017-05-26 09:01:05,End:  2017-05-26 09:01:05,Domain: Default,Group: My Company\LTC\Desktops,Server: crasesssmc01,User: testuser-22,Source computer: ,Source IP: 0.0.0.0
<189>May 26 09:01:07 ['9.9.9.9'] authmgr[504]: <NOTI> login <00:1c:bf:ca:2b:98  20.135.51.253 rogueUser-3>method=802.1x, server=TEST001, role=Authenticated Update(status 0 method 0 role 16), reauth=1800 sec
<129>May 26 09:01:08 barracuda.firewall.ibm.lab WF ALER CROSS_SITE_SCRIPTING_IN_URL 136.38.97.190 51922 112.117.111.169 80 security-policy GLOBAL DENY NONE [type="cross-site-scripting" pattern="script-tag" token="<script>"] GET 112.117.111.169/<script>alert(53416)</script> HTTP "-" ""-"" 112.117.111.169 48541 "-" "-"
<25>May 26 09:01:10 ambiron.ipangel.ibm.lab ipangel-ips: [2017-05-26 09:01:10-05] alert [Priority: 9] [116:46:1] [(snort_decoder) WARNING: TCP Data Offset is less than 5!] 128.234.158.118:53373 TCP 11.105.230.186:80 br0
<33>May 26 09:01:12 threecom.switch.ibm.lab %May 26 09:01:12 2017 S9500 FTPS/5/USERIN: User rogueUser-3(20.135.51.253) login succeeded
<13>May 26 09:01:13 microsoft.sec.ibm.lab AgentDevice=WindowsLog	AgentLogFile=Security	Source=Security	Computer=COMP-testuser-68	User=testuser-68	Domain=	EventID=675	EventIDCode=675	EventType=16	EventCategory=9	RecordNumber=934210	TimeGenerated=1495803673	TimeWritten=1495803673	Message=Pre-authentication failed: User Name: testuser-68 User ID: %{S-1-2-3-1102500} Service Name: krbtgt Pre-Authentication Type: 0x2 Failure Code: 0x18 Client Address: 105.138.162.134 
<129>May 26 09:01:15 barracuda.firewall.ibm.lab WF ALER CROSS_SITE_SCRIPTING_IN_PARAM 202.207.224.25 49639 175.119.34.9 443 security-policy GLOBAL DENY NONE [type="cross-site-scripting" pattern="script-tag" token="<script>" Parameter="url" value="<script>alert(5341)</script>"] GET 175.119.34.9/redirect.asp?url=<script>alert(5341)</script> HTTPS "-" ""-"" 175.119.34.9 59845 "-" "-"
