<38>May 26 08:15:07 sshd[737665]: Failed password for invalid user rogueUser-5 from 15.83.16.235 port 57674 ssh2
<83>May 26 08:15:09 apple.macosx.ibm.lab sshd[5590]: error: PAM: Authentication failure for illegal user testuser-100 from 11.65.101.112<83>May 26 08:15:10 apple.macosx.ibm.lab sshd[5590]: error: PAM: Authentication failure for illegal user rogueUser-1 from 164.37.230.22<182>May 26 08:15:12 apache.httpd.ibm.lab httpd: 167.227.124.53 130.50.61.126 - - [26/May/2017:08:15:12 -0500] "OPTIONS /cgi-bin/index.php HTTP/1.1" 200 443 -
<50>May 26 08:15:14 SymantecServer symantec.endpoint.ibm.lab: testbox-xyz,[SID: 70025] Web Attack: Blackhole Exploit Toolkit 2 attack blocked. Traffic has been blocked for this application: C:\Program Files\Internet Explorer\iexplore.exe,Local: 0.0.0.0,Local: 000000000000,Remote: ,Remote: 0.0.0.0,Remote: 000000000000,Inbound,OTHERS,,Begin: 2017-05-26 08:15:14,End: 2017-05-26 08:15:14,Occurrences: 1,Application: C:/Program Files/Internet Explorer/iexplore.exe,Location: Default,User: testuser-24,Domain: SIMON,!ExternalLoggingTask.localport! 0,!ExternalLoggingTask.remoteport! 0,!ExternalLoggingTask.cidssignid! 70025,!ExternalLoggingTask.strcidssignid! Web Attack: Blackhole Exploit Toolkit 2,!ExternalLoggingTask.cidssignsubid! 0,!ExternalLoggingTask.intrusionurl! http://pppptttt.blah.net/links/came_broadcasting_taking-various.php,!ExternalLoggingTask.intrusionpayloadurl!
<182>May 26 08:15:15 apache.httpd.ibm.lab httpd: 212.2.111.4 118.59.204.89 - - [26/May/2017:08:15:15 -0500] "POST /test.php?doing_test=123 HTTP/1.0" 404 80 282
<54>May 26 08:15:17 SymantecServer symantec.endpoint.ibm.lab: DCA-EMAPROJ2,Allowed,"C:\Program Files\Common Files\Symantec Shared\ccSvcHst.exe",,Begin: 2017-05-26 08:15:17,End:2017-05-26 08:15:17,Rule: ,2528,C:/Program Files/Microsoft Virtual Server/vmh.exe,0,,C:/ProgramFiles/Common Files/Symantec Shared/ccSvcHst.exe,User: testuser-74,Domain: US
<190>May 26 08:15:18 arbor.pravail.ibm.lab pravail-aps: Blocked Host: Blocked host 15.83.16.235 at 10:52 by Invalid Packets using TCP/0 (Unknown) destination 128.83.154.115,URL: https://arbornetworks.pravail.test.com/chaos/
<182>May 26 08:15:20 apache.httpd.ibm.lab httpd: 201.150.192.18 161.216.25.18 - - [26/May/2017:08:15:20 -0500] "CONNECT 10.35.79.71:443 HTTP/1.1" 405 443 297
<54>May 26 08:15:21 SymantecServer symantec.endpoint.ibm.lab: CNC2PSY9D1,Allowed,Sysfer exception: .\RegParamEngine.cpp 1152 Failed to read value DeviceInstance from key \Registry\Machine\SYSTEM\CurrentControlSet\Control\DeviceClasses\{53f56307-b6bf-11d0-94f2-00a0c91efb8b}\##?#IDE#DiskWDC_WD800JD-75MSA3______________________10.01E04#5&,Sysfer exception,Begin: 2017-05-26 08:15:21,End: 2017-05-26 08:15:21,Rule: Sysfer exception,3592,C:/Program Files/Cisco Systems/CSAgent/bin/okclient.exe,0,,,User: testuser-69,Domain: US
<182>May 26 08:15:23 apache.httpd.ibm.lab httpd: 83.87.204.105 77.197.223.114 - - [26/May/2017:08:15:23 -0500] "HEAD / HTTP/1.1" 200 443 -
<25>May 26 08:15:25 apple.macosx.ibm.lab DirectoryService[51]: Failed Authentication return is being delayed due to over five recent auth failures for username: testuser-41.
<33>May 26 08:15:26 threecom.switch.ibm.lab %May 26 08:15:26 2017 S9500 AAA/2/Serious error!: User testuser-2, in ACM send msg to SC failed! Returns 1 srcID 6 msgType 16384.
<33>May 26 08:15:28 threecom.switch.ibm.lab %May 26 08:15:28 2017 S9500 AAA/2/Serious error!: User testuser-22, in ACM send msg to SC failed! Returns 1 srcID 6 msgType 16384.
<190>May 26 08:15:29 arbor.pravail.ibm.lab pravail-aps: Blocked Host: Blocked host 129.171.84.29 at 10:53 by Malformed HTTP Filtering using TCP/80 (HTTP) destination 128.237.14.44 source port 50685,URL: https://arbornetworks.pravail.test.com/chaos/
<14>May 26 08:15:31 Message forwarded from aix.ibm.lab: ftp[random_number_1_to_999999]: ftp: EXPORT user testuser-29, host 165.11.95.213, local test_script.sh, remote test_script.sh.
<190>May 26 08:15:32 arbor.pravail.ibm.lab pravail-aps: Blocked Host: Blocked host 165.11.95.213 at 10:52 by Invalid Packets using TCP/0 (Unknown) destination 5.37.226.9,URL: https://arbornetworks.pravail.test.com/chaos/
<190>May 26 08:15:34 arbor.pravail.ibm.lab pravail-aps: Blocked Host: Blocked host 136.38.97.190 10:53 by TCP Connection Reset using TCP/61389 (Unknown) destination 143.18.124.197 source port 443,URL: https://arbornetworks.pravail.test.com/chaos/
<182>May 26 08:15:36 apache.httpd.ibm.lab httpd: 125.83.117.185 19.98.86.165 - - [26/May/2017:08:15:36 -0500] "GET /<script>alert(53416)</script> HTTP/1.1" 404 443 320
<129>May 26 08:15:37 barracuda.firewall.ibm.lab WF ALER CROSS_SITE_SCRIPTING_IN_PARAM 44.111.228.125 54184 32.198.155.147 443 security-policy GLOBAL DENY NONE [type="cross-site-scripting" pattern="script-tag" token="<script>" Parameter="url" value="<script>alert(5341)</script>"] GET 32.198.155.147/redirect.asp?url=<script>alert(5341)</script> HTTPS "-" ""-"" 32.198.155.147 59845 "-" "-"
<25>May 26 08:15:39 apple.macosx.ibm.lab DirectoryService[51]: Failed Authentication return is being delayed due to over five recent auth failures for username: rogueUser-5.
<13>May 26 08:15:40 checkpoint.firewall.ibm.lab 26May2017  checkpoint.firewall.ibm.lab product: SmartDefense; src: 33.195.94.29; s_port: ; dst: 43.41.133.210; service: ; proto: udp; rule: ;Attack Info: Bad domain format, illegal ASCII value in domain;Suppressed logs: 1;Total logs: 2;__policy_id_tag: product=VPN-1 & FireWall-1[db_tag={9B20E8EA-7DE6-11DD-B7D6-C0A832D11E1E};mgmt=fwmngt-zentral;date=1220906528;policy_name=Vulpine_gbl];alert: alert;attack: Invalid DNS;has_accounting: 0;i/f_dir: inbound;
<129>May 26 08:15:42 barracuda.firewall.ibm.lab WF ALER SLASH_DOT_IN_URL 189.6.147.68 61857 70.49.30.234 443 security-policy GLOBAL DENY NONE ["-"] GET 70.49.30.234/themes/default/css/.htaccess HTTPS "-" ""-"" 70.49.30.234 44428 "-" "-"
<182>May 26 08:15:43 apache.httpd.ibm.lab httpd: 136.38.97.190 157.176.53.66 - - [26/May/2017:08:15:43 -0500] "GET /<script>alert(53416)</script> HTTP/1.1" 404 443 320
<179>May 26 08:15:45 apache.httpd.ibm.lab httpd[5570]: [ID 702911 local6.error] [error] [client 201.150.192.18] Certificate Verification: Error (10): certificate has expired
<13>May 26 08:15:46 microsoft.sec.ibm.lab AgentDevice=WindowsLog	AgentLogFile=Security	Source=Security	Computer=COMP-testuser-73	User=testuser-73	Domain=	EventID=672	EventIDCode=672	EventType=8	EventCategory=9	RecordNumber=593613	TimeGenerated=1495800946	TimeWritten=1495800946	Message=Authentication Ticket Request: User Name: testuser-73 Supplied Realm Name: us.ibm.com User ID: %{S-1-2-3-1094116} Service Name: krbtgt Service ID: %{S-3-2-1-860E36} Ticket Options: 0x40810010 Result Code: - Ticket Encryption Type: 0x17 Pre-Authentication Type: 2 Client Address: 79.186.10.120 Certificate Issuer Name:  Certificate Serial Number:  Certificate Thumbprint: 
<189>May 26 08:15:48 ['9.9.9.9'] authmgr[504]: <NOTI> login <00:1c:bf:ca:2b:98  136.38.97.190 testuser-17>method=802.1x, server=TEST001, role=Authenticated Update(status 0 method 0 role 16), reauth=1800 sec
<187>May 26 08:15:50 ['9.9.9.9'] httpd[16986]: [error] [client 179.174.48.208] Invalid URI in request \xf7vMKp`ET&\xa4\x9c\xc9\xec\xd1\xd8j\r\xce\xd9\xd4\xb3\c7
<182>May 26 08:15:51 apache.httpd.ibm.lab httpd: 125.83.117.185 152.211.89.6 - - [26/May/2017:08:15:51 -0500] "GET /../../../../../../../../../../../ HTTP/1.1" 400 443 307
<13>May 26 08:15:53 checkpoint.firewall.ibm.lab 26May2017  checkpoint.firewall.ibm.lab product: SmartDefense; src: 165.11.95.213; s_port: ; dst: 92.141.84.147; service: ; proto: udp; rule: ;Attack Info: Out-of-state DNS reply;Suppressed logs: 143;Total logs: 144;__policy_id_tag: product=VPN-1 & FireWall-1[db_tag={321A4EE6-7DEA-11DD-BFAA-C0A832822626};mgmt=fwmngt05;date=1220908070;policy_name=KillerWhale_gbl];alert: alert;attack: Invalid DNS;has_accounting: 0;i/f_dir: inbound;
<13>May 26 08:15:54 checkpoint.firewall.ibm.lab 26May2017 reject checkpoint.firewall.ibm.lab product: VPN-1 & FireWall-1; src: 125.83.117.185; s_port: 54473; dst: 166.238.136.154; service: 113; proto: tcp; rule: 14;SmartDefense profile: Default_Protection;__policy_id_tag: product=VPN-1 & FireWall-1[db_tag={25E5B8F6-79E7-11DD-941A-C0A832D00C0C};mgmt=fwmngt-wuv;date=1220466957;policy_name=rhino_gbl];has_accounting: 0;i/f_dir: inbound;i/f_name: eth-s2/s1p1c0;rule_uid: {9C96B325-D976-4A30-8685-9ED61018A6E7};service_id: gident;
<129>May 26 08:15:56 barracuda.firewall.ibm.lab WF ALER CROSS_SITE_SCRIPTING_IN_URL 33.195.94.29 57727 193.223.160.20 80 security-policy GLOBAL DENY NONE [type="cross-site-scripting" pattern="script-tag" token="<script>"] GET 193.223.160.20/<script>alert(53416)</script> HTTP "-" ""-"" 193.223.160.20 48541 "-" "-"
<133>May 26 08:15:57 microsoft.event.ibm.lab MSWinEventLog 1 Security 102757633 Fri May 26 08:15:57 2017 4907 Microsoft-Windows-Security-Auditing N/A N/A Success Audit testuser-79 Audit Policy Change Auditing settings on object were changed. Subject: Security ID: S-1-5-18 Account Name: testuser-79 Account Domain: us.ibm.com Logon ID: 0x1106704 Object: Object Server: Security Object Type: File Object Name: \Windows\winsxs\test.wav Handle ID: 0x3a8 Process Information: Process ID: 0x36C9C4 Process Name: C:\Windows\System32\wbengine.exe Auditing Settings: Original Security Descriptor: S:AI(AU;A;;WD) New Security Descriptor: S:ARAI(AU;SAFA;;;;WD)(AU;IDFA;B;;;WD) 27408
<54>May 26 08:15:59 SymantecServer symantec.endpoint.ibm.lab: testbox-abc,[SID: 21590] P2P Edonkey Ping Message detected.  Traffic has been allowed from this application: C:\Program Files\easyMule\emule.exe,Local: 218.111.178.29,Local: 00218696B978,Remote: ,Remote: 105.239.16.130,Remote: 000000000000,Outbound,OTHERS,Intrusion ID: 0,Begin: 2017-05-26 08:15:59,End: 2017-05-26 08:15:59,Occurrences: 1,Application: C:/Program Files/easyMule/emule.exe,Location: Default,User: testuser-81,Domain: us.ibm.com
<133>May 26 08:16:01 microsoft.event.ibm.lab MSWinEventLog 1 Security 102757633 Fri May 26 08:16:01 2017 4907 Microsoft-Windows-Security-Auditing N/A N/A Success Audit testuser-60 Audit Policy Change Auditing settings on object were changed. Subject: Security ID: S-1-5-18 Account Name: testuser-60 Account Domain: us.ibm.com Logon ID: 0x1085764 Object: Object Server: Security Object Type: File Object Name: \Windows\winsxs\test.wav Handle ID: 0x3a8 Process Information: Process ID: 0x4289E9 Process Name: C:\Windows\System32\wbengine.exe Auditing Settings: Original Security Descriptor: S:AI(AU;A;;WD) New Security Descriptor: S:ARAI(AU;SAFA;;;;WD)(AU;IDFA;B;;;WD) 475314
<133>May 26 08:16:02 microsoft.event.ibm.lab MSWinEventLog 1 Security 102757633 Fri May 26 08:16:02 2017 4907 Microsoft-Windows-Security-Auditing N/A N/A Success Audit testuser-81 Audit Policy Change Auditing settings on object were changed. Subject: Security ID: S-1-5-18 Account Name: testuser-81 Account Domain: us.ibm.com Logon ID: 0x1092025 Object: Object Server: Security Object Type: File Object Name: \Windows\winsxs\test.wav Handle ID: 0x3a8 Process Information: Process ID: 0xF1F324 Process Name: C:\Windows\System32\wbengine.exe Auditing Settings: Original Security Descriptor: S:AI(AU;A;;WD) New Security Descriptor: S:ARAI(AU;SAFA;;;;WD)(AU;IDFA;B;;;WD) 617230
<54>May 26 08:16:04 SymantecServer symantec.endpoint.ibm.lab: Commercial application detected,Computer name: COMP-1113025,Detection type: Commercial,Application name: DameWare Development DWRCS,Application type: Remote Control,Application version: 5\~ 5\~ 0\~ 0,Hash type: SHA-1,Application hash: 4670d9eeeab7449788be3b18e9364ef0088b900e,Company name: DameWare Development LLC,File size (bytes): 208896,Sensitivity: 0,Detection score: 1,Submission recommendation: 0,Permitted application reason: 0,Source: Heuristic Scan,Risk name:  ,Occurrences: 1,DWMRCS,"DWMRCS",Actual action: Left alone,Requested action: Left alone,Secondary action: Commercial application detection,Event time: 2017-05-26 08:16:04,Inserted: 2017-05-26 08:16:04,End: 2017-05-26 08:16:04,Domain: Default,Group: My Company	est,Server: testbox,User: rogueUser-1,Source computer:  ,Source IP: 0.0.0.0
<190>May 26 08:16:05 arbor.pravail.ibm.lab pravail-aps: Blocked Host: Blocked host 64.87.88.123 10:53 by TCP Connection Reset using TCP/61729 (Unknown) destination 184.197.87.42 source port 443,URL: https://arbornetworks.pravail.test.com/chaos/
<187>May 26 08:16:07 ['9.9.9.9'] httpd[16986]: [error] [client 33.195.94.29] Invalid URI in request \xf7vMKp`ET&\xa4\x9c\xc9\xec\xd1\xd8j\r\xce\xd9\xd4\xb3\c7
<54>May 26 08:16:08 SymantecServer symantec.endpoint.ibm.lab: CNC2PSY9D1,Allowed,Sysfer exception: .\RegParamEngine.cpp 1152 Failed to read value DeviceInstance from key \Registry\Machine\SYSTEM\CurrentControlSet\Control\DeviceClasses\{53f56307-b6bf-11d0-94f2-00a0c91efb8b}\##?#IDE#DiskWDC_WD800JD-75MSA3______________________10.01E04#5&,Sysfer exception,Begin: 2017-05-26 08:16:08,End: 2017-05-26 08:16:08,Rule: Sysfer exception,3592,C:/Program Files/Cisco Systems/CSAgent/bin/okclient.exe,0,,,User: testuser-74,Domain: US
<25>May 26 08:16:10 ambiron.ipangel.ibm.lab ipangel-ips: [2017-05-26 08:16:10-05] alert [Priority: 9] [116:46:1] [(snort_decoder) WARNING: TCP Data Offset is less than 5!] 30.90.182.58:53239 TCP 34.15.108.83:80 br0
<149>May 26 08:16:12 apple.macosx.ibm.lab sudo:    testuser-86 : TTY=ttyp1 ; PWD=/Users/admin ; USER=admin ;COMMAND=/bin/bash
<38>May 26 08:16:13 sshd[random_number_1_to_999999]: Accepted keyboard-interactive/pam for testuser-99 from 154.102.244.170 port 53549 ssh2
<34>May 26 08:16:13 Message forwarded from aix.ibm.lab: su: BAD SU from testuser-99 to root at /dev/pts/3
<25>May 26 08:16:15 ambiron.ipangel.ibm.lab ipangel-ips: [2017-05-26 08:16:15-05] alert [Priority: 9] [116:46:1] [(snort_decoder) WARNING: TCP Data Offset is less than 5!] 218.111.178.29:54893 TCP 83.26.161.170:80 br0
<33>May 26 08:16:16 threecom.switch.ibm.lab %May 26 08:16:16 2017 S9500 PORTAL/5/PT_LOG: Online user 79.186.10.120 changes to 178.195.72.216, we will cut it off as using traffic-acct.
<38>May 26 08:16:18 syslog: ssh: failed login attempt for testuser-26 from 136.38.97.190
<189>May 26 08:16:19 ['9.9.9.9'] authmgr[504]: <NOTI> login <00:1c:bf:ca:2b:98  30.90.182.58 testuser-84>method=802.1x, server=TEST001, role=Authenticated Update(status 0 method 0 role 16), reauth=1800 sec
<13>May 26 08:16:21 checkpoint.firewall.ibm.lab 26May2017 drop checkpoint.firewall.ibm.lab product: VPN-1 &FireWall-1; src: 136.38.97.190; s_port: 63847; dst: 165.87.58.252; service: 138; proto: udp; rule: 323;SmartDefense profile: Default_Protection;__policy_id_tag: product=VPN-1 & FireWall-1[db_tag={48AB8350-7F61-11DD-887D-C0A832D16C6C};mgmt=fwmngt-zentral;date=1221069169;policy_name=Chameleon_gbl];has_accounting: 0;i/f_dir: inbound;i/f_name: eth-s1/s1p1c0;rule_uid: {21D66174-0E19-4B77-A1E9-3473FE991088};
<54>May 26 08:16:22 SymantecServer symantec.endpoint.ibm.lab: Commercial application detected,Computer name: COMP-1104601,Detection type: Commercial,Application name: DameWare Development DWRCS,Application type: Remote Control,Application version: 5\~ 5\~ 0\~ 0,Hash type: SHA-1,Application hash: 4670d9eeeab7449788be3b18e9364ef0088b900e,Company name: DameWare Development LLC,File size (bytes): 208896,Sensitivity: 0,Detection score: 1,Submission recommendation: 0,Permitted application reason: 0,Source: Heuristic Scan,Risk name:  ,Occurrences: 1,DWMRCS,"DWMRCS",Actual action: Left alone,Requested action: Left alone,Secondary action: Commercial application detection,Event time: 2017-05-26 08:16:22,Inserted: 2017-05-26 08:16:22,End: 2017-05-26 08:16:22,Domain: Default,Group: My Company	est,Server: testbox,User: testuser-69,Source computer:  ,Source IP: 0.0.0.0
<13>May 26 08:16:24 microsoft.sec.ibm.lab AgentDevice=WindowsLog	AgentLogFile=Security	Source=Security	Computer=COMP-testuser-63	User=testuser-63	Domain=	EventID=680	EventIDCode=680	EventType=8	EventCategory=9	RecordNumber=368212	TimeGenerated=1495800984	TimeWritten=1495800984	Message=Logon attempt by: MICROSOFT_AUTHENTICATION_PACKAGE_V1_0 Logon account: testuser-63 Source Workstation: COMP-testuser-63 Error Code: 0x0 
<187>May 26 08:16:26 ['9.9.9.9'] httpd[16986]: [error] [client 136.38.97.190] Invalid URI in request \xf7vMKp`ET&\xa4\x9c\xc9\xec\xd1\xd8j\r\xce\xd9\xd4\xb3\c7
<33>May 26 08:16:27 threecom.switch.ibm.lab %May 26 08:16:27 2017 S9500 VTY/5/VTY_LOG:  TELNET user failed to login from 56.219.18.103(000D-88F6-60E0) on VTY0.
<133>May 26 08:16:29 microsoft.event.ibm.lab MSWinEventLog 1 Security 102757633 Fri May 26 08:16:29 2017 4907 Microsoft-Windows-Security-Auditing N/A N/A Success Audit testuser-40 Audit Policy Change Auditing settings on object were changed. Subject: Security ID: S-1-5-18 Account Name: testuser-40 Account Domain: us.ibm.com Logon ID: 0x1081600 Object: Object Server: Security Object Type: File Object Name: \Windows\winsxs\test.wav Handle ID: 0x3a8 Process Information: Process ID: 0x59BD41 Process Name: C:\Windows\System32\wbengine.exe Auditing Settings: Original Security Descriptor: S:AI(AU;A;;WD) New Security Descriptor: S:ARAI(AU;SAFA;;;;WD)(AU;IDFA;B;;;WD) 858025
<187>May 26 08:16:30 ['9.9.9.9'] httpd[16986]: [error] [client 129.171.84.29] Invalid URI in request \xf7vMKp`ET&\xa4\x9c\xc9\xec\xd1\xd8j\r\xce\xd9\xd4\xb3\c7
<13>May 26 08:16:32 checkpoint.firewall.ibm.lab 26May2017  checkpoint.firewall.ibm.lab product: SmartDefense; src: 79.186.10.120; s_port: ; dst: 71.207.243.204; service: ; proto: udp; rule: ;Attack Info: Out-of-state DNS reply;Suppressed logs: 143;Total logs: 144;__policy_id_tag: product=VPN-1 & FireWall-1[db_tag={321A4EE6-7DEA-11DD-BFAA-C0A832822626};mgmt=fwmngt05;date=1220908070;policy_name=KillerWhale_gbl];alert: alert;attack: Invalid DNS;has_accounting: 0;i/f_dir: inbound;
<86>May 26 08:16:33 apple.macosx.ibm.lab com.apple.SecurityServer: authinternal authenticated user testuser-30 (uid 80545).
<25>May 26 08:16:35 apple.macosx.ibm.lab DirectoryService[51]: Failed Authentication return is being delayed due to over five recent auth failures for username: testuser-64.
<26>May 26 08:16:37 ambiron.ipangel.ibm.lab ipangel-ips: [2017-05-26 08:16:37-05] alert [Priority: 9] [119:14:1] [(http_inspect) NON-RFC DEFINED CHAR] 99.123.52.13:63126 TCP 37.102.38.236:80 br0
<54>May 26 08:16:38 SymantecServer symantec.endpoint.ibm.lab: Potential risk found,Computer name: COMP-1092025,Detection type: Heuristic,Application name: (Unknown),Application type: Trojan Worm,Application version: ,Hash type: SHA-1,Application hash: 72c874f212a18944ff56f774bfe7252346b93f8e,Company name: ,File size (bytes): 301568,Sensitivity: 0,Detection score: 40,Submission recommendation:1,Permitted application reason: 0,Source: Heuristic Scan,Risk name: ,Occurrences: 1,c:\claims\claims32.exe,"",Actual action: Left alone,Requested action: Left alone,Secondary action: Left alone,Event time: 2017-05-26 08:16:38,Inserted:2017-05-26 08:16:38,End:  2017-05-26 08:16:38,Domain: Default,Group: My Company\LTC\Desktops,Server: crasesssmc01,User: testuser-72,Source computer: ,Source IP: 0.0.0.0
<26>May 26 08:16:40 ambiron.ipangel.ibm.lab ipangel-ips: [2017-05-26 08:16:40-05] alert [Priority: 9] [119:14:1] [(http_inspect) NON-RFC DEFINED CHAR] 79.186.10.120:64165 TCP 80.242.181.231:80 br0
<182>May 26 08:16:41 apache.httpd.ibm.lab httpd: 120.171.20.155 103.200.8.119 - - [26/May/2017:08:16:41 -0500] "OPTIONS /cgi-bin/index.php HTTP/1.1" 200 443 -
<190>May 26 08:16:43 arbor.pravail.ibm.lab pravail-aps: Blocked Host: Blocked host 136.38.97.190 at 10:52 by Invalid Packets using TCP/0 (Unknown) destination 59.24.89.147,URL: https://arbornetworks.pravail.test.com/chaos/
<27>May 26 08:16:44 ambiron.ipangel.ibm.lab ipangel-ips: [2017-05-26 08:16:44-05] alert [Priority: 9] [119:2:1] [(http_inspect) DOUBLE DECODING ATTACK] 15.83.16.235:58001 TCP 93.245.174.38:80 br0
<13>May 26 08:16:46 microsoft.sec.ibm.lab AgentDevice=WindowsLog	AgentLogFile=Security	Source=Security	Computer=COMP-rogueUser-5	User=rogueUser-5	Domain=	EventID=672	EventIDCode=672	EventType=16	EventCategory=9	RecordNumber=273052	TimeGenerated=1495801006	TimeWritten=1495801006	Message=Authentication Ticket Request: User Name: rogueUser-5 Supplied Realm Name: us.ibm.com User ID: %{S-1-2-3-1121481} Service Name: krbtgt Service ID: %{S-3-2-1-EB1FE8} Ticket Options: 0x40810010 Result Code: - Ticket Encryption Type: 0x17 Pre-Authentication Type: 2 Client Address: 136.194.156.174 Certificate Issuer Name:  Certificate Serial Number:  Certificate Thumbprint: 
<26>May 26 08:16:48 ambiron.ipangel.ibm.lab ipangel-ips: [2017-05-26 08:16:48-05] alert [Priority: 9] [119:14:1] [(http_inspect) NON-RFC DEFINED CHAR] 218.111.178.29:54569 TCP 128.56.91.231:80 br0
<190>May 26 08:16:49 arbor.pravail.ibm.lab pravail-aps: Blocked Host: Blocked host 54.11.145.63 at 10:53 by Malformed HTTP Filtering using TCP/80 (HTTP) destination 41.114.16.102 source port 51339,URL: https://arbornetworks.pravail.test.com/chaos/
<86>May 26 08:16:51 apple.macosx.ibm.lab sshd[5590]: Failed password for invalid user testuser-42 from 204.202.114.42 port 52713 ssh2
<129>May 26 08:16:52 barracuda.firewall.ibm.lab WF ALER CROSS_SITE_SCRIPTING_IN_PARAM 212.2.111.4 52960 195.72.48.33 443 security-policy GLOBAL DENY NONE [type="cross-site-scripting" pattern="script-tag" token="<script>" Parameter="url" value="<script>alert(5341)</script>"] GET 195.72.48.33/redirect.asp?url=<script>alert(5341)</script> HTTPS "-" ""-"" 195.72.48.33 59845 "-" "-"
<33>May 26 08:16:54 threecom.switch.ibm.lab %May 26 08:16:54 2017 S9500 FTPS/5/USEROUT: User testuser-89(54.11.145.63) logged out
<129>May 26 08:16:55 barracuda.firewall.ibm.lab WF ALER METACHARACTER_IN_PARAMETER 56.219.18.103 49590 89.181.254.120 443 security-policy GLOBAL DENY NONE [token="%00 " Parameter="article" value="../../../../../../../../etc/passwd"] GET 89.181.254.120/talkback.cgi?article=../../../../../../../../etc/passwd%00&action=view&matchview=1 HTTPS "-" ""-"" 89.181.254.120 49590 "-" "-"
<14>May 26 08:16:57 Message forwarded from aix.ibm.lab: ftp[random_number_1_to_999999]: ftp: IMPORT user testuser-13, host 51.18.44.104, local test_file, remote /data/savedata/test_file.dat.
<26>May 26 08:16:58 ambiron.ipangel.ibm.lab ipangel-ips: [2017-05-26 08:16:58-05] alert [Priority: 9] [119:14:1] [(http_inspect) NON-RFC DEFINED CHAR] 30.90.182.58:61011 TCP 43.143.143.78:80 br0
<187>May 26 08:17:00 ['9.9.9.9'] httpd[16986]: [error] [client 165.11.95.213] Invalid URI in request \xf7vMKp`ET&\xa4\x9c\xc9\xec\xd1\xd8j\r\xce\xd9\xd4\xb3\c7
<13>May 26 08:17:02 microsoft.sec.ibm.lab AgentDevice=WindowsLog	AgentLogFile=Security	Source=Security	Computer=COMP-rogueUser-4	User=rogueUser-4	Domain=	EventID=529	EventIDCode=529	EventType=16	EventCategory=2	RecordNumber=989490	TimeGenerated=1495801022	TimeWritten=1495801022	Message=Successful Network Logon: User Name: Domain: Logon ID: (0x0,0x1119364) Logon Type: 3 Logon Process: NtLmSsp Authentication Package: NTLM Workstation Name: COMP-rogueUser-4 Logon GUID: - Caller User Name: - Caller Domain: - Caller Logon ID: - Caller Process ID: - Transited Services: - Source Network Address: 128.234.158.118 Source Port: 0
<33>May 26 08:17:03 threecom.switch.ibm.lab %May 26 08:17:03 2017 S9500 AAA/2/Serious error!: User rogueUser-1, in ACM send msg to SC failed! Returns 1 srcID 6 msgType 16384.
<187>May 26 08:17:05 ['9.9.9.9'] httpd[16986]: [error] [client 136.38.97.190] Invalid URI in request \xf7vMKp`ET&\xa4\x9c\xc9\xec\xd1\xd8j\r\xce\xd9\xd4\xb3\c7
<54>May 26 08:17:06 SymantecServer symantec.endpoint.ibm.lab: testbox-abc,[SID: 21590] P2P Edonkey Ping Message detected.  Traffic has been allowed from this application: C:\Program Files\easyMule\emule.exe,Local: 113.146.67.20,Local: 00218696B978,Remote: ,Remote: 59.92.158.76,Remote: 000000000000,Outbound,OTHERS,Intrusion ID: 0,Begin: 2017-05-26 08:17:06,End: 2017-05-26 08:17:06,Occurrences: 1,Application: C:/Program Files/easyMule/emule.exe,Location: Default,User: testuser-8,Domain: us.ibm.com
<25>May 26 08:17:08 apple.macosx.ibm.lab DirectoryService[51]: Failed Authentication return is being delayed due to over five recent auth failures for username: testuser-9.
<33>May 26 08:17:09 threecom.switch.ibm.lab %May 26 08:17:09 2017 S9500 RTA/3/Failed to start accounting: Failed to start traffic accounting for user 136.38.97.190 on board 6
<190>May 26 08:17:11 arbor.pravail.ibm.lab pravail-aps: Blocked Host: Blocked host 212.2.111.4 10:53 by TCP Connection Reset using TCP/59655 (Unknown) destination 122.242.4.39 source port 443,URL: https://arbornetworks.pravail.test.com/chaos/
<54>May 26 08:17:13 SymantecServer symantec.endpoint.ibm.lab: testbox-abc,[SID: 21590] P2P Edonkey Ping Message detected.  Traffic has been allowed from this application: C:\Program Files\easyMule\emule.exe,Local: 179.174.48.208,Local: 00218696B978,Remote: ,Remote: 199.208.251.247,Remote: 000000000000,Outbound,OTHERS,Intrusion ID: 0,Begin: 2017-05-26 08:17:13,End: 2017-05-26 08:17:13,Occurrences: 1,Application: C:/Program Files/easyMule/emule.exe,Location: Default,User: testuser-97,Domain: us.ibm.com
<13>May 26 08:17:14 microsoft.sec.ibm.lab AgentDevice=WindowsLog	AgentLogFile=Security	Source=Security	Computer=COMP-testuser-53	User=testuser-53	Domain=	EventID=672	EventIDCode=672	EventType=8	EventCategory=9	RecordNumber=337645	TimeGenerated=1495801034	TimeWritten=1495801034	Message=Authentication Ticket Request: User Name: testuser-53 Supplied Realm Name: us.ibm.com User ID: %{S-1-2-3-1089936} Service Name: krbtgt Service ID: %{S-3-2-1-A3BC51} Ticket Options: 0x40810010 Result Code: - Ticket Encryption Type: 0x17 Pre-Authentication Type: 2 Client Address: 136.38.97.190 Certificate Issuer Name:  Certificate Serial Number:  Certificate Thumbprint: 
<189>May 26 08:17:16 ['9.9.9.9'] authmgr[504]: <NOTI> login <00:1c:bf:ca:2b:98  79.186.10.120 testuser-37>method=802.1x, server=TEST001, role=Authenticated Update(status 0 method 0 role 16), reauth=1800 sec
<129>May 26 08:17:17 barracuda.firewall.ibm.lab WF ALER CROSS_SITE_SCRIPTING_IN_URL 51.18.44.104 57133 136.74.41.243 80 security-policy GLOBAL DENY NONE [type="cross-site-scripting" pattern="script-tag" token="<script>"] GET 136.74.41.243/<script>alert(53416)</script> HTTP "-" ""-"" 136.74.41.243 48541 "-" "-"
<13>May 26 08:17:19 microsoft.sec.ibm.lab AgentDevice=WindowsLog	AgentLogFile=Security	Source=Security	Computer=COMP-testuser-24	User=testuser-24	Domain=	EventID=540	EventIDCode=540	EventType=8	EventCategory=2	RecordNumber=415413	TimeGenerated=1495801039	TimeWritten=1495801039	Message=Successful Network Logon: User Name: Domain: Logon ID: (0x0,0x1085764) Logon Type: 3 Logon Process: NtLmSsp Authentication Package: NTLM Workstation Name: COMP-testuser-24 Logon GUID: - Caller User Name: - Caller Domain: - Caller Logon ID: - Caller Process ID: - Transited Services: - Source Network Address: 201.150.192.18 Source Port: 0
<54>May 26 08:17:20 SymantecServer symantec.endpoint.ibm.lab: Security risk found,Computer name: COMP-990025,Source: Scheduled Scan,Risk name: VirusDoctor,Occurrences: 1,c:/System Volume Information/_restore{A3F5C2A3-F289-4356-B021-1FEFEFB73CBD}/RP243/A0070465.exe,"",Actual action: Quarantined,Requested action: Quarantined,Secondary action: Left alone,Event time: 2017-05-26 08:17:20,Inserted:2017-05-26 08:17:20,End: 2017-05-26 08:17:20,Domain: Default,Group: My Company	est,Server: avp1,User: testuser-7,Source computer:  ,Source IP: 0.0.0.0
<190>May 26 08:17:22 arbor.pravail.ibm.lab pravail-aps: Blocked Host: Blocked host 218.111.178.29 at 10:52 by Invalid Packets using TCP/0 (Unknown) destination 9.226.158.237,URL: https://arbornetworks.pravail.test.com/chaos/
<187>May 26 08:17:24 ['9.9.9.9'] httpd[16986]: [error] [client 79.186.10.120] Invalid URI in request \xf7vMKp`ET&\xa4\x9c\xc9\xec\xd1\xd8j\r\xce\xd9\xd4\xb3\c7
<27>May 26 08:17:25 ambiron.ipangel.ibm.lab ipangel-ips: [2017-05-26 08:17:25-05] alert [Priority: 9] [119:2:1] [(http_inspect) DOUBLE DECODING ATTACK] 30.90.182.58:52255 TCP 17.118.212.235:80 br0
<133>May 26 08:17:27 microsoft.event.ibm.lab MSWinEventLog 1 Security 102757633 Fri May 26 08:17:27 2017 4907 Microsoft-Windows-Security-Auditing N/A N/A Success Audit testuser-94 Audit Policy Change Auditing settings on object were changed. Subject: Security ID: S-1-5-18 Account Name: testuser-94 Account Domain: us.ibm.com Logon ID: 0x1100401 Object: Object Server: Security Object Type: File Object Name: \Windows\winsxs\test.wav Handle ID: 0x3a8 Process Information: Process ID: 0x2FE5B3 Process Name: C:\Windows\System32\wbengine.exe Auditing Settings: Original Security Descriptor: S:AI(AU;A;;WD) New Security Descriptor: S:ARAI(AU;SAFA;;;;WD)(AU;IDFA;B;;;WD) 902884
<182>May 26 08:17:28 apache.httpd.ibm.lab httpd: 201.150.192.18 2.195.222.205 - - [26/May/2017:08:17:28 -0500] "GET / HTTP/1.0" 200 443 9334
<38>May 26 08:17:30 sshd[329876]: Invalid user testuser-35 from 42.13.201.251
<26>May 26 08:17:31 ambiron.ipangel.ibm.lab ipangel-ips: [2017-05-26 08:17:31-05] alert [Priority: 9] [119:14:1] [(http_inspect) NON-RFC DEFINED CHAR] 30.90.182.58:59598 TCP 158.14.176.133:80 br0
<190>May 26 08:17:33 arbor.pravail.ibm.lab pravail-aps: Blocked Host: Blocked host 51.18.44.104 10:53 by TCP Connection Reset using TCP/51678 (Unknown) destination 82.187.117.61 source port 443,URL: https://arbornetworks.pravail.test.com/chaos/
<54>May 26 08:17:34 SymantecServer symantec.endpoint.ibm.lab: Potential risk found,Computer name: COMP-982081,Detection type: Heuristic,Application name: (Unknown),Application type: Trojan Worm,Application version: ,Hash type: SHA-1,Application hash: 72c874f212a18944ff56f774bfe7252346b93f8e,Company name: ,File size (bytes): 301568,Sensitivity: 0,Detection score: 40,Submission recommendation:1,Permitted application reason: 0,Source: Heuristic Scan,Risk name: ,Occurrences: 1,c:\claims\claims32.exe,"",Actual action: Left alone,Requested action: Left alone,Secondary action: Left alone,Event time: 2017-05-26 08:17:34,Inserted:2017-05-26 08:17:34,End:  2017-05-26 08:17:34,Domain: Default,Group: My Company\LTC\Desktops,Server: crasesssmc01,User: testuser-3,Source computer: ,Source IP: 0.0.0.0
<33>May 26 08:17:36 threecom.switch.ibm.lab %May 26 08:17:36 2017 S9500 RTA/3/Failed to start accounting: Failed to start traffic accounting for user 136.38.97.190 on board 6
<26>May 26 08:17:38 ambiron.ipangel.ibm.lab ipangel-ips: [2017-05-26 08:17:38-05] alert [Priority: 9] [119:14:1] [(http_inspect) NON-RFC DEFINED CHAR] 20.135.51.253:60206 TCP 164.53.121.222:80 br0
<157>May 26 08:17:39 microsoft.event.ibm.lab MSWinEventLog	4	Security	60703	Fri May 26 08:17:39 2017	552	Security	NETWORK SERVICE	Well Known Group	Success Audit	testuser-41	Logon/Logoff		Logon attempt using explicit credentials: Logged on user:  User Name: NETWORK SERVICE  Domain: NT AUTHORITY  Logon ID: (0x0,0x1083681)  Logon GUID: -  User whose credentials were used:  Target User Name: testuser-41  Target Domain: us.ibm.com Target Logon GUID: -  Target Server Name: localhost  Target Server Info: localhost  Caller Process ID: 581116  Source Network Address: -  Source Port: - 	56794
<129>May 26 08:17:41 barracuda.firewall.ibm.lab WF ALER SLASH_DOT_IN_URL 132.146.155.198 50928 190.32.141.78 443 security-policy GLOBAL DENY NONE ["-"] GET 190.32.141.78/themes/default/css/.htaccess HTTPS "-" ""-"" 190.32.141.78 44428 "-" "-"
<54>May 26 08:17:42 SymantecServer symantec.endpoint.ibm.lab: Potential risk found,Computer name: COMP-1092025,Detection type: Heuristic,Application name: (Unknown),Application type: Trojan Worm,Application version: ,Hash type: SHA-1,Application hash: 72c874f212a18944ff56f774bfe7252346b93f8e,Company name: ,File size (bytes): 301568,Sensitivity: 0,Detection score: 40,Submission recommendation:1,Permitted application reason: 0,Source: Heuristic Scan,Risk name: ,Occurrences: 1,c:\claims\claims32.exe,"",Actual action: Left alone,Requested action: Left alone,Secondary action: Left alone,Event time: 2017-05-26 08:17:42,Inserted:2017-05-26 08:17:42,End:  2017-05-26 08:17:42,Domain: Default,Group: My Company\LTC\Desktops,Server: crasesssmc01,User: testuser-81,Source computer: ,Source IP: 0.0.0.0
<182>May 26 08:17:44 apache.httpd.ibm.lab httpd: 56.219.18.103 50.163.168.48 - - [26/May/2017:08:17:44 -0500] "HEAD / HTTP/1.1" 200 443 -
<27>May 26 08:17:45 ambiron.ipangel.ibm.lab ipangel-ips: [2017-05-26 08:17:45-05] alert [Priority: 9] [119:2:1] [(http_inspect) DOUBLE DECODING ATTACK] 218.111.178.29:60165 TCP 107.17.249.39:80 br0
<25>May 26 08:17:47 ambiron.ipangel.ibm.lab ipangel-ips: [2017-05-26 08:17:47-05] alert [Priority: 9] [116:46:1] [(snort_decoder) WARNING: TCP Data Offset is less than 5!] 128.234.158.118:53889 TCP 216.115.76.97:80 br0
<133>May 26 08:17:49 microsoft.event.ibm.lab MSWinEventLog 1 Security 102757633 Fri May 26 08:17:49 2017 4907 Microsoft-Windows-Security-Auditing N/A N/A Success Audit testuser-100 Audit Policy Change Auditing settings on object were changed. Subject: Security ID: S-1-5-18 Account Name: testuser-100 Account Domain: us.ibm.com Logon ID: 0x1177225 Object: Object Server: Security Object Type: File Object Name: \Windows\winsxs\test.wav Handle ID: 0x3a8 Process Information: Process ID: 0x95AC8A Process Name: C:\Windows\System32\wbengine.exe Auditing Settings: Original Security Descriptor: S:AI(AU;A;;WD) New Security Descriptor: S:ARAI(AU;SAFA;;;;WD)(AU;IDFA;B;;;WD) 73148
<54>May 26 08:17:50 SymantecServer symantec.endpoint.ibm.lab: Commercial application detected,Computer name: COMP-1108809,Detection type: Commercial,Application name: DameWare Development DWRCS,Application type: Remote Control,Application version: 5\~ 5\~ 0\~ 0,Hash type: SHA-1,Application hash: 4670d9eeeab7449788be3b18e9364ef0088b900e,Company name: DameWare Development LLC,File size (bytes): 208896,Sensitivity: 0,Detection score: 1,Submission recommendation: 0,Permitted application reason: 0,Source: Heuristic Scan,Risk name:  ,Occurrences: 1,DWMRCS,"DWMRCS",Actual action: Left alone,Requested action: Left alone,Secondary action: Commercial application detection,Event time: 2017-05-26 08:17:50,Inserted: 2017-05-26 08:17:50,End: 2017-05-26 08:17:50,Domain: Default,Group: My Company	est,Server: testbox,User: testuser-98,Source computer:  ,Source IP: 0.0.0.0
<179>May 26 08:17:52 apache.httpd.ibm.lab httpd[5570]: [ID 702911 local6.error] [error] [client 30.90.182.58] Certificate Verification: Error (10): certificate has expired
<157>May 26 08:17:53 microsoft.event.ibm.lab MSWinEventLog	4	Security	60703	Fri May 26 08:17:53 2017	552	Security	NETWORK SERVICE	Well Known Group	Success Audit	testuser-53	Logon/Logoff		Logon attempt using explicit credentials: Logged on user:  User Name: NETWORK SERVICE  Domain: NT AUTHORITY  Logon ID: (0x0,0x1089936)  Logon GUID: -  User whose credentials were used:  Target User Name: testuser-53  Target Domain: us.ibm.com Target Logon GUID: -  Target Server Name: localhost  Target Server Info: localhost  Caller Process ID: 339581  Source Network Address: -  Source Port: - 	56794
<13>May 26 08:17:55 microsoft.sec.ibm.lab AgentDevice=WindowsLog	AgentLogFile=Security	Source=Security	Computer=COMP-testuser-53	User=testuser-53	Domain=	EventID=672	EventIDCode=672	EventType=16	EventCategory=9	RecordNumber=783647	TimeGenerated=1495801075	TimeWritten=1495801075	Message=Authentication Ticket Request: User Name: testuser-53 Supplied Realm Name: us.ibm.com User ID: %{S-1-2-3-1089936} Service Name: krbtgt Service ID: %{S-3-2-1-31C875} Ticket Options: 0x40810010 Result Code: - Ticket Encryption Type: 0x17 Pre-Authentication Type: 2 Client Address: 110.168.64.196 Certificate Issuer Name:  Certificate Serial Number:  Certificate Thumbprint: 
<33>May 26 08:17:56 threecom.switch.ibm.lab %May 26 08:17:56 2017 S9500 PORTAL/5/PT_LOG: Online user 201.150.192.18 changes to 174.48.143.40, we will cut it off as using traffic-acct.
<33>May 26 08:17:58 threecom.switch.ibm.lab %May 26 08:17:58 2017 S9500 FTPS/5/USERIN: User testuser-22(51.18.44.104) login succeeded
<54>May 26 08:18:00 SymantecServer symantec.endpoint.ibm.lab: Potential risk found,Computer name: COMP-1094116,Detection type: Heuristic,Application name: (Unknown),Application type: Trojan Worm,Application version: ,Hash type: SHA-1,Application hash: 72c874f212a18944ff56f774bfe7252346b93f8e,Company name: ,File size (bytes): 301568,Sensitivity: 0,Detection score: 40,Submission recommendation:1,Permitted application reason: 0,Source: Heuristic Scan,Risk name: ,Occurrences: 1,c:\claims\claims32.exe,"",Actual action: Left alone,Requested action: Left alone,Secondary action: Left alone,Event time: 2017-05-26 08:18:00,Inserted:2017-05-26 08:18:00,End:  2017-05-26 08:18:00,Domain: Default,Group: My Company\LTC\Desktops,Server: crasesssmc01,User: testuser-46,Source computer: ,Source IP: 0.0.0.0
<38>May 26 08:18:01 sshd[900496]: Failed keyboard-interactive for invalid user rogueUser-2 from 137.38.197.140 port 54881 ssh2
<13>May 26 08:18:03 checkpoint.firewall.ibm.lab 26May2017  checkpoint.firewall.ibm.lab product: SmartDefense; src: 212.2.111.4; s_port: ; dst: 185.124.231.9; service: ; proto: udp; rule: ;Attack Info: Bad domain format, illegal ASCII value in domain;Suppressed logs: 1;Total logs: 2;__policy_id_tag: product=VPN-1 & FireWall-1[db_tag={9B20E8EA-7DE6-11DD-B7D6-C0A832D11E1E};mgmt=fwmngt-zentral;date=1220906528;policy_name=Vulpine_gbl];alert: alert;attack: Invalid DNS;has_accounting: 0;i/f_dir: inbound;
<25>May 26 08:18:04 ambiron.ipangel.ibm.lab ipangel-ips: [2017-05-26 08:18:04-05] alert [Priority: 9] [116:46:1] [(snort_decoder) WARNING: TCP Data Offset is less than 5!] 202.207.224.25:56703 TCP 218.18.102.153:80 br0
<182>May 26 08:18:06 apache.httpd.ibm.lab httpd: 201.150.192.18 129.247.34.73 - - [26/May/2017:08:18:06 -0500] "POST /test.php?doing_test=123 HTTP/1.0" 404 80 282
<13>May 26 08:18:07 microsoft.sec.ibm.lab AgentDevice=WindowsLog	AgentLogFile=Security	Source=Security	Computer=COMP-testuser-1	User=testuser-1	Domain=	EventID=529	EventIDCode=529	EventType=16	EventCategory=2	RecordNumber=71267	TimeGenerated=1495801087	TimeWritten=1495801087	Message=Successful Network Logon: User Name: Domain: Logon ID: (0x0,0x978121) Logon Type: 3 Logon Process: NtLmSsp Authentication Package: NTLM Workstation Name: COMP-testuser-1 Logon GUID: - Caller User Name: - Caller Domain: - Caller Logon ID: - Caller Process ID: - Transited Services: - Source Network Address: 44.111.228.125 Source Port: 0
<54>May 26 08:18:09 SymantecServer symantec.endpoint.ibm.lab: DCA-EMAPROJ2,Allowed,"C:\Program Files\Common Files\Symantec Shared\ccSvcHst.exe",,Begin: 2017-05-26 08:18:09,End:2017-05-26 08:18:09,Rule: ,2528,C:/Program Files/Microsoft Virtual Server/vmh.exe,0,,C:/ProgramFiles/Common Files/Symantec Shared/ccSvcHst.exe,User: testuser-41,Domain: US
<13>May 26 08:18:10 microsoft.sec.ibm.lab AgentDevice=WindowsLog	AgentLogFile=Security	Source=Security	Computer=COMP-testuser-80	User=testuser-80	Domain=	EventID=675	EventIDCode=675	EventType=16	EventCategory=9	RecordNumber=301434	TimeGenerated=1495801090	TimeWritten=1495801090	Message=Pre-authentication failed: User Name: testuser-80 User ID: %{S-1-2-3-1089936} Service Name: krbtgt Pre-Authentication Type: 0x2 Failure Code: 0x18 Client Address: 178.224.33.157 
<13>May 26 08:18:12 checkpoint.firewall.ibm.lab 26May2017 drop checkpoint.firewall.ibm.lab product: SmartDefense; src: 83.87.204.105; s_port: 58443; dst: 22.210.130.153; service: 443; proto: tcp; rule: 392;Attack Info: TCP segment out of maximum allowed sequence. Packet dropped.;Confidence Level: 0;Performance Impact: 0;Protection Name: TCP Segment Limit Enforcement;Protection Type: settings_tcp;Severity: 0;SmartDefense Profile: Boticario_DMZ_Protection;__policy_id_tag: product=VPN-1 & FireWall-1[db_tag={E94ECB65-34C0-4740-9634-761E1604C8BC};mgmt=SJP1PLNX036-DMZ;date=1424714440;policy_name=DMZ];attack: Streaming Engine: TCP Segment Limit Enforcement;has_accounting: 0;i/f_dir: inbound;i/f_name: eth2-01.2809;origin_sic_name: CN=TEST-DMZ1,O=log_server_hostname;protection_id: tcp_segment_limit;rule_uid: {499DBB08-D262-4D9F-B639-5337A7B36E59};snid: 7572c682;src_machine_name: COMP-testuser-69;src_user_name: testuser-69 ;user: testuser-69 ;
<190>May 26 08:18:14 arbor.pravail.ibm.lab pravail-aps: Blocked Host: Blocked host 30.90.182.58 10:53 by TCP Connection Reset using TCP/56950 (Unknown) destination 187.136.132.132 source port 443,URL: https://arbornetworks.pravail.test.com/chaos/
<25>May 26 08:18:15 apple.macosx.ibm.lab DirectoryService[51]: Failed Authentication return is being delayed due to over five recent auth failures for username: testuser-94.
<179>May 26 08:18:17 apache.httpd.ibm.lab httpd[5570]: [ID 702911 local6.error] [error] [client 201.150.192.18] Certificate Verification: Error (10): certificate has expired
<13>May 26 08:18:18 checkpoint.firewall.ibm.lab 26May2017 drop checkpoint.firewall.ibm.lab product: SmartDefense; src: 120.171.20.155; s_port: 58478; dst: 125.87.27.138; service: 443; proto: tcp; rule: 392;Attack Info: TCP segment out of maximum allowed sequence. Packet dropped.;Confidence Level: 0;Performance Impact: 0;Protection Name: TCP Segment Limit Enforcement;Protection Type: settings_tcp;Severity: 0;SmartDefense Profile: Boticario_DMZ_Protection;__policy_id_tag: product=VPN-1 & FireWall-1[db_tag={E94ECB65-34C0-4740-9634-761E1604C8BC};mgmt=SJP1PLNX036-DMZ;date=1424714440;policy_name=DMZ];attack: Streaming Engine: TCP Segment Limit Enforcement;has_accounting: 0;i/f_dir: inbound;i/f_name: eth2-01.2809;origin_sic_name: CN=TEST-DMZ1,O=log_server_hostname;protection_id: tcp_segment_limit;rule_uid: {499DBB08-D262-4D9F-B639-5337A7B36E59};snid: 7572c682;src_machine_name: COMP-testuser-67;src_user_name: testuser-67 ;user: testuser-67 ;
<13>May 26 08:18:20 microsoft.sec.ibm.lab AgentDevice=WindowsLog	AgentLogFile=Security	Source=Security	Computer=COMP-rogueUser-2	User=rogueUser-2	Domain=	EventID=680	EventIDCode=680	EventType=16	EventCategory=9	RecordNumber=908672	TimeGenerated=1495801100	TimeWritten=1495801100	Message=Logon attempt by: MICROSOFT_AUTHENTICATION_PACKAGE_V1_0 Logon account: rogueUser-2 Source Workstation: COMP-rogueUser-2 Error Code: 0x0 
<13>May 26 08:18:21 checkpoint.firewall.ibm.lab 26May2017  checkpoint.firewall.ibm.lab product: SmartDefense; src: 56.219.18.103; s_port: ; dst: 221.240.114.151; service: ; proto: icmp; rule: ;Attack Info: Echo request too big;Suppressed logs: 1;Total logs: 2;__policy_id_tag: product=VPN-1 & FireWall-1[db_tag={B5A7057E-7F61-11DD-AA43-C0A832D12424};mgmt=fwmngt-zentral;date=1221069352;policy_name=Spider_gbl];alert: alert;attack: Large ping;has_accounting: 0;i/f_dir: inbound;
<54>May 26 08:18:23 SymantecServer symantec.endpoint.ibm.lab: testbox-abc,[SID: 21590] P2P Edonkey Ping Message detected.  Traffic has been allowed from this application: C:\Program Files\easyMule\emule.exe,Local: 167.227.124.53,Local: 00218696B978,Remote: ,Remote: 128.181.242.241,Remote: 000000000000,Outbound,OTHERS,Intrusion ID: 0,Begin: 2017-05-26 08:18:23,End: 2017-05-26 08:18:23,Occurrences: 1,Application: C:/Program Files/easyMule/emule.exe,Location: Default,User: testuser-5,Domain: us.ibm.com
<38>May 26 08:18:25 sshd[692451]: Invalid user testuser-97 from 179.174.48.208
<26>May 26 08:18:26 ambiron.ipangel.ibm.lab ipangel-ips: [2017-05-26 08:18:26-05] alert [Priority: 9] [119:14:1] [(http_inspect) NON-RFC DEFINED CHAR] 33.195.94.29:53408 TCP 22.229.27.108:80 br0
<187>May 26 08:18:28 ['9.9.9.9'] httpd[16986]: [error] [client 20.135.51.253] Invalid URI in request \xf7vMKp`ET&\xa4\x9c\xc9\xec\xd1\xd8j\r\xce\xd9\xd4\xb3\c7
<83>May 26 08:18:29 apple.macosx.ibm.lab com.apple.SecurityServer: authinternal failed to authenticate user testuser-91.
<27>May 26 08:18:31 ambiron.ipangel.ibm.lab ipangel-ips: [2017-05-26 08:18:31-05] alert [Priority: 9] [119:2:1] [(http_inspect) DOUBLE DECODING ATTACK] 20.135.51.253:50254 TCP 7.130.187.148:80 br0
<157>May 26 08:18:32 microsoft.event.ibm.lab MSWinEventLog	4	Security	60703	Fri May 26 08:18:32 2017	552	Security	NETWORK SERVICE	Well Known Group	Success Audit	testuser-67	Logon/Logoff		Logon attempt using explicit credentials: Logged on user:  User Name: NETWORK SERVICE  Domain: NT AUTHORITY  Logon ID: (0x0,0x1100401)  Logon GUID: -  User whose credentials were used:  Target User Name: testuser-67  Target Domain: us.ibm.com Target Logon GUID: -  Target Server Name: localhost  Target Server Info: localhost  Caller Process ID: 385290  Source Network Address: -  Source Port: - 	56794
<129>May 26 08:18:34 barracuda.firewall.ibm.lab WF ALER METHOD_NOT_ALLOWED 136.38.97.190 49462 219.25.76.49 80 security-policy GLOBAL DENY NONE [Method="ABCD"] ABCD 219.25.76.49/ HTTP "-" ""-"" 219.25.76.49 48536 "-" "-"
<25>May 26 08:18:36 ambiron.ipangel.ibm.lab ipangel-ips: [2017-05-26 08:18:36-05] alert [Priority: 9] [116:46:1] [(snort_decoder) WARNING: TCP Data Offset is less than 5!] 218.111.178.29:54598 TCP 220.15.9.151:80 br0
<27>May 26 08:18:37 ambiron.ipangel.ibm.lab ipangel-ips: [2017-05-26 08:18:37-05] alert [Priority: 9] [119:2:1] [(http_inspect) DOUBLE DECODING ATTACK] 147.198.103.40:49269 TCP 74.159.125.15:80 br0
<38>May 26 08:18:39 Message forwarded from aix.ibm.lab: syslog: pts/2: failed login attempt for testuser-63 from 218.111.178.29
<86>May 26 08:18:40 apple.macosx.ibm.lab com.apple.SecurityServer: authinternal authenticated user testuser-47 (uid 97233).
<13>May 26 08:18:42 checkpoint.firewall.ibm.lab 26May2017  checkpoint.firewall.ibm.lab product: SmartDefense; src: 15.83.16.235; s_port: ; dst: 153.31.70.174; service: ; proto: udp; rule: ;Attack Info: Bad domain format, illegal ASCII value in domain;Suppressed logs: 1;Total logs: 2;__policy_id_tag: product=VPN-1 & FireWall-1[db_tag={9B20E8EA-7DE6-11DD-B7D6-C0A832D11E1E};mgmt=fwmngt-zentral;date=1220906528;policy_name=Vulpine_gbl];alert: alert;attack: Invalid DNS;has_accounting: 0;i/f_dir: inbound;
<190>May 26 08:18:43 arbor.pravail.ibm.lab pravail-aps: Blocked Host: Blocked host 120.171.20.155 at 10:53 by Malformed HTTP Filtering using TCP/80 (HTTP) destination 182.213.37.225 source port 62131,URL: https://arbornetworks.pravail.test.com/chaos/
<38>May 26 08:18:45 sshd[2900]: Address 212.2.111.4 maps to test.ibm.com, but this does not map back to the address - POSSIBLE BREAK-IN ATTEMPT!
<14>May 26 08:18:46 Message forwarded from aix.ibm.lab: ftp[random_number_1_to_999999]: ftp: EXPORT user testuser-3, host 213.39.172.85, local test_script.sh, remote test_script.sh.
<187>May 26 08:18:48 ['9.9.9.9'] httpd[16986]: [error] [client 30.90.182.58] Invalid URI in request \xf7vMKp`ET&\xa4\x9c\xc9\xec\xd1\xd8j\r\xce\xd9\xd4\xb3\c7
<33>May 26 08:18:50 threecom.switch.ibm.lab %May 26 08:18:50 2017 S9500 FTPS/5/USEROUT: User testuser-95(212.2.111.4) logged out
<33>May 26 08:18:51 threecom.switch.ibm.lab %May 26 08:18:51 2017 S9500 RTA/3/Failed to start accounting: Failed to start traffic accounting for user 137.38.197.140 on board 6
<54>May 26 08:18:53 SymantecServer symantec.endpoint.ibm.lab: Potential risk found,Computer name: COMP-1096209,Detection type: Heuristic,Application name: (Unknown),Application type: Trojan Worm,Application version: ,Hash type: SHA-1,Application hash: 72c874f212a18944ff56f774bfe7252346b93f8e,Company name: ,File size (bytes): 301568,Sensitivity: 0,Detection score: 40,Submission recommendation:1,Permitted application reason: 0,Source: Heuristic Scan,Risk name: ,Occurrences: 1,c:\claims\claims32.exe,"",Actual action: Left alone,Requested action: Left alone,Secondary action: Left alone,Event time: 2017-05-26 08:18:53,Inserted:2017-05-26 08:18:53,End:  2017-05-26 08:18:53,Domain: Default,Group: My Company\LTC\Desktops,Server: crasesssmc01,User: testuser-29,Source computer: ,Source IP: 0.0.0.0
<187>May 26 08:18:54 ['9.9.9.9'] httpd[16986]: [error] [client 213.39.172.85] Invalid URI in request \xf7vMKp`ET&\xa4\x9c\xc9\xec\xd1\xd8j\r\xce\xd9\xd4\xb3\c7
<33>May 26 08:18:56 threecom.switch.ibm.lab %May 26 08:18:56 2017 S9500 RTA/3/Failed to get user traffic: Failed to get traffic of user 125.83.117.185 on board 6
<13>May 26 08:18:57 microsoft.sec.ibm.lab AgentDevice=WindowsLog	AgentLogFile=Security	Source=Security	Computer=COMP-testuser-89	User=testuser-89	Domain=	EventID=672	EventIDCode=672	EventType=16	EventCategory=9	RecordNumber=74009	TimeGenerated=1495801137	TimeWritten=1495801137	Message=Authentication Ticket Request: User Name: testuser-89 Supplied Realm Name: us.ibm.com User ID: %{S-1-2-3-1108809} Service Name: krbtgt Service ID: %{S-3-2-1-82B68C} Ticket Options: 0x40810010 Result Code: - Ticket Encryption Type: 0x17 Pre-Authentication Type: 2 Client Address: 54.11.145.63 Certificate Issuer Name:  Certificate Serial Number:  Certificate Thumbprint: 
