<33>May 26 09:33:36 threecom.switch.ibm.lab %May 26 09:33:36 2017 S9500 FTPS/5/USERIN: User rogueUser-5(15.83.16.235) login succeeded
<190>May 26 09:33:37 arbor.pravail.ibm.lab pravail-aps: Blocked Host: Blocked host 30.90.182.58 at 10:52 by Invalid Packets using TCP/0 (Unknown) destination 220.121.84.211,URL: https://arbornetworks.pravail.test.com/chaos/
<129>May 26 09:33:39 barracuda.firewall.ibm.lab WF ALER CROSS_SITE_SCRIPTING_IN_PARAM 33.195.94.29 64830 163.6.216.220 443 security-policy GLOBAL DENY NONE [type="cross-site-scripting" pattern="script-tag" token="<script>" Parameter="url" value="<script>alert(5341)</script>"] GET 163.6.216.220/redirect.asp?url=<script>alert(5341)</script> HTTPS "-" ""-"" 163.6.216.220 59845 "-" "-"
<33>May 26 09:33:40 threecom.switch.ibm.lab %May 26 09:33:40 2017 S9500 RTA/3/Failed to start accounting: Failed to start traffic accounting for user 165.11.95.213 on board 6
<25>May 26 09:33:42 apple.macosx.ibm.lab DirectoryService[51]: Failed Authentication return is being delayed due to over five recent auth failures for username: rogueUser-4.
<133>May 26 09:33:43 microsoft.event.ibm.lab MSWinEventLog 1 Security 102757633 Fri May 26 09:33:43 2017 4907 Microsoft-Windows-Security-Auditing N/A N/A Success Audit testuser-16 Audit Policy Change Auditing settings on object were changed. Subject: Security ID: S-1-5-18 Account Name: testuser-16 Account Domain: us.ibm.com Logon ID: 0x1087849 Object: Object Server: Security Object Type: File Object Name: \Windows\winsxs\test.wav Handle ID: 0x3a8 Process Information: Process ID: 0x762639 Process Name: C:\Windows\System32\wbengine.exe Auditing Settings: Original Security Descriptor: S:AI(AU;A;;WD) New Security Descriptor: S:ARAI(AU;SAFA;;;;WD)(AU;IDFA;B;;;WD) 175711
<187>May 26 09:33:45 ['9.9.9.9'] httpd[16986]: [error] [client 9.135.38.229] Invalid URI in request \xf7vMKp`ET&\xa4\x9c\xc9\xec\xd1\xd8j\r\xce\xd9\xd4\xb3\c7
<189>May 26 09:33:46 ['9.9.9.9'] authmgr[504]: <NOTI> login <00:1c:bf:ca:2b:98  30.90.182.58 testuser-57>method=802.1x, server=TEST001, role=Authenticated Update(status 0 method 0 role 16), reauth=1800 sec
<33>May 26 09:33:48 threecom.switch.ibm.lab %May 26 09:33:48 2017 S9500 FTPS/5/USERIN: User rogueUser-2(137.38.197.140) login succeeded
<189>May 26 09:33:50 ['9.9.9.9'] authmgr[504]: <NOTI> login <00:1c:bf:ca:2b:98  79.186.10.120 testuser-28>method=802.1x, server=TEST001, role=Authenticated Update(status 0 method 0 role 16), reauth=1800 sec
<50>May 26 09:33:51 SymantecServer symantec.endpoint.ibm.lab: testbox-xyz,[SID: 70025] Web Attack: Blackhole Exploit Toolkit 2 attack blocked. Traffic has been blocked for this application: C:\Program Files\Internet Explorer\iexplore.exe,Local: 0.0.0.0,Local: 000000000000,Remote: ,Remote: 0.0.0.0,Remote: 000000000000,Inbound,OTHERS,,Begin: 2017-05-26 09:33:51,End: 2017-05-26 09:33:51,Occurrences: 1,Application: C:/Program Files/Internet Explorer/iexplore.exe,Location: Default,User: testuser-89,Domain: SIMON,!ExternalLoggingTask.localport! 0,!ExternalLoggingTask.remoteport! 0,!ExternalLoggingTask.cidssignid! 70025,!ExternalLoggingTask.strcidssignid! Web Attack: Blackhole Exploit Toolkit 2,!ExternalLoggingTask.cidssignsubid! 0,!ExternalLoggingTask.intrusionurl! http://pppptttt.blah.net/links/came_broadcasting_taking-various.php,!ExternalLoggingTask.intrusionpayloadurl!
<182>May 26 09:33:53 apache.httpd.ibm.lab httpd: 33.195.94.29 75.212.249.158 - - [26/May/2017:09:33:53 -0500] "GET /<script>alert(53416)</script> HTTP/1.1" 404 443 320
<33>May 26 09:33:54 threecom.switch.ibm.lab %May 26 09:33:54 2017 S9500 FTPS/5/USERIN: User testuser-68(212.2.111.4) login succeeded
<187>May 26 09:33:56 ['9.9.9.9'] httpd[16986]: [error] [client 56.219.18.103] Invalid URI in request \xf7vMKp`ET&\xa4\x9c\xc9\xec\xd1\xd8j\r\xce\xd9\xd4\xb3\c7
<182>May 26 09:33:57 apache.httpd.ibm.lab httpd: 137.38.197.140 57.227.6.45 - - [26/May/2017:09:33:57 -0500] "CONNECT 10.35.79.71:443 HTTP/1.1" 405 443 297
<13>May 26 09:33:59 checkpoint.firewall.ibm.lab 26May2017 reject checkpoint.firewall.ibm.lab product: VPN-1 & FireWall-1; src: 201.150.192.18; s_port: 54300; dst: 91.9.44.133; service: 113; proto: tcp; rule: 14;SmartDefense profile: Default_Protection;__policy_id_tag: product=VPN-1 & FireWall-1[db_tag={25E5B8F6-79E7-11DD-941A-C0A832D00C0C};mgmt=fwmngt-wuv;date=1220466957;policy_name=rhino_gbl];has_accounting: 0;i/f_dir: inbound;i/f_name: eth-s2/s1p1c0;rule_uid: {9C96B325-D976-4A30-8685-9ED61018A6E7};service_id: gident;
<13>May 26 09:34:01 checkpoint.firewall.ibm.lab 26May2017  checkpoint.firewall.ibm.lab product: SmartDefense; src: 30.90.182.58; s_port: ; dst: 58.98.119.35; service: ; proto: udp; rule: ;Attack Info: Out-of-state DNS reply;Suppressed logs: 143;Total logs: 144;__policy_id_tag: product=VPN-1 & FireWall-1[db_tag={321A4EE6-7DEA-11DD-BFAA-C0A832822626};mgmt=fwmngt05;date=1220908070;policy_name=KillerWhale_gbl];alert: alert;attack: Invalid DNS;has_accounting: 0;i/f_dir: inbound;
<28>May 26 09:34:02 Message forwarded from aix.ibm.lab: rshd[random_number_1_to_999999]: Failed rsh authentication from 11.172.14.18 for local user root via remote user rogueUser-4
<157>May 26 09:34:04 microsoft.event.ibm.lab MSWinEventLog	4	Security	60703	Fri May 26 09:34:04 2017	552	Security	NETWORK SERVICE	Well Known Group	Success Audit	rogueUser-4	Logon/Logoff		Logon attempt using explicit credentials: Logged on user:  User Name: NETWORK SERVICE  Domain: NT AUTHORITY  Logon ID: (0x0,0x1119364)  Logon GUID: -  User whose credentials were used:  Target User Name: rogueUser-4  Target Domain: us.ibm.com Target Logon GUID: -  Target Server Name: localhost  Target Server Info: localhost  Caller Process ID: 761423  Source Network Address: -  Source Port: - 	56794
<33>May 26 09:34:05 threecom.switch.ibm.lab %May 26 09:34:05 2017 S9500 RTA/3/Failed to start accounting: Failed to start traffic accounting for user 54.11.145.63 on board 6
<86>May 26 09:34:07 apple.macosx.ibm.lab sshd[5590]: Failed password for invalid user testuser-86 from 52.73.113.74 port 60720 ssh2
<86>May 26 09:34:08 apple.macosx.ibm.lab com.apple.SecurityServer: uid 97233 succeeded authenticating as user admin (uid 501) for right system.install.root.user.
<54>May 26 09:34:10 SymantecServer symantec.endpoint.ibm.lab: Security risk found,Computer name: COMP-1085764,Source: Scheduled Scan,Risk name: VirusDoctor,Occurrences: 1,c:/System Volume Information/_restore{A3F5C2A3-F289-4356-B021-1FEFEFB73CBD}/RP243/A0070465.exe,"",Actual action: Quarantined,Requested action: Quarantined,Secondary action: Left alone,Event time: 2017-05-26 09:34:10,Inserted:2017-05-26 09:34:10,End: 2017-05-26 09:34:10,Domain: Default,Group: My Company	est,Server: avp1,User: testuser-51,Source computer:  ,Source IP: 0.0.0.0
<25>May 26 09:34:12 ambiron.ipangel.ibm.lab ipangel-ips: [2017-05-26 09:34:12-05] alert [Priority: 9] [116:46:1] [(snort_decoder) WARNING: TCP Data Offset is less than 5!] 83.87.204.105:50608 TCP 9.26.202.216:80 br0
<182>May 26 09:34:13 apache.httpd.ibm.lab httpd: 125.83.117.185 133.97.109.71 - - [26/May/2017:09:34:13 -0500] "POST /test.php?doing_test=123 HTTP/1.0" 404 80 282
<13>May 26 09:34:15 checkpoint.firewall.ibm.lab 26May2017 drop checkpoint.firewall.ibm.lab product: SmartDefense; src: 136.38.97.190; s_port: 52471; dst: 223.212.176.19; service: 443; proto: tcp; rule: 392;Attack Info: TCP segment out of maximum allowed sequence. Packet dropped.;Confidence Level: 0;Performance Impact: 0;Protection Name: TCP Segment Limit Enforcement;Protection Type: settings_tcp;Severity: 0;SmartDefense Profile: Boticario_DMZ_Protection;__policy_id_tag: product=VPN-1 & FireWall-1[db_tag={E94ECB65-34C0-4740-9634-761E1604C8BC};mgmt=SJP1PLNX036-DMZ;date=1424714440;policy_name=DMZ];attack: Streaming Engine: TCP Segment Limit Enforcement;has_accounting: 0;i/f_dir: inbound;i/f_name: eth2-01.2809;origin_sic_name: CN=TEST-DMZ1,O=log_server_hostname;protection_id: tcp_segment_limit;rule_uid: {499DBB08-D262-4D9F-B639-5337A7B36E59};snid: 7572c682;src_machine_name: COMP-testuser-80;src_user_name: testuser-80 ;user: testuser-80 ;
<13>May 26 09:34:16 microsoft.sec.ibm.lab AgentDevice=WindowsLog	AgentLogFile=Security	Source=Security	Computer=COMP-testuser-1	User=testuser-1	Domain=	EventID=672	EventIDCode=672	EventType=8	EventCategory=9	RecordNumber=590790	TimeGenerated=1495805656	TimeWritten=1495805656	Message=Authentication Ticket Request: User Name: testuser-1 Supplied Realm Name: us.ibm.com User ID: %{S-1-2-3-978121} Service Name: krbtgt Service ID: %{S-3-2-1-694DDC} Ticket Options: 0x40810010 Result Code: - Ticket Encryption Type: 0x17 Pre-Authentication Type: 2 Client Address: 44.111.228.125 Certificate Issuer Name:  Certificate Serial Number:  Certificate Thumbprint: 
<54>May 26 09:34:18 SymantecServer symantec.endpoint.ibm.lab: Potential risk found,Computer name: COMP-1085764,Detection type: Heuristic,Application name: (Unknown),Application type: Trojan Worm,Application version: ,Hash type: SHA-1,Application hash: 72c874f212a18944ff56f774bfe7252346b93f8e,Company name: ,File size (bytes): 301568,Sensitivity: 0,Detection score: 40,Submission recommendation:1,Permitted application reason: 0,Source: Heuristic Scan,Risk name: ,Occurrences: 1,c:\claims\claims32.exe,"",Actual action: Left alone,Requested action: Left alone,Secondary action: Left alone,Event time: 2017-05-26 09:34:18,Inserted:2017-05-26 09:34:18,End:  2017-05-26 09:34:18,Domain: Default,Group: My Company\LTC\Desktops,Server: crasesssmc01,User: testuser-42,Source computer: ,Source IP: 0.0.0.0
<189>May 26 09:34:19 ['9.9.9.9'] authmgr[504]: <NOTI> login <00:1c:bf:ca:2b:98  212.2.111.4 testuser-95>method=802.1x, server=TEST001, role=Authenticated Update(status 0 method 0 role 16), reauth=1800 sec
<86>May 26 09:34:21 apple.macosx.ibm.lab com.apple.SecurityServer: uid 993040 succeeded authenticating as user admin (uid 501) for right system.install.root.user.
<133>May 26 09:34:22 microsoft.event.ibm.lab MSWinEventLog 1 Security 102757633 Fri May 26 09:34:22 2017 4907 Microsoft-Windows-Security-Auditing N/A N/A Success Audit testuser-26 Audit Policy Change Auditing settings on object were changed. Subject: Security ID: S-1-5-18 Account Name: testuser-26 Account Domain: us.ibm.com Logon ID: 0x1089936 Object: Object Server: Security Object Type: File Object Name: \Windows\winsxs\test.wav Handle ID: 0x3a8 Process Information: Process ID: 0x91A1F4 Process Name: C:\Windows\System32\wbengine.exe Auditing Settings: Original Security Descriptor: S:AI(AU;A;;WD) New Security Descriptor: S:ARAI(AU;SAFA;;;;WD)(AU;IDFA;B;;;WD) 803105
<33>May 26 09:34:24 threecom.switch.ibm.lab %May 26 09:34:24 2017 S9500 VTY/5/VTY_LOG:  TELNET user failed to login from 165.11.95.213(000D-88F6-60E0) on VTY0.
<129>May 26 09:34:26 barracuda.firewall.ibm.lab WF ALER METHOD_NOT_ALLOWED 20.135.51.253 65374 34.50.91.31 80 security-policy GLOBAL DENY NONE [Method="ABCD"] ABCD 34.50.91.31/ HTTP "-" ""-"" 34.50.91.31 48536 "-" "-"
<33>May 26 09:34:27 threecom.switch.ibm.lab %May 26 09:34:27 2017 S9500 RTA/3/Failed to start accounting: Failed to start traffic accounting for user 83.87.204.105 on board 6
<182>May 26 09:34:29 apache.httpd.ibm.lab httpd: 33.195.94.29 108.250.72.176 - - [26/May/2017:09:34:29 -0500] "GET /<script>alert(53416)</script> HTTP/1.1" 404 443 320
<190>May 26 09:34:30 arbor.pravail.ibm.lab pravail-aps: Blocked Host: Blocked host 213.39.172.85 at 10:53 by Malformed HTTP Filtering using TCP/80 (HTTP) destination 120.16.1.106 source port 64551,URL: https://arbornetworks.pravail.test.com/chaos/
<27>May 26 09:34:32 ambiron.ipangel.ibm.lab ipangel-ips: [2017-05-26 09:34:32-05] alert [Priority: 9] [119:2:1] [(http_inspect) DOUBLE DECODING ATTACK] 137.38.197.140:64478 TCP 17.196.1.129:80 br0
<25>May 26 09:34:33 ambiron.ipangel.ibm.lab ipangel-ips: [2017-05-26 09:34:33-05] alert [Priority: 9] [116:46:1] [(snort_decoder) WARNING: TCP Data Offset is less than 5!] 213.39.172.85:49155 TCP 20.232.183.7:80 br0
<190>May 26 09:34:35 arbor.pravail.ibm.lab pravail-aps: Blocked Host: Blocked host 201.150.192.18 at 10:52 by Invalid Packets using TCP/0 (Unknown) destination 36.240.24.27,URL: https://arbornetworks.pravail.test.com/chaos/
<13>May 26 09:34:37 checkpoint.firewall.ibm.lab 26May2017  checkpoint.firewall.ibm.lab product: SmartDefense; src: 120.171.20.155; s_port: ; dst: 11.49.7.112; service: ; proto: icmp; rule: ;Attack Info: Echo request too big;Suppressed logs: 1;Total logs: 2;__policy_id_tag: product=VPN-1 & FireWall-1[db_tag={B5A7057E-7F61-11DD-AA43-C0A832D12424};mgmt=fwmngt-zentral;date=1221069352;policy_name=Spider_gbl];alert: alert;attack: Large ping;has_accounting: 0;i/f_dir: inbound;
<33>May 26 09:34:38 threecom.switch.ibm.lab %May 26 09:34:38 2017 S9500 FTPS/5/USERIN: User testuser-97(179.174.48.208) login succeeded
<157>May 26 09:34:40 microsoft.event.ibm.lab MSWinEventLog	4	Security	60703	Fri May 26 09:34:40 2017	552	Security	NETWORK SERVICE	Well Known Group	Success Audit	testuser-78	Logon/Logoff		Logon attempt using explicit credentials: Logged on user:  User Name: NETWORK SERVICE  Domain: NT AUTHORITY  Logon ID: (0x0,0x1104601)  Logon GUID: -  User whose credentials were used:  Target User Name: testuser-78  Target Domain: us.ibm.com Target Logon GUID: -  Target Server Name: localhost  Target Server Info: localhost  Caller Process ID: 987763  Source Network Address: -  Source Port: - 	56794
<129>May 26 09:34:41 barracuda.firewall.ibm.lab WF ALER CROSS_SITE_SCRIPTING_IN_PARAM 179.174.48.208 57078 158.129.207.116 443 security-policy GLOBAL DENY NONE [type="cross-site-scripting" pattern="script-tag" token="<script>" Parameter="url" value="<script>alert(5341)</script>"] GET 158.129.207.116/redirect.asp?url=<script>alert(5341)</script> HTTPS "-" ""-"" 158.129.207.116 59845 "-" "-"
<33>May 26 09:34:43 threecom.switch.ibm.lab %May 26 09:34:43 2017 S9500 RTA/3/Failed to get user traffic: Failed to get traffic of user 15.83.16.235 on board 6
<182>May 26 09:34:44 apache.httpd.ibm.lab httpd: 154.102.244.170 63.226.187.135 - - [26/May/2017:09:34:44 -0500] "GET /<script>alert(53416)</script> HTTP/1.1" 404 443 320
<13>May 26 09:34:46 microsoft.sec.ibm.lab AgentDevice=WindowsLog	AgentLogFile=Security	Source=Security	Computer=COMP-testuser-45	User=testuser-45	Domain=	EventID=680	EventIDCode=680	EventType=8	EventCategory=9	RecordNumber=314073	TimeGenerated=1495805686	TimeWritten=1495805686	Message=Logon attempt by: MICROSOFT_AUTHENTICATION_PACKAGE_V1_0 Logon account: testuser-45 Source Workstation: COMP-testuser-45 Error Code: 0x0 
<27>May 26 09:34:48 ambiron.ipangel.ibm.lab ipangel-ips: [2017-05-26 09:34:48-05] alert [Priority: 9] [119:2:1] [(http_inspect) DOUBLE DECODING ATTACK] 33.195.94.29:55638 TCP 128.225.86.210:80 br0
<27>May 26 09:34:49 ambiron.ipangel.ibm.lab ipangel-ips: [2017-05-26 09:34:49-05] alert [Priority: 9] [119:2:1] [(http_inspect) DOUBLE DECODING ATTACK] 56.219.18.103:56954 TCP 72.13.101.217:80 br0
<33>May 26 09:34:51 threecom.switch.ibm.lab %May 26 09:34:51 2017 S9500 FTPS/5/USEROUT: User testuser-75(30.90.182.58) logged out
<13>May 26 09:34:52 checkpoint.firewall.ibm.lab 26May2017  checkpoint.firewall.ibm.lab product: SmartDefense; src: 15.83.16.235; s_port: ; dst: 51.179.86.228; service: ; proto: icmp; rule: ;Attack Info: Echo request too big;Suppressed logs: 1;Total logs: 2;__policy_id_tag: product=VPN-1 & FireWall-1[db_tag={B5A7057E-7F61-11DD-AA43-C0A832D12424};mgmt=fwmngt-zentral;date=1221069352;policy_name=Spider_gbl];alert: alert;attack: Large ping;has_accounting: 0;i/f_dir: inbound;
<190>May 26 09:34:54 arbor.pravail.ibm.lab pravail-aps: Blocked Host: Blocked host 120.171.20.155 at 10:53 by Malformed HTTP Filtering using TCP/80 (HTTP) destination 155.127.241.132 source port 64712,URL: https://arbornetworks.pravail.test.com/chaos/
<54>May 26 09:34:55 SymantecServer symantec.endpoint.ibm.lab: CNC2PSY9D1,Allowed,Sysfer exception: .\RegParamEngine.cpp 1152 Failed to read value DeviceInstance from key \Registry\Machine\SYSTEM\CurrentControlSet\Control\DeviceClasses\{53f56307-b6bf-11d0-94f2-00a0c91efb8b}\##?#IDE#DiskWDC_WD800JD-75MSA3______________________10.01E04#5&,Sysfer exception,Begin: 2017-05-26 09:34:55,End: 2017-05-26 09:34:55,Rule: Sysfer exception,3592,C:/Program Files/Cisco Systems/CSAgent/bin/okclient.exe,0,,,User: testuser-59,Domain: US
<26>May 26 09:34:57 ambiron.ipangel.ibm.lab ipangel-ips: [2017-05-26 09:34:57-05] alert [Priority: 9] [119:14:1] [(http_inspect) NON-RFC DEFINED CHAR] 202.207.224.25:64616 TCP 129.222.132.132:80 br0
<50>May 26 09:34:58 SymantecServer symantec.endpoint.ibm.lab: testbox-xyz,[SID: 70025] Web Attack: Blackhole Exploit Toolkit 2 attack blocked. Traffic has been blocked for this application: C:\Program Files\Internet Explorer\iexplore.exe,Local: 0.0.0.0,Local: 000000000000,Remote: ,Remote: 0.0.0.0,Remote: 000000000000,Inbound,OTHERS,,Begin: 2017-05-26 09:34:58,End: 2017-05-26 09:34:58,Occurrences: 1,Application: C:/Program Files/Internet Explorer/iexplore.exe,Location: Default,User: testuser-88,Domain: SIMON,!ExternalLoggingTask.localport! 0,!ExternalLoggingTask.remoteport! 0,!ExternalLoggingTask.cidssignid! 70025,!ExternalLoggingTask.strcidssignid! Web Attack: Blackhole Exploit Toolkit 2,!ExternalLoggingTask.cidssignsubid! 0,!ExternalLoggingTask.intrusionurl! http://pppptttt.blah.net/links/came_broadcasting_taking-various.php,!ExternalLoggingTask.intrusionpayloadurl!
<13>May 26 09:35:00 microsoft.sec.ibm.lab AgentDevice=WindowsLog	AgentLogFile=Security	Source=Security	Computer=COMP-testuser-5	User=testuser-5	Domain=	EventID=576	EventIDCode=576	EventType=8	EventCategory=2	RecordNumber=300521	TimeGenerated=1495805700	TimeWritten=1495805700	Message=Special privileges assigned to new logon: User Name: testuser-5 Domain: us.ibm.com Logon ID: (0x0,0x986049) Privileges: SeSecurityPrivilege SeBackupPrivilege SeRestorePrivilege SeTakeOwnershipPrivilege SeDebugPrivilege SeSystemEnvironmentPrivilege SeLoadDriverPrivilege SeImpersonatePrivilege
<129>May 26 09:35:02 barracuda.firewall.ibm.lab WF ALER CROSS_SITE_SCRIPTING_IN_PARAM 56.219.18.103 58103 89.197.185.147 443 security-policy GLOBAL DENY NONE [type="cross-site-scripting" pattern="script-tag" token="<script>" Parameter="url" value="<script>alert(5341)</script>"] GET 89.197.185.147/redirect.asp?url=<script>alert(5341)</script> HTTPS "-" ""-"" 89.197.185.147 59845 "-" "-"
<190>May 26 09:35:03 arbor.pravail.ibm.lab pravail-aps: Blocked Host: Blocked host 51.18.44.104 at 10:52 by Invalid Packets using TCP/0 (Unknown) destination 66.238.248.21,URL: https://arbornetworks.pravail.test.com/chaos/
<182>May 26 09:35:05 apache.httpd.ibm.lab httpd: 218.111.178.29 4.85.71.106 - - [26/May/2017:09:35:05 -0500] "ABCD / HTTP/1.1" 501 443 297
<157>May 26 09:35:06 microsoft.event.ibm.lab MSWinEventLog	4	Security	60703	Fri May 26 09:35:06 2017	552	Security	NETWORK SERVICE	Well Known Group	Success Audit	testuser-29	Logon/Logoff		Logon attempt using explicit credentials: Logged on user:  User Name: NETWORK SERVICE  Domain: NT AUTHORITY  Logon ID: (0x0,0x1096209)  Logon GUID: -  User whose credentials were used:  Target User Name: testuser-29  Target Domain: us.ibm.com Target Logon GUID: -  Target Server Name: localhost  Target Server Info: localhost  Caller Process ID: 264019  Source Network Address: -  Source Port: - 	56794
<157>May 26 09:35:08 microsoft.event.ibm.lab MSWinEventLog	4	Security	60703	Fri May 26 09:35:08 2017	552	Security	NETWORK SERVICE	Well Known Group	Success Audit	testuser-73	Logon/Logoff		Logon attempt using explicit credentials: Logged on user:  User Name: NETWORK SERVICE  Domain: NT AUTHORITY  Logon ID: (0x0,0x1094116)  Logon GUID: -  User whose credentials were used:  Target User Name: testuser-73  Target Domain: us.ibm.com Target Logon GUID: -  Target Server Name: localhost  Target Server Info: localhost  Caller Process ID: 300966  Source Network Address: -  Source Port: - 	56794
<129>May 26 09:35:09 barracuda.firewall.ibm.lab WF ALER METACHARACTER_IN_PARAMETER 30.90.182.58 64304 129.44.227.153 443 security-policy GLOBAL DENY NONE [token="%00 " Parameter="article" value="../../../../../../../../etc/passwd"] GET 129.44.227.153/talkback.cgi?article=../../../../../../../../etc/passwd%00&action=view&matchview=1 HTTPS "-" ""-"" 129.44.227.153 64304 "-" "-"
<54>May 26 09:35:11 SymantecServer symantec.endpoint.ibm.lab: Commercial application detected,Computer name: COMP-1104601,Detection type: Commercial,Application name: DameWare Development DWRCS,Application type: Remote Control,Application version: 5\~ 5\~ 0\~ 0,Hash type: SHA-1,Application hash: 4670d9eeeab7449788be3b18e9364ef0088b900e,Company name: DameWare Development LLC,File size (bytes): 208896,Sensitivity: 0,Detection score: 1,Submission recommendation: 0,Permitted application reason: 0,Source: Heuristic Scan,Risk name:  ,Occurrences: 1,DWMRCS,"DWMRCS",Actual action: Left alone,Requested action: Left alone,Secondary action: Commercial application detection,Event time: 2017-05-26 09:35:11,Inserted: 2017-05-26 09:35:11,End: 2017-05-26 09:35:11,Domain: Default,Group: My Company	est,Server: testbox,User: testuser-69,Source computer:  ,Source IP: 0.0.0.0
<27>May 26 09:35:13 ambiron.ipangel.ibm.lab ipangel-ips: [2017-05-26 09:35:13-05] alert [Priority: 9] [119:2:1] [(http_inspect) DOUBLE DECODING ATTACK] 213.39.172.85:51278 TCP 70.114.95.82:80 br0
<157>May 26 09:35:14 microsoft.event.ibm.lab MSWinEventLog	4	Security	60703	Fri May 26 09:35:14 2017	552	Security	NETWORK SERVICE	Well Known Group	Success Audit	testuser-6	Logon/Logoff		Logon attempt using explicit credentials: Logged on user:  User Name: NETWORK SERVICE  Domain: NT AUTHORITY  Logon ID: (0x0,0x988036)  Logon GUID: -  User whose credentials were used:  Target User Name: testuser-6  Target Domain: us.ibm.com Target Logon GUID: -  Target Server Name: localhost  Target Server Info: localhost  Caller Process ID: 984746  Source Network Address: -  Source Port: - 	56794
<38>May 26 09:35:16 sshd[682528]: Disconnecting: Too many authentication failures for testuser-50
<13>May 26 09:35:17 microsoft.sec.ibm.lab AgentDevice=WindowsLog	AgentLogFile=Security	Source=Security	Computer=COMP-testuser-78	User=testuser-78	Domain=	EventID=672	EventIDCode=672	EventType=8	EventCategory=9	RecordNumber=838794	TimeGenerated=1495805717	TimeWritten=1495805717	Message=Authentication Ticket Request: User Name: testuser-78 Supplied Realm Name: us.ibm.com User ID: %{S-1-2-3-1104601} Service Name: krbtgt Service ID: %{S-3-2-1-2DB8D5} Ticket Options: 0x40810010 Result Code: - Ticket Encryption Type: 0x17 Pre-Authentication Type: 2 Client Address: 83.87.204.105 Certificate Issuer Name:  Certificate Serial Number:  Certificate Thumbprint: 
<33>May 26 09:35:19 threecom.switch.ibm.lab %May 26 09:35:19 2017 S9500 AAA/2/Serious error!: User testuser-74, in ACM send msg to SC failed! Returns 1 srcID 6 msgType 16384.
<182>May 26 09:35:20 apache.httpd.ibm.lab httpd: 83.87.204.105 11.243.128.83 - - [26/May/2017:09:35:20 -0500] "OPTIONS /cgi-bin/index.php HTTP/1.1" 200 443 -
<33>May 26 09:35:22 threecom.switch.ibm.lab %May 26 09:35:22 2017 S9500 RTA/3/Failed to get user traffic: Failed to get traffic of user 132.146.155.198 on board 6
<33>May 26 09:35:24 threecom.switch.ibm.lab %May 26 09:35:24 2017 S9500 RTA/3/Failed to start accounting: Failed to start traffic accounting for user 9.135.38.229 on board 6
<33>May 26 09:35:25 threecom.switch.ibm.lab %May 26 09:35:25 2017 S9500 PORTAL/5/PT_LOG: Online user 179.174.48.208 changes to 145.125.19.33, we will cut it off as using traffic-acct.
<182>May 26 09:35:27 apache.httpd.ibm.lab httpd: 79.186.10.120 167.123.184.40 - - [26/May/2017:09:35:27 -0500] "ABCD / HTTP/1.1" 501 443 297
<187>May 26 09:35:28 ['9.9.9.9'] httpd[16986]: [error] [client 33.195.94.29] Invalid URI in request \xf7vMKp`ET&\xa4\x9c\xc9\xec\xd1\xd8j\r\xce\xd9\xd4\xb3\c7
<182>May 26 09:35:30 apache.httpd.ibm.lab httpd: 56.219.18.103 123.139.95.52 - - [26/May/2017:09:35:30 -0500] "ABCD / HTTP/1.1" 501 443 297
<33>May 26 09:35:31 threecom.switch.ibm.lab %May 26 09:35:31 2017 S9500 VTY/5/VTY_LOG:  TELNET user failed to login from 79.186.10.120(000D-88F6-60E0) on VTY0.
<187>May 26 09:35:33 ['9.9.9.9'] httpd[16986]: [error] [client 165.11.95.213] Invalid URI in request \xf7vMKp`ET&\xa4\x9c\xc9\xec\xd1\xd8j\r\xce\xd9\xd4\xb3\c7
<13>May 26 09:35:34 microsoft.sec.ibm.lab AgentDevice=WindowsLog	AgentLogFile=Security	Source=Security	Computer=COMP-testuser-40	User=SYSTEM	Domain=	EventID=644	EventIDCode=644	EventType=8	EventCategory=7	RecordNumber=547682	TimeGenerated=1495805734	TimeWritten=1495805734	Message=User Account Locked Out: Target Account Name: testuser-40 Target Account ID: %{S-1-2-3-1081600} Caller Machine Name: COMP-CALLER01 Caller User Name: CALLER-01 Caller Domain: us.ibm.com Caller Logon ID: (0x0,0xBA5EBA11)
<86>May 26 09:35:36 apple.macosx.ibm.lab com.apple.SecurityServer: uid 86788 succeeded authenticating as user admin (uid 501) for right system.install.root.user.
<129>May 26 09:35:38 barracuda.firewall.ibm.lab WF ALER METACHARACTER_IN_PARAMETER 218.111.178.29 61194 168.171.248.194 443 security-policy GLOBAL DENY NONE [token="%00 " Parameter="article" value="../../../../../../../../etc/passwd"] GET 168.171.248.194/talkback.cgi?article=../../../../../../../../etc/passwd%00&action=view&matchview=1 HTTPS "-" ""-"" 168.171.248.194 61194 "-" "-"
<190>May 26 09:35:39 arbor.pravail.ibm.lab pravail-aps: Blocked Host: Blocked host 218.111.178.29 10:53 by TCP Connection Reset using TCP/57645 (Unknown) destination 196.89.62.204 source port 443,URL: https://arbornetworks.pravail.test.com/chaos/
<13>May 26 09:35:41 microsoft.sec.ibm.lab AgentDevice=WindowsLog	AgentLogFile=Security	Source=Security	Computer=COMP-rogueUser-1	User=SYSTEM	Domain=	EventID=644	EventIDCode=644	EventType=8	EventCategory=7	RecordNumber=136837	TimeGenerated=1495805741	TimeWritten=1495805741	Message=User Account Locked Out: Target Account Name: rogueUser-1 Target Account ID: %{S-1-2-3-1113025} Caller Machine Name: COMP-CALLER01 Caller User Name: CALLER-01 Caller Domain: us.ibm.com Caller Logon ID: (0x0,0xBA5EBA11)
<25>May 26 09:35:42 apple.macosx.ibm.lab DirectoryService[51]: Failed Authentication return is being delayed due to over five recent auth failures for username: testuser-75.
<33>May 26 09:35:44 threecom.switch.ibm.lab %May 26 09:35:44 2017 S9500 FTPS/5/USERIN: User testuser-34(56.219.18.103) login succeeded
<149>May 26 09:35:45 apple.macosx.ibm.lab sudo:    testuser-7 : TTY=ttyp1 ; PWD=/Users/admin ; USER=admin ;COMMAND=/bin/bash
<54>May 26 09:35:47 SymantecServer symantec.endpoint.ibm.lab: Potential risk found,Computer name: COMP-1106704,Detection type: Heuristic,Application name: (Unknown),Application type: Trojan Worm,Application version: ,Hash type: SHA-1,Application hash: 72c874f212a18944ff56f774bfe7252346b93f8e,Company name: ,File size (bytes): 301568,Sensitivity: 0,Detection score: 40,Submission recommendation:1,Permitted application reason: 0,Source: Heuristic Scan,Risk name: ,Occurrences: 1,c:\claims\claims32.exe,"",Actual action: Left alone,Requested action: Left alone,Secondary action: Left alone,Event time: 2017-05-26 09:35:47,Inserted:2017-05-26 09:35:47,End:  2017-05-26 09:35:47,Domain: Default,Group: My Company\LTC\Desktops,Server: crasesssmc01,User: testuser-97,Source computer: ,Source IP: 0.0.0.0
<25>May 26 09:35:49 ambiron.ipangel.ibm.lab ipangel-ips: [2017-05-26 09:35:49-05] alert [Priority: 9] [116:46:1] [(snort_decoder) WARNING: TCP Data Offset is less than 5!] 79.186.10.120:65470 TCP 193.179.51.248:80 br0
<133>May 26 09:35:50 microsoft.event.ibm.lab MSWinEventLog 1 Security 102757633 Fri May 26 09:35:50 2017 4907 Microsoft-Windows-Security-Auditing N/A N/A Success Audit testuser-84 Audit Policy Change Auditing settings on object were changed. Subject: Security ID: S-1-5-18 Account Name: testuser-84 Account Domain: us.ibm.com Logon ID: 0x1098304 Object: Object Server: Security Object Type: File Object Name: \Windows\winsxs\test.wav Handle ID: 0x3a8 Process Information: Process ID: 0x58E795 Process Name: C:\Windows\System32\wbengine.exe Auditing Settings: Original Security Descriptor: S:AI(AU;A;;WD) New Security Descriptor: S:ARAI(AU;SAFA;;;;WD)(AU;IDFA;B;;;WD) 153525
<129>May 26 09:35:52 barracuda.firewall.ibm.lab WF ALER METHOD_NOT_ALLOWED 33.195.94.29 56100 52.44.185.111 80 security-policy GLOBAL DENY NONE [Method="ABCD"] ABCD 52.44.185.111/ HTTP "-" ""-"" 52.44.185.111 48536 "-" "-"
<37>May 26 09:35:53 Message forwarded from aix.ibm.lab: su: from testuser-22 to root at /dev/pts/4
<26>May 26 09:35:55 ambiron.ipangel.ibm.lab ipangel-ips: [2017-05-26 09:35:55-05] alert [Priority: 9] [119:14:1] [(http_inspect) NON-RFC DEFINED CHAR] 165.11.95.213:59135 TCP 214.160.233.195:80 br0
<25>May 26 09:35:56 ambiron.ipangel.ibm.lab ipangel-ips: [2017-05-26 09:35:56-05] alert [Priority: 9] [116:46:1] [(snort_decoder) WARNING: TCP Data Offset is less than 5!] 132.146.155.198:64844 TCP 168.175.19.67:80 br0
<25>May 26 09:35:58 ambiron.ipangel.ibm.lab ipangel-ips: [2017-05-26 09:35:58-05] alert [Priority: 9] [116:46:1] [(snort_decoder) WARNING: TCP Data Offset is less than 5!] 30.90.182.58:64954 TCP 106.115.216.66:80 br0
<33>May 26 09:36:00 threecom.switch.ibm.lab %May 26 09:36:00 2017 S9500 VTY/5/VTY_LOG:  TELNET user failed to login from 218.111.178.29(000D-88F6-60E0) on VTY0.
<187>May 26 09:36:01 ['9.9.9.9'] httpd[16986]: [error] [client 137.38.197.140] Invalid URI in request \xf7vMKp`ET&\xa4\x9c\xc9\xec\xd1\xd8j\r\xce\xd9\xd4\xb3\c7
<13>May 26 09:36:03 checkpoint.firewall.ibm.lab 26May2017  checkpoint.firewall.ibm.lab product: martDefense; src: 64.87.88.123; s_port: ; dst: 167.160.149.135; service: ; proto: udp; rule: ;Attack Info: Response packet too long, potential buffer overflow;Suppressed logs: 5;Total logs: 6;__policy_id_tag: product=VPN-1 & FireWall-1[db_tag={321A4EE6-7DEA-11DD-BFAA-C0A832822626};mgmt=fwmngt05;date=1220908070;policy_name=KillerWhale_gbl];alert: alert;attack: Invalid DNS;has_accounting: 0;i/f_dir: inbound;
<27>May 26 09:36:04 ambiron.ipangel.ibm.lab ipangel-ips: [2017-05-26 09:36:04-05] alert [Priority: 9] [119:2:1] [(http_inspect) DOUBLE DECODING ATTACK] 136.38.97.190:49705 TCP 33.22.49.232:80 br0
<54>May 26 09:36:06 SymantecServer symantec.endpoint.ibm.lab: Potential risk found,Computer name: COMP-1079521,Detection type: Heuristic,Application name: (Unknown),Application type: Trojan Worm,Application version: ,Hash type: SHA-1,Application hash: 72c874f212a18944ff56f774bfe7252346b93f8e,Company name: ,File size (bytes): 301568,Sensitivity: 0,Detection score: 40,Submission recommendation:1,Permitted application reason: 0,Source: Heuristic Scan,Risk name: ,Occurrences: 1,c:\claims\claims32.exe,"",Actual action: Left alone,Requested action: Left alone,Secondary action: Left alone,Event time: 2017-05-26 09:36:06,Inserted:2017-05-26 09:36:06,End:  2017-05-26 09:36:06,Domain: Default,Group: My Company\LTC\Desktops,Server: crasesssmc01,User: testuser-12,Source computer: ,Source IP: 0.0.0.0
<187>May 26 09:36:07 ['9.9.9.9'] httpd[16986]: [error] [client 64.87.88.123] Invalid URI in request \xf7vMKp`ET&\xa4\x9c\xc9\xec\xd1\xd8j\r\xce\xd9\xd4\xb3\c7
<182>May 26 09:36:09 apache.httpd.ibm.lab httpd: 79.186.10.120 29.198.199.121 - - [26/May/2017:09:36:09 -0500] "ABCD / HTTP/1.1" 501 443 297
<182>May 26 09:36:10 apache.httpd.ibm.lab httpd: 20.135.51.253 94.150.92.137 - - [26/May/2017:09:36:10 -0500] "GET /../../../../../../../../../../../ HTTP/1.1" 400 443 307
<182>May 26 09:36:12 apache.httpd.ibm.lab httpd: 201.150.192.18 220.207.30.205 - - [26/May/2017:09:36:12 -0500] "GET / HTTP/1.0" 200 443 9334
<38>May 26 09:36:14 sshd[random_number_1_to_999999]: Accepted keyboard-interactive/pam for testuser-34 from 56.219.18.103 port 63512 ssh2
<34>May 26 09:36:14 Message forwarded from aix.ibm.lab: su: BAD SU from testuser-34 to root at /dev/pts/3
<33>May 26 09:36:15 threecom.switch.ibm.lab %May 26 09:36:15 2017 S9500 AAA/2/Serious error!: User testuser-97, in ACM send msg to SC failed! Returns 1 srcID 6 msgType 16384.
<129>May 26 09:36:17 barracuda.firewall.ibm.lab WF ALER CROSS_SITE_SCRIPTING_IN_URL 125.83.117.185 60702 208.111.91.52 80 security-policy GLOBAL DENY NONE [type="cross-site-scripting" pattern="script-tag" token="<script>"] GET 208.111.91.52/<script>alert(53416)</script> HTTP "-" ""-"" 208.111.91.52 48541 "-" "-"
<54>May 26 09:36:18 SymantecServer symantec.endpoint.ibm.lab: Potential risk found,Computer name: COMP-1079521,Detection type: Heuristic,Application name: (Unknown),Application type: Trojan Worm,Application version: ,Hash type: SHA-1,Application hash: 72c874f212a18944ff56f774bfe7252346b93f8e,Company name: ,File size (bytes): 301568,Sensitivity: 0,Detection score: 40,Submission recommendation:1,Permitted application reason: 0,Source: Heuristic Scan,Risk name: ,Occurrences: 1,c:\claims\claims32.exe,"",Actual action: Left alone,Requested action: Left alone,Secondary action: Left alone,Event time: 2017-05-26 09:36:18,Inserted:2017-05-26 09:36:18,End:  2017-05-26 09:36:18,Domain: Default,Group: My Company\LTC\Desktops,Server: crasesssmc01,User: testuser-30,Source computer: ,Source IP: 0.0.0.0
<13>May 26 09:36:20 checkpoint.firewall.ibm.lab 26May2017  checkpoint.firewall.ibm.lab product: SmartDefense; src: 9.135.38.229; s_port: ; dst: 37.57.92.225; service: ; proto: icmp; rule: ;Attack Info: Echo request too big;Suppressed logs: 1;Total logs: 2;__policy_id_tag: product=VPN-1 & FireWall-1[db_tag={B5A7057E-7F61-11DD-AA43-C0A832D12424};mgmt=fwmngt-zentral;date=1221069352;policy_name=Spider_gbl];alert: alert;attack: Large ping;has_accounting: 0;i/f_dir: inbound;
<182>May 26 09:36:21 apache.httpd.ibm.lab httpd: 33.195.94.29 95.202.114.137 - - [26/May/2017:09:36:21 -0500] "TRACE / HTTP/1.0" 403 443 272
<129>May 26 09:36:23 barracuda.firewall.ibm.lab WF ALER SLASH_DOT_IN_URL 120.171.20.155 51152 103.240.127.129 443 security-policy GLOBAL DENY NONE ["-"] GET 103.240.127.129/themes/default/css/.htaccess HTTPS "-" ""-"" 103.240.127.129 44428 "-" "-"
<33>May 26 09:36:25 threecom.switch.ibm.lab %May 26 09:36:25 2017 S9500 FTPS/5/USEROUT: User testuser-69(83.87.204.105) logged out
<25>May 26 09:36:26 ambiron.ipangel.ibm.lab ipangel-ips: [2017-05-26 09:36:26-05] alert [Priority: 9] [116:46:1] [(snort_decoder) WARNING: TCP Data Offset is less than 5!] 179.174.48.208:51993 TCP 41.77.61.69:80 br0
<38>May 26 09:36:28 sshd[479033]: Failed password for invalid user testuser-8 from 68.192.145.155 port 52462 ssh2
<13>May 26 09:36:29 checkpoint.firewall.ibm.lab 26May2017  checkpoint.firewall.ibm.lab product: SmartDefense; src: 218.111.178.29; s_port: ; dst: 57.80.174.128; service: ; proto: icmp; rule: ;Attack Info: Echo request too big;Suppressed logs: 1;Total logs: 2;__policy_id_tag: product=VPN-1 & FireWall-1[db_tag={B5A7057E-7F61-11DD-AA43-C0A832D12424};mgmt=fwmngt-zentral;date=1221069352;policy_name=Spider_gbl];alert: alert;attack: Large ping;has_accounting: 0;i/f_dir: inbound;
<13>May 26 09:36:31 checkpoint.firewall.ibm.lab 26May2017  checkpoint.firewall.ibm.lab product: SmartDefense; src: 30.90.182.58; s_port: ; dst: 23.43.3.139; service: ; proto: udp; rule: ;Attack Info: Out-of-state DNS reply;Suppressed logs: 143;Total logs: 144;__policy_id_tag: product=VPN-1 & FireWall-1[db_tag={321A4EE6-7DEA-11DD-BFAA-C0A832822626};mgmt=fwmngt05;date=1220908070;policy_name=KillerWhale_gbl];alert: alert;attack: Invalid DNS;has_accounting: 0;i/f_dir: inbound;
<26>May 26 09:36:32 ambiron.ipangel.ibm.lab ipangel-ips: [2017-05-26 09:36:32-05] alert [Priority: 9] [119:14:1] [(http_inspect) NON-RFC DEFINED CHAR] 136.38.97.190:63962 TCP 97.252.199.185:80 br0
<157>May 26 09:36:34 microsoft.event.ibm.lab MSWinEventLog	4	Security	60703	Fri May 26 09:36:34 2017	552	Security	NETWORK SERVICE	Well Known Group	Success Audit	testuser-71	Logon/Logoff		Logon attempt using explicit credentials: Logged on user:  User Name: NETWORK SERVICE  Domain: NT AUTHORITY  Logon ID: (0x0,0x1089936)  Logon GUID: -  User whose credentials were used:  Target User Name: testuser-71  Target Domain: us.ibm.com Target Logon GUID: -  Target Server Name: localhost  Target Server Info: localhost  Caller Process ID: 927507  Source Network Address: -  Source Port: - 	56794
<38>May 26 09:36:36 sshd[973146]: Failed password for invalid user testuser-10 from 64.87.88.123 port 60430 ssh2
<187>May 26 09:36:37 ['9.9.9.9'] httpd[16986]: [error] [client 79.186.10.120] Invalid URI in request \xf7vMKp`ET&\xa4\x9c\xc9\xec\xd1\xd8j\r\xce\xd9\xd4\xb3\c7
<190>May 26 09:36:39 arbor.pravail.ibm.lab pravail-aps: Blocked Host: Blocked host 218.111.178.29 at 10:52 by Invalid Packets using TCP/0 (Unknown) destination 136.171.96.99,URL: https://arbornetworks.pravail.test.com/chaos/
<26>May 26 09:36:40 ambiron.ipangel.ibm.lab ipangel-ips: [2017-05-26 09:36:40-05] alert [Priority: 9] [119:14:1] [(http_inspect) NON-RFC DEFINED CHAR] 79.186.10.120:55182 TCP 115.184.65.237:80 br0
<86>May 26 09:36:42 apple.macosx.ibm.lab com.apple.SecurityServer: authinternal authenticated user testuser-75 (uid 99328).
<187>May 26 09:36:43 ['9.9.9.9'] httpd[16986]: [error] [client 83.87.204.105] Invalid URI in request \xf7vMKp`ET&\xa4\x9c\xc9\xec\xd1\xd8j\r\xce\xd9\xd4\xb3\c7
<182>May 26 09:36:45 apache.httpd.ibm.lab httpd: 20.135.51.253 48.117.174.24 - - [26/May/2017:09:36:45 -0500] "OPTIONS /cgi-bin/index.php HTTP/1.1" 200 443 -
<182>May 26 09:36:46 apache.httpd.ibm.lab httpd: 218.111.178.29 107.52.196.207 - - [26/May/2017:09:36:46 -0500] "GET / HTTP/1.0" 200 443 9334
<33>May 26 09:36:48 threecom.switch.ibm.lab %May 26 09:36:48 2017 S9500 FTPS/5/USERIN: User testuser-26(136.38.97.190) login succeeded
<33>May 26 09:36:50 threecom.switch.ibm.lab %May 26 09:36:50 2017 S9500 VTY/5/VTY_LOG:  TELNET user failed to login from 30.90.182.58(000D-88F6-60E0) on VTY0.
<129>May 26 09:36:51 barracuda.firewall.ibm.lab WF ALER SLASH_DOT_IN_URL 16.74.199.104 54197 113.65.76.40 443 security-policy GLOBAL DENY NONE ["-"] GET 113.65.76.40/themes/default/css/.htaccess HTTPS "-" ""-"" 113.65.76.40 44428 "-" "-"
<25>May 26 09:36:53 ambiron.ipangel.ibm.lab ipangel-ips: [2017-05-26 09:36:53-05] alert [Priority: 9] [116:46:1] [(snort_decoder) WARNING: TCP Data Offset is less than 5!] 51.18.44.104:54150 TCP 212.132.70.46:80 br0
<13>May 26 09:36:54 microsoft.sec.ibm.lab AgentDevice=WindowsLog	AgentLogFile=Security	Source=Security	Computer=COMP-testuser-97	User=testuser-97	Domain=	EventID=529	EventIDCode=529	EventType=16	EventCategory=2	RecordNumber=736248	TimeGenerated=1495805814	TimeWritten=1495805814	Message=Successful Network Logon: User Name: Domain: Logon ID: (0x0,0x1106704) Logon Type: 3 Logon Process: NtLmSsp Authentication Package: NTLM Workstation Name: COMP-testuser-97 Logon GUID: - Caller User Name: - Caller Domain: - Caller Logon ID: - Caller Process ID: - Transited Services: - Source Network Address: 179.174.48.208 Source Port: 0
<190>May 26 09:36:56 arbor.pravail.ibm.lab pravail-aps: Blocked Host: Blocked host 218.111.178.29 at 10:52 by Invalid Packets using TCP/0 (Unknown) destination 214.147.59.157,URL: https://arbornetworks.pravail.test.com/chaos/
<182>May 26 09:36:57 apache.httpd.ibm.lab httpd: 218.111.178.29 18.160.149.230 - - [26/May/2017:09:36:57 -0500] "ABCD / HTTP/1.1" 501 443 297
<54>May 26 09:36:59 SymantecServer symantec.endpoint.ibm.lab: CNC2PSY9D1,Allowed,Sysfer exception: .\RegParamEngine.cpp 1152 Failed to read value DeviceInstance from key \Registry\Machine\SYSTEM\CurrentControlSet\Control\DeviceClasses\{53f56307-b6bf-11d0-94f2-00a0c91efb8b}\##?#IDE#DiskWDC_WD800JD-75MSA3______________________10.01E04#5&,Sysfer exception,Begin: 2017-05-26 09:36:59,End: 2017-05-26 09:36:59,Rule: Sysfer exception,3592,C:/Program Files/Cisco Systems/CSAgent/bin/okclient.exe,0,,,User: testuser-23,Domain: US
<13>May 26 09:37:01 microsoft.sec.ibm.lab AgentDevice=WindowsLog	AgentLogFile=Security	Source=Security	Computer=COMP-testuser-27	User=SYSTEM	Domain=	EventID=644	EventIDCode=644	EventType=8	EventCategory=7	RecordNumber=493736	TimeGenerated=1495805821	TimeWritten=1495805821	Message=User Account Locked Out: Target Account Name: testuser-27 Target Account ID: %{S-1-2-3-1092025} Caller Machine Name: COMP-CALLER01 Caller User Name: CALLER-01 Caller Domain: us.ibm.com Caller Logon ID: (0x0,0xBA5EBA11)
<129>May 26 09:37:02 barracuda.firewall.ibm.lab WF ALER METACHARACTER_IN_PARAMETER 201.150.192.18 54460 163.196.128.48 443 security-policy GLOBAL DENY NONE [token="%00 " Parameter="article" value="../../../../../../../../etc/passwd"] GET 163.196.128.48/talkback.cgi?article=../../../../../../../../etc/passwd%00&action=view&matchview=1 HTTPS "-" ""-"" 163.196.128.48 54460 "-" "-"
<182>May 26 09:37:04 apache.httpd.ibm.lab httpd: 113.146.67.20 195.134.175.63 - - [26/May/2017:09:37:04 -0500] "GET / HTTP/1.0" 200 443 9334
<14>May 26 09:37:05 Message forwarded from aix.ibm.lab: ftp[random_number_1_to_999999]: ftp: IMPORT user testuser-76, host 120.171.20.155, local test_file, remote /data/savedata/test_file.dat.
<13>May 26 09:37:07 microsoft.sec.ibm.lab AgentDevice=WindowsLog	AgentLogFile=Security	Source=Security	Computer=COMP-testuser-12	User=testuser-12	Domain=	EventID=672	EventIDCode=672	EventType=8	EventCategory=9	RecordNumber=629854	TimeGenerated=1495805827	TimeWritten=1495805827	Message=Authentication Ticket Request: User Name: testuser-12 Supplied Realm Name: us.ibm.com User ID: %{S-1-2-3-1079521} Service Name: krbtgt Service ID: %{S-3-2-1-7DE64F} Ticket Options: 0x40810010 Result Code: - Ticket Encryption Type: 0x17 Pre-Authentication Type: 2 Client Address: 130.64.15.144 Certificate Issuer Name:  Certificate Serial Number:  Certificate Thumbprint: 
<26>May 26 09:37:08 ambiron.ipangel.ibm.lab ipangel-ips: [2017-05-26 09:37:08-05] alert [Priority: 9] [119:14:1] [(http_inspect) NON-RFC DEFINED CHAR] 79.186.10.120:51691 TCP 218.18.1.218:80 br0
<50>May 26 09:37:10 SymantecServer symantec.endpoint.ibm.lab: testbox-xyz,[SID: 70025] Web Attack: Blackhole Exploit Toolkit 2 attack blocked. Traffic has been blocked for this application: C:\Program Files\Internet Explorer\iexplore.exe,Local: 0.0.0.0,Local: 000000000000,Remote: ,Remote: 0.0.0.0,Remote: 000000000000,Inbound,OTHERS,,Begin: 2017-05-26 09:37:10,End: 2017-05-26 09:37:10,Occurrences: 1,Application: C:/Program Files/Internet Explorer/iexplore.exe,Location: Default,User: testuser-29,Domain: SIMON,!ExternalLoggingTask.localport! 0,!ExternalLoggingTask.remoteport! 0,!ExternalLoggingTask.cidssignid! 70025,!ExternalLoggingTask.strcidssignid! Web Attack: Blackhole Exploit Toolkit 2,!ExternalLoggingTask.cidssignsubid! 0,!ExternalLoggingTask.intrusionurl! http://pppptttt.blah.net/links/came_broadcasting_taking-various.php,!ExternalLoggingTask.intrusionpayloadurl!
<13>May 26 09:37:12 microsoft.sec.ibm.lab AgentDevice=WindowsLog	AgentLogFile=Security	Source=Security	Computer=COMP-rogueUser-2	User=rogueUser-2	Domain=	EventID=672	EventIDCode=672	EventType=16	EventCategory=9	RecordNumber=616362	TimeGenerated=1495805832	TimeWritten=1495805832	Message=Authentication Ticket Request: User Name: rogueUser-2 Supplied Realm Name: us.ibm.com User ID: %{S-1-2-3-1115136} Service Name: krbtgt Service ID: %{S-3-2-1-E408BD} Ticket Options: 0x40810010 Result Code: - Ticket Encryption Type: 0x17 Pre-Authentication Type: 2 Client Address: 93.250.122.106 Certificate Issuer Name:  Certificate Serial Number:  Certificate Thumbprint: 
<189>May 26 09:37:13 ['9.9.9.9'] authmgr[504]: <NOTI> login <00:1c:bf:ca:2b:98  201.150.192.18 testuser-24>method=802.1x, server=TEST001, role=Authenticated Update(status 0 method 0 role 16), reauth=1800 sec
<13>May 26 09:37:15 microsoft.sec.ibm.lab AgentDevice=WindowsLog	AgentLogFile=Security	Source=Security	Computer=COMP-testuser-25	User=testuser-25	Domain=	EventID=675	EventIDCode=675	EventType=16	EventCategory=9	RecordNumber=319395	TimeGenerated=1495805835	TimeWritten=1495805835	Message=Pre-authentication failed: User Name: testuser-25 User ID: %{S-1-2-3-1087849} Service Name: krbtgt Pre-Authentication Type: 0x2 Failure Code: 0x18 Client Address: 178.92.229.165 
<33>May 26 09:37:16 threecom.switch.ibm.lab %May 26 09:37:16 2017 S9500 PORTAL/5/PT_LOG: Online user 9.135.38.229 changes to 182.230.247.205, we will cut it off as using traffic-acct.
<187>May 26 09:37:18 ['9.9.9.9'] httpd[16986]: [error] [client 44.111.228.125] Invalid URI in request \xf7vMKp`ET&\xa4\x9c\xc9\xec\xd1\xd8j\r\xce\xd9\xd4\xb3\c7
<33>May 26 09:37:19 threecom.switch.ibm.lab %May 26 09:37:19 2017 S9500 FTPS/5/USERIN: User testuser-1(44.111.228.125) login succeeded
<27>May 26 09:37:21 ambiron.ipangel.ibm.lab ipangel-ips: [2017-05-26 09:37:21-05] alert [Priority: 9] [119:2:1] [(http_inspect) DOUBLE DECODING ATTACK] 51.18.44.104:51762 TCP 205.20.221.134:80 br0
<33>May 26 09:37:22 threecom.switch.ibm.lab %May 26 09:37:22 2017 S9500 VTY/5/VTY_LOG:  TELNET user failed to login from 137.38.197.140(000D-88F6-60E0) on VTY0.
<83>May 26 09:37:24 apple.macosx.ibm.lab sshd[5590]: error: PAM: Authentication failure for illegal user testuser-68 from 208.188.44.40<33>May 26 09:37:26 threecom.switch.ibm.lab %May 26 09:37:26 2017 S9500 PORTAL/5/PT_LOG: Online user 136.38.97.190 changes to 101.172.149.222, we will cut it off as using traffic-acct.
<38>May 26 09:37:27 sshd[542810]: Invalid user testuser-3 from 173.242.69.174
<38>May 26 09:37:29 sshd[77064]: input_userauth_request: invalid user testuser-9
<13>May 26 09:37:30 microsoft.sec.ibm.lab AgentDevice=WindowsLog	AgentLogFile=Security	Source=Security	Computer=COMP-testuser-27	User=testuser-27	Domain=	EventID=675	EventIDCode=675	EventType=16	EventCategory=9	RecordNumber=887816	TimeGenerated=1495805850	TimeWritten=1495805850	Message=Pre-authentication failed: User Name: testuser-27 User ID: %{S-1-2-3-1092025} Service Name: krbtgt Pre-Authentication Type: 0x2 Failure Code: 0x18 Client Address: 86.23.128.204 
<190>May 26 09:37:32 arbor.pravail.ibm.lab pravail-aps: Blocked Host: Blocked host 56.219.18.103 10:53 by TCP Connection Reset using TCP/53965 (Unknown) destination 71.249.204.41 source port 443,URL: https://arbornetworks.pravail.test.com/chaos/
<86>May 26 09:37:33 apple.macosx.ibm.lab com.apple.SecurityServer: uid 93049 succeeded authenticating as user admin (uid 501) for right system.install.root.user.
<14>May 26 09:37:35 Message forwarded from aix.ibm.lab: ftp[random_number_1_to_999999]: ftp: EXPORT user testuser-69, host 83.87.204.105, local test_script.sh, remote test_script.sh.
<149>May 26 09:37:37 apple.macosx.ibm.lab sudo:    testuser-20 : TTY=ttyp1 ; PWD=/Users/admin ; USER=admin ;COMMAND=/bin/bash
<189>May 26 09:37:38 ['9.9.9.9'] authmgr[504]: <NOTI> login <00:1c:bf:ca:2b:98  56.219.18.103 testuser-16>method=802.1x, server=TEST001, role=Authenticated Update(status 0 method 0 role 16), reauth=1800 sec
<54>May 26 09:37:40 SymantecServer symantec.endpoint.ibm.lab: testbox-abc,[SID: 21590] P2P Edonkey Ping Message detected.  Traffic has been allowed from this application: C:\Program Files\easyMule\emule.exe,Local: 137.38.197.140,Local: 00218696B978,Remote: ,Remote: 137.9.234.215,Remote: 000000000000,Outbound,OTHERS,Intrusion ID: 0,Begin: 2017-05-26 09:37:40,End: 2017-05-26 09:37:40,Occurrences: 1,Application: C:/Program Files/easyMule/emule.exe,Location: Default,User: rogueUser-2,Domain: us.ibm.com
<157>May 26 09:37:41 microsoft.event.ibm.lab MSWinEventLog	4	Security	60703	Fri May 26 09:37:41 2017	552	Security	NETWORK SERVICE	Well Known Group	Success Audit	testuser-37	Logon/Logoff		Logon attempt using explicit credentials: Logged on user:  User Name: NETWORK SERVICE  Domain: NT AUTHORITY  Logon ID: (0x0,0x1094116)  Logon GUID: -  User whose credentials were used:  Target User Name: testuser-37  Target Domain: us.ibm.com Target Logon GUID: -  Target Server Name: localhost  Target Server Info: localhost  Caller Process ID: 191907  Source Network Address: -  Source Port: - 	56794
<33>May 26 09:37:43 threecom.switch.ibm.lab %May 26 09:37:43 2017 S9500 RTA/3/Failed to get user traffic: Failed to get traffic of user 56.219.18.103 on board 6
<13>May 26 09:37:44 checkpoint.firewall.ibm.lab 26May2017 reject checkpoint.firewall.ibm.lab product: VPN-1 & FireWall-1; src: 30.90.182.58; s_port: 58448; dst: 191.38.35.253; service: 113; proto: tcp; rule: 14;SmartDefense profile: Default_Protection;__policy_id_tag: product=VPN-1 & FireWall-1[db_tag={25E5B8F6-79E7-11DD-941A-C0A832D00C0C};mgmt=fwmngt-wuv;date=1220466957;policy_name=rhino_gbl];has_accounting: 0;i/f_dir: inbound;i/f_name: eth-s2/s1p1c0;rule_uid: {9C96B325-D976-4A30-8685-9ED61018A6E7};service_id: gident;
<86>May 26 09:37:46 apple.macosx.ibm.lab sshd[5590]: Failed password for invalid user testuser-99 from 154.102.244.170 port 53257 ssh2
<33>May 26 09:37:48 threecom.switch.ibm.lab %May 26 09:37:48 2017 S9500 AAA/2/Serious error!: User testuser-23, in ACM send msg to SC failed! Returns 1 srcID 6 msgType 16384.
<38>May 26 09:37:49 sshd[406781]: Address 30.90.182.58 maps to test.ibm.com, but this does not map back to the address - POSSIBLE BREAK-IN ATTEMPT!
<38>May 26 09:37:51 sshd[677991]: Failed none for invalid user testuser-54 from 218.111.178.29 port 63245 ssh2
<157>May 26 09:37:52 microsoft.event.ibm.lab MSWinEventLog	4	Security	60703	Fri May 26 09:37:52 2017	552	Security	NETWORK SERVICE	Well Known Group	Success Audit	rogueUser-1	Logon/Logoff		Logon attempt using explicit credentials: Logged on user:  User Name: NETWORK SERVICE  Domain: NT AUTHORITY  Logon ID: (0x0,0x1113025)  Logon GUID: -  User whose credentials were used:  Target User Name: rogueUser-1  Target Domain: us.ibm.com Target Logon GUID: -  Target Server Name: localhost  Target Server Info: localhost  Caller Process ID: 874402  Source Network Address: -  Source Port: - 	56794
