<27>May 26 09:57:18 ambiron.ipangel.ibm.lab ipangel-ips: [2017-05-26 09:57:18-05] alert [Priority: 9] [119:2:1] [(http_inspect) DOUBLE DECODING ATTACK] 136.38.97.190:60245 TCP 24.26.67.195:80 br0
<129>May 26 09:57:20 barracuda.firewall.ibm.lab WF ALER CROSS_SITE_SCRIPTING_IN_URL 44.111.228.125 53369 26.14.143.38 80 security-policy GLOBAL DENY NONE [type="cross-site-scripting" pattern="script-tag" token="<script>"] GET 26.14.143.38/<script>alert(53416)</script> HTTP "-" ""-"" 26.14.143.38 48541 "-" "-"
<189>May 26 09:57:21 ['9.9.9.9'] authmgr[504]: <NOTI> login <00:1c:bf:ca:2b:98  218.111.178.29 testuser-45>method=802.1x, server=TEST001, role=Authenticated Update(status 0 method 0 role 16), reauth=1800 sec
<13>May 26 09:57:23 checkpoint.firewall.ibm.lab 26May2017 drop checkpoint.firewall.ibm.lab product: SmartDefense; src: 30.90.182.58; s_port: 54026; dst: 39.196.48.173; service: 443; proto: tcp; rule: 392;Attack Info: TCP segment out of maximum allowed sequence. Packet dropped.;Confidence Level: 0;Performance Impact: 0;Protection Name: TCP Segment Limit Enforcement;Protection Type: settings_tcp;Severity: 0;SmartDefense Profile: Boticario_DMZ_Protection;__policy_id_tag: product=VPN-1 & FireWall-1[db_tag={E94ECB65-34C0-4740-9634-761E1604C8BC};mgmt=SJP1PLNX036-DMZ;date=1424714440;policy_name=DMZ];attack: Streaming Engine: TCP Segment Limit Enforcement;has_accounting: 0;i/f_dir: inbound;i/f_name: eth2-01.2809;origin_sic_name: CN=TEST-DMZ1,O=log_server_hostname;protection_id: tcp_segment_limit;rule_uid: {499DBB08-D262-4D9F-B639-5337A7B36E59};snid: 7572c682;src_machine_name: COMP-testuser-75;src_user_name: testuser-75 ;user: testuser-75 ;
<129>May 26 09:57:25 barracuda.firewall.ibm.lab WF ALER CROSS_SITE_SCRIPTING_IN_PARAM 218.111.178.29 62605 187.136.24.150 443 security-policy GLOBAL DENY NONE [type="cross-site-scripting" pattern="script-tag" token="<script>" Parameter="url" value="<script>alert(5341)</script>"] GET 187.136.24.150/redirect.asp?url=<script>alert(5341)</script> HTTPS "-" ""-"" 187.136.24.150 59845 "-" "-"
<149>May 26 09:57:26 apple.macosx.ibm.lab sudo:    rogueUser-1 : TTY=ttyp1 ; PWD=/Users/admin ; USER=admin ;COMMAND=/bin/bash
<157>May 26 09:57:28 microsoft.event.ibm.lab MSWinEventLog	4	Security	60703	Fri May 26 09:57:28 2017	552	Security	NETWORK SERVICE	Well Known Group	Success Audit	testuser-86	Logon/Logoff		Logon attempt using explicit credentials: Logged on user:  User Name: NETWORK SERVICE  Domain: NT AUTHORITY  Logon ID: (0x0,0x1102500)  Logon GUID: -  User whose credentials were used:  Target User Name: testuser-86  Target Domain: us.ibm.com Target Logon GUID: -  Target Server Name: localhost  Target Server Info: localhost  Caller Process ID: 185329  Source Network Address: -  Source Port: - 	56794
<157>May 26 09:57:29 microsoft.event.ibm.lab MSWinEventLog	4	Security	60703	Fri May 26 09:57:29 2017	552	Security	NETWORK SERVICE	Well Known Group	Success Audit	testuser-94	Logon/Logoff		Logon attempt using explicit credentials: Logged on user:  User Name: NETWORK SERVICE  Domain: NT AUTHORITY  Logon ID: (0x0,0x1100401)  Logon GUID: -  User whose credentials were used:  Target User Name: testuser-94  Target Domain: us.ibm.com Target Logon GUID: -  Target Server Name: localhost  Target Server Info: localhost  Caller Process ID: 921686  Source Network Address: -  Source Port: - 	56794
<33>May 26 09:57:31 threecom.switch.ibm.lab %May 26 09:57:31 2017 S9500 PORTAL/5/PT_LOG: Online user 56.219.18.103 changes to 11.199.126.79, we will cut it off as using traffic-acct.
<182>May 26 09:57:32 apache.httpd.ibm.lab httpd: 132.146.155.198 135.71.227.6 - - [26/May/2017:09:57:32 -0500] "OPTIONS /cgi-bin/index.php HTTP/1.1" 200 443 -
<54>May 26 09:57:34 SymantecServer symantec.endpoint.ibm.lab: CNC2PSY9D1,Allowed,Sysfer exception: .\RegParamEngine.cpp 1152 Failed to read value DeviceInstance from key \Registry\Machine\SYSTEM\CurrentControlSet\Control\DeviceClasses\{53f56307-b6bf-11d0-94f2-00a0c91efb8b}\##?#IDE#DiskWDC_WD800JD-75MSA3______________________10.01E04#5&,Sysfer exception,Begin: 2017-05-26 09:57:34,End: 2017-05-26 09:57:34,Rule: Sysfer exception,3592,C:/Program Files/Cisco Systems/CSAgent/bin/okclient.exe,0,,,User: rogueUser-3,Domain: US
<157>May 26 09:57:36 microsoft.event.ibm.lab MSWinEventLog	4	Security	60703	Fri May 26 09:57:36 2017	552	Security	NETWORK SERVICE	Well Known Group	Success Audit	testuser-8	Logon/Logoff		Logon attempt using explicit credentials: Logged on user:  User Name: NETWORK SERVICE  Domain: NT AUTHORITY  Logon ID: (0x0,0x992016)  Logon GUID: -  User whose credentials were used:  Target User Name: testuser-8  Target Domain: us.ibm.com Target Logon GUID: -  Target Server Name: localhost  Target Server Info: localhost  Caller Process ID: 393653  Source Network Address: -  Source Port: - 	56794
<182>May 26 09:57:37 apache.httpd.ibm.lab httpd: 154.102.244.170 170.22.101.199 - - [26/May/2017:09:57:37 -0500] "OPTIONS /cgi-bin/index.php HTTP/1.1" 200 443 -
<13>May 26 09:57:39 microsoft.sec.ibm.lab AgentDevice=WindowsLog	AgentLogFile=Security	Source=Security	Computer=COMP-testuser-38	User=testuser-38	Domain=	EventID=540	EventIDCode=540	EventType=8	EventCategory=2	RecordNumber=137403	TimeGenerated=1495807059	TimeWritten=1495807059	Message=Successful Network Logon: User Name: Domain: Logon ID: (0x0,0x1096209) Logon Type: 3 Logon Process: NtLmSsp Authentication Package: NTLM Workstation Name: COMP-testuser-38 Logon GUID: - Caller User Name: - Caller Domain: - Caller Logon ID: - Caller Process ID: - Transited Services: - Source Network Address: 165.11.95.213 Source Port: 0
<13>May 26 09:57:40 microsoft.sec.ibm.lab AgentDevice=WindowsLog	AgentLogFile=Security	Source=Security	Computer=COMP-testuser-40	User=testuser-40	Domain=	EventID=675	EventIDCode=675	EventType=16	EventCategory=9	RecordNumber=808673	TimeGenerated=1495807060	TimeWritten=1495807060	Message=Pre-authentication failed: User Name: testuser-40 User ID: %{S-1-2-3-1081600} Service Name: krbtgt Pre-Authentication Type: 0x2 Failure Code: 0x18 Client Address: 7.221.217.189 
<33>May 26 09:57:42 threecom.switch.ibm.lab %May 26 09:57:42 2017 S9500 FTPS/5/USEROUT: User testuser-87(83.87.204.105) logged out
<190>May 26 09:57:43 arbor.pravail.ibm.lab pravail-aps: Blocked Host: Blocked host 15.83.16.235 at 10:52 by Invalid Packets using TCP/0 (Unknown) destination 179.89.215.56,URL: https://arbornetworks.pravail.test.com/chaos/
<54>May 26 09:57:45 SymantecServer symantec.endpoint.ibm.lab: Security risk found,Computer name: COMP-1098304,Source: Scheduled Scan,Risk name: VirusDoctor,Occurrences: 1,c:/System Volume Information/_restore{A3F5C2A3-F289-4356-B021-1FEFEFB73CBD}/RP243/A0070465.exe,"",Actual action: Quarantined,Requested action: Quarantined,Secondary action: Left alone,Event time: 2017-05-26 09:57:45,Inserted:2017-05-26 09:57:45,End: 2017-05-26 09:57:45,Domain: Default,Group: My Company	est,Server: avp1,User: testuser-57,Source computer:  ,Source IP: 0.0.0.0
<13>May 26 09:57:46 checkpoint.firewall.ibm.lab 26May2017 drop checkpoint.firewall.ibm.lab product: SmartDefense; src: 120.171.20.155; s_port: 53957; dst: 194.14.56.213; service: 443; proto: tcp; rule: 392;Attack Info: TCP segment out of maximum allowed sequence. Packet dropped.;Confidence Level: 0;Performance Impact: 0;Protection Name: TCP Segment Limit Enforcement;Protection Type: settings_tcp;Severity: 0;SmartDefense Profile: Boticario_DMZ_Protection;__policy_id_tag: product=VPN-1 & FireWall-1[db_tag={E94ECB65-34C0-4740-9634-761E1604C8BC};mgmt=SJP1PLNX036-DMZ;date=1424714440;policy_name=DMZ];attack: Streaming Engine: TCP Segment Limit Enforcement;has_accounting: 0;i/f_dir: inbound;i/f_name: eth2-01.2809;origin_sic_name: CN=TEST-DMZ1,O=log_server_hostname;protection_id: tcp_segment_limit;rule_uid: {499DBB08-D262-4D9F-B639-5337A7B36E59};snid: 7572c682;src_machine_name: COMP-testuser-67;src_user_name: testuser-67 ;user: testuser-67 ;
<38>May 26 09:57:48 sshd[random_number_1_to_999999]: Accepted keyboard-interactive/pam for testuser-95 from 212.2.111.4 port 53215 ssh2
<34>May 26 09:57:48 Message forwarded from aix.ibm.lab: su: BAD SU from testuser-95 to root at /dev/pts/3
<182>May 26 09:57:50 apache.httpd.ibm.lab httpd: 16.74.199.104 91.85.35.96 - - [26/May/2017:09:57:50 -0500] "GET / HTTP/1.0" 200 443 9334
<13>May 26 09:57:51 checkpoint.firewall.ibm.lab 26May2017  checkpoint.firewall.ibm.lab product: martDefense; src: 79.186.10.120; s_port: ; dst: 5.66.39.186; service: ; proto: udp; rule: ;Attack Info: Response packet too long, potential buffer overflow;Suppressed logs: 5;Total logs: 6;__policy_id_tag: product=VPN-1 & FireWall-1[db_tag={321A4EE6-7DEA-11DD-BFAA-C0A832822626};mgmt=fwmngt05;date=1220908070;policy_name=KillerWhale_gbl];alert: alert;attack: Invalid DNS;has_accounting: 0;i/f_dir: inbound;
<157>May 26 09:57:53 microsoft.event.ibm.lab MSWinEventLog	4	Security	60703	Fri May 26 09:57:53 2017	552	Security	NETWORK SERVICE	Well Known Group	Success Audit	testuser-63	Logon/Logoff		Logon attempt using explicit credentials: Logged on user:  User Name: NETWORK SERVICE  Domain: NT AUTHORITY  Logon ID: (0x0,0x1092025)  Logon GUID: -  User whose credentials were used:  Target User Name: testuser-63  Target Domain: us.ibm.com Target Logon GUID: -  Target Server Name: localhost  Target Server Info: localhost  Caller Process ID: 254637  Source Network Address: -  Source Port: - 	56794
<189>May 26 09:57:54 ['9.9.9.9'] authmgr[504]: <NOTI> login <00:1c:bf:ca:2b:98  125.83.117.185 testuser-23>method=802.1x, server=TEST001, role=Authenticated Update(status 0 method 0 role 16), reauth=1800 sec
<187>May 26 09:57:56 ['9.9.9.9'] httpd[16986]: [error] [client 56.219.18.103] Invalid URI in request \xf7vMKp`ET&\xa4\x9c\xc9\xec\xd1\xd8j\r\xce\xd9\xd4\xb3\c7
<54>May 26 09:57:57 SymantecServer symantec.endpoint.ibm.lab: Security risk found,Computer name: COMP-1092025,Source: Scheduled Scan,Risk name: VirusDoctor,Occurrences: 1,c:/System Volume Information/_restore{A3F5C2A3-F289-4356-B021-1FEFEFB73CBD}/RP243/A0070465.exe,"",Actual action: Quarantined,Requested action: Quarantined,Secondary action: Left alone,Event time: 2017-05-26 09:57:57,Inserted:2017-05-26 09:57:57,End: 2017-05-26 09:57:57,Domain: Default,Group: My Company	est,Server: avp1,User: testuser-27,Source computer:  ,Source IP: 0.0.0.0
<13>May 26 09:57:59 microsoft.sec.ibm.lab AgentDevice=WindowsLog	AgentLogFile=Security	Source=Security	Computer=COMP-testuser-62	User=testuser-62	Domain=	EventID=672	EventIDCode=672	EventType=8	EventCategory=9	RecordNumber=497430	TimeGenerated=1495807079	TimeWritten=1495807079	Message=Authentication Ticket Request: User Name: testuser-62 Supplied Realm Name: us.ibm.com User ID: %{S-1-2-3-1089936} Service Name: krbtgt Service ID: %{S-3-2-1-2DA25E} Ticket Options: 0x40810010 Result Code: - Ticket Encryption Type: 0x17 Pre-Authentication Type: 2 Client Address: 50.170.42.20 Certificate Issuer Name:  Certificate Serial Number:  Certificate Thumbprint: 
<33>May 26 09:58:01 threecom.switch.ibm.lab %May 26 09:58:01 2017 S9500 PORTAL/5/PT_LOG: Online user 20.135.51.253 changes to 219.134.166.179, we will cut it off as using traffic-acct.
<149>May 26 09:58:02 apple.macosx.ibm.lab sudo:    rogueUser-2 : TTY=ttyp1 ; PWD=/Users/admin ; USER=admin ;COMMAND=/bin/bash
<157>May 26 09:58:04 microsoft.event.ibm.lab MSWinEventLog	4	Security	60703	Fri May 26 09:58:04 2017	552	Security	NETWORK SERVICE	Well Known Group	Success Audit	testuser-63	Logon/Logoff		Logon attempt using explicit credentials: Logged on user:  User Name: NETWORK SERVICE  Domain: NT AUTHORITY  Logon ID: (0x0,0x1092025)  Logon GUID: -  User whose credentials were used:  Target User Name: testuser-63  Target Domain: us.ibm.com Target Logon GUID: -  Target Server Name: localhost  Target Server Info: localhost  Caller Process ID: 821059  Source Network Address: -  Source Port: - 	56794
<13>May 26 09:58:05 microsoft.sec.ibm.lab AgentDevice=WindowsLog	AgentLogFile=Security	Source=Security	Computer=COMP-testuser-38	User=testuser-38	Domain=	EventID=673	EventIDCode=673	EventType=8	EventCategory=9	RecordNumber=328446	TimeGenerated=1495807085	TimeWritten=1495807085	Message=Service Ticket Request:  User Name: testuser-38@us.ibm.com User Domain: us.ibm.com Service Name: MAIL$  Service ID: %{S-3-2-1-BD6B3B} Ticket Options:  0x40810000   Ticket Encryption Type: 0x17 Client Address: 165.11.95.213 Failure Code: - LogonGUID: {BD6B3B-f005ba11-ba5eba11} Transited Services: - 
<13>May 26 09:58:07 checkpoint.firewall.ibm.lab 26May2017 drop checkpoint.firewall.ibm.lab product: VPN-1 &FireWall-1; src: 125.83.117.185; s_port: 59544; dst: 116.54.118.211; service: 138; proto: udp; rule: 323;SmartDefense profile: Default_Protection;__policy_id_tag: product=VPN-1 & FireWall-1[db_tag={48AB8350-7F61-11DD-887D-C0A832D16C6C};mgmt=fwmngt-zentral;date=1221069169;policy_name=Chameleon_gbl];has_accounting: 0;i/f_dir: inbound;i/f_name: eth-s1/s1p1c0;rule_uid: {21D66174-0E19-4B77-A1E9-3473FE991088};
<133>May 26 09:58:08 microsoft.event.ibm.lab MSWinEventLog 1 Security 102757633 Fri May 26 09:58:08 2017 4907 Microsoft-Windows-Security-Auditing N/A N/A Success Audit rogueUser-4 Audit Policy Change Auditing settings on object were changed. Subject: Security ID: S-1-5-18 Account Name: rogueUser-4 Account Domain: us.ibm.com Logon ID: 0x1119364 Object: Object Server: Security Object Type: File Object Name: \Windows\winsxs\test.wav Handle ID: 0x3a8 Process Information: Process ID: 0xA44938 Process Name: C:\Windows\System32\wbengine.exe Auditing Settings: Original Security Descriptor: S:AI(AU;A;;WD) New Security Descriptor: S:ARAI(AU;SAFA;;;;WD)(AU;IDFA;B;;;WD) 468053
<86>May 26 09:58:10 apple.macosx.ibm.lab sshd[5590]: Failed password for invalid user rogueUser-3 from 12.214.101.233 port 55412 ssh2
<182>May 26 09:58:12 apache.httpd.ibm.lab httpd: 128.234.158.118 174.54.167.13 - - [26/May/2017:09:58:12 -0500] "POST /test.php?doing_test=123 HTTP/1.0" 404 80 282
<54>May 26 09:58:13 SymantecServer symantec.endpoint.ibm.lab: Potential risk found,Computer name: COMP-994009,Detection type: Heuristic,Application name: (Unknown),Application type: Trojan Worm,Application version: ,Hash type: SHA-1,Application hash: 72c874f212a18944ff56f774bfe7252346b93f8e,Company name: ,File size (bytes): 301568,Sensitivity: 0,Detection score: 40,Submission recommendation:1,Permitted application reason: 0,Source: Heuristic Scan,Risk name: ,Occurrences: 1,c:\claims\claims32.exe,"",Actual action: Left alone,Requested action: Left alone,Secondary action: Left alone,Event time: 2017-05-26 09:58:13,Inserted:2017-05-26 09:58:13,End:  2017-05-26 09:58:13,Domain: Default,Group: My Company\LTC\Desktops,Server: crasesssmc01,User: testuser-9,Source computer: ,Source IP: 0.0.0.0
<187>May 26 09:58:15 ['9.9.9.9'] httpd[16986]: [error] [client 128.234.158.118] Invalid URI in request \xf7vMKp`ET&\xa4\x9c\xc9\xec\xd1\xd8j\r\xce\xd9\xd4\xb3\c7
<182>May 26 09:58:16 apache.httpd.ibm.lab httpd: 120.171.20.155 170.236.235.56 - - [26/May/2017:09:58:16 -0500] "CONNECT 10.35.79.71:443 HTTP/1.1" 405 443 297
<86>May 26 09:58:18 apple.macosx.ibm.lab sshd[5590]: Failed password for invalid user testuser-99 from 154.102.244.170 port 51816 ssh2
<54>May 26 09:58:19 SymantecServer symantec.endpoint.ibm.lab: Potential risk found,Computer name: COMP-1092025,Detection type: Heuristic,Application name: (Unknown),Application type: Trojan Worm,Application version: ,Hash type: SHA-1,Application hash: 72c874f212a18944ff56f774bfe7252346b93f8e,Company name: ,File size (bytes): 301568,Sensitivity: 0,Detection score: 40,Submission recommendation:1,Permitted application reason: 0,Source: Heuristic Scan,Risk name: ,Occurrences: 1,c:\claims\claims32.exe,"",Actual action: Left alone,Requested action: Left alone,Secondary action: Left alone,Event time: 2017-05-26 09:58:19,Inserted:2017-05-26 09:58:19,End:  2017-05-26 09:58:19,Domain: Default,Group: My Company\LTC\Desktops,Server: crasesssmc01,User: testuser-72,Source computer: ,Source IP: 0.0.0.0
<13>May 26 09:58:21 checkpoint.firewall.ibm.lab 26May2017  checkpoint.firewall.ibm.lab product: SmartDefense; src: 136.38.97.190; s_port: ; dst: 115.208.205.98; service: ; proto: udp; rule: ;Attack Info: Bad domain format, illegal ASCII value in domain;Suppressed logs: 1;Total logs: 2;__policy_id_tag: product=VPN-1 & FireWall-1[db_tag={9B20E8EA-7DE6-11DD-B7D6-C0A832D11E1E};mgmt=fwmngt-zentral;date=1220906528;policy_name=Vulpine_gbl];alert: alert;attack: Invalid DNS;has_accounting: 0;i/f_dir: inbound;
<189>May 26 09:58:22 ['9.9.9.9'] authmgr[504]: <NOTI> login <00:1c:bf:ca:2b:98  120.171.20.155 testuser-49>method=802.1x, server=TEST001, role=Authenticated Update(status 0 method 0 role 16), reauth=1800 sec
<157>May 26 09:58:24 microsoft.event.ibm.lab MSWinEventLog	4	Security	60703	Fri May 26 09:58:24 2017	552	Security	NETWORK SERVICE	Well Known Group	Success Audit	testuser-95	Logon/Logoff		Logon attempt using explicit credentials: Logged on user:  User Name: NETWORK SERVICE  Domain: NT AUTHORITY  Logon ID: (0x0,0x1102500)  Logon GUID: -  User whose credentials were used:  Target User Name: testuser-95  Target Domain: us.ibm.com Target Logon GUID: -  Target Server Name: localhost  Target Server Info: localhost  Caller Process ID: 841626  Source Network Address: -  Source Port: - 	56794
<13>May 26 09:58:26 microsoft.sec.ibm.lab AgentDevice=WindowsLog	AgentLogFile=Security	Source=Security	Computer=COMP-testuser-95	User=testuser-95	Domain=	EventID=672	EventIDCode=672	EventType=16	EventCategory=9	RecordNumber=973149	TimeGenerated=1495807106	TimeWritten=1495807106	Message=Authentication Ticket Request: User Name: testuser-95 Supplied Realm Name: us.ibm.com User ID: %{S-1-2-3-1102500} Service Name: krbtgt Service ID: %{S-3-2-1-40043A} Ticket Options: 0x40810010 Result Code: - Ticket Encryption Type: 0x17 Pre-Authentication Type: 2 Client Address: 82.158.228.40 Certificate Issuer Name:  Certificate Serial Number:  Certificate Thumbprint: 
<157>May 26 09:58:27 microsoft.event.ibm.lab MSWinEventLog	4	Security	60703	Fri May 26 09:58:27 2017	552	Security	NETWORK SERVICE	Well Known Group	Success Audit	testuser-73	Logon/Logoff		Logon attempt using explicit credentials: Logged on user:  User Name: NETWORK SERVICE  Domain: NT AUTHORITY  Logon ID: (0x0,0x1094116)  Logon GUID: -  User whose credentials were used:  Target User Name: testuser-73  Target Domain: us.ibm.com Target Logon GUID: -  Target Server Name: localhost  Target Server Info: localhost  Caller Process ID: 790462  Source Network Address: -  Source Port: - 	56794
<86>May 26 09:58:29 apple.macosx.ibm.lab com.apple.SecurityServer: authinternal authenticated user testuser-15 (uid 86788).
<13>May 26 09:58:30 checkpoint.firewall.ibm.lab 26May2017 drop checkpoint.firewall.ibm.lab product: SmartDefense; src: 132.146.155.198; s_port: 64023; dst: 62.153.127.11; service: 443; proto: tcp; rule: 392;Attack Info: TCP segment out of maximum allowed sequence. Packet dropped.;Confidence Level: 0;Performance Impact: 0;Protection Name: TCP Segment Limit Enforcement;Protection Type: settings_tcp;Severity: 0;SmartDefense Profile: Boticario_DMZ_Protection;__policy_id_tag: product=VPN-1 & FireWall-1[db_tag={E94ECB65-34C0-4740-9634-761E1604C8BC};mgmt=SJP1PLNX036-DMZ;date=1424714440;policy_name=DMZ];attack: Streaming Engine: TCP Segment Limit Enforcement;has_accounting: 0;i/f_dir: inbound;i/f_name: eth2-01.2809;origin_sic_name: CN=TEST-DMZ1,O=log_server_hostname;protection_id: tcp_segment_limit;rule_uid: {499DBB08-D262-4D9F-B639-5337A7B36E59};snid: 7572c682;src_machine_name: COMP-testuser-20;src_user_name: testuser-20 ;user: testuser-20 ;
<13>May 26 09:58:32 microsoft.sec.ibm.lab AgentDevice=WindowsLog	AgentLogFile=Security	Source=Security	Computer=COMP-testuser-46	User=testuser-46	Domain=	EventID=680	EventIDCode=680	EventType=8	EventCategory=9	RecordNumber=186305	TimeGenerated=1495807112	TimeWritten=1495807112	Message=Logon attempt by: MICROSOFT_AUTHENTICATION_PACKAGE_V1_0 Logon account: testuser-46 Source Workstation: COMP-testuser-46 Error Code: 0x0 
<33>May 26 09:58:33 threecom.switch.ibm.lab %May 26 09:58:33 2017 S9500 AAA/2/Serious error!: User testuser-64, in ACM send msg to SC failed! Returns 1 srcID 6 msgType 16384.
<13>May 26 09:58:35 microsoft.sec.ibm.lab AgentDevice=WindowsLog	AgentLogFile=Security	Source=Security	Computer=COMP-testuser-49	User=SYSTEM	Domain=	EventID=644	EventIDCode=644	EventType=8	EventCategory=7	RecordNumber=705244	TimeGenerated=1495807115	TimeWritten=1495807115	Message=User Account Locked Out: Target Account Name: testuser-49 Target Account ID: %{S-1-2-3-1100401} Caller Machine Name: COMP-CALLER01 Caller User Name: CALLER-01 Caller Domain: us.ibm.com Caller Logon ID: (0x0,0xBA5EBA11)
<190>May 26 09:58:37 arbor.pravail.ibm.lab pravail-aps: Blocked Host: Blocked host 167.227.124.53 at 10:53 by Malformed HTTP Filtering using TCP/80 (HTTP) destination 223.82.19.213 source port 55183,URL: https://arbornetworks.pravail.test.com/chaos/
<33>May 26 09:58:38 threecom.switch.ibm.lab %May 26 09:58:38 2017 S9500 FTPS/5/USERIN: User testuser-32(125.83.117.185) login succeeded
<129>May 26 09:58:40 barracuda.firewall.ibm.lab WF ALER METHOD_NOT_ALLOWED 218.111.178.29 61338 18.201.166.90 80 security-policy GLOBAL DENY NONE [Method="ABCD"] ABCD 18.201.166.90/ HTTP "-" ""-"" 18.201.166.90 48536 "-" "-"
<25>May 26 09:58:41 ambiron.ipangel.ibm.lab ipangel-ips: [2017-05-26 09:58:41-05] alert [Priority: 9] [116:46:1] [(snort_decoder) WARNING: TCP Data Offset is less than 5!] 79.186.10.120:63666 TCP 74.203.40.216:80 br0
<157>May 26 09:58:43 microsoft.event.ibm.lab MSWinEventLog	4	Security	60703	Fri May 26 09:58:43 2017	552	Security	NETWORK SERVICE	Well Known Group	Success Audit	testuser-5	Logon/Logoff		Logon attempt using explicit credentials: Logged on user:  User Name: NETWORK SERVICE  Domain: NT AUTHORITY  Logon ID: (0x0,0x986049)  Logon GUID: -  User whose credentials were used:  Target User Name: testuser-5  Target Domain: us.ibm.com Target Logon GUID: -  Target Server Name: localhost  Target Server Info: localhost  Caller Process ID: 578515  Source Network Address: -  Source Port: - 	56794
<182>May 26 09:58:44 apache.httpd.ibm.lab httpd: 79.186.10.120 116.199.50.7 - - [26/May/2017:09:58:44 -0500] "GET /<script>alert(53416)</script> HTTP/1.1" 404 443 320
<182>May 26 09:58:46 apache.httpd.ibm.lab httpd: 136.38.97.190 107.127.143.18 - - [26/May/2017:09:58:46 -0500] "HEAD / HTTP/1.1" 200 443 -
<29>May 26 09:58:48 Message forwarded from aix.ibm.lab: telnetd[13091034090276]: telnet from ::ffff:16.74.199.104 on /dev/pts/1
<129>May 26 09:58:49 barracuda.firewall.ibm.lab WF ALER CROSS_SITE_SCRIPTING_IN_URL 83.87.204.105 65503 36.174.107.64 80 security-policy GLOBAL DENY NONE [type="cross-site-scripting" pattern="script-tag" token="<script>"] GET 36.174.107.64/<script>alert(53416)</script> HTTP "-" ""-"" 36.174.107.64 48541 "-" "-"
<133>May 26 09:58:51 microsoft.event.ibm.lab MSWinEventLog 1 Security 102757633 Fri May 26 09:58:51 2017 4907 Microsoft-Windows-Security-Auditing N/A N/A Success Audit testuser-57 Audit Policy Change Auditing settings on object were changed. Subject: Security ID: S-1-5-18 Account Name: testuser-57 Account Domain: us.ibm.com Logon ID: 0x1098304 Object: Object Server: Security Object Type: File Object Name: \Windows\winsxs\test.wav Handle ID: 0x3a8 Process Information: Process ID: 0x2488C5 Process Name: C:\Windows\System32\wbengine.exe Auditing Settings: Original Security Descriptor: S:AI(AU;A;;WD) New Security Descriptor: S:ARAI(AU;SAFA;;;;WD)(AU;IDFA;B;;;WD) 233216
<14>May 26 09:58:52 Message forwarded from aix.ibm.lab: ftp[random_number_1_to_999999]: ftp: EXPORT user rogueUser-4, host 128.234.158.118, local test_script.sh, remote test_script.sh.
<54>May 26 09:58:54 SymantecServer symantec.endpoint.ibm.lab: CNC2PSY9D1,Allowed,Sysfer exception: .\RegParamEngine.cpp 1152 Failed to read value DeviceInstance from key \Registry\Machine\SYSTEM\CurrentControlSet\Control\DeviceClasses\{53f56307-b6bf-11d0-94f2-00a0c91efb8b}\##?#IDE#DiskWDC_WD800JD-75MSA3______________________10.01E04#5&,Sysfer exception,Begin: 2017-05-26 09:58:54,End: 2017-05-26 09:58:54,Rule: Sysfer exception,3592,C:/Program Files/Cisco Systems/CSAgent/bin/okclient.exe,0,,,User: testuser-87,Domain: US
<182>May 26 09:58:55 apache.httpd.ibm.lab httpd: 15.83.16.235 178.139.99.254 - - [26/May/2017:09:58:55 -0500] "TRACE / HTTP/1.0" 403 443 272
<27>May 26 09:58:57 ambiron.ipangel.ibm.lab ipangel-ips: [2017-05-26 09:58:57-05] alert [Priority: 9] [119:2:1] [(http_inspect) DOUBLE DECODING ATTACK] 83.87.204.105:64325 TCP 154.188.34.245:80 br0
<54>May 26 09:58:58 SymantecServer symantec.endpoint.ibm.lab: DCA-EMAPROJ2,Allowed,"C:\Program Files\Common Files\Symantec Shared\ccSvcHst.exe",,Begin: 2017-05-26 09:58:58,End:2017-05-26 09:58:58,Rule: ,2528,C:/Program Files/Microsoft Virtual Server/vmh.exe,0,,C:/ProgramFiles/Common Files/Symantec Shared/ccSvcHst.exe,User: testuser-72,Domain: US
<129>May 26 09:59:00 barracuda.firewall.ibm.lab WF ALER CROSS_SITE_SCRIPTING_IN_URL 30.90.182.58 61645 87.242.127.224 80 security-policy GLOBAL DENY NONE [type="cross-site-scripting" pattern="script-tag" token="<script>"] GET 87.242.127.224/<script>alert(53416)</script> HTTP "-" ""-"" 87.242.127.224 48541 "-" "-"
<187>May 26 09:59:02 ['9.9.9.9'] httpd[16986]: [error] [client 30.90.182.58] Invalid URI in request \xf7vMKp`ET&\xa4\x9c\xc9\xec\xd1\xd8j\r\xce\xd9\xd4\xb3\c7
<25>May 26 09:59:03 apple.macosx.ibm.lab DirectoryService[51]: Failed Authentication return is being delayed due to over five recent auth failures for username: testuser-78.
<27>May 26 09:59:05 ambiron.ipangel.ibm.lab ipangel-ips: [2017-05-26 09:59:05-05] alert [Priority: 9] [119:2:1] [(http_inspect) DOUBLE DECODING ATTACK] 51.18.44.104:54380 TCP 71.224.115.212:80 br0
<182>May 26 09:59:06 apache.httpd.ibm.lab httpd: 165.11.95.213 144.252.170.237 - - [26/May/2017:09:59:06 -0500] "POST /test.php?doing_test=123 HTTP/1.0" 404 80 282
<133>May 26 09:59:08 microsoft.event.ibm.lab MSWinEventLog 1 Security 102757633 Fri May 26 09:59:08 2017 4907 Microsoft-Windows-Security-Auditing N/A N/A Success Audit testuser-99 Audit Policy Change Auditing settings on object were changed. Subject: Security ID: S-1-5-18 Account Name: testuser-99 Account Domain: us.ibm.com Logon ID: 0x1110916 Object: Object Server: Security Object Type: File Object Name: \Windows\winsxs\test.wav Handle ID: 0x3a8 Process Information: Process ID: 0x2F62D9 Process Name: C:\Windows\System32\wbengine.exe Auditing Settings: Original Security Descriptor: S:AI(AU;A;;WD) New Security Descriptor: S:ARAI(AU;SAFA;;;;WD)(AU;IDFA;B;;;WD) 412051
<33>May 26 09:59:09 threecom.switch.ibm.lab %May 26 09:59:09 2017 S9500 RTA/3/Failed to get user traffic: Failed to get traffic of user 136.38.97.190 on board 6
<189>May 26 09:59:11 ['9.9.9.9'] authmgr[504]: <NOTI> login <00:1c:bf:ca:2b:98  30.90.182.58 testuser-84>method=802.1x, server=TEST001, role=Authenticated Update(status 0 method 0 role 16), reauth=1800 sec
<187>May 26 09:59:13 ['9.9.9.9'] httpd[16986]: [error] [client 132.146.155.198] Invalid URI in request \xf7vMKp`ET&\xa4\x9c\xc9\xec\xd1\xd8j\r\xce\xd9\xd4\xb3\c7
<133>May 26 09:59:14 microsoft.event.ibm.lab MSWinEventLog 1 Security 102757633 Fri May 26 09:59:14 2017 4907 Microsoft-Windows-Security-Auditing N/A N/A Success Audit rogueUser-3 Audit Policy Change Auditing settings on object were changed. Subject: Security ID: S-1-5-18 Account Name: rogueUser-3 Account Domain: us.ibm.com Logon ID: 0x1117249 Object: Object Server: Security Object Type: File Object Name: \Windows\winsxs\test.wav Handle ID: 0x3a8 Process Information: Process ID: 0x932312 Process Name: C:\Windows\System32\wbengine.exe Auditing Settings: Original Security Descriptor: S:AI(AU;A;;WD) New Security Descriptor: S:ARAI(AU;SAFA;;;;WD)(AU;IDFA;B;;;WD) 672758
<190>May 26 09:59:16 arbor.pravail.ibm.lab pravail-aps: Blocked Host: Blocked host 129.171.84.29 10:53 by TCP Connection Reset using TCP/61054 (Unknown) destination 134.133.5.46 source port 443,URL: https://arbornetworks.pravail.test.com/chaos/
<129>May 26 09:59:17 barracuda.firewall.ibm.lab WF ALER CROSS_SITE_SCRIPTING_IN_PARAM 79.186.10.120 59502 136.130.27.117 443 security-policy GLOBAL DENY NONE [type="cross-site-scripting" pattern="script-tag" token="<script>" Parameter="url" value="<script>alert(5341)</script>"] GET 136.130.27.117/redirect.asp?url=<script>alert(5341)</script> HTTPS "-" ""-"" 136.130.27.117 59845 "-" "-"
<189>May 26 09:59:19 ['9.9.9.9'] authmgr[504]: <NOTI> login <00:1c:bf:ca:2b:98  165.11.95.213 testuser-83>method=802.1x, server=TEST001, role=Authenticated Update(status 0 method 0 role 16), reauth=1800 sec
<189>May 26 09:59:20 ['9.9.9.9'] authmgr[504]: <NOTI> login <00:1c:bf:ca:2b:98  15.83.16.235 rogueUser-5>method=802.1x, server=TEST001, role=Authenticated Update(status 0 method 0 role 16), reauth=1800 sec
<190>May 26 09:59:22 arbor.pravail.ibm.lab pravail-aps: Blocked Host: Blocked host 154.102.244.170 10:53 by TCP Connection Reset using TCP/61802 (Unknown) destination 177.241.149.60 source port 443,URL: https://arbornetworks.pravail.test.com/chaos/
<14>May 26 09:59:24 Message forwarded from aix.ibm.lab: ftp[random_number_1_to_999999]: ftp: EXPORT user testuser-26, host 136.38.97.190, local test_script.sh, remote test_script.sh.
<187>May 26 09:59:25 ['9.9.9.9'] httpd[16986]: [error] [client 20.135.51.253] Invalid URI in request \xf7vMKp`ET&\xa4\x9c\xc9\xec\xd1\xd8j\r\xce\xd9\xd4\xb3\c7
<13>May 26 09:59:27 microsoft.sec.ibm.lab AgentDevice=WindowsLog	AgentLogFile=Security	Source=Security	Computer=COMP-testuser-42	User=testuser-42	Domain=	EventID=576	EventIDCode=576	EventType=8	EventCategory=2	RecordNumber=269421	TimeGenerated=1495807167	TimeWritten=1495807167	Message=Special privileges assigned to new logon: User Name: testuser-42 Domain: us.ibm.com Logon ID: (0x0,0x1085764) Privileges: SeSecurityPrivilege SeBackupPrivilege SeRestorePrivilege SeTakeOwnershipPrivilege SeDebugPrivilege SeSystemEnvironmentPrivilege SeLoadDriverPrivilege SeImpersonatePrivilege
<54>May 26 09:59:28 SymantecServer symantec.endpoint.ibm.lab: Potential risk found,Computer name: COMP-994009,Detection type: Heuristic,Application name: (Unknown),Application type: Trojan Worm,Application version: ,Hash type: SHA-1,Application hash: 72c874f212a18944ff56f774bfe7252346b93f8e,Company name: ,File size (bytes): 301568,Sensitivity: 0,Detection score: 40,Submission recommendation:1,Permitted application reason: 0,Source: Heuristic Scan,Risk name: ,Occurrences: 1,c:\claims\claims32.exe,"",Actual action: Left alone,Requested action: Left alone,Secondary action: Left alone,Event time: 2017-05-26 09:59:28,Inserted:2017-05-26 09:59:28,End:  2017-05-26 09:59:28,Domain: Default,Group: My Company\LTC\Desktops,Server: crasesssmc01,User: testuser-9,Source computer: ,Source IP: 0.0.0.0
<27>May 26 09:59:30 ambiron.ipangel.ibm.lab ipangel-ips: [2017-05-26 09:59:30-05] alert [Priority: 9] [119:2:1] [(http_inspect) DOUBLE DECODING ATTACK] 79.186.10.120:53319 TCP 107.100.4.65:80 br0
<38>May 26 09:59:31 sshd[245614]: Failed password for invalid user testuser-91 from 79.186.10.120 port 55233 ssh2
<38>May 26 09:59:33 sshd[954096]: Failed password for invalid user testuser-58 from 85.63.80.29 port 54216 ssh2
<13>May 26 09:59:34 microsoft.sec.ibm.lab AgentDevice=WindowsLog	AgentLogFile=Security	Source=Security	Computer=COMP-testuser-53	User=testuser-53	Domain=	EventID=529	EventIDCode=529	EventType=16	EventCategory=2	RecordNumber=962977	TimeGenerated=1495807174	TimeWritten=1495807174	Message=Successful Network Logon: User Name: Domain: Logon ID: (0x0,0x1089936) Logon Type: 3 Logon Process: NtLmSsp Authentication Package: NTLM Workstation Name: COMP-testuser-53 Logon GUID: - Caller User Name: - Caller Domain: - Caller Logon ID: - Caller Process ID: - Transited Services: - Source Network Address: 217.96.150.91 Source Port: 0
<129>May 26 09:59:36 barracuda.firewall.ibm.lab WF ALER SLASH_DOT_IN_URL 120.171.20.155 61417 16.60.171.185 443 security-policy GLOBAL DENY NONE ["-"] GET 16.60.171.185/themes/default/css/.htaccess HTTPS "-" ""-"" 16.60.171.185 44428 "-" "-"
<25>May 26 09:59:38 ambiron.ipangel.ibm.lab ipangel-ips: [2017-05-26 09:59:38-05] alert [Priority: 9] [116:46:1] [(snort_decoder) WARNING: TCP Data Offset is less than 5!] 201.150.192.18:59040 TCP 208.150.231.242:80 br0
<86>May 26 09:59:39 apple.macosx.ibm.lab com.apple.SecurityServer: authinternal authenticated user testuser-70 (uid 88873).
<33>May 26 09:59:41 threecom.switch.ibm.lab %May 26 09:59:41 2017 S9500 FTPS/5/USEROUT: User testuser-77(212.2.111.4) logged out
<189>May 26 09:59:42 ['9.9.9.9'] authmgr[504]: <NOTI> login <00:1c:bf:ca:2b:98  212.2.111.4 testuser-77>method=802.1x, server=TEST001, role=Authenticated Update(status 0 method 0 role 16), reauth=1800 sec
<182>May 26 09:59:44 apache.httpd.ibm.lab httpd: 165.11.95.213 196.80.187.166 - - [26/May/2017:09:59:44 -0500] "GET /<script>alert(53416)</script> HTTP/1.1" 404 443 320
<86>May 26 09:59:45 apple.macosx.ibm.lab sshd[5590]: Failed password for invalid user testuser-9 from 106.163.101.93 port 57279 ssh2
<189>May 26 09:59:47 ['9.9.9.9'] authmgr[504]: <NOTI> login <00:1c:bf:ca:2b:98  136.38.97.190 testuser-17>method=802.1x, server=TEST001, role=Authenticated Update(status 0 method 0 role 16), reauth=1800 sec
<13>May 26 09:59:49 microsoft.sec.ibm.lab AgentDevice=WindowsLog	AgentLogFile=Security	Source=Security	Computer=COMP-testuser-68	User=testuser-68	Domain=	EventID=540	EventIDCode=540	EventType=8	EventCategory=2	RecordNumber=414414	TimeGenerated=1495807189	TimeWritten=1495807189	Message=Successful Network Logon: User Name: Domain: Logon ID: (0x0,0x1102500) Logon Type: 3 Logon Process: NtLmSsp Authentication Package: NTLM Workstation Name: COMP-testuser-68 Logon GUID: - Caller User Name: - Caller Domain: - Caller Logon ID: - Caller Process ID: - Transited Services: - Source Network Address: 144.231.218.161 Source Port: 0
<13>May 26 09:59:50 checkpoint.firewall.ibm.lab 26May2017  checkpoint.firewall.ibm.lab product: martDefense; src: 83.87.204.105; s_port: ; dst: 143.57.43.92; service: ; proto: udp; rule: ;Attack Info: Response packet too long, potential buffer overflow;Suppressed logs: 5;Total logs: 6;__policy_id_tag: product=VPN-1 & FireWall-1[db_tag={321A4EE6-7DEA-11DD-BFAA-C0A832822626};mgmt=fwmngt05;date=1220908070;policy_name=KillerWhale_gbl];alert: alert;attack: Invalid DNS;has_accounting: 0;i/f_dir: inbound;
<14>May 26 09:59:52 Message forwarded from aix.ibm.lab: ftp[random_number_1_to_999999]: ftp: IMPORT user testuser-28, host 79.186.10.120, local test_file, remote /data/savedata/test_file.dat.
<187>May 26 09:59:53 ['9.9.9.9'] httpd[16986]: [error] [client 179.174.48.208] Invalid URI in request \xf7vMKp`ET&\xa4\x9c\xc9\xec\xd1\xd8j\r\xce\xd9\xd4\xb3\c7
<33>May 26 09:59:55 threecom.switch.ibm.lab %May 26 09:59:55 2017 S9500 FTPS/5/USEROUT: User testuser-69(83.87.204.105) logged out
<54>May 26 09:59:56 SymantecServer symantec.endpoint.ibm.lab: CNC2PSY9D1,Allowed,Sysfer exception: .\RegParamEngine.cpp 1152 Failed to read value DeviceInstance from key \Registry\Machine\SYSTEM\CurrentControlSet\Control\DeviceClasses\{53f56307-b6bf-11d0-94f2-00a0c91efb8b}\##?#IDE#DiskWDC_WD800JD-75MSA3______________________10.01E04#5&,Sysfer exception,Begin: 2017-05-26 09:59:56,End: 2017-05-26 09:59:56,Rule: Sysfer exception,3592,C:/Program Files/Cisco Systems/CSAgent/bin/okclient.exe,0,,,User: rogueUser-2,Domain: US
<189>May 26 09:59:58 ['9.9.9.9'] authmgr[504]: <NOTI> login <00:1c:bf:ca:2b:98  165.11.95.213 testuser-74>method=802.1x, server=TEST001, role=Authenticated Update(status 0 method 0 role 16), reauth=1800 sec
<13>May 26 10:00:01 checkpoint.firewall.ibm.lab 26May2017 drop checkpoint.firewall.ibm.lab product: VPN-1 &FireWall-1; src: 154.102.244.170; s_port: 62005; dst: 220.45.152.115; service: 138; proto: udp; rule: 323;SmartDefense profile: Default_Protection;__policy_id_tag: product=VPN-1 & FireWall-1[db_tag={48AB8350-7F61-11DD-887D-C0A832D16C6C};mgmt=fwmngt-zentral;date=1221069169;policy_name=Chameleon_gbl];has_accounting: 0;i/f_dir: inbound;i/f_name: eth-s1/s1p1c0;rule_uid: {21D66174-0E19-4B77-A1E9-3473FE991088};
<182>May 26 10:00:03 apache.httpd.ibm.lab httpd: 56.219.18.103 177.89.40.216 - - [26/May/2017:10:00:03 -0500] "GET / HTTP/1.0" 200 443 9334
<190>May 26 10:00:04 arbor.pravail.ibm.lab pravail-aps: Blocked Host: Blocked host 79.186.10.120 at 10:52 by Invalid Packets using TCP/0 (Unknown) destination 67.183.109.202,URL: https://arbornetworks.pravail.test.com/chaos/
<190>May 26 10:00:06 arbor.pravail.ibm.lab pravail-aps: Blocked Host: Blocked host 212.2.111.4 at 10:52 by Invalid Packets using TCP/0 (Unknown) destination 179.165.125.253,URL: https://arbornetworks.pravail.test.com/chaos/
<86>May 26 10:00:07 apple.macosx.ibm.lab sshd[5590]: Failed password for invalid user testuser-46 from 79.186.10.120 port 57591 ssh2
<86>May 26 10:00:09 apple.macosx.ibm.lab sshd[5590]: Failed password for invalid user testuser-83 from 69.245.245.24 port 61538 ssh2
<189>May 26 10:00:10 ['9.9.9.9'] authmgr[504]: <NOTI> login <00:1c:bf:ca:2b:98  20.135.51.253 rogueUser-3>method=802.1x, server=TEST001, role=Authenticated Update(status 0 method 0 role 16), reauth=1800 sec
<190>May 26 10:00:12 arbor.pravail.ibm.lab pravail-aps: Blocked Host: Blocked host 113.146.67.20 at 10:53 by Malformed HTTP Filtering using TCP/80 (HTTP) destination 56.131.215.217 source port 60111,URL: https://arbornetworks.pravail.test.com/chaos/
<83>May 26 10:00:14 apple.macosx.ibm.lab sshd[5590]: error: PAM: Authentication failure for illegal user testuser-50 from 124.38.215.173<187>May 26 10:00:15 ['9.9.9.9'] httpd[16986]: [error] [client 165.11.95.213] Invalid URI in request \xf7vMKp`ET&\xa4\x9c\xc9\xec\xd1\xd8j\r\xce\xd9\xd4\xb3\c7
<33>May 26 10:00:17 threecom.switch.ibm.lab %May 26 10:00:17 2017 S9500 AAA/2/Serious error!: User testuser-15, in ACM send msg to SC failed! Returns 1 srcID 6 msgType 16384.
<13>May 26 10:00:18 checkpoint.firewall.ibm.lab 26May2017 drop checkpoint.firewall.ibm.lab product: VPN-1 &FireWall-1; src: 218.111.178.29; s_port: 60591; dst: 2.10.21.18; service: 138; proto: udp; rule: 323;SmartDefense profile: Default_Protection;__policy_id_tag: product=VPN-1 & FireWall-1[db_tag={48AB8350-7F61-11DD-887D-C0A832D16C6C};mgmt=fwmngt-zentral;date=1221069169;policy_name=Chameleon_gbl];has_accounting: 0;i/f_dir: inbound;i/f_name: eth-s1/s1p1c0;rule_uid: {21D66174-0E19-4B77-A1E9-3473FE991088};
<86>May 26 10:00:20 apple.macosx.ibm.lab sshd[5590]: Failed password for invalid user testuser-60 from 173.217.15.214 port 56400 ssh2
<157>May 26 10:00:21 microsoft.event.ibm.lab MSWinEventLog	4	Security	60703	Fri May 26 10:00:21 2017	552	Security	NETWORK SERVICE	Well Known Group	Success Audit	rogueUser-3	Logon/Logoff		Logon attempt using explicit credentials: Logged on user:  User Name: NETWORK SERVICE  Domain: NT AUTHORITY  Logon ID: (0x0,0x1117249)  Logon GUID: -  User whose credentials were used:  Target User Name: rogueUser-3  Target Domain: us.ibm.com Target Logon GUID: -  Target Server Name: localhost  Target Server Info: localhost  Caller Process ID: 483373  Source Network Address: -  Source Port: - 	56794
<190>May 26 10:00:23 arbor.pravail.ibm.lab pravail-aps: Blocked Host: Blocked host 136.38.97.190 at 10:53 by Malformed HTTP Filtering using TCP/80 (HTTP) destination 97.10.219.69 source port 57178,URL: https://arbornetworks.pravail.test.com/chaos/
<27>May 26 10:00:25 ambiron.ipangel.ibm.lab ipangel-ips: [2017-05-26 10:00:25-05] alert [Priority: 9] [119:2:1] [(http_inspect) DOUBLE DECODING ATTACK] 202.207.224.25:51073 TCP 167.172.205.21:80 br0
<38>May 26 10:00:26 sshd[595590]: Failed password for invalid user testuser-56 from 165.11.95.213 port 63316 ssh2
<14>May 26 10:00:28 Message forwarded from aix.ibm.lab: ftp[random_number_1_to_999999]: ftp: IMPORT user testuser-39, host 30.90.182.58, local test_file, remote /data/savedata/test_file.dat.
<133>May 26 10:00:29 microsoft.event.ibm.lab MSWinEventLog 1 Security 102757633 Fri May 26 10:00:29 2017 4907 Microsoft-Windows-Security-Auditing N/A N/A Success Audit testuser-61 Audit Policy Change Auditing settings on object were changed. Subject: Security ID: S-1-5-18 Account Name: testuser-61 Account Domain: us.ibm.com Logon ID: 0x1087849 Object: Object Server: Security Object Type: File Object Name: \Windows\winsxs\test.wav Handle ID: 0x3a8 Process Information: Process ID: 0x212475 Process Name: C:\Windows\System32\wbengine.exe Auditing Settings: Original Security Descriptor: S:AI(AU;A;;WD) New Security Descriptor: S:ARAI(AU;SAFA;;;;WD)(AU;IDFA;B;;;WD) 978019
<14>May 26 10:00:31 Message forwarded from aix.ibm.lab: ftp[random_number_1_to_999999]: ftp: EXPORT user testuser-47, host 165.11.95.213, local test_script.sh, remote test_script.sh.
<13>May 26 10:00:32 checkpoint.firewall.ibm.lab 26May2017 reject checkpoint.firewall.ibm.lab product: VPN-1 & FireWall-1; src: 56.219.18.103; s_port: 49995; dst: 28.113.233.172; service: 113; proto: tcp; rule: 14;SmartDefense profile: Default_Protection;__policy_id_tag: product=VPN-1 & FireWall-1[db_tag={25E5B8F6-79E7-11DD-941A-C0A832D00C0C};mgmt=fwmngt-wuv;date=1220466957;policy_name=rhino_gbl];has_accounting: 0;i/f_dir: inbound;i/f_name: eth-s2/s1p1c0;rule_uid: {9C96B325-D976-4A30-8685-9ED61018A6E7};service_id: gident;
<33>May 26 10:00:34 threecom.switch.ibm.lab %May 26 10:00:34 2017 S9500 AAA/2/Serious error!: User testuser-25, in ACM send msg to SC failed! Returns 1 srcID 6 msgType 16384.
<129>May 26 10:00:36 barracuda.firewall.ibm.lab WF ALER SLASH_DOT_IN_URL 212.2.111.4 56343 138.100.169.104 443 security-policy GLOBAL DENY NONE ["-"] GET 138.100.169.104/themes/default/css/.htaccess HTTPS "-" ""-"" 138.100.169.104 44428 "-" "-"
<133>May 26 10:00:37 microsoft.event.ibm.lab MSWinEventLog 1 Security 102757633 Fri May 26 10:00:37 2017 4907 Microsoft-Windows-Security-Auditing N/A N/A Success Audit rogueUser-1 Audit Policy Change Auditing settings on object were changed. Subject: Security ID: S-1-5-18 Account Name: rogueUser-1 Account Domain: us.ibm.com Logon ID: 0x1113025 Object: Object Server: Security Object Type: File Object Name: \Windows\winsxs\test.wav Handle ID: 0x3a8 Process Information: Process ID: 0x15000B Process Name: C:\Windows\System32\wbengine.exe Auditing Settings: Original Security Descriptor: S:AI(AU;A;;WD) New Security Descriptor: S:ARAI(AU;SAFA;;;;WD)(AU;IDFA;B;;;WD) 627856
<38>May 26 10:00:39 syslog: ssh: failed login attempt for testuser-66 from 30.90.182.58
<33>May 26 10:00:40 threecom.switch.ibm.lab %May 26 10:00:40 2017 S9500 RTA/3/Failed to get user traffic: Failed to get traffic of user 99.123.52.13 on board 6
<38>May 26 10:00:42 sshd[955579]: Invalid user rogueUser-1 from 33.195.94.29
<190>May 26 10:00:43 arbor.pravail.ibm.lab pravail-aps: Blocked Host: Blocked host 15.83.16.235 at 10:53 by Malformed HTTP Filtering using TCP/80 (HTTP) destination 103.144.56.216 source port 56163,URL: https://arbornetworks.pravail.test.com/chaos/
<33>May 26 10:00:45 threecom.switch.ibm.lab %May 26 10:00:45 2017 S9500 RTA/3/Failed to start accounting: Failed to start traffic accounting for user 218.111.178.29 on board 6
<38>May 26 10:00:46 sshd[random_number_1_to_999999]: Accepted publickey for testuser-16 from 56.219.18.103 port 62351 ssh2
<86>May 26 10:00:48 apple.macosx.ibm.lab com.apple.SecurityServer: authinternal authenticated user rogueUser-2 (uid 116160).
<190>May 26 10:00:50 arbor.pravail.ibm.lab pravail-aps: Blocked Host: Blocked host 9.135.38.229 at 10:53 by Malformed HTTP Filtering using TCP/80 (HTTP) destination 186.28.132.31 source port 60074,URL: https://arbornetworks.pravail.test.com/chaos/
<13>May 26 10:00:51 checkpoint.firewall.ibm.lab 26May2017  checkpoint.firewall.ibm.lab product: SmartDefense; src: 165.11.95.213; s_port: ; dst: 220.75.140.37; service: ; proto: udp; rule: ;Attack Info: Out-of-state DNS reply;Suppressed logs: 143;Total logs: 144;__policy_id_tag: product=VPN-1 & FireWall-1[db_tag={321A4EE6-7DEA-11DD-BFAA-C0A832822626};mgmt=fwmngt05;date=1220908070;policy_name=KillerWhale_gbl];alert: alert;attack: Invalid DNS;has_accounting: 0;i/f_dir: inbound;
<189>May 26 10:00:53 ['9.9.9.9'] authmgr[504]: <NOTI> login <00:1c:bf:ca:2b:98  165.11.95.213 testuser-65>method=802.1x, server=TEST001, role=Authenticated Update(status 0 method 0 role 16), reauth=1800 sec
<179>May 26 10:00:54 apache.httpd.ibm.lab httpd[5570]: [ID 702911 local6.error] [error] [client 167.227.124.53] Certificate Verification: Error (10): certificate has expired
<54>May 26 10:00:56 SymantecServer symantec.endpoint.ibm.lab: Security risk found,Computer name: COMP-1098304,Source: Scheduled Scan,Risk name: VirusDoctor,Occurrences: 1,c:/System Volume Information/_restore{A3F5C2A3-F289-4356-B021-1FEFEFB73CBD}/RP243/A0070465.exe,"",Actual action: Quarantined,Requested action: Quarantined,Secondary action: Left alone,Event time: 2017-05-26 10:00:56,Inserted:2017-05-26 10:00:56,End: 2017-05-26 10:00:56,Domain: Default,Group: My Company	est,Server: avp1,User: testuser-84,Source computer:  ,Source IP: 0.0.0.0
<13>May 26 10:00:57 microsoft.sec.ibm.lab AgentDevice=WindowsLog	AgentLogFile=Security	Source=Security	Computer=COMP-testuser-14	User=testuser-14	Domain=	EventID=675	EventIDCode=675	EventType=16	EventCategory=9	RecordNumber=882805	TimeGenerated=1495807257	TimeWritten=1495807257	Message=Pre-authentication failed: User Name: testuser-14 User ID: %{S-1-2-3-1083681} Service Name: krbtgt Pre-Authentication Type: 0x2 Failure Code: 0x18 Client Address: 125.83.117.185 
<157>May 26 10:00:59 microsoft.event.ibm.lab MSWinEventLog	4	Security	60703	Fri May 26 10:00:59 2017	552	Security	NETWORK SERVICE	Well Known Group	Success Audit	testuser-63	Logon/Logoff		Logon attempt using explicit credentials: Logged on user:  User Name: NETWORK SERVICE  Domain: NT AUTHORITY  Logon ID: (0x0,0x1092025)  Logon GUID: -  User whose credentials were used:  Target User Name: testuser-63  Target Domain: us.ibm.com Target Logon GUID: -  Target Server Name: localhost  Target Server Info: localhost  Caller Process ID: 104842  Source Network Address: -  Source Port: - 	56794
<157>May 26 10:01:01 microsoft.event.ibm.lab MSWinEventLog	4	Security	60703	Fri May 26 10:01:01 2017	552	Security	NETWORK SERVICE	Well Known Group	Success Audit	testuser-38	Logon/Logoff		Logon attempt using explicit credentials: Logged on user:  User Name: NETWORK SERVICE  Domain: NT AUTHORITY  Logon ID: (0x0,0x1096209)  Logon GUID: -  User whose credentials were used:  Target User Name: testuser-38  Target Domain: us.ibm.com Target Logon GUID: -  Target Server Name: localhost  Target Server Info: localhost  Caller Process ID: 819430  Source Network Address: -  Source Port: - 	56794
