<33>May 26 09:37:54 threecom.switch.ibm.lab %May 26 09:37:54 2017 S9500 PORTAL/5/PT_LOG: Online user 120.171.20.155 changes to 211.100.188.185, we will cut it off as using traffic-acct.
<14>May 26 09:37:55 Message forwarded from aix.ibm.lab: ftp[random_number_1_to_999999]: ftp: EXPORT user testuser-49, host 120.171.20.155, local test_script.sh, remote test_script.sh.
<157>May 26 09:37:57 microsoft.event.ibm.lab MSWinEventLog	4	Security	60703	Fri May 26 09:37:57 2017	552	Security	NETWORK SERVICE	Well Known Group	Success Audit	testuser-79	Logon/Logoff		Logon attempt using explicit credentials: Logged on user:  User Name: NETWORK SERVICE  Domain: NT AUTHORITY  Logon ID: (0x0,0x1106704)  Logon GUID: -  User whose credentials were used:  Target User Name: testuser-79  Target Domain: us.ibm.com Target Logon GUID: -  Target Server Name: localhost  Target Server Info: localhost  Caller Process ID: 596184  Source Network Address: -  Source Port: - 	56794
<13>May 26 09:37:58 microsoft.sec.ibm.lab AgentDevice=WindowsLog	AgentLogFile=Security	Source=Security	Computer=COMP-testuser-38	User=testuser-38	Domain=	EventID=529	EventIDCode=529	EventType=16	EventCategory=2	RecordNumber=645807	TimeGenerated=1495805878	TimeWritten=1495805878	Message=Successful Network Logon: User Name: Domain: Logon ID: (0x0,0x1096209) Logon Type: 3 Logon Process: NtLmSsp Authentication Package: NTLM Workstation Name: COMP-testuser-38 Logon GUID: - Caller User Name: - Caller Domain: - Caller Logon ID: - Caller Process ID: - Transited Services: - Source Network Address: 160.236.43.47 Source Port: 0
<182>May 26 09:38:00 apache.httpd.ibm.lab httpd: 201.150.192.18 11.187.187.91 - - [26/May/2017:09:38:00 -0500] "OPTIONS /cgi-bin/index.php HTTP/1.1" 200 443 -
<54>May 26 09:38:02 SymantecServer symantec.endpoint.ibm.lab: Security risk found,Computer name: COMP-1087849,Source: Scheduled Scan,Risk name: VirusDoctor,Occurrences: 1,c:/System Volume Information/_restore{A3F5C2A3-F289-4356-B021-1FEFEFB73CBD}/RP243/A0070465.exe,"",Actual action: Quarantined,Requested action: Quarantined,Secondary action: Left alone,Event time: 2017-05-26 09:38:02,Inserted:2017-05-26 09:38:02,End: 2017-05-26 09:38:02,Domain: Default,Group: My Company	est,Server: avp1,User: testuser-52,Source computer:  ,Source IP: 0.0.0.0
<38>May 26 09:38:03 sshd[415527]: Disconnecting: Too many authentication failures for testuser-3
<182>May 26 09:38:05 apache.httpd.ibm.lab httpd: 202.207.224.25 50.235.133.234 - - [26/May/2017:09:38:05 -0500] "HEAD / HTTP/1.1" 200 443 -
<33>May 26 09:38:06 threecom.switch.ibm.lab %May 26 09:38:06 2017 S9500 FTPS/5/USEROUT: User testuser-74(165.11.95.213) logged out
<86>May 26 09:38:08 apple.macosx.ibm.lab com.apple.SecurityServer: authinternal authenticated user testuser-25 (uid 88873).
<133>May 26 09:38:09 microsoft.event.ibm.lab MSWinEventLog 1 Security 102757633 Fri May 26 09:38:09 2017 4907 Microsoft-Windows-Security-Auditing N/A N/A Success Audit testuser-27 Audit Policy Change Auditing settings on object were changed. Subject: Security ID: S-1-5-18 Account Name: testuser-27 Account Domain: us.ibm.com Logon ID: 0x1092025 Object: Object Server: Security Object Type: File Object Name: \Windows\winsxs\test.wav Handle ID: 0x3a8 Process Information: Process ID: 0x26521E Process Name: C:\Windows\System32\wbengine.exe Auditing Settings: Original Security Descriptor: S:AI(AU;A;;WD) New Security Descriptor: S:ARAI(AU;SAFA;;;;WD)(AU;IDFA;B;;;WD) 473120
<86>May 26 09:38:11 apple.macosx.ibm.lab com.apple.SecurityServer: authinternal authenticated user rogueUser-3 (uid 118273).
<25>May 26 09:38:13 ambiron.ipangel.ibm.lab ipangel-ips: [2017-05-26 09:38:13-05] alert [Priority: 9] [116:46:1] [(snort_decoder) WARNING: TCP Data Offset is less than 5!] 136.38.97.190:49810 TCP 30.36.155.163:80 br0
<13>May 26 09:38:14 microsoft.sec.ibm.lab AgentDevice=WindowsLog	AgentLogFile=Security	Source=Security	Computer=COMP-testuser-51	User=testuser-51	Domain=	EventID=576	EventIDCode=576	EventType=8	EventCategory=2	RecordNumber=328169	TimeGenerated=1495805894	TimeWritten=1495805894	Message=Special privileges assigned to new logon: User Name: testuser-51 Domain: us.ibm.com Logon ID: (0x0,0x1085764) Privileges: SeSecurityPrivilege SeBackupPrivilege SeRestorePrivilege SeTakeOwnershipPrivilege SeDebugPrivilege SeSystemEnvironmentPrivilege SeLoadDriverPrivilege SeImpersonatePrivilege
<86>May 26 09:38:16 apple.macosx.ibm.lab com.apple.SecurityServer: authinternal authenticated user testuser-41 (uid 84705).
<26>May 26 09:38:17 ambiron.ipangel.ibm.lab ipangel-ips: [2017-05-26 09:38:17-05] alert [Priority: 9] [119:14:1] [(http_inspect) NON-RFC DEFINED CHAR] 129.171.84.29:64209 TCP 116.175.112.64:80 br0
<133>May 26 09:38:19 microsoft.event.ibm.lab MSWinEventLog 1 Security 102757633 Fri May 26 09:38:19 2017 4907 Microsoft-Windows-Security-Auditing N/A N/A Success Audit rogueUser-5 Audit Policy Change Auditing settings on object were changed. Subject: Security ID: S-1-5-18 Account Name: rogueUser-5 Account Domain: us.ibm.com Logon ID: 0x1121481 Object: Object Server: Security Object Type: File Object Name: \Windows\winsxs\test.wav Handle ID: 0x3a8 Process Information: Process ID: 0x3B69F3 Process Name: C:\Windows\System32\wbengine.exe Auditing Settings: Original Security Descriptor: S:AI(AU;A;;WD) New Security Descriptor: S:ARAI(AU;SAFA;;;;WD)(AU;IDFA;B;;;WD) 637349
<133>May 26 09:38:20 microsoft.event.ibm.lab MSWinEventLog 1 Security 102757633 Fri May 26 09:38:20 2017 4907 Microsoft-Windows-Security-Auditing N/A N/A Success Audit testuser-26 Audit Policy Change Auditing settings on object were changed. Subject: Security ID: S-1-5-18 Account Name: testuser-26 Account Domain: us.ibm.com Logon ID: 0x1089936 Object: Object Server: Security Object Type: File Object Name: \Windows\winsxs\test.wav Handle ID: 0x3a8 Process Information: Process ID: 0x71882D Process Name: C:\Windows\System32\wbengine.exe Auditing Settings: Original Security Descriptor: S:AI(AU;A;;WD) New Security Descriptor: S:ARAI(AU;SAFA;;;;WD)(AU;IDFA;B;;;WD) 781347
<50>May 26 09:38:22 SymantecServer symantec.endpoint.ibm.lab: testbox-xyz,[SID: 70025] Web Attack: Blackhole Exploit Toolkit 2 attack blocked. Traffic has been blocked for this application: C:\Program Files\Internet Explorer\iexplore.exe,Local: 0.0.0.0,Local: 000000000000,Remote: ,Remote: 0.0.0.0,Remote: 000000000000,Inbound,OTHERS,,Begin: 2017-05-26 09:38:22,End: 2017-05-26 09:38:22,Occurrences: 1,Application: C:/Program Files/Internet Explorer/iexplore.exe,Location: Default,User: testuser-17,Domain: SIMON,!ExternalLoggingTask.localport! 0,!ExternalLoggingTask.remoteport! 0,!ExternalLoggingTask.cidssignid! 70025,!ExternalLoggingTask.strcidssignid! Web Attack: Blackhole Exploit Toolkit 2,!ExternalLoggingTask.cidssignsubid! 0,!ExternalLoggingTask.intrusionurl! http://pppptttt.blah.net/links/came_broadcasting_taking-various.php,!ExternalLoggingTask.intrusionpayloadurl!
<129>May 26 09:38:24 barracuda.firewall.ibm.lab WF ALER METHOD_NOT_ALLOWED 30.90.182.58 51143 157.37.197.211 80 security-policy GLOBAL DENY NONE [Method="ABCD"] ABCD 157.37.197.211/ HTTP "-" ""-"" 157.37.197.211 48536 "-" "-"
<33>May 26 09:38:25 threecom.switch.ibm.lab %May 26 09:38:25 2017 S9500 RTA/3/Failed to get user traffic: Failed to get traffic of user 125.83.117.185 on board 6
<13>May 26 09:38:27 microsoft.sec.ibm.lab AgentDevice=WindowsLog	AgentLogFile=Security	Source=Security	Computer=COMP-testuser-91	User=testuser-91	Domain=	EventID=672	EventIDCode=672	EventType=16	EventCategory=9	RecordNumber=403212	TimeGenerated=1495805907	TimeWritten=1495805907	Message=Authentication Ticket Request: User Name: testuser-91 Supplied Realm Name: us.ibm.com User ID: %{S-1-2-3-1094116} Service Name: krbtgt Service ID: %{S-3-2-1-76AEE7} Ticket Options: 0x40810010 Result Code: - Ticket Encryption Type: 0x17 Pre-Authentication Type: 2 Client Address: 79.186.10.120 Certificate Issuer Name:  Certificate Serial Number:  Certificate Thumbprint: 
<38>May 26 09:38:28 sshd[292200]: input_userauth_request: invalid user testuser-4
<26>May 26 09:38:30 ambiron.ipangel.ibm.lab ipangel-ips: [2017-05-26 09:38:30-05] alert [Priority: 9] [119:14:1] [(http_inspect) NON-RFC DEFINED CHAR] 120.171.20.155:55078 TCP 91.177.121.249:80 br0
<190>May 26 09:38:31 arbor.pravail.ibm.lab pravail-aps: Blocked Host: Blocked host 9.135.38.229 at 10:52 by Invalid Packets using TCP/0 (Unknown) destination 133.36.58.205,URL: https://arbornetworks.pravail.test.com/chaos/
<187>May 26 09:38:33 ['9.9.9.9'] httpd[16986]: [error] [client 218.111.178.29] Invalid URI in request \xf7vMKp`ET&\xa4\x9c\xc9\xec\xd1\xd8j\r\xce\xd9\xd4\xb3\c7
<86>May 26 09:38:34 apple.macosx.ibm.lab com.apple.SecurityServer: authinternal authenticated user rogueUser-2 (uid 116160).
<33>May 26 09:38:36 threecom.switch.ibm.lab %May 26 09:38:36 2017 S9500 AAA/2/Serious error!: User testuser-82, in ACM send msg to SC failed! Returns 1 srcID 6 msgType 16384.
<38>May 26 09:38:38 sshd[80244]: Failed none for invalid user testuser-100 from 9.135.38.229 port 64380 ssh2
<54>May 26 09:38:39 SymantecServer symantec.endpoint.ibm.lab: testbox-abc,[SID: 21590] P2P Edonkey Ping Message detected.  Traffic has been allowed from this application: C:\Program Files\easyMule\emule.exe,Local: 51.18.44.104,Local: 00218696B978,Remote: ,Remote: 46.45.85.76,Remote: 000000000000,Outbound,OTHERS,Intrusion ID: 0,Begin: 2017-05-26 09:38:39,End: 2017-05-26 09:38:39,Occurrences: 1,Application: C:/Program Files/easyMule/emule.exe,Location: Default,User: testuser-22,Domain: us.ibm.com
<38>May 26 09:38:41 sshd[437210]: Failed keyboard-interactive for invalid user testuser-99 from 154.102.244.170 port 60517 ssh2
<182>May 26 09:38:42 apache.httpd.ibm.lab httpd: 120.171.20.155 84.206.159.96 - - [26/May/2017:09:38:42 -0500] "GET / HTTP/1.0" 200 443 9334
<179>May 26 09:38:44 apache.httpd.ibm.lab httpd[5570]: [ID 702911 local6.error] [error] [client 218.111.178.29] Certificate Verification: Error (10): certificate has expired
<33>May 26 09:38:45 threecom.switch.ibm.lab %May 26 09:38:45 2017 S9500 PORTAL/5/PT_LOG: Online user 51.18.44.104 changes to 111.180.248.221, we will cut it off as using traffic-acct.
<129>May 26 09:38:47 barracuda.firewall.ibm.lab WF ALER CROSS_SITE_SCRIPTING_IN_PARAM 79.186.10.120 64979 168.88.205.222 443 security-policy GLOBAL DENY NONE [type="cross-site-scripting" pattern="script-tag" token="<script>" Parameter="url" value="<script>alert(5341)</script>"] GET 168.88.205.222/redirect.asp?url=<script>alert(5341)</script> HTTPS "-" ""-"" 168.88.205.222 59845 "-" "-"
<83>May 26 09:38:49 apple.macosx.ibm.lab sshd[5590]: error: PAM: Authentication failure for illegal user rogueUser-2 from 9.223.167.99<33>May 26 09:38:50 threecom.switch.ibm.lab %May 26 09:38:50 2017 S9500 RTA/3/Failed to get user traffic: Failed to get traffic of user 120.171.20.155 on board 6
<189>May 26 09:38:52 ['9.9.9.9'] authmgr[504]: <NOTI> login <00:1c:bf:ca:2b:98  218.111.178.29 testuser-27>method=802.1x, server=TEST001, role=Authenticated Update(status 0 method 0 role 16), reauth=1800 sec
<27>May 26 09:38:53 ambiron.ipangel.ibm.lab ipangel-ips: [2017-05-26 09:38:53-05] alert [Priority: 9] [119:2:1] [(http_inspect) DOUBLE DECODING ATTACK] 51.18.44.104:52580 TCP 86.3.75.98:80 br0
<13>May 26 09:38:55 microsoft.sec.ibm.lab AgentDevice=WindowsLog	AgentLogFile=Security	Source=Security	Computer=COMP-testuser-25	User=testuser-25	Domain=	EventID=540	EventIDCode=540	EventType=8	EventCategory=2	RecordNumber=778049	TimeGenerated=1495805935	TimeWritten=1495805935	Message=Successful Network Logon: User Name: Domain: Logon ID: (0x0,0x1087849) Logon Type: 3 Logon Process: NtLmSsp Authentication Package: NTLM Workstation Name: COMP-testuser-25 Logon GUID: - Caller User Name: - Caller Domain: - Caller Logon ID: - Caller Process ID: - Transited Services: - Source Network Address: 154.193.38.13 Source Port: 0
<129>May 26 09:38:56 barracuda.firewall.ibm.lab WF ALER METACHARACTER_IN_PARAMETER 136.38.97.190 64564 68.37.181.225 443 security-policy GLOBAL DENY NONE [token="%00 " Parameter="article" value="../../../../../../../../etc/passwd"] GET 68.37.181.225/talkback.cgi?article=../../../../../../../../etc/passwd%00&action=view&matchview=1 HTTPS "-" ""-"" 68.37.181.225 64564 "-" "-"
<187>May 26 09:38:58 ['9.9.9.9'] httpd[16986]: [error] [client 128.234.158.118] Invalid URI in request \xf7vMKp`ET&\xa4\x9c\xc9\xec\xd1\xd8j\r\xce\xd9\xd4\xb3\c7
<26>May 26 09:39:00 ambiron.ipangel.ibm.lab ipangel-ips: [2017-05-26 09:39:00-05] alert [Priority: 9] [119:14:1] [(http_inspect) NON-RFC DEFINED CHAR] 165.11.95.213:64657 TCP 37.123.17.24:80 br0
<189>May 26 09:39:01 ['9.9.9.9'] authmgr[504]: <NOTI> login <00:1c:bf:ca:2b:98  202.207.224.25 testuser-30>method=802.1x, server=TEST001, role=Authenticated Update(status 0 method 0 role 16), reauth=1800 sec
<54>May 26 09:39:03 SymantecServer symantec.endpoint.ibm.lab: testbox-abc,[SID: 21590] P2P Edonkey Ping Message detected.  Traffic has been allowed from this application: C:\Program Files\easyMule\emule.exe,Local: 56.219.18.103,Local: 00218696B978,Remote: ,Remote: 21.52.163.247,Remote: 000000000000,Outbound,OTHERS,Intrusion ID: 0,Begin: 2017-05-26 09:39:03,End: 2017-05-26 09:39:03,Occurrences: 1,Application: C:/Program Files/easyMule/emule.exe,Location: Default,User: testuser-70,Domain: us.ibm.com
<182>May 26 09:39:04 apache.httpd.ibm.lab httpd: 147.198.103.40 185.43.146.239 - - [26/May/2017:09:39:04 -0500] "GET /<script>alert(53416)</script> HTTP/1.1" 404 443 320
<13>May 26 09:39:06 microsoft.sec.ibm.lab AgentDevice=WindowsLog	AgentLogFile=Security	Source=Security	Computer=COMP-testuser-24	User=testuser-24	Domain=	EventID=680	EventIDCode=680	EventType=16	EventCategory=9	RecordNumber=839716	TimeGenerated=1495805946	TimeWritten=1495805946	Message=Logon attempt by: MICROSOFT_AUTHENTICATION_PACKAGE_V1_0 Logon account: testuser-24 Source Workstation: COMP-testuser-24 Error Code: 0x0 
<28>May 26 09:39:07 Message forwarded from aix.ibm.lab: rshd[random_number_1_to_999999]: Failed rsh authentication from 50.121.52.171 for local user root via remote user testuser-46
<182>May 26 09:39:09 apache.httpd.ibm.lab httpd: 51.18.44.104 170.203.222.193 - - [26/May/2017:09:39:09 -0500] "GET /<script>alert(53416)</script> HTTP/1.1" 404 443 320
<190>May 26 09:39:10 arbor.pravail.ibm.lab pravail-aps: Blocked Host: Blocked host 113.146.67.20 10:53 by TCP Connection Reset using TCP/58845 (Unknown) destination 130.55.222.181 source port 443,URL: https://arbornetworks.pravail.test.com/chaos/
<13>May 26 09:39:12 microsoft.sec.ibm.lab AgentDevice=WindowsLog	AgentLogFile=Security	Source=Security	Computer=COMP-testuser-69	User=testuser-69	Domain=	EventID=680	EventIDCode=680	EventType=16	EventCategory=9	RecordNumber=728586	TimeGenerated=1495805952	TimeWritten=1495805952	Message=Logon attempt by: MICROSOFT_AUTHENTICATION_PACKAGE_V1_0 Logon account: testuser-69 Source Workstation: COMP-testuser-69 Error Code: 0x0 
<27>May 26 09:39:14 ambiron.ipangel.ibm.lab ipangel-ips: [2017-05-26 09:39:14-05] alert [Priority: 9] [119:2:1] [(http_inspect) DOUBLE DECODING ATTACK] 83.87.204.105:59964 TCP 181.235.98.75:80 br0
<33>May 26 09:39:15 threecom.switch.ibm.lab %May 26 09:39:15 2017 S9500 FTPS/5/USEROUT: User testuser-74(165.11.95.213) logged out
<129>May 26 09:39:17 barracuda.firewall.ibm.lab WF ALER CROSS_SITE_SCRIPTING_IN_PARAM 189.6.147.68 65141 94.6.12.121 443 security-policy GLOBAL DENY NONE [type="cross-site-scripting" pattern="script-tag" token="<script>" Parameter="url" value="<script>alert(5341)</script>"] GET 94.6.12.121/redirect.asp?url=<script>alert(5341)</script> HTTPS "-" ""-"" 94.6.12.121 59845 "-" "-"
<25>May 26 09:39:18 ambiron.ipangel.ibm.lab ipangel-ips: [2017-05-26 09:39:18-05] alert [Priority: 9] [116:46:1] [(snort_decoder) WARNING: TCP Data Offset is less than 5!] 147.198.103.40:56480 TCP 145.60.98.42:80 br0
<13>May 26 09:39:20 checkpoint.firewall.ibm.lab 26May2017 drop checkpoint.firewall.ibm.lab product: SmartDefense; src: 125.83.117.185; s_port: 61047; dst: 217.247.129.149; service: 443; proto: tcp; rule: 392;Attack Info: TCP segment out of maximum allowed sequence. Packet dropped.;Confidence Level: 0;Performance Impact: 0;Protection Name: TCP Segment Limit Enforcement;Protection Type: settings_tcp;Severity: 0;SmartDefense Profile: Boticario_DMZ_Protection;__policy_id_tag: product=VPN-1 & FireWall-1[db_tag={E94ECB65-34C0-4740-9634-761E1604C8BC};mgmt=SJP1PLNX036-DMZ;date=1424714440;policy_name=DMZ];attack: Streaming Engine: TCP Segment Limit Enforcement;has_accounting: 0;i/f_dir: inbound;i/f_name: eth2-01.2809;origin_sic_name: CN=TEST-DMZ1,O=log_server_hostname;protection_id: tcp_segment_limit;rule_uid: {499DBB08-D262-4D9F-B639-5337A7B36E59};snid: 7572c682;src_machine_name: COMP-testuser-14;src_user_name: testuser-14 ;user: testuser-14 ;
<54>May 26 09:39:21 SymantecServer symantec.endpoint.ibm.lab: Potential risk found,Computer name: COMP-1094116,Detection type: Heuristic,Application name: (Unknown),Application type: Trojan Worm,Application version: ,Hash type: SHA-1,Application hash: 72c874f212a18944ff56f774bfe7252346b93f8e,Company name: ,File size (bytes): 301568,Sensitivity: 0,Detection score: 40,Submission recommendation:1,Permitted application reason: 0,Source: Heuristic Scan,Risk name: ,Occurrences: 1,c:\claims\claims32.exe,"",Actual action: Left alone,Requested action: Left alone,Secondary action: Left alone,Event time: 2017-05-26 09:39:21,Inserted:2017-05-26 09:39:21,End:  2017-05-26 09:39:21,Domain: Default,Group: My Company\LTC\Desktops,Server: crasesssmc01,User: testuser-64,Source computer: ,Source IP: 0.0.0.0
<50>May 26 09:39:23 SymantecServer symantec.endpoint.ibm.lab: testbox-xyz,[SID: 70025] Web Attack: Blackhole Exploit Toolkit 2 attack blocked. Traffic has been blocked for this application: C:\Program Files\Internet Explorer\iexplore.exe,Local: 0.0.0.0,Local: 000000000000,Remote: ,Remote: 0.0.0.0,Remote: 000000000000,Inbound,OTHERS,,Begin: 2017-05-26 09:39:23,End: 2017-05-26 09:39:23,Occurrences: 1,Application: C:/Program Files/Internet Explorer/iexplore.exe,Location: Default,User: rogueUser-5,Domain: SIMON,!ExternalLoggingTask.localport! 0,!ExternalLoggingTask.remoteport! 0,!ExternalLoggingTask.cidssignid! 70025,!ExternalLoggingTask.strcidssignid! Web Attack: Blackhole Exploit Toolkit 2,!ExternalLoggingTask.cidssignsubid! 0,!ExternalLoggingTask.intrusionurl! http://pppptttt.blah.net/links/came_broadcasting_taking-various.php,!ExternalLoggingTask.intrusionpayloadurl!
<129>May 26 09:39:25 barracuda.firewall.ibm.lab WF ALER METHOD_NOT_ALLOWED 30.90.182.58 55564 223.45.99.25 80 security-policy GLOBAL DENY NONE [Method="ABCD"] ABCD 223.45.99.25/ HTTP "-" ""-"" 223.45.99.25 48536 "-" "-"
<13>May 26 09:39:26 microsoft.sec.ibm.lab AgentDevice=WindowsLog	AgentLogFile=Security	Source=Security	Computer=COMP-testuser-84	User=testuser-84	Domain=	EventID=675	EventIDCode=675	EventType=16	EventCategory=9	RecordNumber=626654	TimeGenerated=1495805966	TimeWritten=1495805966	Message=Pre-authentication failed: User Name: testuser-84 User ID: %{S-1-2-3-1098304} Service Name: krbtgt Pre-Authentication Type: 0x2 Failure Code: 0x18 Client Address: 30.90.182.58 
<182>May 26 09:39:28 apache.httpd.ibm.lab httpd: 30.90.182.58 161.126.76.161 - - [26/May/2017:09:39:28 -0500] "GET /../../../../../../../../../../../ HTTP/1.1" 400 443 307
<190>May 26 09:39:29 arbor.pravail.ibm.lab pravail-aps: Blocked Host: Blocked host 132.146.155.198 at 10:53 by Malformed HTTP Filtering using TCP/80 (HTTP) destination 200.182.206.115 source port 51214,URL: https://arbornetworks.pravail.test.com/chaos/
<13>May 26 09:39:31 microsoft.sec.ibm.lab AgentDevice=WindowsLog	AgentLogFile=Security	Source=Security	Computer=COMP-testuser-43	User=testuser-43	Domain=	EventID=672	EventIDCode=672	EventType=16	EventCategory=9	RecordNumber=729479	TimeGenerated=1495805971	TimeWritten=1495805971	Message=Authentication Ticket Request: User Name: testuser-43 Supplied Realm Name: us.ibm.com User ID: %{S-1-2-3-1087849} Service Name: krbtgt Service ID: %{S-3-2-1-44CFDD} Ticket Options: 0x40810010 Result Code: - Ticket Encryption Type: 0x17 Pre-Authentication Type: 2 Client Address: 56.219.18.103 Certificate Issuer Name:  Certificate Serial Number:  Certificate Thumbprint: 
<39>May 26 09:39:32 Message forwarded from aix.ibm.lab: testuser-84 PAM: pam_authenticate: error Authentication failed
<182>May 26 09:39:34 apache.httpd.ibm.lab httpd: 51.18.44.104 157.96.76.33 - - [26/May/2017:09:39:34 -0500] "CONNECT 10.35.79.71:443 HTTP/1.1" 405 443 297
<26>May 26 09:39:36 ambiron.ipangel.ibm.lab ipangel-ips: [2017-05-26 09:39:36-05] alert [Priority: 9] [119:14:1] [(http_inspect) NON-RFC DEFINED CHAR] 54.11.145.63:54958 TCP 220.226.211.155:80 br0
<27>May 26 09:39:37 ambiron.ipangel.ibm.lab ipangel-ips: [2017-05-26 09:39:37-05] alert [Priority: 9] [119:2:1] [(http_inspect) DOUBLE DECODING ATTACK] 167.227.124.53:63990 TCP 85.170.225.107:80 br0
<27>May 26 09:39:39 ambiron.ipangel.ibm.lab ipangel-ips: [2017-05-26 09:39:39-05] alert [Priority: 9] [119:2:1] [(http_inspect) DOUBLE DECODING ATTACK] 30.90.182.58:63545 TCP 154.123.3.80:80 br0
<83>May 26 09:39:40 apple.macosx.ibm.lab sshd[5590]: error: PAM: Authentication failure for illegal user testuser-81 from 111.28.233.206<133>May 26 09:39:42 microsoft.event.ibm.lab MSWinEventLog 1 Security 102757633 Fri May 26 09:39:42 2017 4907 Microsoft-Windows-Security-Auditing N/A N/A Success Audit testuser-83 Audit Policy Change Auditing settings on object were changed. Subject: Security ID: S-1-5-18 Account Name: testuser-83 Account Domain: us.ibm.com Logon ID: 0x1096209 Object: Object Server: Security Object Type: File Object Name: \Windows\winsxs\test.wav Handle ID: 0x3a8 Process Information: Process ID: 0xCC6D9D Process Name: C:\Windows\System32\wbengine.exe Auditing Settings: Original Security Descriptor: S:AI(AU;A;;WD) New Security Descriptor: S:ARAI(AU;SAFA;;;;WD)(AU;IDFA;B;;;WD) 381558
<26>May 26 09:39:43 ambiron.ipangel.ibm.lab ipangel-ips: [2017-05-26 09:39:43-05] alert [Priority: 9] [119:14:1] [(http_inspect) NON-RFC DEFINED CHAR] 218.111.178.29:49222 TCP 37.237.38.206:80 br0
<187>May 26 09:39:45 ['9.9.9.9'] httpd[16986]: [error] [client 201.150.192.18] Invalid URI in request \xf7vMKp`ET&\xa4\x9c\xc9\xec\xd1\xd8j\r\xce\xd9\xd4\xb3\c7
<13>May 26 09:39:46 checkpoint.firewall.ibm.lab 26May2017  checkpoint.firewall.ibm.lab product: SmartDefense; src: 165.11.95.213; s_port: ; dst: 215.54.31.81; service: ; proto: udp; rule: ;Attack Info: Bad domain format, illegal ASCII value in domain;Suppressed logs: 1;Total logs: 2;__policy_id_tag: product=VPN-1 & FireWall-1[db_tag={9B20E8EA-7DE6-11DD-B7D6-C0A832D11E1E};mgmt=fwmngt-zentral;date=1220906528;policy_name=Vulpine_gbl];alert: alert;attack: Invalid DNS;has_accounting: 0;i/f_dir: inbound;
<26>May 26 09:39:48 ambiron.ipangel.ibm.lab ipangel-ips: [2017-05-26 09:39:48-05] alert [Priority: 9] [119:14:1] [(http_inspect) NON-RFC DEFINED CHAR] 30.90.182.58:55945 TCP 26.23.216.156:80 br0
<38>May 26 09:39:50 sshd[646906]: Failed password for invalid user testuser-16 from 150.114.250.91 port 52945 ssh2
<13>May 26 09:39:51 microsoft.sec.ibm.lab AgentDevice=WindowsLog	AgentLogFile=Security	Source=Security	Computer=COMP-testuser-58	User=testuser-58	Domain=	EventID=675	EventIDCode=675	EventType=16	EventCategory=9	RecordNumber=961656	TimeGenerated=1495805991	TimeWritten=1495805991	Message=Pre-authentication failed: User Name: testuser-58 User ID: %{S-1-2-3-1100401} Service Name: krbtgt Pre-Authentication Type: 0x2 Failure Code: 0x18 Client Address: 123.49.61.168 
<13>May 26 09:39:53 checkpoint.firewall.ibm.lab 26May2017  checkpoint.firewall.ibm.lab product: SmartDefense; src: 212.2.111.4; s_port: ; dst: 67.210.31.238; service: ; proto: icmp; rule: ;Attack Info: Echo request too big;Suppressed logs: 1;Total logs: 2;__policy_id_tag: product=VPN-1 & FireWall-1[db_tag={B5A7057E-7F61-11DD-AA43-C0A832D12424};mgmt=fwmngt-zentral;date=1221069352;policy_name=Spider_gbl];alert: alert;attack: Large ping;has_accounting: 0;i/f_dir: inbound;
<54>May 26 09:39:54 SymantecServer symantec.endpoint.ibm.lab: Potential risk found,Computer name: COMP-1081600,Detection type: Heuristic,Application name: (Unknown),Application type: Trojan Worm,Application version: ,Hash type: SHA-1,Application hash: 72c874f212a18944ff56f774bfe7252346b93f8e,Company name: ,File size (bytes): 301568,Sensitivity: 0,Detection score: 40,Submission recommendation:1,Permitted application reason: 0,Source: Heuristic Scan,Risk name: ,Occurrences: 1,c:\claims\claims32.exe,"",Actual action: Left alone,Requested action: Left alone,Secondary action: Left alone,Event time: 2017-05-26 09:39:54,Inserted:2017-05-26 09:39:54,End:  2017-05-26 09:39:54,Domain: Default,Group: My Company\LTC\Desktops,Server: crasesssmc01,User: testuser-22,Source computer: ,Source IP: 0.0.0.0
<27>May 26 09:39:56 ambiron.ipangel.ibm.lab ipangel-ips: [2017-05-26 09:39:56-05] alert [Priority: 9] [119:2:1] [(http_inspect) DOUBLE DECODING ATTACK] 51.18.44.104:63967 TCP 107.231.98.229:80 br0
<13>May 26 09:39:57 microsoft.sec.ibm.lab AgentDevice=WindowsLog	AgentLogFile=Security	Source=Security	Computer=COMP-testuser-11	User=testuser-11	Domain=	EventID=675	EventIDCode=675	EventType=16	EventCategory=9	RecordNumber=44487	TimeGenerated=1495805997	TimeWritten=1495805997	Message=Pre-authentication failed: User Name: testuser-11 User ID: %{S-1-2-3-1077444} Service Name: krbtgt Pre-Authentication Type: 0x2 Failure Code: 0x18 Client Address: 132.146.155.198 
<182>May 26 09:39:59 apache.httpd.ibm.lab httpd: 79.186.10.120 122.156.57.123 - - [26/May/2017:09:39:59 -0500] "POST /test.php?doing_test=123 HTTP/1.0" 404 80 282
<33>May 26 09:40:01 threecom.switch.ibm.lab %May 26 09:40:01 2017 S9500 VTY/5/VTY_LOG:  TELNET user failed to login from 79.186.10.120(000D-88F6-60E0) on VTY0.
<149>May 26 09:40:02 apple.macosx.ibm.lab sudo:    testuser-26 : TTY=ttyp1 ; PWD=/Users/admin ; USER=admin ;COMMAND=/bin/bash
<187>May 26 09:40:04 ['9.9.9.9'] httpd[16986]: [error] [client 165.11.95.213] Invalid URI in request \xf7vMKp`ET&\xa4\x9c\xc9\xec\xd1\xd8j\r\xce\xd9\xd4\xb3\c7
<38>May 26 09:40:05 sshd[932248]: Failed none for invalid user testuser-94 from 120.171.20.155 port 56883 ssh2
<33>May 26 09:40:07 threecom.switch.ibm.lab %May 26 09:40:07 2017 S9500 VTY/5/VTY_LOG:  TELNET user failed to login from 129.171.84.29(000D-88F6-60E0) on VTY0.
<25>May 26 09:40:08 ambiron.ipangel.ibm.lab ipangel-ips: [2017-05-26 09:40:08-05] alert [Priority: 9] [116:46:1] [(snort_decoder) WARNING: TCP Data Offset is less than 5!] 30.90.182.58:56994 TCP 94.118.226.66:80 br0
<182>May 26 09:40:10 apache.httpd.ibm.lab httpd: 56.219.18.103 125.51.237.26 - - [26/May/2017:09:40:10 -0500] "GET /../../../../../../../../../../../ HTTP/1.1" 400 443 307
<182>May 26 09:40:12 apache.httpd.ibm.lab httpd: 218.111.178.29 68.235.19.61 - - [26/May/2017:09:40:12 -0500] "GET /<script>alert(53416)</script> HTTP/1.1" 404 443 320
<129>May 26 09:40:13 barracuda.firewall.ibm.lab WF ALER SLASH_DOT_IN_URL 33.195.94.29 49171 217.23.178.121 443 security-policy GLOBAL DENY NONE ["-"] GET 217.23.178.121/themes/default/css/.htaccess HTTPS "-" ""-"" 217.23.178.121 44428 "-" "-"
<13>May 26 09:40:15 checkpoint.firewall.ibm.lab 26May2017  checkpoint.firewall.ibm.lab product: SmartDefense; src: 132.146.155.198; s_port: ; dst: 67.86.197.46; service: ; proto: udp; rule: ;Attack Info: Out-of-state DNS reply;Suppressed logs: 143;Total logs: 144;__policy_id_tag: product=VPN-1 & FireWall-1[db_tag={321A4EE6-7DEA-11DD-BFAA-C0A832822626};mgmt=fwmngt05;date=1220908070;policy_name=KillerWhale_gbl];alert: alert;attack: Invalid DNS;has_accounting: 0;i/f_dir: inbound;
<182>May 26 09:40:16 apache.httpd.ibm.lab httpd: 136.38.97.190 181.202.94.104 - - [26/May/2017:09:40:16 -0500] "OPTIONS /cgi-bin/index.php HTTP/1.1" 200 443 -
<38>May 26 09:40:18 Message forwarded from aix.ibm.lab: syslog: pts/2: failed login attempt for testuser-46 from 79.186.10.120
<129>May 26 09:40:19 barracuda.firewall.ibm.lab WF ALER METACHARACTER_IN_PARAMETER 64.87.88.123 64846 152.80.32.62 443 security-policy GLOBAL DENY NONE [token="%00 " Parameter="article" value="../../../../../../../../etc/passwd"] GET 152.80.32.62/talkback.cgi?article=../../../../../../../../etc/passwd%00&action=view&matchview=1 HTTPS "-" ""-"" 152.80.32.62 64846 "-" "-"
<13>May 26 09:40:21 microsoft.sec.ibm.lab AgentDevice=WindowsLog	AgentLogFile=Security	Source=Security	Computer=COMP-testuser-91	User=testuser-91	Domain=	EventID=529	EventIDCode=529	EventType=16	EventCategory=2	RecordNumber=974647	TimeGenerated=1495806021	TimeWritten=1495806021	Message=Successful Network Logon: User Name: Domain: Logon ID: (0x0,0x1094116) Logon Type: 3 Logon Process: NtLmSsp Authentication Package: NTLM Workstation Name: COMP-testuser-91 Logon GUID: - Caller User Name: - Caller Domain: - Caller Logon ID: - Caller Process ID: - Transited Services: - Source Network Address: 79.186.10.120 Source Port: 0
<25>May 26 09:40:22 ambiron.ipangel.ibm.lab ipangel-ips: [2017-05-26 09:40:22-05] alert [Priority: 9] [116:46:1] [(snort_decoder) WARNING: TCP Data Offset is less than 5!] 56.219.18.103:57095 TCP 187.246.187.9:80 br0
<187>May 26 09:40:24 ['9.9.9.9'] httpd[16986]: [error] [client 79.186.10.120] Invalid URI in request \xf7vMKp`ET&\xa4\x9c\xc9\xec\xd1\xd8j\r\xce\xd9\xd4\xb3\c7
<86>May 26 09:40:26 apple.macosx.ibm.lab sshd[5590]: Failed password for invalid user testuser-79 from 193.193.160.183 port 54573 ssh2
<26>May 26 09:40:27 ambiron.ipangel.ibm.lab ipangel-ips: [2017-05-26 09:40:27-05] alert [Priority: 9] [119:14:1] [(http_inspect) NON-RFC DEFINED CHAR] 165.11.95.213:58150 TCP 193.143.56.228:80 br0
<129>May 26 09:40:29 barracuda.firewall.ibm.lab WF ALER SLASH_DOT_IN_URL 136.38.97.190 54812 70.76.196.47 443 security-policy GLOBAL DENY NONE ["-"] GET 70.76.196.47/themes/default/css/.htaccess HTTPS "-" ""-"" 70.76.196.47 44428 "-" "-"
<33>May 26 09:40:30 threecom.switch.ibm.lab %May 26 09:40:30 2017 S9500 PORTAL/5/PT_LOG: Online user 79.186.10.120 changes to 41.72.60.45, we will cut it off as using traffic-acct.
<182>May 26 09:40:32 apache.httpd.ibm.lab httpd: 218.111.178.29 18.17.138.239 - - [26/May/2017:09:40:32 -0500] "TRACE / HTTP/1.0" 403 443 272
<54>May 26 09:40:33 SymantecServer symantec.endpoint.ibm.lab: testbox-abc,[SID: 21590] P2P Edonkey Ping Message detected.  Traffic has been allowed from this application: C:\Program Files\easyMule\emule.exe,Local: 212.2.111.4,Local: 00218696B978,Remote: ,Remote: 111.177.88.135,Remote: 000000000000,Outbound,OTHERS,Intrusion ID: 0,Begin: 2017-05-26 09:40:33,End: 2017-05-26 09:40:33,Occurrences: 1,Application: C:/Program Files/easyMule/emule.exe,Location: Default,User: testuser-95,Domain: us.ibm.com
<13>May 26 09:40:35 checkpoint.firewall.ibm.lab 26May2017  checkpoint.firewall.ibm.lab product: martDefense; src: 113.146.67.20; s_port: ; dst: 195.161.191.140; service: ; proto: udp; rule: ;Attack Info: Response packet too long, potential buffer overflow;Suppressed logs: 5;Total logs: 6;__policy_id_tag: product=VPN-1 & FireWall-1[db_tag={321A4EE6-7DEA-11DD-BFAA-C0A832822626};mgmt=fwmngt05;date=1220908070;policy_name=KillerWhale_gbl];alert: alert;attack: Invalid DNS;has_accounting: 0;i/f_dir: inbound;
<54>May 26 09:40:37 SymantecServer symantec.endpoint.ibm.lab: Security risk found,Computer name: COMP-1110916,Source: Scheduled Scan,Risk name: VirusDoctor,Occurrences: 1,c:/System Volume Information/_restore{A3F5C2A3-F289-4356-B021-1FEFEFB73CBD}/RP243/A0070465.exe,"",Actual action: Quarantined,Requested action: Quarantined,Secondary action: Left alone,Event time: 2017-05-26 09:40:37,Inserted:2017-05-26 09:40:37,End: 2017-05-26 09:40:37,Domain: Default,Group: My Company	est,Server: avp1,User: testuser-99,Source computer:  ,Source IP: 0.0.0.0
<86>May 26 09:40:38 apple.macosx.ibm.lab sshd[5590]: Failed password for invalid user testuser-67 from 120.171.20.155 port 61042 ssh2
<182>May 26 09:40:40 apache.httpd.ibm.lab httpd: 129.171.84.29 223.242.104.161 - - [26/May/2017:09:40:40 -0500] "HEAD / HTTP/1.1" 200 443 -
<190>May 26 09:40:41 arbor.pravail.ibm.lab pravail-aps: Blocked Host: Blocked host 136.38.97.190 10:53 by TCP Connection Reset using TCP/53213 (Unknown) destination 98.81.15.48 source port 443,URL: https://arbornetworks.pravail.test.com/chaos/
<187>May 26 09:40:43 ['9.9.9.9'] httpd[16986]: [error] [client 30.90.182.58] Invalid URI in request \xf7vMKp`ET&\xa4\x9c\xc9\xec\xd1\xd8j\r\xce\xd9\xd4\xb3\c7
<129>May 26 09:40:44 barracuda.firewall.ibm.lab WF ALER CROSS_SITE_SCRIPTING_IN_PARAM 218.111.178.29 64428 27.139.80.26 443 security-policy GLOBAL DENY NONE [type="cross-site-scripting" pattern="script-tag" token="<script>" Parameter="url" value="<script>alert(5341)</script>"] GET 27.139.80.26/redirect.asp?url=<script>alert(5341)</script> HTTPS "-" ""-"" 27.139.80.26 59845 "-" "-"
<190>May 26 09:40:46 arbor.pravail.ibm.lab pravail-aps: Blocked Host: Blocked host 202.207.224.25 at 10:53 by Malformed HTTP Filtering using TCP/80 (HTTP) destination 26.145.181.59 source port 49909,URL: https://arbornetworks.pravail.test.com/chaos/
<38>May 26 09:40:48 sshd[431601]: Address 30.90.182.58 maps to test.ibm.com, but this does not map back to the address - POSSIBLE BREAK-IN ATTEMPT!
<54>May 26 09:40:49 SymantecServer symantec.endpoint.ibm.lab: Potential risk found,Computer name: COMP-1096209,Detection type: Heuristic,Application name: (Unknown),Application type: Trojan Worm,Application version: ,Hash type: SHA-1,Application hash: 72c874f212a18944ff56f774bfe7252346b93f8e,Company name: ,File size (bytes): 301568,Sensitivity: 0,Detection score: 40,Submission recommendation:1,Permitted application reason: 0,Source: Heuristic Scan,Risk name: ,Occurrences: 1,c:\claims\claims32.exe,"",Actual action: Left alone,Requested action: Left alone,Secondary action: Left alone,Event time: 2017-05-26 09:40:49,Inserted:2017-05-26 09:40:49,End:  2017-05-26 09:40:49,Domain: Default,Group: My Company\LTC\Desktops,Server: crasesssmc01,User: testuser-74,Source computer: ,Source IP: 0.0.0.0
<190>May 26 09:40:51 arbor.pravail.ibm.lab pravail-aps: Blocked Host: Blocked host 79.186.10.120 10:53 by TCP Connection Reset using TCP/57856 (Unknown) destination 54.150.88.64 source port 443,URL: https://arbornetworks.pravail.test.com/chaos/
<149>May 26 09:40:52 apple.macosx.ibm.lab sudo:    testuser-42 : TTY=ttyp1 ; PWD=/Users/admin ; USER=admin ;COMMAND=/bin/bash
<13>May 26 09:40:54 checkpoint.firewall.ibm.lab 26May2017  checkpoint.firewall.ibm.lab product: SmartDefense; src: 30.90.182.58; s_port: ; dst: 97.60.151.2; service: ; proto: icmp; rule: ;Attack Info: Echo request too big;Suppressed logs: 1;Total logs: 2;__policy_id_tag: product=VPN-1 & FireWall-1[db_tag={B5A7057E-7F61-11DD-AA43-C0A832D12424};mgmt=fwmngt-zentral;date=1221069352;policy_name=Spider_gbl];alert: alert;attack: Large ping;has_accounting: 0;i/f_dir: inbound;
<13>May 26 09:40:55 checkpoint.firewall.ibm.lab 26May2017  checkpoint.firewall.ibm.lab product: SmartDefense; src: 165.11.95.213; s_port: ; dst: 88.17.159.244; service: ; proto: icmp; rule: ;Attack Info: Echo request too big;Suppressed logs: 1;Total logs: 2;__policy_id_tag: product=VPN-1 & FireWall-1[db_tag={B5A7057E-7F61-11DD-AA43-C0A832D12424};mgmt=fwmngt-zentral;date=1221069352;policy_name=Spider_gbl];alert: alert;attack: Large ping;has_accounting: 0;i/f_dir: inbound;
<182>May 26 09:40:57 apache.httpd.ibm.lab httpd: 218.111.178.29 190.90.76.63 - - [26/May/2017:09:40:57 -0500] "HEAD / HTTP/1.1" 200 443 -
<13>May 26 09:40:58 microsoft.sec.ibm.lab AgentDevice=WindowsLog	AgentLogFile=Security	Source=Security	Computer=COMP-rogueUser-2	User=rogueUser-2	Domain=	EventID=672	EventIDCode=672	EventType=16	EventCategory=9	RecordNumber=264022	TimeGenerated=1495806058	TimeWritten=1495806058	Message=Authentication Ticket Request: User Name: rogueUser-2 Supplied Realm Name: us.ibm.com User ID: %{S-1-2-3-1115136} Service Name: krbtgt Service ID: %{S-3-2-1-DE9F38} Ticket Options: 0x40810010 Result Code: - Ticket Encryption Type: 0x17 Pre-Authentication Type: 2 Client Address: 137.38.197.140 Certificate Issuer Name:  Certificate Serial Number:  Certificate Thumbprint: 
<33>May 26 09:41:00 threecom.switch.ibm.lab %May 26 09:41:00 2017 S9500 RTA/3/Failed to get user traffic: Failed to get traffic of user 44.111.228.125 on board 6
<86>May 26 09:41:02 apple.macosx.ibm.lab com.apple.SecurityServer: authinternal authenticated user testuser-36 (uid 93049).
<54>May 26 09:41:03 SymantecServer symantec.endpoint.ibm.lab: Security risk found,Computer name: COMP-1119364,Source: Scheduled Scan,Risk name: VirusDoctor,Occurrences: 1,c:/System Volume Information/_restore{A3F5C2A3-F289-4356-B021-1FEFEFB73CBD}/RP243/A0070465.exe,"",Actual action: Quarantined,Requested action: Quarantined,Secondary action: Left alone,Event time: 2017-05-26 09:41:03,Inserted:2017-05-26 09:41:03,End: 2017-05-26 09:41:03,Domain: Default,Group: My Company	est,Server: avp1,User: rogueUser-4,Source computer:  ,Source IP: 0.0.0.0
<190>May 26 09:41:05 arbor.pravail.ibm.lab pravail-aps: Blocked Host: Blocked host 113.146.67.20 at 10:52 by Invalid Packets using TCP/0 (Unknown) destination 219.207.25.218,URL: https://arbornetworks.pravail.test.com/chaos/
<190>May 26 09:41:06 arbor.pravail.ibm.lab pravail-aps: Blocked Host: Blocked host 165.11.95.213 at 10:52 by Invalid Packets using TCP/0 (Unknown) destination 121.225.229.234,URL: https://arbornetworks.pravail.test.com/chaos/
<33>May 26 09:41:08 threecom.switch.ibm.lab %May 26 09:41:08 2017 S9500 AAA/2/Serious error!: User testuser-47, in ACM send msg to SC failed! Returns 1 srcID 6 msgType 16384.
<157>May 26 09:41:09 microsoft.event.ibm.lab MSWinEventLog	4	Security	60703	Fri May 26 09:41:09 2017	552	Security	NETWORK SERVICE	Well Known Group	Success Audit	testuser-53	Logon/Logoff		Logon attempt using explicit credentials: Logged on user:  User Name: NETWORK SERVICE  Domain: NT AUTHORITY  Logon ID: (0x0,0x1089936)  Logon GUID: -  User whose credentials were used:  Target User Name: testuser-53  Target Domain: us.ibm.com Target Logon GUID: -  Target Server Name: localhost  Target Server Info: localhost  Caller Process ID: 484125  Source Network Address: -  Source Port: - 	56794
<187>May 26 09:41:11 ['9.9.9.9'] httpd[16986]: [error] [client 201.150.192.18] Invalid URI in request \xf7vMKp`ET&\xa4\x9c\xc9\xec\xd1\xd8j\r\xce\xd9\xd4\xb3\c7
<157>May 26 09:41:13 microsoft.event.ibm.lab MSWinEventLog	4	Security	60703	Fri May 26 09:41:13 2017	552	Security	NETWORK SERVICE	Well Known Group	Success Audit	rogueUser-2	Logon/Logoff		Logon attempt using explicit credentials: Logged on user:  User Name: NETWORK SERVICE  Domain: NT AUTHORITY  Logon ID: (0x0,0x1115136)  Logon GUID: -  User whose credentials were used:  Target User Name: rogueUser-2  Target Domain: us.ibm.com Target Logon GUID: -  Target Server Name: localhost  Target Server Info: localhost  Caller Process ID: 930406  Source Network Address: -  Source Port: - 	56794
<190>May 26 09:41:14 arbor.pravail.ibm.lab pravail-aps: Blocked Host: Blocked host 79.186.10.120 at 10:53 by Malformed HTTP Filtering using TCP/80 (HTTP) destination 212.227.76.125 source port 58633,URL: https://arbornetworks.pravail.test.com/chaos/
<157>May 26 09:41:16 microsoft.event.ibm.lab MSWinEventLog	4	Security	60703	Fri May 26 09:41:16 2017	552	Security	NETWORK SERVICE	Well Known Group	Success Audit	testuser-52	Logon/Logoff		Logon attempt using explicit credentials: Logged on user:  User Name: NETWORK SERVICE  Domain: NT AUTHORITY  Logon ID: (0x0,0x1087849)  Logon GUID: -  User whose credentials were used:  Target User Name: testuser-52  Target Domain: us.ibm.com Target Logon GUID: -  Target Server Name: localhost  Target Server Info: localhost  Caller Process ID: 71090  Source Network Address: -  Source Port: - 	56794
<54>May 26 09:41:17 SymantecServer symantec.endpoint.ibm.lab: DCA-EMAPROJ2,Allowed,"C:\Program Files\Common Files\Symantec Shared\ccSvcHst.exe",,Begin: 2017-05-26 09:41:17,End:2017-05-26 09:41:17,Rule: ,2528,C:/Program Files/Microsoft Virtual Server/vmh.exe,0,,C:/ProgramFiles/Common Files/Symantec Shared/ccSvcHst.exe,User: testuser-82,Domain: US
<157>May 26 09:41:19 microsoft.event.ibm.lab MSWinEventLog	4	Security	60703	Fri May 26 09:41:19 2017	552	Security	NETWORK SERVICE	Well Known Group	Success Audit	testuser-44	Logon/Logoff		Logon attempt using explicit credentials: Logged on user:  User Name: NETWORK SERVICE  Domain: NT AUTHORITY  Logon ID: (0x0,0x1089936)  Logon GUID: -  User whose credentials were used:  Target User Name: testuser-44  Target Domain: us.ibm.com Target Logon GUID: -  Target Server Name: localhost  Target Server Info: localhost  Caller Process ID: 909476  Source Network Address: -  Source Port: - 	56794
<190>May 26 09:41:20 arbor.pravail.ibm.lab pravail-aps: Blocked Host: Blocked host 132.146.155.198 10:53 by TCP Connection Reset using TCP/56728 (Unknown) destination 146.78.252.161 source port 443,URL: https://arbornetworks.pravail.test.com/chaos/
<25>May 26 09:41:22 ambiron.ipangel.ibm.lab ipangel-ips: [2017-05-26 09:41:22-05] alert [Priority: 9] [116:46:1] [(snort_decoder) WARNING: TCP Data Offset is less than 5!] 218.111.178.29:57256 TCP 22.158.4.82:80 br0
<129>May 26 09:41:24 barracuda.firewall.ibm.lab WF ALER CROSS_SITE_SCRIPTING_IN_URL 15.83.16.235 58471 128.171.252.50 80 security-policy GLOBAL DENY NONE [type="cross-site-scripting" pattern="script-tag" token="<script>"] GET 128.171.252.50/<script>alert(53416)</script> HTTP "-" ""-"" 128.171.252.50 48541 "-" "-"
<54>May 26 09:41:25 SymantecServer symantec.endpoint.ibm.lab: DCA-EMAPROJ2,Allowed,"C:\Program Files\Common Files\Symantec Shared\ccSvcHst.exe",,Begin: 2017-05-26 09:41:25,End:2017-05-26 09:41:25,Rule: ,2528,C:/Program Files/Microsoft Virtual Server/vmh.exe,0,,C:/ProgramFiles/Common Files/Symantec Shared/ccSvcHst.exe,User: testuser-4,Domain: US
<26>May 26 09:41:27 ambiron.ipangel.ibm.lab ipangel-ips: [2017-05-26 09:41:27-05] alert [Priority: 9] [119:14:1] [(http_inspect) NON-RFC DEFINED CHAR] 189.6.147.68:58574 TCP 217.80.222.144:80 br0
<13>May 26 09:41:28 microsoft.sec.ibm.lab AgentDevice=WindowsLog	AgentLogFile=Security	Source=Security	Computer=COMP-testuser-95	User=testuser-95	Domain=	EventID=529	EventIDCode=529	EventType=16	EventCategory=2	RecordNumber=934099	TimeGenerated=1495806088	TimeWritten=1495806088	Message=Successful Network Logon: User Name: Domain: Logon ID: (0x0,0x1102500) Logon Type: 3 Logon Process: NtLmSsp Authentication Package: NTLM Workstation Name: COMP-testuser-95 Logon GUID: - Caller User Name: - Caller Domain: - Caller Logon ID: - Caller Process ID: - Transited Services: - Source Network Address: 199.51.192.221 Source Port: 0
<50>May 26 09:41:30 SymantecServer symantec.endpoint.ibm.lab: testbox-xyz,[SID: 70025] Web Attack: Blackhole Exploit Toolkit 2 attack blocked. Traffic has been blocked for this application: C:\Program Files\Internet Explorer\iexplore.exe,Local: 0.0.0.0,Local: 000000000000,Remote: ,Remote: 0.0.0.0,Remote: 000000000000,Inbound,OTHERS,,Begin: 2017-05-26 09:41:30,End: 2017-05-26 09:41:30,Occurrences: 1,Application: C:/Program Files/Internet Explorer/iexplore.exe,Location: Default,User: testuser-22,Domain: SIMON,!ExternalLoggingTask.localport! 0,!ExternalLoggingTask.remoteport! 0,!ExternalLoggingTask.cidssignid! 70025,!ExternalLoggingTask.strcidssignid! Web Attack: Blackhole Exploit Toolkit 2,!ExternalLoggingTask.cidssignsubid! 0,!ExternalLoggingTask.intrusionurl! http://pppptttt.blah.net/links/came_broadcasting_taking-various.php,!ExternalLoggingTask.intrusionpayloadurl!
<13>May 26 09:41:31 microsoft.sec.ibm.lab AgentDevice=WindowsLog	AgentLogFile=Security	Source=Security	Computer=COMP-testuser-91	User=testuser-91	Domain=	EventID=529	EventIDCode=529	EventType=16	EventCategory=2	RecordNumber=177261	TimeGenerated=1495806091	TimeWritten=1495806091	Message=Successful Network Logon: User Name: Domain: Logon ID: (0x0,0x1094116) Logon Type: 3 Logon Process: NtLmSsp Authentication Package: NTLM Workstation Name: COMP-testuser-91 Logon GUID: - Caller User Name: - Caller Domain: - Caller Logon ID: - Caller Process ID: - Transited Services: - Source Network Address: 79.186.10.120 Source Port: 0
<38>May 26 09:41:33 sshd[350712]: Failed none for invalid user testuser-53 from 136.38.97.190 port 51661 ssh2
<182>May 26 09:41:34 apache.httpd.ibm.lab httpd: 212.2.111.4 171.135.81.238 - - [26/May/2017:09:41:34 -0500] "TRACE / HTTP/1.0" 403 443 272
<190>May 26 09:41:36 arbor.pravail.ibm.lab pravail-aps: Blocked Host: Blocked host 79.186.10.120 at 10:53 by Malformed HTTP Filtering using TCP/80 (HTTP) destination 151.229.91.252 source port 58045,URL: https://arbornetworks.pravail.test.com/chaos/
<133>May 26 09:41:38 microsoft.event.ibm.lab MSWinEventLog 1 Security 102757633 Fri May 26 09:41:38 2017 4907 Microsoft-Windows-Security-Auditing N/A N/A Success Audit testuser-83 Audit Policy Change Auditing settings on object were changed. Subject: Security ID: S-1-5-18 Account Name: testuser-83 Account Domain: us.ibm.com Logon ID: 0x1096209 Object: Object Server: Security Object Type: File Object Name: \Windows\winsxs\test.wav Handle ID: 0x3a8 Process Information: Process ID: 0x46011E Process Name: C:\Windows\System32\wbengine.exe Auditing Settings: Original Security Descriptor: S:AI(AU;A;;WD) New Security Descriptor: S:ARAI(AU;SAFA;;;;WD)(AU;IDFA;B;;;WD) 211792
<129>May 26 09:41:39 barracuda.firewall.ibm.lab WF ALER METHOD_NOT_ALLOWED 51.18.44.104 52945 58.230.24.27 80 security-policy GLOBAL DENY NONE [Method="ABCD"] ABCD 58.230.24.27/ HTTP "-" ""-"" 58.230.24.27 48536 "-" "-"
<13>May 26 09:41:41 checkpoint.firewall.ibm.lab 26May2017  checkpoint.firewall.ibm.lab product: martDefense; src: 83.87.204.105; s_port: ; dst: 143.128.139.117; service: ; proto: udp; rule: ;Attack Info: Response packet too long, potential buffer overflow;Suppressed logs: 5;Total logs: 6;__policy_id_tag: product=VPN-1 & FireWall-1[db_tag={321A4EE6-7DEA-11DD-BFAA-C0A832822626};mgmt=fwmngt05;date=1220908070;policy_name=KillerWhale_gbl];alert: alert;attack: Invalid DNS;has_accounting: 0;i/f_dir: inbound;
<38>May 26 09:41:42 syslog: ssh: failed login attempt for testuser-20 from 132.146.155.198
<133>May 26 09:41:44 microsoft.event.ibm.lab MSWinEventLog 1 Security 102757633 Fri May 26 09:41:44 2017 4907 Microsoft-Windows-Security-Auditing N/A N/A Success Audit testuser-22 Audit Policy Change Auditing settings on object were changed. Subject: Security ID: S-1-5-18 Account Name: testuser-22 Account Domain: us.ibm.com Logon ID: 0x1081600 Object: Object Server: Security Object Type: File Object Name: \Windows\winsxs\test.wav Handle ID: 0x3a8 Process Information: Process ID: 0x8B6BF8 Process Name: C:\Windows\System32\wbengine.exe Auditing Settings: Original Security Descriptor: S:AI(AU;A;;WD) New Security Descriptor: S:ARAI(AU;SAFA;;;;WD)(AU;IDFA;B;;;WD) 88604
<129>May 26 09:41:45 barracuda.firewall.ibm.lab WF ALER CROSS_SITE_SCRIPTING_IN_PARAM 33.195.94.29 64700 220.189.226.81 443 security-policy GLOBAL DENY NONE [type="cross-site-scripting" pattern="script-tag" token="<script>" Parameter="url" value="<script>alert(5341)</script>"] GET 220.189.226.81/redirect.asp?url=<script>alert(5341)</script> HTTPS "-" ""-"" 220.189.226.81 59845 "-" "-"
<179>May 26 09:41:47 apache.httpd.ibm.lab httpd[5570]: [ID 702911 local6.error] [error] [client 165.11.95.213] Certificate Verification: Error (10): certificate has expired
<13>May 26 09:41:49 microsoft.sec.ibm.lab AgentDevice=WindowsLog	AgentLogFile=Security	Source=Security	Computer=COMP-testuser-97	User=testuser-97	Domain=	EventID=675	EventIDCode=675	EventType=16	EventCategory=9	RecordNumber=475033	TimeGenerated=1495806109	TimeWritten=1495806109	Message=Pre-authentication failed: User Name: testuser-97 User ID: %{S-1-2-3-1106704} Service Name: krbtgt Pre-Authentication Type: 0x2 Failure Code: 0x18 Client Address: 179.174.48.208 
<182>May 26 09:41:50 apache.httpd.ibm.lab httpd: 132.146.155.198 183.149.135.186 - - [26/May/2017:09:41:50 -0500] "GET / HTTP/1.0" 200 443 9334
