<25>May 26 07:40:42 ambiron.ipangel.ibm.lab ipangel-ips: [2017-05-26 07:40:42-05] alert [Priority: 9] [116:46:1] [(snort_decoder) WARNING: TCP Data Offset is less than 5!] 213.39.172.85:61270 TCP 135.115.253.29:80 br0
<13>May 26 07:40:43 microsoft.sec.ibm.lab AgentDevice=WindowsLog	AgentLogFile=Security	Source=Security	Computer=COMP-testuser-87	User=testuser-87	Domain=	EventID=675	EventIDCode=675	EventType=16	EventCategory=9	RecordNumber=108049	TimeGenerated=1495798843	TimeWritten=1495798843	Message=Pre-authentication failed: User Name: testuser-87 User ID: %{S-1-2-3-1104601} Service Name: krbtgt Pre-Authentication Type: 0x2 Failure Code: 0x18 Client Address: 72.243.173.81 
<13>May 26 07:40:45 microsoft.sec.ibm.lab AgentDevice=WindowsLog	AgentLogFile=Security	Source=Security	Computer=COMP-testuser-52	User=SYSTEM	Domain=	EventID=644	EventIDCode=644	EventType=8	EventCategory=7	RecordNumber=787758	TimeGenerated=1495798845	TimeWritten=1495798845	Message=User Account Locked Out: Target Account Name: testuser-52 Target Account ID: %{S-1-2-3-1087849} Caller Machine Name: COMP-CALLER01 Caller User Name: CALLER-01 Caller Domain: us.ibm.com Caller Logon ID: (0x0,0xBA5EBA11)
<190>May 26 07:40:47 arbor.pravail.ibm.lab pravail-aps: Blocked Host: Blocked host 54.11.145.63 at 10:53 by Malformed HTTP Filtering using TCP/80 (HTTP) destination 23.184.31.145 source port 53068,URL: https://arbornetworks.pravail.test.com/chaos/
<25>May 26 07:40:48 ambiron.ipangel.ibm.lab ipangel-ips: [2017-05-26 07:40:48-05] alert [Priority: 9] [116:46:1] [(snort_decoder) WARNING: TCP Data Offset is less than 5!] 51.18.44.104:52374 TCP 98.156.83.167:80 br0
<27>May 26 07:40:50 ambiron.ipangel.ibm.lab ipangel-ips: [2017-05-26 07:40:50-05] alert [Priority: 9] [119:2:1] [(http_inspect) DOUBLE DECODING ATTACK] 218.111.178.29:50089 TCP 59.37.239.70:80 br0
<25>May 26 07:40:51 ambiron.ipangel.ibm.lab ipangel-ips: [2017-05-26 07:40:51-05] alert [Priority: 9] [116:46:1] [(snort_decoder) WARNING: TCP Data Offset is less than 5!] 33.195.94.29:63833 TCP 176.241.198.171:80 br0
<187>May 26 07:40:53 ['9.9.9.9'] httpd[16986]: [error] [client 30.90.182.58] Invalid URI in request \xf7vMKp`ET&\xa4\x9c\xc9\xec\xd1\xd8j\r\xce\xd9\xd4\xb3\c7
<157>May 26 07:40:54 microsoft.event.ibm.lab MSWinEventLog	4	Security	60703	Fri May 26 07:40:54 2017	552	Security	NETWORK SERVICE	Well Known Group	Success Audit	testuser-35	Logon/Logoff		Logon attempt using explicit credentials: Logged on user:  User Name: NETWORK SERVICE  Domain: NT AUTHORITY  Logon ID: (0x0,0x1089936)  Logon GUID: -  User whose credentials were used:  Target User Name: testuser-35  Target Domain: us.ibm.com Target Logon GUID: -  Target Server Name: localhost  Target Server Info: localhost  Caller Process ID: 39900  Source Network Address: -  Source Port: - 	56794
<86>May 26 07:40:56 apple.macosx.ibm.lab com.apple.SecurityServer: uid 101425 succeeded authenticating as user admin (uid 501) for right system.install.root.user.
<182>May 26 07:40:57 apache.httpd.ibm.lab httpd: 33.195.94.29 32.48.149.177 - - [26/May/2017:07:40:57 -0500] "OPTIONS /cgi-bin/index.php HTTP/1.1" 200 443 -
<133>May 26 07:40:59 microsoft.event.ibm.lab MSWinEventLog 1 Security 102757633 Fri May 26 07:40:59 2017 4907 Microsoft-Windows-Security-Auditing N/A N/A Success Audit testuser-38 Audit Policy Change Auditing settings on object were changed. Subject: Security ID: S-1-5-18 Account Name: testuser-38 Account Domain: us.ibm.com Logon ID: 0x1096209 Object: Object Server: Security Object Type: File Object Name: \Windows\winsxs\test.wav Handle ID: 0x3a8 Process Information: Process ID: 0x5E58A4 Process Name: C:\Windows\System32\wbengine.exe Auditing Settings: Original Security Descriptor: S:AI(AU;A;;WD) New Security Descriptor: S:ARAI(AU;SAFA;;;;WD)(AU;IDFA;B;;;WD) 444335
<54>May 26 07:41:01 SymantecServer symantec.endpoint.ibm.lab: DCA-EMAPROJ2,Allowed,"C:\Program Files\Common Files\Symantec Shared\ccSvcHst.exe",,Begin: 2017-05-26 07:41:01,End:2017-05-26 07:41:01,Rule: ,2528,C:/Program Files/Microsoft Virtual Server/vmh.exe,0,,C:/ProgramFiles/Common Files/Symantec Shared/ccSvcHst.exe,User: testuser-49,Domain: US
<13>May 26 07:41:02 checkpoint.firewall.ibm.lab 26May2017 drop checkpoint.firewall.ibm.lab product: SmartDefense; src: 99.123.52.13; s_port: 52935; dst: 19.184.124.138; service: 443; proto: tcp; rule: 392;Attack Info: TCP segment out of maximum allowed sequence. Packet dropped.;Confidence Level: 0;Performance Impact: 0;Protection Name: TCP Segment Limit Enforcement;Protection Type: settings_tcp;Severity: 0;SmartDefense Profile: Boticario_DMZ_Protection;__policy_id_tag: product=VPN-1 & FireWall-1[db_tag={E94ECB65-34C0-4740-9634-761E1604C8BC};mgmt=SJP1PLNX036-DMZ;date=1424714440;policy_name=DMZ];attack: Streaming Engine: TCP Segment Limit Enforcement;has_accounting: 0;i/f_dir: inbound;i/f_name: eth2-01.2809;origin_sic_name: CN=TEST-DMZ1,O=log_server_hostname;protection_id: tcp_segment_limit;rule_uid: {499DBB08-D262-4D9F-B639-5337A7B36E59};snid: 7572c682;src_machine_name: COMP-testuser-9;src_user_name: testuser-9 ;user: testuser-9 ;
<129>May 26 07:41:04 barracuda.firewall.ibm.lab WF ALER CROSS_SITE_SCRIPTING_IN_PARAM 137.38.197.140 54921 212.31.252.121 443 security-policy GLOBAL DENY NONE [type="cross-site-scripting" pattern="script-tag" token="<script>" Parameter="url" value="<script>alert(5341)</script>"] GET 212.31.252.121/redirect.asp?url=<script>alert(5341)</script> HTTPS "-" ""-"" 212.31.252.121 59845 "-" "-"
<13>May 26 07:41:05 microsoft.sec.ibm.lab AgentDevice=WindowsLog	AgentLogFile=Security	Source=Security	Computer=COMP-testuser-67	User=testuser-67	Domain=	EventID=680	EventIDCode=680	EventType=16	EventCategory=9	RecordNumber=857515	TimeGenerated=1495798865	TimeWritten=1495798865	Message=Logon attempt by: MICROSOFT_AUTHENTICATION_PACKAGE_V1_0 Logon account: testuser-67 Source Workstation: COMP-testuser-67 Error Code: 0x0 
<13>May 26 07:41:07 checkpoint.firewall.ibm.lab 26May2017  checkpoint.firewall.ibm.lab product: martDefense; src: 179.174.48.208; s_port: ; dst: 128.191.1.223; service: ; proto: udp; rule: ;Attack Info: Response packet too long, potential buffer overflow;Suppressed logs: 5;Total logs: 6;__policy_id_tag: product=VPN-1 & FireWall-1[db_tag={321A4EE6-7DEA-11DD-BFAA-C0A832822626};mgmt=fwmngt05;date=1220908070;policy_name=KillerWhale_gbl];alert: alert;attack: Invalid DNS;has_accounting: 0;i/f_dir: inbound;
<86>May 26 07:41:08 apple.macosx.ibm.lab com.apple.SecurityServer: uid 80545 succeeded authenticating as user admin (uid 501) for right system.install.root.user.
<129>May 26 07:41:10 barracuda.firewall.ibm.lab WF ALER SLASH_DOT_IN_URL 179.174.48.208 50619 103.229.32.94 443 security-policy GLOBAL DENY NONE ["-"] GET 103.229.32.94/themes/default/css/.htaccess HTTPS "-" ""-"" 103.229.32.94 44428 "-" "-"
<133>May 26 07:41:12 microsoft.event.ibm.lab MSWinEventLog 1 Security 102757633 Fri May 26 07:41:12 2017 4907 Microsoft-Windows-Security-Auditing N/A N/A Success Audit rogueUser-4 Audit Policy Change Auditing settings on object were changed. Subject: Security ID: S-1-5-18 Account Name: rogueUser-4 Account Domain: us.ibm.com Logon ID: 0x1119364 Object: Object Server: Security Object Type: File Object Name: \Windows\winsxs\test.wav Handle ID: 0x3a8 Process Information: Process ID: 0xF5CD04 Process Name: C:\Windows\System32\wbengine.exe Auditing Settings: Original Security Descriptor: S:AI(AU;A;;WD) New Security Descriptor: S:ARAI(AU;SAFA;;;;WD)(AU;IDFA;B;;;WD) 660762
<189>May 26 07:41:13 ['9.9.9.9'] authmgr[504]: <NOTI> login <00:1c:bf:ca:2b:98  125.83.117.185 testuser-41>method=802.1x, server=TEST001, role=Authenticated Update(status 0 method 0 role 16), reauth=1800 sec
<27>May 26 07:41:15 ambiron.ipangel.ibm.lab ipangel-ips: [2017-05-26 07:41:15-05] alert [Priority: 9] [119:2:1] [(http_inspect) DOUBLE DECODING ATTACK] 136.38.97.190:58409 TCP 174.216.102.40:80 br0
<190>May 26 07:41:16 arbor.pravail.ibm.lab pravail-aps: Blocked Host: Blocked host 30.90.182.58 at 10:53 by Malformed HTTP Filtering using TCP/80 (HTTP) destination 170.135.135.83 source port 50394,URL: https://arbornetworks.pravail.test.com/chaos/
<182>May 26 07:41:18 apache.httpd.ibm.lab httpd: 30.90.182.58 118.128.144.250 - - [26/May/2017:07:41:18 -0500] "GET /<script>alert(53416)</script> HTTP/1.1" 404 443 320
<13>May 26 07:41:19 microsoft.sec.ibm.lab AgentDevice=WindowsLog	AgentLogFile=Security	Source=Security	Computer=COMP-testuser-97	User=testuser-97	Domain=	EventID=672	EventIDCode=672	EventType=8	EventCategory=9	RecordNumber=797096	TimeGenerated=1495798879	TimeWritten=1495798879	Message=Authentication Ticket Request: User Name: testuser-97 Supplied Realm Name: us.ibm.com User ID: %{S-1-2-3-1106704} Service Name: krbtgt Service ID: %{S-3-2-1-455C94} Ticket Options: 0x40810010 Result Code: - Ticket Encryption Type: 0x17 Pre-Authentication Type: 2 Client Address: 179.174.48.208 Certificate Issuer Name:  Certificate Serial Number:  Certificate Thumbprint: 
<14>May 26 07:41:21 Message forwarded from aix.ibm.lab: ftp[random_number_1_to_999999]: ftp: EXPORT user testuser-48, host 30.90.182.58, local test_script.sh, remote test_script.sh.
<157>May 26 07:41:23 microsoft.event.ibm.lab MSWinEventLog	4	Security	60703	Fri May 26 07:41:23 2017	552	Security	NETWORK SERVICE	Well Known Group	Success Audit	testuser-96	Logon/Logoff		Logon attempt using explicit credentials: Logged on user:  User Name: NETWORK SERVICE  Domain: NT AUTHORITY  Logon ID: (0x0,0x1104601)  Logon GUID: -  User whose credentials were used:  Target User Name: testuser-96  Target Domain: us.ibm.com Target Logon GUID: -  Target Server Name: localhost  Target Server Info: localhost  Caller Process ID: 248386  Source Network Address: -  Source Port: - 	56794
<182>May 26 07:41:24 apache.httpd.ibm.lab httpd: 165.11.95.213 33.127.29.240 - - [26/May/2017:07:41:24 -0500] "GET /../../../../../../../../../../../ HTTP/1.1" 400 443 307
<190>May 26 07:41:26 arbor.pravail.ibm.lab pravail-aps: Blocked Host: Blocked host 33.195.94.29 10:53 by TCP Connection Reset using TCP/55632 (Unknown) destination 216.148.241.188 source port 443,URL: https://arbornetworks.pravail.test.com/chaos/
<129>May 26 07:41:27 barracuda.firewall.ibm.lab WF ALER METACHARACTER_IN_PARAMETER 201.150.192.18 62402 212.67.134.44 443 security-policy GLOBAL DENY NONE [token="%00 " Parameter="article" value="../../../../../../../../etc/passwd"] GET 212.67.134.44/talkback.cgi?article=../../../../../../../../etc/passwd%00&action=view&matchview=1 HTTPS "-" ""-"" 212.67.134.44 62402 "-" "-"
<39>May 26 07:41:29 Message forwarded from aix.ibm.lab: testuser-71 PAM: pam_authenticate: error Authentication failed
<14>May 26 07:41:30 Message forwarded from aix.ibm.lab: ftp[random_number_1_to_999999]: ftp: IMPORT user testuser-4, host 189.6.147.68, local test_file, remote /data/savedata/test_file.dat.
<13>May 26 07:41:32 checkpoint.firewall.ibm.lab 26May2017  checkpoint.firewall.ibm.lab product: martDefense; src: 212.2.111.4; s_port: ; dst: 171.189.175.143; service: ; proto: udp; rule: ;Attack Info: Response packet too long, potential buffer overflow;Suppressed logs: 5;Total logs: 6;__policy_id_tag: product=VPN-1 & FireWall-1[db_tag={321A4EE6-7DEA-11DD-BFAA-C0A832822626};mgmt=fwmngt05;date=1220908070;policy_name=KillerWhale_gbl];alert: alert;attack: Invalid DNS;has_accounting: 0;i/f_dir: inbound;
<129>May 26 07:41:33 barracuda.firewall.ibm.lab WF ALER SLASH_DOT_IN_URL 165.11.95.213 52577 46.203.2.183 443 security-policy GLOBAL DENY NONE ["-"] GET 46.203.2.183/themes/default/css/.htaccess HTTPS "-" ""-"" 46.203.2.183 44428 "-" "-"
<129>May 26 07:41:35 barracuda.firewall.ibm.lab WF ALER SLASH_DOT_IN_URL 56.219.18.103 55339 166.90.213.100 443 security-policy GLOBAL DENY NONE ["-"] GET 166.90.213.100/themes/default/css/.htaccess HTTPS "-" ""-"" 166.90.213.100 44428 "-" "-"
<33>May 26 07:41:37 threecom.switch.ibm.lab %May 26 07:41:37 2017 S9500 PORTAL/5/PT_LOG: Online user 218.111.178.29 changes to 114.170.16.38, we will cut it off as using traffic-acct.
<27>May 26 07:41:38 ambiron.ipangel.ibm.lab ipangel-ips: [2017-05-26 07:41:38-05] alert [Priority: 9] [119:2:1] [(http_inspect) DOUBLE DECODING ATTACK] 213.39.172.85:54471 TCP 11.166.67.126:80 br0
<187>May 26 07:41:40 ['9.9.9.9'] httpd[16986]: [error] [client 64.87.88.123] Invalid URI in request \xf7vMKp`ET&\xa4\x9c\xc9\xec\xd1\xd8j\r\xce\xd9\xd4\xb3\c7
<33>May 26 07:41:41 threecom.switch.ibm.lab %May 26 07:41:41 2017 S9500 FTPS/5/USEROUT: User testuser-100(9.135.38.229) logged out
<190>May 26 07:41:43 arbor.pravail.ibm.lab pravail-aps: Blocked Host: Blocked host 136.38.97.190 at 10:52 by Invalid Packets using TCP/0 (Unknown) destination 170.1.202.246,URL: https://arbornetworks.pravail.test.com/chaos/
<26>May 26 07:41:44 ambiron.ipangel.ibm.lab ipangel-ips: [2017-05-26 07:41:44-05] alert [Priority: 9] [119:14:1] [(http_inspect) NON-RFC DEFINED CHAR] 15.83.16.235:58107 TCP 41.42.67.141:80 br0
<182>May 26 07:41:46 apache.httpd.ibm.lab httpd: 201.150.192.18 218.114.113.149 - - [26/May/2017:07:41:46 -0500] "GET / HTTP/1.0" 200 443 9334
<157>May 26 07:41:48 microsoft.event.ibm.lab MSWinEventLog	4	Security	60703	Fri May 26 07:41:48 2017	552	Security	NETWORK SERVICE	Well Known Group	Success Audit	testuser-9	Logon/Logoff		Logon attempt using explicit credentials: Logged on user:  User Name: NETWORK SERVICE  Domain: NT AUTHORITY  Logon ID: (0x0,0x994009)  Logon GUID: -  User whose credentials were used:  Target User Name: testuser-9  Target Domain: us.ibm.com Target Logon GUID: -  Target Server Name: localhost  Target Server Info: localhost  Caller Process ID: 509907  Source Network Address: -  Source Port: - 	56794
<25>May 26 07:41:49 ambiron.ipangel.ibm.lab ipangel-ips: [2017-05-26 07:41:49-05] alert [Priority: 9] [116:46:1] [(snort_decoder) WARNING: TCP Data Offset is less than 5!] 56.219.18.103:56540 TCP 94.196.121.26:80 br0
<86>May 26 07:41:51 apple.macosx.ibm.lab com.apple.SecurityServer: uid 118273 succeeded authenticating as user admin (uid 501) for right system.install.root.user.
<25>May 26 07:41:52 ambiron.ipangel.ibm.lab ipangel-ips: [2017-05-26 07:41:52-05] alert [Priority: 9] [116:46:1] [(snort_decoder) WARNING: TCP Data Offset is less than 5!] 56.219.18.103:57786 TCP 55.251.101.68:80 br0
<179>May 26 07:41:54 apache.httpd.ibm.lab httpd[5570]: [ID 702911 local6.error] [error] [client 132.146.155.198] Certificate Verification: Error (10): certificate has expired
<182>May 26 07:41:55 apache.httpd.ibm.lab httpd: 54.11.145.63 95.120.176.75 - - [26/May/2017:07:41:55 -0500] "OPTIONS /cgi-bin/index.php HTTP/1.1" 200 443 -
<25>May 26 07:41:57 apple.macosx.ibm.lab DirectoryService[51]: Failed Authentication return is being delayed due to over five recent auth failures for username: testuser-64.
<83>May 26 07:41:59 apple.macosx.ibm.lab com.apple.SecurityServer: authinternal failed to authenticate user testuser-56.
<190>May 26 07:42:00 arbor.pravail.ibm.lab pravail-aps: Blocked Host: Blocked host 79.186.10.120 at 10:53 by Malformed HTTP Filtering using TCP/80 (HTTP) destination 58.194.101.49 source port 51922,URL: https://arbornetworks.pravail.test.com/chaos/
<83>May 26 07:42:02 apple.macosx.ibm.lab sshd[5590]: error: PAM: Authentication failure for illegal user testuser-25 from 38.57.250.238<179>May 26 07:42:03 apache.httpd.ibm.lab httpd[5570]: [ID 702911 local6.error] [error] [client 201.150.192.18] Certificate Verification: Error (10): certificate has expired
<38>May 26 07:42:05 sshd[421394]: input_userauth_request: invalid user testuser-44
<182>May 26 07:42:06 apache.httpd.ibm.lab httpd: 167.227.124.53 22.113.16.63 - - [26/May/2017:07:42:06 -0500] "GET /<script>alert(53416)</script> HTTP/1.1" 404 443 320
<54>May 26 07:42:08 SymantecServer symantec.endpoint.ibm.lab: testbox-abc,[SID: 21590] P2P Edonkey Ping Message detected.  Traffic has been allowed from this application: C:\Program Files\easyMule\emule.exe,Local: 201.150.192.18,Local: 00218696B978,Remote: ,Remote: 32.23.250.177,Remote: 000000000000,Outbound,OTHERS,Intrusion ID: 0,Begin: 2017-05-26 07:42:08,End: 2017-05-26 07:42:08,Occurrences: 1,Application: C:/Program Files/easyMule/emule.exe,Location: Default,User: testuser-51,Domain: us.ibm.com
<54>May 26 07:42:09 SymantecServer symantec.endpoint.ibm.lab: Security risk found,Computer name: COMP-1098304,Source: Scheduled Scan,Risk name: VirusDoctor,Occurrences: 1,c:/System Volume Information/_restore{A3F5C2A3-F289-4356-B021-1FEFEFB73CBD}/RP243/A0070465.exe,"",Actual action: Quarantined,Requested action: Quarantined,Secondary action: Left alone,Event time: 2017-05-26 07:42:09,Inserted:2017-05-26 07:42:09,End: 2017-05-26 07:42:09,Domain: Default,Group: My Company	est,Server: avp1,User: testuser-48,Source computer:  ,Source IP: 0.0.0.0
<13>May 26 07:42:11 checkpoint.firewall.ibm.lab 26May2017  checkpoint.firewall.ibm.lab product: SmartDefense; src: 9.135.38.229; s_port: ; dst: 92.203.209.154; service: ; proto: icmp; rule: ;Attack Info: Echo request too big;Suppressed logs: 1;Total logs: 2;__policy_id_tag: product=VPN-1 & FireWall-1[db_tag={B5A7057E-7F61-11DD-AA43-C0A832D12424};mgmt=fwmngt-zentral;date=1221069352;policy_name=Spider_gbl];alert: alert;attack: Large ping;has_accounting: 0;i/f_dir: inbound;
<129>May 26 07:42:13 barracuda.firewall.ibm.lab WF ALER METACHARACTER_IN_PARAMETER 120.171.20.155 51604 97.118.92.142 443 security-policy GLOBAL DENY NONE [token="%00 " Parameter="article" value="../../../../../../../../etc/passwd"] GET 97.118.92.142/talkback.cgi?article=../../../../../../../../etc/passwd%00&action=view&matchview=1 HTTPS "-" ""-"" 97.118.92.142 51604 "-" "-"
<13>May 26 07:42:14 checkpoint.firewall.ibm.lab 26May2017 drop checkpoint.firewall.ibm.lab product: VPN-1 &FireWall-1; src: 218.111.178.29; s_port: 53249; dst: 177.210.246.20; service: 138; proto: udp; rule: 323;SmartDefense profile: Default_Protection;__policy_id_tag: product=VPN-1 & FireWall-1[db_tag={48AB8350-7F61-11DD-887D-C0A832D16C6C};mgmt=fwmngt-zentral;date=1221069169;policy_name=Chameleon_gbl];has_accounting: 0;i/f_dir: inbound;i/f_name: eth-s1/s1p1c0;rule_uid: {21D66174-0E19-4B77-A1E9-3473FE991088};
<187>May 26 07:42:16 ['9.9.9.9'] httpd[16986]: [error] [client 165.11.95.213] Invalid URI in request \xf7vMKp`ET&\xa4\x9c\xc9\xec\xd1\xd8j\r\xce\xd9\xd4\xb3\c7
<13>May 26 07:42:17 microsoft.sec.ibm.lab AgentDevice=WindowsLog	AgentLogFile=Security	Source=Security	Computer=COMP-testuser-77	User=testuser-77	Domain=	EventID=529	EventIDCode=529	EventType=16	EventCategory=2	RecordNumber=329695	TimeGenerated=1495798937	TimeWritten=1495798937	Message=Successful Network Logon: User Name: Domain: Logon ID: (0x0,0x1102500) Logon Type: 3 Logon Process: NtLmSsp Authentication Package: NTLM Workstation Name: COMP-testuser-77 Logon GUID: - Caller User Name: - Caller Domain: - Caller Logon ID: - Caller Process ID: - Transited Services: - Source Network Address: 70.8.194.23 Source Port: 0
<187>May 26 07:42:19 ['9.9.9.9'] httpd[16986]: [error] [client 136.38.97.190] Invalid URI in request \xf7vMKp`ET&\xa4\x9c\xc9\xec\xd1\xd8j\r\xce\xd9\xd4\xb3\c7
<13>May 26 07:42:20 microsoft.sec.ibm.lab AgentDevice=WindowsLog	AgentLogFile=Security	Source=Security	Computer=COMP-testuser-6	User=testuser-6	Domain=	EventID=672	EventIDCode=672	EventType=16	EventCategory=9	RecordNumber=344915	TimeGenerated=1495798940	TimeWritten=1495798940	Message=Authentication Ticket Request: User Name: testuser-6 Supplied Realm Name: us.ibm.com User ID: %{S-1-2-3-988036} Service Name: krbtgt Service ID: %{S-3-2-1-70F1CB} Ticket Options: 0x40810010 Result Code: - Ticket Encryption Type: 0x17 Pre-Authentication Type: 2 Client Address: 147.198.103.40 Certificate Issuer Name:  Certificate Serial Number:  Certificate Thumbprint: 
<50>May 26 07:42:22 SymantecServer symantec.endpoint.ibm.lab: testbox-xyz,[SID: 70025] Web Attack: Blackhole Exploit Toolkit 2 attack blocked. Traffic has been blocked for this application: C:\Program Files\Internet Explorer\iexplore.exe,Local: 0.0.0.0,Local: 000000000000,Remote: ,Remote: 0.0.0.0,Remote: 000000000000,Inbound,OTHERS,,Begin: 2017-05-26 07:42:22,End: 2017-05-26 07:42:22,Occurrences: 1,Application: C:/Program Files/Internet Explorer/iexplore.exe,Location: Default,User: testuser-36,Domain: SIMON,!ExternalLoggingTask.localport! 0,!ExternalLoggingTask.remoteport! 0,!ExternalLoggingTask.cidssignid! 70025,!ExternalLoggingTask.strcidssignid! Web Attack: Blackhole Exploit Toolkit 2,!ExternalLoggingTask.cidssignsubid! 0,!ExternalLoggingTask.intrusionurl! http://pppptttt.blah.net/links/came_broadcasting_taking-various.php,!ExternalLoggingTask.intrusionpayloadurl!
<54>May 26 07:42:24 SymantecServer symantec.endpoint.ibm.lab: Potential risk found,Computer name: COMP-1104601,Detection type: Heuristic,Application name: (Unknown),Application type: Trojan Worm,Application version: ,Hash type: SHA-1,Application hash: 72c874f212a18944ff56f774bfe7252346b93f8e,Company name: ,File size (bytes): 301568,Sensitivity: 0,Detection score: 40,Submission recommendation:1,Permitted application reason: 0,Source: Heuristic Scan,Risk name: ,Occurrences: 1,c:\claims\claims32.exe,"",Actual action: Left alone,Requested action: Left alone,Secondary action: Left alone,Event time: 2017-05-26 07:42:24,Inserted:2017-05-26 07:42:24,End:  2017-05-26 07:42:24,Domain: Default,Group: My Company\LTC\Desktops,Server: crasesssmc01,User: testuser-96,Source computer: ,Source IP: 0.0.0.0
<129>May 26 07:42:25 barracuda.firewall.ibm.lab WF ALER CROSS_SITE_SCRIPTING_IN_PARAM 79.186.10.120 65180 94.185.229.132 443 security-policy GLOBAL DENY NONE [type="cross-site-scripting" pattern="script-tag" token="<script>" Parameter="url" value="<script>alert(5341)</script>"] GET 94.185.229.132/redirect.asp?url=<script>alert(5341)</script> HTTPS "-" ""-"" 94.185.229.132 59845 "-" "-"
<13>May 26 07:42:27 microsoft.sec.ibm.lab AgentDevice=WindowsLog	AgentLogFile=Security	Source=Security	Computer=COMP-testuser-83	User=testuser-83	Domain=	EventID=529	EventIDCode=529	EventType=16	EventCategory=2	RecordNumber=338260	TimeGenerated=1495798947	TimeWritten=1495798947	Message=Successful Network Logon: User Name: Domain: Logon ID: (0x0,0x1096209) Logon Type: 3 Logon Process: NtLmSsp Authentication Package: NTLM Workstation Name: COMP-testuser-83 Logon GUID: - Caller User Name: - Caller Domain: - Caller Logon ID: - Caller Process ID: - Transited Services: - Source Network Address: 188.80.75.242 Source Port: 0
<190>May 26 07:42:28 arbor.pravail.ibm.lab pravail-aps: Blocked Host: Blocked host 125.83.117.185 10:53 by TCP Connection Reset using TCP/54789 (Unknown) destination 101.251.104.134 source port 443,URL: https://arbornetworks.pravail.test.com/chaos/
<13>May 26 07:42:30 microsoft.sec.ibm.lab AgentDevice=WindowsLog	AgentLogFile=Security	Source=Security	Computer=COMP-testuser-70	User=testuser-70	Domain=	EventID=680	EventIDCode=680	EventType=16	EventCategory=9	RecordNumber=632424	TimeGenerated=1495798950	TimeWritten=1495798950	Message=Logon attempt by: MICROSOFT_AUTHENTICATION_PACKAGE_V1_0 Logon account: testuser-70 Source Workstation: COMP-testuser-70 Error Code: 0x0 
<189>May 26 07:42:31 ['9.9.9.9'] authmgr[504]: <NOTI> login <00:1c:bf:ca:2b:98  218.111.178.29 testuser-63>method=802.1x, server=TEST001, role=Authenticated Update(status 0 method 0 role 16), reauth=1800 sec
<190>May 26 07:42:33 arbor.pravail.ibm.lab pravail-aps: Blocked Host: Blocked host 120.171.20.155 at 10:53 by Malformed HTTP Filtering using TCP/80 (HTTP) destination 71.224.70.4 source port 57225,URL: https://arbornetworks.pravail.test.com/chaos/
<129>May 26 07:42:35 barracuda.firewall.ibm.lab WF ALER CROSS_SITE_SCRIPTING_IN_URL 33.195.94.29 52908 21.239.227.133 80 security-policy GLOBAL DENY NONE [type="cross-site-scripting" pattern="script-tag" token="<script>"] GET 21.239.227.133/<script>alert(53416)</script> HTTP "-" ""-"" 21.239.227.133 48541 "-" "-"
<13>May 26 07:42:36 checkpoint.firewall.ibm.lab 26May2017 drop checkpoint.firewall.ibm.lab product: SmartDefense; src: 56.219.18.103; s_port: 61783; dst: 186.39.157.30; service: 443; proto: tcp; rule: 392;Attack Info: TCP segment out of maximum allowed sequence. Packet dropped.;Confidence Level: 0;Performance Impact: 0;Protection Name: TCP Segment Limit Enforcement;Protection Type: settings_tcp;Severity: 0;SmartDefense Profile: Boticario_DMZ_Protection;__policy_id_tag: product=VPN-1 & FireWall-1[db_tag={E94ECB65-34C0-4740-9634-761E1604C8BC};mgmt=SJP1PLNX036-DMZ;date=1424714440;policy_name=DMZ];attack: Streaming Engine: TCP Segment Limit Enforcement;has_accounting: 0;i/f_dir: inbound;i/f_name: eth2-01.2809;origin_sic_name: CN=TEST-DMZ1,O=log_server_hostname;protection_id: tcp_segment_limit;rule_uid: {499DBB08-D262-4D9F-B639-5337A7B36E59};snid: 7572c682;src_machine_name: COMP-testuser-52;src_user_name: testuser-52 ;user: testuser-52 ;
<129>May 26 07:42:38 barracuda.firewall.ibm.lab WF ALER METHOD_NOT_ALLOWED 33.195.94.29 56523 133.82.211.75 80 security-policy GLOBAL DENY NONE [Method="ABCD"] ABCD 133.82.211.75/ HTTP "-" ""-"" 133.82.211.75 48536 "-" "-"
<13>May 26 07:42:39 microsoft.sec.ibm.lab AgentDevice=WindowsLog	AgentLogFile=Security	Source=Security	Computer=COMP-rogueUser-3	User=rogueUser-3	Domain=	EventID=680	EventIDCode=680	EventType=8	EventCategory=9	RecordNumber=762950	TimeGenerated=1495798959	TimeWritten=1495798959	Message=Logon attempt by: MICROSOFT_AUTHENTICATION_PACKAGE_V1_0 Logon account: rogueUser-3 Source Workstation: COMP-rogueUser-3 Error Code: 0x0 
<13>May 26 07:42:41 checkpoint.firewall.ibm.lab 26May2017  checkpoint.firewall.ibm.lab product: SmartDefense; src: 136.38.97.190; s_port: ; dst: 14.16.87.224; service: ; proto: udp; rule: ;Attack Info: Out-of-state DNS reply;Suppressed logs: 143;Total logs: 144;__policy_id_tag: product=VPN-1 & FireWall-1[db_tag={321A4EE6-7DEA-11DD-BFAA-C0A832822626};mgmt=fwmngt05;date=1220908070;policy_name=KillerWhale_gbl];alert: alert;attack: Invalid DNS;has_accounting: 0;i/f_dir: inbound;
<157>May 26 07:42:42 microsoft.event.ibm.lab MSWinEventLog	4	Security	60703	Fri May 26 07:42:42 2017	552	Security	NETWORK SERVICE	Well Known Group	Success Audit	testuser-41	Logon/Logoff		Logon attempt using explicit credentials: Logged on user:  User Name: NETWORK SERVICE  Domain: NT AUTHORITY  Logon ID: (0x0,0x1083681)  Logon GUID: -  User whose credentials were used:  Target User Name: testuser-41  Target Domain: us.ibm.com Target Logon GUID: -  Target Server Name: localhost  Target Server Info: localhost  Caller Process ID: 452935  Source Network Address: -  Source Port: - 	56794
<133>May 26 07:42:44 microsoft.event.ibm.lab MSWinEventLog 1 Security 102757633 Fri May 26 07:42:44 2017 4907 Microsoft-Windows-Security-Auditing N/A N/A Success Audit testuser-76 Audit Policy Change Auditing settings on object were changed. Subject: Security ID: S-1-5-18 Account Name: testuser-76 Account Domain: us.ibm.com Logon ID: 0x1100401 Object: Object Server: Security Object Type: File Object Name: \Windows\winsxs\test.wav Handle ID: 0x3a8 Process Information: Process ID: 0x6FB35C Process Name: C:\Windows\System32\wbengine.exe Auditing Settings: Original Security Descriptor: S:AI(AU;A;;WD) New Security Descriptor: S:ARAI(AU;SAFA;;;;WD)(AU;IDFA;B;;;WD) 839210
<187>May 26 07:42:45 ['9.9.9.9'] httpd[16986]: [error] [client 218.111.178.29] Invalid URI in request \xf7vMKp`ET&\xa4\x9c\xc9\xec\xd1\xd8j\r\xce\xd9\xd4\xb3\c7
<13>May 26 07:42:47 microsoft.sec.ibm.lab AgentDevice=WindowsLog	AgentLogFile=Security	Source=Security	Computer=COMP-testuser-52	User=testuser-52	Domain=	EventID=529	EventIDCode=529	EventType=16	EventCategory=2	RecordNumber=165313	TimeGenerated=1495798967	TimeWritten=1495798967	Message=Successful Network Logon: User Name: Domain: Logon ID: (0x0,0x1087849) Logon Type: 3 Logon Process: NtLmSsp Authentication Package: NTLM Workstation Name: COMP-testuser-52 Logon GUID: - Caller User Name: - Caller Domain: - Caller Logon ID: - Caller Process ID: - Transited Services: - Source Network Address: 56.219.18.103 Source Port: 0
<27>May 26 07:42:49 ambiron.ipangel.ibm.lab ipangel-ips: [2017-05-26 07:42:49-05] alert [Priority: 9] [119:2:1] [(http_inspect) DOUBLE DECODING ATTACK] 79.186.10.120:51145 TCP 131.150.66.110:80 br0
<54>May 26 07:42:50 SymantecServer symantec.endpoint.ibm.lab: Security risk found,Computer name: COMP-1117249,Source: Scheduled Scan,Risk name: VirusDoctor,Occurrences: 1,c:/System Volume Information/_restore{A3F5C2A3-F289-4356-B021-1FEFEFB73CBD}/RP243/A0070465.exe,"",Actual action: Quarantined,Requested action: Quarantined,Secondary action: Left alone,Event time: 2017-05-26 07:42:50,Inserted:2017-05-26 07:42:50,End: 2017-05-26 07:42:50,Domain: Default,Group: My Company	est,Server: avp1,User: rogueUser-3,Source computer:  ,Source IP: 0.0.0.0
<13>May 26 07:42:52 checkpoint.firewall.ibm.lab 26May2017  checkpoint.firewall.ibm.lab product: SmartDefense; src: 212.2.111.4; s_port: ; dst: 164.108.71.241; service: ; proto: udp; rule: ;Attack Info: Bad domain format, illegal ASCII value in domain;Suppressed logs: 1;Total logs: 2;__policy_id_tag: product=VPN-1 & FireWall-1[db_tag={9B20E8EA-7DE6-11DD-B7D6-C0A832D11E1E};mgmt=fwmngt-zentral;date=1220906528;policy_name=Vulpine_gbl];alert: alert;attack: Invalid DNS;has_accounting: 0;i/f_dir: inbound;
<182>May 26 07:42:53 apache.httpd.ibm.lab httpd: 30.90.182.58 140.27.14.25 - - [26/May/2017:07:42:53 -0500] "OPTIONS /cgi-bin/index.php HTTP/1.1" 200 443 -
<33>May 26 07:42:55 threecom.switch.ibm.lab %May 26 07:42:55 2017 S9500 FTPS/5/USEROUT: User rogueUser-5(15.83.16.235) logged out
<190>May 26 07:42:56 arbor.pravail.ibm.lab pravail-aps: Blocked Host: Blocked host 132.146.155.198 10:53 by TCP Connection Reset using TCP/49781 (Unknown) destination 186.244.208.77 source port 443,URL: https://arbornetworks.pravail.test.com/chaos/
<13>May 26 07:42:58 checkpoint.firewall.ibm.lab 26May2017 reject checkpoint.firewall.ibm.lab product: VPN-1 & FireWall-1; src: 83.87.204.105; s_port: 51422; dst: 107.239.29.94; service: 113; proto: tcp; rule: 14;SmartDefense profile: Default_Protection;__policy_id_tag: product=VPN-1 & FireWall-1[db_tag={25E5B8F6-79E7-11DD-941A-C0A832D00C0C};mgmt=fwmngt-wuv;date=1220466957;policy_name=rhino_gbl];has_accounting: 0;i/f_dir: inbound;i/f_name: eth-s2/s1p1c0;rule_uid: {9C96B325-D976-4A30-8685-9ED61018A6E7};service_id: gident;
<33>May 26 07:43:00 threecom.switch.ibm.lab %May 26 07:43:00 2017 S9500 FTPS/5/USEROUT: User testuser-30(202.207.224.25) logged out
<27>May 26 07:43:01 ambiron.ipangel.ibm.lab ipangel-ips: [2017-05-26 07:43:01-05] alert [Priority: 9] [119:2:1] [(http_inspect) DOUBLE DECODING ATTACK] 165.11.95.213:52498 TCP 45.80.36.186:80 br0
<157>May 26 07:43:03 microsoft.event.ibm.lab MSWinEventLog	4	Security	60703	Fri May 26 07:43:03 2017	552	Security	NETWORK SERVICE	Well Known Group	Success Audit	testuser-5	Logon/Logoff		Logon attempt using explicit credentials: Logged on user:  User Name: NETWORK SERVICE  Domain: NT AUTHORITY  Logon ID: (0x0,0x986049)  Logon GUID: -  User whose credentials were used:  Target User Name: testuser-5  Target Domain: us.ibm.com Target Logon GUID: -  Target Server Name: localhost  Target Server Info: localhost  Caller Process ID: 344477  Source Network Address: -  Source Port: - 	56794
<13>May 26 07:43:04 microsoft.sec.ibm.lab AgentDevice=WindowsLog	AgentLogFile=Security	Source=Security	Computer=COMP-testuser-55	User=testuser-55	Domain=	EventID=540	EventIDCode=540	EventType=8	EventCategory=2	RecordNumber=207463	TimeGenerated=1495798984	TimeWritten=1495798984	Message=Successful Network Logon: User Name: Domain: Logon ID: (0x0,0x1094116) Logon Type: 3 Logon Process: NtLmSsp Authentication Package: NTLM Workstation Name: COMP-testuser-55 Logon GUID: - Caller User Name: - Caller Domain: - Caller Logon ID: - Caller Process ID: - Transited Services: - Source Network Address: 79.186.10.120 Source Port: 0
<189>May 26 07:43:06 ['9.9.9.9'] authmgr[504]: <NOTI> login <00:1c:bf:ca:2b:98  83.87.204.105 testuser-69>method=802.1x, server=TEST001, role=Authenticated Update(status 0 method 0 role 16), reauth=1800 sec
<187>May 26 07:43:07 ['9.9.9.9'] httpd[16986]: [error] [client 30.90.182.58] Invalid URI in request \xf7vMKp`ET&\xa4\x9c\xc9\xec\xd1\xd8j\r\xce\xd9\xd4\xb3\c7
<189>May 26 07:43:09 ['9.9.9.9'] authmgr[504]: <NOTI> login <00:1c:bf:ca:2b:98  79.186.10.120 testuser-37>method=802.1x, server=TEST001, role=Authenticated Update(status 0 method 0 role 16), reauth=1800 sec
<157>May 26 07:43:11 microsoft.event.ibm.lab MSWinEventLog	4	Security	60703	Fri May 26 07:43:11 2017	552	Security	NETWORK SERVICE	Well Known Group	Success Audit	testuser-24	Logon/Logoff		Logon attempt using explicit credentials: Logged on user:  User Name: NETWORK SERVICE  Domain: NT AUTHORITY  Logon ID: (0x0,0x1085764)  Logon GUID: -  User whose credentials were used:  Target User Name: testuser-24  Target Domain: us.ibm.com Target Logon GUID: -  Target Server Name: localhost  Target Server Info: localhost  Caller Process ID: 898154  Source Network Address: -  Source Port: - 	56794
<13>May 26 07:43:12 microsoft.sec.ibm.lab AgentDevice=WindowsLog	AgentLogFile=Security	Source=Security	Computer=COMP-testuser-68	User=testuser-68	Domain=	EventID=672	EventIDCode=672	EventType=16	EventCategory=9	RecordNumber=436520	TimeGenerated=1495798992	TimeWritten=1495798992	Message=Authentication Ticket Request: User Name: testuser-68 Supplied Realm Name: us.ibm.com User ID: %{S-1-2-3-1102500} Service Name: krbtgt Service ID: %{S-3-2-1-56F424} Ticket Options: 0x40810010 Result Code: - Ticket Encryption Type: 0x17 Pre-Authentication Type: 2 Client Address: 212.2.111.4 Certificate Issuer Name:  Certificate Serial Number:  Certificate Thumbprint: 
<129>May 26 07:43:14 barracuda.firewall.ibm.lab WF ALER METACHARACTER_IN_PARAMETER 79.186.10.120 51180 161.1.90.204 443 security-policy GLOBAL DENY NONE [token="%00 " Parameter="article" value="../../../../../../../../etc/passwd"] GET 161.1.90.204/talkback.cgi?article=../../../../../../../../etc/passwd%00&action=view&matchview=1 HTTPS "-" ""-"" 161.1.90.204 51180 "-" "-"
<28>May 26 07:43:15 Message forwarded from aix.ibm.lab: rshd[random_number_1_to_999999]: Failed rsh authentication from 201.150.192.18 for local user root via remote user testuser-15
<133>May 26 07:43:17 microsoft.event.ibm.lab MSWinEventLog 1 Security 102757633 Fri May 26 07:43:17 2017 4907 Microsoft-Windows-Security-Auditing N/A N/A Success Audit testuser-98 Audit Policy Change Auditing settings on object were changed. Subject: Security ID: S-1-5-18 Account Name: testuser-98 Account Domain: us.ibm.com Logon ID: 0x1108809 Object: Object Server: Security Object Type: File Object Name: \Windows\winsxs\test.wav Handle ID: 0x3a8 Process Information: Process ID: 0xFEAC7A Process Name: C:\Windows\System32\wbengine.exe Auditing Settings: Original Security Descriptor: S:AI(AU;A;;WD) New Security Descriptor: S:ARAI(AU;SAFA;;;;WD)(AU;IDFA;B;;;WD) 683428
<13>May 26 07:43:18 microsoft.sec.ibm.lab AgentDevice=WindowsLog	AgentLogFile=Security	Source=Security	Computer=COMP-rogueUser-1	User=rogueUser-1	Domain=	EventID=680	EventIDCode=680	EventType=8	EventCategory=9	RecordNumber=497031	TimeGenerated=1495798998	TimeWritten=1495798998	Message=Logon attempt by: MICROSOFT_AUTHENTICATION_PACKAGE_V1_0 Logon account: rogueUser-1 Source Workstation: COMP-rogueUser-1 Error Code: 0x0 
<26>May 26 07:43:20 ambiron.ipangel.ibm.lab ipangel-ips: [2017-05-26 07:43:20-05] alert [Priority: 9] [119:14:1] [(http_inspect) NON-RFC DEFINED CHAR] 79.186.10.120:56948 TCP 28.251.202.25:80 br0
<190>May 26 07:43:21 arbor.pravail.ibm.lab pravail-aps: Blocked Host: Blocked host 51.18.44.104 at 10:52 by Invalid Packets using TCP/0 (Unknown) destination 138.70.75.4,URL: https://arbornetworks.pravail.test.com/chaos/
<189>May 26 07:43:23 ['9.9.9.9'] authmgr[504]: <NOTI> login <00:1c:bf:ca:2b:98  218.111.178.29 testuser-81>method=802.1x, server=TEST001, role=Authenticated Update(status 0 method 0 role 16), reauth=1800 sec
<13>May 26 07:43:25 microsoft.sec.ibm.lab AgentDevice=WindowsLog	AgentLogFile=Security	Source=Security	Computer=COMP-testuser-13	User=testuser-13	Domain=	EventID=529	EventIDCode=529	EventType=16	EventCategory=2	RecordNumber=65750	TimeGenerated=1495799005	TimeWritten=1495799005	Message=Successful Network Logon: User Name: Domain: Logon ID: (0x0,0x1081600) Logon Type: 3 Logon Process: NtLmSsp Authentication Package: NTLM Workstation Name: COMP-testuser-13 Logon GUID: - Caller User Name: - Caller Domain: - Caller Logon ID: - Caller Process ID: - Transited Services: - Source Network Address: 51.18.44.104 Source Port: 0
<38>May 26 07:43:26 syslog: ssh: failed login attempt for testuser-54 from 218.111.178.29
<33>May 26 07:43:28 threecom.switch.ibm.lab %May 26 07:43:28 2017 S9500 VTY/5/VTY_LOG:  TELNET user failed to login from 120.171.20.155(000D-88F6-60E0) on VTY0.
<189>May 26 07:43:29 ['9.9.9.9'] authmgr[504]: <NOTI> login <00:1c:bf:ca:2b:98  125.83.117.185 testuser-32>method=802.1x, server=TEST001, role=Authenticated Update(status 0 method 0 role 16), reauth=1800 sec
<25>May 26 07:43:31 ambiron.ipangel.ibm.lab ipangel-ips: [2017-05-26 07:43:31-05] alert [Priority: 9] [116:46:1] [(snort_decoder) WARNING: TCP Data Offset is less than 5!] 120.171.20.155:52872 TCP 171.87.183.95:80 br0
<129>May 26 07:43:32 barracuda.firewall.ibm.lab WF ALER METHOD_NOT_ALLOWED 125.83.117.185 59680 13.34.200.82 80 security-policy GLOBAL DENY NONE [Method="ABCD"] ABCD 13.34.200.82/ HTTP "-" ""-"" 13.34.200.82 48536 "-" "-"
<182>May 26 07:43:34 apache.httpd.ibm.lab httpd: 30.90.182.58 55.234.13.149 - - [26/May/2017:07:43:34 -0500] "ABCD / HTTP/1.1" 501 443 297
<13>May 26 07:43:36 microsoft.sec.ibm.lab AgentDevice=WindowsLog	AgentLogFile=Security	Source=Security	Computer=COMP-testuser-51	User=testuser-51	Domain=	EventID=672	EventIDCode=672	EventType=8	EventCategory=9	RecordNumber=953812	TimeGenerated=1495799016	TimeWritten=1495799016	Message=Authentication Ticket Request: User Name: testuser-51 Supplied Realm Name: us.ibm.com User ID: %{S-1-2-3-1085764} Service Name: krbtgt Service ID: %{S-3-2-1-D9830D} Ticket Options: 0x40810010 Result Code: - Ticket Encryption Type: 0x17 Pre-Authentication Type: 2 Client Address: 201.150.192.18 Certificate Issuer Name:  Certificate Serial Number:  Certificate Thumbprint: 
<27>May 26 07:43:37 ambiron.ipangel.ibm.lab ipangel-ips: [2017-05-26 07:43:37-05] alert [Priority: 9] [119:2:1] [(http_inspect) DOUBLE DECODING ATTACK] 212.2.111.4:51689 TCP 76.25.131.153:80 br0
<182>May 26 07:43:39 apache.httpd.ibm.lab httpd: 33.195.94.29 170.118.252.138 - - [26/May/2017:07:43:39 -0500] "HEAD / HTTP/1.1" 200 443 -
<83>May 26 07:43:40 apple.macosx.ibm.lab sshd[5590]: error: PAM: Authentication failure for illegal user testuser-92 from 186.38.116.172<133>May 26 07:43:42 microsoft.event.ibm.lab MSWinEventLog 1 Security 102757633 Fri May 26 07:43:42 2017 4907 Microsoft-Windows-Security-Auditing N/A N/A Success Audit testuser-52 Audit Policy Change Auditing settings on object were changed. Subject: Security ID: S-1-5-18 Account Name: testuser-52 Account Domain: us.ibm.com Logon ID: 0x1087849 Object: Object Server: Security Object Type: File Object Name: \Windows\winsxs\test.wav Handle ID: 0x3a8 Process Information: Process ID: 0x47B7DA Process Name: C:\Windows\System32\wbengine.exe Auditing Settings: Original Security Descriptor: S:AI(AU;A;;WD) New Security Descriptor: S:ARAI(AU;SAFA;;;;WD)(AU;IDFA;B;;;WD) 563755
<187>May 26 07:43:43 ['9.9.9.9'] httpd[16986]: [error] [client 201.150.192.18] Invalid URI in request \xf7vMKp`ET&\xa4\x9c\xc9\xec\xd1\xd8j\r\xce\xd9\xd4\xb3\c7
<26>May 26 07:43:45 ambiron.ipangel.ibm.lab ipangel-ips: [2017-05-26 07:43:45-05] alert [Priority: 9] [119:14:1] [(http_inspect) NON-RFC DEFINED CHAR] 120.171.20.155:57326 TCP 30.81.231.232:80 br0
<187>May 26 07:43:47 ['9.9.9.9'] httpd[16986]: [error] [client 79.186.10.120] Invalid URI in request \xf7vMKp`ET&\xa4\x9c\xc9\xec\xd1\xd8j\r\xce\xd9\xd4\xb3\c7
<182>May 26 07:43:48 apache.httpd.ibm.lab httpd: 147.198.103.40 170.211.123.174 - - [26/May/2017:07:43:48 -0500] "POST /test.php?doing_test=123 HTTP/1.0" 404 80 282
<26>May 26 07:43:50 ambiron.ipangel.ibm.lab ipangel-ips: [2017-05-26 07:43:50-05] alert [Priority: 9] [119:14:1] [(http_inspect) NON-RFC DEFINED CHAR] 201.150.192.18:64614 TCP 59.144.141.123:80 br0
<182>May 26 07:43:51 apache.httpd.ibm.lab httpd: 218.111.178.29 80.15.197.171 - - [26/May/2017:07:43:51 -0500] "ABCD / HTTP/1.1" 501 443 297
<187>May 26 07:43:53 ['9.9.9.9'] httpd[16986]: [error] [client 201.150.192.18] Invalid URI in request \xf7vMKp`ET&\xa4\x9c\xc9\xec\xd1\xd8j\r\xce\xd9\xd4\xb3\c7
<54>May 26 07:43:54 SymantecServer symantec.endpoint.ibm.lab: Security risk found,Computer name: COMP-1083681,Source: Scheduled Scan,Risk name: VirusDoctor,Occurrences: 1,c:/System Volume Information/_restore{A3F5C2A3-F289-4356-B021-1FEFEFB73CBD}/RP243/A0070465.exe,"",Actual action: Quarantined,Requested action: Quarantined,Secondary action: Left alone,Event time: 2017-05-26 07:43:54,Inserted:2017-05-26 07:43:54,End: 2017-05-26 07:43:54,Domain: Default,Group: My Company	est,Server: avp1,User: testuser-41,Source computer:  ,Source IP: 0.0.0.0
<190>May 26 07:43:56 arbor.pravail.ibm.lab pravail-aps: Blocked Host: Blocked host 33.195.94.29 10:53 by TCP Connection Reset using TCP/57878 (Unknown) destination 201.39.228.110 source port 443,URL: https://arbornetworks.pravail.test.com/chaos/
<86>May 26 07:43:57 apple.macosx.ibm.lab com.apple.SecurityServer: uid 80545 succeeded authenticating as user admin (uid 501) for right system.install.root.user.
<25>May 26 07:43:59 ambiron.ipangel.ibm.lab ipangel-ips: [2017-05-26 07:43:59-05] alert [Priority: 9] [116:46:1] [(snort_decoder) WARNING: TCP Data Offset is less than 5!] 51.18.44.104:58048 TCP 162.238.162.215:80 br0
<54>May 26 07:44:01 SymantecServer symantec.endpoint.ibm.lab: Commercial application detected,Computer name: COMP-978121,Detection type: Commercial,Application name: DameWare Development DWRCS,Application type: Remote Control,Application version: 5\~ 5\~ 0\~ 0,Hash type: SHA-1,Application hash: 4670d9eeeab7449788be3b18e9364ef0088b900e,Company name: DameWare Development LLC,File size (bytes): 208896,Sensitivity: 0,Detection score: 1,Submission recommendation: 0,Permitted application reason: 0,Source: Heuristic Scan,Risk name:  ,Occurrences: 1,DWMRCS,"DWMRCS",Actual action: Left alone,Requested action: Left alone,Secondary action: Commercial application detection,Event time: 2017-05-26 07:44:01,Inserted: 2017-05-26 07:44:01,End: 2017-05-26 07:44:01,Domain: Default,Group: My Company	est,Server: testbox,User: testuser-1,Source computer:  ,Source IP: 0.0.0.0
<25>May 26 07:44:02 ambiron.ipangel.ibm.lab ipangel-ips: [2017-05-26 07:44:02-05] alert [Priority: 9] [116:46:1] [(snort_decoder) WARNING: TCP Data Offset is less than 5!] 30.90.182.58:50877 TCP 187.193.238.29:80 br0
<133>May 26 07:44:04 microsoft.event.ibm.lab MSWinEventLog 1 Security 102757633 Fri May 26 07:44:04 2017 4907 Microsoft-Windows-Security-Auditing N/A N/A Success Audit testuser-52 Audit Policy Change Auditing settings on object were changed. Subject: Security ID: S-1-5-18 Account Name: testuser-52 Account Domain: us.ibm.com Logon ID: 0x1087849 Object: Object Server: Security Object Type: File Object Name: \Windows\winsxs\test.wav Handle ID: 0x3a8 Process Information: Process ID: 0x7E1CFA Process Name: C:\Windows\System32\wbengine.exe Auditing Settings: Original Security Descriptor: S:AI(AU;A;;WD) New Security Descriptor: S:ARAI(AU;SAFA;;;;WD)(AU;IDFA;B;;;WD) 25382
<33>May 26 07:44:05 threecom.switch.ibm.lab %May 26 07:44:05 2017 S9500 PORTAL/5/PT_LOG: Online user 179.174.48.208 changes to 14.173.215.148, we will cut it off as using traffic-acct.
<182>May 26 07:44:07 apache.httpd.ibm.lab httpd: 33.195.94.29 158.87.28.5 - - [26/May/2017:07:44:07 -0500] "HEAD / HTTP/1.1" 200 443 -
<54>May 26 07:44:08 SymantecServer symantec.endpoint.ibm.lab: DCA-EMAPROJ2,Allowed,"C:\Program Files\Common Files\Symantec Shared\ccSvcHst.exe",,Begin: 2017-05-26 07:44:08,End:2017-05-26 07:44:08,Rule: ,2528,C:/Program Files/Microsoft Virtual Server/vmh.exe,0,,C:/ProgramFiles/Common Files/Symantec Shared/ccSvcHst.exe,User: rogueUser-3,Domain: US
<13>May 26 07:44:10 microsoft.sec.ibm.lab AgentDevice=WindowsLog	AgentLogFile=Security	Source=Security	Computer=COMP-testuser-16	User=testuser-16	Domain=	EventID=540	EventIDCode=540	EventType=8	EventCategory=2	RecordNumber=13910	TimeGenerated=1495799050	TimeWritten=1495799050	Message=Successful Network Logon: User Name: Domain: Logon ID: (0x0,0x1087849) Logon Type: 3 Logon Process: NtLmSsp Authentication Package: NTLM Workstation Name: COMP-testuser-16 Logon GUID: - Caller User Name: - Caller Domain: - Caller Logon ID: - Caller Process ID: - Transited Services: - Source Network Address: 56.219.18.103 Source Port: 0
