<38>May 26 09:09:23 sshd[669355]: Failed password for invalid user testuser-22 from 59.253.23.112 port 53639 ssh2
<157>May 26 09:09:25 microsoft.event.ibm.lab MSWinEventLog	4	Security	60703	Fri May 26 09:09:25 2017	552	Security	NETWORK SERVICE	Well Known Group	Success Audit	testuser-97	Logon/Logoff		Logon attempt using explicit credentials: Logged on user:  User Name: NETWORK SERVICE  Domain: NT AUTHORITY  Logon ID: (0x0,0x1106704)  Logon GUID: -  User whose credentials were used:  Target User Name: testuser-97  Target Domain: us.ibm.com Target Logon GUID: -  Target Server Name: localhost  Target Server Info: localhost  Caller Process ID: 386262  Source Network Address: -  Source Port: - 	56794
<190>May 26 09:09:26 arbor.pravail.ibm.lab pravail-aps: Blocked Host: Blocked host 154.102.244.170 10:53 by TCP Connection Reset using TCP/50526 (Unknown) destination 151.181.197.61 source port 443,URL: https://arbornetworks.pravail.test.com/chaos/
<129>May 26 09:09:28 barracuda.firewall.ibm.lab WF ALER METHOD_NOT_ALLOWED 137.38.197.140 58736 93.128.109.103 80 security-policy GLOBAL DENY NONE [Method="ABCD"] ABCD 93.128.109.103/ HTTP "-" ""-"" 93.128.109.103 48536 "-" "-"
<13>May 26 09:09:29 checkpoint.firewall.ibm.lab 26May2017  checkpoint.firewall.ibm.lab product: SmartDefense; src: 212.2.111.4; s_port: ; dst: 216.112.129.161; service: ; proto: udp; rule: ;Attack Info: Bad domain format, illegal ASCII value in domain;Suppressed logs: 1;Total logs: 2;__policy_id_tag: product=VPN-1 & FireWall-1[db_tag={9B20E8EA-7DE6-11DD-B7D6-C0A832D11E1E};mgmt=fwmngt-zentral;date=1220906528;policy_name=Vulpine_gbl];alert: alert;attack: Invalid DNS;has_accounting: 0;i/f_dir: inbound;
<129>May 26 09:09:31 barracuda.firewall.ibm.lab WF ALER METACHARACTER_IN_PARAMETER 15.83.16.235 55423 128.1.235.142 443 security-policy GLOBAL DENY NONE [token="%00 " Parameter="article" value="../../../../../../../../etc/passwd"] GET 128.1.235.142/talkback.cgi?article=../../../../../../../../etc/passwd%00&action=view&matchview=1 HTTPS "-" ""-"" 128.1.235.142 55423 "-" "-"
<189>May 26 09:09:32 ['9.9.9.9'] authmgr[504]: <NOTI> login <00:1c:bf:ca:2b:98  218.111.178.29 testuser-36>method=802.1x, server=TEST001, role=Authenticated Update(status 0 method 0 role 16), reauth=1800 sec
<182>May 26 09:09:34 apache.httpd.ibm.lab httpd: 30.90.182.58 101.239.81.36 - - [26/May/2017:09:09:34 -0500] "GET /../../../../../../../../../../../ HTTP/1.1" 400 443 307
<25>May 26 09:09:36 ambiron.ipangel.ibm.lab ipangel-ips: [2017-05-26 09:09:36-05] alert [Priority: 9] [116:46:1] [(snort_decoder) WARNING: TCP Data Offset is less than 5!] 9.135.38.229:55117 TCP 191.88.5.59:80 br0
<187>May 26 09:09:37 ['9.9.9.9'] httpd[16986]: [error] [client 54.11.145.63] Invalid URI in request \xf7vMKp`ET&\xa4\x9c\xc9\xec\xd1\xd8j\r\xce\xd9\xd4\xb3\c7
<149>May 26 09:09:39 apple.macosx.ibm.lab sudo:    testuser-6 : TTY=ttyp1 ; PWD=/Users/admin ; USER=admin ;COMMAND=/bin/bash
<25>May 26 09:09:40 ambiron.ipangel.ibm.lab ipangel-ips: [2017-05-26 09:09:40-05] alert [Priority: 9] [116:46:1] [(snort_decoder) WARNING: TCP Data Offset is less than 5!] 136.38.97.190:52538 TCP 101.44.55.82:80 br0
<86>May 26 09:09:42 apple.macosx.ibm.lab com.apple.SecurityServer: authinternal authenticated user testuser-67 (uid 101425).
<129>May 26 09:09:43 barracuda.firewall.ibm.lab WF ALER SLASH_DOT_IN_URL 218.111.178.29 61505 220.48.120.12 443 security-policy GLOBAL DENY NONE ["-"] GET 220.48.120.12/themes/default/css/.htaccess HTTPS "-" ""-"" 220.48.120.12 44428 "-" "-"
<182>May 26 09:09:45 apache.httpd.ibm.lab httpd: 136.38.97.190 89.160.132.79 - - [26/May/2017:09:09:45 -0500] "HEAD / HTTP/1.1" 200 443 -
<189>May 26 09:09:46 ['9.9.9.9'] authmgr[504]: <NOTI> login <00:1c:bf:ca:2b:98  83.87.204.105 testuser-69>method=802.1x, server=TEST001, role=Authenticated Update(status 0 method 0 role 16), reauth=1800 sec
<133>May 26 09:09:48 microsoft.event.ibm.lab MSWinEventLog 1 Security 102757633 Fri May 26 09:09:48 2017 4907 Microsoft-Windows-Security-Auditing N/A N/A Success Audit testuser-69 Audit Policy Change Auditing settings on object were changed. Subject: Security ID: S-1-5-18 Account Name: testuser-69 Account Domain: us.ibm.com Logon ID: 0x1104601 Object: Object Server: Security Object Type: File Object Name: \Windows\winsxs\test.wav Handle ID: 0x3a8 Process Information: Process ID: 0xFF7460 Process Name: C:\Windows\System32\wbengine.exe Auditing Settings: Original Security Descriptor: S:AI(AU;A;;WD) New Security Descriptor: S:ARAI(AU;SAFA;;;;WD)(AU;IDFA;B;;;WD) 670638
<129>May 26 09:09:50 barracuda.firewall.ibm.lab WF ALER CROSS_SITE_SCRIPTING_IN_URL 79.186.10.120 64870 66.235.184.213 80 security-policy GLOBAL DENY NONE [type="cross-site-scripting" pattern="script-tag" token="<script>"] GET 66.235.184.213/<script>alert(53416)</script> HTTP "-" ""-"" 66.235.184.213 48541 "-" "-"
<38>May 26 09:09:51 sshd[109261]: Invalid user testuser-41 from 99.114.59.238
<182>May 26 09:09:53 apache.httpd.ibm.lab httpd: 136.38.97.190 152.58.66.222 - - [26/May/2017:09:09:53 -0500] "TRACE / HTTP/1.0" 403 443 272
<190>May 26 09:09:54 arbor.pravail.ibm.lab pravail-aps: Blocked Host: Blocked host 201.150.192.18 at 10:52 by Invalid Packets using TCP/0 (Unknown) destination 52.189.63.137,URL: https://arbornetworks.pravail.test.com/chaos/
<38>May 26 09:09:56 sshd[557504]: Failed none for invalid user testuser-21 from 202.207.224.25 port 63968 ssh2
<189>May 26 09:09:57 ['9.9.9.9'] authmgr[504]: <NOTI> login <00:1c:bf:ca:2b:98  30.90.182.58 testuser-93>method=802.1x, server=TEST001, role=Authenticated Update(status 0 method 0 role 16), reauth=1800 sec
<26>May 26 09:09:59 ambiron.ipangel.ibm.lab ipangel-ips: [2017-05-26 09:09:59-05] alert [Priority: 9] [119:14:1] [(http_inspect) NON-RFC DEFINED CHAR] 132.146.155.198:52238 TCP 106.227.72.223:80 br0
<54>May 26 09:10:01 SymantecServer symantec.endpoint.ibm.lab: CNC2PSY9D1,Allowed,Sysfer exception: .\RegParamEngine.cpp 1152 Failed to read value DeviceInstance from key \Registry\Machine\SYSTEM\CurrentControlSet\Control\DeviceClasses\{53f56307-b6bf-11d0-94f2-00a0c91efb8b}\##?#IDE#DiskWDC_WD800JD-75MSA3______________________10.01E04#5&,Sysfer exception,Begin: 2017-05-26 09:10:01,End: 2017-05-26 09:10:01,Rule: Sysfer exception,3592,C:/Program Files/Cisco Systems/CSAgent/bin/okclient.exe,0,,,User: testuser-35,Domain: US
<189>May 26 09:10:02 ['9.9.9.9'] authmgr[504]: <NOTI> login <00:1c:bf:ca:2b:98  212.2.111.4 testuser-95>method=802.1x, server=TEST001, role=Authenticated Update(status 0 method 0 role 16), reauth=1800 sec
<13>May 26 09:10:04 checkpoint.firewall.ibm.lab 26May2017 reject checkpoint.firewall.ibm.lab product: VPN-1 & FireWall-1; src: 165.11.95.213; s_port: 65241; dst: 173.20.129.54; service: 113; proto: tcp; rule: 14;SmartDefense profile: Default_Protection;__policy_id_tag: product=VPN-1 & FireWall-1[db_tag={25E5B8F6-79E7-11DD-941A-C0A832D00C0C};mgmt=fwmngt-wuv;date=1220466957;policy_name=rhino_gbl];has_accounting: 0;i/f_dir: inbound;i/f_name: eth-s2/s1p1c0;rule_uid: {9C96B325-D976-4A30-8685-9ED61018A6E7};service_id: gident;
<190>May 26 09:10:05 arbor.pravail.ibm.lab pravail-aps: Blocked Host: Blocked host 125.83.117.185 10:53 by TCP Connection Reset using TCP/55994 (Unknown) destination 39.67.7.114 source port 443,URL: https://arbornetworks.pravail.test.com/chaos/
<189>May 26 09:10:07 ['9.9.9.9'] authmgr[504]: <NOTI> login <00:1c:bf:ca:2b:98  137.38.197.140 rogueUser-2>method=802.1x, server=TEST001, role=Authenticated Update(status 0 method 0 role 16), reauth=1800 sec
<133>May 26 09:10:08 microsoft.event.ibm.lab MSWinEventLog 1 Security 102757633 Fri May 26 09:10:08 2017 4907 Microsoft-Windows-Security-Auditing N/A N/A Success Audit testuser-69 Audit Policy Change Auditing settings on object were changed. Subject: Security ID: S-1-5-18 Account Name: testuser-69 Account Domain: us.ibm.com Logon ID: 0x1104601 Object: Object Server: Security Object Type: File Object Name: \Windows\winsxs\test.wav Handle ID: 0x3a8 Process Information: Process ID: 0xF2EF72 Process Name: C:\Windows\System32\wbengine.exe Auditing Settings: Original Security Descriptor: S:AI(AU;A;;WD) New Security Descriptor: S:ARAI(AU;SAFA;;;;WD)(AU;IDFA;B;;;WD) 912969
<14>May 26 09:10:10 Message forwarded from aix.ibm.lab: ftp[random_number_1_to_999999]: ftp: EXPORT user testuser-77, host 201.83.216.63, local test_script.sh, remote test_script.sh.
<33>May 26 09:10:12 threecom.switch.ibm.lab %May 26 09:10:12 2017 S9500 PORTAL/5/PT_LOG: Online user 213.39.172.85 changes to 94.204.66.216, we will cut it off as using traffic-acct.
<129>May 26 09:10:13 barracuda.firewall.ibm.lab WF ALER METACHARACTER_IN_PARAMETER 15.83.16.235 52174 47.217.230.9 443 security-policy GLOBAL DENY NONE [token="%00 " Parameter="article" value="../../../../../../../../etc/passwd"] GET 47.217.230.9/talkback.cgi?article=../../../../../../../../etc/passwd%00&action=view&matchview=1 HTTPS "-" ""-"" 47.217.230.9 52174 "-" "-"
<13>May 26 09:10:15 checkpoint.firewall.ibm.lab 26May2017 reject checkpoint.firewall.ibm.lab product: VPN-1 & FireWall-1; src: 218.111.178.29; s_port: 54533; dst: 214.77.84.159; service: 113; proto: tcp; rule: 14;SmartDefense profile: Default_Protection;__policy_id_tag: product=VPN-1 & FireWall-1[db_tag={25E5B8F6-79E7-11DD-941A-C0A832D00C0C};mgmt=fwmngt-wuv;date=1220466957;policy_name=rhino_gbl];has_accounting: 0;i/f_dir: inbound;i/f_name: eth-s2/s1p1c0;rule_uid: {9C96B325-D976-4A30-8685-9ED61018A6E7};service_id: gident;
<13>May 26 09:10:16 checkpoint.firewall.ibm.lab 26May2017 reject checkpoint.firewall.ibm.lab product: VPN-1 & FireWall-1; src: 120.171.20.155; s_port: 53167; dst: 173.117.171.198; service: 113; proto: tcp; rule: 14;SmartDefense profile: Default_Protection;__policy_id_tag: product=VPN-1 & FireWall-1[db_tag={25E5B8F6-79E7-11DD-941A-C0A832D00C0C};mgmt=fwmngt-wuv;date=1220466957;policy_name=rhino_gbl];has_accounting: 0;i/f_dir: inbound;i/f_name: eth-s2/s1p1c0;rule_uid: {9C96B325-D976-4A30-8685-9ED61018A6E7};service_id: gident;
<133>May 26 09:10:18 microsoft.event.ibm.lab MSWinEventLog 1 Security 102757633 Fri May 26 09:10:18 2017 4907 Microsoft-Windows-Security-Auditing N/A N/A Success Audit testuser-36 Audit Policy Change Auditing settings on object were changed. Subject: Security ID: S-1-5-18 Account Name: testuser-36 Account Domain: us.ibm.com Logon ID: 0x1092025 Object: Object Server: Security Object Type: File Object Name: \Windows\winsxs\test.wav Handle ID: 0x3a8 Process Information: Process ID: 0x93DC8A Process Name: C:\Windows\System32\wbengine.exe Auditing Settings: Original Security Descriptor: S:AI(AU;A;;WD) New Security Descriptor: S:ARAI(AU;SAFA;;;;WD)(AU;IDFA;B;;;WD) 90426
<13>May 26 09:10:19 checkpoint.firewall.ibm.lab 26May2017  checkpoint.firewall.ibm.lab product: martDefense; src: 9.135.38.229; s_port: ; dst: 187.88.145.246; service: ; proto: udp; rule: ;Attack Info: Response packet too long, potential buffer overflow;Suppressed logs: 5;Total logs: 6;__policy_id_tag: product=VPN-1 & FireWall-1[db_tag={321A4EE6-7DEA-11DD-BFAA-C0A832822626};mgmt=fwmngt05;date=1220908070;policy_name=KillerWhale_gbl];alert: alert;attack: Invalid DNS;has_accounting: 0;i/f_dir: inbound;
<26>May 26 09:10:21 ambiron.ipangel.ibm.lab ipangel-ips: [2017-05-26 09:10:21-05] alert [Priority: 9] [119:14:1] [(http_inspect) NON-RFC DEFINED CHAR] 120.171.20.155:55541 TCP 121.223.73.163:80 br0
<187>May 26 09:10:22 ['9.9.9.9'] httpd[16986]: [error] [client 201.150.192.18] Invalid URI in request \xf7vMKp`ET&\xa4\x9c\xc9\xec\xd1\xd8j\r\xce\xd9\xd4\xb3\c7
<38>May 26 09:10:24 sshd[435911]: Invalid user rogueUser-1 from 165.60.185.171
<157>May 26 09:10:26 microsoft.event.ibm.lab MSWinEventLog	4	Security	60703	Fri May 26 09:10:26 2017	552	Security	NETWORK SERVICE	Well Known Group	Success Audit	testuser-85	Logon/Logoff		Logon attempt using explicit credentials: Logged on user:  User Name: NETWORK SERVICE  Domain: NT AUTHORITY  Logon ID: (0x0,0x1100401)  Logon GUID: -  User whose credentials were used:  Target User Name: testuser-85  Target Domain: us.ibm.com Target Logon GUID: -  Target Server Name: localhost  Target Server Info: localhost  Caller Process ID: 193952  Source Network Address: -  Source Port: - 	56794
<33>May 26 09:10:27 threecom.switch.ibm.lab %May 26 09:10:27 2017 S9500 FTPS/5/USEROUT: User testuser-91(79.186.10.120) logged out
<86>May 26 09:10:29 apple.macosx.ibm.lab com.apple.SecurityServer: uid 111940 succeeded authenticating as user admin (uid 501) for right system.install.root.user.
<33>May 26 09:10:30 threecom.switch.ibm.lab %May 26 09:10:30 2017 S9500 VTY/5/VTY_LOG:  TELNET user failed to login from 15.83.16.235(000D-88F6-60E0) on VTY0.
<190>May 26 09:10:32 arbor.pravail.ibm.lab pravail-aps: Blocked Host: Blocked host 79.186.10.120 at 10:52 by Invalid Packets using TCP/0 (Unknown) destination 176.14.215.252,URL: https://arbornetworks.pravail.test.com/chaos/
<83>May 26 09:10:33 apple.macosx.ibm.lab sshd[5590]: error: PAM: Authentication failure for illegal user testuser-87 from 98.101.145.128<190>May 26 09:10:35 arbor.pravail.ibm.lab pravail-aps: Blocked Host: Blocked host 120.171.20.155 at 10:53 by Malformed HTTP Filtering using TCP/80 (HTTP) destination 182.32.26.133 source port 49350,URL: https://arbornetworks.pravail.test.com/chaos/
<189>May 26 09:10:37 ['9.9.9.9'] authmgr[504]: <NOTI> login <00:1c:bf:ca:2b:98  64.87.88.123 testuser-10>method=802.1x, server=TEST001, role=Authenticated Update(status 0 method 0 role 16), reauth=1800 sec
<13>May 26 09:10:38 microsoft.sec.ibm.lab AgentDevice=WindowsLog	AgentLogFile=Security	Source=Security	Computer=COMP-testuser-8	User=testuser-8	Domain=	EventID=680	EventIDCode=680	EventType=8	EventCategory=9	RecordNumber=205767	TimeGenerated=1495804238	TimeWritten=1495804238	Message=Logon attempt by: MICROSOFT_AUTHENTICATION_PACKAGE_V1_0 Logon account: testuser-8 Source Workstation: COMP-testuser-8 Error Code: 0x0 
<129>May 26 09:10:40 barracuda.firewall.ibm.lab WF ALER CROSS_SITE_SCRIPTING_IN_URL 83.87.204.105 63694 153.192.185.115 80 security-policy GLOBAL DENY NONE [type="cross-site-scripting" pattern="script-tag" token="<script>"] GET 153.192.185.115/<script>alert(53416)</script> HTTP "-" ""-"" 153.192.185.115 48541 "-" "-"
<86>May 26 09:10:41 apple.macosx.ibm.lab com.apple.SecurityServer: uid 116160 succeeded authenticating as user admin (uid 501) for right system.install.root.user.
<133>May 26 09:10:43 microsoft.event.ibm.lab MSWinEventLog 1 Security 102757633 Fri May 26 09:10:43 2017 4907 Microsoft-Windows-Security-Auditing N/A N/A Success Audit testuser-9 Audit Policy Change Auditing settings on object were changed. Subject: Security ID: S-1-5-18 Account Name: testuser-9 Account Domain: us.ibm.com Logon ID: 0x994009 Object: Object Server: Security Object Type: File Object Name: \Windows\winsxs\test.wav Handle ID: 0x3a8 Process Information: Process ID: 0xF886B0 Process Name: C:\Windows\System32\wbengine.exe Auditing Settings: Original Security Descriptor: S:AI(AU;A;;WD) New Security Descriptor: S:ARAI(AU;SAFA;;;;WD)(AU;IDFA;B;;;WD) 150860
<38>May 26 09:10:44 sshd[838624]: Address 99.123.52.13 maps to test.ibm.com, but this does not map back to the address - POSSIBLE BREAK-IN ATTEMPT!
<13>May 26 09:10:46 checkpoint.firewall.ibm.lab 26May2017 drop checkpoint.firewall.ibm.lab product: VPN-1 &FireWall-1; src: 218.111.178.29; s_port: 49578; dst: 9.204.96.147; service: 138; proto: udp; rule: 323;SmartDefense profile: Default_Protection;__policy_id_tag: product=VPN-1 & FireWall-1[db_tag={48AB8350-7F61-11DD-887D-C0A832D16C6C};mgmt=fwmngt-zentral;date=1221069169;policy_name=Chameleon_gbl];has_accounting: 0;i/f_dir: inbound;i/f_name: eth-s1/s1p1c0;rule_uid: {21D66174-0E19-4B77-A1E9-3473FE991088};
<129>May 26 09:10:48 barracuda.firewall.ibm.lab WF ALER CROSS_SITE_SCRIPTING_IN_URL 201.150.192.18 53662 5.45.96.89 80 security-policy GLOBAL DENY NONE [type="cross-site-scripting" pattern="script-tag" token="<script>"] GET 5.45.96.89/<script>alert(53416)</script> HTTP "-" ""-"" 5.45.96.89 48541 "-" "-"
<13>May 26 09:10:49 checkpoint.firewall.ibm.lab 26May2017  checkpoint.firewall.ibm.lab product: SmartDefense; src: 165.11.95.213; s_port: ; dst: 37.142.121.206; service: ; proto: udp; rule: ;Attack Info: Out-of-state DNS reply;Suppressed logs: 143;Total logs: 144;__policy_id_tag: product=VPN-1 & FireWall-1[db_tag={321A4EE6-7DEA-11DD-BFAA-C0A832822626};mgmt=fwmngt05;date=1220908070;policy_name=KillerWhale_gbl];alert: alert;attack: Invalid DNS;has_accounting: 0;i/f_dir: inbound;
<38>May 26 09:10:51 sshd[random_number_1_to_999999]: Accepted publickey for rogueUser-5 from 15.83.16.235 port 50825 ssh2
<13>May 26 09:10:52 microsoft.sec.ibm.lab AgentDevice=WindowsLog	AgentLogFile=Security	Source=Security	Computer=COMP-testuser-51	User=testuser-51	Domain=	EventID=672	EventIDCode=672	EventType=8	EventCategory=9	RecordNumber=420574	TimeGenerated=1495804252	TimeWritten=1495804252	Message=Authentication Ticket Request: User Name: testuser-51 Supplied Realm Name: us.ibm.com User ID: %{S-1-2-3-1085764} Service Name: krbtgt Service ID: %{S-3-2-1-A800A4} Ticket Options: 0x40810010 Result Code: - Ticket Encryption Type: 0x17 Pre-Authentication Type: 2 Client Address: 201.150.192.18 Certificate Issuer Name:  Certificate Serial Number:  Certificate Thumbprint: 
<26>May 26 09:10:54 ambiron.ipangel.ibm.lab ipangel-ips: [2017-05-26 09:10:54-05] alert [Priority: 9] [119:14:1] [(http_inspect) NON-RFC DEFINED CHAR] 20.135.51.253:49691 TCP 33.177.98.46:80 br0
<33>May 26 09:10:55 threecom.switch.ibm.lab %May 26 09:10:55 2017 S9500 FTPS/5/USEROUT: User testuser-23(125.83.117.185) logged out
<182>May 26 09:10:57 apache.httpd.ibm.lab httpd: 218.111.178.29 182.247.182.100 - - [26/May/2017:09:10:57 -0500] "GET / HTTP/1.0" 200 443 9334
<13>May 26 09:10:58 checkpoint.firewall.ibm.lab 26May2017 drop checkpoint.firewall.ibm.lab product: VPN-1 &FireWall-1; src: 218.111.178.29; s_port: 64087; dst: 162.223.146.198; service: 138; proto: udp; rule: 323;SmartDefense profile: Default_Protection;__policy_id_tag: product=VPN-1 & FireWall-1[db_tag={48AB8350-7F61-11DD-887D-C0A832D16C6C};mgmt=fwmngt-zentral;date=1221069169;policy_name=Chameleon_gbl];has_accounting: 0;i/f_dir: inbound;i/f_name: eth-s1/s1p1c0;rule_uid: {21D66174-0E19-4B77-A1E9-3473FE991088};
<27>May 26 09:11:00 ambiron.ipangel.ibm.lab ipangel-ips: [2017-05-26 09:11:00-05] alert [Priority: 9] [119:2:1] [(http_inspect) DOUBLE DECODING ATTACK] 136.38.97.190:49841 TCP 20.105.53.219:80 br0
<187>May 26 09:11:02 ['9.9.9.9'] httpd[16986]: [error] [client 201.150.192.18] Invalid URI in request \xf7vMKp`ET&\xa4\x9c\xc9\xec\xd1\xd8j\r\xce\xd9\xd4\xb3\c7
<33>May 26 09:11:03 threecom.switch.ibm.lab %May 26 09:11:03 2017 S9500 PORTAL/5/PT_LOG: Online user 33.195.94.29 changes to 53.212.1.50, we will cut it off as using traffic-acct.
<157>May 26 09:11:05 microsoft.event.ibm.lab MSWinEventLog	4	Security	60703	Fri May 26 09:11:05 2017	552	Security	NETWORK SERVICE	Well Known Group	Success Audit	testuser-47	Logon/Logoff		Logon attempt using explicit credentials: Logged on user:  User Name: NETWORK SERVICE  Domain: NT AUTHORITY  Logon ID: (0x0,0x1096209)  Logon GUID: -  User whose credentials were used:  Target User Name: testuser-47  Target Domain: us.ibm.com Target Logon GUID: -  Target Server Name: localhost  Target Server Info: localhost  Caller Process ID: 870488  Source Network Address: -  Source Port: - 	56794
<187>May 26 09:11:06 ['9.9.9.9'] httpd[16986]: [error] [client 218.111.178.29] Invalid URI in request \xf7vMKp`ET&\xa4\x9c\xc9\xec\xd1\xd8j\r\xce\xd9\xd4\xb3\c7
<190>May 26 09:11:08 arbor.pravail.ibm.lab pravail-aps: Blocked Host: Blocked host 165.11.95.213 at 10:53 by Malformed HTTP Filtering using TCP/80 (HTTP) destination 13.204.126.14 source port 49258,URL: https://arbornetworks.pravail.test.com/chaos/
<26>May 26 09:11:09 ambiron.ipangel.ibm.lab ipangel-ips: [2017-05-26 09:11:09-05] alert [Priority: 9] [119:14:1] [(http_inspect) NON-RFC DEFINED CHAR] 137.38.197.140:51160 TCP 82.93.41.76:80 br0
<25>May 26 09:11:11 ambiron.ipangel.ibm.lab ipangel-ips: [2017-05-26 09:11:11-05] alert [Priority: 9] [116:46:1] [(snort_decoder) WARNING: TCP Data Offset is less than 5!] 218.111.178.29:55030 TCP 216.170.236.190:80 br0
<86>May 26 09:11:13 apple.macosx.ibm.lab com.apple.SecurityServer: uid 90960 succeeded authenticating as user admin (uid 501) for right system.install.root.user.
<54>May 26 09:11:14 SymantecServer symantec.endpoint.ibm.lab: Security risk found,Computer name: COMP-1094116,Source: Scheduled Scan,Risk name: VirusDoctor,Occurrences: 1,c:/System Volume Information/_restore{A3F5C2A3-F289-4356-B021-1FEFEFB73CBD}/RP243/A0070465.exe,"",Actual action: Quarantined,Requested action: Quarantined,Secondary action: Left alone,Event time: 2017-05-26 09:11:14,Inserted:2017-05-26 09:11:14,End: 2017-05-26 09:11:14,Domain: Default,Group: My Company	est,Server: avp1,User: testuser-19,Source computer:  ,Source IP: 0.0.0.0
<13>May 26 09:11:16 checkpoint.firewall.ibm.lab 26May2017  checkpoint.firewall.ibm.lab product: SmartDefense; src: 125.83.117.185; s_port: ; dst: 7.175.171.47; service: ; proto: udp; rule: ;Attack Info: Bad domain format, illegal ASCII value in domain;Suppressed logs: 1;Total logs: 2;__policy_id_tag: product=VPN-1 & FireWall-1[db_tag={9B20E8EA-7DE6-11DD-B7D6-C0A832D11E1E};mgmt=fwmngt-zentral;date=1220906528;policy_name=Vulpine_gbl];alert: alert;attack: Invalid DNS;has_accounting: 0;i/f_dir: inbound;
<190>May 26 09:11:17 arbor.pravail.ibm.lab pravail-aps: Blocked Host: Blocked host 56.219.18.103 at 10:53 by Malformed HTTP Filtering using TCP/80 (HTTP) destination 177.79.169.193 source port 56647,URL: https://arbornetworks.pravail.test.com/chaos/
<190>May 26 09:11:19 arbor.pravail.ibm.lab pravail-aps: Blocked Host: Blocked host 79.186.10.120 at 10:52 by Invalid Packets using TCP/0 (Unknown) destination 107.203.96.48,URL: https://arbornetworks.pravail.test.com/chaos/
<86>May 26 09:11:20 apple.macosx.ibm.lab sshd[5590]: Failed password for invalid user testuser-40 from 118.10.89.181 port 52892 ssh2
<25>May 26 09:11:22 ambiron.ipangel.ibm.lab ipangel-ips: [2017-05-26 09:11:22-05] alert [Priority: 9] [116:46:1] [(snort_decoder) WARNING: TCP Data Offset is less than 5!] 79.186.10.120:49192 TCP 18.25.68.129:80 br0
<187>May 26 09:11:24 ['9.9.9.9'] httpd[16986]: [error] [client 165.11.95.213] Invalid URI in request \xf7vMKp`ET&\xa4\x9c\xc9\xec\xd1\xd8j\r\xce\xd9\xd4\xb3\c7
<25>May 26 09:11:25 ambiron.ipangel.ibm.lab ipangel-ips: [2017-05-26 09:11:25-05] alert [Priority: 9] [116:46:1] [(snort_decoder) WARNING: TCP Data Offset is less than 5!] 136.38.97.190:56470 TCP 30.22.108.147:80 br0
<25>May 26 09:11:27 ambiron.ipangel.ibm.lab ipangel-ips: [2017-05-26 09:11:27-05] alert [Priority: 9] [116:46:1] [(snort_decoder) WARNING: TCP Data Offset is less than 5!] 30.90.182.58:56806 TCP 112.108.77.194:80 br0
<33>May 26 09:11:28 threecom.switch.ibm.lab %May 26 09:11:28 2017 S9500 PORTAL/5/PT_LOG: Online user 125.83.117.185 changes to 104.25.81.206, we will cut it off as using traffic-acct.
<33>May 26 09:11:30 threecom.switch.ibm.lab %May 26 09:11:30 2017 S9500 FTPS/5/USERIN: User testuser-90(218.111.178.29) login succeeded
<129>May 26 09:11:31 barracuda.firewall.ibm.lab WF ALER SLASH_DOT_IN_URL 33.195.94.29 55917 139.177.174.70 443 security-policy GLOBAL DENY NONE ["-"] GET 139.177.174.70/themes/default/css/.htaccess HTTPS "-" ""-"" 139.177.174.70 44428 "-" "-"
<182>May 26 09:11:33 apache.httpd.ibm.lab httpd: 218.111.178.29 51.48.108.24 - - [26/May/2017:09:11:33 -0500] "ABCD / HTTP/1.1" 501 443 297
<27>May 26 09:11:34 ambiron.ipangel.ibm.lab ipangel-ips: [2017-05-26 09:11:34-05] alert [Priority: 9] [119:2:1] [(http_inspect) DOUBLE DECODING ATTACK] 212.2.111.4:60736 TCP 108.85.112.97:80 br0
<29>May 26 09:11:36 Message forwarded from aix.ibm.lab: telnetd[14317004090276]: telnet from ::ffff:125.83.117.185 on /dev/pts/1
<83>May 26 09:11:38 apple.macosx.ibm.lab sshd[5590]: error: PAM: Authentication failure for illegal user rogueUser-1 from 22.117.106.7<13>May 26 09:11:39 checkpoint.firewall.ibm.lab 26May2017 reject checkpoint.firewall.ibm.lab product: VPN-1 & FireWall-1; src: 136.38.97.190; s_port: 51739; dst: 23.90.30.70; service: 113; proto: tcp; rule: 14;SmartDefense profile: Default_Protection;__policy_id_tag: product=VPN-1 & FireWall-1[db_tag={25E5B8F6-79E7-11DD-941A-C0A832D00C0C};mgmt=fwmngt-wuv;date=1220466957;policy_name=rhino_gbl];has_accounting: 0;i/f_dir: inbound;i/f_name: eth-s2/s1p1c0;rule_uid: {9C96B325-D976-4A30-8685-9ED61018A6E7};service_id: gident;
<129>May 26 09:11:41 barracuda.firewall.ibm.lab WF ALER METHOD_NOT_ALLOWED 99.123.52.13 64580 209.76.31.248 80 security-policy GLOBAL DENY NONE [Method="ABCD"] ABCD 209.76.31.248/ HTTP "-" ""-"" 209.76.31.248 48536 "-" "-"
<86>May 26 09:11:42 apple.macosx.ibm.lab com.apple.SecurityServer: uid 109833 succeeded authenticating as user admin (uid 501) for right system.install.root.user.
<182>May 26 09:11:44 apache.httpd.ibm.lab httpd: 79.186.10.120 155.48.41.152 - - [26/May/2017:09:11:44 -0500] "TRACE / HTTP/1.0" 403 443 272
<190>May 26 09:11:45 arbor.pravail.ibm.lab pravail-aps: Blocked Host: Blocked host 113.146.67.20 10:53 by TCP Connection Reset using TCP/60839 (Unknown) destination 193.28.135.226 source port 443,URL: https://arbornetworks.pravail.test.com/chaos/
<25>May 26 09:11:47 ambiron.ipangel.ibm.lab ipangel-ips: [2017-05-26 09:11:47-05] alert [Priority: 9] [116:46:1] [(snort_decoder) WARNING: TCP Data Offset is less than 5!] 44.111.228.125:57418 TCP 13.186.203.83:80 br0
<189>May 26 09:11:49 ['9.9.9.9'] authmgr[504]: <NOTI> login <00:1c:bf:ca:2b:98  30.90.182.58 testuser-66>method=802.1x, server=TEST001, role=Authenticated Update(status 0 method 0 role 16), reauth=1800 sec
<13>May 26 09:11:50 checkpoint.firewall.ibm.lab 26May2017 drop checkpoint.firewall.ibm.lab product: VPN-1 &FireWall-1; src: 154.102.244.170; s_port: 56774; dst: 107.105.209.33; service: 138; proto: udp; rule: 323;SmartDefense profile: Default_Protection;__policy_id_tag: product=VPN-1 & FireWall-1[db_tag={48AB8350-7F61-11DD-887D-C0A832D16C6C};mgmt=fwmngt-zentral;date=1221069169;policy_name=Chameleon_gbl];has_accounting: 0;i/f_dir: inbound;i/f_name: eth-s1/s1p1c0;rule_uid: {21D66174-0E19-4B77-A1E9-3473FE991088};
<25>May 26 09:11:52 ambiron.ipangel.ibm.lab ipangel-ips: [2017-05-26 09:11:52-05] alert [Priority: 9] [116:46:1] [(snort_decoder) WARNING: TCP Data Offset is less than 5!] 218.111.178.29:56878 TCP 208.155.166.153:80 br0
<182>May 26 09:11:53 apache.httpd.ibm.lab httpd: 79.186.10.120 39.99.35.41 - - [26/May/2017:09:11:53 -0500] "ABCD / HTTP/1.1" 501 443 297
<187>May 26 09:11:55 ['9.9.9.9'] httpd[16986]: [error] [client 20.135.51.253] Invalid URI in request \xf7vMKp`ET&\xa4\x9c\xc9\xec\xd1\xd8j\r\xce\xd9\xd4\xb3\c7
<129>May 26 09:11:56 barracuda.firewall.ibm.lab WF ALER CROSS_SITE_SCRIPTING_IN_URL 125.83.117.185 63283 114.203.85.146 80 security-policy GLOBAL DENY NONE [type="cross-site-scripting" pattern="script-tag" token="<script>"] GET 114.203.85.146/<script>alert(53416)</script> HTTP "-" ""-"" 114.203.85.146 48541 "-" "-"
<33>May 26 09:11:58 threecom.switch.ibm.lab %May 26 09:11:58 2017 S9500 RTA/3/Failed to get user traffic: Failed to get traffic of user 165.11.95.213 on board 6
<13>May 26 09:12:00 checkpoint.firewall.ibm.lab 26May2017  checkpoint.firewall.ibm.lab product: SmartDefense; src: 132.146.155.198; s_port: ; dst: 171.67.247.41; service: ; proto: icmp; rule: ;Attack Info: Echo request too big;Suppressed logs: 1;Total logs: 2;__policy_id_tag: product=VPN-1 & FireWall-1[db_tag={B5A7057E-7F61-11DD-AA43-C0A832D12424};mgmt=fwmngt-zentral;date=1221069352;policy_name=Spider_gbl];alert: alert;attack: Large ping;has_accounting: 0;i/f_dir: inbound;
<54>May 26 09:12:01 SymantecServer symantec.endpoint.ibm.lab: Commercial application detected,Computer name: COMP-1096209,Detection type: Commercial,Application name: DameWare Development DWRCS,Application type: Remote Control,Application version: 5\~ 5\~ 0\~ 0,Hash type: SHA-1,Application hash: 4670d9eeeab7449788be3b18e9364ef0088b900e,Company name: DameWare Development LLC,File size (bytes): 208896,Sensitivity: 0,Detection score: 1,Submission recommendation: 0,Permitted application reason: 0,Source: Heuristic Scan,Risk name:  ,Occurrences: 1,DWMRCS,"DWMRCS",Actual action: Left alone,Requested action: Left alone,Secondary action: Commercial application detection,Event time: 2017-05-26 09:12:01,Inserted: 2017-05-26 09:12:01,End: 2017-05-26 09:12:01,Domain: Default,Group: My Company	est,Server: testbox,User: testuser-29,Source computer:  ,Source IP: 0.0.0.0
<33>May 26 09:12:03 threecom.switch.ibm.lab %May 26 09:12:03 2017 S9500 FTPS/5/USEROUT: User testuser-60(201.150.192.18) logged out
<33>May 26 09:12:04 threecom.switch.ibm.lab %May 26 09:12:04 2017 S9500 RTA/3/Failed to get user traffic: Failed to get traffic of user 79.186.10.120 on board 6
<86>May 26 09:12:06 apple.macosx.ibm.lab sshd[5590]: Failed password for invalid user testuser-97 from 107.98.81.88 port 61840 ssh2
<26>May 26 09:12:07 ambiron.ipangel.ibm.lab ipangel-ips: [2017-05-26 09:12:07-05] alert [Priority: 9] [119:14:1] [(http_inspect) NON-RFC DEFINED CHAR] 54.11.145.63:50043 TCP 145.183.105.155:80 br0
<13>May 26 09:12:09 checkpoint.firewall.ibm.lab 26May2017  checkpoint.firewall.ibm.lab product: SmartDefense; src: 44.111.228.125; s_port: ; dst: 8.175.191.148; service: ; proto: udp; rule: ;Attack Info: Out-of-state DNS reply;Suppressed logs: 143;Total logs: 144;__policy_id_tag: product=VPN-1 & FireWall-1[db_tag={321A4EE6-7DEA-11DD-BFAA-C0A832822626};mgmt=fwmngt05;date=1220908070;policy_name=KillerWhale_gbl];alert: alert;attack: Invalid DNS;has_accounting: 0;i/f_dir: inbound;
<13>May 26 09:12:10 checkpoint.firewall.ibm.lab 26May2017  checkpoint.firewall.ibm.lab product: SmartDefense; src: 201.150.192.18; s_port: ; dst: 189.207.48.108; service: ; proto: udp; rule: ;Attack Info: Bad domain format, illegal ASCII value in domain;Suppressed logs: 1;Total logs: 2;__policy_id_tag: product=VPN-1 & FireWall-1[db_tag={9B20E8EA-7DE6-11DD-B7D6-C0A832D11E1E};mgmt=fwmngt-zentral;date=1220906528;policy_name=Vulpine_gbl];alert: alert;attack: Invalid DNS;has_accounting: 0;i/f_dir: inbound;
<149>May 26 09:12:12 apple.macosx.ibm.lab sudo:    rogueUser-2 : TTY=ttyp1 ; PWD=/Users/admin ; USER=admin ;COMMAND=/bin/bash
<182>May 26 09:12:14 apache.httpd.ibm.lab httpd: 137.38.197.140 96.38.39.111 - - [26/May/2017:09:12:14 -0500] "CONNECT 10.35.79.71:443 HTTP/1.1" 405 443 297
<182>May 26 09:12:15 apache.httpd.ibm.lab httpd: 212.2.111.4 175.10.85.213 - - [26/May/2017:09:12:15 -0500] "GET / HTTP/1.0" 200 443 9334
<54>May 26 09:12:17 SymantecServer symantec.endpoint.ibm.lab: Security risk found,Computer name: COMP-1102500,Source: Scheduled Scan,Risk name: VirusDoctor,Occurrences: 1,c:/System Volume Information/_restore{A3F5C2A3-F289-4356-B021-1FEFEFB73CBD}/RP243/A0070465.exe,"",Actual action: Quarantined,Requested action: Quarantined,Secondary action: Left alone,Event time: 2017-05-26 09:12:17,Inserted:2017-05-26 09:12:17,End: 2017-05-26 09:12:17,Domain: Default,Group: My Company	est,Server: avp1,User: testuser-95,Source computer:  ,Source IP: 0.0.0.0
<133>May 26 09:12:18 microsoft.event.ibm.lab MSWinEventLog 1 Security 102757633 Fri May 26 09:12:18 2017 4907 Microsoft-Windows-Security-Auditing N/A N/A Success Audit testuser-57 Audit Policy Change Auditing settings on object were changed. Subject: Security ID: S-1-5-18 Account Name: testuser-57 Account Domain: us.ibm.com Logon ID: 0x1098304 Object: Object Server: Security Object Type: File Object Name: \Windows\winsxs\test.wav Handle ID: 0x3a8 Process Information: Process ID: 0xB17FD2 Process Name: C:\Windows\System32\wbengine.exe Auditing Settings: Original Security Descriptor: S:AI(AU;A;;WD) New Security Descriptor: S:ARAI(AU;SAFA;;;;WD)(AU;IDFA;B;;;WD) 241390
<54>May 26 09:12:20 SymantecServer symantec.endpoint.ibm.lab: Commercial application detected,Computer name: COMP-1085764,Detection type: Commercial,Application name: DameWare Development DWRCS,Application type: Remote Control,Application version: 5\~ 5\~ 0\~ 0,Hash type: SHA-1,Application hash: 4670d9eeeab7449788be3b18e9364ef0088b900e,Company name: DameWare Development LLC,File size (bytes): 208896,Sensitivity: 0,Detection score: 1,Submission recommendation: 0,Permitted application reason: 0,Source: Heuristic Scan,Risk name:  ,Occurrences: 1,DWMRCS,"DWMRCS",Actual action: Left alone,Requested action: Left alone,Secondary action: Commercial application detection,Event time: 2017-05-26 09:12:20,Inserted: 2017-05-26 09:12:20,End: 2017-05-26 09:12:20,Domain: Default,Group: My Company	est,Server: testbox,User: testuser-24,Source computer:  ,Source IP: 0.0.0.0
<13>May 26 09:12:21 checkpoint.firewall.ibm.lab 26May2017  checkpoint.firewall.ibm.lab product: martDefense; src: 201.150.192.18; s_port: ; dst: 101.144.251.203; service: ; proto: udp; rule: ;Attack Info: Response packet too long, potential buffer overflow;Suppressed logs: 5;Total logs: 6;__policy_id_tag: product=VPN-1 & FireWall-1[db_tag={321A4EE6-7DEA-11DD-BFAA-C0A832822626};mgmt=fwmngt05;date=1220908070;policy_name=KillerWhale_gbl];alert: alert;attack: Invalid DNS;has_accounting: 0;i/f_dir: inbound;
<26>May 26 09:12:23 ambiron.ipangel.ibm.lab ipangel-ips: [2017-05-26 09:12:23-05] alert [Priority: 9] [119:14:1] [(http_inspect) NON-RFC DEFINED CHAR] 132.146.155.198:58533 TCP 173.251.137.39:80 br0
<54>May 26 09:12:25 SymantecServer symantec.endpoint.ibm.lab: Security risk found,Computer name: COMP-1094116,Source: Scheduled Scan,Risk name: VirusDoctor,Occurrences: 1,c:/System Volume Information/_restore{A3F5C2A3-F289-4356-B021-1FEFEFB73CBD}/RP243/A0070465.exe,"",Actual action: Quarantined,Requested action: Quarantined,Secondary action: Left alone,Event time: 2017-05-26 09:12:25,Inserted:2017-05-26 09:12:25,End: 2017-05-26 09:12:25,Domain: Default,Group: My Company	est,Server: avp1,User: testuser-28,Source computer:  ,Source IP: 0.0.0.0
<28>May 26 09:12:26 Message forwarded from aix.ibm.lab: rshd[random_number_1_to_999999]: Failed rsh authentication from 136.38.97.190 for local user root via remote user testuser-17
<54>May 26 09:12:28 SymantecServer symantec.endpoint.ibm.lab: CNC2PSY9D1,Allowed,Sysfer exception: .\RegParamEngine.cpp 1152 Failed to read value DeviceInstance from key \Registry\Machine\SYSTEM\CurrentControlSet\Control\DeviceClasses\{53f56307-b6bf-11d0-94f2-00a0c91efb8b}\##?#IDE#DiskWDC_WD800JD-75MSA3______________________10.01E04#5&,Sysfer exception,Begin: 2017-05-26 09:12:28,End: 2017-05-26 09:12:28,Rule: Sysfer exception,3592,C:/Program Files/Cisco Systems/CSAgent/bin/okclient.exe,0,,,User: testuser-94,Domain: US
<157>May 26 09:12:29 microsoft.event.ibm.lab MSWinEventLog	4	Security	60703	Fri May 26 09:12:29 2017	552	Security	NETWORK SERVICE	Well Known Group	Success Audit	testuser-32	Logon/Logoff		Logon attempt using explicit credentials: Logged on user:  User Name: NETWORK SERVICE  Domain: NT AUTHORITY  Logon ID: (0x0,0x1083681)  Logon GUID: -  User whose credentials were used:  Target User Name: testuser-32  Target Domain: us.ibm.com Target Logon GUID: -  Target Server Name: localhost  Target Server Info: localhost  Caller Process ID: 450004  Source Network Address: -  Source Port: - 	56794
<14>May 26 09:12:31 Message forwarded from aix.ibm.lab: rcp[random_number_1_to_999999]: EXPORT file to host aix.ibm.lab cmd is rcp -t /root, local user testuser-65.
<33>May 26 09:12:32 threecom.switch.ibm.lab %May 26 09:12:32 2017 S9500 FTPS/5/USERIN: User testuser-48(30.90.182.58) login succeeded
<37>May 26 09:12:34 Message forwarded from aix.ibm.lab: su: from testuser-98 to root at /dev/pts/4
<86>May 26 09:12:36 apple.macosx.ibm.lab sshd[5590]: Failed password for invalid user testuser-54 from 69.241.170.81 port 61789 ssh2
<38>May 26 09:12:37 sshd[450045]: Failed keyboard-interactive for invalid user rogueUser-1 from 33.195.94.29 port 65393 ssh2
<25>May 26 09:12:39 ambiron.ipangel.ibm.lab ipangel-ips: [2017-05-26 09:12:39-05] alert [Priority: 9] [116:46:1] [(snort_decoder) WARNING: TCP Data Offset is less than 5!] 201.150.192.18:53991 TCP 96.2.77.39:80 br0
<26>May 26 09:12:40 ambiron.ipangel.ibm.lab ipangel-ips: [2017-05-26 09:12:40-05] alert [Priority: 9] [119:14:1] [(http_inspect) NON-RFC DEFINED CHAR] 165.11.95.213:51861 TCP 135.117.218.82:80 br0
<33>May 26 09:12:42 threecom.switch.ibm.lab %May 26 09:12:42 2017 S9500 PORTAL/5/PT_LOG: Online user 165.11.95.213 changes to 51.87.251.3, we will cut it off as using traffic-acct.
<54>May 26 09:12:43 SymantecServer symantec.endpoint.ibm.lab: testbox-abc,[SID: 21590] P2P Edonkey Ping Message detected.  Traffic has been allowed from this application: C:\Program Files\easyMule\emule.exe,Local: 136.38.97.190,Local: 00218696B978,Remote: ,Remote: 138.225.9.89,Remote: 000000000000,Outbound,OTHERS,Intrusion ID: 0,Begin: 2017-05-26 09:12:43,End: 2017-05-26 09:12:43,Occurrences: 1,Application: C:/Program Files/easyMule/emule.exe,Location: Default,User: testuser-17,Domain: us.ibm.com
<33>May 26 09:12:45 threecom.switch.ibm.lab %May 26 09:12:45 2017 S9500 RTA/3/Failed to start accounting: Failed to start traffic accounting for user 16.74.199.104 on board 6
<25>May 26 09:12:46 ambiron.ipangel.ibm.lab ipangel-ips: [2017-05-26 09:12:46-05] alert [Priority: 9] [116:46:1] [(snort_decoder) WARNING: TCP Data Offset is less than 5!] 56.219.18.103:51312 TCP 120.164.5.50:80 br0
<129>May 26 09:12:48 barracuda.firewall.ibm.lab WF ALER CROSS_SITE_SCRIPTING_IN_PARAM 218.111.178.29 63915 130.83.78.14 443 security-policy GLOBAL DENY NONE [type="cross-site-scripting" pattern="script-tag" token="<script>" Parameter="url" value="<script>alert(5341)</script>"] GET 130.83.78.14/redirect.asp?url=<script>alert(5341)</script> HTTPS "-" ""-"" 130.83.78.14 59845 "-" "-"
<190>May 26 09:12:50 arbor.pravail.ibm.lab pravail-aps: Blocked Host: Blocked host 165.11.95.213 10:53 by TCP Connection Reset using TCP/62215 (Unknown) destination 209.101.171.96 source port 443,URL: https://arbornetworks.pravail.test.com/chaos/
<182>May 26 09:12:51 apache.httpd.ibm.lab httpd: 51.18.44.104 88.229.72.113 - - [26/May/2017:09:12:51 -0500] "TRACE / HTTP/1.0" 403 443 272
<83>May 26 09:12:53 apple.macosx.ibm.lab sshd[5590]: error: PAM: Authentication failure for illegal user testuser-96 from 23.214.130.130<190>May 26 09:12:54 arbor.pravail.ibm.lab pravail-aps: Blocked Host: Blocked host 79.186.10.120 10:53 by TCP Connection Reset using TCP/65174 (Unknown) destination 164.81.221.162 source port 443,URL: https://arbornetworks.pravail.test.com/chaos/
<133>May 26 09:12:56 microsoft.event.ibm.lab MSWinEventLog 1 Security 102757633 Fri May 26 09:12:56 2017 4907 Microsoft-Windows-Security-Auditing N/A N/A Success Audit testuser-36 Audit Policy Change Auditing settings on object were changed. Subject: Security ID: S-1-5-18 Account Name: testuser-36 Account Domain: us.ibm.com Logon ID: 0x1092025 Object: Object Server: Security Object Type: File Object Name: \Windows\winsxs\test.wav Handle ID: 0x3a8 Process Information: Process ID: 0x4BDF6D Process Name: C:\Windows\System32\wbengine.exe Auditing Settings: Original Security Descriptor: S:AI(AU;A;;WD) New Security Descriptor: S:ARAI(AU;SAFA;;;;WD)(AU;IDFA;B;;;WD) 391772
<27>May 26 09:12:57 ambiron.ipangel.ibm.lab ipangel-ips: [2017-05-26 09:12:57-05] alert [Priority: 9] [119:2:1] [(http_inspect) DOUBLE DECODING ATTACK] 79.186.10.120:54358 TCP 180.229.112.90:80 br0
<190>May 26 09:12:59 arbor.pravail.ibm.lab pravail-aps: Blocked Host: Blocked host 165.11.95.213 at 10:52 by Invalid Packets using TCP/0 (Unknown) destination 79.32.13.181,URL: https://arbornetworks.pravail.test.com/chaos/
<129>May 26 09:13:01 barracuda.firewall.ibm.lab WF ALER CROSS_SITE_SCRIPTING_IN_URL 56.219.18.103 64659 186.241.84.98 80 security-policy GLOBAL DENY NONE [type="cross-site-scripting" pattern="script-tag" token="<script>"] GET 186.241.84.98/<script>alert(53416)</script> HTTP "-" ""-"" 186.241.84.98 48541 "-" "-"
<13>May 26 09:13:02 checkpoint.firewall.ibm.lab 26May2017  checkpoint.firewall.ibm.lab product: SmartDefense; src: 202.207.224.25; s_port: ; dst: 120.216.164.18; service: ; proto: udp; rule: ;Attack Info: Bad domain format, illegal ASCII value in domain;Suppressed logs: 1;Total logs: 2;__policy_id_tag: product=VPN-1 & FireWall-1[db_tag={9B20E8EA-7DE6-11DD-B7D6-C0A832D11E1E};mgmt=fwmngt-zentral;date=1220906528;policy_name=Vulpine_gbl];alert: alert;attack: Invalid DNS;has_accounting: 0;i/f_dir: inbound;
<179>May 26 09:13:04 apache.httpd.ibm.lab httpd[5570]: [ID 702911 local6.error] [error] [client 212.2.111.4] Certificate Verification: Error (10): certificate has expired
<189>May 26 09:13:05 ['9.9.9.9'] authmgr[504]: <NOTI> login <00:1c:bf:ca:2b:98  128.234.158.118 rogueUser-4>method=802.1x, server=TEST001, role=Authenticated Update(status 0 method 0 role 16), reauth=1800 sec
<13>May 26 09:13:07 checkpoint.firewall.ibm.lab 26May2017  checkpoint.firewall.ibm.lab product: martDefense; src: 167.227.124.53; s_port: ; dst: 144.159.244.229; service: ; proto: udp; rule: ;Attack Info: Response packet too long, potential buffer overflow;Suppressed logs: 5;Total logs: 6;__policy_id_tag: product=VPN-1 & FireWall-1[db_tag={321A4EE6-7DEA-11DD-BFAA-C0A832822626};mgmt=fwmngt05;date=1220908070;policy_name=KillerWhale_gbl];alert: alert;attack: Invalid DNS;has_accounting: 0;i/f_dir: inbound;
<26>May 26 09:13:08 ambiron.ipangel.ibm.lab ipangel-ips: [2017-05-26 09:13:08-05] alert [Priority: 9] [119:14:1] [(http_inspect) NON-RFC DEFINED CHAR] 79.186.10.120:64615 TCP 201.10.165.248:80 br0
<33>May 26 09:13:10 threecom.switch.ibm.lab %May 26 09:13:10 2017 S9500 VTY/5/VTY_LOG:  TELNET user failed to login from 218.111.178.29(000D-88F6-60E0) on VTY0.
<189>May 26 09:13:12 ['9.9.9.9'] authmgr[504]: <NOTI> login <00:1c:bf:ca:2b:98  120.171.20.155 testuser-67>method=802.1x, server=TEST001, role=Authenticated Update(status 0 method 0 role 16), reauth=1800 sec
<13>May 26 09:13:13 microsoft.sec.ibm.lab AgentDevice=WindowsLog	AgentLogFile=Security	Source=Security	Computer=COMP-testuser-14	User=testuser-14	Domain=	EventID=673	EventIDCode=673	EventType=8	EventCategory=9	RecordNumber=111386	TimeGenerated=1495804393	TimeWritten=1495804393	Message=Service Ticket Request:  User Name: testuser-14@us.ibm.com User Domain: us.ibm.com Service Name: MAIL$  Service ID: %{S-3-2-1-FA423D} Ticket Options:  0x40810000   Ticket Encryption Type: 0x17 Client Address: 125.83.117.185 Failure Code: - LogonGUID: {FA423D-f005ba11-ba5eba11} Transited Services: - 
<129>May 26 09:13:15 barracuda.firewall.ibm.lab WF ALER METHOD_NOT_ALLOWED 120.171.20.155 52644 19.150.37.205 80 security-policy GLOBAL DENY NONE [Method="ABCD"] ABCD 19.150.37.205/ HTTP "-" ""-"" 19.150.37.205 48536 "-" "-"
<83>May 26 09:13:16 apple.macosx.ibm.lab sshd[5590]: error: PAM: Authentication failure for illegal user testuser-50 from 19.148.46.154<13>May 26 09:13:18 microsoft.sec.ibm.lab AgentDevice=WindowsLog	AgentLogFile=Security	Source=Security	Computer=COMP-testuser-15	User=testuser-15	Domain=	EventID=576	EventIDCode=576	EventType=8	EventCategory=2	RecordNumber=517371	TimeGenerated=1495804398	TimeWritten=1495804398	Message=Special privileges assigned to new logon: User Name: testuser-15 Domain: us.ibm.com Logon ID: (0x0,0x1085764) Privileges: SeSecurityPrivilege SeBackupPrivilege SeRestorePrivilege SeTakeOwnershipPrivilege SeDebugPrivilege SeSystemEnvironmentPrivilege SeLoadDriverPrivilege SeImpersonatePrivilege
<86>May 26 09:13:19 apple.macosx.ibm.lab sshd[5590]: Failed password for invalid user testuser-54 from 218.111.178.29 port 58244 ssh2
<190>May 26 09:13:21 arbor.pravail.ibm.lab pravail-aps: Blocked Host: Blocked host 20.135.51.253 at 10:52 by Invalid Packets using TCP/0 (Unknown) destination 191.166.42.132,URL: https://arbornetworks.pravail.test.com/chaos/
<14>May 26 09:13:22 Message forwarded from aix.ibm.lab: ftp[random_number_1_to_999999]: ftp: EXPORT user testuser-67, host 120.171.20.155, local test_script.sh, remote test_script.sh.
<189>May 26 09:13:24 ['9.9.9.9'] authmgr[504]: <NOTI> login <00:1c:bf:ca:2b:98  165.11.95.213 testuser-56>method=802.1x, server=TEST001, role=Authenticated Update(status 0 method 0 role 16), reauth=1800 sec
<33>May 26 09:13:26 threecom.switch.ibm.lab %May 26 09:13:26 2017 S9500 RTA/3/Failed to start accounting: Failed to start traffic accounting for user 51.18.44.104 on board 6
<27>May 26 09:13:27 ambiron.ipangel.ibm.lab ipangel-ips: [2017-05-26 09:13:27-05] alert [Priority: 9] [119:2:1] [(http_inspect) DOUBLE DECODING ATTACK] 15.83.16.235:61705 TCP 143.120.50.227:80 br0
<129>May 26 09:13:29 barracuda.firewall.ibm.lab WF ALER SLASH_DOT_IN_URL 136.38.97.190 50705 45.230.154.83 443 security-policy GLOBAL DENY NONE ["-"] GET 45.230.154.83/themes/default/css/.htaccess HTTPS "-" ""-"" 45.230.154.83 44428 "-" "-"
<33>May 26 09:13:30 threecom.switch.ibm.lab %May 26 09:13:30 2017 S9500 VTY/5/VTY_LOG:  TELNET user failed to login from 20.135.51.253(000D-88F6-60E0) on VTY0.
<182>May 26 09:13:32 apache.httpd.ibm.lab httpd: 20.135.51.253 191.72.208.250 - - [26/May/2017:09:13:32 -0500] "GET /<script>alert(53416)</script> HTTP/1.1" 404 443 320
<13>May 26 09:13:33 microsoft.sec.ibm.lab AgentDevice=WindowsLog	AgentLogFile=Security	Source=Security	Computer=COMP-testuser-13	User=testuser-13	Domain=	EventID=672	EventIDCode=672	EventType=16	EventCategory=9	RecordNumber=756488	TimeGenerated=1495804413	TimeWritten=1495804413	Message=Authentication Ticket Request: User Name: testuser-13 Supplied Realm Name: us.ibm.com User ID: %{S-1-2-3-1081600} Service Name: krbtgt Service ID: %{S-3-2-1-E7D9F9} Ticket Options: 0x40810010 Result Code: - Ticket Encryption Type: 0x17 Pre-Authentication Type: 2 Client Address: 51.18.44.104 Certificate Issuer Name:  Certificate Serial Number:  Certificate Thumbprint: 
<54>May 26 09:13:35 SymantecServer symantec.endpoint.ibm.lab: testbox-abc,[SID: 21590] P2P Edonkey Ping Message detected.  Traffic has been allowed from this application: C:\Program Files\easyMule\emule.exe,Local: 20.135.51.253,Local: 00218696B978,Remote: ,Remote: 2.96.213.200,Remote: 000000000000,Outbound,OTHERS,Intrusion ID: 0,Begin: 2017-05-26 09:13:35,End: 2017-05-26 09:13:35,Occurrences: 1,Application: C:/Program Files/easyMule/emule.exe,Location: Default,User: rogueUser-3,Domain: us.ibm.com
<54>May 26 09:13:37 SymantecServer symantec.endpoint.ibm.lab: Potential risk found,Computer name: COMP-978121,Detection type: Heuristic,Application name: (Unknown),Application type: Trojan Worm,Application version: ,Hash type: SHA-1,Application hash: 72c874f212a18944ff56f774bfe7252346b93f8e,Company name: ,File size (bytes): 301568,Sensitivity: 0,Detection score: 40,Submission recommendation:1,Permitted application reason: 0,Source: Heuristic Scan,Risk name: ,Occurrences: 1,c:\claims\claims32.exe,"",Actual action: Left alone,Requested action: Left alone,Secondary action: Left alone,Event time: 2017-05-26 09:13:37,Inserted:2017-05-26 09:13:37,End:  2017-05-26 09:13:37,Domain: Default,Group: My Company\LTC\Desktops,Server: crasesssmc01,User: testuser-1,Source computer: ,Source IP: 0.0.0.0
<25>May 26 09:13:38 ambiron.ipangel.ibm.lab ipangel-ips: [2017-05-26 09:13:38-05] alert [Priority: 9] [116:46:1] [(snort_decoder) WARNING: TCP Data Offset is less than 5!] 201.150.192.18:59398 TCP 153.188.113.74:80 br0
<129>May 26 09:13:40 barracuda.firewall.ibm.lab WF ALER SLASH_DOT_IN_URL 56.219.18.103 49860 177.136.228.27 443 security-policy GLOBAL DENY NONE ["-"] GET 177.136.228.27/themes/default/css/.htaccess HTTPS "-" ""-"" 177.136.228.27 44428 "-" "-"
<189>May 26 09:13:41 ['9.9.9.9'] authmgr[504]: <NOTI> login <00:1c:bf:ca:2b:98  79.186.10.120 testuser-46>method=802.1x, server=TEST001, role=Authenticated Update(status 0 method 0 role 16), reauth=1800 sec
<129>May 26 09:13:43 barracuda.firewall.ibm.lab WF ALER CROSS_SITE_SCRIPTING_IN_URL 120.171.20.155 55710 117.141.24.190 80 security-policy GLOBAL DENY NONE [type="cross-site-scripting" pattern="script-tag" token="<script>"] GET 117.141.24.190/<script>alert(53416)</script> HTTP "-" ""-"" 117.141.24.190 48541 "-" "-"
<83>May 26 09:13:44 apple.macosx.ibm.lab com.apple.SecurityServer: authinternal failed to authenticate user testuser-23.
<133>May 26 09:13:46 microsoft.event.ibm.lab MSWinEventLog 1 Security 102757633 Fri May 26 09:13:46 2017 4907 Microsoft-Windows-Security-Auditing N/A N/A Success Audit testuser-83 Audit Policy Change Auditing settings on object were changed. Subject: Security ID: S-1-5-18 Account Name: testuser-83 Account Domain: us.ibm.com Logon ID: 0x1096209 Object: Object Server: Security Object Type: File Object Name: \Windows\winsxs\test.wav Handle ID: 0x3a8 Process Information: Process ID: 0xDABBCE Process Name: C:\Windows\System32\wbengine.exe Auditing Settings: Original Security Descriptor: S:AI(AU;A;;WD) New Security Descriptor: S:ARAI(AU;SAFA;;;;WD)(AU;IDFA;B;;;WD) 536858
<14>May 26 09:13:48 Message forwarded from aix.ibm.lab: ftp[random_number_1_to_999999]: ftp: IMPORT user testuser-80, host 136.38.97.190, local test_file, remote /data/savedata/test_file.dat.
<157>May 26 09:13:49 microsoft.event.ibm.lab MSWinEventLog	4	Security	60703	Fri May 26 09:13:49 2017	552	Security	NETWORK SERVICE	Well Known Group	Success Audit	testuser-30	Logon/Logoff		Logon attempt using explicit credentials: Logged on user:  User Name: NETWORK SERVICE  Domain: NT AUTHORITY  Logon ID: (0x0,0x1079521)  Logon GUID: -  User whose credentials were used:  Target User Name: testuser-30  Target Domain: us.ibm.com Target Logon GUID: -  Target Server Name: localhost  Target Server Info: localhost  Caller Process ID: 991666  Source Network Address: -  Source Port: - 	56794
