<86>May 26 07:52:09 apple.macosx.ibm.lab com.apple.SecurityServer: uid 88873 succeeded authenticating as user admin (uid 501) for right system.install.root.user.
<54>May 26 07:52:11 SymantecServer symantec.endpoint.ibm.lab: Commercial application detected,Computer name: COMP-1098304,Detection type: Commercial,Application name: DameWare Development DWRCS,Application type: Remote Control,Application version: 5\~ 5\~ 0\~ 0,Hash type: SHA-1,Application hash: 4670d9eeeab7449788be3b18e9364ef0088b900e,Company name: DameWare Development LLC,File size (bytes): 208896,Sensitivity: 0,Detection score: 1,Submission recommendation: 0,Permitted application reason: 0,Source: Heuristic Scan,Risk name:  ,Occurrences: 1,DWMRCS,"DWMRCS",Actual action: Left alone,Requested action: Left alone,Secondary action: Commercial application detection,Event time: 2017-05-26 07:52:11,Inserted: 2017-05-26 07:52:11,End: 2017-05-26 07:52:11,Domain: Default,Group: My Company	est,Server: testbox,User: testuser-48,Source computer:  ,Source IP: 0.0.0.0
<25>May 26 07:52:12 ambiron.ipangel.ibm.lab ipangel-ips: [2017-05-26 07:52:12-05] alert [Priority: 9] [116:46:1] [(snort_decoder) WARNING: TCP Data Offset is less than 5!] 30.90.182.58:64925 TCP 33.175.85.93:80 br0
<182>May 26 07:52:14 apache.httpd.ibm.lab httpd: 136.38.97.190 48.105.40.203 - - [26/May/2017:07:52:14 -0500] "ABCD / HTTP/1.1" 501 443 297
<54>May 26 07:52:15 SymantecServer symantec.endpoint.ibm.lab: Security risk found,Computer name: COMP-1098304,Source: Scheduled Scan,Risk name: VirusDoctor,Occurrences: 1,c:/System Volume Information/_restore{A3F5C2A3-F289-4356-B021-1FEFEFB73CBD}/RP243/A0070465.exe,"",Actual action: Quarantined,Requested action: Quarantined,Secondary action: Left alone,Event time: 2017-05-26 07:52:15,Inserted:2017-05-26 07:52:15,End: 2017-05-26 07:52:15,Domain: Default,Group: My Company	est,Server: avp1,User: testuser-93,Source computer:  ,Source IP: 0.0.0.0
<38>May 26 07:52:17 sshd[random_number_1_to_999999]: Accepted keyboard-interactive/pam for testuser-11 from 132.146.155.198 port 60050 ssh2
<34>May 26 07:52:17 Message forwarded from aix.ibm.lab: su: BAD SU from testuser-11 to root at /dev/pts/3
<187>May 26 07:52:18 ['9.9.9.9'] httpd[16986]: [error] [client 120.171.20.155] Invalid URI in request \xf7vMKp`ET&\xa4\x9c\xc9\xec\xd1\xd8j\r\xce\xd9\xd4\xb3\c7
<13>May 26 07:52:20 microsoft.sec.ibm.lab AgentDevice=WindowsLog	AgentLogFile=Security	Source=Security	Computer=COMP-testuser-88	User=testuser-88	Domain=	EventID=680	EventIDCode=680	EventType=16	EventCategory=9	RecordNumber=869352	TimeGenerated=1495799540	TimeWritten=1495799540	Message=Logon attempt by: MICROSOFT_AUTHENTICATION_PACKAGE_V1_0 Logon account: testuser-88 Source Workstation: COMP-testuser-88 Error Code: 0x0 
<25>May 26 07:52:21 ambiron.ipangel.ibm.lab ipangel-ips: [2017-05-26 07:52:21-05] alert [Priority: 9] [116:46:1] [(snort_decoder) WARNING: TCP Data Offset is less than 5!] 136.38.97.190:56699 TCP 73.245.201.26:80 br0
<187>May 26 07:52:23 ['9.9.9.9'] httpd[16986]: [error] [client 83.87.204.105] Invalid URI in request \xf7vMKp`ET&\xa4\x9c\xc9\xec\xd1\xd8j\r\xce\xd9\xd4\xb3\c7
<157>May 26 07:52:25 microsoft.event.ibm.lab MSWinEventLog	4	Security	60703	Fri May 26 07:52:25 2017	552	Security	NETWORK SERVICE	Well Known Group	Success Audit	testuser-13	Logon/Logoff		Logon attempt using explicit credentials: Logged on user:  User Name: NETWORK SERVICE  Domain: NT AUTHORITY  Logon ID: (0x0,0x1081600)  Logon GUID: -  User whose credentials were used:  Target User Name: testuser-13  Target Domain: us.ibm.com Target Logon GUID: -  Target Server Name: localhost  Target Server Info: localhost  Caller Process ID: 291668  Source Network Address: -  Source Port: - 	56794
<182>May 26 07:52:26 apache.httpd.ibm.lab httpd: 202.207.224.25 176.215.53.218 - - [26/May/2017:07:52:26 -0500] "GET / HTTP/1.0" 200 443 9334
<133>May 26 07:52:28 microsoft.event.ibm.lab MSWinEventLog 1 Security 102757633 Fri May 26 07:52:28 2017 4907 Microsoft-Windows-Security-Auditing N/A N/A Success Audit testuser-56 Audit Policy Change Auditing settings on object were changed. Subject: Security ID: S-1-5-18 Account Name: testuser-56 Account Domain: us.ibm.com Logon ID: 0x1096209 Object: Object Server: Security Object Type: File Object Name: \Windows\winsxs\test.wav Handle ID: 0x3a8 Process Information: Process ID: 0xBD457D Process Name: C:\Windows\System32\wbengine.exe Auditing Settings: Original Security Descriptor: S:AI(AU;A;;WD) New Security Descriptor: S:ARAI(AU;SAFA;;;;WD)(AU;IDFA;B;;;WD) 878120
<14>May 26 07:52:29 Message forwarded from aix.ibm.lab: rcp[random_number_1_to_999999]: EXPORT file to host aix.ibm.lab cmd is rcp -t /root, local user testuser-94.
<13>May 26 07:52:31 checkpoint.firewall.ibm.lab 26May2017  checkpoint.firewall.ibm.lab product: martDefense; src: 125.83.117.185; s_port: ; dst: 102.220.130.70; service: ; proto: udp; rule: ;Attack Info: Response packet too long, potential buffer overflow;Suppressed logs: 5;Total logs: 6;__policy_id_tag: product=VPN-1 & FireWall-1[db_tag={321A4EE6-7DEA-11DD-BFAA-C0A832822626};mgmt=fwmngt05;date=1220908070;policy_name=KillerWhale_gbl];alert: alert;attack: Invalid DNS;has_accounting: 0;i/f_dir: inbound;
<190>May 26 07:52:32 arbor.pravail.ibm.lab pravail-aps: Blocked Host: Blocked host 154.102.244.170 at 10:52 by Invalid Packets using TCP/0 (Unknown) destination 136.238.85.26,URL: https://arbornetworks.pravail.test.com/chaos/
<13>May 26 07:52:34 microsoft.sec.ibm.lab AgentDevice=WindowsLog	AgentLogFile=Security	Source=Security	Computer=COMP-testuser-75	User=testuser-75	Domain=	EventID=675	EventIDCode=675	EventType=16	EventCategory=9	RecordNumber=857418	TimeGenerated=1495799554	TimeWritten=1495799554	Message=Pre-authentication failed: User Name: testuser-75 User ID: %{S-1-2-3-1098304} Service Name: krbtgt Pre-Authentication Type: 0x2 Failure Code: 0x18 Client Address: 30.90.182.58 
<13>May 26 07:52:36 microsoft.sec.ibm.lab AgentDevice=WindowsLog	AgentLogFile=Security	Source=Security	Computer=COMP-testuser-44	User=testuser-44	Domain=	EventID=529	EventIDCode=529	EventType=16	EventCategory=2	RecordNumber=637294	TimeGenerated=1495799556	TimeWritten=1495799556	Message=Successful Network Logon: User Name: Domain: Logon ID: (0x0,0x1089936) Logon Type: 3 Logon Process: NtLmSsp Authentication Package: NTLM Workstation Name: COMP-testuser-44 Logon GUID: - Caller User Name: - Caller Domain: - Caller Logon ID: - Caller Process ID: - Transited Services: - Source Network Address: 38.149.127.111 Source Port: 0
<190>May 26 07:52:37 arbor.pravail.ibm.lab pravail-aps: Blocked Host: Blocked host 51.18.44.104 10:53 by TCP Connection Reset using TCP/53050 (Unknown) destination 181.97.147.99 source port 443,URL: https://arbornetworks.pravail.test.com/chaos/
<190>May 26 07:52:39 arbor.pravail.ibm.lab pravail-aps: Blocked Host: Blocked host 99.123.52.13 at 10:52 by Invalid Packets using TCP/0 (Unknown) destination 68.169.229.115,URL: https://arbornetworks.pravail.test.com/chaos/
<33>May 26 07:52:40 threecom.switch.ibm.lab %May 26 07:52:40 2017 S9500 FTPS/5/USERIN: User testuser-33(201.150.192.18) login succeeded
<13>May 26 07:52:42 checkpoint.firewall.ibm.lab 26May2017 reject checkpoint.firewall.ibm.lab product: VPN-1 & FireWall-1; src: 120.171.20.155; s_port: 50523; dst: 79.197.187.48; service: 113; proto: tcp; rule: 14;SmartDefense profile: Default_Protection;__policy_id_tag: product=VPN-1 & FireWall-1[db_tag={25E5B8F6-79E7-11DD-941A-C0A832D00C0C};mgmt=fwmngt-wuv;date=1220466957;policy_name=rhino_gbl];has_accounting: 0;i/f_dir: inbound;i/f_name: eth-s2/s1p1c0;rule_uid: {9C96B325-D976-4A30-8685-9ED61018A6E7};service_id: gident;
<13>May 26 07:52:43 checkpoint.firewall.ibm.lab 26May2017 reject checkpoint.firewall.ibm.lab product: VPN-1 & FireWall-1; src: 213.39.172.85; s_port: 64567; dst: 194.251.49.217; service: 113; proto: tcp; rule: 14;SmartDefense profile: Default_Protection;__policy_id_tag: product=VPN-1 & FireWall-1[db_tag={25E5B8F6-79E7-11DD-941A-C0A832D00C0C};mgmt=fwmngt-wuv;date=1220466957;policy_name=rhino_gbl];has_accounting: 0;i/f_dir: inbound;i/f_name: eth-s2/s1p1c0;rule_uid: {9C96B325-D976-4A30-8685-9ED61018A6E7};service_id: gident;
<83>May 26 07:52:45 apple.macosx.ibm.lab com.apple.SecurityServer: authinternal failed to authenticate user testuser-28.
<13>May 26 07:52:47 checkpoint.firewall.ibm.lab 26May2017 reject checkpoint.firewall.ibm.lab product: VPN-1 & FireWall-1; src: 20.135.51.253; s_port: 54405; dst: 209.162.160.120; service: 113; proto: tcp; rule: 14;SmartDefense profile: Default_Protection;__policy_id_tag: product=VPN-1 & FireWall-1[db_tag={25E5B8F6-79E7-11DD-941A-C0A832D00C0C};mgmt=fwmngt-wuv;date=1220466957;policy_name=rhino_gbl];has_accounting: 0;i/f_dir: inbound;i/f_name: eth-s2/s1p1c0;rule_uid: {9C96B325-D976-4A30-8685-9ED61018A6E7};service_id: gident;
<33>May 26 07:52:48 threecom.switch.ibm.lab %May 26 07:52:48 2017 S9500 VTY/5/VTY_LOG:  TELNET user failed to login from 212.2.111.4(000D-88F6-60E0) on VTY0.
<26>May 26 07:52:50 ambiron.ipangel.ibm.lab ipangel-ips: [2017-05-26 07:52:50-05] alert [Priority: 9] [119:14:1] [(http_inspect) NON-RFC DEFINED CHAR] 83.87.204.105:63883 TCP 214.198.222.158:80 br0
<54>May 26 07:52:51 SymantecServer symantec.endpoint.ibm.lab: DCA-EMAPROJ2,Allowed,"C:\Program Files\Common Files\Symantec Shared\ccSvcHst.exe",,Begin: 2017-05-26 07:52:51,End:2017-05-26 07:52:51,Rule: ,2528,C:/Program Files/Microsoft Virtual Server/vmh.exe,0,,C:/ProgramFiles/Common Files/Symantec Shared/ccSvcHst.exe,User: testuser-68,Domain: US
<129>May 26 07:52:53 barracuda.firewall.ibm.lab WF ALER CROSS_SITE_SCRIPTING_IN_URL 165.11.95.213 64696 67.155.98.248 80 security-policy GLOBAL DENY NONE [type="cross-site-scripting" pattern="script-tag" token="<script>"] GET 67.155.98.248/<script>alert(53416)</script> HTTP "-" ""-"" 67.155.98.248 48541 "-" "-"
<13>May 26 07:52:54 checkpoint.firewall.ibm.lab 26May2017 reject checkpoint.firewall.ibm.lab product: VPN-1 & FireWall-1; src: 125.83.117.185; s_port: 54025; dst: 33.185.234.145; service: 113; proto: tcp; rule: 14;SmartDefense profile: Default_Protection;__policy_id_tag: product=VPN-1 & FireWall-1[db_tag={25E5B8F6-79E7-11DD-941A-C0A832D00C0C};mgmt=fwmngt-wuv;date=1220466957;policy_name=rhino_gbl];has_accounting: 0;i/f_dir: inbound;i/f_name: eth-s2/s1p1c0;rule_uid: {9C96B325-D976-4A30-8685-9ED61018A6E7};service_id: gident;
<13>May 26 07:52:56 microsoft.sec.ibm.lab AgentDevice=WindowsLog	AgentLogFile=Security	Source=Security	Computer=COMP-testuser-19	User=testuser-19	Domain=	EventID=680	EventIDCode=680	EventType=8	EventCategory=9	RecordNumber=702648	TimeGenerated=1495799576	TimeWritten=1495799576	Message=Logon attempt by: MICROSOFT_AUTHENTICATION_PACKAGE_V1_0 Logon account: testuser-19 Source Workstation: COMP-testuser-19 Error Code: 0x0 
<13>May 26 07:52:57 microsoft.sec.ibm.lab AgentDevice=WindowsLog	AgentLogFile=Security	Source=Security	Computer=COMP-testuser-10	User=testuser-10	Domain=	EventID=672	EventIDCode=672	EventType=8	EventCategory=9	RecordNumber=56545	TimeGenerated=1495799577	TimeWritten=1495799577	Message=Authentication Ticket Request: User Name: testuser-10 Supplied Realm Name: us.ibm.com User ID: %{S-1-2-3-1075369} Service Name: krbtgt Service ID: %{S-3-2-1-F5F171} Ticket Options: 0x40810010 Result Code: - Ticket Encryption Type: 0x17 Pre-Authentication Type: 2 Client Address: 18.227.250.193 Certificate Issuer Name:  Certificate Serial Number:  Certificate Thumbprint: 
<129>May 26 07:52:59 barracuda.firewall.ibm.lab WF ALER SLASH_DOT_IN_URL 128.234.158.118 57994 32.226.135.221 443 security-policy GLOBAL DENY NONE ["-"] GET 32.226.135.221/themes/default/css/.htaccess HTTPS "-" ""-"" 32.226.135.221 44428 "-" "-"
<83>May 26 07:53:01 apple.macosx.ibm.lab sshd[5590]: error: PAM: Authentication failure for illegal user testuser-41 from 220.245.76.107<33>May 26 07:53:02 threecom.switch.ibm.lab %May 26 07:53:02 2017 S9500 RTA/3/Failed to get user traffic: Failed to get traffic of user 15.83.16.235 on board 6
<187>May 26 07:53:04 ['9.9.9.9'] httpd[16986]: [error] [client 51.18.44.104] Invalid URI in request \xf7vMKp`ET&\xa4\x9c\xc9\xec\xd1\xd8j\r\xce\xd9\xd4\xb3\c7
<129>May 26 07:53:05 barracuda.firewall.ibm.lab WF ALER CROSS_SITE_SCRIPTING_IN_PARAM 136.38.97.190 49850 179.155.167.31 443 security-policy GLOBAL DENY NONE [type="cross-site-scripting" pattern="script-tag" token="<script>" Parameter="url" value="<script>alert(5341)</script>"] GET 179.155.167.31/redirect.asp?url=<script>alert(5341)</script> HTTPS "-" ""-"" 179.155.167.31 59845 "-" "-"
<182>May 26 07:53:07 apache.httpd.ibm.lab httpd: 54.11.145.63 4.5.65.113 - - [26/May/2017:07:53:07 -0500] "HEAD / HTTP/1.1" 200 443 -
<190>May 26 07:53:08 arbor.pravail.ibm.lab pravail-aps: Blocked Host: Blocked host 132.146.155.198 10:53 by TCP Connection Reset using TCP/64440 (Unknown) destination 66.68.32.16 source port 443,URL: https://arbornetworks.pravail.test.com/chaos/
<13>May 26 07:53:10 checkpoint.firewall.ibm.lab 26May2017  checkpoint.firewall.ibm.lab product: SmartDefense; src: 165.11.95.213; s_port: ; dst: 136.210.209.139; service: ; proto: udp; rule: ;Attack Info: Bad domain format, illegal ASCII value in domain;Suppressed logs: 1;Total logs: 2;__policy_id_tag: product=VPN-1 & FireWall-1[db_tag={9B20E8EA-7DE6-11DD-B7D6-C0A832D11E1E};mgmt=fwmngt-zentral;date=1220906528;policy_name=Vulpine_gbl];alert: alert;attack: Invalid DNS;has_accounting: 0;i/f_dir: inbound;
<13>May 26 07:53:12 microsoft.sec.ibm.lab AgentDevice=WindowsLog	AgentLogFile=Security	Source=Security	Computer=COMP-testuser-8	User=testuser-8	Domain=	EventID=675	EventIDCode=675	EventType=16	EventCategory=9	RecordNumber=831770	TimeGenerated=1495799592	TimeWritten=1495799592	Message=Pre-authentication failed: User Name: testuser-8 User ID: %{S-1-2-3-992016} Service Name: krbtgt Pre-Authentication Type: 0x2 Failure Code: 0x18 Client Address: 113.146.67.20 
<54>May 26 07:53:13 SymantecServer symantec.endpoint.ibm.lab: Commercial application detected,Computer name: COMP-1089936,Detection type: Commercial,Application name: DameWare Development DWRCS,Application type: Remote Control,Application version: 5\~ 5\~ 0\~ 0,Hash type: SHA-1,Application hash: 4670d9eeeab7449788be3b18e9364ef0088b900e,Company name: DameWare Development LLC,File size (bytes): 208896,Sensitivity: 0,Detection score: 1,Submission recommendation: 0,Permitted application reason: 0,Source: Heuristic Scan,Risk name:  ,Occurrences: 1,DWMRCS,"DWMRCS",Actual action: Left alone,Requested action: Left alone,Secondary action: Commercial application detection,Event time: 2017-05-26 07:53:13,Inserted: 2017-05-26 07:53:13,End: 2017-05-26 07:53:13,Domain: Default,Group: My Company	est,Server: testbox,User: testuser-53,Source computer:  ,Source IP: 0.0.0.0
<13>May 26 07:53:15 checkpoint.firewall.ibm.lab 26May2017 drop checkpoint.firewall.ibm.lab product: SmartDefense; src: 136.38.97.190; s_port: 49796; dst: 83.124.122.232; service: 443; proto: tcp; rule: 392;Attack Info: TCP segment out of maximum allowed sequence. Packet dropped.;Confidence Level: 0;Performance Impact: 0;Protection Name: TCP Segment Limit Enforcement;Protection Type: settings_tcp;Severity: 0;SmartDefense Profile: Boticario_DMZ_Protection;__policy_id_tag: product=VPN-1 & FireWall-1[db_tag={E94ECB65-34C0-4740-9634-761E1604C8BC};mgmt=SJP1PLNX036-DMZ;date=1424714440;policy_name=DMZ];attack: Streaming Engine: TCP Segment Limit Enforcement;has_accounting: 0;i/f_dir: inbound;i/f_name: eth2-01.2809;origin_sic_name: CN=TEST-DMZ1,O=log_server_hostname;protection_id: tcp_segment_limit;rule_uid: {499DBB08-D262-4D9F-B639-5337A7B36E59};snid: 7572c682;src_machine_name: COMP-testuser-62;src_user_name: testuser-62 ;user: testuser-62 ;
<27>May 26 07:53:16 ambiron.ipangel.ibm.lab ipangel-ips: [2017-05-26 07:53:16-05] alert [Priority: 9] [119:2:1] [(http_inspect) DOUBLE DECODING ATTACK] 120.171.20.155:52758 TCP 136.69.4.248:80 br0
<38>May 26 07:53:18 sshd[random_number_1_to_999999]: Accepted publickey for rogueUser-5 from 15.83.16.235 port 55169 ssh2
<182>May 26 07:53:19 apache.httpd.ibm.lab httpd: 165.11.95.213 22.67.51.240 - - [26/May/2017:07:53:19 -0500] "HEAD / HTTP/1.1" 200 443 -
<190>May 26 07:53:21 arbor.pravail.ibm.lab pravail-aps: Blocked Host: Blocked host 179.174.48.208 10:53 by TCP Connection Reset using TCP/50943 (Unknown) destination 209.215.62.173 source port 443,URL: https://arbornetworks.pravail.test.com/chaos/
<86>May 26 07:53:23 apple.macosx.ibm.lab com.apple.SecurityServer: authinternal authenticated user testuser-67 (uid 101425).
<190>May 26 07:53:24 arbor.pravail.ibm.lab pravail-aps: Blocked Host: Blocked host 128.234.158.118 at 10:53 by Malformed HTTP Filtering using TCP/80 (HTTP) destination 189.93.173.51 source port 56431,URL: https://arbornetworks.pravail.test.com/chaos/
<13>May 26 07:53:26 microsoft.sec.ibm.lab AgentDevice=WindowsLog	AgentLogFile=Security	Source=Security	Computer=COMP-testuser-35	User=testuser-35	Domain=	EventID=675	EventIDCode=675	EventType=16	EventCategory=9	RecordNumber=4373	TimeGenerated=1495799606	TimeWritten=1495799606	Message=Pre-authentication failed: User Name: testuser-35 User ID: %{S-1-2-3-1089936} Service Name: krbtgt Pre-Authentication Type: 0x2 Failure Code: 0x18 Client Address: 136.38.97.190 
<182>May 26 07:53:27 apache.httpd.ibm.lab httpd: 120.171.20.155 45.56.120.110 - - [26/May/2017:07:53:27 -0500] "GET /../../../../../../../../../../../ HTTP/1.1" 400 443 307
<33>May 26 07:53:29 threecom.switch.ibm.lab %May 26 07:53:29 2017 S9500 RTA/3/Failed to start accounting: Failed to start traffic accounting for user 120.171.20.155 on board 6
<26>May 26 07:53:30 ambiron.ipangel.ibm.lab ipangel-ips: [2017-05-26 07:53:30-05] alert [Priority: 9] [119:14:1] [(http_inspect) NON-RFC DEFINED CHAR] 136.38.97.190:54420 TCP 179.31.21.104:80 br0
<38>May 26 07:53:32 sshd[964440]: Failed password for invalid user testuser-91 from 56.185.239.60 port 51163 ssh2
<25>May 26 07:53:33 ambiron.ipangel.ibm.lab ipangel-ips: [2017-05-26 07:53:33-05] alert [Priority: 9] [116:46:1] [(snort_decoder) WARNING: TCP Data Offset is less than 5!] 212.2.111.4:53007 TCP 5.218.70.202:80 br0
<83>May 26 07:53:35 apple.macosx.ibm.lab sshd[5590]: error: PAM: Authentication failure for illegal user testuser-9 from 33.57.54.181<182>May 26 07:53:37 apache.httpd.ibm.lab httpd: 16.74.199.104 94.125.206.133 - - [26/May/2017:07:53:37 -0500] "HEAD / HTTP/1.1" 200 443 -
<133>May 26 07:53:38 microsoft.event.ibm.lab MSWinEventLog 1 Security 102757633 Fri May 26 07:53:38 2017 4907 Microsoft-Windows-Security-Auditing N/A N/A Success Audit testuser-69 Audit Policy Change Auditing settings on object were changed. Subject: Security ID: S-1-5-18 Account Name: testuser-69 Account Domain: us.ibm.com Logon ID: 0x1104601 Object: Object Server: Security Object Type: File Object Name: \Windows\winsxs\test.wav Handle ID: 0x3a8 Process Information: Process ID: 0xB41B36 Process Name: C:\Windows\System32\wbengine.exe Auditing Settings: Original Security Descriptor: S:AI(AU;A;;WD) New Security Descriptor: S:ARAI(AU;SAFA;;;;WD)(AU;IDFA;B;;;WD) 961607
<189>May 26 07:53:40 ['9.9.9.9'] authmgr[504]: <NOTI> login <00:1c:bf:ca:2b:98  136.38.97.190 testuser-26>method=802.1x, server=TEST001, role=Authenticated Update(status 0 method 0 role 16), reauth=1800 sec
<190>May 26 07:53:41 arbor.pravail.ibm.lab pravail-aps: Blocked Host: Blocked host 120.171.20.155 10:53 by TCP Connection Reset using TCP/55412 (Unknown) destination 45.215.234.38 source port 443,URL: https://arbornetworks.pravail.test.com/chaos/
<13>May 26 07:53:43 microsoft.sec.ibm.lab AgentDevice=WindowsLog	AgentLogFile=Security	Source=Security	Computer=COMP-testuser-29	User=testuser-29	Domain=	EventID=672	EventIDCode=672	EventType=16	EventCategory=9	RecordNumber=670572	TimeGenerated=1495799623	TimeWritten=1495799623	Message=Authentication Ticket Request: User Name: testuser-29 Supplied Realm Name: us.ibm.com User ID: %{S-1-2-3-1096209} Service Name: krbtgt Service ID: %{S-3-2-1-12B723} Ticket Options: 0x40810010 Result Code: - Ticket Encryption Type: 0x17 Pre-Authentication Type: 2 Client Address: 12.88.84.132 Certificate Issuer Name:  Certificate Serial Number:  Certificate Thumbprint: 
<33>May 26 07:53:44 threecom.switch.ibm.lab %May 26 07:53:44 2017 S9500 FTPS/5/USERIN: User testuser-42(201.150.192.18) login succeeded
<190>May 26 07:53:46 arbor.pravail.ibm.lab pravail-aps: Blocked Host: Blocked host 54.11.145.63 at 10:52 by Invalid Packets using TCP/0 (Unknown) destination 114.232.208.177,URL: https://arbornetworks.pravail.test.com/chaos/
<25>May 26 07:53:48 ambiron.ipangel.ibm.lab ipangel-ips: [2017-05-26 07:53:48-05] alert [Priority: 9] [116:46:1] [(snort_decoder) WARNING: TCP Data Offset is less than 5!] 20.135.51.253:58717 TCP 154.247.106.153:80 br0
<13>May 26 07:53:49 microsoft.sec.ibm.lab AgentDevice=WindowsLog	AgentLogFile=Security	Source=Security	Computer=COMP-testuser-1	User=testuser-1	Domain=	EventID=680	EventIDCode=680	EventType=16	EventCategory=9	RecordNumber=472585	TimeGenerated=1495799629	TimeWritten=1495799629	Message=Logon attempt by: MICROSOFT_AUTHENTICATION_PACKAGE_V1_0 Logon account: testuser-1 Source Workstation: COMP-testuser-1 Error Code: 0x0 
<182>May 26 07:53:51 apache.httpd.ibm.lab httpd: 201.150.192.18 220.176.184.59 - - [26/May/2017:07:53:51 -0500] "OPTIONS /cgi-bin/index.php HTTP/1.1" 200 443 -
<33>May 26 07:53:52 threecom.switch.ibm.lab %May 26 07:53:52 2017 S9500 AAA/2/Serious error!: User testuser-73, in ACM send msg to SC failed! Returns 1 srcID 6 msgType 16384.
<27>May 26 07:53:54 ambiron.ipangel.ibm.lab ipangel-ips: [2017-05-26 07:53:54-05] alert [Priority: 9] [119:2:1] [(http_inspect) DOUBLE DECODING ATTACK] 79.186.10.120:51667 TCP 101.164.7.253:80 br0
<38>May 26 07:53:55 sshd[278409]: input_userauth_request: invalid user testuser-81
<187>May 26 07:53:57 ['9.9.9.9'] httpd[16986]: [error] [client 165.11.95.213] Invalid URI in request \xf7vMKp`ET&\xa4\x9c\xc9\xec\xd1\xd8j\r\xce\xd9\xd4\xb3\c7
<182>May 26 07:53:59 apache.httpd.ibm.lab httpd: 79.186.10.120 193.220.164.101 - - [26/May/2017:07:53:59 -0500] "HEAD / HTTP/1.1" 200 443 -
<86>May 26 07:54:00 apple.macosx.ibm.lab com.apple.SecurityServer: authinternal authenticated user testuser-62 (uid 90960).
<26>May 26 07:54:02 ambiron.ipangel.ibm.lab ipangel-ips: [2017-05-26 07:54:02-05] alert [Priority: 9] [119:14:1] [(http_inspect) NON-RFC DEFINED CHAR] 125.83.117.185:60474 TCP 90.4.6.75:80 br0
<129>May 26 07:54:03 barracuda.firewall.ibm.lab WF ALER CROSS_SITE_SCRIPTING_IN_URL 165.11.95.213 50503 221.183.169.56 80 security-policy GLOBAL DENY NONE [type="cross-site-scripting" pattern="script-tag" token="<script>"] GET 221.183.169.56/<script>alert(53416)</script> HTTP "-" ""-"" 221.183.169.56 48541 "-" "-"
<129>May 26 07:54:05 barracuda.firewall.ibm.lab WF ALER METHOD_NOT_ALLOWED 99.123.52.13 58505 64.94.172.137 80 security-policy GLOBAL DENY NONE [Method="ABCD"] ABCD 64.94.172.137/ HTTP "-" ""-"" 64.94.172.137 48536 "-" "-"
<13>May 26 07:54:06 microsoft.sec.ibm.lab AgentDevice=WindowsLog	AgentLogFile=Security	Source=Security	Computer=COMP-testuser-69	User=testuser-69	Domain=	EventID=540	EventIDCode=540	EventType=8	EventCategory=2	RecordNumber=460033	TimeGenerated=1495799646	TimeWritten=1495799646	Message=Successful Network Logon: User Name: Domain: Logon ID: (0x0,0x1104601) Logon Type: 3 Logon Process: NtLmSsp Authentication Package: NTLM Workstation Name: COMP-testuser-69 Logon GUID: - Caller User Name: - Caller Domain: - Caller Logon ID: - Caller Process ID: - Transited Services: - Source Network Address: 25.176.52.211 Source Port: 0
<13>May 26 07:54:08 microsoft.sec.ibm.lab AgentDevice=WindowsLog	AgentLogFile=Security	Source=Security	Computer=COMP-testuser-2	User=testuser-2	Domain=	EventID=672	EventIDCode=672	EventType=16	EventCategory=9	RecordNumber=771849	TimeGenerated=1495799648	TimeWritten=1495799648	Message=Authentication Ticket Request: User Name: testuser-2 Supplied Realm Name: us.ibm.com User ID: %{S-1-2-3-980100} Service Name: krbtgt Service ID: %{S-3-2-1-DCE3D2} Ticket Options: 0x40810010 Result Code: - Ticket Encryption Type: 0x17 Pre-Authentication Type: 2 Client Address: 16.74.199.104 Certificate Issuer Name:  Certificate Serial Number:  Certificate Thumbprint: 
<157>May 26 07:54:09 microsoft.event.ibm.lab MSWinEventLog	4	Security	60703	Fri May 26 07:54:09 2017	552	Security	NETWORK SERVICE	Well Known Group	Success Audit	testuser-87	Logon/Logoff		Logon attempt using explicit credentials: Logged on user:  User Name: NETWORK SERVICE  Domain: NT AUTHORITY  Logon ID: (0x0,0x1104601)  Logon GUID: -  User whose credentials were used:  Target User Name: testuser-87  Target Domain: us.ibm.com Target Logon GUID: -  Target Server Name: localhost  Target Server Info: localhost  Caller Process ID: 543461  Source Network Address: -  Source Port: - 	56794
<182>May 26 07:54:11 apache.httpd.ibm.lab httpd: 128.234.158.118 66.85.171.164 - - [26/May/2017:07:54:11 -0500] "HEAD / HTTP/1.1" 200 443 -
<26>May 26 07:54:13 ambiron.ipangel.ibm.lab ipangel-ips: [2017-05-26 07:54:13-05] alert [Priority: 9] [119:14:1] [(http_inspect) NON-RFC DEFINED CHAR] 136.38.97.190:53292 TCP 94.106.222.237:80 br0
<86>May 26 07:54:14 apple.macosx.ibm.lab com.apple.SecurityServer: authinternal authenticated user testuser-66 (uid 99328).
<33>May 26 07:54:16 threecom.switch.ibm.lab %May 26 07:54:16 2017 S9500 FTPS/5/USEROUT: User testuser-55(79.186.10.120) logged out
<38>May 26 07:54:17 sshd[229384]: Failed password for invalid user testuser-50 from 41.248.8.84 port 55734 ssh2
<13>May 26 07:54:19 microsoft.sec.ibm.lab AgentDevice=WindowsLog	AgentLogFile=Security	Source=Security	Computer=COMP-testuser-45	User=testuser-45	Domain=	EventID=675	EventIDCode=675	EventType=16	EventCategory=9	RecordNumber=459897	TimeGenerated=1495799659	TimeWritten=1495799659	Message=Pre-authentication failed: User Name: testuser-45 User ID: %{S-1-2-3-1092025} Service Name: krbtgt Pre-Authentication Type: 0x2 Failure Code: 0x18 Client Address: 199.85.157.68 
<157>May 26 07:54:20 microsoft.event.ibm.lab MSWinEventLog	4	Security	60703	Fri May 26 07:54:20 2017	552	Security	NETWORK SERVICE	Well Known Group	Success Audit	testuser-44	Logon/Logoff		Logon attempt using explicit credentials: Logged on user:  User Name: NETWORK SERVICE  Domain: NT AUTHORITY  Logon ID: (0x0,0x1089936)  Logon GUID: -  User whose credentials were used:  Target User Name: testuser-44  Target Domain: us.ibm.com Target Logon GUID: -  Target Server Name: localhost  Target Server Info: localhost  Caller Process ID: 396232  Source Network Address: -  Source Port: - 	56794
<129>May 26 07:54:22 barracuda.firewall.ibm.lab WF ALER CROSS_SITE_SCRIPTING_IN_PARAM 64.87.88.123 59081 74.23.216.114 443 security-policy GLOBAL DENY NONE [type="cross-site-scripting" pattern="script-tag" token="<script>" Parameter="url" value="<script>alert(5341)</script>"] GET 74.23.216.114/redirect.asp?url=<script>alert(5341)</script> HTTPS "-" ""-"" 74.23.216.114 59845 "-" "-"
<190>May 26 07:54:24 arbor.pravail.ibm.lab pravail-aps: Blocked Host: Blocked host 79.186.10.120 10:53 by TCP Connection Reset using TCP/64614 (Unknown) destination 165.41.149.156 source port 443,URL: https://arbornetworks.pravail.test.com/chaos/
<28>May 26 07:54:25 Message forwarded from aix.ibm.lab: rshd[random_number_1_to_999999]: Failed rsh authentication from 33.195.94.29 for local user root via remote user rogueUser-1
<182>May 26 07:54:27 apache.httpd.ibm.lab httpd: 120.171.20.155 217.188.138.44 - - [26/May/2017:07:54:27 -0500] "TRACE / HTTP/1.0" 403 443 272
<190>May 26 07:54:28 arbor.pravail.ibm.lab pravail-aps: Blocked Host: Blocked host 136.38.97.190 at 10:52 by Invalid Packets using TCP/0 (Unknown) destination 12.37.35.131,URL: https://arbornetworks.pravail.test.com/chaos/
<86>May 26 07:54:30 apple.macosx.ibm.lab sshd[5590]: Failed password for invalid user testuser-91 from 79.186.10.120 port 49321 ssh2
<129>May 26 07:54:31 barracuda.firewall.ibm.lab WF ALER METACHARACTER_IN_PARAMETER 128.234.158.118 50603 180.176.206.25 443 security-policy GLOBAL DENY NONE [token="%00 " Parameter="article" value="../../../../../../../../etc/passwd"] GET 180.176.206.25/talkback.cgi?article=../../../../../../../../etc/passwd%00&action=view&matchview=1 HTTPS "-" ""-"" 180.176.206.25 50603 "-" "-"
<129>May 26 07:54:33 barracuda.firewall.ibm.lab WF ALER CROSS_SITE_SCRIPTING_IN_PARAM 79.186.10.120 54912 163.43.27.237 443 security-policy GLOBAL DENY NONE [type="cross-site-scripting" pattern="script-tag" token="<script>" Parameter="url" value="<script>alert(5341)</script>"] GET 163.43.27.237/redirect.asp?url=<script>alert(5341)</script> HTTPS "-" ""-"" 163.43.27.237 59845 "-" "-"
<25>May 26 07:54:35 ambiron.ipangel.ibm.lab ipangel-ips: [2017-05-26 07:54:35-05] alert [Priority: 9] [116:46:1] [(snort_decoder) WARNING: TCP Data Offset is less than 5!] 201.150.192.18:63076 TCP 205.208.127.30:80 br0
<133>May 26 07:54:36 microsoft.event.ibm.lab MSWinEventLog 1 Security 102757633 Fri May 26 07:54:36 2017 4907 Microsoft-Windows-Security-Auditing N/A N/A Success Audit testuser-80 Audit Policy Change Auditing settings on object were changed. Subject: Security ID: S-1-5-18 Account Name: testuser-80 Account Domain: us.ibm.com Logon ID: 0x1089936 Object: Object Server: Security Object Type: File Object Name: \Windows\winsxs\test.wav Handle ID: 0x3a8 Process Information: Process ID: 0x4C530A Process Name: C:\Windows\System32\wbengine.exe Auditing Settings: Original Security Descriptor: S:AI(AU;A;;WD) New Security Descriptor: S:ARAI(AU;SAFA;;;;WD)(AU;IDFA;B;;;WD) 807512
<54>May 26 07:54:38 SymantecServer symantec.endpoint.ibm.lab: DCA-EMAPROJ2,Allowed,"C:\Program Files\Common Files\Symantec Shared\ccSvcHst.exe",,Begin: 2017-05-26 07:54:38,End:2017-05-26 07:54:38,Rule: ,2528,C:/Program Files/Microsoft Virtual Server/vmh.exe,0,,C:/ProgramFiles/Common Files/Symantec Shared/ccSvcHst.exe,User: testuser-38,Domain: US
<38>May 26 07:54:39 syslog: ssh: failed login attempt for testuser-70 from 56.219.18.103
<129>May 26 07:54:41 barracuda.firewall.ibm.lab WF ALER CROSS_SITE_SCRIPTING_IN_PARAM 56.219.18.103 61964 41.11.227.194 443 security-policy GLOBAL DENY NONE [type="cross-site-scripting" pattern="script-tag" token="<script>" Parameter="url" value="<script>alert(5341)</script>"] GET 41.11.227.194/redirect.asp?url=<script>alert(5341)</script> HTTPS "-" ""-"" 41.11.227.194 59845 "-" "-"
<13>May 26 07:54:42 checkpoint.firewall.ibm.lab 26May2017  checkpoint.firewall.ibm.lab product: SmartDefense; src: 30.90.182.58; s_port: ; dst: 49.171.244.179; service: ; proto: udp; rule: ;Attack Info: Bad domain format, illegal ASCII value in domain;Suppressed logs: 1;Total logs: 2;__policy_id_tag: product=VPN-1 & FireWall-1[db_tag={9B20E8EA-7DE6-11DD-B7D6-C0A832D11E1E};mgmt=fwmngt-zentral;date=1220906528;policy_name=Vulpine_gbl];alert: alert;attack: Invalid DNS;has_accounting: 0;i/f_dir: inbound;
<13>May 26 07:54:44 checkpoint.firewall.ibm.lab 26May2017  checkpoint.firewall.ibm.lab product: SmartDefense; src: 56.219.18.103; s_port: ; dst: 113.161.240.95; service: ; proto: icmp; rule: ;Attack Info: Echo request too big;Suppressed logs: 1;Total logs: 2;__policy_id_tag: product=VPN-1 & FireWall-1[db_tag={B5A7057E-7F61-11DD-AA43-C0A832D12424};mgmt=fwmngt-zentral;date=1221069352;policy_name=Spider_gbl];alert: alert;attack: Large ping;has_accounting: 0;i/f_dir: inbound;
<13>May 26 07:54:45 checkpoint.firewall.ibm.lab 26May2017 drop checkpoint.firewall.ibm.lab product: SmartDefense; src: 218.111.178.29; s_port: 60996; dst: 8.198.85.177; service: 443; proto: tcp; rule: 392;Attack Info: TCP segment out of maximum allowed sequence. Packet dropped.;Confidence Level: 0;Performance Impact: 0;Protection Name: TCP Segment Limit Enforcement;Protection Type: settings_tcp;Severity: 0;SmartDefense Profile: Boticario_DMZ_Protection;__policy_id_tag: product=VPN-1 & FireWall-1[db_tag={E94ECB65-34C0-4740-9634-761E1604C8BC};mgmt=SJP1PLNX036-DMZ;date=1424714440;policy_name=DMZ];attack: Streaming Engine: TCP Segment Limit Enforcement;has_accounting: 0;i/f_dir: inbound;i/f_name: eth2-01.2809;origin_sic_name: CN=TEST-DMZ1,O=log_server_hostname;protection_id: tcp_segment_limit;rule_uid: {499DBB08-D262-4D9F-B639-5337A7B36E59};snid: 7572c682;src_machine_name: COMP-testuser-27;src_user_name: testuser-27 ;user: testuser-27 ;
<129>May 26 07:54:47 barracuda.firewall.ibm.lab WF ALER METACHARACTER_IN_PARAMETER 201.150.192.18 54767 205.219.150.236 443 security-policy GLOBAL DENY NONE [token="%00 " Parameter="article" value="../../../../../../../../etc/passwd"] GET 205.219.150.236/talkback.cgi?article=../../../../../../../../etc/passwd%00&action=view&matchview=1 HTTPS "-" ""-"" 205.219.150.236 54767 "-" "-"
<54>May 26 07:54:49 SymantecServer symantec.endpoint.ibm.lab: Security risk found,Computer name: COMP-1117249,Source: Scheduled Scan,Risk name: VirusDoctor,Occurrences: 1,c:/System Volume Information/_restore{A3F5C2A3-F289-4356-B021-1FEFEFB73CBD}/RP243/A0070465.exe,"",Actual action: Quarantined,Requested action: Quarantined,Secondary action: Left alone,Event time: 2017-05-26 07:54:49,Inserted:2017-05-26 07:54:49,End: 2017-05-26 07:54:49,Domain: Default,Group: My Company	est,Server: avp1,User: rogueUser-3,Source computer:  ,Source IP: 0.0.0.0
<129>May 26 07:54:50 barracuda.firewall.ibm.lab WF ALER CROSS_SITE_SCRIPTING_IN_URL 147.198.103.40 58156 212.24.246.22 80 security-policy GLOBAL DENY NONE [type="cross-site-scripting" pattern="script-tag" token="<script>"] GET 212.24.246.22/<script>alert(53416)</script> HTTP "-" ""-"" 212.24.246.22 48541 "-" "-"
<133>May 26 07:54:52 microsoft.event.ibm.lab MSWinEventLog 1 Security 102757633 Fri May 26 07:54:52 2017 4907 Microsoft-Windows-Security-Auditing N/A N/A Success Audit testuser-23 Audit Policy Change Auditing settings on object were changed. Subject: Security ID: S-1-5-18 Account Name: testuser-23 Account Domain: us.ibm.com Logon ID: 0x1083681 Object: Object Server: Security Object Type: File Object Name: \Windows\winsxs\test.wav Handle ID: 0x3a8 Process Information: Process ID: 0xCC3930 Process Name: C:\Windows\System32\wbengine.exe Auditing Settings: Original Security Descriptor: S:AI(AU;A;;WD) New Security Descriptor: S:ARAI(AU;SAFA;;;;WD)(AU;IDFA;B;;;WD) 3963
<187>May 26 07:54:53 ['9.9.9.9'] httpd[16986]: [error] [client 218.111.178.29] Invalid URI in request \xf7vMKp`ET&\xa4\x9c\xc9\xec\xd1\xd8j\r\xce\xd9\xd4\xb3\c7
<50>May 26 07:54:55 SymantecServer symantec.endpoint.ibm.lab: testbox-xyz,[SID: 70025] Web Attack: Blackhole Exploit Toolkit 2 attack blocked. Traffic has been blocked for this application: C:\Program Files\Internet Explorer\iexplore.exe,Local: 0.0.0.0,Local: 000000000000,Remote: ,Remote: 0.0.0.0,Remote: 000000000000,Inbound,OTHERS,,Begin: 2017-05-26 07:54:55,End: 2017-05-26 07:54:55,Occurrences: 1,Application: C:/Program Files/Internet Explorer/iexplore.exe,Location: Default,User: testuser-1,Domain: SIMON,!ExternalLoggingTask.localport! 0,!ExternalLoggingTask.remoteport! 0,!ExternalLoggingTask.cidssignid! 70025,!ExternalLoggingTask.strcidssignid! Web Attack: Blackhole Exploit Toolkit 2,!ExternalLoggingTask.cidssignsubid! 0,!ExternalLoggingTask.intrusionurl! http://pppptttt.blah.net/links/came_broadcasting_taking-various.php,!ExternalLoggingTask.intrusionpayloadurl!
<149>May 26 07:54:56 apple.macosx.ibm.lab sudo:    testuser-36 : TTY=ttyp1 ; PWD=/Users/admin ; USER=admin ;COMMAND=/bin/bash
<13>May 26 07:54:58 checkpoint.firewall.ibm.lab 26May2017  checkpoint.firewall.ibm.lab product: SmartDefense; src: 79.186.10.120; s_port: ; dst: 83.119.165.239; service: ; proto: udp; rule: ;Attack Info: Bad domain format, illegal ASCII value in domain;Suppressed logs: 1;Total logs: 2;__policy_id_tag: product=VPN-1 & FireWall-1[db_tag={9B20E8EA-7DE6-11DD-B7D6-C0A832D11E1E};mgmt=fwmngt-zentral;date=1220906528;policy_name=Vulpine_gbl];alert: alert;attack: Invalid DNS;has_accounting: 0;i/f_dir: inbound;
<54>May 26 07:55:00 SymantecServer symantec.endpoint.ibm.lab: Security risk found,Computer name: COMP-1104601,Source: Scheduled Scan,Risk name: VirusDoctor,Occurrences: 1,c:/System Volume Information/_restore{A3F5C2A3-F289-4356-B021-1FEFEFB73CBD}/RP243/A0070465.exe,"",Actual action: Quarantined,Requested action: Quarantined,Secondary action: Left alone,Event time: 2017-05-26 07:55:00,Inserted:2017-05-26 07:55:00,End: 2017-05-26 07:55:00,Domain: Default,Group: My Company	est,Server: avp1,User: testuser-69,Source computer:  ,Source IP: 0.0.0.0
<13>May 26 07:55:01 checkpoint.firewall.ibm.lab 26May2017 drop checkpoint.firewall.ibm.lab product: VPN-1 &FireWall-1; src: 30.90.182.58; s_port: 55702; dst: 117.220.39.96; service: 138; proto: udp; rule: 323;SmartDefense profile: Default_Protection;__policy_id_tag: product=VPN-1 & FireWall-1[db_tag={48AB8350-7F61-11DD-887D-C0A832D16C6C};mgmt=fwmngt-zentral;date=1221069169;policy_name=Chameleon_gbl];has_accounting: 0;i/f_dir: inbound;i/f_name: eth-s1/s1p1c0;rule_uid: {21D66174-0E19-4B77-A1E9-3473FE991088};
<190>May 26 07:55:03 arbor.pravail.ibm.lab pravail-aps: Blocked Host: Blocked host 20.135.51.253 at 10:53 by Malformed HTTP Filtering using TCP/80 (HTTP) destination 76.136.209.103 source port 64181,URL: https://arbornetworks.pravail.test.com/chaos/
<33>May 26 07:55:04 threecom.switch.ibm.lab %May 26 07:55:04 2017 S9500 PORTAL/5/PT_LOG: Online user 147.198.103.40 changes to 27.238.87.50, we will cut it off as using traffic-acct.
<129>May 26 07:55:06 barracuda.firewall.ibm.lab WF ALER METACHARACTER_IN_PARAMETER 15.83.16.235 51064 24.174.67.237 443 security-policy GLOBAL DENY NONE [token="%00 " Parameter="article" value="../../../../../../../../etc/passwd"] GET 24.174.67.237/talkback.cgi?article=../../../../../../../../etc/passwd%00&action=view&matchview=1 HTTPS "-" ""-"" 24.174.67.237 51064 "-" "-"
<187>May 26 07:55:07 ['9.9.9.9'] httpd[16986]: [error] [client 212.2.111.4] Invalid URI in request \xf7vMKp`ET&\xa4\x9c\xc9\xec\xd1\xd8j\r\xce\xd9\xd4\xb3\c7
<27>May 26 07:55:09 ambiron.ipangel.ibm.lab ipangel-ips: [2017-05-26 07:55:09-05] alert [Priority: 9] [119:2:1] [(http_inspect) DOUBLE DECODING ATTACK] 202.207.224.25:49660 TCP 44.110.214.164:80 br0
<179>May 26 07:55:11 apache.httpd.ibm.lab httpd[5570]: [ID 702911 local6.error] [error] [client 165.11.95.213] Certificate Verification: Error (10): certificate has expired
<38>May 26 07:55:12 sshd[714754]: Failed password for invalid user testuser-33 from 201.150.192.18 port 57310 ssh2
<39>May 26 07:55:14 Message forwarded from aix.ibm.lab: testuser-10 PAM: pam_authenticate: error Authentication failed
<187>May 26 07:55:15 ['9.9.9.9'] httpd[16986]: [error] [client 120.171.20.155] Invalid URI in request \xf7vMKp`ET&\xa4\x9c\xc9\xec\xd1\xd8j\r\xce\xd9\xd4\xb3\c7
<50>May 26 07:55:17 SymantecServer symantec.endpoint.ibm.lab: testbox-xyz,[SID: 70025] Web Attack: Blackhole Exploit Toolkit 2 attack blocked. Traffic has been blocked for this application: C:\Program Files\Internet Explorer\iexplore.exe,Local: 0.0.0.0,Local: 000000000000,Remote: ,Remote: 0.0.0.0,Remote: 000000000000,Inbound,OTHERS,,Begin: 2017-05-26 07:55:17,End: 2017-05-26 07:55:17,Occurrences: 1,Application: C:/Program Files/Internet Explorer/iexplore.exe,Location: Default,User: testuser-96,Domain: SIMON,!ExternalLoggingTask.localport! 0,!ExternalLoggingTask.remoteport! 0,!ExternalLoggingTask.cidssignid! 70025,!ExternalLoggingTask.strcidssignid! Web Attack: Blackhole Exploit Toolkit 2,!ExternalLoggingTask.cidssignsubid! 0,!ExternalLoggingTask.intrusionurl! http://pppptttt.blah.net/links/came_broadcasting_taking-various.php,!ExternalLoggingTask.intrusionpayloadurl!
<129>May 26 07:55:18 barracuda.firewall.ibm.lab WF ALER METHOD_NOT_ALLOWED 51.18.44.104 54493 173.98.63.10 80 security-policy GLOBAL DENY NONE [Method="ABCD"] ABCD 173.98.63.10/ HTTP "-" ""-"" 173.98.63.10 48536 "-" "-"
<25>May 26 07:55:20 ambiron.ipangel.ibm.lab ipangel-ips: [2017-05-26 07:55:20-05] alert [Priority: 9] [116:46:1] [(snort_decoder) WARNING: TCP Data Offset is less than 5!] 218.111.178.29:49558 TCP 139.97.18.40:80 br0
<189>May 26 07:55:21 ['9.9.9.9'] authmgr[504]: <NOTI> login <00:1c:bf:ca:2b:98  202.207.224.25 testuser-12>method=802.1x, server=TEST001, role=Authenticated Update(status 0 method 0 role 16), reauth=1800 sec
<54>May 26 07:55:23 SymantecServer symantec.endpoint.ibm.lab: Commercial application detected,Computer name: COMP-1119364,Detection type: Commercial,Application name: DameWare Development DWRCS,Application type: Remote Control,Application version: 5\~ 5\~ 0\~ 0,Hash type: SHA-1,Application hash: 4670d9eeeab7449788be3b18e9364ef0088b900e,Company name: DameWare Development LLC,File size (bytes): 208896,Sensitivity: 0,Detection score: 1,Submission recommendation: 0,Permitted application reason: 0,Source: Heuristic Scan,Risk name:  ,Occurrences: 1,DWMRCS,"DWMRCS",Actual action: Left alone,Requested action: Left alone,Secondary action: Commercial application detection,Event time: 2017-05-26 07:55:23,Inserted: 2017-05-26 07:55:23,End: 2017-05-26 07:55:23,Domain: Default,Group: My Company	est,Server: testbox,User: rogueUser-4,Source computer:  ,Source IP: 0.0.0.0
<133>May 26 07:55:25 microsoft.event.ibm.lab MSWinEventLog 1 Security 102757633 Fri May 26 07:55:25 2017 4907 Microsoft-Windows-Security-Auditing N/A N/A Success Audit rogueUser-2 Audit Policy Change Auditing settings on object were changed. Subject: Security ID: S-1-5-18 Account Name: rogueUser-2 Account Domain: us.ibm.com Logon ID: 0x1115136 Object: Object Server: Security Object Type: File Object Name: \Windows\winsxs\test.wav Handle ID: 0x3a8 Process Information: Process ID: 0x52ACF1 Process Name: C:\Windows\System32\wbengine.exe Auditing Settings: Original Security Descriptor: S:AI(AU;A;;WD) New Security Descriptor: S:ARAI(AU;SAFA;;;;WD)(AU;IDFA;B;;;WD) 564328
<27>May 26 07:55:26 ambiron.ipangel.ibm.lab ipangel-ips: [2017-05-26 07:55:26-05] alert [Priority: 9] [119:2:1] [(http_inspect) DOUBLE DECODING ATTACK] 9.135.38.229:52513 TCP 86.26.223.29:80 br0
<190>May 26 07:55:28 arbor.pravail.ibm.lab pravail-aps: Blocked Host: Blocked host 79.186.10.120 10:53 by TCP Connection Reset using TCP/62686 (Unknown) destination 116.35.170.17 source port 443,URL: https://arbornetworks.pravail.test.com/chaos/
<189>May 26 07:55:29 ['9.9.9.9'] authmgr[504]: <NOTI> login <00:1c:bf:ca:2b:98  30.90.182.58 testuser-48>method=802.1x, server=TEST001, role=Authenticated Update(status 0 method 0 role 16), reauth=1800 sec
<54>May 26 07:55:31 SymantecServer symantec.endpoint.ibm.lab: Security risk found,Computer name: COMP-1089936,Source: Scheduled Scan,Risk name: VirusDoctor,Occurrences: 1,c:/System Volume Information/_restore{A3F5C2A3-F289-4356-B021-1FEFEFB73CBD}/RP243/A0070465.exe,"",Actual action: Quarantined,Requested action: Quarantined,Secondary action: Left alone,Event time: 2017-05-26 07:55:31,Inserted:2017-05-26 07:55:31,End: 2017-05-26 07:55:31,Domain: Default,Group: My Company	est,Server: avp1,User: testuser-26,Source computer:  ,Source IP: 0.0.0.0
<157>May 26 07:55:32 microsoft.event.ibm.lab MSWinEventLog	4	Security	60703	Fri May 26 07:55:32 2017	552	Security	NETWORK SERVICE	Well Known Group	Success Audit	testuser-59	Logon/Logoff		Logon attempt using explicit credentials: Logged on user:  User Name: NETWORK SERVICE  Domain: NT AUTHORITY  Logon ID: (0x0,0x1102500)  Logon GUID: -  User whose credentials were used:  Target User Name: testuser-59  Target Domain: us.ibm.com Target Logon GUID: -  Target Server Name: localhost  Target Server Info: localhost  Caller Process ID: 769844  Source Network Address: -  Source Port: - 	56794
<13>May 26 07:55:34 checkpoint.firewall.ibm.lab 26May2017  checkpoint.firewall.ibm.lab product: SmartDefense; src: 54.11.145.63; s_port: ; dst: 43.119.231.127; service: ; proto: icmp; rule: ;Attack Info: Echo request too big;Suppressed logs: 1;Total logs: 2;__policy_id_tag: product=VPN-1 & FireWall-1[db_tag={B5A7057E-7F61-11DD-AA43-C0A832D12424};mgmt=fwmngt-zentral;date=1221069352;policy_name=Spider_gbl];alert: alert;attack: Large ping;has_accounting: 0;i/f_dir: inbound;
<157>May 26 07:55:36 microsoft.event.ibm.lab MSWinEventLog	4	Security	60703	Fri May 26 07:55:36 2017	552	Security	NETWORK SERVICE	Well Known Group	Success Audit	rogueUser-2	Logon/Logoff		Logon attempt using explicit credentials: Logged on user:  User Name: NETWORK SERVICE  Domain: NT AUTHORITY  Logon ID: (0x0,0x1115136)  Logon GUID: -  User whose credentials were used:  Target User Name: rogueUser-2  Target Domain: us.ibm.com Target Logon GUID: -  Target Server Name: localhost  Target Server Info: localhost  Caller Process ID: 729130  Source Network Address: -  Source Port: - 	56794
<13>May 26 07:55:37 microsoft.sec.ibm.lab AgentDevice=WindowsLog	AgentLogFile=Security	Source=Security	Computer=COMP-testuser-55	User=testuser-55	Domain=	EventID=675	EventIDCode=675	EventType=16	EventCategory=9	RecordNumber=139583	TimeGenerated=1495799737	TimeWritten=1495799737	Message=Pre-authentication failed: User Name: testuser-55 User ID: %{S-1-2-3-1094116} Service Name: krbtgt Pre-Authentication Type: 0x2 Failure Code: 0x18 Client Address: 2.46.225.225 
<190>May 26 07:55:39 arbor.pravail.ibm.lab pravail-aps: Blocked Host: Blocked host 128.234.158.118 at 10:53 by Malformed HTTP Filtering using TCP/80 (HTTP) destination 140.143.56.213 source port 57056,URL: https://arbornetworks.pravail.test.com/chaos/
<190>May 26 07:55:40 arbor.pravail.ibm.lab pravail-aps: Blocked Host: Blocked host 165.11.95.213 at 10:52 by Invalid Packets using TCP/0 (Unknown) destination 183.58.106.113,URL: https://arbornetworks.pravail.test.com/chaos/
<13>May 26 07:55:42 microsoft.sec.ibm.lab AgentDevice=WindowsLog	AgentLogFile=Security	Source=Security	Computer=COMP-testuser-96	User=SYSTEM	Domain=	EventID=644	EventIDCode=644	EventType=8	EventCategory=7	RecordNumber=452249	TimeGenerated=1495799742	TimeWritten=1495799742	Message=User Account Locked Out: Target Account Name: testuser-96 Target Account ID: %{S-1-2-3-1104601} Caller Machine Name: COMP-CALLER01 Caller User Name: CALLER-01 Caller Domain: us.ibm.com Caller Logon ID: (0x0,0xBA5EBA11)
<133>May 26 07:55:43 microsoft.event.ibm.lab MSWinEventLog 1 Security 102757633 Fri May 26 07:55:43 2017 4907 Microsoft-Windows-Security-Auditing N/A N/A Success Audit rogueUser-4 Audit Policy Change Auditing settings on object were changed. Subject: Security ID: S-1-5-18 Account Name: rogueUser-4 Account Domain: us.ibm.com Logon ID: 0x1119364 Object: Object Server: Security Object Type: File Object Name: \Windows\winsxs\test.wav Handle ID: 0x3a8 Process Information: Process ID: 0xE05389 Process Name: C:\Windows\System32\wbengine.exe Auditing Settings: Original Security Descriptor: S:AI(AU;A;;WD) New Security Descriptor: S:ARAI(AU;SAFA;;;;WD)(AU;IDFA;B;;;WD) 660341
<187>May 26 07:55:45 ['9.9.9.9'] httpd[16986]: [error] [client 189.6.147.68] Invalid URI in request \xf7vMKp`ET&\xa4\x9c\xc9\xec\xd1\xd8j\r\xce\xd9\xd4\xb3\c7
<27>May 26 07:55:47 ambiron.ipangel.ibm.lab ipangel-ips: [2017-05-26 07:55:47-05] alert [Priority: 9] [119:2:1] [(http_inspect) DOUBLE DECODING ATTACK] 136.38.97.190:62650 TCP 201.104.16.113:80 br0
<33>May 26 07:55:48 threecom.switch.ibm.lab %May 26 07:55:48 2017 S9500 AAA/2/Serious error!: User rogueUser-2, in ACM send msg to SC failed! Returns 1 srcID 6 msgType 16384.
<129>May 26 07:55:50 barracuda.firewall.ibm.lab WF ALER CROSS_SITE_SCRIPTING_IN_URL 56.219.18.103 59317 136.240.119.211 80 security-policy GLOBAL DENY NONE [type="cross-site-scripting" pattern="script-tag" token="<script>"] GET 136.240.119.211/<script>alert(53416)</script> HTTP "-" ""-"" 136.240.119.211 48541 "-" "-"
<157>May 26 07:55:51 microsoft.event.ibm.lab MSWinEventLog	4	Security	60703	Fri May 26 07:55:51 2017	552	Security	NETWORK SERVICE	Well Known Group	Success Audit	testuser-43	Logon/Logoff		Logon attempt using explicit credentials: Logged on user:  User Name: NETWORK SERVICE  Domain: NT AUTHORITY  Logon ID: (0x0,0x1087849)  Logon GUID: -  User whose credentials were used:  Target User Name: testuser-43  Target Domain: us.ibm.com Target Logon GUID: -  Target Server Name: localhost  Target Server Info: localhost  Caller Process ID: 417982  Source Network Address: -  Source Port: - 	56794
<182>May 26 07:55:53 apache.httpd.ibm.lab httpd: 136.38.97.190 207.153.124.48 - - [26/May/2017:07:55:53 -0500] "GET /<script>alert(53416)</script> HTTP/1.1" 404 443 320
<86>May 26 07:55:54 apple.macosx.ibm.lab sshd[5590]: Failed password for invalid user testuser-48 from 30.90.182.58 port 62053 ssh2
<38>May 26 07:55:56 sshd[random_number_1_to_999999]: Accepted publickey for testuser-62 from 136.38.97.190 port 60388 ssh2
<129>May 26 07:55:57 barracuda.firewall.ibm.lab WF ALER METHOD_NOT_ALLOWED 79.186.10.120 61858 111.199.74.98 80 security-policy GLOBAL DENY NONE [Method="ABCD"] ABCD 111.199.74.98/ HTTP "-" ""-"" 111.199.74.98 48536 "-" "-"
<133>May 26 07:55:59 microsoft.event.ibm.lab MSWinEventLog 1 Security 102757633 Fri May 26 07:55:59 2017 4907 Microsoft-Windows-Security-Auditing N/A N/A Success Audit testuser-29 Audit Policy Change Auditing settings on object were changed. Subject: Security ID: S-1-5-18 Account Name: testuser-29 Account Domain: us.ibm.com Logon ID: 0x1096209 Object: Object Server: Security Object Type: File Object Name: \Windows\winsxs\test.wav Handle ID: 0x3a8 Process Information: Process ID: 0xE0E11F Process Name: C:\Windows\System32\wbengine.exe Auditing Settings: Original Security Descriptor: S:AI(AU;A;;WD) New Security Descriptor: S:ARAI(AU;SAFA;;;;WD)(AU;IDFA;B;;;WD) 939947
