<13>May 26 10:01:02 checkpoint.firewall.ibm.lab 26May2017 drop checkpoint.firewall.ibm.lab product: SmartDefense; src: 51.18.44.104; s_port: 64469; dst: 168.194.43.103; service: 443; proto: tcp; rule: 392;Attack Info: TCP segment out of maximum allowed sequence. Packet dropped.;Confidence Level: 0;Performance Impact: 0;Protection Name: TCP Segment Limit Enforcement;Protection Type: settings_tcp;Severity: 0;SmartDefense Profile: Boticario_DMZ_Protection;__policy_id_tag: product=VPN-1 & FireWall-1[db_tag={E94ECB65-34C0-4740-9634-761E1604C8BC};mgmt=SJP1PLNX036-DMZ;date=1424714440;policy_name=DMZ];attack: Streaming Engine: TCP Segment Limit Enforcement;has_accounting: 0;i/f_dir: inbound;i/f_name: eth2-01.2809;origin_sic_name: CN=TEST-DMZ1,O=log_server_hostname;protection_id: tcp_segment_limit;rule_uid: {499DBB08-D262-4D9F-B639-5337A7B36E59};snid: 7572c682;src_machine_name: COMP-testuser-22;src_user_name: testuser-22 ;user: testuser-22 ;
<54>May 26 10:01:04 SymantecServer symantec.endpoint.ibm.lab: Security risk found,Computer name: COMP-1096209,Source: Scheduled Scan,Risk name: VirusDoctor,Occurrences: 1,c:/System Volume Information/_restore{A3F5C2A3-F289-4356-B021-1FEFEFB73CBD}/RP243/A0070465.exe,"",Actual action: Quarantined,Requested action: Quarantined,Secondary action: Left alone,Event time: 2017-05-26 10:01:04,Inserted:2017-05-26 10:01:04,End: 2017-05-26 10:01:04,Domain: Default,Group: My Company	est,Server: avp1,User: testuser-47,Source computer:  ,Source IP: 0.0.0.0
<26>May 26 10:01:05 ambiron.ipangel.ibm.lab ipangel-ips: [2017-05-26 10:01:05-05] alert [Priority: 9] [119:14:1] [(http_inspect) NON-RFC DEFINED CHAR] 30.90.182.58:57427 TCP 149.31.198.71:80 br0
<38>May 26 10:01:07 sshd[30013]: Failed none for invalid user testuser-60 from 201.150.192.18 port 58021 ssh2
<187>May 26 10:01:08 ['9.9.9.9'] httpd[16986]: [error] [client 218.111.178.29] Invalid URI in request \xf7vMKp`ET&\xa4\x9c\xc9\xec\xd1\xd8j\r\xce\xd9\xd4\xb3\c7
<182>May 26 10:01:10 apache.httpd.ibm.lab httpd: 218.111.178.29 171.41.87.24 - - [26/May/2017:10:01:10 -0500] "GET /<script>alert(53416)</script> HTTP/1.1" 404 443 320
<13>May 26 10:01:12 checkpoint.firewall.ibm.lab 26May2017  checkpoint.firewall.ibm.lab product: SmartDefense; src: 218.111.178.29; s_port: ; dst: 201.246.207.57; service: ; proto: icmp; rule: ;Attack Info: Echo request too big;Suppressed logs: 1;Total logs: 2;__policy_id_tag: product=VPN-1 & FireWall-1[db_tag={B5A7057E-7F61-11DD-AA43-C0A832D12424};mgmt=fwmngt-zentral;date=1221069352;policy_name=Spider_gbl];alert: alert;attack: Large ping;has_accounting: 0;i/f_dir: inbound;
<14>May 26 10:01:13 Message forwarded from aix.ibm.lab: ftp[random_number_1_to_999999]: ftp: EXPORT user testuser-29, host 98.100.4.6, local test_script.sh, remote test_script.sh.
<189>May 26 10:01:15 ['9.9.9.9'] authmgr[504]: <NOTI> login <00:1c:bf:ca:2b:98  147.198.103.40 testuser-6>method=802.1x, server=TEST001, role=Authenticated Update(status 0 method 0 role 16), reauth=1800 sec
<54>May 26 10:01:16 SymantecServer symantec.endpoint.ibm.lab: CNC2PSY9D1,Allowed,Sysfer exception: .\RegParamEngine.cpp 1152 Failed to read value DeviceInstance from key \Registry\Machine\SYSTEM\CurrentControlSet\Control\DeviceClasses\{53f56307-b6bf-11d0-94f2-00a0c91efb8b}\##?#IDE#DiskWDC_WD800JD-75MSA3______________________10.01E04#5&,Sysfer exception,Begin: 2017-05-26 10:01:16,End: 2017-05-26 10:01:16,Rule: Sysfer exception,3592,C:/Program Files/Cisco Systems/CSAgent/bin/okclient.exe,0,,,User: testuser-44,Domain: US
<190>May 26 10:01:18 arbor.pravail.ibm.lab pravail-aps: Blocked Host: Blocked host 218.111.178.29 10:53 by TCP Connection Reset using TCP/64595 (Unknown) destination 147.135.94.249 source port 443,URL: https://arbornetworks.pravail.test.com/chaos/
<133>May 26 10:01:19 microsoft.event.ibm.lab MSWinEventLog 1 Security 102757633 Fri May 26 10:01:19 2017 4907 Microsoft-Windows-Security-Auditing N/A N/A Success Audit testuser-20 Audit Policy Change Auditing settings on object were changed. Subject: Security ID: S-1-5-18 Account Name: testuser-20 Account Domain: us.ibm.com Logon ID: 0x1077444 Object: Object Server: Security Object Type: File Object Name: \Windows\winsxs\test.wav Handle ID: 0x3a8 Process Information: Process ID: 0x76A8C7 Process Name: C:\Windows\System32\wbengine.exe Auditing Settings: Original Security Descriptor: S:AI(AU;A;;WD) New Security Descriptor: S:ARAI(AU;SAFA;;;;WD)(AU;IDFA;B;;;WD) 832580
<54>May 26 10:01:21 SymantecServer symantec.endpoint.ibm.lab: Commercial application detected,Computer name: COMP-1100401,Detection type: Commercial,Application name: DameWare Development DWRCS,Application type: Remote Control,Application version: 5\~ 5\~ 0\~ 0,Hash type: SHA-1,Application hash: 4670d9eeeab7449788be3b18e9364ef0088b900e,Company name: DameWare Development LLC,File size (bytes): 208896,Sensitivity: 0,Detection score: 1,Submission recommendation: 0,Permitted application reason: 0,Source: Heuristic Scan,Risk name:  ,Occurrences: 1,DWMRCS,"DWMRCS",Actual action: Left alone,Requested action: Left alone,Secondary action: Commercial application detection,Event time: 2017-05-26 10:01:21,Inserted: 2017-05-26 10:01:21,End: 2017-05-26 10:01:21,Domain: Default,Group: My Company	est,Server: testbox,User: testuser-85,Source computer:  ,Source IP: 0.0.0.0
<54>May 26 10:01:22 SymantecServer symantec.endpoint.ibm.lab: CNC2PSY9D1,Allowed,Sysfer exception: .\RegParamEngine.cpp 1152 Failed to read value DeviceInstance from key \Registry\Machine\SYSTEM\CurrentControlSet\Control\DeviceClasses\{53f56307-b6bf-11d0-94f2-00a0c91efb8b}\##?#IDE#DiskWDC_WD800JD-75MSA3______________________10.01E04#5&,Sysfer exception,Begin: 2017-05-26 10:01:22,End: 2017-05-26 10:01:22,Rule: Sysfer exception,3592,C:/Program Files/Cisco Systems/CSAgent/bin/okclient.exe,0,,,User: testuser-58,Domain: US
<54>May 26 10:01:24 SymantecServer symantec.endpoint.ibm.lab: Potential risk found,Computer name: COMP-1104601,Detection type: Heuristic,Application name: (Unknown),Application type: Trojan Worm,Application version: ,Hash type: SHA-1,Application hash: 72c874f212a18944ff56f774bfe7252346b93f8e,Company name: ,File size (bytes): 301568,Sensitivity: 0,Detection score: 40,Submission recommendation:1,Permitted application reason: 0,Source: Heuristic Scan,Risk name: ,Occurrences: 1,c:\claims\claims32.exe,"",Actual action: Left alone,Requested action: Left alone,Secondary action: Left alone,Event time: 2017-05-26 10:01:24,Inserted:2017-05-26 10:01:24,End:  2017-05-26 10:01:24,Domain: Default,Group: My Company\LTC\Desktops,Server: crasesssmc01,User: testuser-69,Source computer: ,Source IP: 0.0.0.0
<54>May 26 10:01:26 SymantecServer symantec.endpoint.ibm.lab: testbox-abc,[SID: 21590] P2P Edonkey Ping Message detected.  Traffic has been allowed from this application: C:\Program Files\easyMule\emule.exe,Local: 212.2.111.4,Local: 00218696B978,Remote: ,Remote: 161.168.12.103,Remote: 000000000000,Outbound,OTHERS,Intrusion ID: 0,Begin: 2017-05-26 10:01:26,End: 2017-05-26 10:01:26,Occurrences: 1,Application: C:/Program Files/easyMule/emule.exe,Location: Default,User: testuser-59,Domain: us.ibm.com
<149>May 26 10:01:27 apple.macosx.ibm.lab sudo:    testuser-79 : TTY=ttyp1 ; PWD=/Users/admin ; USER=admin ;COMMAND=/bin/bash
<13>May 26 10:01:29 checkpoint.firewall.ibm.lab 26May2017  checkpoint.firewall.ibm.lab product: SmartDefense; src: 132.146.155.198; s_port: ; dst: 101.181.4.214; service: ; proto: udp; rule: ;Attack Info: Bad domain format, illegal ASCII value in domain;Suppressed logs: 1;Total logs: 2;__policy_id_tag: product=VPN-1 & FireWall-1[db_tag={9B20E8EA-7DE6-11DD-B7D6-C0A832D11E1E};mgmt=fwmngt-zentral;date=1220906528;policy_name=Vulpine_gbl];alert: alert;attack: Invalid DNS;has_accounting: 0;i/f_dir: inbound;
<187>May 26 10:01:30 ['9.9.9.9'] httpd[16986]: [error] [client 218.111.178.29] Invalid URI in request \xf7vMKp`ET&\xa4\x9c\xc9\xec\xd1\xd8j\r\xce\xd9\xd4\xb3\c7
<190>May 26 10:01:32 arbor.pravail.ibm.lab pravail-aps: Blocked Host: Blocked host 56.219.18.103 at 10:52 by Invalid Packets using TCP/0 (Unknown) destination 72.65.228.119,URL: https://arbornetworks.pravail.test.com/chaos/
<27>May 26 10:01:33 ambiron.ipangel.ibm.lab ipangel-ips: [2017-05-26 10:01:33-05] alert [Priority: 9] [119:2:1] [(http_inspect) DOUBLE DECODING ATTACK] 33.195.94.29:61650 TCP 76.46.5.65:80 br0
<13>May 26 10:01:35 checkpoint.firewall.ibm.lab 26May2017  checkpoint.firewall.ibm.lab product: martDefense; src: 136.38.97.190; s_port: ; dst: 72.88.120.243; service: ; proto: udp; rule: ;Attack Info: Response packet too long, potential buffer overflow;Suppressed logs: 5;Total logs: 6;__policy_id_tag: product=VPN-1 & FireWall-1[db_tag={321A4EE6-7DEA-11DD-BFAA-C0A832822626};mgmt=fwmngt05;date=1220908070;policy_name=KillerWhale_gbl];alert: alert;attack: Invalid DNS;has_accounting: 0;i/f_dir: inbound;
<25>May 26 10:01:37 ambiron.ipangel.ibm.lab ipangel-ips: [2017-05-26 10:01:37-05] alert [Priority: 9] [116:46:1] [(snort_decoder) WARNING: TCP Data Offset is less than 5!] 201.150.192.18:62167 TCP 7.49.203.100:80 br0
<133>May 26 10:01:38 microsoft.event.ibm.lab MSWinEventLog 1 Security 102757633 Fri May 26 10:01:38 2017 4907 Microsoft-Windows-Security-Auditing N/A N/A Success Audit testuser-97 Audit Policy Change Auditing settings on object were changed. Subject: Security ID: S-1-5-18 Account Name: testuser-97 Account Domain: us.ibm.com Logon ID: 0x1106704 Object: Object Server: Security Object Type: File Object Name: \Windows\winsxs\test.wav Handle ID: 0x3a8 Process Information: Process ID: 0xF20DE7 Process Name: C:\Windows\System32\wbengine.exe Auditing Settings: Original Security Descriptor: S:AI(AU;A;;WD) New Security Descriptor: S:ARAI(AU;SAFA;;;;WD)(AU;IDFA;B;;;WD) 393250
<13>May 26 10:01:40 microsoft.sec.ibm.lab AgentDevice=WindowsLog	AgentLogFile=Security	Source=Security	Computer=COMP-rogueUser-5	User=rogueUser-5	Domain=	EventID=680	EventIDCode=680	EventType=8	EventCategory=9	RecordNumber=594078	TimeGenerated=1495807300	TimeWritten=1495807300	Message=Logon attempt by: MICROSOFT_AUTHENTICATION_PACKAGE_V1_0 Logon account: rogueUser-5 Source Workstation: COMP-rogueUser-5 Error Code: 0x0 
<129>May 26 10:01:41 barracuda.firewall.ibm.lab WF ALER METACHARACTER_IN_PARAMETER 125.83.117.185 57318 3.246.191.171 443 security-policy GLOBAL DENY NONE [token="%00 " Parameter="article" value="../../../../../../../../etc/passwd"] GET 3.246.191.171/talkback.cgi?article=../../../../../../../../etc/passwd%00&action=view&matchview=1 HTTPS "-" ""-"" 3.246.191.171 57318 "-" "-"
<13>May 26 10:01:43 microsoft.sec.ibm.lab AgentDevice=WindowsLog	AgentLogFile=Security	Source=Security	Computer=COMP-testuser-83	User=testuser-83	Domain=	EventID=529	EventIDCode=529	EventType=16	EventCategory=2	RecordNumber=568776	TimeGenerated=1495807303	TimeWritten=1495807303	Message=Successful Network Logon: User Name: Domain: Logon ID: (0x0,0x1096209) Logon Type: 3 Logon Process: NtLmSsp Authentication Package: NTLM Workstation Name: COMP-testuser-83 Logon GUID: - Caller User Name: - Caller Domain: - Caller Logon ID: - Caller Process ID: - Transited Services: - Source Network Address: 165.11.95.213 Source Port: 0
<33>May 26 10:01:44 threecom.switch.ibm.lab %May 26 10:01:44 2017 S9500 PORTAL/5/PT_LOG: Online user 165.11.95.213 changes to 128.29.226.106, we will cut it off as using traffic-acct.
<13>May 26 10:01:46 microsoft.sec.ibm.lab AgentDevice=WindowsLog	AgentLogFile=Security	Source=Security	Computer=COMP-testuser-39	User=testuser-39	Domain=	EventID=675	EventIDCode=675	EventType=16	EventCategory=9	RecordNumber=7489	TimeGenerated=1495807306	TimeWritten=1495807306	Message=Pre-authentication failed: User Name: testuser-39 User ID: %{S-1-2-3-1098304} Service Name: krbtgt Pre-Authentication Type: 0x2 Failure Code: 0x18 Client Address: 7.145.77.225 
<13>May 26 10:01:48 checkpoint.firewall.ibm.lab 26May2017  checkpoint.firewall.ibm.lab product: martDefense; src: 165.11.95.213; s_port: ; dst: 51.136.108.51; service: ; proto: udp; rule: ;Attack Info: Response packet too long, potential buffer overflow;Suppressed logs: 5;Total logs: 6;__policy_id_tag: product=VPN-1 & FireWall-1[db_tag={321A4EE6-7DEA-11DD-BFAA-C0A832822626};mgmt=fwmngt05;date=1220908070;policy_name=KillerWhale_gbl];alert: alert;attack: Invalid DNS;has_accounting: 0;i/f_dir: inbound;
<182>May 26 10:01:49 apache.httpd.ibm.lab httpd: 54.11.145.63 85.96.152.228 - - [26/May/2017:10:01:49 -0500] "HEAD / HTTP/1.1" 200 443 -
<13>May 26 10:01:51 checkpoint.firewall.ibm.lab 26May2017  checkpoint.firewall.ibm.lab product: SmartDefense; src: 218.111.178.29; s_port: ; dst: 81.172.77.16; service: ; proto: udp; rule: ;Attack Info: Out-of-state DNS reply;Suppressed logs: 143;Total logs: 144;__policy_id_tag: product=VPN-1 & FireWall-1[db_tag={321A4EE6-7DEA-11DD-BFAA-C0A832822626};mgmt=fwmngt05;date=1220908070;policy_name=KillerWhale_gbl];alert: alert;attack: Invalid DNS;has_accounting: 0;i/f_dir: inbound;
<129>May 26 10:01:52 barracuda.firewall.ibm.lab WF ALER CROSS_SITE_SCRIPTING_IN_PARAM 125.83.117.185 59715 214.165.73.228 443 security-policy GLOBAL DENY NONE [type="cross-site-scripting" pattern="script-tag" token="<script>" Parameter="url" value="<script>alert(5341)</script>"] GET 214.165.73.228/redirect.asp?url=<script>alert(5341)</script> HTTPS "-" ""-"" 214.165.73.228 59845 "-" "-"
<13>May 26 10:01:54 microsoft.sec.ibm.lab AgentDevice=WindowsLog	AgentLogFile=Security	Source=Security	Computer=COMP-rogueUser-1	User=rogueUser-1	Domain=	EventID=672	EventIDCode=672	EventType=8	EventCategory=9	RecordNumber=827003	TimeGenerated=1495807314	TimeWritten=1495807314	Message=Authentication Ticket Request: User Name: rogueUser-1 Supplied Realm Name: us.ibm.com User ID: %{S-1-2-3-1113025} Service Name: krbtgt Service ID: %{S-3-2-1-F5D97C} Ticket Options: 0x40810010 Result Code: - Ticket Encryption Type: 0x17 Pre-Authentication Type: 2 Client Address: 128.181.84.66 Certificate Issuer Name:  Certificate Serial Number:  Certificate Thumbprint: 
<54>May 26 10:01:55 SymantecServer symantec.endpoint.ibm.lab: Security risk found,Computer name: COMP-1106704,Source: Scheduled Scan,Risk name: VirusDoctor,Occurrences: 1,c:/System Volume Information/_restore{A3F5C2A3-F289-4356-B021-1FEFEFB73CBD}/RP243/A0070465.exe,"",Actual action: Quarantined,Requested action: Quarantined,Secondary action: Left alone,Event time: 2017-05-26 10:01:55,Inserted:2017-05-26 10:01:55,End: 2017-05-26 10:01:55,Domain: Default,Group: My Company	est,Server: avp1,User: testuser-88,Source computer:  ,Source IP: 0.0.0.0
<13>May 26 10:01:57 microsoft.sec.ibm.lab AgentDevice=WindowsLog	AgentLogFile=Security	Source=Security	Computer=COMP-testuser-23	User=SYSTEM	Domain=	EventID=644	EventIDCode=644	EventType=8	EventCategory=7	RecordNumber=354243	TimeGenerated=1495807317	TimeWritten=1495807317	Message=User Account Locked Out: Target Account Name: testuser-23 Target Account ID: %{S-1-2-3-1083681} Caller Machine Name: COMP-CALLER01 Caller User Name: CALLER-01 Caller Domain: us.ibm.com Caller Logon ID: (0x0,0xBA5EBA11)
<86>May 26 10:01:58 apple.macosx.ibm.lab sshd[5590]: Failed password for invalid user testuser-9 from 99.123.52.13 port 58757 ssh2
<13>May 26 10:02:00 checkpoint.firewall.ibm.lab 26May2017  checkpoint.firewall.ibm.lab product: SmartDefense; src: 165.11.95.213; s_port: ; dst: 40.65.233.201; service: ; proto: udp; rule: ;Attack Info: Bad domain format, illegal ASCII value in domain;Suppressed logs: 1;Total logs: 2;__policy_id_tag: product=VPN-1 & FireWall-1[db_tag={9B20E8EA-7DE6-11DD-B7D6-C0A832D11E1E};mgmt=fwmngt-zentral;date=1220906528;policy_name=Vulpine_gbl];alert: alert;attack: Invalid DNS;has_accounting: 0;i/f_dir: inbound;
<38>May 26 10:02:02 sshd[123311]: Invalid user testuser-99 from 154.102.244.170
<14>May 26 10:02:03 Message forwarded from aix.ibm.lab: ftp[random_number_1_to_999999]: ftp: IMPORT user testuser-62, host 136.38.97.190, local test_file, remote /data/savedata/test_file.dat.
<13>May 26 10:02:05 checkpoint.firewall.ibm.lab 26May2017  checkpoint.firewall.ibm.lab product: SmartDefense; src: 113.146.67.20; s_port: ; dst: 220.61.28.54; service: ; proto: udp; rule: ;Attack Info: Bad domain format, illegal ASCII value in domain;Suppressed logs: 1;Total logs: 2;__policy_id_tag: product=VPN-1 & FireWall-1[db_tag={9B20E8EA-7DE6-11DD-B7D6-C0A832D11E1E};mgmt=fwmngt-zentral;date=1220906528;policy_name=Vulpine_gbl];alert: alert;attack: Invalid DNS;has_accounting: 0;i/f_dir: inbound;
<182>May 26 10:02:06 apache.httpd.ibm.lab httpd: 125.83.117.185 80.176.74.183 - - [26/May/2017:10:02:06 -0500] "CONNECT 10.35.79.71:443 HTTP/1.1" 405 443 297
<33>May 26 10:02:08 threecom.switch.ibm.lab %May 26 10:02:08 2017 S9500 RTA/3/Failed to start accounting: Failed to start traffic accounting for user 51.18.44.104 on board 6
<13>May 26 10:02:09 microsoft.sec.ibm.lab AgentDevice=WindowsLog	AgentLogFile=Security	Source=Security	Computer=COMP-testuser-100	User=testuser-100	Domain=	EventID=680	EventIDCode=680	EventType=8	EventCategory=9	RecordNumber=84547	TimeGenerated=1495807329	TimeWritten=1495807329	Message=Logon attempt by: MICROSOFT_AUTHENTICATION_PACKAGE_V1_0 Logon account: testuser-100 Source Workstation: COMP-testuser-100 Error Code: 0x0 
<33>May 26 10:02:11 threecom.switch.ibm.lab %May 26 10:02:11 2017 S9500 RTA/3/Failed to get user traffic: Failed to get traffic of user 56.219.18.103 on board 6
<33>May 26 10:02:13 threecom.switch.ibm.lab %May 26 10:02:13 2017 S9500 PORTAL/5/PT_LOG: Online user 83.87.204.105 changes to 32.92.206.157, we will cut it off as using traffic-acct.
<129>May 26 10:02:14 barracuda.firewall.ibm.lab WF ALER CROSS_SITE_SCRIPTING_IN_PARAM 79.186.10.120 61893 94.38.254.247 443 security-policy GLOBAL DENY NONE [type="cross-site-scripting" pattern="script-tag" token="<script>" Parameter="url" value="<script>alert(5341)</script>"] GET 94.38.254.247/redirect.asp?url=<script>alert(5341)</script> HTTPS "-" ""-"" 94.38.254.247 59845 "-" "-"
<187>May 26 10:02:16 ['9.9.9.9'] httpd[16986]: [error] [client 218.111.178.29] Invalid URI in request \xf7vMKp`ET&\xa4\x9c\xc9\xec\xd1\xd8j\r\xce\xd9\xd4\xb3\c7
<190>May 26 10:02:17 arbor.pravail.ibm.lab pravail-aps: Blocked Host: Blocked host 137.38.197.140 10:53 by TCP Connection Reset using TCP/60786 (Unknown) destination 193.188.55.224 source port 443,URL: https://arbornetworks.pravail.test.com/chaos/
<13>May 26 10:02:19 microsoft.sec.ibm.lab AgentDevice=WindowsLog	AgentLogFile=Security	Source=Security	Computer=COMP-testuser-56	User=testuser-56	Domain=	EventID=675	EventIDCode=675	EventType=16	EventCategory=9	RecordNumber=905844	TimeGenerated=1495807339	TimeWritten=1495807339	Message=Pre-authentication failed: User Name: testuser-56 User ID: %{S-1-2-3-1096209} Service Name: krbtgt Pre-Authentication Type: 0x2 Failure Code: 0x18 Client Address: 165.11.95.213 
<14>May 26 10:02:20 Message forwarded from aix.ibm.lab: ftp[random_number_1_to_999999]: ftp: EXPORT user testuser-76, host 72.231.99.109, local test_script.sh, remote test_script.sh.
<54>May 26 10:02:22 SymantecServer symantec.endpoint.ibm.lab: testbox-abc,[SID: 21590] P2P Edonkey Ping Message detected.  Traffic has been allowed from this application: C:\Program Files\easyMule\emule.exe,Local: 212.2.111.4,Local: 00218696B978,Remote: ,Remote: 84.39.203.156,Remote: 000000000000,Outbound,OTHERS,Intrusion ID: 0,Begin: 2017-05-26 10:02:22,End: 2017-05-26 10:02:22,Occurrences: 1,Application: C:/Program Files/easyMule/emule.exe,Location: Default,User: testuser-59,Domain: us.ibm.com
<182>May 26 10:02:24 apache.httpd.ibm.lab httpd: 165.11.95.213 28.166.129.101 - - [26/May/2017:10:02:24 -0500] "GET /<script>alert(53416)</script> HTTP/1.1" 404 443 320
<133>May 26 10:02:25 microsoft.event.ibm.lab MSWinEventLog 1 Security 102757633 Fri May 26 10:02:25 2017 4907 Microsoft-Windows-Security-Auditing N/A N/A Success Audit testuser-47 Audit Policy Change Auditing settings on object were changed. Subject: Security ID: S-1-5-18 Account Name: testuser-47 Account Domain: us.ibm.com Logon ID: 0x1096209 Object: Object Server: Security Object Type: File Object Name: \Windows\winsxs\test.wav Handle ID: 0x3a8 Process Information: Process ID: 0x893B97 Process Name: C:\Windows\System32\wbengine.exe Auditing Settings: Original Security Descriptor: S:AI(AU;A;;WD) New Security Descriptor: S:ARAI(AU;SAFA;;;;WD)(AU;IDFA;B;;;WD) 542662
<27>May 26 10:02:27 ambiron.ipangel.ibm.lab ipangel-ips: [2017-05-26 10:02:27-05] alert [Priority: 9] [119:2:1] [(http_inspect) DOUBLE DECODING ATTACK] 179.174.48.208:54574 TCP 101.19.230.88:80 br0
<13>May 26 10:02:28 microsoft.sec.ibm.lab AgentDevice=WindowsLog	AgentLogFile=Security	Source=Security	Computer=COMP-testuser-54	User=SYSTEM	Domain=	EventID=644	EventIDCode=644	EventType=8	EventCategory=7	RecordNumber=771496	TimeGenerated=1495807348	TimeWritten=1495807348	Message=User Account Locked Out: Target Account Name: testuser-54 Target Account ID: %{S-1-2-3-1092025} Caller Machine Name: COMP-CALLER01 Caller User Name: CALLER-01 Caller Domain: us.ibm.com Caller Logon ID: (0x0,0xBA5EBA11)
<189>May 26 10:02:30 ['9.9.9.9'] authmgr[504]: <NOTI> login <00:1c:bf:ca:2b:98  165.11.95.213 testuser-83>method=802.1x, server=TEST001, role=Authenticated Update(status 0 method 0 role 16), reauth=1800 sec
<129>May 26 10:02:31 barracuda.firewall.ibm.lab WF ALER SLASH_DOT_IN_URL 83.87.204.105 53285 201.178.68.50 443 security-policy GLOBAL DENY NONE ["-"] GET 201.178.68.50/themes/default/css/.htaccess HTTPS "-" ""-"" 201.178.68.50 44428 "-" "-"
<54>May 26 10:02:33 SymantecServer symantec.endpoint.ibm.lab: CNC2PSY9D1,Allowed,Sysfer exception: .\RegParamEngine.cpp 1152 Failed to read value DeviceInstance from key \Registry\Machine\SYSTEM\CurrentControlSet\Control\DeviceClasses\{53f56307-b6bf-11d0-94f2-00a0c91efb8b}\##?#IDE#DiskWDC_WD800JD-75MSA3______________________10.01E04#5&,Sysfer exception,Begin: 2017-05-26 10:02:33,End: 2017-05-26 10:02:33,Rule: Sysfer exception,3592,C:/Program Files/Cisco Systems/CSAgent/bin/okclient.exe,0,,,User: testuser-44,Domain: US
<33>May 26 10:02:34 threecom.switch.ibm.lab %May 26 10:02:34 2017 S9500 PORTAL/5/PT_LOG: Online user 202.207.224.25 changes to 197.48.133.60, we will cut it off as using traffic-acct.
<190>May 26 10:02:36 arbor.pravail.ibm.lab pravail-aps: Blocked Host: Blocked host 56.219.18.103 at 10:52 by Invalid Packets using TCP/0 (Unknown) destination 84.180.34.123,URL: https://arbornetworks.pravail.test.com/chaos/
<50>May 26 10:02:38 SymantecServer symantec.endpoint.ibm.lab: testbox-xyz,[SID: 70025] Web Attack: Blackhole Exploit Toolkit 2 attack blocked. Traffic has been blocked for this application: C:\Program Files\Internet Explorer\iexplore.exe,Local: 0.0.0.0,Local: 000000000000,Remote: ,Remote: 0.0.0.0,Remote: 000000000000,Inbound,OTHERS,,Begin: 2017-05-26 10:02:38,End: 2017-05-26 10:02:38,Occurrences: 1,Application: C:/Program Files/Internet Explorer/iexplore.exe,Location: Default,User: testuser-78,Domain: SIMON,!ExternalLoggingTask.localport! 0,!ExternalLoggingTask.remoteport! 0,!ExternalLoggingTask.cidssignid! 70025,!ExternalLoggingTask.strcidssignid! Web Attack: Blackhole Exploit Toolkit 2,!ExternalLoggingTask.cidssignsubid! 0,!ExternalLoggingTask.intrusionurl! http://pppptttt.blah.net/links/came_broadcasting_taking-various.php,!ExternalLoggingTask.intrusionpayloadurl!
<38>May 26 10:02:39 sshd[random_number_1_to_999999]: Accepted keyboard-interactive/pam for rogueUser-4 from 128.234.158.118 port 56132 ssh2
<34>May 26 10:02:39 Message forwarded from aix.ibm.lab: su: BAD SU from rogueUser-4 to root at /dev/pts/3
<190>May 26 10:02:41 arbor.pravail.ibm.lab pravail-aps: Blocked Host: Blocked host 51.18.44.104 10:53 by TCP Connection Reset using TCP/49839 (Unknown) destination 85.173.208.140 source port 443,URL: https://arbornetworks.pravail.test.com/chaos/
<187>May 26 10:02:42 ['9.9.9.9'] httpd[16986]: [error] [client 128.234.158.118] Invalid URI in request \xf7vMKp`ET&\xa4\x9c\xc9\xec\xd1\xd8j\r\xce\xd9\xd4\xb3\c7
<38>May 26 10:02:44 sshd[789931]: Invalid user testuser-75 from 30.90.182.58
<33>May 26 10:02:45 threecom.switch.ibm.lab %May 26 10:02:45 2017 S9500 FTPS/5/USERIN: User testuser-49(120.171.20.155) login succeeded
<13>May 26 10:02:47 checkpoint.firewall.ibm.lab 26May2017  checkpoint.firewall.ibm.lab product: SmartDefense; src: 128.234.158.118; s_port: ; dst: 81.175.126.45; service: ; proto: udp; rule: ;Attack Info: Out-of-state DNS reply;Suppressed logs: 143;Total logs: 144;__policy_id_tag: product=VPN-1 & FireWall-1[db_tag={321A4EE6-7DEA-11DD-BFAA-C0A832822626};mgmt=fwmngt05;date=1220908070;policy_name=KillerWhale_gbl];alert: alert;attack: Invalid DNS;has_accounting: 0;i/f_dir: inbound;
<29>May 26 10:02:49 Message forwarded from aix.ibm.lab: telnetd[19011094090276]: telnet from ::ffff:179.174.48.208 on /dev/pts/1
<29>May 26 10:02:50 Message forwarded from aix.ibm.lab: telnetd[14049324090276]: telnet from ::ffff:165.11.95.213 on /dev/pts/1
<39>May 26 10:02:52 Message forwarded from aix.ibm.lab: testuser-15 PAM: pam_authenticate: error Authentication failed
<26>May 26 10:02:53 ambiron.ipangel.ibm.lab ipangel-ips: [2017-05-26 10:02:53-05] alert [Priority: 9] [119:14:1] [(http_inspect) NON-RFC DEFINED CHAR] 79.186.10.120:57533 TCP 62.62.81.169:80 br0
<33>May 26 10:02:55 threecom.switch.ibm.lab %May 26 10:02:55 2017 S9500 RTA/3/Failed to start accounting: Failed to start traffic accounting for user 56.219.18.103 on board 6
<54>May 26 10:02:56 SymantecServer symantec.endpoint.ibm.lab: Commercial application detected,Computer name: COMP-1075369,Detection type: Commercial,Application name: DameWare Development DWRCS,Application type: Remote Control,Application version: 5\~ 5\~ 0\~ 0,Hash type: SHA-1,Application hash: 4670d9eeeab7449788be3b18e9364ef0088b900e,Company name: DameWare Development LLC,File size (bytes): 208896,Sensitivity: 0,Detection score: 1,Submission recommendation: 0,Permitted application reason: 0,Source: Heuristic Scan,Risk name:  ,Occurrences: 1,DWMRCS,"DWMRCS",Actual action: Left alone,Requested action: Left alone,Secondary action: Commercial application detection,Event time: 2017-05-26 10:02:56,Inserted: 2017-05-26 10:02:56,End: 2017-05-26 10:02:56,Domain: Default,Group: My Company	est,Server: testbox,User: testuser-10,Source computer:  ,Source IP: 0.0.0.0
<182>May 26 10:02:58 apache.httpd.ibm.lab httpd: 120.171.20.155 138.27.244.40 - - [26/May/2017:10:02:58 -0500] "POST /test.php?doing_test=123 HTTP/1.0" 404 80 282
<13>May 26 10:03:00 checkpoint.firewall.ibm.lab 26May2017 reject checkpoint.firewall.ibm.lab product: VPN-1 & FireWall-1; src: 201.150.192.18; s_port: 55068; dst: 108.39.234.171; service: 113; proto: tcp; rule: 14;SmartDefense profile: Default_Protection;__policy_id_tag: product=VPN-1 & FireWall-1[db_tag={25E5B8F6-79E7-11DD-941A-C0A832D00C0C};mgmt=fwmngt-wuv;date=1220466957;policy_name=rhino_gbl];has_accounting: 0;i/f_dir: inbound;i/f_name: eth-s2/s1p1c0;rule_uid: {9C96B325-D976-4A30-8685-9ED61018A6E7};service_id: gident;
<13>May 26 10:03:01 checkpoint.firewall.ibm.lab 26May2017  checkpoint.firewall.ibm.lab product: martDefense; src: 218.111.178.29; s_port: ; dst: 35.226.66.104; service: ; proto: udp; rule: ;Attack Info: Response packet too long, potential buffer overflow;Suppressed logs: 5;Total logs: 6;__policy_id_tag: product=VPN-1 & FireWall-1[db_tag={321A4EE6-7DEA-11DD-BFAA-C0A832822626};mgmt=fwmngt05;date=1220908070;policy_name=KillerWhale_gbl];alert: alert;attack: Invalid DNS;has_accounting: 0;i/f_dir: inbound;
<33>May 26 10:03:03 threecom.switch.ibm.lab %May 26 10:03:03 2017 S9500 RTA/3/Failed to start accounting: Failed to start traffic accounting for user 79.186.10.120 on board 6
<13>May 26 10:03:04 microsoft.sec.ibm.lab AgentDevice=WindowsLog	AgentLogFile=Security	Source=Security	Computer=COMP-testuser-52	User=testuser-52	Domain=	EventID=576	EventIDCode=576	EventType=8	EventCategory=2	RecordNumber=877441	TimeGenerated=1495807384	TimeWritten=1495807384	Message=Special privileges assigned to new logon: User Name: testuser-52 Domain: us.ibm.com Logon ID: (0x0,0x1087849) Privileges: SeSecurityPrivilege SeBackupPrivilege SeRestorePrivilege SeTakeOwnershipPrivilege SeDebugPrivilege SeSystemEnvironmentPrivilege SeLoadDriverPrivilege SeImpersonatePrivilege
<133>May 26 10:03:06 microsoft.event.ibm.lab MSWinEventLog 1 Security 102757633 Fri May 26 10:03:06 2017 4907 Microsoft-Windows-Security-Auditing N/A N/A Success Audit testuser-50 Audit Policy Change Auditing settings on object were changed. Subject: Security ID: S-1-5-18 Account Name: testuser-50 Account Domain: us.ibm.com Logon ID: 0x1083681 Object: Object Server: Security Object Type: File Object Name: \Windows\winsxs\test.wav Handle ID: 0x3a8 Process Information: Process ID: 0x87AD12 Process Name: C:\Windows\System32\wbengine.exe Auditing Settings: Original Security Descriptor: S:AI(AU;A;;WD) New Security Descriptor: S:ARAI(AU;SAFA;;;;WD)(AU;IDFA;B;;;WD) 44728
<54>May 26 10:03:07 SymantecServer symantec.endpoint.ibm.lab: testbox-abc,[SID: 21590] P2P Edonkey Ping Message detected.  Traffic has been allowed from this application: C:\Program Files\easyMule\emule.exe,Local: 125.83.117.185,Local: 00218696B978,Remote: ,Remote: 119.106.95.192,Remote: 000000000000,Outbound,OTHERS,Intrusion ID: 0,Begin: 2017-05-26 10:03:07,End: 2017-05-26 10:03:07,Occurrences: 1,Application: C:/Program Files/easyMule/emule.exe,Location: Default,User: testuser-14,Domain: us.ibm.com
<182>May 26 10:03:09 apache.httpd.ibm.lab httpd: 79.186.10.120 26.107.109.162 - - [26/May/2017:10:03:09 -0500] "TRACE / HTTP/1.0" 403 443 272
<14>May 26 10:03:10 Message forwarded from aix.ibm.lab: ftp[random_number_1_to_999999]: ftp: EXPORT user testuser-26, host 168.242.158.184, local test_script.sh, remote test_script.sh.
<182>May 26 10:03:12 apache.httpd.ibm.lab httpd: 218.111.178.29 73.35.4.83 - - [26/May/2017:10:03:12 -0500] "POST /test.php?doing_test=123 HTTP/1.0" 404 80 282
<187>May 26 10:03:14 ['9.9.9.9'] httpd[16986]: [error] [client 125.83.117.185] Invalid URI in request \xf7vMKp`ET&\xa4\x9c\xc9\xec\xd1\xd8j\r\xce\xd9\xd4\xb3\c7
<129>May 26 10:03:15 barracuda.firewall.ibm.lab WF ALER SLASH_DOT_IN_URL 201.150.192.18 57919 115.6.173.221 443 security-policy GLOBAL DENY NONE ["-"] GET 115.6.173.221/themes/default/css/.htaccess HTTPS "-" ""-"" 115.6.173.221 44428 "-" "-"
<54>May 26 10:03:17 SymantecServer symantec.endpoint.ibm.lab: Commercial application detected,Computer name: COMP-1085764,Detection type: Commercial,Application name: DameWare Development DWRCS,Application type: Remote Control,Application version: 5\~ 5\~ 0\~ 0,Hash type: SHA-1,Application hash: 4670d9eeeab7449788be3b18e9364ef0088b900e,Company name: DameWare Development LLC,File size (bytes): 208896,Sensitivity: 0,Detection score: 1,Submission recommendation: 0,Permitted application reason: 0,Source: Heuristic Scan,Risk name:  ,Occurrences: 1,DWMRCS,"DWMRCS",Actual action: Left alone,Requested action: Left alone,Secondary action: Commercial application detection,Event time: 2017-05-26 10:03:17,Inserted: 2017-05-26 10:03:17,End: 2017-05-26 10:03:17,Domain: Default,Group: My Company	est,Server: testbox,User: testuser-51,Source computer:  ,Source IP: 0.0.0.0
<190>May 26 10:03:18 arbor.pravail.ibm.lab pravail-aps: Blocked Host: Blocked host 30.90.182.58 at 10:53 by Malformed HTTP Filtering using TCP/80 (HTTP) destination 212.20.245.102 source port 65091,URL: https://arbornetworks.pravail.test.com/chaos/
<157>May 26 10:03:20 microsoft.event.ibm.lab MSWinEventLog	4	Security	60703	Fri May 26 10:03:20 2017	552	Security	NETWORK SERVICE	Well Known Group	Success Audit	testuser-32	Logon/Logoff		Logon attempt using explicit credentials: Logged on user:  User Name: NETWORK SERVICE  Domain: NT AUTHORITY  Logon ID: (0x0,0x1083681)  Logon GUID: -  User whose credentials were used:  Target User Name: testuser-32  Target Domain: us.ibm.com Target Logon GUID: -  Target Server Name: localhost  Target Server Info: localhost  Caller Process ID: 481336  Source Network Address: -  Source Port: - 	56794
<182>May 26 10:03:21 apache.httpd.ibm.lab httpd: 128.234.158.118 141.53.7.22 - - [26/May/2017:10:03:21 -0500] "GET /<script>alert(53416)</script> HTTP/1.1" 404 443 320
<54>May 26 10:03:23 SymantecServer symantec.endpoint.ibm.lab: Security risk found,Computer name: COMP-1104601,Source: Scheduled Scan,Risk name: VirusDoctor,Occurrences: 1,c:/System Volume Information/_restore{A3F5C2A3-F289-4356-B021-1FEFEFB73CBD}/RP243/A0070465.exe,"",Actual action: Quarantined,Requested action: Quarantined,Secondary action: Left alone,Event time: 2017-05-26 10:03:23,Inserted:2017-05-26 10:03:23,End: 2017-05-26 10:03:23,Domain: Default,Group: My Company	est,Server: avp1,User: testuser-78,Source computer:  ,Source IP: 0.0.0.0
<13>May 26 10:03:25 microsoft.sec.ibm.lab AgentDevice=WindowsLog	AgentLogFile=Security	Source=Security	Computer=COMP-testuser-22	User=testuser-22	Domain=	EventID=540	EventIDCode=540	EventType=8	EventCategory=2	RecordNumber=437800	TimeGenerated=1495807405	TimeWritten=1495807405	Message=Successful Network Logon: User Name: Domain: Logon ID: (0x0,0x1081600) Logon Type: 3 Logon Process: NtLmSsp Authentication Package: NTLM Workstation Name: COMP-testuser-22 Logon GUID: - Caller User Name: - Caller Domain: - Caller Logon ID: - Caller Process ID: - Transited Services: - Source Network Address: 51.18.44.104 Source Port: 0
<129>May 26 10:03:26 barracuda.firewall.ibm.lab WF ALER CROSS_SITE_SCRIPTING_IN_PARAM 165.11.95.213 60601 96.165.66.33 443 security-policy GLOBAL DENY NONE [type="cross-site-scripting" pattern="script-tag" token="<script>" Parameter="url" value="<script>alert(5341)</script>"] GET 96.165.66.33/redirect.asp?url=<script>alert(5341)</script> HTTPS "-" ""-"" 96.165.66.33 59845 "-" "-"
<13>May 26 10:03:28 checkpoint.firewall.ibm.lab 26May2017 drop checkpoint.firewall.ibm.lab product: VPN-1 &FireWall-1; src: 120.171.20.155; s_port: 51823; dst: 107.64.207.85; service: 138; proto: udp; rule: 323;SmartDefense profile: Default_Protection;__policy_id_tag: product=VPN-1 & FireWall-1[db_tag={48AB8350-7F61-11DD-887D-C0A832D16C6C};mgmt=fwmngt-zentral;date=1221069169;policy_name=Chameleon_gbl];has_accounting: 0;i/f_dir: inbound;i/f_name: eth-s1/s1p1c0;rule_uid: {21D66174-0E19-4B77-A1E9-3473FE991088};
<54>May 26 10:03:29 SymantecServer symantec.endpoint.ibm.lab: Security risk found,Computer name: COMP-1102500,Source: Scheduled Scan,Risk name: VirusDoctor,Occurrences: 1,c:/System Volume Information/_restore{A3F5C2A3-F289-4356-B021-1FEFEFB73CBD}/RP243/A0070465.exe,"",Actual action: Quarantined,Requested action: Quarantined,Secondary action: Left alone,Event time: 2017-05-26 10:03:29,Inserted:2017-05-26 10:03:29,End: 2017-05-26 10:03:29,Domain: Default,Group: My Company	est,Server: avp1,User: testuser-95,Source computer:  ,Source IP: 0.0.0.0
<182>May 26 10:03:31 apache.httpd.ibm.lab httpd: 218.111.178.29 56.98.136.9 - - [26/May/2017:10:03:31 -0500] "GET / HTTP/1.0" 200 443 9334
<54>May 26 10:03:32 SymantecServer symantec.endpoint.ibm.lab: DCA-EMAPROJ2,Allowed,"C:\Program Files\Common Files\Symantec Shared\ccSvcHst.exe",,Begin: 2017-05-26 10:03:32,End:2017-05-26 10:03:32,Rule: ,2528,C:/Program Files/Microsoft Virtual Server/vmh.exe,0,,C:/ProgramFiles/Common Files/Symantec Shared/ccSvcHst.exe,User: testuser-15,Domain: US
<182>May 26 10:03:34 apache.httpd.ibm.lab httpd: 165.11.95.213 208.66.109.98 - - [26/May/2017:10:03:34 -0500] "OPTIONS /cgi-bin/index.php HTTP/1.1" 200 443 -
<38>May 26 10:03:36 sshd[593843]: input_userauth_request: invalid user rogueUser-1
<13>May 26 10:03:37 microsoft.sec.ibm.lab AgentDevice=WindowsLog	AgentLogFile=Security	Source=Security	Computer=COMP-rogueUser-3	User=rogueUser-3	Domain=	EventID=672	EventIDCode=672	EventType=16	EventCategory=9	RecordNumber=825296	TimeGenerated=1495807417	TimeWritten=1495807417	Message=Authentication Ticket Request: User Name: rogueUser-3 Supplied Realm Name: us.ibm.com User ID: %{S-1-2-3-1117249} Service Name: krbtgt Service ID: %{S-3-2-1-437A05} Ticket Options: 0x40810010 Result Code: - Ticket Encryption Type: 0x17 Pre-Authentication Type: 2 Client Address: 20.135.51.253 Certificate Issuer Name:  Certificate Serial Number:  Certificate Thumbprint: 
<190>May 26 10:03:39 arbor.pravail.ibm.lab pravail-aps: Blocked Host: Blocked host 202.207.224.25 at 10:53 by Malformed HTTP Filtering using TCP/80 (HTTP) destination 13.244.126.89 source port 56543,URL: https://arbornetworks.pravail.test.com/chaos/
<26>May 26 10:03:40 ambiron.ipangel.ibm.lab ipangel-ips: [2017-05-26 10:03:40-05] alert [Priority: 9] [119:14:1] [(http_inspect) NON-RFC DEFINED CHAR] 128.234.158.118:57155 TCP 11.187.244.1:80 br0
<182>May 26 10:03:42 apache.httpd.ibm.lab httpd: 33.195.94.29 142.148.222.117 - - [26/May/2017:10:03:42 -0500] "TRACE / HTTP/1.0" 403 443 272
<182>May 26 10:03:43 apache.httpd.ibm.lab httpd: 56.219.18.103 204.21.73.35 - - [26/May/2017:10:03:43 -0500] "TRACE / HTTP/1.0" 403 443 272
<54>May 26 10:03:45 SymantecServer symantec.endpoint.ibm.lab: testbox-abc,[SID: 21590] P2P Edonkey Ping Message detected.  Traffic has been allowed from this application: C:\Program Files\easyMule\emule.exe,Local: 213.39.172.85,Local: 00218696B978,Remote: ,Remote: 4.56.141.230,Remote: 000000000000,Outbound,OTHERS,Intrusion ID: 0,Begin: 2017-05-26 10:03:45,End: 2017-05-26 10:03:45,Occurrences: 1,Application: C:/Program Files/easyMule/emule.exe,Location: Default,User: testuser-3,Domain: us.ibm.com
<27>May 26 10:03:46 ambiron.ipangel.ibm.lab ipangel-ips: [2017-05-26 10:03:46-05] alert [Priority: 9] [119:2:1] [(http_inspect) DOUBLE DECODING ATTACK] 125.83.117.185:49903 TCP 164.160.217.108:80 br0
<54>May 26 10:03:48 SymantecServer symantec.endpoint.ibm.lab: Commercial application detected,Computer name: COMP-1092025,Detection type: Commercial,Application name: DameWare Development DWRCS,Application type: Remote Control,Application version: 5\~ 5\~ 0\~ 0,Hash type: SHA-1,Application hash: 4670d9eeeab7449788be3b18e9364ef0088b900e,Company name: DameWare Development LLC,File size (bytes): 208896,Sensitivity: 0,Detection score: 1,Submission recommendation: 0,Permitted application reason: 0,Source: Heuristic Scan,Risk name:  ,Occurrences: 1,DWMRCS,"DWMRCS",Actual action: Left alone,Requested action: Left alone,Secondary action: Commercial application detection,Event time: 2017-05-26 10:03:48,Inserted: 2017-05-26 10:03:48,End: 2017-05-26 10:03:48,Domain: Default,Group: My Company	est,Server: testbox,User: testuser-36,Source computer:  ,Source IP: 0.0.0.0
<13>May 26 10:03:50 checkpoint.firewall.ibm.lab 26May2017  checkpoint.firewall.ibm.lab product: SmartDefense; src: 165.11.95.213; s_port: ; dst: 106.64.221.248; service: ; proto: udp; rule: ;Attack Info: Out-of-state DNS reply;Suppressed logs: 143;Total logs: 144;__policy_id_tag: product=VPN-1 & FireWall-1[db_tag={321A4EE6-7DEA-11DD-BFAA-C0A832822626};mgmt=fwmngt05;date=1220908070;policy_name=KillerWhale_gbl];alert: alert;attack: Invalid DNS;has_accounting: 0;i/f_dir: inbound;
<13>May 26 10:03:51 checkpoint.firewall.ibm.lab 26May2017 drop checkpoint.firewall.ibm.lab product: VPN-1 &FireWall-1; src: 56.219.18.103; s_port: 53432; dst: 80.183.126.31; service: 138; proto: udp; rule: 323;SmartDefense profile: Default_Protection;__policy_id_tag: product=VPN-1 & FireWall-1[db_tag={48AB8350-7F61-11DD-887D-C0A832D16C6C};mgmt=fwmngt-zentral;date=1221069169;policy_name=Chameleon_gbl];has_accounting: 0;i/f_dir: inbound;i/f_name: eth-s1/s1p1c0;rule_uid: {21D66174-0E19-4B77-A1E9-3473FE991088};
<54>May 26 10:03:53 SymantecServer symantec.endpoint.ibm.lab: Security risk found,Computer name: COMP-1094116,Source: Scheduled Scan,Risk name: VirusDoctor,Occurrences: 1,c:/System Volume Information/_restore{A3F5C2A3-F289-4356-B021-1FEFEFB73CBD}/RP243/A0070465.exe,"",Actual action: Quarantined,Requested action: Quarantined,Secondary action: Left alone,Event time: 2017-05-26 10:03:53,Inserted:2017-05-26 10:03:53,End: 2017-05-26 10:03:53,Domain: Default,Group: My Company	est,Server: avp1,User: testuser-82,Source computer:  ,Source IP: 0.0.0.0
<190>May 26 10:03:54 arbor.pravail.ibm.lab pravail-aps: Blocked Host: Blocked host 120.171.20.155 10:53 by TCP Connection Reset using TCP/54646 (Unknown) destination 75.128.249.79 source port 443,URL: https://arbornetworks.pravail.test.com/chaos/
<189>May 26 10:03:56 ['9.9.9.9'] authmgr[504]: <NOTI> login <00:1c:bf:ca:2b:98  165.11.95.213 testuser-74>method=802.1x, server=TEST001, role=Authenticated Update(status 0 method 0 role 16), reauth=1800 sec
<187>May 26 10:03:57 ['9.9.9.9'] httpd[16986]: [error] [client 218.111.178.29] Invalid URI in request \xf7vMKp`ET&\xa4\x9c\xc9\xec\xd1\xd8j\r\xce\xd9\xd4\xb3\c7
<133>May 26 10:03:59 microsoft.event.ibm.lab MSWinEventLog 1 Security 102757633 Fri May 26 10:03:59 2017 4907 Microsoft-Windows-Security-Auditing N/A N/A Success Audit testuser-34 Audit Policy Change Auditing settings on object were changed. Subject: Security ID: S-1-5-18 Account Name: testuser-34 Account Domain: us.ibm.com Logon ID: 0x1087849 Object: Object Server: Security Object Type: File Object Name: \Windows\winsxs\test.wav Handle ID: 0x3a8 Process Information: Process ID: 0xD4326B Process Name: C:\Windows\System32\wbengine.exe Auditing Settings: Original Security Descriptor: S:AI(AU;A;;WD) New Security Descriptor: S:ARAI(AU;SAFA;;;;WD)(AU;IDFA;B;;;WD) 630619
<129>May 26 10:04:01 barracuda.firewall.ibm.lab WF ALER METHOD_NOT_ALLOWED 30.90.182.58 50862 11.231.2.240 80 security-policy GLOBAL DENY NONE [Method="ABCD"] ABCD 11.231.2.240/ HTTP "-" ""-"" 11.231.2.240 48536 "-" "-"
<86>May 26 10:04:02 apple.macosx.ibm.lab com.apple.SecurityServer: authinternal authenticated user testuser-54 (uid 93049).
<27>May 26 10:04:04 ambiron.ipangel.ibm.lab ipangel-ips: [2017-05-26 10:04:04-05] alert [Priority: 9] [119:2:1] [(http_inspect) DOUBLE DECODING ATTACK] 120.171.20.155:54609 TCP 62.212.210.213:80 br0
<13>May 26 10:04:05 checkpoint.firewall.ibm.lab 26May2017  checkpoint.firewall.ibm.lab product: martDefense; src: 44.111.228.125; s_port: ; dst: 15.23.11.253; service: ; proto: udp; rule: ;Attack Info: Response packet too long, potential buffer overflow;Suppressed logs: 5;Total logs: 6;__policy_id_tag: product=VPN-1 & FireWall-1[db_tag={321A4EE6-7DEA-11DD-BFAA-C0A832822626};mgmt=fwmngt05;date=1220908070;policy_name=KillerWhale_gbl];alert: alert;attack: Invalid DNS;has_accounting: 0;i/f_dir: inbound;
<129>May 26 10:04:07 barracuda.firewall.ibm.lab WF ALER SLASH_DOT_IN_URL 51.18.44.104 61784 218.2.234.19 443 security-policy GLOBAL DENY NONE ["-"] GET 218.2.234.19/themes/default/css/.htaccess HTTPS "-" ""-"" 218.2.234.19 44428 "-" "-"
<182>May 26 10:04:08 apache.httpd.ibm.lab httpd: 167.227.124.53 107.39.203.110 - - [26/May/2017:10:04:08 -0500] "OPTIONS /cgi-bin/index.php HTTP/1.1" 200 443 -
<54>May 26 10:04:10 SymantecServer symantec.endpoint.ibm.lab: CNC2PSY9D1,Allowed,Sysfer exception: .\RegParamEngine.cpp 1152 Failed to read value DeviceInstance from key \Registry\Machine\SYSTEM\CurrentControlSet\Control\DeviceClasses\{53f56307-b6bf-11d0-94f2-00a0c91efb8b}\##?#IDE#DiskWDC_WD800JD-75MSA3______________________10.01E04#5&,Sysfer exception,Begin: 2017-05-26 10:04:10,End: 2017-05-26 10:04:10,Rule: Sysfer exception,3592,C:/Program Files/Cisco Systems/CSAgent/bin/okclient.exe,0,,,User: testuser-16,Domain: US
<157>May 26 10:04:12 microsoft.event.ibm.lab MSWinEventLog	4	Security	60703	Fri May 26 10:04:12 2017	552	Security	NETWORK SERVICE	Well Known Group	Success Audit	testuser-32	Logon/Logoff		Logon attempt using explicit credentials: Logged on user:  User Name: NETWORK SERVICE  Domain: NT AUTHORITY  Logon ID: (0x0,0x1083681)  Logon GUID: -  User whose credentials were used:  Target User Name: testuser-32  Target Domain: us.ibm.com Target Logon GUID: -  Target Server Name: localhost  Target Server Info: localhost  Caller Process ID: 277970  Source Network Address: -  Source Port: - 	56794
<189>May 26 10:04:13 ['9.9.9.9'] authmgr[504]: <NOTI> login <00:1c:bf:ca:2b:98  64.87.88.123 testuser-10>method=802.1x, server=TEST001, role=Authenticated Update(status 0 method 0 role 16), reauth=1800 sec
<133>May 26 10:04:15 microsoft.event.ibm.lab MSWinEventLog 1 Security 102757633 Fri May 26 10:04:15 2017 4907 Microsoft-Windows-Security-Auditing N/A N/A Success Audit testuser-57 Audit Policy Change Auditing settings on object were changed. Subject: Security ID: S-1-5-18 Account Name: testuser-57 Account Domain: us.ibm.com Logon ID: 0x1098304 Object: Object Server: Security Object Type: File Object Name: \Windows\winsxs\test.wav Handle ID: 0x3a8 Process Information: Process ID: 0x17AB26 Process Name: C:\Windows\System32\wbengine.exe Auditing Settings: Original Security Descriptor: S:AI(AU;A;;WD) New Security Descriptor: S:ARAI(AU;SAFA;;;;WD)(AU;IDFA;B;;;WD) 312809
<33>May 26 10:04:16 threecom.switch.ibm.lab %May 26 10:04:16 2017 S9500 AAA/2/Serious error!: User rogueUser-4, in ACM send msg to SC failed! Returns 1 srcID 6 msgType 16384.
<13>May 26 10:04:18 microsoft.sec.ibm.lab AgentDevice=WindowsLog	AgentLogFile=Security	Source=Security	Computer=COMP-testuser-69	User=testuser-69	Domain=	EventID=673	EventIDCode=673	EventType=8	EventCategory=9	RecordNumber=803316	TimeGenerated=1495807458	TimeWritten=1495807458	Message=Service Ticket Request:  User Name: testuser-69@us.ibm.com User Domain: us.ibm.com Service Name: MAIL$  Service ID: %{S-3-2-1-8D3505} Ticket Options:  0x40810000   Ticket Encryption Type: 0x17 Client Address: 83.87.204.105 Failure Code: - LogonGUID: {8D3505-f005ba11-ba5eba11} Transited Services: - 
<129>May 26 10:04:19 barracuda.firewall.ibm.lab WF ALER SLASH_DOT_IN_URL 44.111.228.125 50806 213.186.186.97 443 security-policy GLOBAL DENY NONE ["-"] GET 213.186.186.97/themes/default/css/.htaccess HTTPS "-" ""-"" 213.186.186.97 44428 "-" "-"
<13>May 26 10:04:21 microsoft.sec.ibm.lab AgentDevice=WindowsLog	AgentLogFile=Security	Source=Security	Computer=COMP-testuser-67	User=testuser-67	Domain=	EventID=540	EventIDCode=540	EventType=8	EventCategory=2	RecordNumber=60286	TimeGenerated=1495807461	TimeWritten=1495807461	Message=Successful Network Logon: User Name: Domain: Logon ID: (0x0,0x1100401) Logon Type: 3 Logon Process: NtLmSsp Authentication Package: NTLM Workstation Name: COMP-testuser-67 Logon GUID: - Caller User Name: - Caller Domain: - Caller Logon ID: - Caller Process ID: - Transited Services: - Source Network Address: 73.219.11.141 Source Port: 0
<129>May 26 10:04:22 barracuda.firewall.ibm.lab WF ALER CROSS_SITE_SCRIPTING_IN_PARAM 179.174.48.208 60058 170.49.212.2 443 security-policy GLOBAL DENY NONE [type="cross-site-scripting" pattern="script-tag" token="<script>" Parameter="url" value="<script>alert(5341)</script>"] GET 170.49.212.2/redirect.asp?url=<script>alert(5341)</script> HTTPS "-" ""-"" 170.49.212.2 59845 "-" "-"
<38>May 26 10:04:24 syslog: ssh: failed login attempt for testuser-33 from 201.150.192.18
<190>May 26 10:04:26 arbor.pravail.ibm.lab pravail-aps: Blocked Host: Blocked host 20.135.51.253 at 10:52 by Invalid Packets using TCP/0 (Unknown) destination 200.41.246.213,URL: https://arbornetworks.pravail.test.com/chaos/
<33>May 26 10:04:27 threecom.switch.ibm.lab %May 26 10:04:27 2017 S9500 FTPS/5/USERIN: User testuser-67(120.171.20.155) login succeeded
<190>May 26 10:04:29 arbor.pravail.ibm.lab pravail-aps: Blocked Host: Blocked host 20.135.51.253 10:53 by TCP Connection Reset using TCP/51047 (Unknown) destination 96.213.184.5 source port 443,URL: https://arbornetworks.pravail.test.com/chaos/
<86>May 26 10:04:30 apple.macosx.ibm.lab sshd[5590]: Failed password for invalid user testuser-52 from 112.69.33.33 port 61042 ssh2
<28>May 26 10:04:32 Message forwarded from aix.ibm.lab: rshd[random_number_1_to_999999]: Failed rsh authentication from 201.150.192.18 for local user root via remote user testuser-60
<157>May 26 10:04:33 microsoft.event.ibm.lab MSWinEventLog	4	Security	60703	Fri May 26 10:04:33 2017	552	Security	NETWORK SERVICE	Well Known Group	Success Audit	testuser-38	Logon/Logoff		Logon attempt using explicit credentials: Logged on user:  User Name: NETWORK SERVICE  Domain: NT AUTHORITY  Logon ID: (0x0,0x1096209)  Logon GUID: -  User whose credentials were used:  Target User Name: testuser-38  Target Domain: us.ibm.com Target Logon GUID: -  Target Server Name: localhost  Target Server Info: localhost  Caller Process ID: 345151  Source Network Address: -  Source Port: - 	56794
<157>May 26 10:04:35 microsoft.event.ibm.lab MSWinEventLog	4	Security	60703	Fri May 26 10:04:35 2017	552	Security	NETWORK SERVICE	Well Known Group	Success Audit	testuser-13	Logon/Logoff		Logon attempt using explicit credentials: Logged on user:  User Name: NETWORK SERVICE  Domain: NT AUTHORITY  Logon ID: (0x0,0x1081600)  Logon GUID: -  User whose credentials were used:  Target User Name: testuser-13  Target Domain: us.ibm.com Target Logon GUID: -  Target Server Name: localhost  Target Server Info: localhost  Caller Process ID: 476531  Source Network Address: -  Source Port: - 	56794
