<86>May 26 09:45:25 apple.macosx.ibm.lab sshd[5590]: Failed password for invalid user testuser-1 from 116.11.51.20 port 52207 ssh2
<33>May 26 09:45:26 threecom.switch.ibm.lab %May 26 09:45:26 2017 S9500 FTPS/5/USEROUT: User testuser-27(218.111.178.29) logged out
<27>May 26 09:45:28 ambiron.ipangel.ibm.lab ipangel-ips: [2017-05-26 09:45:28-05] alert [Priority: 9] [119:2:1] [(http_inspect) DOUBLE DECODING ATTACK] 79.186.10.120:65081 TCP 24.174.102.171:80 br0
<54>May 26 09:45:29 SymantecServer symantec.endpoint.ibm.lab: Commercial application detected,Computer name: COMP-1092025,Detection type: Commercial,Application name: DameWare Development DWRCS,Application type: Remote Control,Application version: 5\~ 5\~ 0\~ 0,Hash type: SHA-1,Application hash: 4670d9eeeab7449788be3b18e9364ef0088b900e,Company name: DameWare Development LLC,File size (bytes): 208896,Sensitivity: 0,Detection score: 1,Submission recommendation: 0,Permitted application reason: 0,Source: Heuristic Scan,Risk name:  ,Occurrences: 1,DWMRCS,"DWMRCS",Actual action: Left alone,Requested action: Left alone,Secondary action: Commercial application detection,Event time: 2017-05-26 09:45:29,Inserted: 2017-05-26 09:45:29,End: 2017-05-26 09:45:29,Domain: Default,Group: My Company	est,Server: testbox,User: testuser-63,Source computer:  ,Source IP: 0.0.0.0
<129>May 26 09:45:31 barracuda.firewall.ibm.lab WF ALER METACHARACTER_IN_PARAMETER 120.171.20.155 64593 210.126.151.155 443 security-policy GLOBAL DENY NONE [token="%00 " Parameter="article" value="../../../../../../../../etc/passwd"] GET 210.126.151.155/talkback.cgi?article=../../../../../../../../etc/passwd%00&action=view&matchview=1 HTTPS "-" ""-"" 210.126.151.155 64593 "-" "-"
<157>May 26 09:45:32 microsoft.event.ibm.lab MSWinEventLog	4	Security	60703	Fri May 26 09:45:32 2017	552	Security	NETWORK SERVICE	Well Known Group	Success Audit	testuser-55	Logon/Logoff		Logon attempt using explicit credentials: Logged on user:  User Name: NETWORK SERVICE  Domain: NT AUTHORITY  Logon ID: (0x0,0x1094116)  Logon GUID: -  User whose credentials were used:  Target User Name: testuser-55  Target Domain: us.ibm.com Target Logon GUID: -  Target Server Name: localhost  Target Server Info: localhost  Caller Process ID: 416094  Source Network Address: -  Source Port: - 	56794
<129>May 26 09:45:34 barracuda.firewall.ibm.lab WF ALER METHOD_NOT_ALLOWED 30.90.182.58 58253 109.211.178.207 80 security-policy GLOBAL DENY NONE [Method="ABCD"] ABCD 109.211.178.207/ HTTP "-" ""-"" 109.211.178.207 48536 "-" "-"
<38>May 26 09:45:36 sshd[89026]: Invalid user testuser-4 from 173.237.222.22
<129>May 26 09:45:37 barracuda.firewall.ibm.lab WF ALER METACHARACTER_IN_PARAMETER 44.111.228.125 57186 166.190.36.150 443 security-policy GLOBAL DENY NONE [token="%00 " Parameter="article" value="../../../../../../../../etc/passwd"] GET 166.190.36.150/talkback.cgi?article=../../../../../../../../etc/passwd%00&action=view&matchview=1 HTTPS "-" ""-"" 166.190.36.150 57186 "-" "-"
<33>May 26 09:45:39 threecom.switch.ibm.lab %May 26 09:45:39 2017 S9500 FTPS/5/USEROUT: User testuser-56(165.11.95.213) logged out
<13>May 26 09:45:40 microsoft.sec.ibm.lab AgentDevice=WindowsLog	AgentLogFile=Security	Source=Security	Computer=COMP-testuser-70	User=testuser-70	Domain=	EventID=672	EventIDCode=672	EventType=8	EventCategory=9	RecordNumber=612154	TimeGenerated=1495806340	TimeWritten=1495806340	Message=Authentication Ticket Request: User Name: testuser-70 Supplied Realm Name: us.ibm.com User ID: %{S-1-2-3-1087849} Service Name: krbtgt Service ID: %{S-3-2-1-C68D24} Ticket Options: 0x40810010 Result Code: - Ticket Encryption Type: 0x17 Pre-Authentication Type: 2 Client Address: 179.242.57.148 Certificate Issuer Name:  Certificate Serial Number:  Certificate Thumbprint: 
<33>May 26 09:45:42 threecom.switch.ibm.lab %May 26 09:45:42 2017 S9500 AAA/2/Serious error!: User rogueUser-4, in ACM send msg to SC failed! Returns 1 srcID 6 msgType 16384.
<190>May 26 09:45:43 arbor.pravail.ibm.lab pravail-aps: Blocked Host: Blocked host 147.198.103.40 10:53 by TCP Connection Reset using TCP/64288 (Unknown) destination 212.72.22.184 source port 443,URL: https://arbornetworks.pravail.test.com/chaos/
<13>May 26 09:45:45 checkpoint.firewall.ibm.lab 26May2017  checkpoint.firewall.ibm.lab product: SmartDefense; src: 136.38.97.190; s_port: ; dst: 56.241.212.132; service: ; proto: icmp; rule: ;Attack Info: Echo request too big;Suppressed logs: 1;Total logs: 2;__policy_id_tag: product=VPN-1 & FireWall-1[db_tag={B5A7057E-7F61-11DD-AA43-C0A832D12424};mgmt=fwmngt-zentral;date=1221069352;policy_name=Spider_gbl];alert: alert;attack: Large ping;has_accounting: 0;i/f_dir: inbound;
<190>May 26 09:45:46 arbor.pravail.ibm.lab pravail-aps: Blocked Host: Blocked host 20.135.51.253 at 10:53 by Malformed HTTP Filtering using TCP/80 (HTTP) destination 173.32.229.113 source port 55048,URL: https://arbornetworks.pravail.test.com/chaos/
<13>May 26 09:45:48 checkpoint.firewall.ibm.lab 26May2017  checkpoint.firewall.ibm.lab product: SmartDefense; src: 33.195.94.29; s_port: ; dst: 34.171.203.246; service: ; proto: udp; rule: ;Attack Info: Bad domain format, illegal ASCII value in domain;Suppressed logs: 1;Total logs: 2;__policy_id_tag: product=VPN-1 & FireWall-1[db_tag={9B20E8EA-7DE6-11DD-B7D6-C0A832D11E1E};mgmt=fwmngt-zentral;date=1220906528;policy_name=Vulpine_gbl];alert: alert;attack: Invalid DNS;has_accounting: 0;i/f_dir: inbound;
<25>May 26 09:45:50 ambiron.ipangel.ibm.lab ipangel-ips: [2017-05-26 09:45:50-05] alert [Priority: 9] [116:46:1] [(snort_decoder) WARNING: TCP Data Offset is less than 5!] 33.195.94.29:54538 TCP 187.40.159.138:80 br0
<190>May 26 09:45:51 arbor.pravail.ibm.lab pravail-aps: Blocked Host: Blocked host 54.11.145.63 at 10:52 by Invalid Packets using TCP/0 (Unknown) destination 116.133.95.77,URL: https://arbornetworks.pravail.test.com/chaos/
<182>May 26 09:45:53 apache.httpd.ibm.lab httpd: 201.150.192.18 202.95.238.243 - - [26/May/2017:09:45:53 -0500] "ABCD / HTTP/1.1" 501 443 297
<157>May 26 09:45:54 microsoft.event.ibm.lab MSWinEventLog	4	Security	60703	Fri May 26 09:45:54 2017	552	Security	NETWORK SERVICE	Well Known Group	Success Audit	testuser-9	Logon/Logoff		Logon attempt using explicit credentials: Logged on user:  User Name: NETWORK SERVICE  Domain: NT AUTHORITY  Logon ID: (0x0,0x994009)  Logon GUID: -  User whose credentials were used:  Target User Name: testuser-9  Target Domain: us.ibm.com Target Logon GUID: -  Target Server Name: localhost  Target Server Info: localhost  Caller Process ID: 645511  Source Network Address: -  Source Port: - 	56794
<157>May 26 09:45:56 microsoft.event.ibm.lab MSWinEventLog	4	Security	60703	Fri May 26 09:45:56 2017	552	Security	NETWORK SERVICE	Well Known Group	Success Audit	testuser-6	Logon/Logoff		Logon attempt using explicit credentials: Logged on user:  User Name: NETWORK SERVICE  Domain: NT AUTHORITY  Logon ID: (0x0,0x988036)  Logon GUID: -  User whose credentials were used:  Target User Name: testuser-6  Target Domain: us.ibm.com Target Logon GUID: -  Target Server Name: localhost  Target Server Info: localhost  Caller Process ID: 486605  Source Network Address: -  Source Port: - 	56794
<13>May 26 09:45:57 checkpoint.firewall.ibm.lab 26May2017 reject checkpoint.firewall.ibm.lab product: VPN-1 & FireWall-1; src: 179.174.48.208; s_port: 60507; dst: 134.109.29.214; service: 113; proto: tcp; rule: 14;SmartDefense profile: Default_Protection;__policy_id_tag: product=VPN-1 & FireWall-1[db_tag={25E5B8F6-79E7-11DD-941A-C0A832D00C0C};mgmt=fwmngt-wuv;date=1220466957;policy_name=rhino_gbl];has_accounting: 0;i/f_dir: inbound;i/f_name: eth-s2/s1p1c0;rule_uid: {9C96B325-D976-4A30-8685-9ED61018A6E7};service_id: gident;
<182>May 26 09:45:59 apache.httpd.ibm.lab httpd: 137.38.197.140 105.211.189.236 - - [26/May/2017:09:45:59 -0500] "GET /<script>alert(53416)</script> HTTP/1.1" 404 443 320
<182>May 26 09:46:01 apache.httpd.ibm.lab httpd: 165.11.95.213 93.90.193.150 - - [26/May/2017:09:46:01 -0500] "POST /test.php?doing_test=123 HTTP/1.0" 404 80 282
<86>May 26 09:46:02 apple.macosx.ibm.lab com.apple.SecurityServer: authinternal authenticated user testuser-70 (uid 88873).
<190>May 26 09:46:04 arbor.pravail.ibm.lab pravail-aps: Blocked Host: Blocked host 79.186.10.120 at 10:53 by Malformed HTTP Filtering using TCP/80 (HTTP) destination 209.156.66.83 source port 54755,URL: https://arbornetworks.pravail.test.com/chaos/
<13>May 26 09:46:05 checkpoint.firewall.ibm.lab 26May2017 drop checkpoint.firewall.ibm.lab product: SmartDefense; src: 212.2.111.4; s_port: 57600; dst: 98.224.55.215; service: 443; proto: tcp; rule: 392;Attack Info: TCP segment out of maximum allowed sequence. Packet dropped.;Confidence Level: 0;Performance Impact: 0;Protection Name: TCP Segment Limit Enforcement;Protection Type: settings_tcp;Severity: 0;SmartDefense Profile: Boticario_DMZ_Protection;__policy_id_tag: product=VPN-1 & FireWall-1[db_tag={E94ECB65-34C0-4740-9634-761E1604C8BC};mgmt=SJP1PLNX036-DMZ;date=1424714440;policy_name=DMZ];attack: Streaming Engine: TCP Segment Limit Enforcement;has_accounting: 0;i/f_dir: inbound;i/f_name: eth2-01.2809;origin_sic_name: CN=TEST-DMZ1,O=log_server_hostname;protection_id: tcp_segment_limit;rule_uid: {499DBB08-D262-4D9F-B639-5337A7B36E59};snid: 7572c682;src_machine_name: COMP-testuser-95;src_user_name: testuser-95 ;user: testuser-95 ;
<38>May 26 09:46:07 sshd[351312]: Failed password for invalid user rogueUser-5 from 15.83.16.235 port 50610 ssh2
<50>May 26 09:46:08 SymantecServer symantec.endpoint.ibm.lab: testbox-xyz,[SID: 70025] Web Attack: Blackhole Exploit Toolkit 2 attack blocked. Traffic has been blocked for this application: C:\Program Files\Internet Explorer\iexplore.exe,Local: 0.0.0.0,Local: 000000000000,Remote: ,Remote: 0.0.0.0,Remote: 000000000000,Inbound,OTHERS,,Begin: 2017-05-26 09:46:08,End: 2017-05-26 09:46:08,Occurrences: 1,Application: C:/Program Files/Internet Explorer/iexplore.exe,Location: Default,User: testuser-82,Domain: SIMON,!ExternalLoggingTask.localport! 0,!ExternalLoggingTask.remoteport! 0,!ExternalLoggingTask.cidssignid! 70025,!ExternalLoggingTask.strcidssignid! Web Attack: Blackhole Exploit Toolkit 2,!ExternalLoggingTask.cidssignsubid! 0,!ExternalLoggingTask.intrusionurl! http://pppptttt.blah.net/links/came_broadcasting_taking-various.php,!ExternalLoggingTask.intrusionpayloadurl!
<189>May 26 09:46:10 ['9.9.9.9'] authmgr[504]: <NOTI> login <00:1c:bf:ca:2b:98  165.11.95.213 testuser-29>method=802.1x, server=TEST001, role=Authenticated Update(status 0 method 0 role 16), reauth=1800 sec
<26>May 26 09:46:12 ambiron.ipangel.ibm.lab ipangel-ips: [2017-05-26 09:46:12-05] alert [Priority: 9] [119:14:1] [(http_inspect) NON-RFC DEFINED CHAR] 179.174.48.208:64357 TCP 64.215.134.128:80 br0
<33>May 26 09:46:13 threecom.switch.ibm.lab %May 26 09:46:13 2017 S9500 AAA/2/Serious error!: User testuser-73, in ACM send msg to SC failed! Returns 1 srcID 6 msgType 16384.
<33>May 26 09:46:15 threecom.switch.ibm.lab %May 26 09:46:15 2017 S9500 RTA/3/Failed to get user traffic: Failed to get traffic of user 56.219.18.103 on board 6
<149>May 26 09:46:16 apple.macosx.ibm.lab sudo:    testuser-42 : TTY=ttyp1 ; PWD=/Users/admin ; USER=admin ;COMMAND=/bin/bash
<13>May 26 09:46:18 checkpoint.firewall.ibm.lab 26May2017 drop checkpoint.firewall.ibm.lab product: SmartDefense; src: 79.186.10.120; s_port: 64199; dst: 197.156.66.99; service: 443; proto: tcp; rule: 392;Attack Info: TCP segment out of maximum allowed sequence. Packet dropped.;Confidence Level: 0;Performance Impact: 0;Protection Name: TCP Segment Limit Enforcement;Protection Type: settings_tcp;Severity: 0;SmartDefense Profile: Boticario_DMZ_Protection;__policy_id_tag: product=VPN-1 & FireWall-1[db_tag={E94ECB65-34C0-4740-9634-761E1604C8BC};mgmt=SJP1PLNX036-DMZ;date=1424714440;policy_name=DMZ];attack: Streaming Engine: TCP Segment Limit Enforcement;has_accounting: 0;i/f_dir: inbound;i/f_name: eth2-01.2809;origin_sic_name: CN=TEST-DMZ1,O=log_server_hostname;protection_id: tcp_segment_limit;rule_uid: {499DBB08-D262-4D9F-B639-5337A7B36E59};snid: 7572c682;src_machine_name: COMP-testuser-46;src_user_name: testuser-46 ;user: testuser-46 ;
<133>May 26 09:46:19 microsoft.event.ibm.lab MSWinEventLog 1 Security 102757633 Fri May 26 09:46:19 2017 4907 Microsoft-Windows-Security-Auditing N/A N/A Success Audit rogueUser-1 Audit Policy Change Auditing settings on object were changed. Subject: Security ID: S-1-5-18 Account Name: rogueUser-1 Account Domain: us.ibm.com Logon ID: 0x1113025 Object: Object Server: Security Object Type: File Object Name: \Windows\winsxs\test.wav Handle ID: 0x3a8 Process Information: Process ID: 0x85E68E Process Name: C:\Windows\System32\wbengine.exe Auditing Settings: Original Security Descriptor: S:AI(AU;A;;WD) New Security Descriptor: S:ARAI(AU;SAFA;;;;WD)(AU;IDFA;B;;;WD) 799991
<187>May 26 09:46:21 ['9.9.9.9'] httpd[16986]: [error] [client 54.11.145.63] Invalid URI in request \xf7vMKp`ET&\xa4\x9c\xc9\xec\xd1\xd8j\r\xce\xd9\xd4\xb3\c7
<187>May 26 09:46:22 ['9.9.9.9'] httpd[16986]: [error] [client 201.150.192.18] Invalid URI in request \xf7vMKp`ET&\xa4\x9c\xc9\xec\xd1\xd8j\r\xce\xd9\xd4\xb3\c7
<182>May 26 09:46:24 apache.httpd.ibm.lab httpd: 56.219.18.103 156.232.191.3 - - [26/May/2017:09:46:24 -0500] "OPTIONS /cgi-bin/index.php HTTP/1.1" 200 443 -
<13>May 26 09:46:26 checkpoint.firewall.ibm.lab 26May2017 drop checkpoint.firewall.ibm.lab product: SmartDefense; src: 120.171.20.155; s_port: 52644; dst: 23.44.107.179; service: 443; proto: tcp; rule: 392;Attack Info: TCP segment out of maximum allowed sequence. Packet dropped.;Confidence Level: 0;Performance Impact: 0;Protection Name: TCP Segment Limit Enforcement;Protection Type: settings_tcp;Severity: 0;SmartDefense Profile: Boticario_DMZ_Protection;__policy_id_tag: product=VPN-1 & FireWall-1[db_tag={E94ECB65-34C0-4740-9634-761E1604C8BC};mgmt=SJP1PLNX036-DMZ;date=1424714440;policy_name=DMZ];attack: Streaming Engine: TCP Segment Limit Enforcement;has_accounting: 0;i/f_dir: inbound;i/f_name: eth2-01.2809;origin_sic_name: CN=TEST-DMZ1,O=log_server_hostname;protection_id: tcp_segment_limit;rule_uid: {499DBB08-D262-4D9F-B639-5337A7B36E59};snid: 7572c682;src_machine_name: COMP-testuser-49;src_user_name: testuser-49 ;user: testuser-49 ;
<38>May 26 09:46:27 sshd[368806]: input_userauth_request: invalid user testuser-52
<13>May 26 09:46:29 checkpoint.firewall.ibm.lab 26May2017  checkpoint.firewall.ibm.lab product: martDefense; src: 202.207.224.25; s_port: ; dst: 210.175.149.26; service: ; proto: udp; rule: ;Attack Info: Response packet too long, potential buffer overflow;Suppressed logs: 5;Total logs: 6;__policy_id_tag: product=VPN-1 & FireWall-1[db_tag={321A4EE6-7DEA-11DD-BFAA-C0A832822626};mgmt=fwmngt05;date=1220908070;policy_name=KillerWhale_gbl];alert: alert;attack: Invalid DNS;has_accounting: 0;i/f_dir: inbound;
<25>May 26 09:46:30 ambiron.ipangel.ibm.lab ipangel-ips: [2017-05-26 09:46:30-05] alert [Priority: 9] [116:46:1] [(snort_decoder) WARNING: TCP Data Offset is less than 5!] 20.135.51.253:51108 TCP 101.249.109.184:80 br0
<25>May 26 09:46:32 apple.macosx.ibm.lab DirectoryService[51]: Failed Authentication return is being delayed due to over five recent auth failures for username: testuser-93.
<33>May 26 09:46:33 threecom.switch.ibm.lab %May 26 09:46:33 2017 S9500 AAA/2/Serious error!: User testuser-67, in ACM send msg to SC failed! Returns 1 srcID 6 msgType 16384.
<13>May 26 09:46:35 checkpoint.firewall.ibm.lab 26May2017 reject checkpoint.firewall.ibm.lab product: VPN-1 & FireWall-1; src: 125.83.117.185; s_port: 59277; dst: 167.77.181.199; service: 113; proto: tcp; rule: 14;SmartDefense profile: Default_Protection;__policy_id_tag: product=VPN-1 & FireWall-1[db_tag={25E5B8F6-79E7-11DD-941A-C0A832D00C0C};mgmt=fwmngt-wuv;date=1220466957;policy_name=rhino_gbl];has_accounting: 0;i/f_dir: inbound;i/f_name: eth-s2/s1p1c0;rule_uid: {9C96B325-D976-4A30-8685-9ED61018A6E7};service_id: gident;
<25>May 26 09:46:37 ambiron.ipangel.ibm.lab ipangel-ips: [2017-05-26 09:46:37-05] alert [Priority: 9] [116:46:1] [(snort_decoder) WARNING: TCP Data Offset is less than 5!] 218.111.178.29:53363 TCP 144.223.168.181:80 br0
<39>May 26 09:46:38 Message forwarded from aix.ibm.lab: testuser-13 PAM: pam_authenticate: error Authentication failed
<13>May 26 09:46:40 checkpoint.firewall.ibm.lab 26May2017 reject checkpoint.firewall.ibm.lab product: VPN-1 & FireWall-1; src: 154.102.244.170; s_port: 62935; dst: 15.90.224.142; service: 113; proto: tcp; rule: 14;SmartDefense profile: Default_Protection;__policy_id_tag: product=VPN-1 & FireWall-1[db_tag={25E5B8F6-79E7-11DD-941A-C0A832D00C0C};mgmt=fwmngt-wuv;date=1220466957;policy_name=rhino_gbl];has_accounting: 0;i/f_dir: inbound;i/f_name: eth-s2/s1p1c0;rule_uid: {9C96B325-D976-4A30-8685-9ED61018A6E7};service_id: gident;
<54>May 26 09:46:41 SymantecServer symantec.endpoint.ibm.lab: Security risk found,Computer name: COMP-1085764,Source: Scheduled Scan,Risk name: VirusDoctor,Occurrences: 1,c:/System Volume Information/_restore{A3F5C2A3-F289-4356-B021-1FEFEFB73CBD}/RP243/A0070465.exe,"",Actual action: Quarantined,Requested action: Quarantined,Secondary action: Left alone,Event time: 2017-05-26 09:46:41,Inserted:2017-05-26 09:46:41,End: 2017-05-26 09:46:41,Domain: Default,Group: My Company	est,Server: avp1,User: testuser-42,Source computer:  ,Source IP: 0.0.0.0
<187>May 26 09:46:43 ['9.9.9.9'] httpd[16986]: [error] [client 79.186.10.120] Invalid URI in request \xf7vMKp`ET&\xa4\x9c\xc9\xec\xd1\xd8j\r\xce\xd9\xd4\xb3\c7
<26>May 26 09:46:44 ambiron.ipangel.ibm.lab ipangel-ips: [2017-05-26 09:46:44-05] alert [Priority: 9] [119:14:1] [(http_inspect) NON-RFC DEFINED CHAR] 201.150.192.18:52724 TCP 130.142.193.213:80 br0
<13>May 26 09:46:46 checkpoint.firewall.ibm.lab 26May2017  checkpoint.firewall.ibm.lab product: SmartDefense; src: 128.234.158.118; s_port: ; dst: 40.9.68.69; service: ; proto: udp; rule: ;Attack Info: Out-of-state DNS reply;Suppressed logs: 143;Total logs: 144;__policy_id_tag: product=VPN-1 & FireWall-1[db_tag={321A4EE6-7DEA-11DD-BFAA-C0A832822626};mgmt=fwmngt05;date=1220908070;policy_name=KillerWhale_gbl];alert: alert;attack: Invalid DNS;has_accounting: 0;i/f_dir: inbound;
<189>May 26 09:46:48 ['9.9.9.9'] authmgr[504]: <NOTI> login <00:1c:bf:ca:2b:98  79.186.10.120 testuser-64>method=802.1x, server=TEST001, role=Authenticated Update(status 0 method 0 role 16), reauth=1800 sec
<38>May 26 09:46:49 sshd[341869]: Invalid user testuser-69 from 197.180.150.192
<129>May 26 09:46:51 barracuda.firewall.ibm.lab WF ALER CROSS_SITE_SCRIPTING_IN_URL 218.111.178.29 50778 18.108.184.239 80 security-policy GLOBAL DENY NONE [type="cross-site-scripting" pattern="script-tag" token="<script>"] GET 18.108.184.239/<script>alert(53416)</script> HTTP "-" ""-"" 18.108.184.239 48541 "-" "-"
<13>May 26 09:46:52 microsoft.sec.ibm.lab AgentDevice=WindowsLog	AgentLogFile=Security	Source=Security	Computer=COMP-testuser-44	User=testuser-44	Domain=	EventID=576	EventIDCode=576	EventType=8	EventCategory=2	RecordNumber=909333	TimeGenerated=1495806412	TimeWritten=1495806412	Message=Special privileges assigned to new logon: User Name: testuser-44 Domain: us.ibm.com Logon ID: (0x0,0x1089936) Privileges: SeSecurityPrivilege SeBackupPrivilege SeRestorePrivilege SeTakeOwnershipPrivilege SeDebugPrivilege SeSystemEnvironmentPrivilege SeLoadDriverPrivilege SeImpersonatePrivilege
<13>May 26 09:46:54 checkpoint.firewall.ibm.lab 26May2017 drop checkpoint.firewall.ibm.lab product: SmartDefense; src: 54.11.145.63; s_port: 51503; dst: 84.85.222.145; service: 443; proto: tcp; rule: 392;Attack Info: TCP segment out of maximum allowed sequence. Packet dropped.;Confidence Level: 0;Performance Impact: 0;Protection Name: TCP Segment Limit Enforcement;Protection Type: settings_tcp;Severity: 0;SmartDefense Profile: Boticario_DMZ_Protection;__policy_id_tag: product=VPN-1 & FireWall-1[db_tag={E94ECB65-34C0-4740-9634-761E1604C8BC};mgmt=SJP1PLNX036-DMZ;date=1424714440;policy_name=DMZ];attack: Streaming Engine: TCP Segment Limit Enforcement;has_accounting: 0;i/f_dir: inbound;i/f_name: eth2-01.2809;origin_sic_name: CN=TEST-DMZ1,O=log_server_hostname;protection_id: tcp_segment_limit;rule_uid: {499DBB08-D262-4D9F-B639-5337A7B36E59};snid: 7572c682;src_machine_name: COMP-testuser-89;src_user_name: testuser-89 ;user: testuser-89 ;
<129>May 26 09:46:55 barracuda.firewall.ibm.lab WF ALER SLASH_DOT_IN_URL 56.219.18.103 52931 47.103.200.53 443 security-policy GLOBAL DENY NONE ["-"] GET 47.103.200.53/themes/default/css/.htaccess HTTPS "-" ""-"" 47.103.200.53 44428 "-" "-"
<50>May 26 09:46:57 SymantecServer symantec.endpoint.ibm.lab: testbox-xyz,[SID: 70025] Web Attack: Blackhole Exploit Toolkit 2 attack blocked. Traffic has been blocked for this application: C:\Program Files\Internet Explorer\iexplore.exe,Local: 0.0.0.0,Local: 000000000000,Remote: ,Remote: 0.0.0.0,Remote: 000000000000,Inbound,OTHERS,,Begin: 2017-05-26 09:46:57,End: 2017-05-26 09:46:57,Occurrences: 1,Application: C:/Program Files/Internet Explorer/iexplore.exe,Location: Default,User: testuser-55,Domain: SIMON,!ExternalLoggingTask.localport! 0,!ExternalLoggingTask.remoteport! 0,!ExternalLoggingTask.cidssignid! 70025,!ExternalLoggingTask.strcidssignid! Web Attack: Blackhole Exploit Toolkit 2,!ExternalLoggingTask.cidssignsubid! 0,!ExternalLoggingTask.intrusionurl! http://pppptttt.blah.net/links/came_broadcasting_taking-various.php,!ExternalLoggingTask.intrusionpayloadurl!
<129>May 26 09:46:58 barracuda.firewall.ibm.lab WF ALER SLASH_DOT_IN_URL 56.219.18.103 51341 90.168.122.27 443 security-policy GLOBAL DENY NONE ["-"] GET 90.168.122.27/themes/default/css/.htaccess HTTPS "-" ""-"" 90.168.122.27 44428 "-" "-"
<13>May 26 09:47:00 microsoft.sec.ibm.lab AgentDevice=WindowsLog	AgentLogFile=Security	Source=Security	Computer=COMP-testuser-5	User=SYSTEM	Domain=	EventID=644	EventIDCode=644	EventType=8	EventCategory=7	RecordNumber=777245	TimeGenerated=1495806420	TimeWritten=1495806420	Message=User Account Locked Out: Target Account Name: testuser-5 Target Account ID: %{S-1-2-3-986049} Caller Machine Name: COMP-CALLER01 Caller User Name: CALLER-01 Caller Domain: us.ibm.com Caller Logon ID: (0x0,0xBA5EBA11)
<33>May 26 09:47:02 threecom.switch.ibm.lab %May 26 09:47:02 2017 S9500 RTA/3/Failed to start accounting: Failed to start traffic accounting for user 125.83.117.185 on board 6
<182>May 26 09:47:03 apache.httpd.ibm.lab httpd: 83.87.204.105 95.88.165.121 - - [26/May/2017:09:47:03 -0500] "GET / HTTP/1.0" 200 443 9334
<129>May 26 09:47:05 barracuda.firewall.ibm.lab WF ALER CROSS_SITE_SCRIPTING_IN_URL 56.219.18.103 60816 41.26.65.42 80 security-policy GLOBAL DENY NONE [type="cross-site-scripting" pattern="script-tag" token="<script>"] GET 41.26.65.42/<script>alert(53416)</script> HTTP "-" ""-"" 41.26.65.42 48541 "-" "-"
<182>May 26 09:47:06 apache.httpd.ibm.lab httpd: 83.87.204.105 149.202.30.112 - - [26/May/2017:09:47:06 -0500] "ABCD / HTTP/1.1" 501 443 297
<54>May 26 09:47:08 SymantecServer symantec.endpoint.ibm.lab: Security risk found,Computer name: COMP-1094116,Source: Scheduled Scan,Risk name: VirusDoctor,Occurrences: 1,c:/System Volume Information/_restore{A3F5C2A3-F289-4356-B021-1FEFEFB73CBD}/RP243/A0070465.exe,"",Actual action: Quarantined,Requested action: Quarantined,Secondary action: Left alone,Event time: 2017-05-26 09:47:08,Inserted:2017-05-26 09:47:08,End: 2017-05-26 09:47:08,Domain: Default,Group: My Company	est,Server: avp1,User: testuser-73,Source computer:  ,Source IP: 0.0.0.0
<190>May 26 09:47:09 arbor.pravail.ibm.lab pravail-aps: Blocked Host: Blocked host 120.171.20.155 at 10:52 by Invalid Packets using TCP/0 (Unknown) destination 25.225.246.186,URL: https://arbornetworks.pravail.test.com/chaos/
<182>May 26 09:47:11 apache.httpd.ibm.lab httpd: 125.83.117.185 76.209.211.237 - - [26/May/2017:09:47:11 -0500] "CONNECT 10.35.79.71:443 HTTP/1.1" 405 443 297
<157>May 26 09:47:13 microsoft.event.ibm.lab MSWinEventLog	4	Security	60703	Fri May 26 09:47:13 2017	552	Security	NETWORK SERVICE	Well Known Group	Success Audit	testuser-59	Logon/Logoff		Logon attempt using explicit credentials: Logged on user:  User Name: NETWORK SERVICE  Domain: NT AUTHORITY  Logon ID: (0x0,0x1102500)  Logon GUID: -  User whose credentials were used:  Target User Name: testuser-59  Target Domain: us.ibm.com Target Logon GUID: -  Target Server Name: localhost  Target Server Info: localhost  Caller Process ID: 611290  Source Network Address: -  Source Port: - 	56794
<182>May 26 09:47:14 apache.httpd.ibm.lab httpd: 212.2.111.4 1.120.62.61 - - [26/May/2017:09:47:14 -0500] "OPTIONS /cgi-bin/index.php HTTP/1.1" 200 443 -
<25>May 26 09:47:16 apple.macosx.ibm.lab DirectoryService[51]: Failed Authentication return is being delayed due to over five recent auth failures for username: testuser-7.
<33>May 26 09:47:17 threecom.switch.ibm.lab %May 26 09:47:17 2017 S9500 PORTAL/5/PT_LOG: Online user 136.38.97.190 changes to 14.188.252.116, we will cut it off as using traffic-acct.
<27>May 26 09:47:19 ambiron.ipangel.ibm.lab ipangel-ips: [2017-05-26 09:47:19-05] alert [Priority: 9] [119:2:1] [(http_inspect) DOUBLE DECODING ATTACK] 30.90.182.58:54403 TCP 134.17.52.218:80 br0
<187>May 26 09:47:20 ['9.9.9.9'] httpd[16986]: [error] [client 15.83.16.235] Invalid URI in request \xf7vMKp`ET&\xa4\x9c\xc9\xec\xd1\xd8j\r\xce\xd9\xd4\xb3\c7
<187>May 26 09:47:22 ['9.9.9.9'] httpd[16986]: [error] [client 212.2.111.4] Invalid URI in request \xf7vMKp`ET&\xa4\x9c\xc9\xec\xd1\xd8j\r\xce\xd9\xd4\xb3\c7
<189>May 26 09:47:24 ['9.9.9.9'] authmgr[504]: <NOTI> login <00:1c:bf:ca:2b:98  137.38.197.140 rogueUser-2>method=802.1x, server=TEST001, role=Authenticated Update(status 0 method 0 role 16), reauth=1800 sec
<54>May 26 09:47:25 SymantecServer symantec.endpoint.ibm.lab: Security risk found,Computer name: COMP-1115136,Source: Scheduled Scan,Risk name: VirusDoctor,Occurrences: 1,c:/System Volume Information/_restore{A3F5C2A3-F289-4356-B021-1FEFEFB73CBD}/RP243/A0070465.exe,"",Actual action: Quarantined,Requested action: Quarantined,Secondary action: Left alone,Event time: 2017-05-26 09:47:25,Inserted:2017-05-26 09:47:25,End: 2017-05-26 09:47:25,Domain: Default,Group: My Company	est,Server: avp1,User: rogueUser-2,Source computer:  ,Source IP: 0.0.0.0
<33>May 26 09:47:27 threecom.switch.ibm.lab %May 26 09:47:27 2017 S9500 RTA/3/Failed to get user traffic: Failed to get traffic of user 218.111.178.29 on board 6
<129>May 26 09:47:28 barracuda.firewall.ibm.lab WF ALER CROSS_SITE_SCRIPTING_IN_PARAM 165.11.95.213 63158 40.34.111.43 443 security-policy GLOBAL DENY NONE [type="cross-site-scripting" pattern="script-tag" token="<script>" Parameter="url" value="<script>alert(5341)</script>"] GET 40.34.111.43/redirect.asp?url=<script>alert(5341)</script> HTTPS "-" ""-"" 40.34.111.43 59845 "-" "-"
<33>May 26 09:47:30 threecom.switch.ibm.lab %May 26 09:47:30 2017 S9500 RTA/3/Failed to get user traffic: Failed to get traffic of user 218.111.178.29 on board 6
<129>May 26 09:47:31 barracuda.firewall.ibm.lab WF ALER METHOD_NOT_ALLOWED 137.38.197.140 61806 173.212.144.12 80 security-policy GLOBAL DENY NONE [Method="ABCD"] ABCD 173.212.144.12/ HTTP "-" ""-"" 173.212.144.12 48536 "-" "-"
<133>May 26 09:47:33 microsoft.event.ibm.lab MSWinEventLog 1 Security 102757633 Fri May 26 09:47:33 2017 4907 Microsoft-Windows-Security-Auditing N/A N/A Success Audit testuser-67 Audit Policy Change Auditing settings on object were changed. Subject: Security ID: S-1-5-18 Account Name: testuser-67 Account Domain: us.ibm.com Logon ID: 0x1100401 Object: Object Server: Security Object Type: File Object Name: \Windows\winsxs\test.wav Handle ID: 0x3a8 Process Information: Process ID: 0xD3B219 Process Name: C:\Windows\System32\wbengine.exe Auditing Settings: Original Security Descriptor: S:AI(AU;A;;WD) New Security Descriptor: S:ARAI(AU;SAFA;;;;WD)(AU;IDFA;B;;;WD) 858165
<129>May 26 09:47:34 barracuda.firewall.ibm.lab WF ALER METHOD_NOT_ALLOWED 9.135.38.229 58942 103.45.86.132 80 security-policy GLOBAL DENY NONE [Method="ABCD"] ABCD 103.45.86.132/ HTTP "-" ""-"" 103.45.86.132 48536 "-" "-"
<187>May 26 09:47:36 ['9.9.9.9'] httpd[16986]: [error] [client 212.2.111.4] Invalid URI in request \xf7vMKp`ET&\xa4\x9c\xc9\xec\xd1\xd8j\r\xce\xd9\xd4\xb3\c7
<54>May 26 09:47:38 SymantecServer symantec.endpoint.ibm.lab: Security risk found,Computer name: COMP-1096209,Source: Scheduled Scan,Risk name: VirusDoctor,Occurrences: 1,c:/System Volume Information/_restore{A3F5C2A3-F289-4356-B021-1FEFEFB73CBD}/RP243/A0070465.exe,"",Actual action: Quarantined,Requested action: Quarantined,Secondary action: Left alone,Event time: 2017-05-26 09:47:38,Inserted:2017-05-26 09:47:38,End: 2017-05-26 09:47:38,Domain: Default,Group: My Company	est,Server: avp1,User: testuser-38,Source computer:  ,Source IP: 0.0.0.0
<38>May 26 09:47:39 sshd[714597]: Address 20.135.51.253 maps to test.ibm.com, but this does not map back to the address - POSSIBLE BREAK-IN ATTEMPT!
<83>May 26 09:47:41 apple.macosx.ibm.lab com.apple.SecurityServer: authinternal failed to authenticate user rogueUser-4.
<13>May 26 09:47:42 checkpoint.firewall.ibm.lab 26May2017  checkpoint.firewall.ibm.lab product: SmartDefense; src: 30.90.182.58; s_port: ; dst: 220.136.110.228; service: ; proto: udp; rule: ;Attack Info: Out-of-state DNS reply;Suppressed logs: 143;Total logs: 144;__policy_id_tag: product=VPN-1 & FireWall-1[db_tag={321A4EE6-7DEA-11DD-BFAA-C0A832822626};mgmt=fwmngt05;date=1220908070;policy_name=KillerWhale_gbl];alert: alert;attack: Invalid DNS;has_accounting: 0;i/f_dir: inbound;
<190>May 26 09:47:44 arbor.pravail.ibm.lab pravail-aps: Blocked Host: Blocked host 113.146.67.20 at 10:52 by Invalid Packets using TCP/0 (Unknown) destination 2.47.67.40,URL: https://arbornetworks.pravail.test.com/chaos/
<86>May 26 09:47:45 apple.macosx.ibm.lab sshd[5590]: Failed password for invalid user testuser-12 from 184.66.67.159 port 65355 ssh2
<157>May 26 09:47:47 microsoft.event.ibm.lab MSWinEventLog	4	Security	60703	Fri May 26 09:47:47 2017	552	Security	NETWORK SERVICE	Well Known Group	Success Audit	testuser-69	Logon/Logoff		Logon attempt using explicit credentials: Logged on user:  User Name: NETWORK SERVICE  Domain: NT AUTHORITY  Logon ID: (0x0,0x1104601)  Logon GUID: -  User whose credentials were used:  Target User Name: testuser-69  Target Domain: us.ibm.com Target Logon GUID: -  Target Server Name: localhost  Target Server Info: localhost  Caller Process ID: 780904  Source Network Address: -  Source Port: - 	56794
<14>May 26 09:47:49 Message forwarded from aix.ibm.lab: ftp[random_number_1_to_999999]: ftp: EXPORT user testuser-76, host 112.144.99.108, local test_script.sh, remote test_script.sh.
<86>May 26 09:47:50 apple.macosx.ibm.lab com.apple.SecurityServer: uid 95140 succeeded authenticating as user admin (uid 501) for right system.install.root.user.
<13>May 26 09:47:52 microsoft.sec.ibm.lab AgentDevice=WindowsLog	AgentLogFile=Security	Source=Security	Computer=COMP-testuser-63	User=testuser-63	Domain=	EventID=529	EventIDCode=529	EventType=16	EventCategory=2	RecordNumber=971530	TimeGenerated=1495806472	TimeWritten=1495806472	Message=Successful Network Logon: User Name: Domain: Logon ID: (0x0,0x1092025) Logon Type: 3 Logon Process: NtLmSsp Authentication Package: NTLM Workstation Name: COMP-testuser-63 Logon GUID: - Caller User Name: - Caller Domain: - Caller Logon ID: - Caller Process ID: - Transited Services: - Source Network Address: 218.111.178.29 Source Port: 0
<190>May 26 09:47:53 arbor.pravail.ibm.lab pravail-aps: Blocked Host: Blocked host 64.87.88.123 at 10:52 by Invalid Packets using TCP/0 (Unknown) destination 146.147.183.95,URL: https://arbornetworks.pravail.test.com/chaos/
<133>May 26 09:47:55 microsoft.event.ibm.lab MSWinEventLog 1 Security 102757633 Fri May 26 09:47:55 2017 4907 Microsoft-Windows-Security-Auditing N/A N/A Success Audit testuser-86 Audit Policy Change Auditing settings on object were changed. Subject: Security ID: S-1-5-18 Account Name: testuser-86 Account Domain: us.ibm.com Logon ID: 0x1102500 Object: Object Server: Security Object Type: File Object Name: \Windows\winsxs\test.wav Handle ID: 0x3a8 Process Information: Process ID: 0xEF5C8E Process Name: C:\Windows\System32\wbengine.exe Auditing Settings: Original Security Descriptor: S:AI(AU;A;;WD) New Security Descriptor: S:ARAI(AU;SAFA;;;;WD)(AU;IDFA;B;;;WD) 889847
<13>May 26 09:47:56 microsoft.sec.ibm.lab AgentDevice=WindowsLog	AgentLogFile=Security	Source=Security	Computer=COMP-testuser-78	User=testuser-78	Domain=	EventID=680	EventIDCode=680	EventType=16	EventCategory=9	RecordNumber=980298	TimeGenerated=1495806476	TimeWritten=1495806476	Message=Logon attempt by: MICROSOFT_AUTHENTICATION_PACKAGE_V1_0 Logon account: testuser-78 Source Workstation: COMP-testuser-78 Error Code: 0x0 
<182>May 26 09:47:58 apache.httpd.ibm.lab httpd: 201.150.192.18 200.250.8.1 - - [26/May/2017:09:47:58 -0500] "POST /test.php?doing_test=123 HTTP/1.0" 404 80 282
<26>May 26 09:48:00 ambiron.ipangel.ibm.lab ipangel-ips: [2017-05-26 09:48:00-05] alert [Priority: 9] [119:14:1] [(http_inspect) NON-RFC DEFINED CHAR] 54.11.145.63:53633 TCP 125.62.14.159:80 br0
<189>May 26 09:48:01 ['9.9.9.9'] authmgr[504]: <NOTI> login <00:1c:bf:ca:2b:98  201.150.192.18 testuser-60>method=802.1x, server=TEST001, role=Authenticated Update(status 0 method 0 role 16), reauth=1800 sec
<13>May 26 09:48:03 checkpoint.firewall.ibm.lab 26May2017  checkpoint.firewall.ibm.lab product: SmartDefense; src: 15.83.16.235; s_port: ; dst: 65.162.85.39; service: ; proto: udp; rule: ;Attack Info: Bad domain format, illegal ASCII value in domain;Suppressed logs: 1;Total logs: 2;__policy_id_tag: product=VPN-1 & FireWall-1[db_tag={9B20E8EA-7DE6-11DD-B7D6-C0A832D11E1E};mgmt=fwmngt-zentral;date=1220906528;policy_name=Vulpine_gbl];alert: alert;attack: Invalid DNS;has_accounting: 0;i/f_dir: inbound;
<187>May 26 09:48:04 ['9.9.9.9'] httpd[16986]: [error] [client 51.18.44.104] Invalid URI in request \xf7vMKp`ET&\xa4\x9c\xc9\xec\xd1\xd8j\r\xce\xd9\xd4\xb3\c7
<133>May 26 09:48:06 microsoft.event.ibm.lab MSWinEventLog 1 Security 102757633 Fri May 26 09:48:06 2017 4907 Microsoft-Windows-Security-Auditing N/A N/A Success Audit testuser-28 Audit Policy Change Auditing settings on object were changed. Subject: Security ID: S-1-5-18 Account Name: testuser-28 Account Domain: us.ibm.com Logon ID: 0x1094116 Object: Object Server: Security Object Type: File Object Name: \Windows\winsxs\test.wav Handle ID: 0x3a8 Process Information: Process ID: 0xC5D1F9 Process Name: C:\Windows\System32\wbengine.exe Auditing Settings: Original Security Descriptor: S:AI(AU;A;;WD) New Security Descriptor: S:ARAI(AU;SAFA;;;;WD)(AU;IDFA;B;;;WD) 865964
<38>May 26 09:48:07 syslog: ssh: failed login attempt for testuser-15 from 201.150.192.18
<13>May 26 09:48:09 checkpoint.firewall.ibm.lab 26May2017 drop checkpoint.firewall.ibm.lab product: VPN-1 &FireWall-1; src: 137.38.197.140; s_port: 54570; dst: 132.179.160.49; service: 138; proto: udp; rule: 323;SmartDefense profile: Default_Protection;__policy_id_tag: product=VPN-1 & FireWall-1[db_tag={48AB8350-7F61-11DD-887D-C0A832D16C6C};mgmt=fwmngt-zentral;date=1221069169;policy_name=Chameleon_gbl];has_accounting: 0;i/f_dir: inbound;i/f_name: eth-s1/s1p1c0;rule_uid: {21D66174-0E19-4B77-A1E9-3473FE991088};
<189>May 26 09:48:10 ['9.9.9.9'] authmgr[504]: <NOTI> login <00:1c:bf:ca:2b:98  113.146.67.20 testuser-8>method=802.1x, server=TEST001, role=Authenticated Update(status 0 method 0 role 16), reauth=1800 sec
<25>May 26 09:48:12 ambiron.ipangel.ibm.lab ipangel-ips: [2017-05-26 09:48:12-05] alert [Priority: 9] [116:46:1] [(snort_decoder) WARNING: TCP Data Offset is less than 5!] 9.135.38.229:61629 TCP 223.230.20.179:80 br0
<25>May 26 09:48:14 apple.macosx.ibm.lab DirectoryService[51]: Failed Authentication return is being delayed due to over five recent auth failures for username: testuser-44.
<27>May 26 09:48:15 ambiron.ipangel.ibm.lab ipangel-ips: [2017-05-26 09:48:15-05] alert [Priority: 9] [119:2:1] [(http_inspect) DOUBLE DECODING ATTACK] 136.38.97.190:59341 TCP 28.193.88.160:80 br0
<182>May 26 09:48:17 apache.httpd.ibm.lab httpd: 137.38.197.140 195.222.130.132 - - [26/May/2017:09:48:17 -0500] "GET /../../../../../../../../../../../ HTTP/1.1" 400 443 307
<14>May 26 09:48:18 Message forwarded from aix.ibm.lab: ftp[random_number_1_to_999999]: ftp: IMPORT user rogueUser-4, host 128.234.158.118, local test_file, remote /data/savedata/test_file.dat.
<157>May 26 09:48:20 microsoft.event.ibm.lab MSWinEventLog	4	Security	60703	Fri May 26 09:48:20 2017	552	Security	NETWORK SERVICE	Well Known Group	Success Audit	testuser-76	Logon/Logoff		Logon attempt using explicit credentials: Logged on user:  User Name: NETWORK SERVICE  Domain: NT AUTHORITY  Logon ID: (0x0,0x1100401)  Logon GUID: -  User whose credentials were used:  Target User Name: testuser-76  Target Domain: us.ibm.com Target Logon GUID: -  Target Server Name: localhost  Target Server Info: localhost  Caller Process ID: 851107  Source Network Address: -  Source Port: - 	56794
<187>May 26 09:48:21 ['9.9.9.9'] httpd[16986]: [error] [client 120.171.20.155] Invalid URI in request \xf7vMKp`ET&\xa4\x9c\xc9\xec\xd1\xd8j\r\xce\xd9\xd4\xb3\c7
<190>May 26 09:48:23 arbor.pravail.ibm.lab pravail-aps: Blocked Host: Blocked host 165.11.95.213 at 10:53 by Malformed HTTP Filtering using TCP/80 (HTTP) destination 45.170.253.202 source port 60089,URL: https://arbornetworks.pravail.test.com/chaos/
<33>May 26 09:48:25 threecom.switch.ibm.lab %May 26 09:48:25 2017 S9500 RTA/3/Failed to start accounting: Failed to start traffic accounting for user 202.207.224.25 on board 6
<14>May 26 09:48:26 Message forwarded from aix.ibm.lab: ftp[random_number_1_to_999999]: ftp: IMPORT user testuser-11, host 132.146.155.198, local test_file, remote /data/savedata/test_file.dat.
<189>May 26 09:48:28 ['9.9.9.9'] authmgr[504]: <NOTI> login <00:1c:bf:ca:2b:98  147.198.103.40 testuser-6>method=802.1x, server=TEST001, role=Authenticated Update(status 0 method 0 role 16), reauth=1800 sec
<25>May 26 09:48:29 apple.macosx.ibm.lab DirectoryService[51]: Failed Authentication return is being delayed due to over five recent auth failures for username: testuser-46.
<27>May 26 09:48:31 ambiron.ipangel.ibm.lab ipangel-ips: [2017-05-26 09:48:31-05] alert [Priority: 9] [119:2:1] [(http_inspect) DOUBLE DECODING ATTACK] 120.171.20.155:56460 TCP 199.18.215.254:80 br0
<13>May 26 09:48:32 checkpoint.firewall.ibm.lab 26May2017  checkpoint.firewall.ibm.lab product: martDefense; src: 30.90.182.58; s_port: ; dst: 93.118.206.52; service: ; proto: udp; rule: ;Attack Info: Response packet too long, potential buffer overflow;Suppressed logs: 5;Total logs: 6;__policy_id_tag: product=VPN-1 & FireWall-1[db_tag={321A4EE6-7DEA-11DD-BFAA-C0A832822626};mgmt=fwmngt05;date=1220908070;policy_name=KillerWhale_gbl];alert: alert;attack: Invalid DNS;has_accounting: 0;i/f_dir: inbound;
<33>May 26 09:48:34 threecom.switch.ibm.lab %May 26 09:48:34 2017 S9500 RTA/3/Failed to start accounting: Failed to start traffic accounting for user 30.90.182.58 on board 6
<83>May 26 09:48:36 apple.macosx.ibm.lab sshd[5590]: error: PAM: Authentication failure for illegal user testuser-89 from 205.254.181.58<38>May 26 09:48:37 sshd[291083]: Disconnecting: Too many authentication failures for testuser-75
<129>May 26 09:48:39 barracuda.firewall.ibm.lab WF ALER METACHARACTER_IN_PARAMETER 79.186.10.120 56295 53.180.151.19 443 security-policy GLOBAL DENY NONE [token="%00 " Parameter="article" value="../../../../../../../../etc/passwd"] GET 53.180.151.19/talkback.cgi?article=../../../../../../../../etc/passwd%00&action=view&matchview=1 HTTPS "-" ""-"" 53.180.151.19 56295 "-" "-"
<189>May 26 09:48:40 ['9.9.9.9'] authmgr[504]: <NOTI> login <00:1c:bf:ca:2b:98  136.38.97.190 testuser-26>method=802.1x, server=TEST001, role=Authenticated Update(status 0 method 0 role 16), reauth=1800 sec
<86>May 26 09:48:42 apple.macosx.ibm.lab com.apple.SecurityServer: authinternal authenticated user testuser-80 (uid 90960).
<190>May 26 09:48:43 arbor.pravail.ibm.lab pravail-aps: Blocked Host: Blocked host 165.11.95.213 at 10:52 by Invalid Packets using TCP/0 (Unknown) destination 107.46.135.64,URL: https://arbornetworks.pravail.test.com/chaos/
<133>May 26 09:48:45 microsoft.event.ibm.lab MSWinEventLog 1 Security 102757633 Fri May 26 09:48:45 2017 4907 Microsoft-Windows-Security-Auditing N/A N/A Success Audit testuser-98 Audit Policy Change Auditing settings on object were changed. Subject: Security ID: S-1-5-18 Account Name: testuser-98 Account Domain: us.ibm.com Logon ID: 0x1108809 Object: Object Server: Security Object Type: File Object Name: \Windows\winsxs\test.wav Handle ID: 0x3a8 Process Information: Process ID: 0x75CA37 Process Name: C:\Windows\System32\wbengine.exe Auditing Settings: Original Security Descriptor: S:AI(AU;A;;WD) New Security Descriptor: S:ARAI(AU;SAFA;;;;WD)(AU;IDFA;B;;;WD) 522873
<157>May 26 09:48:46 microsoft.event.ibm.lab MSWinEventLog	4	Security	60703	Fri May 26 09:48:46 2017	552	Security	NETWORK SERVICE	Well Known Group	Success Audit	testuser-78	Logon/Logoff		Logon attempt using explicit credentials: Logged on user:  User Name: NETWORK SERVICE  Domain: NT AUTHORITY  Logon ID: (0x0,0x1104601)  Logon GUID: -  User whose credentials were used:  Target User Name: testuser-78  Target Domain: us.ibm.com Target Logon GUID: -  Target Server Name: localhost  Target Server Info: localhost  Caller Process ID: 414000  Source Network Address: -  Source Port: - 	56794
<14>May 26 09:48:48 Message forwarded from aix.ibm.lab: ftp[random_number_1_to_999999]: ftp: IMPORT user testuser-34, host 56.219.18.103, local test_file, remote /data/savedata/test_file.dat.
<129>May 26 09:48:50 barracuda.firewall.ibm.lab WF ALER METACHARACTER_IN_PARAMETER 136.38.97.190 57159 96.149.130.145 443 security-policy GLOBAL DENY NONE [token="%00 " Parameter="article" value="../../../../../../../../etc/passwd"] GET 96.149.130.145/talkback.cgi?article=../../../../../../../../etc/passwd%00&action=view&matchview=1 HTTPS "-" ""-"" 96.149.130.145 57159 "-" "-"
<189>May 26 09:48:51 ['9.9.9.9'] authmgr[504]: <NOTI> login <00:1c:bf:ca:2b:98  56.219.18.103 testuser-16>method=802.1x, server=TEST001, role=Authenticated Update(status 0 method 0 role 16), reauth=1800 sec
<13>May 26 09:48:53 checkpoint.firewall.ibm.lab 26May2017 drop checkpoint.firewall.ibm.lab product: VPN-1 &FireWall-1; src: 51.18.44.104; s_port: 55901; dst: 161.214.166.192; service: 138; proto: udp; rule: 323;SmartDefense profile: Default_Protection;__policy_id_tag: product=VPN-1 & FireWall-1[db_tag={48AB8350-7F61-11DD-887D-C0A832D16C6C};mgmt=fwmngt-zentral;date=1221069169;policy_name=Chameleon_gbl];has_accounting: 0;i/f_dir: inbound;i/f_name: eth-s1/s1p1c0;rule_uid: {21D66174-0E19-4B77-A1E9-3473FE991088};
<13>May 26 09:48:54 microsoft.sec.ibm.lab AgentDevice=WindowsLog	AgentLogFile=Security	Source=Security	Computer=COMP-testuser-48	User=testuser-48	Domain=	EventID=672	EventIDCode=672	EventType=16	EventCategory=9	RecordNumber=579423	TimeGenerated=1495806534	TimeWritten=1495806534	Message=Authentication Ticket Request: User Name: testuser-48 Supplied Realm Name: us.ibm.com User ID: %{S-1-2-3-1098304} Service Name: krbtgt Service ID: %{S-3-2-1-ADF7E4} Ticket Options: 0x40810010 Result Code: - Ticket Encryption Type: 0x17 Pre-Authentication Type: 2 Client Address: 30.90.182.58 Certificate Issuer Name:  Certificate Serial Number:  Certificate Thumbprint: 
<157>May 26 09:48:56 microsoft.event.ibm.lab MSWinEventLog	4	Security	60703	Fri May 26 09:48:56 2017	552	Security	NETWORK SERVICE	Well Known Group	Success Audit	testuser-7	Logon/Logoff		Logon attempt using explicit credentials: Logged on user:  User Name: NETWORK SERVICE  Domain: NT AUTHORITY  Logon ID: (0x0,0x990025)  Logon GUID: -  User whose credentials were used:  Target User Name: testuser-7  Target Domain: us.ibm.com Target Logon GUID: -  Target Server Name: localhost  Target Server Info: localhost  Caller Process ID: 770627  Source Network Address: -  Source Port: - 	56794
<13>May 26 09:48:57 microsoft.sec.ibm.lab AgentDevice=WindowsLog	AgentLogFile=Security	Source=Security	Computer=COMP-testuser-86	User=testuser-86	Domain=	EventID=672	EventIDCode=672	EventType=8	EventCategory=9	RecordNumber=726226	TimeGenerated=1495806537	TimeWritten=1495806537	Message=Authentication Ticket Request: User Name: testuser-86 Supplied Realm Name: us.ibm.com User ID: %{S-1-2-3-1102500} Service Name: krbtgt Service ID: %{S-3-2-1-096EE6} Ticket Options: 0x40810010 Result Code: - Ticket Encryption Type: 0x17 Pre-Authentication Type: 2 Client Address: 212.2.111.4 Certificate Issuer Name:  Certificate Serial Number:  Certificate Thumbprint: 
<182>May 26 09:48:59 apache.httpd.ibm.lab httpd: 79.186.10.120 40.107.2.85 - - [26/May/2017:09:48:59 -0500] "GET / HTTP/1.0" 200 443 9334
<33>May 26 09:49:01 threecom.switch.ibm.lab %May 26 09:49:01 2017 S9500 AAA/2/Serious error!: User testuser-16, in ACM send msg to SC failed! Returns 1 srcID 6 msgType 16384.
<190>May 26 09:49:02 arbor.pravail.ibm.lab pravail-aps: Blocked Host: Blocked host 212.2.111.4 at 10:52 by Invalid Packets using TCP/0 (Unknown) destination 75.154.68.16,URL: https://arbornetworks.pravail.test.com/chaos/
<182>May 26 09:49:04 apache.httpd.ibm.lab httpd: 125.83.117.185 176.223.19.17 - - [26/May/2017:09:49:04 -0500] "GET /<script>alert(53416)</script> HTTP/1.1" 404 443 320
<129>May 26 09:49:05 barracuda.firewall.ibm.lab WF ALER CROSS_SITE_SCRIPTING_IN_URL 132.146.155.198 63967 3.151.206.51 80 security-policy GLOBAL DENY NONE [type="cross-site-scripting" pattern="script-tag" token="<script>"] GET 3.151.206.51/<script>alert(53416)</script> HTTP "-" ""-"" 3.151.206.51 48541 "-" "-"
<190>May 26 09:49:07 arbor.pravail.ibm.lab pravail-aps: Blocked Host: Blocked host 201.150.192.18 10:53 by TCP Connection Reset using TCP/55170 (Unknown) destination 148.84.182.69 source port 443,URL: https://arbornetworks.pravail.test.com/chaos/
<129>May 26 09:49:08 barracuda.firewall.ibm.lab WF ALER METACHARACTER_IN_PARAMETER 15.83.16.235 53818 182.185.226.225 443 security-policy GLOBAL DENY NONE [token="%00 " Parameter="article" value="../../../../../../../../etc/passwd"] GET 182.185.226.225/talkback.cgi?article=../../../../../../../../etc/passwd%00&action=view&matchview=1 HTTPS "-" ""-"" 182.185.226.225 53818 "-" "-"
<13>May 26 09:49:10 checkpoint.firewall.ibm.lab 26May2017 reject checkpoint.firewall.ibm.lab product: VPN-1 & FireWall-1; src: 218.111.178.29; s_port: 61708; dst: 37.225.153.155; service: 113; proto: tcp; rule: 14;SmartDefense profile: Default_Protection;__policy_id_tag: product=VPN-1 & FireWall-1[db_tag={25E5B8F6-79E7-11DD-941A-C0A832D00C0C};mgmt=fwmngt-wuv;date=1220466957;policy_name=rhino_gbl];has_accounting: 0;i/f_dir: inbound;i/f_name: eth-s2/s1p1c0;rule_uid: {9C96B325-D976-4A30-8685-9ED61018A6E7};service_id: gident;
<33>May 26 09:49:12 threecom.switch.ibm.lab %May 26 09:49:12 2017 S9500 RTA/3/Failed to get user traffic: Failed to get traffic of user 136.38.97.190 on board 6
<190>May 26 09:49:13 arbor.pravail.ibm.lab pravail-aps: Blocked Host: Blocked host 136.38.97.190 10:53 by TCP Connection Reset using TCP/62624 (Unknown) destination 54.124.126.228 source port 443,URL: https://arbornetworks.pravail.test.com/chaos/
<27>May 26 09:49:15 ambiron.ipangel.ibm.lab ipangel-ips: [2017-05-26 09:49:15-05] alert [Priority: 9] [119:2:1] [(http_inspect) DOUBLE DECODING ATTACK] 132.146.155.198:57092 TCP 173.19.188.63:80 br0
<54>May 26 09:49:16 SymantecServer symantec.endpoint.ibm.lab: Security risk found,Computer name: COMP-1092025,Source: Scheduled Scan,Risk name: VirusDoctor,Occurrences: 1,c:/System Volume Information/_restore{A3F5C2A3-F289-4356-B021-1FEFEFB73CBD}/RP243/A0070465.exe,"",Actual action: Quarantined,Requested action: Quarantined,Secondary action: Left alone,Event time: 2017-05-26 09:49:16,Inserted:2017-05-26 09:49:16,End: 2017-05-26 09:49:16,Domain: Default,Group: My Company	est,Server: avp1,User: testuser-45,Source computer:  ,Source IP: 0.0.0.0
<27>May 26 09:49:18 ambiron.ipangel.ibm.lab ipangel-ips: [2017-05-26 09:49:18-05] alert [Priority: 9] [119:2:1] [(http_inspect) DOUBLE DECODING ATTACK] 218.111.178.29:55386 TCP 41.128.55.104:80 br0
<129>May 26 09:49:19 barracuda.firewall.ibm.lab WF ALER METHOD_NOT_ALLOWED 56.219.18.103 55679 82.10.247.40 80 security-policy GLOBAL DENY NONE [Method="ABCD"] ABCD 82.10.247.40/ HTTP "-" ""-"" 82.10.247.40 48536 "-" "-"
<179>May 26 09:49:21 apache.httpd.ibm.lab httpd[5570]: [ID 702911 local6.error] [error] [client 30.90.182.58] Certificate Verification: Error (10): certificate has expired
<133>May 26 09:49:22 microsoft.event.ibm.lab MSWinEventLog 1 Security 102757633 Fri May 26 09:49:22 2017 4907 Microsoft-Windows-Security-Auditing N/A N/A Success Audit testuser-61 Audit Policy Change Auditing settings on object were changed. Subject: Security ID: S-1-5-18 Account Name: testuser-61 Account Domain: us.ibm.com Logon ID: 0x1087849 Object: Object Server: Security Object Type: File Object Name: \Windows\winsxs\test.wav Handle ID: 0x3a8 Process Information: Process ID: 0x333C83 Process Name: C:\Windows\System32\wbengine.exe Auditing Settings: Original Security Descriptor: S:AI(AU;A;;WD) New Security Descriptor: S:ARAI(AU;SAFA;;;;WD)(AU;IDFA;B;;;WD) 676162
<182>May 26 09:49:24 apache.httpd.ibm.lab httpd: 136.38.97.190 93.162.188.66 - - [26/May/2017:09:49:24 -0500] "OPTIONS /cgi-bin/index.php HTTP/1.1" 200 443 -
<182>May 26 09:49:26 apache.httpd.ibm.lab httpd: 165.11.95.213 31.136.98.180 - - [26/May/2017:09:49:26 -0500] "POST /test.php?doing_test=123 HTTP/1.0" 404 80 282
