<28>May 26 07:56:01 Message forwarded from aix.ibm.lab: rshd[random_number_1_to_999999]: Failed rsh authentication from 170.230.146.134 for local user root via remote user testuser-71
<13>May 26 07:56:02 checkpoint.firewall.ibm.lab 26May2017 drop checkpoint.firewall.ibm.lab product: VPN-1 &FireWall-1; src: 136.38.97.190; s_port: 61134; dst: 131.230.108.45; service: 138; proto: udp; rule: 323;SmartDefense profile: Default_Protection;__policy_id_tag: product=VPN-1 & FireWall-1[db_tag={48AB8350-7F61-11DD-887D-C0A832D16C6C};mgmt=fwmngt-zentral;date=1221069169;policy_name=Chameleon_gbl];has_accounting: 0;i/f_dir: inbound;i/f_name: eth-s1/s1p1c0;rule_uid: {21D66174-0E19-4B77-A1E9-3473FE991088};
<13>May 26 07:56:04 checkpoint.firewall.ibm.lab 26May2017  checkpoint.firewall.ibm.lab product: SmartDefense; src: 30.90.182.58; s_port: ; dst: 199.75.241.84; service: ; proto: icmp; rule: ;Attack Info: Echo request too big;Suppressed logs: 1;Total logs: 2;__policy_id_tag: product=VPN-1 & FireWall-1[db_tag={B5A7057E-7F61-11DD-AA43-C0A832D12424};mgmt=fwmngt-zentral;date=1221069352;policy_name=Spider_gbl];alert: alert;attack: Large ping;has_accounting: 0;i/f_dir: inbound;
<157>May 26 07:56:05 microsoft.event.ibm.lab MSWinEventLog	4	Security	60703	Fri May 26 07:56:05 2017	552	Security	NETWORK SERVICE	Well Known Group	Success Audit	rogueUser-5	Logon/Logoff		Logon attempt using explicit credentials: Logged on user:  User Name: NETWORK SERVICE  Domain: NT AUTHORITY  Logon ID: (0x0,0x1121481)  Logon GUID: -  User whose credentials were used:  Target User Name: rogueUser-5  Target Domain: us.ibm.com Target Logon GUID: -  Target Server Name: localhost  Target Server Info: localhost  Caller Process ID: 116959  Source Network Address: -  Source Port: - 	56794
<179>May 26 07:56:07 apache.httpd.ibm.lab httpd[5570]: [ID 702911 local6.error] [error] [client 201.150.192.18] Certificate Verification: Error (10): certificate has expired
<38>May 26 07:56:08 sshd[random_number_1_to_999999]: Accepted publickey for testuser-32 from 125.83.117.185 port 63100 ssh2
<129>May 26 07:56:10 barracuda.firewall.ibm.lab WF ALER METACHARACTER_IN_PARAMETER 120.171.20.155 50427 6.79.14.51 443 security-policy GLOBAL DENY NONE [token="%00 " Parameter="article" value="../../../../../../../../etc/passwd"] GET 6.79.14.51/talkback.cgi?article=../../../../../../../../etc/passwd%00&action=view&matchview=1 HTTPS "-" ""-"" 6.79.14.51 50427 "-" "-"
<189>May 26 07:56:12 ['9.9.9.9'] authmgr[504]: <NOTI> login <00:1c:bf:ca:2b:98  51.18.44.104 testuser-31>method=802.1x, server=TEST001, role=Authenticated Update(status 0 method 0 role 16), reauth=1800 sec
<189>May 26 07:56:13 ['9.9.9.9'] authmgr[504]: <NOTI> login <00:1c:bf:ca:2b:98  218.111.178.29 testuser-81>method=802.1x, server=TEST001, role=Authenticated Update(status 0 method 0 role 16), reauth=1800 sec
<157>May 26 07:56:15 microsoft.event.ibm.lab MSWinEventLog	4	Security	60703	Fri May 26 07:56:15 2017	552	Security	NETWORK SERVICE	Well Known Group	Success Audit	testuser-92	Logon/Logoff		Logon attempt using explicit credentials: Logged on user:  User Name: NETWORK SERVICE  Domain: NT AUTHORITY  Logon ID: (0x0,0x1096209)  Logon GUID: -  User whose credentials were used:  Target User Name: testuser-92  Target Domain: us.ibm.com Target Logon GUID: -  Target Server Name: localhost  Target Server Info: localhost  Caller Process ID: 286314  Source Network Address: -  Source Port: - 	56794
<54>May 26 07:56:16 SymantecServer symantec.endpoint.ibm.lab: DCA-EMAPROJ2,Allowed,"C:\Program Files\Common Files\Symantec Shared\ccSvcHst.exe",,Begin: 2017-05-26 07:56:16,End:2017-05-26 07:56:16,Rule: ,2528,C:/Program Files/Microsoft Virtual Server/vmh.exe,0,,C:/ProgramFiles/Common Files/Symantec Shared/ccSvcHst.exe,User: testuser-77,Domain: US
<149>May 26 07:56:18 apple.macosx.ibm.lab sudo:    rogueUser-5 : TTY=ttyp1 ; PWD=/Users/admin ; USER=admin ;COMMAND=/bin/bash
<54>May 26 07:56:19 SymantecServer symantec.endpoint.ibm.lab: Commercial application detected,Computer name: COMP-1113025,Detection type: Commercial,Application name: DameWare Development DWRCS,Application type: Remote Control,Application version: 5\~ 5\~ 0\~ 0,Hash type: SHA-1,Application hash: 4670d9eeeab7449788be3b18e9364ef0088b900e,Company name: DameWare Development LLC,File size (bytes): 208896,Sensitivity: 0,Detection score: 1,Submission recommendation: 0,Permitted application reason: 0,Source: Heuristic Scan,Risk name:  ,Occurrences: 1,DWMRCS,"DWMRCS",Actual action: Left alone,Requested action: Left alone,Secondary action: Commercial application detection,Event time: 2017-05-26 07:56:19,Inserted: 2017-05-26 07:56:19,End: 2017-05-26 07:56:19,Domain: Default,Group: My Company	est,Server: testbox,User: rogueUser-1,Source computer:  ,Source IP: 0.0.0.0
<182>May 26 07:56:21 apache.httpd.ibm.lab httpd: 212.2.111.4 221.227.77.179 - - [26/May/2017:07:56:21 -0500] "ABCD / HTTP/1.1" 501 443 297
<50>May 26 07:56:23 SymantecServer symantec.endpoint.ibm.lab: testbox-xyz,[SID: 70025] Web Attack: Blackhole Exploit Toolkit 2 attack blocked. Traffic has been blocked for this application: C:\Program Files\Internet Explorer\iexplore.exe,Local: 0.0.0.0,Local: 000000000000,Remote: ,Remote: 0.0.0.0,Remote: 000000000000,Inbound,OTHERS,,Begin: 2017-05-26 07:56:23,End: 2017-05-26 07:56:23,Occurrences: 1,Application: C:/Program Files/Internet Explorer/iexplore.exe,Location: Default,User: testuser-51,Domain: SIMON,!ExternalLoggingTask.localport! 0,!ExternalLoggingTask.remoteport! 0,!ExternalLoggingTask.cidssignid! 70025,!ExternalLoggingTask.strcidssignid! Web Attack: Blackhole Exploit Toolkit 2,!ExternalLoggingTask.cidssignsubid! 0,!ExternalLoggingTask.intrusionurl! http://pppptttt.blah.net/links/came_broadcasting_taking-various.php,!ExternalLoggingTask.intrusionpayloadurl!
<190>May 26 07:56:24 arbor.pravail.ibm.lab pravail-aps: Blocked Host: Blocked host 218.111.178.29 at 10:52 by Invalid Packets using TCP/0 (Unknown) destination 171.244.206.47,URL: https://arbornetworks.pravail.test.com/chaos/
<33>May 26 07:56:26 threecom.switch.ibm.lab %May 26 07:56:26 2017 S9500 FTPS/5/USERIN: User testuser-14(125.83.117.185) login succeeded
<157>May 26 07:56:27 microsoft.event.ibm.lab MSWinEventLog	4	Security	60703	Fri May 26 07:56:27 2017	552	Security	NETWORK SERVICE	Well Known Group	Success Audit	testuser-61	Logon/Logoff		Logon attempt using explicit credentials: Logged on user:  User Name: NETWORK SERVICE  Domain: NT AUTHORITY  Logon ID: (0x0,0x1087849)  Logon GUID: -  User whose credentials were used:  Target User Name: testuser-61  Target Domain: us.ibm.com Target Logon GUID: -  Target Server Name: localhost  Target Server Info: localhost  Caller Process ID: 523334  Source Network Address: -  Source Port: - 	56794
<149>May 26 07:56:29 apple.macosx.ibm.lab sudo:    rogueUser-5 : TTY=ttyp1 ; PWD=/Users/admin ; USER=admin ;COMMAND=/bin/bash
<50>May 26 07:56:30 SymantecServer symantec.endpoint.ibm.lab: testbox-xyz,[SID: 70025] Web Attack: Blackhole Exploit Toolkit 2 attack blocked. Traffic has been blocked for this application: C:\Program Files\Internet Explorer\iexplore.exe,Local: 0.0.0.0,Local: 000000000000,Remote: ,Remote: 0.0.0.0,Remote: 000000000000,Inbound,OTHERS,,Begin: 2017-05-26 07:56:30,End: 2017-05-26 07:56:30,Occurrences: 1,Application: C:/Program Files/Internet Explorer/iexplore.exe,Location: Default,User: testuser-14,Domain: SIMON,!ExternalLoggingTask.localport! 0,!ExternalLoggingTask.remoteport! 0,!ExternalLoggingTask.cidssignid! 70025,!ExternalLoggingTask.strcidssignid! Web Attack: Blackhole Exploit Toolkit 2,!ExternalLoggingTask.cidssignsubid! 0,!ExternalLoggingTask.intrusionurl! http://pppptttt.blah.net/links/came_broadcasting_taking-various.php,!ExternalLoggingTask.intrusionpayloadurl!
<190>May 26 07:56:32 arbor.pravail.ibm.lab pravail-aps: Blocked Host: Blocked host 30.90.182.58 at 10:53 by Malformed HTTP Filtering using TCP/80 (HTTP) destination 140.49.22.98 source port 49837,URL: https://arbornetworks.pravail.test.com/chaos/
<190>May 26 07:56:33 arbor.pravail.ibm.lab pravail-aps: Blocked Host: Blocked host 44.111.228.125 at 10:52 by Invalid Packets using TCP/0 (Unknown) destination 136.38.24.14,URL: https://arbornetworks.pravail.test.com/chaos/
<38>May 26 07:56:35 sshd[174144]: input_userauth_request: invalid user testuser-25
<182>May 26 07:56:37 apache.httpd.ibm.lab httpd: 212.2.111.4 155.150.38.16 - - [26/May/2017:07:56:37 -0500] "GET /<script>alert(53416)</script> HTTP/1.1" 404 443 320
<33>May 26 07:56:38 threecom.switch.ibm.lab %May 26 07:56:38 2017 S9500 FTPS/5/USERIN: User testuser-37(79.186.10.120) login succeeded
<182>May 26 07:56:40 apache.httpd.ibm.lab httpd: 165.11.95.213 30.49.121.109 - - [26/May/2017:07:56:40 -0500] "OPTIONS /cgi-bin/index.php HTTP/1.1" 200 443 -
<13>May 26 07:56:41 checkpoint.firewall.ibm.lab 26May2017 drop checkpoint.firewall.ibm.lab product: VPN-1 &FireWall-1; src: 136.38.97.190; s_port: 58281; dst: 113.185.8.249; service: 138; proto: udp; rule: 323;SmartDefense profile: Default_Protection;__policy_id_tag: product=VPN-1 & FireWall-1[db_tag={48AB8350-7F61-11DD-887D-C0A832D16C6C};mgmt=fwmngt-zentral;date=1221069169;policy_name=Chameleon_gbl];has_accounting: 0;i/f_dir: inbound;i/f_name: eth-s1/s1p1c0;rule_uid: {21D66174-0E19-4B77-A1E9-3473FE991088};
<26>May 26 07:56:43 ambiron.ipangel.ibm.lab ipangel-ips: [2017-05-26 07:56:43-05] alert [Priority: 9] [119:14:1] [(http_inspect) NON-RFC DEFINED CHAR] 201.150.192.18:49562 TCP 47.136.92.122:80 br0
<26>May 26 07:56:44 ambiron.ipangel.ibm.lab ipangel-ips: [2017-05-26 07:56:44-05] alert [Priority: 9] [119:14:1] [(http_inspect) NON-RFC DEFINED CHAR] 79.186.10.120:64315 TCP 133.140.33.45:80 br0
<33>May 26 07:56:46 threecom.switch.ibm.lab %May 26 07:56:46 2017 S9500 RTA/3/Failed to get user traffic: Failed to get traffic of user 201.150.192.18 on board 6
<33>May 26 07:56:48 threecom.switch.ibm.lab %May 26 07:56:48 2017 S9500 PORTAL/5/PT_LOG: Online user 201.150.192.18 changes to 114.105.61.175, we will cut it off as using traffic-acct.
<189>May 26 07:56:49 ['9.9.9.9'] authmgr[504]: <NOTI> login <00:1c:bf:ca:2b:98  218.111.178.29 testuser-18>method=802.1x, server=TEST001, role=Authenticated Update(status 0 method 0 role 16), reauth=1800 sec
<54>May 26 07:56:51 SymantecServer symantec.endpoint.ibm.lab: Potential risk found,Computer name: COMP-1081600,Detection type: Heuristic,Application name: (Unknown),Application type: Trojan Worm,Application version: ,Hash type: SHA-1,Application hash: 72c874f212a18944ff56f774bfe7252346b93f8e,Company name: ,File size (bytes): 301568,Sensitivity: 0,Detection score: 40,Submission recommendation:1,Permitted application reason: 0,Source: Heuristic Scan,Risk name: ,Occurrences: 1,c:\claims\claims32.exe,"",Actual action: Left alone,Requested action: Left alone,Secondary action: Left alone,Event time: 2017-05-26 07:56:51,Inserted:2017-05-26 07:56:51,End:  2017-05-26 07:56:51,Domain: Default,Group: My Company\LTC\Desktops,Server: crasesssmc01,User: testuser-31,Source computer: ,Source IP: 0.0.0.0
<189>May 26 07:56:52 ['9.9.9.9'] authmgr[504]: <NOTI> login <00:1c:bf:ca:2b:98  56.219.18.103 testuser-34>method=802.1x, server=TEST001, role=Authenticated Update(status 0 method 0 role 16), reauth=1800 sec
<26>May 26 07:56:54 ambiron.ipangel.ibm.lab ipangel-ips: [2017-05-26 07:56:54-05] alert [Priority: 9] [119:14:1] [(http_inspect) NON-RFC DEFINED CHAR] 83.87.204.105:50617 TCP 212.236.193.204:80 br0
<129>May 26 07:56:55 barracuda.firewall.ibm.lab WF ALER CROSS_SITE_SCRIPTING_IN_PARAM 83.87.204.105 53526 171.166.168.95 443 security-policy GLOBAL DENY NONE [type="cross-site-scripting" pattern="script-tag" token="<script>" Parameter="url" value="<script>alert(5341)</script>"] GET 171.166.168.95/redirect.asp?url=<script>alert(5341)</script> HTTPS "-" ""-"" 171.166.168.95 59845 "-" "-"
<129>May 26 07:56:57 barracuda.firewall.ibm.lab WF ALER CROSS_SITE_SCRIPTING_IN_URL 20.135.51.253 49490 201.49.29.56 80 security-policy GLOBAL DENY NONE [type="cross-site-scripting" pattern="script-tag" token="<script>"] GET 201.49.29.56/<script>alert(53416)</script> HTTP "-" ""-"" 201.49.29.56 48541 "-" "-"
<13>May 26 07:56:59 checkpoint.firewall.ibm.lab 26May2017 drop checkpoint.firewall.ibm.lab product: VPN-1 &FireWall-1; src: 128.234.158.118; s_port: 60259; dst: 62.197.70.140; service: 138; proto: udp; rule: 323;SmartDefense profile: Default_Protection;__policy_id_tag: product=VPN-1 & FireWall-1[db_tag={48AB8350-7F61-11DD-887D-C0A832D16C6C};mgmt=fwmngt-zentral;date=1221069169;policy_name=Chameleon_gbl];has_accounting: 0;i/f_dir: inbound;i/f_name: eth-s1/s1p1c0;rule_uid: {21D66174-0E19-4B77-A1E9-3473FE991088};
<190>May 26 07:57:00 arbor.pravail.ibm.lab pravail-aps: Blocked Host: Blocked host 54.11.145.63 at 10:52 by Invalid Packets using TCP/0 (Unknown) destination 154.23.4.25,URL: https://arbornetworks.pravail.test.com/chaos/
<83>May 26 07:57:02 apple.macosx.ibm.lab com.apple.SecurityServer: authinternal failed to authenticate user testuser-54.
<13>May 26 07:57:03 checkpoint.firewall.ibm.lab 26May2017 drop checkpoint.firewall.ibm.lab product: SmartDefense; src: 20.135.51.253; s_port: 62531; dst: 117.209.105.91; service: 443; proto: tcp; rule: 392;Attack Info: TCP segment out of maximum allowed sequence. Packet dropped.;Confidence Level: 0;Performance Impact: 0;Protection Name: TCP Segment Limit Enforcement;Protection Type: settings_tcp;Severity: 0;SmartDefense Profile: Boticario_DMZ_Protection;__policy_id_tag: product=VPN-1 & FireWall-1[db_tag={E94ECB65-34C0-4740-9634-761E1604C8BC};mgmt=SJP1PLNX036-DMZ;date=1424714440;policy_name=DMZ];attack: Streaming Engine: TCP Segment Limit Enforcement;has_accounting: 0;i/f_dir: inbound;i/f_name: eth2-01.2809;origin_sic_name: CN=TEST-DMZ1,O=log_server_hostname;protection_id: tcp_segment_limit;rule_uid: {499DBB08-D262-4D9F-B639-5337A7B36E59};snid: 7572c682;src_machine_name: COMP-rogueUser-3;src_user_name: rogueUser-3 ;user: rogueUser-3 ;
<129>May 26 07:57:05 barracuda.firewall.ibm.lab WF ALER SLASH_DOT_IN_URL 20.135.51.253 52312 90.41.127.61 443 security-policy GLOBAL DENY NONE ["-"] GET 90.41.127.61/themes/default/css/.htaccess HTTPS "-" ""-"" 90.41.127.61 44428 "-" "-"
<157>May 26 07:57:06 microsoft.event.ibm.lab MSWinEventLog	4	Security	60703	Fri May 26 07:57:06 2017	552	Security	NETWORK SERVICE	Well Known Group	Success Audit	testuser-14	Logon/Logoff		Logon attempt using explicit credentials: Logged on user:  User Name: NETWORK SERVICE  Domain: NT AUTHORITY  Logon ID: (0x0,0x1083681)  Logon GUID: -  User whose credentials were used:  Target User Name: testuser-14  Target Domain: us.ibm.com Target Logon GUID: -  Target Server Name: localhost  Target Server Info: localhost  Caller Process ID: 548261  Source Network Address: -  Source Port: - 	56794
<33>May 26 07:57:08 threecom.switch.ibm.lab %May 26 07:57:08 2017 S9500 PORTAL/5/PT_LOG: Online user 218.111.178.29 changes to 173.72.101.75, we will cut it off as using traffic-acct.
<54>May 26 07:57:09 SymantecServer symantec.endpoint.ibm.lab: CNC2PSY9D1,Allowed,Sysfer exception: .\RegParamEngine.cpp 1152 Failed to read value DeviceInstance from key \Registry\Machine\SYSTEM\CurrentControlSet\Control\DeviceClasses\{53f56307-b6bf-11d0-94f2-00a0c91efb8b}\##?#IDE#DiskWDC_WD800JD-75MSA3______________________10.01E04#5&,Sysfer exception,Begin: 2017-05-26 07:57:09,End: 2017-05-26 07:57:09,Rule: Sysfer exception,3592,C:/Program Files/Cisco Systems/CSAgent/bin/okclient.exe,0,,,User: testuser-8,Domain: US
<13>May 26 07:57:11 microsoft.sec.ibm.lab AgentDevice=WindowsLog	AgentLogFile=Security	Source=Security	Computer=COMP-testuser-26	User=testuser-26	Domain=	EventID=680	EventIDCode=680	EventType=8	EventCategory=9	RecordNumber=145769	TimeGenerated=1495799831	TimeWritten=1495799831	Message=Logon attempt by: MICROSOFT_AUTHENTICATION_PACKAGE_V1_0 Logon account: testuser-26 Source Workstation: COMP-testuser-26 Error Code: 0x0 
<25>May 26 07:57:13 ambiron.ipangel.ibm.lab ipangel-ips: [2017-05-26 07:57:13-05] alert [Priority: 9] [116:46:1] [(snort_decoder) WARNING: TCP Data Offset is less than 5!] 120.171.20.155:51940 TCP 79.161.220.61:80 br0
<133>May 26 07:57:14 microsoft.event.ibm.lab MSWinEventLog 1 Security 102757633 Fri May 26 07:57:14 2017 4907 Microsoft-Windows-Security-Auditing N/A N/A Success Audit testuser-91 Audit Policy Change Auditing settings on object were changed. Subject: Security ID: S-1-5-18 Account Name: testuser-91 Account Domain: us.ibm.com Logon ID: 0x1094116 Object: Object Server: Security Object Type: File Object Name: \Windows\winsxs\test.wav Handle ID: 0x3a8 Process Information: Process ID: 0x1F2437 Process Name: C:\Windows\System32\wbengine.exe Auditing Settings: Original Security Descriptor: S:AI(AU;A;;WD) New Security Descriptor: S:ARAI(AU;SAFA;;;;WD)(AU;IDFA;B;;;WD) 789444
<182>May 26 07:57:16 apache.httpd.ibm.lab httpd: 202.207.224.25 126.174.71.93 - - [26/May/2017:07:57:16 -0500] "HEAD / HTTP/1.1" 200 443 -
<38>May 26 07:57:17 sshd[691540]: input_userauth_request: invalid user testuser-14
<182>May 26 07:57:19 apache.httpd.ibm.lab httpd: 120.171.20.155 97.193.222.1 - - [26/May/2017:07:57:19 -0500] "GET /<script>alert(53416)</script> HTTP/1.1" 404 443 320
<54>May 26 07:57:20 SymantecServer symantec.endpoint.ibm.lab: DCA-EMAPROJ2,Allowed,"C:\Program Files\Common Files\Symantec Shared\ccSvcHst.exe",,Begin: 2017-05-26 07:57:20,End:2017-05-26 07:57:20,Rule: ,2528,C:/Program Files/Microsoft Virtual Server/vmh.exe,0,,C:/ProgramFiles/Common Files/Symantec Shared/ccSvcHst.exe,User: testuser-33,Domain: US
<187>May 26 07:57:22 ['9.9.9.9'] httpd[16986]: [error] [client 136.38.97.190] Invalid URI in request \xf7vMKp`ET&\xa4\x9c\xc9\xec\xd1\xd8j\r\xce\xd9\xd4\xb3\c7
<157>May 26 07:57:24 microsoft.event.ibm.lab MSWinEventLog	4	Security	60703	Fri May 26 07:57:24 2017	552	Security	NETWORK SERVICE	Well Known Group	Success Audit	testuser-65	Logon/Logoff		Logon attempt using explicit credentials: Logged on user:  User Name: NETWORK SERVICE  Domain: NT AUTHORITY  Logon ID: (0x0,0x1096209)  Logon GUID: -  User whose credentials were used:  Target User Name: testuser-65  Target Domain: us.ibm.com Target Logon GUID: -  Target Server Name: localhost  Target Server Info: localhost  Caller Process ID: 385690  Source Network Address: -  Source Port: - 	56794
<13>May 26 07:57:25 checkpoint.firewall.ibm.lab 26May2017  checkpoint.firewall.ibm.lab product: SmartDefense; src: 56.219.18.103; s_port: ; dst: 171.4.72.23; service: ; proto: udp; rule: ;Attack Info: Bad domain format, illegal ASCII value in domain;Suppressed logs: 1;Total logs: 2;__policy_id_tag: product=VPN-1 & FireWall-1[db_tag={9B20E8EA-7DE6-11DD-B7D6-C0A832D11E1E};mgmt=fwmngt-zentral;date=1220906528;policy_name=Vulpine_gbl];alert: alert;attack: Invalid DNS;has_accounting: 0;i/f_dir: inbound;
<13>May 26 07:57:27 microsoft.sec.ibm.lab AgentDevice=WindowsLog	AgentLogFile=Security	Source=Security	Computer=COMP-testuser-28	User=testuser-28	Domain=	EventID=672	EventIDCode=672	EventType=16	EventCategory=9	RecordNumber=300062	TimeGenerated=1495799847	TimeWritten=1495799847	Message=Authentication Ticket Request: User Name: testuser-28 Supplied Realm Name: us.ibm.com User ID: %{S-1-2-3-1094116} Service Name: krbtgt Service ID: %{S-3-2-1-A972AC} Ticket Options: 0x40810010 Result Code: - Ticket Encryption Type: 0x17 Pre-Authentication Type: 2 Client Address: 79.186.10.120 Certificate Issuer Name:  Certificate Serial Number:  Certificate Thumbprint: 
<25>May 26 07:57:28 apple.macosx.ibm.lab DirectoryService[51]: Failed Authentication return is being delayed due to over five recent auth failures for username: testuser-20.
<149>May 26 07:57:30 apple.macosx.ibm.lab sudo:    testuser-75 : TTY=ttyp1 ; PWD=/Users/admin ; USER=admin ;COMMAND=/bin/bash
<33>May 26 07:57:31 threecom.switch.ibm.lab %May 26 07:57:31 2017 S9500 RTA/3/Failed to get user traffic: Failed to get traffic of user 56.219.18.103 on board 6
<189>May 26 07:57:33 ['9.9.9.9'] authmgr[504]: <NOTI> login <00:1c:bf:ca:2b:98  137.38.197.140 rogueUser-2>method=802.1x, server=TEST001, role=Authenticated Update(status 0 method 0 role 16), reauth=1800 sec
<13>May 26 07:57:35 microsoft.sec.ibm.lab AgentDevice=WindowsLog	AgentLogFile=Security	Source=Security	Computer=COMP-testuser-43	User=testuser-43	Domain=	EventID=529	EventIDCode=529	EventType=16	EventCategory=2	RecordNumber=265437	TimeGenerated=1495799855	TimeWritten=1495799855	Message=Successful Network Logon: User Name: Domain: Logon ID: (0x0,0x1087849) Logon Type: 3 Logon Process: NtLmSsp Authentication Package: NTLM Workstation Name: COMP-testuser-43 Logon GUID: - Caller User Name: - Caller Domain: - Caller Logon ID: - Caller Process ID: - Transited Services: - Source Network Address: 56.219.18.103 Source Port: 0
<33>May 26 07:57:36 threecom.switch.ibm.lab %May 26 07:57:36 2017 S9500 AAA/2/Serious error!: User testuser-82, in ACM send msg to SC failed! Returns 1 srcID 6 msgType 16384.
<50>May 26 07:57:38 SymantecServer symantec.endpoint.ibm.lab: testbox-xyz,[SID: 70025] Web Attack: Blackhole Exploit Toolkit 2 attack blocked. Traffic has been blocked for this application: C:\Program Files\Internet Explorer\iexplore.exe,Local: 0.0.0.0,Local: 000000000000,Remote: ,Remote: 0.0.0.0,Remote: 000000000000,Inbound,OTHERS,,Begin: 2017-05-26 07:57:38,End: 2017-05-26 07:57:38,Occurrences: 1,Application: C:/Program Files/Internet Explorer/iexplore.exe,Location: Default,User: testuser-66,Domain: SIMON,!ExternalLoggingTask.localport! 0,!ExternalLoggingTask.remoteport! 0,!ExternalLoggingTask.cidssignid! 70025,!ExternalLoggingTask.strcidssignid! Web Attack: Blackhole Exploit Toolkit 2,!ExternalLoggingTask.cidssignsubid! 0,!ExternalLoggingTask.intrusionurl! http://pppptttt.blah.net/links/came_broadcasting_taking-various.php,!ExternalLoggingTask.intrusionpayloadurl!
<33>May 26 07:57:39 threecom.switch.ibm.lab %May 26 07:57:39 2017 S9500 RTA/3/Failed to get user traffic: Failed to get traffic of user 218.111.178.29 on board 6
<13>May 26 07:57:41 microsoft.sec.ibm.lab AgentDevice=WindowsLog	AgentLogFile=Security	Source=Security	Computer=COMP-testuser-79	User=testuser-79	Domain=	EventID=672	EventIDCode=672	EventType=16	EventCategory=9	RecordNumber=170884	TimeGenerated=1495799861	TimeWritten=1495799861	Message=Authentication Ticket Request: User Name: testuser-79 Supplied Realm Name: us.ibm.com User ID: %{S-1-2-3-1106704} Service Name: krbtgt Service ID: %{S-3-2-1-8B1888} Ticket Options: 0x40810010 Result Code: - Ticket Encryption Type: 0x17 Pre-Authentication Type: 2 Client Address: 179.174.48.208 Certificate Issuer Name:  Certificate Serial Number:  Certificate Thumbprint: 
<187>May 26 07:57:42 ['9.9.9.9'] httpd[16986]: [error] [client 120.171.20.155] Invalid URI in request \xf7vMKp`ET&\xa4\x9c\xc9\xec\xd1\xd8j\r\xce\xd9\xd4\xb3\c7
<33>May 26 07:57:44 threecom.switch.ibm.lab %May 26 07:57:44 2017 S9500 VTY/5/VTY_LOG:  TELNET user failed to login from 212.2.111.4(000D-88F6-60E0) on VTY0.
<133>May 26 07:57:45 microsoft.event.ibm.lab MSWinEventLog 1 Security 102757633 Fri May 26 07:57:45 2017 4907 Microsoft-Windows-Security-Auditing N/A N/A Success Audit testuser-66 Audit Policy Change Auditing settings on object were changed. Subject: Security ID: S-1-5-18 Account Name: testuser-66 Account Domain: us.ibm.com Logon ID: 0x1098304 Object: Object Server: Security Object Type: File Object Name: \Windows\winsxs\test.wav Handle ID: 0x3a8 Process Information: Process ID: 0xCD75D2 Process Name: C:\Windows\System32\wbengine.exe Auditing Settings: Original Security Descriptor: S:AI(AU;A;;WD) New Security Descriptor: S:ARAI(AU;SAFA;;;;WD)(AU;IDFA;B;;;WD) 324380
<133>May 26 07:57:47 microsoft.event.ibm.lab MSWinEventLog 1 Security 102757633 Fri May 26 07:57:47 2017 4907 Microsoft-Windows-Security-Auditing N/A N/A Success Audit testuser-84 Audit Policy Change Auditing settings on object were changed. Subject: Security ID: S-1-5-18 Account Name: testuser-84 Account Domain: us.ibm.com Logon ID: 0x1098304 Object: Object Server: Security Object Type: File Object Name: \Windows\winsxs\test.wav Handle ID: 0x3a8 Process Information: Process ID: 0x37641A Process Name: C:\Windows\System32\wbengine.exe Auditing Settings: Original Security Descriptor: S:AI(AU;A;;WD) New Security Descriptor: S:ARAI(AU;SAFA;;;;WD)(AU;IDFA;B;;;WD) 1419
<129>May 26 07:57:49 barracuda.firewall.ibm.lab WF ALER METHOD_NOT_ALLOWED 147.198.103.40 63797 74.58.151.38 80 security-policy GLOBAL DENY NONE [Method="ABCD"] ABCD 74.58.151.38/ HTTP "-" ""-"" 74.58.151.38 48536 "-" "-"
<157>May 26 07:57:50 microsoft.event.ibm.lab MSWinEventLog	4	Security	60703	Fri May 26 07:57:50 2017	552	Security	NETWORK SERVICE	Well Known Group	Success Audit	testuser-7	Logon/Logoff		Logon attempt using explicit credentials: Logged on user:  User Name: NETWORK SERVICE  Domain: NT AUTHORITY  Logon ID: (0x0,0x990025)  Logon GUID: -  User whose credentials were used:  Target User Name: testuser-7  Target Domain: us.ibm.com Target Logon GUID: -  Target Server Name: localhost  Target Server Info: localhost  Caller Process ID: 336609  Source Network Address: -  Source Port: - 	56794
<54>May 26 07:57:52 SymantecServer symantec.endpoint.ibm.lab: DCA-EMAPROJ2,Allowed,"C:\Program Files\Common Files\Symantec Shared\ccSvcHst.exe",,Begin: 2017-05-26 07:57:52,End:2017-05-26 07:57:52,Rule: ,2528,C:/Program Files/Microsoft Virtual Server/vmh.exe,0,,C:/ProgramFiles/Common Files/Symantec Shared/ccSvcHst.exe,User: testuser-75,Domain: US
<33>May 26 07:57:53 threecom.switch.ibm.lab %May 26 07:57:53 2017 S9500 RTA/3/Failed to get user traffic: Failed to get traffic of user 120.171.20.155 on board 6
<33>May 26 07:57:55 threecom.switch.ibm.lab %May 26 07:57:55 2017 S9500 RTA/3/Failed to get user traffic: Failed to get traffic of user 201.150.192.18 on board 6
<13>May 26 07:57:56 microsoft.sec.ibm.lab AgentDevice=WindowsLog	AgentLogFile=Security	Source=Security	Computer=COMP-testuser-12	User=testuser-12	Domain=	EventID=680	EventIDCode=680	EventType=8	EventCategory=9	RecordNumber=671898	TimeGenerated=1495799876	TimeWritten=1495799876	Message=Logon attempt by: MICROSOFT_AUTHENTICATION_PACKAGE_V1_0 Logon account: testuser-12 Source Workstation: COMP-testuser-12 Error Code: 0x0 
<157>May 26 07:57:58 microsoft.event.ibm.lab MSWinEventLog	4	Security	60703	Fri May 26 07:57:58 2017	552	Security	NETWORK SERVICE	Well Known Group	Success Audit	testuser-27	Logon/Logoff		Logon attempt using explicit credentials: Logged on user:  User Name: NETWORK SERVICE  Domain: NT AUTHORITY  Logon ID: (0x0,0x1092025)  Logon GUID: -  User whose credentials were used:  Target User Name: testuser-27  Target Domain: us.ibm.com Target Logon GUID: -  Target Server Name: localhost  Target Server Info: localhost  Caller Process ID: 488145  Source Network Address: -  Source Port: - 	56794
<38>May 26 07:58:00 sshd[random_number_1_to_999999]: Accepted keyboard-interactive/pam for testuser-61 from 56.219.18.103 port 52227 ssh2
<34>May 26 07:58:00 Message forwarded from aix.ibm.lab: su: BAD SU from testuser-61 to root at /dev/pts/3
<133>May 26 07:58:01 microsoft.event.ibm.lab MSWinEventLog 1 Security 102757633 Fri May 26 07:58:01 2017 4907 Microsoft-Windows-Security-Auditing N/A N/A Success Audit rogueUser-2 Audit Policy Change Auditing settings on object were changed. Subject: Security ID: S-1-5-18 Account Name: rogueUser-2 Account Domain: us.ibm.com Logon ID: 0x1115136 Object: Object Server: Security Object Type: File Object Name: \Windows\winsxs\test.wav Handle ID: 0x3a8 Process Information: Process ID: 0x70B8D5 Process Name: C:\Windows\System32\wbengine.exe Auditing Settings: Original Security Descriptor: S:AI(AU;A;;WD) New Security Descriptor: S:ARAI(AU;SAFA;;;;WD)(AU;IDFA;B;;;WD) 46616
<190>May 26 07:58:03 arbor.pravail.ibm.lab pravail-aps: Blocked Host: Blocked host 56.219.18.103 at 10:53 by Malformed HTTP Filtering using TCP/80 (HTTP) destination 40.117.46.125 source port 53496,URL: https://arbornetworks.pravail.test.com/chaos/
<13>May 26 07:58:04 microsoft.sec.ibm.lab AgentDevice=WindowsLog	AgentLogFile=Security	Source=Security	Computer=COMP-rogueUser-4	User=rogueUser-4	Domain=	EventID=680	EventIDCode=680	EventType=8	EventCategory=9	RecordNumber=23086	TimeGenerated=1495799884	TimeWritten=1495799884	Message=Logon attempt by: MICROSOFT_AUTHENTICATION_PACKAGE_V1_0 Logon account: rogueUser-4 Source Workstation: COMP-rogueUser-4 Error Code: 0x0 
<13>May 26 07:58:06 checkpoint.firewall.ibm.lab 26May2017  checkpoint.firewall.ibm.lab product: SmartDefense; src: 165.11.95.213; s_port: ; dst: 184.67.180.217; service: ; proto: icmp; rule: ;Attack Info: Echo request too big;Suppressed logs: 1;Total logs: 2;__policy_id_tag: product=VPN-1 & FireWall-1[db_tag={B5A7057E-7F61-11DD-AA43-C0A832D12424};mgmt=fwmngt-zentral;date=1221069352;policy_name=Spider_gbl];alert: alert;attack: Large ping;has_accounting: 0;i/f_dir: inbound;
<28>May 26 07:58:07 Message forwarded from aix.ibm.lab: rshd[random_number_1_to_999999]: Failed rsh authentication from 165.11.95.213 for local user root via remote user testuser-56
<190>May 26 07:58:09 arbor.pravail.ibm.lab pravail-aps: Blocked Host: Blocked host 56.219.18.103 at 10:53 by Malformed HTTP Filtering using TCP/80 (HTTP) destination 75.19.180.155 source port 52546,URL: https://arbornetworks.pravail.test.com/chaos/
<190>May 26 07:58:11 arbor.pravail.ibm.lab pravail-aps: Blocked Host: Blocked host 165.11.95.213 at 10:52 by Invalid Packets using TCP/0 (Unknown) destination 170.49.109.109,URL: https://arbornetworks.pravail.test.com/chaos/
<33>May 26 07:58:12 threecom.switch.ibm.lab %May 26 07:58:12 2017 S9500 VTY/5/VTY_LOG:  TELNET user failed to login from 212.2.111.4(000D-88F6-60E0) on VTY0.
<38>May 26 07:58:14 sshd[559764]: Disconnecting: Too many authentication failures for rogueUser-3
<33>May 26 07:58:15 threecom.switch.ibm.lab %May 26 07:58:15 2017 S9500 RTA/3/Failed to get user traffic: Failed to get traffic of user 201.150.192.18 on board 6
<13>May 26 07:58:17 checkpoint.firewall.ibm.lab 26May2017 drop checkpoint.firewall.ibm.lab product: VPN-1 &FireWall-1; src: 20.135.51.253; s_port: 54889; dst: 174.220.78.162; service: 138; proto: udp; rule: 323;SmartDefense profile: Default_Protection;__policy_id_tag: product=VPN-1 & FireWall-1[db_tag={48AB8350-7F61-11DD-887D-C0A832D16C6C};mgmt=fwmngt-zentral;date=1221069169;policy_name=Chameleon_gbl];has_accounting: 0;i/f_dir: inbound;i/f_name: eth-s1/s1p1c0;rule_uid: {21D66174-0E19-4B77-A1E9-3473FE991088};
<182>May 26 07:58:18 apache.httpd.ibm.lab httpd: 83.87.204.105 30.1.80.34 - - [26/May/2017:07:58:18 -0500] "GET /../../../../../../../../../../../ HTTP/1.1" 400 443 307
<190>May 26 07:58:20 arbor.pravail.ibm.lab pravail-aps: Blocked Host: Blocked host 201.150.192.18 at 10:53 by Malformed HTTP Filtering using TCP/80 (HTTP) destination 207.174.55.144 source port 56051,URL: https://arbornetworks.pravail.test.com/chaos/
<28>May 26 07:58:21 Message forwarded from aix.ibm.lab: rshd[random_number_1_to_999999]: Failed rsh authentication from 190.138.246.157 for local user root via remote user testuser-79
<33>May 26 07:58:23 threecom.switch.ibm.lab %May 26 07:58:23 2017 S9500 PORTAL/5/PT_LOG: Online user 165.11.95.213 changes to 206.82.142.153, we will cut it off as using traffic-acct.
<83>May 26 07:58:25 apple.macosx.ibm.lab com.apple.SecurityServer: authinternal failed to authenticate user testuser-57.
<26>May 26 07:58:26 ambiron.ipangel.ibm.lab ipangel-ips: [2017-05-26 07:58:26-05] alert [Priority: 9] [119:14:1] [(http_inspect) NON-RFC DEFINED CHAR] 218.111.178.29:62571 TCP 36.131.233.13:80 br0
<182>May 26 07:58:28 apache.httpd.ibm.lab httpd: 30.90.182.58 41.82.97.11 - - [26/May/2017:07:58:28 -0500] "CONNECT 10.35.79.71:443 HTTP/1.1" 405 443 297
<38>May 26 07:58:29 sshd[946174]: Invalid user testuser-75 from 30.90.182.58
<14>May 26 07:58:31 Message forwarded from aix.ibm.lab: ftp[random_number_1_to_999999]: ftp: EXPORT user testuser-69, host 83.87.204.105, local test_script.sh, remote test_script.sh.
<33>May 26 07:58:32 threecom.switch.ibm.lab %May 26 07:58:32 2017 S9500 VTY/5/VTY_LOG:  TELNET user failed to login from 201.150.192.18(000D-88F6-60E0) on VTY0.
<182>May 26 07:58:34 apache.httpd.ibm.lab httpd: 125.83.117.185 40.196.73.24 - - [26/May/2017:07:58:34 -0500] "CONNECT 10.35.79.71:443 HTTP/1.1" 405 443 297
<182>May 26 07:58:36 apache.httpd.ibm.lab httpd: 20.135.51.253 19.55.230.232 - - [26/May/2017:07:58:36 -0500] "ABCD / HTTP/1.1" 501 443 297
<182>May 26 07:58:37 apache.httpd.ibm.lab httpd: 120.171.20.155 191.221.232.110 - - [26/May/2017:07:58:37 -0500] "POST /test.php?doing_test=123 HTTP/1.0" 404 80 282
<133>May 26 07:58:39 microsoft.event.ibm.lab MSWinEventLog 1 Security 102757633 Fri May 26 07:58:39 2017 4907 Microsoft-Windows-Security-Auditing N/A N/A Success Audit testuser-6 Audit Policy Change Auditing settings on object were changed. Subject: Security ID: S-1-5-18 Account Name: testuser-6 Account Domain: us.ibm.com Logon ID: 0x988036 Object: Object Server: Security Object Type: File Object Name: \Windows\winsxs\test.wav Handle ID: 0x3a8 Process Information: Process ID: 0xB54693 Process Name: C:\Windows\System32\wbengine.exe Auditing Settings: Original Security Descriptor: S:AI(AU;A;;WD) New Security Descriptor: S:ARAI(AU;SAFA;;;;WD)(AU;IDFA;B;;;WD) 156417
<190>May 26 07:58:40 arbor.pravail.ibm.lab pravail-aps: Blocked Host: Blocked host 79.186.10.120 at 10:52 by Invalid Packets using TCP/0 (Unknown) destination 122.11.4.46,URL: https://arbornetworks.pravail.test.com/chaos/
<182>May 26 07:58:42 apache.httpd.ibm.lab httpd: 79.186.10.120 193.145.189.64 - - [26/May/2017:07:58:42 -0500] "HEAD / HTTP/1.1" 200 443 -
<27>May 26 07:58:43 ambiron.ipangel.ibm.lab ipangel-ips: [2017-05-26 07:58:43-05] alert [Priority: 9] [119:2:1] [(http_inspect) DOUBLE DECODING ATTACK] 51.18.44.104:62122 TCP 62.160.166.49:80 br0
<190>May 26 07:58:45 arbor.pravail.ibm.lab pravail-aps: Blocked Host: Blocked host 56.219.18.103 at 10:53 by Malformed HTTP Filtering using TCP/80 (HTTP) destination 64.144.160.129 source port 57716,URL: https://arbornetworks.pravail.test.com/chaos/
<86>May 26 07:58:47 apple.macosx.ibm.lab sshd[5590]: Failed password for invalid user testuser-36 from 218.111.178.29 port 57898 ssh2
<182>May 26 07:58:48 apache.httpd.ibm.lab httpd: 218.111.178.29 24.165.143.39 - - [26/May/2017:07:58:48 -0500] "POST /test.php?doing_test=123 HTTP/1.0" 404 80 282
<190>May 26 07:58:50 arbor.pravail.ibm.lab pravail-aps: Blocked Host: Blocked host 218.111.178.29 at 10:52 by Invalid Packets using TCP/0 (Unknown) destination 199.59.132.104,URL: https://arbornetworks.pravail.test.com/chaos/
<13>May 26 07:58:51 microsoft.sec.ibm.lab AgentDevice=WindowsLog	AgentLogFile=Security	Source=Security	Computer=COMP-testuser-27	User=testuser-27	Domain=	EventID=672	EventIDCode=672	EventType=8	EventCategory=9	RecordNumber=135074	TimeGenerated=1495799931	TimeWritten=1495799931	Message=Authentication Ticket Request: User Name: testuser-27 Supplied Realm Name: us.ibm.com User ID: %{S-1-2-3-1092025} Service Name: krbtgt Service ID: %{S-3-2-1-217772} Ticket Options: 0x40810010 Result Code: - Ticket Encryption Type: 0x17 Pre-Authentication Type: 2 Client Address: 218.111.178.29 Certificate Issuer Name:  Certificate Serial Number:  Certificate Thumbprint: 
<189>May 26 07:58:53 ['9.9.9.9'] authmgr[504]: <NOTI> login <00:1c:bf:ca:2b:98  167.227.124.53 testuser-5>method=802.1x, server=TEST001, role=Authenticated Update(status 0 method 0 role 16), reauth=1800 sec
<13>May 26 07:58:54 microsoft.sec.ibm.lab AgentDevice=WindowsLog	AgentLogFile=Security	Source=Security	Computer=COMP-testuser-31	User=testuser-31	Domain=	EventID=529	EventIDCode=529	EventType=16	EventCategory=2	RecordNumber=820415	TimeGenerated=1495799934	TimeWritten=1495799934	Message=Successful Network Logon: User Name: Domain: Logon ID: (0x0,0x1081600) Logon Type: 3 Logon Process: NtLmSsp Authentication Package: NTLM Workstation Name: COMP-testuser-31 Logon GUID: - Caller User Name: - Caller Domain: - Caller Logon ID: - Caller Process ID: - Transited Services: - Source Network Address: 219.88.73.63 Source Port: 0
<187>May 26 07:58:56 ['9.9.9.9'] httpd[16986]: [error] [client 128.234.158.118] Invalid URI in request \xf7vMKp`ET&\xa4\x9c\xc9\xec\xd1\xd8j\r\xce\xd9\xd4\xb3\c7
<189>May 26 07:58:57 ['9.9.9.9'] authmgr[504]: <NOTI> login <00:1c:bf:ca:2b:98  165.11.95.213 testuser-29>method=802.1x, server=TEST001, role=Authenticated Update(status 0 method 0 role 16), reauth=1800 sec
<182>May 26 07:58:59 apache.httpd.ibm.lab httpd: 189.6.147.68 207.17.161.13 - - [26/May/2017:07:58:59 -0500] "CONNECT 10.35.79.71:443 HTTP/1.1" 405 443 297
<54>May 26 07:59:01 SymantecServer symantec.endpoint.ibm.lab: DCA-EMAPROJ2,Allowed,"C:\Program Files\Common Files\Symantec Shared\ccSvcHst.exe",,Begin: 2017-05-26 07:59:01,End:2017-05-26 07:59:01,Rule: ,2528,C:/Program Files/Microsoft Virtual Server/vmh.exe,0,,C:/ProgramFiles/Common Files/Symantec Shared/ccSvcHst.exe,User: testuser-70,Domain: US
<13>May 26 07:59:02 microsoft.sec.ibm.lab AgentDevice=WindowsLog	AgentLogFile=Security	Source=Security	Computer=COMP-rogueUser-2	User=rogueUser-2	Domain=	EventID=576	EventIDCode=576	EventType=8	EventCategory=2	RecordNumber=704551	TimeGenerated=1495799942	TimeWritten=1495799942	Message=Special privileges assigned to new logon: User Name: rogueUser-2 Domain: us.ibm.com Logon ID: (0x0,0x1115136) Privileges: SeSecurityPrivilege SeBackupPrivilege SeRestorePrivilege SeTakeOwnershipPrivilege SeDebugPrivilege SeSystemEnvironmentPrivilege SeLoadDriverPrivilege SeImpersonatePrivilege
<133>May 26 07:59:04 microsoft.event.ibm.lab MSWinEventLog 1 Security 102757633 Fri May 26 07:59:04 2017 4907 Microsoft-Windows-Security-Auditing N/A N/A Success Audit testuser-60 Audit Policy Change Auditing settings on object were changed. Subject: Security ID: S-1-5-18 Account Name: testuser-60 Account Domain: us.ibm.com Logon ID: 0x1085764 Object: Object Server: Security Object Type: File Object Name: \Windows\winsxs\test.wav Handle ID: 0x3a8 Process Information: Process ID: 0x36449C Process Name: C:\Windows\System32\wbengine.exe Auditing Settings: Original Security Descriptor: S:AI(AU;A;;WD) New Security Descriptor: S:ARAI(AU;SAFA;;;;WD)(AU;IDFA;B;;;WD) 924826
<13>May 26 07:59:05 checkpoint.firewall.ibm.lab 26May2017  checkpoint.firewall.ibm.lab product: SmartDefense; src: 165.11.95.213; s_port: ; dst: 87.72.244.204; service: ; proto: udp; rule: ;Attack Info: Out-of-state DNS reply;Suppressed logs: 143;Total logs: 144;__policy_id_tag: product=VPN-1 & FireWall-1[db_tag={321A4EE6-7DEA-11DD-BFAA-C0A832822626};mgmt=fwmngt05;date=1220908070;policy_name=KillerWhale_gbl];alert: alert;attack: Invalid DNS;has_accounting: 0;i/f_dir: inbound;
<54>May 26 07:59:07 SymantecServer symantec.endpoint.ibm.lab: Potential risk found,Computer name: COMP-1098304,Detection type: Heuristic,Application name: (Unknown),Application type: Trojan Worm,Application version: ,Hash type: SHA-1,Application hash: 72c874f212a18944ff56f774bfe7252346b93f8e,Company name: ,File size (bytes): 301568,Sensitivity: 0,Detection score: 40,Submission recommendation:1,Permitted application reason: 0,Source: Heuristic Scan,Risk name: ,Occurrences: 1,c:\claims\claims32.exe,"",Actual action: Left alone,Requested action: Left alone,Secondary action: Left alone,Event time: 2017-05-26 07:59:07,Inserted:2017-05-26 07:59:07,End:  2017-05-26 07:59:07,Domain: Default,Group: My Company\LTC\Desktops,Server: crasesssmc01,User: testuser-93,Source computer: ,Source IP: 0.0.0.0
<13>May 26 07:59:08 microsoft.sec.ibm.lab AgentDevice=WindowsLog	AgentLogFile=Security	Source=Security	Computer=COMP-testuser-64	User=testuser-64	Domain=	EventID=675	EventIDCode=675	EventType=16	EventCategory=9	RecordNumber=934090	TimeGenerated=1495799948	TimeWritten=1495799948	Message=Pre-authentication failed: User Name: testuser-64 User ID: %{S-1-2-3-1094116} Service Name: krbtgt Pre-Authentication Type: 0x2 Failure Code: 0x18 Client Address: 41.10.229.47 
<54>May 26 07:59:10 SymantecServer symantec.endpoint.ibm.lab: Commercial application detected,Computer name: COMP-1115136,Detection type: Commercial,Application name: DameWare Development DWRCS,Application type: Remote Control,Application version: 5\~ 5\~ 0\~ 0,Hash type: SHA-1,Application hash: 4670d9eeeab7449788be3b18e9364ef0088b900e,Company name: DameWare Development LLC,File size (bytes): 208896,Sensitivity: 0,Detection score: 1,Submission recommendation: 0,Permitted application reason: 0,Source: Heuristic Scan,Risk name:  ,Occurrences: 1,DWMRCS,"DWMRCS",Actual action: Left alone,Requested action: Left alone,Secondary action: Commercial application detection,Event time: 2017-05-26 07:59:10,Inserted: 2017-05-26 07:59:10,End: 2017-05-26 07:59:10,Domain: Default,Group: My Company	est,Server: testbox,User: rogueUser-2,Source computer:  ,Source IP: 0.0.0.0
<190>May 26 07:59:12 arbor.pravail.ibm.lab pravail-aps: Blocked Host: Blocked host 15.83.16.235 10:53 by TCP Connection Reset using TCP/62855 (Unknown) destination 125.22.91.154 source port 443,URL: https://arbornetworks.pravail.test.com/chaos/
<38>May 26 07:59:13 sshd[798998]: Failed password for invalid user rogueUser-3 from 208.209.239.178 port 49637 ssh2
<38>May 26 07:59:15 syslog: ssh: failed login attempt for testuser-83 from 165.11.95.213
<187>May 26 07:59:16 ['9.9.9.9'] httpd[16986]: [error] [client 165.11.95.213] Invalid URI in request \xf7vMKp`ET&\xa4\x9c\xc9\xec\xd1\xd8j\r\xce\xd9\xd4\xb3\c7
<27>May 26 07:59:18 ambiron.ipangel.ibm.lab ipangel-ips: [2017-05-26 07:59:18-05] alert [Priority: 9] [119:2:1] [(http_inspect) DOUBLE DECODING ATTACK] 179.174.48.208:55893 TCP 131.34.182.87:80 br0
<83>May 26 07:59:19 apple.macosx.ibm.lab com.apple.SecurityServer: authinternal failed to authenticate user rogueUser-4.
<26>May 26 07:59:21 ambiron.ipangel.ibm.lab ipangel-ips: [2017-05-26 07:59:21-05] alert [Priority: 9] [119:14:1] [(http_inspect) NON-RFC DEFINED CHAR] 79.186.10.120:53280 TCP 19.67.242.98:80 br0
<13>May 26 07:59:23 checkpoint.firewall.ibm.lab 26May2017 drop checkpoint.firewall.ibm.lab product: SmartDefense; src: 218.111.178.29; s_port: 52784; dst: 129.14.77.204; service: 443; proto: tcp; rule: 392;Attack Info: TCP segment out of maximum allowed sequence. Packet dropped.;Confidence Level: 0;Performance Impact: 0;Protection Name: TCP Segment Limit Enforcement;Protection Type: settings_tcp;Severity: 0;SmartDefense Profile: Boticario_DMZ_Protection;__policy_id_tag: product=VPN-1 & FireWall-1[db_tag={E94ECB65-34C0-4740-9634-761E1604C8BC};mgmt=SJP1PLNX036-DMZ;date=1424714440;policy_name=DMZ];attack: Streaming Engine: TCP Segment Limit Enforcement;has_accounting: 0;i/f_dir: inbound;i/f_name: eth2-01.2809;origin_sic_name: CN=TEST-DMZ1,O=log_server_hostname;protection_id: tcp_segment_limit;rule_uid: {499DBB08-D262-4D9F-B639-5337A7B36E59};snid: 7572c682;src_machine_name: COMP-testuser-18;src_user_name: testuser-18 ;user: testuser-18 ;
<189>May 26 07:59:24 ['9.9.9.9'] authmgr[504]: <NOTI> login <00:1c:bf:ca:2b:98  165.11.95.213 testuser-38>method=802.1x, server=TEST001, role=Authenticated Update(status 0 method 0 role 16), reauth=1800 sec
<86>May 26 07:59:26 apple.macosx.ibm.lab sshd[5590]: Failed password for invalid user testuser-84 from 105.35.46.24 port 64302 ssh2
<38>May 26 07:59:27 sshd[random_number_1_to_999999]: Accepted publickey for testuser-6 from 147.198.103.40 port 64904 ssh2
<13>May 26 07:59:29 microsoft.sec.ibm.lab AgentDevice=WindowsLog	AgentLogFile=Security	Source=Security	Computer=COMP-rogueUser-5	User=rogueUser-5	Domain=	EventID=675	EventIDCode=675	EventType=16	EventCategory=9	RecordNumber=509016	TimeGenerated=1495799969	TimeWritten=1495799969	Message=Pre-authentication failed: User Name: rogueUser-5 User ID: %{S-1-2-3-1121481} Service Name: krbtgt Pre-Authentication Type: 0x2 Failure Code: 0x18 Client Address: 15.83.16.235 
<13>May 26 07:59:30 checkpoint.firewall.ibm.lab 26May2017  checkpoint.firewall.ibm.lab product: SmartDefense; src: 79.186.10.120; s_port: ; dst: 101.168.90.36; service: ; proto: icmp; rule: ;Attack Info: Echo request too big;Suppressed logs: 1;Total logs: 2;__policy_id_tag: product=VPN-1 & FireWall-1[db_tag={B5A7057E-7F61-11DD-AA43-C0A832D12424};mgmt=fwmngt-zentral;date=1221069352;policy_name=Spider_gbl];alert: alert;attack: Large ping;has_accounting: 0;i/f_dir: inbound;
<13>May 26 07:59:32 microsoft.sec.ibm.lab AgentDevice=WindowsLog	AgentLogFile=Security	Source=Security	Computer=COMP-testuser-39	User=testuser-39	Domain=	EventID=680	EventIDCode=680	EventType=8	EventCategory=9	RecordNumber=852977	TimeGenerated=1495799972	TimeWritten=1495799972	Message=Logon attempt by: MICROSOFT_AUTHENTICATION_PACKAGE_V1_0 Logon account: testuser-39 Source Workstation: COMP-testuser-39 Error Code: 0x0 
