<179>May 26 09:21:45 apache.httpd.ibm.lab httpd[5570]: [ID 702911 local6.error] [error] [client 51.18.44.104] Certificate Verification: Error (10): certificate has expired
<190>May 26 09:21:46 arbor.pravail.ibm.lab pravail-aps: Blocked Host: Blocked host 132.146.155.198 at 10:53 by Malformed HTTP Filtering using TCP/80 (HTTP) destination 145.19.233.108 source port 54888,URL: https://arbornetworks.pravail.test.com/chaos/
<129>May 26 09:21:48 barracuda.firewall.ibm.lab WF ALER METACHARACTER_IN_PARAMETER 165.11.95.213 56203 1.252.228.87 443 security-policy GLOBAL DENY NONE [token="%00 " Parameter="article" value="../../../../../../../../etc/passwd"] GET 1.252.228.87/talkback.cgi?article=../../../../../../../../etc/passwd%00&action=view&matchview=1 HTTPS "-" ""-"" 1.252.228.87 56203 "-" "-"
<190>May 26 09:21:50 arbor.pravail.ibm.lab pravail-aps: Blocked Host: Blocked host 33.195.94.29 at 10:53 by Malformed HTTP Filtering using TCP/80 (HTTP) destination 46.179.105.166 source port 61667,URL: https://arbornetworks.pravail.test.com/chaos/
<149>May 26 09:21:51 apple.macosx.ibm.lab sudo:    testuser-91 : TTY=ttyp1 ; PWD=/Users/admin ; USER=admin ;COMMAND=/bin/bash
<133>May 26 09:21:53 microsoft.event.ibm.lab MSWinEventLog 1 Security 102757633 Fri May 26 09:21:53 2017 4907 Microsoft-Windows-Security-Auditing N/A N/A Success Audit testuser-87 Audit Policy Change Auditing settings on object were changed. Subject: Security ID: S-1-5-18 Account Name: testuser-87 Account Domain: us.ibm.com Logon ID: 0x1104601 Object: Object Server: Security Object Type: File Object Name: \Windows\winsxs\test.wav Handle ID: 0x3a8 Process Information: Process ID: 0x5C424A Process Name: C:\Windows\System32\wbengine.exe Auditing Settings: Original Security Descriptor: S:AI(AU;A;;WD) New Security Descriptor: S:ARAI(AU;SAFA;;;;WD)(AU;IDFA;B;;;WD) 738551
<190>May 26 09:21:54 arbor.pravail.ibm.lab pravail-aps: Blocked Host: Blocked host 56.219.18.103 at 10:52 by Invalid Packets using TCP/0 (Unknown) destination 11.99.120.218,URL: https://arbornetworks.pravail.test.com/chaos/
<189>May 26 09:21:56 ['9.9.9.9'] authmgr[504]: <NOTI> login <00:1c:bf:ca:2b:98  137.38.197.140 rogueUser-2>method=802.1x, server=TEST001, role=Authenticated Update(status 0 method 0 role 16), reauth=1800 sec
<13>May 26 09:21:57 checkpoint.firewall.ibm.lab 26May2017 drop checkpoint.firewall.ibm.lab product: VPN-1 &FireWall-1; src: 154.102.244.170; s_port: 58692; dst: 135.16.247.143; service: 138; proto: udp; rule: 323;SmartDefense profile: Default_Protection;__policy_id_tag: product=VPN-1 & FireWall-1[db_tag={48AB8350-7F61-11DD-887D-C0A832D16C6C};mgmt=fwmngt-zentral;date=1221069169;policy_name=Chameleon_gbl];has_accounting: 0;i/f_dir: inbound;i/f_name: eth-s1/s1p1c0;rule_uid: {21D66174-0E19-4B77-A1E9-3473FE991088};
<190>May 26 09:21:59 arbor.pravail.ibm.lab pravail-aps: Blocked Host: Blocked host 15.83.16.235 10:53 by TCP Connection Reset using TCP/59540 (Unknown) destination 92.39.118.240 source port 443,URL: https://arbornetworks.pravail.test.com/chaos/
<86>May 26 09:22:01 apple.macosx.ibm.lab com.apple.SecurityServer: authinternal authenticated user testuser-84 (uid 99328).
<187>May 26 09:22:02 ['9.9.9.9'] httpd[16986]: [error] [client 30.90.182.58] Invalid URI in request \xf7vMKp`ET&\xa4\x9c\xc9\xec\xd1\xd8j\r\xce\xd9\xd4\xb3\c7
<26>May 26 09:22:04 ambiron.ipangel.ibm.lab ipangel-ips: [2017-05-26 09:22:04-05] alert [Priority: 9] [119:14:1] [(http_inspect) NON-RFC DEFINED CHAR] 83.87.204.105:59295 TCP 101.150.92.26:80 br0
<190>May 26 09:22:05 arbor.pravail.ibm.lab pravail-aps: Blocked Host: Blocked host 125.83.117.185 at 10:52 by Invalid Packets using TCP/0 (Unknown) destination 28.228.41.229,URL: https://arbornetworks.pravail.test.com/chaos/
<26>May 26 09:22:07 ambiron.ipangel.ibm.lab ipangel-ips: [2017-05-26 09:22:07-05] alert [Priority: 9] [119:14:1] [(http_inspect) NON-RFC DEFINED CHAR] 15.83.16.235:50363 TCP 154.233.60.187:80 br0
<129>May 26 09:22:08 barracuda.firewall.ibm.lab WF ALER METHOD_NOT_ALLOWED 179.174.48.208 57594 95.222.219.69 80 security-policy GLOBAL DENY NONE [Method="ABCD"] ABCD 95.222.219.69/ HTTP "-" ""-"" 95.222.219.69 48536 "-" "-"
<129>May 26 09:22:10 barracuda.firewall.ibm.lab WF ALER METHOD_NOT_ALLOWED 128.234.158.118 59729 156.211.188.100 80 security-policy GLOBAL DENY NONE [Method="ABCD"] ABCD 156.211.188.100/ HTTP "-" ""-"" 156.211.188.100 48536 "-" "-"
<129>May 26 09:22:12 barracuda.firewall.ibm.lab WF ALER METACHARACTER_IN_PARAMETER 136.38.97.190 64377 199.177.141.107 443 security-policy GLOBAL DENY NONE [token="%00 " Parameter="article" value="../../../../../../../../etc/passwd"] GET 199.177.141.107/talkback.cgi?article=../../../../../../../../etc/passwd%00&action=view&matchview=1 HTTPS "-" ""-"" 199.177.141.107 64377 "-" "-"
<54>May 26 09:22:13 SymantecServer symantec.endpoint.ibm.lab: Potential risk found,Computer name: COMP-1092025,Detection type: Heuristic,Application name: (Unknown),Application type: Trojan Worm,Application version: ,Hash type: SHA-1,Application hash: 72c874f212a18944ff56f774bfe7252346b93f8e,Company name: ,File size (bytes): 301568,Sensitivity: 0,Detection score: 40,Submission recommendation:1,Permitted application reason: 0,Source: Heuristic Scan,Risk name: ,Occurrences: 1,c:\claims\claims32.exe,"",Actual action: Left alone,Requested action: Left alone,Secondary action: Left alone,Event time: 2017-05-26 09:22:13,Inserted:2017-05-26 09:22:13,End:  2017-05-26 09:22:13,Domain: Default,Group: My Company\LTC\Desktops,Server: crasesssmc01,User: testuser-63,Source computer: ,Source IP: 0.0.0.0
<133>May 26 09:22:15 microsoft.event.ibm.lab MSWinEventLog 1 Security 102757633 Fri May 26 09:22:15 2017 4907 Microsoft-Windows-Security-Auditing N/A N/A Success Audit testuser-22 Audit Policy Change Auditing settings on object were changed. Subject: Security ID: S-1-5-18 Account Name: testuser-22 Account Domain: us.ibm.com Logon ID: 0x1081600 Object: Object Server: Security Object Type: File Object Name: \Windows\winsxs\test.wav Handle ID: 0x3a8 Process Information: Process ID: 0x2369A2 Process Name: C:\Windows\System32\wbengine.exe Auditing Settings: Original Security Descriptor: S:AI(AU;A;;WD) New Security Descriptor: S:ARAI(AU;SAFA;;;;WD)(AU;IDFA;B;;;WD) 560852
<14>May 26 09:22:16 Message forwarded from aix.ibm.lab: ftp[random_number_1_to_999999]: ftp: EXPORT user testuser-42, host 126.176.27.41, local test_script.sh, remote test_script.sh.
<189>May 26 09:22:18 ['9.9.9.9'] authmgr[504]: <NOTI> login <00:1c:bf:ca:2b:98  137.38.197.140 rogueUser-2>method=802.1x, server=TEST001, role=Authenticated Update(status 0 method 0 role 16), reauth=1800 sec
<133>May 26 09:22:19 microsoft.event.ibm.lab MSWinEventLog 1 Security 102757633 Fri May 26 09:22:19 2017 4907 Microsoft-Windows-Security-Auditing N/A N/A Success Audit testuser-49 Audit Policy Change Auditing settings on object were changed. Subject: Security ID: S-1-5-18 Account Name: testuser-49 Account Domain: us.ibm.com Logon ID: 0x1100401 Object: Object Server: Security Object Type: File Object Name: \Windows\winsxs\test.wav Handle ID: 0x3a8 Process Information: Process ID: 0x32916B Process Name: C:\Windows\System32\wbengine.exe Auditing Settings: Original Security Descriptor: S:AI(AU;A;;WD) New Security Descriptor: S:ARAI(AU;SAFA;;;;WD)(AU;IDFA;B;;;WD) 773731
<182>May 26 09:22:21 apache.httpd.ibm.lab httpd: 202.207.224.25 107.53.121.40 - - [26/May/2017:09:22:21 -0500] "HEAD / HTTP/1.1" 200 443 -
<182>May 26 09:22:22 apache.httpd.ibm.lab httpd: 136.38.97.190 3.105.238.65 - - [26/May/2017:09:22:22 -0500] "OPTIONS /cgi-bin/index.php HTTP/1.1" 200 443 -
<157>May 26 09:22:24 microsoft.event.ibm.lab MSWinEventLog	4	Security	60703	Fri May 26 09:22:24 2017	552	Security	NETWORK SERVICE	Well Known Group	Success Audit	testuser-62	Logon/Logoff		Logon attempt using explicit credentials: Logged on user:  User Name: NETWORK SERVICE  Domain: NT AUTHORITY  Logon ID: (0x0,0x1089936)  Logon GUID: -  User whose credentials were used:  Target User Name: testuser-62  Target Domain: us.ibm.com Target Logon GUID: -  Target Server Name: localhost  Target Server Info: localhost  Caller Process ID: 744020  Source Network Address: -  Source Port: - 	56794
<129>May 26 09:22:26 barracuda.firewall.ibm.lab WF ALER CROSS_SITE_SCRIPTING_IN_PARAM 136.38.97.190 63764 155.24.198.198 443 security-policy GLOBAL DENY NONE [type="cross-site-scripting" pattern="script-tag" token="<script>" Parameter="url" value="<script>alert(5341)</script>"] GET 155.24.198.198/redirect.asp?url=<script>alert(5341)</script> HTTPS "-" ""-"" 155.24.198.198 59845 "-" "-"
<182>May 26 09:22:27 apache.httpd.ibm.lab httpd: 165.11.95.213 74.218.156.74 - - [26/May/2017:09:22:27 -0500] "GET /<script>alert(53416)</script> HTTP/1.1" 404 443 320
<157>May 26 09:22:29 microsoft.event.ibm.lab MSWinEventLog	4	Security	60703	Fri May 26 09:22:29 2017	552	Security	NETWORK SERVICE	Well Known Group	Success Audit	testuser-53	Logon/Logoff		Logon attempt using explicit credentials: Logged on user:  User Name: NETWORK SERVICE  Domain: NT AUTHORITY  Logon ID: (0x0,0x1089936)  Logon GUID: -  User whose credentials were used:  Target User Name: testuser-53  Target Domain: us.ibm.com Target Logon GUID: -  Target Server Name: localhost  Target Server Info: localhost  Caller Process ID: 373935  Source Network Address: -  Source Port: - 	56794
<54>May 26 09:22:30 SymantecServer symantec.endpoint.ibm.lab: Commercial application detected,Computer name: COMP-1089936,Detection type: Commercial,Application name: DameWare Development DWRCS,Application type: Remote Control,Application version: 5\~ 5\~ 0\~ 0,Hash type: SHA-1,Application hash: 4670d9eeeab7449788be3b18e9364ef0088b900e,Company name: DameWare Development LLC,File size (bytes): 208896,Sensitivity: 0,Detection score: 1,Submission recommendation: 0,Permitted application reason: 0,Source: Heuristic Scan,Risk name:  ,Occurrences: 1,DWMRCS,"DWMRCS",Actual action: Left alone,Requested action: Left alone,Secondary action: Commercial application detection,Event time: 2017-05-26 09:22:30,Inserted: 2017-05-26 09:22:30,End: 2017-05-26 09:22:30,Domain: Default,Group: My Company	est,Server: testbox,User: testuser-71,Source computer:  ,Source IP: 0.0.0.0
<157>May 26 09:22:32 microsoft.event.ibm.lab MSWinEventLog	4	Security	60703	Fri May 26 09:22:32 2017	552	Security	NETWORK SERVICE	Well Known Group	Success Audit	rogueUser-1	Logon/Logoff		Logon attempt using explicit credentials: Logged on user:  User Name: NETWORK SERVICE  Domain: NT AUTHORITY  Logon ID: (0x0,0x1113025)  Logon GUID: -  User whose credentials were used:  Target User Name: rogueUser-1  Target Domain: us.ibm.com Target Logon GUID: -  Target Server Name: localhost  Target Server Info: localhost  Caller Process ID: 468860  Source Network Address: -  Source Port: - 	56794
<33>May 26 09:22:33 threecom.switch.ibm.lab %May 26 09:22:33 2017 S9500 VTY/5/VTY_LOG:  TELNET user failed to login from 136.38.97.190(000D-88F6-60E0) on VTY0.
<33>May 26 09:22:35 threecom.switch.ibm.lab %May 26 09:22:35 2017 S9500 FTPS/5/USEROUT: User testuser-44(136.38.97.190) logged out
<13>May 26 09:22:37 checkpoint.firewall.ibm.lab 26May2017  checkpoint.firewall.ibm.lab product: martDefense; src: 136.38.97.190; s_port: ; dst: 81.176.25.43; service: ; proto: udp; rule: ;Attack Info: Response packet too long, potential buffer overflow;Suppressed logs: 5;Total logs: 6;__policy_id_tag: product=VPN-1 & FireWall-1[db_tag={321A4EE6-7DEA-11DD-BFAA-C0A832822626};mgmt=fwmngt05;date=1220908070;policy_name=KillerWhale_gbl];alert: alert;attack: Invalid DNS;has_accounting: 0;i/f_dir: inbound;
<129>May 26 09:22:38 barracuda.firewall.ibm.lab WF ALER CROSS_SITE_SCRIPTING_IN_URL 165.11.95.213 49677 44.238.143.205 80 security-policy GLOBAL DENY NONE [type="cross-site-scripting" pattern="script-tag" token="<script>"] GET 44.238.143.205/<script>alert(53416)</script> HTTP "-" ""-"" 44.238.143.205 48541 "-" "-"
<33>May 26 09:22:40 threecom.switch.ibm.lab %May 26 09:22:40 2017 S9500 FTPS/5/USERIN: User testuser-43(56.219.18.103) login succeeded
<157>May 26 09:22:41 microsoft.event.ibm.lab MSWinEventLog	4	Security	60703	Fri May 26 09:22:41 2017	552	Security	NETWORK SERVICE	Well Known Group	Success Audit	testuser-83	Logon/Logoff		Logon attempt using explicit credentials: Logged on user:  User Name: NETWORK SERVICE  Domain: NT AUTHORITY  Logon ID: (0x0,0x1096209)  Logon GUID: -  User whose credentials were used:  Target User Name: testuser-83  Target Domain: us.ibm.com Target Logon GUID: -  Target Server Name: localhost  Target Server Info: localhost  Caller Process ID: 963364  Source Network Address: -  Source Port: - 	56794
<13>May 26 09:22:43 microsoft.sec.ibm.lab AgentDevice=WindowsLog	AgentLogFile=Security	Source=Security	Computer=COMP-testuser-67	User=testuser-67	Domain=	EventID=673	EventIDCode=673	EventType=8	EventCategory=9	RecordNumber=550735	TimeGenerated=1495804963	TimeWritten=1495804963	Message=Service Ticket Request:  User Name: testuser-67@us.ibm.com User Domain: us.ibm.com Service Name: MAIL$  Service ID: %{S-3-2-1-107AAF} Ticket Options:  0x40810000   Ticket Encryption Type: 0x17 Client Address: 120.171.20.155 Failure Code: - LogonGUID: {107AAF-f005ba11-ba5eba11} Transited Services: - 
<129>May 26 09:22:44 barracuda.firewall.ibm.lab WF ALER CROSS_SITE_SCRIPTING_IN_PARAM 201.150.192.18 52493 144.61.209.177 443 security-policy GLOBAL DENY NONE [type="cross-site-scripting" pattern="script-tag" token="<script>" Parameter="url" value="<script>alert(5341)</script>"] GET 144.61.209.177/redirect.asp?url=<script>alert(5341)</script> HTTPS "-" ""-"" 144.61.209.177 59845 "-" "-"
<54>May 26 09:22:46 SymantecServer symantec.endpoint.ibm.lab: CNC2PSY9D1,Allowed,Sysfer exception: .\RegParamEngine.cpp 1152 Failed to read value DeviceInstance from key \Registry\Machine\SYSTEM\CurrentControlSet\Control\DeviceClasses\{53f56307-b6bf-11d0-94f2-00a0c91efb8b}\##?#IDE#DiskWDC_WD800JD-75MSA3______________________10.01E04#5&,Sysfer exception,Begin: 2017-05-26 09:22:46,End: 2017-05-26 09:22:46,Rule: Sysfer exception,3592,C:/Program Files/Cisco Systems/CSAgent/bin/okclient.exe,0,,,User: testuser-55,Domain: US
<33>May 26 09:22:48 threecom.switch.ibm.lab %May 26 09:22:48 2017 S9500 RTA/3/Failed to start accounting: Failed to start traffic accounting for user 125.83.117.185 on board 6
<129>May 26 09:22:49 barracuda.firewall.ibm.lab WF ALER CROSS_SITE_SCRIPTING_IN_PARAM 179.174.48.208 58748 11.190.159.121 443 security-policy GLOBAL DENY NONE [type="cross-site-scripting" pattern="script-tag" token="<script>" Parameter="url" value="<script>alert(5341)</script>"] GET 11.190.159.121/redirect.asp?url=<script>alert(5341)</script> HTTPS "-" ""-"" 11.190.159.121 59845 "-" "-"
<54>May 26 09:22:51 SymantecServer symantec.endpoint.ibm.lab: Security risk found,Computer name: COMP-1110916,Source: Scheduled Scan,Risk name: VirusDoctor,Occurrences: 1,c:/System Volume Information/_restore{A3F5C2A3-F289-4356-B021-1FEFEFB73CBD}/RP243/A0070465.exe,"",Actual action: Quarantined,Requested action: Quarantined,Secondary action: Left alone,Event time: 2017-05-26 09:22:51,Inserted:2017-05-26 09:22:51,End: 2017-05-26 09:22:51,Domain: Default,Group: My Company	est,Server: avp1,User: testuser-99,Source computer:  ,Source IP: 0.0.0.0
<25>May 26 09:22:52 apple.macosx.ibm.lab DirectoryService[51]: Failed Authentication return is being delayed due to over five recent auth failures for username: testuser-74.
<14>May 26 09:22:54 Message forwarded from aix.ibm.lab: ftp[random_number_1_to_999999]: ftp: EXPORT user testuser-6, host 147.198.103.40, local test_script.sh, remote test_script.sh.
<157>May 26 09:22:55 microsoft.event.ibm.lab MSWinEventLog	4	Security	60703	Fri May 26 09:22:55 2017	552	Security	NETWORK SERVICE	Well Known Group	Success Audit	testuser-88	Logon/Logoff		Logon attempt using explicit credentials: Logged on user:  User Name: NETWORK SERVICE  Domain: NT AUTHORITY  Logon ID: (0x0,0x1106704)  Logon GUID: -  User whose credentials were used:  Target User Name: testuser-88  Target Domain: us.ibm.com Target Logon GUID: -  Target Server Name: localhost  Target Server Info: localhost  Caller Process ID: 504358  Source Network Address: -  Source Port: - 	56794
<86>May 26 09:22:57 apple.macosx.ibm.lab sshd[5590]: Failed password for invalid user testuser-90 from 218.111.178.29 port 62591 ssh2
<86>May 26 09:22:58 apple.macosx.ibm.lab sshd[5590]: Failed password for invalid user testuser-7 from 129.171.84.29 port 58461 ssh2
<182>May 26 09:23:00 apache.httpd.ibm.lab httpd: 30.90.182.58 57.184.237.2 - - [26/May/2017:09:23:00 -0500] "GET /../../../../../../../../../../../ HTTP/1.1" 400 443 307
<129>May 26 09:23:02 barracuda.firewall.ibm.lab WF ALER METHOD_NOT_ALLOWED 189.6.147.68 49973 113.218.36.176 80 security-policy GLOBAL DENY NONE [Method="ABCD"] ABCD 113.218.36.176/ HTTP "-" ""-"" 113.218.36.176 48536 "-" "-"
<54>May 26 09:23:03 SymantecServer symantec.endpoint.ibm.lab: Commercial application detected,Computer name: COMP-1121481,Detection type: Commercial,Application name: DameWare Development DWRCS,Application type: Remote Control,Application version: 5\~ 5\~ 0\~ 0,Hash type: SHA-1,Application hash: 4670d9eeeab7449788be3b18e9364ef0088b900e,Company name: DameWare Development LLC,File size (bytes): 208896,Sensitivity: 0,Detection score: 1,Submission recommendation: 0,Permitted application reason: 0,Source: Heuristic Scan,Risk name:  ,Occurrences: 1,DWMRCS,"DWMRCS",Actual action: Left alone,Requested action: Left alone,Secondary action: Commercial application detection,Event time: 2017-05-26 09:23:03,Inserted: 2017-05-26 09:23:03,End: 2017-05-26 09:23:03,Domain: Default,Group: My Company	est,Server: testbox,User: rogueUser-5,Source computer:  ,Source IP: 0.0.0.0
<33>May 26 09:23:05 threecom.switch.ibm.lab %May 26 09:23:05 2017 S9500 RTA/3/Failed to start accounting: Failed to start traffic accounting for user 218.111.178.29 on board 6
<182>May 26 09:23:06 apache.httpd.ibm.lab httpd: 120.171.20.155 196.35.75.97 - - [26/May/2017:09:23:06 -0500] "HEAD / HTTP/1.1" 200 443 -
<14>May 26 09:23:08 Message forwarded from aix.ibm.lab: ftp[random_number_1_to_999999]: ftp: EXPORT user testuser-71, host 136.38.97.190, local test_script.sh, remote test_script.sh.
<189>May 26 09:23:09 ['9.9.9.9'] authmgr[504]: <NOTI> login <00:1c:bf:ca:2b:98  136.38.97.190 testuser-71>method=802.1x, server=TEST001, role=Authenticated Update(status 0 method 0 role 16), reauth=1800 sec
<157>May 26 09:23:11 microsoft.event.ibm.lab MSWinEventLog	4	Security	60703	Fri May 26 09:23:11 2017	552	Security	NETWORK SERVICE	Well Known Group	Success Audit	testuser-70	Logon/Logoff		Logon attempt using explicit credentials: Logged on user:  User Name: NETWORK SERVICE  Domain: NT AUTHORITY  Logon ID: (0x0,0x1087849)  Logon GUID: -  User whose credentials were used:  Target User Name: testuser-70  Target Domain: us.ibm.com Target Logon GUID: -  Target Server Name: localhost  Target Server Info: localhost  Caller Process ID: 987240  Source Network Address: -  Source Port: - 	56794
<13>May 26 09:23:13 microsoft.sec.ibm.lab AgentDevice=WindowsLog	AgentLogFile=Security	Source=Security	Computer=COMP-testuser-8	User=testuser-8	Domain=	EventID=680	EventIDCode=680	EventType=16	EventCategory=9	RecordNumber=745916	TimeGenerated=1495804993	TimeWritten=1495804993	Message=Logon attempt by: MICROSOFT_AUTHENTICATION_PACKAGE_V1_0 Logon account: testuser-8 Source Workstation: COMP-testuser-8 Error Code: 0x0 
<54>May 26 09:23:14 SymantecServer symantec.endpoint.ibm.lab: CNC2PSY9D1,Allowed,Sysfer exception: .\RegParamEngine.cpp 1152 Failed to read value DeviceInstance from key \Registry\Machine\SYSTEM\CurrentControlSet\Control\DeviceClasses\{53f56307-b6bf-11d0-94f2-00a0c91efb8b}\##?#IDE#DiskWDC_WD800JD-75MSA3______________________10.01E04#5&,Sysfer exception,Begin: 2017-05-26 09:23:14,End: 2017-05-26 09:23:14,Rule: Sysfer exception,3592,C:/Program Files/Cisco Systems/CSAgent/bin/okclient.exe,0,,,User: rogueUser-1,Domain: US
<54>May 26 09:23:16 SymantecServer symantec.endpoint.ibm.lab: testbox-abc,[SID: 21590] P2P Edonkey Ping Message detected.  Traffic has been allowed from this application: C:\Program Files\easyMule\emule.exe,Local: 218.111.178.29,Local: 00218696B978,Remote: ,Remote: 81.235.93.118,Remote: 000000000000,Outbound,OTHERS,Intrusion ID: 0,Begin: 2017-05-26 09:23:16,End: 2017-05-26 09:23:16,Occurrences: 1,Application: C:/Program Files/easyMule/emule.exe,Location: Default,User: testuser-27,Domain: us.ibm.com
<182>May 26 09:23:17 apache.httpd.ibm.lab httpd: 56.219.18.103 110.70.248.38 - - [26/May/2017:09:23:17 -0500] "GET /<script>alert(53416)</script> HTTP/1.1" 404 443 320
<190>May 26 09:23:19 arbor.pravail.ibm.lab pravail-aps: Blocked Host: Blocked host 218.111.178.29 at 10:52 by Invalid Packets using TCP/0 (Unknown) destination 114.226.50.10,URL: https://arbornetworks.pravail.test.com/chaos/
<13>May 26 09:23:20 checkpoint.firewall.ibm.lab 26May2017  checkpoint.firewall.ibm.lab product: SmartDefense; src: 202.207.224.25; s_port: ; dst: 65.237.118.216; service: ; proto: udp; rule: ;Attack Info: Out-of-state DNS reply;Suppressed logs: 143;Total logs: 144;__policy_id_tag: product=VPN-1 & FireWall-1[db_tag={321A4EE6-7DEA-11DD-BFAA-C0A832822626};mgmt=fwmngt05;date=1220908070;policy_name=KillerWhale_gbl];alert: alert;attack: Invalid DNS;has_accounting: 0;i/f_dir: inbound;
<14>May 26 09:23:22 Message forwarded from aix.ibm.lab: ftp[random_number_1_to_999999]: ftp: EXPORT user testuser-95, host 212.2.111.4, local test_script.sh, remote test_script.sh.
<50>May 26 09:23:24 SymantecServer symantec.endpoint.ibm.lab: testbox-xyz,[SID: 70025] Web Attack: Blackhole Exploit Toolkit 2 attack blocked. Traffic has been blocked for this application: C:\Program Files\Internet Explorer\iexplore.exe,Local: 0.0.0.0,Local: 000000000000,Remote: ,Remote: 0.0.0.0,Remote: 000000000000,Inbound,OTHERS,,Begin: 2017-05-26 09:23:24,End: 2017-05-26 09:23:24,Occurrences: 1,Application: C:/Program Files/Internet Explorer/iexplore.exe,Location: Default,User: testuser-27,Domain: SIMON,!ExternalLoggingTask.localport! 0,!ExternalLoggingTask.remoteport! 0,!ExternalLoggingTask.cidssignid! 70025,!ExternalLoggingTask.strcidssignid! Web Attack: Blackhole Exploit Toolkit 2,!ExternalLoggingTask.cidssignsubid! 0,!ExternalLoggingTask.intrusionurl! http://pppptttt.blah.net/links/came_broadcasting_taking-various.php,!ExternalLoggingTask.intrusionpayloadurl!
<13>May 26 09:23:25 microsoft.sec.ibm.lab AgentDevice=WindowsLog	AgentLogFile=Security	Source=Security	Computer=COMP-testuser-76	User=testuser-76	Domain=	EventID=672	EventIDCode=672	EventType=8	EventCategory=9	RecordNumber=677098	TimeGenerated=1495805005	TimeWritten=1495805005	Message=Authentication Ticket Request: User Name: testuser-76 Supplied Realm Name: us.ibm.com User ID: %{S-1-2-3-1100401} Service Name: krbtgt Service ID: %{S-3-2-1-5FE2DF} Ticket Options: 0x40810010 Result Code: - Ticket Encryption Type: 0x17 Pre-Authentication Type: 2 Client Address: 154.115.137.21 Certificate Issuer Name:  Certificate Serial Number:  Certificate Thumbprint: 
<28>May 26 09:23:27 Message forwarded from aix.ibm.lab: rshd[random_number_1_to_999999]: Failed rsh authentication from 17.146.41.219 for local user root via remote user testuser-29
<86>May 26 09:23:28 apple.macosx.ibm.lab com.apple.SecurityServer: authinternal authenticated user testuser-95 (uid 103524).
<83>May 26 09:23:30 apple.macosx.ibm.lab sshd[5590]: error: PAM: Authentication failure for illegal user testuser-30 from 177.133.155.233<133>May 26 09:23:31 microsoft.event.ibm.lab MSWinEventLog 1 Security 102757633 Fri May 26 09:23:31 2017 4907 Microsoft-Windows-Security-Auditing N/A N/A Success Audit testuser-75 Audit Policy Change Auditing settings on object were changed. Subject: Security ID: S-1-5-18 Account Name: testuser-75 Account Domain: us.ibm.com Logon ID: 0x1098304 Object: Object Server: Security Object Type: File Object Name: \Windows\winsxs\test.wav Handle ID: 0x3a8 Process Information: Process ID: 0x628510 Process Name: C:\Windows\System32\wbengine.exe Auditing Settings: Original Security Descriptor: S:AI(AU;A;;WD) New Security Descriptor: S:ARAI(AU;SAFA;;;;WD)(AU;IDFA;B;;;WD) 545049
<129>May 26 09:23:33 barracuda.firewall.ibm.lab WF ALER METHOD_NOT_ALLOWED 79.186.10.120 54964 101.13.199.25 80 security-policy GLOBAL DENY NONE [Method="ABCD"] ABCD 101.13.199.25/ HTTP "-" ""-"" 101.13.199.25 48536 "-" "-"
<190>May 26 09:23:34 arbor.pravail.ibm.lab pravail-aps: Blocked Host: Blocked host 120.171.20.155 at 10:53 by Malformed HTTP Filtering using TCP/80 (HTTP) destination 204.221.122.97 source port 63850,URL: https://arbornetworks.pravail.test.com/chaos/
<38>May 26 09:23:36 syslog: ssh: failed login attempt for rogueUser-2 from 131.67.232.80
<157>May 26 09:23:38 microsoft.event.ibm.lab MSWinEventLog	4	Security	60703	Fri May 26 09:23:38 2017	552	Security	NETWORK SERVICE	Well Known Group	Success Audit	testuser-86	Logon/Logoff		Logon attempt using explicit credentials: Logged on user:  User Name: NETWORK SERVICE  Domain: NT AUTHORITY  Logon ID: (0x0,0x1102500)  Logon GUID: -  User whose credentials were used:  Target User Name: testuser-86  Target Domain: us.ibm.com Target Logon GUID: -  Target Server Name: localhost  Target Server Info: localhost  Caller Process ID: 197481  Source Network Address: -  Source Port: - 	56794
<86>May 26 09:23:39 apple.macosx.ibm.lab com.apple.SecurityServer: authinternal authenticated user rogueUser-1 (uid 114049).
<27>May 26 09:23:41 ambiron.ipangel.ibm.lab ipangel-ips: [2017-05-26 09:23:41-05] alert [Priority: 9] [119:2:1] [(http_inspect) DOUBLE DECODING ATTACK] 20.135.51.253:63835 TCP 73.87.155.81:80 br0
<54>May 26 09:23:42 SymantecServer symantec.endpoint.ibm.lab: Commercial application detected,Computer name: COMP-1102500,Detection type: Commercial,Application name: DameWare Development DWRCS,Application type: Remote Control,Application version: 5\~ 5\~ 0\~ 0,Hash type: SHA-1,Application hash: 4670d9eeeab7449788be3b18e9364ef0088b900e,Company name: DameWare Development LLC,File size (bytes): 208896,Sensitivity: 0,Detection score: 1,Submission recommendation: 0,Permitted application reason: 0,Source: Heuristic Scan,Risk name:  ,Occurrences: 1,DWMRCS,"DWMRCS",Actual action: Left alone,Requested action: Left alone,Secondary action: Commercial application detection,Event time: 2017-05-26 09:23:42,Inserted: 2017-05-26 09:23:42,End: 2017-05-26 09:23:42,Domain: Default,Group: My Company	est,Server: testbox,User: testuser-59,Source computer:  ,Source IP: 0.0.0.0
<28>May 26 09:23:44 Message forwarded from aix.ibm.lab: rshd[random_number_1_to_999999]: Failed rsh authentication from 9.144.185.142 for local user root via remote user testuser-97
<27>May 26 09:23:45 ambiron.ipangel.ibm.lab ipangel-ips: [2017-05-26 09:23:45-05] alert [Priority: 9] [119:2:1] [(http_inspect) DOUBLE DECODING ATTACK] 56.219.18.103:52268 TCP 17.76.154.196:80 br0
<38>May 26 09:23:47 sshd[401725]: Failed password for invalid user testuser-80 from 136.38.97.190 port 54314 ssh2
<190>May 26 09:23:49 arbor.pravail.ibm.lab pravail-aps: Blocked Host: Blocked host 218.111.178.29 at 10:52 by Invalid Packets using TCP/0 (Unknown) destination 170.215.92.94,URL: https://arbornetworks.pravail.test.com/chaos/
<133>May 26 09:23:50 microsoft.event.ibm.lab MSWinEventLog 1 Security 102757633 Fri May 26 09:23:50 2017 4907 Microsoft-Windows-Security-Auditing N/A N/A Success Audit testuser-35 Audit Policy Change Auditing settings on object were changed. Subject: Security ID: S-1-5-18 Account Name: testuser-35 Account Domain: us.ibm.com Logon ID: 0x1089936 Object: Object Server: Security Object Type: File Object Name: \Windows\winsxs\test.wav Handle ID: 0x3a8 Process Information: Process ID: 0x717919 Process Name: C:\Windows\System32\wbengine.exe Auditing Settings: Original Security Descriptor: S:AI(AU;A;;WD) New Security Descriptor: S:ARAI(AU;SAFA;;;;WD)(AU;IDFA;B;;;WD) 245459
<13>May 26 09:23:52 checkpoint.firewall.ibm.lab 26May2017  checkpoint.firewall.ibm.lab product: SmartDefense; src: 125.83.117.185; s_port: ; dst: 157.1.222.117; service: ; proto: icmp; rule: ;Attack Info: Echo request too big;Suppressed logs: 1;Total logs: 2;__policy_id_tag: product=VPN-1 & FireWall-1[db_tag={B5A7057E-7F61-11DD-AA43-C0A832D12424};mgmt=fwmngt-zentral;date=1221069352;policy_name=Spider_gbl];alert: alert;attack: Large ping;has_accounting: 0;i/f_dir: inbound;
<189>May 26 09:23:53 ['9.9.9.9'] authmgr[504]: <NOTI> login <00:1c:bf:ca:2b:98  83.87.204.105 testuser-96>method=802.1x, server=TEST001, role=Authenticated Update(status 0 method 0 role 16), reauth=1800 sec
<149>May 26 09:23:55 apple.macosx.ibm.lab sudo:    testuser-68 : TTY=ttyp1 ; PWD=/Users/admin ; USER=admin ;COMMAND=/bin/bash
<182>May 26 09:23:56 apache.httpd.ibm.lab httpd: 79.186.10.120 13.155.228.7 - - [26/May/2017:09:23:56 -0500] "POST /test.php?doing_test=123 HTTP/1.0" 404 80 282
<50>May 26 09:23:58 SymantecServer symantec.endpoint.ibm.lab: testbox-xyz,[SID: 70025] Web Attack: Blackhole Exploit Toolkit 2 attack blocked. Traffic has been blocked for this application: C:\Program Files\Internet Explorer\iexplore.exe,Local: 0.0.0.0,Local: 000000000000,Remote: ,Remote: 0.0.0.0,Remote: 000000000000,Inbound,OTHERS,,Begin: 2017-05-26 09:23:58,End: 2017-05-26 09:23:58,Occurrences: 1,Application: C:/Program Files/Internet Explorer/iexplore.exe,Location: Default,User: testuser-2,Domain: SIMON,!ExternalLoggingTask.localport! 0,!ExternalLoggingTask.remoteport! 0,!ExternalLoggingTask.cidssignid! 70025,!ExternalLoggingTask.strcidssignid! Web Attack: Blackhole Exploit Toolkit 2,!ExternalLoggingTask.cidssignsubid! 0,!ExternalLoggingTask.intrusionurl! http://pppptttt.blah.net/links/came_broadcasting_taking-various.php,!ExternalLoggingTask.intrusionpayloadurl!
<13>May 26 09:24:00 microsoft.sec.ibm.lab AgentDevice=WindowsLog	AgentLogFile=Security	Source=Security	Computer=COMP-testuser-13	User=testuser-13	Domain=	EventID=675	EventIDCode=675	EventType=16	EventCategory=9	RecordNumber=861176	TimeGenerated=1495805040	TimeWritten=1495805040	Message=Pre-authentication failed: User Name: testuser-13 User ID: %{S-1-2-3-1081600} Service Name: krbtgt Pre-Authentication Type: 0x2 Failure Code: 0x18 Client Address: 51.18.44.104 
<13>May 26 09:24:01 checkpoint.firewall.ibm.lab 26May2017 reject checkpoint.firewall.ibm.lab product: VPN-1 & FireWall-1; src: 15.83.16.235; s_port: 54490; dst: 51.249.72.12; service: 113; proto: tcp; rule: 14;SmartDefense profile: Default_Protection;__policy_id_tag: product=VPN-1 & FireWall-1[db_tag={25E5B8F6-79E7-11DD-941A-C0A832D00C0C};mgmt=fwmngt-wuv;date=1220466957;policy_name=rhino_gbl];has_accounting: 0;i/f_dir: inbound;i/f_name: eth-s2/s1p1c0;rule_uid: {9C96B325-D976-4A30-8685-9ED61018A6E7};service_id: gident;
<190>May 26 09:24:03 arbor.pravail.ibm.lab pravail-aps: Blocked Host: Blocked host 56.219.18.103 at 10:53 by Malformed HTTP Filtering using TCP/80 (HTTP) destination 120.209.114.143 source port 49751,URL: https://arbornetworks.pravail.test.com/chaos/
<187>May 26 09:24:04 ['9.9.9.9'] httpd[16986]: [error] [client 125.83.117.185] Invalid URI in request \xf7vMKp`ET&\xa4\x9c\xc9\xec\xd1\xd8j\r\xce\xd9\xd4\xb3\c7
<189>May 26 09:24:06 ['9.9.9.9'] authmgr[504]: <NOTI> login <00:1c:bf:ca:2b:98  20.135.51.253 rogueUser-3>method=802.1x, server=TEST001, role=Authenticated Update(status 0 method 0 role 16), reauth=1800 sec
<38>May 26 09:24:07 sshd[728307]: Invalid user testuser-66 from 40.12.221.202
<13>May 26 09:24:09 microsoft.sec.ibm.lab AgentDevice=WindowsLog	AgentLogFile=Security	Source=Security	Computer=COMP-testuser-12	User=testuser-12	Domain=	EventID=680	EventIDCode=680	EventType=16	EventCategory=9	RecordNumber=988673	TimeGenerated=1495805049	TimeWritten=1495805049	Message=Logon attempt by: MICROSOFT_AUTHENTICATION_PACKAGE_V1_0 Logon account: testuser-12 Source Workstation: COMP-testuser-12 Error Code: 0x0 
<129>May 26 09:24:10 barracuda.firewall.ibm.lab WF ALER CROSS_SITE_SCRIPTING_IN_URL 201.150.192.18 55611 205.142.127.119 80 security-policy GLOBAL DENY NONE [type="cross-site-scripting" pattern="script-tag" token="<script>"] GET 205.142.127.119/<script>alert(53416)</script> HTTP "-" ""-"" 205.142.127.119 48541 "-" "-"
<129>May 26 09:24:12 barracuda.firewall.ibm.lab WF ALER CROSS_SITE_SCRIPTING_IN_PARAM 154.102.244.170 53708 89.167.35.172 443 security-policy GLOBAL DENY NONE [type="cross-site-scripting" pattern="script-tag" token="<script>" Parameter="url" value="<script>alert(5341)</script>"] GET 89.167.35.172/redirect.asp?url=<script>alert(5341)</script> HTTPS "-" ""-"" 89.167.35.172 59845 "-" "-"
<189>May 26 09:24:14 ['9.9.9.9'] authmgr[504]: <NOTI> login <00:1c:bf:ca:2b:98  218.111.178.29 testuser-63>method=802.1x, server=TEST001, role=Authenticated Update(status 0 method 0 role 16), reauth=1800 sec
<129>May 26 09:24:15 barracuda.firewall.ibm.lab WF ALER SLASH_DOT_IN_URL 56.219.18.103 64009 56.200.194.215 443 security-policy GLOBAL DENY NONE ["-"] GET 56.200.194.215/themes/default/css/.htaccess HTTPS "-" ""-"" 56.200.194.215 44428 "-" "-"
<13>May 26 09:24:17 microsoft.sec.ibm.lab AgentDevice=WindowsLog	AgentLogFile=Security	Source=Security	Computer=COMP-testuser-60	User=SYSTEM	Domain=	EventID=644	EventIDCode=644	EventType=8	EventCategory=7	RecordNumber=245783	TimeGenerated=1495805057	TimeWritten=1495805057	Message=User Account Locked Out: Target Account Name: testuser-60 Target Account ID: %{S-1-2-3-1085764} Caller Machine Name: COMP-CALLER01 Caller User Name: CALLER-01 Caller Domain: us.ibm.com Caller Logon ID: (0x0,0xBA5EBA11)
<25>May 26 09:24:18 apple.macosx.ibm.lab DirectoryService[51]: Failed Authentication return is being delayed due to over five recent auth failures for username: testuser-9.
<38>May 26 09:24:20 sshd[random_number_1_to_999999]: Accepted keyboard-interactive/pam for testuser-82 from 79.186.10.120 port 49983 ssh2
<34>May 26 09:24:20 Message forwarded from aix.ibm.lab: su: BAD SU from testuser-82 to root at /dev/pts/3
<182>May 26 09:24:21 apache.httpd.ibm.lab httpd: 202.207.224.25 202.243.124.151 - - [26/May/2017:09:24:21 -0500] "GET /<script>alert(53416)</script> HTTP/1.1" 404 443 320
<189>May 26 09:24:23 ['9.9.9.9'] authmgr[504]: <NOTI> login <00:1c:bf:ca:2b:98  128.234.158.118 rogueUser-4>method=802.1x, server=TEST001, role=Authenticated Update(status 0 method 0 role 16), reauth=1800 sec
<187>May 26 09:24:25 ['9.9.9.9'] httpd[16986]: [error] [client 136.38.97.190] Invalid URI in request \xf7vMKp`ET&\xa4\x9c\xc9\xec\xd1\xd8j\r\xce\xd9\xd4\xb3\c7
<133>May 26 09:24:26 microsoft.event.ibm.lab MSWinEventLog 1 Security 102757633 Fri May 26 09:24:26 2017 4907 Microsoft-Windows-Security-Auditing N/A N/A Success Audit testuser-43 Audit Policy Change Auditing settings on object were changed. Subject: Security ID: S-1-5-18 Account Name: testuser-43 Account Domain: us.ibm.com Logon ID: 0x1087849 Object: Object Server: Security Object Type: File Object Name: \Windows\winsxs\test.wav Handle ID: 0x3a8 Process Information: Process ID: 0x7E71E6 Process Name: C:\Windows\System32\wbengine.exe Auditing Settings: Original Security Descriptor: S:AI(AU;A;;WD) New Security Descriptor: S:ARAI(AU;SAFA;;;;WD)(AU;IDFA;B;;;WD) 998828
<13>May 26 09:24:28 microsoft.sec.ibm.lab AgentDevice=WindowsLog	AgentLogFile=Security	Source=Security	Computer=COMP-rogueUser-2	User=rogueUser-2	Domain=	EventID=576	EventIDCode=576	EventType=8	EventCategory=2	RecordNumber=695912	TimeGenerated=1495805068	TimeWritten=1495805068	Message=Special privileges assigned to new logon: User Name: rogueUser-2 Domain: us.ibm.com Logon ID: (0x0,0x1115136) Privileges: SeSecurityPrivilege SeBackupPrivilege SeRestorePrivilege SeTakeOwnershipPrivilege SeDebugPrivilege SeSystemEnvironmentPrivilege SeLoadDriverPrivilege SeImpersonatePrivilege
<129>May 26 09:24:29 barracuda.firewall.ibm.lab WF ALER SLASH_DOT_IN_URL 201.150.192.18 61237 60.187.117.235 443 security-policy GLOBAL DENY NONE ["-"] GET 60.187.117.235/themes/default/css/.htaccess HTTPS "-" ""-"" 60.187.117.235 44428 "-" "-"
<27>May 26 09:24:31 ambiron.ipangel.ibm.lab ipangel-ips: [2017-05-26 09:24:31-05] alert [Priority: 9] [119:2:1] [(http_inspect) DOUBLE DECODING ATTACK] 218.111.178.29:63040 TCP 161.139.177.174:80 br0
<182>May 26 09:24:32 apache.httpd.ibm.lab httpd: 56.219.18.103 36.209.80.50 - - [26/May/2017:09:24:32 -0500] "CONNECT 10.35.79.71:443 HTTP/1.1" 405 443 297
<190>May 26 09:24:34 arbor.pravail.ibm.lab pravail-aps: Blocked Host: Blocked host 154.102.244.170 10:53 by TCP Connection Reset using TCP/52507 (Unknown) destination 33.226.34.164 source port 443,URL: https://arbornetworks.pravail.test.com/chaos/
<190>May 26 09:24:36 arbor.pravail.ibm.lab pravail-aps: Blocked Host: Blocked host 9.135.38.229 10:53 by TCP Connection Reset using TCP/61672 (Unknown) destination 152.230.28.154 source port 443,URL: https://arbornetworks.pravail.test.com/chaos/
<50>May 26 09:24:37 SymantecServer symantec.endpoint.ibm.lab: testbox-xyz,[SID: 70025] Web Attack: Blackhole Exploit Toolkit 2 attack blocked. Traffic has been blocked for this application: C:\Program Files\Internet Explorer\iexplore.exe,Local: 0.0.0.0,Local: 000000000000,Remote: ,Remote: 0.0.0.0,Remote: 000000000000,Inbound,OTHERS,,Begin: 2017-05-26 09:24:37,End: 2017-05-26 09:24:37,Occurrences: 1,Application: C:/Program Files/Internet Explorer/iexplore.exe,Location: Default,User: testuser-90,Domain: SIMON,!ExternalLoggingTask.localport! 0,!ExternalLoggingTask.remoteport! 0,!ExternalLoggingTask.cidssignid! 70025,!ExternalLoggingTask.strcidssignid! Web Attack: Blackhole Exploit Toolkit 2,!ExternalLoggingTask.cidssignsubid! 0,!ExternalLoggingTask.intrusionurl! http://pppptttt.blah.net/links/came_broadcasting_taking-various.php,!ExternalLoggingTask.intrusionpayloadurl!
<182>May 26 09:24:39 apache.httpd.ibm.lab httpd: 201.150.192.18 27.249.47.179 - - [26/May/2017:09:24:39 -0500] "HEAD / HTTP/1.1" 200 443 -
<129>May 26 09:24:40 barracuda.firewall.ibm.lab WF ALER METHOD_NOT_ALLOWED 165.11.95.213 51801 208.38.179.100 80 security-policy GLOBAL DENY NONE [Method="ABCD"] ABCD 208.38.179.100/ HTTP "-" ""-"" 208.38.179.100 48536 "-" "-"
<27>May 26 09:24:42 ambiron.ipangel.ibm.lab ipangel-ips: [2017-05-26 09:24:42-05] alert [Priority: 9] [119:2:1] [(http_inspect) DOUBLE DECODING ATTACK] 137.38.197.140:54517 TCP 173.95.238.113:80 br0
<83>May 26 09:24:43 apple.macosx.ibm.lab com.apple.SecurityServer: authinternal failed to authenticate user testuser-34.
<182>May 26 09:24:45 apache.httpd.ibm.lab httpd: 201.150.192.18 182.252.237.199 - - [26/May/2017:09:24:45 -0500] "HEAD / HTTP/1.1" 200 443 -
<190>May 26 09:24:46 arbor.pravail.ibm.lab pravail-aps: Blocked Host: Blocked host 79.186.10.120 at 10:52 by Invalid Packets using TCP/0 (Unknown) destination 160.179.164.74,URL: https://arbornetworks.pravail.test.com/chaos/
<28>May 26 09:24:48 Message forwarded from aix.ibm.lab: rshd[random_number_1_to_999999]: Failed rsh authentication from 60.37.18.62 for local user root via remote user testuser-82
<189>May 26 09:24:50 ['9.9.9.9'] authmgr[504]: <NOTI> login <00:1c:bf:ca:2b:98  201.150.192.18 testuser-51>method=802.1x, server=TEST001, role=Authenticated Update(status 0 method 0 role 16), reauth=1800 sec
<13>May 26 09:24:51 checkpoint.firewall.ibm.lab 26May2017  checkpoint.firewall.ibm.lab product: SmartDefense; src: 201.150.192.18; s_port: ; dst: 59.24.99.39; service: ; proto: udp; rule: ;Attack Info: Out-of-state DNS reply;Suppressed logs: 143;Total logs: 144;__policy_id_tag: product=VPN-1 & FireWall-1[db_tag={321A4EE6-7DEA-11DD-BFAA-C0A832822626};mgmt=fwmngt05;date=1220908070;policy_name=KillerWhale_gbl];alert: alert;attack: Invalid DNS;has_accounting: 0;i/f_dir: inbound;
<86>May 26 09:24:53 apple.macosx.ibm.lab sshd[5590]: Failed password for invalid user testuser-82 from 79.186.10.120 port 63980 ssh2
<25>May 26 09:24:54 apple.macosx.ibm.lab DirectoryService[51]: Failed Authentication return is being delayed due to over five recent auth failures for username: rogueUser-1.
<13>May 26 09:24:56 checkpoint.firewall.ibm.lab 26May2017 drop checkpoint.firewall.ibm.lab product: VPN-1 &FireWall-1; src: 30.90.182.58; s_port: 50573; dst: 79.223.223.226; service: 138; proto: udp; rule: 323;SmartDefense profile: Default_Protection;__policy_id_tag: product=VPN-1 & FireWall-1[db_tag={48AB8350-7F61-11DD-887D-C0A832D16C6C};mgmt=fwmngt-zentral;date=1221069169;policy_name=Chameleon_gbl];has_accounting: 0;i/f_dir: inbound;i/f_name: eth-s1/s1p1c0;rule_uid: {21D66174-0E19-4B77-A1E9-3473FE991088};
<26>May 26 09:24:57 ambiron.ipangel.ibm.lab ipangel-ips: [2017-05-26 09:24:57-05] alert [Priority: 9] [119:14:1] [(http_inspect) NON-RFC DEFINED CHAR] 30.90.182.58:49713 TCP 17.117.168.107:80 br0
<25>May 26 09:24:59 ambiron.ipangel.ibm.lab ipangel-ips: [2017-05-26 09:24:59-05] alert [Priority: 9] [116:46:1] [(snort_decoder) WARNING: TCP Data Offset is less than 5!] 54.11.145.63:62281 TCP 36.155.152.44:80 br0
<26>May 26 09:25:01 ambiron.ipangel.ibm.lab ipangel-ips: [2017-05-26 09:25:01-05] alert [Priority: 9] [119:14:1] [(http_inspect) NON-RFC DEFINED CHAR] 56.219.18.103:49737 TCP 2.36.83.78:80 br0
<25>May 26 09:25:02 apple.macosx.ibm.lab DirectoryService[51]: Failed Authentication return is being delayed due to over five recent auth failures for username: testuser-33.
<190>May 26 09:25:04 arbor.pravail.ibm.lab pravail-aps: Blocked Host: Blocked host 201.150.192.18 at 10:52 by Invalid Packets using TCP/0 (Unknown) destination 92.44.88.231,URL: https://arbornetworks.pravail.test.com/chaos/
<26>May 26 09:25:05 ambiron.ipangel.ibm.lab ipangel-ips: [2017-05-26 09:25:05-05] alert [Priority: 9] [119:14:1] [(http_inspect) NON-RFC DEFINED CHAR] 218.111.178.29:56261 TCP 143.98.172.98:80 br0
<33>May 26 09:25:07 threecom.switch.ibm.lab %May 26 09:25:07 2017 S9500 AAA/2/Serious error!: User testuser-87, in ACM send msg to SC failed! Returns 1 srcID 6 msgType 16384.
<38>May 26 09:25:08 sshd[246498]: Failed password for invalid user testuser-92 from 165.11.95.213 port 64731 ssh2
<182>May 26 09:25:10 apache.httpd.ibm.lab httpd: 136.38.97.190 124.162.158.117 - - [26/May/2017:09:25:10 -0500] "GET /<script>alert(53416)</script> HTTP/1.1" 404 443 320
<189>May 26 09:25:12 ['9.9.9.9'] authmgr[504]: <NOTI> login <00:1c:bf:ca:2b:98  16.74.199.104 testuser-2>method=802.1x, server=TEST001, role=Authenticated Update(status 0 method 0 role 16), reauth=1800 sec
<133>May 26 09:25:13 microsoft.event.ibm.lab MSWinEventLog 1 Security 102757633 Fri May 26 09:25:13 2017 4907 Microsoft-Windows-Security-Auditing N/A N/A Success Audit testuser-3 Audit Policy Change Auditing settings on object were changed. Subject: Security ID: S-1-5-18 Account Name: testuser-3 Account Domain: us.ibm.com Logon ID: 0x982081 Object: Object Server: Security Object Type: File Object Name: \Windows\winsxs\test.wav Handle ID: 0x3a8 Process Information: Process ID: 0x95137E Process Name: C:\Windows\System32\wbengine.exe Auditing Settings: Original Security Descriptor: S:AI(AU;A;;WD) New Security Descriptor: S:ARAI(AU;SAFA;;;;WD)(AU;IDFA;B;;;WD) 850162
<27>May 26 09:25:15 ambiron.ipangel.ibm.lab ipangel-ips: [2017-05-26 09:25:15-05] alert [Priority: 9] [119:2:1] [(http_inspect) DOUBLE DECODING ATTACK] 30.90.182.58:52535 TCP 32.178.25.236:80 br0
<133>May 26 09:25:16 microsoft.event.ibm.lab MSWinEventLog 1 Security 102757633 Fri May 26 09:25:16 2017 4907 Microsoft-Windows-Security-Auditing N/A N/A Success Audit testuser-79 Audit Policy Change Auditing settings on object were changed. Subject: Security ID: S-1-5-18 Account Name: testuser-79 Account Domain: us.ibm.com Logon ID: 0x1106704 Object: Object Server: Security Object Type: File Object Name: \Windows\winsxs\test.wav Handle ID: 0x3a8 Process Information: Process ID: 0xBC3AC9 Process Name: C:\Windows\System32\wbengine.exe Auditing Settings: Original Security Descriptor: S:AI(AU;A;;WD) New Security Descriptor: S:ARAI(AU;SAFA;;;;WD)(AU;IDFA;B;;;WD) 172466
<187>May 26 09:25:18 ['9.9.9.9'] httpd[16986]: [error] [client 56.219.18.103] Invalid URI in request \xf7vMKp`ET&\xa4\x9c\xc9\xec\xd1\xd8j\r\xce\xd9\xd4\xb3\c7
<14>May 26 09:25:19 Message forwarded from aix.ibm.lab: ftp[random_number_1_to_999999]: ftp: EXPORT user testuser-93, host 132.35.168.110, local test_script.sh, remote test_script.sh.
<190>May 26 09:25:21 arbor.pravail.ibm.lab pravail-aps: Blocked Host: Blocked host 83.87.204.105 at 10:52 by Invalid Packets using TCP/0 (Unknown) destination 178.29.176.10,URL: https://arbornetworks.pravail.test.com/chaos/
<33>May 26 09:25:22 threecom.switch.ibm.lab %May 26 09:25:22 2017 S9500 FTPS/5/USEROUT: User rogueUser-1(33.195.94.29) logged out
<13>May 26 09:25:24 checkpoint.firewall.ibm.lab 26May2017  checkpoint.firewall.ibm.lab product: SmartDefense; src: 33.195.94.29; s_port: ; dst: 184.119.98.241; service: ; proto: udp; rule: ;Attack Info: Out-of-state DNS reply;Suppressed logs: 143;Total logs: 144;__policy_id_tag: product=VPN-1 & FireWall-1[db_tag={321A4EE6-7DEA-11DD-BFAA-C0A832822626};mgmt=fwmngt05;date=1220908070;policy_name=KillerWhale_gbl];alert: alert;attack: Invalid DNS;has_accounting: 0;i/f_dir: inbound;
<182>May 26 09:25:26 apache.httpd.ibm.lab httpd: 147.198.103.40 38.252.243.213 - - [26/May/2017:09:25:26 -0500] "HEAD / HTTP/1.1" 200 443 -
<182>May 26 09:25:27 apache.httpd.ibm.lab httpd: 9.135.38.229 215.100.33.124 - - [26/May/2017:09:25:27 -0500] "CONNECT 10.35.79.71:443 HTTP/1.1" 405 443 297
<13>May 26 09:25:29 microsoft.sec.ibm.lab AgentDevice=WindowsLog	AgentLogFile=Security	Source=Security	Computer=COMP-rogueUser-1	User=SYSTEM	Domain=	EventID=644	EventIDCode=644	EventType=8	EventCategory=7	RecordNumber=783968	TimeGenerated=1495805129	TimeWritten=1495805129	Message=User Account Locked Out: Target Account Name: rogueUser-1 Target Account ID: %{S-1-2-3-1113025} Caller Machine Name: COMP-CALLER01 Caller User Name: CALLER-01 Caller Domain: us.ibm.com Caller Logon ID: (0x0,0xBA5EBA11)
<190>May 26 09:25:30 arbor.pravail.ibm.lab pravail-aps: Blocked Host: Blocked host 79.186.10.120 10:53 by TCP Connection Reset using TCP/62146 (Unknown) destination 8.26.154.232 source port 443,URL: https://arbornetworks.pravail.test.com/chaos/
<129>May 26 09:25:32 barracuda.firewall.ibm.lab WF ALER METACHARACTER_IN_PARAMETER 202.207.224.25 59729 206.149.243.1 443 security-policy GLOBAL DENY NONE [token="%00 " Parameter="article" value="../../../../../../../../etc/passwd"] GET 206.149.243.1/talkback.cgi?article=../../../../../../../../etc/passwd%00&action=view&matchview=1 HTTPS "-" ""-"" 206.149.243.1 59729 "-" "-"
<33>May 26 09:25:33 threecom.switch.ibm.lab %May 26 09:25:33 2017 S9500 VTY/5/VTY_LOG:  TELNET user failed to login from 212.2.111.4(000D-88F6-60E0) on VTY0.
<26>May 26 09:25:35 ambiron.ipangel.ibm.lab ipangel-ips: [2017-05-26 09:25:35-05] alert [Priority: 9] [119:14:1] [(http_inspect) NON-RFC DEFINED CHAR] 30.90.182.58:51742 TCP 181.239.24.144:80 br0
<182>May 26 09:25:37 apache.httpd.ibm.lab httpd: 128.234.158.118 29.72.186.53 - - [26/May/2017:09:25:37 -0500] "GET /../../../../../../../../../../../ HTTP/1.1" 400 443 307
<133>May 26 09:25:38 microsoft.event.ibm.lab MSWinEventLog 1 Security 102757633 Fri May 26 09:25:38 2017 4907 Microsoft-Windows-Security-Auditing N/A N/A Success Audit testuser-58 Audit Policy Change Auditing settings on object were changed. Subject: Security ID: S-1-5-18 Account Name: testuser-58 Account Domain: us.ibm.com Logon ID: 0x1100401 Object: Object Server: Security Object Type: File Object Name: \Windows\winsxs\test.wav Handle ID: 0x3a8 Process Information: Process ID: 0x521A52 Process Name: C:\Windows\System32\wbengine.exe Auditing Settings: Original Security Descriptor: S:AI(AU;A;;WD) New Security Descriptor: S:ARAI(AU;SAFA;;;;WD)(AU;IDFA;B;;;WD) 787748
<157>May 26 09:25:40 microsoft.event.ibm.lab MSWinEventLog	4	Security	60703	Fri May 26 09:25:40 2017	552	Security	NETWORK SERVICE	Well Known Group	Success Audit	testuser-69	Logon/Logoff		Logon attempt using explicit credentials: Logged on user:  User Name: NETWORK SERVICE  Domain: NT AUTHORITY  Logon ID: (0x0,0x1104601)  Logon GUID: -  User whose credentials were used:  Target User Name: testuser-69  Target Domain: us.ibm.com Target Logon GUID: -  Target Server Name: localhost  Target Server Info: localhost  Caller Process ID: 857032  Source Network Address: -  Source Port: - 	56794
<26>May 26 09:25:41 ambiron.ipangel.ibm.lab ipangel-ips: [2017-05-26 09:25:41-05] alert [Priority: 9] [119:14:1] [(http_inspect) NON-RFC DEFINED CHAR] 125.83.117.185:64674 TCP 122.183.250.12:80 br0
<13>May 26 09:25:43 microsoft.sec.ibm.lab AgentDevice=WindowsLog	AgentLogFile=Security	Source=Security	Computer=COMP-testuser-30	User=testuser-30	Domain=	EventID=540	EventIDCode=540	EventType=8	EventCategory=2	RecordNumber=582595	TimeGenerated=1495805143	TimeWritten=1495805143	Message=Successful Network Logon: User Name: Domain: Logon ID: (0x0,0x1079521) Logon Type: 3 Logon Process: NtLmSsp Authentication Package: NTLM Workstation Name: COMP-testuser-30 Logon GUID: - Caller User Name: - Caller Domain: - Caller Logon ID: - Caller Process ID: - Transited Services: - Source Network Address: 167.137.238.65 Source Port: 0
