<33>May 26 09:41:52 threecom.switch.ibm.lab %May 26 09:41:52 2017 S9500 RTA/3/Failed to get user traffic: Failed to get traffic of user 147.198.103.40 on board 6
<27>May 26 09:41:53 ambiron.ipangel.ibm.lab ipangel-ips: [2017-05-26 09:41:53-05] alert [Priority: 9] [119:2:1] [(http_inspect) DOUBLE DECODING ATTACK] 33.195.94.29:57074 TCP 11.166.49.173:80 br0
<129>May 26 09:41:55 barracuda.firewall.ibm.lab WF ALER CROSS_SITE_SCRIPTING_IN_URL 136.38.97.190 65380 28.146.186.47 80 security-policy GLOBAL DENY NONE [type="cross-site-scripting" pattern="script-tag" token="<script>"] GET 28.146.186.47/<script>alert(53416)</script> HTTP "-" ""-"" 28.146.186.47 48541 "-" "-"
<54>May 26 09:41:56 SymantecServer symantec.endpoint.ibm.lab: DCA-EMAPROJ2,Allowed,"C:\Program Files\Common Files\Symantec Shared\ccSvcHst.exe",,Begin: 2017-05-26 09:41:56,End:2017-05-26 09:41:56,Rule: ,2528,C:/Program Files/Microsoft Virtual Server/vmh.exe,0,,C:/ProgramFiles/Common Files/Symantec Shared/ccSvcHst.exe,User: testuser-75,Domain: US
<25>May 26 09:41:58 apple.macosx.ibm.lab DirectoryService[51]: Failed Authentication return is being delayed due to over five recent auth failures for username: testuser-71.
<38>May 26 09:42:00 Message forwarded from aix.ibm.lab: syslog: pts/2: failed login attempt for testuser-42 from 201.150.192.18
<133>May 26 09:42:01 microsoft.event.ibm.lab MSWinEventLog 1 Security 102757633 Fri May 26 09:42:01 2017 4907 Microsoft-Windows-Security-Auditing N/A N/A Success Audit testuser-92 Audit Policy Change Auditing settings on object were changed. Subject: Security ID: S-1-5-18 Account Name: testuser-92 Account Domain: us.ibm.com Logon ID: 0x1096209 Object: Object Server: Security Object Type: File Object Name: \Windows\winsxs\test.wav Handle ID: 0x3a8 Process Information: Process ID: 0x879EC0 Process Name: C:\Windows\System32\wbengine.exe Auditing Settings: Original Security Descriptor: S:AI(AU;A;;WD) New Security Descriptor: S:ARAI(AU;SAFA;;;;WD)(AU;IDFA;B;;;WD) 137125
<13>May 26 09:42:03 checkpoint.firewall.ibm.lab 26May2017  checkpoint.firewall.ibm.lab product: SmartDefense; src: 20.135.51.253; s_port: ; dst: 41.46.188.124; service: ; proto: udp; rule: ;Attack Info: Out-of-state DNS reply;Suppressed logs: 143;Total logs: 144;__policy_id_tag: product=VPN-1 & FireWall-1[db_tag={321A4EE6-7DEA-11DD-BFAA-C0A832822626};mgmt=fwmngt05;date=1220908070;policy_name=KillerWhale_gbl];alert: alert;attack: Invalid DNS;has_accounting: 0;i/f_dir: inbound;
<129>May 26 09:42:04 barracuda.firewall.ibm.lab WF ALER METACHARACTER_IN_PARAMETER 30.90.182.58 50996 16.15.244.18 443 security-policy GLOBAL DENY NONE [token="%00 " Parameter="article" value="../../../../../../../../etc/passwd"] GET 16.15.244.18/talkback.cgi?article=../../../../../../../../etc/passwd%00&action=view&matchview=1 HTTPS "-" ""-"" 16.15.244.18 50996 "-" "-"
<33>May 26 09:42:06 threecom.switch.ibm.lab %May 26 09:42:06 2017 S9500 FTPS/5/USEROUT: User testuser-73(79.186.10.120) logged out
<13>May 26 09:42:07 microsoft.sec.ibm.lab AgentDevice=WindowsLog	AgentLogFile=Security	Source=Security	Computer=COMP-testuser-60	User=testuser-60	Domain=	EventID=675	EventIDCode=675	EventType=16	EventCategory=9	RecordNumber=831226	TimeGenerated=1495806127	TimeWritten=1495806127	Message=Pre-authentication failed: User Name: testuser-60 User ID: %{S-1-2-3-1085764} Service Name: krbtgt Pre-Authentication Type: 0x2 Failure Code: 0x18 Client Address: 201.150.192.18 
<13>May 26 09:42:09 microsoft.sec.ibm.lab AgentDevice=WindowsLog	AgentLogFile=Security	Source=Security	Computer=COMP-testuser-68	User=testuser-68	Domain=	EventID=673	EventIDCode=673	EventType=8	EventCategory=9	RecordNumber=988898	TimeGenerated=1495806129	TimeWritten=1495806129	Message=Service Ticket Request:  User Name: testuser-68@us.ibm.com User Domain: us.ibm.com Service Name: MAIL$  Service ID: %{S-3-2-1-B7BE82} Ticket Options:  0x40810000   Ticket Encryption Type: 0x17 Client Address: 212.2.111.4 Failure Code: - LogonGUID: {B7BE82-f005ba11-ba5eba11} Transited Services: - 
<13>May 26 09:42:10 checkpoint.firewall.ibm.lab 26May2017 drop checkpoint.firewall.ibm.lab product: VPN-1 &FireWall-1; src: 165.11.95.213; s_port: 65022; dst: 40.140.115.50; service: 138; proto: udp; rule: 323;SmartDefense profile: Default_Protection;__policy_id_tag: product=VPN-1 & FireWall-1[db_tag={48AB8350-7F61-11DD-887D-C0A832D16C6C};mgmt=fwmngt-zentral;date=1221069169;policy_name=Chameleon_gbl];has_accounting: 0;i/f_dir: inbound;i/f_name: eth-s1/s1p1c0;rule_uid: {21D66174-0E19-4B77-A1E9-3473FE991088};
<187>May 26 09:42:12 ['9.9.9.9'] httpd[16986]: [error] [client 30.90.182.58] Invalid URI in request \xf7vMKp`ET&\xa4\x9c\xc9\xec\xd1\xd8j\r\xce\xd9\xd4\xb3\c7
<129>May 26 09:42:14 barracuda.firewall.ibm.lab WF ALER CROSS_SITE_SCRIPTING_IN_URL 128.234.158.118 64027 197.159.27.195 80 security-policy GLOBAL DENY NONE [type="cross-site-scripting" pattern="script-tag" token="<script>"] GET 197.159.27.195/<script>alert(53416)</script> HTTP "-" ""-"" 197.159.27.195 48541 "-" "-"
<25>May 26 09:42:15 ambiron.ipangel.ibm.lab ipangel-ips: [2017-05-26 09:42:15-05] alert [Priority: 9] [116:46:1] [(snort_decoder) WARNING: TCP Data Offset is less than 5!] 201.150.192.18:62969 TCP 219.15.8.141:80 br0
<13>May 26 09:42:17 checkpoint.firewall.ibm.lab 26May2017  checkpoint.firewall.ibm.lab product: SmartDefense; src: 30.90.182.58; s_port: ; dst: 68.217.236.211; service: ; proto: icmp; rule: ;Attack Info: Echo request too big;Suppressed logs: 1;Total logs: 2;__policy_id_tag: product=VPN-1 & FireWall-1[db_tag={B5A7057E-7F61-11DD-AA43-C0A832D12424};mgmt=fwmngt-zentral;date=1221069352;policy_name=Spider_gbl];alert: alert;attack: Large ping;has_accounting: 0;i/f_dir: inbound;
<190>May 26 09:42:18 arbor.pravail.ibm.lab pravail-aps: Blocked Host: Blocked host 30.90.182.58 at 10:53 by Malformed HTTP Filtering using TCP/80 (HTTP) destination 22.252.21.133 source port 53549,URL: https://arbornetworks.pravail.test.com/chaos/
<189>May 26 09:42:20 ['9.9.9.9'] authmgr[504]: <NOTI> login <00:1c:bf:ca:2b:98  44.111.228.125 testuser-1>method=802.1x, server=TEST001, role=Authenticated Update(status 0 method 0 role 16), reauth=1800 sec
<13>May 26 09:42:21 microsoft.sec.ibm.lab AgentDevice=WindowsLog	AgentLogFile=Security	Source=Security	Computer=COMP-testuser-39	User=testuser-39	Domain=	EventID=529	EventIDCode=529	EventType=16	EventCategory=2	RecordNumber=730152	TimeGenerated=1495806141	TimeWritten=1495806141	Message=Successful Network Logon: User Name: Domain: Logon ID: (0x0,0x1098304) Logon Type: 3 Logon Process: NtLmSsp Authentication Package: NTLM Workstation Name: COMP-testuser-39 Logon GUID: - Caller User Name: - Caller Domain: - Caller Logon ID: - Caller Process ID: - Transited Services: - Source Network Address: 30.90.182.58 Source Port: 0
<157>May 26 09:42:23 microsoft.event.ibm.lab MSWinEventLog	4	Security	60703	Fri May 26 09:42:23 2017	552	Security	NETWORK SERVICE	Well Known Group	Success Audit	testuser-100	Logon/Logoff		Logon attempt using explicit credentials: Logged on user:  User Name: NETWORK SERVICE  Domain: NT AUTHORITY  Logon ID: (0x0,0x1177225)  Logon GUID: -  User whose credentials were used:  Target User Name: testuser-100  Target Domain: us.ibm.com Target Logon GUID: -  Target Server Name: localhost  Target Server Info: localhost  Caller Process ID: 557562  Source Network Address: -  Source Port: - 	56794
<133>May 26 09:42:25 microsoft.event.ibm.lab MSWinEventLog 1 Security 102757633 Fri May 26 09:42:25 2017 4907 Microsoft-Windows-Security-Auditing N/A N/A Success Audit testuser-57 Audit Policy Change Auditing settings on object were changed. Subject: Security ID: S-1-5-18 Account Name: testuser-57 Account Domain: us.ibm.com Logon ID: 0x1098304 Object: Object Server: Security Object Type: File Object Name: \Windows\winsxs\test.wav Handle ID: 0x3a8 Process Information: Process ID: 0x46974C Process Name: C:\Windows\System32\wbengine.exe Auditing Settings: Original Security Descriptor: S:AI(AU;A;;WD) New Security Descriptor: S:ARAI(AU;SAFA;;;;WD)(AU;IDFA;B;;;WD) 697632
<157>May 26 09:42:26 microsoft.event.ibm.lab MSWinEventLog	4	Security	60703	Fri May 26 09:42:26 2017	552	Security	NETWORK SERVICE	Well Known Group	Success Audit	testuser-26	Logon/Logoff		Logon attempt using explicit credentials: Logged on user:  User Name: NETWORK SERVICE  Domain: NT AUTHORITY  Logon ID: (0x0,0x1089936)  Logon GUID: -  User whose credentials were used:  Target User Name: testuser-26  Target Domain: us.ibm.com Target Logon GUID: -  Target Server Name: localhost  Target Server Info: localhost  Caller Process ID: 509161  Source Network Address: -  Source Port: - 	56794
<13>May 26 09:42:28 microsoft.sec.ibm.lab AgentDevice=WindowsLog	AgentLogFile=Security	Source=Security	Computer=COMP-rogueUser-1	User=rogueUser-1	Domain=	EventID=673	EventIDCode=673	EventType=8	EventCategory=9	RecordNumber=99857	TimeGenerated=1495806148	TimeWritten=1495806148	Message=Service Ticket Request:  User Name: rogueUser-1@us.ibm.com User Domain: us.ibm.com Service Name: MAIL$  Service ID: %{S-3-2-1-0B71BA} Ticket Options:  0x40810000   Ticket Encryption Type: 0x17 Client Address: 33.195.94.29 Failure Code: - LogonGUID: {0B71BA-f005ba11-ba5eba11} Transited Services: - 
<54>May 26 09:42:29 SymantecServer symantec.endpoint.ibm.lab: Security risk found,Computer name: COMP-1092025,Source: Scheduled Scan,Risk name: VirusDoctor,Occurrences: 1,c:/System Volume Information/_restore{A3F5C2A3-F289-4356-B021-1FEFEFB73CBD}/RP243/A0070465.exe,"",Actual action: Quarantined,Requested action: Quarantined,Secondary action: Left alone,Event time: 2017-05-26 09:42:29,Inserted:2017-05-26 09:42:29,End: 2017-05-26 09:42:29,Domain: Default,Group: My Company	est,Server: avp1,User: testuser-45,Source computer:  ,Source IP: 0.0.0.0
<190>May 26 09:42:31 arbor.pravail.ibm.lab pravail-aps: Blocked Host: Blocked host 64.87.88.123 at 10:53 by Malformed HTTP Filtering using TCP/80 (HTTP) destination 23.145.203.3 source port 50953,URL: https://arbornetworks.pravail.test.com/chaos/
<86>May 26 09:42:32 apple.macosx.ibm.lab com.apple.SecurityServer: uid 84705 succeeded authenticating as user admin (uid 501) for right system.install.root.user.
<182>May 26 09:42:34 apache.httpd.ibm.lab httpd: 165.11.95.213 95.249.93.60 - - [26/May/2017:09:42:34 -0500] "CONNECT 10.35.79.71:443 HTTP/1.1" 405 443 297
<190>May 26 09:42:36 arbor.pravail.ibm.lab pravail-aps: Blocked Host: Blocked host 165.11.95.213 10:53 by TCP Connection Reset using TCP/60316 (Unknown) destination 91.219.160.32 source port 443,URL: https://arbornetworks.pravail.test.com/chaos/
<38>May 26 09:42:37 sshd[870190]: Failed none for invalid user testuser-87 from 83.87.204.105 port 57270 ssh2
<187>May 26 09:42:39 ['9.9.9.9'] httpd[16986]: [error] [client 167.227.124.53] Invalid URI in request \xf7vMKp`ET&\xa4\x9c\xc9\xec\xd1\xd8j\r\xce\xd9\xd4\xb3\c7
<54>May 26 09:42:40 SymantecServer symantec.endpoint.ibm.lab: Commercial application detected,Computer name: COMP-1085764,Detection type: Commercial,Application name: DameWare Development DWRCS,Application type: Remote Control,Application version: 5\~ 5\~ 0\~ 0,Hash type: SHA-1,Application hash: 4670d9eeeab7449788be3b18e9364ef0088b900e,Company name: DameWare Development LLC,File size (bytes): 208896,Sensitivity: 0,Detection score: 1,Submission recommendation: 0,Permitted application reason: 0,Source: Heuristic Scan,Risk name:  ,Occurrences: 1,DWMRCS,"DWMRCS",Actual action: Left alone,Requested action: Left alone,Secondary action: Commercial application detection,Event time: 2017-05-26 09:42:40,Inserted: 2017-05-26 09:42:40,End: 2017-05-26 09:42:40,Domain: Default,Group: My Company	est,Server: testbox,User: testuser-33,Source computer:  ,Source IP: 0.0.0.0
<13>May 26 09:42:42 checkpoint.firewall.ibm.lab 26May2017  checkpoint.firewall.ibm.lab product: martDefense; src: 136.38.97.190; s_port: ; dst: 63.194.223.177; service: ; proto: udp; rule: ;Attack Info: Response packet too long, potential buffer overflow;Suppressed logs: 5;Total logs: 6;__policy_id_tag: product=VPN-1 & FireWall-1[db_tag={321A4EE6-7DEA-11DD-BFAA-C0A832822626};mgmt=fwmngt05;date=1220908070;policy_name=KillerWhale_gbl];alert: alert;attack: Invalid DNS;has_accounting: 0;i/f_dir: inbound;
<182>May 26 09:42:43 apache.httpd.ibm.lab httpd: 165.11.95.213 170.34.148.157 - - [26/May/2017:09:42:43 -0500] "GET / HTTP/1.0" 200 443 9334
<189>May 26 09:42:45 ['9.9.9.9'] authmgr[504]: <NOTI> login <00:1c:bf:ca:2b:98  83.87.204.105 testuser-69>method=802.1x, server=TEST001, role=Authenticated Update(status 0 method 0 role 16), reauth=1800 sec
<33>May 26 09:42:46 threecom.switch.ibm.lab %May 26 09:42:46 2017 S9500 VTY/5/VTY_LOG:  TELNET user failed to login from 120.171.20.155(000D-88F6-60E0) on VTY0.
<83>May 26 09:42:48 apple.macosx.ibm.lab com.apple.SecurityServer: authinternal failed to authenticate user testuser-50.
<38>May 26 09:42:50 sshd[327851]: Invalid user testuser-5 from 167.227.124.53
<157>May 26 09:42:51 microsoft.event.ibm.lab MSWinEventLog	4	Security	60703	Fri May 26 09:42:51 2017	552	Security	NETWORK SERVICE	Well Known Group	Success Audit	rogueUser-1	Logon/Logoff		Logon attempt using explicit credentials: Logged on user:  User Name: NETWORK SERVICE  Domain: NT AUTHORITY  Logon ID: (0x0,0x1113025)  Logon GUID: -  User whose credentials were used:  Target User Name: rogueUser-1  Target Domain: us.ibm.com Target Logon GUID: -  Target Server Name: localhost  Target Server Info: localhost  Caller Process ID: 534659  Source Network Address: -  Source Port: - 	56794
<190>May 26 09:42:53 arbor.pravail.ibm.lab pravail-aps: Blocked Host: Blocked host 33.195.94.29 at 10:52 by Invalid Packets using TCP/0 (Unknown) destination 188.166.88.27,URL: https://arbornetworks.pravail.test.com/chaos/
<190>May 26 09:42:54 arbor.pravail.ibm.lab pravail-aps: Blocked Host: Blocked host 120.171.20.155 at 10:53 by Malformed HTTP Filtering using TCP/80 (HTTP) destination 99.176.24.159 source port 54108,URL: https://arbornetworks.pravail.test.com/chaos/
<13>May 26 09:42:56 checkpoint.firewall.ibm.lab 26May2017 drop checkpoint.firewall.ibm.lab product: VPN-1 &FireWall-1; src: 165.11.95.213; s_port: 62559; dst: 8.72.211.155; service: 138; proto: udp; rule: 323;SmartDefense profile: Default_Protection;__policy_id_tag: product=VPN-1 & FireWall-1[db_tag={48AB8350-7F61-11DD-887D-C0A832D16C6C};mgmt=fwmngt-zentral;date=1221069169;policy_name=Chameleon_gbl];has_accounting: 0;i/f_dir: inbound;i/f_name: eth-s1/s1p1c0;rule_uid: {21D66174-0E19-4B77-A1E9-3473FE991088};
<189>May 26 09:42:57 ['9.9.9.9'] authmgr[504]: <NOTI> login <00:1c:bf:ca:2b:98  218.111.178.29 testuser-81>method=802.1x, server=TEST001, role=Authenticated Update(status 0 method 0 role 16), reauth=1800 sec
<13>May 26 09:42:59 microsoft.sec.ibm.lab AgentDevice=WindowsLog	AgentLogFile=Security	Source=Security	Computer=COMP-testuser-12	User=testuser-12	Domain=	EventID=540	EventIDCode=540	EventType=8	EventCategory=2	RecordNumber=142804	TimeGenerated=1495806179	TimeWritten=1495806179	Message=Successful Network Logon: User Name: Domain: Logon ID: (0x0,0x1079521) Logon Type: 3 Logon Process: NtLmSsp Authentication Package: NTLM Workstation Name: COMP-testuser-12 Logon GUID: - Caller User Name: - Caller Domain: - Caller Logon ID: - Caller Process ID: - Transited Services: - Source Network Address: 1.186.6.24 Source Port: 0
<190>May 26 09:43:01 arbor.pravail.ibm.lab pravail-aps: Blocked Host: Blocked host 128.234.158.118 at 10:53 by Malformed HTTP Filtering using TCP/80 (HTTP) destination 216.227.249.32 source port 61988,URL: https://arbornetworks.pravail.test.com/chaos/
<13>May 26 09:43:02 microsoft.sec.ibm.lab AgentDevice=WindowsLog	AgentLogFile=Security	Source=Security	Computer=COMP-testuser-33	User=testuser-33	Domain=	EventID=672	EventIDCode=672	EventType=8	EventCategory=9	RecordNumber=682112	TimeGenerated=1495806182	TimeWritten=1495806182	Message=Authentication Ticket Request: User Name: testuser-33 Supplied Realm Name: us.ibm.com User ID: %{S-1-2-3-1085764} Service Name: krbtgt Service ID: %{S-3-2-1-C4C6BD} Ticket Options: 0x40810010 Result Code: - Ticket Encryption Type: 0x17 Pre-Authentication Type: 2 Client Address: 37.164.191.235 Certificate Issuer Name:  Certificate Serial Number:  Certificate Thumbprint: 
<13>May 26 09:43:04 microsoft.sec.ibm.lab AgentDevice=WindowsLog	AgentLogFile=Security	Source=Security	Computer=COMP-testuser-49	User=testuser-49	Domain=	EventID=529	EventIDCode=529	EventType=16	EventCategory=2	RecordNumber=487692	TimeGenerated=1495806184	TimeWritten=1495806184	Message=Successful Network Logon: User Name: Domain: Logon ID: (0x0,0x1100401) Logon Type: 3 Logon Process: NtLmSsp Authentication Package: NTLM Workstation Name: COMP-testuser-49 Logon GUID: - Caller User Name: - Caller Domain: - Caller Logon ID: - Caller Process ID: - Transited Services: - Source Network Address: 193.23.191.244 Source Port: 0
<129>May 26 09:43:05 barracuda.firewall.ibm.lab WF ALER CROSS_SITE_SCRIPTING_IN_PARAM 15.83.16.235 58700 223.113.41.182 443 security-policy GLOBAL DENY NONE [type="cross-site-scripting" pattern="script-tag" token="<script>" Parameter="url" value="<script>alert(5341)</script>"] GET 223.113.41.182/redirect.asp?url=<script>alert(5341)</script> HTTPS "-" ""-"" 223.113.41.182 59845 "-" "-"
<13>May 26 09:43:07 microsoft.sec.ibm.lab AgentDevice=WindowsLog	AgentLogFile=Security	Source=Security	Computer=COMP-testuser-39	User=testuser-39	Domain=	EventID=576	EventIDCode=576	EventType=8	EventCategory=2	RecordNumber=731578	TimeGenerated=1495806187	TimeWritten=1495806187	Message=Special privileges assigned to new logon: User Name: testuser-39 Domain: us.ibm.com Logon ID: (0x0,0x1098304) Privileges: SeSecurityPrivilege SeBackupPrivilege SeRestorePrivilege SeTakeOwnershipPrivilege SeDebugPrivilege SeSystemEnvironmentPrivilege SeLoadDriverPrivilege SeImpersonatePrivilege
<182>May 26 09:43:08 apache.httpd.ibm.lab httpd: 189.6.147.68 141.46.36.49 - - [26/May/2017:09:43:08 -0500] "HEAD / HTTP/1.1" 200 443 -
<182>May 26 09:43:10 apache.httpd.ibm.lab httpd: 125.83.117.185 78.214.166.161 - - [26/May/2017:09:43:10 -0500] "HEAD / HTTP/1.1" 200 443 -
<28>May 26 09:43:12 Message forwarded from aix.ibm.lab: rshd[random_number_1_to_999999]: Failed rsh authentication from 122.128.25.69 for local user root via remote user testuser-30
<133>May 26 09:43:13 microsoft.event.ibm.lab MSWinEventLog 1 Security 102757633 Fri May 26 09:43:13 2017 4907 Microsoft-Windows-Security-Auditing N/A N/A Success Audit testuser-94 Audit Policy Change Auditing settings on object were changed. Subject: Security ID: S-1-5-18 Account Name: testuser-94 Account Domain: us.ibm.com Logon ID: 0x1100401 Object: Object Server: Security Object Type: File Object Name: \Windows\winsxs\test.wav Handle ID: 0x3a8 Process Information: Process ID: 0x21D939 Process Name: C:\Windows\System32\wbengine.exe Auditing Settings: Original Security Descriptor: S:AI(AU;A;;WD) New Security Descriptor: S:ARAI(AU;SAFA;;;;WD)(AU;IDFA;B;;;WD) 239864
<26>May 26 09:43:15 ambiron.ipangel.ibm.lab ipangel-ips: [2017-05-26 09:43:15-05] alert [Priority: 9] [119:14:1] [(http_inspect) NON-RFC DEFINED CHAR] 64.87.88.123:53525 TCP 117.207.20.130:80 br0
<33>May 26 09:43:16 threecom.switch.ibm.lab %May 26 09:43:16 2017 S9500 AAA/2/Serious error!: User testuser-99, in ACM send msg to SC failed! Returns 1 srcID 6 msgType 16384.
<182>May 26 09:43:18 apache.httpd.ibm.lab httpd: 212.2.111.4 62.233.32.233 - - [26/May/2017:09:43:18 -0500] "GET /<script>alert(53416)</script> HTTP/1.1" 404 443 320
<189>May 26 09:43:19 ['9.9.9.9'] authmgr[504]: <NOTI> login <00:1c:bf:ca:2b:98  179.174.48.208 testuser-97>method=802.1x, server=TEST001, role=Authenticated Update(status 0 method 0 role 16), reauth=1800 sec
<189>May 26 09:43:21 ['9.9.9.9'] authmgr[504]: <NOTI> login <00:1c:bf:ca:2b:98  33.195.94.29 rogueUser-1>method=802.1x, server=TEST001, role=Authenticated Update(status 0 method 0 role 16), reauth=1800 sec
<182>May 26 09:43:22 apache.httpd.ibm.lab httpd: 125.83.117.185 71.72.35.231 - - [26/May/2017:09:43:22 -0500] "POST /test.php?doing_test=123 HTTP/1.0" 404 80 282
<86>May 26 09:43:24 apple.macosx.ibm.lab sshd[5590]: Failed password for invalid user testuser-19 from 79.186.10.120 port 58915 ssh2
<33>May 26 09:43:26 threecom.switch.ibm.lab %May 26 09:43:26 2017 S9500 RTA/3/Failed to start accounting: Failed to start traffic accounting for user 51.18.44.104 on board 6
<27>May 26 09:43:27 ambiron.ipangel.ibm.lab ipangel-ips: [2017-05-26 09:43:27-05] alert [Priority: 9] [119:2:1] [(http_inspect) DOUBLE DECODING ATTACK] 128.234.158.118:54454 TCP 104.44.167.16:80 br0
<54>May 26 09:43:29 SymantecServer symantec.endpoint.ibm.lab: Commercial application detected,Computer name: COMP-986049,Detection type: Commercial,Application name: DameWare Development DWRCS,Application type: Remote Control,Application version: 5\~ 5\~ 0\~ 0,Hash type: SHA-1,Application hash: 4670d9eeeab7449788be3b18e9364ef0088b900e,Company name: DameWare Development LLC,File size (bytes): 208896,Sensitivity: 0,Detection score: 1,Submission recommendation: 0,Permitted application reason: 0,Source: Heuristic Scan,Risk name:  ,Occurrences: 1,DWMRCS,"DWMRCS",Actual action: Left alone,Requested action: Left alone,Secondary action: Commercial application detection,Event time: 2017-05-26 09:43:29,Inserted: 2017-05-26 09:43:29,End: 2017-05-26 09:43:29,Domain: Default,Group: My Company	est,Server: testbox,User: testuser-5,Source computer:  ,Source IP: 0.0.0.0
<13>May 26 09:43:30 checkpoint.firewall.ibm.lab 26May2017 reject checkpoint.firewall.ibm.lab product: VPN-1 & FireWall-1; src: 136.38.97.190; s_port: 52374; dst: 59.73.5.99; service: 113; proto: tcp; rule: 14;SmartDefense profile: Default_Protection;__policy_id_tag: product=VPN-1 & FireWall-1[db_tag={25E5B8F6-79E7-11DD-941A-C0A832D00C0C};mgmt=fwmngt-wuv;date=1220466957;policy_name=rhino_gbl];has_accounting: 0;i/f_dir: inbound;i/f_name: eth-s2/s1p1c0;rule_uid: {9C96B325-D976-4A30-8685-9ED61018A6E7};service_id: gident;
<27>May 26 09:43:32 ambiron.ipangel.ibm.lab ipangel-ips: [2017-05-26 09:43:32-05] alert [Priority: 9] [119:2:1] [(http_inspect) DOUBLE DECODING ATTACK] 218.111.178.29:49739 TCP 208.176.143.219:80 br0
<54>May 26 09:43:33 SymantecServer symantec.endpoint.ibm.lab: Potential risk found,Computer name: COMP-1117249,Detection type: Heuristic,Application name: (Unknown),Application type: Trojan Worm,Application version: ,Hash type: SHA-1,Application hash: 72c874f212a18944ff56f774bfe7252346b93f8e,Company name: ,File size (bytes): 301568,Sensitivity: 0,Detection score: 40,Submission recommendation:1,Permitted application reason: 0,Source: Heuristic Scan,Risk name: ,Occurrences: 1,c:\claims\claims32.exe,"",Actual action: Left alone,Requested action: Left alone,Secondary action: Left alone,Event time: 2017-05-26 09:43:33,Inserted:2017-05-26 09:43:33,End:  2017-05-26 09:43:33,Domain: Default,Group: My Company\LTC\Desktops,Server: crasesssmc01,User: rogueUser-3,Source computer: ,Source IP: 0.0.0.0
<26>May 26 09:43:35 ambiron.ipangel.ibm.lab ipangel-ips: [2017-05-26 09:43:35-05] alert [Priority: 9] [119:14:1] [(http_inspect) NON-RFC DEFINED CHAR] 213.39.172.85:54694 TCP 125.169.43.150:80 br0
<182>May 26 09:43:37 apache.httpd.ibm.lab httpd: 137.38.197.140 124.182.75.105 - - [26/May/2017:09:43:37 -0500] "GET /<script>alert(53416)</script> HTTP/1.1" 404 443 320
<187>May 26 09:43:38 ['9.9.9.9'] httpd[16986]: [error] [client 179.174.48.208] Invalid URI in request \xf7vMKp`ET&\xa4\x9c\xc9\xec\xd1\xd8j\r\xce\xd9\xd4\xb3\c7
<13>May 26 09:43:40 microsoft.sec.ibm.lab AgentDevice=WindowsLog	AgentLogFile=Security	Source=Security	Computer=COMP-rogueUser-1	User=rogueUser-1	Domain=	EventID=529	EventIDCode=529	EventType=16	EventCategory=2	RecordNumber=718399	TimeGenerated=1495806220	TimeWritten=1495806220	Message=Successful Network Logon: User Name: Domain: Logon ID: (0x0,0x1113025) Logon Type: 3 Logon Process: NtLmSsp Authentication Package: NTLM Workstation Name: COMP-rogueUser-1 Logon GUID: - Caller User Name: - Caller Domain: - Caller Logon ID: - Caller Process ID: - Transited Services: - Source Network Address: 87.30.171.221 Source Port: 0
<129>May 26 09:43:41 barracuda.firewall.ibm.lab WF ALER SLASH_DOT_IN_URL 83.87.204.105 50280 19.148.183.243 443 security-policy GLOBAL DENY NONE ["-"] GET 19.148.183.243/themes/default/css/.htaccess HTTPS "-" ""-"" 19.148.183.243 44428 "-" "-"
<86>May 26 09:43:43 apple.macosx.ibm.lab sshd[5590]: Failed password for invalid user testuser-11 from 37.234.252.170 port 53554 ssh2
<33>May 26 09:43:44 threecom.switch.ibm.lab %May 26 09:43:44 2017 S9500 FTPS/5/USEROUT: User testuser-15(201.150.192.18) logged out
<33>May 26 09:43:46 threecom.switch.ibm.lab %May 26 09:43:46 2017 S9500 FTPS/5/USEROUT: User testuser-61(56.219.18.103) logged out
<33>May 26 09:43:48 threecom.switch.ibm.lab %May 26 09:43:48 2017 S9500 PORTAL/5/PT_LOG: Online user 129.171.84.29 changes to 37.76.130.2, we will cut it off as using traffic-acct.
<33>May 26 09:43:49 threecom.switch.ibm.lab %May 26 09:43:49 2017 S9500 FTPS/5/USEROUT: User rogueUser-3(20.135.51.253) logged out
<133>May 26 09:43:51 microsoft.event.ibm.lab MSWinEventLog 1 Security 102757633 Fri May 26 09:43:51 2017 4907 Microsoft-Windows-Security-Auditing N/A N/A Success Audit testuser-75 Audit Policy Change Auditing settings on object were changed. Subject: Security ID: S-1-5-18 Account Name: testuser-75 Account Domain: us.ibm.com Logon ID: 0x1098304 Object: Object Server: Security Object Type: File Object Name: \Windows\winsxs\test.wav Handle ID: 0x3a8 Process Information: Process ID: 0x90BE87 Process Name: C:\Windows\System32\wbengine.exe Auditing Settings: Original Security Descriptor: S:AI(AU;A;;WD) New Security Descriptor: S:ARAI(AU;SAFA;;;;WD)(AU;IDFA;B;;;WD) 108174
<54>May 26 09:43:52 SymantecServer symantec.endpoint.ibm.lab: Security risk found,Computer name: COMP-978121,Source: Scheduled Scan,Risk name: VirusDoctor,Occurrences: 1,c:/System Volume Information/_restore{A3F5C2A3-F289-4356-B021-1FEFEFB73CBD}/RP243/A0070465.exe,"",Actual action: Quarantined,Requested action: Quarantined,Secondary action: Left alone,Event time: 2017-05-26 09:43:52,Inserted:2017-05-26 09:43:52,End: 2017-05-26 09:43:52,Domain: Default,Group: My Company	est,Server: avp1,User: testuser-1,Source computer:  ,Source IP: 0.0.0.0
<157>May 26 09:43:54 microsoft.event.ibm.lab MSWinEventLog	4	Security	60703	Fri May 26 09:43:54 2017	552	Security	NETWORK SERVICE	Well Known Group	Success Audit	testuser-89	Logon/Logoff		Logon attempt using explicit credentials: Logged on user:  User Name: NETWORK SERVICE  Domain: NT AUTHORITY  Logon ID: (0x0,0x1108809)  Logon GUID: -  User whose credentials were used:  Target User Name: testuser-89  Target Domain: us.ibm.com Target Logon GUID: -  Target Server Name: localhost  Target Server Info: localhost  Caller Process ID: 408321  Source Network Address: -  Source Port: - 	56794
<25>May 26 09:43:55 apple.macosx.ibm.lab DirectoryService[51]: Failed Authentication return is being delayed due to over five recent auth failures for username: testuser-49.
<54>May 26 09:43:57 SymantecServer symantec.endpoint.ibm.lab: CNC2PSY9D1,Allowed,Sysfer exception: .\RegParamEngine.cpp 1152 Failed to read value DeviceInstance from key \Registry\Machine\SYSTEM\CurrentControlSet\Control\DeviceClasses\{53f56307-b6bf-11d0-94f2-00a0c91efb8b}\##?#IDE#DiskWDC_WD800JD-75MSA3______________________10.01E04#5&,Sysfer exception,Begin: 2017-05-26 09:43:57,End: 2017-05-26 09:43:57,Rule: Sysfer exception,3592,C:/Program Files/Cisco Systems/CSAgent/bin/okclient.exe,0,,,User: rogueUser-5,Domain: US
<157>May 26 09:43:58 microsoft.event.ibm.lab MSWinEventLog	4	Security	60703	Fri May 26 09:43:58 2017	552	Security	NETWORK SERVICE	Well Known Group	Success Audit	rogueUser-3	Logon/Logoff		Logon attempt using explicit credentials: Logged on user:  User Name: NETWORK SERVICE  Domain: NT AUTHORITY  Logon ID: (0x0,0x1117249)  Logon GUID: -  User whose credentials were used:  Target User Name: rogueUser-3  Target Domain: us.ibm.com Target Logon GUID: -  Target Server Name: localhost  Target Server Info: localhost  Caller Process ID: 711743  Source Network Address: -  Source Port: - 	56794
<157>May 26 09:44:00 microsoft.event.ibm.lab MSWinEventLog	4	Security	60703	Fri May 26 09:44:00 2017	552	Security	NETWORK SERVICE	Well Known Group	Success Audit	testuser-64	Logon/Logoff		Logon attempt using explicit credentials: Logged on user:  User Name: NETWORK SERVICE  Domain: NT AUTHORITY  Logon ID: (0x0,0x1094116)  Logon GUID: -  User whose credentials were used:  Target User Name: testuser-64  Target Domain: us.ibm.com Target Logon GUID: -  Target Server Name: localhost  Target Server Info: localhost  Caller Process ID: 693675  Source Network Address: -  Source Port: - 	56794
<13>May 26 09:44:02 checkpoint.firewall.ibm.lab 26May2017  checkpoint.firewall.ibm.lab product: SmartDefense; src: 165.11.95.213; s_port: ; dst: 87.164.232.207; service: ; proto: icmp; rule: ;Attack Info: Echo request too big;Suppressed logs: 1;Total logs: 2;__policy_id_tag: product=VPN-1 & FireWall-1[db_tag={B5A7057E-7F61-11DD-AA43-C0A832D12424};mgmt=fwmngt-zentral;date=1221069352;policy_name=Spider_gbl];alert: alert;attack: Large ping;has_accounting: 0;i/f_dir: inbound;
<182>May 26 09:44:03 apache.httpd.ibm.lab httpd: 136.38.97.190 94.233.123.107 - - [26/May/2017:09:44:03 -0500] "GET /../../../../../../../../../../../ HTTP/1.1" 400 443 307
<13>May 26 09:44:05 microsoft.sec.ibm.lab AgentDevice=WindowsLog	AgentLogFile=Security	Source=Security	Computer=COMP-testuser-4	User=testuser-4	Domain=	EventID=672	EventIDCode=672	EventType=8	EventCategory=9	RecordNumber=537207	TimeGenerated=1495806245	TimeWritten=1495806245	Message=Authentication Ticket Request: User Name: testuser-4 Supplied Realm Name: us.ibm.com User ID: %{S-1-2-3-984064} Service Name: krbtgt Service ID: %{S-3-2-1-B8D15C} Ticket Options: 0x40810010 Result Code: - Ticket Encryption Type: 0x17 Pre-Authentication Type: 2 Client Address: 189.6.147.68 Certificate Issuer Name:  Certificate Serial Number:  Certificate Thumbprint: 
<133>May 26 09:44:06 microsoft.event.ibm.lab MSWinEventLog 1 Security 102757633 Fri May 26 09:44:06 2017 4907 Microsoft-Windows-Security-Auditing N/A N/A Success Audit testuser-95 Audit Policy Change Auditing settings on object were changed. Subject: Security ID: S-1-5-18 Account Name: testuser-95 Account Domain: us.ibm.com Logon ID: 0x1102500 Object: Object Server: Security Object Type: File Object Name: \Windows\winsxs\test.wav Handle ID: 0x3a8 Process Information: Process ID: 0x8689DC Process Name: C:\Windows\System32\wbengine.exe Auditing Settings: Original Security Descriptor: S:AI(AU;A;;WD) New Security Descriptor: S:ARAI(AU;SAFA;;;;WD)(AU;IDFA;B;;;WD) 423596
<133>May 26 09:44:08 microsoft.event.ibm.lab MSWinEventLog 1 Security 102757633 Fri May 26 09:44:08 2017 4907 Microsoft-Windows-Security-Auditing N/A N/A Success Audit testuser-97 Audit Policy Change Auditing settings on object were changed. Subject: Security ID: S-1-5-18 Account Name: testuser-97 Account Domain: us.ibm.com Logon ID: 0x1106704 Object: Object Server: Security Object Type: File Object Name: \Windows\winsxs\test.wav Handle ID: 0x3a8 Process Information: Process ID: 0x3CA76A Process Name: C:\Windows\System32\wbengine.exe Auditing Settings: Original Security Descriptor: S:AI(AU;A;;WD) New Security Descriptor: S:ARAI(AU;SAFA;;;;WD)(AU;IDFA;B;;;WD) 860358
<189>May 26 09:44:09 ['9.9.9.9'] authmgr[504]: <NOTI> login <00:1c:bf:ca:2b:98  132.146.155.198 testuser-11>method=802.1x, server=TEST001, role=Authenticated Update(status 0 method 0 role 16), reauth=1800 sec
<38>May 26 09:44:11 sshd[38580]: Address 202.207.224.25 maps to test.ibm.com, but this does not map back to the address - POSSIBLE BREAK-IN ATTEMPT!
<13>May 26 09:44:13 microsoft.sec.ibm.lab AgentDevice=WindowsLog	AgentLogFile=Security	Source=Security	Computer=COMP-rogueUser-3	User=rogueUser-3	Domain=	EventID=540	EventIDCode=540	EventType=8	EventCategory=2	RecordNumber=868200	TimeGenerated=1495806253	TimeWritten=1495806253	Message=Successful Network Logon: User Name: Domain: Logon ID: (0x0,0x1117249) Logon Type: 3 Logon Process: NtLmSsp Authentication Package: NTLM Workstation Name: COMP-rogueUser-3 Logon GUID: - Caller User Name: - Caller Domain: - Caller Logon ID: - Caller Process ID: - Transited Services: - Source Network Address: 20.135.51.253 Source Port: 0
<86>May 26 09:44:14 apple.macosx.ibm.lab sshd[5590]: Failed password for invalid user testuser-76 from 120.171.20.155 port 64918 ssh2
<157>May 26 09:44:16 microsoft.event.ibm.lab MSWinEventLog	4	Security	60703	Fri May 26 09:44:16 2017	552	Security	NETWORK SERVICE	Well Known Group	Success Audit	testuser-9	Logon/Logoff		Logon attempt using explicit credentials: Logged on user:  User Name: NETWORK SERVICE  Domain: NT AUTHORITY  Logon ID: (0x0,0x994009)  Logon GUID: -  User whose credentials were used:  Target User Name: testuser-9  Target Domain: us.ibm.com Target Logon GUID: -  Target Server Name: localhost  Target Server Info: localhost  Caller Process ID: 572327  Source Network Address: -  Source Port: - 	56794
<129>May 26 09:44:17 barracuda.firewall.ibm.lab WF ALER CROSS_SITE_SCRIPTING_IN_PARAM 136.38.97.190 62126 20.220.140.239 443 security-policy GLOBAL DENY NONE [type="cross-site-scripting" pattern="script-tag" token="<script>" Parameter="url" value="<script>alert(5341)</script>"] GET 20.220.140.239/redirect.asp?url=<script>alert(5341)</script> HTTPS "-" ""-"" 20.220.140.239 59845 "-" "-"
<182>May 26 09:44:19 apache.httpd.ibm.lab httpd: 79.186.10.120 14.42.103.132 - - [26/May/2017:09:44:19 -0500] "OPTIONS /cgi-bin/index.php HTTP/1.1" 200 443 -
<38>May 26 09:44:20 syslog: ssh: failed login attempt for rogueUser-3 from 20.135.51.253
<13>May 26 09:44:22 microsoft.sec.ibm.lab AgentDevice=WindowsLog	AgentLogFile=Security	Source=Security	Computer=COMP-rogueUser-4	User=rogueUser-4	Domain=	EventID=529	EventIDCode=529	EventType=16	EventCategory=2	RecordNumber=851098	TimeGenerated=1495806262	TimeWritten=1495806262	Message=Successful Network Logon: User Name: Domain: Logon ID: (0x0,0x1119364) Logon Type: 3 Logon Process: NtLmSsp Authentication Package: NTLM Workstation Name: COMP-rogueUser-4 Logon GUID: - Caller User Name: - Caller Domain: - Caller Logon ID: - Caller Process ID: - Transited Services: - Source Network Address: 128.234.158.118 Source Port: 0
<133>May 26 09:44:24 microsoft.event.ibm.lab MSWinEventLog 1 Security 102757633 Fri May 26 09:44:24 2017 4907 Microsoft-Windows-Security-Auditing N/A N/A Success Audit testuser-13 Audit Policy Change Auditing settings on object were changed. Subject: Security ID: S-1-5-18 Account Name: testuser-13 Account Domain: us.ibm.com Logon ID: 0x1081600 Object: Object Server: Security Object Type: File Object Name: \Windows\winsxs\test.wav Handle ID: 0x3a8 Process Information: Process ID: 0x906378 Process Name: C:\Windows\System32\wbengine.exe Auditing Settings: Original Security Descriptor: S:AI(AU;A;;WD) New Security Descriptor: S:ARAI(AU;SAFA;;;;WD)(AU;IDFA;B;;;WD) 282340
<54>May 26 09:44:25 SymantecServer symantec.endpoint.ibm.lab: CNC2PSY9D1,Allowed,Sysfer exception: .\RegParamEngine.cpp 1152 Failed to read value DeviceInstance from key \Registry\Machine\SYSTEM\CurrentControlSet\Control\DeviceClasses\{53f56307-b6bf-11d0-94f2-00a0c91efb8b}\##?#IDE#DiskWDC_WD800JD-75MSA3______________________10.01E04#5&,Sysfer exception,Begin: 2017-05-26 09:44:25,End: 2017-05-26 09:44:25,Rule: Sysfer exception,3592,C:/Program Files/Cisco Systems/CSAgent/bin/okclient.exe,0,,,User: testuser-100,Domain: US
<33>May 26 09:44:27 threecom.switch.ibm.lab %May 26 09:44:27 2017 S9500 AAA/2/Serious error!: User testuser-35, in ACM send msg to SC failed! Returns 1 srcID 6 msgType 16384.
<86>May 26 09:44:28 apple.macosx.ibm.lab com.apple.SecurityServer: uid 88873 succeeded authenticating as user admin (uid 501) for right system.install.root.user.
<50>May 26 09:44:30 SymantecServer symantec.endpoint.ibm.lab: testbox-xyz,[SID: 70025] Web Attack: Blackhole Exploit Toolkit 2 attack blocked. Traffic has been blocked for this application: C:\Program Files\Internet Explorer\iexplore.exe,Local: 0.0.0.0,Local: 000000000000,Remote: ,Remote: 0.0.0.0,Remote: 000000000000,Inbound,OTHERS,,Begin: 2017-05-26 09:44:30,End: 2017-05-26 09:44:30,Occurrences: 1,Application: C:/Program Files/Internet Explorer/iexplore.exe,Location: Default,User: testuser-12,Domain: SIMON,!ExternalLoggingTask.localport! 0,!ExternalLoggingTask.remoteport! 0,!ExternalLoggingTask.cidssignid! 70025,!ExternalLoggingTask.strcidssignid! Web Attack: Blackhole Exploit Toolkit 2,!ExternalLoggingTask.cidssignsubid! 0,!ExternalLoggingTask.intrusionurl! http://pppptttt.blah.net/links/came_broadcasting_taking-various.php,!ExternalLoggingTask.intrusionpayloadurl!
<190>May 26 09:44:31 arbor.pravail.ibm.lab pravail-aps: Blocked Host: Blocked host 212.2.111.4 at 10:52 by Invalid Packets using TCP/0 (Unknown) destination 186.47.24.16,URL: https://arbornetworks.pravail.test.com/chaos/
<157>May 26 09:44:33 microsoft.event.ibm.lab MSWinEventLog	4	Security	60703	Fri May 26 09:44:33 2017	552	Security	NETWORK SERVICE	Well Known Group	Success Audit	testuser-39	Logon/Logoff		Logon attempt using explicit credentials: Logged on user:  User Name: NETWORK SERVICE  Domain: NT AUTHORITY  Logon ID: (0x0,0x1098304)  Logon GUID: -  User whose credentials were used:  Target User Name: testuser-39  Target Domain: us.ibm.com Target Logon GUID: -  Target Server Name: localhost  Target Server Info: localhost  Caller Process ID: 649046  Source Network Address: -  Source Port: - 	56794
<189>May 26 09:44:34 ['9.9.9.9'] authmgr[504]: <NOTI> login <00:1c:bf:ca:2b:98  120.171.20.155 testuser-94>method=802.1x, server=TEST001, role=Authenticated Update(status 0 method 0 role 16), reauth=1800 sec
<26>May 26 09:44:36 ambiron.ipangel.ibm.lab ipangel-ips: [2017-05-26 09:44:36-05] alert [Priority: 9] [119:14:1] [(http_inspect) NON-RFC DEFINED CHAR] 120.171.20.155:62683 TCP 145.84.222.102:80 br0
<129>May 26 09:44:38 barracuda.firewall.ibm.lab WF ALER CROSS_SITE_SCRIPTING_IN_PARAM 132.146.155.198 57873 12.162.84.201 443 security-policy GLOBAL DENY NONE [type="cross-site-scripting" pattern="script-tag" token="<script>" Parameter="url" value="<script>alert(5341)</script>"] GET 12.162.84.201/redirect.asp?url=<script>alert(5341)</script> HTTPS "-" ""-"" 12.162.84.201 59845 "-" "-"
<189>May 26 09:44:39 ['9.9.9.9'] authmgr[504]: <NOTI> login <00:1c:bf:ca:2b:98  30.90.182.58 testuser-39>method=802.1x, server=TEST001, role=Authenticated Update(status 0 method 0 role 16), reauth=1800 sec
<38>May 26 09:44:41 sshd[142675]: Failed password for invalid user testuser-77 from 212.2.111.4 port 60926 ssh2
<182>May 26 09:44:42 apache.httpd.ibm.lab httpd: 125.83.117.185 180.166.68.159 - - [26/May/2017:09:44:42 -0500] "TRACE / HTTP/1.0" 403 443 272
<33>May 26 09:44:44 threecom.switch.ibm.lab %May 26 09:44:44 2017 S9500 RTA/3/Failed to get user traffic: Failed to get traffic of user 154.102.244.170 on board 6
<83>May 26 09:44:45 apple.macosx.ibm.lab sshd[5590]: error: PAM: Authentication failure for illegal user testuser-50 from 13.46.106.89<190>May 26 09:44:47 arbor.pravail.ibm.lab pravail-aps: Blocked Host: Blocked host 165.11.95.213 10:53 by TCP Connection Reset using TCP/61493 (Unknown) destination 139.236.138.251 source port 443,URL: https://arbornetworks.pravail.test.com/chaos/
<157>May 26 09:44:49 microsoft.event.ibm.lab MSWinEventLog	4	Security	60703	Fri May 26 09:44:49 2017	552	Security	NETWORK SERVICE	Well Known Group	Success Audit	testuser-8	Logon/Logoff		Logon attempt using explicit credentials: Logged on user:  User Name: NETWORK SERVICE  Domain: NT AUTHORITY  Logon ID: (0x0,0x992016)  Logon GUID: -  User whose credentials were used:  Target User Name: testuser-8  Target Domain: us.ibm.com Target Logon GUID: -  Target Server Name: localhost  Target Server Info: localhost  Caller Process ID: 506062  Source Network Address: -  Source Port: - 	56794
<27>May 26 09:44:50 ambiron.ipangel.ibm.lab ipangel-ips: [2017-05-26 09:44:50-05] alert [Priority: 9] [119:2:1] [(http_inspect) DOUBLE DECODING ATTACK] 218.111.178.29:52335 TCP 138.228.34.142:80 br0
<13>May 26 09:44:52 microsoft.sec.ibm.lab AgentDevice=WindowsLog	AgentLogFile=Security	Source=Security	Computer=COMP-testuser-29	User=testuser-29	Domain=	EventID=540	EventIDCode=540	EventType=8	EventCategory=2	RecordNumber=426347	TimeGenerated=1495806292	TimeWritten=1495806292	Message=Successful Network Logon: User Name: Domain: Logon ID: (0x0,0x1096209) Logon Type: 3 Logon Process: NtLmSsp Authentication Package: NTLM Workstation Name: COMP-testuser-29 Logon GUID: - Caller User Name: - Caller Domain: - Caller Logon ID: - Caller Process ID: - Transited Services: - Source Network Address: 165.11.95.213 Source Port: 0
<13>May 26 09:44:53 checkpoint.firewall.ibm.lab 26May2017  checkpoint.firewall.ibm.lab product: SmartDefense; src: 218.111.178.29; s_port: ; dst: 74.233.158.13; service: ; proto: icmp; rule: ;Attack Info: Echo request too big;Suppressed logs: 1;Total logs: 2;__policy_id_tag: product=VPN-1 & FireWall-1[db_tag={B5A7057E-7F61-11DD-AA43-C0A832D12424};mgmt=fwmngt-zentral;date=1221069352;policy_name=Spider_gbl];alert: alert;attack: Large ping;has_accounting: 0;i/f_dir: inbound;
<187>May 26 09:44:55 ['9.9.9.9'] httpd[16986]: [error] [client 33.195.94.29] Invalid URI in request \xf7vMKp`ET&\xa4\x9c\xc9\xec\xd1\xd8j\r\xce\xd9\xd4\xb3\c7
<13>May 26 09:44:56 microsoft.sec.ibm.lab AgentDevice=WindowsLog	AgentLogFile=Security	Source=Security	Computer=COMP-testuser-64	User=testuser-64	Domain=	EventID=576	EventIDCode=576	EventType=8	EventCategory=2	RecordNumber=243509	TimeGenerated=1495806296	TimeWritten=1495806296	Message=Special privileges assigned to new logon: User Name: testuser-64 Domain: us.ibm.com Logon ID: (0x0,0x1094116) Privileges: SeSecurityPrivilege SeBackupPrivilege SeRestorePrivilege SeTakeOwnershipPrivilege SeDebugPrivilege SeSystemEnvironmentPrivilege SeLoadDriverPrivilege SeImpersonatePrivilege
<83>May 26 09:44:58 apple.macosx.ibm.lab sshd[5590]: error: PAM: Authentication failure for illegal user testuser-61 from 34.32.216.167<13>May 26 09:45:00 microsoft.sec.ibm.lab AgentDevice=WindowsLog	AgentLogFile=Security	Source=Security	Computer=COMP-testuser-66	User=testuser-66	Domain=	EventID=540	EventIDCode=540	EventType=8	EventCategory=2	RecordNumber=284624	TimeGenerated=1495806300	TimeWritten=1495806300	Message=Successful Network Logon: User Name: Domain: Logon ID: (0x0,0x1098304) Logon Type: 3 Logon Process: NtLmSsp Authentication Package: NTLM Workstation Name: COMP-testuser-66 Logon GUID: - Caller User Name: - Caller Domain: - Caller Logon ID: - Caller Process ID: - Transited Services: - Source Network Address: 8.197.213.226 Source Port: 0
<86>May 26 09:45:01 apple.macosx.ibm.lab com.apple.SecurityServer: uid 93049 succeeded authenticating as user admin (uid 501) for right system.install.root.user.
<26>May 26 09:45:03 ambiron.ipangel.ibm.lab ipangel-ips: [2017-05-26 09:45:03-05] alert [Priority: 9] [119:14:1] [(http_inspect) NON-RFC DEFINED CHAR] 113.146.67.20:54567 TCP 193.181.50.167:80 br0
<133>May 26 09:45:04 microsoft.event.ibm.lab MSWinEventLog 1 Security 102757633 Fri May 26 09:45:04 2017 4907 Microsoft-Windows-Security-Auditing N/A N/A Success Audit testuser-28 Audit Policy Change Auditing settings on object were changed. Subject: Security ID: S-1-5-18 Account Name: testuser-28 Account Domain: us.ibm.com Logon ID: 0x1094116 Object: Object Server: Security Object Type: File Object Name: \Windows\winsxs\test.wav Handle ID: 0x3a8 Process Information: Process ID: 0x622FA1 Process Name: C:\Windows\System32\wbengine.exe Auditing Settings: Original Security Descriptor: S:AI(AU;A;;WD) New Security Descriptor: S:ARAI(AU;SAFA;;;;WD)(AU;IDFA;B;;;WD) 244265
<54>May 26 09:45:06 SymantecServer symantec.endpoint.ibm.lab: Security risk found,Computer name: COMP-1096209,Source: Scheduled Scan,Risk name: VirusDoctor,Occurrences: 1,c:/System Volume Information/_restore{A3F5C2A3-F289-4356-B021-1FEFEFB73CBD}/RP243/A0070465.exe,"",Actual action: Quarantined,Requested action: Quarantined,Secondary action: Left alone,Event time: 2017-05-26 09:45:06,Inserted:2017-05-26 09:45:06,End: 2017-05-26 09:45:06,Domain: Default,Group: My Company	est,Server: avp1,User: testuser-65,Source computer:  ,Source IP: 0.0.0.0
<190>May 26 09:45:07 arbor.pravail.ibm.lab pravail-aps: Blocked Host: Blocked host 120.171.20.155 at 10:53 by Malformed HTTP Filtering using TCP/80 (HTTP) destination 71.193.236.186 source port 56863,URL: https://arbornetworks.pravail.test.com/chaos/
<86>May 26 09:45:09 apple.macosx.ibm.lab sshd[5590]: Failed password for invalid user testuser-19 from 79.186.10.120 port 55613 ssh2
<133>May 26 09:45:10 microsoft.event.ibm.lab MSWinEventLog 1 Security 102757633 Fri May 26 09:45:10 2017 4907 Microsoft-Windows-Security-Auditing N/A N/A Success Audit testuser-58 Audit Policy Change Auditing settings on object were changed. Subject: Security ID: S-1-5-18 Account Name: testuser-58 Account Domain: us.ibm.com Logon ID: 0x1100401 Object: Object Server: Security Object Type: File Object Name: \Windows\winsxs\test.wav Handle ID: 0x3a8 Process Information: Process ID: 0x94CA7C Process Name: C:\Windows\System32\wbengine.exe Auditing Settings: Original Security Descriptor: S:AI(AU;A;;WD) New Security Descriptor: S:ARAI(AU;SAFA;;;;WD)(AU;IDFA;B;;;WD) 444788
<38>May 26 09:45:12 sshd[random_number_1_to_999999]: Accepted keyboard-interactive/pam for testuser-12 from 202.207.224.25 port 63226 ssh2
<34>May 26 09:45:12 Message forwarded from aix.ibm.lab: su: BAD SU from testuser-12 to root at /dev/pts/3
<86>May 26 09:45:14 apple.macosx.ibm.lab sshd[5590]: Failed password for invalid user testuser-64 from 79.186.10.120 port 56162 ssh2
<190>May 26 09:45:15 arbor.pravail.ibm.lab pravail-aps: Blocked Host: Blocked host 83.87.204.105 at 10:52 by Invalid Packets using TCP/0 (Unknown) destination 90.35.232.73,URL: https://arbornetworks.pravail.test.com/chaos/
<33>May 26 09:45:17 threecom.switch.ibm.lab %May 26 09:45:17 2017 S9500 PORTAL/5/PT_LOG: Online user 79.186.10.120 changes to 50.63.201.105, we will cut it off as using traffic-acct.
<129>May 26 09:45:18 barracuda.firewall.ibm.lab WF ALER SLASH_DOT_IN_URL 201.150.192.18 63124 98.200.242.103 443 security-policy GLOBAL DENY NONE ["-"] GET 98.200.242.103/themes/default/css/.htaccess HTTPS "-" ""-"" 98.200.242.103 44428 "-" "-"
<190>May 26 09:45:20 arbor.pravail.ibm.lab pravail-aps: Blocked Host: Blocked host 20.135.51.253 at 10:52 by Invalid Packets using TCP/0 (Unknown) destination 211.170.223.238,URL: https://arbornetworks.pravail.test.com/chaos/
<157>May 26 09:45:21 microsoft.event.ibm.lab MSWinEventLog	4	Security	60703	Fri May 26 09:45:21 2017	552	Security	NETWORK SERVICE	Well Known Group	Success Audit	testuser-39	Logon/Logoff		Logon attempt using explicit credentials: Logged on user:  User Name: NETWORK SERVICE  Domain: NT AUTHORITY  Logon ID: (0x0,0x1098304)  Logon GUID: -  User whose credentials were used:  Target User Name: testuser-39  Target Domain: us.ibm.com Target Logon GUID: -  Target Server Name: localhost  Target Server Info: localhost  Caller Process ID: 416227  Source Network Address: -  Source Port: - 	56794
<190>May 26 09:45:23 arbor.pravail.ibm.lab pravail-aps: Blocked Host: Blocked host 165.11.95.213 at 10:53 by Malformed HTTP Filtering using TCP/80 (HTTP) destination 53.49.96.115 source port 57272,URL: https://arbornetworks.pravail.test.com/chaos/
