<83>May 26 08:41:36 apple.macosx.ibm.lab com.apple.SecurityServer: authinternal failed to authenticate user testuser-77.
<25>May 26 08:41:38 ambiron.ipangel.ibm.lab ipangel-ips: [2017-05-26 08:41:38-05] alert [Priority: 9] [116:46:1] [(snort_decoder) WARNING: TCP Data Offset is less than 5!] 218.111.178.29:56844 TCP 37.137.202.24:80 br0
<54>May 26 08:41:39 SymantecServer symantec.endpoint.ibm.lab: testbox-abc,[SID: 21590] P2P Edonkey Ping Message detected.  Traffic has been allowed from this application: C:\Program Files\easyMule\emule.exe,Local: 218.111.178.29,Local: 00218696B978,Remote: ,Remote: 188.4.49.122,Remote: 000000000000,Outbound,OTHERS,Intrusion ID: 0,Begin: 2017-05-26 08:41:39,End: 2017-05-26 08:41:39,Occurrences: 1,Application: C:/Program Files/easyMule/emule.exe,Location: Default,User: testuser-90,Domain: us.ibm.com
<187>May 26 08:41:41 ['9.9.9.9'] httpd[16986]: [error] [client 212.2.111.4] Invalid URI in request \xf7vMKp`ET&\xa4\x9c\xc9\xec\xd1\xd8j\r\xce\xd9\xd4\xb3\c7
<187>May 26 08:41:42 ['9.9.9.9'] httpd[16986]: [error] [client 212.2.111.4] Invalid URI in request \xf7vMKp`ET&\xa4\x9c\xc9\xec\xd1\xd8j\r\xce\xd9\xd4\xb3\c7
<33>May 26 08:41:44 threecom.switch.ibm.lab %May 26 08:41:44 2017 S9500 RTA/3/Failed to get user traffic: Failed to get traffic of user 201.150.192.18 on board 6
<190>May 26 08:41:45 arbor.pravail.ibm.lab pravail-aps: Blocked Host: Blocked host 79.186.10.120 at 10:52 by Invalid Packets using TCP/0 (Unknown) destination 65.70.241.117,URL: https://arbornetworks.pravail.test.com/chaos/
<54>May 26 08:41:47 SymantecServer symantec.endpoint.ibm.lab: DCA-EMAPROJ2,Allowed,"C:\Program Files\Common Files\Symantec Shared\ccSvcHst.exe",,Begin: 2017-05-26 08:41:47,End:2017-05-26 08:41:47,Rule: ,2528,C:/Program Files/Microsoft Virtual Server/vmh.exe,0,,C:/ProgramFiles/Common Files/Symantec Shared/ccSvcHst.exe,User: testuser-96,Domain: US
<182>May 26 08:41:49 apache.httpd.ibm.lab httpd: 165.11.95.213 93.79.107.101 - - [26/May/2017:08:41:49 -0500] "GET /<script>alert(53416)</script> HTTP/1.1" 404 443 320
<33>May 26 08:41:50 threecom.switch.ibm.lab %May 26 08:41:50 2017 S9500 AAA/2/Serious error!: User testuser-45, in ACM send msg to SC failed! Returns 1 srcID 6 msgType 16384.
<13>May 26 08:41:52 checkpoint.firewall.ibm.lab 26May2017  checkpoint.firewall.ibm.lab product: SmartDefense; src: 218.111.178.29; s_port: ; dst: 9.241.125.80; service: ; proto: udp; rule: ;Attack Info: Out-of-state DNS reply;Suppressed logs: 143;Total logs: 144;__policy_id_tag: product=VPN-1 & FireWall-1[db_tag={321A4EE6-7DEA-11DD-BFAA-C0A832822626};mgmt=fwmngt05;date=1220908070;policy_name=KillerWhale_gbl];alert: alert;attack: Invalid DNS;has_accounting: 0;i/f_dir: inbound;
<13>May 26 08:41:53 microsoft.sec.ibm.lab AgentDevice=WindowsLog	AgentLogFile=Security	Source=Security	Computer=COMP-testuser-48	User=testuser-48	Domain=	EventID=540	EventIDCode=540	EventType=8	EventCategory=2	RecordNumber=202933	TimeGenerated=1495802513	TimeWritten=1495802513	Message=Successful Network Logon: User Name: Domain: Logon ID: (0x0,0x1098304) Logon Type: 3 Logon Process: NtLmSsp Authentication Package: NTLM Workstation Name: COMP-testuser-48 Logon GUID: - Caller User Name: - Caller Domain: - Caller Logon ID: - Caller Process ID: - Transited Services: - Source Network Address: 30.90.182.58 Source Port: 0
<13>May 26 08:41:55 checkpoint.firewall.ibm.lab 26May2017  checkpoint.firewall.ibm.lab product: SmartDefense; src: 201.150.192.18; s_port: ; dst: 133.127.20.139; service: ; proto: udp; rule: ;Attack Info: Out-of-state DNS reply;Suppressed logs: 143;Total logs: 144;__policy_id_tag: product=VPN-1 & FireWall-1[db_tag={321A4EE6-7DEA-11DD-BFAA-C0A832822626};mgmt=fwmngt05;date=1220908070;policy_name=KillerWhale_gbl];alert: alert;attack: Invalid DNS;has_accounting: 0;i/f_dir: inbound;
<39>May 26 08:41:56 Message forwarded from aix.ibm.lab: testuser-75 PAM: pam_authenticate: error Authentication failed
<33>May 26 08:41:58 threecom.switch.ibm.lab %May 26 08:41:58 2017 S9500 RTA/3/Failed to get user traffic: Failed to get traffic of user 30.90.182.58 on board 6
<157>May 26 08:42:00 microsoft.event.ibm.lab MSWinEventLog	4	Security	60703	Fri May 26 08:42:00 2017	552	Security	NETWORK SERVICE	Well Known Group	Success Audit	testuser-29	Logon/Logoff		Logon attempt using explicit credentials: Logged on user:  User Name: NETWORK SERVICE  Domain: NT AUTHORITY  Logon ID: (0x0,0x1096209)  Logon GUID: -  User whose credentials were used:  Target User Name: testuser-29  Target Domain: us.ibm.com Target Logon GUID: -  Target Server Name: localhost  Target Server Info: localhost  Caller Process ID: 676004  Source Network Address: -  Source Port: - 	56794
<13>May 26 08:42:01 microsoft.sec.ibm.lab AgentDevice=WindowsLog	AgentLogFile=Security	Source=Security	Computer=COMP-testuser-11	User=SYSTEM	Domain=	EventID=644	EventIDCode=644	EventType=8	EventCategory=7	RecordNumber=262225	TimeGenerated=1495802521	TimeWritten=1495802521	Message=User Account Locked Out: Target Account Name: testuser-11 Target Account ID: %{S-1-2-3-1077444} Caller Machine Name: COMP-CALLER01 Caller User Name: CALLER-01 Caller Domain: us.ibm.com Caller Logon ID: (0x0,0xBA5EBA11)
<86>May 26 08:42:03 apple.macosx.ibm.lab sshd[5590]: Failed password for invalid user testuser-3 from 183.236.82.205 port 60254 ssh2
<149>May 26 08:42:04 apple.macosx.ibm.lab sudo:    testuser-37 : TTY=ttyp1 ; PWD=/Users/admin ; USER=admin ;COMMAND=/bin/bash
<13>May 26 08:42:06 microsoft.sec.ibm.lab AgentDevice=WindowsLog	AgentLogFile=Security	Source=Security	Computer=COMP-testuser-95	User=testuser-95	Domain=	EventID=680	EventIDCode=680	EventType=8	EventCategory=9	RecordNumber=270572	TimeGenerated=1495802526	TimeWritten=1495802526	Message=Logon attempt by: MICROSOFT_AUTHENTICATION_PACKAGE_V1_0 Logon account: testuser-95 Source Workstation: COMP-testuser-95 Error Code: 0x0 
<50>May 26 08:42:07 SymantecServer symantec.endpoint.ibm.lab: testbox-xyz,[SID: 70025] Web Attack: Blackhole Exploit Toolkit 2 attack blocked. Traffic has been blocked for this application: C:\Program Files\Internet Explorer\iexplore.exe,Local: 0.0.0.0,Local: 000000000000,Remote: ,Remote: 0.0.0.0,Remote: 000000000000,Inbound,OTHERS,,Begin: 2017-05-26 08:42:07,End: 2017-05-26 08:42:07,Occurrences: 1,Application: C:/Program Files/Internet Explorer/iexplore.exe,Location: Default,User: testuser-31,Domain: SIMON,!ExternalLoggingTask.localport! 0,!ExternalLoggingTask.remoteport! 0,!ExternalLoggingTask.cidssignid! 70025,!ExternalLoggingTask.strcidssignid! Web Attack: Blackhole Exploit Toolkit 2,!ExternalLoggingTask.cidssignsubid! 0,!ExternalLoggingTask.intrusionurl! http://pppptttt.blah.net/links/came_broadcasting_taking-various.php,!ExternalLoggingTask.intrusionpayloadurl!
<129>May 26 08:42:09 barracuda.firewall.ibm.lab WF ALER CROSS_SITE_SCRIPTING_IN_PARAM 44.111.228.125 60312 78.162.164.254 443 security-policy GLOBAL DENY NONE [type="cross-site-scripting" pattern="script-tag" token="<script>" Parameter="url" value="<script>alert(5341)</script>"] GET 78.162.164.254/redirect.asp?url=<script>alert(5341)</script> HTTPS "-" ""-"" 78.162.164.254 59845 "-" "-"
<13>May 26 08:42:10 microsoft.sec.ibm.lab AgentDevice=WindowsLog	AgentLogFile=Security	Source=Security	Computer=COMP-testuser-48	User=testuser-48	Domain=	EventID=680	EventIDCode=680	EventType=8	EventCategory=9	RecordNumber=217387	TimeGenerated=1495802530	TimeWritten=1495802530	Message=Logon attempt by: MICROSOFT_AUTHENTICATION_PACKAGE_V1_0 Logon account: testuser-48 Source Workstation: COMP-testuser-48 Error Code: 0x0 
<50>May 26 08:42:12 SymantecServer symantec.endpoint.ibm.lab: testbox-xyz,[SID: 70025] Web Attack: Blackhole Exploit Toolkit 2 attack blocked. Traffic has been blocked for this application: C:\Program Files\Internet Explorer\iexplore.exe,Local: 0.0.0.0,Local: 000000000000,Remote: ,Remote: 0.0.0.0,Remote: 000000000000,Inbound,OTHERS,,Begin: 2017-05-26 08:42:12,End: 2017-05-26 08:42:12,Occurrences: 1,Application: C:/Program Files/Internet Explorer/iexplore.exe,Location: Default,User: testuser-55,Domain: SIMON,!ExternalLoggingTask.localport! 0,!ExternalLoggingTask.remoteport! 0,!ExternalLoggingTask.cidssignid! 70025,!ExternalLoggingTask.strcidssignid! Web Attack: Blackhole Exploit Toolkit 2,!ExternalLoggingTask.cidssignsubid! 0,!ExternalLoggingTask.intrusionurl! http://pppptttt.blah.net/links/came_broadcasting_taking-various.php,!ExternalLoggingTask.intrusionpayloadurl!
<26>May 26 08:42:14 ambiron.ipangel.ibm.lab ipangel-ips: [2017-05-26 08:42:14-05] alert [Priority: 9] [119:14:1] [(http_inspect) NON-RFC DEFINED CHAR] 79.186.10.120:50650 TCP 63.94.125.34:80 br0
<157>May 26 08:42:15 microsoft.event.ibm.lab MSWinEventLog	4	Security	60703	Fri May 26 08:42:15 2017	552	Security	NETWORK SERVICE	Well Known Group	Success Audit	testuser-13	Logon/Logoff		Logon attempt using explicit credentials: Logged on user:  User Name: NETWORK SERVICE  Domain: NT AUTHORITY  Logon ID: (0x0,0x1081600)  Logon GUID: -  User whose credentials were used:  Target User Name: testuser-13  Target Domain: us.ibm.com Target Logon GUID: -  Target Server Name: localhost  Target Server Info: localhost  Caller Process ID: 153340  Source Network Address: -  Source Port: - 	56794
<190>May 26 08:42:17 arbor.pravail.ibm.lab pravail-aps: Blocked Host: Blocked host 125.83.117.185 at 10:53 by Malformed HTTP Filtering using TCP/80 (HTTP) destination 159.180.173.250 source port 52207,URL: https://arbornetworks.pravail.test.com/chaos/
<13>May 26 08:42:18 checkpoint.firewall.ibm.lab 26May2017  checkpoint.firewall.ibm.lab product: SmartDefense; src: 201.150.192.18; s_port: ; dst: 132.132.222.129; service: ; proto: icmp; rule: ;Attack Info: Echo request too big;Suppressed logs: 1;Total logs: 2;__policy_id_tag: product=VPN-1 & FireWall-1[db_tag={B5A7057E-7F61-11DD-AA43-C0A832D12424};mgmt=fwmngt-zentral;date=1221069352;policy_name=Spider_gbl];alert: alert;attack: Large ping;has_accounting: 0;i/f_dir: inbound;
<13>May 26 08:42:20 microsoft.sec.ibm.lab AgentDevice=WindowsLog	AgentLogFile=Security	Source=Security	Computer=COMP-testuser-7	User=testuser-7	Domain=	EventID=540	EventIDCode=540	EventType=8	EventCategory=2	RecordNumber=32320	TimeGenerated=1495802540	TimeWritten=1495802540	Message=Successful Network Logon: User Name: Domain: Logon ID: (0x0,0x990025) Logon Type: 3 Logon Process: NtLmSsp Authentication Package: NTLM Workstation Name: COMP-testuser-7 Logon GUID: - Caller User Name: - Caller Domain: - Caller Logon ID: - Caller Process ID: - Transited Services: - Source Network Address: 129.171.84.29 Source Port: 0
<13>May 26 08:42:21 checkpoint.firewall.ibm.lab 26May2017  checkpoint.firewall.ibm.lab product: SmartDefense; src: 218.111.178.29; s_port: ; dst: 165.3.241.246; service: ; proto: icmp; rule: ;Attack Info: Echo request too big;Suppressed logs: 1;Total logs: 2;__policy_id_tag: product=VPN-1 & FireWall-1[db_tag={B5A7057E-7F61-11DD-AA43-C0A832D12424};mgmt=fwmngt-zentral;date=1221069352;policy_name=Spider_gbl];alert: alert;attack: Large ping;has_accounting: 0;i/f_dir: inbound;
<13>May 26 08:42:23 checkpoint.firewall.ibm.lab 26May2017  checkpoint.firewall.ibm.lab product: SmartDefense; src: 120.171.20.155; s_port: ; dst: 146.239.74.231; service: ; proto: icmp; rule: ;Attack Info: Echo request too big;Suppressed logs: 1;Total logs: 2;__policy_id_tag: product=VPN-1 & FireWall-1[db_tag={B5A7057E-7F61-11DD-AA43-C0A832D12424};mgmt=fwmngt-zentral;date=1221069352;policy_name=Spider_gbl];alert: alert;attack: Large ping;has_accounting: 0;i/f_dir: inbound;
<54>May 26 08:42:25 SymantecServer symantec.endpoint.ibm.lab: testbox-abc,[SID: 21590] P2P Edonkey Ping Message detected.  Traffic has been allowed from this application: C:\Program Files\easyMule\emule.exe,Local: 125.83.117.185,Local: 00218696B978,Remote: ,Remote: 188.52.218.209,Remote: 000000000000,Outbound,OTHERS,Intrusion ID: 0,Begin: 2017-05-26 08:42:25,End: 2017-05-26 08:42:25,Occurrences: 1,Application: C:/Program Files/easyMule/emule.exe,Location: Default,User: testuser-23,Domain: us.ibm.com
<182>May 26 08:42:26 apache.httpd.ibm.lab httpd: 213.39.172.85 175.39.239.169 - - [26/May/2017:08:42:26 -0500] "ABCD / HTTP/1.1" 501 443 297
<190>May 26 08:42:28 arbor.pravail.ibm.lab pravail-aps: Blocked Host: Blocked host 201.150.192.18 at 10:53 by Malformed HTTP Filtering using TCP/80 (HTTP) destination 180.167.223.161 source port 61972,URL: https://arbornetworks.pravail.test.com/chaos/
<38>May 26 08:42:29 sshd[554067]: Failed keyboard-interactive for invalid user testuser-22 from 51.18.44.104 port 60930 ssh2
<26>May 26 08:42:31 ambiron.ipangel.ibm.lab ipangel-ips: [2017-05-26 08:42:31-05] alert [Priority: 9] [119:14:1] [(http_inspect) NON-RFC DEFINED CHAR] 132.146.155.198:52337 TCP 117.156.34.226:80 br0
<13>May 26 08:42:32 microsoft.sec.ibm.lab AgentDevice=WindowsLog	AgentLogFile=Security	Source=Security	Computer=COMP-rogueUser-4	User=rogueUser-4	Domain=	EventID=675	EventIDCode=675	EventType=16	EventCategory=9	RecordNumber=20980	TimeGenerated=1495802552	TimeWritten=1495802552	Message=Pre-authentication failed: User Name: rogueUser-4 User ID: %{S-1-2-3-1119364} Service Name: krbtgt Pre-Authentication Type: 0x2 Failure Code: 0x18 Client Address: 128.234.158.118 
<190>May 26 08:42:34 arbor.pravail.ibm.lab pravail-aps: Blocked Host: Blocked host 79.186.10.120 10:53 by TCP Connection Reset using TCP/56999 (Unknown) destination 23.1.151.139 source port 443,URL: https://arbornetworks.pravail.test.com/chaos/
<13>May 26 08:42:36 microsoft.sec.ibm.lab AgentDevice=WindowsLog	AgentLogFile=Security	Source=Security	Computer=COMP-testuser-47	User=testuser-47	Domain=	EventID=680	EventIDCode=680	EventType=16	EventCategory=9	RecordNumber=277931	TimeGenerated=1495802556	TimeWritten=1495802556	Message=Logon attempt by: MICROSOFT_AUTHENTICATION_PACKAGE_V1_0 Logon account: testuser-47 Source Workstation: COMP-testuser-47 Error Code: 0x0 
<54>May 26 08:42:37 SymantecServer symantec.endpoint.ibm.lab: Security risk found,Computer name: COMP-1092025,Source: Scheduled Scan,Risk name: VirusDoctor,Occurrences: 1,c:/System Volume Information/_restore{A3F5C2A3-F289-4356-B021-1FEFEFB73CBD}/RP243/A0070465.exe,"",Actual action: Quarantined,Requested action: Quarantined,Secondary action: Left alone,Event time: 2017-05-26 08:42:37,Inserted:2017-05-26 08:42:37,End: 2017-05-26 08:42:37,Domain: Default,Group: My Company	est,Server: avp1,User: testuser-45,Source computer:  ,Source IP: 0.0.0.0
<13>May 26 08:42:39 checkpoint.firewall.ibm.lab 26May2017  checkpoint.firewall.ibm.lab product: SmartDefense; src: 56.219.18.103; s_port: ; dst: 155.53.252.151; service: ; proto: icmp; rule: ;Attack Info: Echo request too big;Suppressed logs: 1;Total logs: 2;__policy_id_tag: product=VPN-1 & FireWall-1[db_tag={B5A7057E-7F61-11DD-AA43-C0A832D12424};mgmt=fwmngt-zentral;date=1221069352;policy_name=Spider_gbl];alert: alert;attack: Large ping;has_accounting: 0;i/f_dir: inbound;
<39>May 26 08:42:40 Message forwarded from aix.ibm.lab: testuser-35 PAM: pam_authenticate: error Authentication failed
<190>May 26 08:42:42 arbor.pravail.ibm.lab pravail-aps: Blocked Host: Blocked host 56.219.18.103 10:53 by TCP Connection Reset using TCP/51345 (Unknown) destination 25.12.213.14 source port 443,URL: https://arbornetworks.pravail.test.com/chaos/
<129>May 26 08:42:43 barracuda.firewall.ibm.lab WF ALER CROSS_SITE_SCRIPTING_IN_PARAM 20.135.51.253 50167 150.129.45.225 443 security-policy GLOBAL DENY NONE [type="cross-site-scripting" pattern="script-tag" token="<script>" Parameter="url" value="<script>alert(5341)</script>"] GET 150.129.45.225/redirect.asp?url=<script>alert(5341)</script> HTTPS "-" ""-"" 150.129.45.225 59845 "-" "-"
<28>May 26 08:42:45 Message forwarded from aix.ibm.lab: rshd[random_number_1_to_999999]: Failed rsh authentication from 218.111.178.29 for local user root via remote user testuser-90
<13>May 26 08:42:46 microsoft.sec.ibm.lab AgentDevice=WindowsLog	AgentLogFile=Security	Source=Security	Computer=COMP-testuser-8	User=testuser-8	Domain=	EventID=540	EventIDCode=540	EventType=8	EventCategory=2	RecordNumber=936653	TimeGenerated=1495802566	TimeWritten=1495802566	Message=Successful Network Logon: User Name: Domain: Logon ID: (0x0,0x992016) Logon Type: 3 Logon Process: NtLmSsp Authentication Package: NTLM Workstation Name: COMP-testuser-8 Logon GUID: - Caller User Name: - Caller Domain: - Caller Logon ID: - Caller Process ID: - Transited Services: - Source Network Address: 113.146.67.20 Source Port: 0
<27>May 26 08:42:48 ambiron.ipangel.ibm.lab ipangel-ips: [2017-05-26 08:42:48-05] alert [Priority: 9] [119:2:1] [(http_inspect) DOUBLE DECODING ATTACK] 56.219.18.103:59344 TCP 35.223.24.72:80 br0
<190>May 26 08:42:50 arbor.pravail.ibm.lab pravail-aps: Blocked Host: Blocked host 56.219.18.103 at 10:53 by Malformed HTTP Filtering using TCP/80 (HTTP) destination 147.253.176.157 source port 58734,URL: https://arbornetworks.pravail.test.com/chaos/
<190>May 26 08:42:51 arbor.pravail.ibm.lab pravail-aps: Blocked Host: Blocked host 125.83.117.185 at 10:53 by Malformed HTTP Filtering using TCP/80 (HTTP) destination 168.229.237.186 source port 59069,URL: https://arbornetworks.pravail.test.com/chaos/
<182>May 26 08:42:53 apache.httpd.ibm.lab httpd: 165.11.95.213 165.212.17.240 - - [26/May/2017:08:42:53 -0500] "ABCD / HTTP/1.1" 501 443 297
<182>May 26 08:42:54 apache.httpd.ibm.lab httpd: 137.38.197.140 131.65.219.242 - - [26/May/2017:08:42:54 -0500] "HEAD / HTTP/1.1" 200 443 -
<28>May 26 08:42:56 Message forwarded from aix.ibm.lab: rshd[random_number_1_to_999999]: Failed rsh authentication from 165.11.95.213 for local user root via remote user testuser-92
<190>May 26 08:42:57 arbor.pravail.ibm.lab pravail-aps: Blocked Host: Blocked host 15.83.16.235 at 10:52 by Invalid Packets using TCP/0 (Unknown) destination 150.90.6.54,URL: https://arbornetworks.pravail.test.com/chaos/
<13>May 26 08:42:59 microsoft.sec.ibm.lab AgentDevice=WindowsLog	AgentLogFile=Security	Source=Security	Computer=COMP-testuser-59	User=testuser-59	Domain=	EventID=672	EventIDCode=672	EventType=16	EventCategory=9	RecordNumber=887389	TimeGenerated=1495802579	TimeWritten=1495802579	Message=Authentication Ticket Request: User Name: testuser-59 Supplied Realm Name: us.ibm.com User ID: %{S-1-2-3-1102500} Service Name: krbtgt Service ID: %{S-3-2-1-1E7A0C} Ticket Options: 0x40810010 Result Code: - Ticket Encryption Type: 0x17 Pre-Authentication Type: 2 Client Address: 212.2.111.4 Certificate Issuer Name:  Certificate Serial Number:  Certificate Thumbprint: 
<38>May 26 08:43:01 sshd[766864]: Failed password for invalid user testuser-92 from 132.36.3.38 port 50964 ssh2
<13>May 26 08:43:02 checkpoint.firewall.ibm.lab 26May2017  checkpoint.firewall.ibm.lab product: SmartDefense; src: 79.186.10.120; s_port: ; dst: 164.155.189.122; service: ; proto: udp; rule: ;Attack Info: Bad domain format, illegal ASCII value in domain;Suppressed logs: 1;Total logs: 2;__policy_id_tag: product=VPN-1 & FireWall-1[db_tag={9B20E8EA-7DE6-11DD-B7D6-C0A832D11E1E};mgmt=fwmngt-zentral;date=1220906528;policy_name=Vulpine_gbl];alert: alert;attack: Invalid DNS;has_accounting: 0;i/f_dir: inbound;
<133>May 26 08:43:04 microsoft.event.ibm.lab MSWinEventLog 1 Security 102757633 Fri May 26 08:43:04 2017 4907 Microsoft-Windows-Security-Auditing N/A N/A Success Audit rogueUser-4 Audit Policy Change Auditing settings on object were changed. Subject: Security ID: S-1-5-18 Account Name: rogueUser-4 Account Domain: us.ibm.com Logon ID: 0x1119364 Object: Object Server: Security Object Type: File Object Name: \Windows\winsxs\test.wav Handle ID: 0x3a8 Process Information: Process ID: 0xBEDBAC Process Name: C:\Windows\System32\wbengine.exe Auditing Settings: Original Security Descriptor: S:AI(AU;A;;WD) New Security Descriptor: S:ARAI(AU;SAFA;;;;WD)(AU;IDFA;B;;;WD) 255708
<13>May 26 08:43:05 checkpoint.firewall.ibm.lab 26May2017  checkpoint.firewall.ibm.lab product: martDefense; src: 136.38.97.190; s_port: ; dst: 30.91.237.175; service: ; proto: udp; rule: ;Attack Info: Response packet too long, potential buffer overflow;Suppressed logs: 5;Total logs: 6;__policy_id_tag: product=VPN-1 & FireWall-1[db_tag={321A4EE6-7DEA-11DD-BFAA-C0A832822626};mgmt=fwmngt05;date=1220908070;policy_name=KillerWhale_gbl];alert: alert;attack: Invalid DNS;has_accounting: 0;i/f_dir: inbound;
<33>May 26 08:43:07 threecom.switch.ibm.lab %May 26 08:43:07 2017 S9500 FTPS/5/USERIN: User testuser-14(125.83.117.185) login succeeded
<25>May 26 08:43:08 ambiron.ipangel.ibm.lab ipangel-ips: [2017-05-26 08:43:08-05] alert [Priority: 9] [116:46:1] [(snort_decoder) WARNING: TCP Data Offset is less than 5!] 189.6.147.68:58093 TCP 20.59.244.209:80 br0
<190>May 26 08:43:10 arbor.pravail.ibm.lab pravail-aps: Blocked Host: Blocked host 218.111.178.29 at 10:53 by Malformed HTTP Filtering using TCP/80 (HTTP) destination 188.215.163.163 source port 58987,URL: https://arbornetworks.pravail.test.com/chaos/
<13>May 26 08:43:12 microsoft.sec.ibm.lab AgentDevice=WindowsLog	AgentLogFile=Security	Source=Security	Computer=COMP-rogueUser-3	User=rogueUser-3	Domain=	EventID=680	EventIDCode=680	EventType=8	EventCategory=9	RecordNumber=889539	TimeGenerated=1495802592	TimeWritten=1495802592	Message=Logon attempt by: MICROSOFT_AUTHENTICATION_PACKAGE_V1_0 Logon account: rogueUser-3 Source Workstation: COMP-rogueUser-3 Error Code: 0x0 
<33>May 26 08:43:13 threecom.switch.ibm.lab %May 26 08:43:13 2017 S9500 RTA/3/Failed to start accounting: Failed to start traffic accounting for user 16.74.199.104 on board 6
<25>May 26 08:43:15 ambiron.ipangel.ibm.lab ipangel-ips: [2017-05-26 08:43:15-05] alert [Priority: 9] [116:46:1] [(snort_decoder) WARNING: TCP Data Offset is less than 5!] 128.234.158.118:63512 TCP 42.80.62.132:80 br0
<54>May 26 08:43:16 SymantecServer symantec.endpoint.ibm.lab: Potential risk found,Computer name: COMP-1085764,Detection type: Heuristic,Application name: (Unknown),Application type: Trojan Worm,Application version: ,Hash type: SHA-1,Application hash: 72c874f212a18944ff56f774bfe7252346b93f8e,Company name: ,File size (bytes): 301568,Sensitivity: 0,Detection score: 40,Submission recommendation:1,Permitted application reason: 0,Source: Heuristic Scan,Risk name: ,Occurrences: 1,c:\claims\claims32.exe,"",Actual action: Left alone,Requested action: Left alone,Secondary action: Left alone,Event time: 2017-05-26 08:43:16,Inserted:2017-05-26 08:43:16,End:  2017-05-26 08:43:16,Domain: Default,Group: My Company\LTC\Desktops,Server: crasesssmc01,User: testuser-24,Source computer: ,Source IP: 0.0.0.0
<25>May 26 08:43:18 ambiron.ipangel.ibm.lab ipangel-ips: [2017-05-26 08:43:18-05] alert [Priority: 9] [116:46:1] [(snort_decoder) WARNING: TCP Data Offset is less than 5!] 179.174.48.208:60548 TCP 210.79.43.1:80 br0
<54>May 26 08:43:19 SymantecServer symantec.endpoint.ibm.lab: Security risk found,Computer name: COMP-1106704,Source: Scheduled Scan,Risk name: VirusDoctor,Occurrences: 1,c:/System Volume Information/_restore{A3F5C2A3-F289-4356-B021-1FEFEFB73CBD}/RP243/A0070465.exe,"",Actual action: Quarantined,Requested action: Quarantined,Secondary action: Left alone,Event time: 2017-05-26 08:43:19,Inserted:2017-05-26 08:43:19,End: 2017-05-26 08:43:19,Domain: Default,Group: My Company	est,Server: avp1,User: testuser-97,Source computer:  ,Source IP: 0.0.0.0
<13>May 26 08:43:21 checkpoint.firewall.ibm.lab 26May2017 drop checkpoint.firewall.ibm.lab product: VPN-1 &FireWall-1; src: 132.146.155.198; s_port: 57589; dst: 7.116.83.130; service: 138; proto: udp; rule: 323;SmartDefense profile: Default_Protection;__policy_id_tag: product=VPN-1 & FireWall-1[db_tag={48AB8350-7F61-11DD-887D-C0A832D16C6C};mgmt=fwmngt-zentral;date=1221069169;policy_name=Chameleon_gbl];has_accounting: 0;i/f_dir: inbound;i/f_name: eth-s1/s1p1c0;rule_uid: {21D66174-0E19-4B77-A1E9-3473FE991088};
<189>May 26 08:43:22 ['9.9.9.9'] authmgr[504]: <NOTI> login <00:1c:bf:ca:2b:98  165.11.95.213 testuser-92>method=802.1x, server=TEST001, role=Authenticated Update(status 0 method 0 role 16), reauth=1800 sec
<86>May 26 08:43:24 apple.macosx.ibm.lab com.apple.SecurityServer: uid 105625 succeeded authenticating as user admin (uid 501) for right system.install.root.user.
<86>May 26 08:43:26 apple.macosx.ibm.lab sshd[5590]: Failed password for invalid user testuser-23 from 163.137.12.122 port 57802 ssh2
<33>May 26 08:43:27 threecom.switch.ibm.lab %May 26 08:43:27 2017 S9500 PORTAL/5/PT_LOG: Online user 33.195.94.29 changes to 187.112.94.147, we will cut it off as using traffic-acct.
<39>May 26 08:43:29 Message forwarded from aix.ibm.lab: testuser-60 PAM: pam_authenticate: error Authentication failed
<33>May 26 08:43:30 threecom.switch.ibm.lab %May 26 08:43:30 2017 S9500 AAA/2/Serious error!: User testuser-16, in ACM send msg to SC failed! Returns 1 srcID 6 msgType 16384.
<182>May 26 08:43:32 apache.httpd.ibm.lab httpd: 201.150.192.18 209.114.36.218 - - [26/May/2017:08:43:32 -0500] "CONNECT 10.35.79.71:443 HTTP/1.1" 405 443 297
<187>May 26 08:43:33 ['9.9.9.9'] httpd[16986]: [error] [client 136.38.97.190] Invalid URI in request \xf7vMKp`ET&\xa4\x9c\xc9\xec\xd1\xd8j\r\xce\xd9\xd4\xb3\c7
<190>May 26 08:43:35 arbor.pravail.ibm.lab pravail-aps: Blocked Host: Blocked host 137.38.197.140 at 10:52 by Invalid Packets using TCP/0 (Unknown) destination 207.160.71.85,URL: https://arbornetworks.pravail.test.com/chaos/
<182>May 26 08:43:37 apache.httpd.ibm.lab httpd: 83.87.204.105 21.240.74.81 - - [26/May/2017:08:43:37 -0500] "HEAD / HTTP/1.1" 200 443 -
<157>May 26 08:43:38 microsoft.event.ibm.lab MSWinEventLog	4	Security	60703	Fri May 26 08:43:38 2017	552	Security	NETWORK SERVICE	Well Known Group	Success Audit	testuser-71	Logon/Logoff		Logon attempt using explicit credentials: Logged on user:  User Name: NETWORK SERVICE  Domain: NT AUTHORITY  Logon ID: (0x0,0x1089936)  Logon GUID: -  User whose credentials were used:  Target User Name: testuser-71  Target Domain: us.ibm.com Target Logon GUID: -  Target Server Name: localhost  Target Server Info: localhost  Caller Process ID: 426975  Source Network Address: -  Source Port: - 	56794
<13>May 26 08:43:40 checkpoint.firewall.ibm.lab 26May2017 drop checkpoint.firewall.ibm.lab product: SmartDefense; src: 15.83.16.235; s_port: 56668; dst: 162.249.105.145; service: 443; proto: tcp; rule: 392;Attack Info: TCP segment out of maximum allowed sequence. Packet dropped.;Confidence Level: 0;Performance Impact: 0;Protection Name: TCP Segment Limit Enforcement;Protection Type: settings_tcp;Severity: 0;SmartDefense Profile: Boticario_DMZ_Protection;__policy_id_tag: product=VPN-1 & FireWall-1[db_tag={E94ECB65-34C0-4740-9634-761E1604C8BC};mgmt=SJP1PLNX036-DMZ;date=1424714440;policy_name=DMZ];attack: Streaming Engine: TCP Segment Limit Enforcement;has_accounting: 0;i/f_dir: inbound;i/f_name: eth2-01.2809;origin_sic_name: CN=TEST-DMZ1,O=log_server_hostname;protection_id: tcp_segment_limit;rule_uid: {499DBB08-D262-4D9F-B639-5337A7B36E59};snid: 7572c682;src_machine_name: COMP-rogueUser-5;src_user_name: rogueUser-5 ;user: rogueUser-5 ;
<26>May 26 08:43:41 ambiron.ipangel.ibm.lab ipangel-ips: [2017-05-26 08:43:41-05] alert [Priority: 9] [119:14:1] [(http_inspect) NON-RFC DEFINED CHAR] 125.83.117.185:62727 TCP 154.241.120.92:80 br0
<129>May 26 08:43:43 barracuda.firewall.ibm.lab WF ALER SLASH_DOT_IN_URL 44.111.228.125 54431 67.250.122.52 443 security-policy GLOBAL DENY NONE ["-"] GET 67.250.122.52/themes/default/css/.htaccess HTTPS "-" ""-"" 67.250.122.52 44428 "-" "-"
<33>May 26 08:43:44 threecom.switch.ibm.lab %May 26 08:43:44 2017 S9500 FTPS/5/USEROUT: User testuser-82(79.186.10.120) logged out
<54>May 26 08:43:46 SymantecServer symantec.endpoint.ibm.lab: testbox-abc,[SID: 21590] P2P Edonkey Ping Message detected.  Traffic has been allowed from this application: C:\Program Files\easyMule\emule.exe,Local: 44.111.228.125,Local: 00218696B978,Remote: ,Remote: 27.25.19.40,Remote: 000000000000,Outbound,OTHERS,Intrusion ID: 0,Begin: 2017-05-26 08:43:46,End: 2017-05-26 08:43:46,Occurrences: 1,Application: C:/Program Files/easyMule/emule.exe,Location: Default,User: testuser-1,Domain: us.ibm.com
<33>May 26 08:43:48 threecom.switch.ibm.lab %May 26 08:43:48 2017 S9500 PORTAL/5/PT_LOG: Online user 125.83.117.185 changes to 68.178.18.61, we will cut it off as using traffic-acct.
<13>May 26 08:43:49 microsoft.sec.ibm.lab AgentDevice=WindowsLog	AgentLogFile=Security	Source=Security	Computer=COMP-testuser-100	User=testuser-100	Domain=	EventID=672	EventIDCode=672	EventType=16	EventCategory=9	RecordNumber=333153	TimeGenerated=1495802629	TimeWritten=1495802629	Message=Authentication Ticket Request: User Name: testuser-100 Supplied Realm Name: us.ibm.com User ID: %{S-1-2-3-1177225} Service Name: krbtgt Service ID: %{S-3-2-1-D73CC6} Ticket Options: 0x40810010 Result Code: - Ticket Encryption Type: 0x17 Pre-Authentication Type: 2 Client Address: 111.105.3.222 Certificate Issuer Name:  Certificate Serial Number:  Certificate Thumbprint: 
<182>May 26 08:43:51 apache.httpd.ibm.lab httpd: 201.150.192.18 62.96.50.76 - - [26/May/2017:08:43:51 -0500] "OPTIONS /cgi-bin/index.php HTTP/1.1" 200 443 -
<149>May 26 08:43:52 apple.macosx.ibm.lab sudo:    testuser-72 : TTY=ttyp1 ; PWD=/Users/admin ; USER=admin ;COMMAND=/bin/bash
<13>May 26 08:43:54 microsoft.sec.ibm.lab AgentDevice=WindowsLog	AgentLogFile=Security	Source=Security	Computer=COMP-testuser-83	User=testuser-83	Domain=	EventID=576	EventIDCode=576	EventType=8	EventCategory=2	RecordNumber=352221	TimeGenerated=1495802634	TimeWritten=1495802634	Message=Special privileges assigned to new logon: User Name: testuser-83 Domain: us.ibm.com Logon ID: (0x0,0x1096209) Privileges: SeSecurityPrivilege SeBackupPrivilege SeRestorePrivilege SeTakeOwnershipPrivilege SeDebugPrivilege SeSystemEnvironmentPrivilege SeLoadDriverPrivilege SeImpersonatePrivilege
<54>May 26 08:43:55 SymantecServer symantec.endpoint.ibm.lab: CNC2PSY9D1,Allowed,Sysfer exception: .\RegParamEngine.cpp 1152 Failed to read value DeviceInstance from key \Registry\Machine\SYSTEM\CurrentControlSet\Control\DeviceClasses\{53f56307-b6bf-11d0-94f2-00a0c91efb8b}\##?#IDE#DiskWDC_WD800JD-75MSA3______________________10.01E04#5&,Sysfer exception,Begin: 2017-05-26 08:43:55,End: 2017-05-26 08:43:55,Rule: Sysfer exception,3592,C:/Program Files/Cisco Systems/CSAgent/bin/okclient.exe,0,,,User: testuser-70,Domain: US
<28>May 26 08:43:57 Message forwarded from aix.ibm.lab: rshd[random_number_1_to_999999]: Failed rsh authentication from 218.111.178.29 for local user root via remote user testuser-45
<129>May 26 08:43:58 barracuda.firewall.ibm.lab WF ALER METHOD_NOT_ALLOWED 120.171.20.155 61997 142.103.24.166 80 security-policy GLOBAL DENY NONE [Method="ABCD"] ABCD 142.103.24.166/ HTTP "-" ""-"" 142.103.24.166 48536 "-" "-"
<26>May 26 08:44:00 ambiron.ipangel.ibm.lab ipangel-ips: [2017-05-26 08:44:00-05] alert [Priority: 9] [119:14:1] [(http_inspect) NON-RFC DEFINED CHAR] 20.135.51.253:49542 TCP 186.81.228.165:80 br0
<13>May 26 08:44:02 checkpoint.firewall.ibm.lab 26May2017 drop checkpoint.firewall.ibm.lab product: SmartDefense; src: 9.135.38.229; s_port: 56026; dst: 206.199.143.92; service: 443; proto: tcp; rule: 392;Attack Info: TCP segment out of maximum allowed sequence. Packet dropped.;Confidence Level: 0;Performance Impact: 0;Protection Name: TCP Segment Limit Enforcement;Protection Type: settings_tcp;Severity: 0;SmartDefense Profile: Boticario_DMZ_Protection;__policy_id_tag: product=VPN-1 & FireWall-1[db_tag={E94ECB65-34C0-4740-9634-761E1604C8BC};mgmt=SJP1PLNX036-DMZ;date=1424714440;policy_name=DMZ];attack: Streaming Engine: TCP Segment Limit Enforcement;has_accounting: 0;i/f_dir: inbound;i/f_name: eth2-01.2809;origin_sic_name: CN=TEST-DMZ1,O=log_server_hostname;protection_id: tcp_segment_limit;rule_uid: {499DBB08-D262-4D9F-B639-5337A7B36E59};snid: 7572c682;src_machine_name: COMP-testuser-100;src_user_name: testuser-100 ;user: testuser-100 ;
<190>May 26 08:44:03 arbor.pravail.ibm.lab pravail-aps: Blocked Host: Blocked host 165.11.95.213 10:53 by TCP Connection Reset using TCP/59322 (Unknown) destination 193.252.252.98 source port 443,URL: https://arbornetworks.pravail.test.com/chaos/
<179>May 26 08:44:05 apache.httpd.ibm.lab httpd[5570]: [ID 702911 local6.error] [error] [client 212.2.111.4] Certificate Verification: Error (10): certificate has expired
<86>May 26 08:44:06 apple.macosx.ibm.lab sshd[5590]: Failed password for invalid user testuser-18 from 180.1.93.195 port 60647 ssh2
<189>May 26 08:44:08 ['9.9.9.9'] authmgr[504]: <NOTI> login <00:1c:bf:ca:2b:98  99.123.52.13 testuser-9>method=802.1x, server=TEST001, role=Authenticated Update(status 0 method 0 role 16), reauth=1800 sec
<38>May 26 08:44:09 sshd[731707]: Failed keyboard-interactive for invalid user testuser-67 from 120.171.20.155 port 64716 ssh2
<13>May 26 08:44:11 checkpoint.firewall.ibm.lab 26May2017 drop checkpoint.firewall.ibm.lab product: SmartDefense; src: 120.171.20.155; s_port: 50836; dst: 180.21.187.15; service: 443; proto: tcp; rule: 392;Attack Info: TCP segment out of maximum allowed sequence. Packet dropped.;Confidence Level: 0;Performance Impact: 0;Protection Name: TCP Segment Limit Enforcement;Protection Type: settings_tcp;Severity: 0;SmartDefense Profile: Boticario_DMZ_Protection;__policy_id_tag: product=VPN-1 & FireWall-1[db_tag={E94ECB65-34C0-4740-9634-761E1604C8BC};mgmt=SJP1PLNX036-DMZ;date=1424714440;policy_name=DMZ];attack: Streaming Engine: TCP Segment Limit Enforcement;has_accounting: 0;i/f_dir: inbound;i/f_name: eth2-01.2809;origin_sic_name: CN=TEST-DMZ1,O=log_server_hostname;protection_id: tcp_segment_limit;rule_uid: {499DBB08-D262-4D9F-B639-5337A7B36E59};snid: 7572c682;src_machine_name: COMP-testuser-67;src_user_name: testuser-67 ;user: testuser-67 ;
<54>May 26 08:44:13 SymantecServer symantec.endpoint.ibm.lab: Potential risk found,Computer name: COMP-1092025,Detection type: Heuristic,Application name: (Unknown),Application type: Trojan Worm,Application version: ,Hash type: SHA-1,Application hash: 72c874f212a18944ff56f774bfe7252346b93f8e,Company name: ,File size (bytes): 301568,Sensitivity: 0,Detection score: 40,Submission recommendation:1,Permitted application reason: 0,Source: Heuristic Scan,Risk name: ,Occurrences: 1,c:\claims\claims32.exe,"",Actual action: Left alone,Requested action: Left alone,Secondary action: Left alone,Event time: 2017-05-26 08:44:13,Inserted:2017-05-26 08:44:13,End:  2017-05-26 08:44:13,Domain: Default,Group: My Company\LTC\Desktops,Server: crasesssmc01,User: testuser-36,Source computer: ,Source IP: 0.0.0.0
<13>May 26 08:44:14 checkpoint.firewall.ibm.lab 26May2017 drop checkpoint.firewall.ibm.lab product: VPN-1 &FireWall-1; src: 30.90.182.58; s_port: 59144; dst: 137.55.177.212; service: 138; proto: udp; rule: 323;SmartDefense profile: Default_Protection;__policy_id_tag: product=VPN-1 & FireWall-1[db_tag={48AB8350-7F61-11DD-887D-C0A832D16C6C};mgmt=fwmngt-zentral;date=1221069169;policy_name=Chameleon_gbl];has_accounting: 0;i/f_dir: inbound;i/f_name: eth-s1/s1p1c0;rule_uid: {21D66174-0E19-4B77-A1E9-3473FE991088};
<13>May 26 08:44:16 checkpoint.firewall.ibm.lab 26May2017 reject checkpoint.firewall.ibm.lab product: VPN-1 & FireWall-1; src: 165.11.95.213; s_port: 49178; dst: 51.128.236.66; service: 113; proto: tcp; rule: 14;SmartDefense profile: Default_Protection;__policy_id_tag: product=VPN-1 & FireWall-1[db_tag={25E5B8F6-79E7-11DD-941A-C0A832D00C0C};mgmt=fwmngt-wuv;date=1220466957;policy_name=rhino_gbl];has_accounting: 0;i/f_dir: inbound;i/f_name: eth-s2/s1p1c0;rule_uid: {9C96B325-D976-4A30-8685-9ED61018A6E7};service_id: gident;
<187>May 26 08:44:17 ['9.9.9.9'] httpd[16986]: [error] [client 54.11.145.63] Invalid URI in request \xf7vMKp`ET&\xa4\x9c\xc9\xec\xd1\xd8j\r\xce\xd9\xd4\xb3\c7
<129>May 26 08:44:19 barracuda.firewall.ibm.lab WF ALER CROSS_SITE_SCRIPTING_IN_PARAM 128.234.158.118 49366 151.211.126.45 443 security-policy GLOBAL DENY NONE [type="cross-site-scripting" pattern="script-tag" token="<script>" Parameter="url" value="<script>alert(5341)</script>"] GET 151.211.126.45/redirect.asp?url=<script>alert(5341)</script> HTTPS "-" ""-"" 151.211.126.45 59845 "-" "-"
<129>May 26 08:44:20 barracuda.firewall.ibm.lab WF ALER METHOD_NOT_ALLOWED 56.219.18.103 60122 113.39.120.141 80 security-policy GLOBAL DENY NONE [Method="ABCD"] ABCD 113.39.120.141/ HTTP "-" ""-"" 113.39.120.141 48536 "-" "-"
<182>May 26 08:44:22 apache.httpd.ibm.lab httpd: 99.123.52.13 68.166.166.84 - - [26/May/2017:08:44:22 -0500] "GET / HTTP/1.0" 200 443 9334
<129>May 26 08:44:24 barracuda.firewall.ibm.lab WF ALER CROSS_SITE_SCRIPTING_IN_PARAM 137.38.197.140 59281 223.174.63.205 443 security-policy GLOBAL DENY NONE [type="cross-site-scripting" pattern="script-tag" token="<script>" Parameter="url" value="<script>alert(5341)</script>"] GET 223.174.63.205/redirect.asp?url=<script>alert(5341)</script> HTTPS "-" ""-"" 223.174.63.205 59845 "-" "-"
<26>May 26 08:44:25 ambiron.ipangel.ibm.lab ipangel-ips: [2017-05-26 08:44:25-05] alert [Priority: 9] [119:14:1] [(http_inspect) NON-RFC DEFINED CHAR] 212.2.111.4:57802 TCP 214.142.48.48:80 br0
<182>May 26 08:44:27 apache.httpd.ibm.lab httpd: 20.135.51.253 188.219.198.167 - - [26/May/2017:08:44:27 -0500] "POST /test.php?doing_test=123 HTTP/1.0" 404 80 282
<129>May 26 08:44:28 barracuda.firewall.ibm.lab WF ALER METACHARACTER_IN_PARAMETER 125.83.117.185 52272 49.246.21.99 443 security-policy GLOBAL DENY NONE [token="%00 " Parameter="article" value="../../../../../../../../etc/passwd"] GET 49.246.21.99/talkback.cgi?article=../../../../../../../../etc/passwd%00&action=view&matchview=1 HTTPS "-" ""-"" 49.246.21.99 52272 "-" "-"
<187>May 26 08:44:30 ['9.9.9.9'] httpd[16986]: [error] [client 147.198.103.40] Invalid URI in request \xf7vMKp`ET&\xa4\x9c\xc9\xec\xd1\xd8j\r\xce\xd9\xd4\xb3\c7
<182>May 26 08:44:31 apache.httpd.ibm.lab httpd: 201.150.192.18 94.53.164.46 - - [26/May/2017:08:44:31 -0500] "CONNECT 10.35.79.71:443 HTTP/1.1" 405 443 297
<26>May 26 08:44:33 ambiron.ipangel.ibm.lab ipangel-ips: [2017-05-26 08:44:33-05] alert [Priority: 9] [119:14:1] [(http_inspect) NON-RFC DEFINED CHAR] 15.83.16.235:58933 TCP 120.115.106.126:80 br0
<13>May 26 08:44:34 checkpoint.firewall.ibm.lab 26May2017  checkpoint.firewall.ibm.lab product: SmartDefense; src: 218.111.178.29; s_port: ; dst: 64.29.151.163; service: ; proto: icmp; rule: ;Attack Info: Echo request too big;Suppressed logs: 1;Total logs: 2;__policy_id_tag: product=VPN-1 & FireWall-1[db_tag={B5A7057E-7F61-11DD-AA43-C0A832D12424};mgmt=fwmngt-zentral;date=1221069352;policy_name=Spider_gbl];alert: alert;attack: Large ping;has_accounting: 0;i/f_dir: inbound;
<38>May 26 08:44:36 sshd[29319]: Failed password for invalid user testuser-36 from 218.111.178.29 port 65155 ssh2
<13>May 26 08:44:38 microsoft.sec.ibm.lab AgentDevice=WindowsLog	AgentLogFile=Security	Source=Security	Computer=COMP-rogueUser-3	User=rogueUser-3	Domain=	EventID=540	EventIDCode=540	EventType=8	EventCategory=2	RecordNumber=742996	TimeGenerated=1495802678	TimeWritten=1495802678	Message=Successful Network Logon: User Name: Domain: Logon ID: (0x0,0x1117249) Logon Type: 3 Logon Process: NtLmSsp Authentication Package: NTLM Workstation Name: COMP-rogueUser-3 Logon GUID: - Caller User Name: - Caller Domain: - Caller Logon ID: - Caller Process ID: - Transited Services: - Source Network Address: 188.58.217.163 Source Port: 0
<187>May 26 08:44:39 ['9.9.9.9'] httpd[16986]: [error] [client 56.219.18.103] Invalid URI in request \xf7vMKp`ET&\xa4\x9c\xc9\xec\xd1\xd8j\r\xce\xd9\xd4\xb3\c7
<187>May 26 08:44:41 ['9.9.9.9'] httpd[16986]: [error] [client 56.219.18.103] Invalid URI in request \xf7vMKp`ET&\xa4\x9c\xc9\xec\xd1\xd8j\r\xce\xd9\xd4\xb3\c7
<13>May 26 08:44:42 microsoft.sec.ibm.lab AgentDevice=WindowsLog	AgentLogFile=Security	Source=Security	Computer=COMP-testuser-74	User=testuser-74	Domain=	EventID=680	EventIDCode=680	EventType=8	EventCategory=9	RecordNumber=949658	TimeGenerated=1495802682	TimeWritten=1495802682	Message=Logon attempt by: MICROSOFT_AUTHENTICATION_PACKAGE_V1_0 Logon account: testuser-74 Source Workstation: COMP-testuser-74 Error Code: 0x0 
<13>May 26 08:44:44 microsoft.sec.ibm.lab AgentDevice=WindowsLog	AgentLogFile=Security	Source=Security	Computer=COMP-testuser-63	User=testuser-63	Domain=	EventID=680	EventIDCode=680	EventType=16	EventCategory=9	RecordNumber=940989	TimeGenerated=1495802684	TimeWritten=1495802684	Message=Logon attempt by: MICROSOFT_AUTHENTICATION_PACKAGE_V1_0 Logon account: testuser-63 Source Workstation: COMP-testuser-63 Error Code: 0x0 
<187>May 26 08:44:45 ['9.9.9.9'] httpd[16986]: [error] [client 79.186.10.120] Invalid URI in request \xf7vMKp`ET&\xa4\x9c\xc9\xec\xd1\xd8j\r\xce\xd9\xd4\xb3\c7
<25>May 26 08:44:47 ambiron.ipangel.ibm.lab ipangel-ips: [2017-05-26 08:44:47-05] alert [Priority: 9] [116:46:1] [(snort_decoder) WARNING: TCP Data Offset is less than 5!] 79.186.10.120:65039 TCP 196.221.214.241:80 br0
<189>May 26 08:44:49 ['9.9.9.9'] authmgr[504]: <NOTI> login <00:1c:bf:ca:2b:98  33.195.94.29 rogueUser-1>method=802.1x, server=TEST001, role=Authenticated Update(status 0 method 0 role 16), reauth=1800 sec
<29>May 26 08:44:50 Message forwarded from aix.ibm.lab: telnetd[1427014090276]: telnet from ::ffff:120.171.20.155 on /dev/pts/1
<157>May 26 08:44:52 microsoft.event.ibm.lab MSWinEventLog	4	Security	60703	Fri May 26 08:44:52 2017	552	Security	NETWORK SERVICE	Well Known Group	Success Audit	testuser-11	Logon/Logoff		Logon attempt using explicit credentials: Logged on user:  User Name: NETWORK SERVICE  Domain: NT AUTHORITY  Logon ID: (0x0,0x1077444)  Logon GUID: -  User whose credentials were used:  Target User Name: testuser-11  Target Domain: us.ibm.com Target Logon GUID: -  Target Server Name: localhost  Target Server Info: localhost  Caller Process ID: 992775  Source Network Address: -  Source Port: - 	56794
<86>May 26 08:44:53 apple.macosx.ibm.lab com.apple.SecurityServer: uid 90960 succeeded authenticating as user admin (uid 501) for right system.install.root.user.
<179>May 26 08:44:55 apache.httpd.ibm.lab httpd[5570]: [ID 702911 local6.error] [error] [client 33.195.94.29] Certificate Verification: Error (10): certificate has expired
<25>May 26 08:44:56 ambiron.ipangel.ibm.lab ipangel-ips: [2017-05-26 08:44:56-05] alert [Priority: 9] [116:46:1] [(snort_decoder) WARNING: TCP Data Offset is less than 5!] 125.83.117.185:63503 TCP 171.215.189.203:80 br0
<182>May 26 08:44:58 apache.httpd.ibm.lab httpd: 30.90.182.58 173.101.100.160 - - [26/May/2017:08:44:58 -0500] "ABCD / HTTP/1.1" 501 443 297
<13>May 26 08:45:00 microsoft.sec.ibm.lab AgentDevice=WindowsLog	AgentLogFile=Security	Source=Security	Computer=COMP-testuser-38	User=testuser-38	Domain=	EventID=680	EventIDCode=680	EventType=8	EventCategory=9	RecordNumber=438010	TimeGenerated=1495802700	TimeWritten=1495802700	Message=Logon attempt by: MICROSOFT_AUTHENTICATION_PACKAGE_V1_0 Logon account: testuser-38 Source Workstation: COMP-testuser-38 Error Code: 0x0 
<179>May 26 08:45:01 apache.httpd.ibm.lab httpd[5570]: [ID 702911 local6.error] [error] [client 136.38.97.190] Certificate Verification: Error (10): certificate has expired
<129>May 26 08:45:03 barracuda.firewall.ibm.lab WF ALER CROSS_SITE_SCRIPTING_IN_URL 51.18.44.104 63014 218.125.34.202 80 security-policy GLOBAL DENY NONE [type="cross-site-scripting" pattern="script-tag" token="<script>"] GET 218.125.34.202/<script>alert(53416)</script> HTTP "-" ""-"" 218.125.34.202 48541 "-" "-"
<86>May 26 08:45:04 apple.macosx.ibm.lab sshd[5590]: Failed password for invalid user testuser-63 from 218.111.178.29 port 52678 ssh2
<13>May 26 08:45:06 microsoft.sec.ibm.lab AgentDevice=WindowsLog	AgentLogFile=Security	Source=Security	Computer=COMP-testuser-25	User=testuser-25	Domain=	EventID=680	EventIDCode=680	EventType=8	EventCategory=9	RecordNumber=716161	TimeGenerated=1495802706	TimeWritten=1495802706	Message=Logon attempt by: MICROSOFT_AUTHENTICATION_PACKAGE_V1_0 Logon account: testuser-25 Source Workstation: COMP-testuser-25 Error Code: 0x0 
<54>May 26 08:45:07 SymantecServer symantec.endpoint.ibm.lab: Potential risk found,Computer name: COMP-1113025,Detection type: Heuristic,Application name: (Unknown),Application type: Trojan Worm,Application version: ,Hash type: SHA-1,Application hash: 72c874f212a18944ff56f774bfe7252346b93f8e,Company name: ,File size (bytes): 301568,Sensitivity: 0,Detection score: 40,Submission recommendation:1,Permitted application reason: 0,Source: Heuristic Scan,Risk name: ,Occurrences: 1,c:\claims\claims32.exe,"",Actual action: Left alone,Requested action: Left alone,Secondary action: Left alone,Event time: 2017-05-26 08:45:07,Inserted:2017-05-26 08:45:07,End:  2017-05-26 08:45:07,Domain: Default,Group: My Company\LTC\Desktops,Server: crasesssmc01,User: rogueUser-1,Source computer: ,Source IP: 0.0.0.0
<38>May 26 08:45:09 sshd[random_number_1_to_999999]: Accepted publickey for testuser-19 from 79.186.10.120 port 63462 ssh2
<86>May 26 08:45:10 apple.macosx.ibm.lab com.apple.SecurityServer: authinternal authenticated user testuser-3 (uid 983105).
<189>May 26 08:45:12 ['9.9.9.9'] authmgr[504]: <NOTI> login <00:1c:bf:ca:2b:98  83.87.204.105 testuser-78>method=802.1x, server=TEST001, role=Authenticated Update(status 0 method 0 role 16), reauth=1800 sec
<33>May 26 08:45:14 threecom.switch.ibm.lab %May 26 08:45:14 2017 S9500 FTPS/5/USEROUT: User testuser-10(64.87.88.123) logged out
<190>May 26 08:45:15 arbor.pravail.ibm.lab pravail-aps: Blocked Host: Blocked host 218.111.178.29 at 10:53 by Malformed HTTP Filtering using TCP/80 (HTTP) destination 134.162.218.139 source port 61753,URL: https://arbornetworks.pravail.test.com/chaos/
<129>May 26 08:45:17 barracuda.firewall.ibm.lab WF ALER CROSS_SITE_SCRIPTING_IN_URL 165.11.95.213 55338 60.128.218.231 80 security-policy GLOBAL DENY NONE [type="cross-site-scripting" pattern="script-tag" token="<script>"] GET 60.128.218.231/<script>alert(53416)</script> HTTP "-" ""-"" 60.128.218.231 48541 "-" "-"
<182>May 26 08:45:18 apache.httpd.ibm.lab httpd: 125.83.117.185 46.120.188.57 - - [26/May/2017:08:45:18 -0500] "GET /<script>alert(53416)</script> HTTP/1.1" 404 443 320
<33>May 26 08:45:20 threecom.switch.ibm.lab %May 26 08:45:20 2017 S9500 RTA/3/Failed to start accounting: Failed to start traffic accounting for user 201.150.192.18 on board 6
<13>May 26 08:45:21 microsoft.sec.ibm.lab AgentDevice=WindowsLog	AgentLogFile=Security	Source=Security	Computer=COMP-testuser-73	User=testuser-73	Domain=	EventID=540	EventIDCode=540	EventType=8	EventCategory=2	RecordNumber=951169	TimeGenerated=1495802721	TimeWritten=1495802721	Message=Successful Network Logon: User Name: Domain: Logon ID: (0x0,0x1094116) Logon Type: 3 Logon Process: NtLmSsp Authentication Package: NTLM Workstation Name: COMP-testuser-73 Logon GUID: - Caller User Name: - Caller Domain: - Caller Logon ID: - Caller Process ID: - Transited Services: - Source Network Address: 79.186.10.120 Source Port: 0
<13>May 26 08:45:23 checkpoint.firewall.ibm.lab 26May2017  checkpoint.firewall.ibm.lab product: SmartDefense; src: 33.195.94.29; s_port: ; dst: 76.130.65.198; service: ; proto: udp; rule: ;Attack Info: Bad domain format, illegal ASCII value in domain;Suppressed logs: 1;Total logs: 2;__policy_id_tag: product=VPN-1 & FireWall-1[db_tag={9B20E8EA-7DE6-11DD-B7D6-C0A832D11E1E};mgmt=fwmngt-zentral;date=1220906528;policy_name=Vulpine_gbl];alert: alert;attack: Invalid DNS;has_accounting: 0;i/f_dir: inbound;
<86>May 26 08:45:25 apple.macosx.ibm.lab com.apple.SecurityServer: authinternal authenticated user testuser-8 (uid 993040).
<83>May 26 08:45:26 apple.macosx.ibm.lab com.apple.SecurityServer: authinternal failed to authenticate user testuser-24.
<129>May 26 08:45:28 barracuda.firewall.ibm.lab WF ALER SLASH_DOT_IN_URL 56.219.18.103 62892 14.157.56.1 443 security-policy GLOBAL DENY NONE ["-"] GET 14.157.56.1/themes/default/css/.htaccess HTTPS "-" ""-"" 14.157.56.1 44428 "-" "-"
<33>May 26 08:45:29 threecom.switch.ibm.lab %May 26 08:45:29 2017 S9500 FTPS/5/USERIN: User testuser-37(79.186.10.120) login succeeded
<13>May 26 08:45:31 checkpoint.firewall.ibm.lab 26May2017  checkpoint.firewall.ibm.lab product: SmartDefense; src: 20.135.51.253; s_port: ; dst: 121.153.66.59; service: ; proto: udp; rule: ;Attack Info: Out-of-state DNS reply;Suppressed logs: 143;Total logs: 144;__policy_id_tag: product=VPN-1 & FireWall-1[db_tag={321A4EE6-7DEA-11DD-BFAA-C0A832822626};mgmt=fwmngt05;date=1220908070;policy_name=KillerWhale_gbl];alert: alert;attack: Invalid DNS;has_accounting: 0;i/f_dir: inbound;
<190>May 26 08:45:32 arbor.pravail.ibm.lab pravail-aps: Blocked Host: Blocked host 154.102.244.170 at 10:53 by Malformed HTTP Filtering using TCP/80 (HTTP) destination 86.110.12.208 source port 54051,URL: https://arbornetworks.pravail.test.com/chaos/
<38>May 26 08:45:34 syslog: ssh: failed login attempt for testuser-66 from 30.90.182.58
<187>May 26 08:45:36 ['9.9.9.9'] httpd[16986]: [error] [client 128.234.158.118] Invalid URI in request \xf7vMKp`ET&\xa4\x9c\xc9\xec\xd1\xd8j\r\xce\xd9\xd4\xb3\c7
<13>May 26 08:45:37 microsoft.sec.ibm.lab AgentDevice=WindowsLog	AgentLogFile=Security	Source=Security	Computer=COMP-testuser-24	User=testuser-24	Domain=	EventID=576	EventIDCode=576	EventType=8	EventCategory=2	RecordNumber=944536	TimeGenerated=1495802737	TimeWritten=1495802737	Message=Special privileges assigned to new logon: User Name: testuser-24 Domain: us.ibm.com Logon ID: (0x0,0x1085764) Privileges: SeSecurityPrivilege SeBackupPrivilege SeRestorePrivilege SeTakeOwnershipPrivilege SeDebugPrivilege SeSystemEnvironmentPrivilege SeLoadDriverPrivilege SeImpersonatePrivilege
