<54>May 26 08:11:38 SymantecServer symantec.endpoint.ibm.lab: Potential risk found,Computer name: COMP-1087849,Detection type: Heuristic,Application name: (Unknown),Application type: Trojan Worm,Application version: ,Hash type: SHA-1,Application hash: 72c874f212a18944ff56f774bfe7252346b93f8e,Company name: ,File size (bytes): 301568,Sensitivity: 0,Detection score: 40,Submission recommendation:1,Permitted application reason: 0,Source: Heuristic Scan,Risk name: ,Occurrences: 1,c:\claims\claims32.exe,"",Actual action: Left alone,Requested action: Left alone,Secondary action: Left alone,Event time: 2017-05-26 08:11:38,Inserted:2017-05-26 08:11:38,End:  2017-05-26 08:11:38,Domain: Default,Group: My Company\LTC\Desktops,Server: crasesssmc01,User: testuser-25,Source computer: ,Source IP: 0.0.0.0
<26>May 26 08:11:39 ambiron.ipangel.ibm.lab ipangel-ips: [2017-05-26 08:11:39-05] alert [Priority: 9] [119:14:1] [(http_inspect) NON-RFC DEFINED CHAR] 79.186.10.120:56899 TCP 31.60.4.216:80 br0
<187>May 26 08:11:41 ['9.9.9.9'] httpd[16986]: [error] [client 51.18.44.104] Invalid URI in request \xf7vMKp`ET&\xa4\x9c\xc9\xec\xd1\xd8j\r\xce\xd9\xd4\xb3\c7
<13>May 26 08:11:42 checkpoint.firewall.ibm.lab 26May2017 drop checkpoint.firewall.ibm.lab product: SmartDefense; src: 120.171.20.155; s_port: 53742; dst: 63.121.126.226; service: 443; proto: tcp; rule: 392;Attack Info: TCP segment out of maximum allowed sequence. Packet dropped.;Confidence Level: 0;Performance Impact: 0;Protection Name: TCP Segment Limit Enforcement;Protection Type: settings_tcp;Severity: 0;SmartDefense Profile: Boticario_DMZ_Protection;__policy_id_tag: product=VPN-1 & FireWall-1[db_tag={E94ECB65-34C0-4740-9634-761E1604C8BC};mgmt=SJP1PLNX036-DMZ;date=1424714440;policy_name=DMZ];attack: Streaming Engine: TCP Segment Limit Enforcement;has_accounting: 0;i/f_dir: inbound;i/f_name: eth2-01.2809;origin_sic_name: CN=TEST-DMZ1,O=log_server_hostname;protection_id: tcp_segment_limit;rule_uid: {499DBB08-D262-4D9F-B639-5337A7B36E59};snid: 7572c682;src_machine_name: COMP-testuser-58;src_user_name: testuser-58 ;user: testuser-58 ;
<187>May 26 08:11:44 ['9.9.9.9'] httpd[16986]: [error] [client 54.11.145.63] Invalid URI in request \xf7vMKp`ET&\xa4\x9c\xc9\xec\xd1\xd8j\r\xce\xd9\xd4\xb3\c7
<182>May 26 08:11:45 apache.httpd.ibm.lab httpd: 30.90.182.58 58.42.111.233 - - [26/May/2017:08:11:45 -0500] "TRACE / HTTP/1.0" 403 443 272
<13>May 26 08:11:47 microsoft.sec.ibm.lab AgentDevice=WindowsLog	AgentLogFile=Security	Source=Security	Computer=COMP-rogueUser-3	User=rogueUser-3	Domain=	EventID=673	EventIDCode=673	EventType=8	EventCategory=9	RecordNumber=535872	TimeGenerated=1495800707	TimeWritten=1495800707	Message=Service Ticket Request:  User Name: rogueUser-3@us.ibm.com User Domain: us.ibm.com Service Name: MAIL$  Service ID: %{S-3-2-1-E245C7} Ticket Options:  0x40810000   Ticket Encryption Type: 0x17 Client Address: 20.135.51.253 Failure Code: - LogonGUID: {E245C7-f005ba11-ba5eba11} Transited Services: - 
<33>May 26 08:11:49 threecom.switch.ibm.lab %May 26 08:11:49 2017 S9500 PORTAL/5/PT_LOG: Online user 56.219.18.103 changes to 87.64.54.236, we will cut it off as using traffic-acct.
<182>May 26 08:11:50 apache.httpd.ibm.lab httpd: 212.2.111.4 73.169.178.236 - - [26/May/2017:08:11:50 -0500] "GET /../../../../../../../../../../../ HTTP/1.1" 400 443 307
<54>May 26 08:11:52 SymantecServer symantec.endpoint.ibm.lab: Security risk found,Computer name: COMP-1104601,Source: Scheduled Scan,Risk name: VirusDoctor,Occurrences: 1,c:/System Volume Information/_restore{A3F5C2A3-F289-4356-B021-1FEFEFB73CBD}/RP243/A0070465.exe,"",Actual action: Quarantined,Requested action: Quarantined,Secondary action: Left alone,Event time: 2017-05-26 08:11:52,Inserted:2017-05-26 08:11:52,End: 2017-05-26 08:11:52,Domain: Default,Group: My Company	est,Server: avp1,User: testuser-96,Source computer:  ,Source IP: 0.0.0.0
<13>May 26 08:11:53 checkpoint.firewall.ibm.lab 26May2017 drop checkpoint.firewall.ibm.lab product: VPN-1 &FireWall-1; src: 165.11.95.213; s_port: 56487; dst: 107.176.35.33; service: 138; proto: udp; rule: 323;SmartDefense profile: Default_Protection;__policy_id_tag: product=VPN-1 & FireWall-1[db_tag={48AB8350-7F61-11DD-887D-C0A832D16C6C};mgmt=fwmngt-zentral;date=1221069169;policy_name=Chameleon_gbl];has_accounting: 0;i/f_dir: inbound;i/f_name: eth-s1/s1p1c0;rule_uid: {21D66174-0E19-4B77-A1E9-3473FE991088};
<189>May 26 08:11:55 ['9.9.9.9'] authmgr[504]: <NOTI> login <00:1c:bf:ca:2b:98  120.171.20.155 testuser-85>method=802.1x, server=TEST001, role=Authenticated Update(status 0 method 0 role 16), reauth=1800 sec
<129>May 26 08:11:56 barracuda.firewall.ibm.lab WF ALER CROSS_SITE_SCRIPTING_IN_URL 30.90.182.58 53092 157.166.127.73 80 security-policy GLOBAL DENY NONE [type="cross-site-scripting" pattern="script-tag" token="<script>"] GET 157.166.127.73/<script>alert(53416)</script> HTTP "-" ""-"" 157.166.127.73 48541 "-" "-"
<129>May 26 08:11:58 barracuda.firewall.ibm.lab WF ALER CROSS_SITE_SCRIPTING_IN_PARAM 137.38.197.140 63427 70.234.73.235 443 security-policy GLOBAL DENY NONE [type="cross-site-scripting" pattern="script-tag" token="<script>" Parameter="url" value="<script>alert(5341)</script>"] GET 70.234.73.235/redirect.asp?url=<script>alert(5341)</script> HTTPS "-" ""-"" 70.234.73.235 59845 "-" "-"
<13>May 26 08:12:00 checkpoint.firewall.ibm.lab 26May2017  checkpoint.firewall.ibm.lab product: SmartDefense; src: 51.18.44.104; s_port: ; dst: 162.22.207.16; service: ; proto: icmp; rule: ;Attack Info: Echo request too big;Suppressed logs: 1;Total logs: 2;__policy_id_tag: product=VPN-1 & FireWall-1[db_tag={B5A7057E-7F61-11DD-AA43-C0A832D12424};mgmt=fwmngt-zentral;date=1221069352;policy_name=Spider_gbl];alert: alert;attack: Large ping;has_accounting: 0;i/f_dir: inbound;
<13>May 26 08:12:01 checkpoint.firewall.ibm.lab 26May2017  checkpoint.firewall.ibm.lab product: SmartDefense; src: 51.18.44.104; s_port: ; dst: 206.145.220.121; service: ; proto: udp; rule: ;Attack Info: Bad domain format, illegal ASCII value in domain;Suppressed logs: 1;Total logs: 2;__policy_id_tag: product=VPN-1 & FireWall-1[db_tag={9B20E8EA-7DE6-11DD-B7D6-C0A832D11E1E};mgmt=fwmngt-zentral;date=1220906528;policy_name=Vulpine_gbl];alert: alert;attack: Invalid DNS;has_accounting: 0;i/f_dir: inbound;
<129>May 26 08:12:03 barracuda.firewall.ibm.lab WF ALER METACHARACTER_IN_PARAMETER 165.11.95.213 53458 170.218.11.140 443 security-policy GLOBAL DENY NONE [token="%00 " Parameter="article" value="../../../../../../../../etc/passwd"] GET 170.218.11.140/talkback.cgi?article=../../../../../../../../etc/passwd%00&action=view&matchview=1 HTTPS "-" ""-"" 170.218.11.140 53458 "-" "-"
<179>May 26 08:12:04 apache.httpd.ibm.lab httpd[5570]: [ID 702911 local6.error] [error] [client 30.90.182.58] Certificate Verification: Error (10): certificate has expired
<179>May 26 08:12:06 apache.httpd.ibm.lab httpd[5570]: [ID 702911 local6.error] [error] [client 218.111.178.29] Certificate Verification: Error (10): certificate has expired
<26>May 26 08:12:07 ambiron.ipangel.ibm.lab ipangel-ips: [2017-05-26 08:12:07-05] alert [Priority: 9] [119:14:1] [(http_inspect) NON-RFC DEFINED CHAR] 79.186.10.120:53869 TCP 106.251.21.62:80 br0
<189>May 26 08:12:09 ['9.9.9.9'] authmgr[504]: <NOTI> login <00:1c:bf:ca:2b:98  165.11.95.213 testuser-56>method=802.1x, server=TEST001, role=Authenticated Update(status 0 method 0 role 16), reauth=1800 sec
<189>May 26 08:12:10 ['9.9.9.9'] authmgr[504]: <NOTI> login <00:1c:bf:ca:2b:98  202.207.224.25 testuser-21>method=802.1x, server=TEST001, role=Authenticated Update(status 0 method 0 role 16), reauth=1800 sec
<14>May 26 08:12:12 Message forwarded from aix.ibm.lab: ftp[random_number_1_to_999999]: ftp: IMPORT user rogueUser-2, host 137.38.197.140, local test_file, remote /data/savedata/test_file.dat.
<38>May 26 08:12:14 sshd[249558]: Address 179.174.48.208 maps to test.ibm.com, but this does not map back to the address - POSSIBLE BREAK-IN ATTEMPT!
<182>May 26 08:12:15 apache.httpd.ibm.lab httpd: 56.219.18.103 200.146.101.49 - - [26/May/2017:08:12:15 -0500] "GET /<script>alert(53416)</script> HTTP/1.1" 404 443 320
<182>May 26 08:12:17 apache.httpd.ibm.lab httpd: 64.87.88.123 51.55.185.132 - - [26/May/2017:08:12:17 -0500] "GET /<script>alert(53416)</script> HTTP/1.1" 404 443 320
<33>May 26 08:12:18 threecom.switch.ibm.lab %May 26 08:12:18 2017 S9500 VTY/5/VTY_LOG:  TELNET user failed to login from 136.38.97.190(000D-88F6-60E0) on VTY0.
<25>May 26 08:12:20 ambiron.ipangel.ibm.lab ipangel-ips: [2017-05-26 08:12:20-05] alert [Priority: 9] [116:46:1] [(snort_decoder) WARNING: TCP Data Offset is less than 5!] 30.90.182.58:65476 TCP 98.229.13.99:80 br0
<190>May 26 08:12:21 arbor.pravail.ibm.lab pravail-aps: Blocked Host: Blocked host 132.146.155.198 at 10:52 by Invalid Packets using TCP/0 (Unknown) destination 11.114.253.48,URL: https://arbornetworks.pravail.test.com/chaos/
<13>May 26 08:12:23 checkpoint.firewall.ibm.lab 26May2017 drop checkpoint.firewall.ibm.lab product: SmartDefense; src: 56.219.18.103; s_port: 51263; dst: 163.251.5.82; service: 443; proto: tcp; rule: 392;Attack Info: TCP segment out of maximum allowed sequence. Packet dropped.;Confidence Level: 0;Performance Impact: 0;Protection Name: TCP Segment Limit Enforcement;Protection Type: settings_tcp;Severity: 0;SmartDefense Profile: Boticario_DMZ_Protection;__policy_id_tag: product=VPN-1 & FireWall-1[db_tag={E94ECB65-34C0-4740-9634-761E1604C8BC};mgmt=SJP1PLNX036-DMZ;date=1424714440;policy_name=DMZ];attack: Streaming Engine: TCP Segment Limit Enforcement;has_accounting: 0;i/f_dir: inbound;i/f_name: eth2-01.2809;origin_sic_name: CN=TEST-DMZ1,O=log_server_hostname;protection_id: tcp_segment_limit;rule_uid: {499DBB08-D262-4D9F-B639-5337A7B36E59};snid: 7572c682;src_machine_name: COMP-testuser-25;src_user_name: testuser-25 ;user: testuser-25 ;
<133>May 26 08:12:25 microsoft.event.ibm.lab MSWinEventLog 1 Security 102757633 Fri May 26 08:12:25 2017 4907 Microsoft-Windows-Security-Auditing N/A N/A Success Audit testuser-31 Audit Policy Change Auditing settings on object were changed. Subject: Security ID: S-1-5-18 Account Name: testuser-31 Account Domain: us.ibm.com Logon ID: 0x1081600 Object: Object Server: Security Object Type: File Object Name: \Windows\winsxs\test.wav Handle ID: 0x3a8 Process Information: Process ID: 0x3E6D22 Process Name: C:\Windows\System32\wbengine.exe Auditing Settings: Original Security Descriptor: S:AI(AU;A;;WD) New Security Descriptor: S:ARAI(AU;SAFA;;;;WD)(AU;IDFA;B;;;WD) 757655
<13>May 26 08:12:26 checkpoint.firewall.ibm.lab 26May2017  checkpoint.firewall.ibm.lab product: SmartDefense; src: 212.2.111.4; s_port: ; dst: 199.246.17.184; service: ; proto: udp; rule: ;Attack Info: Out-of-state DNS reply;Suppressed logs: 143;Total logs: 144;__policy_id_tag: product=VPN-1 & FireWall-1[db_tag={321A4EE6-7DEA-11DD-BFAA-C0A832822626};mgmt=fwmngt05;date=1220908070;policy_name=KillerWhale_gbl];alert: alert;attack: Invalid DNS;has_accounting: 0;i/f_dir: inbound;
<33>May 26 08:12:28 threecom.switch.ibm.lab %May 26 08:12:28 2017 S9500 PORTAL/5/PT_LOG: Online user 201.150.192.18 changes to 21.207.220.59, we will cut it off as using traffic-acct.
<38>May 26 08:12:29 sshd[873431]: Failed keyboard-interactive for invalid user testuser-42 from 201.150.192.18 port 58570 ssh2
<54>May 26 08:12:31 SymantecServer symantec.endpoint.ibm.lab: Potential risk found,Computer name: COMP-984064,Detection type: Heuristic,Application name: (Unknown),Application type: Trojan Worm,Application version: ,Hash type: SHA-1,Application hash: 72c874f212a18944ff56f774bfe7252346b93f8e,Company name: ,File size (bytes): 301568,Sensitivity: 0,Detection score: 40,Submission recommendation:1,Permitted application reason: 0,Source: Heuristic Scan,Risk name: ,Occurrences: 1,c:\claims\claims32.exe,"",Actual action: Left alone,Requested action: Left alone,Secondary action: Left alone,Event time: 2017-05-26 08:12:31,Inserted:2017-05-26 08:12:31,End:  2017-05-26 08:12:31,Domain: Default,Group: My Company\LTC\Desktops,Server: crasesssmc01,User: testuser-4,Source computer: ,Source IP: 0.0.0.0
<50>May 26 08:12:32 SymantecServer symantec.endpoint.ibm.lab: testbox-xyz,[SID: 70025] Web Attack: Blackhole Exploit Toolkit 2 attack blocked. Traffic has been blocked for this application: C:\Program Files\Internet Explorer\iexplore.exe,Local: 0.0.0.0,Local: 000000000000,Remote: ,Remote: 0.0.0.0,Remote: 000000000000,Inbound,OTHERS,,Begin: 2017-05-26 08:12:32,End: 2017-05-26 08:12:32,Occurrences: 1,Application: C:/Program Files/Internet Explorer/iexplore.exe,Location: Default,User: testuser-65,Domain: SIMON,!ExternalLoggingTask.localport! 0,!ExternalLoggingTask.remoteport! 0,!ExternalLoggingTask.cidssignid! 70025,!ExternalLoggingTask.strcidssignid! Web Attack: Blackhole Exploit Toolkit 2,!ExternalLoggingTask.cidssignsubid! 0,!ExternalLoggingTask.intrusionurl! http://pppptttt.blah.net/links/came_broadcasting_taking-various.php,!ExternalLoggingTask.intrusionpayloadurl!
<26>May 26 08:12:34 ambiron.ipangel.ibm.lab ipangel-ips: [2017-05-26 08:12:34-05] alert [Priority: 9] [119:14:1] [(http_inspect) NON-RFC DEFINED CHAR] 218.111.178.29:54878 TCP 146.224.24.26:80 br0
<25>May 26 08:12:36 apple.macosx.ibm.lab DirectoryService[51]: Failed Authentication return is being delayed due to over five recent auth failures for username: testuser-97.
<86>May 26 08:12:37 apple.macosx.ibm.lab com.apple.SecurityServer: uid 90960 succeeded authenticating as user admin (uid 501) for right system.install.root.user.
<189>May 26 08:12:39 ['9.9.9.9'] authmgr[504]: <NOTI> login <00:1c:bf:ca:2b:98  30.90.182.58 testuser-39>method=802.1x, server=TEST001, role=Authenticated Update(status 0 method 0 role 16), reauth=1800 sec
<25>May 26 08:12:40 ambiron.ipangel.ibm.lab ipangel-ips: [2017-05-26 08:12:40-05] alert [Priority: 9] [116:46:1] [(snort_decoder) WARNING: TCP Data Offset is less than 5!] 165.11.95.213:61388 TCP 148.40.11.176:80 br0
<189>May 26 08:12:42 ['9.9.9.9'] authmgr[504]: <NOTI> login <00:1c:bf:ca:2b:98  179.174.48.208 testuser-88>method=802.1x, server=TEST001, role=Authenticated Update(status 0 method 0 role 16), reauth=1800 sec
<13>May 26 08:12:43 checkpoint.firewall.ibm.lab 26May2017 reject checkpoint.firewall.ibm.lab product: VPN-1 & FireWall-1; src: 125.83.117.185; s_port: 58725; dst: 139.241.38.3; service: 113; proto: tcp; rule: 14;SmartDefense profile: Default_Protection;__policy_id_tag: product=VPN-1 & FireWall-1[db_tag={25E5B8F6-79E7-11DD-941A-C0A832D00C0C};mgmt=fwmngt-wuv;date=1220466957;policy_name=rhino_gbl];has_accounting: 0;i/f_dir: inbound;i/f_name: eth-s2/s1p1c0;rule_uid: {9C96B325-D976-4A30-8685-9ED61018A6E7};service_id: gident;
<13>May 26 08:12:45 checkpoint.firewall.ibm.lab 26May2017  checkpoint.firewall.ibm.lab product: SmartDefense; src: 218.111.178.29; s_port: ; dst: 2.249.221.247; service: ; proto: icmp; rule: ;Attack Info: Echo request too big;Suppressed logs: 1;Total logs: 2;__policy_id_tag: product=VPN-1 & FireWall-1[db_tag={B5A7057E-7F61-11DD-AA43-C0A832D12424};mgmt=fwmngt-zentral;date=1221069352;policy_name=Spider_gbl];alert: alert;attack: Large ping;has_accounting: 0;i/f_dir: inbound;
<129>May 26 08:12:46 barracuda.firewall.ibm.lab WF ALER METHOD_NOT_ALLOWED 56.219.18.103 54803 148.230.226.249 80 security-policy GLOBAL DENY NONE [Method="ABCD"] ABCD 148.230.226.249/ HTTP "-" ""-"" 148.230.226.249 48536 "-" "-"
<182>May 26 08:12:48 apache.httpd.ibm.lab httpd: 54.11.145.63 189.244.108.8 - - [26/May/2017:08:12:48 -0500] "HEAD / HTTP/1.1" 200 443 -
<13>May 26 08:12:50 microsoft.sec.ibm.lab AgentDevice=WindowsLog	AgentLogFile=Security	Source=Security	Computer=COMP-testuser-38	User=testuser-38	Domain=	EventID=529	EventIDCode=529	EventType=16	EventCategory=2	RecordNumber=322346	TimeGenerated=1495800770	TimeWritten=1495800770	Message=Successful Network Logon: User Name: Domain: Logon ID: (0x0,0x1096209) Logon Type: 3 Logon Process: NtLmSsp Authentication Package: NTLM Workstation Name: COMP-testuser-38 Logon GUID: - Caller User Name: - Caller Domain: - Caller Logon ID: - Caller Process ID: - Transited Services: - Source Network Address: 78.9.71.85 Source Port: 0
<190>May 26 08:12:51 arbor.pravail.ibm.lab pravail-aps: Blocked Host: Blocked host 165.11.95.213 10:53 by TCP Connection Reset using TCP/57799 (Unknown) destination 91.111.242.202 source port 443,URL: https://arbornetworks.pravail.test.com/chaos/
<33>May 26 08:12:53 threecom.switch.ibm.lab %May 26 08:12:53 2017 S9500 RTA/3/Failed to start accounting: Failed to start traffic accounting for user 44.111.228.125 on board 6
<13>May 26 08:12:54 checkpoint.firewall.ibm.lab 26May2017  checkpoint.firewall.ibm.lab product: SmartDefense; src: 165.11.95.213; s_port: ; dst: 48.169.223.14; service: ; proto: udp; rule: ;Attack Info: Bad domain format, illegal ASCII value in domain;Suppressed logs: 1;Total logs: 2;__policy_id_tag: product=VPN-1 & FireWall-1[db_tag={9B20E8EA-7DE6-11DD-B7D6-C0A832D11E1E};mgmt=fwmngt-zentral;date=1220906528;policy_name=Vulpine_gbl];alert: alert;attack: Invalid DNS;has_accounting: 0;i/f_dir: inbound;
<129>May 26 08:12:56 barracuda.firewall.ibm.lab WF ALER CROSS_SITE_SCRIPTING_IN_URL 137.38.197.140 56835 220.149.177.149 80 security-policy GLOBAL DENY NONE [type="cross-site-scripting" pattern="script-tag" token="<script>"] GET 220.149.177.149/<script>alert(53416)</script> HTTP "-" ""-"" 220.149.177.149 48541 "-" "-"
<83>May 26 08:12:57 apple.macosx.ibm.lab com.apple.SecurityServer: authinternal failed to authenticate user testuser-70.
<133>May 26 08:12:59 microsoft.event.ibm.lab MSWinEventLog 1 Security 102757633 Fri May 26 08:12:59 2017 4907 Microsoft-Windows-Security-Auditing N/A N/A Success Audit testuser-86 Audit Policy Change Auditing settings on object were changed. Subject: Security ID: S-1-5-18 Account Name: testuser-86 Account Domain: us.ibm.com Logon ID: 0x1102500 Object: Object Server: Security Object Type: File Object Name: \Windows\winsxs\test.wav Handle ID: 0x3a8 Process Information: Process ID: 0x80B55B Process Name: C:\Windows\System32\wbengine.exe Auditing Settings: Original Security Descriptor: S:AI(AU;A;;WD) New Security Descriptor: S:ARAI(AU;SAFA;;;;WD)(AU;IDFA;B;;;WD) 292453
<54>May 26 08:13:01 SymantecServer symantec.endpoint.ibm.lab: DCA-EMAPROJ2,Allowed,"C:\Program Files\Common Files\Symantec Shared\ccSvcHst.exe",,Begin: 2017-05-26 08:13:01,End:2017-05-26 08:13:01,Rule: ,2528,C:/Program Files/Microsoft Virtual Server/vmh.exe,0,,C:/ProgramFiles/Common Files/Symantec Shared/ccSvcHst.exe,User: rogueUser-1,Domain: US
<190>May 26 08:13:02 arbor.pravail.ibm.lab pravail-aps: Blocked Host: Blocked host 79.186.10.120 at 10:52 by Invalid Packets using TCP/0 (Unknown) destination 214.167.146.211,URL: https://arbornetworks.pravail.test.com/chaos/
<189>May 26 08:13:04 ['9.9.9.9'] authmgr[504]: <NOTI> login <00:1c:bf:ca:2b:98  56.219.18.103 testuser-70>method=802.1x, server=TEST001, role=Authenticated Update(status 0 method 0 role 16), reauth=1800 sec
<33>May 26 08:13:05 threecom.switch.ibm.lab %May 26 08:13:05 2017 S9500 FTPS/5/USEROUT: User testuser-17(136.38.97.190) logged out
<187>May 26 08:13:07 ['9.9.9.9'] httpd[16986]: [error] [client 125.83.117.185] Invalid URI in request \xf7vMKp`ET&\xa4\x9c\xc9\xec\xd1\xd8j\r\xce\xd9\xd4\xb3\c7
<129>May 26 08:13:08 barracuda.firewall.ibm.lab WF ALER CROSS_SITE_SCRIPTING_IN_PARAM 33.195.94.29 63276 214.23.114.195 443 security-policy GLOBAL DENY NONE [type="cross-site-scripting" pattern="script-tag" token="<script>" Parameter="url" value="<script>alert(5341)</script>"] GET 214.23.114.195/redirect.asp?url=<script>alert(5341)</script> HTTPS "-" ""-"" 214.23.114.195 59845 "-" "-"
<25>May 26 08:13:10 ambiron.ipangel.ibm.lab ipangel-ips: [2017-05-26 08:13:10-05] alert [Priority: 9] [116:46:1] [(snort_decoder) WARNING: TCP Data Offset is less than 5!] 136.38.97.190:61283 TCP 150.76.228.185:80 br0
<54>May 26 08:13:12 SymantecServer symantec.endpoint.ibm.lab: Commercial application detected,Computer name: COMP-1089936,Detection type: Commercial,Application name: DameWare Development DWRCS,Application type: Remote Control,Application version: 5\~ 5\~ 0\~ 0,Hash type: SHA-1,Application hash: 4670d9eeeab7449788be3b18e9364ef0088b900e,Company name: DameWare Development LLC,File size (bytes): 208896,Sensitivity: 0,Detection score: 1,Submission recommendation: 0,Permitted application reason: 0,Source: Heuristic Scan,Risk name:  ,Occurrences: 1,DWMRCS,"DWMRCS",Actual action: Left alone,Requested action: Left alone,Secondary action: Commercial application detection,Event time: 2017-05-26 08:13:12,Inserted: 2017-05-26 08:13:12,End: 2017-05-26 08:13:12,Domain: Default,Group: My Company	est,Server: testbox,User: testuser-80,Source computer:  ,Source IP: 0.0.0.0
<157>May 26 08:13:13 microsoft.event.ibm.lab MSWinEventLog	4	Security	60703	Fri May 26 08:13:13 2017	552	Security	NETWORK SERVICE	Well Known Group	Success Audit	testuser-97	Logon/Logoff		Logon attempt using explicit credentials: Logged on user:  User Name: NETWORK SERVICE  Domain: NT AUTHORITY  Logon ID: (0x0,0x1106704)  Logon GUID: -  User whose credentials were used:  Target User Name: testuser-97  Target Domain: us.ibm.com Target Logon GUID: -  Target Server Name: localhost  Target Server Info: localhost  Caller Process ID: 241339  Source Network Address: -  Source Port: - 	56794
<129>May 26 08:13:15 barracuda.firewall.ibm.lab WF ALER METHOD_NOT_ALLOWED 132.146.155.198 57765 61.138.6.55 80 security-policy GLOBAL DENY NONE [Method="ABCD"] ABCD 61.138.6.55/ HTTP "-" ""-"" 61.138.6.55 48536 "-" "-"
<33>May 26 08:13:16 threecom.switch.ibm.lab %May 26 08:13:16 2017 S9500 FTPS/5/USERIN: User testuser-54(218.111.178.29) login succeeded
<38>May 26 08:13:18 sshd[random_number_1_to_999999]: Accepted keyboard-interactive/pam for testuser-77 from 212.2.111.4 port 54896 ssh2
<34>May 26 08:13:18 Message forwarded from aix.ibm.lab: su: BAD SU from testuser-77 to root at /dev/pts/3
<83>May 26 08:13:19 apple.macosx.ibm.lab sshd[5590]: error: PAM: Authentication failure for illegal user testuser-31 from 155.86.235.244<86>May 26 08:13:21 apple.macosx.ibm.lab sshd[5590]: Failed password for invalid user testuser-64 from 79.186.10.120 port 49348 ssh2
<190>May 26 08:13:22 arbor.pravail.ibm.lab pravail-aps: Blocked Host: Blocked host 218.111.178.29 at 10:52 by Invalid Packets using TCP/0 (Unknown) destination 135.120.73.9,URL: https://arbornetworks.pravail.test.com/chaos/
<182>May 26 08:13:24 apache.httpd.ibm.lab httpd: 136.38.97.190 55.176.87.176 - - [26/May/2017:08:13:24 -0500] "GET /../../../../../../../../../../../ HTTP/1.1" 400 443 307
<33>May 26 08:13:26 threecom.switch.ibm.lab %May 26 08:13:26 2017 S9500 AAA/2/Serious error!: User testuser-95, in ACM send msg to SC failed! Returns 1 srcID 6 msgType 16384.
<13>May 26 08:13:27 checkpoint.firewall.ibm.lab 26May2017 drop checkpoint.firewall.ibm.lab product: VPN-1 &FireWall-1; src: 136.38.97.190; s_port: 54449; dst: 75.157.169.215; service: 138; proto: udp; rule: 323;SmartDefense profile: Default_Protection;__policy_id_tag: product=VPN-1 & FireWall-1[db_tag={48AB8350-7F61-11DD-887D-C0A832D16C6C};mgmt=fwmngt-zentral;date=1221069169;policy_name=Chameleon_gbl];has_accounting: 0;i/f_dir: inbound;i/f_name: eth-s1/s1p1c0;rule_uid: {21D66174-0E19-4B77-A1E9-3473FE991088};
<13>May 26 08:13:29 checkpoint.firewall.ibm.lab 26May2017 drop checkpoint.firewall.ibm.lab product: VPN-1 &FireWall-1; src: 125.83.117.185; s_port: 64957; dst: 115.108.190.2; service: 138; proto: udp; rule: 323;SmartDefense profile: Default_Protection;__policy_id_tag: product=VPN-1 & FireWall-1[db_tag={48AB8350-7F61-11DD-887D-C0A832D16C6C};mgmt=fwmngt-zentral;date=1221069169;policy_name=Chameleon_gbl];has_accounting: 0;i/f_dir: inbound;i/f_name: eth-s1/s1p1c0;rule_uid: {21D66174-0E19-4B77-A1E9-3473FE991088};
<50>May 26 08:13:30 SymantecServer symantec.endpoint.ibm.lab: testbox-xyz,[SID: 70025] Web Attack: Blackhole Exploit Toolkit 2 attack blocked. Traffic has been blocked for this application: C:\Program Files\Internet Explorer\iexplore.exe,Local: 0.0.0.0,Local: 000000000000,Remote: ,Remote: 0.0.0.0,Remote: 000000000000,Inbound,OTHERS,,Begin: 2017-05-26 08:13:30,End: 2017-05-26 08:13:30,Occurrences: 1,Application: C:/Program Files/Internet Explorer/iexplore.exe,Location: Default,User: testuser-36,Domain: SIMON,!ExternalLoggingTask.localport! 0,!ExternalLoggingTask.remoteport! 0,!ExternalLoggingTask.cidssignid! 70025,!ExternalLoggingTask.strcidssignid! Web Attack: Blackhole Exploit Toolkit 2,!ExternalLoggingTask.cidssignsubid! 0,!ExternalLoggingTask.intrusionurl! http://pppptttt.blah.net/links/came_broadcasting_taking-various.php,!ExternalLoggingTask.intrusionpayloadurl!
<33>May 26 08:13:32 threecom.switch.ibm.lab %May 26 08:13:32 2017 S9500 AAA/2/Serious error!: User testuser-76, in ACM send msg to SC failed! Returns 1 srcID 6 msgType 16384.
<157>May 26 08:13:33 microsoft.event.ibm.lab MSWinEventLog	4	Security	60703	Fri May 26 08:13:33 2017	552	Security	NETWORK SERVICE	Well Known Group	Success Audit	testuser-73	Logon/Logoff		Logon attempt using explicit credentials: Logged on user:  User Name: NETWORK SERVICE  Domain: NT AUTHORITY  Logon ID: (0x0,0x1094116)  Logon GUID: -  User whose credentials were used:  Target User Name: testuser-73  Target Domain: us.ibm.com Target Logon GUID: -  Target Server Name: localhost  Target Server Info: localhost  Caller Process ID: 664940  Source Network Address: -  Source Port: - 	56794
<86>May 26 08:13:35 apple.macosx.ibm.lab sshd[5590]: Failed password for invalid user testuser-69 from 83.87.204.105 port 61996 ssh2
<182>May 26 08:13:37 apache.httpd.ibm.lab httpd: 201.150.192.18 197.131.179.158 - - [26/May/2017:08:13:37 -0500] "TRACE / HTTP/1.0" 403 443 272
<86>May 26 08:13:38 apple.macosx.ibm.lab com.apple.SecurityServer: uid 118273 succeeded authenticating as user admin (uid 501) for right system.install.root.user.
<129>May 26 08:13:40 barracuda.firewall.ibm.lab WF ALER CROSS_SITE_SCRIPTING_IN_PARAM 54.11.145.63 63055 80.16.49.73 443 security-policy GLOBAL DENY NONE [type="cross-site-scripting" pattern="script-tag" token="<script>" Parameter="url" value="<script>alert(5341)</script>"] GET 80.16.49.73/redirect.asp?url=<script>alert(5341)</script> HTTPS "-" ""-"" 80.16.49.73 59845 "-" "-"
<13>May 26 08:13:41 checkpoint.firewall.ibm.lab 26May2017 drop checkpoint.firewall.ibm.lab product: VPN-1 &FireWall-1; src: 51.18.44.104; s_port: 53314; dst: 219.106.195.228; service: 138; proto: udp; rule: 323;SmartDefense profile: Default_Protection;__policy_id_tag: product=VPN-1 & FireWall-1[db_tag={48AB8350-7F61-11DD-887D-C0A832D16C6C};mgmt=fwmngt-zentral;date=1221069169;policy_name=Chameleon_gbl];has_accounting: 0;i/f_dir: inbound;i/f_name: eth-s1/s1p1c0;rule_uid: {21D66174-0E19-4B77-A1E9-3473FE991088};
<13>May 26 08:13:43 microsoft.sec.ibm.lab AgentDevice=WindowsLog	AgentLogFile=Security	Source=Security	Computer=COMP-testuser-41	User=testuser-41	Domain=	EventID=675	EventIDCode=675	EventType=16	EventCategory=9	RecordNumber=567973	TimeGenerated=1495800823	TimeWritten=1495800823	Message=Pre-authentication failed: User Name: testuser-41 User ID: %{S-1-2-3-1083681} Service Name: krbtgt Pre-Authentication Type: 0x2 Failure Code: 0x18 Client Address: 125.83.117.185 
<83>May 26 08:13:44 apple.macosx.ibm.lab sshd[5590]: error: PAM: Authentication failure for illegal user testuser-2 from 59.169.129.66<29>May 26 08:13:46 Message forwarded from aix.ibm.lab: telnetd[19300674090276]: telnet from ::ffff:201.150.192.18 on /dev/pts/1
<133>May 26 08:13:48 microsoft.event.ibm.lab MSWinEventLog 1 Security 102757633 Fri May 26 08:13:48 2017 4907 Microsoft-Windows-Security-Auditing N/A N/A Success Audit testuser-11 Audit Policy Change Auditing settings on object were changed. Subject: Security ID: S-1-5-18 Account Name: testuser-11 Account Domain: us.ibm.com Logon ID: 0x1077444 Object: Object Server: Security Object Type: File Object Name: \Windows\winsxs\test.wav Handle ID: 0x3a8 Process Information: Process ID: 0x1F7DF1 Process Name: C:\Windows\System32\wbengine.exe Auditing Settings: Original Security Descriptor: S:AI(AU;A;;WD) New Security Descriptor: S:ARAI(AU;SAFA;;;;WD)(AU;IDFA;B;;;WD) 739928
<157>May 26 08:13:49 microsoft.event.ibm.lab MSWinEventLog	4	Security	60703	Fri May 26 08:13:49 2017	552	Security	NETWORK SERVICE	Well Known Group	Success Audit	testuser-12	Logon/Logoff		Logon attempt using explicit credentials: Logged on user:  User Name: NETWORK SERVICE  Domain: NT AUTHORITY  Logon ID: (0x0,0x1079521)  Logon GUID: -  User whose credentials were used:  Target User Name: testuser-12  Target Domain: us.ibm.com Target Logon GUID: -  Target Server Name: localhost  Target Server Info: localhost  Caller Process ID: 6032  Source Network Address: -  Source Port: - 	56794
<13>May 26 08:13:51 microsoft.sec.ibm.lab AgentDevice=WindowsLog	AgentLogFile=Security	Source=Security	Computer=COMP-testuser-41	User=testuser-41	Domain=	EventID=680	EventIDCode=680	EventType=8	EventCategory=9	RecordNumber=947444	TimeGenerated=1495800831	TimeWritten=1495800831	Message=Logon attempt by: MICROSOFT_AUTHENTICATION_PACKAGE_V1_0 Logon account: testuser-41 Source Workstation: COMP-testuser-41 Error Code: 0x0 
<13>May 26 08:13:52 checkpoint.firewall.ibm.lab 26May2017 reject checkpoint.firewall.ibm.lab product: VPN-1 & FireWall-1; src: 201.150.192.18; s_port: 65377; dst: 13.218.117.43; service: 113; proto: tcp; rule: 14;SmartDefense profile: Default_Protection;__policy_id_tag: product=VPN-1 & FireWall-1[db_tag={25E5B8F6-79E7-11DD-941A-C0A832D00C0C};mgmt=fwmngt-wuv;date=1220466957;policy_name=rhino_gbl];has_accounting: 0;i/f_dir: inbound;i/f_name: eth-s2/s1p1c0;rule_uid: {9C96B325-D976-4A30-8685-9ED61018A6E7};service_id: gident;
<13>May 26 08:13:54 checkpoint.firewall.ibm.lab 26May2017 drop checkpoint.firewall.ibm.lab product: SmartDefense; src: 218.111.178.29; s_port: 54451; dst: 221.70.251.81; service: 443; proto: tcp; rule: 392;Attack Info: TCP segment out of maximum allowed sequence. Packet dropped.;Confidence Level: 0;Performance Impact: 0;Protection Name: TCP Segment Limit Enforcement;Protection Type: settings_tcp;Severity: 0;SmartDefense Profile: Boticario_DMZ_Protection;__policy_id_tag: product=VPN-1 & FireWall-1[db_tag={E94ECB65-34C0-4740-9634-761E1604C8BC};mgmt=SJP1PLNX036-DMZ;date=1424714440;policy_name=DMZ];attack: Streaming Engine: TCP Segment Limit Enforcement;has_accounting: 0;i/f_dir: inbound;i/f_name: eth2-01.2809;origin_sic_name: CN=TEST-DMZ1,O=log_server_hostname;protection_id: tcp_segment_limit;rule_uid: {499DBB08-D262-4D9F-B639-5337A7B36E59};snid: 7572c682;src_machine_name: COMP-testuser-36;src_user_name: testuser-36 ;user: testuser-36 ;
<157>May 26 08:13:55 microsoft.event.ibm.lab MSWinEventLog	4	Security	60703	Fri May 26 08:13:55 2017	552	Security	NETWORK SERVICE	Well Known Group	Success Audit	rogueUser-5	Logon/Logoff		Logon attempt using explicit credentials: Logged on user:  User Name: NETWORK SERVICE  Domain: NT AUTHORITY  Logon ID: (0x0,0x1121481)  Logon GUID: -  User whose credentials were used:  Target User Name: rogueUser-5  Target Domain: us.ibm.com Target Logon GUID: -  Target Server Name: localhost  Target Server Info: localhost  Caller Process ID: 57524  Source Network Address: -  Source Port: - 	56794
<13>May 26 08:13:57 microsoft.sec.ibm.lab AgentDevice=WindowsLog	AgentLogFile=Security	Source=Security	Computer=COMP-testuser-70	User=testuser-70	Domain=	EventID=672	EventIDCode=672	EventType=16	EventCategory=9	RecordNumber=462646	TimeGenerated=1495800837	TimeWritten=1495800837	Message=Authentication Ticket Request: User Name: testuser-70 Supplied Realm Name: us.ibm.com User ID: %{S-1-2-3-1087849} Service Name: krbtgt Service ID: %{S-3-2-1-A840AF} Ticket Options: 0x40810010 Result Code: - Ticket Encryption Type: 0x17 Pre-Authentication Type: 2 Client Address: 56.219.18.103 Certificate Issuer Name:  Certificate Serial Number:  Certificate Thumbprint: 
<157>May 26 08:13:58 microsoft.event.ibm.lab MSWinEventLog	4	Security	60703	Fri May 26 08:13:58 2017	552	Security	NETWORK SERVICE	Well Known Group	Success Audit	testuser-28	Logon/Logoff		Logon attempt using explicit credentials: Logged on user:  User Name: NETWORK SERVICE  Domain: NT AUTHORITY  Logon ID: (0x0,0x1094116)  Logon GUID: -  User whose credentials were used:  Target User Name: testuser-28  Target Domain: us.ibm.com Target Logon GUID: -  Target Server Name: localhost  Target Server Info: localhost  Caller Process ID: 574816  Source Network Address: -  Source Port: - 	56794
<54>May 26 08:14:00 SymantecServer symantec.endpoint.ibm.lab: Potential risk found,Computer name: COMP-1106704,Detection type: Heuristic,Application name: (Unknown),Application type: Trojan Worm,Application version: ,Hash type: SHA-1,Application hash: 72c874f212a18944ff56f774bfe7252346b93f8e,Company name: ,File size (bytes): 301568,Sensitivity: 0,Detection score: 40,Submission recommendation:1,Permitted application reason: 0,Source: Heuristic Scan,Risk name: ,Occurrences: 1,c:\claims\claims32.exe,"",Actual action: Left alone,Requested action: Left alone,Secondary action: Left alone,Event time: 2017-05-26 08:14:00,Inserted:2017-05-26 08:14:00,End:  2017-05-26 08:14:00,Domain: Default,Group: My Company\LTC\Desktops,Server: crasesssmc01,User: testuser-97,Source computer: ,Source IP: 0.0.0.0
<25>May 26 08:14:02 ambiron.ipangel.ibm.lab ipangel-ips: [2017-05-26 08:14:02-05] alert [Priority: 9] [116:46:1] [(snort_decoder) WARNING: TCP Data Offset is less than 5!] 202.207.224.25:52963 TCP 34.69.233.110:80 br0
<13>May 26 08:14:03 microsoft.sec.ibm.lab AgentDevice=WindowsLog	AgentLogFile=Security	Source=Security	Computer=COMP-testuser-68	User=SYSTEM	Domain=	EventID=644	EventIDCode=644	EventType=8	EventCategory=7	RecordNumber=233971	TimeGenerated=1495800843	TimeWritten=1495800843	Message=User Account Locked Out: Target Account Name: testuser-68 Target Account ID: %{S-1-2-3-1102500} Caller Machine Name: COMP-CALLER01 Caller User Name: CALLER-01 Caller Domain: us.ibm.com Caller Logon ID: (0x0,0xBA5EBA11)
<33>May 26 08:14:05 threecom.switch.ibm.lab %May 26 08:14:05 2017 S9500 VTY/5/VTY_LOG:  TELNET user failed to login from 99.123.52.13(000D-88F6-60E0) on VTY0.
<179>May 26 08:14:06 apache.httpd.ibm.lab httpd[5570]: [ID 702911 local6.error] [error] [client 137.38.197.140] Certificate Verification: Error (10): certificate has expired
<13>May 26 08:14:08 checkpoint.firewall.ibm.lab 26May2017  checkpoint.firewall.ibm.lab product: martDefense; src: 30.90.182.58; s_port: ; dst: 124.160.97.87; service: ; proto: udp; rule: ;Attack Info: Response packet too long, potential buffer overflow;Suppressed logs: 5;Total logs: 6;__policy_id_tag: product=VPN-1 & FireWall-1[db_tag={321A4EE6-7DEA-11DD-BFAA-C0A832822626};mgmt=fwmngt05;date=1220908070;policy_name=KillerWhale_gbl];alert: alert;attack: Invalid DNS;has_accounting: 0;i/f_dir: inbound;
<33>May 26 08:14:09 threecom.switch.ibm.lab %May 26 08:14:09 2017 S9500 VTY/5/VTY_LOG:  TELNET user failed to login from 30.90.182.58(000D-88F6-60E0) on VTY0.
<133>May 26 08:14:11 microsoft.event.ibm.lab MSWinEventLog 1 Security 102757633 Fri May 26 08:14:11 2017 4907 Microsoft-Windows-Security-Auditing N/A N/A Success Audit testuser-32 Audit Policy Change Auditing settings on object were changed. Subject: Security ID: S-1-5-18 Account Name: testuser-32 Account Domain: us.ibm.com Logon ID: 0x1083681 Object: Object Server: Security Object Type: File Object Name: \Windows\winsxs\test.wav Handle ID: 0x3a8 Process Information: Process ID: 0x992183 Process Name: C:\Windows\System32\wbengine.exe Auditing Settings: Original Security Descriptor: S:AI(AU;A;;WD) New Security Descriptor: S:ARAI(AU;SAFA;;;;WD)(AU;IDFA;B;;;WD) 857604
<27>May 26 08:14:13 ambiron.ipangel.ibm.lab ipangel-ips: [2017-05-26 08:14:13-05] alert [Priority: 9] [119:2:1] [(http_inspect) DOUBLE DECODING ATTACK] 30.90.182.58:61970 TCP 182.212.127.43:80 br0
<129>May 26 08:14:14 barracuda.firewall.ibm.lab WF ALER METHOD_NOT_ALLOWED 56.219.18.103 63555 183.225.203.77 80 security-policy GLOBAL DENY NONE [Method="ABCD"] ABCD 183.225.203.77/ HTTP "-" ""-"" 183.225.203.77 48536 "-" "-"
<27>May 26 08:14:16 ambiron.ipangel.ibm.lab ipangel-ips: [2017-05-26 08:14:16-05] alert [Priority: 9] [119:2:1] [(http_inspect) DOUBLE DECODING ATTACK] 201.150.192.18:57769 TCP 26.35.172.229:80 br0
<182>May 26 08:14:17 apache.httpd.ibm.lab httpd: 56.219.18.103 163.110.177.123 - - [26/May/2017:08:14:17 -0500] "ABCD / HTTP/1.1" 501 443 297
<26>May 26 08:14:19 ambiron.ipangel.ibm.lab ipangel-ips: [2017-05-26 08:14:19-05] alert [Priority: 9] [119:14:1] [(http_inspect) NON-RFC DEFINED CHAR] 179.174.48.208:58344 TCP 218.59.161.228:80 br0
<25>May 26 08:14:20 ambiron.ipangel.ibm.lab ipangel-ips: [2017-05-26 08:14:20-05] alert [Priority: 9] [116:46:1] [(snort_decoder) WARNING: TCP Data Offset is less than 5!] 136.38.97.190:54755 TCP 149.149.207.180:80 br0
<189>May 26 08:14:22 ['9.9.9.9'] authmgr[504]: <NOTI> login <00:1c:bf:ca:2b:98  51.18.44.104 testuser-40>method=802.1x, server=TEST001, role=Authenticated Update(status 0 method 0 role 16), reauth=1800 sec
<182>May 26 08:14:24 apache.httpd.ibm.lab httpd: 201.150.192.18 175.184.87.217 - - [26/May/2017:08:14:24 -0500] "POST /test.php?doing_test=123 HTTP/1.0" 404 80 282
<13>May 26 08:14:25 checkpoint.firewall.ibm.lab 26May2017 drop checkpoint.firewall.ibm.lab product: SmartDefense; src: 33.195.94.29; s_port: 53039; dst: 97.97.143.189; service: 443; proto: tcp; rule: 392;Attack Info: TCP segment out of maximum allowed sequence. Packet dropped.;Confidence Level: 0;Performance Impact: 0;Protection Name: TCP Segment Limit Enforcement;Protection Type: settings_tcp;Severity: 0;SmartDefense Profile: Boticario_DMZ_Protection;__policy_id_tag: product=VPN-1 & FireWall-1[db_tag={E94ECB65-34C0-4740-9634-761E1604C8BC};mgmt=SJP1PLNX036-DMZ;date=1424714440;policy_name=DMZ];attack: Streaming Engine: TCP Segment Limit Enforcement;has_accounting: 0;i/f_dir: inbound;i/f_name: eth2-01.2809;origin_sic_name: CN=TEST-DMZ1,O=log_server_hostname;protection_id: tcp_segment_limit;rule_uid: {499DBB08-D262-4D9F-B639-5337A7B36E59};snid: 7572c682;src_machine_name: COMP-rogueUser-1;src_user_name: rogueUser-1 ;user: rogueUser-1 ;
<25>May 26 08:14:27 ambiron.ipangel.ibm.lab ipangel-ips: [2017-05-26 08:14:27-05] alert [Priority: 9] [116:46:1] [(snort_decoder) WARNING: TCP Data Offset is less than 5!] 179.174.48.208:52502 TCP 111.204.42.193:80 br0
<187>May 26 08:14:28 ['9.9.9.9'] httpd[16986]: [error] [client 120.171.20.155] Invalid URI in request \xf7vMKp`ET&\xa4\x9c\xc9\xec\xd1\xd8j\r\xce\xd9\xd4\xb3\c7
<189>May 26 08:14:30 ['9.9.9.9'] authmgr[504]: <NOTI> login <00:1c:bf:ca:2b:98  218.111.178.29 testuser-45>method=802.1x, server=TEST001, role=Authenticated Update(status 0 method 0 role 16), reauth=1800 sec
<187>May 26 08:14:31 ['9.9.9.9'] httpd[16986]: [error] [client 56.219.18.103] Invalid URI in request \xf7vMKp`ET&\xa4\x9c\xc9\xec\xd1\xd8j\r\xce\xd9\xd4\xb3\c7
<54>May 26 08:14:33 SymantecServer symantec.endpoint.ibm.lab: Commercial application detected,Computer name: COMP-1083681,Detection type: Commercial,Application name: DameWare Development DWRCS,Application type: Remote Control,Application version: 5\~ 5\~ 0\~ 0,Hash type: SHA-1,Application hash: 4670d9eeeab7449788be3b18e9364ef0088b900e,Company name: DameWare Development LLC,File size (bytes): 208896,Sensitivity: 0,Detection score: 1,Submission recommendation: 0,Permitted application reason: 0,Source: Heuristic Scan,Risk name:  ,Occurrences: 1,DWMRCS,"DWMRCS",Actual action: Left alone,Requested action: Left alone,Secondary action: Commercial application detection,Event time: 2017-05-26 08:14:33,Inserted: 2017-05-26 08:14:33,End: 2017-05-26 08:14:33,Domain: Default,Group: My Company	est,Server: testbox,User: testuser-14,Source computer:  ,Source IP: 0.0.0.0
<157>May 26 08:14:34 microsoft.event.ibm.lab MSWinEventLog	4	Security	60703	Fri May 26 08:14:34 2017	552	Security	NETWORK SERVICE	Well Known Group	Success Audit	testuser-62	Logon/Logoff		Logon attempt using explicit credentials: Logged on user:  User Name: NETWORK SERVICE  Domain: NT AUTHORITY  Logon ID: (0x0,0x1089936)  Logon GUID: -  User whose credentials were used:  Target User Name: testuser-62  Target Domain: us.ibm.com Target Logon GUID: -  Target Server Name: localhost  Target Server Info: localhost  Caller Process ID: 145287  Source Network Address: -  Source Port: - 	56794
<54>May 26 08:14:36 SymantecServer symantec.endpoint.ibm.lab: DCA-EMAPROJ2,Allowed,"C:\Program Files\Common Files\Symantec Shared\ccSvcHst.exe",,Begin: 2017-05-26 08:14:36,End:2017-05-26 08:14:36,Rule: ,2528,C:/Program Files/Microsoft Virtual Server/vmh.exe,0,,C:/ProgramFiles/Common Files/Symantec Shared/ccSvcHst.exe,User: testuser-91,Domain: US
<133>May 26 08:14:38 microsoft.event.ibm.lab MSWinEventLog 1 Security 102757633 Fri May 26 08:14:38 2017 4907 Microsoft-Windows-Security-Auditing N/A N/A Success Audit testuser-55 Audit Policy Change Auditing settings on object were changed. Subject: Security ID: S-1-5-18 Account Name: testuser-55 Account Domain: us.ibm.com Logon ID: 0x1094116 Object: Object Server: Security Object Type: File Object Name: \Windows\winsxs\test.wav Handle ID: 0x3a8 Process Information: Process ID: 0xE73167 Process Name: C:\Windows\System32\wbengine.exe Auditing Settings: Original Security Descriptor: S:AI(AU;A;;WD) New Security Descriptor: S:ARAI(AU;SAFA;;;;WD)(AU;IDFA;B;;;WD) 123919
<33>May 26 08:14:39 threecom.switch.ibm.lab %May 26 08:14:39 2017 S9500 AAA/2/Serious error!: User testuser-89, in ACM send msg to SC failed! Returns 1 srcID 6 msgType 16384.
<129>May 26 08:14:41 barracuda.firewall.ibm.lab WF ALER METHOD_NOT_ALLOWED 132.146.155.198 63815 15.133.53.225 80 security-policy GLOBAL DENY NONE [Method="ABCD"] ABCD 15.133.53.225/ HTTP "-" ""-"" 15.133.53.225 48536 "-" "-"
<13>May 26 08:14:42 microsoft.sec.ibm.lab AgentDevice=WindowsLog	AgentLogFile=Security	Source=Security	Computer=COMP-testuser-24	User=testuser-24	Domain=	EventID=540	EventIDCode=540	EventType=8	EventCategory=2	RecordNumber=947916	TimeGenerated=1495800882	TimeWritten=1495800882	Message=Successful Network Logon: User Name: Domain: Logon ID: (0x0,0x1085764) Logon Type: 3 Logon Process: NtLmSsp Authentication Package: NTLM Workstation Name: COMP-testuser-24 Logon GUID: - Caller User Name: - Caller Domain: - Caller Logon ID: - Caller Process ID: - Transited Services: - Source Network Address: 201.150.192.18 Source Port: 0
<129>May 26 08:14:44 barracuda.firewall.ibm.lab WF ALER METACHARACTER_IN_PARAMETER 165.11.95.213 62208 133.132.166.169 443 security-policy GLOBAL DENY NONE [token="%00 " Parameter="article" value="../../../../../../../../etc/passwd"] GET 133.132.166.169/talkback.cgi?article=../../../../../../../../etc/passwd%00&action=view&matchview=1 HTTPS "-" ""-"" 133.132.166.169 62208 "-" "-"
<133>May 26 08:14:45 microsoft.event.ibm.lab MSWinEventLog 1 Security 102757633 Fri May 26 08:14:45 2017 4907 Microsoft-Windows-Security-Auditing N/A N/A Success Audit testuser-20 Audit Policy Change Auditing settings on object were changed. Subject: Security ID: S-1-5-18 Account Name: testuser-20 Account Domain: us.ibm.com Logon ID: 0x1077444 Object: Object Server: Security Object Type: File Object Name: \Windows\winsxs\test.wav Handle ID: 0x3a8 Process Information: Process ID: 0x3680DB Process Name: C:\Windows\System32\wbengine.exe Auditing Settings: Original Security Descriptor: S:AI(AU;A;;WD) New Security Descriptor: S:ARAI(AU;SAFA;;;;WD)(AU;IDFA;B;;;WD) 243147
<190>May 26 08:14:47 arbor.pravail.ibm.lab pravail-aps: Blocked Host: Blocked host 201.150.192.18 at 10:52 by Invalid Packets using TCP/0 (Unknown) destination 6.63.72.15,URL: https://arbornetworks.pravail.test.com/chaos/
<26>May 26 08:14:49 ambiron.ipangel.ibm.lab ipangel-ips: [2017-05-26 08:14:49-05] alert [Priority: 9] [119:14:1] [(http_inspect) NON-RFC DEFINED CHAR] 136.38.97.190:53158 TCP 63.67.202.149:80 br0
<190>May 26 08:14:50 arbor.pravail.ibm.lab pravail-aps: Blocked Host: Blocked host 132.146.155.198 at 10:52 by Invalid Packets using TCP/0 (Unknown) destination 97.17.224.161,URL: https://arbornetworks.pravail.test.com/chaos/
<182>May 26 08:14:52 apache.httpd.ibm.lab httpd: 56.219.18.103 80.41.241.11 - - [26/May/2017:08:14:52 -0500] "POST /test.php?doing_test=123 HTTP/1.0" 404 80 282
<50>May 26 08:14:53 SymantecServer symantec.endpoint.ibm.lab: testbox-xyz,[SID: 70025] Web Attack: Blackhole Exploit Toolkit 2 attack blocked. Traffic has been blocked for this application: C:\Program Files\Internet Explorer\iexplore.exe,Local: 0.0.0.0,Local: 000000000000,Remote: ,Remote: 0.0.0.0,Remote: 000000000000,Inbound,OTHERS,,Begin: 2017-05-26 08:14:53,End: 2017-05-26 08:14:53,Occurrences: 1,Application: C:/Program Files/Internet Explorer/iexplore.exe,Location: Default,User: testuser-92,Domain: SIMON,!ExternalLoggingTask.localport! 0,!ExternalLoggingTask.remoteport! 0,!ExternalLoggingTask.cidssignid! 70025,!ExternalLoggingTask.strcidssignid! Web Attack: Blackhole Exploit Toolkit 2,!ExternalLoggingTask.cidssignsubid! 0,!ExternalLoggingTask.intrusionurl! http://pppptttt.blah.net/links/came_broadcasting_taking-various.php,!ExternalLoggingTask.intrusionpayloadurl!
<189>May 26 08:14:55 ['9.9.9.9'] authmgr[504]: <NOTI> login <00:1c:bf:ca:2b:98  136.38.97.190 testuser-35>method=802.1x, server=TEST001, role=Authenticated Update(status 0 method 0 role 16), reauth=1800 sec
<33>May 26 08:14:56 threecom.switch.ibm.lab %May 26 08:14:56 2017 S9500 RTA/3/Failed to start accounting: Failed to start traffic accounting for user 56.219.18.103 on board 6
<33>May 26 08:14:58 threecom.switch.ibm.lab %May 26 08:14:58 2017 S9500 RTA/3/Failed to get user traffic: Failed to get traffic of user 201.150.192.18 on board 6
<133>May 26 08:15:00 microsoft.event.ibm.lab MSWinEventLog 1 Security 102757633 Fri May 26 08:15:00 2017 4907 Microsoft-Windows-Security-Auditing N/A N/A Success Audit testuser-60 Audit Policy Change Auditing settings on object were changed. Subject: Security ID: S-1-5-18 Account Name: testuser-60 Account Domain: us.ibm.com Logon ID: 0x1085764 Object: Object Server: Security Object Type: File Object Name: \Windows\winsxs\test.wav Handle ID: 0x3a8 Process Information: Process ID: 0x74541C Process Name: C:\Windows\System32\wbengine.exe Auditing Settings: Original Security Descriptor: S:AI(AU;A;;WD) New Security Descriptor: S:ARAI(AU;SAFA;;;;WD)(AU;IDFA;B;;;WD) 198962
<157>May 26 08:15:01 microsoft.event.ibm.lab MSWinEventLog	4	Security	60703	Fri May 26 08:15:01 2017	552	Security	NETWORK SERVICE	Well Known Group	Success Audit	testuser-27	Logon/Logoff		Logon attempt using explicit credentials: Logged on user:  User Name: NETWORK SERVICE  Domain: NT AUTHORITY  Logon ID: (0x0,0x1092025)  Logon GUID: -  User whose credentials were used:  Target User Name: testuser-27  Target Domain: us.ibm.com Target Logon GUID: -  Target Server Name: localhost  Target Server Info: localhost  Caller Process ID: 322273  Source Network Address: -  Source Port: - 	56794
<189>May 26 08:15:03 ['9.9.9.9'] authmgr[504]: <NOTI> login <00:1c:bf:ca:2b:98  179.174.48.208 testuser-88>method=802.1x, server=TEST001, role=Authenticated Update(status 0 method 0 role 16), reauth=1800 sec
<13>May 26 08:15:04 checkpoint.firewall.ibm.lab 26May2017  checkpoint.firewall.ibm.lab product: martDefense; src: 30.90.182.58; s_port: ; dst: 71.38.92.195; service: ; proto: udp; rule: ;Attack Info: Response packet too long, potential buffer overflow;Suppressed logs: 5;Total logs: 6;__policy_id_tag: product=VPN-1 & FireWall-1[db_tag={321A4EE6-7DEA-11DD-BFAA-C0A832822626};mgmt=fwmngt05;date=1220908070;policy_name=KillerWhale_gbl];alert: alert;attack: Invalid DNS;has_accounting: 0;i/f_dir: inbound;
<133>May 26 08:15:06 microsoft.event.ibm.lab MSWinEventLog 1 Security 102757633 Fri May 26 08:15:06 2017 4907 Microsoft-Windows-Security-Auditing N/A N/A Success Audit testuser-38 Audit Policy Change Auditing settings on object were changed. Subject: Security ID: S-1-5-18 Account Name: testuser-38 Account Domain: us.ibm.com Logon ID: 0x1096209 Object: Object Server: Security Object Type: File Object Name: \Windows\winsxs\test.wav Handle ID: 0x3a8 Process Information: Process ID: 0x774C46 Process Name: C:\Windows\System32\wbengine.exe Auditing Settings: Original Security Descriptor: S:AI(AU;A;;WD) New Security Descriptor: S:ARAI(AU;SAFA;;;;WD)(AU;IDFA;B;;;WD) 436029
