<33>May 26 08:07:30 threecom.switch.ibm.lab %May 26 08:07:30 2017 S9500 FTPS/5/USERIN: User testuser-1(44.111.228.125) login succeeded
<37>May 26 08:07:32 Message forwarded from aix.ibm.lab: su: from testuser-84 to root at /dev/pts/4
<187>May 26 08:07:33 ['9.9.9.9'] httpd[16986]: [error] [client 30.90.182.58] Invalid URI in request \xf7vMKp`ET&\xa4\x9c\xc9\xec\xd1\xd8j\r\xce\xd9\xd4\xb3\c7
<129>May 26 08:07:35 barracuda.firewall.ibm.lab WF ALER CROSS_SITE_SCRIPTING_IN_PARAM 136.38.97.190 60039 170.134.113.215 443 security-policy GLOBAL DENY NONE [type="cross-site-scripting" pattern="script-tag" token="<script>" Parameter="url" value="<script>alert(5341)</script>"] GET 170.134.113.215/redirect.asp?url=<script>alert(5341)</script> HTTPS "-" ""-"" 170.134.113.215 59845 "-" "-"
<54>May 26 08:07:37 SymantecServer symantec.endpoint.ibm.lab: Commercial application detected,Computer name: COMP-1079521,Detection type: Commercial,Application name: DameWare Development DWRCS,Application type: Remote Control,Application version: 5\~ 5\~ 0\~ 0,Hash type: SHA-1,Application hash: 4670d9eeeab7449788be3b18e9364ef0088b900e,Company name: DameWare Development LLC,File size (bytes): 208896,Sensitivity: 0,Detection score: 1,Submission recommendation: 0,Permitted application reason: 0,Source: Heuristic Scan,Risk name:  ,Occurrences: 1,DWMRCS,"DWMRCS",Actual action: Left alone,Requested action: Left alone,Secondary action: Commercial application detection,Event time: 2017-05-26 08:07:37,Inserted: 2017-05-26 08:07:37,End: 2017-05-26 08:07:37,Domain: Default,Group: My Company	est,Server: testbox,User: testuser-21,Source computer:  ,Source IP: 0.0.0.0
<182>May 26 08:07:38 apache.httpd.ibm.lab httpd: 212.2.111.4 6.198.94.4 - - [26/May/2017:08:07:38 -0500] "GET / HTTP/1.0" 200 443 9334
<190>May 26 08:07:40 arbor.pravail.ibm.lab pravail-aps: Blocked Host: Blocked host 20.135.51.253 at 10:53 by Malformed HTTP Filtering using TCP/80 (HTTP) destination 59.177.52.231 source port 58268,URL: https://arbornetworks.pravail.test.com/chaos/
<190>May 26 08:07:41 arbor.pravail.ibm.lab pravail-aps: Blocked Host: Blocked host 30.90.182.58 at 10:52 by Invalid Packets using TCP/0 (Unknown) destination 120.40.32.38,URL: https://arbornetworks.pravail.test.com/chaos/
<129>May 26 08:07:43 barracuda.firewall.ibm.lab WF ALER SLASH_DOT_IN_URL 83.87.204.105 61765 105.165.1.124 443 security-policy GLOBAL DENY NONE ["-"] GET 105.165.1.124/themes/default/css/.htaccess HTTPS "-" ""-"" 105.165.1.124 44428 "-" "-"
<157>May 26 08:07:44 microsoft.event.ibm.lab MSWinEventLog	4	Security	60703	Fri May 26 08:07:44 2017	552	Security	NETWORK SERVICE	Well Known Group	Success Audit	testuser-59	Logon/Logoff		Logon attempt using explicit credentials: Logged on user:  User Name: NETWORK SERVICE  Domain: NT AUTHORITY  Logon ID: (0x0,0x1102500)  Logon GUID: -  User whose credentials were used:  Target User Name: testuser-59  Target Domain: us.ibm.com Target Logon GUID: -  Target Server Name: localhost  Target Server Info: localhost  Caller Process ID: 451762  Source Network Address: -  Source Port: - 	56794
<129>May 26 08:07:46 barracuda.firewall.ibm.lab WF ALER CROSS_SITE_SCRIPTING_IN_PARAM 179.174.48.208 57967 157.104.95.36 443 security-policy GLOBAL DENY NONE [type="cross-site-scripting" pattern="script-tag" token="<script>" Parameter="url" value="<script>alert(5341)</script>"] GET 157.104.95.36/redirect.asp?url=<script>alert(5341)</script> HTTPS "-" ""-"" 157.104.95.36 59845 "-" "-"
<38>May 26 08:07:48 syslog: ssh: failed login attempt for testuser-84 from 30.90.182.58
<25>May 26 08:07:49 ambiron.ipangel.ibm.lab ipangel-ips: [2017-05-26 08:07:49-05] alert [Priority: 9] [116:46:1] [(snort_decoder) WARNING: TCP Data Offset is less than 5!] 165.11.95.213:56038 TCP 1.243.117.142:80 br0
<129>May 26 08:07:51 barracuda.firewall.ibm.lab WF ALER METHOD_NOT_ALLOWED 137.38.197.140 63695 118.137.172.192 80 security-policy GLOBAL DENY NONE [Method="ABCD"] ABCD 118.137.172.192/ HTTP "-" ""-"" 118.137.172.192 48536 "-" "-"
<187>May 26 08:07:52 ['9.9.9.9'] httpd[16986]: [error] [client 125.83.117.185] Invalid URI in request \xf7vMKp`ET&\xa4\x9c\xc9\xec\xd1\xd8j\r\xce\xd9\xd4\xb3\c7
<182>May 26 08:07:54 apache.httpd.ibm.lab httpd: 165.11.95.213 36.33.240.15 - - [26/May/2017:08:07:54 -0500] "HEAD / HTTP/1.1" 200 443 -
<26>May 26 08:07:55 ambiron.ipangel.ibm.lab ipangel-ips: [2017-05-26 08:07:55-05] alert [Priority: 9] [119:14:1] [(http_inspect) NON-RFC DEFINED CHAR] 201.150.192.18:54096 TCP 82.25.47.1:80 br0
<129>May 26 08:07:57 barracuda.firewall.ibm.lab WF ALER CROSS_SITE_SCRIPTING_IN_PARAM 56.219.18.103 55245 170.163.249.94 443 security-policy GLOBAL DENY NONE [type="cross-site-scripting" pattern="script-tag" token="<script>" Parameter="url" value="<script>alert(5341)</script>"] GET 170.163.249.94/redirect.asp?url=<script>alert(5341)</script> HTTPS "-" ""-"" 170.163.249.94 59845 "-" "-"
<33>May 26 08:07:58 threecom.switch.ibm.lab %May 26 08:07:58 2017 S9500 AAA/2/Serious error!: User testuser-100, in ACM send msg to SC failed! Returns 1 srcID 6 msgType 16384.
<54>May 26 08:08:00 SymantecServer symantec.endpoint.ibm.lab: testbox-abc,[SID: 21590] P2P Edonkey Ping Message detected.  Traffic has been allowed from this application: C:\Program Files\easyMule\emule.exe,Local: 165.11.95.213,Local: 00218696B978,Remote: ,Remote: 59.27.46.134,Remote: 000000000000,Outbound,OTHERS,Intrusion ID: 0,Begin: 2017-05-26 08:08:00,End: 2017-05-26 08:08:00,Occurrences: 1,Application: C:/Program Files/easyMule/emule.exe,Location: Default,User: testuser-29,Domain: us.ibm.com
<13>May 26 08:08:02 checkpoint.firewall.ibm.lab 26May2017  checkpoint.firewall.ibm.lab product: SmartDefense; src: 218.111.178.29; s_port: ; dst: 11.238.36.150; service: ; proto: udp; rule: ;Attack Info: Bad domain format, illegal ASCII value in domain;Suppressed logs: 1;Total logs: 2;__policy_id_tag: product=VPN-1 & FireWall-1[db_tag={9B20E8EA-7DE6-11DD-B7D6-C0A832D11E1E};mgmt=fwmngt-zentral;date=1220906528;policy_name=Vulpine_gbl];alert: alert;attack: Invalid DNS;has_accounting: 0;i/f_dir: inbound;
<26>May 26 08:08:03 ambiron.ipangel.ibm.lab ipangel-ips: [2017-05-26 08:08:03-05] alert [Priority: 9] [119:14:1] [(http_inspect) NON-RFC DEFINED CHAR] 218.111.178.29:64329 TCP 210.39.112.234:80 br0
<189>May 26 08:08:05 ['9.9.9.9'] authmgr[504]: <NOTI> login <00:1c:bf:ca:2b:98  218.111.178.29 testuser-90>method=802.1x, server=TEST001, role=Authenticated Update(status 0 method 0 role 16), reauth=1800 sec
<187>May 26 08:08:06 ['9.9.9.9'] httpd[16986]: [error] [client 201.150.192.18] Invalid URI in request \xf7vMKp`ET&\xa4\x9c\xc9\xec\xd1\xd8j\r\xce\xd9\xd4\xb3\c7
<38>May 26 08:08:08 sshd[914310]: Failed password for invalid user testuser-79 from 82.22.106.48 port 59952 ssh2
<86>May 26 08:08:09 apple.macosx.ibm.lab sshd[5590]: Failed password for invalid user testuser-41 from 125.83.117.185 port 54527 ssh2
<13>May 26 08:08:11 checkpoint.firewall.ibm.lab 26May2017 drop checkpoint.firewall.ibm.lab product: VPN-1 &FireWall-1; src: 212.2.111.4; s_port: 64406; dst: 129.157.71.190; service: 138; proto: udp; rule: 323;SmartDefense profile: Default_Protection;__policy_id_tag: product=VPN-1 & FireWall-1[db_tag={48AB8350-7F61-11DD-887D-C0A832D16C6C};mgmt=fwmngt-zentral;date=1221069169;policy_name=Chameleon_gbl];has_accounting: 0;i/f_dir: inbound;i/f_name: eth-s1/s1p1c0;rule_uid: {21D66174-0E19-4B77-A1E9-3473FE991088};
<50>May 26 08:08:13 SymantecServer symantec.endpoint.ibm.lab: testbox-xyz,[SID: 70025] Web Attack: Blackhole Exploit Toolkit 2 attack blocked. Traffic has been blocked for this application: C:\Program Files\Internet Explorer\iexplore.exe,Local: 0.0.0.0,Local: 000000000000,Remote: ,Remote: 0.0.0.0,Remote: 000000000000,Inbound,OTHERS,,Begin: 2017-05-26 08:08:13,End: 2017-05-26 08:08:13,Occurrences: 1,Application: C:/Program Files/Internet Explorer/iexplore.exe,Location: Default,User: testuser-43,Domain: SIMON,!ExternalLoggingTask.localport! 0,!ExternalLoggingTask.remoteport! 0,!ExternalLoggingTask.cidssignid! 70025,!ExternalLoggingTask.strcidssignid! Web Attack: Blackhole Exploit Toolkit 2,!ExternalLoggingTask.cidssignsubid! 0,!ExternalLoggingTask.intrusionurl! http://pppptttt.blah.net/links/came_broadcasting_taking-various.php,!ExternalLoggingTask.intrusionpayloadurl!
<190>May 26 08:08:14 arbor.pravail.ibm.lab pravail-aps: Blocked Host: Blocked host 30.90.182.58 10:53 by TCP Connection Reset using TCP/55977 (Unknown) destination 92.5.233.173 source port 443,URL: https://arbornetworks.pravail.test.com/chaos/
<50>May 26 08:08:16 SymantecServer symantec.endpoint.ibm.lab: testbox-xyz,[SID: 70025] Web Attack: Blackhole Exploit Toolkit 2 attack blocked. Traffic has been blocked for this application: C:\Program Files\Internet Explorer\iexplore.exe,Local: 0.0.0.0,Local: 000000000000,Remote: ,Remote: 0.0.0.0,Remote: 000000000000,Inbound,OTHERS,,Begin: 2017-05-26 08:08:16,End: 2017-05-26 08:08:16,Occurrences: 1,Application: C:/Program Files/Internet Explorer/iexplore.exe,Location: Default,User: rogueUser-2,Domain: SIMON,!ExternalLoggingTask.localport! 0,!ExternalLoggingTask.remoteport! 0,!ExternalLoggingTask.cidssignid! 70025,!ExternalLoggingTask.strcidssignid! Web Attack: Blackhole Exploit Toolkit 2,!ExternalLoggingTask.cidssignsubid! 0,!ExternalLoggingTask.intrusionurl! http://pppptttt.blah.net/links/came_broadcasting_taking-various.php,!ExternalLoggingTask.intrusionpayloadurl!
<27>May 26 08:08:17 ambiron.ipangel.ibm.lab ipangel-ips: [2017-05-26 08:08:17-05] alert [Priority: 9] [119:2:1] [(http_inspect) DOUBLE DECODING ATTACK] 54.11.145.63:56641 TCP 83.122.144.110:80 br0
<129>May 26 08:08:19 barracuda.firewall.ibm.lab WF ALER SLASH_DOT_IN_URL 15.83.16.235 55733 61.202.4.220 443 security-policy GLOBAL DENY NONE ["-"] GET 61.202.4.220/themes/default/css/.htaccess HTTPS "-" ""-"" 61.202.4.220 44428 "-" "-"
<86>May 26 08:08:20 apple.macosx.ibm.lab sshd[5590]: Failed password for invalid user testuser-21 from 125.230.86.135 port 65006 ssh2
<13>May 26 08:08:22 checkpoint.firewall.ibm.lab 26May2017 reject checkpoint.firewall.ibm.lab product: VPN-1 & FireWall-1; src: 16.74.199.104; s_port: 51426; dst: 199.205.29.189; service: 113; proto: tcp; rule: 14;SmartDefense profile: Default_Protection;__policy_id_tag: product=VPN-1 & FireWall-1[db_tag={25E5B8F6-79E7-11DD-941A-C0A832D00C0C};mgmt=fwmngt-wuv;date=1220466957;policy_name=rhino_gbl];has_accounting: 0;i/f_dir: inbound;i/f_name: eth-s2/s1p1c0;rule_uid: {9C96B325-D976-4A30-8685-9ED61018A6E7};service_id: gident;
<38>May 26 08:08:24 sshd[904856]: Failed password for invalid user testuser-96 from 83.87.204.105 port 60180 ssh2
<182>May 26 08:08:25 apache.httpd.ibm.lab httpd: 179.174.48.208 82.232.46.55 - - [26/May/2017:08:08:25 -0500] "ABCD / HTTP/1.1" 501 443 297
<190>May 26 08:08:27 arbor.pravail.ibm.lab pravail-aps: Blocked Host: Blocked host 165.11.95.213 at 10:52 by Invalid Packets using TCP/0 (Unknown) destination 99.178.131.75,URL: https://arbornetworks.pravail.test.com/chaos/
<189>May 26 08:08:28 ['9.9.9.9'] authmgr[504]: <NOTI> login <00:1c:bf:ca:2b:98  51.18.44.104 testuser-40>method=802.1x, server=TEST001, role=Authenticated Update(status 0 method 0 role 16), reauth=1800 sec
<86>May 26 08:08:30 apple.macosx.ibm.lab sshd[5590]: Failed password for invalid user testuser-38 from 165.11.95.213 port 64093 ssh2
<13>May 26 08:08:31 microsoft.sec.ibm.lab AgentDevice=WindowsLog	AgentLogFile=Security	Source=Security	Computer=COMP-testuser-55	User=SYSTEM	Domain=	EventID=644	EventIDCode=644	EventType=8	EventCategory=7	RecordNumber=182848	TimeGenerated=1495800511	TimeWritten=1495800511	Message=User Account Locked Out: Target Account Name: testuser-55 Target Account ID: %{S-1-2-3-1094116} Caller Machine Name: COMP-CALLER01 Caller User Name: CALLER-01 Caller Domain: us.ibm.com Caller Logon ID: (0x0,0xBA5EBA11)
<129>May 26 08:08:33 barracuda.firewall.ibm.lab WF ALER METACHARACTER_IN_PARAMETER 179.174.48.208 57739 176.103.252.20 443 security-policy GLOBAL DENY NONE [token="%00 " Parameter="article" value="../../../../../../../../etc/passwd"] GET 176.103.252.20/talkback.cgi?article=../../../../../../../../etc/passwd%00&action=view&matchview=1 HTTPS "-" ""-"" 176.103.252.20 57739 "-" "-"
<129>May 26 08:08:34 barracuda.firewall.ibm.lab WF ALER CROSS_SITE_SCRIPTING_IN_URL 201.150.192.18 63218 171.66.35.220 80 security-policy GLOBAL DENY NONE [type="cross-site-scripting" pattern="script-tag" token="<script>"] GET 171.66.35.220/<script>alert(53416)</script> HTTP "-" ""-"" 171.66.35.220 48541 "-" "-"
<190>May 26 08:08:36 arbor.pravail.ibm.lab pravail-aps: Blocked Host: Blocked host 56.219.18.103 10:53 by TCP Connection Reset using TCP/61200 (Unknown) destination 166.53.90.108 source port 443,URL: https://arbornetworks.pravail.test.com/chaos/
<38>May 26 08:08:38 sshd[random_number_1_to_999999]: Accepted publickey for rogueUser-5 from 15.83.16.235 port 52494 ssh2
<38>May 26 08:08:39 sshd[random_number_1_to_999999]: Accepted publickey for testuser-88 from 179.174.48.208 port 54140 ssh2
<50>May 26 08:08:41 SymantecServer symantec.endpoint.ibm.lab: testbox-xyz,[SID: 70025] Web Attack: Blackhole Exploit Toolkit 2 attack blocked. Traffic has been blocked for this application: C:\Program Files\Internet Explorer\iexplore.exe,Local: 0.0.0.0,Local: 000000000000,Remote: ,Remote: 0.0.0.0,Remote: 000000000000,Inbound,OTHERS,,Begin: 2017-05-26 08:08:41,End: 2017-05-26 08:08:41,Occurrences: 1,Application: C:/Program Files/Internet Explorer/iexplore.exe,Location: Default,User: testuser-95,Domain: SIMON,!ExternalLoggingTask.localport! 0,!ExternalLoggingTask.remoteport! 0,!ExternalLoggingTask.cidssignid! 70025,!ExternalLoggingTask.strcidssignid! Web Attack: Blackhole Exploit Toolkit 2,!ExternalLoggingTask.cidssignsubid! 0,!ExternalLoggingTask.intrusionurl! http://pppptttt.blah.net/links/came_broadcasting_taking-various.php,!ExternalLoggingTask.intrusionpayloadurl!
<129>May 26 08:08:42 barracuda.firewall.ibm.lab WF ALER CROSS_SITE_SCRIPTING_IN_URL 56.219.18.103 65308 163.134.20.214 80 security-policy GLOBAL DENY NONE [type="cross-site-scripting" pattern="script-tag" token="<script>"] GET 163.134.20.214/<script>alert(53416)</script> HTTP "-" ""-"" 163.134.20.214 48541 "-" "-"
<54>May 26 08:08:44 SymantecServer symantec.endpoint.ibm.lab: testbox-abc,[SID: 21590] P2P Edonkey Ping Message detected.  Traffic has been allowed from this application: C:\Program Files\easyMule\emule.exe,Local: 201.150.192.18,Local: 00218696B978,Remote: ,Remote: 171.70.27.85,Remote: 000000000000,Outbound,OTHERS,Intrusion ID: 0,Begin: 2017-05-26 08:08:44,End: 2017-05-26 08:08:44,Occurrences: 1,Application: C:/Program Files/easyMule/emule.exe,Location: Default,User: testuser-42,Domain: us.ibm.com
<33>May 26 08:08:45 threecom.switch.ibm.lab %May 26 08:08:45 2017 S9500 VTY/5/VTY_LOG:  TELNET user failed to login from 30.90.182.58(000D-88F6-60E0) on VTY0.
<38>May 26 08:08:47 sshd[553842]: Disconnecting: Too many authentication failures for testuser-53
<129>May 26 08:08:49 barracuda.firewall.ibm.lab WF ALER METACHARACTER_IN_PARAMETER 136.38.97.190 58724 86.51.254.134 443 security-policy GLOBAL DENY NONE [token="%00 " Parameter="article" value="../../../../../../../../etc/passwd"] GET 86.51.254.134/talkback.cgi?article=../../../../../../../../etc/passwd%00&action=view&matchview=1 HTTPS "-" ""-"" 86.51.254.134 58724 "-" "-"
<182>May 26 08:08:50 apache.httpd.ibm.lab httpd: 128.234.158.118 178.211.129.215 - - [26/May/2017:08:08:50 -0500] "HEAD / HTTP/1.1" 200 443 -
<27>May 26 08:08:52 ambiron.ipangel.ibm.lab ipangel-ips: [2017-05-26 08:08:52-05] alert [Priority: 9] [119:2:1] [(http_inspect) DOUBLE DECODING ATTACK] 51.18.44.104:55309 TCP 14.24.71.102:80 br0
<133>May 26 08:08:53 microsoft.event.ibm.lab MSWinEventLog 1 Security 102757633 Fri May 26 08:08:53 2017 4907 Microsoft-Windows-Security-Auditing N/A N/A Success Audit testuser-21 Audit Policy Change Auditing settings on object were changed. Subject: Security ID: S-1-5-18 Account Name: testuser-21 Account Domain: us.ibm.com Logon ID: 0x1079521 Object: Object Server: Security Object Type: File Object Name: \Windows\winsxs\test.wav Handle ID: 0x3a8 Process Information: Process ID: 0xAE7149 Process Name: C:\Windows\System32\wbengine.exe Auditing Settings: Original Security Descriptor: S:AI(AU;A;;WD) New Security Descriptor: S:ARAI(AU;SAFA;;;;WD)(AU;IDFA;B;;;WD) 537274
<33>May 26 08:08:55 threecom.switch.ibm.lab %May 26 08:08:55 2017 S9500 AAA/2/Serious error!: User testuser-71, in ACM send msg to SC failed! Returns 1 srcID 6 msgType 16384.
<86>May 26 08:08:56 apple.macosx.ibm.lab com.apple.SecurityServer: authinternal authenticated user testuser-35 (uid 90960).
<182>May 26 08:08:58 apache.httpd.ibm.lab httpd: 125.83.117.185 123.212.124.48 - - [26/May/2017:08:08:58 -0500] "POST /test.php?doing_test=123 HTTP/1.0" 404 80 282
<182>May 26 08:09:00 apache.httpd.ibm.lab httpd: 212.2.111.4 94.57.172.183 - - [26/May/2017:08:09:00 -0500] "GET /<script>alert(53416)</script> HTTP/1.1" 404 443 320
<129>May 26 08:09:01 barracuda.firewall.ibm.lab WF ALER METHOD_NOT_ALLOWED 79.186.10.120 63759 35.20.133.112 80 security-policy GLOBAL DENY NONE [Method="ABCD"] ABCD 35.20.133.112/ HTTP "-" ""-"" 35.20.133.112 48536 "-" "-"
<133>May 26 08:09:03 microsoft.event.ibm.lab MSWinEventLog 1 Security 102757633 Fri May 26 08:09:03 2017 4907 Microsoft-Windows-Security-Auditing N/A N/A Success Audit testuser-21 Audit Policy Change Auditing settings on object were changed. Subject: Security ID: S-1-5-18 Account Name: testuser-21 Account Domain: us.ibm.com Logon ID: 0x1079521 Object: Object Server: Security Object Type: File Object Name: \Windows\winsxs\test.wav Handle ID: 0x3a8 Process Information: Process ID: 0xC2440A Process Name: C:\Windows\System32\wbengine.exe Auditing Settings: Original Security Descriptor: S:AI(AU;A;;WD) New Security Descriptor: S:ARAI(AU;SAFA;;;;WD)(AU;IDFA;B;;;WD) 849304
<14>May 26 08:09:04 Message forwarded from aix.ibm.lab: ftp[random_number_1_to_999999]: ftp: IMPORT user testuser-61, host 56.219.18.103, local test_file, remote /data/savedata/test_file.dat.
<83>May 26 08:09:06 apple.macosx.ibm.lab sshd[5590]: error: PAM: Authentication failure for illegal user rogueUser-5 from 65.130.206.104<13>May 26 08:09:07 microsoft.sec.ibm.lab AgentDevice=WindowsLog	AgentLogFile=Security	Source=Security	Computer=COMP-testuser-42	User=testuser-42	Domain=	EventID=673	EventIDCode=673	EventType=8	EventCategory=9	RecordNumber=169279	TimeGenerated=1495800547	TimeWritten=1495800547	Message=Service Ticket Request:  User Name: testuser-42@us.ibm.com User Domain: us.ibm.com Service Name: MAIL$  Service ID: %{S-3-2-1-EC1303} Ticket Options:  0x40810000   Ticket Encryption Type: 0x17 Client Address: 201.150.192.18 Failure Code: - LogonGUID: {EC1303-f005ba11-ba5eba11} Transited Services: - 
<27>May 26 08:09:09 ambiron.ipangel.ibm.lab ipangel-ips: [2017-05-26 08:09:09-05] alert [Priority: 9] [119:2:1] [(http_inspect) DOUBLE DECODING ATTACK] 136.38.97.190:58688 TCP 189.205.92.86:80 br0
<28>May 26 08:09:10 Message forwarded from aix.ibm.lab: rshd[random_number_1_to_999999]: Failed rsh authentication from 218.111.178.29 for local user root via remote user testuser-90
<13>May 26 08:09:12 checkpoint.firewall.ibm.lab 26May2017  checkpoint.firewall.ibm.lab product: SmartDefense; src: 179.174.48.208; s_port: ; dst: 216.92.210.213; service: ; proto: udp; rule: ;Attack Info: Bad domain format, illegal ASCII value in domain;Suppressed logs: 1;Total logs: 2;__policy_id_tag: product=VPN-1 & FireWall-1[db_tag={9B20E8EA-7DE6-11DD-B7D6-C0A832D11E1E};mgmt=fwmngt-zentral;date=1220906528;policy_name=Vulpine_gbl];alert: alert;attack: Invalid DNS;has_accounting: 0;i/f_dir: inbound;
<38>May 26 08:09:14 sshd[436393]: Failed keyboard-interactive for invalid user testuser-42 from 201.150.192.18 port 61579 ssh2
<13>May 26 08:09:15 microsoft.sec.ibm.lab AgentDevice=WindowsLog	AgentLogFile=Security	Source=Security	Computer=COMP-rogueUser-4	User=SYSTEM	Domain=	EventID=644	EventIDCode=644	EventType=8	EventCategory=7	RecordNumber=201465	TimeGenerated=1495800555	TimeWritten=1495800555	Message=User Account Locked Out: Target Account Name: rogueUser-4 Target Account ID: %{S-1-2-3-1119364} Caller Machine Name: COMP-CALLER01 Caller User Name: CALLER-01 Caller Domain: us.ibm.com Caller Logon ID: (0x0,0xBA5EBA11)
<13>May 26 08:09:17 checkpoint.firewall.ibm.lab 26May2017 reject checkpoint.firewall.ibm.lab product: VPN-1 & FireWall-1; src: 33.195.94.29; s_port: 51845; dst: 154.115.226.131; service: 113; proto: tcp; rule: 14;SmartDefense profile: Default_Protection;__policy_id_tag: product=VPN-1 & FireWall-1[db_tag={25E5B8F6-79E7-11DD-941A-C0A832D00C0C};mgmt=fwmngt-wuv;date=1220466957;policy_name=rhino_gbl];has_accounting: 0;i/f_dir: inbound;i/f_name: eth-s2/s1p1c0;rule_uid: {9C96B325-D976-4A30-8685-9ED61018A6E7};service_id: gident;
<27>May 26 08:09:18 ambiron.ipangel.ibm.lab ipangel-ips: [2017-05-26 08:09:18-05] alert [Priority: 9] [119:2:1] [(http_inspect) DOUBLE DECODING ATTACK] 179.174.48.208:52327 TCP 124.140.11.81:80 br0
<157>May 26 08:09:20 microsoft.event.ibm.lab MSWinEventLog	4	Security	60703	Fri May 26 08:09:20 2017	552	Security	NETWORK SERVICE	Well Known Group	Success Audit	testuser-97	Logon/Logoff		Logon attempt using explicit credentials: Logged on user:  User Name: NETWORK SERVICE  Domain: NT AUTHORITY  Logon ID: (0x0,0x1106704)  Logon GUID: -  User whose credentials were used:  Target User Name: testuser-97  Target Domain: us.ibm.com Target Logon GUID: -  Target Server Name: localhost  Target Server Info: localhost  Caller Process ID: 569120  Source Network Address: -  Source Port: - 	56794
<13>May 26 08:09:21 microsoft.sec.ibm.lab AgentDevice=WindowsLog	AgentLogFile=Security	Source=Security	Computer=COMP-testuser-20	User=testuser-20	Domain=	EventID=673	EventIDCode=673	EventType=8	EventCategory=9	RecordNumber=985126	TimeGenerated=1495800561	TimeWritten=1495800561	Message=Service Ticket Request:  User Name: testuser-20@us.ibm.com User Domain: us.ibm.com Service Name: MAIL$  Service ID: %{S-3-2-1-BA38D6} Ticket Options:  0x40810000   Ticket Encryption Type: 0x17 Client Address: 132.146.155.198 Failure Code: - LogonGUID: {BA38D6-f005ba11-ba5eba11} Transited Services: - 
<29>May 26 08:09:23 Message forwarded from aix.ibm.lab: telnetd[14176354090276]: telnet from ::ffff:201.150.192.18 on /dev/pts/1
<157>May 26 08:09:25 microsoft.event.ibm.lab MSWinEventLog	4	Security	60703	Fri May 26 08:09:25 2017	552	Security	NETWORK SERVICE	Well Known Group	Success Audit	testuser-4	Logon/Logoff		Logon attempt using explicit credentials: Logged on user:  User Name: NETWORK SERVICE  Domain: NT AUTHORITY  Logon ID: (0x0,0x984064)  Logon GUID: -  User whose credentials were used:  Target User Name: testuser-4  Target Domain: us.ibm.com Target Logon GUID: -  Target Server Name: localhost  Target Server Info: localhost  Caller Process ID: 502893  Source Network Address: -  Source Port: - 	56794
<26>May 26 08:09:26 ambiron.ipangel.ibm.lab ipangel-ips: [2017-05-26 08:09:26-05] alert [Priority: 9] [119:14:1] [(http_inspect) NON-RFC DEFINED CHAR] 30.90.182.58:51306 TCP 189.67.198.206:80 br0
<133>May 26 08:09:28 microsoft.event.ibm.lab MSWinEventLog 1 Security 102757633 Fri May 26 08:09:28 2017 4907 Microsoft-Windows-Security-Auditing N/A N/A Success Audit testuser-2 Audit Policy Change Auditing settings on object were changed. Subject: Security ID: S-1-5-18 Account Name: testuser-2 Account Domain: us.ibm.com Logon ID: 0x980100 Object: Object Server: Security Object Type: File Object Name: \Windows\winsxs\test.wav Handle ID: 0x3a8 Process Information: Process ID: 0x83C51F Process Name: C:\Windows\System32\wbengine.exe Auditing Settings: Original Security Descriptor: S:AI(AU;A;;WD) New Security Descriptor: S:ARAI(AU;SAFA;;;;WD)(AU;IDFA;B;;;WD) 592050
<25>May 26 08:09:29 apple.macosx.ibm.lab DirectoryService[51]: Failed Authentication return is being delayed due to over five recent auth failures for username: testuser-21.
<182>May 26 08:09:31 apache.httpd.ibm.lab httpd: 165.11.95.213 218.103.164.189 - - [26/May/2017:08:09:31 -0500] "GET / HTTP/1.0" 200 443 9334
<83>May 26 08:09:32 apple.macosx.ibm.lab sshd[5590]: error: PAM: Authentication failure for illegal user testuser-43 from 22.182.238.195<38>May 26 08:09:34 sshd[688553]: input_userauth_request: invalid user testuser-9
<13>May 26 08:09:36 microsoft.sec.ibm.lab AgentDevice=WindowsLog	AgentLogFile=Security	Source=Security	Computer=COMP-testuser-57	User=testuser-57	Domain=	EventID=672	EventIDCode=672	EventType=8	EventCategory=9	RecordNumber=195786	TimeGenerated=1495800576	TimeWritten=1495800576	Message=Authentication Ticket Request: User Name: testuser-57 Supplied Realm Name: us.ibm.com User ID: %{S-1-2-3-1098304} Service Name: krbtgt Service ID: %{S-3-2-1-BA6FBF} Ticket Options: 0x40810010 Result Code: - Ticket Encryption Type: 0x17 Pre-Authentication Type: 2 Client Address: 160.165.16.46 Certificate Issuer Name:  Certificate Serial Number:  Certificate Thumbprint: 
<26>May 26 08:09:37 ambiron.ipangel.ibm.lab ipangel-ips: [2017-05-26 08:09:37-05] alert [Priority: 9] [119:14:1] [(http_inspect) NON-RFC DEFINED CHAR] 125.83.117.185:59372 TCP 134.232.254.147:80 br0
<133>May 26 08:09:39 microsoft.event.ibm.lab MSWinEventLog 1 Security 102757633 Fri May 26 08:09:39 2017 4907 Microsoft-Windows-Security-Auditing N/A N/A Success Audit testuser-25 Audit Policy Change Auditing settings on object were changed. Subject: Security ID: S-1-5-18 Account Name: testuser-25 Account Domain: us.ibm.com Logon ID: 0x1087849 Object: Object Server: Security Object Type: File Object Name: \Windows\winsxs\test.wav Handle ID: 0x3a8 Process Information: Process ID: 0x0AC2A2 Process Name: C:\Windows\System32\wbengine.exe Auditing Settings: Original Security Descriptor: S:AI(AU;A;;WD) New Security Descriptor: S:ARAI(AU;SAFA;;;;WD)(AU;IDFA;B;;;WD) 206184
<38>May 26 08:09:40 sshd[312906]: Failed password for invalid user testuser-14 from 216.147.245.10 port 54130 ssh2
<14>May 26 08:09:42 Message forwarded from aix.ibm.lab: ftp[random_number_1_to_999999]: ftp: EXPORT user testuser-1, host 122.72.91.224, local test_script.sh, remote test_script.sh.
<13>May 26 08:09:43 microsoft.sec.ibm.lab AgentDevice=WindowsLog	AgentLogFile=Security	Source=Security	Computer=COMP-testuser-18	User=testuser-18	Domain=	EventID=576	EventIDCode=576	EventType=8	EventCategory=2	RecordNumber=177751	TimeGenerated=1495800583	TimeWritten=1495800583	Message=Special privileges assigned to new logon: User Name: testuser-18 Domain: us.ibm.com Logon ID: (0x0,0x1092025) Privileges: SeSecurityPrivilege SeBackupPrivilege SeRestorePrivilege SeTakeOwnershipPrivilege SeDebugPrivilege SeSystemEnvironmentPrivilege SeLoadDriverPrivilege SeImpersonatePrivilege
<38>May 26 08:09:45 sshd[455645]: input_userauth_request: invalid user testuser-18
<13>May 26 08:09:46 microsoft.sec.ibm.lab AgentDevice=WindowsLog	AgentLogFile=Security	Source=Security	Computer=COMP-testuser-55	User=testuser-55	Domain=	EventID=672	EventIDCode=672	EventType=16	EventCategory=9	RecordNumber=552716	TimeGenerated=1495800586	TimeWritten=1495800586	Message=Authentication Ticket Request: User Name: testuser-55 Supplied Realm Name: us.ibm.com User ID: %{S-1-2-3-1094116} Service Name: krbtgt Service ID: %{S-3-2-1-497D53} Ticket Options: 0x40810010 Result Code: - Ticket Encryption Type: 0x17 Pre-Authentication Type: 2 Client Address: 205.80.52.7 Certificate Issuer Name:  Certificate Serial Number:  Certificate Thumbprint: 
<33>May 26 08:09:48 threecom.switch.ibm.lab %May 26 08:09:48 2017 S9500 FTPS/5/USEROUT: User testuser-29(165.11.95.213) logged out
<33>May 26 08:09:50 threecom.switch.ibm.lab %May 26 08:09:50 2017 S9500 VTY/5/VTY_LOG:  TELNET user failed to login from 56.219.18.103(000D-88F6-60E0) on VTY0.
<25>May 26 08:09:51 ambiron.ipangel.ibm.lab ipangel-ips: [2017-05-26 08:09:51-05] alert [Priority: 9] [116:46:1] [(snort_decoder) WARNING: TCP Data Offset is less than 5!] 33.195.94.29:49728 TCP 137.172.171.237:80 br0
<133>May 26 08:09:53 microsoft.event.ibm.lab MSWinEventLog 1 Security 102757633 Fri May 26 08:09:53 2017 4907 Microsoft-Windows-Security-Auditing N/A N/A Success Audit rogueUser-1 Audit Policy Change Auditing settings on object were changed. Subject: Security ID: S-1-5-18 Account Name: rogueUser-1 Account Domain: us.ibm.com Logon ID: 0x1113025 Object: Object Server: Security Object Type: File Object Name: \Windows\winsxs\test.wav Handle ID: 0x3a8 Process Information: Process ID: 0xA81555 Process Name: C:\Windows\System32\wbengine.exe Auditing Settings: Original Security Descriptor: S:AI(AU;A;;WD) New Security Descriptor: S:ARAI(AU;SAFA;;;;WD)(AU;IDFA;B;;;WD) 209353
<33>May 26 08:09:54 threecom.switch.ibm.lab %May 26 08:09:54 2017 S9500 AAA/2/Serious error!: User testuser-14, in ACM send msg to SC failed! Returns 1 srcID 6 msgType 16384.
<26>May 26 08:09:56 ambiron.ipangel.ibm.lab ipangel-ips: [2017-05-26 08:09:56-05] alert [Priority: 9] [119:14:1] [(http_inspect) NON-RFC DEFINED CHAR] 165.11.95.213:55064 TCP 32.56.175.1:80 br0
<182>May 26 08:09:57 apache.httpd.ibm.lab httpd: 79.186.10.120 57.86.217.224 - - [26/May/2017:08:09:57 -0500] "OPTIONS /cgi-bin/index.php HTTP/1.1" 200 443 -
<54>May 26 08:09:59 SymantecServer symantec.endpoint.ibm.lab: DCA-EMAPROJ2,Allowed,"C:\Program Files\Common Files\Symantec Shared\ccSvcHst.exe",,Begin: 2017-05-26 08:09:59,End:2017-05-26 08:09:59,Rule: ,2528,C:/Program Files/Microsoft Virtual Server/vmh.exe,0,,C:/ProgramFiles/Common Files/Symantec Shared/ccSvcHst.exe,User: rogueUser-3,Domain: US
<190>May 26 08:10:01 arbor.pravail.ibm.lab pravail-aps: Blocked Host: Blocked host 136.38.97.190 10:53 by TCP Connection Reset using TCP/55637 (Unknown) destination 99.28.151.165 source port 443,URL: https://arbornetworks.pravail.test.com/chaos/
<13>May 26 08:10:02 checkpoint.firewall.ibm.lab 26May2017 drop checkpoint.firewall.ibm.lab product: SmartDefense; src: 212.2.111.4; s_port: 56525; dst: 56.27.119.245; service: 443; proto: tcp; rule: 392;Attack Info: TCP segment out of maximum allowed sequence. Packet dropped.;Confidence Level: 0;Performance Impact: 0;Protection Name: TCP Segment Limit Enforcement;Protection Type: settings_tcp;Severity: 0;SmartDefense Profile: Boticario_DMZ_Protection;__policy_id_tag: product=VPN-1 & FireWall-1[db_tag={E94ECB65-34C0-4740-9634-761E1604C8BC};mgmt=SJP1PLNX036-DMZ;date=1424714440;policy_name=DMZ];attack: Streaming Engine: TCP Segment Limit Enforcement;has_accounting: 0;i/f_dir: inbound;i/f_name: eth2-01.2809;origin_sic_name: CN=TEST-DMZ1,O=log_server_hostname;protection_id: tcp_segment_limit;rule_uid: {499DBB08-D262-4D9F-B639-5337A7B36E59};snid: 7572c682;src_machine_name: COMP-testuser-59;src_user_name: testuser-59 ;user: testuser-59 ;
<13>May 26 08:10:04 microsoft.sec.ibm.lab AgentDevice=WindowsLog	AgentLogFile=Security	Source=Security	Computer=COMP-testuser-17	User=testuser-17	Domain=	EventID=672	EventIDCode=672	EventType=8	EventCategory=9	RecordNumber=68719	TimeGenerated=1495800604	TimeWritten=1495800604	Message=Authentication Ticket Request: User Name: testuser-17 Supplied Realm Name: us.ibm.com User ID: %{S-1-2-3-1089936} Service Name: krbtgt Service ID: %{S-3-2-1-EAE95B} Ticket Options: 0x40810010 Result Code: - Ticket Encryption Type: 0x17 Pre-Authentication Type: 2 Client Address: 210.106.12.207 Certificate Issuer Name:  Certificate Serial Number:  Certificate Thumbprint: 
<83>May 26 08:10:05 apple.macosx.ibm.lab sshd[5590]: error: PAM: Authentication failure for illegal user testuser-2 from 220.28.89.47<27>May 26 08:10:07 ambiron.ipangel.ibm.lab ipangel-ips: [2017-05-26 08:10:07-05] alert [Priority: 9] [119:2:1] [(http_inspect) DOUBLE DECODING ATTACK] 56.219.18.103:53359 TCP 102.32.68.111:80 br0
<182>May 26 08:10:08 apache.httpd.ibm.lab httpd: 165.11.95.213 155.190.169.178 - - [26/May/2017:08:10:08 -0500] "GET /../../../../../../../../../../../ HTTP/1.1" 400 443 307
<129>May 26 08:10:10 barracuda.firewall.ibm.lab WF ALER METHOD_NOT_ALLOWED 132.146.155.198 52295 87.67.174.91 80 security-policy GLOBAL DENY NONE [Method="ABCD"] ABCD 87.67.174.91/ HTTP "-" ""-"" 87.67.174.91 48536 "-" "-"
<25>May 26 08:10:12 apple.macosx.ibm.lab DirectoryService[51]: Failed Authentication return is being delayed due to over five recent auth failures for username: testuser-65.
<129>May 26 08:10:13 barracuda.firewall.ibm.lab WF ALER METACHARACTER_IN_PARAMETER 83.87.204.105 49514 123.114.213.202 443 security-policy GLOBAL DENY NONE [token="%00 " Parameter="article" value="../../../../../../../../etc/passwd"] GET 123.114.213.202/talkback.cgi?article=../../../../../../../../etc/passwd%00&action=view&matchview=1 HTTPS "-" ""-"" 123.114.213.202 49514 "-" "-"
<133>May 26 08:10:15 microsoft.event.ibm.lab MSWinEventLog 1 Security 102757633 Fri May 26 08:10:15 2017 4907 Microsoft-Windows-Security-Auditing N/A N/A Success Audit testuser-44 Audit Policy Change Auditing settings on object were changed. Subject: Security ID: S-1-5-18 Account Name: testuser-44 Account Domain: us.ibm.com Logon ID: 0x1089936 Object: Object Server: Security Object Type: File Object Name: \Windows\winsxs\test.wav Handle ID: 0x3a8 Process Information: Process ID: 0xACE93E Process Name: C:\Windows\System32\wbengine.exe Auditing Settings: Original Security Descriptor: S:AI(AU;A;;WD) New Security Descriptor: S:ARAI(AU;SAFA;;;;WD)(AU;IDFA;B;;;WD) 967110
<187>May 26 08:10:16 ['9.9.9.9'] httpd[16986]: [error] [client 212.2.111.4] Invalid URI in request \xf7vMKp`ET&\xa4\x9c\xc9\xec\xd1\xd8j\r\xce\xd9\xd4\xb3\c7
<129>May 26 08:10:18 barracuda.firewall.ibm.lab WF ALER CROSS_SITE_SCRIPTING_IN_URL 15.83.16.235 58046 168.64.138.37 80 security-policy GLOBAL DENY NONE [type="cross-site-scripting" pattern="script-tag" token="<script>"] GET 168.64.138.37/<script>alert(53416)</script> HTTP "-" ""-"" 168.64.138.37 48541 "-" "-"
<13>May 26 08:10:19 checkpoint.firewall.ibm.lab 26May2017 drop checkpoint.firewall.ibm.lab product: SmartDefense; src: 125.83.117.185; s_port: 57936; dst: 131.2.111.38; service: 443; proto: tcp; rule: 392;Attack Info: TCP segment out of maximum allowed sequence. Packet dropped.;Confidence Level: 0;Performance Impact: 0;Protection Name: TCP Segment Limit Enforcement;Protection Type: settings_tcp;Severity: 0;SmartDefense Profile: Boticario_DMZ_Protection;__policy_id_tag: product=VPN-1 & FireWall-1[db_tag={E94ECB65-34C0-4740-9634-761E1604C8BC};mgmt=SJP1PLNX036-DMZ;date=1424714440;policy_name=DMZ];attack: Streaming Engine: TCP Segment Limit Enforcement;has_accounting: 0;i/f_dir: inbound;i/f_name: eth2-01.2809;origin_sic_name: CN=TEST-DMZ1,O=log_server_hostname;protection_id: tcp_segment_limit;rule_uid: {499DBB08-D262-4D9F-B639-5337A7B36E59};snid: 7572c682;src_machine_name: COMP-testuser-41;src_user_name: testuser-41 ;user: testuser-41 ;
<25>May 26 08:10:21 apple.macosx.ibm.lab DirectoryService[51]: Failed Authentication return is being delayed due to over five recent auth failures for username: testuser-38.
<54>May 26 08:10:22 SymantecServer symantec.endpoint.ibm.lab: testbox-abc,[SID: 21590] P2P Edonkey Ping Message detected.  Traffic has been allowed from this application: C:\Program Files\easyMule\emule.exe,Local: 136.38.97.190,Local: 00218696B978,Remote: ,Remote: 155.149.116.147,Remote: 000000000000,Outbound,OTHERS,Intrusion ID: 0,Begin: 2017-05-26 08:10:22,End: 2017-05-26 08:10:22,Occurrences: 1,Application: C:/Program Files/easyMule/emule.exe,Location: Default,User: testuser-35,Domain: us.ibm.com
<187>May 26 08:10:24 ['9.9.9.9'] httpd[16986]: [error] [client 218.111.178.29] Invalid URI in request \xf7vMKp`ET&\xa4\x9c\xc9\xec\xd1\xd8j\r\xce\xd9\xd4\xb3\c7
<86>May 26 08:10:26 apple.macosx.ibm.lab com.apple.SecurityServer: authinternal authenticated user testuser-37 (uid 95140).
<38>May 26 08:10:27 sshd[676413]: Disconnecting: Too many authentication failures for testuser-32
<38>May 26 08:10:29 sshd[random_number_1_to_999999]: Accepted publickey for testuser-68 from 212.2.111.4 port 57910 ssh2
<54>May 26 08:10:30 SymantecServer symantec.endpoint.ibm.lab: Potential risk found,Computer name: COMP-1085764,Detection type: Heuristic,Application name: (Unknown),Application type: Trojan Worm,Application version: ,Hash type: SHA-1,Application hash: 72c874f212a18944ff56f774bfe7252346b93f8e,Company name: ,File size (bytes): 301568,Sensitivity: 0,Detection score: 40,Submission recommendation:1,Permitted application reason: 0,Source: Heuristic Scan,Risk name: ,Occurrences: 1,c:\claims\claims32.exe,"",Actual action: Left alone,Requested action: Left alone,Secondary action: Left alone,Event time: 2017-05-26 08:10:30,Inserted:2017-05-26 08:10:30,End:  2017-05-26 08:10:30,Domain: Default,Group: My Company\LTC\Desktops,Server: crasesssmc01,User: testuser-60,Source computer: ,Source IP: 0.0.0.0
<129>May 26 08:10:32 barracuda.firewall.ibm.lab WF ALER SLASH_DOT_IN_URL 83.87.204.105 56563 195.247.111.174 443 security-policy GLOBAL DENY NONE ["-"] GET 195.247.111.174/themes/default/css/.htaccess HTTPS "-" ""-"" 195.247.111.174 44428 "-" "-"
<190>May 26 08:10:33 arbor.pravail.ibm.lab pravail-aps: Blocked Host: Blocked host 33.195.94.29 at 10:53 by Malformed HTTP Filtering using TCP/80 (HTTP) destination 124.248.166.98 source port 56542,URL: https://arbornetworks.pravail.test.com/chaos/
<182>May 26 08:10:35 apache.httpd.ibm.lab httpd: 218.111.178.29 24.114.27.213 - - [26/May/2017:08:10:35 -0500] "OPTIONS /cgi-bin/index.php HTTP/1.1" 200 443 -
<182>May 26 08:10:37 apache.httpd.ibm.lab httpd: 125.83.117.185 37.7.62.48 - - [26/May/2017:08:10:37 -0500] "GET /<script>alert(53416)</script> HTTP/1.1" 404 443 320
<157>May 26 08:10:38 microsoft.event.ibm.lab MSWinEventLog	4	Security	60703	Fri May 26 08:10:38 2017	552	Security	NETWORK SERVICE	Well Known Group	Success Audit	testuser-49	Logon/Logoff		Logon attempt using explicit credentials: Logged on user:  User Name: NETWORK SERVICE  Domain: NT AUTHORITY  Logon ID: (0x0,0x1100401)  Logon GUID: -  User whose credentials were used:  Target User Name: testuser-49  Target Domain: us.ibm.com Target Logon GUID: -  Target Server Name: localhost  Target Server Info: localhost  Caller Process ID: 179905  Source Network Address: -  Source Port: - 	56794
<133>May 26 08:10:40 microsoft.event.ibm.lab MSWinEventLog 1 Security 102757633 Fri May 26 08:10:40 2017 4907 Microsoft-Windows-Security-Auditing N/A N/A Success Audit testuser-8 Audit Policy Change Auditing settings on object were changed. Subject: Security ID: S-1-5-18 Account Name: testuser-8 Account Domain: us.ibm.com Logon ID: 0x992016 Object: Object Server: Security Object Type: File Object Name: \Windows\winsxs\test.wav Handle ID: 0x3a8 Process Information: Process ID: 0x0F98A0 Process Name: C:\Windows\System32\wbengine.exe Auditing Settings: Original Security Descriptor: S:AI(AU;A;;WD) New Security Descriptor: S:ARAI(AU;SAFA;;;;WD)(AU;IDFA;B;;;WD) 484319
<54>May 26 08:10:41 SymantecServer symantec.endpoint.ibm.lab: Security risk found,Computer name: COMP-1083681,Source: Scheduled Scan,Risk name: VirusDoctor,Occurrences: 1,c:/System Volume Information/_restore{A3F5C2A3-F289-4356-B021-1FEFEFB73CBD}/RP243/A0070465.exe,"",Actual action: Quarantined,Requested action: Quarantined,Secondary action: Left alone,Event time: 2017-05-26 08:10:41,Inserted:2017-05-26 08:10:41,End: 2017-05-26 08:10:41,Domain: Default,Group: My Company	est,Server: avp1,User: testuser-41,Source computer:  ,Source IP: 0.0.0.0
<187>May 26 08:10:43 ['9.9.9.9'] httpd[16986]: [error] [client 212.2.111.4] Invalid URI in request \xf7vMKp`ET&\xa4\x9c\xc9\xec\xd1\xd8j\r\xce\xd9\xd4\xb3\c7
<33>May 26 08:10:44 threecom.switch.ibm.lab %May 26 08:10:44 2017 S9500 AAA/2/Serious error!: User testuser-81, in ACM send msg to SC failed! Returns 1 srcID 6 msgType 16384.
<28>May 26 08:10:46 Message forwarded from aix.ibm.lab: rshd[random_number_1_to_999999]: Failed rsh authentication from 165.11.95.213 for local user root via remote user testuser-83
<129>May 26 08:10:48 barracuda.firewall.ibm.lab WF ALER METHOD_NOT_ALLOWED 20.135.51.253 50632 199.41.168.55 80 security-policy GLOBAL DENY NONE [Method="ABCD"] ABCD 199.41.168.55/ HTTP "-" ""-"" 199.41.168.55 48536 "-" "-"
<187>May 26 08:10:49 ['9.9.9.9'] httpd[16986]: [error] [client 51.18.44.104] Invalid URI in request \xf7vMKp`ET&\xa4\x9c\xc9\xec\xd1\xd8j\r\xce\xd9\xd4\xb3\c7
<189>May 26 08:10:51 ['9.9.9.9'] authmgr[504]: <NOTI> login <00:1c:bf:ca:2b:98  179.174.48.208 testuser-79>method=802.1x, server=TEST001, role=Authenticated Update(status 0 method 0 role 16), reauth=1800 sec
<25>May 26 08:10:52 ambiron.ipangel.ibm.lab ipangel-ips: [2017-05-26 08:10:52-05] alert [Priority: 9] [116:46:1] [(snort_decoder) WARNING: TCP Data Offset is less than 5!] 154.102.244.170:59524 TCP 184.94.58.244:80 br0
<157>May 26 08:10:54 microsoft.event.ibm.lab MSWinEventLog	4	Security	60703	Fri May 26 08:10:54 2017	552	Security	NETWORK SERVICE	Well Known Group	Success Audit	testuser-99	Logon/Logoff		Logon attempt using explicit credentials: Logged on user:  User Name: NETWORK SERVICE  Domain: NT AUTHORITY  Logon ID: (0x0,0x1110916)  Logon GUID: -  User whose credentials were used:  Target User Name: testuser-99  Target Domain: us.ibm.com Target Logon GUID: -  Target Server Name: localhost  Target Server Info: localhost  Caller Process ID: 513137  Source Network Address: -  Source Port: - 	56794
<83>May 26 08:10:55 apple.macosx.ibm.lab sshd[5590]: error: PAM: Authentication failure for illegal user testuser-50 from 70.94.163.79<86>May 26 08:10:57 apple.macosx.ibm.lab com.apple.SecurityServer: uid 101425 succeeded authenticating as user admin (uid 501) for right system.install.root.user.
<187>May 26 08:10:58 ['9.9.9.9'] httpd[16986]: [error] [client 212.2.111.4] Invalid URI in request \xf7vMKp`ET&\xa4\x9c\xc9\xec\xd1\xd8j\r\xce\xd9\xd4\xb3\c7
<13>May 26 08:11:00 microsoft.sec.ibm.lab AgentDevice=WindowsLog	AgentLogFile=Security	Source=Security	Computer=COMP-testuser-40	User=testuser-40	Domain=	EventID=672	EventIDCode=672	EventType=8	EventCategory=9	RecordNumber=976763	TimeGenerated=1495800660	TimeWritten=1495800660	Message=Authentication Ticket Request: User Name: testuser-40 Supplied Realm Name: us.ibm.com User ID: %{S-1-2-3-1081600} Service Name: krbtgt Service ID: %{S-3-2-1-FB1E3E} Ticket Options: 0x40810010 Result Code: - Ticket Encryption Type: 0x17 Pre-Authentication Type: 2 Client Address: 51.18.44.104 Certificate Issuer Name:  Certificate Serial Number:  Certificate Thumbprint: 
<38>May 26 08:11:02 sshd[551692]: input_userauth_request: invalid user testuser-4
<129>May 26 08:11:03 barracuda.firewall.ibm.lab WF ALER METHOD_NOT_ALLOWED 218.111.178.29 60993 40.199.239.65 80 security-policy GLOBAL DENY NONE [Method="ABCD"] ABCD 40.199.239.65/ HTTP "-" ""-"" 40.199.239.65 48536 "-" "-"
<190>May 26 08:11:05 arbor.pravail.ibm.lab pravail-aps: Blocked Host: Blocked host 30.90.182.58 10:53 by TCP Connection Reset using TCP/49259 (Unknown) destination 188.21.136.128 source port 443,URL: https://arbornetworks.pravail.test.com/chaos/
<26>May 26 08:11:06 ambiron.ipangel.ibm.lab ipangel-ips: [2017-05-26 08:11:06-05] alert [Priority: 9] [119:14:1] [(http_inspect) NON-RFC DEFINED CHAR] 201.150.192.18:56441 TCP 35.244.43.7:80 br0
<25>May 26 08:11:08 apple.macosx.ibm.lab DirectoryService[51]: Failed Authentication return is being delayed due to over five recent auth failures for username: testuser-19.
<86>May 26 08:11:09 apple.macosx.ibm.lab sshd[5590]: Failed password for invalid user testuser-24 from 90.138.39.101 port 60923 ssh2
<182>May 26 08:11:11 apache.httpd.ibm.lab httpd: 136.38.97.190 80.140.53.87 - - [26/May/2017:08:11:11 -0500] "HEAD / HTTP/1.1" 200 443 -
<13>May 26 08:11:13 microsoft.sec.ibm.lab AgentDevice=WindowsLog	AgentLogFile=Security	Source=Security	Computer=COMP-testuser-55	User=testuser-55	Domain=	EventID=673	EventIDCode=673	EventType=8	EventCategory=9	RecordNumber=291498	TimeGenerated=1495800673	TimeWritten=1495800673	Message=Service Ticket Request:  User Name: testuser-55@us.ibm.com User Domain: us.ibm.com Service Name: MAIL$  Service ID: %{S-3-2-1-1B9145} Ticket Options:  0x40810000   Ticket Encryption Type: 0x17 Client Address: 79.186.10.120 Failure Code: - LogonGUID: {1B9145-f005ba11-ba5eba11} Transited Services: - 
<133>May 26 08:11:14 microsoft.event.ibm.lab MSWinEventLog 1 Security 102757633 Fri May 26 08:11:14 2017 4907 Microsoft-Windows-Security-Auditing N/A N/A Success Audit testuser-57 Audit Policy Change Auditing settings on object were changed. Subject: Security ID: S-1-5-18 Account Name: testuser-57 Account Domain: us.ibm.com Logon ID: 0x1098304 Object: Object Server: Security Object Type: File Object Name: \Windows\winsxs\test.wav Handle ID: 0x3a8 Process Information: Process ID: 0x6218B7 Process Name: C:\Windows\System32\wbengine.exe Auditing Settings: Original Security Descriptor: S:AI(AU;A;;WD) New Security Descriptor: S:ARAI(AU;SAFA;;;;WD)(AU;IDFA;B;;;WD) 877799
<38>May 26 08:11:16 sshd[564527]: input_userauth_request: invalid user testuser-12
<13>May 26 08:11:17 microsoft.sec.ibm.lab AgentDevice=WindowsLog	AgentLogFile=Security	Source=Security	Computer=COMP-rogueUser-3	User=rogueUser-3	Domain=	EventID=576	EventIDCode=576	EventType=8	EventCategory=2	RecordNumber=605928	TimeGenerated=1495800677	TimeWritten=1495800677	Message=Special privileges assigned to new logon: User Name: rogueUser-3 Domain: us.ibm.com Logon ID: (0x0,0x1117249) Privileges: SeSecurityPrivilege SeBackupPrivilege SeRestorePrivilege SeTakeOwnershipPrivilege SeDebugPrivilege SeSystemEnvironmentPrivilege SeLoadDriverPrivilege SeImpersonatePrivilege
<26>May 26 08:11:19 ambiron.ipangel.ibm.lab ipangel-ips: [2017-05-26 08:11:19-05] alert [Priority: 9] [119:14:1] [(http_inspect) NON-RFC DEFINED CHAR] 218.111.178.29:62901 TCP 171.226.67.18:80 br0
<13>May 26 08:11:20 checkpoint.firewall.ibm.lab 26May2017  checkpoint.firewall.ibm.lab product: SmartDefense; src: 120.171.20.155; s_port: ; dst: 116.182.14.15; service: ; proto: udp; rule: ;Attack Info: Bad domain format, illegal ASCII value in domain;Suppressed logs: 1;Total logs: 2;__policy_id_tag: product=VPN-1 & FireWall-1[db_tag={9B20E8EA-7DE6-11DD-B7D6-C0A832D11E1E};mgmt=fwmngt-zentral;date=1220906528;policy_name=Vulpine_gbl];alert: alert;attack: Invalid DNS;has_accounting: 0;i/f_dir: inbound;
<28>May 26 08:11:22 Message forwarded from aix.ibm.lab: rshd[random_number_1_to_999999]: Failed rsh authentication from 30.90.182.58 for local user root via remote user testuser-75
<13>May 26 08:11:24 microsoft.sec.ibm.lab AgentDevice=WindowsLog	AgentLogFile=Security	Source=Security	Computer=COMP-rogueUser-3	User=rogueUser-3	Domain=	EventID=540	EventIDCode=540	EventType=8	EventCategory=2	RecordNumber=622560	TimeGenerated=1495800684	TimeWritten=1495800684	Message=Successful Network Logon: User Name: Domain: Logon ID: (0x0,0x1117249) Logon Type: 3 Logon Process: NtLmSsp Authentication Package: NTLM Workstation Name: COMP-rogueUser-3 Logon GUID: - Caller User Name: - Caller Domain: - Caller Logon ID: - Caller Process ID: - Transited Services: - Source Network Address: 179.35.40.221 Source Port: 0
<129>May 26 08:11:25 barracuda.firewall.ibm.lab WF ALER CROSS_SITE_SCRIPTING_IN_URL 56.219.18.103 51625 189.151.123.27 80 security-policy GLOBAL DENY NONE [type="cross-site-scripting" pattern="script-tag" token="<script>"] GET 189.151.123.27/<script>alert(53416)</script> HTTP "-" ""-"" 189.151.123.27 48541 "-" "-"
<38>May 26 08:11:27 sshd[823066]: Invalid user testuser-82 from 79.186.10.120
<182>May 26 08:11:28 apache.httpd.ibm.lab httpd: 136.38.97.190 156.11.245.160 - - [26/May/2017:08:11:28 -0500] "OPTIONS /cgi-bin/index.php HTTP/1.1" 200 443 -
<179>May 26 08:11:30 apache.httpd.ibm.lab httpd[5570]: [ID 702911 local6.error] [error] [client 33.195.94.29] Certificate Verification: Error (10): certificate has expired
<54>May 26 08:11:31 SymantecServer symantec.endpoint.ibm.lab: DCA-EMAPROJ2,Allowed,"C:\Program Files\Common Files\Symantec Shared\ccSvcHst.exe",,Begin: 2017-05-26 08:11:31,End:2017-05-26 08:11:31,Rule: ,2528,C:/Program Files/Microsoft Virtual Server/vmh.exe,0,,C:/ProgramFiles/Common Files/Symantec Shared/ccSvcHst.exe,User: rogueUser-4,Domain: US
<13>May 26 08:11:33 microsoft.sec.ibm.lab AgentDevice=WindowsLog	AgentLogFile=Security	Source=Security	Computer=COMP-testuser-82	User=testuser-82	Domain=	EventID=680	EventIDCode=680	EventType=8	EventCategory=9	RecordNumber=843789	TimeGenerated=1495800693	TimeWritten=1495800693	Message=Logon attempt by: MICROSOFT_AUTHENTICATION_PACKAGE_V1_0 Logon account: testuser-82 Source Workstation: COMP-testuser-82 Error Code: 0x0 
<189>May 26 08:11:34 ['9.9.9.9'] authmgr[504]: <NOTI> login <00:1c:bf:ca:2b:98  120.171.20.155 testuser-49>method=802.1x, server=TEST001, role=Authenticated Update(status 0 method 0 role 16), reauth=1800 sec
<182>May 26 08:11:36 apache.httpd.ibm.lab httpd: 179.174.48.208 120.193.18.241 - - [26/May/2017:08:11:36 -0500] "GET / HTTP/1.0" 200 443 9334
