<38>May 26 09:05:22 sshd[243091]: Invalid user testuser-83 from 128.204.215.45
<149>May 26 09:05:24 apple.macosx.ibm.lab sudo:    testuser-10 : TTY=ttyp1 ; PWD=/Users/admin ; USER=admin ;COMMAND=/bin/bash
<189>May 26 09:05:25 ['9.9.9.9'] authmgr[504]: <NOTI> login <00:1c:bf:ca:2b:98  79.186.10.120 testuser-73>method=802.1x, server=TEST001, role=Authenticated Update(status 0 method 0 role 16), reauth=1800 sec
<13>May 26 09:05:27 checkpoint.firewall.ibm.lab 26May2017 drop checkpoint.firewall.ibm.lab product: VPN-1 &FireWall-1; src: 83.87.204.105; s_port: 59449; dst: 207.222.100.4; service: 138; proto: udp; rule: 323;SmartDefense profile: Default_Protection;__policy_id_tag: product=VPN-1 & FireWall-1[db_tag={48AB8350-7F61-11DD-887D-C0A832D16C6C};mgmt=fwmngt-zentral;date=1221069169;policy_name=Chameleon_gbl];has_accounting: 0;i/f_dir: inbound;i/f_name: eth-s1/s1p1c0;rule_uid: {21D66174-0E19-4B77-A1E9-3473FE991088};
<86>May 26 09:05:28 apple.macosx.ibm.lab com.apple.SecurityServer: uid 995033 succeeded authenticating as user admin (uid 501) for right system.install.root.user.
<182>May 26 09:05:30 apache.httpd.ibm.lab httpd: 218.111.178.29 31.236.209.131 - - [26/May/2017:09:05:30 -0500] "CONNECT 10.35.79.71:443 HTTP/1.1" 405 443 297
<27>May 26 09:05:31 ambiron.ipangel.ibm.lab ipangel-ips: [2017-05-26 09:05:31-05] alert [Priority: 9] [119:2:1] [(http_inspect) DOUBLE DECODING ATTACK] 120.171.20.155:54096 TCP 120.175.158.45:80 br0
<157>May 26 09:05:33 microsoft.event.ibm.lab MSWinEventLog	4	Security	60703	Fri May 26 09:05:33 2017	552	Security	NETWORK SERVICE	Well Known Group	Success Audit	testuser-58	Logon/Logoff		Logon attempt using explicit credentials: Logged on user:  User Name: NETWORK SERVICE  Domain: NT AUTHORITY  Logon ID: (0x0,0x1100401)  Logon GUID: -  User whose credentials were used:  Target User Name: testuser-58  Target Domain: us.ibm.com Target Logon GUID: -  Target Server Name: localhost  Target Server Info: localhost  Caller Process ID: 435030  Source Network Address: -  Source Port: - 	56794
<14>May 26 09:05:34 Message forwarded from aix.ibm.lab: ftp[random_number_1_to_999999]: ftp: EXPORT user testuser-68, host 185.77.60.135, local test_script.sh, remote test_script.sh.
<26>May 26 09:05:36 ambiron.ipangel.ibm.lab ipangel-ips: [2017-05-26 09:05:36-05] alert [Priority: 9] [119:14:1] [(http_inspect) NON-RFC DEFINED CHAR] 201.150.192.18:58196 TCP 152.25.35.131:80 br0
<190>May 26 09:05:38 arbor.pravail.ibm.lab pravail-aps: Blocked Host: Blocked host 218.111.178.29 10:53 by TCP Connection Reset using TCP/52682 (Unknown) destination 57.30.40.40 source port 443,URL: https://arbornetworks.pravail.test.com/chaos/
<129>May 26 09:05:39 barracuda.firewall.ibm.lab WF ALER CROSS_SITE_SCRIPTING_IN_PARAM 202.207.224.25 50773 170.217.89.49 443 security-policy GLOBAL DENY NONE [type="cross-site-scripting" pattern="script-tag" token="<script>" Parameter="url" value="<script>alert(5341)</script>"] GET 170.217.89.49/redirect.asp?url=<script>alert(5341)</script> HTTPS "-" ""-"" 170.217.89.49 59845 "-" "-"
<182>May 26 09:05:41 apache.httpd.ibm.lab httpd: 202.207.224.25 144.132.190.127 - - [26/May/2017:09:05:41 -0500] "OPTIONS /cgi-bin/index.php HTTP/1.1" 200 443 -
<129>May 26 09:05:42 barracuda.firewall.ibm.lab WF ALER METACHARACTER_IN_PARAMETER 120.171.20.155 55599 50.167.64.20 443 security-policy GLOBAL DENY NONE [token="%00 " Parameter="article" value="../../../../../../../../etc/passwd"] GET 50.167.64.20/talkback.cgi?article=../../../../../../../../etc/passwd%00&action=view&matchview=1 HTTPS "-" ""-"" 50.167.64.20 55599 "-" "-"
<13>May 26 09:05:44 checkpoint.firewall.ibm.lab 26May2017  checkpoint.firewall.ibm.lab product: martDefense; src: 218.111.178.29; s_port: ; dst: 177.248.158.36; service: ; proto: udp; rule: ;Attack Info: Response packet too long, potential buffer overflow;Suppressed logs: 5;Total logs: 6;__policy_id_tag: product=VPN-1 & FireWall-1[db_tag={321A4EE6-7DEA-11DD-BFAA-C0A832822626};mgmt=fwmngt05;date=1220908070;policy_name=KillerWhale_gbl];alert: alert;attack: Invalid DNS;has_accounting: 0;i/f_dir: inbound;
<29>May 26 09:05:45 Message forwarded from aix.ibm.lab: telnetd[15962744090276]: telnet from ::ffff:165.11.95.213 on /dev/pts/1
<190>May 26 09:05:47 arbor.pravail.ibm.lab pravail-aps: Blocked Host: Blocked host 120.171.20.155 at 10:52 by Invalid Packets using TCP/0 (Unknown) destination 193.33.202.18,URL: https://arbornetworks.pravail.test.com/chaos/
<157>May 26 09:05:49 microsoft.event.ibm.lab MSWinEventLog	4	Security	60703	Fri May 26 09:05:49 2017	552	Security	NETWORK SERVICE	Well Known Group	Success Audit	testuser-22	Logon/Logoff		Logon attempt using explicit credentials: Logged on user:  User Name: NETWORK SERVICE  Domain: NT AUTHORITY  Logon ID: (0x0,0x1081600)  Logon GUID: -  User whose credentials were used:  Target User Name: testuser-22  Target Domain: us.ibm.com Target Logon GUID: -  Target Server Name: localhost  Target Server Info: localhost  Caller Process ID: 447898  Source Network Address: -  Source Port: - 	56794
<13>May 26 09:05:50 checkpoint.firewall.ibm.lab 26May2017 reject checkpoint.firewall.ibm.lab product: VPN-1 & FireWall-1; src: 30.90.182.58; s_port: 64438; dst: 143.235.152.224; service: 113; proto: tcp; rule: 14;SmartDefense profile: Default_Protection;__policy_id_tag: product=VPN-1 & FireWall-1[db_tag={25E5B8F6-79E7-11DD-941A-C0A832D00C0C};mgmt=fwmngt-wuv;date=1220466957;policy_name=rhino_gbl];has_accounting: 0;i/f_dir: inbound;i/f_name: eth-s2/s1p1c0;rule_uid: {9C96B325-D976-4A30-8685-9ED61018A6E7};service_id: gident;
<27>May 26 09:05:52 ambiron.ipangel.ibm.lab ipangel-ips: [2017-05-26 09:05:52-05] alert [Priority: 9] [119:2:1] [(http_inspect) DOUBLE DECODING ATTACK] 136.38.97.190:57443 TCP 122.119.150.72:80 br0
<13>May 26 09:05:53 checkpoint.firewall.ibm.lab 26May2017 drop checkpoint.firewall.ibm.lab product: SmartDefense; src: 136.38.97.190; s_port: 49967; dst: 16.239.11.254; service: 443; proto: tcp; rule: 392;Attack Info: TCP segment out of maximum allowed sequence. Packet dropped.;Confidence Level: 0;Performance Impact: 0;Protection Name: TCP Segment Limit Enforcement;Protection Type: settings_tcp;Severity: 0;SmartDefense Profile: Boticario_DMZ_Protection;__policy_id_tag: product=VPN-1 & FireWall-1[db_tag={E94ECB65-34C0-4740-9634-761E1604C8BC};mgmt=SJP1PLNX036-DMZ;date=1424714440;policy_name=DMZ];attack: Streaming Engine: TCP Segment Limit Enforcement;has_accounting: 0;i/f_dir: inbound;i/f_name: eth2-01.2809;origin_sic_name: CN=TEST-DMZ1,O=log_server_hostname;protection_id: tcp_segment_limit;rule_uid: {499DBB08-D262-4D9F-B639-5337A7B36E59};snid: 7572c682;src_machine_name: COMP-testuser-44;src_user_name: testuser-44 ;user: testuser-44 ;
<54>May 26 09:05:55 SymantecServer symantec.endpoint.ibm.lab: DCA-EMAPROJ2,Allowed,"C:\Program Files\Common Files\Symantec Shared\ccSvcHst.exe",,Begin: 2017-05-26 09:05:55,End:2017-05-26 09:05:55,Rule: ,2528,C:/Program Files/Microsoft Virtual Server/vmh.exe,0,,C:/ProgramFiles/Common Files/Symantec Shared/ccSvcHst.exe,User: rogueUser-4,Domain: US
<27>May 26 09:05:56 ambiron.ipangel.ibm.lab ipangel-ips: [2017-05-26 09:05:56-05] alert [Priority: 9] [119:2:1] [(http_inspect) DOUBLE DECODING ATTACK] 30.90.182.58:63023 TCP 138.185.134.79:80 br0
<33>May 26 09:05:58 threecom.switch.ibm.lab %May 26 09:05:58 2017 S9500 RTA/3/Failed to get user traffic: Failed to get traffic of user 218.111.178.29 on board 6
<187>May 26 09:06:00 ['9.9.9.9'] httpd[16986]: [error] [client 147.198.103.40] Invalid URI in request \xf7vMKp`ET&\xa4\x9c\xc9\xec\xd1\xd8j\r\xce\xd9\xd4\xb3\c7
<28>May 26 09:06:01 Message forwarded from aix.ibm.lab: rshd[random_number_1_to_999999]: Failed rsh authentication from 179.174.48.208 for local user root via remote user testuser-79
<133>May 26 09:06:03 microsoft.event.ibm.lab MSWinEventLog 1 Security 102757633 Fri May 26 09:06:03 2017 4907 Microsoft-Windows-Security-Auditing N/A N/A Success Audit testuser-48 Audit Policy Change Auditing settings on object were changed. Subject: Security ID: S-1-5-18 Account Name: testuser-48 Account Domain: us.ibm.com Logon ID: 0x1098304 Object: Object Server: Security Object Type: File Object Name: \Windows\winsxs\test.wav Handle ID: 0x3a8 Process Information: Process ID: 0xAD7AC3 Process Name: C:\Windows\System32\wbengine.exe Auditing Settings: Original Security Descriptor: S:AI(AU;A;;WD) New Security Descriptor: S:ARAI(AU;SAFA;;;;WD)(AU;IDFA;B;;;WD) 202634
<190>May 26 09:06:04 arbor.pravail.ibm.lab pravail-aps: Blocked Host: Blocked host 201.150.192.18 at 10:52 by Invalid Packets using TCP/0 (Unknown) destination 13.62.164.108,URL: https://arbornetworks.pravail.test.com/chaos/
<189>May 26 09:06:06 ['9.9.9.9'] authmgr[504]: <NOTI> login <00:1c:bf:ca:2b:98  30.90.182.58 testuser-84>method=802.1x, server=TEST001, role=Authenticated Update(status 0 method 0 role 16), reauth=1800 sec
<54>May 26 09:06:07 SymantecServer symantec.endpoint.ibm.lab: DCA-EMAPROJ2,Allowed,"C:\Program Files\Common Files\Symantec Shared\ccSvcHst.exe",,Begin: 2017-05-26 09:06:07,End:2017-05-26 09:06:07,Rule: ,2528,C:/Program Files/Microsoft Virtual Server/vmh.exe,0,,C:/ProgramFiles/Common Files/Symantec Shared/ccSvcHst.exe,User: testuser-74,Domain: US
<13>May 26 09:06:09 microsoft.sec.ibm.lab AgentDevice=WindowsLog	AgentLogFile=Security	Source=Security	Computer=COMP-rogueUser-5	User=rogueUser-5	Domain=	EventID=672	EventIDCode=672	EventType=8	EventCategory=9	RecordNumber=865421	TimeGenerated=1495803969	TimeWritten=1495803969	Message=Authentication Ticket Request: User Name: rogueUser-5 Supplied Realm Name: us.ibm.com User ID: %{S-1-2-3-1121481} Service Name: krbtgt Service ID: %{S-3-2-1-0FF013} Ticket Options: 0x40810010 Result Code: - Ticket Encryption Type: 0x17 Pre-Authentication Type: 2 Client Address: 34.13.187.128 Certificate Issuer Name:  Certificate Serial Number:  Certificate Thumbprint: 
<33>May 26 09:06:10 threecom.switch.ibm.lab %May 26 09:06:10 2017 S9500 FTPS/5/USEROUT: User testuser-38(165.11.95.213) logged out
<86>May 26 09:06:12 apple.macosx.ibm.lab sshd[5590]: Failed password for invalid user testuser-60 from 222.3.6.57 port 56303 ssh2
<38>May 26 09:06:14 sshd[397391]: Address 83.87.204.105 maps to test.ibm.com, but this does not map back to the address - POSSIBLE BREAK-IN ATTEMPT!
<14>May 26 09:06:15 Message forwarded from aix.ibm.lab: ftp[random_number_1_to_999999]: ftp: EXPORT user testuser-17, host 136.38.97.190, local test_script.sh, remote test_script.sh.
<13>May 26 09:06:17 microsoft.sec.ibm.lab AgentDevice=WindowsLog	AgentLogFile=Security	Source=Security	Computer=COMP-testuser-61	User=testuser-61	Domain=	EventID=540	EventIDCode=540	EventType=8	EventCategory=2	RecordNumber=363940	TimeGenerated=1495803977	TimeWritten=1495803977	Message=Successful Network Logon: User Name: Domain: Logon ID: (0x0,0x1087849) Logon Type: 3 Logon Process: NtLmSsp Authentication Package: NTLM Workstation Name: COMP-testuser-61 Logon GUID: - Caller User Name: - Caller Domain: - Caller Logon ID: - Caller Process ID: - Transited Services: - Source Network Address: 56.219.18.103 Source Port: 0
<13>May 26 09:06:18 microsoft.sec.ibm.lab AgentDevice=WindowsLog	AgentLogFile=Security	Source=Security	Computer=COMP-testuser-77	User=testuser-77	Domain=	EventID=529	EventIDCode=529	EventType=16	EventCategory=2	RecordNumber=64945	TimeGenerated=1495803978	TimeWritten=1495803978	Message=Successful Network Logon: User Name: Domain: Logon ID: (0x0,0x1102500) Logon Type: 3 Logon Process: NtLmSsp Authentication Package: NTLM Workstation Name: COMP-testuser-77 Logon GUID: - Caller User Name: - Caller Domain: - Caller Logon ID: - Caller Process ID: - Transited Services: - Source Network Address: 17.176.202.162 Source Port: 0
<28>May 26 09:06:20 Message forwarded from aix.ibm.lab: rshd[random_number_1_to_999999]: Failed rsh authentication from 44.68.116.180 for local user root via remote user testuser-19
<190>May 26 09:06:21 arbor.pravail.ibm.lab pravail-aps: Blocked Host: Blocked host 79.186.10.120 10:53 by TCP Connection Reset using TCP/56278 (Unknown) destination 14.58.231.221 source port 443,URL: https://arbornetworks.pravail.test.com/chaos/
<129>May 26 09:06:23 barracuda.firewall.ibm.lab WF ALER SLASH_DOT_IN_URL 218.111.178.29 60946 14.134.60.163 443 security-policy GLOBAL DENY NONE ["-"] GET 14.134.60.163/themes/default/css/.htaccess HTTPS "-" ""-"" 14.134.60.163 44428 "-" "-"
<129>May 26 09:06:25 barracuda.firewall.ibm.lab WF ALER SLASH_DOT_IN_URL 136.38.97.190 53638 175.200.72.53 443 security-policy GLOBAL DENY NONE ["-"] GET 175.200.72.53/themes/default/css/.htaccess HTTPS "-" ""-"" 175.200.72.53 44428 "-" "-"
<179>May 26 09:06:26 apache.httpd.ibm.lab httpd[5570]: [ID 702911 local6.error] [error] [client 83.87.204.105] Certificate Verification: Error (10): certificate has expired
<54>May 26 09:06:28 SymantecServer symantec.endpoint.ibm.lab: DCA-EMAPROJ2,Allowed,"C:\Program Files\Common Files\Symantec Shared\ccSvcHst.exe",,Begin: 2017-05-26 09:06:28,End:2017-05-26 09:06:28,Rule: ,2528,C:/Program Files/Microsoft Virtual Server/vmh.exe,0,,C:/ProgramFiles/Common Files/Symantec Shared/ccSvcHst.exe,User: testuser-86,Domain: US
<190>May 26 09:06:29 arbor.pravail.ibm.lab pravail-aps: Blocked Host: Blocked host 212.2.111.4 at 10:53 by Malformed HTTP Filtering using TCP/80 (HTTP) destination 182.77.194.11 source port 55642,URL: https://arbornetworks.pravail.test.com/chaos/
<38>May 26 09:06:31 sshd[645208]: Disconnecting: Too many authentication failures for testuser-95
<149>May 26 09:06:32 apple.macosx.ibm.lab sudo:    testuser-87 : TTY=ttyp1 ; PWD=/Users/admin ; USER=admin ;COMMAND=/bin/bash
<129>May 26 09:06:34 barracuda.firewall.ibm.lab WF ALER METACHARACTER_IN_PARAMETER 30.90.182.58 49677 141.67.71.127 443 security-policy GLOBAL DENY NONE [token="%00 " Parameter="article" value="../../../../../../../../etc/passwd"] GET 141.67.71.127/talkback.cgi?article=../../../../../../../../etc/passwd%00&action=view&matchview=1 HTTPS "-" ""-"" 141.67.71.127 49677 "-" "-"
<13>May 26 09:06:36 checkpoint.firewall.ibm.lab 26May2017 reject checkpoint.firewall.ibm.lab product: VPN-1 & FireWall-1; src: 64.87.88.123; s_port: 63428; dst: 174.224.25.249; service: 113; proto: tcp; rule: 14;SmartDefense profile: Default_Protection;__policy_id_tag: product=VPN-1 & FireWall-1[db_tag={25E5B8F6-79E7-11DD-941A-C0A832D00C0C};mgmt=fwmngt-wuv;date=1220466957;policy_name=rhino_gbl];has_accounting: 0;i/f_dir: inbound;i/f_name: eth-s2/s1p1c0;rule_uid: {9C96B325-D976-4A30-8685-9ED61018A6E7};service_id: gident;
<13>May 26 09:06:37 microsoft.sec.ibm.lab AgentDevice=WindowsLog	AgentLogFile=Security	Source=Security	Computer=COMP-testuser-69	User=testuser-69	Domain=	EventID=576	EventIDCode=576	EventType=8	EventCategory=2	RecordNumber=709867	TimeGenerated=1495803997	TimeWritten=1495803997	Message=Special privileges assigned to new logon: User Name: testuser-69 Domain: us.ibm.com Logon ID: (0x0,0x1104601) Privileges: SeSecurityPrivilege SeBackupPrivilege SeRestorePrivilege SeTakeOwnershipPrivilege SeDebugPrivilege SeSystemEnvironmentPrivilege SeLoadDriverPrivilege SeImpersonatePrivilege
<38>May 26 09:06:39 sshd[158364]: Disconnecting: Too many authentication failures for testuser-63
<189>May 26 09:06:40 ['9.9.9.9'] authmgr[504]: <NOTI> login <00:1c:bf:ca:2b:98  33.195.94.29 rogueUser-1>method=802.1x, server=TEST001, role=Authenticated Update(status 0 method 0 role 16), reauth=1800 sec
<133>May 26 09:06:42 microsoft.event.ibm.lab MSWinEventLog 1 Security 102757633 Fri May 26 09:06:42 2017 4907 Microsoft-Windows-Security-Auditing N/A N/A Success Audit rogueUser-4 Audit Policy Change Auditing settings on object were changed. Subject: Security ID: S-1-5-18 Account Name: rogueUser-4 Account Domain: us.ibm.com Logon ID: 0x1119364 Object: Object Server: Security Object Type: File Object Name: \Windows\winsxs\test.wav Handle ID: 0x3a8 Process Information: Process ID: 0x7B0489 Process Name: C:\Windows\System32\wbengine.exe Auditing Settings: Original Security Descriptor: S:AI(AU;A;;WD) New Security Descriptor: S:ARAI(AU;SAFA;;;;WD)(AU;IDFA;B;;;WD) 16385
<33>May 26 09:06:43 threecom.switch.ibm.lab %May 26 09:06:43 2017 S9500 PORTAL/5/PT_LOG: Online user 136.38.97.190 changes to 20.48.80.240, we will cut it off as using traffic-acct.
<50>May 26 09:06:45 SymantecServer symantec.endpoint.ibm.lab: testbox-xyz,[SID: 70025] Web Attack: Blackhole Exploit Toolkit 2 attack blocked. Traffic has been blocked for this application: C:\Program Files\Internet Explorer\iexplore.exe,Local: 0.0.0.0,Local: 000000000000,Remote: ,Remote: 0.0.0.0,Remote: 000000000000,Inbound,OTHERS,,Begin: 2017-05-26 09:06:45,End: 2017-05-26 09:06:45,Occurrences: 1,Application: C:/Program Files/Internet Explorer/iexplore.exe,Location: Default,User: testuser-3,Domain: SIMON,!ExternalLoggingTask.localport! 0,!ExternalLoggingTask.remoteport! 0,!ExternalLoggingTask.cidssignid! 70025,!ExternalLoggingTask.strcidssignid! Web Attack: Blackhole Exploit Toolkit 2,!ExternalLoggingTask.cidssignsubid! 0,!ExternalLoggingTask.intrusionurl! http://pppptttt.blah.net/links/came_broadcasting_taking-various.php,!ExternalLoggingTask.intrusionpayloadurl!
<38>May 26 09:06:46 sshd[random_number_1_to_999999]: Accepted keyboard-interactive/pam for testuser-11 from 132.146.155.198 port 64120 ssh2
<34>May 26 09:06:46 Message forwarded from aix.ibm.lab: su: BAD SU from testuser-11 to root at /dev/pts/3
<26>May 26 09:06:48 ambiron.ipangel.ibm.lab ipangel-ips: [2017-05-26 09:06:48-05] alert [Priority: 9] [119:14:1] [(http_inspect) NON-RFC DEFINED CHAR] 136.38.97.190:58904 TCP 109.17.148.77:80 br0
<190>May 26 09:06:50 arbor.pravail.ibm.lab pravail-aps: Blocked Host: Blocked host 30.90.182.58 at 10:53 by Malformed HTTP Filtering using TCP/80 (HTTP) destination 130.6.244.141 source port 56822,URL: https://arbornetworks.pravail.test.com/chaos/
<13>May 26 09:06:51 microsoft.sec.ibm.lab AgentDevice=WindowsLog	AgentLogFile=Security	Source=Security	Computer=COMP-testuser-71	User=testuser-71	Domain=	EventID=672	EventIDCode=672	EventType=16	EventCategory=9	RecordNumber=569152	TimeGenerated=1495804011	TimeWritten=1495804011	Message=Authentication Ticket Request: User Name: testuser-71 Supplied Realm Name: us.ibm.com User ID: %{S-1-2-3-1089936} Service Name: krbtgt Service ID: %{S-3-2-1-C517CB} Ticket Options: 0x40810010 Result Code: - Ticket Encryption Type: 0x17 Pre-Authentication Type: 2 Client Address: 136.38.97.190 Certificate Issuer Name:  Certificate Serial Number:  Certificate Thumbprint: 
<187>May 26 09:06:53 ['9.9.9.9'] httpd[16986]: [error] [client 218.111.178.29] Invalid URI in request \xf7vMKp`ET&\xa4\x9c\xc9\xec\xd1\xd8j\r\xce\xd9\xd4\xb3\c7
<129>May 26 09:06:54 barracuda.firewall.ibm.lab WF ALER METACHARACTER_IN_PARAMETER 212.2.111.4 61006 11.11.5.247 443 security-policy GLOBAL DENY NONE [token="%00 " Parameter="article" value="../../../../../../../../etc/passwd"] GET 11.11.5.247/talkback.cgi?article=../../../../../../../../etc/passwd%00&action=view&matchview=1 HTTPS "-" ""-"" 11.11.5.247 61006 "-" "-"
<27>May 26 09:06:56 ambiron.ipangel.ibm.lab ipangel-ips: [2017-05-26 09:06:56-05] alert [Priority: 9] [119:2:1] [(http_inspect) DOUBLE DECODING ATTACK] 189.6.147.68:59813 TCP 199.9.130.127:80 br0
<38>May 26 09:06:57 syslog: ssh: failed login attempt for rogueUser-3 from 20.135.51.253
<39>May 26 09:06:59 Message forwarded from aix.ibm.lab: testuser-12 PAM: pam_authenticate: error Authentication failed
<129>May 26 09:07:01 barracuda.firewall.ibm.lab WF ALER METHOD_NOT_ALLOWED 136.38.97.190 54269 99.77.128.85 80 security-policy GLOBAL DENY NONE [Method="ABCD"] ABCD 99.77.128.85/ HTTP "-" ""-"" 99.77.128.85 48536 "-" "-"
<190>May 26 09:07:02 arbor.pravail.ibm.lab pravail-aps: Blocked Host: Blocked host 56.219.18.103 at 10:52 by Invalid Packets using TCP/0 (Unknown) destination 184.107.165.105,URL: https://arbornetworks.pravail.test.com/chaos/
<86>May 26 09:07:04 apple.macosx.ibm.lab sshd[5590]: Failed password for invalid user rogueUser-4 from 145.76.28.68 port 57932 ssh2
<38>May 26 09:07:05 Message forwarded from aix.ibm.lab: syslog: pts/2: failed login attempt for rogueUser-4 from 128.234.158.118
<25>May 26 09:07:07 ambiron.ipangel.ibm.lab ipangel-ips: [2017-05-26 09:07:07-05] alert [Priority: 9] [116:46:1] [(snort_decoder) WARNING: TCP Data Offset is less than 5!] 165.11.95.213:58107 TCP 57.190.162.191:80 br0
<149>May 26 09:07:08 apple.macosx.ibm.lab sudo:    testuser-36 : TTY=ttyp1 ; PWD=/Users/admin ; USER=admin ;COMMAND=/bin/bash
<157>May 26 09:07:10 microsoft.event.ibm.lab MSWinEventLog	4	Security	60703	Fri May 26 09:07:10 2017	552	Security	NETWORK SERVICE	Well Known Group	Success Audit	rogueUser-5	Logon/Logoff		Logon attempt using explicit credentials: Logged on user:  User Name: NETWORK SERVICE  Domain: NT AUTHORITY  Logon ID: (0x0,0x1121481)  Logon GUID: -  User whose credentials were used:  Target User Name: rogueUser-5  Target Domain: us.ibm.com Target Logon GUID: -  Target Server Name: localhost  Target Server Info: localhost  Caller Process ID: 792729  Source Network Address: -  Source Port: - 	56794
<157>May 26 09:07:12 microsoft.event.ibm.lab MSWinEventLog	4	Security	60703	Fri May 26 09:07:12 2017	552	Security	NETWORK SERVICE	Well Known Group	Success Audit	testuser-18	Logon/Logoff		Logon attempt using explicit credentials: Logged on user:  User Name: NETWORK SERVICE  Domain: NT AUTHORITY  Logon ID: (0x0,0x1092025)  Logon GUID: -  User whose credentials were used:  Target User Name: testuser-18  Target Domain: us.ibm.com Target Logon GUID: -  Target Server Name: localhost  Target Server Info: localhost  Caller Process ID: 375306  Source Network Address: -  Source Port: - 	56794
<13>May 26 09:07:13 microsoft.sec.ibm.lab AgentDevice=WindowsLog	AgentLogFile=Security	Source=Security	Computer=COMP-testuser-51	User=SYSTEM	Domain=	EventID=644	EventIDCode=644	EventType=8	EventCategory=7	RecordNumber=507271	TimeGenerated=1495804033	TimeWritten=1495804033	Message=User Account Locked Out: Target Account Name: testuser-51 Target Account ID: %{S-1-2-3-1085764} Caller Machine Name: COMP-CALLER01 Caller User Name: CALLER-01 Caller Domain: us.ibm.com Caller Logon ID: (0x0,0xBA5EBA11)
<38>May 26 09:07:15 sshd[472967]: Address 218.111.178.29 maps to test.ibm.com, but this does not map back to the address - POSSIBLE BREAK-IN ATTEMPT!
<182>May 26 09:07:16 apache.httpd.ibm.lab httpd: 120.171.20.155 40.42.131.157 - - [26/May/2017:09:07:16 -0500] "CONNECT 10.35.79.71:443 HTTP/1.1" 405 443 297
<13>May 26 09:07:18 microsoft.sec.ibm.lab AgentDevice=WindowsLog	AgentLogFile=Security	Source=Security	Computer=COMP-rogueUser-3	User=rogueUser-3	Domain=	EventID=675	EventIDCode=675	EventType=16	EventCategory=9	RecordNumber=154913	TimeGenerated=1495804038	TimeWritten=1495804038	Message=Pre-authentication failed: User Name: rogueUser-3 User ID: %{S-1-2-3-1117249} Service Name: krbtgt Pre-Authentication Type: 0x2 Failure Code: 0x18 Client Address: 20.135.51.253 
<187>May 26 09:07:19 ['9.9.9.9'] httpd[16986]: [error] [client 125.83.117.185] Invalid URI in request \xf7vMKp`ET&\xa4\x9c\xc9\xec\xd1\xd8j\r\xce\xd9\xd4\xb3\c7
<13>May 26 09:07:21 microsoft.sec.ibm.lab AgentDevice=WindowsLog	AgentLogFile=Security	Source=Security	Computer=COMP-testuser-46	User=testuser-46	Domain=	EventID=540	EventIDCode=540	EventType=8	EventCategory=2	RecordNumber=503465	TimeGenerated=1495804041	TimeWritten=1495804041	Message=Successful Network Logon: User Name: Domain: Logon ID: (0x0,0x1094116) Logon Type: 3 Logon Process: NtLmSsp Authentication Package: NTLM Workstation Name: COMP-testuser-46 Logon GUID: - Caller User Name: - Caller Domain: - Caller Logon ID: - Caller Process ID: - Transited Services: - Source Network Address: 79.186.10.120 Source Port: 0
<189>May 26 09:07:22 ['9.9.9.9'] authmgr[504]: <NOTI> login <00:1c:bf:ca:2b:98  212.2.111.4 testuser-59>method=802.1x, server=TEST001, role=Authenticated Update(status 0 method 0 role 16), reauth=1800 sec
<25>May 26 09:07:24 ambiron.ipangel.ibm.lab ipangel-ips: [2017-05-26 09:07:24-05] alert [Priority: 9] [116:46:1] [(snort_decoder) WARNING: TCP Data Offset is less than 5!] 120.171.20.155:52114 TCP 20.194.203.143:80 br0
<13>May 26 09:07:26 microsoft.sec.ibm.lab AgentDevice=WindowsLog	AgentLogFile=Security	Source=Security	Computer=COMP-testuser-26	User=testuser-26	Domain=	EventID=576	EventIDCode=576	EventType=8	EventCategory=2	RecordNumber=904508	TimeGenerated=1495804046	TimeWritten=1495804046	Message=Special privileges assigned to new logon: User Name: testuser-26 Domain: us.ibm.com Logon ID: (0x0,0x1089936) Privileges: SeSecurityPrivilege SeBackupPrivilege SeRestorePrivilege SeTakeOwnershipPrivilege SeDebugPrivilege SeSystemEnvironmentPrivilege SeLoadDriverPrivilege SeImpersonatePrivilege
<182>May 26 09:07:27 apache.httpd.ibm.lab httpd: 30.90.182.58 179.192.223.24 - - [26/May/2017:09:07:27 -0500] "GET / HTTP/1.0" 200 443 9334
<149>May 26 09:07:29 apple.macosx.ibm.lab sudo:    testuser-7 : TTY=ttyp1 ; PWD=/Users/admin ; USER=admin ;COMMAND=/bin/bash
<189>May 26 09:07:30 ['9.9.9.9'] authmgr[504]: <NOTI> login <00:1c:bf:ca:2b:98  202.207.224.25 testuser-21>method=802.1x, server=TEST001, role=Authenticated Update(status 0 method 0 role 16), reauth=1800 sec
<129>May 26 09:07:32 barracuda.firewall.ibm.lab WF ALER METHOD_NOT_ALLOWED 33.195.94.29 50168 59.230.54.116 80 security-policy GLOBAL DENY NONE [Method="ABCD"] ABCD 59.230.54.116/ HTTP "-" ""-"" 59.230.54.116 48536 "-" "-"
<27>May 26 09:07:33 ambiron.ipangel.ibm.lab ipangel-ips: [2017-05-26 09:07:33-05] alert [Priority: 9] [119:2:1] [(http_inspect) DOUBLE DECODING ATTACK] 136.38.97.190:64065 TCP 7.135.108.182:80 br0
<133>May 26 09:07:35 microsoft.event.ibm.lab MSWinEventLog 1 Security 102757633 Fri May 26 09:07:35 2017 4907 Microsoft-Windows-Security-Auditing N/A N/A Success Audit testuser-79 Audit Policy Change Auditing settings on object were changed. Subject: Security ID: S-1-5-18 Account Name: testuser-79 Account Domain: us.ibm.com Logon ID: 0x1106704 Object: Object Server: Security Object Type: File Object Name: \Windows\winsxs\test.wav Handle ID: 0x3a8 Process Information: Process ID: 0x1A3761 Process Name: C:\Windows\System32\wbengine.exe Auditing Settings: Original Security Descriptor: S:AI(AU;A;;WD) New Security Descriptor: S:ARAI(AU;SAFA;;;;WD)(AU;IDFA;B;;;WD) 860023
<38>May 26 09:07:37 sshd[558597]: Disconnecting: Too many authentication failures for testuser-28
<129>May 26 09:07:38 barracuda.firewall.ibm.lab WF ALER CROSS_SITE_SCRIPTING_IN_URL 125.83.117.185 64458 42.7.226.251 80 security-policy GLOBAL DENY NONE [type="cross-site-scripting" pattern="script-tag" token="<script>"] GET 42.7.226.251/<script>alert(53416)</script> HTTP "-" ""-"" 42.7.226.251 48541 "-" "-"
<13>May 26 09:07:40 checkpoint.firewall.ibm.lab 26May2017  checkpoint.firewall.ibm.lab product: SmartDefense; src: 30.90.182.58; s_port: ; dst: 155.174.80.167; service: ; proto: icmp; rule: ;Attack Info: Echo request too big;Suppressed logs: 1;Total logs: 2;__policy_id_tag: product=VPN-1 & FireWall-1[db_tag={B5A7057E-7F61-11DD-AA43-C0A832D12424};mgmt=fwmngt-zentral;date=1221069352;policy_name=Spider_gbl];alert: alert;attack: Large ping;has_accounting: 0;i/f_dir: inbound;
<187>May 26 09:07:41 ['9.9.9.9'] httpd[16986]: [error] [client 79.186.10.120] Invalid URI in request \xf7vMKp`ET&\xa4\x9c\xc9\xec\xd1\xd8j\r\xce\xd9\xd4\xb3\c7
<33>May 26 09:07:43 threecom.switch.ibm.lab %May 26 09:07:43 2017 S9500 AAA/2/Serious error!: User testuser-26, in ACM send msg to SC failed! Returns 1 srcID 6 msgType 16384.
<190>May 26 09:07:44 arbor.pravail.ibm.lab pravail-aps: Blocked Host: Blocked host 56.219.18.103 at 10:53 by Malformed HTTP Filtering using TCP/80 (HTTP) destination 105.103.61.133 source port 56923,URL: https://arbornetworks.pravail.test.com/chaos/
<129>May 26 09:07:46 barracuda.firewall.ibm.lab WF ALER METHOD_NOT_ALLOWED 202.207.224.25 53390 47.133.245.97 80 security-policy GLOBAL DENY NONE [Method="ABCD"] ABCD 47.133.245.97/ HTTP "-" ""-"" 47.133.245.97 48536 "-" "-"
<182>May 26 09:07:48 apache.httpd.ibm.lab httpd: 137.38.197.140 41.107.145.123 - - [26/May/2017:09:07:48 -0500] "GET / HTTP/1.0" 200 443 9334
<28>May 26 09:07:49 Message forwarded from aix.ibm.lab: rshd[random_number_1_to_999999]: Failed rsh authentication from 165.11.95.213 for local user root via remote user testuser-92
<129>May 26 09:07:51 barracuda.firewall.ibm.lab WF ALER METHOD_NOT_ALLOWED 33.195.94.29 51437 81.48.207.30 80 security-policy GLOBAL DENY NONE [Method="ABCD"] ABCD 81.48.207.30/ HTTP "-" ""-"" 81.48.207.30 48536 "-" "-"
<13>May 26 09:07:52 checkpoint.firewall.ibm.lab 26May2017 reject checkpoint.firewall.ibm.lab product: VPN-1 & FireWall-1; src: 120.171.20.155; s_port: 52320; dst: 39.128.110.203; service: 113; proto: tcp; rule: 14;SmartDefense profile: Default_Protection;__policy_id_tag: product=VPN-1 & FireWall-1[db_tag={25E5B8F6-79E7-11DD-941A-C0A832D00C0C};mgmt=fwmngt-wuv;date=1220466957;policy_name=rhino_gbl];has_accounting: 0;i/f_dir: inbound;i/f_name: eth-s2/s1p1c0;rule_uid: {9C96B325-D976-4A30-8685-9ED61018A6E7};service_id: gident;
<50>May 26 09:07:54 SymantecServer symantec.endpoint.ibm.lab: testbox-xyz,[SID: 70025] Web Attack: Blackhole Exploit Toolkit 2 attack blocked. Traffic has been blocked for this application: C:\Program Files\Internet Explorer\iexplore.exe,Local: 0.0.0.0,Local: 000000000000,Remote: ,Remote: 0.0.0.0,Remote: 000000000000,Inbound,OTHERS,,Begin: 2017-05-26 09:07:54,End: 2017-05-26 09:07:54,Occurrences: 1,Application: C:/Program Files/Internet Explorer/iexplore.exe,Location: Default,User: rogueUser-2,Domain: SIMON,!ExternalLoggingTask.localport! 0,!ExternalLoggingTask.remoteport! 0,!ExternalLoggingTask.cidssignid! 70025,!ExternalLoggingTask.strcidssignid! Web Attack: Blackhole Exploit Toolkit 2,!ExternalLoggingTask.cidssignsubid! 0,!ExternalLoggingTask.intrusionurl! http://pppptttt.blah.net/links/came_broadcasting_taking-various.php,!ExternalLoggingTask.intrusionpayloadurl!
<33>May 26 09:07:55 threecom.switch.ibm.lab %May 26 09:07:55 2017 S9500 PORTAL/5/PT_LOG: Online user 218.111.178.29 changes to 116.62.60.223, we will cut it off as using traffic-acct.
<182>May 26 09:07:57 apache.httpd.ibm.lab httpd: 129.171.84.29 84.31.223.47 - - [26/May/2017:09:07:57 -0500] "GET /<script>alert(53416)</script> HTTP/1.1" 404 443 320
<13>May 26 09:07:58 checkpoint.firewall.ibm.lab 26May2017 reject checkpoint.firewall.ibm.lab product: VPN-1 & FireWall-1; src: 79.186.10.120; s_port: 50360; dst: 80.191.116.45; service: 113; proto: tcp; rule: 14;SmartDefense profile: Default_Protection;__policy_id_tag: product=VPN-1 & FireWall-1[db_tag={25E5B8F6-79E7-11DD-941A-C0A832D00C0C};mgmt=fwmngt-wuv;date=1220466957;policy_name=rhino_gbl];has_accounting: 0;i/f_dir: inbound;i/f_name: eth-s2/s1p1c0;rule_uid: {9C96B325-D976-4A30-8685-9ED61018A6E7};service_id: gident;
<25>May 26 09:08:00 ambiron.ipangel.ibm.lab ipangel-ips: [2017-05-26 09:08:00-05] alert [Priority: 9] [116:46:1] [(snort_decoder) WARNING: TCP Data Offset is less than 5!] 132.146.155.198:57274 TCP 142.6.186.238:80 br0
<129>May 26 09:08:02 barracuda.firewall.ibm.lab WF ALER CROSS_SITE_SCRIPTING_IN_PARAM 125.83.117.185 51562 15.169.121.5 443 security-policy GLOBAL DENY NONE [type="cross-site-scripting" pattern="script-tag" token="<script>" Parameter="url" value="<script>alert(5341)</script>"] GET 15.169.121.5/redirect.asp?url=<script>alert(5341)</script> HTTPS "-" ""-"" 15.169.121.5 59845 "-" "-"
<129>May 26 09:08:03 barracuda.firewall.ibm.lab WF ALER CROSS_SITE_SCRIPTING_IN_PARAM 129.171.84.29 50007 170.132.41.114 443 security-policy GLOBAL DENY NONE [type="cross-site-scripting" pattern="script-tag" token="<script>" Parameter="url" value="<script>alert(5341)</script>"] GET 170.132.41.114/redirect.asp?url=<script>alert(5341)</script> HTTPS "-" ""-"" 170.132.41.114 59845 "-" "-"
<13>May 26 09:08:05 microsoft.sec.ibm.lab AgentDevice=WindowsLog	AgentLogFile=Security	Source=Security	Computer=COMP-testuser-76	User=testuser-76	Domain=	EventID=680	EventIDCode=680	EventType=16	EventCategory=9	RecordNumber=593713	TimeGenerated=1495804085	TimeWritten=1495804085	Message=Logon attempt by: MICROSOFT_AUTHENTICATION_PACKAGE_V1_0 Logon account: testuser-76 Source Workstation: COMP-testuser-76 Error Code: 0x0 
<189>May 26 09:08:06 ['9.9.9.9'] authmgr[504]: <NOTI> login <00:1c:bf:ca:2b:98  120.171.20.155 testuser-49>method=802.1x, server=TEST001, role=Authenticated Update(status 0 method 0 role 16), reauth=1800 sec
<13>May 26 09:08:08 microsoft.sec.ibm.lab AgentDevice=WindowsLog	AgentLogFile=Security	Source=Security	Computer=COMP-testuser-87	User=testuser-87	Domain=	EventID=680	EventIDCode=680	EventType=16	EventCategory=9	RecordNumber=539249	TimeGenerated=1495804088	TimeWritten=1495804088	Message=Logon attempt by: MICROSOFT_AUTHENTICATION_PACKAGE_V1_0 Logon account: testuser-87 Source Workstation: COMP-testuser-87 Error Code: 0x0 
<13>May 26 09:08:09 microsoft.sec.ibm.lab AgentDevice=WindowsLog	AgentLogFile=Security	Source=Security	Computer=COMP-testuser-85	User=testuser-85	Domain=	EventID=680	EventIDCode=680	EventType=8	EventCategory=9	RecordNumber=777857	TimeGenerated=1495804089	TimeWritten=1495804089	Message=Logon attempt by: MICROSOFT_AUTHENTICATION_PACKAGE_V1_0 Logon account: testuser-85 Source Workstation: COMP-testuser-85 Error Code: 0x0 
<83>May 26 09:08:11 apple.macosx.ibm.lab com.apple.SecurityServer: authinternal failed to authenticate user rogueUser-4.
<190>May 26 09:08:13 arbor.pravail.ibm.lab pravail-aps: Blocked Host: Blocked host 128.234.158.118 at 10:53 by Malformed HTTP Filtering using TCP/80 (HTTP) destination 174.90.242.94 source port 50085,URL: https://arbornetworks.pravail.test.com/chaos/
<13>May 26 09:08:14 checkpoint.firewall.ibm.lab 26May2017  checkpoint.firewall.ibm.lab product: SmartDefense; src: 44.111.228.125; s_port: ; dst: 72.126.108.156; service: ; proto: udp; rule: ;Attack Info: Bad domain format, illegal ASCII value in domain;Suppressed logs: 1;Total logs: 2;__policy_id_tag: product=VPN-1 & FireWall-1[db_tag={9B20E8EA-7DE6-11DD-B7D6-C0A832D11E1E};mgmt=fwmngt-zentral;date=1220906528;policy_name=Vulpine_gbl];alert: alert;attack: Invalid DNS;has_accounting: 0;i/f_dir: inbound;
<190>May 26 09:08:16 arbor.pravail.ibm.lab pravail-aps: Blocked Host: Blocked host 83.87.204.105 at 10:53 by Malformed HTTP Filtering using TCP/80 (HTTP) destination 21.70.212.247 source port 51980,URL: https://arbornetworks.pravail.test.com/chaos/
<33>May 26 09:08:17 threecom.switch.ibm.lab %May 26 09:08:17 2017 S9500 FTPS/5/USEROUT: User testuser-31(51.18.44.104) logged out
<190>May 26 09:08:19 arbor.pravail.ibm.lab pravail-aps: Blocked Host: Blocked host 51.18.44.104 at 10:52 by Invalid Packets using TCP/0 (Unknown) destination 112.63.173.69,URL: https://arbornetworks.pravail.test.com/chaos/
<29>May 26 09:08:20 Message forwarded from aix.ibm.lab: telnetd[155154090276]: telnet from ::ffff:136.38.97.190 on /dev/pts/1
<133>May 26 09:08:22 microsoft.event.ibm.lab MSWinEventLog 1 Security 102757633 Fri May 26 09:08:22 2017 4907 Microsoft-Windows-Security-Auditing N/A N/A Success Audit testuser-96 Audit Policy Change Auditing settings on object were changed. Subject: Security ID: S-1-5-18 Account Name: testuser-96 Account Domain: us.ibm.com Logon ID: 0x1104601 Object: Object Server: Security Object Type: File Object Name: \Windows\winsxs\test.wav Handle ID: 0x3a8 Process Information: Process ID: 0x233A8A Process Name: C:\Windows\System32\wbengine.exe Auditing Settings: Original Security Descriptor: S:AI(AU;A;;WD) New Security Descriptor: S:ARAI(AU;SAFA;;;;WD)(AU;IDFA;B;;;WD) 774394
<129>May 26 09:08:24 barracuda.firewall.ibm.lab WF ALER METACHARACTER_IN_PARAMETER 137.38.197.140 53197 66.147.49.194 443 security-policy GLOBAL DENY NONE [token="%00 " Parameter="article" value="../../../../../../../../etc/passwd"] GET 66.147.49.194/talkback.cgi?article=../../../../../../../../etc/passwd%00&action=view&matchview=1 HTTPS "-" ""-"" 66.147.49.194 53197 "-" "-"
<157>May 26 09:08:25 microsoft.event.ibm.lab MSWinEventLog	4	Security	60703	Fri May 26 09:08:25 2017	552	Security	NETWORK SERVICE	Well Known Group	Success Audit	testuser-44	Logon/Logoff		Logon attempt using explicit credentials: Logged on user:  User Name: NETWORK SERVICE  Domain: NT AUTHORITY  Logon ID: (0x0,0x1089936)  Logon GUID: -  User whose credentials were used:  Target User Name: testuser-44  Target Domain: us.ibm.com Target Logon GUID: -  Target Server Name: localhost  Target Server Info: localhost  Caller Process ID: 187179  Source Network Address: -  Source Port: - 	56794
<182>May 26 09:08:27 apache.httpd.ibm.lab httpd: 202.207.224.25 6.38.203.227 - - [26/May/2017:09:08:27 -0500] "HEAD / HTTP/1.1" 200 443 -
<190>May 26 09:08:28 arbor.pravail.ibm.lab pravail-aps: Blocked Host: Blocked host 202.207.224.25 at 10:53 by Malformed HTTP Filtering using TCP/80 (HTTP) destination 137.182.112.128 source port 63458,URL: https://arbornetworks.pravail.test.com/chaos/
<187>May 26 09:08:30 ['9.9.9.9'] httpd[16986]: [error] [client 218.111.178.29] Invalid URI in request \xf7vMKp`ET&\xa4\x9c\xc9\xec\xd1\xd8j\r\xce\xd9\xd4\xb3\c7
<33>May 26 09:08:31 threecom.switch.ibm.lab %May 26 09:08:31 2017 S9500 FTPS/5/USERIN: User testuser-74(165.11.95.213) login succeeded
<86>May 26 09:08:33 apple.macosx.ibm.lab sshd[5590]: Failed password for invalid user testuser-78 from 196.34.147.123 port 61254 ssh2
<190>May 26 09:08:34 arbor.pravail.ibm.lab pravail-aps: Blocked Host: Blocked host 125.83.117.185 10:53 by TCP Connection Reset using TCP/57709 (Unknown) destination 173.75.185.4 source port 443,URL: https://arbornetworks.pravail.test.com/chaos/
<129>May 26 09:08:36 barracuda.firewall.ibm.lab WF ALER METACHARACTER_IN_PARAMETER 136.38.97.190 51855 74.148.105.161 443 security-policy GLOBAL DENY NONE [token="%00 " Parameter="article" value="../../../../../../../../etc/passwd"] GET 74.148.105.161/talkback.cgi?article=../../../../../../../../etc/passwd%00&action=view&matchview=1 HTTPS "-" ""-"" 74.148.105.161 51855 "-" "-"
<14>May 26 09:08:38 Message forwarded from aix.ibm.lab: ftp[random_number_1_to_999999]: ftp: EXPORT user testuser-53, host 158.114.217.37, local test_script.sh, remote test_script.sh.
<182>May 26 09:08:39 apache.httpd.ibm.lab httpd: 136.38.97.190 178.78.165.105 - - [26/May/2017:09:08:39 -0500] "TRACE / HTTP/1.0" 403 443 272
<33>May 26 09:08:41 threecom.switch.ibm.lab %May 26 09:08:41 2017 S9500 RTA/3/Failed to get user traffic: Failed to get traffic of user 189.6.147.68 on board 6
<157>May 26 09:08:42 microsoft.event.ibm.lab MSWinEventLog	4	Security	60703	Fri May 26 09:08:42 2017	552	Security	NETWORK SERVICE	Well Known Group	Success Audit	testuser-94	Logon/Logoff		Logon attempt using explicit credentials: Logged on user:  User Name: NETWORK SERVICE  Domain: NT AUTHORITY  Logon ID: (0x0,0x1100401)  Logon GUID: -  User whose credentials were used:  Target User Name: testuser-94  Target Domain: us.ibm.com Target Logon GUID: -  Target Server Name: localhost  Target Server Info: localhost  Caller Process ID: 450893  Source Network Address: -  Source Port: - 	56794
<129>May 26 09:08:44 barracuda.firewall.ibm.lab WF ALER METACHARACTER_IN_PARAMETER 136.38.97.190 58560 87.14.252.98 443 security-policy GLOBAL DENY NONE [token="%00 " Parameter="article" value="../../../../../../../../etc/passwd"] GET 87.14.252.98/talkback.cgi?article=../../../../../../../../etc/passwd%00&action=view&matchview=1 HTTPS "-" ""-"" 87.14.252.98 58560 "-" "-"
<149>May 26 09:08:45 apple.macosx.ibm.lab sudo:    testuser-37 : TTY=ttyp1 ; PWD=/Users/admin ; USER=admin ;COMMAND=/bin/bash
<133>May 26 09:08:47 microsoft.event.ibm.lab MSWinEventLog 1 Security 102757633 Fri May 26 09:08:47 2017 4907 Microsoft-Windows-Security-Auditing N/A N/A Success Audit testuser-16 Audit Policy Change Auditing settings on object were changed. Subject: Security ID: S-1-5-18 Account Name: testuser-16 Account Domain: us.ibm.com Logon ID: 0x1087849 Object: Object Server: Security Object Type: File Object Name: \Windows\winsxs\test.wav Handle ID: 0x3a8 Process Information: Process ID: 0xE484DE Process Name: C:\Windows\System32\wbengine.exe Auditing Settings: Original Security Descriptor: S:AI(AU;A;;WD) New Security Descriptor: S:ARAI(AU;SAFA;;;;WD)(AU;IDFA;B;;;WD) 502000
<54>May 26 09:08:49 SymantecServer symantec.endpoint.ibm.lab: CNC2PSY9D1,Allowed,Sysfer exception: .\RegParamEngine.cpp 1152 Failed to read value DeviceInstance from key \Registry\Machine\SYSTEM\CurrentControlSet\Control\DeviceClasses\{53f56307-b6bf-11d0-94f2-00a0c91efb8b}\##?#IDE#DiskWDC_WD800JD-75MSA3______________________10.01E04#5&,Sysfer exception,Begin: 2017-05-26 09:08:49,End: 2017-05-26 09:08:49,Rule: Sysfer exception,3592,C:/Program Files/Cisco Systems/CSAgent/bin/okclient.exe,0,,,User: testuser-15,Domain: US
<190>May 26 09:08:50 arbor.pravail.ibm.lab pravail-aps: Blocked Host: Blocked host 165.11.95.213 at 10:52 by Invalid Packets using TCP/0 (Unknown) destination 38.67.36.212,URL: https://arbornetworks.pravail.test.com/chaos/
<129>May 26 09:08:52 barracuda.firewall.ibm.lab WF ALER CROSS_SITE_SCRIPTING_IN_URL 136.38.97.190 55795 147.229.50.182 80 security-policy GLOBAL DENY NONE [type="cross-site-scripting" pattern="script-tag" token="<script>"] GET 147.229.50.182/<script>alert(53416)</script> HTTP "-" ""-"" 147.229.50.182 48541 "-" "-"
<13>May 26 09:08:53 checkpoint.firewall.ibm.lab 26May2017  checkpoint.firewall.ibm.lab product: SmartDefense; src: 212.2.111.4; s_port: ; dst: 220.61.244.78; service: ; proto: udp; rule: ;Attack Info: Out-of-state DNS reply;Suppressed logs: 143;Total logs: 144;__policy_id_tag: product=VPN-1 & FireWall-1[db_tag={321A4EE6-7DEA-11DD-BFAA-C0A832822626};mgmt=fwmngt05;date=1220908070;policy_name=KillerWhale_gbl];alert: alert;attack: Invalid DNS;has_accounting: 0;i/f_dir: inbound;
<25>May 26 09:08:55 ambiron.ipangel.ibm.lab ipangel-ips: [2017-05-26 09:08:55-05] alert [Priority: 9] [116:46:1] [(snort_decoder) WARNING: TCP Data Offset is less than 5!] 56.219.18.103:63003 TCP 194.88.53.61:80 br0
<54>May 26 09:08:56 SymantecServer symantec.endpoint.ibm.lab: Potential risk found,Computer name: COMP-1094116,Detection type: Heuristic,Application name: (Unknown),Application type: Trojan Worm,Application version: ,Hash type: SHA-1,Application hash: 72c874f212a18944ff56f774bfe7252346b93f8e,Company name: ,File size (bytes): 301568,Sensitivity: 0,Detection score: 40,Submission recommendation:1,Permitted application reason: 0,Source: Heuristic Scan,Risk name: ,Occurrences: 1,c:\claims\claims32.exe,"",Actual action: Left alone,Requested action: Left alone,Secondary action: Left alone,Event time: 2017-05-26 09:08:56,Inserted:2017-05-26 09:08:56,End:  2017-05-26 09:08:56,Domain: Default,Group: My Company\LTC\Desktops,Server: crasesssmc01,User: testuser-37,Source computer: ,Source IP: 0.0.0.0
<13>May 26 09:08:58 microsoft.sec.ibm.lab AgentDevice=WindowsLog	AgentLogFile=Security	Source=Security	Computer=COMP-testuser-6	User=testuser-6	Domain=	EventID=675	EventIDCode=675	EventType=16	EventCategory=9	RecordNumber=195176	TimeGenerated=1495804138	TimeWritten=1495804138	Message=Pre-authentication failed: User Name: testuser-6 User ID: %{S-1-2-3-988036} Service Name: krbtgt Pre-Authentication Type: 0x2 Failure Code: 0x18 Client Address: 147.198.103.40 
<13>May 26 09:09:00 microsoft.sec.ibm.lab AgentDevice=WindowsLog	AgentLogFile=Security	Source=Security	Computer=COMP-testuser-29	User=testuser-29	Domain=	EventID=672	EventIDCode=672	EventType=16	EventCategory=9	RecordNumber=285791	TimeGenerated=1495804140	TimeWritten=1495804140	Message=Authentication Ticket Request: User Name: testuser-29 Supplied Realm Name: us.ibm.com User ID: %{S-1-2-3-1096209} Service Name: krbtgt Service ID: %{S-3-2-1-22F9B1} Ticket Options: 0x40810010 Result Code: - Ticket Encryption Type: 0x17 Pre-Authentication Type: 2 Client Address: 223.167.54.247 Certificate Issuer Name:  Certificate Serial Number:  Certificate Thumbprint: 
<182>May 26 09:09:01 apache.httpd.ibm.lab httpd: 147.198.103.40 207.190.75.90 - - [26/May/2017:09:09:01 -0500] "GET /../../../../../../../../../../../ HTTP/1.1" 400 443 307
<133>May 26 09:09:03 microsoft.event.ibm.lab MSWinEventLog 1 Security 102757633 Fri May 26 09:09:03 2017 4907 Microsoft-Windows-Security-Auditing N/A N/A Success Audit testuser-77 Audit Policy Change Auditing settings on object were changed. Subject: Security ID: S-1-5-18 Account Name: testuser-77 Account Domain: us.ibm.com Logon ID: 0x1102500 Object: Object Server: Security Object Type: File Object Name: \Windows\winsxs\test.wav Handle ID: 0x3a8 Process Information: Process ID: 0x8246DB Process Name: C:\Windows\System32\wbengine.exe Auditing Settings: Original Security Descriptor: S:AI(AU;A;;WD) New Security Descriptor: S:ARAI(AU;SAFA;;;;WD)(AU;IDFA;B;;;WD) 183470
<13>May 26 09:09:04 microsoft.sec.ibm.lab AgentDevice=WindowsLog	AgentLogFile=Security	Source=Security	Computer=COMP-testuser-1	User=testuser-1	Domain=	EventID=672	EventIDCode=672	EventType=16	EventCategory=9	RecordNumber=977153	TimeGenerated=1495804144	TimeWritten=1495804144	Message=Authentication Ticket Request: User Name: testuser-1 Supplied Realm Name: us.ibm.com User ID: %{S-1-2-3-978121} Service Name: krbtgt Service ID: %{S-3-2-1-954286} Ticket Options: 0x40810010 Result Code: - Ticket Encryption Type: 0x17 Pre-Authentication Type: 2 Client Address: 59.166.229.57 Certificate Issuer Name:  Certificate Serial Number:  Certificate Thumbprint: 
<13>May 26 09:09:06 microsoft.sec.ibm.lab AgentDevice=WindowsLog	AgentLogFile=Security	Source=Security	Computer=COMP-testuser-39	User=SYSTEM	Domain=	EventID=644	EventIDCode=644	EventType=8	EventCategory=7	RecordNumber=717208	TimeGenerated=1495804146	TimeWritten=1495804146	Message=User Account Locked Out: Target Account Name: testuser-39 Target Account ID: %{S-1-2-3-1098304} Caller Machine Name: COMP-CALLER01 Caller User Name: CALLER-01 Caller Domain: us.ibm.com Caller Logon ID: (0x0,0xBA5EBA11)
<129>May 26 09:09:07 barracuda.firewall.ibm.lab WF ALER CROSS_SITE_SCRIPTING_IN_URL 51.18.44.104 51506 68.238.103.43 80 security-policy GLOBAL DENY NONE [type="cross-site-scripting" pattern="script-tag" token="<script>"] GET 68.238.103.43/<script>alert(53416)</script> HTTP "-" ""-"" 68.238.103.43 48541 "-" "-"
<133>May 26 09:09:09 microsoft.event.ibm.lab MSWinEventLog 1 Security 102757633 Fri May 26 09:09:09 2017 4907 Microsoft-Windows-Security-Auditing N/A N/A Success Audit testuser-20 Audit Policy Change Auditing settings on object were changed. Subject: Security ID: S-1-5-18 Account Name: testuser-20 Account Domain: us.ibm.com Logon ID: 0x1077444 Object: Object Server: Security Object Type: File Object Name: \Windows\winsxs\test.wav Handle ID: 0x3a8 Process Information: Process ID: 0xBF0943 Process Name: C:\Windows\System32\wbengine.exe Auditing Settings: Original Security Descriptor: S:AI(AU;A;;WD) New Security Descriptor: S:ARAI(AU;SAFA;;;;WD)(AU;IDFA;B;;;WD) 966674
<190>May 26 09:09:10 arbor.pravail.ibm.lab pravail-aps: Blocked Host: Blocked host 56.219.18.103 at 10:53 by Malformed HTTP Filtering using TCP/80 (HTTP) destination 84.138.174.114 source port 59051,URL: https://arbornetworks.pravail.test.com/chaos/
<25>May 26 09:09:12 ambiron.ipangel.ibm.lab ipangel-ips: [2017-05-26 09:09:12-05] alert [Priority: 9] [116:46:1] [(snort_decoder) WARNING: TCP Data Offset is less than 5!] 33.195.94.29:55618 TCP 88.6.231.9:80 br0
<189>May 26 09:09:14 ['9.9.9.9'] authmgr[504]: <NOTI> login <00:1c:bf:ca:2b:98  83.87.204.105 testuser-78>method=802.1x, server=TEST001, role=Authenticated Update(status 0 method 0 role 16), reauth=1800 sec
<25>May 26 09:09:15 ambiron.ipangel.ibm.lab ipangel-ips: [2017-05-26 09:09:15-05] alert [Priority: 9] [116:46:1] [(snort_decoder) WARNING: TCP Data Offset is less than 5!] 113.146.67.20:63129 TCP 170.42.129.219:80 br0
<129>May 26 09:09:17 barracuda.firewall.ibm.lab WF ALER METHOD_NOT_ALLOWED 20.135.51.253 60824 133.135.84.153 80 security-policy GLOBAL DENY NONE [Method="ABCD"] ABCD 133.135.84.153/ HTTP "-" ""-"" 133.135.84.153 48536 "-" "-"
<38>May 26 09:09:18 sshd[random_number_1_to_999999]: Accepted publickey for testuser-35 from 136.38.97.190 port 51399 ssh2
<189>May 26 09:09:20 ['9.9.9.9'] authmgr[504]: <NOTI> login <00:1c:bf:ca:2b:98  128.234.158.118 rogueUser-4>method=802.1x, server=TEST001, role=Authenticated Update(status 0 method 0 role 16), reauth=1800 sec
<157>May 26 09:09:21 microsoft.event.ibm.lab MSWinEventLog	4	Security	60703	Fri May 26 09:09:21 2017	552	Security	NETWORK SERVICE	Well Known Group	Success Audit	testuser-22	Logon/Logoff		Logon attempt using explicit credentials: Logged on user:  User Name: NETWORK SERVICE  Domain: NT AUTHORITY  Logon ID: (0x0,0x1081600)  Logon GUID: -  User whose credentials were used:  Target User Name: testuser-22  Target Domain: us.ibm.com Target Logon GUID: -  Target Server Name: localhost  Target Server Info: localhost  Caller Process ID: 787626  Source Network Address: -  Source Port: - 	56794
