<25>May 26 08:18:59 apple.macosx.ibm.lab DirectoryService[51]: Failed Authentication return is being delayed due to over five recent auth failures for username: testuser-93.
<13>May 26 08:19:01 checkpoint.firewall.ibm.lab 26May2017  checkpoint.firewall.ibm.lab product: SmartDefense; src: 179.174.48.208; s_port: ; dst: 155.49.22.2; service: ; proto: icmp; rule: ;Attack Info: Echo request too big;Suppressed logs: 1;Total logs: 2;__policy_id_tag: product=VPN-1 & FireWall-1[db_tag={B5A7057E-7F61-11DD-AA43-C0A832D12424};mgmt=fwmngt-zentral;date=1221069352;policy_name=Spider_gbl];alert: alert;attack: Large ping;has_accounting: 0;i/f_dir: inbound;
<129>May 26 08:19:02 barracuda.firewall.ibm.lab WF ALER SLASH_DOT_IN_URL 120.171.20.155 65132 114.181.145.105 443 security-policy GLOBAL DENY NONE ["-"] GET 114.181.145.105/themes/default/css/.htaccess HTTPS "-" ""-"" 114.181.145.105 44428 "-" "-"
<187>May 26 08:19:04 ['9.9.9.9'] httpd[16986]: [error] [client 120.171.20.155] Invalid URI in request \xf7vMKp`ET&\xa4\x9c\xc9\xec\xd1\xd8j\r\xce\xd9\xd4\xb3\c7
<33>May 26 08:19:05 threecom.switch.ibm.lab %May 26 08:19:05 2017 S9500 PORTAL/5/PT_LOG: Online user 99.123.52.13 changes to 167.141.44.149, we will cut it off as using traffic-acct.
<54>May 26 08:19:07 SymantecServer symantec.endpoint.ibm.lab: Security risk found,Computer name: COMP-1110916,Source: Scheduled Scan,Risk name: VirusDoctor,Occurrences: 1,c:/System Volume Information/_restore{A3F5C2A3-F289-4356-B021-1FEFEFB73CBD}/RP243/A0070465.exe,"",Actual action: Quarantined,Requested action: Quarantined,Secondary action: Left alone,Event time: 2017-05-26 08:19:07,Inserted:2017-05-26 08:19:07,End: 2017-05-26 08:19:07,Domain: Default,Group: My Company	est,Server: avp1,User: testuser-99,Source computer:  ,Source IP: 0.0.0.0
<13>May 26 08:19:08 microsoft.sec.ibm.lab AgentDevice=WindowsLog	AgentLogFile=Security	Source=Security	Computer=COMP-testuser-30	User=testuser-30	Domain=	EventID=672	EventIDCode=672	EventType=8	EventCategory=9	RecordNumber=509806	TimeGenerated=1495801148	TimeWritten=1495801148	Message=Authentication Ticket Request: User Name: testuser-30 Supplied Realm Name: us.ibm.com User ID: %{S-1-2-3-1079521} Service Name: krbtgt Service ID: %{S-3-2-1-1DFA0E} Ticket Options: 0x40810010 Result Code: - Ticket Encryption Type: 0x17 Pre-Authentication Type: 2 Client Address: 202.207.224.25 Certificate Issuer Name:  Certificate Serial Number:  Certificate Thumbprint: 
<182>May 26 08:19:10 apache.httpd.ibm.lab httpd: 218.111.178.29 190.131.163.59 - - [26/May/2017:08:19:10 -0500] "GET /<script>alert(53416)</script> HTTP/1.1" 404 443 320
<13>May 26 08:19:12 microsoft.sec.ibm.lab AgentDevice=WindowsLog	AgentLogFile=Security	Source=Security	Computer=COMP-testuser-17	User=testuser-17	Domain=	EventID=529	EventIDCode=529	EventType=16	EventCategory=2	RecordNumber=397432	TimeGenerated=1495801152	TimeWritten=1495801152	Message=Successful Network Logon: User Name: Domain: Logon ID: (0x0,0x1089936) Logon Type: 3 Logon Process: NtLmSsp Authentication Package: NTLM Workstation Name: COMP-testuser-17 Logon GUID: - Caller User Name: - Caller Domain: - Caller Logon ID: - Caller Process ID: - Transited Services: - Source Network Address: 136.38.97.190 Source Port: 0
<129>May 26 08:19:13 barracuda.firewall.ibm.lab WF ALER METACHARACTER_IN_PARAMETER 179.174.48.208 65053 147.21.119.127 443 security-policy GLOBAL DENY NONE [token="%00 " Parameter="article" value="../../../../../../../../etc/passwd"] GET 147.21.119.127/talkback.cgi?article=../../../../../../../../etc/passwd%00&action=view&matchview=1 HTTPS "-" ""-"" 147.21.119.127 65053 "-" "-"
<38>May 26 08:19:15 sshd[844355]: Failed keyboard-interactive for invalid user testuser-69 from 83.87.204.105 port 55166 ssh2
<13>May 26 08:19:16 checkpoint.firewall.ibm.lab 26May2017  checkpoint.firewall.ibm.lab product: martDefense; src: 218.111.178.29; s_port: ; dst: 216.68.212.55; service: ; proto: udp; rule: ;Attack Info: Response packet too long, potential buffer overflow;Suppressed logs: 5;Total logs: 6;__policy_id_tag: product=VPN-1 & FireWall-1[db_tag={321A4EE6-7DEA-11DD-BFAA-C0A832822626};mgmt=fwmngt05;date=1220908070;policy_name=KillerWhale_gbl];alert: alert;attack: Invalid DNS;has_accounting: 0;i/f_dir: inbound;
<33>May 26 08:19:18 threecom.switch.ibm.lab %May 26 08:19:18 2017 S9500 RTA/3/Failed to get user traffic: Failed to get traffic of user 79.186.10.120 on board 6
<13>May 26 08:19:19 microsoft.sec.ibm.lab AgentDevice=WindowsLog	AgentLogFile=Security	Source=Security	Computer=COMP-testuser-40	User=testuser-40	Domain=	EventID=672	EventIDCode=672	EventType=8	EventCategory=9	RecordNumber=619912	TimeGenerated=1495801159	TimeWritten=1495801159	Message=Authentication Ticket Request: User Name: testuser-40 Supplied Realm Name: us.ibm.com User ID: %{S-1-2-3-1081600} Service Name: krbtgt Service ID: %{S-3-2-1-A9F02F} Ticket Options: 0x40810010 Result Code: - Ticket Encryption Type: 0x17 Pre-Authentication Type: 2 Client Address: 5.171.19.131 Certificate Issuer Name:  Certificate Serial Number:  Certificate Thumbprint: 
<190>May 26 08:19:21 arbor.pravail.ibm.lab pravail-aps: Blocked Host: Blocked host 30.90.182.58 at 10:52 by Invalid Packets using TCP/0 (Unknown) destination 165.122.132.181,URL: https://arbornetworks.pravail.test.com/chaos/
<33>May 26 08:19:22 threecom.switch.ibm.lab %May 26 08:19:22 2017 S9500 FTPS/5/USERIN: User testuser-69(83.87.204.105) login succeeded
<189>May 26 08:19:24 ['9.9.9.9'] authmgr[504]: <NOTI> login <00:1c:bf:ca:2b:98  83.87.204.105 testuser-78>method=802.1x, server=TEST001, role=Authenticated Update(status 0 method 0 role 16), reauth=1800 sec
<187>May 26 08:19:26 ['9.9.9.9'] httpd[16986]: [error] [client 56.219.18.103] Invalid URI in request \xf7vMKp`ET&\xa4\x9c\xc9\xec\xd1\xd8j\r\xce\xd9\xd4\xb3\c7
<13>May 26 08:19:27 microsoft.sec.ibm.lab AgentDevice=WindowsLog	AgentLogFile=Security	Source=Security	Computer=COMP-rogueUser-2	User=rogueUser-2	Domain=	EventID=672	EventIDCode=672	EventType=8	EventCategory=9	RecordNumber=257980	TimeGenerated=1495801167	TimeWritten=1495801167	Message=Authentication Ticket Request: User Name: rogueUser-2 Supplied Realm Name: us.ibm.com User ID: %{S-1-2-3-1115136} Service Name: krbtgt Service ID: %{S-3-2-1-DC4980} Ticket Options: 0x40810010 Result Code: - Ticket Encryption Type: 0x17 Pre-Authentication Type: 2 Client Address: 194.210.19.143 Certificate Issuer Name:  Certificate Serial Number:  Certificate Thumbprint: 
<33>May 26 08:19:29 threecom.switch.ibm.lab %May 26 08:19:29 2017 S9500 RTA/3/Failed to start accounting: Failed to start traffic accounting for user 165.11.95.213 on board 6
<54>May 26 08:19:30 SymantecServer symantec.endpoint.ibm.lab: Potential risk found,Computer name: COMP-1094116,Detection type: Heuristic,Application name: (Unknown),Application type: Trojan Worm,Application version: ,Hash type: SHA-1,Application hash: 72c874f212a18944ff56f774bfe7252346b93f8e,Company name: ,File size (bytes): 301568,Sensitivity: 0,Detection score: 40,Submission recommendation:1,Permitted application reason: 0,Source: Heuristic Scan,Risk name: ,Occurrences: 1,c:\claims\claims32.exe,"",Actual action: Left alone,Requested action: Left alone,Secondary action: Left alone,Event time: 2017-05-26 08:19:30,Inserted:2017-05-26 08:19:30,End:  2017-05-26 08:19:30,Domain: Default,Group: My Company\LTC\Desktops,Server: crasesssmc01,User: testuser-19,Source computer: ,Source IP: 0.0.0.0
<25>May 26 08:19:32 ambiron.ipangel.ibm.lab ipangel-ips: [2017-05-26 08:19:32-05] alert [Priority: 9] [116:46:1] [(snort_decoder) WARNING: TCP Data Offset is less than 5!] 120.171.20.155:62539 TCP 14.143.120.203:80 br0
<129>May 26 08:19:33 barracuda.firewall.ibm.lab WF ALER CROSS_SITE_SCRIPTING_IN_URL 218.111.178.29 55087 155.146.180.98 80 security-policy GLOBAL DENY NONE [type="cross-site-scripting" pattern="script-tag" token="<script>"] GET 155.146.180.98/<script>alert(53416)</script> HTTP "-" ""-"" 155.146.180.98 48541 "-" "-"
<133>May 26 08:19:35 microsoft.event.ibm.lab MSWinEventLog 1 Security 102757633 Fri May 26 08:19:35 2017 4907 Microsoft-Windows-Security-Auditing N/A N/A Success Audit testuser-76 Audit Policy Change Auditing settings on object were changed. Subject: Security ID: S-1-5-18 Account Name: testuser-76 Account Domain: us.ibm.com Logon ID: 0x1100401 Object: Object Server: Security Object Type: File Object Name: \Windows\winsxs\test.wav Handle ID: 0x3a8 Process Information: Process ID: 0x39DA22 Process Name: C:\Windows\System32\wbengine.exe Auditing Settings: Original Security Descriptor: S:AI(AU;A;;WD) New Security Descriptor: S:ARAI(AU;SAFA;;;;WD)(AU;IDFA;B;;;WD) 620812
<13>May 26 08:19:37 checkpoint.firewall.ibm.lab 26May2017  checkpoint.firewall.ibm.lab product: SmartDefense; src: 51.18.44.104; s_port: ; dst: 137.164.19.184; service: ; proto: udp; rule: ;Attack Info: Out-of-state DNS reply;Suppressed logs: 143;Total logs: 144;__policy_id_tag: product=VPN-1 & FireWall-1[db_tag={321A4EE6-7DEA-11DD-BFAA-C0A832822626};mgmt=fwmngt05;date=1220908070;policy_name=KillerWhale_gbl];alert: alert;attack: Invalid DNS;has_accounting: 0;i/f_dir: inbound;
<27>May 26 08:19:38 ambiron.ipangel.ibm.lab ipangel-ips: [2017-05-26 08:19:38-05] alert [Priority: 9] [119:2:1] [(http_inspect) DOUBLE DECODING ATTACK] 99.123.52.13:65380 TCP 56.161.108.23:80 br0
<190>May 26 08:19:40 arbor.pravail.ibm.lab pravail-aps: Blocked Host: Blocked host 212.2.111.4 at 10:52 by Invalid Packets using TCP/0 (Unknown) destination 209.198.28.217,URL: https://arbornetworks.pravail.test.com/chaos/
<187>May 26 08:19:41 ['9.9.9.9'] httpd[16986]: [error] [client 20.135.51.253] Invalid URI in request \xf7vMKp`ET&\xa4\x9c\xc9\xec\xd1\xd8j\r\xce\xd9\xd4\xb3\c7
<182>May 26 08:19:43 apache.httpd.ibm.lab httpd: 30.90.182.58 46.134.27.179 - - [26/May/2017:08:19:43 -0500] "HEAD / HTTP/1.1" 200 443 -
<190>May 26 08:19:44 arbor.pravail.ibm.lab pravail-aps: Blocked Host: Blocked host 218.111.178.29 at 10:53 by Malformed HTTP Filtering using TCP/80 (HTTP) destination 128.58.185.221 source port 50837,URL: https://arbornetworks.pravail.test.com/chaos/
<54>May 26 08:19:46 SymantecServer symantec.endpoint.ibm.lab: DCA-EMAPROJ2,Allowed,"C:\Program Files\Common Files\Symantec Shared\ccSvcHst.exe",,Begin: 2017-05-26 08:19:46,End:2017-05-26 08:19:46,Rule: ,2528,C:/Program Files/Microsoft Virtual Server/vmh.exe,0,,C:/ProgramFiles/Common Files/Symantec Shared/ccSvcHst.exe,User: testuser-93,Domain: US
<13>May 26 08:19:48 checkpoint.firewall.ibm.lab 26May2017 drop checkpoint.firewall.ibm.lab product: VPN-1 &FireWall-1; src: 165.11.95.213; s_port: 52334; dst: 6.207.69.206; service: 138; proto: udp; rule: 323;SmartDefense profile: Default_Protection;__policy_id_tag: product=VPN-1 & FireWall-1[db_tag={48AB8350-7F61-11DD-887D-C0A832D16C6C};mgmt=fwmngt-zentral;date=1221069169;policy_name=Chameleon_gbl];has_accounting: 0;i/f_dir: inbound;i/f_name: eth-s1/s1p1c0;rule_uid: {21D66174-0E19-4B77-A1E9-3473FE991088};
<83>May 26 08:19:49 apple.macosx.ibm.lab sshd[5590]: error: PAM: Authentication failure for illegal user rogueUser-3 from 117.96.235.121<14>May 26 08:19:51 Message forwarded from aix.ibm.lab: rcp[random_number_1_to_999999]: EXPORT file to host aix.ibm.lab cmd is rcp -t /root, local user testuser-33.
<190>May 26 08:19:52 arbor.pravail.ibm.lab pravail-aps: Blocked Host: Blocked host 30.90.182.58 10:53 by TCP Connection Reset using TCP/49530 (Unknown) destination 163.64.237.241 source port 443,URL: https://arbornetworks.pravail.test.com/chaos/
<129>May 26 08:19:54 barracuda.firewall.ibm.lab WF ALER METACHARACTER_IN_PARAMETER 213.39.172.85 51985 95.238.181.92 443 security-policy GLOBAL DENY NONE [token="%00 " Parameter="article" value="../../../../../../../../etc/passwd"] GET 95.238.181.92/talkback.cgi?article=../../../../../../../../etc/passwd%00&action=view&matchview=1 HTTPS "-" ""-"" 95.238.181.92 51985 "-" "-"
<133>May 26 08:19:55 microsoft.event.ibm.lab MSWinEventLog 1 Security 102757633 Fri May 26 08:19:55 2017 4907 Microsoft-Windows-Security-Auditing N/A N/A Success Audit testuser-44 Audit Policy Change Auditing settings on object were changed. Subject: Security ID: S-1-5-18 Account Name: testuser-44 Account Domain: us.ibm.com Logon ID: 0x1089936 Object: Object Server: Security Object Type: File Object Name: \Windows\winsxs\test.wav Handle ID: 0x3a8 Process Information: Process ID: 0xDCB2D2 Process Name: C:\Windows\System32\wbengine.exe Auditing Settings: Original Security Descriptor: S:AI(AU;A;;WD) New Security Descriptor: S:ARAI(AU;SAFA;;;;WD)(AU;IDFA;B;;;WD) 843436
<189>May 26 08:19:57 ['9.9.9.9'] authmgr[504]: <NOTI> login <00:1c:bf:ca:2b:98  99.123.52.13 testuser-9>method=802.1x, server=TEST001, role=Authenticated Update(status 0 method 0 role 16), reauth=1800 sec
<14>May 26 08:19:58 Message forwarded from aix.ibm.lab: ftp[random_number_1_to_999999]: ftp: IMPORT user testuser-99, host 154.102.244.170, local test_file, remote /data/savedata/test_file.dat.
<190>May 26 08:20:00 arbor.pravail.ibm.lab pravail-aps: Blocked Host: Blocked host 54.11.145.63 10:53 by TCP Connection Reset using TCP/55042 (Unknown) destination 13.85.175.155 source port 443,URL: https://arbornetworks.pravail.test.com/chaos/
<149>May 26 08:20:02 apple.macosx.ibm.lab sudo:    rogueUser-5 : TTY=ttyp1 ; PWD=/Users/admin ; USER=admin ;COMMAND=/bin/bash
<149>May 26 08:20:03 apple.macosx.ibm.lab sudo:    testuser-6 : TTY=ttyp1 ; PWD=/Users/admin ; USER=admin ;COMMAND=/bin/bash
<33>May 26 08:20:05 threecom.switch.ibm.lab %May 26 08:20:05 2017 S9500 FTPS/5/USEROUT: User testuser-5(167.227.124.53) logged out
<129>May 26 08:20:06 barracuda.firewall.ibm.lab WF ALER CROSS_SITE_SCRIPTING_IN_URL 136.38.97.190 55664 184.194.29.81 80 security-policy GLOBAL DENY NONE [type="cross-site-scripting" pattern="script-tag" token="<script>"] GET 184.194.29.81/<script>alert(53416)</script> HTTP "-" ""-"" 184.194.29.81 48541 "-" "-"
<27>May 26 08:20:08 ambiron.ipangel.ibm.lab ipangel-ips: [2017-05-26 08:20:08-05] alert [Priority: 9] [119:2:1] [(http_inspect) DOUBLE DECODING ATTACK] 136.38.97.190:62347 TCP 187.210.14.149:80 br0
<189>May 26 08:20:09 ['9.9.9.9'] authmgr[504]: <NOTI> login <00:1c:bf:ca:2b:98  129.171.84.29 testuser-7>method=802.1x, server=TEST001, role=Authenticated Update(status 0 method 0 role 16), reauth=1800 sec
<190>May 26 08:20:11 arbor.pravail.ibm.lab pravail-aps: Blocked Host: Blocked host 201.150.192.18 at 10:53 by Malformed HTTP Filtering using TCP/80 (HTTP) destination 161.141.145.221 source port 64288,URL: https://arbornetworks.pravail.test.com/chaos/
<13>May 26 08:20:13 checkpoint.firewall.ibm.lab 26May2017 drop checkpoint.firewall.ibm.lab product: SmartDefense; src: 218.111.178.29; s_port: 64945; dst: 80.221.111.44; service: 443; proto: tcp; rule: 392;Attack Info: TCP segment out of maximum allowed sequence. Packet dropped.;Confidence Level: 0;Performance Impact: 0;Protection Name: TCP Segment Limit Enforcement;Protection Type: settings_tcp;Severity: 0;SmartDefense Profile: Boticario_DMZ_Protection;__policy_id_tag: product=VPN-1 & FireWall-1[db_tag={E94ECB65-34C0-4740-9634-761E1604C8BC};mgmt=SJP1PLNX036-DMZ;date=1424714440;policy_name=DMZ];attack: Streaming Engine: TCP Segment Limit Enforcement;has_accounting: 0;i/f_dir: inbound;i/f_name: eth2-01.2809;origin_sic_name: CN=TEST-DMZ1,O=log_server_hostname;protection_id: tcp_segment_limit;rule_uid: {499DBB08-D262-4D9F-B639-5337A7B36E59};snid: 7572c682;src_machine_name: COMP-testuser-36;src_user_name: testuser-36 ;user: testuser-36 ;
<13>May 26 08:20:14 microsoft.sec.ibm.lab AgentDevice=WindowsLog	AgentLogFile=Security	Source=Security	Computer=COMP-testuser-31	User=testuser-31	Domain=	EventID=672	EventIDCode=672	EventType=16	EventCategory=9	RecordNumber=551544	TimeGenerated=1495801214	TimeWritten=1495801214	Message=Authentication Ticket Request: User Name: testuser-31 Supplied Realm Name: us.ibm.com User ID: %{S-1-2-3-1081600} Service Name: krbtgt Service ID: %{S-3-2-1-C74D21} Ticket Options: 0x40810010 Result Code: - Ticket Encryption Type: 0x17 Pre-Authentication Type: 2 Client Address: 51.18.44.104 Certificate Issuer Name:  Certificate Serial Number:  Certificate Thumbprint: 
<33>May 26 08:20:16 threecom.switch.ibm.lab %May 26 08:20:16 2017 S9500 FTPS/5/USERIN: User testuser-70(56.219.18.103) login succeeded
<13>May 26 08:20:17 microsoft.sec.ibm.lab AgentDevice=WindowsLog	AgentLogFile=Security	Source=Security	Computer=COMP-testuser-79	User=testuser-79	Domain=	EventID=673	EventIDCode=673	EventType=8	EventCategory=9	RecordNumber=365051	TimeGenerated=1495801217	TimeWritten=1495801217	Message=Service Ticket Request:  User Name: testuser-79@us.ibm.com User Domain: us.ibm.com Service Name: MAIL$  Service ID: %{S-3-2-1-34F7E3} Ticket Options:  0x40810000   Ticket Encryption Type: 0x17 Client Address: 179.174.48.208 Failure Code: - LogonGUID: {34F7E3-f005ba11-ba5eba11} Transited Services: - 
<190>May 26 08:20:19 arbor.pravail.ibm.lab pravail-aps: Blocked Host: Blocked host 201.150.192.18 at 10:53 by Malformed HTTP Filtering using TCP/80 (HTTP) destination 111.219.231.25 source port 58066,URL: https://arbornetworks.pravail.test.com/chaos/
<54>May 26 08:20:20 SymantecServer symantec.endpoint.ibm.lab: DCA-EMAPROJ2,Allowed,"C:\Program Files\Common Files\Symantec Shared\ccSvcHst.exe",,Begin: 2017-05-26 08:20:20,End:2017-05-26 08:20:20,Rule: ,2528,C:/Program Files/Microsoft Virtual Server/vmh.exe,0,,C:/ProgramFiles/Common Files/Symantec Shared/ccSvcHst.exe,User: rogueUser-2,Domain: US
<38>May 26 08:20:22 sshd[148731]: input_userauth_request: invalid user testuser-71
<86>May 26 08:20:24 apple.macosx.ibm.lab sshd[5590]: Failed password for invalid user testuser-91 from 15.240.218.13 port 51055 ssh2
<129>May 26 08:20:25 barracuda.firewall.ibm.lab WF ALER CROSS_SITE_SCRIPTING_IN_PARAM 51.18.44.104 65219 46.115.240.227 443 security-policy GLOBAL DENY NONE [type="cross-site-scripting" pattern="script-tag" token="<script>" Parameter="url" value="<script>alert(5341)</script>"] GET 46.115.240.227/redirect.asp?url=<script>alert(5341)</script> HTTPS "-" ""-"" 46.115.240.227 59845 "-" "-"
<13>May 26 08:20:27 checkpoint.firewall.ibm.lab 26May2017  checkpoint.firewall.ibm.lab product: SmartDefense; src: 125.83.117.185; s_port: ; dst: 111.10.22.81; service: ; proto: icmp; rule: ;Attack Info: Echo request too big;Suppressed logs: 1;Total logs: 2;__policy_id_tag: product=VPN-1 & FireWall-1[db_tag={B5A7057E-7F61-11DD-AA43-C0A832D12424};mgmt=fwmngt-zentral;date=1221069352;policy_name=Spider_gbl];alert: alert;attack: Large ping;has_accounting: 0;i/f_dir: inbound;
<157>May 26 08:20:28 microsoft.event.ibm.lab MSWinEventLog	4	Security	60703	Fri May 26 08:20:28 2017	552	Security	NETWORK SERVICE	Well Known Group	Success Audit	testuser-40	Logon/Logoff		Logon attempt using explicit credentials: Logged on user:  User Name: NETWORK SERVICE  Domain: NT AUTHORITY  Logon ID: (0x0,0x1081600)  Logon GUID: -  User whose credentials were used:  Target User Name: testuser-40  Target Domain: us.ibm.com Target Logon GUID: -  Target Server Name: localhost  Target Server Info: localhost  Caller Process ID: 900245  Source Network Address: -  Source Port: - 	56794
<33>May 26 08:20:30 threecom.switch.ibm.lab %May 26 08:20:30 2017 S9500 RTA/3/Failed to get user traffic: Failed to get traffic of user 56.219.18.103 on board 6
<129>May 26 08:20:31 barracuda.firewall.ibm.lab WF ALER CROSS_SITE_SCRIPTING_IN_URL 212.2.111.4 54725 152.163.233.92 80 security-policy GLOBAL DENY NONE [type="cross-site-scripting" pattern="script-tag" token="<script>"] GET 152.163.233.92/<script>alert(53416)</script> HTTP "-" ""-"" 152.163.233.92 48541 "-" "-"
<33>May 26 08:20:33 threecom.switch.ibm.lab %May 26 08:20:33 2017 S9500 FTPS/5/USERIN: User testuser-64(79.186.10.120) login succeeded
<54>May 26 08:20:34 SymantecServer symantec.endpoint.ibm.lab: CNC2PSY9D1,Allowed,Sysfer exception: .\RegParamEngine.cpp 1152 Failed to read value DeviceInstance from key \Registry\Machine\SYSTEM\CurrentControlSet\Control\DeviceClasses\{53f56307-b6bf-11d0-94f2-00a0c91efb8b}\##?#IDE#DiskWDC_WD800JD-75MSA3______________________10.01E04#5&,Sysfer exception,Begin: 2017-05-26 08:20:34,End: 2017-05-26 08:20:34,Rule: Sysfer exception,3592,C:/Program Files/Cisco Systems/CSAgent/bin/okclient.exe,0,,,User: testuser-63,Domain: US
<50>May 26 08:20:36 SymantecServer symantec.endpoint.ibm.lab: testbox-xyz,[SID: 70025] Web Attack: Blackhole Exploit Toolkit 2 attack blocked. Traffic has been blocked for this application: C:\Program Files\Internet Explorer\iexplore.exe,Local: 0.0.0.0,Local: 000000000000,Remote: ,Remote: 0.0.0.0,Remote: 000000000000,Inbound,OTHERS,,Begin: 2017-05-26 08:20:36,End: 2017-05-26 08:20:36,Occurrences: 1,Application: C:/Program Files/Internet Explorer/iexplore.exe,Location: Default,User: testuser-34,Domain: SIMON,!ExternalLoggingTask.localport! 0,!ExternalLoggingTask.remoteport! 0,!ExternalLoggingTask.cidssignid! 70025,!ExternalLoggingTask.strcidssignid! Web Attack: Blackhole Exploit Toolkit 2,!ExternalLoggingTask.cidssignsubid! 0,!ExternalLoggingTask.intrusionurl! http://pppptttt.blah.net/links/came_broadcasting_taking-various.php,!ExternalLoggingTask.intrusionpayloadurl!
<33>May 26 08:20:38 threecom.switch.ibm.lab %May 26 08:20:38 2017 S9500 FTPS/5/USERIN: User testuser-18(218.111.178.29) login succeeded
<133>May 26 08:20:39 microsoft.event.ibm.lab MSWinEventLog 1 Security 102757633 Fri May 26 08:20:39 2017 4907 Microsoft-Windows-Security-Auditing N/A N/A Success Audit testuser-24 Audit Policy Change Auditing settings on object were changed. Subject: Security ID: S-1-5-18 Account Name: testuser-24 Account Domain: us.ibm.com Logon ID: 0x1085764 Object: Object Server: Security Object Type: File Object Name: \Windows\winsxs\test.wav Handle ID: 0x3a8 Process Information: Process ID: 0x49C5BF Process Name: C:\Windows\System32\wbengine.exe Auditing Settings: Original Security Descriptor: S:AI(AU;A;;WD) New Security Descriptor: S:ARAI(AU;SAFA;;;;WD)(AU;IDFA;B;;;WD) 70160
<38>May 26 08:20:41 Message forwarded from aix.ibm.lab: syslog: pts/2: failed login attempt for testuser-20 from 132.146.155.198
<54>May 26 08:20:42 SymantecServer symantec.endpoint.ibm.lab: CNC2PSY9D1,Allowed,Sysfer exception: .\RegParamEngine.cpp 1152 Failed to read value DeviceInstance from key \Registry\Machine\SYSTEM\CurrentControlSet\Control\DeviceClasses\{53f56307-b6bf-11d0-94f2-00a0c91efb8b}\##?#IDE#DiskWDC_WD800JD-75MSA3______________________10.01E04#5&,Sysfer exception,Begin: 2017-05-26 08:20:42,End: 2017-05-26 08:20:42,Rule: Sysfer exception,3592,C:/Program Files/Cisco Systems/CSAgent/bin/okclient.exe,0,,,User: rogueUser-4,Domain: US
<157>May 26 08:20:44 microsoft.event.ibm.lab MSWinEventLog	4	Security	60703	Fri May 26 08:20:44 2017	552	Security	NETWORK SERVICE	Well Known Group	Success Audit	testuser-73	Logon/Logoff		Logon attempt using explicit credentials: Logged on user:  User Name: NETWORK SERVICE  Domain: NT AUTHORITY  Logon ID: (0x0,0x1094116)  Logon GUID: -  User whose credentials were used:  Target User Name: testuser-73  Target Domain: us.ibm.com Target Logon GUID: -  Target Server Name: localhost  Target Server Info: localhost  Caller Process ID: 199677  Source Network Address: -  Source Port: - 	56794
<54>May 26 08:20:45 SymantecServer symantec.endpoint.ibm.lab: testbox-abc,[SID: 21590] P2P Edonkey Ping Message detected.  Traffic has been allowed from this application: C:\Program Files\easyMule\emule.exe,Local: 212.2.111.4,Local: 00218696B978,Remote: ,Remote: 65.84.38.73,Remote: 000000000000,Outbound,OTHERS,Intrusion ID: 0,Begin: 2017-05-26 08:20:45,End: 2017-05-26 08:20:45,Occurrences: 1,Application: C:/Program Files/easyMule/emule.exe,Location: Default,User: testuser-68,Domain: us.ibm.com
<13>May 26 08:20:47 checkpoint.firewall.ibm.lab 26May2017  checkpoint.firewall.ibm.lab product: SmartDefense; src: 56.219.18.103; s_port: ; dst: 65.108.117.104; service: ; proto: udp; rule: ;Attack Info: Out-of-state DNS reply;Suppressed logs: 143;Total logs: 144;__policy_id_tag: product=VPN-1 & FireWall-1[db_tag={321A4EE6-7DEA-11DD-BFAA-C0A832822626};mgmt=fwmngt05;date=1220908070;policy_name=KillerWhale_gbl];alert: alert;attack: Invalid DNS;has_accounting: 0;i/f_dir: inbound;
<190>May 26 08:20:49 arbor.pravail.ibm.lab pravail-aps: Blocked Host: Blocked host 56.219.18.103 at 10:52 by Invalid Packets using TCP/0 (Unknown) destination 15.230.225.251,URL: https://arbornetworks.pravail.test.com/chaos/
<83>May 26 08:20:50 apple.macosx.ibm.lab com.apple.SecurityServer: authinternal failed to authenticate user testuser-30.
<190>May 26 08:20:52 arbor.pravail.ibm.lab pravail-aps: Blocked Host: Blocked host 30.90.182.58 at 10:53 by Malformed HTTP Filtering using TCP/80 (HTTP) destination 34.190.93.170 source port 52554,URL: https://arbornetworks.pravail.test.com/chaos/
<86>May 26 08:20:53 apple.macosx.ibm.lab sshd[5590]: Failed password for invalid user testuser-99 from 111.74.50.110 port 54203 ssh2
<129>May 26 08:20:55 barracuda.firewall.ibm.lab WF ALER METHOD_NOT_ALLOWED 128.234.158.118 61786 18.227.125.56 80 security-policy GLOBAL DENY NONE [Method="ABCD"] ABCD 18.227.125.56/ HTTP "-" ""-"" 18.227.125.56 48536 "-" "-"
<86>May 26 08:20:56 apple.macosx.ibm.lab sshd[5590]: Failed password for invalid user testuser-78 from 83.87.204.105 port 54979 ssh2
<28>May 26 08:20:58 Message forwarded from aix.ibm.lab: rshd[random_number_1_to_999999]: Failed rsh authentication from 61.31.224.157 for local user root via remote user testuser-4
<13>May 26 08:21:00 microsoft.sec.ibm.lab AgentDevice=WindowsLog	AgentLogFile=Security	Source=Security	Computer=COMP-testuser-74	User=testuser-74	Domain=	EventID=540	EventIDCode=540	EventType=8	EventCategory=2	RecordNumber=229290	TimeGenerated=1495801260	TimeWritten=1495801260	Message=Successful Network Logon: User Name: Domain: Logon ID: (0x0,0x1096209) Logon Type: 3 Logon Process: NtLmSsp Authentication Package: NTLM Workstation Name: COMP-testuser-74 Logon GUID: - Caller User Name: - Caller Domain: - Caller Logon ID: - Caller Process ID: - Transited Services: - Source Network Address: 205.217.136.42 Source Port: 0
<54>May 26 08:21:01 SymantecServer symantec.endpoint.ibm.lab: DCA-EMAPROJ2,Allowed,"C:\Program Files\Common Files\Symantec Shared\ccSvcHst.exe",,Begin: 2017-05-26 08:21:01,End:2017-05-26 08:21:01,Rule: ,2528,C:/Program Files/Microsoft Virtual Server/vmh.exe,0,,C:/ProgramFiles/Common Files/Symantec Shared/ccSvcHst.exe,User: testuser-81,Domain: US
<13>May 26 08:21:03 microsoft.sec.ibm.lab AgentDevice=WindowsLog	AgentLogFile=Security	Source=Security	Computer=COMP-testuser-12	User=testuser-12	Domain=	EventID=540	EventIDCode=540	EventType=8	EventCategory=2	RecordNumber=991822	TimeGenerated=1495801263	TimeWritten=1495801263	Message=Successful Network Logon: User Name: Domain: Logon ID: (0x0,0x1079521) Logon Type: 3 Logon Process: NtLmSsp Authentication Package: NTLM Workstation Name: COMP-testuser-12 Logon GUID: - Caller User Name: - Caller Domain: - Caller Logon ID: - Caller Process ID: - Transited Services: - Source Network Address: 77.129.185.225 Source Port: 0
<13>May 26 08:21:04 checkpoint.firewall.ibm.lab 26May2017  checkpoint.firewall.ibm.lab product: SmartDefense; src: 179.174.48.208; s_port: ; dst: 80.116.3.201; service: ; proto: udp; rule: ;Attack Info: Bad domain format, illegal ASCII value in domain;Suppressed logs: 1;Total logs: 2;__policy_id_tag: product=VPN-1 & FireWall-1[db_tag={9B20E8EA-7DE6-11DD-B7D6-C0A832D11E1E};mgmt=fwmngt-zentral;date=1220906528;policy_name=Vulpine_gbl];alert: alert;attack: Invalid DNS;has_accounting: 0;i/f_dir: inbound;
<13>May 26 08:21:06 checkpoint.firewall.ibm.lab 26May2017  checkpoint.firewall.ibm.lab product: SmartDefense; src: 79.186.10.120; s_port: ; dst: 77.125.47.249; service: ; proto: udp; rule: ;Attack Info: Bad domain format, illegal ASCII value in domain;Suppressed logs: 1;Total logs: 2;__policy_id_tag: product=VPN-1 & FireWall-1[db_tag={9B20E8EA-7DE6-11DD-B7D6-C0A832D11E1E};mgmt=fwmngt-zentral;date=1220906528;policy_name=Vulpine_gbl];alert: alert;attack: Invalid DNS;has_accounting: 0;i/f_dir: inbound;
<26>May 26 08:21:07 ambiron.ipangel.ibm.lab ipangel-ips: [2017-05-26 08:21:07-05] alert [Priority: 9] [119:14:1] [(http_inspect) NON-RFC DEFINED CHAR] 136.38.97.190:59084 TCP 101.71.140.200:80 br0
<14>May 26 08:21:09 Message forwarded from aix.ibm.lab: ftp[random_number_1_to_999999]: ftp: EXPORT user testuser-2, host 16.74.199.104, local test_script.sh, remote test_script.sh.
<54>May 26 08:21:10 SymantecServer symantec.endpoint.ibm.lab: CNC2PSY9D1,Allowed,Sysfer exception: .\RegParamEngine.cpp 1152 Failed to read value DeviceInstance from key \Registry\Machine\SYSTEM\CurrentControlSet\Control\DeviceClasses\{53f56307-b6bf-11d0-94f2-00a0c91efb8b}\##?#IDE#DiskWDC_WD800JD-75MSA3______________________10.01E04#5&,Sysfer exception,Begin: 2017-05-26 08:21:10,End: 2017-05-26 08:21:10,Rule: Sysfer exception,3592,C:/Program Files/Cisco Systems/CSAgent/bin/okclient.exe,0,,,User: rogueUser-3,Domain: US
<190>May 26 08:21:12 arbor.pravail.ibm.lab pravail-aps: Blocked Host: Blocked host 56.219.18.103 at 10:52 by Invalid Packets using TCP/0 (Unknown) destination 165.141.152.251,URL: https://arbornetworks.pravail.test.com/chaos/
<182>May 26 08:21:14 apache.httpd.ibm.lab httpd: 20.135.51.253 159.38.60.63 - - [26/May/2017:08:21:14 -0500] "GET /<script>alert(53416)</script> HTTP/1.1" 404 443 320
<54>May 26 08:21:15 SymantecServer symantec.endpoint.ibm.lab: Potential risk found,Computer name: COMP-1102500,Detection type: Heuristic,Application name: (Unknown),Application type: Trojan Worm,Application version: ,Hash type: SHA-1,Application hash: 72c874f212a18944ff56f774bfe7252346b93f8e,Company name: ,File size (bytes): 301568,Sensitivity: 0,Detection score: 40,Submission recommendation:1,Permitted application reason: 0,Source: Heuristic Scan,Risk name: ,Occurrences: 1,c:\claims\claims32.exe,"",Actual action: Left alone,Requested action: Left alone,Secondary action: Left alone,Event time: 2017-05-26 08:21:15,Inserted:2017-05-26 08:21:15,End:  2017-05-26 08:21:15,Domain: Default,Group: My Company\LTC\Desktops,Server: crasesssmc01,User: testuser-77,Source computer: ,Source IP: 0.0.0.0
<27>May 26 08:21:17 ambiron.ipangel.ibm.lab ipangel-ips: [2017-05-26 08:21:17-05] alert [Priority: 9] [119:2:1] [(http_inspect) DOUBLE DECODING ATTACK] 56.219.18.103:52658 TCP 190.239.168.118:80 br0
<129>May 26 08:21:18 barracuda.firewall.ibm.lab WF ALER SLASH_DOT_IN_URL 83.87.204.105 58770 173.173.4.97 443 security-policy GLOBAL DENY NONE ["-"] GET 173.173.4.97/themes/default/css/.htaccess HTTPS "-" ""-"" 173.173.4.97 44428 "-" "-"
<13>May 26 08:21:20 microsoft.sec.ibm.lab AgentDevice=WindowsLog	AgentLogFile=Security	Source=Security	Computer=COMP-testuser-20	User=testuser-20	Domain=	EventID=673	EventIDCode=673	EventType=8	EventCategory=9	RecordNumber=99373	TimeGenerated=1495801280	TimeWritten=1495801280	Message=Service Ticket Request:  User Name: testuser-20@us.ibm.com User Domain: us.ibm.com Service Name: MAIL$  Service ID: %{S-3-2-1-F4BA5C} Ticket Options:  0x40810000   Ticket Encryption Type: 0x17 Client Address: 132.146.155.198 Failure Code: - LogonGUID: {F4BA5C-f005ba11-ba5eba11} Transited Services: - 
<13>May 26 08:21:21 microsoft.sec.ibm.lab AgentDevice=WindowsLog	AgentLogFile=Security	Source=Security	Computer=COMP-rogueUser-5	User=rogueUser-5	Domain=	EventID=672	EventIDCode=672	EventType=16	EventCategory=9	RecordNumber=990142	TimeGenerated=1495801281	TimeWritten=1495801281	Message=Authentication Ticket Request: User Name: rogueUser-5 Supplied Realm Name: us.ibm.com User ID: %{S-1-2-3-1121481} Service Name: krbtgt Service ID: %{S-3-2-1-86C7AA} Ticket Options: 0x40810010 Result Code: - Ticket Encryption Type: 0x17 Pre-Authentication Type: 2 Client Address: 128.88.250.170 Certificate Issuer Name:  Certificate Serial Number:  Certificate Thumbprint: 
<129>May 26 08:21:23 barracuda.firewall.ibm.lab WF ALER SLASH_DOT_IN_URL 165.11.95.213 56894 211.186.215.1 443 security-policy GLOBAL DENY NONE ["-"] GET 211.186.215.1/themes/default/css/.htaccess HTTPS "-" ""-"" 211.186.215.1 44428 "-" "-"
<27>May 26 08:21:25 ambiron.ipangel.ibm.lab ipangel-ips: [2017-05-26 08:21:25-05] alert [Priority: 9] [119:2:1] [(http_inspect) DOUBLE DECODING ATTACK] 125.83.117.185:53915 TCP 137.169.8.69:80 br0
<54>May 26 08:21:26 SymantecServer symantec.endpoint.ibm.lab: Potential risk found,Computer name: COMP-1089936,Detection type: Heuristic,Application name: (Unknown),Application type: Trojan Worm,Application version: ,Hash type: SHA-1,Application hash: 72c874f212a18944ff56f774bfe7252346b93f8e,Company name: ,File size (bytes): 301568,Sensitivity: 0,Detection score: 40,Submission recommendation:1,Permitted application reason: 0,Source: Heuristic Scan,Risk name: ,Occurrences: 1,c:\claims\claims32.exe,"",Actual action: Left alone,Requested action: Left alone,Secondary action: Left alone,Event time: 2017-05-26 08:21:26,Inserted:2017-05-26 08:21:26,End:  2017-05-26 08:21:26,Domain: Default,Group: My Company\LTC\Desktops,Server: crasesssmc01,User: testuser-62,Source computer: ,Source IP: 0.0.0.0
<129>May 26 08:21:28 barracuda.firewall.ibm.lab WF ALER METHOD_NOT_ALLOWED 218.111.178.29 50437 40.164.98.125 80 security-policy GLOBAL DENY NONE [Method="ABCD"] ABCD 40.164.98.125/ HTTP "-" ""-"" 40.164.98.125 48536 "-" "-"
<86>May 26 08:21:29 apple.macosx.ibm.lab sshd[5590]: Failed password for invalid user testuser-72 from 218.111.178.29 port 63999 ssh2
<54>May 26 08:21:31 SymantecServer symantec.endpoint.ibm.lab: Potential risk found,Computer name: COMP-1106704,Detection type: Heuristic,Application name: (Unknown),Application type: Trojan Worm,Application version: ,Hash type: SHA-1,Application hash: 72c874f212a18944ff56f774bfe7252346b93f8e,Company name: ,File size (bytes): 301568,Sensitivity: 0,Detection score: 40,Submission recommendation:1,Permitted application reason: 0,Source: Heuristic Scan,Risk name: ,Occurrences: 1,c:\claims\claims32.exe,"",Actual action: Left alone,Requested action: Left alone,Secondary action: Left alone,Event time: 2017-05-26 08:21:31,Inserted:2017-05-26 08:21:31,End:  2017-05-26 08:21:31,Domain: Default,Group: My Company\LTC\Desktops,Server: crasesssmc01,User: testuser-79,Source computer: ,Source IP: 0.0.0.0
<86>May 26 08:21:32 apple.macosx.ibm.lab com.apple.SecurityServer: authinternal authenticated user testuser-87 (uid 105625).
<133>May 26 08:21:34 microsoft.event.ibm.lab MSWinEventLog 1 Security 102757633 Fri May 26 08:21:34 2017 4907 Microsoft-Windows-Security-Auditing N/A N/A Success Audit testuser-27 Audit Policy Change Auditing settings on object were changed. Subject: Security ID: S-1-5-18 Account Name: testuser-27 Account Domain: us.ibm.com Logon ID: 0x1092025 Object: Object Server: Security Object Type: File Object Name: \Windows\winsxs\test.wav Handle ID: 0x3a8 Process Information: Process ID: 0x5AF9E1 Process Name: C:\Windows\System32\wbengine.exe Auditing Settings: Original Security Descriptor: S:AI(AU;A;;WD) New Security Descriptor: S:ARAI(AU;SAFA;;;;WD)(AU;IDFA;B;;;WD) 31493
<28>May 26 08:21:36 Message forwarded from aix.ibm.lab: rshd[random_number_1_to_999999]: Failed rsh authentication from 51.18.44.104 for local user root via remote user testuser-13
<33>May 26 08:21:37 threecom.switch.ibm.lab %May 26 08:21:37 2017 S9500 FTPS/5/USEROUT: User testuser-94(120.171.20.155) logged out
<83>May 26 08:21:39 apple.macosx.ibm.lab com.apple.SecurityServer: authinternal failed to authenticate user rogueUser-3.
<54>May 26 08:21:40 SymantecServer symantec.endpoint.ibm.lab: Potential risk found,Computer name: COMP-1121481,Detection type: Heuristic,Application name: (Unknown),Application type: Trojan Worm,Application version: ,Hash type: SHA-1,Application hash: 72c874f212a18944ff56f774bfe7252346b93f8e,Company name: ,File size (bytes): 301568,Sensitivity: 0,Detection score: 40,Submission recommendation:1,Permitted application reason: 0,Source: Heuristic Scan,Risk name: ,Occurrences: 1,c:\claims\claims32.exe,"",Actual action: Left alone,Requested action: Left alone,Secondary action: Left alone,Event time: 2017-05-26 08:21:40,Inserted:2017-05-26 08:21:40,End:  2017-05-26 08:21:40,Domain: Default,Group: My Company\LTC\Desktops,Server: crasesssmc01,User: rogueUser-5,Source computer: ,Source IP: 0.0.0.0
<26>May 26 08:21:42 ambiron.ipangel.ibm.lab ipangel-ips: [2017-05-26 08:21:42-05] alert [Priority: 9] [119:14:1] [(http_inspect) NON-RFC DEFINED CHAR] 33.195.94.29:51587 TCP 202.77.20.5:80 br0
<13>May 26 08:21:43 checkpoint.firewall.ibm.lab 26May2017 reject checkpoint.firewall.ibm.lab product: VPN-1 & FireWall-1; src: 136.38.97.190; s_port: 61128; dst: 72.118.161.91; service: 113; proto: tcp; rule: 14;SmartDefense profile: Default_Protection;__policy_id_tag: product=VPN-1 & FireWall-1[db_tag={25E5B8F6-79E7-11DD-941A-C0A832D00C0C};mgmt=fwmngt-wuv;date=1220466957;policy_name=rhino_gbl];has_accounting: 0;i/f_dir: inbound;i/f_name: eth-s2/s1p1c0;rule_uid: {9C96B325-D976-4A30-8685-9ED61018A6E7};service_id: gident;
<182>May 26 08:21:45 apache.httpd.ibm.lab httpd: 30.90.182.58 158.251.80.23 - - [26/May/2017:08:21:45 -0500] "POST /test.php?doing_test=123 HTTP/1.0" 404 80 282
<50>May 26 08:21:46 SymantecServer symantec.endpoint.ibm.lab: testbox-xyz,[SID: 70025] Web Attack: Blackhole Exploit Toolkit 2 attack blocked. Traffic has been blocked for this application: C:\Program Files\Internet Explorer\iexplore.exe,Local: 0.0.0.0,Local: 000000000000,Remote: ,Remote: 0.0.0.0,Remote: 000000000000,Inbound,OTHERS,,Begin: 2017-05-26 08:21:46,End: 2017-05-26 08:21:46,Occurrences: 1,Application: C:/Program Files/Internet Explorer/iexplore.exe,Location: Default,User: testuser-10,Domain: SIMON,!ExternalLoggingTask.localport! 0,!ExternalLoggingTask.remoteport! 0,!ExternalLoggingTask.cidssignid! 70025,!ExternalLoggingTask.strcidssignid! Web Attack: Blackhole Exploit Toolkit 2,!ExternalLoggingTask.cidssignsubid! 0,!ExternalLoggingTask.intrusionurl! http://pppptttt.blah.net/links/came_broadcasting_taking-various.php,!ExternalLoggingTask.intrusionpayloadurl!
<26>May 26 08:21:48 ambiron.ipangel.ibm.lab ipangel-ips: [2017-05-26 08:21:48-05] alert [Priority: 9] [119:14:1] [(http_inspect) NON-RFC DEFINED CHAR] 54.11.145.63:57868 TCP 189.59.29.88:80 br0
<54>May 26 08:21:50 SymantecServer symantec.endpoint.ibm.lab: CNC2PSY9D1,Allowed,Sysfer exception: .\RegParamEngine.cpp 1152 Failed to read value DeviceInstance from key \Registry\Machine\SYSTEM\CurrentControlSet\Control\DeviceClasses\{53f56307-b6bf-11d0-94f2-00a0c91efb8b}\##?#IDE#DiskWDC_WD800JD-75MSA3______________________10.01E04#5&,Sysfer exception,Begin: 2017-05-26 08:21:50,End: 2017-05-26 08:21:50,Rule: Sysfer exception,3592,C:/Program Files/Cisco Systems/CSAgent/bin/okclient.exe,0,,,User: testuser-84,Domain: US
<33>May 26 08:21:51 threecom.switch.ibm.lab %May 26 08:21:51 2017 S9500 FTPS/5/USERIN: User testuser-89(54.11.145.63) login succeeded
<129>May 26 08:21:53 barracuda.firewall.ibm.lab WF ALER SLASH_DOT_IN_URL 83.87.204.105 54469 113.159.217.118 443 security-policy GLOBAL DENY NONE ["-"] GET 113.159.217.118/themes/default/css/.htaccess HTTPS "-" ""-"" 113.159.217.118 44428 "-" "-"
<33>May 26 08:21:54 threecom.switch.ibm.lab %May 26 08:21:54 2017 S9500 FTPS/5/USEROUT: User testuser-46(79.186.10.120) logged out
<25>May 26 08:21:56 apple.macosx.ibm.lab DirectoryService[51]: Failed Authentication return is being delayed due to over five recent auth failures for username: testuser-43.
<25>May 26 08:21:57 ambiron.ipangel.ibm.lab ipangel-ips: [2017-05-26 08:21:57-05] alert [Priority: 9] [116:46:1] [(snort_decoder) WARNING: TCP Data Offset is less than 5!] 125.83.117.185:61486 TCP 68.74.28.30:80 br0
<25>May 26 08:21:59 apple.macosx.ibm.lab DirectoryService[51]: Failed Authentication return is being delayed due to over five recent auth failures for username: testuser-25.
<33>May 26 08:22:01 threecom.switch.ibm.lab %May 26 08:22:01 2017 S9500 FTPS/5/USERIN: User testuser-33(201.150.192.18) login succeeded
<133>May 26 08:22:02 microsoft.event.ibm.lab MSWinEventLog 1 Security 102757633 Fri May 26 08:22:02 2017 4907 Microsoft-Windows-Security-Auditing N/A N/A Success Audit testuser-51 Audit Policy Change Auditing settings on object were changed. Subject: Security ID: S-1-5-18 Account Name: testuser-51 Account Domain: us.ibm.com Logon ID: 0x1085764 Object: Object Server: Security Object Type: File Object Name: \Windows\winsxs\test.wav Handle ID: 0x3a8 Process Information: Process ID: 0x999DDE Process Name: C:\Windows\System32\wbengine.exe Auditing Settings: Original Security Descriptor: S:AI(AU;A;;WD) New Security Descriptor: S:ARAI(AU;SAFA;;;;WD)(AU;IDFA;B;;;WD) 879059
<129>May 26 08:22:04 barracuda.firewall.ibm.lab WF ALER CROSS_SITE_SCRIPTING_IN_PARAM 165.11.95.213 59633 76.140.209.38 443 security-policy GLOBAL DENY NONE [type="cross-site-scripting" pattern="script-tag" token="<script>" Parameter="url" value="<script>alert(5341)</script>"] GET 76.140.209.38/redirect.asp?url=<script>alert(5341)</script> HTTPS "-" ""-"" 76.140.209.38 59845 "-" "-"
<182>May 26 08:22:05 apache.httpd.ibm.lab httpd: 79.186.10.120 133.156.220.168 - - [26/May/2017:08:22:05 -0500] "TRACE / HTTP/1.0" 403 443 272
<190>May 26 08:22:07 arbor.pravail.ibm.lab pravail-aps: Blocked Host: Blocked host 20.135.51.253 at 10:53 by Malformed HTTP Filtering using TCP/80 (HTTP) destination 83.179.230.222 source port 64547,URL: https://arbornetworks.pravail.test.com/chaos/
<26>May 26 08:22:08 ambiron.ipangel.ibm.lab ipangel-ips: [2017-05-26 08:22:08-05] alert [Priority: 9] [119:14:1] [(http_inspect) NON-RFC DEFINED CHAR] 136.38.97.190:52014 TCP 22.178.147.72:80 br0
<182>May 26 08:22:10 apache.httpd.ibm.lab httpd: 9.135.38.229 74.134.99.219 - - [26/May/2017:08:22:10 -0500] "HEAD / HTTP/1.1" 200 443 -
<14>May 26 08:22:12 Message forwarded from aix.ibm.lab: ftp[random_number_1_to_999999]: ftp: EXPORT user testuser-49, host 120.171.20.155, local test_script.sh, remote test_script.sh.
<129>May 26 08:22:13 barracuda.firewall.ibm.lab WF ALER CROSS_SITE_SCRIPTING_IN_PARAM 165.11.95.213 54482 56.94.101.49 443 security-policy GLOBAL DENY NONE [type="cross-site-scripting" pattern="script-tag" token="<script>" Parameter="url" value="<script>alert(5341)</script>"] GET 56.94.101.49/redirect.asp?url=<script>alert(5341)</script> HTTPS "-" ""-"" 56.94.101.49 59845 "-" "-"
<13>May 26 08:22:15 checkpoint.firewall.ibm.lab 26May2017 drop checkpoint.firewall.ibm.lab product: SmartDefense; src: 56.219.18.103; s_port: 61561; dst: 41.101.28.178; service: 443; proto: tcp; rule: 392;Attack Info: TCP segment out of maximum allowed sequence. Packet dropped.;Confidence Level: 0;Performance Impact: 0;Protection Name: TCP Segment Limit Enforcement;Protection Type: settings_tcp;Severity: 0;SmartDefense Profile: Boticario_DMZ_Protection;__policy_id_tag: product=VPN-1 & FireWall-1[db_tag={E94ECB65-34C0-4740-9634-761E1604C8BC};mgmt=SJP1PLNX036-DMZ;date=1424714440;policy_name=DMZ];attack: Streaming Engine: TCP Segment Limit Enforcement;has_accounting: 0;i/f_dir: inbound;i/f_name: eth2-01.2809;origin_sic_name: CN=TEST-DMZ1,O=log_server_hostname;protection_id: tcp_segment_limit;rule_uid: {499DBB08-D262-4D9F-B639-5337A7B36E59};snid: 7572c682;src_machine_name: COMP-testuser-25;src_user_name: testuser-25 ;user: testuser-25 ;
<129>May 26 08:22:16 barracuda.firewall.ibm.lab WF ALER CROSS_SITE_SCRIPTING_IN_URL 83.87.204.105 64100 214.107.185.170 80 security-policy GLOBAL DENY NONE [type="cross-site-scripting" pattern="script-tag" token="<script>"] GET 214.107.185.170/<script>alert(53416)</script> HTTP "-" ""-"" 214.107.185.170 48541 "-" "-"
<83>May 26 08:22:18 apple.macosx.ibm.lab com.apple.SecurityServer: authinternal failed to authenticate user testuser-6.
<13>May 26 08:22:19 checkpoint.firewall.ibm.lab 26May2017  checkpoint.firewall.ibm.lab product: martDefense; src: 128.234.158.118; s_port: ; dst: 158.39.89.55; service: ; proto: udp; rule: ;Attack Info: Response packet too long, potential buffer overflow;Suppressed logs: 5;Total logs: 6;__policy_id_tag: product=VPN-1 & FireWall-1[db_tag={321A4EE6-7DEA-11DD-BFAA-C0A832822626};mgmt=fwmngt05;date=1220908070;policy_name=KillerWhale_gbl];alert: alert;attack: Invalid DNS;has_accounting: 0;i/f_dir: inbound;
<13>May 26 08:22:21 microsoft.sec.ibm.lab AgentDevice=WindowsLog	AgentLogFile=Security	Source=Security	Computer=COMP-testuser-32	User=testuser-32	Domain=	EventID=675	EventIDCode=675	EventType=16	EventCategory=9	RecordNumber=393083	TimeGenerated=1495801341	TimeWritten=1495801341	Message=Pre-authentication failed: User Name: testuser-32 User ID: %{S-1-2-3-1083681} Service Name: krbtgt Pre-Authentication Type: 0x2 Failure Code: 0x18 Client Address: 113.181.10.199 
<129>May 26 08:22:22 barracuda.firewall.ibm.lab WF ALER CROSS_SITE_SCRIPTING_IN_PARAM 137.38.197.140 59185 76.225.110.130 443 security-policy GLOBAL DENY NONE [type="cross-site-scripting" pattern="script-tag" token="<script>" Parameter="url" value="<script>alert(5341)</script>"] GET 76.225.110.130/redirect.asp?url=<script>alert(5341)</script> HTTPS "-" ""-"" 76.225.110.130 59845 "-" "-"
<157>May 26 08:22:24 microsoft.event.ibm.lab MSWinEventLog	4	Security	60703	Fri May 26 08:22:24 2017	552	Security	NETWORK SERVICE	Well Known Group	Success Audit	testuser-13	Logon/Logoff		Logon attempt using explicit credentials: Logged on user:  User Name: NETWORK SERVICE  Domain: NT AUTHORITY  Logon ID: (0x0,0x1081600)  Logon GUID: -  User whose credentials were used:  Target User Name: testuser-13  Target Domain: us.ibm.com Target Logon GUID: -  Target Server Name: localhost  Target Server Info: localhost  Caller Process ID: 850094  Source Network Address: -  Source Port: - 	56794
<129>May 26 08:22:26 barracuda.firewall.ibm.lab WF ALER CROSS_SITE_SCRIPTING_IN_PARAM 201.150.192.18 58255 221.215.18.190 443 security-policy GLOBAL DENY NONE [type="cross-site-scripting" pattern="script-tag" token="<script>" Parameter="url" value="<script>alert(5341)</script>"] GET 221.215.18.190/redirect.asp?url=<script>alert(5341)</script> HTTPS "-" ""-"" 221.215.18.190 59845 "-" "-"
<179>May 26 08:22:27 apache.httpd.ibm.lab httpd[5570]: [ID 702911 local6.error] [error] [client 201.150.192.18] Certificate Verification: Error (10): certificate has expired
<26>May 26 08:22:29 ambiron.ipangel.ibm.lab ipangel-ips: [2017-05-26 08:22:29-05] alert [Priority: 9] [119:14:1] [(http_inspect) NON-RFC DEFINED CHAR] 189.6.147.68:52497 TCP 101.25.182.215:80 br0
<13>May 26 08:22:30 checkpoint.firewall.ibm.lab 26May2017  checkpoint.firewall.ibm.lab product: SmartDefense; src: 165.11.95.213; s_port: ; dst: 158.131.43.161; service: ; proto: icmp; rule: ;Attack Info: Echo request too big;Suppressed logs: 1;Total logs: 2;__policy_id_tag: product=VPN-1 & FireWall-1[db_tag={B5A7057E-7F61-11DD-AA43-C0A832D12424};mgmt=fwmngt-zentral;date=1221069352;policy_name=Spider_gbl];alert: alert;attack: Large ping;has_accounting: 0;i/f_dir: inbound;
<187>May 26 08:22:32 ['9.9.9.9'] httpd[16986]: [error] [client 189.6.147.68] Invalid URI in request \xf7vMKp`ET&\xa4\x9c\xc9\xec\xd1\xd8j\r\xce\xd9\xd4\xb3\c7
<187>May 26 08:22:33 ['9.9.9.9'] httpd[16986]: [error] [client 15.83.16.235] Invalid URI in request \xf7vMKp`ET&\xa4\x9c\xc9\xec\xd1\xd8j\r\xce\xd9\xd4\xb3\c7
<33>May 26 08:22:35 threecom.switch.ibm.lab %May 26 08:22:35 2017 S9500 RTA/3/Failed to get user traffic: Failed to get traffic of user 201.150.192.18 on board 6
<86>May 26 08:22:37 apple.macosx.ibm.lab com.apple.SecurityServer: uid 95140 succeeded authenticating as user admin (uid 501) for right system.install.root.user.
<187>May 26 08:22:38 ['9.9.9.9'] httpd[16986]: [error] [client 165.11.95.213] Invalid URI in request \xf7vMKp`ET&\xa4\x9c\xc9\xec\xd1\xd8j\r\xce\xd9\xd4\xb3\c7
<129>May 26 08:22:40 barracuda.firewall.ibm.lab WF ALER METACHARACTER_IN_PARAMETER 201.150.192.18 55329 23.105.234.161 443 security-policy GLOBAL DENY NONE [token="%00 " Parameter="article" value="../../../../../../../../etc/passwd"] GET 23.105.234.161/talkback.cgi?article=../../../../../../../../etc/passwd%00&action=view&matchview=1 HTTPS "-" ""-"" 23.105.234.161 55329 "-" "-"
<86>May 26 08:22:41 apple.macosx.ibm.lab sshd[5590]: Failed password for invalid user rogueUser-2 from 137.38.197.140 port 57252 ssh2
<129>May 26 08:22:43 barracuda.firewall.ibm.lab WF ALER METHOD_NOT_ALLOWED 128.234.158.118 54863 88.216.104.118 80 security-policy GLOBAL DENY NONE [Method="ABCD"] ABCD 88.216.104.118/ HTTP "-" ""-"" 88.216.104.118 48536 "-" "-"
<13>May 26 08:22:44 microsoft.sec.ibm.lab AgentDevice=WindowsLog	AgentLogFile=Security	Source=Security	Computer=COMP-testuser-85	User=testuser-85	Domain=	EventID=672	EventIDCode=672	EventType=8	EventCategory=9	RecordNumber=859555	TimeGenerated=1495801364	TimeWritten=1495801364	Message=Authentication Ticket Request: User Name: testuser-85 Supplied Realm Name: us.ibm.com User ID: %{S-1-2-3-1100401} Service Name: krbtgt Service ID: %{S-3-2-1-E776C0} Ticket Options: 0x40810010 Result Code: - Ticket Encryption Type: 0x17 Pre-Authentication Type: 2 Client Address: 120.171.20.155 Certificate Issuer Name:  Certificate Serial Number:  Certificate Thumbprint: 
