<38>May 26 09:29:33 sshd[200936]: Failed password for invalid user testuser-58 from 189.114.25.168 port 54022 ssh2
<133>May 26 09:29:34 microsoft.event.ibm.lab MSWinEventLog 1 Security 102757633 Fri May 26 09:29:34 2017 4907 Microsoft-Windows-Security-Auditing N/A N/A Success Audit testuser-28 Audit Policy Change Auditing settings on object were changed. Subject: Security ID: S-1-5-18 Account Name: testuser-28 Account Domain: us.ibm.com Logon ID: 0x1094116 Object: Object Server: Security Object Type: File Object Name: \Windows\winsxs\test.wav Handle ID: 0x3a8 Process Information: Process ID: 0xEC5543 Process Name: C:\Windows\System32\wbengine.exe Auditing Settings: Original Security Descriptor: S:AI(AU;A;;WD) New Security Descriptor: S:ARAI(AU;SAFA;;;;WD)(AU;IDFA;B;;;WD) 26327
<13>May 26 09:29:36 checkpoint.firewall.ibm.lab 26May2017  checkpoint.firewall.ibm.lab product: SmartDefense; src: 212.2.111.4; s_port: ; dst: 197.50.65.65; service: ; proto: udp; rule: ;Attack Info: Out-of-state DNS reply;Suppressed logs: 143;Total logs: 144;__policy_id_tag: product=VPN-1 & FireWall-1[db_tag={321A4EE6-7DEA-11DD-BFAA-C0A832822626};mgmt=fwmngt05;date=1220908070;policy_name=KillerWhale_gbl];alert: alert;attack: Invalid DNS;has_accounting: 0;i/f_dir: inbound;
<86>May 26 09:29:38 apple.macosx.ibm.lab sshd[5590]: Failed password for invalid user testuser-76 from 197.116.136.163 port 60052 ssh2
<38>May 26 09:29:39 sshd[random_number_1_to_999999]: Accepted publickey for testuser-99 from 154.102.244.170 port 57650 ssh2
<182>May 26 09:29:41 apache.httpd.ibm.lab httpd: 33.195.94.29 219.219.227.47 - - [26/May/2017:09:29:41 -0500] "OPTIONS /cgi-bin/index.php HTTP/1.1" 200 443 -
<149>May 26 09:29:42 apple.macosx.ibm.lab sudo:    testuser-21 : TTY=ttyp1 ; PWD=/Users/admin ; USER=admin ;COMMAND=/bin/bash
<13>May 26 09:29:44 checkpoint.firewall.ibm.lab 26May2017  checkpoint.firewall.ibm.lab product: martDefense; src: 179.174.48.208; s_port: ; dst: 144.247.244.83; service: ; proto: udp; rule: ;Attack Info: Response packet too long, potential buffer overflow;Suppressed logs: 5;Total logs: 6;__policy_id_tag: product=VPN-1 & FireWall-1[db_tag={321A4EE6-7DEA-11DD-BFAA-C0A832822626};mgmt=fwmngt05;date=1220908070;policy_name=KillerWhale_gbl];alert: alert;attack: Invalid DNS;has_accounting: 0;i/f_dir: inbound;
<26>May 26 09:29:45 ambiron.ipangel.ibm.lab ipangel-ips: [2017-05-26 09:29:45-05] alert [Priority: 9] [119:14:1] [(http_inspect) NON-RFC DEFINED CHAR] 15.83.16.235:61998 TCP 58.209.10.127:80 br0
<13>May 26 09:29:47 checkpoint.firewall.ibm.lab 26May2017  checkpoint.firewall.ibm.lab product: SmartDefense; src: 128.234.158.118; s_port: ; dst: 201.45.33.229; service: ; proto: udp; rule: ;Attack Info: Bad domain format, illegal ASCII value in domain;Suppressed logs: 1;Total logs: 2;__policy_id_tag: product=VPN-1 & FireWall-1[db_tag={9B20E8EA-7DE6-11DD-B7D6-C0A832D11E1E};mgmt=fwmngt-zentral;date=1220906528;policy_name=Vulpine_gbl];alert: alert;attack: Invalid DNS;has_accounting: 0;i/f_dir: inbound;
<27>May 26 09:29:49 ambiron.ipangel.ibm.lab ipangel-ips: [2017-05-26 09:29:49-05] alert [Priority: 9] [119:2:1] [(http_inspect) DOUBLE DECODING ATTACK] 83.87.204.105:53510 TCP 199.138.3.112:80 br0
<26>May 26 09:29:50 ambiron.ipangel.ibm.lab ipangel-ips: [2017-05-26 09:29:50-05] alert [Priority: 9] [119:14:1] [(http_inspect) NON-RFC DEFINED CHAR] 218.111.178.29:58677 TCP 40.182.58.214:80 br0
<190>May 26 09:29:52 arbor.pravail.ibm.lab pravail-aps: Blocked Host: Blocked host 136.38.97.190 10:53 by TCP Connection Reset using TCP/53607 (Unknown) destination 6.116.71.247 source port 443,URL: https://arbornetworks.pravail.test.com/chaos/
<13>May 26 09:29:53 checkpoint.firewall.ibm.lab 26May2017  checkpoint.firewall.ibm.lab product: SmartDefense; src: 79.186.10.120; s_port: ; dst: 27.147.45.78; service: ; proto: udp; rule: ;Attack Info: Bad domain format, illegal ASCII value in domain;Suppressed logs: 1;Total logs: 2;__policy_id_tag: product=VPN-1 & FireWall-1[db_tag={9B20E8EA-7DE6-11DD-B7D6-C0A832D11E1E};mgmt=fwmngt-zentral;date=1220906528;policy_name=Vulpine_gbl];alert: alert;attack: Invalid DNS;has_accounting: 0;i/f_dir: inbound;
<190>May 26 09:29:55 arbor.pravail.ibm.lab pravail-aps: Blocked Host: Blocked host 54.11.145.63 10:53 by TCP Connection Reset using TCP/60332 (Unknown) destination 146.88.243.223 source port 443,URL: https://arbornetworks.pravail.test.com/chaos/
<13>May 26 09:29:56 checkpoint.firewall.ibm.lab 26May2017 reject checkpoint.firewall.ibm.lab product: VPN-1 & FireWall-1; src: 79.186.10.120; s_port: 60970; dst: 212.251.70.144; service: 113; proto: tcp; rule: 14;SmartDefense profile: Default_Protection;__policy_id_tag: product=VPN-1 & FireWall-1[db_tag={25E5B8F6-79E7-11DD-941A-C0A832D00C0C};mgmt=fwmngt-wuv;date=1220466957;policy_name=rhino_gbl];has_accounting: 0;i/f_dir: inbound;i/f_name: eth-s2/s1p1c0;rule_uid: {9C96B325-D976-4A30-8685-9ED61018A6E7};service_id: gident;
<187>May 26 09:29:58 ['9.9.9.9'] httpd[16986]: [error] [client 56.219.18.103] Invalid URI in request \xf7vMKp`ET&\xa4\x9c\xc9\xec\xd1\xd8j\r\xce\xd9\xd4\xb3\c7
<33>May 26 09:30:00 threecom.switch.ibm.lab %May 26 09:30:00 2017 S9500 RTA/3/Failed to get user traffic: Failed to get traffic of user 213.39.172.85 on board 6
<149>May 26 09:30:01 apple.macosx.ibm.lab sudo:    testuser-98 : TTY=ttyp1 ; PWD=/Users/admin ; USER=admin ;COMMAND=/bin/bash
<25>May 26 09:30:03 ambiron.ipangel.ibm.lab ipangel-ips: [2017-05-26 09:30:03-05] alert [Priority: 9] [116:46:1] [(snort_decoder) WARNING: TCP Data Offset is less than 5!] 202.207.224.25:49736 TCP 151.74.170.10:80 br0
<37>May 26 09:30:04 Message forwarded from aix.ibm.lab: su: from testuser-15 to root at /dev/pts/4
<33>May 26 09:30:06 threecom.switch.ibm.lab %May 26 09:30:06 2017 S9500 VTY/5/VTY_LOG:  TELNET user failed to login from 136.38.97.190(000D-88F6-60E0) on VTY0.
<190>May 26 09:30:07 arbor.pravail.ibm.lab pravail-aps: Blocked Host: Blocked host 30.90.182.58 at 10:53 by Malformed HTTP Filtering using TCP/80 (HTTP) destination 51.48.227.70 source port 64704,URL: https://arbornetworks.pravail.test.com/chaos/
<33>May 26 09:30:09 threecom.switch.ibm.lab %May 26 09:30:09 2017 S9500 AAA/2/Serious error!: User testuser-70, in ACM send msg to SC failed! Returns 1 srcID 6 msgType 16384.
<189>May 26 09:30:10 ['9.9.9.9'] authmgr[504]: <NOTI> login <00:1c:bf:ca:2b:98  33.195.94.29 rogueUser-1>method=802.1x, server=TEST001, role=Authenticated Update(status 0 method 0 role 16), reauth=1800 sec
<13>May 26 09:30:12 checkpoint.firewall.ibm.lab 26May2017  checkpoint.firewall.ibm.lab product: martDefense; src: 79.186.10.120; s_port: ; dst: 221.185.45.209; service: ; proto: udp; rule: ;Attack Info: Response packet too long, potential buffer overflow;Suppressed logs: 5;Total logs: 6;__policy_id_tag: product=VPN-1 & FireWall-1[db_tag={321A4EE6-7DEA-11DD-BFAA-C0A832822626};mgmt=fwmngt05;date=1220908070;policy_name=KillerWhale_gbl];alert: alert;attack: Invalid DNS;has_accounting: 0;i/f_dir: inbound;
<28>May 26 09:30:14 Message forwarded from aix.ibm.lab: rshd[random_number_1_to_999999]: Failed rsh authentication from 120.171.20.155 for local user root via remote user testuser-94
<25>May 26 09:30:15 ambiron.ipangel.ibm.lab ipangel-ips: [2017-05-26 09:30:15-05] alert [Priority: 9] [116:46:1] [(snort_decoder) WARNING: TCP Data Offset is less than 5!] 137.38.197.140:50496 TCP 49.40.35.102:80 br0
<54>May 26 09:30:17 SymantecServer symantec.endpoint.ibm.lab: Potential risk found,Computer name: COMP-1115136,Detection type: Heuristic,Application name: (Unknown),Application type: Trojan Worm,Application version: ,Hash type: SHA-1,Application hash: 72c874f212a18944ff56f774bfe7252346b93f8e,Company name: ,File size (bytes): 301568,Sensitivity: 0,Detection score: 40,Submission recommendation:1,Permitted application reason: 0,Source: Heuristic Scan,Risk name: ,Occurrences: 1,c:\claims\claims32.exe,"",Actual action: Left alone,Requested action: Left alone,Secondary action: Left alone,Event time: 2017-05-26 09:30:17,Inserted:2017-05-26 09:30:17,End:  2017-05-26 09:30:17,Domain: Default,Group: My Company\LTC\Desktops,Server: crasesssmc01,User: rogueUser-2,Source computer: ,Source IP: 0.0.0.0
<182>May 26 09:30:18 apache.httpd.ibm.lab httpd: 20.135.51.253 97.57.76.56 - - [26/May/2017:09:30:18 -0500] "GET / HTTP/1.0" 200 443 9334
<182>May 26 09:30:20 apache.httpd.ibm.lab httpd: 136.38.97.190 171.242.229.237 - - [26/May/2017:09:30:20 -0500] "ABCD / HTTP/1.1" 501 443 297
<133>May 26 09:30:21 microsoft.event.ibm.lab MSWinEventLog 1 Security 102757633 Fri May 26 09:30:21 2017 4907 Microsoft-Windows-Security-Auditing N/A N/A Success Audit testuser-66 Audit Policy Change Auditing settings on object were changed. Subject: Security ID: S-1-5-18 Account Name: testuser-66 Account Domain: us.ibm.com Logon ID: 0x1098304 Object: Object Server: Security Object Type: File Object Name: \Windows\winsxs\test.wav Handle ID: 0x3a8 Process Information: Process ID: 0x11B31F Process Name: C:\Windows\System32\wbengine.exe Auditing Settings: Original Security Descriptor: S:AI(AU;A;;WD) New Security Descriptor: S:ARAI(AU;SAFA;;;;WD)(AU;IDFA;B;;;WD) 201374
<182>May 26 09:30:23 apache.httpd.ibm.lab httpd: 125.83.117.185 190.31.184.64 - - [26/May/2017:09:30:23 -0500] "POST /test.php?doing_test=123 HTTP/1.0" 404 80 282
<13>May 26 09:30:25 checkpoint.firewall.ibm.lab 26May2017 drop checkpoint.firewall.ibm.lab product: VPN-1 &FireWall-1; src: 218.111.178.29; s_port: 61068; dst: 181.202.193.192; service: 138; proto: udp; rule: 323;SmartDefense profile: Default_Protection;__policy_id_tag: product=VPN-1 & FireWall-1[db_tag={48AB8350-7F61-11DD-887D-C0A832D16C6C};mgmt=fwmngt-zentral;date=1221069169;policy_name=Chameleon_gbl];has_accounting: 0;i/f_dir: inbound;i/f_name: eth-s1/s1p1c0;rule_uid: {21D66174-0E19-4B77-A1E9-3473FE991088};
<13>May 26 09:30:26 checkpoint.firewall.ibm.lab 26May2017  checkpoint.firewall.ibm.lab product: martDefense; src: 79.186.10.120; s_port: ; dst: 91.189.251.57; service: ; proto: udp; rule: ;Attack Info: Response packet too long, potential buffer overflow;Suppressed logs: 5;Total logs: 6;__policy_id_tag: product=VPN-1 & FireWall-1[db_tag={321A4EE6-7DEA-11DD-BFAA-C0A832822626};mgmt=fwmngt05;date=1220908070;policy_name=KillerWhale_gbl];alert: alert;attack: Invalid DNS;has_accounting: 0;i/f_dir: inbound;
<157>May 26 09:30:28 microsoft.event.ibm.lab MSWinEventLog	4	Security	60703	Fri May 26 09:30:28 2017	552	Security	NETWORK SERVICE	Well Known Group	Success Audit	testuser-12	Logon/Logoff		Logon attempt using explicit credentials: Logged on user:  User Name: NETWORK SERVICE  Domain: NT AUTHORITY  Logon ID: (0x0,0x1079521)  Logon GUID: -  User whose credentials were used:  Target User Name: testuser-12  Target Domain: us.ibm.com Target Logon GUID: -  Target Server Name: localhost  Target Server Info: localhost  Caller Process ID: 895717  Source Network Address: -  Source Port: - 	56794
<189>May 26 09:30:29 ['9.9.9.9'] authmgr[504]: <NOTI> login <00:1c:bf:ca:2b:98  218.111.178.29 testuser-54>method=802.1x, server=TEST001, role=Authenticated Update(status 0 method 0 role 16), reauth=1800 sec
<190>May 26 09:30:31 arbor.pravail.ibm.lab pravail-aps: Blocked Host: Blocked host 120.171.20.155 10:53 by TCP Connection Reset using TCP/61916 (Unknown) destination 124.161.48.64 source port 443,URL: https://arbornetworks.pravail.test.com/chaos/
<25>May 26 09:30:32 ambiron.ipangel.ibm.lab ipangel-ips: [2017-05-26 09:30:32-05] alert [Priority: 9] [116:46:1] [(snort_decoder) WARNING: TCP Data Offset is less than 5!] 79.186.10.120:56837 TCP 164.16.46.153:80 br0
<129>May 26 09:30:34 barracuda.firewall.ibm.lab WF ALER CROSS_SITE_SCRIPTING_IN_PARAM 30.90.182.58 60598 133.157.117.55 443 security-policy GLOBAL DENY NONE [type="cross-site-scripting" pattern="script-tag" token="<script>" Parameter="url" value="<script>alert(5341)</script>"] GET 133.157.117.55/redirect.asp?url=<script>alert(5341)</script> HTTPS "-" ""-"" 133.157.117.55 59845 "-" "-"
<13>May 26 09:30:36 checkpoint.firewall.ibm.lab 26May2017  checkpoint.firewall.ibm.lab product: martDefense; src: 218.111.178.29; s_port: ; dst: 22.46.108.199; service: ; proto: udp; rule: ;Attack Info: Response packet too long, potential buffer overflow;Suppressed logs: 5;Total logs: 6;__policy_id_tag: product=VPN-1 & FireWall-1[db_tag={321A4EE6-7DEA-11DD-BFAA-C0A832822626};mgmt=fwmngt05;date=1220908070;policy_name=KillerWhale_gbl];alert: alert;attack: Invalid DNS;has_accounting: 0;i/f_dir: inbound;
<157>May 26 09:30:37 microsoft.event.ibm.lab MSWinEventLog	4	Security	60703	Fri May 26 09:30:37 2017	552	Security	NETWORK SERVICE	Well Known Group	Success Audit	testuser-84	Logon/Logoff		Logon attempt using explicit credentials: Logged on user:  User Name: NETWORK SERVICE  Domain: NT AUTHORITY  Logon ID: (0x0,0x1098304)  Logon GUID: -  User whose credentials were used:  Target User Name: testuser-84  Target Domain: us.ibm.com Target Logon GUID: -  Target Server Name: localhost  Target Server Info: localhost  Caller Process ID: 406174  Source Network Address: -  Source Port: - 	56794
<28>May 26 09:30:39 Message forwarded from aix.ibm.lab: rshd[random_number_1_to_999999]: Failed rsh authentication from 136.38.97.190 for local user root via remote user testuser-35
<190>May 26 09:30:40 arbor.pravail.ibm.lab pravail-aps: Blocked Host: Blocked host 120.171.20.155 at 10:53 by Malformed HTTP Filtering using TCP/80 (HTTP) destination 149.13.19.9 source port 49167,URL: https://arbornetworks.pravail.test.com/chaos/
<189>May 26 09:30:42 ['9.9.9.9'] authmgr[504]: <NOTI> login <00:1c:bf:ca:2b:98  120.171.20.155 testuser-58>method=802.1x, server=TEST001, role=Authenticated Update(status 0 method 0 role 16), reauth=1800 sec
<133>May 26 09:30:43 microsoft.event.ibm.lab MSWinEventLog 1 Security 102757633 Fri May 26 09:30:43 2017 4907 Microsoft-Windows-Security-Auditing N/A N/A Success Audit testuser-11 Audit Policy Change Auditing settings on object were changed. Subject: Security ID: S-1-5-18 Account Name: testuser-11 Account Domain: us.ibm.com Logon ID: 0x1077444 Object: Object Server: Security Object Type: File Object Name: \Windows\winsxs\test.wav Handle ID: 0x3a8 Process Information: Process ID: 0x9173BE Process Name: C:\Windows\System32\wbengine.exe Auditing Settings: Original Security Descriptor: S:AI(AU;A;;WD) New Security Descriptor: S:ARAI(AU;SAFA;;;;WD)(AU;IDFA;B;;;WD) 372687
<26>May 26 09:30:45 ambiron.ipangel.ibm.lab ipangel-ips: [2017-05-26 09:30:45-05] alert [Priority: 9] [119:14:1] [(http_inspect) NON-RFC DEFINED CHAR] 20.135.51.253:53245 TCP 98.29.42.64:80 br0
<38>May 26 09:30:46 sshd[random_number_1_to_999999]: Accepted publickey for testuser-66 from 30.90.182.58 port 51974 ssh2
<187>May 26 09:30:48 ['9.9.9.9'] httpd[16986]: [error] [client 120.171.20.155] Invalid URI in request \xf7vMKp`ET&\xa4\x9c\xc9\xec\xd1\xd8j\r\xce\xd9\xd4\xb3\c7
<190>May 26 09:30:50 arbor.pravail.ibm.lab pravail-aps: Blocked Host: Blocked host 79.186.10.120 at 10:52 by Invalid Packets using TCP/0 (Unknown) destination 120.91.254.91,URL: https://arbornetworks.pravail.test.com/chaos/
<157>May 26 09:30:51 microsoft.event.ibm.lab MSWinEventLog	4	Security	60703	Fri May 26 09:30:51 2017	552	Security	NETWORK SERVICE	Well Known Group	Success Audit	testuser-44	Logon/Logoff		Logon attempt using explicit credentials: Logged on user:  User Name: NETWORK SERVICE  Domain: NT AUTHORITY  Logon ID: (0x0,0x1089936)  Logon GUID: -  User whose credentials were used:  Target User Name: testuser-44  Target Domain: us.ibm.com Target Logon GUID: -  Target Server Name: localhost  Target Server Info: localhost  Caller Process ID: 76582  Source Network Address: -  Source Port: - 	56794
<26>May 26 09:30:53 ambiron.ipangel.ibm.lab ipangel-ips: [2017-05-26 09:30:53-05] alert [Priority: 9] [119:14:1] [(http_inspect) NON-RFC DEFINED CHAR] 165.11.95.213:57231 TCP 158.206.17.205:80 br0
<190>May 26 09:30:54 arbor.pravail.ibm.lab pravail-aps: Blocked Host: Blocked host 189.6.147.68 at 10:52 by Invalid Packets using TCP/0 (Unknown) destination 56.234.52.90,URL: https://arbornetworks.pravail.test.com/chaos/
<129>May 26 09:30:56 barracuda.firewall.ibm.lab WF ALER SLASH_DOT_IN_URL 15.83.16.235 58993 218.245.92.57 443 security-policy GLOBAL DENY NONE ["-"] GET 218.245.92.57/themes/default/css/.htaccess HTTPS "-" ""-"" 218.245.92.57 44428 "-" "-"
<190>May 26 09:30:57 arbor.pravail.ibm.lab pravail-aps: Blocked Host: Blocked host 125.83.117.185 10:53 by TCP Connection Reset using TCP/61654 (Unknown) destination 12.22.243.19 source port 443,URL: https://arbornetworks.pravail.test.com/chaos/
<129>May 26 09:30:59 barracuda.firewall.ibm.lab WF ALER METACHARACTER_IN_PARAMETER 212.2.111.4 56045 45.166.225.15 443 security-policy GLOBAL DENY NONE [token="%00 " Parameter="article" value="../../../../../../../../etc/passwd"] GET 45.166.225.15/talkback.cgi?article=../../../../../../../../etc/passwd%00&action=view&matchview=1 HTTPS "-" ""-"" 45.166.225.15 56045 "-" "-"
<54>May 26 09:31:01 SymantecServer symantec.endpoint.ibm.lab: Security risk found,Computer name: COMP-1096209,Source: Scheduled Scan,Risk name: VirusDoctor,Occurrences: 1,c:/System Volume Information/_restore{A3F5C2A3-F289-4356-B021-1FEFEFB73CBD}/RP243/A0070465.exe,"",Actual action: Quarantined,Requested action: Quarantined,Secondary action: Left alone,Event time: 2017-05-26 09:31:01,Inserted:2017-05-26 09:31:01,End: 2017-05-26 09:31:01,Domain: Default,Group: My Company	est,Server: avp1,User: testuser-38,Source computer:  ,Source IP: 0.0.0.0
<187>May 26 09:31:02 ['9.9.9.9'] httpd[16986]: [error] [client 213.39.172.85] Invalid URI in request \xf7vMKp`ET&\xa4\x9c\xc9\xec\xd1\xd8j\r\xce\xd9\xd4\xb3\c7
<187>May 26 09:31:04 ['9.9.9.9'] httpd[16986]: [error] [client 15.83.16.235] Invalid URI in request \xf7vMKp`ET&\xa4\x9c\xc9\xec\xd1\xd8j\r\xce\xd9\xd4\xb3\c7
<129>May 26 09:31:05 barracuda.firewall.ibm.lab WF ALER METACHARACTER_IN_PARAMETER 56.219.18.103 58342 69.241.228.110 443 security-policy GLOBAL DENY NONE [token="%00 " Parameter="article" value="../../../../../../../../etc/passwd"] GET 69.241.228.110/talkback.cgi?article=../../../../../../../../etc/passwd%00&action=view&matchview=1 HTTPS "-" ""-"" 69.241.228.110 58342 "-" "-"
<129>May 26 09:31:07 barracuda.firewall.ibm.lab WF ALER CROSS_SITE_SCRIPTING_IN_URL 136.38.97.190 49325 15.201.235.235 80 security-policy GLOBAL DENY NONE [type="cross-site-scripting" pattern="script-tag" token="<script>"] GET 15.201.235.235/<script>alert(53416)</script> HTTP "-" ""-"" 15.201.235.235 48541 "-" "-"
<25>May 26 09:31:08 ambiron.ipangel.ibm.lab ipangel-ips: [2017-05-26 09:31:08-05] alert [Priority: 9] [116:46:1] [(snort_decoder) WARNING: TCP Data Offset is less than 5!] 120.171.20.155:58764 TCP 108.209.212.148:80 br0
<38>May 26 09:31:10 sshd[731359]: Failed keyboard-interactive for invalid user testuser-34 from 56.219.18.103 port 49352 ssh2
<54>May 26 09:31:12 SymantecServer symantec.endpoint.ibm.lab: testbox-abc,[SID: 21590] P2P Edonkey Ping Message detected.  Traffic has been allowed from this application: C:\Program Files\easyMule\emule.exe,Local: 54.11.145.63,Local: 00218696B978,Remote: ,Remote: 22.29.70.86,Remote: 000000000000,Outbound,OTHERS,Intrusion ID: 0,Begin: 2017-05-26 09:31:12,End: 2017-05-26 09:31:12,Occurrences: 1,Application: C:/Program Files/easyMule/emule.exe,Location: Default,User: testuser-98,Domain: us.ibm.com
<13>May 26 09:31:13 microsoft.sec.ibm.lab AgentDevice=WindowsLog	AgentLogFile=Security	Source=Security	Computer=COMP-testuser-77	User=testuser-77	Domain=	EventID=673	EventIDCode=673	EventType=8	EventCategory=9	RecordNumber=453864	TimeGenerated=1495805473	TimeWritten=1495805473	Message=Service Ticket Request:  User Name: testuser-77@us.ibm.com User Domain: us.ibm.com Service Name: MAIL$  Service ID: %{S-3-2-1-7B8E83} Ticket Options:  0x40810000   Ticket Encryption Type: 0x17 Client Address: 212.2.111.4 Failure Code: - LogonGUID: {7B8E83-f005ba11-ba5eba11} Transited Services: - 
<37>May 26 09:31:15 Message forwarded from aix.ibm.lab: su: from testuser-69 to root at /dev/pts/4
<38>May 26 09:31:16 sshd[608880]: Disconnecting: Too many authentication failures for testuser-70
<13>May 26 09:31:18 microsoft.sec.ibm.lab AgentDevice=WindowsLog	AgentLogFile=Security	Source=Security	Computer=COMP-testuser-78	User=testuser-78	Domain=	EventID=576	EventIDCode=576	EventType=8	EventCategory=2	RecordNumber=493668	TimeGenerated=1495805478	TimeWritten=1495805478	Message=Special privileges assigned to new logon: User Name: testuser-78 Domain: us.ibm.com Logon ID: (0x0,0x1104601) Privileges: SeSecurityPrivilege SeBackupPrivilege SeRestorePrivilege SeTakeOwnershipPrivilege SeDebugPrivilege SeSystemEnvironmentPrivilege SeLoadDriverPrivilege SeImpersonatePrivilege
<27>May 26 09:31:19 ambiron.ipangel.ibm.lab ipangel-ips: [2017-05-26 09:31:19-05] alert [Priority: 9] [119:2:1] [(http_inspect) DOUBLE DECODING ATTACK] 120.171.20.155:61738 TCP 132.165.53.77:80 br0
<187>May 26 09:31:21 ['9.9.9.9'] httpd[16986]: [error] [client 56.219.18.103] Invalid URI in request \xf7vMKp`ET&\xa4\x9c\xc9\xec\xd1\xd8j\r\xce\xd9\xd4\xb3\c7
<33>May 26 09:31:22 threecom.switch.ibm.lab %May 26 09:31:22 2017 S9500 RTA/3/Failed to start accounting: Failed to start traffic accounting for user 132.146.155.198 on board 6
<13>May 26 09:31:24 microsoft.sec.ibm.lab AgentDevice=WindowsLog	AgentLogFile=Security	Source=Security	Computer=COMP-testuser-90	User=testuser-90	Domain=	EventID=672	EventIDCode=672	EventType=8	EventCategory=9	RecordNumber=296067	TimeGenerated=1495805484	TimeWritten=1495805484	Message=Authentication Ticket Request: User Name: testuser-90 Supplied Realm Name: us.ibm.com User ID: %{S-1-2-3-1092025} Service Name: krbtgt Service ID: %{S-3-2-1-25A1BE} Ticket Options: 0x40810010 Result Code: - Ticket Encryption Type: 0x17 Pre-Authentication Type: 2 Client Address: 218.111.178.29 Certificate Issuer Name:  Certificate Serial Number:  Certificate Thumbprint: 
<182>May 26 09:31:26 apache.httpd.ibm.lab httpd: 201.150.192.18 107.139.142.95 - - [26/May/2017:09:31:26 -0500] "TRACE / HTTP/1.0" 403 443 272
<13>May 26 09:31:27 checkpoint.firewall.ibm.lab 26May2017  checkpoint.firewall.ibm.lab product: martDefense; src: 33.195.94.29; s_port: ; dst: 77.235.175.127; service: ; proto: udp; rule: ;Attack Info: Response packet too long, potential buffer overflow;Suppressed logs: 5;Total logs: 6;__policy_id_tag: product=VPN-1 & FireWall-1[db_tag={321A4EE6-7DEA-11DD-BFAA-C0A832822626};mgmt=fwmngt05;date=1220908070;policy_name=KillerWhale_gbl];alert: alert;attack: Invalid DNS;has_accounting: 0;i/f_dir: inbound;
<33>May 26 09:31:29 threecom.switch.ibm.lab %May 26 09:31:29 2017 S9500 PORTAL/5/PT_LOG: Online user 56.219.18.103 changes to 21.31.135.38, we will cut it off as using traffic-acct.
<13>May 26 09:31:30 checkpoint.firewall.ibm.lab 26May2017  checkpoint.firewall.ibm.lab product: SmartDefense; src: 79.186.10.120; s_port: ; dst: 28.244.20.131; service: ; proto: udp; rule: ;Attack Info: Bad domain format, illegal ASCII value in domain;Suppressed logs: 1;Total logs: 2;__policy_id_tag: product=VPN-1 & FireWall-1[db_tag={9B20E8EA-7DE6-11DD-B7D6-C0A832D11E1E};mgmt=fwmngt-zentral;date=1220906528;policy_name=Vulpine_gbl];alert: alert;attack: Invalid DNS;has_accounting: 0;i/f_dir: inbound;
<182>May 26 09:31:32 apache.httpd.ibm.lab httpd: 20.135.51.253 40.170.109.78 - - [26/May/2017:09:31:32 -0500] "POST /test.php?doing_test=123 HTTP/1.0" 404 80 282
<33>May 26 09:31:33 threecom.switch.ibm.lab %May 26 09:31:33 2017 S9500 FTPS/5/USEROUT: User testuser-92(165.11.95.213) logged out
<13>May 26 09:31:35 microsoft.sec.ibm.lab AgentDevice=WindowsLog	AgentLogFile=Security	Source=Security	Computer=COMP-testuser-78	User=testuser-78	Domain=	EventID=680	EventIDCode=680	EventType=8	EventCategory=9	RecordNumber=193741	TimeGenerated=1495805495	TimeWritten=1495805495	Message=Logon attempt by: MICROSOFT_AUTHENTICATION_PACKAGE_V1_0 Logon account: testuser-78 Source Workstation: COMP-testuser-78 Error Code: 0x0 
<14>May 26 09:31:37 Message forwarded from aix.ibm.lab: rcp[random_number_1_to_999999]: EXPORT file to host aix.ibm.lab cmd is rcp -t /root, local user testuser-47.
<190>May 26 09:31:38 arbor.pravail.ibm.lab pravail-aps: Blocked Host: Blocked host 83.87.204.105 at 10:52 by Invalid Packets using TCP/0 (Unknown) destination 220.243.16.98,URL: https://arbornetworks.pravail.test.com/chaos/
<189>May 26 09:31:40 ['9.9.9.9'] authmgr[504]: <NOTI> login <00:1c:bf:ca:2b:98  56.219.18.103 testuser-25>method=802.1x, server=TEST001, role=Authenticated Update(status 0 method 0 role 16), reauth=1800 sec
<38>May 26 09:31:41 sshd[649397]: Address 165.11.95.213 maps to test.ibm.com, but this does not map back to the address - POSSIBLE BREAK-IN ATTEMPT!
<149>May 26 09:31:43 apple.macosx.ibm.lab sudo:    testuser-71 : TTY=ttyp1 ; PWD=/Users/admin ; USER=admin ;COMMAND=/bin/bash
<33>May 26 09:31:44 threecom.switch.ibm.lab %May 26 09:31:44 2017 S9500 FTPS/5/USEROUT: User testuser-4(189.6.147.68) logged out
<13>May 26 09:31:46 checkpoint.firewall.ibm.lab 26May2017  checkpoint.firewall.ibm.lab product: martDefense; src: 136.38.97.190; s_port: ; dst: 76.130.175.248; service: ; proto: udp; rule: ;Attack Info: Response packet too long, potential buffer overflow;Suppressed logs: 5;Total logs: 6;__policy_id_tag: product=VPN-1 & FireWall-1[db_tag={321A4EE6-7DEA-11DD-BFAA-C0A832822626};mgmt=fwmngt05;date=1220908070;policy_name=KillerWhale_gbl];alert: alert;attack: Invalid DNS;has_accounting: 0;i/f_dir: inbound;
<133>May 26 09:31:48 microsoft.event.ibm.lab MSWinEventLog 1 Security 102757633 Fri May 26 09:31:48 2017 4907 Microsoft-Windows-Security-Auditing N/A N/A Success Audit testuser-74 Audit Policy Change Auditing settings on object were changed. Subject: Security ID: S-1-5-18 Account Name: testuser-74 Account Domain: us.ibm.com Logon ID: 0x1096209 Object: Object Server: Security Object Type: File Object Name: \Windows\winsxs\test.wav Handle ID: 0x3a8 Process Information: Process ID: 0x316676 Process Name: C:\Windows\System32\wbengine.exe Auditing Settings: Original Security Descriptor: S:AI(AU;A;;WD) New Security Descriptor: S:ARAI(AU;SAFA;;;;WD)(AU;IDFA;B;;;WD) 956106
<129>May 26 09:31:49 barracuda.firewall.ibm.lab WF ALER METHOD_NOT_ALLOWED 202.207.224.25 62447 21.23.45.250 80 security-policy GLOBAL DENY NONE [Method="ABCD"] ABCD 21.23.45.250/ HTTP "-" ""-"" 21.23.45.250 48536 "-" "-"
<187>May 26 09:31:51 ['9.9.9.9'] httpd[16986]: [error] [client 120.171.20.155] Invalid URI in request \xf7vMKp`ET&\xa4\x9c\xc9\xec\xd1\xd8j\r\xce\xd9\xd4\xb3\c7
<27>May 26 09:31:52 ambiron.ipangel.ibm.lab ipangel-ips: [2017-05-26 09:31:52-05] alert [Priority: 9] [119:2:1] [(http_inspect) DOUBLE DECODING ATTACK] 218.111.178.29:53437 TCP 107.124.130.20:80 br0
<13>May 26 09:31:54 microsoft.sec.ibm.lab AgentDevice=WindowsLog	AgentLogFile=Security	Source=Security	Computer=COMP-testuser-55	User=testuser-55	Domain=	EventID=680	EventIDCode=680	EventType=8	EventCategory=9	RecordNumber=158026	TimeGenerated=1495805514	TimeWritten=1495805514	Message=Logon attempt by: MICROSOFT_AUTHENTICATION_PACKAGE_V1_0 Logon account: testuser-55 Source Workstation: COMP-testuser-55 Error Code: 0x0 
<189>May 26 09:31:55 ['9.9.9.9'] authmgr[504]: <NOTI> login <00:1c:bf:ca:2b:98  16.74.199.104 testuser-2>method=802.1x, server=TEST001, role=Authenticated Update(status 0 method 0 role 16), reauth=1800 sec
<25>May 26 09:31:57 ambiron.ipangel.ibm.lab ipangel-ips: [2017-05-26 09:31:57-05] alert [Priority: 9] [116:46:1] [(snort_decoder) WARNING: TCP Data Offset is less than 5!] 120.171.20.155:62965 TCP 98.89.20.169:80 br0
<190>May 26 09:31:58 arbor.pravail.ibm.lab pravail-aps: Blocked Host: Blocked host 201.150.192.18 at 10:53 by Malformed HTTP Filtering using TCP/80 (HTTP) destination 217.7.108.226 source port 52399,URL: https://arbornetworks.pravail.test.com/chaos/
<129>May 26 09:32:00 barracuda.firewall.ibm.lab WF ALER SLASH_DOT_IN_URL 218.111.178.29 51650 85.151.223.224 443 security-policy GLOBAL DENY NONE ["-"] GET 85.151.223.224/themes/default/css/.htaccess HTTPS "-" ""-"" 85.151.223.224 44428 "-" "-"
<13>May 26 09:32:02 checkpoint.firewall.ibm.lab 26May2017  checkpoint.firewall.ibm.lab product: SmartDefense; src: 129.171.84.29; s_port: ; dst: 61.190.59.127; service: ; proto: udp; rule: ;Attack Info: Out-of-state DNS reply;Suppressed logs: 143;Total logs: 144;__policy_id_tag: product=VPN-1 & FireWall-1[db_tag={321A4EE6-7DEA-11DD-BFAA-C0A832822626};mgmt=fwmngt05;date=1220908070;policy_name=KillerWhale_gbl];alert: alert;attack: Invalid DNS;has_accounting: 0;i/f_dir: inbound;
<33>May 26 09:32:03 threecom.switch.ibm.lab %May 26 09:32:03 2017 S9500 VTY/5/VTY_LOG:  TELNET user failed to login from 201.150.192.18(000D-88F6-60E0) on VTY0.
<187>May 26 09:32:05 ['9.9.9.9'] httpd[16986]: [error] [client 83.87.204.105] Invalid URI in request \xf7vMKp`ET&\xa4\x9c\xc9\xec\xd1\xd8j\r\xce\xd9\xd4\xb3\c7
<182>May 26 09:32:06 apache.httpd.ibm.lab httpd: 83.87.204.105 20.2.46.234 - - [26/May/2017:09:32:06 -0500] "TRACE / HTTP/1.0" 403 443 272
<27>May 26 09:32:08 ambiron.ipangel.ibm.lab ipangel-ips: [2017-05-26 09:32:08-05] alert [Priority: 9] [119:2:1] [(http_inspect) DOUBLE DECODING ATTACK] 129.171.84.29:60518 TCP 97.249.212.64:80 br0
<182>May 26 09:32:09 apache.httpd.ibm.lab httpd: 79.186.10.120 196.174.206.58 - - [26/May/2017:09:32:09 -0500] "HEAD / HTTP/1.1" 200 443 -
<187>May 26 09:32:11 ['9.9.9.9'] httpd[16986]: [error] [client 20.135.51.253] Invalid URI in request \xf7vMKp`ET&\xa4\x9c\xc9\xec\xd1\xd8j\r\xce\xd9\xd4\xb3\c7
<26>May 26 09:32:13 ambiron.ipangel.ibm.lab ipangel-ips: [2017-05-26 09:32:13-05] alert [Priority: 9] [119:14:1] [(http_inspect) NON-RFC DEFINED CHAR] 179.174.48.208:55916 TCP 60.102.217.230:80 br0
<13>May 26 09:32:14 microsoft.sec.ibm.lab AgentDevice=WindowsLog	AgentLogFile=Security	Source=Security	Computer=COMP-testuser-36	User=testuser-36	Domain=	EventID=680	EventIDCode=680	EventType=8	EventCategory=9	RecordNumber=618522	TimeGenerated=1495805534	TimeWritten=1495805534	Message=Logon attempt by: MICROSOFT_AUTHENTICATION_PACKAGE_V1_0 Logon account: testuser-36 Source Workstation: COMP-testuser-36 Error Code: 0x0 
<13>May 26 09:32:16 checkpoint.firewall.ibm.lab 26May2017 reject checkpoint.firewall.ibm.lab product: VPN-1 & FireWall-1; src: 136.38.97.190; s_port: 62341; dst: 18.214.39.204; service: 113; proto: tcp; rule: 14;SmartDefense profile: Default_Protection;__policy_id_tag: product=VPN-1 & FireWall-1[db_tag={25E5B8F6-79E7-11DD-941A-C0A832D00C0C};mgmt=fwmngt-wuv;date=1220466957;policy_name=rhino_gbl];has_accounting: 0;i/f_dir: inbound;i/f_name: eth-s2/s1p1c0;rule_uid: {9C96B325-D976-4A30-8685-9ED61018A6E7};service_id: gident;
<189>May 26 09:32:17 ['9.9.9.9'] authmgr[504]: <NOTI> login <00:1c:bf:ca:2b:98  79.186.10.120 testuser-46>method=802.1x, server=TEST001, role=Authenticated Update(status 0 method 0 role 16), reauth=1800 sec
<26>May 26 09:32:19 ambiron.ipangel.ibm.lab ipangel-ips: [2017-05-26 09:32:19-05] alert [Priority: 9] [119:14:1] [(http_inspect) NON-RFC DEFINED CHAR] 165.11.95.213:64721 TCP 128.144.185.2:80 br0
<189>May 26 09:32:20 ['9.9.9.9'] authmgr[504]: <NOTI> login <00:1c:bf:ca:2b:98  83.87.204.105 testuser-69>method=802.1x, server=TEST001, role=Authenticated Update(status 0 method 0 role 16), reauth=1800 sec
<27>May 26 09:32:22 ambiron.ipangel.ibm.lab ipangel-ips: [2017-05-26 09:32:22-05] alert [Priority: 9] [119:2:1] [(http_inspect) DOUBLE DECODING ATTACK] 33.195.94.29:60552 TCP 49.207.94.92:80 br0
<27>May 26 09:32:24 ambiron.ipangel.ibm.lab ipangel-ips: [2017-05-26 09:32:24-05] alert [Priority: 9] [119:2:1] [(http_inspect) DOUBLE DECODING ATTACK] 83.87.204.105:50385 TCP 202.169.198.151:80 br0
<27>May 26 09:32:25 ambiron.ipangel.ibm.lab ipangel-ips: [2017-05-26 09:32:25-05] alert [Priority: 9] [119:2:1] [(http_inspect) DOUBLE DECODING ATTACK] 79.186.10.120:62543 TCP 70.60.119.75:80 br0
<13>May 26 09:32:27 microsoft.sec.ibm.lab AgentDevice=WindowsLog	AgentLogFile=Security	Source=Security	Computer=COMP-testuser-49	User=testuser-49	Domain=	EventID=673	EventIDCode=673	EventType=8	EventCategory=9	RecordNumber=539110	TimeGenerated=1495805547	TimeWritten=1495805547	Message=Service Ticket Request:  User Name: testuser-49@us.ibm.com User Domain: us.ibm.com Service Name: MAIL$  Service ID: %{S-3-2-1-CD541C} Ticket Options:  0x40810000   Ticket Encryption Type: 0x17 Client Address: 120.171.20.155 Failure Code: - LogonGUID: {CD541C-f005ba11-ba5eba11} Transited Services: - 
<13>May 26 09:32:28 microsoft.sec.ibm.lab AgentDevice=WindowsLog	AgentLogFile=Security	Source=Security	Computer=COMP-testuser-92	User=testuser-92	Domain=	EventID=540	EventIDCode=540	EventType=8	EventCategory=2	RecordNumber=572536	TimeGenerated=1495805548	TimeWritten=1495805548	Message=Successful Network Logon: User Name: Domain: Logon ID: (0x0,0x1096209) Logon Type: 3 Logon Process: NtLmSsp Authentication Package: NTLM Workstation Name: COMP-testuser-92 Logon GUID: - Caller User Name: - Caller Domain: - Caller Logon ID: - Caller Process ID: - Transited Services: - Source Network Address: 165.11.95.213 Source Port: 0
<86>May 26 09:32:30 apple.macosx.ibm.lab sshd[5590]: Failed password for invalid user testuser-12 from 202.207.224.25 port 55583 ssh2
<133>May 26 09:32:31 microsoft.event.ibm.lab MSWinEventLog 1 Security 102757633 Fri May 26 09:32:31 2017 4907 Microsoft-Windows-Security-Auditing N/A N/A Success Audit testuser-99 Audit Policy Change Auditing settings on object were changed. Subject: Security ID: S-1-5-18 Account Name: testuser-99 Account Domain: us.ibm.com Logon ID: 0x1110916 Object: Object Server: Security Object Type: File Object Name: \Windows\winsxs\test.wav Handle ID: 0x3a8 Process Information: Process ID: 0xE19DED Process Name: C:\Windows\System32\wbengine.exe Auditing Settings: Original Security Descriptor: S:AI(AU;A;;WD) New Security Descriptor: S:ARAI(AU;SAFA;;;;WD)(AU;IDFA;B;;;WD) 44025
<50>May 26 09:32:33 SymantecServer symantec.endpoint.ibm.lab: testbox-xyz,[SID: 70025] Web Attack: Blackhole Exploit Toolkit 2 attack blocked. Traffic has been blocked for this application: C:\Program Files\Internet Explorer\iexplore.exe,Local: 0.0.0.0,Local: 000000000000,Remote: ,Remote: 0.0.0.0,Remote: 000000000000,Inbound,OTHERS,,Begin: 2017-05-26 09:32:33,End: 2017-05-26 09:32:33,Occurrences: 1,Application: C:/Program Files/Internet Explorer/iexplore.exe,Location: Default,User: testuser-98,Domain: SIMON,!ExternalLoggingTask.localport! 0,!ExternalLoggingTask.remoteport! 0,!ExternalLoggingTask.cidssignid! 70025,!ExternalLoggingTask.strcidssignid! Web Attack: Blackhole Exploit Toolkit 2,!ExternalLoggingTask.cidssignsubid! 0,!ExternalLoggingTask.intrusionurl! http://pppptttt.blah.net/links/came_broadcasting_taking-various.php,!ExternalLoggingTask.intrusionpayloadurl!
<27>May 26 09:32:34 ambiron.ipangel.ibm.lab ipangel-ips: [2017-05-26 09:32:34-05] alert [Priority: 9] [119:2:1] [(http_inspect) DOUBLE DECODING ATTACK] 15.83.16.235:59651 TCP 34.138.189.16:80 br0
<129>May 26 09:32:36 barracuda.firewall.ibm.lab WF ALER METACHARACTER_IN_PARAMETER 125.83.117.185 64187 32.202.143.150 443 security-policy GLOBAL DENY NONE [token="%00 " Parameter="article" value="../../../../../../../../etc/passwd"] GET 32.202.143.150/talkback.cgi?article=../../../../../../../../etc/passwd%00&action=view&matchview=1 HTTPS "-" ""-"" 32.202.143.150 64187 "-" "-"
<13>May 26 09:32:38 microsoft.sec.ibm.lab AgentDevice=WindowsLog	AgentLogFile=Security	Source=Security	Computer=COMP-testuser-68	User=testuser-68	Domain=	EventID=675	EventIDCode=675	EventType=16	EventCategory=9	RecordNumber=269914	TimeGenerated=1495805558	TimeWritten=1495805558	Message=Pre-authentication failed: User Name: testuser-68 User ID: %{S-1-2-3-1102500} Service Name: krbtgt Pre-Authentication Type: 0x2 Failure Code: 0x18 Client Address: 145.55.102.115 
<190>May 26 09:32:39 arbor.pravail.ibm.lab pravail-aps: Blocked Host: Blocked host 56.219.18.103 at 10:52 by Invalid Packets using TCP/0 (Unknown) destination 116.226.213.74,URL: https://arbornetworks.pravail.test.com/chaos/
<182>May 26 09:32:41 apache.httpd.ibm.lab httpd: 125.83.117.185 167.94.191.243 - - [26/May/2017:09:32:41 -0500] "POST /test.php?doing_test=123 HTTP/1.0" 404 80 282
<33>May 26 09:32:42 threecom.switch.ibm.lab %May 26 09:32:42 2017 S9500 VTY/5/VTY_LOG:  TELNET user failed to login from 9.135.38.229(000D-88F6-60E0) on VTY0.
<13>May 26 09:32:44 microsoft.sec.ibm.lab AgentDevice=WindowsLog	AgentLogFile=Security	Source=Security	Computer=COMP-testuser-69	User=testuser-69	Domain=	EventID=673	EventIDCode=673	EventType=8	EventCategory=9	RecordNumber=894084	TimeGenerated=1495805564	TimeWritten=1495805564	Message=Service Ticket Request:  User Name: testuser-69@us.ibm.com User Domain: us.ibm.com Service Name: MAIL$  Service ID: %{S-3-2-1-47FFCB} Ticket Options:  0x40810000   Ticket Encryption Type: 0x17 Client Address: 83.87.204.105 Failure Code: - LogonGUID: {47FFCB-f005ba11-ba5eba11} Transited Services: - 
<13>May 26 09:32:45 microsoft.sec.ibm.lab AgentDevice=WindowsLog	AgentLogFile=Security	Source=Security	Computer=COMP-testuser-67	User=testuser-67	Domain=	EventID=672	EventIDCode=672	EventType=8	EventCategory=9	RecordNumber=315463	TimeGenerated=1495805565	TimeWritten=1495805565	Message=Authentication Ticket Request: User Name: testuser-67 Supplied Realm Name: us.ibm.com User ID: %{S-1-2-3-1100401} Service Name: krbtgt Service ID: %{S-3-2-1-457052} Ticket Options: 0x40810010 Result Code: - Ticket Encryption Type: 0x17 Pre-Authentication Type: 2 Client Address: 199.81.35.43 Certificate Issuer Name:  Certificate Serial Number:  Certificate Thumbprint: 
<25>May 26 09:32:47 ambiron.ipangel.ibm.lab ipangel-ips: [2017-05-26 09:32:47-05] alert [Priority: 9] [116:46:1] [(snort_decoder) WARNING: TCP Data Offset is less than 5!] 30.90.182.58:57175 TCP 34.130.22.70:80 br0
<190>May 26 09:32:49 arbor.pravail.ibm.lab pravail-aps: Blocked Host: Blocked host 79.186.10.120 10:53 by TCP Connection Reset using TCP/61931 (Unknown) destination 119.74.220.181 source port 443,URL: https://arbornetworks.pravail.test.com/chaos/
<187>May 26 09:32:50 ['9.9.9.9'] httpd[16986]: [error] [client 56.219.18.103] Invalid URI in request \xf7vMKp`ET&\xa4\x9c\xc9\xec\xd1\xd8j\r\xce\xd9\xd4\xb3\c7
<13>May 26 09:32:52 checkpoint.firewall.ibm.lab 26May2017 reject checkpoint.firewall.ibm.lab product: VPN-1 & FireWall-1; src: 165.11.95.213; s_port: 59468; dst: 143.237.189.35; service: 113; proto: tcp; rule: 14;SmartDefense profile: Default_Protection;__policy_id_tag: product=VPN-1 & FireWall-1[db_tag={25E5B8F6-79E7-11DD-941A-C0A832D00C0C};mgmt=fwmngt-wuv;date=1220466957;policy_name=rhino_gbl];has_accounting: 0;i/f_dir: inbound;i/f_name: eth-s2/s1p1c0;rule_uid: {9C96B325-D976-4A30-8685-9ED61018A6E7};service_id: gident;
<182>May 26 09:32:53 apache.httpd.ibm.lab httpd: 33.195.94.29 109.72.191.35 - - [26/May/2017:09:32:53 -0500] "ABCD / HTTP/1.1" 501 443 297
<25>May 26 09:32:55 apple.macosx.ibm.lab DirectoryService[51]: Failed Authentication return is being delayed due to over five recent auth failures for username: testuser-87.
<187>May 26 09:32:56 ['9.9.9.9'] httpd[16986]: [error] [client 56.219.18.103] Invalid URI in request \xf7vMKp`ET&\xa4\x9c\xc9\xec\xd1\xd8j\r\xce\xd9\xd4\xb3\c7
<54>May 26 09:32:58 SymantecServer symantec.endpoint.ibm.lab: Potential risk found,Computer name: COMP-980100,Detection type: Heuristic,Application name: (Unknown),Application type: Trojan Worm,Application version: ,Hash type: SHA-1,Application hash: 72c874f212a18944ff56f774bfe7252346b93f8e,Company name: ,File size (bytes): 301568,Sensitivity: 0,Detection score: 40,Submission recommendation:1,Permitted application reason: 0,Source: Heuristic Scan,Risk name: ,Occurrences: 1,c:\claims\claims32.exe,"",Actual action: Left alone,Requested action: Left alone,Secondary action: Left alone,Event time: 2017-05-26 09:32:58,Inserted:2017-05-26 09:32:58,End:  2017-05-26 09:32:58,Domain: Default,Group: My Company\LTC\Desktops,Server: crasesssmc01,User: testuser-2,Source computer: ,Source IP: 0.0.0.0
<129>May 26 09:33:00 barracuda.firewall.ibm.lab WF ALER SLASH_DOT_IN_URL 154.102.244.170 63456 72.64.125.212 443 security-policy GLOBAL DENY NONE ["-"] GET 72.64.125.212/themes/default/css/.htaccess HTTPS "-" ""-"" 72.64.125.212 44428 "-" "-"
<38>May 26 09:33:01 sshd[random_number_1_to_999999]: Accepted keyboard-interactive/pam for testuser-22 from 51.18.44.104 port 50240 ssh2
<34>May 26 09:33:01 Message forwarded from aix.ibm.lab: su: BAD SU from testuser-22 to root at /dev/pts/3
<13>May 26 09:33:03 checkpoint.firewall.ibm.lab 26May2017  checkpoint.firewall.ibm.lab product: SmartDefense; src: 44.111.228.125; s_port: ; dst: 65.209.2.56; service: ; proto: udp; rule: ;Attack Info: Out-of-state DNS reply;Suppressed logs: 143;Total logs: 144;__policy_id_tag: product=VPN-1 & FireWall-1[db_tag={321A4EE6-7DEA-11DD-BFAA-C0A832822626};mgmt=fwmngt05;date=1220908070;policy_name=KillerWhale_gbl];alert: alert;attack: Invalid DNS;has_accounting: 0;i/f_dir: inbound;
<187>May 26 09:33:04 ['9.9.9.9'] httpd[16986]: [error] [client 30.90.182.58] Invalid URI in request \xf7vMKp`ET&\xa4\x9c\xc9\xec\xd1\xd8j\r\xce\xd9\xd4\xb3\c7
<38>May 26 09:33:06 Message forwarded from aix.ibm.lab: syslog: pts/2: failed login attempt for testuser-61 from 56.219.18.103
<27>May 26 09:33:07 ambiron.ipangel.ibm.lab ipangel-ips: [2017-05-26 09:33:07-05] alert [Priority: 9] [119:2:1] [(http_inspect) DOUBLE DECODING ATTACK] 79.186.10.120:65029 TCP 89.2.96.103:80 br0
<26>May 26 09:33:09 ambiron.ipangel.ibm.lab ipangel-ips: [2017-05-26 09:33:09-05] alert [Priority: 9] [119:14:1] [(http_inspect) NON-RFC DEFINED CHAR] 30.90.182.58:65495 TCP 91.158.162.218:80 br0
<190>May 26 09:33:10 arbor.pravail.ibm.lab pravail-aps: Blocked Host: Blocked host 165.11.95.213 10:53 by TCP Connection Reset using TCP/60462 (Unknown) destination 191.198.186.251 source port 443,URL: https://arbornetworks.pravail.test.com/chaos/
<187>May 26 09:33:12 ['9.9.9.9'] httpd[16986]: [error] [client 201.150.192.18] Invalid URI in request \xf7vMKp`ET&\xa4\x9c\xc9\xec\xd1\xd8j\r\xce\xd9\xd4\xb3\c7
<13>May 26 09:33:14 microsoft.sec.ibm.lab AgentDevice=WindowsLog	AgentLogFile=Security	Source=Security	Computer=COMP-testuser-48	User=testuser-48	Domain=	EventID=675	EventIDCode=675	EventType=16	EventCategory=9	RecordNumber=698608	TimeGenerated=1495805594	TimeWritten=1495805594	Message=Pre-authentication failed: User Name: testuser-48 User ID: %{S-1-2-3-1098304} Service Name: krbtgt Pre-Authentication Type: 0x2 Failure Code: 0x18 Client Address: 153.6.132.218 
<133>May 26 09:33:15 microsoft.event.ibm.lab MSWinEventLog 1 Security 102757633 Fri May 26 09:33:15 2017 4907 Microsoft-Windows-Security-Auditing N/A N/A Success Audit testuser-88 Audit Policy Change Auditing settings on object were changed. Subject: Security ID: S-1-5-18 Account Name: testuser-88 Account Domain: us.ibm.com Logon ID: 0x1106704 Object: Object Server: Security Object Type: File Object Name: \Windows\winsxs\test.wav Handle ID: 0x3a8 Process Information: Process ID: 0x5C1076 Process Name: C:\Windows\System32\wbengine.exe Auditing Settings: Original Security Descriptor: S:AI(AU;A;;WD) New Security Descriptor: S:ARAI(AU;SAFA;;;;WD)(AU;IDFA;B;;;WD) 713845
<182>May 26 09:33:17 apache.httpd.ibm.lab httpd: 79.186.10.120 206.247.220.123 - - [26/May/2017:09:33:17 -0500] "CONNECT 10.35.79.71:443 HTTP/1.1" 405 443 297
<129>May 26 09:33:18 barracuda.firewall.ibm.lab WF ALER CROSS_SITE_SCRIPTING_IN_URL 56.219.18.103 62581 179.138.134.190 80 security-policy GLOBAL DENY NONE [type="cross-site-scripting" pattern="script-tag" token="<script>"] GET 179.138.134.190/<script>alert(53416)</script> HTTP "-" ""-"" 179.138.134.190 48541 "-" "-"
<54>May 26 09:33:20 SymantecServer symantec.endpoint.ibm.lab: DCA-EMAPROJ2,Allowed,"C:\Program Files\Common Files\Symantec Shared\ccSvcHst.exe",,Begin: 2017-05-26 09:33:20,End:2017-05-26 09:33:20,Rule: ,2528,C:/Program Files/Microsoft Virtual Server/vmh.exe,0,,C:/ProgramFiles/Common Files/Symantec Shared/ccSvcHst.exe,User: rogueUser-4,Domain: US
<13>May 26 09:33:21 microsoft.sec.ibm.lab AgentDevice=WindowsLog	AgentLogFile=Security	Source=Security	Computer=COMP-testuser-39	User=SYSTEM	Domain=	EventID=644	EventIDCode=644	EventType=8	EventCategory=7	RecordNumber=800929	TimeGenerated=1495805601	TimeWritten=1495805601	Message=User Account Locked Out: Target Account Name: testuser-39 Target Account ID: %{S-1-2-3-1098304} Caller Machine Name: COMP-CALLER01 Caller User Name: CALLER-01 Caller Domain: us.ibm.com Caller Logon ID: (0x0,0xBA5EBA11)
<54>May 26 09:33:23 SymantecServer symantec.endpoint.ibm.lab: Commercial application detected,Computer name: COMP-1100401,Detection type: Commercial,Application name: DameWare Development DWRCS,Application type: Remote Control,Application version: 5\~ 5\~ 0\~ 0,Hash type: SHA-1,Application hash: 4670d9eeeab7449788be3b18e9364ef0088b900e,Company name: DameWare Development LLC,File size (bytes): 208896,Sensitivity: 0,Detection score: 1,Submission recommendation: 0,Permitted application reason: 0,Source: Heuristic Scan,Risk name:  ,Occurrences: 1,DWMRCS,"DWMRCS",Actual action: Left alone,Requested action: Left alone,Secondary action: Commercial application detection,Event time: 2017-05-26 09:33:23,Inserted: 2017-05-26 09:33:23,End: 2017-05-26 09:33:23,Domain: Default,Group: My Company	est,Server: testbox,User: testuser-58,Source computer:  ,Source IP: 0.0.0.0
<54>May 26 09:33:25 SymantecServer symantec.endpoint.ibm.lab: DCA-EMAPROJ2,Allowed,"C:\Program Files\Common Files\Symantec Shared\ccSvcHst.exe",,Begin: 2017-05-26 09:33:25,End:2017-05-26 09:33:25,Rule: ,2528,C:/Program Files/Microsoft Virtual Server/vmh.exe,0,,C:/ProgramFiles/Common Files/Symantec Shared/ccSvcHst.exe,User: testuser-6,Domain: US
<13>May 26 09:33:26 microsoft.sec.ibm.lab AgentDevice=WindowsLog	AgentLogFile=Security	Source=Security	Computer=COMP-testuser-8	User=testuser-8	Domain=	EventID=672	EventIDCode=672	EventType=16	EventCategory=9	RecordNumber=937152	TimeGenerated=1495805606	TimeWritten=1495805606	Message=Authentication Ticket Request: User Name: testuser-8 Supplied Realm Name: us.ibm.com User ID: %{S-1-2-3-992016} Service Name: krbtgt Service ID: %{S-3-2-1-E6E30A} Ticket Options: 0x40810010 Result Code: - Ticket Encryption Type: 0x17 Pre-Authentication Type: 2 Client Address: 113.146.67.20 Certificate Issuer Name:  Certificate Serial Number:  Certificate Thumbprint: 
<182>May 26 09:33:28 apache.httpd.ibm.lab httpd: 212.2.111.4 147.171.164.173 - - [26/May/2017:09:33:28 -0500] "CONNECT 10.35.79.71:443 HTTP/1.1" 405 443 297
<33>May 26 09:33:29 threecom.switch.ibm.lab %May 26 09:33:29 2017 S9500 AAA/2/Serious error!: User testuser-12, in ACM send msg to SC failed! Returns 1 srcID 6 msgType 16384.
<157>May 26 09:33:31 microsoft.event.ibm.lab MSWinEventLog	4	Security	60703	Fri May 26 09:33:31 2017	552	Security	NETWORK SERVICE	Well Known Group	Success Audit	testuser-14	Logon/Logoff		Logon attempt using explicit credentials: Logged on user:  User Name: NETWORK SERVICE  Domain: NT AUTHORITY  Logon ID: (0x0,0x1083681)  Logon GUID: -  User whose credentials were used:  Target User Name: testuser-14  Target Domain: us.ibm.com Target Logon GUID: -  Target Server Name: localhost  Target Server Info: localhost  Caller Process ID: 302961  Source Network Address: -  Source Port: - 	56794
<190>May 26 09:33:32 arbor.pravail.ibm.lab pravail-aps: Blocked Host: Blocked host 56.219.18.103 at 10:53 by Malformed HTTP Filtering using TCP/80 (HTTP) destination 26.121.121.109 source port 57711,URL: https://arbornetworks.pravail.test.com/chaos/
<133>May 26 09:33:34 microsoft.event.ibm.lab MSWinEventLog 1 Security 102757633 Fri May 26 09:33:34 2017 4907 Microsoft-Windows-Security-Auditing N/A N/A Success Audit testuser-39 Audit Policy Change Auditing settings on object were changed. Subject: Security ID: S-1-5-18 Account Name: testuser-39 Account Domain: us.ibm.com Logon ID: 0x1098304 Object: Object Server: Security Object Type: File Object Name: \Windows\winsxs\test.wav Handle ID: 0x3a8 Process Information: Process ID: 0x3783A2 Process Name: C:\Windows\System32\wbengine.exe Auditing Settings: Original Security Descriptor: S:AI(AU;A;;WD) New Security Descriptor: S:ARAI(AU;SAFA;;;;WD)(AU;IDFA;B;;;WD) 966783
