<27>May 26 08:03:23 ambiron.ipangel.ibm.lab ipangel-ips: [2017-05-26 08:03:23-05] alert [Priority: 9] [119:2:1] [(http_inspect) DOUBLE DECODING ATTACK] 165.11.95.213:54071 TCP 93.77.120.234:80 br0
<25>May 26 08:03:25 ambiron.ipangel.ibm.lab ipangel-ips: [2017-05-26 08:03:25-05] alert [Priority: 9] [116:46:1] [(snort_decoder) WARNING: TCP Data Offset is less than 5!] 20.135.51.253:65108 TCP 197.96.96.146:80 br0
<189>May 26 08:03:26 ['9.9.9.9'] authmgr[504]: <NOTI> login <00:1c:bf:ca:2b:98  125.83.117.185 testuser-23>method=802.1x, server=TEST001, role=Authenticated Update(status 0 method 0 role 16), reauth=1800 sec
<13>May 26 08:03:28 checkpoint.firewall.ibm.lab 26May2017  checkpoint.firewall.ibm.lab product: SmartDefense; src: 54.11.145.63; s_port: ; dst: 49.49.208.184; service: ; proto: udp; rule: ;Attack Info: Out-of-state DNS reply;Suppressed logs: 143;Total logs: 144;__policy_id_tag: product=VPN-1 & FireWall-1[db_tag={321A4EE6-7DEA-11DD-BFAA-C0A832822626};mgmt=fwmngt05;date=1220908070;policy_name=KillerWhale_gbl];alert: alert;attack: Invalid DNS;has_accounting: 0;i/f_dir: inbound;
<190>May 26 08:03:29 arbor.pravail.ibm.lab pravail-aps: Blocked Host: Blocked host 201.150.192.18 10:53 by TCP Connection Reset using TCP/63168 (Unknown) destination 1.94.138.20 source port 443,URL: https://arbornetworks.pravail.test.com/chaos/
<129>May 26 08:03:31 barracuda.firewall.ibm.lab WF ALER CROSS_SITE_SCRIPTING_IN_URL 125.83.117.185 56577 120.51.70.50 80 security-policy GLOBAL DENY NONE [type="cross-site-scripting" pattern="script-tag" token="<script>"] GET 120.51.70.50/<script>alert(53416)</script> HTTP "-" ""-"" 120.51.70.50 48541 "-" "-"
<86>May 26 08:03:32 apple.macosx.ibm.lab sshd[5590]: Failed password for invalid user testuser-60 from 201.150.192.18 port 52395 ssh2
<13>May 26 08:03:34 checkpoint.firewall.ibm.lab 26May2017 drop checkpoint.firewall.ibm.lab product: VPN-1 &FireWall-1; src: 79.186.10.120; s_port: 58803; dst: 71.83.185.235; service: 138; proto: udp; rule: 323;SmartDefense profile: Default_Protection;__policy_id_tag: product=VPN-1 & FireWall-1[db_tag={48AB8350-7F61-11DD-887D-C0A832D16C6C};mgmt=fwmngt-zentral;date=1221069169;policy_name=Chameleon_gbl];has_accounting: 0;i/f_dir: inbound;i/f_name: eth-s1/s1p1c0;rule_uid: {21D66174-0E19-4B77-A1E9-3473FE991088};
<26>May 26 08:03:36 ambiron.ipangel.ibm.lab ipangel-ips: [2017-05-26 08:03:36-05] alert [Priority: 9] [119:14:1] [(http_inspect) NON-RFC DEFINED CHAR] 201.150.192.18:55965 TCP 23.234.156.54:80 br0
<13>May 26 08:03:37 checkpoint.firewall.ibm.lab 26May2017  checkpoint.firewall.ibm.lab product: SmartDefense; src: 128.234.158.118; s_port: ; dst: 145.148.242.187; service: ; proto: udp; rule: ;Attack Info: Out-of-state DNS reply;Suppressed logs: 143;Total logs: 144;__policy_id_tag: product=VPN-1 & FireWall-1[db_tag={321A4EE6-7DEA-11DD-BFAA-C0A832822626};mgmt=fwmngt05;date=1220908070;policy_name=KillerWhale_gbl];alert: alert;attack: Invalid DNS;has_accounting: 0;i/f_dir: inbound;
<83>May 26 08:03:39 apple.macosx.ibm.lab sshd[5590]: error: PAM: Authentication failure for illegal user testuser-37 from 47.117.129.66<54>May 26 08:03:40 SymantecServer symantec.endpoint.ibm.lab: Potential risk found,Computer name: COMP-1079521,Detection type: Heuristic,Application name: (Unknown),Application type: Trojan Worm,Application version: ,Hash type: SHA-1,Application hash: 72c874f212a18944ff56f774bfe7252346b93f8e,Company name: ,File size (bytes): 301568,Sensitivity: 0,Detection score: 40,Submission recommendation:1,Permitted application reason: 0,Source: Heuristic Scan,Risk name: ,Occurrences: 1,c:\claims\claims32.exe,"",Actual action: Left alone,Requested action: Left alone,Secondary action: Left alone,Event time: 2017-05-26 08:03:40,Inserted:2017-05-26 08:03:40,End:  2017-05-26 08:03:40,Domain: Default,Group: My Company\LTC\Desktops,Server: crasesssmc01,User: testuser-30,Source computer: ,Source IP: 0.0.0.0
<182>May 26 08:03:42 apache.httpd.ibm.lab httpd: 125.83.117.185 178.184.15.229 - - [26/May/2017:08:03:42 -0500] "GET / HTTP/1.0" 200 443 9334
<25>May 26 08:03:43 apple.macosx.ibm.lab DirectoryService[51]: Failed Authentication return is being delayed due to over five recent auth failures for username: testuser-90.
<33>May 26 08:03:45 threecom.switch.ibm.lab %May 26 08:03:45 2017 S9500 AAA/2/Serious error!: User testuser-25, in ACM send msg to SC failed! Returns 1 srcID 6 msgType 16384.
<13>May 26 08:03:46 checkpoint.firewall.ibm.lab 26May2017 drop checkpoint.firewall.ibm.lab product: SmartDefense; src: 179.174.48.208; s_port: 56679; dst: 37.189.132.179; service: 443; proto: tcp; rule: 392;Attack Info: TCP segment out of maximum allowed sequence. Packet dropped.;Confidence Level: 0;Performance Impact: 0;Protection Name: TCP Segment Limit Enforcement;Protection Type: settings_tcp;Severity: 0;SmartDefense Profile: Boticario_DMZ_Protection;__policy_id_tag: product=VPN-1 & FireWall-1[db_tag={E94ECB65-34C0-4740-9634-761E1604C8BC};mgmt=SJP1PLNX036-DMZ;date=1424714440;policy_name=DMZ];attack: Streaming Engine: TCP Segment Limit Enforcement;has_accounting: 0;i/f_dir: inbound;i/f_name: eth2-01.2809;origin_sic_name: CN=TEST-DMZ1,O=log_server_hostname;protection_id: tcp_segment_limit;rule_uid: {499DBB08-D262-4D9F-B639-5337A7B36E59};snid: 7572c682;src_machine_name: COMP-testuser-88;src_user_name: testuser-88 ;user: testuser-88 ;
<83>May 26 08:03:48 apple.macosx.ibm.lab sshd[5590]: error: PAM: Authentication failure for illegal user testuser-26 from 31.202.21.124<189>May 26 08:03:50 ['9.9.9.9'] authmgr[504]: <NOTI> login <00:1c:bf:ca:2b:98  79.186.10.120 testuser-46>method=802.1x, server=TEST001, role=Authenticated Update(status 0 method 0 role 16), reauth=1800 sec
<182>May 26 08:03:51 apache.httpd.ibm.lab httpd: 136.38.97.190 72.181.164.17 - - [26/May/2017:08:03:51 -0500] "OPTIONS /cgi-bin/index.php HTTP/1.1" 200 443 -
<149>May 26 08:03:53 apple.macosx.ibm.lab sudo:    testuser-11 : TTY=ttyp1 ; PWD=/Users/admin ; USER=admin ;COMMAND=/bin/bash
<33>May 26 08:03:54 threecom.switch.ibm.lab %May 26 08:03:54 2017 S9500 FTPS/5/USEROUT: User testuser-14(125.83.117.185) logged out
<149>May 26 08:03:56 apple.macosx.ibm.lab sudo:    testuser-81 : TTY=ttyp1 ; PWD=/Users/admin ; USER=admin ;COMMAND=/bin/bash
<182>May 26 08:03:57 apache.httpd.ibm.lab httpd: 218.111.178.29 114.104.154.68 - - [26/May/2017:08:03:57 -0500] "ABCD / HTTP/1.1" 501 443 297
<189>May 26 08:03:59 ['9.9.9.9'] authmgr[504]: <NOTI> login <00:1c:bf:ca:2b:98  83.87.204.105 testuser-87>method=802.1x, server=TEST001, role=Authenticated Update(status 0 method 0 role 16), reauth=1800 sec
<13>May 26 08:04:01 microsoft.sec.ibm.lab AgentDevice=WindowsLog	AgentLogFile=Security	Source=Security	Computer=COMP-testuser-30	User=SYSTEM	Domain=	EventID=644	EventIDCode=644	EventType=8	EventCategory=7	RecordNumber=167001	TimeGenerated=1495800241	TimeWritten=1495800241	Message=User Account Locked Out: Target Account Name: testuser-30 Target Account ID: %{S-1-2-3-1079521} Caller Machine Name: COMP-CALLER01 Caller User Name: CALLER-01 Caller Domain: us.ibm.com Caller Logon ID: (0x0,0xBA5EBA11)
<13>May 26 08:04:02 microsoft.sec.ibm.lab AgentDevice=WindowsLog	AgentLogFile=Security	Source=Security	Computer=COMP-rogueUser-5	User=rogueUser-5	Domain=	EventID=540	EventIDCode=540	EventType=8	EventCategory=2	RecordNumber=237414	TimeGenerated=1495800242	TimeWritten=1495800242	Message=Successful Network Logon: User Name: Domain: Logon ID: (0x0,0x1121481) Logon Type: 3 Logon Process: NtLmSsp Authentication Package: NTLM Workstation Name: COMP-rogueUser-5 Logon GUID: - Caller User Name: - Caller Domain: - Caller Logon ID: - Caller Process ID: - Transited Services: - Source Network Address: 69.195.21.254 Source Port: 0
<25>May 26 08:04:04 ambiron.ipangel.ibm.lab ipangel-ips: [2017-05-26 08:04:04-05] alert [Priority: 9] [116:46:1] [(snort_decoder) WARNING: TCP Data Offset is less than 5!] 56.219.18.103:50362 TCP 157.16.157.56:80 br0
<182>May 26 08:04:05 apache.httpd.ibm.lab httpd: 128.234.158.118 173.88.107.79 - - [26/May/2017:08:04:05 -0500] "POST /test.php?doing_test=123 HTTP/1.0" 404 80 282
<182>May 26 08:04:07 apache.httpd.ibm.lab httpd: 218.111.178.29 189.251.251.3 - - [26/May/2017:08:04:07 -0500] "OPTIONS /cgi-bin/index.php HTTP/1.1" 200 443 -
<129>May 26 08:04:08 barracuda.firewall.ibm.lab WF ALER METHOD_NOT_ALLOWED 125.83.117.185 53991 109.100.59.79 80 security-policy GLOBAL DENY NONE [Method="ABCD"] ABCD 109.100.59.79/ HTTP "-" ""-"" 109.100.59.79 48536 "-" "-"
<13>May 26 08:04:10 checkpoint.firewall.ibm.lab 26May2017  checkpoint.firewall.ibm.lab product: SmartDefense; src: 212.2.111.4; s_port: ; dst: 116.142.178.61; service: ; proto: icmp; rule: ;Attack Info: Echo request too big;Suppressed logs: 1;Total logs: 2;__policy_id_tag: product=VPN-1 & FireWall-1[db_tag={B5A7057E-7F61-11DD-AA43-C0A832D12424};mgmt=fwmngt-zentral;date=1221069352;policy_name=Spider_gbl];alert: alert;attack: Large ping;has_accounting: 0;i/f_dir: inbound;
<129>May 26 08:04:12 barracuda.firewall.ibm.lab WF ALER CROSS_SITE_SCRIPTING_IN_PARAM 136.38.97.190 60551 116.228.243.55 443 security-policy GLOBAL DENY NONE [type="cross-site-scripting" pattern="script-tag" token="<script>" Parameter="url" value="<script>alert(5341)</script>"] GET 116.228.243.55/redirect.asp?url=<script>alert(5341)</script> HTTPS "-" ""-"" 116.228.243.55 59845 "-" "-"
<129>May 26 08:04:13 barracuda.firewall.ibm.lab WF ALER METACHARACTER_IN_PARAMETER 165.11.95.213 49917 223.58.251.186 443 security-policy GLOBAL DENY NONE [token="%00 " Parameter="article" value="../../../../../../../../etc/passwd"] GET 223.58.251.186/talkback.cgi?article=../../../../../../../../etc/passwd%00&action=view&matchview=1 HTTPS "-" ""-"" 223.58.251.186 49917 "-" "-"
<25>May 26 08:04:15 apple.macosx.ibm.lab DirectoryService[51]: Failed Authentication return is being delayed due to over five recent auth failures for username: testuser-74.
<190>May 26 08:04:16 arbor.pravail.ibm.lab pravail-aps: Blocked Host: Blocked host 113.146.67.20 10:53 by TCP Connection Reset using TCP/59825 (Unknown) destination 219.10.125.100 source port 443,URL: https://arbornetworks.pravail.test.com/chaos/
<27>May 26 08:04:18 ambiron.ipangel.ibm.lab ipangel-ips: [2017-05-26 08:04:18-05] alert [Priority: 9] [119:2:1] [(http_inspect) DOUBLE DECODING ATTACK] 30.90.182.58:61420 TCP 219.172.138.236:80 br0
<149>May 26 08:04:19 apple.macosx.ibm.lab sudo:    testuser-53 : TTY=ttyp1 ; PWD=/Users/admin ; USER=admin ;COMMAND=/bin/bash
<54>May 26 08:04:21 SymantecServer symantec.endpoint.ibm.lab: Commercial application detected,Computer name: COMP-1104601,Detection type: Commercial,Application name: DameWare Development DWRCS,Application type: Remote Control,Application version: 5\~ 5\~ 0\~ 0,Hash type: SHA-1,Application hash: 4670d9eeeab7449788be3b18e9364ef0088b900e,Company name: DameWare Development LLC,File size (bytes): 208896,Sensitivity: 0,Detection score: 1,Submission recommendation: 0,Permitted application reason: 0,Source: Heuristic Scan,Risk name:  ,Occurrences: 1,DWMRCS,"DWMRCS",Actual action: Left alone,Requested action: Left alone,Secondary action: Commercial application detection,Event time: 2017-05-26 08:04:21,Inserted: 2017-05-26 08:04:21,End: 2017-05-26 08:04:21,Domain: Default,Group: My Company	est,Server: testbox,User: testuser-87,Source computer:  ,Source IP: 0.0.0.0
<13>May 26 08:04:22 microsoft.sec.ibm.lab AgentDevice=WindowsLog	AgentLogFile=Security	Source=Security	Computer=COMP-testuser-64	User=testuser-64	Domain=	EventID=672	EventIDCode=672	EventType=8	EventCategory=9	RecordNumber=187456	TimeGenerated=1495800262	TimeWritten=1495800262	Message=Authentication Ticket Request: User Name: testuser-64 Supplied Realm Name: us.ibm.com User ID: %{S-1-2-3-1094116} Service Name: krbtgt Service ID: %{S-3-2-1-DE2B21} Ticket Options: 0x40810010 Result Code: - Ticket Encryption Type: 0x17 Pre-Authentication Type: 2 Client Address: 79.186.10.120 Certificate Issuer Name:  Certificate Serial Number:  Certificate Thumbprint: 
<189>May 26 08:04:24 ['9.9.9.9'] authmgr[504]: <NOTI> login <00:1c:bf:ca:2b:98  201.150.192.18 testuser-60>method=802.1x, server=TEST001, role=Authenticated Update(status 0 method 0 role 16), reauth=1800 sec
<86>May 26 08:04:26 apple.macosx.ibm.lab sshd[5590]: Failed password for invalid user testuser-86 from 212.2.111.4 port 56562 ssh2
<189>May 26 08:04:27 ['9.9.9.9'] authmgr[504]: <NOTI> login <00:1c:bf:ca:2b:98  128.234.158.118 rogueUser-4>method=802.1x, server=TEST001, role=Authenticated Update(status 0 method 0 role 16), reauth=1800 sec
<83>May 26 08:04:29 apple.macosx.ibm.lab com.apple.SecurityServer: authinternal failed to authenticate user testuser-73.
<13>May 26 08:04:30 microsoft.sec.ibm.lab AgentDevice=WindowsLog	AgentLogFile=Security	Source=Security	Computer=COMP-testuser-22	User=testuser-22	Domain=	EventID=529	EventIDCode=529	EventType=16	EventCategory=2	RecordNumber=540070	TimeGenerated=1495800270	TimeWritten=1495800270	Message=Successful Network Logon: User Name: Domain: Logon ID: (0x0,0x1081600) Logon Type: 3 Logon Process: NtLmSsp Authentication Package: NTLM Workstation Name: COMP-testuser-22 Logon GUID: - Caller User Name: - Caller Domain: - Caller Logon ID: - Caller Process ID: - Transited Services: - Source Network Address: 75.48.38.200 Source Port: 0
<190>May 26 08:04:32 arbor.pravail.ibm.lab pravail-aps: Blocked Host: Blocked host 54.11.145.63 10:53 by TCP Connection Reset using TCP/55794 (Unknown) destination 168.241.104.149 source port 443,URL: https://arbornetworks.pravail.test.com/chaos/
<129>May 26 08:04:33 barracuda.firewall.ibm.lab WF ALER SLASH_DOT_IN_URL 218.111.178.29 49938 141.86.124.221 443 security-policy GLOBAL DENY NONE ["-"] GET 141.86.124.221/themes/default/css/.htaccess HTTPS "-" ""-"" 141.86.124.221 44428 "-" "-"
<27>May 26 08:04:35 ambiron.ipangel.ibm.lab ipangel-ips: [2017-05-26 08:04:35-05] alert [Priority: 9] [119:2:1] [(http_inspect) DOUBLE DECODING ATTACK] 79.186.10.120:57573 TCP 151.78.145.186:80 br0
<25>May 26 08:04:37 ambiron.ipangel.ibm.lab ipangel-ips: [2017-05-26 08:04:37-05] alert [Priority: 9] [116:46:1] [(snort_decoder) WARNING: TCP Data Offset is less than 5!] 9.135.38.229:64085 TCP 160.99.108.136:80 br0
<129>May 26 08:04:38 barracuda.firewall.ibm.lab WF ALER METACHARACTER_IN_PARAMETER 15.83.16.235 59345 212.34.229.212 443 security-policy GLOBAL DENY NONE [token="%00 " Parameter="article" value="../../../../../../../../etc/passwd"] GET 212.34.229.212/talkback.cgi?article=../../../../../../../../etc/passwd%00&action=view&matchview=1 HTTPS "-" ""-"" 212.34.229.212 59345 "-" "-"
<83>May 26 08:04:40 apple.macosx.ibm.lab sshd[5590]: error: PAM: Authentication failure for illegal user rogueUser-2 from 150.21.57.27<13>May 26 08:04:41 checkpoint.firewall.ibm.lab 26May2017  checkpoint.firewall.ibm.lab product: martDefense; src: 15.83.16.235; s_port: ; dst: 113.121.64.168; service: ; proto: udp; rule: ;Attack Info: Response packet too long, potential buffer overflow;Suppressed logs: 5;Total logs: 6;__policy_id_tag: product=VPN-1 & FireWall-1[db_tag={321A4EE6-7DEA-11DD-BFAA-C0A832822626};mgmt=fwmngt05;date=1220908070;policy_name=KillerWhale_gbl];alert: alert;attack: Invalid DNS;has_accounting: 0;i/f_dir: inbound;
<129>May 26 08:04:43 barracuda.firewall.ibm.lab WF ALER CROSS_SITE_SCRIPTING_IN_URL 201.150.192.18 62177 71.33.109.95 80 security-policy GLOBAL DENY NONE [type="cross-site-scripting" pattern="script-tag" token="<script>"] GET 71.33.109.95/<script>alert(53416)</script> HTTP "-" ""-"" 71.33.109.95 48541 "-" "-"
<133>May 26 08:04:44 microsoft.event.ibm.lab MSWinEventLog 1 Security 102757633 Fri May 26 08:04:44 2017 4907 Microsoft-Windows-Security-Auditing N/A N/A Success Audit testuser-75 Audit Policy Change Auditing settings on object were changed. Subject: Security ID: S-1-5-18 Account Name: testuser-75 Account Domain: us.ibm.com Logon ID: 0x1098304 Object: Object Server: Security Object Type: File Object Name: \Windows\winsxs\test.wav Handle ID: 0x3a8 Process Information: Process ID: 0x81B027 Process Name: C:\Windows\System32\wbengine.exe Auditing Settings: Original Security Descriptor: S:AI(AU;A;;WD) New Security Descriptor: S:ARAI(AU;SAFA;;;;WD)(AU;IDFA;B;;;WD) 158170
<86>May 26 08:04:46 apple.macosx.ibm.lab sshd[5590]: Failed password for invalid user testuser-39 from 201.183.69.214 port 56902 ssh2
<129>May 26 08:04:48 barracuda.firewall.ibm.lab WF ALER METACHARACTER_IN_PARAMETER 83.87.204.105 59602 213.24.167.107 443 security-policy GLOBAL DENY NONE [token="%00 " Parameter="article" value="../../../../../../../../etc/passwd"] GET 213.24.167.107/talkback.cgi?article=../../../../../../../../etc/passwd%00&action=view&matchview=1 HTTPS "-" ""-"" 213.24.167.107 59602 "-" "-"
<13>May 26 08:04:49 microsoft.sec.ibm.lab AgentDevice=WindowsLog	AgentLogFile=Security	Source=Security	Computer=COMP-testuser-51	User=testuser-51	Domain=	EventID=529	EventIDCode=529	EventType=16	EventCategory=2	RecordNumber=721852	TimeGenerated=1495800289	TimeWritten=1495800289	Message=Successful Network Logon: User Name: Domain: Logon ID: (0x0,0x1085764) Logon Type: 3 Logon Process: NtLmSsp Authentication Package: NTLM Workstation Name: COMP-testuser-51 Logon GUID: - Caller User Name: - Caller Domain: - Caller Logon ID: - Caller Process ID: - Transited Services: - Source Network Address: 201.150.192.18 Source Port: 0
<13>May 26 08:04:51 checkpoint.firewall.ibm.lab 26May2017 reject checkpoint.firewall.ibm.lab product: VPN-1 & FireWall-1; src: 218.111.178.29; s_port: 57429; dst: 128.2.5.67; service: 113; proto: tcp; rule: 14;SmartDefense profile: Default_Protection;__policy_id_tag: product=VPN-1 & FireWall-1[db_tag={25E5B8F6-79E7-11DD-941A-C0A832D00C0C};mgmt=fwmngt-wuv;date=1220466957;policy_name=rhino_gbl];has_accounting: 0;i/f_dir: inbound;i/f_name: eth-s2/s1p1c0;rule_uid: {9C96B325-D976-4A30-8685-9ED61018A6E7};service_id: gident;
<33>May 26 08:04:52 threecom.switch.ibm.lab %May 26 08:04:52 2017 S9500 PORTAL/5/PT_LOG: Online user 136.38.97.190 changes to 106.133.126.32, we will cut it off as using traffic-acct.
<14>May 26 08:04:54 Message forwarded from aix.ibm.lab: rcp[random_number_1_to_999999]: EXPORT file to host aix.ibm.lab cmd is rcp -t /root, local user testuser-13.
<149>May 26 08:04:55 apple.macosx.ibm.lab sudo:    testuser-45 : TTY=ttyp1 ; PWD=/Users/admin ; USER=admin ;COMMAND=/bin/bash
<54>May 26 08:04:57 SymantecServer symantec.endpoint.ibm.lab: CNC2PSY9D1,Allowed,Sysfer exception: .\RegParamEngine.cpp 1152 Failed to read value DeviceInstance from key \Registry\Machine\SYSTEM\CurrentControlSet\Control\DeviceClasses\{53f56307-b6bf-11d0-94f2-00a0c91efb8b}\##?#IDE#DiskWDC_WD800JD-75MSA3______________________10.01E04#5&,Sysfer exception,Begin: 2017-05-26 08:04:57,End: 2017-05-26 08:04:57,Rule: Sysfer exception,3592,C:/Program Files/Cisco Systems/CSAgent/bin/okclient.exe,0,,,User: testuser-44,Domain: US
<182>May 26 08:04:58 apache.httpd.ibm.lab httpd: 51.18.44.104 204.109.224.123 - - [26/May/2017:08:04:58 -0500] "GET / HTTP/1.0" 200 443 9334
<182>May 26 08:05:00 apache.httpd.ibm.lab httpd: 120.171.20.155 146.155.52.117 - - [26/May/2017:08:05:00 -0500] "POST /test.php?doing_test=123 HTTP/1.0" 404 80 282
<27>May 26 08:05:02 ambiron.ipangel.ibm.lab ipangel-ips: [2017-05-26 08:05:02-05] alert [Priority: 9] [119:2:1] [(http_inspect) DOUBLE DECODING ATTACK] 218.111.178.29:64863 TCP 99.137.145.104:80 br0
<129>May 26 08:05:03 barracuda.firewall.ibm.lab WF ALER METACHARACTER_IN_PARAMETER 51.18.44.104 58416 32.134.174.60 443 security-policy GLOBAL DENY NONE [token="%00 " Parameter="article" value="../../../../../../../../etc/passwd"] GET 32.134.174.60/talkback.cgi?article=../../../../../../../../etc/passwd%00&action=view&matchview=1 HTTPS "-" ""-"" 32.134.174.60 58416 "-" "-"
<27>May 26 08:05:05 ambiron.ipangel.ibm.lab ipangel-ips: [2017-05-26 08:05:05-05] alert [Priority: 9] [119:2:1] [(http_inspect) DOUBLE DECODING ATTACK] 9.135.38.229:54101 TCP 91.101.101.5:80 br0
<33>May 26 08:05:06 threecom.switch.ibm.lab %May 26 08:05:06 2017 S9500 FTPS/5/USERIN: User testuser-71(136.38.97.190) login succeeded
<38>May 26 08:05:08 sshd[765106]: Failed none for invalid user testuser-75 from 30.90.182.58 port 54121 ssh2
<38>May 26 08:05:09 sshd[321680]: Invalid user testuser-87 from 83.87.204.105
<190>May 26 08:05:11 arbor.pravail.ibm.lab pravail-aps: Blocked Host: Blocked host 137.38.197.140 10:53 by TCP Connection Reset using TCP/57975 (Unknown) destination 101.250.63.214 source port 443,URL: https://arbornetworks.pravail.test.com/chaos/
<190>May 26 08:05:13 arbor.pravail.ibm.lab pravail-aps: Blocked Host: Blocked host 56.219.18.103 at 10:53 by Malformed HTTP Filtering using TCP/80 (HTTP) destination 88.234.2.118 source port 49591,URL: https://arbornetworks.pravail.test.com/chaos/
<13>May 26 08:05:14 checkpoint.firewall.ibm.lab 26May2017  checkpoint.firewall.ibm.lab product: SmartDefense; src: 165.11.95.213; s_port: ; dst: 99.204.128.232; service: ; proto: udp; rule: ;Attack Info: Out-of-state DNS reply;Suppressed logs: 143;Total logs: 144;__policy_id_tag: product=VPN-1 & FireWall-1[db_tag={321A4EE6-7DEA-11DD-BFAA-C0A832822626};mgmt=fwmngt05;date=1220908070;policy_name=KillerWhale_gbl];alert: alert;attack: Invalid DNS;has_accounting: 0;i/f_dir: inbound;
<182>May 26 08:05:16 apache.httpd.ibm.lab httpd: 56.219.18.103 60.112.232.160 - - [26/May/2017:08:05:16 -0500] "POST /test.php?doing_test=123 HTTP/1.0" 404 80 282
<190>May 26 08:05:17 arbor.pravail.ibm.lab pravail-aps: Blocked Host: Blocked host 79.186.10.120 10:53 by TCP Connection Reset using TCP/52964 (Unknown) destination 199.4.12.127 source port 443,URL: https://arbornetworks.pravail.test.com/chaos/
<13>May 26 08:05:19 microsoft.sec.ibm.lab AgentDevice=WindowsLog	AgentLogFile=Security	Source=Security	Computer=COMP-testuser-54	User=testuser-54	Domain=	EventID=680	EventIDCode=680	EventType=16	EventCategory=9	RecordNumber=27617	TimeGenerated=1495800319	TimeWritten=1495800319	Message=Logon attempt by: MICROSOFT_AUTHENTICATION_PACKAGE_V1_0 Logon account: testuser-54 Source Workstation: COMP-testuser-54 Error Code: 0x0 
<179>May 26 08:05:20 apache.httpd.ibm.lab httpd[5570]: [ID 702911 local6.error] [error] [client 54.11.145.63] Certificate Verification: Error (10): certificate has expired
<13>May 26 08:05:22 checkpoint.firewall.ibm.lab 26May2017  checkpoint.firewall.ibm.lab product: SmartDefense; src: 136.38.97.190; s_port: ; dst: 133.62.124.29; service: ; proto: udp; rule: ;Attack Info: Bad domain format, illegal ASCII value in domain;Suppressed logs: 1;Total logs: 2;__policy_id_tag: product=VPN-1 & FireWall-1[db_tag={9B20E8EA-7DE6-11DD-B7D6-C0A832D11E1E};mgmt=fwmngt-zentral;date=1220906528;policy_name=Vulpine_gbl];alert: alert;attack: Invalid DNS;has_accounting: 0;i/f_dir: inbound;
<13>May 26 08:05:24 checkpoint.firewall.ibm.lab 26May2017  checkpoint.firewall.ibm.lab product: SmartDefense; src: 128.234.158.118; s_port: ; dst: 142.86.228.158; service: ; proto: udp; rule: ;Attack Info: Out-of-state DNS reply;Suppressed logs: 143;Total logs: 144;__policy_id_tag: product=VPN-1 & FireWall-1[db_tag={321A4EE6-7DEA-11DD-BFAA-C0A832822626};mgmt=fwmngt05;date=1220908070;policy_name=KillerWhale_gbl];alert: alert;attack: Invalid DNS;has_accounting: 0;i/f_dir: inbound;
<189>May 26 08:05:25 ['9.9.9.9'] authmgr[504]: <NOTI> login <00:1c:bf:ca:2b:98  56.219.18.103 testuser-70>method=802.1x, server=TEST001, role=Authenticated Update(status 0 method 0 role 16), reauth=1800 sec
<157>May 26 08:05:27 microsoft.event.ibm.lab MSWinEventLog	4	Security	60703	Fri May 26 08:05:27 2017	552	Security	NETWORK SERVICE	Well Known Group	Success Audit	rogueUser-5	Logon/Logoff		Logon attempt using explicit credentials: Logged on user:  User Name: NETWORK SERVICE  Domain: NT AUTHORITY  Logon ID: (0x0,0x1121481)  Logon GUID: -  User whose credentials were used:  Target User Name: rogueUser-5  Target Domain: us.ibm.com Target Logon GUID: -  Target Server Name: localhost  Target Server Info: localhost  Caller Process ID: 868163  Source Network Address: -  Source Port: - 	56794
<33>May 26 08:05:28 threecom.switch.ibm.lab %May 26 08:05:28 2017 S9500 VTY/5/VTY_LOG:  TELNET user failed to login from 120.171.20.155(000D-88F6-60E0) on VTY0.
<25>May 26 08:05:30 ambiron.ipangel.ibm.lab ipangel-ips: [2017-05-26 08:05:30-05] alert [Priority: 9] [116:46:1] [(snort_decoder) WARNING: TCP Data Offset is less than 5!] 218.111.178.29:55324 TCP 36.174.58.36:80 br0
<33>May 26 08:05:31 threecom.switch.ibm.lab %May 26 08:05:31 2017 S9500 FTPS/5/USEROUT: User rogueUser-2(137.38.197.140) logged out
<182>May 26 08:05:33 apache.httpd.ibm.lab httpd: 83.87.204.105 206.100.153.20 - - [26/May/2017:08:05:33 -0500] "ABCD / HTTP/1.1" 501 443 297
<13>May 26 08:05:34 microsoft.sec.ibm.lab AgentDevice=WindowsLog	AgentLogFile=Security	Source=Security	Computer=COMP-testuser-8	User=testuser-8	Domain=	EventID=680	EventIDCode=680	EventType=8	EventCategory=9	RecordNumber=416467	TimeGenerated=1495800334	TimeWritten=1495800334	Message=Logon attempt by: MICROSOFT_AUTHENTICATION_PACKAGE_V1_0 Logon account: testuser-8 Source Workstation: COMP-testuser-8 Error Code: 0x0 
<33>May 26 08:05:36 threecom.switch.ibm.lab %May 26 08:05:36 2017 S9500 FTPS/5/USERIN: User testuser-48(30.90.182.58) login succeeded
<26>May 26 08:05:38 ambiron.ipangel.ibm.lab ipangel-ips: [2017-05-26 08:05:38-05] alert [Priority: 9] [119:14:1] [(http_inspect) NON-RFC DEFINED CHAR] 30.90.182.58:55768 TCP 121.121.137.214:80 br0
<190>May 26 08:05:39 arbor.pravail.ibm.lab pravail-aps: Blocked Host: Blocked host 30.90.182.58 10:53 by TCP Connection Reset using TCP/56782 (Unknown) destination 185.76.55.122 source port 443,URL: https://arbornetworks.pravail.test.com/chaos/
<129>May 26 08:05:41 barracuda.firewall.ibm.lab WF ALER CROSS_SITE_SCRIPTING_IN_PARAM 137.38.197.140 61495 55.135.75.233 443 security-policy GLOBAL DENY NONE [type="cross-site-scripting" pattern="script-tag" token="<script>" Parameter="url" value="<script>alert(5341)</script>"] GET 55.135.75.233/redirect.asp?url=<script>alert(5341)</script> HTTPS "-" ""-"" 55.135.75.233 59845 "-" "-"
<26>May 26 08:05:42 ambiron.ipangel.ibm.lab ipangel-ips: [2017-05-26 08:05:42-05] alert [Priority: 9] [119:14:1] [(http_inspect) NON-RFC DEFINED CHAR] 165.11.95.213:61118 TCP 43.221.184.56:80 br0
<13>May 26 08:05:44 microsoft.sec.ibm.lab AgentDevice=WindowsLog	AgentLogFile=Security	Source=Security	Computer=COMP-rogueUser-1	User=rogueUser-1	Domain=	EventID=529	EventIDCode=529	EventType=16	EventCategory=2	RecordNumber=183694	TimeGenerated=1495800344	TimeWritten=1495800344	Message=Successful Network Logon: User Name: Domain: Logon ID: (0x0,0x1113025) Logon Type: 3 Logon Process: NtLmSsp Authentication Package: NTLM Workstation Name: COMP-rogueUser-1 Logon GUID: - Caller User Name: - Caller Domain: - Caller Logon ID: - Caller Process ID: - Transited Services: - Source Network Address: 55.225.109.47 Source Port: 0
<182>May 26 08:05:45 apache.httpd.ibm.lab httpd: 120.171.20.155 193.206.230.161 - - [26/May/2017:08:05:45 -0500] "POST /test.php?doing_test=123 HTTP/1.0" 404 80 282
<182>May 26 08:05:47 apache.httpd.ibm.lab httpd: 9.135.38.229 182.218.155.208 - - [26/May/2017:08:05:47 -0500] "HEAD / HTTP/1.1" 200 443 -
<190>May 26 08:05:49 arbor.pravail.ibm.lab pravail-aps: Blocked Host: Blocked host 125.83.117.185 at 10:53 by Malformed HTTP Filtering using TCP/80 (HTTP) destination 86.27.139.7 source port 62264,URL: https://arbornetworks.pravail.test.com/chaos/
<27>May 26 08:05:50 ambiron.ipangel.ibm.lab ipangel-ips: [2017-05-26 08:05:50-05] alert [Priority: 9] [119:2:1] [(http_inspect) DOUBLE DECODING ATTACK] 165.11.95.213:49588 TCP 219.240.101.15:80 br0
<133>May 26 08:05:52 microsoft.event.ibm.lab MSWinEventLog 1 Security 102757633 Fri May 26 08:05:52 2017 4907 Microsoft-Windows-Security-Auditing N/A N/A Success Audit testuser-4 Audit Policy Change Auditing settings on object were changed. Subject: Security ID: S-1-5-18 Account Name: testuser-4 Account Domain: us.ibm.com Logon ID: 0x984064 Object: Object Server: Security Object Type: File Object Name: \Windows\winsxs\test.wav Handle ID: 0x3a8 Process Information: Process ID: 0x61191A Process Name: C:\Windows\System32\wbengine.exe Auditing Settings: Original Security Descriptor: S:AI(AU;A;;WD) New Security Descriptor: S:ARAI(AU;SAFA;;;;WD)(AU;IDFA;B;;;WD) 16356
<54>May 26 08:05:53 SymantecServer symantec.endpoint.ibm.lab: testbox-abc,[SID: 21590] P2P Edonkey Ping Message detected.  Traffic has been allowed from this application: C:\Program Files\easyMule\emule.exe,Local: 136.38.97.190,Local: 00218696B978,Remote: ,Remote: 5.211.34.90,Remote: 000000000000,Outbound,OTHERS,Intrusion ID: 0,Begin: 2017-05-26 08:05:53,End: 2017-05-26 08:05:53,Occurrences: 1,Application: C:/Program Files/easyMule/emule.exe,Location: Default,User: testuser-26,Domain: us.ibm.com
<54>May 26 08:05:55 SymantecServer symantec.endpoint.ibm.lab: testbox-abc,[SID: 21590] P2P Edonkey Ping Message detected.  Traffic has been allowed from this application: C:\Program Files\easyMule\emule.exe,Local: 136.38.97.190,Local: 00218696B978,Remote: ,Remote: 199.203.46.27,Remote: 000000000000,Outbound,OTHERS,Intrusion ID: 0,Begin: 2017-05-26 08:05:55,End: 2017-05-26 08:05:55,Occurrences: 1,Application: C:/Program Files/easyMule/emule.exe,Location: Default,User: testuser-44,Domain: us.ibm.com
<13>May 26 08:05:56 checkpoint.firewall.ibm.lab 26May2017  checkpoint.firewall.ibm.lab product: SmartDefense; src: 147.198.103.40; s_port: ; dst: 6.91.101.143; service: ; proto: udp; rule: ;Attack Info: Out-of-state DNS reply;Suppressed logs: 143;Total logs: 144;__policy_id_tag: product=VPN-1 & FireWall-1[db_tag={321A4EE6-7DEA-11DD-BFAA-C0A832822626};mgmt=fwmngt05;date=1220908070;policy_name=KillerWhale_gbl];alert: alert;attack: Invalid DNS;has_accounting: 0;i/f_dir: inbound;
<187>May 26 08:05:58 ['9.9.9.9'] httpd[16986]: [error] [client 136.38.97.190] Invalid URI in request \xf7vMKp`ET&\xa4\x9c\xc9\xec\xd1\xd8j\r\xce\xd9\xd4\xb3\c7
<187>May 26 08:06:00 ['9.9.9.9'] httpd[16986]: [error] [client 20.135.51.253] Invalid URI in request \xf7vMKp`ET&\xa4\x9c\xc9\xec\xd1\xd8j\r\xce\xd9\xd4\xb3\c7
<187>May 26 08:06:01 ['9.9.9.9'] httpd[16986]: [error] [client 137.38.197.140] Invalid URI in request \xf7vMKp`ET&\xa4\x9c\xc9\xec\xd1\xd8j\r\xce\xd9\xd4\xb3\c7
<14>May 26 08:06:03 Message forwarded from aix.ibm.lab: ftp[random_number_1_to_999999]: ftp: EXPORT user testuser-7, host 129.171.84.29, local test_script.sh, remote test_script.sh.
<189>May 26 08:06:04 ['9.9.9.9'] authmgr[504]: <NOTI> login <00:1c:bf:ca:2b:98  212.2.111.4 testuser-59>method=802.1x, server=TEST001, role=Authenticated Update(status 0 method 0 role 16), reauth=1800 sec
<13>May 26 08:06:06 checkpoint.firewall.ibm.lab 26May2017  checkpoint.firewall.ibm.lab product: martDefense; src: 79.186.10.120; s_port: ; dst: 115.80.120.70; service: ; proto: udp; rule: ;Attack Info: Response packet too long, potential buffer overflow;Suppressed logs: 5;Total logs: 6;__policy_id_tag: product=VPN-1 & FireWall-1[db_tag={321A4EE6-7DEA-11DD-BFAA-C0A832822626};mgmt=fwmngt05;date=1220908070;policy_name=KillerWhale_gbl];alert: alert;attack: Invalid DNS;has_accounting: 0;i/f_dir: inbound;
<133>May 26 08:06:07 microsoft.event.ibm.lab MSWinEventLog 1 Security 102757633 Fri May 26 08:06:07 2017 4907 Microsoft-Windows-Security-Auditing N/A N/A Success Audit testuser-85 Audit Policy Change Auditing settings on object were changed. Subject: Security ID: S-1-5-18 Account Name: testuser-85 Account Domain: us.ibm.com Logon ID: 0x1100401 Object: Object Server: Security Object Type: File Object Name: \Windows\winsxs\test.wav Handle ID: 0x3a8 Process Information: Process ID: 0xA88D3A Process Name: C:\Windows\System32\wbengine.exe Auditing Settings: Original Security Descriptor: S:AI(AU;A;;WD) New Security Descriptor: S:ARAI(AU;SAFA;;;;WD)(AU;IDFA;B;;;WD) 308711
<129>May 26 08:06:09 barracuda.firewall.ibm.lab WF ALER METACHARACTER_IN_PARAMETER 79.186.10.120 61201 117.232.82.105 443 security-policy GLOBAL DENY NONE [token="%00 " Parameter="article" value="../../../../../../../../etc/passwd"] GET 117.232.82.105/talkback.cgi?article=../../../../../../../../etc/passwd%00&action=view&matchview=1 HTTPS "-" ""-"" 117.232.82.105 61201 "-" "-"
<129>May 26 08:06:10 barracuda.firewall.ibm.lab WF ALER METACHARACTER_IN_PARAMETER 129.171.84.29 57693 54.149.179.65 443 security-policy GLOBAL DENY NONE [token="%00 " Parameter="article" value="../../../../../../../../etc/passwd"] GET 54.149.179.65/talkback.cgi?article=../../../../../../../../etc/passwd%00&action=view&matchview=1 HTTPS "-" ""-"" 54.149.179.65 57693 "-" "-"
<182>May 26 08:06:12 apache.httpd.ibm.lab httpd: 201.150.192.18 139.219.156.85 - - [26/May/2017:08:06:12 -0500] "CONNECT 10.35.79.71:443 HTTP/1.1" 405 443 297
<38>May 26 08:06:14 sshd[197919]: Address 132.146.155.198 maps to test.ibm.com, but this does not map back to the address - POSSIBLE BREAK-IN ATTEMPT!
<25>May 26 08:06:15 ambiron.ipangel.ibm.lab ipangel-ips: [2017-05-26 08:06:15-05] alert [Priority: 9] [116:46:1] [(snort_decoder) WARNING: TCP Data Offset is less than 5!] 51.18.44.104:64119 TCP 159.26.21.163:80 br0
<14>May 26 08:06:17 Message forwarded from aix.ibm.lab: rcp[random_number_1_to_999999]: EXPORT file to host aix.ibm.lab cmd is rcp -t /root, local user testuser-34.
<182>May 26 08:06:18 apache.httpd.ibm.lab httpd: 30.90.182.58 141.227.225.112 - - [26/May/2017:08:06:18 -0500] "HEAD / HTTP/1.1" 200 443 -
<129>May 26 08:06:20 barracuda.firewall.ibm.lab WF ALER SLASH_DOT_IN_URL 125.83.117.185 53257 11.102.17.68 443 security-policy GLOBAL DENY NONE ["-"] GET 11.102.17.68/themes/default/css/.htaccess HTTPS "-" ""-"" 11.102.17.68 44428 "-" "-"
<29>May 26 08:06:21 Message forwarded from aix.ibm.lab: telnetd[12347124090276]: telnet from ::ffff:165.11.95.213 on /dev/pts/1
<26>May 26 08:06:23 ambiron.ipangel.ibm.lab ipangel-ips: [2017-05-26 08:06:23-05] alert [Priority: 9] [119:14:1] [(http_inspect) NON-RFC DEFINED CHAR] 218.111.178.29:50579 TCP 86.86.64.16:80 br0
<190>May 26 08:06:25 arbor.pravail.ibm.lab pravail-aps: Blocked Host: Blocked host 79.186.10.120 10:53 by TCP Connection Reset using TCP/52657 (Unknown) destination 193.5.82.182 source port 443,URL: https://arbornetworks.pravail.test.com/chaos/
<13>May 26 08:06:26 checkpoint.firewall.ibm.lab 26May2017  checkpoint.firewall.ibm.lab product: martDefense; src: 30.90.182.58; s_port: ; dst: 205.48.152.241; service: ; proto: udp; rule: ;Attack Info: Response packet too long, potential buffer overflow;Suppressed logs: 5;Total logs: 6;__policy_id_tag: product=VPN-1 & FireWall-1[db_tag={321A4EE6-7DEA-11DD-BFAA-C0A832822626};mgmt=fwmngt05;date=1220908070;policy_name=KillerWhale_gbl];alert: alert;attack: Invalid DNS;has_accounting: 0;i/f_dir: inbound;
<129>May 26 08:06:28 barracuda.firewall.ibm.lab WF ALER CROSS_SITE_SCRIPTING_IN_PARAM 136.38.97.190 50917 31.81.23.222 443 security-policy GLOBAL DENY NONE [type="cross-site-scripting" pattern="script-tag" token="<script>" Parameter="url" value="<script>alert(5341)</script>"] GET 31.81.23.222/redirect.asp?url=<script>alert(5341)</script> HTTPS "-" ""-"" 31.81.23.222 59845 "-" "-"
<38>May 26 08:06:29 sshd[743989]: Failed none for invalid user testuser-96 from 83.87.204.105 port 63294 ssh2
<187>May 26 08:06:31 ['9.9.9.9'] httpd[16986]: [error] [client 51.18.44.104] Invalid URI in request \xf7vMKp`ET&\xa4\x9c\xc9\xec\xd1\xd8j\r\xce\xd9\xd4\xb3\c7
<189>May 26 08:06:32 ['9.9.9.9'] authmgr[504]: <NOTI> login <00:1c:bf:ca:2b:98  20.135.51.253 rogueUser-3>method=802.1x, server=TEST001, role=Authenticated Update(status 0 method 0 role 16), reauth=1800 sec
<189>May 26 08:06:34 ['9.9.9.9'] authmgr[504]: <NOTI> login <00:1c:bf:ca:2b:98  218.111.178.29 testuser-36>method=802.1x, server=TEST001, role=Authenticated Update(status 0 method 0 role 16), reauth=1800 sec
<13>May 26 08:06:36 checkpoint.firewall.ibm.lab 26May2017  checkpoint.firewall.ibm.lab product: martDefense; src: 212.2.111.4; s_port: ; dst: 119.253.254.19; service: ; proto: udp; rule: ;Attack Info: Response packet too long, potential buffer overflow;Suppressed logs: 5;Total logs: 6;__policy_id_tag: product=VPN-1 & FireWall-1[db_tag={321A4EE6-7DEA-11DD-BFAA-C0A832822626};mgmt=fwmngt05;date=1220908070;policy_name=KillerWhale_gbl];alert: alert;attack: Invalid DNS;has_accounting: 0;i/f_dir: inbound;
<133>May 26 08:06:37 microsoft.event.ibm.lab MSWinEventLog 1 Security 102757633 Fri May 26 08:06:37 2017 4907 Microsoft-Windows-Security-Auditing N/A N/A Success Audit testuser-65 Audit Policy Change Auditing settings on object were changed. Subject: Security ID: S-1-5-18 Account Name: testuser-65 Account Domain: us.ibm.com Logon ID: 0x1096209 Object: Object Server: Security Object Type: File Object Name: \Windows\winsxs\test.wav Handle ID: 0x3a8 Process Information: Process ID: 0x3BC759 Process Name: C:\Windows\System32\wbengine.exe Auditing Settings: Original Security Descriptor: S:AI(AU;A;;WD) New Security Descriptor: S:ARAI(AU;SAFA;;;;WD)(AU;IDFA;B;;;WD) 676457
<54>May 26 08:06:39 SymantecServer symantec.endpoint.ibm.lab: CNC2PSY9D1,Allowed,Sysfer exception: .\RegParamEngine.cpp 1152 Failed to read value DeviceInstance from key \Registry\Machine\SYSTEM\CurrentControlSet\Control\DeviceClasses\{53f56307-b6bf-11d0-94f2-00a0c91efb8b}\##?#IDE#DiskWDC_WD800JD-75MSA3______________________10.01E04#5&,Sysfer exception,Begin: 2017-05-26 08:06:39,End: 2017-05-26 08:06:39,Rule: Sysfer exception,3592,C:/Program Files/Cisco Systems/CSAgent/bin/okclient.exe,0,,,User: testuser-28,Domain: US
<13>May 26 08:06:40 microsoft.sec.ibm.lab AgentDevice=WindowsLog	AgentLogFile=Security	Source=Security	Computer=COMP-testuser-44	User=testuser-44	Domain=	EventID=680	EventIDCode=680	EventType=16	EventCategory=9	RecordNumber=6875	TimeGenerated=1495800400	TimeWritten=1495800400	Message=Logon attempt by: MICROSOFT_AUTHENTICATION_PACKAGE_V1_0 Logon account: testuser-44 Source Workstation: COMP-testuser-44 Error Code: 0x0 
<54>May 26 08:06:42 SymantecServer symantec.endpoint.ibm.lab: testbox-abc,[SID: 21590] P2P Edonkey Ping Message detected.  Traffic has been allowed from this application: C:\Program Files\easyMule\emule.exe,Local: 179.174.48.208,Local: 00218696B978,Remote: ,Remote: 122.224.9.97,Remote: 000000000000,Outbound,OTHERS,Intrusion ID: 0,Begin: 2017-05-26 08:06:42,End: 2017-05-26 08:06:42,Occurrences: 1,Application: C:/Program Files/easyMule/emule.exe,Location: Default,User: testuser-88,Domain: us.ibm.com
<54>May 26 08:06:43 SymantecServer symantec.endpoint.ibm.lab: DCA-EMAPROJ2,Allowed,"C:\Program Files\Common Files\Symantec Shared\ccSvcHst.exe",,Begin: 2017-05-26 08:06:43,End:2017-05-26 08:06:43,Rule: ,2528,C:/Program Files/Microsoft Virtual Server/vmh.exe,0,,C:/ProgramFiles/Common Files/Symantec Shared/ccSvcHst.exe,User: testuser-30,Domain: US
<13>May 26 08:06:45 microsoft.sec.ibm.lab AgentDevice=WindowsLog	AgentLogFile=Security	Source=Security	Computer=COMP-testuser-87	User=testuser-87	Domain=	EventID=675	EventIDCode=675	EventType=16	EventCategory=9	RecordNumber=812692	TimeGenerated=1495800405	TimeWritten=1495800405	Message=Pre-authentication failed: User Name: testuser-87 User ID: %{S-1-2-3-1104601} Service Name: krbtgt Pre-Authentication Type: 0x2 Failure Code: 0x18 Client Address: 107.167.18.225 
<190>May 26 08:06:46 arbor.pravail.ibm.lab pravail-aps: Blocked Host: Blocked host 165.11.95.213 10:53 by TCP Connection Reset using TCP/57146 (Unknown) destination 204.144.115.231 source port 443,URL: https://arbornetworks.pravail.test.com/chaos/
<182>May 26 08:06:48 apache.httpd.ibm.lab httpd: 125.83.117.185 133.151.159.140 - - [26/May/2017:08:06:48 -0500] "ABCD / HTTP/1.1" 501 443 297
<182>May 26 08:06:50 apache.httpd.ibm.lab httpd: 136.38.97.190 60.126.50.220 - - [26/May/2017:08:06:50 -0500] "POST /test.php?doing_test=123 HTTP/1.0" 404 80 282
<149>May 26 08:06:51 apple.macosx.ibm.lab sudo:    testuser-8 : TTY=ttyp1 ; PWD=/Users/admin ; USER=admin ;COMMAND=/bin/bash
<33>May 26 08:06:53 threecom.switch.ibm.lab %May 26 08:06:53 2017 S9500 PORTAL/5/PT_LOG: Online user 165.11.95.213 changes to 153.239.165.129, we will cut it off as using traffic-acct.
<190>May 26 08:06:54 arbor.pravail.ibm.lab pravail-aps: Blocked Host: Blocked host 128.234.158.118 10:53 by TCP Connection Reset using TCP/55875 (Unknown) destination 205.13.236.85 source port 443,URL: https://arbornetworks.pravail.test.com/chaos/
<54>May 26 08:06:56 SymantecServer symantec.endpoint.ibm.lab: CNC2PSY9D1,Allowed,Sysfer exception: .\RegParamEngine.cpp 1152 Failed to read value DeviceInstance from key \Registry\Machine\SYSTEM\CurrentControlSet\Control\DeviceClasses\{53f56307-b6bf-11d0-94f2-00a0c91efb8b}\##?#IDE#DiskWDC_WD800JD-75MSA3______________________10.01E04#5&,Sysfer exception,Begin: 2017-05-26 08:06:56,End: 2017-05-26 08:06:56,Rule: Sysfer exception,3592,C:/Program Files/Cisco Systems/CSAgent/bin/okclient.exe,0,,,User: testuser-32,Domain: US
<13>May 26 08:06:57 microsoft.sec.ibm.lab AgentDevice=WindowsLog	AgentLogFile=Security	Source=Security	Computer=COMP-rogueUser-3	User=rogueUser-3	Domain=	EventID=529	EventIDCode=529	EventType=16	EventCategory=2	RecordNumber=342521	TimeGenerated=1495800417	TimeWritten=1495800417	Message=Successful Network Logon: User Name: Domain: Logon ID: (0x0,0x1117249) Logon Type: 3 Logon Process: NtLmSsp Authentication Package: NTLM Workstation Name: COMP-rogueUser-3 Logon GUID: - Caller User Name: - Caller Domain: - Caller Logon ID: - Caller Process ID: - Transited Services: - Source Network Address: 153.198.38.169 Source Port: 0
<133>May 26 08:06:59 microsoft.event.ibm.lab MSWinEventLog 1 Security 102757633 Fri May 26 08:06:59 2017 4907 Microsoft-Windows-Security-Auditing N/A N/A Success Audit testuser-45 Audit Policy Change Auditing settings on object were changed. Subject: Security ID: S-1-5-18 Account Name: testuser-45 Account Domain: us.ibm.com Logon ID: 0x1092025 Object: Object Server: Security Object Type: File Object Name: \Windows\winsxs\test.wav Handle ID: 0x3a8 Process Information: Process ID: 0xD6AC93 Process Name: C:\Windows\System32\wbengine.exe Auditing Settings: Original Security Descriptor: S:AI(AU;A;;WD) New Security Descriptor: S:ARAI(AU;SAFA;;;;WD)(AU;IDFA;B;;;WD) 422119
<25>May 26 08:07:01 apple.macosx.ibm.lab DirectoryService[51]: Failed Authentication return is being delayed due to over five recent auth failures for username: testuser-8.
<27>May 26 08:07:02 ambiron.ipangel.ibm.lab ipangel-ips: [2017-05-26 08:07:02-05] alert [Priority: 9] [119:2:1] [(http_inspect) DOUBLE DECODING ATTACK] 125.83.117.185:63801 TCP 93.88.251.196:80 br0
<27>May 26 08:07:04 ambiron.ipangel.ibm.lab ipangel-ips: [2017-05-26 08:07:04-05] alert [Priority: 9] [119:2:1] [(http_inspect) DOUBLE DECODING ATTACK] 212.2.111.4:62913 TCP 153.102.126.36:80 br0
<189>May 26 08:07:05 ['9.9.9.9'] authmgr[504]: <NOTI> login <00:1c:bf:ca:2b:98  30.90.182.58 testuser-57>method=802.1x, server=TEST001, role=Authenticated Update(status 0 method 0 role 16), reauth=1800 sec
<13>May 26 08:07:07 checkpoint.firewall.ibm.lab 26May2017 drop checkpoint.firewall.ibm.lab product: VPN-1 &FireWall-1; src: 15.83.16.235; s_port: 50247; dst: 112.151.178.44; service: 138; proto: udp; rule: 323;SmartDefense profile: Default_Protection;__policy_id_tag: product=VPN-1 & FireWall-1[db_tag={48AB8350-7F61-11DD-887D-C0A832D16C6C};mgmt=fwmngt-zentral;date=1221069169;policy_name=Chameleon_gbl];has_accounting: 0;i/f_dir: inbound;i/f_name: eth-s1/s1p1c0;rule_uid: {21D66174-0E19-4B77-A1E9-3473FE991088};
<33>May 26 08:07:08 threecom.switch.ibm.lab %May 26 08:07:08 2017 S9500 PORTAL/5/PT_LOG: Online user 79.186.10.120 changes to 128.112.1.96, we will cut it off as using traffic-acct.
<25>May 26 08:07:10 ambiron.ipangel.ibm.lab ipangel-ips: [2017-05-26 08:07:10-05] alert [Priority: 9] [116:46:1] [(snort_decoder) WARNING: TCP Data Offset is less than 5!] 165.11.95.213:51223 TCP 1.239.28.122:80 br0
<13>May 26 08:07:12 checkpoint.firewall.ibm.lab 26May2017  checkpoint.firewall.ibm.lab product: martDefense; src: 44.111.228.125; s_port: ; dst: 176.230.173.103; service: ; proto: udp; rule: ;Attack Info: Response packet too long, potential buffer overflow;Suppressed logs: 5;Total logs: 6;__policy_id_tag: product=VPN-1 & FireWall-1[db_tag={321A4EE6-7DEA-11DD-BFAA-C0A832822626};mgmt=fwmngt05;date=1220908070;policy_name=KillerWhale_gbl];alert: alert;attack: Invalid DNS;has_accounting: 0;i/f_dir: inbound;
<187>May 26 08:07:13 ['9.9.9.9'] httpd[16986]: [error] [client 56.219.18.103] Invalid URI in request \xf7vMKp`ET&\xa4\x9c\xc9\xec\xd1\xd8j\r\xce\xd9\xd4\xb3\c7
<27>May 26 08:07:15 ambiron.ipangel.ibm.lab ipangel-ips: [2017-05-26 08:07:15-05] alert [Priority: 9] [119:2:1] [(http_inspect) DOUBLE DECODING ATTACK] 56.219.18.103:62772 TCP 39.67.241.102:80 br0
<38>May 26 08:07:16 sshd[481887]: input_userauth_request: invalid user testuser-28
<33>May 26 08:07:18 threecom.switch.ibm.lab %May 26 08:07:18 2017 S9500 FTPS/5/USERIN: User testuser-14(125.83.117.185) login succeeded
<157>May 26 08:07:19 microsoft.event.ibm.lab MSWinEventLog	4	Security	60703	Fri May 26 08:07:19 2017	552	Security	NETWORK SERVICE	Well Known Group	Success Audit	testuser-60	Logon/Logoff		Logon attempt using explicit credentials: Logged on user:  User Name: NETWORK SERVICE  Domain: NT AUTHORITY  Logon ID: (0x0,0x1085764)  Logon GUID: -  User whose credentials were used:  Target User Name: testuser-60  Target Domain: us.ibm.com Target Logon GUID: -  Target Server Name: localhost  Target Server Info: localhost  Caller Process ID: 611053  Source Network Address: -  Source Port: - 	56794
<86>May 26 08:07:21 apple.macosx.ibm.lab sshd[5590]: Failed password for invalid user testuser-11 from 132.146.155.198 port 64881 ssh2
<33>May 26 08:07:22 threecom.switch.ibm.lab %May 26 08:07:22 2017 S9500 PORTAL/5/PT_LOG: Online user 79.186.10.120 changes to 6.35.46.194, we will cut it off as using traffic-acct.
<27>May 26 08:07:24 ambiron.ipangel.ibm.lab ipangel-ips: [2017-05-26 08:07:24-05] alert [Priority: 9] [119:2:1] [(http_inspect) DOUBLE DECODING ATTACK] 120.171.20.155:57212 TCP 106.182.116.108:80 br0
<190>May 26 08:07:26 arbor.pravail.ibm.lab pravail-aps: Blocked Host: Blocked host 125.83.117.185 at 10:52 by Invalid Packets using TCP/0 (Unknown) destination 98.26.98.215,URL: https://arbornetworks.pravail.test.com/chaos/
<187>May 26 08:07:27 ['9.9.9.9'] httpd[16986]: [error] [client 218.111.178.29] Invalid URI in request \xf7vMKp`ET&\xa4\x9c\xc9\xec\xd1\xd8j\r\xce\xd9\xd4\xb3\c7
<133>May 26 08:07:29 microsoft.event.ibm.lab MSWinEventLog 1 Security 102757633 Fri May 26 08:07:29 2017 4907 Microsoft-Windows-Security-Auditing N/A N/A Success Audit testuser-70 Audit Policy Change Auditing settings on object were changed. Subject: Security ID: S-1-5-18 Account Name: testuser-70 Account Domain: us.ibm.com Logon ID: 0x1087849 Object: Object Server: Security Object Type: File Object Name: \Windows\winsxs\test.wav Handle ID: 0x3a8 Process Information: Process ID: 0x1E4475 Process Name: C:\Windows\System32\wbengine.exe Auditing Settings: Original Security Descriptor: S:AI(AU;A;;WD) New Security Descriptor: S:ARAI(AU;SAFA;;;;WD)(AU;IDFA;B;;;WD) 334352
