<33>May 26 08:34:12 threecom.switch.ibm.lab %May 26 08:34:12 2017 S9500 RTA/3/Failed to start accounting: Failed to start traffic accounting for user 79.186.10.120 on board 6
<129>May 26 08:34:13 barracuda.firewall.ibm.lab WF ALER METHOD_NOT_ALLOWED 167.227.124.53 51887 201.169.230.134 80 security-policy GLOBAL DENY NONE [Method="ABCD"] ABCD 201.169.230.134/ HTTP "-" ""-"" 201.169.230.134 48536 "-" "-"
<86>May 26 08:34:15 apple.macosx.ibm.lab sshd[5590]: Failed password for invalid user testuser-87 from 13.245.105.208 port 58606 ssh2
<37>May 26 08:34:16 Message forwarded from aix.ibm.lab: su: from testuser-83 to root at /dev/pts/4
<86>May 26 08:34:18 apple.macosx.ibm.lab sshd[5590]: Failed password for invalid user testuser-48 from 81.180.181.176 port 49705 ssh2
<129>May 26 08:34:19 barracuda.firewall.ibm.lab WF ALER METACHARACTER_IN_PARAMETER 218.111.178.29 64806 193.21.199.116 443 security-policy GLOBAL DENY NONE [token="%00 " Parameter="article" value="../../../../../../../../etc/passwd"] GET 193.21.199.116/talkback.cgi?article=../../../../../../../../etc/passwd%00&action=view&matchview=1 HTTPS "-" ""-"" 193.21.199.116 64806 "-" "-"
<182>May 26 08:34:21 apache.httpd.ibm.lab httpd: 165.11.95.213 11.70.228.92 - - [26/May/2017:08:34:21 -0500] "GET / HTTP/1.0" 200 443 9334
<190>May 26 08:34:22 arbor.pravail.ibm.lab pravail-aps: Blocked Host: Blocked host 128.234.158.118 10:53 by TCP Connection Reset using TCP/52959 (Unknown) destination 222.135.190.1 source port 443,URL: https://arbornetworks.pravail.test.com/chaos/
<54>May 26 08:34:24 SymantecServer symantec.endpoint.ibm.lab: DCA-EMAPROJ2,Allowed,"C:\Program Files\Common Files\Symantec Shared\ccSvcHst.exe",,Begin: 2017-05-26 08:34:24,End:2017-05-26 08:34:24,Rule: ,2528,C:/Program Files/Microsoft Virtual Server/vmh.exe,0,,C:/ProgramFiles/Common Files/Symantec Shared/ccSvcHst.exe,User: testuser-48,Domain: US
<54>May 26 08:34:26 SymantecServer symantec.endpoint.ibm.lab: DCA-EMAPROJ2,Allowed,"C:\Program Files\Common Files\Symantec Shared\ccSvcHst.exe",,Begin: 2017-05-26 08:34:26,End:2017-05-26 08:34:26,Rule: ,2528,C:/Program Files/Microsoft Virtual Server/vmh.exe,0,,C:/ProgramFiles/Common Files/Symantec Shared/ccSvcHst.exe,User: testuser-100,Domain: US
<50>May 26 08:34:27 SymantecServer symantec.endpoint.ibm.lab: testbox-xyz,[SID: 70025] Web Attack: Blackhole Exploit Toolkit 2 attack blocked. Traffic has been blocked for this application: C:\Program Files\Internet Explorer\iexplore.exe,Local: 0.0.0.0,Local: 000000000000,Remote: ,Remote: 0.0.0.0,Remote: 000000000000,Inbound,OTHERS,,Begin: 2017-05-26 08:34:27,End: 2017-05-26 08:34:27,Occurrences: 1,Application: C:/Program Files/Internet Explorer/iexplore.exe,Location: Default,User: rogueUser-5,Domain: SIMON,!ExternalLoggingTask.localport! 0,!ExternalLoggingTask.remoteport! 0,!ExternalLoggingTask.cidssignid! 70025,!ExternalLoggingTask.strcidssignid! Web Attack: Blackhole Exploit Toolkit 2,!ExternalLoggingTask.cidssignsubid! 0,!ExternalLoggingTask.intrusionurl! http://pppptttt.blah.net/links/came_broadcasting_taking-various.php,!ExternalLoggingTask.intrusionpayloadurl!
<157>May 26 08:34:29 microsoft.event.ibm.lab MSWinEventLog	4	Security	60703	Fri May 26 08:34:29 2017	552	Security	NETWORK SERVICE	Well Known Group	Success Audit	testuser-77	Logon/Logoff		Logon attempt using explicit credentials: Logged on user:  User Name: NETWORK SERVICE  Domain: NT AUTHORITY  Logon ID: (0x0,0x1102500)  Logon GUID: -  User whose credentials were used:  Target User Name: testuser-77  Target Domain: us.ibm.com Target Logon GUID: -  Target Server Name: localhost  Target Server Info: localhost  Caller Process ID: 453413  Source Network Address: -  Source Port: - 	56794
<157>May 26 08:34:30 microsoft.event.ibm.lab MSWinEventLog	4	Security	60703	Fri May 26 08:34:30 2017	552	Security	NETWORK SERVICE	Well Known Group	Success Audit	testuser-83	Logon/Logoff		Logon attempt using explicit credentials: Logged on user:  User Name: NETWORK SERVICE  Domain: NT AUTHORITY  Logon ID: (0x0,0x1096209)  Logon GUID: -  User whose credentials were used:  Target User Name: testuser-83  Target Domain: us.ibm.com Target Logon GUID: -  Target Server Name: localhost  Target Server Info: localhost  Caller Process ID: 712952  Source Network Address: -  Source Port: - 	56794
<39>May 26 08:34:32 Message forwarded from aix.ibm.lab: testuser-81 PAM: pam_authenticate: error Authentication failed
<54>May 26 08:34:33 SymantecServer symantec.endpoint.ibm.lab: DCA-EMAPROJ2,Allowed,"C:\Program Files\Common Files\Symantec Shared\ccSvcHst.exe",,Begin: 2017-05-26 08:34:33,End:2017-05-26 08:34:33,Rule: ,2528,C:/Program Files/Microsoft Virtual Server/vmh.exe,0,,C:/ProgramFiles/Common Files/Symantec Shared/ccSvcHst.exe,User: testuser-94,Domain: US
<13>May 26 08:34:35 checkpoint.firewall.ibm.lab 26May2017 reject checkpoint.firewall.ibm.lab product: VPN-1 & FireWall-1; src: 120.171.20.155; s_port: 55582; dst: 48.116.207.243; service: 113; proto: tcp; rule: 14;SmartDefense profile: Default_Protection;__policy_id_tag: product=VPN-1 & FireWall-1[db_tag={25E5B8F6-79E7-11DD-941A-C0A832D00C0C};mgmt=fwmngt-wuv;date=1220466957;policy_name=rhino_gbl];has_accounting: 0;i/f_dir: inbound;i/f_name: eth-s2/s1p1c0;rule_uid: {9C96B325-D976-4A30-8685-9ED61018A6E7};service_id: gident;
<182>May 26 08:34:37 apache.httpd.ibm.lab httpd: 79.186.10.120 154.155.33.249 - - [26/May/2017:08:34:37 -0500] "GET /<script>alert(53416)</script> HTTP/1.1" 404 443 320
<33>May 26 08:34:38 threecom.switch.ibm.lab %May 26 08:34:38 2017 S9500 VTY/5/VTY_LOG:  TELNET user failed to login from 51.18.44.104(000D-88F6-60E0) on VTY0.
<189>May 26 08:34:40 ['9.9.9.9'] authmgr[504]: <NOTI> login <00:1c:bf:ca:2b:98  20.135.51.253 rogueUser-3>method=802.1x, server=TEST001, role=Authenticated Update(status 0 method 0 role 16), reauth=1800 sec
<25>May 26 08:34:41 apple.macosx.ibm.lab DirectoryService[51]: Failed Authentication return is being delayed due to over five recent auth failures for username: testuser-9.
<50>May 26 08:34:43 SymantecServer symantec.endpoint.ibm.lab: testbox-xyz,[SID: 70025] Web Attack: Blackhole Exploit Toolkit 2 attack blocked. Traffic has been blocked for this application: C:\Program Files\Internet Explorer\iexplore.exe,Local: 0.0.0.0,Local: 000000000000,Remote: ,Remote: 0.0.0.0,Remote: 000000000000,Inbound,OTHERS,,Begin: 2017-05-26 08:34:43,End: 2017-05-26 08:34:43,Occurrences: 1,Application: C:/Program Files/Internet Explorer/iexplore.exe,Location: Default,User: testuser-37,Domain: SIMON,!ExternalLoggingTask.localport! 0,!ExternalLoggingTask.remoteport! 0,!ExternalLoggingTask.cidssignid! 70025,!ExternalLoggingTask.strcidssignid! Web Attack: Blackhole Exploit Toolkit 2,!ExternalLoggingTask.cidssignsubid! 0,!ExternalLoggingTask.intrusionurl! http://pppptttt.blah.net/links/came_broadcasting_taking-various.php,!ExternalLoggingTask.intrusionpayloadurl!
<54>May 26 08:34:44 SymantecServer symantec.endpoint.ibm.lab: Commercial application detected,Computer name: COMP-1177225,Detection type: Commercial,Application name: DameWare Development DWRCS,Application type: Remote Control,Application version: 5\~ 5\~ 0\~ 0,Hash type: SHA-1,Application hash: 4670d9eeeab7449788be3b18e9364ef0088b900e,Company name: DameWare Development LLC,File size (bytes): 208896,Sensitivity: 0,Detection score: 1,Submission recommendation: 0,Permitted application reason: 0,Source: Heuristic Scan,Risk name:  ,Occurrences: 1,DWMRCS,"DWMRCS",Actual action: Left alone,Requested action: Left alone,Secondary action: Commercial application detection,Event time: 2017-05-26 08:34:44,Inserted: 2017-05-26 08:34:44,End: 2017-05-26 08:34:44,Domain: Default,Group: My Company	est,Server: testbox,User: testuser-100,Source computer:  ,Source IP: 0.0.0.0
<13>May 26 08:34:46 checkpoint.firewall.ibm.lab 26May2017 drop checkpoint.firewall.ibm.lab product: VPN-1 &FireWall-1; src: 167.227.124.53; s_port: 59578; dst: 108.66.76.172; service: 138; proto: udp; rule: 323;SmartDefense profile: Default_Protection;__policy_id_tag: product=VPN-1 & FireWall-1[db_tag={48AB8350-7F61-11DD-887D-C0A832D16C6C};mgmt=fwmngt-zentral;date=1221069169;policy_name=Chameleon_gbl];has_accounting: 0;i/f_dir: inbound;i/f_name: eth-s1/s1p1c0;rule_uid: {21D66174-0E19-4B77-A1E9-3473FE991088};
<133>May 26 08:34:48 microsoft.event.ibm.lab MSWinEventLog 1 Security 102757633 Fri May 26 08:34:48 2017 4907 Microsoft-Windows-Security-Auditing N/A N/A Success Audit testuser-21 Audit Policy Change Auditing settings on object were changed. Subject: Security ID: S-1-5-18 Account Name: testuser-21 Account Domain: us.ibm.com Logon ID: 0x1079521 Object: Object Server: Security Object Type: File Object Name: \Windows\winsxs\test.wav Handle ID: 0x3a8 Process Information: Process ID: 0x2A3A82 Process Name: C:\Windows\System32\wbengine.exe Auditing Settings: Original Security Descriptor: S:AI(AU;A;;WD) New Security Descriptor: S:ARAI(AU;SAFA;;;;WD)(AU;IDFA;B;;;WD) 573412
<33>May 26 08:34:49 threecom.switch.ibm.lab %May 26 08:34:49 2017 S9500 VTY/5/VTY_LOG:  TELNET user failed to login from 15.83.16.235(000D-88F6-60E0) on VTY0.
<129>May 26 08:34:51 barracuda.firewall.ibm.lab WF ALER SLASH_DOT_IN_URL 125.83.117.185 50890 211.1.128.147 443 security-policy GLOBAL DENY NONE ["-"] GET 211.1.128.147/themes/default/css/.htaccess HTTPS "-" ""-"" 211.1.128.147 44428 "-" "-"
<33>May 26 08:34:52 threecom.switch.ibm.lab %May 26 08:34:52 2017 S9500 AAA/2/Serious error!: User testuser-56, in ACM send msg to SC failed! Returns 1 srcID 6 msgType 16384.
<149>May 26 08:34:54 apple.macosx.ibm.lab sudo:    rogueUser-2 : TTY=ttyp1 ; PWD=/Users/admin ; USER=admin ;COMMAND=/bin/bash
<26>May 26 08:34:55 ambiron.ipangel.ibm.lab ipangel-ips: [2017-05-26 08:34:55-05] alert [Priority: 9] [119:14:1] [(http_inspect) NON-RFC DEFINED CHAR] 56.219.18.103:62503 TCP 208.46.230.116:80 br0
<38>May 26 08:34:57 sshd[617160]: Invalid user testuser-59 from 212.2.111.4
<86>May 26 08:34:58 apple.macosx.ibm.lab com.apple.SecurityServer: uid 95140 succeeded authenticating as user admin (uid 501) for right system.install.root.user.
<187>May 26 08:35:00 ['9.9.9.9'] httpd[16986]: [error] [client 125.83.117.185] Invalid URI in request \xf7vMKp`ET&\xa4\x9c\xc9\xec\xd1\xd8j\r\xce\xd9\xd4\xb3\c7
<54>May 26 08:35:02 SymantecServer symantec.endpoint.ibm.lab: DCA-EMAPROJ2,Allowed,"C:\Program Files\Common Files\Symantec Shared\ccSvcHst.exe",,Begin: 2017-05-26 08:35:02,End:2017-05-26 08:35:02,Rule: ,2528,C:/Program Files/Microsoft Virtual Server/vmh.exe,0,,C:/ProgramFiles/Common Files/Symantec Shared/ccSvcHst.exe,User: testuser-62,Domain: US
<187>May 26 08:35:03 ['9.9.9.9'] httpd[16986]: [error] [client 136.38.97.190] Invalid URI in request \xf7vMKp`ET&\xa4\x9c\xc9\xec\xd1\xd8j\r\xce\xd9\xd4\xb3\c7
<133>May 26 08:35:05 microsoft.event.ibm.lab MSWinEventLog 1 Security 102757633 Fri May 26 08:35:05 2017 4907 Microsoft-Windows-Security-Auditing N/A N/A Success Audit testuser-74 Audit Policy Change Auditing settings on object were changed. Subject: Security ID: S-1-5-18 Account Name: testuser-74 Account Domain: us.ibm.com Logon ID: 0x1096209 Object: Object Server: Security Object Type: File Object Name: \Windows\winsxs\test.wav Handle ID: 0x3a8 Process Information: Process ID: 0x9A9460 Process Name: C:\Windows\System32\wbengine.exe Auditing Settings: Original Security Descriptor: S:AI(AU;A;;WD) New Security Descriptor: S:ARAI(AU;SAFA;;;;WD)(AU;IDFA;B;;;WD) 222700
<190>May 26 08:35:06 arbor.pravail.ibm.lab pravail-aps: Blocked Host: Blocked host 33.195.94.29 at 10:53 by Malformed HTTP Filtering using TCP/80 (HTTP) destination 83.171.113.239 source port 62021,URL: https://arbornetworks.pravail.test.com/chaos/
<182>May 26 08:35:08 apache.httpd.ibm.lab httpd: 179.174.48.208 211.230.214.184 - - [26/May/2017:08:35:08 -0500] "GET /../../../../../../../../../../../ HTTP/1.1" 400 443 307
<13>May 26 08:35:09 microsoft.sec.ibm.lab AgentDevice=WindowsLog	AgentLogFile=Security	Source=Security	Computer=COMP-testuser-9	User=testuser-9	Domain=	EventID=680	EventIDCode=680	EventType=8	EventCategory=9	RecordNumber=927849	TimeGenerated=1495802109	TimeWritten=1495802109	Message=Logon attempt by: MICROSOFT_AUTHENTICATION_PACKAGE_V1_0 Logon account: testuser-9 Source Workstation: COMP-testuser-9 Error Code: 0x0 
<182>May 26 08:35:11 apache.httpd.ibm.lab httpd: 56.219.18.103 31.205.22.69 - - [26/May/2017:08:35:11 -0500] "TRACE / HTTP/1.0" 403 443 272
<190>May 26 08:35:13 arbor.pravail.ibm.lab pravail-aps: Blocked Host: Blocked host 201.150.192.18 10:53 by TCP Connection Reset using TCP/52093 (Unknown) destination 83.246.214.215 source port 443,URL: https://arbornetworks.pravail.test.com/chaos/
<129>May 26 08:35:14 barracuda.firewall.ibm.lab WF ALER METACHARACTER_IN_PARAMETER 189.6.147.68 54019 19.70.12.63 443 security-policy GLOBAL DENY NONE [token="%00 " Parameter="article" value="../../../../../../../../etc/passwd"] GET 19.70.12.63/talkback.cgi?article=../../../../../../../../etc/passwd%00&action=view&matchview=1 HTTPS "-" ""-"" 19.70.12.63 54019 "-" "-"
<13>May 26 08:35:16 microsoft.sec.ibm.lab AgentDevice=WindowsLog	AgentLogFile=Security	Source=Security	Computer=COMP-testuser-46	User=testuser-46	Domain=	EventID=675	EventIDCode=675	EventType=16	EventCategory=9	RecordNumber=686650	TimeGenerated=1495802116	TimeWritten=1495802116	Message=Pre-authentication failed: User Name: testuser-46 User ID: %{S-1-2-3-1094116} Service Name: krbtgt Pre-Authentication Type: 0x2 Failure Code: 0x18 Client Address: 15.18.220.250 
<13>May 26 08:35:17 checkpoint.firewall.ibm.lab 26May2017 reject checkpoint.firewall.ibm.lab product: VPN-1 & FireWall-1; src: 20.135.51.253; s_port: 61901; dst: 6.49.10.222; service: 113; proto: tcp; rule: 14;SmartDefense profile: Default_Protection;__policy_id_tag: product=VPN-1 & FireWall-1[db_tag={25E5B8F6-79E7-11DD-941A-C0A832D00C0C};mgmt=fwmngt-wuv;date=1220466957;policy_name=rhino_gbl];has_accounting: 0;i/f_dir: inbound;i/f_name: eth-s2/s1p1c0;rule_uid: {9C96B325-D976-4A30-8685-9ED61018A6E7};service_id: gident;
<26>May 26 08:35:19 ambiron.ipangel.ibm.lab ipangel-ips: [2017-05-26 08:35:19-05] alert [Priority: 9] [119:14:1] [(http_inspect) NON-RFC DEFINED CHAR] 20.135.51.253:52210 TCP 84.53.51.75:80 br0
<133>May 26 08:35:20 microsoft.event.ibm.lab MSWinEventLog 1 Security 102757633 Fri May 26 08:35:20 2017 4907 Microsoft-Windows-Security-Auditing N/A N/A Success Audit testuser-27 Audit Policy Change Auditing settings on object were changed. Subject: Security ID: S-1-5-18 Account Name: testuser-27 Account Domain: us.ibm.com Logon ID: 0x1092025 Object: Object Server: Security Object Type: File Object Name: \Windows\winsxs\test.wav Handle ID: 0x3a8 Process Information: Process ID: 0xAE6D17 Process Name: C:\Windows\System32\wbengine.exe Auditing Settings: Original Security Descriptor: S:AI(AU;A;;WD) New Security Descriptor: S:ARAI(AU;SAFA;;;;WD)(AU;IDFA;B;;;WD) 481452
<13>May 26 08:35:22 checkpoint.firewall.ibm.lab 26May2017  checkpoint.firewall.ibm.lab product: SmartDefense; src: 137.38.197.140; s_port: ; dst: 178.190.59.107; service: ; proto: udp; rule: ;Attack Info: Bad domain format, illegal ASCII value in domain;Suppressed logs: 1;Total logs: 2;__policy_id_tag: product=VPN-1 & FireWall-1[db_tag={9B20E8EA-7DE6-11DD-B7D6-C0A832D11E1E};mgmt=fwmngt-zentral;date=1220906528;policy_name=Vulpine_gbl];alert: alert;attack: Invalid DNS;has_accounting: 0;i/f_dir: inbound;
<54>May 26 08:35:24 SymantecServer symantec.endpoint.ibm.lab: Commercial application detected,Computer name: COMP-1113025,Detection type: Commercial,Application name: DameWare Development DWRCS,Application type: Remote Control,Application version: 5\~ 5\~ 0\~ 0,Hash type: SHA-1,Application hash: 4670d9eeeab7449788be3b18e9364ef0088b900e,Company name: DameWare Development LLC,File size (bytes): 208896,Sensitivity: 0,Detection score: 1,Submission recommendation: 0,Permitted application reason: 0,Source: Heuristic Scan,Risk name:  ,Occurrences: 1,DWMRCS,"DWMRCS",Actual action: Left alone,Requested action: Left alone,Secondary action: Commercial application detection,Event time: 2017-05-26 08:35:24,Inserted: 2017-05-26 08:35:24,End: 2017-05-26 08:35:24,Domain: Default,Group: My Company	est,Server: testbox,User: rogueUser-1,Source computer:  ,Source IP: 0.0.0.0
<13>May 26 08:35:25 microsoft.sec.ibm.lab AgentDevice=WindowsLog	AgentLogFile=Security	Source=Security	Computer=COMP-rogueUser-1	User=rogueUser-1	Domain=	EventID=529	EventIDCode=529	EventType=16	EventCategory=2	RecordNumber=617443	TimeGenerated=1495802125	TimeWritten=1495802125	Message=Successful Network Logon: User Name: Domain: Logon ID: (0x0,0x1113025) Logon Type: 3 Logon Process: NtLmSsp Authentication Package: NTLM Workstation Name: COMP-rogueUser-1 Logon GUID: - Caller User Name: - Caller Domain: - Caller Logon ID: - Caller Process ID: - Transited Services: - Source Network Address: 33.195.94.29 Source Port: 0
<133>May 26 08:35:27 microsoft.event.ibm.lab MSWinEventLog 1 Security 102757633 Fri May 26 08:35:27 2017 4907 Microsoft-Windows-Security-Auditing N/A N/A Success Audit testuser-70 Audit Policy Change Auditing settings on object were changed. Subject: Security ID: S-1-5-18 Account Name: testuser-70 Account Domain: us.ibm.com Logon ID: 0x1087849 Object: Object Server: Security Object Type: File Object Name: \Windows\winsxs\test.wav Handle ID: 0x3a8 Process Information: Process ID: 0x5D1068 Process Name: C:\Windows\System32\wbengine.exe Auditing Settings: Original Security Descriptor: S:AI(AU;A;;WD) New Security Descriptor: S:ARAI(AU;SAFA;;;;WD)(AU;IDFA;B;;;WD) 626813
<38>May 26 08:35:28 sshd[993211]: Failed password for invalid user testuser-38 from 42.51.177.223 port 64631 ssh2
<33>May 26 08:35:30 threecom.switch.ibm.lab %May 26 08:35:30 2017 S9500 RTA/3/Failed to get user traffic: Failed to get traffic of user 167.227.124.53 on board 6
<33>May 26 08:35:31 threecom.switch.ibm.lab %May 26 08:35:31 2017 S9500 AAA/2/Serious error!: User testuser-58, in ACM send msg to SC failed! Returns 1 srcID 6 msgType 16384.
<33>May 26 08:35:33 threecom.switch.ibm.lab %May 26 08:35:33 2017 S9500 VTY/5/VTY_LOG:  TELNET user failed to login from 137.38.197.140(000D-88F6-60E0) on VTY0.
<189>May 26 08:35:34 ['9.9.9.9'] authmgr[504]: <NOTI> login <00:1c:bf:ca:2b:98  129.171.84.29 testuser-7>method=802.1x, server=TEST001, role=Authenticated Update(status 0 method 0 role 16), reauth=1800 sec
<50>May 26 08:35:36 SymantecServer symantec.endpoint.ibm.lab: testbox-xyz,[SID: 70025] Web Attack: Blackhole Exploit Toolkit 2 attack blocked. Traffic has been blocked for this application: C:\Program Files\Internet Explorer\iexplore.exe,Local: 0.0.0.0,Local: 000000000000,Remote: ,Remote: 0.0.0.0,Remote: 000000000000,Inbound,OTHERS,,Begin: 2017-05-26 08:35:36,End: 2017-05-26 08:35:36,Occurrences: 1,Application: C:/Program Files/Internet Explorer/iexplore.exe,Location: Default,User: testuser-68,Domain: SIMON,!ExternalLoggingTask.localport! 0,!ExternalLoggingTask.remoteport! 0,!ExternalLoggingTask.cidssignid! 70025,!ExternalLoggingTask.strcidssignid! Web Attack: Blackhole Exploit Toolkit 2,!ExternalLoggingTask.cidssignsubid! 0,!ExternalLoggingTask.intrusionurl! http://pppptttt.blah.net/links/came_broadcasting_taking-various.php,!ExternalLoggingTask.intrusionpayloadurl!
<129>May 26 08:35:38 barracuda.firewall.ibm.lab WF ALER CROSS_SITE_SCRIPTING_IN_URL 79.186.10.120 63780 119.118.51.104 80 security-policy GLOBAL DENY NONE [type="cross-site-scripting" pattern="script-tag" token="<script>"] GET 119.118.51.104/<script>alert(53416)</script> HTTP "-" ""-"" 119.118.51.104 48541 "-" "-"
<190>May 26 08:35:39 arbor.pravail.ibm.lab pravail-aps: Blocked Host: Blocked host 120.171.20.155 at 10:52 by Invalid Packets using TCP/0 (Unknown) destination 161.136.164.123,URL: https://arbornetworks.pravail.test.com/chaos/
<157>May 26 08:35:41 microsoft.event.ibm.lab MSWinEventLog	4	Security	60703	Fri May 26 08:35:41 2017	552	Security	NETWORK SERVICE	Well Known Group	Success Audit	testuser-97	Logon/Logoff		Logon attempt using explicit credentials: Logged on user:  User Name: NETWORK SERVICE  Domain: NT AUTHORITY  Logon ID: (0x0,0x1106704)  Logon GUID: -  User whose credentials were used:  Target User Name: testuser-97  Target Domain: us.ibm.com Target Logon GUID: -  Target Server Name: localhost  Target Server Info: localhost  Caller Process ID: 53817  Source Network Address: -  Source Port: - 	56794
<38>May 26 08:35:42 sshd[112565]: Disconnecting: Too many authentication failures for testuser-28
<13>May 26 08:35:44 checkpoint.firewall.ibm.lab 26May2017 reject checkpoint.firewall.ibm.lab product: VPN-1 & FireWall-1; src: 33.195.94.29; s_port: 56074; dst: 58.175.17.239; service: 113; proto: tcp; rule: 14;SmartDefense profile: Default_Protection;__policy_id_tag: product=VPN-1 & FireWall-1[db_tag={25E5B8F6-79E7-11DD-941A-C0A832D00C0C};mgmt=fwmngt-wuv;date=1220466957;policy_name=rhino_gbl];has_accounting: 0;i/f_dir: inbound;i/f_name: eth-s2/s1p1c0;rule_uid: {9C96B325-D976-4A30-8685-9ED61018A6E7};service_id: gident;
<182>May 26 08:35:45 apache.httpd.ibm.lab httpd: 79.186.10.120 89.173.117.146 - - [26/May/2017:08:35:45 -0500] "HEAD / HTTP/1.1" 200 443 -
<189>May 26 08:35:47 ['9.9.9.9'] authmgr[504]: <NOTI> login <00:1c:bf:ca:2b:98  33.195.94.29 rogueUser-1>method=802.1x, server=TEST001, role=Authenticated Update(status 0 method 0 role 16), reauth=1800 sec
<13>May 26 08:35:49 microsoft.sec.ibm.lab AgentDevice=WindowsLog	AgentLogFile=Security	Source=Security	Computer=COMP-testuser-79	User=testuser-79	Domain=	EventID=673	EventIDCode=673	EventType=8	EventCategory=9	RecordNumber=899129	TimeGenerated=1495802149	TimeWritten=1495802149	Message=Service Ticket Request:  User Name: testuser-79@us.ibm.com User Domain: us.ibm.com Service Name: MAIL$  Service ID: %{S-3-2-1-BA0DCD} Ticket Options:  0x40810000   Ticket Encryption Type: 0x17 Client Address: 179.174.48.208 Failure Code: - LogonGUID: {BA0DCD-f005ba11-ba5eba11} Transited Services: - 
<38>May 26 08:35:50 sshd[random_number_1_to_999999]: Accepted publickey for testuser-100 from 9.135.38.229 port 61918 ssh2
<13>May 26 08:35:52 checkpoint.firewall.ibm.lab 26May2017  checkpoint.firewall.ibm.lab product: SmartDefense; src: 33.195.94.29; s_port: ; dst: 153.244.109.52; service: ; proto: udp; rule: ;Attack Info: Out-of-state DNS reply;Suppressed logs: 143;Total logs: 144;__policy_id_tag: product=VPN-1 & FireWall-1[db_tag={321A4EE6-7DEA-11DD-BFAA-C0A832822626};mgmt=fwmngt05;date=1220908070;policy_name=KillerWhale_gbl];alert: alert;attack: Invalid DNS;has_accounting: 0;i/f_dir: inbound;
<33>May 26 08:35:53 threecom.switch.ibm.lab %May 26 08:35:53 2017 S9500 AAA/2/Serious error!: User testuser-90, in ACM send msg to SC failed! Returns 1 srcID 6 msgType 16384.
<187>May 26 08:35:55 ['9.9.9.9'] httpd[16986]: [error] [client 125.83.117.185] Invalid URI in request \xf7vMKp`ET&\xa4\x9c\xc9\xec\xd1\xd8j\r\xce\xd9\xd4\xb3\c7
<25>May 26 08:35:56 apple.macosx.ibm.lab DirectoryService[51]: Failed Authentication return is being delayed due to over five recent auth failures for username: rogueUser-3.
<13>May 26 08:35:58 microsoft.sec.ibm.lab AgentDevice=WindowsLog	AgentLogFile=Security	Source=Security	Computer=COMP-testuser-16	User=testuser-16	Domain=	EventID=673	EventIDCode=673	EventType=8	EventCategory=9	RecordNumber=351949	TimeGenerated=1495802158	TimeWritten=1495802158	Message=Service Ticket Request:  User Name: testuser-16@us.ibm.com User Domain: us.ibm.com Service Name: MAIL$  Service ID: %{S-3-2-1-D04F68} Ticket Options:  0x40810000   Ticket Encryption Type: 0x17 Client Address: 56.219.18.103 Failure Code: - LogonGUID: {D04F68-f005ba11-ba5eba11} Transited Services: - 
<13>May 26 08:36:00 microsoft.sec.ibm.lab AgentDevice=WindowsLog	AgentLogFile=Security	Source=Security	Computer=COMP-testuser-21	User=testuser-21	Domain=	EventID=673	EventIDCode=673	EventType=8	EventCategory=9	RecordNumber=555619	TimeGenerated=1495802160	TimeWritten=1495802160	Message=Service Ticket Request:  User Name: testuser-21@us.ibm.com User Domain: us.ibm.com Service Name: MAIL$  Service ID: %{S-3-2-1-1158F2} Ticket Options:  0x40810000   Ticket Encryption Type: 0x17 Client Address: 202.207.224.25 Failure Code: - LogonGUID: {1158F2-f005ba11-ba5eba11} Transited Services: - 
<54>May 26 08:36:01 SymantecServer symantec.endpoint.ibm.lab: testbox-abc,[SID: 21590] P2P Edonkey Ping Message detected.  Traffic has been allowed from this application: C:\Program Files\easyMule\emule.exe,Local: 202.207.224.25,Local: 00218696B978,Remote: ,Remote: 96.202.92.107,Remote: 000000000000,Outbound,OTHERS,Intrusion ID: 0,Begin: 2017-05-26 08:36:01,End: 2017-05-26 08:36:01,Occurrences: 1,Application: C:/Program Files/easyMule/emule.exe,Location: Default,User: testuser-21,Domain: us.ibm.com
<33>May 26 08:36:03 threecom.switch.ibm.lab %May 26 08:36:03 2017 S9500 FTPS/5/USEROUT: User testuser-53(136.38.97.190) logged out
<13>May 26 08:36:04 microsoft.sec.ibm.lab AgentDevice=WindowsLog	AgentLogFile=Security	Source=Security	Computer=COMP-testuser-23	User=testuser-23	Domain=	EventID=672	EventIDCode=672	EventType=8	EventCategory=9	RecordNumber=913980	TimeGenerated=1495802164	TimeWritten=1495802164	Message=Authentication Ticket Request: User Name: testuser-23 Supplied Realm Name: us.ibm.com User ID: %{S-1-2-3-1083681} Service Name: krbtgt Service ID: %{S-3-2-1-949CAE} Ticket Options: 0x40810010 Result Code: - Ticket Encryption Type: 0x17 Pre-Authentication Type: 2 Client Address: 34.242.123.211 Certificate Issuer Name:  Certificate Serial Number:  Certificate Thumbprint: 
<33>May 26 08:36:06 threecom.switch.ibm.lab %May 26 08:36:06 2017 S9500 RTA/3/Failed to get user traffic: Failed to get traffic of user 83.87.204.105 on board 6
<129>May 26 08:36:07 barracuda.firewall.ibm.lab WF ALER METACHARACTER_IN_PARAMETER 56.219.18.103 61768 195.193.138.246 443 security-policy GLOBAL DENY NONE [token="%00 " Parameter="article" value="../../../../../../../../etc/passwd"] GET 195.193.138.246/talkback.cgi?article=../../../../../../../../etc/passwd%00&action=view&matchview=1 HTTPS "-" ""-"" 195.193.138.246 61768 "-" "-"
<25>May 26 08:36:09 apple.macosx.ibm.lab DirectoryService[51]: Failed Authentication return is being delayed due to over five recent auth failures for username: testuser-92.
<25>May 26 08:36:10 ambiron.ipangel.ibm.lab ipangel-ips: [2017-05-26 08:36:10-05] alert [Priority: 9] [116:46:1] [(snort_decoder) WARNING: TCP Data Offset is less than 5!] 20.135.51.253:56652 TCP 19.62.227.172:80 br0
<83>May 26 08:36:12 apple.macosx.ibm.lab com.apple.SecurityServer: authinternal failed to authenticate user testuser-45.
<190>May 26 08:36:14 arbor.pravail.ibm.lab pravail-aps: Blocked Host: Blocked host 218.111.178.29 10:53 by TCP Connection Reset using TCP/62230 (Unknown) destination 213.24.3.250 source port 443,URL: https://arbornetworks.pravail.test.com/chaos/
<13>May 26 08:36:15 microsoft.sec.ibm.lab AgentDevice=WindowsLog	AgentLogFile=Security	Source=Security	Computer=COMP-testuser-34	User=testuser-34	Domain=	EventID=529	EventIDCode=529	EventType=16	EventCategory=2	RecordNumber=512667	TimeGenerated=1495802175	TimeWritten=1495802175	Message=Successful Network Logon: User Name: Domain: Logon ID: (0x0,0x1087849) Logon Type: 3 Logon Process: NtLmSsp Authentication Package: NTLM Workstation Name: COMP-testuser-34 Logon GUID: - Caller User Name: - Caller Domain: - Caller Logon ID: - Caller Process ID: - Transited Services: - Source Network Address: 215.2.90.130 Source Port: 0
<182>May 26 08:36:17 apache.httpd.ibm.lab httpd: 132.146.155.198 23.219.27.109 - - [26/May/2017:08:36:17 -0500] "GET /../../../../../../../../../../../ HTTP/1.1" 400 443 307
<33>May 26 08:36:18 threecom.switch.ibm.lab %May 26 08:36:18 2017 S9500 PORTAL/5/PT_LOG: Online user 136.38.97.190 changes to 205.83.61.175, we will cut it off as using traffic-acct.
<13>May 26 08:36:20 microsoft.sec.ibm.lab AgentDevice=WindowsLog	AgentLogFile=Security	Source=Security	Computer=COMP-testuser-46	User=testuser-46	Domain=	EventID=540	EventIDCode=540	EventType=8	EventCategory=2	RecordNumber=988493	TimeGenerated=1495802180	TimeWritten=1495802180	Message=Successful Network Logon: User Name: Domain: Logon ID: (0x0,0x1094116) Logon Type: 3 Logon Process: NtLmSsp Authentication Package: NTLM Workstation Name: COMP-testuser-46 Logon GUID: - Caller User Name: - Caller Domain: - Caller Logon ID: - Caller Process ID: - Transited Services: - Source Network Address: 199.11.136.45 Source Port: 0
<38>May 26 08:36:21 sshd[726770]: Failed keyboard-interactive for invalid user testuser-66 from 30.90.182.58 port 60252 ssh2
<13>May 26 08:36:23 checkpoint.firewall.ibm.lab 26May2017  checkpoint.firewall.ibm.lab product: SmartDefense; src: 44.111.228.125; s_port: ; dst: 199.108.246.24; service: ; proto: udp; rule: ;Attack Info: Out-of-state DNS reply;Suppressed logs: 143;Total logs: 144;__policy_id_tag: product=VPN-1 & FireWall-1[db_tag={321A4EE6-7DEA-11DD-BFAA-C0A832822626};mgmt=fwmngt05;date=1220908070;policy_name=KillerWhale_gbl];alert: alert;attack: Invalid DNS;has_accounting: 0;i/f_dir: inbound;
<182>May 26 08:36:25 apache.httpd.ibm.lab httpd: 201.150.192.18 11.36.142.230 - - [26/May/2017:08:36:25 -0500] "TRACE / HTTP/1.0" 403 443 272
<54>May 26 08:36:26 SymantecServer symantec.endpoint.ibm.lab: Security risk found,Computer name: COMP-1100401,Source: Scheduled Scan,Risk name: VirusDoctor,Occurrences: 1,c:/System Volume Information/_restore{A3F5C2A3-F289-4356-B021-1FEFEFB73CBD}/RP243/A0070465.exe,"",Actual action: Quarantined,Requested action: Quarantined,Secondary action: Left alone,Event time: 2017-05-26 08:36:26,Inserted:2017-05-26 08:36:26,End: 2017-05-26 08:36:26,Domain: Default,Group: My Company	est,Server: avp1,User: testuser-85,Source computer:  ,Source IP: 0.0.0.0
<13>May 26 08:36:28 microsoft.sec.ibm.lab AgentDevice=WindowsLog	AgentLogFile=Security	Source=Security	Computer=COMP-rogueUser-3	User=rogueUser-3	Domain=	EventID=529	EventIDCode=529	EventType=16	EventCategory=2	RecordNumber=503732	TimeGenerated=1495802188	TimeWritten=1495802188	Message=Successful Network Logon: User Name: Domain: Logon ID: (0x0,0x1117249) Logon Type: 3 Logon Process: NtLmSsp Authentication Package: NTLM Workstation Name: COMP-rogueUser-3 Logon GUID: - Caller User Name: - Caller Domain: - Caller Logon ID: - Caller Process ID: - Transited Services: - Source Network Address: 4.221.229.209 Source Port: 0
<50>May 26 08:36:29 SymantecServer symantec.endpoint.ibm.lab: testbox-xyz,[SID: 70025] Web Attack: Blackhole Exploit Toolkit 2 attack blocked. Traffic has been blocked for this application: C:\Program Files\Internet Explorer\iexplore.exe,Local: 0.0.0.0,Local: 000000000000,Remote: ,Remote: 0.0.0.0,Remote: 000000000000,Inbound,OTHERS,,Begin: 2017-05-26 08:36:29,End: 2017-05-26 08:36:29,Occurrences: 1,Application: C:/Program Files/Internet Explorer/iexplore.exe,Location: Default,User: testuser-32,Domain: SIMON,!ExternalLoggingTask.localport! 0,!ExternalLoggingTask.remoteport! 0,!ExternalLoggingTask.cidssignid! 70025,!ExternalLoggingTask.strcidssignid! Web Attack: Blackhole Exploit Toolkit 2,!ExternalLoggingTask.cidssignsubid! 0,!ExternalLoggingTask.intrusionurl! http://pppptttt.blah.net/links/came_broadcasting_taking-various.php,!ExternalLoggingTask.intrusionpayloadurl!
<38>May 26 08:36:31 sshd[544275]: Failed none for invalid user testuser-96 from 83.87.204.105 port 60360 ssh2
<13>May 26 08:36:32 microsoft.sec.ibm.lab AgentDevice=WindowsLog	AgentLogFile=Security	Source=Security	Computer=COMP-testuser-81	User=testuser-81	Domain=	EventID=675	EventIDCode=675	EventType=16	EventCategory=9	RecordNumber=445529	TimeGenerated=1495802192	TimeWritten=1495802192	Message=Pre-authentication failed: User Name: testuser-81 User ID: %{S-1-2-3-1092025} Service Name: krbtgt Pre-Authentication Type: 0x2 Failure Code: 0x18 Client Address: 218.111.178.29 
<13>May 26 08:36:34 microsoft.sec.ibm.lab AgentDevice=WindowsLog	AgentLogFile=Security	Source=Security	Computer=COMP-testuser-9	User=testuser-9	Domain=	EventID=673	EventIDCode=673	EventType=8	EventCategory=9	RecordNumber=302130	TimeGenerated=1495802194	TimeWritten=1495802194	Message=Service Ticket Request:  User Name: testuser-9@us.ibm.com User Domain: us.ibm.com Service Name: MAIL$  Service ID: %{S-3-2-1-7866D1} Ticket Options:  0x40810000   Ticket Encryption Type: 0x17 Client Address: 99.123.52.13 Failure Code: - LogonGUID: {7866D1-f005ba11-ba5eba11} Transited Services: - 
<13>May 26 08:36:36 checkpoint.firewall.ibm.lab 26May2017  checkpoint.firewall.ibm.lab product: SmartDefense; src: 218.111.178.29; s_port: ; dst: 37.10.60.152; service: ; proto: udp; rule: ;Attack Info: Out-of-state DNS reply;Suppressed logs: 143;Total logs: 144;__policy_id_tag: product=VPN-1 & FireWall-1[db_tag={321A4EE6-7DEA-11DD-BFAA-C0A832822626};mgmt=fwmngt05;date=1220908070;policy_name=KillerWhale_gbl];alert: alert;attack: Invalid DNS;has_accounting: 0;i/f_dir: inbound;
<129>May 26 08:36:37 barracuda.firewall.ibm.lab WF ALER METHOD_NOT_ALLOWED 154.102.244.170 59864 72.206.183.112 80 security-policy GLOBAL DENY NONE [Method="ABCD"] ABCD 72.206.183.112/ HTTP "-" ""-"" 72.206.183.112 48536 "-" "-"
<133>May 26 08:36:39 microsoft.event.ibm.lab MSWinEventLog 1 Security 102757633 Fri May 26 08:36:39 2017 4907 Microsoft-Windows-Security-Auditing N/A N/A Success Audit testuser-50 Audit Policy Change Auditing settings on object were changed. Subject: Security ID: S-1-5-18 Account Name: testuser-50 Account Domain: us.ibm.com Logon ID: 0x1083681 Object: Object Server: Security Object Type: File Object Name: \Windows\winsxs\test.wav Handle ID: 0x3a8 Process Information: Process ID: 0x6AB22F Process Name: C:\Windows\System32\wbengine.exe Auditing Settings: Original Security Descriptor: S:AI(AU;A;;WD) New Security Descriptor: S:ARAI(AU;SAFA;;;;WD)(AU;IDFA;B;;;WD) 39654
<187>May 26 08:36:40 ['9.9.9.9'] httpd[16986]: [error] [client 79.186.10.120] Invalid URI in request \xf7vMKp`ET&\xa4\x9c\xc9\xec\xd1\xd8j\r\xce\xd9\xd4\xb3\c7
<182>May 26 08:36:42 apache.httpd.ibm.lab httpd: 79.186.10.120 43.152.185.208 - - [26/May/2017:08:36:42 -0500] "ABCD / HTTP/1.1" 501 443 297
<33>May 26 08:36:43 threecom.switch.ibm.lab %May 26 08:36:43 2017 S9500 FTPS/5/USERIN: User testuser-79(179.174.48.208) login succeeded
<13>May 26 08:36:45 checkpoint.firewall.ibm.lab 26May2017 drop checkpoint.firewall.ibm.lab product: SmartDefense; src: 51.18.44.104; s_port: 62606; dst: 210.225.163.228; service: 443; proto: tcp; rule: 392;Attack Info: TCP segment out of maximum allowed sequence. Packet dropped.;Confidence Level: 0;Performance Impact: 0;Protection Name: TCP Segment Limit Enforcement;Protection Type: settings_tcp;Severity: 0;SmartDefense Profile: Boticario_DMZ_Protection;__policy_id_tag: product=VPN-1 & FireWall-1[db_tag={E94ECB65-34C0-4740-9634-761E1604C8BC};mgmt=SJP1PLNX036-DMZ;date=1424714440;policy_name=DMZ];attack: Streaming Engine: TCP Segment Limit Enforcement;has_accounting: 0;i/f_dir: inbound;i/f_name: eth2-01.2809;origin_sic_name: CN=TEST-DMZ1,O=log_server_hostname;protection_id: tcp_segment_limit;rule_uid: {499DBB08-D262-4D9F-B639-5337A7B36E59};snid: 7572c682;src_machine_name: COMP-testuser-40;src_user_name: testuser-40 ;user: testuser-40 ;
<189>May 26 08:36:46 ['9.9.9.9'] authmgr[504]: <NOTI> login <00:1c:bf:ca:2b:98  167.227.124.53 testuser-5>method=802.1x, server=TEST001, role=Authenticated Update(status 0 method 0 role 16), reauth=1800 sec
<13>May 26 08:36:48 checkpoint.firewall.ibm.lab 26May2017 drop checkpoint.firewall.ibm.lab product: SmartDefense; src: 129.171.84.29; s_port: 54423; dst: 53.105.134.70; service: 443; proto: tcp; rule: 392;Attack Info: TCP segment out of maximum allowed sequence. Packet dropped.;Confidence Level: 0;Performance Impact: 0;Protection Name: TCP Segment Limit Enforcement;Protection Type: settings_tcp;Severity: 0;SmartDefense Profile: Boticario_DMZ_Protection;__policy_id_tag: product=VPN-1 & FireWall-1[db_tag={E94ECB65-34C0-4740-9634-761E1604C8BC};mgmt=SJP1PLNX036-DMZ;date=1424714440;policy_name=DMZ];attack: Streaming Engine: TCP Segment Limit Enforcement;has_accounting: 0;i/f_dir: inbound;i/f_name: eth2-01.2809;origin_sic_name: CN=TEST-DMZ1,O=log_server_hostname;protection_id: tcp_segment_limit;rule_uid: {499DBB08-D262-4D9F-B639-5337A7B36E59};snid: 7572c682;src_machine_name: COMP-testuser-7;src_user_name: testuser-7 ;user: testuser-7 ;
<190>May 26 08:36:50 arbor.pravail.ibm.lab pravail-aps: Blocked Host: Blocked host 15.83.16.235 at 10:53 by Malformed HTTP Filtering using TCP/80 (HTTP) destination 183.196.45.82 source port 52237,URL: https://arbornetworks.pravail.test.com/chaos/
<38>May 26 08:36:51 sshd[random_number_1_to_999999]: Accepted publickey for rogueUser-3 from 20.135.51.253 port 59087 ssh2
<157>May 26 08:36:53 microsoft.event.ibm.lab MSWinEventLog	4	Security	60703	Fri May 26 08:36:53 2017	552	Security	NETWORK SERVICE	Well Known Group	Success Audit	testuser-10	Logon/Logoff		Logon attempt using explicit credentials: Logged on user:  User Name: NETWORK SERVICE  Domain: NT AUTHORITY  Logon ID: (0x0,0x1075369)  Logon GUID: -  User whose credentials were used:  Target User Name: testuser-10  Target Domain: us.ibm.com Target Logon GUID: -  Target Server Name: localhost  Target Server Info: localhost  Caller Process ID: 994089  Source Network Address: -  Source Port: - 	56794
<33>May 26 08:36:54 threecom.switch.ibm.lab %May 26 08:36:54 2017 S9500 PORTAL/5/PT_LOG: Online user 79.186.10.120 changes to 176.54.126.17, we will cut it off as using traffic-acct.
<189>May 26 08:36:56 ['9.9.9.9'] authmgr[504]: <NOTI> login <00:1c:bf:ca:2b:98  79.186.10.120 testuser-73>method=802.1x, server=TEST001, role=Authenticated Update(status 0 method 0 role 16), reauth=1800 sec
<149>May 26 08:36:57 apple.macosx.ibm.lab sudo:    testuser-54 : TTY=ttyp1 ; PWD=/Users/admin ; USER=admin ;COMMAND=/bin/bash
<187>May 26 08:36:59 ['9.9.9.9'] httpd[16986]: [error] [client 165.11.95.213] Invalid URI in request \xf7vMKp`ET&\xa4\x9c\xc9\xec\xd1\xd8j\r\xce\xd9\xd4\xb3\c7
<37>May 26 08:37:01 Message forwarded from aix.ibm.lab: su: from testuser-15 to root at /dev/pts/4
<33>May 26 08:37:02 threecom.switch.ibm.lab %May 26 08:37:02 2017 S9500 RTA/3/Failed to get user traffic: Failed to get traffic of user 165.11.95.213 on board 6
<27>May 26 08:37:04 ambiron.ipangel.ibm.lab ipangel-ips: [2017-05-26 08:37:04-05] alert [Priority: 9] [119:2:1] [(http_inspect) DOUBLE DECODING ATTACK] 79.186.10.120:54000 TCP 99.127.103.145:80 br0
<129>May 26 08:37:05 barracuda.firewall.ibm.lab WF ALER METHOD_NOT_ALLOWED 165.11.95.213 55321 107.212.211.243 80 security-policy GLOBAL DENY NONE [Method="ABCD"] ABCD 107.212.211.243/ HTTP "-" ""-"" 107.212.211.243 48536 "-" "-"
<182>May 26 08:37:07 apache.httpd.ibm.lab httpd: 15.83.16.235 122.221.201.95 - - [26/May/2017:08:37:07 -0500] "GET /<script>alert(53416)</script> HTTP/1.1" 404 443 320
<189>May 26 08:37:08 ['9.9.9.9'] authmgr[504]: <NOTI> login <00:1c:bf:ca:2b:98  179.174.48.208 testuser-79>method=802.1x, server=TEST001, role=Authenticated Update(status 0 method 0 role 16), reauth=1800 sec
<26>May 26 08:37:10 ambiron.ipangel.ibm.lab ipangel-ips: [2017-05-26 08:37:10-05] alert [Priority: 9] [119:14:1] [(http_inspect) NON-RFC DEFINED CHAR] 136.38.97.190:54927 TCP 179.96.129.14:80 br0
<54>May 26 08:37:12 SymantecServer symantec.endpoint.ibm.lab: Commercial application detected,Computer name: COMP-1098304,Detection type: Commercial,Application name: DameWare Development DWRCS,Application type: Remote Control,Application version: 5\~ 5\~ 0\~ 0,Hash type: SHA-1,Application hash: 4670d9eeeab7449788be3b18e9364ef0088b900e,Company name: DameWare Development LLC,File size (bytes): 208896,Sensitivity: 0,Detection score: 1,Submission recommendation: 0,Permitted application reason: 0,Source: Heuristic Scan,Risk name:  ,Occurrences: 1,DWMRCS,"DWMRCS",Actual action: Left alone,Requested action: Left alone,Secondary action: Commercial application detection,Event time: 2017-05-26 08:37:12,Inserted: 2017-05-26 08:37:12,End: 2017-05-26 08:37:12,Domain: Default,Group: My Company	est,Server: testbox,User: testuser-57,Source computer:  ,Source IP: 0.0.0.0
<14>May 26 08:37:13 Message forwarded from aix.ibm.lab: ftp[random_number_1_to_999999]: ftp: EXPORT user rogueUser-3, host 190.76.125.143, local test_script.sh, remote test_script.sh.
<182>May 26 08:37:15 apache.httpd.ibm.lab httpd: 30.90.182.58 95.128.149.210 - - [26/May/2017:08:37:15 -0500] "HEAD / HTTP/1.1" 200 443 -
<182>May 26 08:37:16 apache.httpd.ibm.lab httpd: 83.87.204.105 128.34.45.75 - - [26/May/2017:08:37:16 -0500] "GET / HTTP/1.0" 200 443 9334
<13>May 26 08:37:18 microsoft.sec.ibm.lab AgentDevice=WindowsLog	AgentLogFile=Security	Source=Security	Computer=COMP-testuser-13	User=testuser-13	Domain=	EventID=680	EventIDCode=680	EventType=16	EventCategory=9	RecordNumber=524149	TimeGenerated=1495802238	TimeWritten=1495802238	Message=Logon attempt by: MICROSOFT_AUTHENTICATION_PACKAGE_V1_0 Logon account: testuser-13 Source Workstation: COMP-testuser-13 Error Code: 0x0 
<13>May 26 08:37:19 microsoft.sec.ibm.lab AgentDevice=WindowsLog	AgentLogFile=Security	Source=Security	Computer=COMP-testuser-7	User=testuser-7	Domain=	EventID=529	EventIDCode=529	EventType=16	EventCategory=2	RecordNumber=39449	TimeGenerated=1495802239	TimeWritten=1495802239	Message=Successful Network Logon: User Name: Domain: Logon ID: (0x0,0x990025) Logon Type: 3 Logon Process: NtLmSsp Authentication Package: NTLM Workstation Name: COMP-testuser-7 Logon GUID: - Caller User Name: - Caller Domain: - Caller Logon ID: - Caller Process ID: - Transited Services: - Source Network Address: 194.86.211.121 Source Port: 0
<13>May 26 08:37:21 checkpoint.firewall.ibm.lab 26May2017  checkpoint.firewall.ibm.lab product: SmartDefense; src: 132.146.155.198; s_port: ; dst: 104.89.159.229; service: ; proto: icmp; rule: ;Attack Info: Echo request too big;Suppressed logs: 1;Total logs: 2;__policy_id_tag: product=VPN-1 & FireWall-1[db_tag={B5A7057E-7F61-11DD-AA43-C0A832D12424};mgmt=fwmngt-zentral;date=1221069352;policy_name=Spider_gbl];alert: alert;attack: Large ping;has_accounting: 0;i/f_dir: inbound;
<33>May 26 08:37:22 threecom.switch.ibm.lab %May 26 08:37:22 2017 S9500 PORTAL/5/PT_LOG: Online user 30.90.182.58 changes to 110.98.44.114, we will cut it off as using traffic-acct.
<14>May 26 08:37:24 Message forwarded from aix.ibm.lab: ftp[random_number_1_to_999999]: ftp: EXPORT user rogueUser-4, host 13.247.58.241, local test_script.sh, remote test_script.sh.
<13>May 26 08:37:26 checkpoint.firewall.ibm.lab 26May2017  checkpoint.firewall.ibm.lab product: SmartDefense; src: 132.146.155.198; s_port: ; dst: 168.55.3.113; service: ; proto: udp; rule: ;Attack Info: Bad domain format, illegal ASCII value in domain;Suppressed logs: 1;Total logs: 2;__policy_id_tag: product=VPN-1 & FireWall-1[db_tag={9B20E8EA-7DE6-11DD-B7D6-C0A832D11E1E};mgmt=fwmngt-zentral;date=1220906528;policy_name=Vulpine_gbl];alert: alert;attack: Invalid DNS;has_accounting: 0;i/f_dir: inbound;
<187>May 26 08:37:27 ['9.9.9.9'] httpd[16986]: [error] [client 83.87.204.105] Invalid URI in request \xf7vMKp`ET&\xa4\x9c\xc9\xec\xd1\xd8j\r\xce\xd9\xd4\xb3\c7
<13>May 26 08:37:29 checkpoint.firewall.ibm.lab 26May2017 drop checkpoint.firewall.ibm.lab product: SmartDefense; src: 83.87.204.105; s_port: 62789; dst: 52.37.195.82; service: 443; proto: tcp; rule: 392;Attack Info: TCP segment out of maximum allowed sequence. Packet dropped.;Confidence Level: 0;Performance Impact: 0;Protection Name: TCP Segment Limit Enforcement;Protection Type: settings_tcp;Severity: 0;SmartDefense Profile: Boticario_DMZ_Protection;__policy_id_tag: product=VPN-1 & FireWall-1[db_tag={E94ECB65-34C0-4740-9634-761E1604C8BC};mgmt=SJP1PLNX036-DMZ;date=1424714440;policy_name=DMZ];attack: Streaming Engine: TCP Segment Limit Enforcement;has_accounting: 0;i/f_dir: inbound;i/f_name: eth2-01.2809;origin_sic_name: CN=TEST-DMZ1,O=log_server_hostname;protection_id: tcp_segment_limit;rule_uid: {499DBB08-D262-4D9F-B639-5337A7B36E59};snid: 7572c682;src_machine_name: COMP-testuser-78;src_user_name: testuser-78 ;user: testuser-78 ;
<190>May 26 08:37:30 arbor.pravail.ibm.lab pravail-aps: Blocked Host: Blocked host 128.234.158.118 at 10:53 by Malformed HTTP Filtering using TCP/80 (HTTP) destination 180.8.28.3 source port 61269,URL: https://arbornetworks.pravail.test.com/chaos/
<129>May 26 08:37:32 barracuda.firewall.ibm.lab WF ALER SLASH_DOT_IN_URL 64.87.88.123 49770 78.100.62.123 443 security-policy GLOBAL DENY NONE ["-"] GET 78.100.62.123/themes/default/css/.htaccess HTTPS "-" ""-"" 78.100.62.123 44428 "-" "-"
<187>May 26 08:37:33 ['9.9.9.9'] httpd[16986]: [error] [client 54.11.145.63] Invalid URI in request \xf7vMKp`ET&\xa4\x9c\xc9\xec\xd1\xd8j\r\xce\xd9\xd4\xb3\c7
<38>May 26 08:37:35 sshd[149542]: Failed password for invalid user testuser-45 from 218.111.178.29 port 62453 ssh2
<182>May 26 08:37:37 apache.httpd.ibm.lab httpd: 83.87.204.105 16.64.220.215 - - [26/May/2017:08:37:37 -0500] "OPTIONS /cgi-bin/index.php HTTP/1.1" 200 443 -
<129>May 26 08:37:38 barracuda.firewall.ibm.lab WF ALER CROSS_SITE_SCRIPTING_IN_PARAM 33.195.94.29 49720 184.36.150.56 443 security-policy GLOBAL DENY NONE [type="cross-site-scripting" pattern="script-tag" token="<script>" Parameter="url" value="<script>alert(5341)</script>"] GET 184.36.150.56/redirect.asp?url=<script>alert(5341)</script> HTTPS "-" ""-"" 184.36.150.56 59845 "-" "-"
<190>May 26 08:37:40 arbor.pravail.ibm.lab pravail-aps: Blocked Host: Blocked host 201.150.192.18 at 10:52 by Invalid Packets using TCP/0 (Unknown) destination 80.82.25.33,URL: https://arbornetworks.pravail.test.com/chaos/
<54>May 26 08:37:41 SymantecServer symantec.endpoint.ibm.lab: Security risk found,Computer name: COMP-1119364,Source: Scheduled Scan,Risk name: VirusDoctor,Occurrences: 1,c:/System Volume Information/_restore{A3F5C2A3-F289-4356-B021-1FEFEFB73CBD}/RP243/A0070465.exe,"",Actual action: Quarantined,Requested action: Quarantined,Secondary action: Left alone,Event time: 2017-05-26 08:37:41,Inserted:2017-05-26 08:37:41,End: 2017-05-26 08:37:41,Domain: Default,Group: My Company	est,Server: avp1,User: rogueUser-4,Source computer:  ,Source IP: 0.0.0.0
<157>May 26 08:37:43 microsoft.event.ibm.lab MSWinEventLog	4	Security	60703	Fri May 26 08:37:43 2017	552	Security	NETWORK SERVICE	Well Known Group	Success Audit	testuser-95	Logon/Logoff		Logon attempt using explicit credentials: Logged on user:  User Name: NETWORK SERVICE  Domain: NT AUTHORITY  Logon ID: (0x0,0x1102500)  Logon GUID: -  User whose credentials were used:  Target User Name: testuser-95  Target Domain: us.ibm.com Target Logon GUID: -  Target Server Name: localhost  Target Server Info: localhost  Caller Process ID: 529883  Source Network Address: -  Source Port: - 	56794
