<54>May 26 07:48:14 SymantecServer symantec.endpoint.ibm.lab: testbox-abc,[SID: 21590] P2P Edonkey Ping Message detected.  Traffic has been allowed from this application: C:\Program Files\easyMule\emule.exe,Local: 179.174.48.208,Local: 00218696B978,Remote: ,Remote: 52.180.243.71,Remote: 000000000000,Outbound,OTHERS,Intrusion ID: 0,Begin: 2017-05-26 07:48:14,End: 2017-05-26 07:48:14,Occurrences: 1,Application: C:/Program Files/easyMule/emule.exe,Location: Default,User: testuser-97,Domain: us.ibm.com
<13>May 26 07:48:16 checkpoint.firewall.ibm.lab 26May2017  checkpoint.firewall.ibm.lab product: martDefense; src: 136.38.97.190; s_port: ; dst: 19.237.141.195; service: ; proto: udp; rule: ;Attack Info: Response packet too long, potential buffer overflow;Suppressed logs: 5;Total logs: 6;__policy_id_tag: product=VPN-1 & FireWall-1[db_tag={321A4EE6-7DEA-11DD-BFAA-C0A832822626};mgmt=fwmngt05;date=1220908070;policy_name=KillerWhale_gbl];alert: alert;attack: Invalid DNS;has_accounting: 0;i/f_dir: inbound;
<182>May 26 07:48:17 apache.httpd.ibm.lab httpd: 30.90.182.58 89.172.251.251 - - [26/May/2017:07:48:17 -0500] "ABCD / HTTP/1.1" 501 443 297
<29>May 26 07:48:19 Message forwarded from aix.ibm.lab: telnetd[14315774090276]: telnet from ::ffff:202.207.224.25 on /dev/pts/1
<187>May 26 07:48:20 ['9.9.9.9'] httpd[16986]: [error] [client 30.90.182.58] Invalid URI in request \xf7vMKp`ET&\xa4\x9c\xc9\xec\xd1\xd8j\r\xce\xd9\xd4\xb3\c7
<182>May 26 07:48:22 apache.httpd.ibm.lab httpd: 218.111.178.29 5.67.64.11 - - [26/May/2017:07:48:22 -0500] "OPTIONS /cgi-bin/index.php HTTP/1.1" 200 443 -
<190>May 26 07:48:24 arbor.pravail.ibm.lab pravail-aps: Blocked Host: Blocked host 212.2.111.4 10:53 by TCP Connection Reset using TCP/55784 (Unknown) destination 66.154.22.184 source port 443,URL: https://arbornetworks.pravail.test.com/chaos/
<182>May 26 07:48:25 apache.httpd.ibm.lab httpd: 56.219.18.103 166.156.136.157 - - [26/May/2017:07:48:25 -0500] "POST /test.php?doing_test=123 HTTP/1.0" 404 80 282
<13>May 26 07:48:27 microsoft.sec.ibm.lab AgentDevice=WindowsLog	AgentLogFile=Security	Source=Security	Computer=COMP-testuser-6	User=testuser-6	Domain=	EventID=672	EventIDCode=672	EventType=8	EventCategory=9	RecordNumber=766164	TimeGenerated=1495799307	TimeWritten=1495799307	Message=Authentication Ticket Request: User Name: testuser-6 Supplied Realm Name: us.ibm.com User ID: %{S-1-2-3-988036} Service Name: krbtgt Service ID: %{S-3-2-1-A65A0B} Ticket Options: 0x40810010 Result Code: - Ticket Encryption Type: 0x17 Pre-Authentication Type: 2 Client Address: 97.243.135.166 Certificate Issuer Name:  Certificate Serial Number:  Certificate Thumbprint: 
<13>May 26 07:48:28 checkpoint.firewall.ibm.lab 26May2017  checkpoint.firewall.ibm.lab product: martDefense; src: 201.150.192.18; s_port: ; dst: 211.46.84.23; service: ; proto: udp; rule: ;Attack Info: Response packet too long, potential buffer overflow;Suppressed logs: 5;Total logs: 6;__policy_id_tag: product=VPN-1 & FireWall-1[db_tag={321A4EE6-7DEA-11DD-BFAA-C0A832822626};mgmt=fwmngt05;date=1220908070;policy_name=KillerWhale_gbl];alert: alert;attack: Invalid DNS;has_accounting: 0;i/f_dir: inbound;
<13>May 26 07:48:30 microsoft.sec.ibm.lab AgentDevice=WindowsLog	AgentLogFile=Security	Source=Security	Computer=COMP-rogueUser-2	User=rogueUser-2	Domain=	EventID=529	EventIDCode=529	EventType=16	EventCategory=2	RecordNumber=410873	TimeGenerated=1495799310	TimeWritten=1495799310	Message=Successful Network Logon: User Name: Domain: Logon ID: (0x0,0x1115136) Logon Type: 3 Logon Process: NtLmSsp Authentication Package: NTLM Workstation Name: COMP-rogueUser-2 Logon GUID: - Caller User Name: - Caller Domain: - Caller Logon ID: - Caller Process ID: - Transited Services: - Source Network Address: 137.38.197.140 Source Port: 0
<54>May 26 07:48:31 SymantecServer symantec.endpoint.ibm.lab: Potential risk found,Computer name: COMP-1115136,Detection type: Heuristic,Application name: (Unknown),Application type: Trojan Worm,Application version: ,Hash type: SHA-1,Application hash: 72c874f212a18944ff56f774bfe7252346b93f8e,Company name: ,File size (bytes): 301568,Sensitivity: 0,Detection score: 40,Submission recommendation:1,Permitted application reason: 0,Source: Heuristic Scan,Risk name: ,Occurrences: 1,c:\claims\claims32.exe,"",Actual action: Left alone,Requested action: Left alone,Secondary action: Left alone,Event time: 2017-05-26 07:48:31,Inserted:2017-05-26 07:48:31,End:  2017-05-26 07:48:31,Domain: Default,Group: My Company\LTC\Desktops,Server: crasesssmc01,User: rogueUser-2,Source computer: ,Source IP: 0.0.0.0
<133>May 26 07:48:33 microsoft.event.ibm.lab MSWinEventLog 1 Security 102757633 Fri May 26 07:48:33 2017 4907 Microsoft-Windows-Security-Auditing N/A N/A Success Audit testuser-53 Audit Policy Change Auditing settings on object were changed. Subject: Security ID: S-1-5-18 Account Name: testuser-53 Account Domain: us.ibm.com Logon ID: 0x1089936 Object: Object Server: Security Object Type: File Object Name: \Windows\winsxs\test.wav Handle ID: 0x3a8 Process Information: Process ID: 0xEE2BB9 Process Name: C:\Windows\System32\wbengine.exe Auditing Settings: Original Security Descriptor: S:AI(AU;A;;WD) New Security Descriptor: S:ARAI(AU;SAFA;;;;WD)(AU;IDFA;B;;;WD) 498920
<190>May 26 07:48:35 arbor.pravail.ibm.lab pravail-aps: Blocked Host: Blocked host 83.87.204.105 10:53 by TCP Connection Reset using TCP/62940 (Unknown) destination 24.72.251.199 source port 443,URL: https://arbornetworks.pravail.test.com/chaos/
<190>May 26 07:48:36 arbor.pravail.ibm.lab pravail-aps: Blocked Host: Blocked host 120.171.20.155 at 10:52 by Invalid Packets using TCP/0 (Unknown) destination 181.123.72.138,URL: https://arbornetworks.pravail.test.com/chaos/
<54>May 26 07:48:38 SymantecServer symantec.endpoint.ibm.lab: Commercial application detected,Computer name: COMP-1100401,Detection type: Commercial,Application name: DameWare Development DWRCS,Application type: Remote Control,Application version: 5\~ 5\~ 0\~ 0,Hash type: SHA-1,Application hash: 4670d9eeeab7449788be3b18e9364ef0088b900e,Company name: DameWare Development LLC,File size (bytes): 208896,Sensitivity: 0,Detection score: 1,Submission recommendation: 0,Permitted application reason: 0,Source: Heuristic Scan,Risk name:  ,Occurrences: 1,DWMRCS,"DWMRCS",Actual action: Left alone,Requested action: Left alone,Secondary action: Commercial application detection,Event time: 2017-05-26 07:48:38,Inserted: 2017-05-26 07:48:38,End: 2017-05-26 07:48:38,Domain: Default,Group: My Company	est,Server: testbox,User: testuser-49,Source computer:  ,Source IP: 0.0.0.0
<86>May 26 07:48:39 apple.macosx.ibm.lab com.apple.SecurityServer: uid 105625 succeeded authenticating as user admin (uid 501) for right system.install.root.user.
<133>May 26 07:48:41 microsoft.event.ibm.lab MSWinEventLog 1 Security 102757633 Fri May 26 07:48:41 2017 4907 Microsoft-Windows-Security-Auditing N/A N/A Success Audit testuser-95 Audit Policy Change Auditing settings on object were changed. Subject: Security ID: S-1-5-18 Account Name: testuser-95 Account Domain: us.ibm.com Logon ID: 0x1102500 Object: Object Server: Security Object Type: File Object Name: \Windows\winsxs\test.wav Handle ID: 0x3a8 Process Information: Process ID: 0x6525EA Process Name: C:\Windows\System32\wbengine.exe Auditing Settings: Original Security Descriptor: S:AI(AU;A;;WD) New Security Descriptor: S:ARAI(AU;SAFA;;;;WD)(AU;IDFA;B;;;WD) 270937
<182>May 26 07:48:42 apache.httpd.ibm.lab httpd: 30.90.182.58 128.190.187.46 - - [26/May/2017:07:48:42 -0500] "POST /test.php?doing_test=123 HTTP/1.0" 404 80 282
<182>May 26 07:48:44 apache.httpd.ibm.lab httpd: 83.87.204.105 178.35.253.175 - - [26/May/2017:07:48:44 -0500] "GET /../../../../../../../../../../../ HTTP/1.1" 400 443 307
<38>May 26 07:48:45 sshd[568468]: Failed keyboard-interactive for invalid user testuser-19 from 79.186.10.120 port 49450 ssh2
<25>May 26 07:48:47 ambiron.ipangel.ibm.lab ipangel-ips: [2017-05-26 07:48:47-05] alert [Priority: 9] [116:46:1] [(snort_decoder) WARNING: TCP Data Offset is less than 5!] 79.186.10.120:49698 TCP 22.157.16.86:80 br0
<54>May 26 07:48:49 SymantecServer symantec.endpoint.ibm.lab: Potential risk found,Computer name: COMP-1077444,Detection type: Heuristic,Application name: (Unknown),Application type: Trojan Worm,Application version: ,Hash type: SHA-1,Application hash: 72c874f212a18944ff56f774bfe7252346b93f8e,Company name: ,File size (bytes): 301568,Sensitivity: 0,Detection score: 40,Submission recommendation:1,Permitted application reason: 0,Source: Heuristic Scan,Risk name: ,Occurrences: 1,c:\claims\claims32.exe,"",Actual action: Left alone,Requested action: Left alone,Secondary action: Left alone,Event time: 2017-05-26 07:48:49,Inserted:2017-05-26 07:48:49,End:  2017-05-26 07:48:49,Domain: Default,Group: My Company\LTC\Desktops,Server: crasesssmc01,User: testuser-11,Source computer: ,Source IP: 0.0.0.0
<39>May 26 07:48:50 Message forwarded from aix.ibm.lab: testuser-97 PAM: pam_authenticate: error Authentication failed
<83>May 26 07:48:52 apple.macosx.ibm.lab com.apple.SecurityServer: authinternal failed to authenticate user testuser-65.
<182>May 26 07:48:53 apache.httpd.ibm.lab httpd: 99.123.52.13 59.77.31.105 - - [26/May/2017:07:48:53 -0500] "GET /../../../../../../../../../../../ HTTP/1.1" 400 443 307
<187>May 26 07:48:55 ['9.9.9.9'] httpd[16986]: [error] [client 202.207.224.25] Invalid URI in request \xf7vMKp`ET&\xa4\x9c\xc9\xec\xd1\xd8j\r\xce\xd9\xd4\xb3\c7
<190>May 26 07:48:56 arbor.pravail.ibm.lab pravail-aps: Blocked Host: Blocked host 120.171.20.155 at 10:53 by Malformed HTTP Filtering using TCP/80 (HTTP) destination 99.170.112.23 source port 63260,URL: https://arbornetworks.pravail.test.com/chaos/
<54>May 26 07:48:58 SymantecServer symantec.endpoint.ibm.lab: testbox-abc,[SID: 21590] P2P Edonkey Ping Message detected.  Traffic has been allowed from this application: C:\Program Files\easyMule\emule.exe,Local: 79.186.10.120,Local: 00218696B978,Remote: ,Remote: 130.226.187.6,Remote: 000000000000,Outbound,OTHERS,Intrusion ID: 0,Begin: 2017-05-26 07:48:58,End: 2017-05-26 07:48:58,Occurrences: 1,Application: C:/Program Files/easyMule/emule.exe,Location: Default,User: testuser-55,Domain: us.ibm.com
<25>May 26 07:49:00 ambiron.ipangel.ibm.lab ipangel-ips: [2017-05-26 07:49:00-05] alert [Priority: 9] [116:46:1] [(snort_decoder) WARNING: TCP Data Offset is less than 5!] 125.83.117.185:50468 TCP 183.251.17.127:80 br0
<179>May 26 07:49:01 apache.httpd.ibm.lab httpd[5570]: [ID 702911 local6.error] [error] [client 218.111.178.29] Certificate Verification: Error (10): certificate has expired
<25>May 26 07:49:03 apple.macosx.ibm.lab DirectoryService[51]: Failed Authentication return is being delayed due to over five recent auth failures for username: testuser-20.
<54>May 26 07:49:04 SymantecServer symantec.endpoint.ibm.lab: DCA-EMAPROJ2,Allowed,"C:\Program Files\Common Files\Symantec Shared\ccSvcHst.exe",,Begin: 2017-05-26 07:49:04,End:2017-05-26 07:49:04,Rule: ,2528,C:/Program Files/Microsoft Virtual Server/vmh.exe,0,,C:/ProgramFiles/Common Files/Symantec Shared/ccSvcHst.exe,User: testuser-44,Domain: US
<189>May 26 07:49:06 ['9.9.9.9'] authmgr[504]: <NOTI> login <00:1c:bf:ca:2b:98  83.87.204.105 testuser-96>method=802.1x, server=TEST001, role=Authenticated Update(status 0 method 0 role 16), reauth=1800 sec
<83>May 26 07:49:07 apple.macosx.ibm.lab sshd[5590]: error: PAM: Authentication failure for illegal user rogueUser-3 from 80.40.240.152<33>May 26 07:49:09 threecom.switch.ibm.lab %May 26 07:49:09 2017 S9500 AAA/2/Serious error!: User testuser-33, in ACM send msg to SC failed! Returns 1 srcID 6 msgType 16384.
<26>May 26 07:49:11 ambiron.ipangel.ibm.lab ipangel-ips: [2017-05-26 07:49:11-05] alert [Priority: 9] [119:14:1] [(http_inspect) NON-RFC DEFINED CHAR] 120.171.20.155:60541 TCP 137.61.60.175:80 br0
<27>May 26 07:49:12 ambiron.ipangel.ibm.lab ipangel-ips: [2017-05-26 07:49:12-05] alert [Priority: 9] [119:2:1] [(http_inspect) DOUBLE DECODING ATTACK] 137.38.197.140:60225 TCP 126.195.181.143:80 br0
<182>May 26 07:49:14 apache.httpd.ibm.lab httpd: 218.111.178.29 150.157.146.180 - - [26/May/2017:07:49:14 -0500] "POST /test.php?doing_test=123 HTTP/1.0" 404 80 282
<13>May 26 07:49:15 checkpoint.firewall.ibm.lab 26May2017 reject checkpoint.firewall.ibm.lab product: VPN-1 & FireWall-1; src: 179.174.48.208; s_port: 53760; dst: 55.147.184.30; service: 113; proto: tcp; rule: 14;SmartDefense profile: Default_Protection;__policy_id_tag: product=VPN-1 & FireWall-1[db_tag={25E5B8F6-79E7-11DD-941A-C0A832D00C0C};mgmt=fwmngt-wuv;date=1220466957;policy_name=rhino_gbl];has_accounting: 0;i/f_dir: inbound;i/f_name: eth-s2/s1p1c0;rule_uid: {9C96B325-D976-4A30-8685-9ED61018A6E7};service_id: gident;
<187>May 26 07:49:17 ['9.9.9.9'] httpd[16986]: [error] [client 129.171.84.29] Invalid URI in request \xf7vMKp`ET&\xa4\x9c\xc9\xec\xd1\xd8j\r\xce\xd9\xd4\xb3\c7
<86>May 26 07:49:18 apple.macosx.ibm.lab com.apple.SecurityServer: uid 90960 succeeded authenticating as user admin (uid 501) for right system.install.root.user.
<28>May 26 07:49:20 Message forwarded from aix.ibm.lab: rshd[random_number_1_to_999999]: Failed rsh authentication from 125.83.117.185 for local user root via remote user testuser-50
<13>May 26 07:49:21 checkpoint.firewall.ibm.lab 26May2017 drop checkpoint.firewall.ibm.lab product: VPN-1 &FireWall-1; src: 212.2.111.4; s_port: 59316; dst: 55.159.88.123; service: 138; proto: udp; rule: 323;SmartDefense profile: Default_Protection;__policy_id_tag: product=VPN-1 & FireWall-1[db_tag={48AB8350-7F61-11DD-887D-C0A832D16C6C};mgmt=fwmngt-zentral;date=1221069169;policy_name=Chameleon_gbl];has_accounting: 0;i/f_dir: inbound;i/f_name: eth-s1/s1p1c0;rule_uid: {21D66174-0E19-4B77-A1E9-3473FE991088};
<129>May 26 07:49:23 barracuda.firewall.ibm.lab WF ALER CROSS_SITE_SCRIPTING_IN_URL 201.150.192.18 54428 155.30.42.114 80 security-policy GLOBAL DENY NONE [type="cross-site-scripting" pattern="script-tag" token="<script>"] GET 155.30.42.114/<script>alert(53416)</script> HTTP "-" ""-"" 155.30.42.114 48541 "-" "-"
<25>May 26 07:49:25 ambiron.ipangel.ibm.lab ipangel-ips: [2017-05-26 07:49:25-05] alert [Priority: 9] [116:46:1] [(snort_decoder) WARNING: TCP Data Offset is less than 5!] 30.90.182.58:53047 TCP 202.233.58.101:80 br0
<33>May 26 07:49:26 threecom.switch.ibm.lab %May 26 07:49:26 2017 S9500 FTPS/5/USERIN: User testuser-48(30.90.182.58) login succeeded
<129>May 26 07:49:28 barracuda.firewall.ibm.lab WF ALER CROSS_SITE_SCRIPTING_IN_URL 218.111.178.29 55670 187.176.133.22 80 security-policy GLOBAL DENY NONE [type="cross-site-scripting" pattern="script-tag" token="<script>"] GET 187.176.133.22/<script>alert(53416)</script> HTTP "-" ""-"" 187.176.133.22 48541 "-" "-"
<149>May 26 07:49:29 apple.macosx.ibm.lab sudo:    testuser-32 : TTY=ttyp1 ; PWD=/Users/admin ; USER=admin ;COMMAND=/bin/bash
<149>May 26 07:49:31 apple.macosx.ibm.lab sudo:    testuser-5 : TTY=ttyp1 ; PWD=/Users/admin ; USER=admin ;COMMAND=/bin/bash
<13>May 26 07:49:32 microsoft.sec.ibm.lab AgentDevice=WindowsLog	AgentLogFile=Security	Source=Security	Computer=COMP-testuser-32	User=SYSTEM	Domain=	EventID=644	EventIDCode=644	EventType=8	EventCategory=7	RecordNumber=800003	TimeGenerated=1495799372	TimeWritten=1495799372	Message=User Account Locked Out: Target Account Name: testuser-32 Target Account ID: %{S-1-2-3-1083681} Caller Machine Name: COMP-CALLER01 Caller User Name: CALLER-01 Caller Domain: us.ibm.com Caller Logon ID: (0x0,0xBA5EBA11)
<14>May 26 07:49:34 Message forwarded from aix.ibm.lab: ftp[random_number_1_to_999999]: ftp: EXPORT user testuser-69, host 83.87.204.105, local test_script.sh, remote test_script.sh.
<129>May 26 07:49:36 barracuda.firewall.ibm.lab WF ALER CROSS_SITE_SCRIPTING_IN_PARAM 9.135.38.229 52836 71.4.247.11 443 security-policy GLOBAL DENY NONE [type="cross-site-scripting" pattern="script-tag" token="<script>" Parameter="url" value="<script>alert(5341)</script>"] GET 71.4.247.11/redirect.asp?url=<script>alert(5341)</script> HTTPS "-" ""-"" 71.4.247.11 59845 "-" "-"
<38>May 26 07:49:37 Message forwarded from aix.ibm.lab: syslog: pts/2: failed login attempt for testuser-20 from 132.146.155.198
<33>May 26 07:49:39 threecom.switch.ibm.lab %May 26 07:49:39 2017 S9500 VTY/5/VTY_LOG:  TELNET user failed to login from 79.186.10.120(000D-88F6-60E0) on VTY0.
<187>May 26 07:49:40 ['9.9.9.9'] httpd[16986]: [error] [client 201.150.192.18] Invalid URI in request \xf7vMKp`ET&\xa4\x9c\xc9\xec\xd1\xd8j\r\xce\xd9\xd4\xb3\c7
<14>May 26 07:49:42 Message forwarded from aix.ibm.lab: ftp[random_number_1_to_999999]: ftp: EXPORT user testuser-49, host 12.49.80.51, local test_script.sh, remote test_script.sh.
<26>May 26 07:49:43 ambiron.ipangel.ibm.lab ipangel-ips: [2017-05-26 07:49:43-05] alert [Priority: 9] [119:14:1] [(http_inspect) NON-RFC DEFINED CHAR] 33.195.94.29:64260 TCP 48.214.241.98:80 br0
<38>May 26 07:49:45 sshd[583237]: Address 54.11.145.63 maps to test.ibm.com, but this does not map back to the address - POSSIBLE BREAK-IN ATTEMPT!
<25>May 26 07:49:47 ambiron.ipangel.ibm.lab ipangel-ips: [2017-05-26 07:49:47-05] alert [Priority: 9] [116:46:1] [(snort_decoder) WARNING: TCP Data Offset is less than 5!] 179.174.48.208:57438 TCP 115.62.31.106:80 br0
<190>May 26 07:49:48 arbor.pravail.ibm.lab pravail-aps: Blocked Host: Blocked host 165.11.95.213 10:53 by TCP Connection Reset using TCP/49850 (Unknown) destination 47.8.247.249 source port 443,URL: https://arbornetworks.pravail.test.com/chaos/
<26>May 26 07:49:50 ambiron.ipangel.ibm.lab ipangel-ips: [2017-05-26 07:49:50-05] alert [Priority: 9] [119:14:1] [(http_inspect) NON-RFC DEFINED CHAR] 56.219.18.103:55926 TCP 145.200.37.207:80 br0
<13>May 26 07:49:51 microsoft.sec.ibm.lab AgentDevice=WindowsLog	AgentLogFile=Security	Source=Security	Computer=COMP-testuser-98	User=testuser-98	Domain=	EventID=675	EventIDCode=675	EventType=16	EventCategory=9	RecordNumber=252666	TimeGenerated=1495799391	TimeWritten=1495799391	Message=Pre-authentication failed: User Name: testuser-98 User ID: %{S-1-2-3-1108809} Service Name: krbtgt Pre-Authentication Type: 0x2 Failure Code: 0x18 Client Address: 54.11.145.63 
<189>May 26 07:49:53 ['9.9.9.9'] authmgr[504]: <NOTI> login <00:1c:bf:ca:2b:98  165.11.95.213 testuser-47>method=802.1x, server=TEST001, role=Authenticated Update(status 0 method 0 role 16), reauth=1800 sec
<182>May 26 07:49:54 apache.httpd.ibm.lab httpd: 56.219.18.103 4.194.252.162 - - [26/May/2017:07:49:54 -0500] "TRACE / HTTP/1.0" 403 443 272
<129>May 26 07:49:56 barracuda.firewall.ibm.lab WF ALER SLASH_DOT_IN_URL 120.171.20.155 55100 88.207.42.68 443 security-policy GLOBAL DENY NONE ["-"] GET 88.207.42.68/themes/default/css/.htaccess HTTPS "-" ""-"" 88.207.42.68 44428 "-" "-"
<189>May 26 07:49:57 ['9.9.9.9'] authmgr[504]: <NOTI> login <00:1c:bf:ca:2b:98  15.83.16.235 rogueUser-5>method=802.1x, server=TEST001, role=Authenticated Update(status 0 method 0 role 16), reauth=1800 sec
<13>May 26 07:49:59 checkpoint.firewall.ibm.lab 26May2017 reject checkpoint.firewall.ibm.lab product: VPN-1 & FireWall-1; src: 125.83.117.185; s_port: 52625; dst: 157.70.221.86; service: 113; proto: tcp; rule: 14;SmartDefense profile: Default_Protection;__policy_id_tag: product=VPN-1 & FireWall-1[db_tag={25E5B8F6-79E7-11DD-941A-C0A832D00C0C};mgmt=fwmngt-wuv;date=1220466957;policy_name=rhino_gbl];has_accounting: 0;i/f_dir: inbound;i/f_name: eth-s2/s1p1c0;rule_uid: {9C96B325-D976-4A30-8685-9ED61018A6E7};service_id: gident;
<133>May 26 07:50:01 microsoft.event.ibm.lab MSWinEventLog 1 Security 102757633 Fri May 26 07:50:01 2017 4907 Microsoft-Windows-Security-Auditing N/A N/A Success Audit testuser-38 Audit Policy Change Auditing settings on object were changed. Subject: Security ID: S-1-5-18 Account Name: testuser-38 Account Domain: us.ibm.com Logon ID: 0x1096209 Object: Object Server: Security Object Type: File Object Name: \Windows\winsxs\test.wav Handle ID: 0x3a8 Process Information: Process ID: 0xC651BE Process Name: C:\Windows\System32\wbengine.exe Auditing Settings: Original Security Descriptor: S:AI(AU;A;;WD) New Security Descriptor: S:ARAI(AU;SAFA;;;;WD)(AU;IDFA;B;;;WD) 672817
<13>May 26 07:50:02 checkpoint.firewall.ibm.lab 26May2017  checkpoint.firewall.ibm.lab product: SmartDefense; src: 129.171.84.29; s_port: ; dst: 116.102.203.176; service: ; proto: icmp; rule: ;Attack Info: Echo request too big;Suppressed logs: 1;Total logs: 2;__policy_id_tag: product=VPN-1 & FireWall-1[db_tag={B5A7057E-7F61-11DD-AA43-C0A832D12424};mgmt=fwmngt-zentral;date=1221069352;policy_name=Spider_gbl];alert: alert;attack: Large ping;has_accounting: 0;i/f_dir: inbound;
<54>May 26 07:50:04 SymantecServer symantec.endpoint.ibm.lab: Commercial application detected,Computer name: COMP-1089936,Detection type: Commercial,Application name: DameWare Development DWRCS,Application type: Remote Control,Application version: 5\~ 5\~ 0\~ 0,Hash type: SHA-1,Application hash: 4670d9eeeab7449788be3b18e9364ef0088b900e,Company name: DameWare Development LLC,File size (bytes): 208896,Sensitivity: 0,Detection score: 1,Submission recommendation: 0,Permitted application reason: 0,Source: Heuristic Scan,Risk name:  ,Occurrences: 1,DWMRCS,"DWMRCS",Actual action: Left alone,Requested action: Left alone,Secondary action: Commercial application detection,Event time: 2017-05-26 07:50:04,Inserted: 2017-05-26 07:50:04,End: 2017-05-26 07:50:04,Domain: Default,Group: My Company	est,Server: testbox,User: testuser-53,Source computer:  ,Source IP: 0.0.0.0
<33>May 26 07:50:05 threecom.switch.ibm.lab %May 26 07:50:05 2017 S9500 VTY/5/VTY_LOG:  TELNET user failed to login from 137.38.197.140(000D-88F6-60E0) on VTY0.
<54>May 26 07:50:07 SymantecServer symantec.endpoint.ibm.lab: Security risk found,Computer name: COMP-1104601,Source: Scheduled Scan,Risk name: VirusDoctor,Occurrences: 1,c:/System Volume Information/_restore{A3F5C2A3-F289-4356-B021-1FEFEFB73CBD}/RP243/A0070465.exe,"",Actual action: Quarantined,Requested action: Quarantined,Secondary action: Left alone,Event time: 2017-05-26 07:50:07,Inserted:2017-05-26 07:50:07,End: 2017-05-26 07:50:07,Domain: Default,Group: My Company	est,Server: avp1,User: testuser-78,Source computer:  ,Source IP: 0.0.0.0
<149>May 26 07:50:08 apple.macosx.ibm.lab sudo:    testuser-49 : TTY=ttyp1 ; PWD=/Users/admin ; USER=admin ;COMMAND=/bin/bash
<157>May 26 07:50:10 microsoft.event.ibm.lab MSWinEventLog	4	Security	60703	Fri May 26 07:50:10 2017	552	Security	NETWORK SERVICE	Well Known Group	Success Audit	testuser-86	Logon/Logoff		Logon attempt using explicit credentials: Logged on user:  User Name: NETWORK SERVICE  Domain: NT AUTHORITY  Logon ID: (0x0,0x1102500)  Logon GUID: -  User whose credentials were used:  Target User Name: testuser-86  Target Domain: us.ibm.com Target Logon GUID: -  Target Server Name: localhost  Target Server Info: localhost  Caller Process ID: 737723  Source Network Address: -  Source Port: - 	56794
<157>May 26 07:50:12 microsoft.event.ibm.lab MSWinEventLog	4	Security	60703	Fri May 26 07:50:12 2017	552	Security	NETWORK SERVICE	Well Known Group	Success Audit	testuser-51	Logon/Logoff		Logon attempt using explicit credentials: Logged on user:  User Name: NETWORK SERVICE  Domain: NT AUTHORITY  Logon ID: (0x0,0x1085764)  Logon GUID: -  User whose credentials were used:  Target User Name: testuser-51  Target Domain: us.ibm.com Target Logon GUID: -  Target Server Name: localhost  Target Server Info: localhost  Caller Process ID: 281753  Source Network Address: -  Source Port: - 	56794
<13>May 26 07:50:13 microsoft.sec.ibm.lab AgentDevice=WindowsLog	AgentLogFile=Security	Source=Security	Computer=COMP-testuser-25	User=testuser-25	Domain=	EventID=675	EventIDCode=675	EventType=16	EventCategory=9	RecordNumber=558479	TimeGenerated=1495799413	TimeWritten=1495799413	Message=Pre-authentication failed: User Name: testuser-25 User ID: %{S-1-2-3-1087849} Service Name: krbtgt Pre-Authentication Type: 0x2 Failure Code: 0x18 Client Address: 201.157.204.128 
<38>May 26 07:50:15 sshd[968789]: Disconnecting: Too many authentication failures for testuser-44
<182>May 26 07:50:16 apache.httpd.ibm.lab httpd: 33.195.94.29 13.57.182.218 - - [26/May/2017:07:50:16 -0500] "OPTIONS /cgi-bin/index.php HTTP/1.1" 200 443 -
<13>May 26 07:50:18 microsoft.sec.ibm.lab AgentDevice=WindowsLog	AgentLogFile=Security	Source=Security	Computer=COMP-testuser-80	User=testuser-80	Domain=	EventID=673	EventIDCode=673	EventType=8	EventCategory=9	RecordNumber=443622	TimeGenerated=1495799418	TimeWritten=1495799418	Message=Service Ticket Request:  User Name: testuser-80@us.ibm.com User Domain: us.ibm.com Service Name: MAIL$  Service ID: %{S-3-2-1-058F09} Ticket Options:  0x40810000   Ticket Encryption Type: 0x17 Client Address: 136.38.97.190 Failure Code: - LogonGUID: {058F09-f005ba11-ba5eba11} Transited Services: - 
<129>May 26 07:50:19 barracuda.firewall.ibm.lab WF ALER SLASH_DOT_IN_URL 212.2.111.4 54431 173.191.118.223 443 security-policy GLOBAL DENY NONE ["-"] GET 173.191.118.223/themes/default/css/.htaccess HTTPS "-" ""-"" 173.191.118.223 44428 "-" "-"
<190>May 26 07:50:21 arbor.pravail.ibm.lab pravail-aps: Blocked Host: Blocked host 129.171.84.29 at 10:53 by Malformed HTTP Filtering using TCP/80 (HTTP) destination 154.237.250.106 source port 63518,URL: https://arbornetworks.pravail.test.com/chaos/
<86>May 26 07:50:23 apple.macosx.ibm.lab sshd[5590]: Failed password for invalid user testuser-2 from 16.74.199.104 port 61859 ssh2
<25>May 26 07:50:24 apple.macosx.ibm.lab DirectoryService[51]: Failed Authentication return is being delayed due to over five recent auth failures for username: testuser-30.
<182>May 26 07:50:26 apache.httpd.ibm.lab httpd: 128.234.158.118 150.45.8.18 - - [26/May/2017:07:50:26 -0500] "CONNECT 10.35.79.71:443 HTTP/1.1" 405 443 297
<27>May 26 07:50:27 ambiron.ipangel.ibm.lab ipangel-ips: [2017-05-26 07:50:27-05] alert [Priority: 9] [119:2:1] [(http_inspect) DOUBLE DECODING ATTACK] 79.186.10.120:52216 TCP 57.234.222.72:80 br0
<13>May 26 07:50:29 microsoft.sec.ibm.lab AgentDevice=WindowsLog	AgentLogFile=Security	Source=Security	Computer=COMP-testuser-94	User=testuser-94	Domain=	EventID=540	EventIDCode=540	EventType=8	EventCategory=2	RecordNumber=33054	TimeGenerated=1495799429	TimeWritten=1495799429	Message=Successful Network Logon: User Name: Domain: Logon ID: (0x0,0x1100401) Logon Type: 3 Logon Process: NtLmSsp Authentication Package: NTLM Workstation Name: COMP-testuser-94 Logon GUID: - Caller User Name: - Caller Domain: - Caller Logon ID: - Caller Process ID: - Transited Services: - Source Network Address: 5.110.36.145 Source Port: 0
<189>May 26 07:50:30 ['9.9.9.9'] authmgr[504]: <NOTI> login <00:1c:bf:ca:2b:98  51.18.44.104 testuser-13>method=802.1x, server=TEST001, role=Authenticated Update(status 0 method 0 role 16), reauth=1800 sec
<157>May 26 07:50:32 microsoft.event.ibm.lab MSWinEventLog	4	Security	60703	Fri May 26 07:50:32 2017	552	Security	NETWORK SERVICE	Well Known Group	Success Audit	testuser-49	Logon/Logoff		Logon attempt using explicit credentials: Logged on user:  User Name: NETWORK SERVICE  Domain: NT AUTHORITY  Logon ID: (0x0,0x1100401)  Logon GUID: -  User whose credentials were used:  Target User Name: testuser-49  Target Domain: us.ibm.com Target Logon GUID: -  Target Server Name: localhost  Target Server Info: localhost  Caller Process ID: 246788  Source Network Address: -  Source Port: - 	56794
<157>May 26 07:50:33 microsoft.event.ibm.lab MSWinEventLog	4	Security	60703	Fri May 26 07:50:33 2017	552	Security	NETWORK SERVICE	Well Known Group	Success Audit	testuser-14	Logon/Logoff		Logon attempt using explicit credentials: Logged on user:  User Name: NETWORK SERVICE  Domain: NT AUTHORITY  Logon ID: (0x0,0x1083681)  Logon GUID: -  User whose credentials were used:  Target User Name: testuser-14  Target Domain: us.ibm.com Target Logon GUID: -  Target Server Name: localhost  Target Server Info: localhost  Caller Process ID: 548769  Source Network Address: -  Source Port: - 	56794
<54>May 26 07:50:35 SymantecServer symantec.endpoint.ibm.lab: Commercial application detected,Computer name: COMP-1102500,Detection type: Commercial,Application name: DameWare Development DWRCS,Application type: Remote Control,Application version: 5\~ 5\~ 0\~ 0,Hash type: SHA-1,Application hash: 4670d9eeeab7449788be3b18e9364ef0088b900e,Company name: DameWare Development LLC,File size (bytes): 208896,Sensitivity: 0,Detection score: 1,Submission recommendation: 0,Permitted application reason: 0,Source: Heuristic Scan,Risk name:  ,Occurrences: 1,DWMRCS,"DWMRCS",Actual action: Left alone,Requested action: Left alone,Secondary action: Commercial application detection,Event time: 2017-05-26 07:50:35,Inserted: 2017-05-26 07:50:35,End: 2017-05-26 07:50:35,Domain: Default,Group: My Company	est,Server: testbox,User: testuser-68,Source computer:  ,Source IP: 0.0.0.0
<129>May 26 07:50:37 barracuda.firewall.ibm.lab WF ALER CROSS_SITE_SCRIPTING_IN_PARAM 20.135.51.253 52511 205.37.67.141 443 security-policy GLOBAL DENY NONE [type="cross-site-scripting" pattern="script-tag" token="<script>" Parameter="url" value="<script>alert(5341)</script>"] GET 205.37.67.141/redirect.asp?url=<script>alert(5341)</script> HTTPS "-" ""-"" 205.37.67.141 59845 "-" "-"
<13>May 26 07:50:38 checkpoint.firewall.ibm.lab 26May2017  checkpoint.firewall.ibm.lab product: SmartDefense; src: 51.18.44.104; s_port: ; dst: 119.76.217.230; service: ; proto: udp; rule: ;Attack Info: Bad domain format, illegal ASCII value in domain;Suppressed logs: 1;Total logs: 2;__policy_id_tag: product=VPN-1 & FireWall-1[db_tag={9B20E8EA-7DE6-11DD-B7D6-C0A832D11E1E};mgmt=fwmngt-zentral;date=1220906528;policy_name=Vulpine_gbl];alert: alert;attack: Invalid DNS;has_accounting: 0;i/f_dir: inbound;
<33>May 26 07:50:40 threecom.switch.ibm.lab %May 26 07:50:40 2017 S9500 FTPS/5/USEROUT: User testuser-6(147.198.103.40) logged out
<13>May 26 07:50:41 checkpoint.firewall.ibm.lab 26May2017  checkpoint.firewall.ibm.lab product: martDefense; src: 201.150.192.18; s_port: ; dst: 155.143.242.152; service: ; proto: udp; rule: ;Attack Info: Response packet too long, potential buffer overflow;Suppressed logs: 5;Total logs: 6;__policy_id_tag: product=VPN-1 & FireWall-1[db_tag={321A4EE6-7DEA-11DD-BFAA-C0A832822626};mgmt=fwmngt05;date=1220908070;policy_name=KillerWhale_gbl];alert: alert;attack: Invalid DNS;has_accounting: 0;i/f_dir: inbound;
<190>May 26 07:50:43 arbor.pravail.ibm.lab pravail-aps: Blocked Host: Blocked host 212.2.111.4 10:53 by TCP Connection Reset using TCP/58452 (Unknown) destination 178.86.153.222 source port 443,URL: https://arbornetworks.pravail.test.com/chaos/
<25>May 26 07:50:44 ambiron.ipangel.ibm.lab ipangel-ips: [2017-05-26 07:50:44-05] alert [Priority: 9] [116:46:1] [(snort_decoder) WARNING: TCP Data Offset is less than 5!] 165.11.95.213:57954 TCP 114.246.136.1:80 br0
<33>May 26 07:50:46 threecom.switch.ibm.lab %May 26 07:50:46 2017 S9500 FTPS/5/USERIN: User testuser-9(99.123.52.13) login succeeded
<86>May 26 07:50:48 apple.macosx.ibm.lab sshd[5590]: Failed password for invalid user testuser-94 from 75.203.254.178 port 52278 ssh2
<13>May 26 07:50:49 checkpoint.firewall.ibm.lab 26May2017 reject checkpoint.firewall.ibm.lab product: VPN-1 & FireWall-1; src: 201.150.192.18; s_port: 53897; dst: 49.87.134.154; service: 113; proto: tcp; rule: 14;SmartDefense profile: Default_Protection;__policy_id_tag: product=VPN-1 & FireWall-1[db_tag={25E5B8F6-79E7-11DD-941A-C0A832D00C0C};mgmt=fwmngt-wuv;date=1220466957;policy_name=rhino_gbl];has_accounting: 0;i/f_dir: inbound;i/f_name: eth-s2/s1p1c0;rule_uid: {9C96B325-D976-4A30-8685-9ED61018A6E7};service_id: gident;
<133>May 26 07:50:51 microsoft.event.ibm.lab MSWinEventLog 1 Security 102757633 Fri May 26 07:50:51 2017 4907 Microsoft-Windows-Security-Auditing N/A N/A Success Audit testuser-20 Audit Policy Change Auditing settings on object were changed. Subject: Security ID: S-1-5-18 Account Name: testuser-20 Account Domain: us.ibm.com Logon ID: 0x1077444 Object: Object Server: Security Object Type: File Object Name: \Windows\winsxs\test.wav Handle ID: 0x3a8 Process Information: Process ID: 0xF3FF54 Process Name: C:\Windows\System32\wbengine.exe Auditing Settings: Original Security Descriptor: S:AI(AU;A;;WD) New Security Descriptor: S:ARAI(AU;SAFA;;;;WD)(AU;IDFA;B;;;WD) 940551
<129>May 26 07:50:52 barracuda.firewall.ibm.lab WF ALER METHOD_NOT_ALLOWED 30.90.182.58 57280 221.253.106.31 80 security-policy GLOBAL DENY NONE [Method="ABCD"] ABCD 221.253.106.31/ HTTP "-" ""-"" 221.253.106.31 48536 "-" "-"
<33>May 26 07:50:54 threecom.switch.ibm.lab %May 26 07:50:54 2017 S9500 VTY/5/VTY_LOG:  TELNET user failed to login from 128.234.158.118(000D-88F6-60E0) on VTY0.
<13>May 26 07:50:55 checkpoint.firewall.ibm.lab 26May2017 drop checkpoint.firewall.ibm.lab product: VPN-1 &FireWall-1; src: 120.171.20.155; s_port: 57024; dst: 197.137.61.44; service: 138; proto: udp; rule: 323;SmartDefense profile: Default_Protection;__policy_id_tag: product=VPN-1 & FireWall-1[db_tag={48AB8350-7F61-11DD-887D-C0A832D16C6C};mgmt=fwmngt-zentral;date=1221069169;policy_name=Chameleon_gbl];has_accounting: 0;i/f_dir: inbound;i/f_name: eth-s1/s1p1c0;rule_uid: {21D66174-0E19-4B77-A1E9-3473FE991088};
<129>May 26 07:50:57 barracuda.firewall.ibm.lab WF ALER METACHARACTER_IN_PARAMETER 30.90.182.58 50189 74.73.50.131 443 security-policy GLOBAL DENY NONE [token="%00 " Parameter="article" value="../../../../../../../../etc/passwd"] GET 74.73.50.131/talkback.cgi?article=../../../../../../../../etc/passwd%00&action=view&matchview=1 HTTPS "-" ""-"" 74.73.50.131 50189 "-" "-"
<27>May 26 07:50:59 ambiron.ipangel.ibm.lab ipangel-ips: [2017-05-26 07:50:59-05] alert [Priority: 9] [119:2:1] [(http_inspect) DOUBLE DECODING ATTACK] 30.90.182.58:64791 TCP 5.207.96.236:80 br0
<13>May 26 07:51:00 microsoft.sec.ibm.lab AgentDevice=WindowsLog	AgentLogFile=Security	Source=Security	Computer=COMP-testuser-18	User=testuser-18	Domain=	EventID=529	EventIDCode=529	EventType=16	EventCategory=2	RecordNumber=979184	TimeGenerated=1495799460	TimeWritten=1495799460	Message=Successful Network Logon: User Name: Domain: Logon ID: (0x0,0x1092025) Logon Type: 3 Logon Process: NtLmSsp Authentication Package: NTLM Workstation Name: COMP-testuser-18 Logon GUID: - Caller User Name: - Caller Domain: - Caller Logon ID: - Caller Process ID: - Transited Services: - Source Network Address: 218.111.178.29 Source Port: 0
<54>May 26 07:51:02 SymantecServer symantec.endpoint.ibm.lab: CNC2PSY9D1,Allowed,Sysfer exception: .\RegParamEngine.cpp 1152 Failed to read value DeviceInstance from key \Registry\Machine\SYSTEM\CurrentControlSet\Control\DeviceClasses\{53f56307-b6bf-11d0-94f2-00a0c91efb8b}\##?#IDE#DiskWDC_WD800JD-75MSA3______________________10.01E04#5&,Sysfer exception,Begin: 2017-05-26 07:51:02,End: 2017-05-26 07:51:02,Rule: Sysfer exception,3592,C:/Program Files/Cisco Systems/CSAgent/bin/okclient.exe,0,,,User: rogueUser-2,Domain: US
<149>May 26 07:51:03 apple.macosx.ibm.lab sudo:    testuser-59 : TTY=ttyp1 ; PWD=/Users/admin ; USER=admin ;COMMAND=/bin/bash
<13>May 26 07:51:05 checkpoint.firewall.ibm.lab 26May2017 drop checkpoint.firewall.ibm.lab product: VPN-1 &FireWall-1; src: 202.207.224.25; s_port: 65418; dst: 119.43.94.53; service: 138; proto: udp; rule: 323;SmartDefense profile: Default_Protection;__policy_id_tag: product=VPN-1 & FireWall-1[db_tag={48AB8350-7F61-11DD-887D-C0A832D16C6C};mgmt=fwmngt-zentral;date=1221069169;policy_name=Chameleon_gbl];has_accounting: 0;i/f_dir: inbound;i/f_name: eth-s1/s1p1c0;rule_uid: {21D66174-0E19-4B77-A1E9-3473FE991088};
<54>May 26 07:51:06 SymantecServer symantec.endpoint.ibm.lab: Security risk found,Computer name: COMP-1119364,Source: Scheduled Scan,Risk name: VirusDoctor,Occurrences: 1,c:/System Volume Information/_restore{A3F5C2A3-F289-4356-B021-1FEFEFB73CBD}/RP243/A0070465.exe,"",Actual action: Quarantined,Requested action: Quarantined,Secondary action: Left alone,Event time: 2017-05-26 07:51:06,Inserted:2017-05-26 07:51:06,End: 2017-05-26 07:51:06,Domain: Default,Group: My Company	est,Server: avp1,User: rogueUser-4,Source computer:  ,Source IP: 0.0.0.0
<129>May 26 07:51:08 barracuda.firewall.ibm.lab WF ALER METHOD_NOT_ALLOWED 51.18.44.104 59265 183.225.187.148 80 security-policy GLOBAL DENY NONE [Method="ABCD"] ABCD 183.225.187.148/ HTTP "-" ""-"" 183.225.187.148 48536 "-" "-"
<190>May 26 07:51:09 arbor.pravail.ibm.lab pravail-aps: Blocked Host: Blocked host 79.186.10.120 10:53 by TCP Connection Reset using TCP/62440 (Unknown) destination 210.55.211.109 source port 443,URL: https://arbornetworks.pravail.test.com/chaos/
<13>May 26 07:51:11 microsoft.sec.ibm.lab AgentDevice=WindowsLog	AgentLogFile=Security	Source=Security	Computer=COMP-testuser-81	User=testuser-81	Domain=	EventID=675	EventIDCode=675	EventType=16	EventCategory=9	RecordNumber=547864	TimeGenerated=1495799471	TimeWritten=1495799471	Message=Pre-authentication failed: User Name: testuser-81 User ID: %{S-1-2-3-1092025} Service Name: krbtgt Pre-Authentication Type: 0x2 Failure Code: 0x18 Client Address: 157.1.53.47 
<133>May 26 07:51:13 microsoft.event.ibm.lab MSWinEventLog 1 Security 102757633 Fri May 26 07:51:13 2017 4907 Microsoft-Windows-Security-Auditing N/A N/A Success Audit rogueUser-1 Audit Policy Change Auditing settings on object were changed. Subject: Security ID: S-1-5-18 Account Name: rogueUser-1 Account Domain: us.ibm.com Logon ID: 0x1113025 Object: Object Server: Security Object Type: File Object Name: \Windows\winsxs\test.wav Handle ID: 0x3a8 Process Information: Process ID: 0x8CB6D9 Process Name: C:\Windows\System32\wbengine.exe Auditing Settings: Original Security Descriptor: S:AI(AU;A;;WD) New Security Descriptor: S:ARAI(AU;SAFA;;;;WD)(AU;IDFA;B;;;WD) 331619
<38>May 26 07:51:14 sshd[403045]: Failed password for invalid user testuser-82 from 79.186.10.120 port 58564 ssh2
<83>May 26 07:51:16 apple.macosx.ibm.lab com.apple.SecurityServer: authinternal failed to authenticate user testuser-99.
<27>May 26 07:51:17 ambiron.ipangel.ibm.lab ipangel-ips: [2017-05-26 07:51:17-05] alert [Priority: 9] [119:2:1] [(http_inspect) DOUBLE DECODING ATTACK] 201.150.192.18:53907 TCP 64.2.72.99:80 br0
<33>May 26 07:51:19 threecom.switch.ibm.lab %May 26 07:51:19 2017 S9500 PORTAL/5/PT_LOG: Online user 218.111.178.29 changes to 186.36.137.90, we will cut it off as using traffic-acct.
<157>May 26 07:51:20 microsoft.event.ibm.lab MSWinEventLog	4	Security	60703	Fri May 26 07:51:20 2017	552	Security	NETWORK SERVICE	Well Known Group	Success Audit	testuser-30	Logon/Logoff		Logon attempt using explicit credentials: Logged on user:  User Name: NETWORK SERVICE  Domain: NT AUTHORITY  Logon ID: (0x0,0x1079521)  Logon GUID: -  User whose credentials were used:  Target User Name: testuser-30  Target Domain: us.ibm.com Target Logon GUID: -  Target Server Name: localhost  Target Server Info: localhost  Caller Process ID: 477472  Source Network Address: -  Source Port: - 	56794
<14>May 26 07:51:22 Message forwarded from aix.ibm.lab: ftp[random_number_1_to_999999]: ftp: EXPORT user testuser-67, host 120.171.20.155, local test_script.sh, remote test_script.sh.
<26>May 26 07:51:24 ambiron.ipangel.ibm.lab ipangel-ips: [2017-05-26 07:51:24-05] alert [Priority: 9] [119:14:1] [(http_inspect) NON-RFC DEFINED CHAR] 212.2.111.4:57644 TCP 158.16.172.72:80 br0
<133>May 26 07:51:25 microsoft.event.ibm.lab MSWinEventLog 1 Security 102757633 Fri May 26 07:51:25 2017 4907 Microsoft-Windows-Security-Auditing N/A N/A Success Audit testuser-33 Audit Policy Change Auditing settings on object were changed. Subject: Security ID: S-1-5-18 Account Name: testuser-33 Account Domain: us.ibm.com Logon ID: 0x1085764 Object: Object Server: Security Object Type: File Object Name: \Windows\winsxs\test.wav Handle ID: 0x3a8 Process Information: Process ID: 0x3C236E Process Name: C:\Windows\System32\wbengine.exe Auditing Settings: Original Security Descriptor: S:AI(AU;A;;WD) New Security Descriptor: S:ARAI(AU;SAFA;;;;WD)(AU;IDFA;B;;;WD) 298686
<13>May 26 07:51:27 microsoft.sec.ibm.lab AgentDevice=WindowsLog	AgentLogFile=Security	Source=Security	Computer=COMP-rogueUser-4	User=rogueUser-4	Domain=	EventID=540	EventIDCode=540	EventType=8	EventCategory=2	RecordNumber=539240	TimeGenerated=1495799487	TimeWritten=1495799487	Message=Successful Network Logon: User Name: Domain: Logon ID: (0x0,0x1119364) Logon Type: 3 Logon Process: NtLmSsp Authentication Package: NTLM Workstation Name: COMP-rogueUser-4 Logon GUID: - Caller User Name: - Caller Domain: - Caller Logon ID: - Caller Process ID: - Transited Services: - Source Network Address: 128.234.158.118 Source Port: 0
<13>May 26 07:51:28 checkpoint.firewall.ibm.lab 26May2017  checkpoint.firewall.ibm.lab product: martDefense; src: 20.135.51.253; s_port: ; dst: 156.184.147.107; service: ; proto: udp; rule: ;Attack Info: Response packet too long, potential buffer overflow;Suppressed logs: 5;Total logs: 6;__policy_id_tag: product=VPN-1 & FireWall-1[db_tag={321A4EE6-7DEA-11DD-BFAA-C0A832822626};mgmt=fwmngt05;date=1220908070;policy_name=KillerWhale_gbl];alert: alert;attack: Invalid DNS;has_accounting: 0;i/f_dir: inbound;
<26>May 26 07:51:30 ambiron.ipangel.ibm.lab ipangel-ips: [2017-05-26 07:51:30-05] alert [Priority: 9] [119:14:1] [(http_inspect) NON-RFC DEFINED CHAR] 125.83.117.185:61521 TCP 126.50.252.67:80 br0
<189>May 26 07:51:31 ['9.9.9.9'] authmgr[504]: <NOTI> login <00:1c:bf:ca:2b:98  218.111.178.29 testuser-27>method=802.1x, server=TEST001, role=Authenticated Update(status 0 method 0 role 16), reauth=1800 sec
<129>May 26 07:51:33 barracuda.firewall.ibm.lab WF ALER METACHARACTER_IN_PARAMETER 120.171.20.155 55970 179.206.123.33 443 security-policy GLOBAL DENY NONE [token="%00 " Parameter="article" value="../../../../../../../../etc/passwd"] GET 179.206.123.33/talkback.cgi?article=../../../../../../../../etc/passwd%00&action=view&matchview=1 HTTPS "-" ""-"" 179.206.123.33 55970 "-" "-"
<129>May 26 07:51:35 barracuda.firewall.ibm.lab WF ALER METACHARACTER_IN_PARAMETER 33.195.94.29 59562 1.125.66.142 443 security-policy GLOBAL DENY NONE [token="%00 " Parameter="article" value="../../../../../../../../etc/passwd"] GET 1.125.66.142/talkback.cgi?article=../../../../../../../../etc/passwd%00&action=view&matchview=1 HTTPS "-" ""-"" 1.125.66.142 59562 "-" "-"
<13>May 26 07:51:36 microsoft.sec.ibm.lab AgentDevice=WindowsLog	AgentLogFile=Security	Source=Security	Computer=COMP-testuser-5	User=testuser-5	Domain=	EventID=540	EventIDCode=540	EventType=8	EventCategory=2	RecordNumber=866674	TimeGenerated=1495799496	TimeWritten=1495799496	Message=Successful Network Logon: User Name: Domain: Logon ID: (0x0,0x986049) Logon Type: 3 Logon Process: NtLmSsp Authentication Package: NTLM Workstation Name: COMP-testuser-5 Logon GUID: - Caller User Name: - Caller Domain: - Caller Logon ID: - Caller Process ID: - Transited Services: - Source Network Address: 160.186.7.68 Source Port: 0
<50>May 26 07:51:38 SymantecServer symantec.endpoint.ibm.lab: testbox-xyz,[SID: 70025] Web Attack: Blackhole Exploit Toolkit 2 attack blocked. Traffic has been blocked for this application: C:\Program Files\Internet Explorer\iexplore.exe,Local: 0.0.0.0,Local: 000000000000,Remote: ,Remote: 0.0.0.0,Remote: 000000000000,Inbound,OTHERS,,Begin: 2017-05-26 07:51:38,End: 2017-05-26 07:51:38,Occurrences: 1,Application: C:/Program Files/Internet Explorer/iexplore.exe,Location: Default,User: testuser-45,Domain: SIMON,!ExternalLoggingTask.localport! 0,!ExternalLoggingTask.remoteport! 0,!ExternalLoggingTask.cidssignid! 70025,!ExternalLoggingTask.strcidssignid! Web Attack: Blackhole Exploit Toolkit 2,!ExternalLoggingTask.cidssignsubid! 0,!ExternalLoggingTask.intrusionurl! http://pppptttt.blah.net/links/came_broadcasting_taking-various.php,!ExternalLoggingTask.intrusionpayloadurl!
<83>May 26 07:51:39 apple.macosx.ibm.lab com.apple.SecurityServer: authinternal failed to authenticate user testuser-18.
<25>May 26 07:51:41 ambiron.ipangel.ibm.lab ipangel-ips: [2017-05-26 07:51:41-05] alert [Priority: 9] [116:46:1] [(snort_decoder) WARNING: TCP Data Offset is less than 5!] 202.207.224.25:55779 TCP 179.103.13.144:80 br0
<13>May 26 07:51:42 checkpoint.firewall.ibm.lab 26May2017  checkpoint.firewall.ibm.lab product: SmartDefense; src: 125.83.117.185; s_port: ; dst: 175.91.173.120; service: ; proto: udp; rule: ;Attack Info: Bad domain format, illegal ASCII value in domain;Suppressed logs: 1;Total logs: 2;__policy_id_tag: product=VPN-1 & FireWall-1[db_tag={9B20E8EA-7DE6-11DD-B7D6-C0A832D11E1E};mgmt=fwmngt-zentral;date=1220906528;policy_name=Vulpine_gbl];alert: alert;attack: Invalid DNS;has_accounting: 0;i/f_dir: inbound;
<190>May 26 07:51:44 arbor.pravail.ibm.lab pravail-aps: Blocked Host: Blocked host 189.6.147.68 at 10:52 by Invalid Packets using TCP/0 (Unknown) destination 104.57.128.237,URL: https://arbornetworks.pravail.test.com/chaos/
<86>May 26 07:51:45 apple.macosx.ibm.lab com.apple.SecurityServer: uid 86788 succeeded authenticating as user admin (uid 501) for right system.install.root.user.
<179>May 26 07:51:47 apache.httpd.ibm.lab httpd[5570]: [ID 702911 local6.error] [error] [client 44.111.228.125] Certificate Verification: Error (10): certificate has expired
<83>May 26 07:51:49 apple.macosx.ibm.lab sshd[5590]: error: PAM: Authentication failure for illegal user testuser-47 from 46.80.46.140<38>May 26 07:51:50 syslog: ssh: failed login attempt for testuser-78 from 83.87.204.105
<187>May 26 07:51:52 ['9.9.9.9'] httpd[16986]: [error] [client 51.18.44.104] Invalid URI in request \xf7vMKp`ET&\xa4\x9c\xc9\xec\xd1\xd8j\r\xce\xd9\xd4\xb3\c7
<189>May 26 07:51:53 ['9.9.9.9'] authmgr[504]: <NOTI> login <00:1c:bf:ca:2b:98  79.186.10.120 testuser-91>method=802.1x, server=TEST001, role=Authenticated Update(status 0 method 0 role 16), reauth=1800 sec
<187>May 26 07:51:55 ['9.9.9.9'] httpd[16986]: [error] [client 213.39.172.85] Invalid URI in request \xf7vMKp`ET&\xa4\x9c\xc9\xec\xd1\xd8j\r\xce\xd9\xd4\xb3\c7
<189>May 26 07:51:56 ['9.9.9.9'] authmgr[504]: <NOTI> login <00:1c:bf:ca:2b:98  165.11.95.213 testuser-74>method=802.1x, server=TEST001, role=Authenticated Update(status 0 method 0 role 16), reauth=1800 sec
<13>May 26 07:51:58 checkpoint.firewall.ibm.lab 26May2017 reject checkpoint.firewall.ibm.lab product: VPN-1 & FireWall-1; src: 51.18.44.104; s_port: 54637; dst: 87.68.78.138; service: 113; proto: tcp; rule: 14;SmartDefense profile: Default_Protection;__policy_id_tag: product=VPN-1 & FireWall-1[db_tag={25E5B8F6-79E7-11DD-941A-C0A832D00C0C};mgmt=fwmngt-wuv;date=1220466957;policy_name=rhino_gbl];has_accounting: 0;i/f_dir: inbound;i/f_name: eth-s2/s1p1c0;rule_uid: {9C96B325-D976-4A30-8685-9ED61018A6E7};service_id: gident;
<33>May 26 07:52:00 threecom.switch.ibm.lab %May 26 07:52:00 2017 S9500 FTPS/5/USERIN: User testuser-26(136.38.97.190) login succeeded
<86>May 26 07:52:01 apple.macosx.ibm.lab com.apple.SecurityServer: authinternal authenticated user testuser-14 (uid 84705).
<83>May 26 07:52:03 apple.macosx.ibm.lab sshd[5590]: error: PAM: Authentication failure for illegal user testuser-96 from 30.253.30.250<129>May 26 07:52:04 barracuda.firewall.ibm.lab WF ALER SLASH_DOT_IN_URL 165.11.95.213 49730 195.173.75.227 443 security-policy GLOBAL DENY NONE ["-"] GET 195.173.75.227/themes/default/css/.htaccess HTTPS "-" ""-"" 195.173.75.227 44428 "-" "-"
<13>May 26 07:52:06 microsoft.sec.ibm.lab AgentDevice=WindowsLog	AgentLogFile=Security	Source=Security	Computer=COMP-testuser-63	User=testuser-63	Domain=	EventID=672	EventIDCode=672	EventType=8	EventCategory=9	RecordNumber=181853	TimeGenerated=1495799526	TimeWritten=1495799526	Message=Authentication Ticket Request: User Name: testuser-63 Supplied Realm Name: us.ibm.com User ID: %{S-1-2-3-1092025} Service Name: krbtgt Service ID: %{S-3-2-1-4D4B0D} Ticket Options: 0x40810010 Result Code: - Ticket Encryption Type: 0x17 Pre-Authentication Type: 2 Client Address: 221.66.43.93 Certificate Issuer Name:  Certificate Serial Number:  Certificate Thumbprint: 
<182>May 26 07:52:07 apache.httpd.ibm.lab httpd: 120.171.20.155 101.76.117.152 - - [26/May/2017:07:52:07 -0500] "CONNECT 10.35.79.71:443 HTTP/1.1" 405 443 297
