<38>May 26 09:13:51 sshd[454529]: Failed password for invalid user testuser-88 from 179.174.48.208 port 51363 ssh2
<13>May 26 09:13:52 microsoft.sec.ibm.lab AgentDevice=WindowsLog	AgentLogFile=Security	Source=Security	Computer=COMP-testuser-6	User=testuser-6	Domain=	EventID=675	EventIDCode=675	EventType=16	EventCategory=9	RecordNumber=659977	TimeGenerated=1495804432	TimeWritten=1495804432	Message=Pre-authentication failed: User Name: testuser-6 User ID: %{S-1-2-3-988036} Service Name: krbtgt Pre-Authentication Type: 0x2 Failure Code: 0x18 Client Address: 52.50.3.67 
<187>May 26 09:13:54 ['9.9.9.9'] httpd[16986]: [error] [client 44.111.228.125] Invalid URI in request \xf7vMKp`ET&\xa4\x9c\xc9\xec\xd1\xd8j\r\xce\xd9\xd4\xb3\c7
<33>May 26 09:13:55 threecom.switch.ibm.lab %May 26 09:13:55 2017 S9500 RTA/3/Failed to start accounting: Failed to start traffic accounting for user 165.11.95.213 on board 6
<13>May 26 09:13:57 microsoft.sec.ibm.lab AgentDevice=WindowsLog	AgentLogFile=Security	Source=Security	Computer=COMP-testuser-48	User=testuser-48	Domain=	EventID=675	EventIDCode=675	EventType=16	EventCategory=9	RecordNumber=445432	TimeGenerated=1495804437	TimeWritten=1495804437	Message=Pre-authentication failed: User Name: testuser-48 User ID: %{S-1-2-3-1098304} Service Name: krbtgt Pre-Authentication Type: 0x2 Failure Code: 0x18 Client Address: 30.90.182.58 
<13>May 26 09:13:58 checkpoint.firewall.ibm.lab 26May2017  checkpoint.firewall.ibm.lab product: SmartDefense; src: 218.111.178.29; s_port: ; dst: 38.42.92.180; service: ; proto: udp; rule: ;Attack Info: Out-of-state DNS reply;Suppressed logs: 143;Total logs: 144;__policy_id_tag: product=VPN-1 & FireWall-1[db_tag={321A4EE6-7DEA-11DD-BFAA-C0A832822626};mgmt=fwmngt05;date=1220908070;policy_name=KillerWhale_gbl];alert: alert;attack: Invalid DNS;has_accounting: 0;i/f_dir: inbound;
<13>May 26 09:14:00 checkpoint.firewall.ibm.lab 26May2017 drop checkpoint.firewall.ibm.lab product: SmartDefense; src: 202.207.224.25; s_port: 54989; dst: 190.22.106.135; service: 443; proto: tcp; rule: 392;Attack Info: TCP segment out of maximum allowed sequence. Packet dropped.;Confidence Level: 0;Performance Impact: 0;Protection Name: TCP Segment Limit Enforcement;Protection Type: settings_tcp;Severity: 0;SmartDefense Profile: Boticario_DMZ_Protection;__policy_id_tag: product=VPN-1 & FireWall-1[db_tag={E94ECB65-34C0-4740-9634-761E1604C8BC};mgmt=SJP1PLNX036-DMZ;date=1424714440;policy_name=DMZ];attack: Streaming Engine: TCP Segment Limit Enforcement;has_accounting: 0;i/f_dir: inbound;i/f_name: eth2-01.2809;origin_sic_name: CN=TEST-DMZ1,O=log_server_hostname;protection_id: tcp_segment_limit;rule_uid: {499DBB08-D262-4D9F-B639-5337A7B36E59};snid: 7572c682;src_machine_name: COMP-testuser-30;src_user_name: testuser-30 ;user: testuser-30 ;
<13>May 26 09:14:02 checkpoint.firewall.ibm.lab 26May2017  checkpoint.firewall.ibm.lab product: martDefense; src: 120.171.20.155; s_port: ; dst: 102.253.177.32; service: ; proto: udp; rule: ;Attack Info: Response packet too long, potential buffer overflow;Suppressed logs: 5;Total logs: 6;__policy_id_tag: product=VPN-1 & FireWall-1[db_tag={321A4EE6-7DEA-11DD-BFAA-C0A832822626};mgmt=fwmngt05;date=1220908070;policy_name=KillerWhale_gbl];alert: alert;attack: Invalid DNS;has_accounting: 0;i/f_dir: inbound;
<25>May 26 09:14:03 ambiron.ipangel.ibm.lab ipangel-ips: [2017-05-26 09:14:03-05] alert [Priority: 9] [116:46:1] [(snort_decoder) WARNING: TCP Data Offset is less than 5!] 30.90.182.58:53351 TCP 123.101.138.49:80 br0
<54>May 26 09:14:05 SymantecServer symantec.endpoint.ibm.lab: Potential risk found,Computer name: COMP-1094116,Detection type: Heuristic,Application name: (Unknown),Application type: Trojan Worm,Application version: ,Hash type: SHA-1,Application hash: 72c874f212a18944ff56f774bfe7252346b93f8e,Company name: ,File size (bytes): 301568,Sensitivity: 0,Detection score: 40,Submission recommendation:1,Permitted application reason: 0,Source: Heuristic Scan,Risk name: ,Occurrences: 1,c:\claims\claims32.exe,"",Actual action: Left alone,Requested action: Left alone,Secondary action: Left alone,Event time: 2017-05-26 09:14:05,Inserted:2017-05-26 09:14:05,End:  2017-05-26 09:14:05,Domain: Default,Group: My Company\LTC\Desktops,Server: crasesssmc01,User: testuser-73,Source computer: ,Source IP: 0.0.0.0
<38>May 26 09:14:06 sshd[random_number_1_to_999999]: Accepted keyboard-interactive/pam for testuser-12 from 202.207.224.25 port 52003 ssh2
<34>May 26 09:14:06 Message forwarded from aix.ibm.lab: su: BAD SU from testuser-12 to root at /dev/pts/3
<33>May 26 09:14:08 threecom.switch.ibm.lab %May 26 09:14:08 2017 S9500 RTA/3/Failed to get user traffic: Failed to get traffic of user 202.207.224.25 on board 6
<26>May 26 09:14:09 ambiron.ipangel.ibm.lab ipangel-ips: [2017-05-26 09:14:09-05] alert [Priority: 9] [119:14:1] [(http_inspect) NON-RFC DEFINED CHAR] 33.195.94.29:58736 TCP 142.49.65.98:80 br0
<157>May 26 09:14:11 microsoft.event.ibm.lab MSWinEventLog	4	Security	60703	Fri May 26 09:14:11 2017	552	Security	NETWORK SERVICE	Well Known Group	Success Audit	testuser-58	Logon/Logoff		Logon attempt using explicit credentials: Logged on user:  User Name: NETWORK SERVICE  Domain: NT AUTHORITY  Logon ID: (0x0,0x1100401)  Logon GUID: -  User whose credentials were used:  Target User Name: testuser-58  Target Domain: us.ibm.com Target Logon GUID: -  Target Server Name: localhost  Target Server Info: localhost  Caller Process ID: 571195  Source Network Address: -  Source Port: - 	56794
<33>May 26 09:14:13 threecom.switch.ibm.lab %May 26 09:14:13 2017 S9500 RTA/3/Failed to start accounting: Failed to start traffic accounting for user 128.234.158.118 on board 6
<83>May 26 09:14:14 apple.macosx.ibm.lab com.apple.SecurityServer: authinternal failed to authenticate user testuser-72.
<54>May 26 09:14:16 SymantecServer symantec.endpoint.ibm.lab: testbox-abc,[SID: 21590] P2P Edonkey Ping Message detected.  Traffic has been allowed from this application: C:\Program Files\easyMule\emule.exe,Local: 30.90.182.58,Local: 00218696B978,Remote: ,Remote: 89.232.191.153,Remote: 000000000000,Outbound,OTHERS,Intrusion ID: 0,Begin: 2017-05-26 09:14:16,End: 2017-05-26 09:14:16,Occurrences: 1,Application: C:/Program Files/easyMule/emule.exe,Location: Default,User: testuser-93,Domain: us.ibm.com
<33>May 26 09:14:17 threecom.switch.ibm.lab %May 26 09:14:17 2017 S9500 VTY/5/VTY_LOG:  TELNET user failed to login from 218.111.178.29(000D-88F6-60E0) on VTY0.
<38>May 26 09:14:19 sshd[65761]: Failed none for invalid user testuser-97 from 179.174.48.208 port 52504 ssh2
<190>May 26 09:14:20 arbor.pravail.ibm.lab pravail-aps: Blocked Host: Blocked host 154.102.244.170 10:53 by TCP Connection Reset using TCP/64346 (Unknown) destination 221.49.167.224 source port 443,URL: https://arbornetworks.pravail.test.com/chaos/
<27>May 26 09:14:22 ambiron.ipangel.ibm.lab ipangel-ips: [2017-05-26 09:14:22-05] alert [Priority: 9] [119:2:1] [(http_inspect) DOUBLE DECODING ATTACK] 51.18.44.104:58677 TCP 146.21.180.213:80 br0
<129>May 26 09:14:24 barracuda.firewall.ibm.lab WF ALER CROSS_SITE_SCRIPTING_IN_URL 147.198.103.40 50679 42.185.87.22 80 security-policy GLOBAL DENY NONE [type="cross-site-scripting" pattern="script-tag" token="<script>"] GET 42.185.87.22/<script>alert(53416)</script> HTTP "-" ""-"" 42.185.87.22 48541 "-" "-"
<182>May 26 09:14:25 apache.httpd.ibm.lab httpd: 33.195.94.29 117.133.33.122 - - [26/May/2017:09:14:25 -0500] "GET /<script>alert(53416)</script> HTTP/1.1" 404 443 320
<182>May 26 09:14:27 apache.httpd.ibm.lab httpd: 33.195.94.29 66.108.155.128 - - [26/May/2017:09:14:27 -0500] "CONNECT 10.35.79.71:443 HTTP/1.1" 405 443 297
<13>May 26 09:14:28 microsoft.sec.ibm.lab AgentDevice=WindowsLog	AgentLogFile=Security	Source=Security	Computer=COMP-testuser-71	User=SYSTEM	Domain=	EventID=644	EventIDCode=644	EventType=8	EventCategory=7	RecordNumber=99965	TimeGenerated=1495804468	TimeWritten=1495804468	Message=User Account Locked Out: Target Account Name: testuser-71 Target Account ID: %{S-1-2-3-1089936} Caller Machine Name: COMP-CALLER01 Caller User Name: CALLER-01 Caller Domain: us.ibm.com Caller Logon ID: (0x0,0xBA5EBA11)
<129>May 26 09:14:30 barracuda.firewall.ibm.lab WF ALER METACHARACTER_IN_PARAMETER 136.38.97.190 62007 40.130.199.183 443 security-policy GLOBAL DENY NONE [token="%00 " Parameter="article" value="../../../../../../../../etc/passwd"] GET 40.130.199.183/talkback.cgi?article=../../../../../../../../etc/passwd%00&action=view&matchview=1 HTTPS "-" ""-"" 40.130.199.183 62007 "-" "-"
<182>May 26 09:14:31 apache.httpd.ibm.lab httpd: 33.195.94.29 165.185.12.202 - - [26/May/2017:09:14:31 -0500] "POST /test.php?doing_test=123 HTTP/1.0" 404 80 282
<86>May 26 09:14:33 apple.macosx.ibm.lab com.apple.SecurityServer: uid 116160 succeeded authenticating as user admin (uid 501) for right system.install.root.user.
<189>May 26 09:14:34 ['9.9.9.9'] authmgr[504]: <NOTI> login <00:1c:bf:ca:2b:98  218.111.178.29 testuser-63>method=802.1x, server=TEST001, role=Authenticated Update(status 0 method 0 role 16), reauth=1800 sec
<33>May 26 09:14:36 threecom.switch.ibm.lab %May 26 09:14:36 2017 S9500 VTY/5/VTY_LOG:  TELNET user failed to login from 218.111.178.29(000D-88F6-60E0) on VTY0.
<25>May 26 09:14:38 ambiron.ipangel.ibm.lab ipangel-ips: [2017-05-26 09:14:38-05] alert [Priority: 9] [116:46:1] [(snort_decoder) WARNING: TCP Data Offset is less than 5!] 54.11.145.63:59802 TCP 219.56.218.131:80 br0
<13>May 26 09:14:39 microsoft.sec.ibm.lab AgentDevice=WindowsLog	AgentLogFile=Security	Source=Security	Computer=COMP-testuser-66	User=testuser-66	Domain=	EventID=673	EventIDCode=673	EventType=8	EventCategory=9	RecordNumber=96174	TimeGenerated=1495804479	TimeWritten=1495804479	Message=Service Ticket Request:  User Name: testuser-66@us.ibm.com User Domain: us.ibm.com Service Name: MAIL$  Service ID: %{S-3-2-1-DD1426} Ticket Options:  0x40810000   Ticket Encryption Type: 0x17 Client Address: 30.90.182.58 Failure Code: - LogonGUID: {DD1426-f005ba11-ba5eba11} Transited Services: - 
<129>May 26 09:14:41 barracuda.firewall.ibm.lab WF ALER METACHARACTER_IN_PARAMETER 51.18.44.104 57748 156.248.125.14 443 security-policy GLOBAL DENY NONE [token="%00 " Parameter="article" value="../../../../../../../../etc/passwd"] GET 156.248.125.14/talkback.cgi?article=../../../../../../../../etc/passwd%00&action=view&matchview=1 HTTPS "-" ""-"" 156.248.125.14 57748 "-" "-"
<133>May 26 09:14:42 microsoft.event.ibm.lab MSWinEventLog 1 Security 102757633 Fri May 26 09:14:42 2017 4907 Microsoft-Windows-Security-Auditing N/A N/A Success Audit rogueUser-5 Audit Policy Change Auditing settings on object were changed. Subject: Security ID: S-1-5-18 Account Name: rogueUser-5 Account Domain: us.ibm.com Logon ID: 0x1121481 Object: Object Server: Security Object Type: File Object Name: \Windows\winsxs\test.wav Handle ID: 0x3a8 Process Information: Process ID: 0x5F7B87 Process Name: C:\Windows\System32\wbengine.exe Auditing Settings: Original Security Descriptor: S:AI(AU;A;;WD) New Security Descriptor: S:ARAI(AU;SAFA;;;;WD)(AU;IDFA;B;;;WD) 721014
<13>May 26 09:14:44 microsoft.sec.ibm.lab AgentDevice=WindowsLog	AgentLogFile=Security	Source=Security	Computer=COMP-testuser-54	User=testuser-54	Domain=	EventID=675	EventIDCode=675	EventType=16	EventCategory=9	RecordNumber=954106	TimeGenerated=1495804484	TimeWritten=1495804484	Message=Pre-authentication failed: User Name: testuser-54 User ID: %{S-1-2-3-1092025} Service Name: krbtgt Pre-Authentication Type: 0x2 Failure Code: 0x18 Client Address: 218.111.178.29 
<182>May 26 09:14:45 apache.httpd.ibm.lab httpd: 128.234.158.118 202.39.222.234 - - [26/May/2017:09:14:45 -0500] "POST /test.php?doing_test=123 HTTP/1.0" 404 80 282
<13>May 26 09:14:47 checkpoint.firewall.ibm.lab 26May2017 drop checkpoint.firewall.ibm.lab product: VPN-1 &FireWall-1; src: 83.87.204.105; s_port: 55277; dst: 171.62.56.76; service: 138; proto: udp; rule: 323;SmartDefense profile: Default_Protection;__policy_id_tag: product=VPN-1 & FireWall-1[db_tag={48AB8350-7F61-11DD-887D-C0A832D16C6C};mgmt=fwmngt-zentral;date=1221069169;policy_name=Chameleon_gbl];has_accounting: 0;i/f_dir: inbound;i/f_name: eth-s1/s1p1c0;rule_uid: {21D66174-0E19-4B77-A1E9-3473FE991088};
<157>May 26 09:14:49 microsoft.event.ibm.lab MSWinEventLog	4	Security	60703	Fri May 26 09:14:49 2017	552	Security	NETWORK SERVICE	Well Known Group	Success Audit	testuser-59	Logon/Logoff		Logon attempt using explicit credentials: Logged on user:  User Name: NETWORK SERVICE  Domain: NT AUTHORITY  Logon ID: (0x0,0x1102500)  Logon GUID: -  User whose credentials were used:  Target User Name: testuser-59  Target Domain: us.ibm.com Target Logon GUID: -  Target Server Name: localhost  Target Server Info: localhost  Caller Process ID: 555914  Source Network Address: -  Source Port: - 	56794
<13>May 26 09:14:50 checkpoint.firewall.ibm.lab 26May2017 drop checkpoint.firewall.ibm.lab product: VPN-1 &FireWall-1; src: 128.234.158.118; s_port: 62048; dst: 147.2.158.209; service: 138; proto: udp; rule: 323;SmartDefense profile: Default_Protection;__policy_id_tag: product=VPN-1 & FireWall-1[db_tag={48AB8350-7F61-11DD-887D-C0A832D16C6C};mgmt=fwmngt-zentral;date=1221069169;policy_name=Chameleon_gbl];has_accounting: 0;i/f_dir: inbound;i/f_name: eth-s1/s1p1c0;rule_uid: {21D66174-0E19-4B77-A1E9-3473FE991088};
<182>May 26 09:14:52 apache.httpd.ibm.lab httpd: 79.186.10.120 176.80.62.42 - - [26/May/2017:09:14:52 -0500] "OPTIONS /cgi-bin/index.php HTTP/1.1" 200 443 -
<38>May 26 09:14:53 sshd[527198]: Failed password for invalid user testuser-38 from 72.232.154.35 port 56892 ssh2
<86>May 26 09:14:55 apple.macosx.ibm.lab com.apple.SecurityServer: uid 114049 succeeded authenticating as user admin (uid 501) for right system.install.root.user.
<133>May 26 09:14:56 microsoft.event.ibm.lab MSWinEventLog 1 Security 102757633 Fri May 26 09:14:56 2017 4907 Microsoft-Windows-Security-Auditing N/A N/A Success Audit testuser-44 Audit Policy Change Auditing settings on object were changed. Subject: Security ID: S-1-5-18 Account Name: testuser-44 Account Domain: us.ibm.com Logon ID: 0x1089936 Object: Object Server: Security Object Type: File Object Name: \Windows\winsxs\test.wav Handle ID: 0x3a8 Process Information: Process ID: 0xC38EF6 Process Name: C:\Windows\System32\wbengine.exe Auditing Settings: Original Security Descriptor: S:AI(AU;A;;WD) New Security Descriptor: S:ARAI(AU;SAFA;;;;WD)(AU;IDFA;B;;;WD) 19968
<187>May 26 09:14:58 ['9.9.9.9'] httpd[16986]: [error] [client 20.135.51.253] Invalid URI in request \xf7vMKp`ET&\xa4\x9c\xc9\xec\xd1\xd8j\r\xce\xd9\xd4\xb3\c7
<26>May 26 09:15:00 ambiron.ipangel.ibm.lab ipangel-ips: [2017-05-26 09:15:00-05] alert [Priority: 9] [119:14:1] [(http_inspect) NON-RFC DEFINED CHAR] 79.186.10.120:63603 TCP 106.225.102.20:80 br0
<13>May 26 09:15:01 checkpoint.firewall.ibm.lab 26May2017  checkpoint.firewall.ibm.lab product: SmartDefense; src: 120.171.20.155; s_port: ; dst: 108.49.20.134; service: ; proto: udp; rule: ;Attack Info: Bad domain format, illegal ASCII value in domain;Suppressed logs: 1;Total logs: 2;__policy_id_tag: product=VPN-1 & FireWall-1[db_tag={9B20E8EA-7DE6-11DD-B7D6-C0A832D11E1E};mgmt=fwmngt-zentral;date=1220906528;policy_name=Vulpine_gbl];alert: alert;attack: Invalid DNS;has_accounting: 0;i/f_dir: inbound;
<13>May 26 09:15:03 microsoft.sec.ibm.lab AgentDevice=WindowsLog	AgentLogFile=Security	Source=Security	Computer=COMP-testuser-99	User=testuser-99	Domain=	EventID=672	EventIDCode=672	EventType=8	EventCategory=9	RecordNumber=175651	TimeGenerated=1495804503	TimeWritten=1495804503	Message=Authentication Ticket Request: User Name: testuser-99 Supplied Realm Name: us.ibm.com User ID: %{S-1-2-3-1110916} Service Name: krbtgt Service ID: %{S-3-2-1-5D8421} Ticket Options: 0x40810010 Result Code: - Ticket Encryption Type: 0x17 Pre-Authentication Type: 2 Client Address: 111.31.137.35 Certificate Issuer Name:  Certificate Serial Number:  Certificate Thumbprint: 
<190>May 26 09:15:04 arbor.pravail.ibm.lab pravail-aps: Blocked Host: Blocked host 79.186.10.120 at 10:53 by Malformed HTTP Filtering using TCP/80 (HTTP) destination 159.30.77.237 source port 50119,URL: https://arbornetworks.pravail.test.com/chaos/
<190>May 26 09:15:06 arbor.pravail.ibm.lab pravail-aps: Blocked Host: Blocked host 165.11.95.213 10:53 by TCP Connection Reset using TCP/64842 (Unknown) destination 91.32.94.154 source port 443,URL: https://arbornetworks.pravail.test.com/chaos/
<54>May 26 09:15:07 SymantecServer symantec.endpoint.ibm.lab: Commercial application detected,Computer name: COMP-1087849,Detection type: Commercial,Application name: DameWare Development DWRCS,Application type: Remote Control,Application version: 5\~ 5\~ 0\~ 0,Hash type: SHA-1,Application hash: 4670d9eeeab7449788be3b18e9364ef0088b900e,Company name: DameWare Development LLC,File size (bytes): 208896,Sensitivity: 0,Detection score: 1,Submission recommendation: 0,Permitted application reason: 0,Source: Heuristic Scan,Risk name:  ,Occurrences: 1,DWMRCS,"DWMRCS",Actual action: Left alone,Requested action: Left alone,Secondary action: Commercial application detection,Event time: 2017-05-26 09:15:07,Inserted: 2017-05-26 09:15:07,End: 2017-05-26 09:15:07,Domain: Default,Group: My Company	est,Server: testbox,User: testuser-52,Source computer:  ,Source IP: 0.0.0.0
<27>May 26 09:15:09 ambiron.ipangel.ibm.lab ipangel-ips: [2017-05-26 09:15:09-05] alert [Priority: 9] [119:2:1] [(http_inspect) DOUBLE DECODING ATTACK] 154.102.244.170:59984 TCP 201.156.154.56:80 br0
<187>May 26 09:15:10 ['9.9.9.9'] httpd[16986]: [error] [client 33.195.94.29] Invalid URI in request \xf7vMKp`ET&\xa4\x9c\xc9\xec\xd1\xd8j\r\xce\xd9\xd4\xb3\c7
<129>May 26 09:15:12 barracuda.firewall.ibm.lab WF ALER SLASH_DOT_IN_URL 56.219.18.103 59028 117.82.199.227 443 security-policy GLOBAL DENY NONE ["-"] GET 117.82.199.227/themes/default/css/.htaccess HTTPS "-" ""-"" 117.82.199.227 44428 "-" "-"
<182>May 26 09:15:14 apache.httpd.ibm.lab httpd: 201.150.192.18 187.2.131.90 - - [26/May/2017:09:15:14 -0500] "POST /test.php?doing_test=123 HTTP/1.0" 404 80 282
<190>May 26 09:15:15 arbor.pravail.ibm.lab pravail-aps: Blocked Host: Blocked host 201.150.192.18 at 10:52 by Invalid Packets using TCP/0 (Unknown) destination 34.147.153.99,URL: https://arbornetworks.pravail.test.com/chaos/
<179>May 26 09:15:17 apache.httpd.ibm.lab httpd[5570]: [ID 702911 local6.error] [error] [client 202.207.224.25] Certificate Verification: Error (10): certificate has expired
<190>May 26 09:15:18 arbor.pravail.ibm.lab pravail-aps: Blocked Host: Blocked host 113.146.67.20 at 10:52 by Invalid Packets using TCP/0 (Unknown) destination 154.164.138.230,URL: https://arbornetworks.pravail.test.com/chaos/
<33>May 26 09:15:20 threecom.switch.ibm.lab %May 26 09:15:20 2017 S9500 FTPS/5/USEROUT: User rogueUser-1(33.195.94.29) logged out
<25>May 26 09:15:21 ambiron.ipangel.ibm.lab ipangel-ips: [2017-05-26 09:15:21-05] alert [Priority: 9] [116:46:1] [(snort_decoder) WARNING: TCP Data Offset is less than 5!] 132.146.155.198:64308 TCP 149.83.218.118:80 br0
<133>May 26 09:15:23 microsoft.event.ibm.lab MSWinEventLog 1 Security 102757633 Fri May 26 09:15:23 2017 4907 Microsoft-Windows-Security-Auditing N/A N/A Success Audit testuser-79 Audit Policy Change Auditing settings on object were changed. Subject: Security ID: S-1-5-18 Account Name: testuser-79 Account Domain: us.ibm.com Logon ID: 0x1106704 Object: Object Server: Security Object Type: File Object Name: \Windows\winsxs\test.wav Handle ID: 0x3a8 Process Information: Process ID: 0x7BBD83 Process Name: C:\Windows\System32\wbengine.exe Auditing Settings: Original Security Descriptor: S:AI(AU;A;;WD) New Security Descriptor: S:ARAI(AU;SAFA;;;;WD)(AU;IDFA;B;;;WD) 59743
<13>May 26 09:15:25 microsoft.sec.ibm.lab AgentDevice=WindowsLog	AgentLogFile=Security	Source=Security	Computer=COMP-testuser-5	User=testuser-5	Domain=	EventID=540	EventIDCode=540	EventType=8	EventCategory=2	RecordNumber=932533	TimeGenerated=1495804525	TimeWritten=1495804525	Message=Successful Network Logon: User Name: Domain: Logon ID: (0x0,0x986049) Logon Type: 3 Logon Process: NtLmSsp Authentication Package: NTLM Workstation Name: COMP-testuser-5 Logon GUID: - Caller User Name: - Caller Domain: - Caller Logon ID: - Caller Process ID: - Transited Services: - Source Network Address: 167.227.124.53 Source Port: 0
<54>May 26 09:15:26 SymantecServer symantec.endpoint.ibm.lab: Commercial application detected,Computer name: COMP-1096209,Detection type: Commercial,Application name: DameWare Development DWRCS,Application type: Remote Control,Application version: 5\~ 5\~ 0\~ 0,Hash type: SHA-1,Application hash: 4670d9eeeab7449788be3b18e9364ef0088b900e,Company name: DameWare Development LLC,File size (bytes): 208896,Sensitivity: 0,Detection score: 1,Submission recommendation: 0,Permitted application reason: 0,Source: Heuristic Scan,Risk name:  ,Occurrences: 1,DWMRCS,"DWMRCS",Actual action: Left alone,Requested action: Left alone,Secondary action: Commercial application detection,Event time: 2017-05-26 09:15:26,Inserted: 2017-05-26 09:15:26,End: 2017-05-26 09:15:26,Domain: Default,Group: My Company	est,Server: testbox,User: testuser-29,Source computer:  ,Source IP: 0.0.0.0
<190>May 26 09:15:28 arbor.pravail.ibm.lab pravail-aps: Blocked Host: Blocked host 30.90.182.58 at 10:52 by Invalid Packets using TCP/0 (Unknown) destination 222.142.34.123,URL: https://arbornetworks.pravail.test.com/chaos/
<13>May 26 09:15:29 microsoft.sec.ibm.lab AgentDevice=WindowsLog	AgentLogFile=Security	Source=Security	Computer=COMP-testuser-99	User=testuser-99	Domain=	EventID=540	EventIDCode=540	EventType=8	EventCategory=2	RecordNumber=628383	TimeGenerated=1495804529	TimeWritten=1495804529	Message=Successful Network Logon: User Name: Domain: Logon ID: (0x0,0x1110916) Logon Type: 3 Logon Process: NtLmSsp Authentication Package: NTLM Workstation Name: COMP-testuser-99 Logon GUID: - Caller User Name: - Caller Domain: - Caller Logon ID: - Caller Process ID: - Transited Services: - Source Network Address: 154.102.244.170 Source Port: 0
<190>May 26 09:15:31 arbor.pravail.ibm.lab pravail-aps: Blocked Host: Blocked host 64.87.88.123 at 10:52 by Invalid Packets using TCP/0 (Unknown) destination 61.101.184.77,URL: https://arbornetworks.pravail.test.com/chaos/
<187>May 26 09:15:32 ['9.9.9.9'] httpd[16986]: [error] [client 30.90.182.58] Invalid URI in request \xf7vMKp`ET&\xa4\x9c\xc9\xec\xd1\xd8j\r\xce\xd9\xd4\xb3\c7
<54>May 26 09:15:34 SymantecServer symantec.endpoint.ibm.lab: Commercial application detected,Computer name: COMP-1098304,Detection type: Commercial,Application name: DameWare Development DWRCS,Application type: Remote Control,Application version: 5\~ 5\~ 0\~ 0,Hash type: SHA-1,Application hash: 4670d9eeeab7449788be3b18e9364ef0088b900e,Company name: DameWare Development LLC,File size (bytes): 208896,Sensitivity: 0,Detection score: 1,Submission recommendation: 0,Permitted application reason: 0,Source: Heuristic Scan,Risk name:  ,Occurrences: 1,DWMRCS,"DWMRCS",Actual action: Left alone,Requested action: Left alone,Secondary action: Commercial application detection,Event time: 2017-05-26 09:15:34,Inserted: 2017-05-26 09:15:34,End: 2017-05-26 09:15:34,Domain: Default,Group: My Company	est,Server: testbox,User: testuser-48,Source computer:  ,Source IP: 0.0.0.0
<33>May 26 09:15:36 threecom.switch.ibm.lab %May 26 09:15:36 2017 S9500 VTY/5/VTY_LOG:  TELNET user failed to login from 218.111.178.29(000D-88F6-60E0) on VTY0.
<38>May 26 09:15:37 Message forwarded from aix.ibm.lab: syslog: pts/2: failed login attempt for testuser-99 from 154.102.244.170
<13>May 26 09:15:39 checkpoint.firewall.ibm.lab 26May2017  checkpoint.firewall.ibm.lab product: martDefense; src: 132.146.155.198; s_port: ; dst: 173.56.231.177; service: ; proto: udp; rule: ;Attack Info: Response packet too long, potential buffer overflow;Suppressed logs: 5;Total logs: 6;__policy_id_tag: product=VPN-1 & FireWall-1[db_tag={321A4EE6-7DEA-11DD-BFAA-C0A832822626};mgmt=fwmngt05;date=1220908070;policy_name=KillerWhale_gbl];alert: alert;attack: Invalid DNS;has_accounting: 0;i/f_dir: inbound;
<189>May 26 09:15:40 ['9.9.9.9'] authmgr[504]: <NOTI> login <00:1c:bf:ca:2b:98  125.83.117.185 testuser-14>method=802.1x, server=TEST001, role=Authenticated Update(status 0 method 0 role 16), reauth=1800 sec
<38>May 26 09:15:42 syslog: ssh: failed login attempt for testuser-70 from 56.219.18.103
<25>May 26 09:15:43 ambiron.ipangel.ibm.lab ipangel-ips: [2017-05-26 09:15:43-05] alert [Priority: 9] [116:46:1] [(snort_decoder) WARNING: TCP Data Offset is less than 5!] 165.11.95.213:59851 TCP 208.54.193.225:80 br0
<13>May 26 09:15:45 microsoft.sec.ibm.lab AgentDevice=WindowsLog	AgentLogFile=Security	Source=Security	Computer=COMP-testuser-32	User=testuser-32	Domain=	EventID=672	EventIDCode=672	EventType=8	EventCategory=9	RecordNumber=427145	TimeGenerated=1495804545	TimeWritten=1495804545	Message=Authentication Ticket Request: User Name: testuser-32 Supplied Realm Name: us.ibm.com User ID: %{S-1-2-3-1083681} Service Name: krbtgt Service ID: %{S-3-2-1-3F0984} Ticket Options: 0x40810010 Result Code: - Ticket Encryption Type: 0x17 Pre-Authentication Type: 2 Client Address: 87.5.130.200 Certificate Issuer Name:  Certificate Serial Number:  Certificate Thumbprint: 
<129>May 26 09:15:46 barracuda.firewall.ibm.lab WF ALER SLASH_DOT_IN_URL 56.219.18.103 52738 110.102.17.115 443 security-policy GLOBAL DENY NONE ["-"] GET 110.102.17.115/themes/default/css/.htaccess HTTPS "-" ""-"" 110.102.17.115 44428 "-" "-"
<86>May 26 09:15:48 apple.macosx.ibm.lab com.apple.SecurityServer: uid 116160 succeeded authenticating as user admin (uid 501) for right system.install.root.user.
<86>May 26 09:15:50 apple.macosx.ibm.lab sshd[5590]: Failed password for invalid user testuser-74 from 31.222.92.15 port 49691 ssh2
<190>May 26 09:15:51 arbor.pravail.ibm.lab pravail-aps: Blocked Host: Blocked host 30.90.182.58 at 10:52 by Invalid Packets using TCP/0 (Unknown) destination 49.213.83.207,URL: https://arbornetworks.pravail.test.com/chaos/
<13>May 26 09:15:53 microsoft.sec.ibm.lab AgentDevice=WindowsLog	AgentLogFile=Security	Source=Security	Computer=COMP-testuser-10	User=testuser-10	Domain=	EventID=675	EventIDCode=675	EventType=16	EventCategory=9	RecordNumber=73831	TimeGenerated=1495804553	TimeWritten=1495804553	Message=Pre-authentication failed: User Name: testuser-10 User ID: %{S-1-2-3-1075369} Service Name: krbtgt Pre-Authentication Type: 0x2 Failure Code: 0x18 Client Address: 85.8.173.180 
<25>May 26 09:15:54 ambiron.ipangel.ibm.lab ipangel-ips: [2017-05-26 09:15:54-05] alert [Priority: 9] [116:46:1] [(snort_decoder) WARNING: TCP Data Offset is less than 5!] 212.2.111.4:65501 TCP 199.45.253.30:80 br0
<187>May 26 09:15:56 ['9.9.9.9'] httpd[16986]: [error] [client 15.83.16.235] Invalid URI in request \xf7vMKp`ET&\xa4\x9c\xc9\xec\xd1\xd8j\r\xce\xd9\xd4\xb3\c7
<54>May 26 09:15:57 SymantecServer symantec.endpoint.ibm.lab: Commercial application detected,Computer name: COMP-1092025,Detection type: Commercial,Application name: DameWare Development DWRCS,Application type: Remote Control,Application version: 5\~ 5\~ 0\~ 0,Hash type: SHA-1,Application hash: 4670d9eeeab7449788be3b18e9364ef0088b900e,Company name: DameWare Development LLC,File size (bytes): 208896,Sensitivity: 0,Detection score: 1,Submission recommendation: 0,Permitted application reason: 0,Source: Heuristic Scan,Risk name:  ,Occurrences: 1,DWMRCS,"DWMRCS",Actual action: Left alone,Requested action: Left alone,Secondary action: Commercial application detection,Event time: 2017-05-26 09:15:57,Inserted: 2017-05-26 09:15:57,End: 2017-05-26 09:15:57,Domain: Default,Group: My Company	est,Server: testbox,User: testuser-72,Source computer:  ,Source IP: 0.0.0.0
<86>May 26 09:15:59 apple.macosx.ibm.lab sshd[5590]: Failed password for invalid user testuser-27 from 218.111.178.29 port 50456 ssh2
<13>May 26 09:16:01 checkpoint.firewall.ibm.lab 26May2017  checkpoint.firewall.ibm.lab product: SmartDefense; src: 30.90.182.58; s_port: ; dst: 129.112.188.63; service: ; proto: icmp; rule: ;Attack Info: Echo request too big;Suppressed logs: 1;Total logs: 2;__policy_id_tag: product=VPN-1 & FireWall-1[db_tag={B5A7057E-7F61-11DD-AA43-C0A832D12424};mgmt=fwmngt-zentral;date=1221069352;policy_name=Spider_gbl];alert: alert;attack: Large ping;has_accounting: 0;i/f_dir: inbound;
<190>May 26 09:16:02 arbor.pravail.ibm.lab pravail-aps: Blocked Host: Blocked host 9.135.38.229 10:53 by TCP Connection Reset using TCP/61242 (Unknown) destination 25.246.148.199 source port 443,URL: https://arbornetworks.pravail.test.com/chaos/
<54>May 26 09:16:04 SymantecServer symantec.endpoint.ibm.lab: Potential risk found,Computer name: COMP-1083681,Detection type: Heuristic,Application name: (Unknown),Application type: Trojan Worm,Application version: ,Hash type: SHA-1,Application hash: 72c874f212a18944ff56f774bfe7252346b93f8e,Company name: ,File size (bytes): 301568,Sensitivity: 0,Detection score: 40,Submission recommendation:1,Permitted application reason: 0,Source: Heuristic Scan,Risk name: ,Occurrences: 1,c:\claims\claims32.exe,"",Actual action: Left alone,Requested action: Left alone,Secondary action: Left alone,Event time: 2017-05-26 09:16:04,Inserted:2017-05-26 09:16:04,End:  2017-05-26 09:16:04,Domain: Default,Group: My Company\LTC\Desktops,Server: crasesssmc01,User: testuser-23,Source computer: ,Source IP: 0.0.0.0
<190>May 26 09:16:05 arbor.pravail.ibm.lab pravail-aps: Blocked Host: Blocked host 136.38.97.190 10:53 by TCP Connection Reset using TCP/63935 (Unknown) destination 20.149.222.207 source port 443,URL: https://arbornetworks.pravail.test.com/chaos/
<129>May 26 09:16:07 barracuda.firewall.ibm.lab WF ALER SLASH_DOT_IN_URL 79.186.10.120 50732 99.221.34.168 443 security-policy GLOBAL DENY NONE ["-"] GET 99.221.34.168/themes/default/css/.htaccess HTTPS "-" ""-"" 99.221.34.168 44428 "-" "-"
<187>May 26 09:16:08 ['9.9.9.9'] httpd[16986]: [error] [client 120.171.20.155] Invalid URI in request \xf7vMKp`ET&\xa4\x9c\xc9\xec\xd1\xd8j\r\xce\xd9\xd4\xb3\c7
<54>May 26 09:16:10 SymantecServer symantec.endpoint.ibm.lab: testbox-abc,[SID: 21590] P2P Edonkey Ping Message detected.  Traffic has been allowed from this application: C:\Program Files\easyMule\emule.exe,Local: 189.6.147.68,Local: 00218696B978,Remote: ,Remote: 65.253.196.111,Remote: 000000000000,Outbound,OTHERS,Intrusion ID: 0,Begin: 2017-05-26 09:16:10,End: 2017-05-26 09:16:10,Occurrences: 1,Application: C:/Program Files/easyMule/emule.exe,Location: Default,User: testuser-4,Domain: us.ibm.com
<179>May 26 09:16:12 apache.httpd.ibm.lab httpd[5570]: [ID 702911 local6.error] [error] [client 33.195.94.29] Certificate Verification: Error (10): certificate has expired
<33>May 26 09:16:13 threecom.switch.ibm.lab %May 26 09:16:13 2017 S9500 AAA/2/Serious error!: User testuser-74, in ACM send msg to SC failed! Returns 1 srcID 6 msgType 16384.
<129>May 26 09:16:15 barracuda.firewall.ibm.lab WF ALER SLASH_DOT_IN_URL 165.11.95.213 59111 195.90.92.214 443 security-policy GLOBAL DENY NONE ["-"] GET 195.90.92.214/themes/default/css/.htaccess HTTPS "-" ""-"" 195.90.92.214 44428 "-" "-"
<190>May 26 09:16:16 arbor.pravail.ibm.lab pravail-aps: Blocked Host: Blocked host 179.174.48.208 10:53 by TCP Connection Reset using TCP/53841 (Unknown) destination 72.245.230.212 source port 443,URL: https://arbornetworks.pravail.test.com/chaos/
<182>May 26 09:16:18 apache.httpd.ibm.lab httpd: 213.39.172.85 8.86.105.199 - - [26/May/2017:09:16:18 -0500] "GET /../../../../../../../../../../../ HTTP/1.1" 400 443 307
<13>May 26 09:16:19 microsoft.sec.ibm.lab AgentDevice=WindowsLog	AgentLogFile=Security	Source=Security	Computer=COMP-testuser-7	User=SYSTEM	Domain=	EventID=644	EventIDCode=644	EventType=8	EventCategory=7	RecordNumber=579773	TimeGenerated=1495804579	TimeWritten=1495804579	Message=User Account Locked Out: Target Account Name: testuser-7 Target Account ID: %{S-1-2-3-990025} Caller Machine Name: COMP-CALLER01 Caller User Name: CALLER-01 Caller Domain: us.ibm.com Caller Logon ID: (0x0,0xBA5EBA11)
<187>May 26 09:16:21 ['9.9.9.9'] httpd[16986]: [error] [client 218.111.178.29] Invalid URI in request \xf7vMKp`ET&\xa4\x9c\xc9\xec\xd1\xd8j\r\xce\xd9\xd4\xb3\c7
<33>May 26 09:16:22 threecom.switch.ibm.lab %May 26 09:16:22 2017 S9500 AAA/2/Serious error!: User testuser-21, in ACM send msg to SC failed! Returns 1 srcID 6 msgType 16384.
<133>May 26 09:16:24 microsoft.event.ibm.lab MSWinEventLog 1 Security 102757633 Fri May 26 09:16:24 2017 4907 Microsoft-Windows-Security-Auditing N/A N/A Success Audit testuser-53 Audit Policy Change Auditing settings on object were changed. Subject: Security ID: S-1-5-18 Account Name: testuser-53 Account Domain: us.ibm.com Logon ID: 0x1089936 Object: Object Server: Security Object Type: File Object Name: \Windows\winsxs\test.wav Handle ID: 0x3a8 Process Information: Process ID: 0xB0ED1B Process Name: C:\Windows\System32\wbengine.exe Auditing Settings: Original Security Descriptor: S:AI(AU;A;;WD) New Security Descriptor: S:ARAI(AU;SAFA;;;;WD)(AU;IDFA;B;;;WD) 925462
<54>May 26 09:16:26 SymantecServer symantec.endpoint.ibm.lab: testbox-abc,[SID: 21590] P2P Edonkey Ping Message detected.  Traffic has been allowed from this application: C:\Program Files\easyMule\emule.exe,Local: 51.18.44.104,Local: 00218696B978,Remote: ,Remote: 183.146.25.119,Remote: 000000000000,Outbound,OTHERS,Intrusion ID: 0,Begin: 2017-05-26 09:16:26,End: 2017-05-26 09:16:26,Occurrences: 1,Application: C:/Program Files/easyMule/emule.exe,Location: Default,User: testuser-40,Domain: us.ibm.com
<187>May 26 09:16:27 ['9.9.9.9'] httpd[16986]: [error] [client 56.219.18.103] Invalid URI in request \xf7vMKp`ET&\xa4\x9c\xc9\xec\xd1\xd8j\r\xce\xd9\xd4\xb3\c7
<25>May 26 09:16:29 apple.macosx.ibm.lab DirectoryService[51]: Failed Authentication return is being delayed due to over five recent auth failures for username: testuser-45.
<38>May 26 09:16:30 sshd[789012]: Failed none for invalid user testuser-36 from 218.111.178.29 port 54560 ssh2
<26>May 26 09:16:32 ambiron.ipangel.ibm.lab ipangel-ips: [2017-05-26 09:16:32-05] alert [Priority: 9] [119:14:1] [(http_inspect) NON-RFC DEFINED CHAR] 79.186.10.120:52032 TCP 102.132.46.172:80 br0
<187>May 26 09:16:33 ['9.9.9.9'] httpd[16986]: [error] [client 218.111.178.29] Invalid URI in request \xf7vMKp`ET&\xa4\x9c\xc9\xec\xd1\xd8j\r\xce\xd9\xd4\xb3\c7
<13>May 26 09:16:35 checkpoint.firewall.ibm.lab 26May2017 reject checkpoint.firewall.ibm.lab product: VPN-1 & FireWall-1; src: 218.111.178.29; s_port: 57348; dst: 145.228.135.253; service: 113; proto: tcp; rule: 14;SmartDefense profile: Default_Protection;__policy_id_tag: product=VPN-1 & FireWall-1[db_tag={25E5B8F6-79E7-11DD-941A-C0A832D00C0C};mgmt=fwmngt-wuv;date=1220466957;policy_name=rhino_gbl];has_accounting: 0;i/f_dir: inbound;i/f_name: eth-s2/s1p1c0;rule_uid: {9C96B325-D976-4A30-8685-9ED61018A6E7};service_id: gident;
<182>May 26 09:16:37 apache.httpd.ibm.lab httpd: 218.111.178.29 30.3.195.203 - - [26/May/2017:09:16:37 -0500] "ABCD / HTTP/1.1" 501 443 297
<182>May 26 09:16:38 apache.httpd.ibm.lab httpd: 44.111.228.125 125.8.196.227 - - [26/May/2017:09:16:38 -0500] "ABCD / HTTP/1.1" 501 443 297
<13>May 26 09:16:40 checkpoint.firewall.ibm.lab 26May2017  checkpoint.firewall.ibm.lab product: martDefense; src: 218.111.178.29; s_port: ; dst: 13.95.222.129; service: ; proto: udp; rule: ;Attack Info: Response packet too long, potential buffer overflow;Suppressed logs: 5;Total logs: 6;__policy_id_tag: product=VPN-1 & FireWall-1[db_tag={321A4EE6-7DEA-11DD-BFAA-C0A832822626};mgmt=fwmngt05;date=1220908070;policy_name=KillerWhale_gbl];alert: alert;attack: Invalid DNS;has_accounting: 0;i/f_dir: inbound;
<13>May 26 09:16:41 checkpoint.firewall.ibm.lab 26May2017  checkpoint.firewall.ibm.lab product: SmartDefense; src: 218.111.178.29; s_port: ; dst: 150.194.128.68; service: ; proto: udp; rule: ;Attack Info: Out-of-state DNS reply;Suppressed logs: 143;Total logs: 144;__policy_id_tag: product=VPN-1 & FireWall-1[db_tag={321A4EE6-7DEA-11DD-BFAA-C0A832822626};mgmt=fwmngt05;date=1220908070;policy_name=KillerWhale_gbl];alert: alert;attack: Invalid DNS;has_accounting: 0;i/f_dir: inbound;
<182>May 26 09:16:43 apache.httpd.ibm.lab httpd: 120.171.20.155 18.198.56.172 - - [26/May/2017:09:16:43 -0500] "GET /<script>alert(53416)</script> HTTP/1.1" 404 443 320
<54>May 26 09:16:44 SymantecServer symantec.endpoint.ibm.lab: Potential risk found,Computer name: COMP-1083681,Detection type: Heuristic,Application name: (Unknown),Application type: Trojan Worm,Application version: ,Hash type: SHA-1,Application hash: 72c874f212a18944ff56f774bfe7252346b93f8e,Company name: ,File size (bytes): 301568,Sensitivity: 0,Detection score: 40,Submission recommendation:1,Permitted application reason: 0,Source: Heuristic Scan,Risk name: ,Occurrences: 1,c:\claims\claims32.exe,"",Actual action: Left alone,Requested action: Left alone,Secondary action: Left alone,Event time: 2017-05-26 09:16:44,Inserted:2017-05-26 09:16:44,End:  2017-05-26 09:16:44,Domain: Default,Group: My Company\LTC\Desktops,Server: crasesssmc01,User: testuser-23,Source computer: ,Source IP: 0.0.0.0
<182>May 26 09:16:46 apache.httpd.ibm.lab httpd: 202.207.224.25 110.109.237.36 - - [26/May/2017:09:16:46 -0500] "OPTIONS /cgi-bin/index.php HTTP/1.1" 200 443 -
<182>May 26 09:16:48 apache.httpd.ibm.lab httpd: 79.186.10.120 145.6.132.184 - - [26/May/2017:09:16:48 -0500] "HEAD / HTTP/1.1" 200 443 -
<190>May 26 09:16:49 arbor.pravail.ibm.lab pravail-aps: Blocked Host: Blocked host 51.18.44.104 10:53 by TCP Connection Reset using TCP/57097 (Unknown) destination 171.24.69.107 source port 443,URL: https://arbornetworks.pravail.test.com/chaos/
<182>May 26 09:16:51 apache.httpd.ibm.lab httpd: 212.2.111.4 150.2.191.126 - - [26/May/2017:09:16:51 -0500] "GET /../../../../../../../../../../../ HTTP/1.1" 400 443 307
<54>May 26 09:16:52 SymantecServer symantec.endpoint.ibm.lab: Potential risk found,Computer name: COMP-1085764,Detection type: Heuristic,Application name: (Unknown),Application type: Trojan Worm,Application version: ,Hash type: SHA-1,Application hash: 72c874f212a18944ff56f774bfe7252346b93f8e,Company name: ,File size (bytes): 301568,Sensitivity: 0,Detection score: 40,Submission recommendation:1,Permitted application reason: 0,Source: Heuristic Scan,Risk name: ,Occurrences: 1,c:\claims\claims32.exe,"",Actual action: Left alone,Requested action: Left alone,Secondary action: Left alone,Event time: 2017-05-26 09:16:52,Inserted:2017-05-26 09:16:52,End:  2017-05-26 09:16:52,Domain: Default,Group: My Company\LTC\Desktops,Server: crasesssmc01,User: testuser-24,Source computer: ,Source IP: 0.0.0.0
<54>May 26 09:16:54 SymantecServer symantec.endpoint.ibm.lab: CNC2PSY9D1,Allowed,Sysfer exception: .\RegParamEngine.cpp 1152 Failed to read value DeviceInstance from key \Registry\Machine\SYSTEM\CurrentControlSet\Control\DeviceClasses\{53f56307-b6bf-11d0-94f2-00a0c91efb8b}\##?#IDE#DiskWDC_WD800JD-75MSA3______________________10.01E04#5&,Sysfer exception,Begin: 2017-05-26 09:16:54,End: 2017-05-26 09:16:54,Rule: Sysfer exception,3592,C:/Program Files/Cisco Systems/CSAgent/bin/okclient.exe,0,,,User: testuser-12,Domain: US
<33>May 26 09:16:55 threecom.switch.ibm.lab %May 26 09:16:55 2017 S9500 RTA/3/Failed to get user traffic: Failed to get traffic of user 218.111.178.29 on board 6
<86>May 26 09:16:57 apple.macosx.ibm.lab com.apple.SecurityServer: authinternal authenticated user rogueUser-3 (uid 118273).
<187>May 26 09:16:58 ['9.9.9.9'] httpd[16986]: [error] [client 136.38.97.190] Invalid URI in request \xf7vMKp`ET&\xa4\x9c\xc9\xec\xd1\xd8j\r\xce\xd9\xd4\xb3\c7
<27>May 26 09:17:00 ambiron.ipangel.ibm.lab ipangel-ips: [2017-05-26 09:17:00-05] alert [Priority: 9] [119:2:1] [(http_inspect) DOUBLE DECODING ATTACK] 83.87.204.105:50023 TCP 117.186.102.22:80 br0
<38>May 26 09:17:02 sshd[477526]: Invalid user testuser-11 from 132.146.155.198
<25>May 26 09:17:03 ambiron.ipangel.ibm.lab ipangel-ips: [2017-05-26 09:17:03-05] alert [Priority: 9] [116:46:1] [(snort_decoder) WARNING: TCP Data Offset is less than 5!] 33.195.94.29:59404 TCP 113.25.156.231:80 br0
<190>May 26 09:17:05 arbor.pravail.ibm.lab pravail-aps: Blocked Host: Blocked host 125.83.117.185 10:53 by TCP Connection Reset using TCP/50975 (Unknown) destination 3.155.86.161 source port 443,URL: https://arbornetworks.pravail.test.com/chaos/
<189>May 26 09:17:06 ['9.9.9.9'] authmgr[504]: <NOTI> login <00:1c:bf:ca:2b:98  136.38.97.190 testuser-35>method=802.1x, server=TEST001, role=Authenticated Update(status 0 method 0 role 16), reauth=1800 sec
<13>May 26 09:17:08 checkpoint.firewall.ibm.lab 26May2017  checkpoint.firewall.ibm.lab product: martDefense; src: 30.90.182.58; s_port: ; dst: 173.202.132.187; service: ; proto: udp; rule: ;Attack Info: Response packet too long, potential buffer overflow;Suppressed logs: 5;Total logs: 6;__policy_id_tag: product=VPN-1 & FireWall-1[db_tag={321A4EE6-7DEA-11DD-BFAA-C0A832822626};mgmt=fwmngt05;date=1220908070;policy_name=KillerWhale_gbl];alert: alert;attack: Invalid DNS;has_accounting: 0;i/f_dir: inbound;
<86>May 26 09:17:09 apple.macosx.ibm.lab com.apple.SecurityServer: authinternal authenticated user rogueUser-2 (uid 116160).
<50>May 26 09:17:11 SymantecServer symantec.endpoint.ibm.lab: testbox-xyz,[SID: 70025] Web Attack: Blackhole Exploit Toolkit 2 attack blocked. Traffic has been blocked for this application: C:\Program Files\Internet Explorer\iexplore.exe,Local: 0.0.0.0,Local: 000000000000,Remote: ,Remote: 0.0.0.0,Remote: 000000000000,Inbound,OTHERS,,Begin: 2017-05-26 09:17:11,End: 2017-05-26 09:17:11,Occurrences: 1,Application: C:/Program Files/Internet Explorer/iexplore.exe,Location: Default,User: testuser-17,Domain: SIMON,!ExternalLoggingTask.localport! 0,!ExternalLoggingTask.remoteport! 0,!ExternalLoggingTask.cidssignid! 70025,!ExternalLoggingTask.strcidssignid! Web Attack: Blackhole Exploit Toolkit 2,!ExternalLoggingTask.cidssignsubid! 0,!ExternalLoggingTask.intrusionurl! http://pppptttt.blah.net/links/came_broadcasting_taking-various.php,!ExternalLoggingTask.intrusionpayloadurl!
<13>May 26 09:17:13 checkpoint.firewall.ibm.lab 26May2017  checkpoint.firewall.ibm.lab product: SmartDefense; src: 201.150.192.18; s_port: ; dst: 205.205.227.119; service: ; proto: udp; rule: ;Attack Info: Out-of-state DNS reply;Suppressed logs: 143;Total logs: 144;__policy_id_tag: product=VPN-1 & FireWall-1[db_tag={321A4EE6-7DEA-11DD-BFAA-C0A832822626};mgmt=fwmngt05;date=1220908070;policy_name=KillerWhale_gbl];alert: alert;attack: Invalid DNS;has_accounting: 0;i/f_dir: inbound;
<83>May 26 09:17:14 apple.macosx.ibm.lab com.apple.SecurityServer: authinternal failed to authenticate user rogueUser-4.
<13>May 26 09:17:16 microsoft.sec.ibm.lab AgentDevice=WindowsLog	AgentLogFile=Security	Source=Security	Computer=COMP-testuser-64	User=testuser-64	Domain=	EventID=673	EventIDCode=673	EventType=8	EventCategory=9	RecordNumber=526227	TimeGenerated=1495804636	TimeWritten=1495804636	Message=Service Ticket Request:  User Name: testuser-64@us.ibm.com User Domain: us.ibm.com Service Name: MAIL$  Service ID: %{S-3-2-1-D9C489} Ticket Options:  0x40810000   Ticket Encryption Type: 0x17 Client Address: 79.186.10.120 Failure Code: - LogonGUID: {D9C489-f005ba11-ba5eba11} Transited Services: - 
<33>May 26 09:17:17 threecom.switch.ibm.lab %May 26 09:17:17 2017 S9500 RTA/3/Failed to get user traffic: Failed to get traffic of user 33.195.94.29 on board 6
<13>May 26 09:17:19 microsoft.sec.ibm.lab AgentDevice=WindowsLog	AgentLogFile=Security	Source=Security	Computer=COMP-testuser-26	User=testuser-26	Domain=	EventID=529	EventIDCode=529	EventType=16	EventCategory=2	RecordNumber=773372	TimeGenerated=1495804639	TimeWritten=1495804639	Message=Successful Network Logon: User Name: Domain: Logon ID: (0x0,0x1089936) Logon Type: 3 Logon Process: NtLmSsp Authentication Package: NTLM Workstation Name: COMP-testuser-26 Logon GUID: - Caller User Name: - Caller Domain: - Caller Logon ID: - Caller Process ID: - Transited Services: - Source Network Address: 95.91.236.167 Source Port: 0
<13>May 26 09:17:20 checkpoint.firewall.ibm.lab 26May2017 drop checkpoint.firewall.ibm.lab product: SmartDefense; src: 51.18.44.104; s_port: 61968; dst: 65.247.56.24; service: 443; proto: tcp; rule: 392;Attack Info: TCP segment out of maximum allowed sequence. Packet dropped.;Confidence Level: 0;Performance Impact: 0;Protection Name: TCP Segment Limit Enforcement;Protection Type: settings_tcp;Severity: 0;SmartDefense Profile: Boticario_DMZ_Protection;__policy_id_tag: product=VPN-1 & FireWall-1[db_tag={E94ECB65-34C0-4740-9634-761E1604C8BC};mgmt=SJP1PLNX036-DMZ;date=1424714440;policy_name=DMZ];attack: Streaming Engine: TCP Segment Limit Enforcement;has_accounting: 0;i/f_dir: inbound;i/f_name: eth2-01.2809;origin_sic_name: CN=TEST-DMZ1,O=log_server_hostname;protection_id: tcp_segment_limit;rule_uid: {499DBB08-D262-4D9F-B639-5337A7B36E59};snid: 7572c682;src_machine_name: COMP-testuser-40;src_user_name: testuser-40 ;user: testuser-40 ;
<129>May 26 09:17:22 barracuda.firewall.ibm.lab WF ALER CROSS_SITE_SCRIPTING_IN_PARAM 30.90.182.58 51709 50.139.150.107 443 security-policy GLOBAL DENY NONE [type="cross-site-scripting" pattern="script-tag" token="<script>" Parameter="url" value="<script>alert(5341)</script>"] GET 50.139.150.107/redirect.asp?url=<script>alert(5341)</script> HTTPS "-" ""-"" 50.139.150.107 59845 "-" "-"
<86>May 26 09:17:24 apple.macosx.ibm.lab sshd[5590]: Failed password for invalid user testuser-81 from 71.74.155.159 port 55013 ssh2
<86>May 26 09:17:25 apple.macosx.ibm.lab com.apple.SecurityServer: uid 93049 succeeded authenticating as user admin (uid 501) for right system.install.root.user.
<25>May 26 09:17:27 ambiron.ipangel.ibm.lab ipangel-ips: [2017-05-26 09:17:27-05] alert [Priority: 9] [116:46:1] [(snort_decoder) WARNING: TCP Data Offset is less than 5!] 129.171.84.29:64799 TCP 186.135.19.211:80 br0
<83>May 26 09:17:28 apple.macosx.ibm.lab com.apple.SecurityServer: authinternal failed to authenticate user testuser-28.
<54>May 26 09:17:30 SymantecServer symantec.endpoint.ibm.lab: testbox-abc,[SID: 21590] P2P Edonkey Ping Message detected.  Traffic has been allowed from this application: C:\Program Files\easyMule\emule.exe,Local: 79.186.10.120,Local: 00218696B978,Remote: ,Remote: 4.37.209.6,Remote: 000000000000,Outbound,OTHERS,Intrusion ID: 0,Begin: 2017-05-26 09:17:30,End: 2017-05-26 09:17:30,Occurrences: 1,Application: C:/Program Files/easyMule/emule.exe,Location: Default,User: testuser-82,Domain: us.ibm.com
<27>May 26 09:17:31 ambiron.ipangel.ibm.lab ipangel-ips: [2017-05-26 09:17:31-05] alert [Priority: 9] [119:2:1] [(http_inspect) DOUBLE DECODING ATTACK] 202.207.224.25:49291 TCP 94.10.173.142:80 br0
<190>May 26 09:17:33 arbor.pravail.ibm.lab pravail-aps: Blocked Host: Blocked host 212.2.111.4 10:53 by TCP Connection Reset using TCP/57199 (Unknown) destination 125.5.141.105 source port 443,URL: https://arbornetworks.pravail.test.com/chaos/
<13>May 26 09:17:34 microsoft.sec.ibm.lab AgentDevice=WindowsLog	AgentLogFile=Security	Source=Security	Computer=COMP-testuser-74	User=testuser-74	Domain=	EventID=672	EventIDCode=672	EventType=8	EventCategory=9	RecordNumber=6069	TimeGenerated=1495804654	TimeWritten=1495804654	Message=Authentication Ticket Request: User Name: testuser-74 Supplied Realm Name: us.ibm.com User ID: %{S-1-2-3-1096209} Service Name: krbtgt Service ID: %{S-3-2-1-EE2319} Ticket Options: 0x40810010 Result Code: - Ticket Encryption Type: 0x17 Pre-Authentication Type: 2 Client Address: 165.11.95.213 Certificate Issuer Name:  Certificate Serial Number:  Certificate Thumbprint: 
<133>May 26 09:17:36 microsoft.event.ibm.lab MSWinEventLog 1 Security 102757633 Fri May 26 09:17:36 2017 4907 Microsoft-Windows-Security-Auditing N/A N/A Success Audit rogueUser-3 Audit Policy Change Auditing settings on object were changed. Subject: Security ID: S-1-5-18 Account Name: rogueUser-3 Account Domain: us.ibm.com Logon ID: 0x1117249 Object: Object Server: Security Object Type: File Object Name: \Windows\winsxs\test.wav Handle ID: 0x3a8 Process Information: Process ID: 0xB1ECD4 Process Name: C:\Windows\System32\wbengine.exe Auditing Settings: Original Security Descriptor: S:AI(AU;A;;WD) New Security Descriptor: S:ARAI(AU;SAFA;;;;WD)(AU;IDFA;B;;;WD) 972596
