<33>May 26 08:49:38 threecom.switch.ibm.lab %May 26 08:49:38 2017 S9500 VTY/5/VTY_LOG:  TELNET user failed to login from 212.2.111.4(000D-88F6-60E0) on VTY0.
<189>May 26 08:49:40 ['9.9.9.9'] authmgr[504]: <NOTI> login <00:1c:bf:ca:2b:98  212.2.111.4 testuser-86>method=802.1x, server=TEST001, role=Authenticated Update(status 0 method 0 role 16), reauth=1800 sec
<13>May 26 08:49:41 checkpoint.firewall.ibm.lab 26May2017 drop checkpoint.firewall.ibm.lab product: VPN-1 &FireWall-1; src: 125.83.117.185; s_port: 62793; dst: 140.1.88.107; service: 138; proto: udp; rule: 323;SmartDefense profile: Default_Protection;__policy_id_tag: product=VPN-1 & FireWall-1[db_tag={48AB8350-7F61-11DD-887D-C0A832D16C6C};mgmt=fwmngt-zentral;date=1221069169;policy_name=Chameleon_gbl];has_accounting: 0;i/f_dir: inbound;i/f_name: eth-s1/s1p1c0;rule_uid: {21D66174-0E19-4B77-A1E9-3473FE991088};
<129>May 26 08:49:43 barracuda.firewall.ibm.lab WF ALER CROSS_SITE_SCRIPTING_IN_URL 120.171.20.155 62828 68.142.30.82 80 security-policy GLOBAL DENY NONE [type="cross-site-scripting" pattern="script-tag" token="<script>"] GET 68.142.30.82/<script>alert(53416)</script> HTTP "-" ""-"" 68.142.30.82 48541 "-" "-"
<13>May 26 08:49:44 microsoft.sec.ibm.lab AgentDevice=WindowsLog	AgentLogFile=Security	Source=Security	Computer=COMP-testuser-96	User=testuser-96	Domain=	EventID=529	EventIDCode=529	EventType=16	EventCategory=2	RecordNumber=326943	TimeGenerated=1495802984	TimeWritten=1495802984	Message=Successful Network Logon: User Name: Domain: Logon ID: (0x0,0x1104601) Logon Type: 3 Logon Process: NtLmSsp Authentication Package: NTLM Workstation Name: COMP-testuser-96 Logon GUID: - Caller User Name: - Caller Domain: - Caller Logon ID: - Caller Process ID: - Transited Services: - Source Network Address: 35.199.4.239 Source Port: 0
<54>May 26 08:49:46 SymantecServer symantec.endpoint.ibm.lab: DCA-EMAPROJ2,Allowed,"C:\Program Files\Common Files\Symantec Shared\ccSvcHst.exe",,Begin: 2017-05-26 08:49:46,End:2017-05-26 08:49:46,Rule: ,2528,C:/Program Files/Microsoft Virtual Server/vmh.exe,0,,C:/ProgramFiles/Common Files/Symantec Shared/ccSvcHst.exe,User: testuser-3,Domain: US
<129>May 26 08:49:48 barracuda.firewall.ibm.lab WF ALER METHOD_NOT_ALLOWED 51.18.44.104 53671 3.108.51.1 80 security-policy GLOBAL DENY NONE [Method="ABCD"] ABCD 3.108.51.1/ HTTP "-" ""-"" 3.108.51.1 48536 "-" "-"
<157>May 26 08:49:49 microsoft.event.ibm.lab MSWinEventLog	4	Security	60703	Fri May 26 08:49:49 2017	552	Security	NETWORK SERVICE	Well Known Group	Success Audit	testuser-96	Logon/Logoff		Logon attempt using explicit credentials: Logged on user:  User Name: NETWORK SERVICE  Domain: NT AUTHORITY  Logon ID: (0x0,0x1104601)  Logon GUID: -  User whose credentials were used:  Target User Name: testuser-96  Target Domain: us.ibm.com Target Logon GUID: -  Target Server Name: localhost  Target Server Info: localhost  Caller Process ID: 74910  Source Network Address: -  Source Port: - 	56794
<86>May 26 08:49:51 apple.macosx.ibm.lab com.apple.SecurityServer: authinternal authenticated user testuser-41 (uid 84705).
<13>May 26 08:49:52 checkpoint.firewall.ibm.lab 26May2017  checkpoint.firewall.ibm.lab product: SmartDefense; src: 218.111.178.29; s_port: ; dst: 167.89.10.222; service: ; proto: icmp; rule: ;Attack Info: Echo request too big;Suppressed logs: 1;Total logs: 2;__policy_id_tag: product=VPN-1 & FireWall-1[db_tag={B5A7057E-7F61-11DD-AA43-C0A832D12424};mgmt=fwmngt-zentral;date=1221069352;policy_name=Spider_gbl];alert: alert;attack: Large ping;has_accounting: 0;i/f_dir: inbound;
<33>May 26 08:49:54 threecom.switch.ibm.lab %May 26 08:49:54 2017 S9500 FTPS/5/USEROUT: User testuser-37(79.186.10.120) logged out
<157>May 26 08:49:55 microsoft.event.ibm.lab MSWinEventLog	4	Security	60703	Fri May 26 08:49:55 2017	552	Security	NETWORK SERVICE	Well Known Group	Success Audit	testuser-32	Logon/Logoff		Logon attempt using explicit credentials: Logged on user:  User Name: NETWORK SERVICE  Domain: NT AUTHORITY  Logon ID: (0x0,0x1083681)  Logon GUID: -  User whose credentials were used:  Target User Name: testuser-32  Target Domain: us.ibm.com Target Logon GUID: -  Target Server Name: localhost  Target Server Info: localhost  Caller Process ID: 497661  Source Network Address: -  Source Port: - 	56794
<13>May 26 08:49:57 microsoft.sec.ibm.lab AgentDevice=WindowsLog	AgentLogFile=Security	Source=Security	Computer=COMP-testuser-95	User=testuser-95	Domain=	EventID=680	EventIDCode=680	EventType=16	EventCategory=9	RecordNumber=587363	TimeGenerated=1495802997	TimeWritten=1495802997	Message=Logon attempt by: MICROSOFT_AUTHENTICATION_PACKAGE_V1_0 Logon account: testuser-95 Source Workstation: COMP-testuser-95 Error Code: 0x0 
<86>May 26 08:49:58 apple.macosx.ibm.lab sshd[5590]: Failed password for invalid user testuser-66 from 205.35.196.201 port 49419 ssh2
<86>May 26 08:50:00 apple.macosx.ibm.lab com.apple.SecurityServer: uid 979145 succeeded authenticating as user admin (uid 501) for right system.install.root.user.
<26>May 26 08:50:02 ambiron.ipangel.ibm.lab ipangel-ips: [2017-05-26 08:50:02-05] alert [Priority: 9] [119:14:1] [(http_inspect) NON-RFC DEFINED CHAR] 218.111.178.29:50451 TCP 221.72.241.244:80 br0
<86>May 26 08:50:03 apple.macosx.ibm.lab com.apple.SecurityServer: authinternal authenticated user testuser-33 (uid 86788).
<54>May 26 08:50:05 SymantecServer symantec.endpoint.ibm.lab: Potential risk found,Computer name: COMP-1087849,Detection type: Heuristic,Application name: (Unknown),Application type: Trojan Worm,Application version: ,Hash type: SHA-1,Application hash: 72c874f212a18944ff56f774bfe7252346b93f8e,Company name: ,File size (bytes): 301568,Sensitivity: 0,Detection score: 40,Submission recommendation:1,Permitted application reason: 0,Source: Heuristic Scan,Risk name: ,Occurrences: 1,c:\claims\claims32.exe,"",Actual action: Left alone,Requested action: Left alone,Secondary action: Left alone,Event time: 2017-05-26 08:50:05,Inserted:2017-05-26 08:50:05,End:  2017-05-26 08:50:05,Domain: Default,Group: My Company\LTC\Desktops,Server: crasesssmc01,User: testuser-52,Source computer: ,Source IP: 0.0.0.0
<187>May 26 08:50:06 ['9.9.9.9'] httpd[16986]: [error] [client 83.87.204.105] Invalid URI in request \xf7vMKp`ET&\xa4\x9c\xc9\xec\xd1\xd8j\r\xce\xd9\xd4\xb3\c7
<13>May 26 08:50:08 microsoft.sec.ibm.lab AgentDevice=WindowsLog	AgentLogFile=Security	Source=Security	Computer=COMP-testuser-75	User=testuser-75	Domain=	EventID=672	EventIDCode=672	EventType=16	EventCategory=9	RecordNumber=456195	TimeGenerated=1495803008	TimeWritten=1495803008	Message=Authentication Ticket Request: User Name: testuser-75 Supplied Realm Name: us.ibm.com User ID: %{S-1-2-3-1098304} Service Name: krbtgt Service ID: %{S-3-2-1-CFAF1A} Ticket Options: 0x40810010 Result Code: - Ticket Encryption Type: 0x17 Pre-Authentication Type: 2 Client Address: 30.90.182.58 Certificate Issuer Name:  Certificate Serial Number:  Certificate Thumbprint: 
<133>May 26 08:50:09 microsoft.event.ibm.lab MSWinEventLog 1 Security 102757633 Fri May 26 08:50:09 2017 4907 Microsoft-Windows-Security-Auditing N/A N/A Success Audit rogueUser-5 Audit Policy Change Auditing settings on object were changed. Subject: Security ID: S-1-5-18 Account Name: rogueUser-5 Account Domain: us.ibm.com Logon ID: 0x1121481 Object: Object Server: Security Object Type: File Object Name: \Windows\winsxs\test.wav Handle ID: 0x3a8 Process Information: Process ID: 0x3733CC Process Name: C:\Windows\System32\wbengine.exe Auditing Settings: Original Security Descriptor: S:AI(AU;A;;WD) New Security Descriptor: S:ARAI(AU;SAFA;;;;WD)(AU;IDFA;B;;;WD) 259202
<189>May 26 08:50:11 ['9.9.9.9'] authmgr[504]: <NOTI> login <00:1c:bf:ca:2b:98  120.171.20.155 testuser-85>method=802.1x, server=TEST001, role=Authenticated Update(status 0 method 0 role 16), reauth=1800 sec
<14>May 26 08:50:13 Message forwarded from aix.ibm.lab: rcp[random_number_1_to_999999]: EXPORT file to host aix.ibm.lab cmd is rcp -t /root, local user testuser-73.
<149>May 26 08:50:14 apple.macosx.ibm.lab sudo:    testuser-28 : TTY=ttyp1 ; PWD=/Users/admin ; USER=admin ;COMMAND=/bin/bash
<189>May 26 08:50:16 ['9.9.9.9'] authmgr[504]: <NOTI> login <00:1c:bf:ca:2b:98  218.111.178.29 testuser-63>method=802.1x, server=TEST001, role=Authenticated Update(status 0 method 0 role 16), reauth=1800 sec
<54>May 26 08:50:17 SymantecServer symantec.endpoint.ibm.lab: testbox-abc,[SID: 21590] P2P Edonkey Ping Message detected.  Traffic has been allowed from this application: C:\Program Files\easyMule\emule.exe,Local: 20.135.51.253,Local: 00218696B978,Remote: ,Remote: 174.38.134.13,Remote: 000000000000,Outbound,OTHERS,Intrusion ID: 0,Begin: 2017-05-26 08:50:17,End: 2017-05-26 08:50:17,Occurrences: 1,Application: C:/Program Files/easyMule/emule.exe,Location: Default,User: rogueUser-3,Domain: us.ibm.com
<54>May 26 08:50:19 SymantecServer symantec.endpoint.ibm.lab: Commercial application detected,Computer name: COMP-1102500,Detection type: Commercial,Application name: DameWare Development DWRCS,Application type: Remote Control,Application version: 5\~ 5\~ 0\~ 0,Hash type: SHA-1,Application hash: 4670d9eeeab7449788be3b18e9364ef0088b900e,Company name: DameWare Development LLC,File size (bytes): 208896,Sensitivity: 0,Detection score: 1,Submission recommendation: 0,Permitted application reason: 0,Source: Heuristic Scan,Risk name:  ,Occurrences: 1,DWMRCS,"DWMRCS",Actual action: Left alone,Requested action: Left alone,Secondary action: Commercial application detection,Event time: 2017-05-26 08:50:19,Inserted: 2017-05-26 08:50:19,End: 2017-05-26 08:50:19,Domain: Default,Group: My Company	est,Server: testbox,User: testuser-86,Source computer:  ,Source IP: 0.0.0.0
<13>May 26 08:50:20 checkpoint.firewall.ibm.lab 26May2017  checkpoint.firewall.ibm.lab product: martDefense; src: 51.18.44.104; s_port: ; dst: 183.17.21.65; service: ; proto: udp; rule: ;Attack Info: Response packet too long, potential buffer overflow;Suppressed logs: 5;Total logs: 6;__policy_id_tag: product=VPN-1 & FireWall-1[db_tag={321A4EE6-7DEA-11DD-BFAA-C0A832822626};mgmt=fwmngt05;date=1220908070;policy_name=KillerWhale_gbl];alert: alert;attack: Invalid DNS;has_accounting: 0;i/f_dir: inbound;
<133>May 26 08:50:22 microsoft.event.ibm.lab MSWinEventLog 1 Security 102757633 Fri May 26 08:50:22 2017 4907 Microsoft-Windows-Security-Auditing N/A N/A Success Audit testuser-2 Audit Policy Change Auditing settings on object were changed. Subject: Security ID: S-1-5-18 Account Name: testuser-2 Account Domain: us.ibm.com Logon ID: 0x980100 Object: Object Server: Security Object Type: File Object Name: \Windows\winsxs\test.wav Handle ID: 0x3a8 Process Information: Process ID: 0xFF8302 Process Name: C:\Windows\System32\wbengine.exe Auditing Settings: Original Security Descriptor: S:AI(AU;A;;WD) New Security Descriptor: S:ARAI(AU;SAFA;;;;WD)(AU;IDFA;B;;;WD) 953581
<189>May 26 08:50:24 ['9.9.9.9'] authmgr[504]: <NOTI> login <00:1c:bf:ca:2b:98  79.186.10.120 testuser-46>method=802.1x, server=TEST001, role=Authenticated Update(status 0 method 0 role 16), reauth=1800 sec
<13>May 26 08:50:25 checkpoint.firewall.ibm.lab 26May2017 drop checkpoint.firewall.ibm.lab product: SmartDefense; src: 125.83.117.185; s_port: 53612; dst: 118.24.96.8; service: 443; proto: tcp; rule: 392;Attack Info: TCP segment out of maximum allowed sequence. Packet dropped.;Confidence Level: 0;Performance Impact: 0;Protection Name: TCP Segment Limit Enforcement;Protection Type: settings_tcp;Severity: 0;SmartDefense Profile: Boticario_DMZ_Protection;__policy_id_tag: product=VPN-1 & FireWall-1[db_tag={E94ECB65-34C0-4740-9634-761E1604C8BC};mgmt=SJP1PLNX036-DMZ;date=1424714440;policy_name=DMZ];attack: Streaming Engine: TCP Segment Limit Enforcement;has_accounting: 0;i/f_dir: inbound;i/f_name: eth2-01.2809;origin_sic_name: CN=TEST-DMZ1,O=log_server_hostname;protection_id: tcp_segment_limit;rule_uid: {499DBB08-D262-4D9F-B639-5337A7B36E59};snid: 7572c682;src_machine_name: COMP-testuser-14;src_user_name: testuser-14 ;user: testuser-14 ;
<33>May 26 08:50:27 threecom.switch.ibm.lab %May 26 08:50:27 2017 S9500 FTPS/5/USERIN: User testuser-83(165.11.95.213) login succeeded
<13>May 26 08:50:28 checkpoint.firewall.ibm.lab 26May2017  checkpoint.firewall.ibm.lab product: SmartDefense; src: 79.186.10.120; s_port: ; dst: 177.76.34.231; service: ; proto: icmp; rule: ;Attack Info: Echo request too big;Suppressed logs: 1;Total logs: 2;__policy_id_tag: product=VPN-1 & FireWall-1[db_tag={B5A7057E-7F61-11DD-AA43-C0A832D12424};mgmt=fwmngt-zentral;date=1221069352;policy_name=Spider_gbl];alert: alert;attack: Large ping;has_accounting: 0;i/f_dir: inbound;
<54>May 26 08:50:30 SymantecServer symantec.endpoint.ibm.lab: testbox-abc,[SID: 21590] P2P Edonkey Ping Message detected.  Traffic has been allowed from this application: C:\Program Files\easyMule\emule.exe,Local: 179.174.48.208,Local: 00218696B978,Remote: ,Remote: 58.248.158.34,Remote: 000000000000,Outbound,OTHERS,Intrusion ID: 0,Begin: 2017-05-26 08:50:30,End: 2017-05-26 08:50:30,Occurrences: 1,Application: C:/Program Files/easyMule/emule.exe,Location: Default,User: testuser-97,Domain: us.ibm.com
<86>May 26 08:50:31 apple.macosx.ibm.lab com.apple.SecurityServer: authinternal authenticated user testuser-91 (uid 95140).
<26>May 26 08:50:33 ambiron.ipangel.ibm.lab ipangel-ips: [2017-05-26 08:50:33-05] alert [Priority: 9] [119:14:1] [(http_inspect) NON-RFC DEFINED CHAR] 165.11.95.213:58093 TCP 161.166.141.45:80 br0
<33>May 26 08:50:34 threecom.switch.ibm.lab %May 26 08:50:34 2017 S9500 AAA/2/Serious error!: User testuser-39, in ACM send msg to SC failed! Returns 1 srcID 6 msgType 16384.
<25>May 26 08:50:36 ambiron.ipangel.ibm.lab ipangel-ips: [2017-05-26 08:50:36-05] alert [Priority: 9] [116:46:1] [(snort_decoder) WARNING: TCP Data Offset is less than 5!] 79.186.10.120:55363 TCP 113.185.117.175:80 br0
<182>May 26 08:50:38 apache.httpd.ibm.lab httpd: 125.83.117.185 219.197.160.116 - - [26/May/2017:08:50:38 -0500] "OPTIONS /cgi-bin/index.php HTTP/1.1" 200 443 -
<182>May 26 08:50:39 apache.httpd.ibm.lab httpd: 30.90.182.58 117.113.229.99 - - [26/May/2017:08:50:39 -0500] "POST /test.php?doing_test=123 HTTP/1.0" 404 80 282
<33>May 26 08:50:41 threecom.switch.ibm.lab %May 26 08:50:41 2017 S9500 FTPS/5/USERIN: User testuser-9(99.123.52.13) login succeeded
<182>May 26 08:50:42 apache.httpd.ibm.lab httpd: 218.111.178.29 189.2.37.224 - - [26/May/2017:08:50:42 -0500] "GET /<script>alert(53416)</script> HTTP/1.1" 404 443 320
<83>May 26 08:50:44 apple.macosx.ibm.lab sshd[5590]: error: PAM: Authentication failure for illegal user testuser-9 from 111.64.119.227<33>May 26 08:50:45 threecom.switch.ibm.lab %May 26 08:50:45 2017 S9500 FTPS/5/USEROUT: User testuser-88(179.174.48.208) logged out
<13>May 26 08:50:47 microsoft.sec.ibm.lab AgentDevice=WindowsLog	AgentLogFile=Security	Source=Security	Computer=COMP-testuser-57	User=testuser-57	Domain=	EventID=529	EventIDCode=529	EventType=16	EventCategory=2	RecordNumber=987844	TimeGenerated=1495803047	TimeWritten=1495803047	Message=Successful Network Logon: User Name: Domain: Logon ID: (0x0,0x1098304) Logon Type: 3 Logon Process: NtLmSsp Authentication Package: NTLM Workstation Name: COMP-testuser-57 Logon GUID: - Caller User Name: - Caller Domain: - Caller Logon ID: - Caller Process ID: - Transited Services: - Source Network Address: 30.90.182.58 Source Port: 0
<190>May 26 08:50:49 arbor.pravail.ibm.lab pravail-aps: Blocked Host: Blocked host 30.90.182.58 10:53 by TCP Connection Reset using TCP/57798 (Unknown) destination 80.201.144.48 source port 443,URL: https://arbornetworks.pravail.test.com/chaos/
<54>May 26 08:50:50 SymantecServer symantec.endpoint.ibm.lab: Potential risk found,Computer name: COMP-1087849,Detection type: Heuristic,Application name: (Unknown),Application type: Trojan Worm,Application version: ,Hash type: SHA-1,Application hash: 72c874f212a18944ff56f774bfe7252346b93f8e,Company name: ,File size (bytes): 301568,Sensitivity: 0,Detection score: 40,Submission recommendation:1,Permitted application reason: 0,Source: Heuristic Scan,Risk name: ,Occurrences: 1,c:\claims\claims32.exe,"",Actual action: Left alone,Requested action: Left alone,Secondary action: Left alone,Event time: 2017-05-26 08:50:50,Inserted:2017-05-26 08:50:50,End:  2017-05-26 08:50:50,Domain: Default,Group: My Company\LTC\Desktops,Server: crasesssmc01,User: testuser-16,Source computer: ,Source IP: 0.0.0.0
<13>May 26 08:50:52 microsoft.sec.ibm.lab AgentDevice=WindowsLog	AgentLogFile=Security	Source=Security	Computer=COMP-testuser-55	User=testuser-55	Domain=	EventID=672	EventIDCode=672	EventType=16	EventCategory=9	RecordNumber=841256	TimeGenerated=1495803052	TimeWritten=1495803052	Message=Authentication Ticket Request: User Name: testuser-55 Supplied Realm Name: us.ibm.com User ID: %{S-1-2-3-1094116} Service Name: krbtgt Service ID: %{S-3-2-1-88C08B} Ticket Options: 0x40810010 Result Code: - Ticket Encryption Type: 0x17 Pre-Authentication Type: 2 Client Address: 128.26.223.139 Certificate Issuer Name:  Certificate Serial Number:  Certificate Thumbprint: 
<26>May 26 08:50:53 ambiron.ipangel.ibm.lab ipangel-ips: [2017-05-26 08:50:53-05] alert [Priority: 9] [119:14:1] [(http_inspect) NON-RFC DEFINED CHAR] 179.174.48.208:53593 TCP 57.14.22.228:80 br0
<129>May 26 08:50:55 barracuda.firewall.ibm.lab WF ALER SLASH_DOT_IN_URL 136.38.97.190 50303 123.150.232.181 443 security-policy GLOBAL DENY NONE ["-"] GET 123.150.232.181/themes/default/css/.htaccess HTTPS "-" ""-"" 123.150.232.181 44428 "-" "-"
<189>May 26 08:50:56 ['9.9.9.9'] authmgr[504]: <NOTI> login <00:1c:bf:ca:2b:98  201.150.192.18 testuser-15>method=802.1x, server=TEST001, role=Authenticated Update(status 0 method 0 role 16), reauth=1800 sec
<13>May 26 08:50:58 checkpoint.firewall.ibm.lab 26May2017 drop checkpoint.firewall.ibm.lab product: VPN-1 &FireWall-1; src: 120.171.20.155; s_port: 62068; dst: 142.99.125.254; service: 138; proto: udp; rule: 323;SmartDefense profile: Default_Protection;__policy_id_tag: product=VPN-1 & FireWall-1[db_tag={48AB8350-7F61-11DD-887D-C0A832D16C6C};mgmt=fwmngt-zentral;date=1221069169;policy_name=Chameleon_gbl];has_accounting: 0;i/f_dir: inbound;i/f_name: eth-s1/s1p1c0;rule_uid: {21D66174-0E19-4B77-A1E9-3473FE991088};
<54>May 26 08:51:00 SymantecServer symantec.endpoint.ibm.lab: Commercial application detected,Computer name: COMP-1092025,Detection type: Commercial,Application name: DameWare Development DWRCS,Application type: Remote Control,Application version: 5\~ 5\~ 0\~ 0,Hash type: SHA-1,Application hash: 4670d9eeeab7449788be3b18e9364ef0088b900e,Company name: DameWare Development LLC,File size (bytes): 208896,Sensitivity: 0,Detection score: 1,Submission recommendation: 0,Permitted application reason: 0,Source: Heuristic Scan,Risk name:  ,Occurrences: 1,DWMRCS,"DWMRCS",Actual action: Left alone,Requested action: Left alone,Secondary action: Commercial application detection,Event time: 2017-05-26 08:51:00,Inserted: 2017-05-26 08:51:00,End: 2017-05-26 08:51:00,Domain: Default,Group: My Company	est,Server: testbox,User: testuser-63,Source computer:  ,Source IP: 0.0.0.0
<33>May 26 08:51:01 threecom.switch.ibm.lab %May 26 08:51:01 2017 S9500 RTA/3/Failed to get user traffic: Failed to get traffic of user 79.186.10.120 on board 6
<13>May 26 08:51:03 checkpoint.firewall.ibm.lab 26May2017 reject checkpoint.firewall.ibm.lab product: VPN-1 & FireWall-1; src: 179.174.48.208; s_port: 62629; dst: 106.70.202.219; service: 113; proto: tcp; rule: 14;SmartDefense profile: Default_Protection;__policy_id_tag: product=VPN-1 & FireWall-1[db_tag={25E5B8F6-79E7-11DD-941A-C0A832D00C0C};mgmt=fwmngt-wuv;date=1220466957;policy_name=rhino_gbl];has_accounting: 0;i/f_dir: inbound;i/f_name: eth-s2/s1p1c0;rule_uid: {9C96B325-D976-4A30-8685-9ED61018A6E7};service_id: gident;
<13>May 26 08:51:04 microsoft.sec.ibm.lab AgentDevice=WindowsLog	AgentLogFile=Security	Source=Security	Computer=COMP-testuser-31	User=testuser-31	Domain=	EventID=540	EventIDCode=540	EventType=8	EventCategory=2	RecordNumber=591177	TimeGenerated=1495803064	TimeWritten=1495803064	Message=Successful Network Logon: User Name: Domain: Logon ID: (0x0,0x1081600) Logon Type: 3 Logon Process: NtLmSsp Authentication Package: NTLM Workstation Name: COMP-testuser-31 Logon GUID: - Caller User Name: - Caller Domain: - Caller Logon ID: - Caller Process ID: - Transited Services: - Source Network Address: 9.62.184.136 Source Port: 0
<13>May 26 08:51:06 checkpoint.firewall.ibm.lab 26May2017  checkpoint.firewall.ibm.lab product: SmartDefense; src: 79.186.10.120; s_port: ; dst: 24.73.32.7; service: ; proto: udp; rule: ;Attack Info: Out-of-state DNS reply;Suppressed logs: 143;Total logs: 144;__policy_id_tag: product=VPN-1 & FireWall-1[db_tag={321A4EE6-7DEA-11DD-BFAA-C0A832822626};mgmt=fwmngt05;date=1220908070;policy_name=KillerWhale_gbl];alert: alert;attack: Invalid DNS;has_accounting: 0;i/f_dir: inbound;
<189>May 26 08:51:07 ['9.9.9.9'] authmgr[504]: <NOTI> login <00:1c:bf:ca:2b:98  179.174.48.208 testuser-88>method=802.1x, server=TEST001, role=Authenticated Update(status 0 method 0 role 16), reauth=1800 sec
<187>May 26 08:51:09 ['9.9.9.9'] httpd[16986]: [error] [client 136.38.97.190] Invalid URI in request \xf7vMKp`ET&\xa4\x9c\xc9\xec\xd1\xd8j\r\xce\xd9\xd4\xb3\c7
<83>May 26 08:51:10 apple.macosx.ibm.lab com.apple.SecurityServer: authinternal failed to authenticate user testuser-25.
<54>May 26 08:51:12 SymantecServer symantec.endpoint.ibm.lab: Security risk found,Computer name: COMP-1085764,Source: Scheduled Scan,Risk name: VirusDoctor,Occurrences: 1,c:/System Volume Information/_restore{A3F5C2A3-F289-4356-B021-1FEFEFB73CBD}/RP243/A0070465.exe,"",Actual action: Quarantined,Requested action: Quarantined,Secondary action: Left alone,Event time: 2017-05-26 08:51:12,Inserted:2017-05-26 08:51:12,End: 2017-05-26 08:51:12,Domain: Default,Group: My Company	est,Server: avp1,User: testuser-60,Source computer:  ,Source IP: 0.0.0.0
<13>May 26 08:51:14 checkpoint.firewall.ibm.lab 26May2017  checkpoint.firewall.ibm.lab product: martDefense; src: 20.135.51.253; s_port: ; dst: 216.174.121.33; service: ; proto: udp; rule: ;Attack Info: Response packet too long, potential buffer overflow;Suppressed logs: 5;Total logs: 6;__policy_id_tag: product=VPN-1 & FireWall-1[db_tag={321A4EE6-7DEA-11DD-BFAA-C0A832822626};mgmt=fwmngt05;date=1220908070;policy_name=KillerWhale_gbl];alert: alert;attack: Invalid DNS;has_accounting: 0;i/f_dir: inbound;
<86>May 26 08:51:15 apple.macosx.ibm.lab com.apple.SecurityServer: authinternal authenticated user testuser-27 (uid 93049).
<86>May 26 08:51:17 apple.macosx.ibm.lab sshd[5590]: Failed password for invalid user testuser-14 from 125.83.117.185 port 55168 ssh2
<25>May 26 08:51:18 apple.macosx.ibm.lab DirectoryService[51]: Failed Authentication return is being delayed due to over five recent auth failures for username: rogueUser-2.
<25>May 26 08:51:20 ambiron.ipangel.ibm.lab ipangel-ips: [2017-05-26 08:51:20-05] alert [Priority: 9] [116:46:1] [(snort_decoder) WARNING: TCP Data Offset is less than 5!] 137.38.197.140:54052 TCP 120.165.166.142:80 br0
<129>May 26 08:51:21 barracuda.firewall.ibm.lab WF ALER CROSS_SITE_SCRIPTING_IN_URL 125.83.117.185 52756 128.42.96.116 80 security-policy GLOBAL DENY NONE [type="cross-site-scripting" pattern="script-tag" token="<script>"] GET 128.42.96.116/<script>alert(53416)</script> HTTP "-" ""-"" 128.42.96.116 48541 "-" "-"
<50>May 26 08:51:23 SymantecServer symantec.endpoint.ibm.lab: testbox-xyz,[SID: 70025] Web Attack: Blackhole Exploit Toolkit 2 attack blocked. Traffic has been blocked for this application: C:\Program Files\Internet Explorer\iexplore.exe,Local: 0.0.0.0,Local: 000000000000,Remote: ,Remote: 0.0.0.0,Remote: 000000000000,Inbound,OTHERS,,Begin: 2017-05-26 08:51:23,End: 2017-05-26 08:51:23,Occurrences: 1,Application: C:/Program Files/Internet Explorer/iexplore.exe,Location: Default,User: testuser-18,Domain: SIMON,!ExternalLoggingTask.localport! 0,!ExternalLoggingTask.remoteport! 0,!ExternalLoggingTask.cidssignid! 70025,!ExternalLoggingTask.strcidssignid! Web Attack: Blackhole Exploit Toolkit 2,!ExternalLoggingTask.cidssignsubid! 0,!ExternalLoggingTask.intrusionurl! http://pppptttt.blah.net/links/came_broadcasting_taking-various.php,!ExternalLoggingTask.intrusionpayloadurl!
<187>May 26 08:51:25 ['9.9.9.9'] httpd[16986]: [error] [client 79.186.10.120] Invalid URI in request \xf7vMKp`ET&\xa4\x9c\xc9\xec\xd1\xd8j\r\xce\xd9\xd4\xb3\c7
<182>May 26 08:51:26 apache.httpd.ibm.lab httpd: 120.171.20.155 61.12.253.101 - - [26/May/2017:08:51:26 -0500] "GET /../../../../../../../../../../../ HTTP/1.1" 400 443 307
<13>May 26 08:51:28 checkpoint.firewall.ibm.lab 26May2017 drop checkpoint.firewall.ibm.lab product: SmartDefense; src: 201.150.192.18; s_port: 60060; dst: 106.221.206.22; service: 443; proto: tcp; rule: 392;Attack Info: TCP segment out of maximum allowed sequence. Packet dropped.;Confidence Level: 0;Performance Impact: 0;Protection Name: TCP Segment Limit Enforcement;Protection Type: settings_tcp;Severity: 0;SmartDefense Profile: Boticario_DMZ_Protection;__policy_id_tag: product=VPN-1 & FireWall-1[db_tag={E94ECB65-34C0-4740-9634-761E1604C8BC};mgmt=SJP1PLNX036-DMZ;date=1424714440;policy_name=DMZ];attack: Streaming Engine: TCP Segment Limit Enforcement;has_accounting: 0;i/f_dir: inbound;i/f_name: eth2-01.2809;origin_sic_name: CN=TEST-DMZ1,O=log_server_hostname;protection_id: tcp_segment_limit;rule_uid: {499DBB08-D262-4D9F-B639-5337A7B36E59};snid: 7572c682;src_machine_name: COMP-testuser-24;src_user_name: testuser-24 ;user: testuser-24 ;
<190>May 26 08:51:29 arbor.pravail.ibm.lab pravail-aps: Blocked Host: Blocked host 136.38.97.190 10:53 by TCP Connection Reset using TCP/58291 (Unknown) destination 24.212.153.216 source port 443,URL: https://arbornetworks.pravail.test.com/chaos/
<25>May 26 08:51:31 ambiron.ipangel.ibm.lab ipangel-ips: [2017-05-26 08:51:31-05] alert [Priority: 9] [116:46:1] [(snort_decoder) WARNING: TCP Data Offset is less than 5!] 83.87.204.105:53425 TCP 58.88.20.147:80 br0
<86>May 26 08:51:32 apple.macosx.ibm.lab com.apple.SecurityServer: authinternal authenticated user testuser-90 (uid 93049).
<28>May 26 08:51:34 Message forwarded from aix.ibm.lab: rshd[random_number_1_to_999999]: Failed rsh authentication from 213.247.51.66 for local user root via remote user testuser-89
<54>May 26 08:51:36 SymantecServer symantec.endpoint.ibm.lab: Commercial application detected,Computer name: COMP-1119364,Detection type: Commercial,Application name: DameWare Development DWRCS,Application type: Remote Control,Application version: 5\~ 5\~ 0\~ 0,Hash type: SHA-1,Application hash: 4670d9eeeab7449788be3b18e9364ef0088b900e,Company name: DameWare Development LLC,File size (bytes): 208896,Sensitivity: 0,Detection score: 1,Submission recommendation: 0,Permitted application reason: 0,Source: Heuristic Scan,Risk name:  ,Occurrences: 1,DWMRCS,"DWMRCS",Actual action: Left alone,Requested action: Left alone,Secondary action: Commercial application detection,Event time: 2017-05-26 08:51:36,Inserted: 2017-05-26 08:51:36,End: 2017-05-26 08:51:36,Domain: Default,Group: My Company	est,Server: testbox,User: rogueUser-4,Source computer:  ,Source IP: 0.0.0.0
<86>May 26 08:51:37 apple.macosx.ibm.lab sshd[5590]: Failed password for invalid user testuser-9 from 125.60.163.78 port 50489 ssh2
<33>May 26 08:51:39 threecom.switch.ibm.lab %May 26 08:51:39 2017 S9500 RTA/3/Failed to start accounting: Failed to start traffic accounting for user 33.195.94.29 on board 6
<54>May 26 08:51:40 SymantecServer symantec.endpoint.ibm.lab: testbox-abc,[SID: 21590] P2P Edonkey Ping Message detected.  Traffic has been allowed from this application: C:\Program Files\easyMule\emule.exe,Local: 136.38.97.190,Local: 00218696B978,Remote: ,Remote: 156.93.245.64,Remote: 000000000000,Outbound,OTHERS,Intrusion ID: 0,Begin: 2017-05-26 08:51:40,End: 2017-05-26 08:51:40,Occurrences: 1,Application: C:/Program Files/easyMule/emule.exe,Location: Default,User: testuser-26,Domain: us.ibm.com
<50>May 26 08:51:42 SymantecServer symantec.endpoint.ibm.lab: testbox-xyz,[SID: 70025] Web Attack: Blackhole Exploit Toolkit 2 attack blocked. Traffic has been blocked for this application: C:\Program Files\Internet Explorer\iexplore.exe,Local: 0.0.0.0,Local: 000000000000,Remote: ,Remote: 0.0.0.0,Remote: 000000000000,Inbound,OTHERS,,Begin: 2017-05-26 08:51:42,End: 2017-05-26 08:51:42,Occurrences: 1,Application: C:/Program Files/Internet Explorer/iexplore.exe,Location: Default,User: testuser-31,Domain: SIMON,!ExternalLoggingTask.localport! 0,!ExternalLoggingTask.remoteport! 0,!ExternalLoggingTask.cidssignid! 70025,!ExternalLoggingTask.strcidssignid! Web Attack: Blackhole Exploit Toolkit 2,!ExternalLoggingTask.cidssignsubid! 0,!ExternalLoggingTask.intrusionurl! http://pppptttt.blah.net/links/came_broadcasting_taking-various.php,!ExternalLoggingTask.intrusionpayloadurl!
<129>May 26 08:51:43 barracuda.firewall.ibm.lab WF ALER METHOD_NOT_ALLOWED 137.38.197.140 64333 66.44.34.247 80 security-policy GLOBAL DENY NONE [Method="ABCD"] ABCD 66.44.34.247/ HTTP "-" ""-"" 66.44.34.247 48536 "-" "-"
<133>May 26 08:51:45 microsoft.event.ibm.lab MSWinEventLog 1 Security 102757633 Fri May 26 08:51:45 2017 4907 Microsoft-Windows-Security-Auditing N/A N/A Success Audit testuser-72 Audit Policy Change Auditing settings on object were changed. Subject: Security ID: S-1-5-18 Account Name: testuser-72 Account Domain: us.ibm.com Logon ID: 0x1092025 Object: Object Server: Security Object Type: File Object Name: \Windows\winsxs\test.wav Handle ID: 0x3a8 Process Information: Process ID: 0x3F6B3D Process Name: C:\Windows\System32\wbengine.exe Auditing Settings: Original Security Descriptor: S:AI(AU;A;;WD) New Security Descriptor: S:ARAI(AU;SAFA;;;;WD)(AU;IDFA;B;;;WD) 580074
<157>May 26 08:51:46 microsoft.event.ibm.lab MSWinEventLog	4	Security	60703	Fri May 26 08:51:46 2017	552	Security	NETWORK SERVICE	Well Known Group	Success Audit	testuser-73	Logon/Logoff		Logon attempt using explicit credentials: Logged on user:  User Name: NETWORK SERVICE  Domain: NT AUTHORITY  Logon ID: (0x0,0x1094116)  Logon GUID: -  User whose credentials were used:  Target User Name: testuser-73  Target Domain: us.ibm.com Target Logon GUID: -  Target Server Name: localhost  Target Server Info: localhost  Caller Process ID: 100830  Source Network Address: -  Source Port: - 	56794
<190>May 26 08:51:48 arbor.pravail.ibm.lab pravail-aps: Blocked Host: Blocked host 30.90.182.58 at 10:53 by Malformed HTTP Filtering using TCP/80 (HTTP) destination 165.160.66.105 source port 57129,URL: https://arbornetworks.pravail.test.com/chaos/
<13>May 26 08:51:50 checkpoint.firewall.ibm.lab 26May2017  checkpoint.firewall.ibm.lab product: SmartDefense; src: 79.186.10.120; s_port: ; dst: 180.94.17.119; service: ; proto: udp; rule: ;Attack Info: Bad domain format, illegal ASCII value in domain;Suppressed logs: 1;Total logs: 2;__policy_id_tag: product=VPN-1 & FireWall-1[db_tag={9B20E8EA-7DE6-11DD-B7D6-C0A832D11E1E};mgmt=fwmngt-zentral;date=1220906528;policy_name=Vulpine_gbl];alert: alert;attack: Invalid DNS;has_accounting: 0;i/f_dir: inbound;
<54>May 26 08:51:51 SymantecServer symantec.endpoint.ibm.lab: Security risk found,Computer name: COMP-1094116,Source: Scheduled Scan,Risk name: VirusDoctor,Occurrences: 1,c:/System Volume Information/_restore{A3F5C2A3-F289-4356-B021-1FEFEFB73CBD}/RP243/A0070465.exe,"",Actual action: Quarantined,Requested action: Quarantined,Secondary action: Left alone,Event time: 2017-05-26 08:51:51,Inserted:2017-05-26 08:51:51,End: 2017-05-26 08:51:51,Domain: Default,Group: My Company	est,Server: avp1,User: testuser-64,Source computer:  ,Source IP: 0.0.0.0
<190>May 26 08:51:53 arbor.pravail.ibm.lab pravail-aps: Blocked Host: Blocked host 212.2.111.4 at 10:52 by Invalid Packets using TCP/0 (Unknown) destination 101.31.1.187,URL: https://arbornetworks.pravail.test.com/chaos/
<13>May 26 08:51:54 checkpoint.firewall.ibm.lab 26May2017 drop checkpoint.firewall.ibm.lab product: SmartDefense; src: 212.2.111.4; s_port: 57254; dst: 143.100.119.147; service: 443; proto: tcp; rule: 392;Attack Info: TCP segment out of maximum allowed sequence. Packet dropped.;Confidence Level: 0;Performance Impact: 0;Protection Name: TCP Segment Limit Enforcement;Protection Type: settings_tcp;Severity: 0;SmartDefense Profile: Boticario_DMZ_Protection;__policy_id_tag: product=VPN-1 & FireWall-1[db_tag={E94ECB65-34C0-4740-9634-761E1604C8BC};mgmt=SJP1PLNX036-DMZ;date=1424714440;policy_name=DMZ];attack: Streaming Engine: TCP Segment Limit Enforcement;has_accounting: 0;i/f_dir: inbound;i/f_name: eth2-01.2809;origin_sic_name: CN=TEST-DMZ1,O=log_server_hostname;protection_id: tcp_segment_limit;rule_uid: {499DBB08-D262-4D9F-B639-5337A7B36E59};snid: 7572c682;src_machine_name: COMP-testuser-68;src_user_name: testuser-68 ;user: testuser-68 ;
<182>May 26 08:51:56 apache.httpd.ibm.lab httpd: 79.186.10.120 156.51.148.249 - - [26/May/2017:08:51:56 -0500] "TRACE / HTTP/1.0" 403 443 272
<13>May 26 08:51:57 microsoft.sec.ibm.lab AgentDevice=WindowsLog	AgentLogFile=Security	Source=Security	Computer=COMP-testuser-1	User=testuser-1	Domain=	EventID=673	EventIDCode=673	EventType=8	EventCategory=9	RecordNumber=777959	TimeGenerated=1495803117	TimeWritten=1495803117	Message=Service Ticket Request:  User Name: testuser-1@us.ibm.com User Domain: us.ibm.com Service Name: MAIL$  Service ID: %{S-3-2-1-7C09D5} Ticket Options:  0x40810000   Ticket Encryption Type: 0x17 Client Address: 44.111.228.125 Failure Code: - LogonGUID: {7C09D5-f005ba11-ba5eba11} Transited Services: - 
<182>May 26 08:51:59 apache.httpd.ibm.lab httpd: 218.111.178.29 31.227.33.55 - - [26/May/2017:08:51:59 -0500] "ABCD / HTTP/1.1" 501 443 297
<54>May 26 08:52:01 SymantecServer symantec.endpoint.ibm.lab: Security risk found,Computer name: COMP-1096209,Source: Scheduled Scan,Risk name: VirusDoctor,Occurrences: 1,c:/System Volume Information/_restore{A3F5C2A3-F289-4356-B021-1FEFEFB73CBD}/RP243/A0070465.exe,"",Actual action: Quarantined,Requested action: Quarantined,Secondary action: Left alone,Event time: 2017-05-26 08:52:01,Inserted:2017-05-26 08:52:01,End: 2017-05-26 08:52:01,Domain: Default,Group: My Company	est,Server: avp1,User: testuser-83,Source computer:  ,Source IP: 0.0.0.0
<133>May 26 08:52:02 microsoft.event.ibm.lab MSWinEventLog 1 Security 102757633 Fri May 26 08:52:02 2017 4907 Microsoft-Windows-Security-Auditing N/A N/A Success Audit testuser-28 Audit Policy Change Auditing settings on object were changed. Subject: Security ID: S-1-5-18 Account Name: testuser-28 Account Domain: us.ibm.com Logon ID: 0x1094116 Object: Object Server: Security Object Type: File Object Name: \Windows\winsxs\test.wav Handle ID: 0x3a8 Process Information: Process ID: 0x9D5048 Process Name: C:\Windows\System32\wbengine.exe Auditing Settings: Original Security Descriptor: S:AI(AU;A;;WD) New Security Descriptor: S:ARAI(AU;SAFA;;;;WD)(AU;IDFA;B;;;WD) 481130
<54>May 26 08:52:04 SymantecServer symantec.endpoint.ibm.lab: Potential risk found,Computer name: COMP-1098304,Detection type: Heuristic,Application name: (Unknown),Application type: Trojan Worm,Application version: ,Hash type: SHA-1,Application hash: 72c874f212a18944ff56f774bfe7252346b93f8e,Company name: ,File size (bytes): 301568,Sensitivity: 0,Detection score: 40,Submission recommendation:1,Permitted application reason: 0,Source: Heuristic Scan,Risk name: ,Occurrences: 1,c:\claims\claims32.exe,"",Actual action: Left alone,Requested action: Left alone,Secondary action: Left alone,Event time: 2017-05-26 08:52:04,Inserted:2017-05-26 08:52:04,End:  2017-05-26 08:52:04,Domain: Default,Group: My Company\LTC\Desktops,Server: crasesssmc01,User: testuser-66,Source computer: ,Source IP: 0.0.0.0
<26>May 26 08:52:05 ambiron.ipangel.ibm.lab ipangel-ips: [2017-05-26 08:52:05-05] alert [Priority: 9] [119:14:1] [(http_inspect) NON-RFC DEFINED CHAR] 201.150.192.18:60182 TCP 104.101.86.138:80 br0
<129>May 26 08:52:07 barracuda.firewall.ibm.lab WF ALER SLASH_DOT_IN_URL 64.87.88.123 54967 165.170.90.193 443 security-policy GLOBAL DENY NONE ["-"] GET 165.170.90.193/themes/default/css/.htaccess HTTPS "-" ""-"" 165.170.90.193 44428 "-" "-"
<13>May 26 08:52:08 checkpoint.firewall.ibm.lab 26May2017  checkpoint.firewall.ibm.lab product: SmartDefense; src: 136.38.97.190; s_port: ; dst: 144.156.226.103; service: ; proto: udp; rule: ;Attack Info: Out-of-state DNS reply;Suppressed logs: 143;Total logs: 144;__policy_id_tag: product=VPN-1 & FireWall-1[db_tag={321A4EE6-7DEA-11DD-BFAA-C0A832822626};mgmt=fwmngt05;date=1220908070;policy_name=KillerWhale_gbl];alert: alert;attack: Invalid DNS;has_accounting: 0;i/f_dir: inbound;
<13>May 26 08:52:10 checkpoint.firewall.ibm.lab 26May2017 drop checkpoint.firewall.ibm.lab product: VPN-1 &FireWall-1; src: 51.18.44.104; s_port: 64776; dst: 34.201.53.42; service: 138; proto: udp; rule: 323;SmartDefense profile: Default_Protection;__policy_id_tag: product=VPN-1 & FireWall-1[db_tag={48AB8350-7F61-11DD-887D-C0A832D16C6C};mgmt=fwmngt-zentral;date=1221069169;policy_name=Chameleon_gbl];has_accounting: 0;i/f_dir: inbound;i/f_name: eth-s1/s1p1c0;rule_uid: {21D66174-0E19-4B77-A1E9-3473FE991088};
<54>May 26 08:52:12 SymantecServer symantec.endpoint.ibm.lab: DCA-EMAPROJ2,Allowed,"C:\Program Files\Common Files\Symantec Shared\ccSvcHst.exe",,Begin: 2017-05-26 08:52:12,End:2017-05-26 08:52:12,Rule: ,2528,C:/Program Files/Microsoft Virtual Server/vmh.exe,0,,C:/ProgramFiles/Common Files/Symantec Shared/ccSvcHst.exe,User: testuser-76,Domain: US
<50>May 26 08:52:13 SymantecServer symantec.endpoint.ibm.lab: testbox-xyz,[SID: 70025] Web Attack: Blackhole Exploit Toolkit 2 attack blocked. Traffic has been blocked for this application: C:\Program Files\Internet Explorer\iexplore.exe,Local: 0.0.0.0,Local: 000000000000,Remote: ,Remote: 0.0.0.0,Remote: 000000000000,Inbound,OTHERS,,Begin: 2017-05-26 08:52:13,End: 2017-05-26 08:52:13,Occurrences: 1,Application: C:/Program Files/Internet Explorer/iexplore.exe,Location: Default,User: testuser-52,Domain: SIMON,!ExternalLoggingTask.localport! 0,!ExternalLoggingTask.remoteport! 0,!ExternalLoggingTask.cidssignid! 70025,!ExternalLoggingTask.strcidssignid! Web Attack: Blackhole Exploit Toolkit 2,!ExternalLoggingTask.cidssignsubid! 0,!ExternalLoggingTask.intrusionurl! http://pppptttt.blah.net/links/came_broadcasting_taking-various.php,!ExternalLoggingTask.intrusionpayloadurl!
<182>May 26 08:52:15 apache.httpd.ibm.lab httpd: 165.11.95.213 118.185.113.137 - - [26/May/2017:08:52:15 -0500] "POST /test.php?doing_test=123 HTTP/1.0" 404 80 282
<182>May 26 08:52:16 apache.httpd.ibm.lab httpd: 136.38.97.190 114.181.107.220 - - [26/May/2017:08:52:16 -0500] "CONNECT 10.35.79.71:443 HTTP/1.1" 405 443 297
<25>May 26 08:52:18 ambiron.ipangel.ibm.lab ipangel-ips: [2017-05-26 08:52:18-05] alert [Priority: 9] [116:46:1] [(snort_decoder) WARNING: TCP Data Offset is less than 5!] 218.111.178.29:64785 TCP 136.3.143.210:80 br0
<26>May 26 08:52:19 ambiron.ipangel.ibm.lab ipangel-ips: [2017-05-26 08:52:19-05] alert [Priority: 9] [119:14:1] [(http_inspect) NON-RFC DEFINED CHAR] 64.87.88.123:53778 TCP 43.143.156.171:80 br0
<25>May 26 08:52:21 apple.macosx.ibm.lab DirectoryService[51]: Failed Authentication return is being delayed due to over five recent auth failures for username: rogueUser-2.
<13>May 26 08:52:22 microsoft.sec.ibm.lab AgentDevice=WindowsLog	AgentLogFile=Security	Source=Security	Computer=COMP-testuser-5	User=testuser-5	Domain=	EventID=672	EventIDCode=672	EventType=8	EventCategory=9	RecordNumber=819943	TimeGenerated=1495803142	TimeWritten=1495803142	Message=Authentication Ticket Request: User Name: testuser-5 Supplied Realm Name: us.ibm.com User ID: %{S-1-2-3-986049} Service Name: krbtgt Service ID: %{S-3-2-1-D6A45F} Ticket Options: 0x40810010 Result Code: - Ticket Encryption Type: 0x17 Pre-Authentication Type: 2 Client Address: 210.8.247.242 Certificate Issuer Name:  Certificate Serial Number:  Certificate Thumbprint: 
<54>May 26 08:52:24 SymantecServer symantec.endpoint.ibm.lab: Potential risk found,Computer name: COMP-1115136,Detection type: Heuristic,Application name: (Unknown),Application type: Trojan Worm,Application version: ,Hash type: SHA-1,Application hash: 72c874f212a18944ff56f774bfe7252346b93f8e,Company name: ,File size (bytes): 301568,Sensitivity: 0,Detection score: 40,Submission recommendation:1,Permitted application reason: 0,Source: Heuristic Scan,Risk name: ,Occurrences: 1,c:\claims\claims32.exe,"",Actual action: Left alone,Requested action: Left alone,Secondary action: Left alone,Event time: 2017-05-26 08:52:24,Inserted:2017-05-26 08:52:24,End:  2017-05-26 08:52:24,Domain: Default,Group: My Company\LTC\Desktops,Server: crasesssmc01,User: rogueUser-2,Source computer: ,Source IP: 0.0.0.0
<25>May 26 08:52:26 ambiron.ipangel.ibm.lab ipangel-ips: [2017-05-26 08:52:26-05] alert [Priority: 9] [116:46:1] [(snort_decoder) WARNING: TCP Data Offset is less than 5!] 136.38.97.190:54219 TCP 64.98.88.161:80 br0
<27>May 26 08:52:27 ambiron.ipangel.ibm.lab ipangel-ips: [2017-05-26 08:52:27-05] alert [Priority: 9] [119:2:1] [(http_inspect) DOUBLE DECODING ATTACK] 56.219.18.103:51800 TCP 30.86.108.145:80 br0
<13>May 26 08:52:29 checkpoint.firewall.ibm.lab 26May2017  checkpoint.firewall.ibm.lab product: SmartDefense; src: 202.207.224.25; s_port: ; dst: 57.75.250.118; service: ; proto: udp; rule: ;Attack Info: Out-of-state DNS reply;Suppressed logs: 143;Total logs: 144;__policy_id_tag: product=VPN-1 & FireWall-1[db_tag={321A4EE6-7DEA-11DD-BFAA-C0A832822626};mgmt=fwmngt05;date=1220908070;policy_name=KillerWhale_gbl];alert: alert;attack: Invalid DNS;has_accounting: 0;i/f_dir: inbound;
<13>May 26 08:52:30 checkpoint.firewall.ibm.lab 26May2017  checkpoint.firewall.ibm.lab product: martDefense; src: 154.102.244.170; s_port: ; dst: 82.77.44.174; service: ; proto: udp; rule: ;Attack Info: Response packet too long, potential buffer overflow;Suppressed logs: 5;Total logs: 6;__policy_id_tag: product=VPN-1 & FireWall-1[db_tag={321A4EE6-7DEA-11DD-BFAA-C0A832822626};mgmt=fwmngt05;date=1220908070;policy_name=KillerWhale_gbl];alert: alert;attack: Invalid DNS;has_accounting: 0;i/f_dir: inbound;
<54>May 26 08:52:32 SymantecServer symantec.endpoint.ibm.lab: Commercial application detected,Computer name: COMP-1119364,Detection type: Commercial,Application name: DameWare Development DWRCS,Application type: Remote Control,Application version: 5\~ 5\~ 0\~ 0,Hash type: SHA-1,Application hash: 4670d9eeeab7449788be3b18e9364ef0088b900e,Company name: DameWare Development LLC,File size (bytes): 208896,Sensitivity: 0,Detection score: 1,Submission recommendation: 0,Permitted application reason: 0,Source: Heuristic Scan,Risk name:  ,Occurrences: 1,DWMRCS,"DWMRCS",Actual action: Left alone,Requested action: Left alone,Secondary action: Commercial application detection,Event time: 2017-05-26 08:52:32,Inserted: 2017-05-26 08:52:32,End: 2017-05-26 08:52:32,Domain: Default,Group: My Company	est,Server: testbox,User: rogueUser-4,Source computer:  ,Source IP: 0.0.0.0
<189>May 26 08:52:33 ['9.9.9.9'] authmgr[504]: <NOTI> login <00:1c:bf:ca:2b:98  125.83.117.185 testuser-23>method=802.1x, server=TEST001, role=Authenticated Update(status 0 method 0 role 16), reauth=1800 sec
<190>May 26 08:52:35 arbor.pravail.ibm.lab pravail-aps: Blocked Host: Blocked host 54.11.145.63 at 10:53 by Malformed HTTP Filtering using TCP/80 (HTTP) destination 177.243.45.219 source port 51806,URL: https://arbornetworks.pravail.test.com/chaos/
<129>May 26 08:52:37 barracuda.firewall.ibm.lab WF ALER SLASH_DOT_IN_URL 79.186.10.120 58670 14.236.156.144 443 security-policy GLOBAL DENY NONE ["-"] GET 14.236.156.144/themes/default/css/.htaccess HTTPS "-" ""-"" 14.236.156.144 44428 "-" "-"
<54>May 26 08:52:38 SymantecServer symantec.endpoint.ibm.lab: Potential risk found,Computer name: COMP-1087849,Detection type: Heuristic,Application name: (Unknown),Application type: Trojan Worm,Application version: ,Hash type: SHA-1,Application hash: 72c874f212a18944ff56f774bfe7252346b93f8e,Company name: ,File size (bytes): 301568,Sensitivity: 0,Detection score: 40,Submission recommendation:1,Permitted application reason: 0,Source: Heuristic Scan,Risk name: ,Occurrences: 1,c:\claims\claims32.exe,"",Actual action: Left alone,Requested action: Left alone,Secondary action: Left alone,Event time: 2017-05-26 08:52:38,Inserted:2017-05-26 08:52:38,End:  2017-05-26 08:52:38,Domain: Default,Group: My Company\LTC\Desktops,Server: crasesssmc01,User: testuser-70,Source computer: ,Source IP: 0.0.0.0
<25>May 26 08:52:40 ambiron.ipangel.ibm.lab ipangel-ips: [2017-05-26 08:52:40-05] alert [Priority: 9] [116:46:1] [(snort_decoder) WARNING: TCP Data Offset is less than 5!] 125.83.117.185:63879 TCP 18.45.55.147:80 br0
<13>May 26 08:52:41 checkpoint.firewall.ibm.lab 26May2017 drop checkpoint.firewall.ibm.lab product: SmartDefense; src: 56.219.18.103; s_port: 49223; dst: 212.40.228.98; service: 443; proto: tcp; rule: 392;Attack Info: TCP segment out of maximum allowed sequence. Packet dropped.;Confidence Level: 0;Performance Impact: 0;Protection Name: TCP Segment Limit Enforcement;Protection Type: settings_tcp;Severity: 0;SmartDefense Profile: Boticario_DMZ_Protection;__policy_id_tag: product=VPN-1 & FireWall-1[db_tag={E94ECB65-34C0-4740-9634-761E1604C8BC};mgmt=SJP1PLNX036-DMZ;date=1424714440;policy_name=DMZ];attack: Streaming Engine: TCP Segment Limit Enforcement;has_accounting: 0;i/f_dir: inbound;i/f_name: eth2-01.2809;origin_sic_name: CN=TEST-DMZ1,O=log_server_hostname;protection_id: tcp_segment_limit;rule_uid: {499DBB08-D262-4D9F-B639-5337A7B36E59};snid: 7572c682;src_machine_name: COMP-testuser-34;src_user_name: testuser-34 ;user: testuser-34 ;
<13>May 26 08:52:43 checkpoint.firewall.ibm.lab 26May2017  checkpoint.firewall.ibm.lab product: SmartDefense; src: 137.38.197.140; s_port: ; dst: 204.71.163.91; service: ; proto: icmp; rule: ;Attack Info: Echo request too big;Suppressed logs: 1;Total logs: 2;__policy_id_tag: product=VPN-1 & FireWall-1[db_tag={B5A7057E-7F61-11DD-AA43-C0A832D12424};mgmt=fwmngt-zentral;date=1221069352;policy_name=Spider_gbl];alert: alert;attack: Large ping;has_accounting: 0;i/f_dir: inbound;
<27>May 26 08:52:44 ambiron.ipangel.ibm.lab ipangel-ips: [2017-05-26 08:52:44-05] alert [Priority: 9] [119:2:1] [(http_inspect) DOUBLE DECODING ATTACK] 56.219.18.103:52060 TCP 51.97.217.66:80 br0
<33>May 26 08:52:46 threecom.switch.ibm.lab %May 26 08:52:46 2017 S9500 VTY/5/VTY_LOG:  TELNET user failed to login from 56.219.18.103(000D-88F6-60E0) on VTY0.
<182>May 26 08:52:48 apache.httpd.ibm.lab httpd: 56.219.18.103 35.38.215.191 - - [26/May/2017:08:52:48 -0500] "TRACE / HTTP/1.0" 403 443 272
<38>May 26 08:52:49 sshd[670578]: input_userauth_request: invalid user testuser-35
<86>May 26 08:52:51 apple.macosx.ibm.lab sshd[5590]: Failed password for invalid user testuser-74 from 177.204.122.147 port 56652 ssh2
<50>May 26 08:52:52 SymantecServer symantec.endpoint.ibm.lab: testbox-xyz,[SID: 70025] Web Attack: Blackhole Exploit Toolkit 2 attack blocked. Traffic has been blocked for this application: C:\Program Files\Internet Explorer\iexplore.exe,Local: 0.0.0.0,Local: 000000000000,Remote: ,Remote: 0.0.0.0,Remote: 000000000000,Inbound,OTHERS,,Begin: 2017-05-26 08:52:52,End: 2017-05-26 08:52:52,Occurrences: 1,Application: C:/Program Files/Internet Explorer/iexplore.exe,Location: Default,User: testuser-9,Domain: SIMON,!ExternalLoggingTask.localport! 0,!ExternalLoggingTask.remoteport! 0,!ExternalLoggingTask.cidssignid! 70025,!ExternalLoggingTask.strcidssignid! Web Attack: Blackhole Exploit Toolkit 2,!ExternalLoggingTask.cidssignsubid! 0,!ExternalLoggingTask.intrusionurl! http://pppptttt.blah.net/links/came_broadcasting_taking-various.php,!ExternalLoggingTask.intrusionpayloadurl!
<13>May 26 08:52:54 microsoft.sec.ibm.lab AgentDevice=WindowsLog	AgentLogFile=Security	Source=Security	Computer=COMP-testuser-73	User=testuser-73	Domain=	EventID=540	EventIDCode=540	EventType=8	EventCategory=2	RecordNumber=771982	TimeGenerated=1495803174	TimeWritten=1495803174	Message=Successful Network Logon: User Name: Domain: Logon ID: (0x0,0x1094116) Logon Type: 3 Logon Process: NtLmSsp Authentication Package: NTLM Workstation Name: COMP-testuser-73 Logon GUID: - Caller User Name: - Caller Domain: - Caller Logon ID: - Caller Process ID: - Transited Services: - Source Network Address: 98.22.180.107 Source Port: 0
<33>May 26 08:52:55 threecom.switch.ibm.lab %May 26 08:52:55 2017 S9500 VTY/5/VTY_LOG:  TELNET user failed to login from 99.123.52.13(000D-88F6-60E0) on VTY0.
<133>May 26 08:52:57 microsoft.event.ibm.lab MSWinEventLog 1 Security 102757633 Fri May 26 08:52:57 2017 4907 Microsoft-Windows-Security-Auditing N/A N/A Success Audit testuser-14 Audit Policy Change Auditing settings on object were changed. Subject: Security ID: S-1-5-18 Account Name: testuser-14 Account Domain: us.ibm.com Logon ID: 0x1083681 Object: Object Server: Security Object Type: File Object Name: \Windows\winsxs\test.wav Handle ID: 0x3a8 Process Information: Process ID: 0x5B6B33 Process Name: C:\Windows\System32\wbengine.exe Auditing Settings: Original Security Descriptor: S:AI(AU;A;;WD) New Security Descriptor: S:ARAI(AU;SAFA;;;;WD)(AU;IDFA;B;;;WD) 404237
<189>May 26 08:52:58 ['9.9.9.9'] authmgr[504]: <NOTI> login <00:1c:bf:ca:2b:98  15.83.16.235 rogueUser-5>method=802.1x, server=TEST001, role=Authenticated Update(status 0 method 0 role 16), reauth=1800 sec
<190>May 26 08:53:00 arbor.pravail.ibm.lab pravail-aps: Blocked Host: Blocked host 136.38.97.190 at 10:52 by Invalid Packets using TCP/0 (Unknown) destination 135.175.99.180,URL: https://arbornetworks.pravail.test.com/chaos/
