<33>May 26 10:04:37 threecom.switch.ibm.lab %May 26 10:04:37 2017 S9500 PORTAL/5/PT_LOG: Online user 218.111.178.29 changes to 73.11.116.22, we will cut it off as using traffic-acct.
<54>May 26 10:04:38 SymantecServer symantec.endpoint.ibm.lab: DCA-EMAPROJ2,Allowed,"C:\Program Files\Common Files\Symantec Shared\ccSvcHst.exe",,Begin: 2017-05-26 10:04:38,End:2017-05-26 10:04:38,Rule: ,2528,C:/Program Files/Microsoft Virtual Server/vmh.exe,0,,C:/ProgramFiles/Common Files/Symantec Shared/ccSvcHst.exe,User: testuser-8,Domain: US
<86>May 26 10:04:40 apple.macosx.ibm.lab com.apple.SecurityServer: authinternal authenticated user rogueUser-4 (uid 120388).
<129>May 26 10:04:41 barracuda.firewall.ibm.lab WF ALER METHOD_NOT_ALLOWED 54.11.145.63 62210 142.126.128.31 80 security-policy GLOBAL DENY NONE [Method="ABCD"] ABCD 142.126.128.31/ HTTP "-" ""-"" 142.126.128.31 48536 "-" "-"
<129>May 26 10:04:43 barracuda.firewall.ibm.lab WF ALER CROSS_SITE_SCRIPTING_IN_PARAM 136.38.97.190 54889 170.196.122.210 443 security-policy GLOBAL DENY NONE [type="cross-site-scripting" pattern="script-tag" token="<script>" Parameter="url" value="<script>alert(5341)</script>"] GET 170.196.122.210/redirect.asp?url=<script>alert(5341)</script> HTTPS "-" ""-"" 170.196.122.210 59845 "-" "-"
<50>May 26 10:04:44 SymantecServer symantec.endpoint.ibm.lab: testbox-xyz,[SID: 70025] Web Attack: Blackhole Exploit Toolkit 2 attack blocked. Traffic has been blocked for this application: C:\Program Files\Internet Explorer\iexplore.exe,Local: 0.0.0.0,Local: 000000000000,Remote: ,Remote: 0.0.0.0,Remote: 000000000000,Inbound,OTHERS,,Begin: 2017-05-26 10:04:44,End: 2017-05-26 10:04:44,Occurrences: 1,Application: C:/Program Files/Internet Explorer/iexplore.exe,Location: Default,User: testuser-28,Domain: SIMON,!ExternalLoggingTask.localport! 0,!ExternalLoggingTask.remoteport! 0,!ExternalLoggingTask.cidssignid! 70025,!ExternalLoggingTask.strcidssignid! Web Attack: Blackhole Exploit Toolkit 2,!ExternalLoggingTask.cidssignsubid! 0,!ExternalLoggingTask.intrusionurl! http://pppptttt.blah.net/links/came_broadcasting_taking-various.php,!ExternalLoggingTask.intrusionpayloadurl!
<14>May 26 10:04:46 Message forwarded from aix.ibm.lab: ftp[random_number_1_to_999999]: ftp: IMPORT user testuser-97, host 179.174.48.208, local test_file, remote /data/savedata/test_file.dat.
<189>May 26 10:04:48 ['9.9.9.9'] authmgr[504]: <NOTI> login <00:1c:bf:ca:2b:98  137.38.197.140 rogueUser-2>method=802.1x, server=TEST001, role=Authenticated Update(status 0 method 0 role 16), reauth=1800 sec
<133>May 26 10:04:49 microsoft.event.ibm.lab MSWinEventLog 1 Security 102757633 Fri May 26 10:04:49 2017 4907 Microsoft-Windows-Security-Auditing N/A N/A Success Audit testuser-99 Audit Policy Change Auditing settings on object were changed. Subject: Security ID: S-1-5-18 Account Name: testuser-99 Account Domain: us.ibm.com Logon ID: 0x1110916 Object: Object Server: Security Object Type: File Object Name: \Windows\winsxs\test.wav Handle ID: 0x3a8 Process Information: Process ID: 0x6A1E8E Process Name: C:\Windows\System32\wbengine.exe Auditing Settings: Original Security Descriptor: S:AI(AU;A;;WD) New Security Descriptor: S:ARAI(AU;SAFA;;;;WD)(AU;IDFA;B;;;WD) 992018
<33>May 26 10:04:51 threecom.switch.ibm.lab %May 26 10:04:51 2017 S9500 AAA/2/Serious error!: User rogueUser-3, in ACM send msg to SC failed! Returns 1 srcID 6 msgType 16384.
<189>May 26 10:04:52 ['9.9.9.9'] authmgr[504]: <NOTI> login <00:1c:bf:ca:2b:98  15.83.16.235 rogueUser-5>method=802.1x, server=TEST001, role=Authenticated Update(status 0 method 0 role 16), reauth=1800 sec
<26>May 26 10:04:54 ambiron.ipangel.ibm.lab ipangel-ips: [2017-05-26 10:04:54-05] alert [Priority: 9] [119:14:1] [(http_inspect) NON-RFC DEFINED CHAR] 125.83.117.185:53383 TCP 136.48.27.76:80 br0
<187>May 26 10:04:55 ['9.9.9.9'] httpd[16986]: [error] [client 54.11.145.63] Invalid URI in request \xf7vMKp`ET&\xa4\x9c\xc9\xec\xd1\xd8j\r\xce\xd9\xd4\xb3\c7
<182>May 26 10:04:57 apache.httpd.ibm.lab httpd: 218.111.178.29 143.236.132.224 - - [26/May/2017:10:04:57 -0500] "GET /../../../../../../../../../../../ HTTP/1.1" 400 443 307
<13>May 26 10:04:58 checkpoint.firewall.ibm.lab 26May2017  checkpoint.firewall.ibm.lab product: SmartDefense; src: 165.11.95.213; s_port: ; dst: 126.116.50.8; service: ; proto: udp; rule: ;Attack Info: Out-of-state DNS reply;Suppressed logs: 143;Total logs: 144;__policy_id_tag: product=VPN-1 & FireWall-1[db_tag={321A4EE6-7DEA-11DD-BFAA-C0A832822626};mgmt=fwmngt05;date=1220908070;policy_name=KillerWhale_gbl];alert: alert;attack: Invalid DNS;has_accounting: 0;i/f_dir: inbound;
<83>May 26 10:05:00 apple.macosx.ibm.lab com.apple.SecurityServer: authinternal failed to authenticate user testuser-5.
<182>May 26 10:05:02 apache.httpd.ibm.lab httpd: 201.150.192.18 170.28.249.216 - - [26/May/2017:10:05:02 -0500] "CONNECT 10.35.79.71:443 HTTP/1.1" 405 443 297
<190>May 26 10:05:03 arbor.pravail.ibm.lab pravail-aps: Blocked Host: Blocked host 120.171.20.155 at 10:53 by Malformed HTTP Filtering using TCP/80 (HTTP) destination 27.79.15.23 source port 61660,URL: https://arbornetworks.pravail.test.com/chaos/
<26>May 26 10:05:05 ambiron.ipangel.ibm.lab ipangel-ips: [2017-05-26 10:05:05-05] alert [Priority: 9] [119:14:1] [(http_inspect) NON-RFC DEFINED CHAR] 83.87.204.105:58005 TCP 165.188.228.163:80 br0
<83>May 26 10:05:06 apple.macosx.ibm.lab sshd[5590]: error: PAM: Authentication failure for illegal user testuser-22 from 171.42.98.79<13>May 26 10:05:08 microsoft.sec.ibm.lab AgentDevice=WindowsLog	AgentLogFile=Security	Source=Security	Computer=COMP-rogueUser-3	User=rogueUser-3	Domain=	EventID=576	EventIDCode=576	EventType=8	EventCategory=2	RecordNumber=68674	TimeGenerated=1495807508	TimeWritten=1495807508	Message=Special privileges assigned to new logon: User Name: rogueUser-3 Domain: us.ibm.com Logon ID: (0x0,0x1117249) Privileges: SeSecurityPrivilege SeBackupPrivilege SeRestorePrivilege SeTakeOwnershipPrivilege SeDebugPrivilege SeSystemEnvironmentPrivilege SeLoadDriverPrivilege SeImpersonatePrivilege
<37>May 26 10:05:09 Message forwarded from aix.ibm.lab: su: from testuser-20 to root at /dev/pts/4
<190>May 26 10:05:11 arbor.pravail.ibm.lab pravail-aps: Blocked Host: Blocked host 56.219.18.103 at 10:52 by Invalid Packets using TCP/0 (Unknown) destination 210.188.251.246,URL: https://arbornetworks.pravail.test.com/chaos/
<54>May 26 10:05:13 SymantecServer symantec.endpoint.ibm.lab: Commercial application detected,Computer name: COMP-1098304,Detection type: Commercial,Application name: DameWare Development DWRCS,Application type: Remote Control,Application version: 5\~ 5\~ 0\~ 0,Hash type: SHA-1,Application hash: 4670d9eeeab7449788be3b18e9364ef0088b900e,Company name: DameWare Development LLC,File size (bytes): 208896,Sensitivity: 0,Detection score: 1,Submission recommendation: 0,Permitted application reason: 0,Source: Heuristic Scan,Risk name:  ,Occurrences: 1,DWMRCS,"DWMRCS",Actual action: Left alone,Requested action: Left alone,Secondary action: Commercial application detection,Event time: 2017-05-26 10:05:13,Inserted: 2017-05-26 10:05:13,End: 2017-05-26 10:05:13,Domain: Default,Group: My Company	est,Server: testbox,User: testuser-75,Source computer:  ,Source IP: 0.0.0.0
<133>May 26 10:05:14 microsoft.event.ibm.lab MSWinEventLog 1 Security 102757633 Fri May 26 10:05:14 2017 4907 Microsoft-Windows-Security-Auditing N/A N/A Success Audit testuser-39 Audit Policy Change Auditing settings on object were changed. Subject: Security ID: S-1-5-18 Account Name: testuser-39 Account Domain: us.ibm.com Logon ID: 0x1098304 Object: Object Server: Security Object Type: File Object Name: \Windows\winsxs\test.wav Handle ID: 0x3a8 Process Information: Process ID: 0xD5A014 Process Name: C:\Windows\System32\wbengine.exe Auditing Settings: Original Security Descriptor: S:AI(AU;A;;WD) New Security Descriptor: S:ARAI(AU;SAFA;;;;WD)(AU;IDFA;B;;;WD) 957855
<187>May 26 10:05:16 ['9.9.9.9'] httpd[16986]: [error] [client 212.2.111.4] Invalid URI in request \xf7vMKp`ET&\xa4\x9c\xc9\xec\xd1\xd8j\r\xce\xd9\xd4\xb3\c7
<54>May 26 10:05:17 SymantecServer symantec.endpoint.ibm.lab: Commercial application detected,Computer name: COMP-1115136,Detection type: Commercial,Application name: DameWare Development DWRCS,Application type: Remote Control,Application version: 5\~ 5\~ 0\~ 0,Hash type: SHA-1,Application hash: 4670d9eeeab7449788be3b18e9364ef0088b900e,Company name: DameWare Development LLC,File size (bytes): 208896,Sensitivity: 0,Detection score: 1,Submission recommendation: 0,Permitted application reason: 0,Source: Heuristic Scan,Risk name:  ,Occurrences: 1,DWMRCS,"DWMRCS",Actual action: Left alone,Requested action: Left alone,Secondary action: Commercial application detection,Event time: 2017-05-26 10:05:17,Inserted: 2017-05-26 10:05:17,End: 2017-05-26 10:05:17,Domain: Default,Group: My Company	est,Server: testbox,User: rogueUser-2,Source computer:  ,Source IP: 0.0.0.0
<133>May 26 10:05:19 microsoft.event.ibm.lab MSWinEventLog 1 Security 102757633 Fri May 26 10:05:19 2017 4907 Microsoft-Windows-Security-Auditing N/A N/A Success Audit rogueUser-3 Audit Policy Change Auditing settings on object were changed. Subject: Security ID: S-1-5-18 Account Name: rogueUser-3 Account Domain: us.ibm.com Logon ID: 0x1117249 Object: Object Server: Security Object Type: File Object Name: \Windows\winsxs\test.wav Handle ID: 0x3a8 Process Information: Process ID: 0xD92235 Process Name: C:\Windows\System32\wbengine.exe Auditing Settings: Original Security Descriptor: S:AI(AU;A;;WD) New Security Descriptor: S:ARAI(AU;SAFA;;;;WD)(AU;IDFA;B;;;WD) 83682
<189>May 26 10:05:20 ['9.9.9.9'] authmgr[504]: <NOTI> login <00:1c:bf:ca:2b:98  51.18.44.104 testuser-40>method=802.1x, server=TEST001, role=Authenticated Update(status 0 method 0 role 16), reauth=1800 sec
<13>May 26 10:05:22 microsoft.sec.ibm.lab AgentDevice=WindowsLog	AgentLogFile=Security	Source=Security	Computer=COMP-testuser-41	User=testuser-41	Domain=	EventID=675	EventIDCode=675	EventType=16	EventCategory=9	RecordNumber=863030	TimeGenerated=1495807522	TimeWritten=1495807522	Message=Pre-authentication failed: User Name: testuser-41 User ID: %{S-1-2-3-1083681} Service Name: krbtgt Pre-Authentication Type: 0x2 Failure Code: 0x18 Client Address: 117.22.76.202 
<190>May 26 10:05:24 arbor.pravail.ibm.lab pravail-aps: Blocked Host: Blocked host 79.186.10.120 at 10:52 by Invalid Packets using TCP/0 (Unknown) destination 48.64.79.171,URL: https://arbornetworks.pravail.test.com/chaos/
<182>May 26 10:05:25 apache.httpd.ibm.lab httpd: 56.219.18.103 69.149.123.75 - - [26/May/2017:10:05:25 -0500] "POST /test.php?doing_test=123 HTTP/1.0" 404 80 282
<189>May 26 10:05:27 ['9.9.9.9'] authmgr[504]: <NOTI> login <00:1c:bf:ca:2b:98  165.11.95.213 testuser-65>method=802.1x, server=TEST001, role=Authenticated Update(status 0 method 0 role 16), reauth=1800 sec
<157>May 26 10:05:28 microsoft.event.ibm.lab MSWinEventLog	4	Security	60703	Fri May 26 10:05:28 2017	552	Security	NETWORK SERVICE	Well Known Group	Success Audit	testuser-26	Logon/Logoff		Logon attempt using explicit credentials: Logged on user:  User Name: NETWORK SERVICE  Domain: NT AUTHORITY  Logon ID: (0x0,0x1089936)  Logon GUID: -  User whose credentials were used:  Target User Name: testuser-26  Target Domain: us.ibm.com Target Logon GUID: -  Target Server Name: localhost  Target Server Info: localhost  Caller Process ID: 772386  Source Network Address: -  Source Port: - 	56794
<33>May 26 10:05:30 threecom.switch.ibm.lab %May 26 10:05:30 2017 S9500 PORTAL/5/PT_LOG: Online user 218.111.178.29 changes to 2.37.16.38, we will cut it off as using traffic-acct.
<25>May 26 10:05:31 apple.macosx.ibm.lab DirectoryService[51]: Failed Authentication return is being delayed due to over five recent auth failures for username: testuser-53.
<190>May 26 10:05:33 arbor.pravail.ibm.lab pravail-aps: Blocked Host: Blocked host 212.2.111.4 at 10:53 by Malformed HTTP Filtering using TCP/80 (HTTP) destination 187.254.103.156 source port 58766,URL: https://arbornetworks.pravail.test.com/chaos/
<129>May 26 10:05:34 barracuda.firewall.ibm.lab WF ALER METACHARACTER_IN_PARAMETER 165.11.95.213 59717 48.66.182.161 443 security-policy GLOBAL DENY NONE [token="%00 " Parameter="article" value="../../../../../../../../etc/passwd"] GET 48.66.182.161/talkback.cgi?article=../../../../../../../../etc/passwd%00&action=view&matchview=1 HTTPS "-" ""-"" 48.66.182.161 59717 "-" "-"
<13>May 26 10:05:36 checkpoint.firewall.ibm.lab 26May2017  checkpoint.firewall.ibm.lab product: martDefense; src: 165.11.95.213; s_port: ; dst: 32.47.138.149; service: ; proto: udp; rule: ;Attack Info: Response packet too long, potential buffer overflow;Suppressed logs: 5;Total logs: 6;__policy_id_tag: product=VPN-1 & FireWall-1[db_tag={321A4EE6-7DEA-11DD-BFAA-C0A832822626};mgmt=fwmngt05;date=1220908070;policy_name=KillerWhale_gbl];alert: alert;attack: Invalid DNS;has_accounting: 0;i/f_dir: inbound;
<13>May 26 10:05:38 checkpoint.firewall.ibm.lab 26May2017 drop checkpoint.firewall.ibm.lab product: SmartDefense; src: 20.135.51.253; s_port: 59248; dst: 13.91.239.87; service: 443; proto: tcp; rule: 392;Attack Info: TCP segment out of maximum allowed sequence. Packet dropped.;Confidence Level: 0;Performance Impact: 0;Protection Name: TCP Segment Limit Enforcement;Protection Type: settings_tcp;Severity: 0;SmartDefense Profile: Boticario_DMZ_Protection;__policy_id_tag: product=VPN-1 & FireWall-1[db_tag={E94ECB65-34C0-4740-9634-761E1604C8BC};mgmt=SJP1PLNX036-DMZ;date=1424714440;policy_name=DMZ];attack: Streaming Engine: TCP Segment Limit Enforcement;has_accounting: 0;i/f_dir: inbound;i/f_name: eth2-01.2809;origin_sic_name: CN=TEST-DMZ1,O=log_server_hostname;protection_id: tcp_segment_limit;rule_uid: {499DBB08-D262-4D9F-B639-5337A7B36E59};snid: 7572c682;src_machine_name: COMP-rogueUser-3;src_user_name: rogueUser-3 ;user: rogueUser-3 ;
<129>May 26 10:05:39 barracuda.firewall.ibm.lab WF ALER METHOD_NOT_ALLOWED 147.198.103.40 62779 139.78.3.203 80 security-policy GLOBAL DENY NONE [Method="ABCD"] ABCD 139.78.3.203/ HTTP "-" ""-"" 139.78.3.203 48536 "-" "-"
<25>May 26 10:05:41 ambiron.ipangel.ibm.lab ipangel-ips: [2017-05-26 10:05:41-05] alert [Priority: 9] [116:46:1] [(snort_decoder) WARNING: TCP Data Offset is less than 5!] 154.102.244.170:59534 TCP 144.112.32.25:80 br0
<25>May 26 10:05:42 ambiron.ipangel.ibm.lab ipangel-ips: [2017-05-26 10:05:42-05] alert [Priority: 9] [116:46:1] [(snort_decoder) WARNING: TCP Data Offset is less than 5!] 30.90.182.58:53564 TCP 135.63.223.106:80 br0
<157>May 26 10:05:44 microsoft.event.ibm.lab MSWinEventLog	4	Security	60703	Fri May 26 10:05:44 2017	552	Security	NETWORK SERVICE	Well Known Group	Success Audit	testuser-29	Logon/Logoff		Logon attempt using explicit credentials: Logged on user:  User Name: NETWORK SERVICE  Domain: NT AUTHORITY  Logon ID: (0x0,0x1096209)  Logon GUID: -  User whose credentials were used:  Target User Name: testuser-29  Target Domain: us.ibm.com Target Logon GUID: -  Target Server Name: localhost  Target Server Info: localhost  Caller Process ID: 846389  Source Network Address: -  Source Port: - 	56794
<50>May 26 10:05:45 SymantecServer symantec.endpoint.ibm.lab: testbox-xyz,[SID: 70025] Web Attack: Blackhole Exploit Toolkit 2 attack blocked. Traffic has been blocked for this application: C:\Program Files\Internet Explorer\iexplore.exe,Local: 0.0.0.0,Local: 000000000000,Remote: ,Remote: 0.0.0.0,Remote: 000000000000,Inbound,OTHERS,,Begin: 2017-05-26 10:05:45,End: 2017-05-26 10:05:45,Occurrences: 1,Application: C:/Program Files/Internet Explorer/iexplore.exe,Location: Default,User: testuser-45,Domain: SIMON,!ExternalLoggingTask.localport! 0,!ExternalLoggingTask.remoteport! 0,!ExternalLoggingTask.cidssignid! 70025,!ExternalLoggingTask.strcidssignid! Web Attack: Blackhole Exploit Toolkit 2,!ExternalLoggingTask.cidssignsubid! 0,!ExternalLoggingTask.intrusionurl! http://pppptttt.blah.net/links/came_broadcasting_taking-various.php,!ExternalLoggingTask.intrusionpayloadurl!
<129>May 26 10:05:47 barracuda.firewall.ibm.lab WF ALER SLASH_DOT_IN_URL 128.234.158.118 64929 42.41.20.193 443 security-policy GLOBAL DENY NONE ["-"] GET 42.41.20.193/themes/default/css/.htaccess HTTPS "-" ""-"" 42.41.20.193 44428 "-" "-"
<33>May 26 10:05:49 threecom.switch.ibm.lab %May 26 10:05:49 2017 S9500 RTA/3/Failed to get user traffic: Failed to get traffic of user 30.90.182.58 on board 6
<129>May 26 10:05:50 barracuda.firewall.ibm.lab WF ALER SLASH_DOT_IN_URL 79.186.10.120 52058 81.161.107.55 443 security-policy GLOBAL DENY NONE ["-"] GET 81.161.107.55/themes/default/css/.htaccess HTTPS "-" ""-"" 81.161.107.55 44428 "-" "-"
<33>May 26 10:05:52 threecom.switch.ibm.lab %May 26 10:05:52 2017 S9500 FTPS/5/USERIN: User rogueUser-5(15.83.16.235) login succeeded
<38>May 26 10:05:53 sshd[912036]: input_userauth_request: invalid user testuser-76
<157>May 26 10:05:55 microsoft.event.ibm.lab MSWinEventLog	4	Security	60703	Fri May 26 10:05:55 2017	552	Security	NETWORK SERVICE	Well Known Group	Success Audit	testuser-46	Logon/Logoff		Logon attempt using explicit credentials: Logged on user:  User Name: NETWORK SERVICE  Domain: NT AUTHORITY  Logon ID: (0x0,0x1094116)  Logon GUID: -  User whose credentials were used:  Target User Name: testuser-46  Target Domain: us.ibm.com Target Logon GUID: -  Target Server Name: localhost  Target Server Info: localhost  Caller Process ID: 292167  Source Network Address: -  Source Port: - 	56794
<190>May 26 10:05:56 arbor.pravail.ibm.lab pravail-aps: Blocked Host: Blocked host 201.150.192.18 at 10:52 by Invalid Packets using TCP/0 (Unknown) destination 43.108.233.99,URL: https://arbornetworks.pravail.test.com/chaos/
<86>May 26 10:05:58 apple.macosx.ibm.lab sshd[5590]: Failed password for invalid user testuser-3 from 213.39.172.85 port 51922 ssh2
<25>May 26 10:06:00 apple.macosx.ibm.lab DirectoryService[51]: Failed Authentication return is being delayed due to over five recent auth failures for username: testuser-73.
<25>May 26 10:06:01 ambiron.ipangel.ibm.lab ipangel-ips: [2017-05-26 10:06:01-05] alert [Priority: 9] [116:46:1] [(snort_decoder) WARNING: TCP Data Offset is less than 5!] 179.174.48.208:54227 TCP 130.25.238.100:80 br0
<133>May 26 10:06:03 microsoft.event.ibm.lab MSWinEventLog 1 Security 102757633 Fri May 26 10:06:03 2017 4907 Microsoft-Windows-Security-Auditing N/A N/A Success Audit testuser-64 Audit Policy Change Auditing settings on object were changed. Subject: Security ID: S-1-5-18 Account Name: testuser-64 Account Domain: us.ibm.com Logon ID: 0x1094116 Object: Object Server: Security Object Type: File Object Name: \Windows\winsxs\test.wav Handle ID: 0x3a8 Process Information: Process ID: 0xC2AB6C Process Name: C:\Windows\System32\wbengine.exe Auditing Settings: Original Security Descriptor: S:AI(AU;A;;WD) New Security Descriptor: S:ARAI(AU;SAFA;;;;WD)(AU;IDFA;B;;;WD) 935004
<187>May 26 10:06:04 ['9.9.9.9'] httpd[16986]: [error] [client 15.83.16.235] Invalid URI in request \xf7vMKp`ET&\xa4\x9c\xc9\xec\xd1\xd8j\r\xce\xd9\xd4\xb3\c7
<190>May 26 10:06:06 arbor.pravail.ibm.lab pravail-aps: Blocked Host: Blocked host 79.186.10.120 at 10:52 by Invalid Packets using TCP/0 (Unknown) destination 173.119.250.203,URL: https://arbornetworks.pravail.test.com/chaos/
<86>May 26 10:06:07 apple.macosx.ibm.lab com.apple.SecurityServer: uid 116160 succeeded authenticating as user admin (uid 501) for right system.install.root.user.
<13>May 26 10:06:09 microsoft.sec.ibm.lab AgentDevice=WindowsLog	AgentLogFile=Security	Source=Security	Computer=COMP-testuser-49	User=testuser-49	Domain=	EventID=529	EventIDCode=529	EventType=16	EventCategory=2	RecordNumber=478370	TimeGenerated=1495807569	TimeWritten=1495807569	Message=Successful Network Logon: User Name: Domain: Logon ID: (0x0,0x1100401) Logon Type: 3 Logon Process: NtLmSsp Authentication Package: NTLM Workstation Name: COMP-testuser-49 Logon GUID: - Caller User Name: - Caller Domain: - Caller Logon ID: - Caller Process ID: - Transited Services: - Source Network Address: 120.171.20.155 Source Port: 0
<129>May 26 10:06:10 barracuda.firewall.ibm.lab WF ALER CROSS_SITE_SCRIPTING_IN_URL 165.11.95.213 61925 89.71.208.191 80 security-policy GLOBAL DENY NONE [type="cross-site-scripting" pattern="script-tag" token="<script>"] GET 89.71.208.191/<script>alert(53416)</script> HTTP "-" ""-"" 89.71.208.191 48541 "-" "-"
<13>May 26 10:06:12 checkpoint.firewall.ibm.lab 26May2017 reject checkpoint.firewall.ibm.lab product: VPN-1 & FireWall-1; src: 33.195.94.29; s_port: 64316; dst: 117.59.233.243; service: 113; proto: tcp; rule: 14;SmartDefense profile: Default_Protection;__policy_id_tag: product=VPN-1 & FireWall-1[db_tag={25E5B8F6-79E7-11DD-941A-C0A832D00C0C};mgmt=fwmngt-wuv;date=1220466957;policy_name=rhino_gbl];has_accounting: 0;i/f_dir: inbound;i/f_name: eth-s2/s1p1c0;rule_uid: {9C96B325-D976-4A30-8685-9ED61018A6E7};service_id: gident;
<187>May 26 10:06:14 ['9.9.9.9'] httpd[16986]: [error] [client 218.111.178.29] Invalid URI in request \xf7vMKp`ET&\xa4\x9c\xc9\xec\xd1\xd8j\r\xce\xd9\xd4\xb3\c7
<13>May 26 10:06:15 checkpoint.firewall.ibm.lab 26May2017  checkpoint.firewall.ibm.lab product: SmartDefense; src: 15.83.16.235; s_port: ; dst: 106.110.170.22; service: ; proto: udp; rule: ;Attack Info: Out-of-state DNS reply;Suppressed logs: 143;Total logs: 144;__policy_id_tag: product=VPN-1 & FireWall-1[db_tag={321A4EE6-7DEA-11DD-BFAA-C0A832822626};mgmt=fwmngt05;date=1220908070;policy_name=KillerWhale_gbl];alert: alert;attack: Invalid DNS;has_accounting: 0;i/f_dir: inbound;
<13>May 26 10:06:17 microsoft.sec.ibm.lab AgentDevice=WindowsLog	AgentLogFile=Security	Source=Security	Computer=COMP-testuser-37	User=testuser-37	Domain=	EventID=672	EventIDCode=672	EventType=8	EventCategory=9	RecordNumber=810796	TimeGenerated=1495807577	TimeWritten=1495807577	Message=Authentication Ticket Request: User Name: testuser-37 Supplied Realm Name: us.ibm.com User ID: %{S-1-2-3-1094116} Service Name: krbtgt Service ID: %{S-3-2-1-6B6234} Ticket Options: 0x40810010 Result Code: - Ticket Encryption Type: 0x17 Pre-Authentication Type: 2 Client Address: 79.186.10.120 Certificate Issuer Name:  Certificate Serial Number:  Certificate Thumbprint: 
<187>May 26 10:06:18 ['9.9.9.9'] httpd[16986]: [error] [client 120.171.20.155] Invalid URI in request \xf7vMKp`ET&\xa4\x9c\xc9\xec\xd1\xd8j\r\xce\xd9\xd4\xb3\c7
<189>May 26 10:06:20 ['9.9.9.9'] authmgr[504]: <NOTI> login <00:1c:bf:ca:2b:98  201.150.192.18 testuser-60>method=802.1x, server=TEST001, role=Authenticated Update(status 0 method 0 role 16), reauth=1800 sec
<25>May 26 10:06:21 apple.macosx.ibm.lab DirectoryService[51]: Failed Authentication return is being delayed due to over five recent auth failures for username: testuser-87.
<38>May 26 10:06:23 sshd[859721]: Invalid user testuser-88 from 179.174.48.208
<33>May 26 10:06:25 threecom.switch.ibm.lab %May 26 10:06:25 2017 S9500 FTPS/5/USEROUT: User testuser-94(120.171.20.155) logged out
<182>May 26 10:06:26 apache.httpd.ibm.lab httpd: 202.207.224.25 101.236.63.118 - - [26/May/2017:10:06:26 -0500] "TRACE / HTTP/1.0" 403 443 272
<182>May 26 10:06:28 apache.httpd.ibm.lab httpd: 16.74.199.104 117.2.161.235 - - [26/May/2017:10:06:28 -0500] "CONNECT 10.35.79.71:443 HTTP/1.1" 405 443 297
<38>May 26 10:06:29 syslog: ssh: failed login attempt for testuser-13 from 51.18.44.104
<14>May 26 10:06:31 Message forwarded from aix.ibm.lab: ftp[random_number_1_to_999999]: ftp: IMPORT user testuser-5, host 167.227.124.53, local test_file, remote /data/savedata/test_file.dat.
<157>May 26 10:06:32 microsoft.event.ibm.lab MSWinEventLog	4	Security	60703	Fri May 26 10:06:32 2017	552	Security	NETWORK SERVICE	Well Known Group	Success Audit	testuser-100	Logon/Logoff		Logon attempt using explicit credentials: Logged on user:  User Name: NETWORK SERVICE  Domain: NT AUTHORITY  Logon ID: (0x0,0x1177225)  Logon GUID: -  User whose credentials were used:  Target User Name: testuser-100  Target Domain: us.ibm.com Target Logon GUID: -  Target Server Name: localhost  Target Server Info: localhost  Caller Process ID: 29724  Source Network Address: -  Source Port: - 	56794
<13>May 26 10:06:34 checkpoint.firewall.ibm.lab 26May2017 drop checkpoint.firewall.ibm.lab product: VPN-1 &FireWall-1; src: 212.2.111.4; s_port: 62845; dst: 189.70.162.228; service: 138; proto: udp; rule: 323;SmartDefense profile: Default_Protection;__policy_id_tag: product=VPN-1 & FireWall-1[db_tag={48AB8350-7F61-11DD-887D-C0A832D16C6C};mgmt=fwmngt-zentral;date=1221069169;policy_name=Chameleon_gbl];has_accounting: 0;i/f_dir: inbound;i/f_name: eth-s1/s1p1c0;rule_uid: {21D66174-0E19-4B77-A1E9-3473FE991088};
<13>May 26 10:06:36 microsoft.sec.ibm.lab AgentDevice=WindowsLog	AgentLogFile=Security	Source=Security	Computer=COMP-testuser-81	User=testuser-81	Domain=	EventID=529	EventIDCode=529	EventType=16	EventCategory=2	RecordNumber=583467	TimeGenerated=1495807596	TimeWritten=1495807596	Message=Successful Network Logon: User Name: Domain: Logon ID: (0x0,0x1092025) Logon Type: 3 Logon Process: NtLmSsp Authentication Package: NTLM Workstation Name: COMP-testuser-81 Logon GUID: - Caller User Name: - Caller Domain: - Caller Logon ID: - Caller Process ID: - Transited Services: - Source Network Address: 218.111.178.29 Source Port: 0
<129>May 26 10:06:37 barracuda.firewall.ibm.lab WF ALER METHOD_NOT_ALLOWED 201.150.192.18 58806 113.187.109.67 80 security-policy GLOBAL DENY NONE [Method="ABCD"] ABCD 113.187.109.67/ HTTP "-" ""-"" 113.187.109.67 48536 "-" "-"
<182>May 26 10:06:39 apache.httpd.ibm.lab httpd: 125.83.117.185 27.43.71.253 - - [26/May/2017:10:06:39 -0500] "GET /<script>alert(53416)</script> HTTP/1.1" 404 443 320
<189>May 26 10:06:40 ['9.9.9.9'] authmgr[504]: <NOTI> login <00:1c:bf:ca:2b:98  56.219.18.103 testuser-34>method=802.1x, server=TEST001, role=Authenticated Update(status 0 method 0 role 16), reauth=1800 sec
<129>May 26 10:06:42 barracuda.firewall.ibm.lab WF ALER METHOD_NOT_ALLOWED 44.111.228.125 65402 18.70.68.252 80 security-policy GLOBAL DENY NONE [Method="ABCD"] ABCD 18.70.68.252/ HTTP "-" ""-"" 18.70.68.252 48536 "-" "-"
<182>May 26 10:06:43 apache.httpd.ibm.lab httpd: 56.219.18.103 54.6.127.219 - - [26/May/2017:10:06:43 -0500] "POST /test.php?doing_test=123 HTTP/1.0" 404 80 282
<26>May 26 10:06:45 ambiron.ipangel.ibm.lab ipangel-ips: [2017-05-26 10:06:45-05] alert [Priority: 9] [119:14:1] [(http_inspect) NON-RFC DEFINED CHAR] 218.111.178.29:52517 TCP 132.149.222.81:80 br0
<157>May 26 10:06:46 microsoft.event.ibm.lab MSWinEventLog	4	Security	60703	Fri May 26 10:06:46 2017	552	Security	NETWORK SERVICE	Well Known Group	Success Audit	testuser-44	Logon/Logoff		Logon attempt using explicit credentials: Logged on user:  User Name: NETWORK SERVICE  Domain: NT AUTHORITY  Logon ID: (0x0,0x1089936)  Logon GUID: -  User whose credentials were used:  Target User Name: testuser-44  Target Domain: us.ibm.com Target Logon GUID: -  Target Server Name: localhost  Target Server Info: localhost  Caller Process ID: 190638  Source Network Address: -  Source Port: - 	56794
<182>May 26 10:06:48 apache.httpd.ibm.lab httpd: 54.11.145.63 35.87.190.64 - - [26/May/2017:10:06:48 -0500] "CONNECT 10.35.79.71:443 HTTP/1.1" 405 443 297
<33>May 26 10:06:50 threecom.switch.ibm.lab %May 26 10:06:50 2017 S9500 FTPS/5/USEROUT: User testuser-51(201.150.192.18) logged out
<157>May 26 10:06:51 microsoft.event.ibm.lab MSWinEventLog	4	Security	60703	Fri May 26 10:06:51 2017	552	Security	NETWORK SERVICE	Well Known Group	Success Audit	testuser-42	Logon/Logoff		Logon attempt using explicit credentials: Logged on user:  User Name: NETWORK SERVICE  Domain: NT AUTHORITY  Logon ID: (0x0,0x1085764)  Logon GUID: -  User whose credentials were used:  Target User Name: testuser-42  Target Domain: us.ibm.com Target Logon GUID: -  Target Server Name: localhost  Target Server Info: localhost  Caller Process ID: 230588  Source Network Address: -  Source Port: - 	56794
<129>May 26 10:06:53 barracuda.firewall.ibm.lab WF ALER CROSS_SITE_SCRIPTING_IN_URL 179.174.48.208 54682 150.248.134.26 80 security-policy GLOBAL DENY NONE [type="cross-site-scripting" pattern="script-tag" token="<script>"] GET 150.248.134.26/<script>alert(53416)</script> HTTP "-" ""-"" 150.248.134.26 48541 "-" "-"
<13>May 26 10:06:54 microsoft.sec.ibm.lab AgentDevice=WindowsLog	AgentLogFile=Security	Source=Security	Computer=COMP-testuser-84	User=testuser-84	Domain=	EventID=680	EventIDCode=680	EventType=8	EventCategory=9	RecordNumber=605287	TimeGenerated=1495807614	TimeWritten=1495807614	Message=Logon attempt by: MICROSOFT_AUTHENTICATION_PACKAGE_V1_0 Logon account: testuser-84 Source Workstation: COMP-testuser-84 Error Code: 0x0 
<33>May 26 10:06:56 threecom.switch.ibm.lab %May 26 10:06:56 2017 S9500 AAA/2/Serious error!: User testuser-39, in ACM send msg to SC failed! Returns 1 srcID 6 msgType 16384.
<13>May 26 10:06:57 checkpoint.firewall.ibm.lab 26May2017 reject checkpoint.firewall.ibm.lab product: VPN-1 & FireWall-1; src: 212.2.111.4; s_port: 51046; dst: 114.182.187.186; service: 113; proto: tcp; rule: 14;SmartDefense profile: Default_Protection;__policy_id_tag: product=VPN-1 & FireWall-1[db_tag={25E5B8F6-79E7-11DD-941A-C0A832D00C0C};mgmt=fwmngt-wuv;date=1220466957;policy_name=rhino_gbl];has_accounting: 0;i/f_dir: inbound;i/f_name: eth-s2/s1p1c0;rule_uid: {9C96B325-D976-4A30-8685-9ED61018A6E7};service_id: gident;
<182>May 26 10:06:59 apache.httpd.ibm.lab httpd: 79.186.10.120 151.70.172.251 - - [26/May/2017:10:06:59 -0500] "GET / HTTP/1.0" 200 443 9334
<33>May 26 10:07:01 threecom.switch.ibm.lab %May 26 10:07:01 2017 S9500 FTPS/5/USERIN: User testuser-91(79.186.10.120) login succeeded
<27>May 26 10:07:02 ambiron.ipangel.ibm.lab ipangel-ips: [2017-05-26 10:07:02-05] alert [Priority: 9] [119:2:1] [(http_inspect) DOUBLE DECODING ATTACK] 15.83.16.235:53561 TCP 21.3.209.240:80 br0
<129>May 26 10:07:04 barracuda.firewall.ibm.lab WF ALER CROSS_SITE_SCRIPTING_IN_PARAM 54.11.145.63 50955 94.87.74.46 443 security-policy GLOBAL DENY NONE [type="cross-site-scripting" pattern="script-tag" token="<script>" Parameter="url" value="<script>alert(5341)</script>"] GET 94.87.74.46/redirect.asp?url=<script>alert(5341)</script> HTTPS "-" ""-"" 94.87.74.46 59845 "-" "-"
<25>May 26 10:07:05 ambiron.ipangel.ibm.lab ipangel-ips: [2017-05-26 10:07:05-05] alert [Priority: 9] [116:46:1] [(snort_decoder) WARNING: TCP Data Offset is less than 5!] 30.90.182.58:61422 TCP 189.25.88.128:80 br0
<86>May 26 10:07:07 apple.macosx.ibm.lab com.apple.SecurityServer: authinternal authenticated user testuser-77 (uid 103524).
<187>May 26 10:07:08 ['9.9.9.9'] httpd[16986]: [error] [client 30.90.182.58] Invalid URI in request \xf7vMKp`ET&\xa4\x9c\xc9\xec\xd1\xd8j\r\xce\xd9\xd4\xb3\c7
<28>May 26 10:07:10 Message forwarded from aix.ibm.lab: rshd[random_number_1_to_999999]: Failed rsh authentication from 201.150.192.18 for local user root via remote user testuser-33
<190>May 26 10:07:12 arbor.pravail.ibm.lab pravail-aps: Blocked Host: Blocked host 44.111.228.125 at 10:53 by Malformed HTTP Filtering using TCP/80 (HTTP) destination 72.116.159.179 source port 64204,URL: https://arbornetworks.pravail.test.com/chaos/
<14>May 26 10:07:13 Message forwarded from aix.ibm.lab: ftp[random_number_1_to_999999]: ftp: EXPORT user testuser-85, host 120.171.20.155, local test_script.sh, remote test_script.sh.
<54>May 26 10:07:15 SymantecServer symantec.endpoint.ibm.lab: Commercial application detected,Computer name: COMP-1098304,Detection type: Commercial,Application name: DameWare Development DWRCS,Application type: Remote Control,Application version: 5\~ 5\~ 0\~ 0,Hash type: SHA-1,Application hash: 4670d9eeeab7449788be3b18e9364ef0088b900e,Company name: DameWare Development LLC,File size (bytes): 208896,Sensitivity: 0,Detection score: 1,Submission recommendation: 0,Permitted application reason: 0,Source: Heuristic Scan,Risk name:  ,Occurrences: 1,DWMRCS,"DWMRCS",Actual action: Left alone,Requested action: Left alone,Secondary action: Commercial application detection,Event time: 2017-05-26 10:07:15,Inserted: 2017-05-26 10:07:15,End: 2017-05-26 10:07:15,Domain: Default,Group: My Company	est,Server: testbox,User: testuser-66,Source computer:  ,Source IP: 0.0.0.0
<38>May 26 10:07:16 sshd[381349]: Invalid user testuser-7 from 129.171.84.29
<38>May 26 10:07:18 sshd[53314]: Invalid user testuser-8 from 34.140.28.25
<190>May 26 10:07:19 arbor.pravail.ibm.lab pravail-aps: Blocked Host: Blocked host 212.2.111.4 10:53 by TCP Connection Reset using TCP/55736 (Unknown) destination 81.143.149.214 source port 443,URL: https://arbornetworks.pravail.test.com/chaos/
<33>May 26 10:07:21 threecom.switch.ibm.lab %May 26 10:07:21 2017 S9500 FTPS/5/USERIN: User rogueUser-1(33.195.94.29) login succeeded
<157>May 26 10:07:22 microsoft.event.ibm.lab MSWinEventLog	4	Security	60703	Fri May 26 10:07:22 2017	552	Security	NETWORK SERVICE	Well Known Group	Success Audit	rogueUser-2	Logon/Logoff		Logon attempt using explicit credentials: Logged on user:  User Name: NETWORK SERVICE  Domain: NT AUTHORITY  Logon ID: (0x0,0x1115136)  Logon GUID: -  User whose credentials were used:  Target User Name: rogueUser-2  Target Domain: us.ibm.com Target Logon GUID: -  Target Server Name: localhost  Target Server Info: localhost  Caller Process ID: 526976  Source Network Address: -  Source Port: - 	56794
<13>May 26 10:07:24 microsoft.sec.ibm.lab AgentDevice=WindowsLog	AgentLogFile=Security	Source=Security	Computer=COMP-testuser-6	User=testuser-6	Domain=	EventID=672	EventIDCode=672	EventType=8	EventCategory=9	RecordNumber=510970	TimeGenerated=1495807644	TimeWritten=1495807644	Message=Authentication Ticket Request: User Name: testuser-6 Supplied Realm Name: us.ibm.com User ID: %{S-1-2-3-988036} Service Name: krbtgt Service ID: %{S-3-2-1-B2BBC9} Ticket Options: 0x40810010 Result Code: - Ticket Encryption Type: 0x17 Pre-Authentication Type: 2 Client Address: 199.134.146.209 Certificate Issuer Name:  Certificate Serial Number:  Certificate Thumbprint: 
<25>May 26 10:07:26 apple.macosx.ibm.lab DirectoryService[51]: Failed Authentication return is being delayed due to over five recent auth failures for username: rogueUser-5.
<182>May 26 10:07:27 apache.httpd.ibm.lab httpd: 136.38.97.190 109.128.124.197 - - [26/May/2017:10:07:27 -0500] "CONNECT 10.35.79.71:443 HTTP/1.1" 405 443 297
<13>May 26 10:07:29 microsoft.sec.ibm.lab AgentDevice=WindowsLog	AgentLogFile=Security	Source=Security	Computer=COMP-rogueUser-1	User=rogueUser-1	Domain=	EventID=673	EventIDCode=673	EventType=8	EventCategory=9	RecordNumber=698362	TimeGenerated=1495807649	TimeWritten=1495807649	Message=Service Ticket Request:  User Name: rogueUser-1@us.ibm.com User Domain: us.ibm.com Service Name: MAIL$  Service ID: %{S-3-2-1-5E6C49} Ticket Options:  0x40810000   Ticket Encryption Type: 0x17 Client Address: 33.195.94.29 Failure Code: - LogonGUID: {5E6C49-f005ba11-ba5eba11} Transited Services: - 
<54>May 26 10:07:30 SymantecServer symantec.endpoint.ibm.lab: CNC2PSY9D1,Allowed,Sysfer exception: .\RegParamEngine.cpp 1152 Failed to read value DeviceInstance from key \Registry\Machine\SYSTEM\CurrentControlSet\Control\DeviceClasses\{53f56307-b6bf-11d0-94f2-00a0c91efb8b}\##?#IDE#DiskWDC_WD800JD-75MSA3______________________10.01E04#5&,Sysfer exception,Begin: 2017-05-26 10:07:30,End: 2017-05-26 10:07:30,Rule: Sysfer exception,3592,C:/Program Files/Cisco Systems/CSAgent/bin/okclient.exe,0,,,User: testuser-45,Domain: US
<182>May 26 10:07:32 apache.httpd.ibm.lab httpd: 79.186.10.120 103.75.78.9 - - [26/May/2017:10:07:32 -0500] "CONNECT 10.35.79.71:443 HTTP/1.1" 405 443 297
<190>May 26 10:07:33 arbor.pravail.ibm.lab pravail-aps: Blocked Host: Blocked host 79.186.10.120 10:53 by TCP Connection Reset using TCP/53052 (Unknown) destination 134.110.122.24 source port 443,URL: https://arbornetworks.pravail.test.com/chaos/
<13>May 26 10:07:35 microsoft.sec.ibm.lab AgentDevice=WindowsLog	AgentLogFile=Security	Source=Security	Computer=COMP-testuser-96	User=testuser-96	Domain=	EventID=529	EventIDCode=529	EventType=16	EventCategory=2	RecordNumber=508504	TimeGenerated=1495807655	TimeWritten=1495807655	Message=Successful Network Logon: User Name: Domain: Logon ID: (0x0,0x1104601) Logon Type: 3 Logon Process: NtLmSsp Authentication Package: NTLM Workstation Name: COMP-testuser-96 Logon GUID: - Caller User Name: - Caller Domain: - Caller Logon ID: - Caller Process ID: - Transited Services: - Source Network Address: 89.115.108.184 Source Port: 0
<13>May 26 10:07:37 microsoft.sec.ibm.lab AgentDevice=WindowsLog	AgentLogFile=Security	Source=Security	Computer=COMP-testuser-25	User=testuser-25	Domain=	EventID=680	EventIDCode=680	EventType=16	EventCategory=9	RecordNumber=907866	TimeGenerated=1495807657	TimeWritten=1495807657	Message=Logon attempt by: MICROSOFT_AUTHENTICATION_PACKAGE_V1_0 Logon account: testuser-25 Source Workstation: COMP-testuser-25 Error Code: 0x0 
<157>May 26 10:07:38 microsoft.event.ibm.lab MSWinEventLog	4	Security	60703	Fri May 26 10:07:38 2017	552	Security	NETWORK SERVICE	Well Known Group	Success Audit	testuser-72	Logon/Logoff		Logon attempt using explicit credentials: Logged on user:  User Name: NETWORK SERVICE  Domain: NT AUTHORITY  Logon ID: (0x0,0x1092025)  Logon GUID: -  User whose credentials were used:  Target User Name: testuser-72  Target Domain: us.ibm.com Target Logon GUID: -  Target Server Name: localhost  Target Server Info: localhost  Caller Process ID: 275205  Source Network Address: -  Source Port: - 	56794
<129>May 26 10:07:40 barracuda.firewall.ibm.lab WF ALER SLASH_DOT_IN_URL 137.38.197.140 64557 57.20.71.181 443 security-policy GLOBAL DENY NONE ["-"] GET 57.20.71.181/themes/default/css/.htaccess HTTPS "-" ""-"" 57.20.71.181 44428 "-" "-"
<13>May 26 10:07:41 checkpoint.firewall.ibm.lab 26May2017  checkpoint.firewall.ibm.lab product: SmartDefense; src: 56.219.18.103; s_port: ; dst: 26.161.169.44; service: ; proto: udp; rule: ;Attack Info: Bad domain format, illegal ASCII value in domain;Suppressed logs: 1;Total logs: 2;__policy_id_tag: product=VPN-1 & FireWall-1[db_tag={9B20E8EA-7DE6-11DD-B7D6-C0A832D11E1E};mgmt=fwmngt-zentral;date=1220906528;policy_name=Vulpine_gbl];alert: alert;attack: Invalid DNS;has_accounting: 0;i/f_dir: inbound;
<13>May 26 10:07:43 checkpoint.firewall.ibm.lab 26May2017 reject checkpoint.firewall.ibm.lab product: VPN-1 & FireWall-1; src: 120.171.20.155; s_port: 59283; dst: 82.113.22.167; service: 113; proto: tcp; rule: 14;SmartDefense profile: Default_Protection;__policy_id_tag: product=VPN-1 & FireWall-1[db_tag={25E5B8F6-79E7-11DD-941A-C0A832D00C0C};mgmt=fwmngt-wuv;date=1220466957;policy_name=rhino_gbl];has_accounting: 0;i/f_dir: inbound;i/f_name: eth-s2/s1p1c0;rule_uid: {9C96B325-D976-4A30-8685-9ED61018A6E7};service_id: gident;
<189>May 26 10:07:44 ['9.9.9.9'] authmgr[504]: <NOTI> login <00:1c:bf:ca:2b:98  79.186.10.120 testuser-46>method=802.1x, server=TEST001, role=Authenticated Update(status 0 method 0 role 16), reauth=1800 sec
<13>May 26 10:07:46 microsoft.sec.ibm.lab AgentDevice=WindowsLog	AgentLogFile=Security	Source=Security	Computer=COMP-testuser-35	User=testuser-35	Domain=	EventID=529	EventIDCode=529	EventType=16	EventCategory=2	RecordNumber=247345	TimeGenerated=1495807666	TimeWritten=1495807666	Message=Successful Network Logon: User Name: Domain: Logon ID: (0x0,0x1089936) Logon Type: 3 Logon Process: NtLmSsp Authentication Package: NTLM Workstation Name: COMP-testuser-35 Logon GUID: - Caller User Name: - Caller Domain: - Caller Logon ID: - Caller Process ID: - Transited Services: - Source Network Address: 80.197.112.39 Source Port: 0
<33>May 26 10:07:48 threecom.switch.ibm.lab %May 26 10:07:48 2017 S9500 RTA/3/Failed to start accounting: Failed to start traffic accounting for user 128.234.158.118 on board 6
<13>May 26 10:07:49 microsoft.sec.ibm.lab AgentDevice=WindowsLog	AgentLogFile=Security	Source=Security	Computer=COMP-testuser-55	User=testuser-55	Domain=	EventID=680	EventIDCode=680	EventType=8	EventCategory=9	RecordNumber=649822	TimeGenerated=1495807669	TimeWritten=1495807669	Message=Logon attempt by: MICROSOFT_AUTHENTICATION_PACKAGE_V1_0 Logon account: testuser-55 Source Workstation: COMP-testuser-55 Error Code: 0x0 
<38>May 26 10:07:51 sshd[random_number_1_to_999999]: Accepted publickey for testuser-11 from 132.146.155.198 port 50477 ssh2
<190>May 26 10:07:52 arbor.pravail.ibm.lab pravail-aps: Blocked Host: Blocked host 167.227.124.53 10:53 by TCP Connection Reset using TCP/54931 (Unknown) destination 104.195.27.143 source port 443,URL: https://arbornetworks.pravail.test.com/chaos/
<13>May 26 10:07:54 checkpoint.firewall.ibm.lab 26May2017  checkpoint.firewall.ibm.lab product: martDefense; src: 113.146.67.20; s_port: ; dst: 14.220.17.42; service: ; proto: udp; rule: ;Attack Info: Response packet too long, potential buffer overflow;Suppressed logs: 5;Total logs: 6;__policy_id_tag: product=VPN-1 & FireWall-1[db_tag={321A4EE6-7DEA-11DD-BFAA-C0A832822626};mgmt=fwmngt05;date=1220908070;policy_name=KillerWhale_gbl];alert: alert;attack: Invalid DNS;has_accounting: 0;i/f_dir: inbound;
<25>May 26 10:07:55 ambiron.ipangel.ibm.lab ipangel-ips: [2017-05-26 10:07:55-05] alert [Priority: 9] [116:46:1] [(snort_decoder) WARNING: TCP Data Offset is less than 5!] 120.171.20.155:59763 TCP 147.70.168.177:80 br0
<33>May 26 10:07:57 threecom.switch.ibm.lab %May 26 10:07:57 2017 S9500 VTY/5/VTY_LOG:  TELNET user failed to login from 15.83.16.235(000D-88F6-60E0) on VTY0.
<26>May 26 10:07:58 ambiron.ipangel.ibm.lab ipangel-ips: [2017-05-26 10:07:58-05] alert [Priority: 9] [119:14:1] [(http_inspect) NON-RFC DEFINED CHAR] 15.83.16.235:56585 TCP 62.118.58.93:80 br0
<182>May 26 10:08:00 apache.httpd.ibm.lab httpd: 33.195.94.29 137.57.212.98 - - [26/May/2017:10:08:00 -0500] "ABCD / HTTP/1.1" 501 443 297
<27>May 26 10:08:02 ambiron.ipangel.ibm.lab ipangel-ips: [2017-05-26 10:08:02-05] alert [Priority: 9] [119:2:1] [(http_inspect) DOUBLE DECODING ATTACK] 179.174.48.208:64396 TCP 215.59.108.91:80 br0
<182>May 26 10:08:03 apache.httpd.ibm.lab httpd: 30.90.182.58 199.237.129.127 - - [26/May/2017:10:08:03 -0500] "HEAD / HTTP/1.1" 200 443 -
<13>May 26 10:08:05 microsoft.sec.ibm.lab AgentDevice=WindowsLog	AgentLogFile=Security	Source=Security	Computer=COMP-testuser-38	User=testuser-38	Domain=	EventID=672	EventIDCode=672	EventType=16	EventCategory=9	RecordNumber=655203	TimeGenerated=1495807685	TimeWritten=1495807685	Message=Authentication Ticket Request: User Name: testuser-38 Supplied Realm Name: us.ibm.com User ID: %{S-1-2-3-1096209} Service Name: krbtgt Service ID: %{S-3-2-1-FF0526} Ticket Options: 0x40810010 Result Code: - Ticket Encryption Type: 0x17 Pre-Authentication Type: 2 Client Address: 173.174.174.158 Certificate Issuer Name:  Certificate Serial Number:  Certificate Thumbprint: 
<190>May 26 10:08:06 arbor.pravail.ibm.lab pravail-aps: Blocked Host: Blocked host 15.83.16.235 at 10:53 by Malformed HTTP Filtering using TCP/80 (HTTP) destination 44.170.72.2 source port 55676,URL: https://arbornetworks.pravail.test.com/chaos/
<129>May 26 10:08:08 barracuda.firewall.ibm.lab WF ALER CROSS_SITE_SCRIPTING_IN_PARAM 201.150.192.18 57373 216.93.31.80 443 security-policy GLOBAL DENY NONE [type="cross-site-scripting" pattern="script-tag" token="<script>" Parameter="url" value="<script>alert(5341)</script>"] GET 216.93.31.80/redirect.asp?url=<script>alert(5341)</script> HTTPS "-" ""-"" 216.93.31.80 59845 "-" "-"
<187>May 26 10:08:09 ['9.9.9.9'] httpd[16986]: [error] [client 154.102.244.170] Invalid URI in request \xf7vMKp`ET&\xa4\x9c\xc9\xec\xd1\xd8j\r\xce\xd9\xd4\xb3\c7
<190>May 26 10:08:11 arbor.pravail.ibm.lab pravail-aps: Blocked Host: Blocked host 125.83.117.185 at 10:52 by Invalid Packets using TCP/0 (Unknown) destination 31.147.18.68,URL: https://arbornetworks.pravail.test.com/chaos/
<187>May 26 10:08:13 ['9.9.9.9'] httpd[16986]: [error] [client 99.123.52.13] Invalid URI in request \xf7vMKp`ET&\xa4\x9c\xc9\xec\xd1\xd8j\r\xce\xd9\xd4\xb3\c7
<190>May 26 10:08:14 arbor.pravail.ibm.lab pravail-aps: Blocked Host: Blocked host 136.38.97.190 at 10:53 by Malformed HTTP Filtering using TCP/80 (HTTP) destination 205.102.213.108 source port 58186,URL: https://arbornetworks.pravail.test.com/chaos/
<38>May 26 10:08:16 sshd[662859]: Failed keyboard-interactive for invalid user testuser-54 from 218.111.178.29 port 60846 ssh2
<190>May 26 10:08:17 arbor.pravail.ibm.lab pravail-aps: Blocked Host: Blocked host 56.219.18.103 10:53 by TCP Connection Reset using TCP/54302 (Unknown) destination 76.139.29.104 source port 443,URL: https://arbornetworks.pravail.test.com/chaos/
<133>May 26 10:08:19 microsoft.event.ibm.lab MSWinEventLog 1 Security 102757633 Fri May 26 10:08:19 2017 4907 Microsoft-Windows-Security-Auditing N/A N/A Success Audit testuser-30 Audit Policy Change Auditing settings on object were changed. Subject: Security ID: S-1-5-18 Account Name: testuser-30 Account Domain: us.ibm.com Logon ID: 0x1079521 Object: Object Server: Security Object Type: File Object Name: \Windows\winsxs\test.wav Handle ID: 0x3a8 Process Information: Process ID: 0x46B0C8 Process Name: C:\Windows\System32\wbengine.exe Auditing Settings: Original Security Descriptor: S:AI(AU;A;;WD) New Security Descriptor: S:ARAI(AU;SAFA;;;;WD)(AU;IDFA;B;;;WD) 702312
