<39>May 26 09:01:16 Message forwarded from aix.ibm.lab: rogueUser-4 PAM: pam_authenticate: error Authentication failed
<33>May 26 09:01:18 threecom.switch.ibm.lab %May 26 09:01:18 2017 S9500 RTA/3/Failed to start accounting: Failed to start traffic accounting for user 202.207.224.25 on board 6
<33>May 26 09:01:19 threecom.switch.ibm.lab %May 26 09:01:19 2017 S9500 RTA/3/Failed to get user traffic: Failed to get traffic of user 201.150.192.18 on board 6
<13>May 26 09:01:21 checkpoint.firewall.ibm.lab 26May2017  checkpoint.firewall.ibm.lab product: SmartDefense; src: 189.6.147.68; s_port: ; dst: 197.30.203.101; service: ; proto: icmp; rule: ;Attack Info: Echo request too big;Suppressed logs: 1;Total logs: 2;__policy_id_tag: product=VPN-1 & FireWall-1[db_tag={B5A7057E-7F61-11DD-AA43-C0A832D12424};mgmt=fwmngt-zentral;date=1221069352;policy_name=Spider_gbl];alert: alert;attack: Large ping;has_accounting: 0;i/f_dir: inbound;
<179>May 26 09:01:22 apache.httpd.ibm.lab httpd[5570]: [ID 702911 local6.error] [error] [client 79.186.10.120] Certificate Verification: Error (10): certificate has expired
<129>May 26 09:01:24 barracuda.firewall.ibm.lab WF ALER SLASH_DOT_IN_URL 189.6.147.68 52647 20.29.2.164 443 security-policy GLOBAL DENY NONE ["-"] GET 20.29.2.164/themes/default/css/.htaccess HTTPS "-" ""-"" 20.29.2.164 44428 "-" "-"
<190>May 26 09:01:26 arbor.pravail.ibm.lab pravail-aps: Blocked Host: Blocked host 56.219.18.103 at 10:53 by Malformed HTTP Filtering using TCP/80 (HTTP) destination 186.141.136.101 source port 60515,URL: https://arbornetworks.pravail.test.com/chaos/
<27>May 26 09:01:27 ambiron.ipangel.ibm.lab ipangel-ips: [2017-05-26 09:01:27-05] alert [Priority: 9] [119:2:1] [(http_inspect) DOUBLE DECODING ATTACK] 56.219.18.103:65525 TCP 158.250.186.111:80 br0
<54>May 26 09:01:29 SymantecServer symantec.endpoint.ibm.lab: CNC2PSY9D1,Allowed,Sysfer exception: .\RegParamEngine.cpp 1152 Failed to read value DeviceInstance from key \Registry\Machine\SYSTEM\CurrentControlSet\Control\DeviceClasses\{53f56307-b6bf-11d0-94f2-00a0c91efb8b}\##?#IDE#DiskWDC_WD800JD-75MSA3______________________10.01E04#5&,Sysfer exception,Begin: 2017-05-26 09:01:29,End: 2017-05-26 09:01:29,Rule: Sysfer exception,3592,C:/Program Files/Cisco Systems/CSAgent/bin/okclient.exe,0,,,User: testuser-92,Domain: US
<13>May 26 09:01:30 microsoft.sec.ibm.lab AgentDevice=WindowsLog	AgentLogFile=Security	Source=Security	Computer=COMP-testuser-32	User=testuser-32	Domain=	EventID=540	EventIDCode=540	EventType=8	EventCategory=2	RecordNumber=100585	TimeGenerated=1495803690	TimeWritten=1495803690	Message=Successful Network Logon: User Name: Domain: Logon ID: (0x0,0x1083681) Logon Type: 3 Logon Process: NtLmSsp Authentication Package: NTLM Workstation Name: COMP-testuser-32 Logon GUID: - Caller User Name: - Caller Domain: - Caller Logon ID: - Caller Process ID: - Transited Services: - Source Network Address: 125.83.117.185 Source Port: 0
<13>May 26 09:01:32 checkpoint.firewall.ibm.lab 26May2017 reject checkpoint.firewall.ibm.lab product: VPN-1 & FireWall-1; src: 15.83.16.235; s_port: 51047; dst: 61.198.243.156; service: 113; proto: tcp; rule: 14;SmartDefense profile: Default_Protection;__policy_id_tag: product=VPN-1 & FireWall-1[db_tag={25E5B8F6-79E7-11DD-941A-C0A832D00C0C};mgmt=fwmngt-wuv;date=1220466957;policy_name=rhino_gbl];has_accounting: 0;i/f_dir: inbound;i/f_name: eth-s2/s1p1c0;rule_uid: {9C96B325-D976-4A30-8685-9ED61018A6E7};service_id: gident;
<13>May 26 09:01:33 microsoft.sec.ibm.lab AgentDevice=WindowsLog	AgentLogFile=Security	Source=Security	Computer=COMP-testuser-37	User=testuser-37	Domain=	EventID=529	EventIDCode=529	EventType=16	EventCategory=2	RecordNumber=5775	TimeGenerated=1495803693	TimeWritten=1495803693	Message=Successful Network Logon: User Name: Domain: Logon ID: (0x0,0x1094116) Logon Type: 3 Logon Process: NtLmSsp Authentication Package: NTLM Workstation Name: COMP-testuser-37 Logon GUID: - Caller User Name: - Caller Domain: - Caller Logon ID: - Caller Process ID: - Transited Services: - Source Network Address: 79.186.10.120 Source Port: 0
<13>May 26 09:01:35 checkpoint.firewall.ibm.lab 26May2017  checkpoint.firewall.ibm.lab product: SmartDefense; src: 212.2.111.4; s_port: ; dst: 132.127.8.249; service: ; proto: icmp; rule: ;Attack Info: Echo request too big;Suppressed logs: 1;Total logs: 2;__policy_id_tag: product=VPN-1 & FireWall-1[db_tag={B5A7057E-7F61-11DD-AA43-C0A832D12424};mgmt=fwmngt-zentral;date=1221069352;policy_name=Spider_gbl];alert: alert;attack: Large ping;has_accounting: 0;i/f_dir: inbound;
<27>May 26 09:01:37 ambiron.ipangel.ibm.lab ipangel-ips: [2017-05-26 09:01:37-05] alert [Priority: 9] [119:2:1] [(http_inspect) DOUBLE DECODING ATTACK] 201.150.192.18:65170 TCP 152.123.12.248:80 br0
<25>May 26 09:01:38 ambiron.ipangel.ibm.lab ipangel-ips: [2017-05-26 09:01:38-05] alert [Priority: 9] [116:46:1] [(snort_decoder) WARNING: TCP Data Offset is less than 5!] 218.111.178.29:54630 TCP 188.58.152.81:80 br0
<187>May 26 09:01:40 ['9.9.9.9'] httpd[16986]: [error] [client 212.2.111.4] Invalid URI in request \xf7vMKp`ET&\xa4\x9c\xc9\xec\xd1\xd8j\r\xce\xd9\xd4\xb3\c7
<190>May 26 09:01:41 arbor.pravail.ibm.lab pravail-aps: Blocked Host: Blocked host 136.38.97.190 at 10:53 by Malformed HTTP Filtering using TCP/80 (HTTP) destination 8.64.81.188 source port 56535,URL: https://arbornetworks.pravail.test.com/chaos/
<129>May 26 09:01:43 barracuda.firewall.ibm.lab WF ALER METHOD_NOT_ALLOWED 136.38.97.190 61310 3.29.111.131 80 security-policy GLOBAL DENY NONE [Method="ABCD"] ABCD 3.29.111.131/ HTTP "-" ""-"" 3.29.111.131 48536 "-" "-"
<25>May 26 09:01:44 ambiron.ipangel.ibm.lab ipangel-ips: [2017-05-26 09:01:44-05] alert [Priority: 9] [116:46:1] [(snort_decoder) WARNING: TCP Data Offset is less than 5!] 128.234.158.118:58242 TCP 48.152.62.191:80 br0
<38>May 26 09:01:46 Message forwarded from aix.ibm.lab: syslog: pts/2: failed login attempt for testuser-66 from 30.90.182.58
<26>May 26 09:01:48 ambiron.ipangel.ibm.lab ipangel-ips: [2017-05-26 09:01:48-05] alert [Priority: 9] [119:14:1] [(http_inspect) NON-RFC DEFINED CHAR] 218.111.178.29:57189 TCP 132.13.29.71:80 br0
<86>May 26 09:01:49 apple.macosx.ibm.lab sshd[5590]: Failed password for invalid user testuser-54 from 165.242.115.219 port 59791 ssh2
<187>May 26 09:01:51 ['9.9.9.9'] httpd[16986]: [error] [client 56.219.18.103] Invalid URI in request \xf7vMKp`ET&\xa4\x9c\xc9\xec\xd1\xd8j\r\xce\xd9\xd4\xb3\c7
<129>May 26 09:01:52 barracuda.firewall.ibm.lab WF ALER METHOD_NOT_ALLOWED 56.219.18.103 55173 171.104.229.115 80 security-policy GLOBAL DENY NONE [Method="ABCD"] ABCD 171.104.229.115/ HTTP "-" ""-"" 171.104.229.115 48536 "-" "-"
<129>May 26 09:01:54 barracuda.firewall.ibm.lab WF ALER CROSS_SITE_SCRIPTING_IN_URL 218.111.178.29 65242 139.23.70.249 80 security-policy GLOBAL DENY NONE [type="cross-site-scripting" pattern="script-tag" token="<script>"] GET 139.23.70.249/<script>alert(53416)</script> HTTP "-" ""-"" 139.23.70.249 48541 "-" "-"
<54>May 26 09:01:55 SymantecServer symantec.endpoint.ibm.lab: DCA-EMAPROJ2,Allowed,"C:\Program Files\Common Files\Symantec Shared\ccSvcHst.exe",,Begin: 2017-05-26 09:01:55,End:2017-05-26 09:01:55,Rule: ,2528,C:/Program Files/Microsoft Virtual Server/vmh.exe,0,,C:/ProgramFiles/Common Files/Symantec Shared/ccSvcHst.exe,User: testuser-73,Domain: US
<189>May 26 09:01:57 ['9.9.9.9'] authmgr[504]: <NOTI> login <00:1c:bf:ca:2b:98  212.2.111.4 testuser-68>method=802.1x, server=TEST001, role=Authenticated Update(status 0 method 0 role 16), reauth=1800 sec
<33>May 26 09:01:58 threecom.switch.ibm.lab %May 26 09:01:58 2017 S9500 AAA/2/Serious error!: User testuser-60, in ACM send msg to SC failed! Returns 1 srcID 6 msgType 16384.
<189>May 26 09:02:00 ['9.9.9.9'] authmgr[504]: <NOTI> login <00:1c:bf:ca:2b:98  120.171.20.155 testuser-67>method=802.1x, server=TEST001, role=Authenticated Update(status 0 method 0 role 16), reauth=1800 sec
<25>May 26 09:02:02 ambiron.ipangel.ibm.lab ipangel-ips: [2017-05-26 09:02:02-05] alert [Priority: 9] [116:46:1] [(snort_decoder) WARNING: TCP Data Offset is less than 5!] 125.83.117.185:64855 TCP 195.251.211.191:80 br0
<33>May 26 09:02:03 threecom.switch.ibm.lab %May 26 09:02:03 2017 S9500 RTA/3/Failed to get user traffic: Failed to get traffic of user 165.11.95.213 on board 6
<190>May 26 09:02:05 arbor.pravail.ibm.lab pravail-aps: Blocked Host: Blocked host 212.2.111.4 at 10:53 by Malformed HTTP Filtering using TCP/80 (HTTP) destination 221.144.196.203 source port 52543,URL: https://arbornetworks.pravail.test.com/chaos/
<38>May 26 09:02:06 sshd[907957]: Failed password for invalid user testuser-45 from 218.111.178.29 port 55283 ssh2
<54>May 26 09:02:08 SymantecServer symantec.endpoint.ibm.lab: Security risk found,Computer name: COMP-1089936,Source: Scheduled Scan,Risk name: VirusDoctor,Occurrences: 1,c:/System Volume Information/_restore{A3F5C2A3-F289-4356-B021-1FEFEFB73CBD}/RP243/A0070465.exe,"",Actual action: Quarantined,Requested action: Quarantined,Secondary action: Left alone,Event time: 2017-05-26 09:02:08,Inserted:2017-05-26 09:02:08,End: 2017-05-26 09:02:08,Domain: Default,Group: My Company	est,Server: avp1,User: testuser-26,Source computer:  ,Source IP: 0.0.0.0
<54>May 26 09:02:09 SymantecServer symantec.endpoint.ibm.lab: Potential risk found,Computer name: COMP-1113025,Detection type: Heuristic,Application name: (Unknown),Application type: Trojan Worm,Application version: ,Hash type: SHA-1,Application hash: 72c874f212a18944ff56f774bfe7252346b93f8e,Company name: ,File size (bytes): 301568,Sensitivity: 0,Detection score: 40,Submission recommendation:1,Permitted application reason: 0,Source: Heuristic Scan,Risk name: ,Occurrences: 1,c:\claims\claims32.exe,"",Actual action: Left alone,Requested action: Left alone,Secondary action: Left alone,Event time: 2017-05-26 09:02:09,Inserted:2017-05-26 09:02:09,End:  2017-05-26 09:02:09,Domain: Default,Group: My Company\LTC\Desktops,Server: crasesssmc01,User: rogueUser-1,Source computer: ,Source IP: 0.0.0.0
<13>May 26 09:02:11 checkpoint.firewall.ibm.lab 26May2017 reject checkpoint.firewall.ibm.lab product: VPN-1 & FireWall-1; src: 137.38.197.140; s_port: 59630; dst: 119.149.124.247; service: 113; proto: tcp; rule: 14;SmartDefense profile: Default_Protection;__policy_id_tag: product=VPN-1 & FireWall-1[db_tag={25E5B8F6-79E7-11DD-941A-C0A832D00C0C};mgmt=fwmngt-wuv;date=1220466957;policy_name=rhino_gbl];has_accounting: 0;i/f_dir: inbound;i/f_name: eth-s2/s1p1c0;rule_uid: {9C96B325-D976-4A30-8685-9ED61018A6E7};service_id: gident;
<129>May 26 09:02:13 barracuda.firewall.ibm.lab WF ALER METACHARACTER_IN_PARAMETER 79.186.10.120 52030 222.186.228.69 443 security-policy GLOBAL DENY NONE [token="%00 " Parameter="article" value="../../../../../../../../etc/passwd"] GET 222.186.228.69/talkback.cgi?article=../../../../../../../../etc/passwd%00&action=view&matchview=1 HTTPS "-" ""-"" 222.186.228.69 52030 "-" "-"
<129>May 26 09:02:14 barracuda.firewall.ibm.lab WF ALER SLASH_DOT_IN_URL 33.195.94.29 60460 170.60.100.153 443 security-policy GLOBAL DENY NONE ["-"] GET 170.60.100.153/themes/default/css/.htaccess HTTPS "-" ""-"" 170.60.100.153 44428 "-" "-"
<38>May 26 09:02:16 sshd[75470]: Failed password for invalid user testuser-2 from 31.30.73.93 port 52954 ssh2
<157>May 26 09:02:17 microsoft.event.ibm.lab MSWinEventLog	4	Security	60703	Fri May 26 09:02:17 2017	552	Security	NETWORK SERVICE	Well Known Group	Success Audit	testuser-31	Logon/Logoff		Logon attempt using explicit credentials: Logged on user:  User Name: NETWORK SERVICE  Domain: NT AUTHORITY  Logon ID: (0x0,0x1081600)  Logon GUID: -  User whose credentials were used:  Target User Name: testuser-31  Target Domain: us.ibm.com Target Logon GUID: -  Target Server Name: localhost  Target Server Info: localhost  Caller Process ID: 13149  Source Network Address: -  Source Port: - 	56794
<38>May 26 09:02:19 sshd[455425]: Disconnecting: Too many authentication failures for testuser-12
<133>May 26 09:02:20 microsoft.event.ibm.lab MSWinEventLog 1 Security 102757633 Fri May 26 09:02:20 2017 4907 Microsoft-Windows-Security-Auditing N/A N/A Success Audit testuser-7 Audit Policy Change Auditing settings on object were changed. Subject: Security ID: S-1-5-18 Account Name: testuser-7 Account Domain: us.ibm.com Logon ID: 0x990025 Object: Object Server: Security Object Type: File Object Name: \Windows\winsxs\test.wav Handle ID: 0x3a8 Process Information: Process ID: 0x762D32 Process Name: C:\Windows\System32\wbengine.exe Auditing Settings: Original Security Descriptor: S:AI(AU;A;;WD) New Security Descriptor: S:ARAI(AU;SAFA;;;;WD)(AU;IDFA;B;;;WD) 361634
<54>May 26 09:02:22 SymantecServer symantec.endpoint.ibm.lab: CNC2PSY9D1,Allowed,Sysfer exception: .\RegParamEngine.cpp 1152 Failed to read value DeviceInstance from key \Registry\Machine\SYSTEM\CurrentControlSet\Control\DeviceClasses\{53f56307-b6bf-11d0-94f2-00a0c91efb8b}\##?#IDE#DiskWDC_WD800JD-75MSA3______________________10.01E04#5&,Sysfer exception,Begin: 2017-05-26 09:02:22,End: 2017-05-26 09:02:22,Rule: Sysfer exception,3592,C:/Program Files/Cisco Systems/CSAgent/bin/okclient.exe,0,,,User: testuser-1,Domain: US
<190>May 26 09:02:24 arbor.pravail.ibm.lab pravail-aps: Blocked Host: Blocked host 20.135.51.253 at 10:52 by Invalid Packets using TCP/0 (Unknown) destination 214.145.20.105,URL: https://arbornetworks.pravail.test.com/chaos/
<27>May 26 09:02:25 ambiron.ipangel.ibm.lab ipangel-ips: [2017-05-26 09:02:25-05] alert [Priority: 9] [119:2:1] [(http_inspect) DOUBLE DECODING ATTACK] 56.219.18.103:53068 TCP 202.27.132.219:80 br0
<190>May 26 09:02:27 arbor.pravail.ibm.lab pravail-aps: Blocked Host: Blocked host 79.186.10.120 at 10:52 by Invalid Packets using TCP/0 (Unknown) destination 213.202.198.1,URL: https://arbornetworks.pravail.test.com/chaos/
<189>May 26 09:02:28 ['9.9.9.9'] authmgr[504]: <NOTI> login <00:1c:bf:ca:2b:98  128.234.158.118 rogueUser-4>method=802.1x, server=TEST001, role=Authenticated Update(status 0 method 0 role 16), reauth=1800 sec
<13>May 26 09:02:30 microsoft.sec.ibm.lab AgentDevice=WindowsLog	AgentLogFile=Security	Source=Security	Computer=COMP-testuser-35	User=testuser-35	Domain=	EventID=672	EventIDCode=672	EventType=8	EventCategory=9	RecordNumber=144204	TimeGenerated=1495803750	TimeWritten=1495803750	Message=Authentication Ticket Request: User Name: testuser-35 Supplied Realm Name: us.ibm.com User ID: %{S-1-2-3-1089936} Service Name: krbtgt Service ID: %{S-3-2-1-42F505} Ticket Options: 0x40810010 Result Code: - Ticket Encryption Type: 0x17 Pre-Authentication Type: 2 Client Address: 136.38.97.190 Certificate Issuer Name:  Certificate Serial Number:  Certificate Thumbprint: 
<38>May 26 09:02:31 sshd[215409]: Failed keyboard-interactive for invalid user testuser-38 from 165.11.95.213 port 55236 ssh2
<189>May 26 09:02:33 ['9.9.9.9'] authmgr[504]: <NOTI> login <00:1c:bf:ca:2b:98  202.207.224.25 testuser-30>method=802.1x, server=TEST001, role=Authenticated Update(status 0 method 0 role 16), reauth=1800 sec
<182>May 26 09:02:34 apache.httpd.ibm.lab httpd: 56.219.18.103 160.236.136.111 - - [26/May/2017:09:02:34 -0500] "HEAD / HTTP/1.1" 200 443 -
<190>May 26 09:02:36 arbor.pravail.ibm.lab pravail-aps: Blocked Host: Blocked host 9.135.38.229 10:53 by TCP Connection Reset using TCP/65123 (Unknown) destination 182.52.127.118 source port 443,URL: https://arbornetworks.pravail.test.com/chaos/
<13>May 26 09:02:38 checkpoint.firewall.ibm.lab 26May2017  checkpoint.firewall.ibm.lab product: SmartDefense; src: 218.111.178.29; s_port: ; dst: 65.100.242.225; service: ; proto: udp; rule: ;Attack Info: Bad domain format, illegal ASCII value in domain;Suppressed logs: 1;Total logs: 2;__policy_id_tag: product=VPN-1 & FireWall-1[db_tag={9B20E8EA-7DE6-11DD-B7D6-C0A832D11E1E};mgmt=fwmngt-zentral;date=1220906528;policy_name=Vulpine_gbl];alert: alert;attack: Invalid DNS;has_accounting: 0;i/f_dir: inbound;
<129>May 26 09:02:39 barracuda.firewall.ibm.lab WF ALER METHOD_NOT_ALLOWED 79.186.10.120 62708 29.177.144.232 80 security-policy GLOBAL DENY NONE [Method="ABCD"] ABCD 29.177.144.232/ HTTP "-" ""-"" 29.177.144.232 48536 "-" "-"
<13>May 26 09:02:41 microsoft.sec.ibm.lab AgentDevice=WindowsLog	AgentLogFile=Security	Source=Security	Computer=COMP-testuser-60	User=testuser-60	Domain=	EventID=680	EventIDCode=680	EventType=8	EventCategory=9	RecordNumber=991029	TimeGenerated=1495803761	TimeWritten=1495803761	Message=Logon attempt by: MICROSOFT_AUTHENTICATION_PACKAGE_V1_0 Logon account: testuser-60 Source Workstation: COMP-testuser-60 Error Code: 0x0 
<133>May 26 09:02:42 microsoft.event.ibm.lab MSWinEventLog 1 Security 102757633 Fri May 26 09:02:42 2017 4907 Microsoft-Windows-Security-Auditing N/A N/A Success Audit testuser-88 Audit Policy Change Auditing settings on object were changed. Subject: Security ID: S-1-5-18 Account Name: testuser-88 Account Domain: us.ibm.com Logon ID: 0x1106704 Object: Object Server: Security Object Type: File Object Name: \Windows\winsxs\test.wav Handle ID: 0x3a8 Process Information: Process ID: 0xE945DE Process Name: C:\Windows\System32\wbengine.exe Auditing Settings: Original Security Descriptor: S:AI(AU;A;;WD) New Security Descriptor: S:ARAI(AU;SAFA;;;;WD)(AU;IDFA;B;;;WD) 843296
<189>May 26 09:02:44 ['9.9.9.9'] authmgr[504]: <NOTI> login <00:1c:bf:ca:2b:98  154.102.244.170 testuser-99>method=802.1x, server=TEST001, role=Authenticated Update(status 0 method 0 role 16), reauth=1800 sec
<129>May 26 09:02:45 barracuda.firewall.ibm.lab WF ALER METHOD_NOT_ALLOWED 120.171.20.155 59165 104.159.144.232 80 security-policy GLOBAL DENY NONE [Method="ABCD"] ABCD 104.159.144.232/ HTTP "-" ""-"" 104.159.144.232 48536 "-" "-"
<182>May 26 09:02:47 apache.httpd.ibm.lab httpd: 147.198.103.40 6.157.227.66 - - [26/May/2017:09:02:47 -0500] "POST /test.php?doing_test=123 HTTP/1.0" 404 80 282
<54>May 26 09:02:49 SymantecServer symantec.endpoint.ibm.lab: Security risk found,Computer name: COMP-1104601,Source: Scheduled Scan,Risk name: VirusDoctor,Occurrences: 1,c:/System Volume Information/_restore{A3F5C2A3-F289-4356-B021-1FEFEFB73CBD}/RP243/A0070465.exe,"",Actual action: Quarantined,Requested action: Quarantined,Secondary action: Left alone,Event time: 2017-05-26 09:02:49,Inserted:2017-05-26 09:02:49,End: 2017-05-26 09:02:49,Domain: Default,Group: My Company	est,Server: avp1,User: testuser-87,Source computer:  ,Source IP: 0.0.0.0
<54>May 26 09:02:50 SymantecServer symantec.endpoint.ibm.lab: Potential risk found,Computer name: COMP-1115136,Detection type: Heuristic,Application name: (Unknown),Application type: Trojan Worm,Application version: ,Hash type: SHA-1,Application hash: 72c874f212a18944ff56f774bfe7252346b93f8e,Company name: ,File size (bytes): 301568,Sensitivity: 0,Detection score: 40,Submission recommendation:1,Permitted application reason: 0,Source: Heuristic Scan,Risk name: ,Occurrences: 1,c:\claims\claims32.exe,"",Actual action: Left alone,Requested action: Left alone,Secondary action: Left alone,Event time: 2017-05-26 09:02:50,Inserted:2017-05-26 09:02:50,End:  2017-05-26 09:02:50,Domain: Default,Group: My Company\LTC\Desktops,Server: crasesssmc01,User: rogueUser-2,Source computer: ,Source IP: 0.0.0.0
<25>May 26 09:02:52 ambiron.ipangel.ibm.lab ipangel-ips: [2017-05-26 09:02:52-05] alert [Priority: 9] [116:46:1] [(snort_decoder) WARNING: TCP Data Offset is less than 5!] 218.111.178.29:52264 TCP 171.218.14.243:80 br0
<27>May 26 09:02:53 ambiron.ipangel.ibm.lab ipangel-ips: [2017-05-26 09:02:53-05] alert [Priority: 9] [119:2:1] [(http_inspect) DOUBLE DECODING ATTACK] 120.171.20.155:61859 TCP 165.228.70.68:80 br0
<38>May 26 09:02:55 sshd[285221]: Invalid user testuser-38 from 165.11.95.213
<182>May 26 09:02:56 apache.httpd.ibm.lab httpd: 189.6.147.68 72.45.111.225 - - [26/May/2017:09:02:56 -0500] "GET /<script>alert(53416)</script> HTTP/1.1" 404 443 320
<27>May 26 09:02:58 ambiron.ipangel.ibm.lab ipangel-ips: [2017-05-26 09:02:58-05] alert [Priority: 9] [119:2:1] [(http_inspect) DOUBLE DECODING ATTACK] 165.11.95.213:55795 TCP 189.165.190.164:80 br0
<13>May 26 09:03:00 checkpoint.firewall.ibm.lab 26May2017  checkpoint.firewall.ibm.lab product: SmartDefense; src: 132.146.155.198; s_port: ; dst: 86.64.78.22; service: ; proto: udp; rule: ;Attack Info: Bad domain format, illegal ASCII value in domain;Suppressed logs: 1;Total logs: 2;__policy_id_tag: product=VPN-1 & FireWall-1[db_tag={9B20E8EA-7DE6-11DD-B7D6-C0A832D11E1E};mgmt=fwmngt-zentral;date=1220906528;policy_name=Vulpine_gbl];alert: alert;attack: Invalid DNS;has_accounting: 0;i/f_dir: inbound;
<133>May 26 09:03:01 microsoft.event.ibm.lab MSWinEventLog 1 Security 102757633 Fri May 26 09:03:01 2017 4907 Microsoft-Windows-Security-Auditing N/A N/A Success Audit testuser-95 Audit Policy Change Auditing settings on object were changed. Subject: Security ID: S-1-5-18 Account Name: testuser-95 Account Domain: us.ibm.com Logon ID: 0x1102500 Object: Object Server: Security Object Type: File Object Name: \Windows\winsxs\test.wav Handle ID: 0x3a8 Process Information: Process ID: 0xF36BB5 Process Name: C:\Windows\System32\wbengine.exe Auditing Settings: Original Security Descriptor: S:AI(AU;A;;WD) New Security Descriptor: S:ARAI(AU;SAFA;;;;WD)(AU;IDFA;B;;;WD) 320590
<38>May 26 09:03:03 sshd[278937]: Failed keyboard-interactive for invalid user testuser-94 from 120.171.20.155 port 57523 ssh2
<33>May 26 09:03:04 threecom.switch.ibm.lab %May 26 09:03:04 2017 S9500 RTA/3/Failed to start accounting: Failed to start traffic accounting for user 83.87.204.105 on board 6
<33>May 26 09:03:06 threecom.switch.ibm.lab %May 26 09:03:06 2017 S9500 PORTAL/5/PT_LOG: Online user 30.90.182.58 changes to 27.35.169.82, we will cut it off as using traffic-acct.
<25>May 26 09:03:07 ambiron.ipangel.ibm.lab ipangel-ips: [2017-05-26 09:03:07-05] alert [Priority: 9] [116:46:1] [(snort_decoder) WARNING: TCP Data Offset is less than 5!] 79.186.10.120:63101 TCP 166.215.29.252:80 br0
<182>May 26 09:03:09 apache.httpd.ibm.lab httpd: 125.83.117.185 22.223.246.251 - - [26/May/2017:09:03:09 -0500] "POST /test.php?doing_test=123 HTTP/1.0" 404 80 282
<25>May 26 09:03:10 ambiron.ipangel.ibm.lab ipangel-ips: [2017-05-26 09:03:10-05] alert [Priority: 9] [116:46:1] [(snort_decoder) WARNING: TCP Data Offset is less than 5!] 120.171.20.155:50915 TCP 159.111.251.107:80 br0
<157>May 26 09:03:12 microsoft.event.ibm.lab MSWinEventLog	4	Security	60703	Fri May 26 09:03:12 2017	552	Security	NETWORK SERVICE	Well Known Group	Success Audit	testuser-1	Logon/Logoff		Logon attempt using explicit credentials: Logged on user:  User Name: NETWORK SERVICE  Domain: NT AUTHORITY  Logon ID: (0x0,0x978121)  Logon GUID: -  User whose credentials were used:  Target User Name: testuser-1  Target Domain: us.ibm.com Target Logon GUID: -  Target Server Name: localhost  Target Server Info: localhost  Caller Process ID: 550811  Source Network Address: -  Source Port: - 	56794
<86>May 26 09:03:14 apple.macosx.ibm.lab com.apple.SecurityServer: authinternal authenticated user testuser-52 (uid 88873).
<13>May 26 09:03:15 checkpoint.firewall.ibm.lab 26May2017 reject checkpoint.firewall.ibm.lab product: VPN-1 & FireWall-1; src: 56.219.18.103; s_port: 58503; dst: 150.22.24.142; service: 113; proto: tcp; rule: 14;SmartDefense profile: Default_Protection;__policy_id_tag: product=VPN-1 & FireWall-1[db_tag={25E5B8F6-79E7-11DD-941A-C0A832D00C0C};mgmt=fwmngt-wuv;date=1220466957;policy_name=rhino_gbl];has_accounting: 0;i/f_dir: inbound;i/f_name: eth-s2/s1p1c0;rule_uid: {9C96B325-D976-4A30-8685-9ED61018A6E7};service_id: gident;
<86>May 26 09:03:17 apple.macosx.ibm.lab com.apple.SecurityServer: authinternal authenticated user testuser-73 (uid 95140).
<182>May 26 09:03:18 apache.httpd.ibm.lab httpd: 83.87.204.105 40.5.154.32 - - [26/May/2017:09:03:18 -0500] "GET /../../../../../../../../../../../ HTTP/1.1" 400 443 307
<33>May 26 09:03:20 threecom.switch.ibm.lab %May 26 09:03:20 2017 S9500 VTY/5/VTY_LOG:  TELNET user failed to login from 165.11.95.213(000D-88F6-60E0) on VTY0.
<190>May 26 09:03:21 arbor.pravail.ibm.lab pravail-aps: Blocked Host: Blocked host 51.18.44.104 10:53 by TCP Connection Reset using TCP/61739 (Unknown) destination 218.245.119.158 source port 443,URL: https://arbornetworks.pravail.test.com/chaos/
<129>May 26 09:03:23 barracuda.firewall.ibm.lab WF ALER CROSS_SITE_SCRIPTING_IN_URL 125.83.117.185 52694 200.228.138.140 80 security-policy GLOBAL DENY NONE [type="cross-site-scripting" pattern="script-tag" token="<script>"] GET 200.228.138.140/<script>alert(53416)</script> HTTP "-" ""-"" 200.228.138.140 48541 "-" "-"
<14>May 26 09:03:25 Message forwarded from aix.ibm.lab: rcp[random_number_1_to_999999]: EXPORT file to host aix.ibm.lab cmd is rcp -t /root, local user testuser-7.
<54>May 26 09:03:26 SymantecServer symantec.endpoint.ibm.lab: Potential risk found,Computer name: COMP-1098304,Detection type: Heuristic,Application name: (Unknown),Application type: Trojan Worm,Application version: ,Hash type: SHA-1,Application hash: 72c874f212a18944ff56f774bfe7252346b93f8e,Company name: ,File size (bytes): 301568,Sensitivity: 0,Detection score: 40,Submission recommendation:1,Permitted application reason: 0,Source: Heuristic Scan,Risk name: ,Occurrences: 1,c:\claims\claims32.exe,"",Actual action: Left alone,Requested action: Left alone,Secondary action: Left alone,Event time: 2017-05-26 09:03:26,Inserted:2017-05-26 09:03:26,End:  2017-05-26 09:03:26,Domain: Default,Group: My Company\LTC\Desktops,Server: crasesssmc01,User: testuser-39,Source computer: ,Source IP: 0.0.0.0
<129>May 26 09:03:28 barracuda.firewall.ibm.lab WF ALER METHOD_NOT_ALLOWED 165.11.95.213 64760 155.41.26.197 80 security-policy GLOBAL DENY NONE [Method="ABCD"] ABCD 155.41.26.197/ HTTP "-" ""-"" 155.41.26.197 48536 "-" "-"
<182>May 26 09:03:29 apache.httpd.ibm.lab httpd: 136.38.97.190 205.161.54.136 - - [26/May/2017:09:03:29 -0500] "GET / HTTP/1.0" 200 443 9334
<86>May 26 09:03:31 apple.macosx.ibm.lab sshd[5590]: Failed password for invalid user rogueUser-1 from 33.195.94.29 port 57882 ssh2
<129>May 26 09:03:32 barracuda.firewall.ibm.lab WF ALER SLASH_DOT_IN_URL 165.11.95.213 61939 147.197.109.21 443 security-policy GLOBAL DENY NONE ["-"] GET 147.197.109.21/themes/default/css/.htaccess HTTPS "-" ""-"" 147.197.109.21 44428 "-" "-"
<33>May 26 09:03:34 threecom.switch.ibm.lab %May 26 09:03:34 2017 S9500 AAA/2/Serious error!: User testuser-16, in ACM send msg to SC failed! Returns 1 srcID 6 msgType 16384.
<190>May 26 09:03:36 arbor.pravail.ibm.lab pravail-aps: Blocked Host: Blocked host 79.186.10.120 10:53 by TCP Connection Reset using TCP/56274 (Unknown) destination 129.209.120.52 source port 443,URL: https://arbornetworks.pravail.test.com/chaos/
<190>May 26 09:03:37 arbor.pravail.ibm.lab pravail-aps: Blocked Host: Blocked host 56.219.18.103 at 10:53 by Malformed HTTP Filtering using TCP/80 (HTTP) destination 68.162.68.239 source port 62133,URL: https://arbornetworks.pravail.test.com/chaos/
<190>May 26 09:03:39 arbor.pravail.ibm.lab pravail-aps: Blocked Host: Blocked host 79.186.10.120 at 10:52 by Invalid Packets using TCP/0 (Unknown) destination 143.10.220.148,URL: https://arbornetworks.pravail.test.com/chaos/
<190>May 26 09:03:40 arbor.pravail.ibm.lab pravail-aps: Blocked Host: Blocked host 125.83.117.185 at 10:53 by Malformed HTTP Filtering using TCP/80 (HTTP) destination 80.50.12.172 source port 50856,URL: https://arbornetworks.pravail.test.com/chaos/
<33>May 26 09:03:42 threecom.switch.ibm.lab %May 26 09:03:42 2017 S9500 PORTAL/5/PT_LOG: Online user 201.150.192.18 changes to 178.83.94.176, we will cut it off as using traffic-acct.
<27>May 26 09:03:43 ambiron.ipangel.ibm.lab ipangel-ips: [2017-05-26 09:03:43-05] alert [Priority: 9] [119:2:1] [(http_inspect) DOUBLE DECODING ATTACK] 30.90.182.58:62199 TCP 45.165.101.200:80 br0
<54>May 26 09:03:45 SymantecServer symantec.endpoint.ibm.lab: CNC2PSY9D1,Allowed,Sysfer exception: .\RegParamEngine.cpp 1152 Failed to read value DeviceInstance from key \Registry\Machine\SYSTEM\CurrentControlSet\Control\DeviceClasses\{53f56307-b6bf-11d0-94f2-00a0c91efb8b}\##?#IDE#DiskWDC_WD800JD-75MSA3______________________10.01E04#5&,Sysfer exception,Begin: 2017-05-26 09:03:45,End: 2017-05-26 09:03:45,Rule: Sysfer exception,3592,C:/Program Files/Cisco Systems/CSAgent/bin/okclient.exe,0,,,User: rogueUser-1,Domain: US
<190>May 26 09:03:46 arbor.pravail.ibm.lab pravail-aps: Blocked Host: Blocked host 15.83.16.235 at 10:52 by Invalid Packets using TCP/0 (Unknown) destination 49.110.161.10,URL: https://arbornetworks.pravail.test.com/chaos/
<54>May 26 09:03:48 SymantecServer symantec.endpoint.ibm.lab: CNC2PSY9D1,Allowed,Sysfer exception: .\RegParamEngine.cpp 1152 Failed to read value DeviceInstance from key \Registry\Machine\SYSTEM\CurrentControlSet\Control\DeviceClasses\{53f56307-b6bf-11d0-94f2-00a0c91efb8b}\##?#IDE#DiskWDC_WD800JD-75MSA3______________________10.01E04#5&,Sysfer exception,Begin: 2017-05-26 09:03:48,End: 2017-05-26 09:03:48,Rule: Sysfer exception,3592,C:/Program Files/Cisco Systems/CSAgent/bin/okclient.exe,0,,,User: testuser-27,Domain: US
<189>May 26 09:03:50 ['9.9.9.9'] authmgr[504]: <NOTI> login <00:1c:bf:ca:2b:98  83.87.204.105 testuser-87>method=802.1x, server=TEST001, role=Authenticated Update(status 0 method 0 role 16), reauth=1800 sec
<187>May 26 09:03:51 ['9.9.9.9'] httpd[16986]: [error] [client 15.83.16.235] Invalid URI in request \xf7vMKp`ET&\xa4\x9c\xc9\xec\xd1\xd8j\r\xce\xd9\xd4\xb3\c7
<13>May 26 09:03:53 checkpoint.firewall.ibm.lab 26May2017 drop checkpoint.firewall.ibm.lab product: VPN-1 &FireWall-1; src: 51.18.44.104; s_port: 54544; dst: 83.4.135.195; service: 138; proto: udp; rule: 323;SmartDefense profile: Default_Protection;__policy_id_tag: product=VPN-1 & FireWall-1[db_tag={48AB8350-7F61-11DD-887D-C0A832D16C6C};mgmt=fwmngt-zentral;date=1221069169;policy_name=Chameleon_gbl];has_accounting: 0;i/f_dir: inbound;i/f_name: eth-s1/s1p1c0;rule_uid: {21D66174-0E19-4B77-A1E9-3473FE991088};
<149>May 26 09:03:54 apple.macosx.ibm.lab sudo:    testuser-43 : TTY=ttyp1 ; PWD=/Users/admin ; USER=admin ;COMMAND=/bin/bash
<182>May 26 09:03:56 apache.httpd.ibm.lab httpd: 165.11.95.213 33.239.180.139 - - [26/May/2017:09:03:56 -0500] "HEAD / HTTP/1.1" 200 443 -
<13>May 26 09:03:57 microsoft.sec.ibm.lab AgentDevice=WindowsLog	AgentLogFile=Security	Source=Security	Computer=COMP-testuser-81	User=testuser-81	Domain=	EventID=672	EventIDCode=672	EventType=16	EventCategory=9	RecordNumber=6026	TimeGenerated=1495803837	TimeWritten=1495803837	Message=Authentication Ticket Request: User Name: testuser-81 Supplied Realm Name: us.ibm.com User ID: %{S-1-2-3-1092025} Service Name: krbtgt Service ID: %{S-3-2-1-24CAF6} Ticket Options: 0x40810010 Result Code: - Ticket Encryption Type: 0x17 Pre-Authentication Type: 2 Client Address: 142.194.128.199 Certificate Issuer Name:  Certificate Serial Number:  Certificate Thumbprint: 
<13>May 26 09:03:59 microsoft.sec.ibm.lab AgentDevice=WindowsLog	AgentLogFile=Security	Source=Security	Computer=COMP-rogueUser-3	User=SYSTEM	Domain=	EventID=644	EventIDCode=644	EventType=8	EventCategory=7	RecordNumber=507978	TimeGenerated=1495803839	TimeWritten=1495803839	Message=User Account Locked Out: Target Account Name: rogueUser-3 Target Account ID: %{S-1-2-3-1117249} Caller Machine Name: COMP-CALLER01 Caller User Name: CALLER-01 Caller Domain: us.ibm.com Caller Logon ID: (0x0,0xBA5EBA11)
<187>May 26 09:04:01 ['9.9.9.9'] httpd[16986]: [error] [client 125.83.117.185] Invalid URI in request \xf7vMKp`ET&\xa4\x9c\xc9\xec\xd1\xd8j\r\xce\xd9\xd4\xb3\c7
<182>May 26 09:04:02 apache.httpd.ibm.lab httpd: 30.90.182.58 179.45.167.135 - - [26/May/2017:09:04:02 -0500] "TRACE / HTTP/1.0" 403 443 272
<182>May 26 09:04:04 apache.httpd.ibm.lab httpd: 20.135.51.253 11.29.240.67 - - [26/May/2017:09:04:04 -0500] "HEAD / HTTP/1.1" 200 443 -
<129>May 26 09:04:05 barracuda.firewall.ibm.lab WF ALER CROSS_SITE_SCRIPTING_IN_PARAM 165.11.95.213 54915 46.184.166.148 443 security-policy GLOBAL DENY NONE [type="cross-site-scripting" pattern="script-tag" token="<script>" Parameter="url" value="<script>alert(5341)</script>"] GET 46.184.166.148/redirect.asp?url=<script>alert(5341)</script> HTTPS "-" ""-"" 46.184.166.148 59845 "-" "-"
<39>May 26 09:04:07 Message forwarded from aix.ibm.lab: testuser-16 PAM: pam_authenticate: error Authentication failed
<129>May 26 09:04:08 barracuda.firewall.ibm.lab WF ALER METACHARACTER_IN_PARAMETER 79.186.10.120 59018 43.230.66.47 443 security-policy GLOBAL DENY NONE [token="%00 " Parameter="article" value="../../../../../../../../etc/passwd"] GET 43.230.66.47/talkback.cgi?article=../../../../../../../../etc/passwd%00&action=view&matchview=1 HTTPS "-" ""-"" 43.230.66.47 59018 "-" "-"
<50>May 26 09:04:10 SymantecServer symantec.endpoint.ibm.lab: testbox-xyz,[SID: 70025] Web Attack: Blackhole Exploit Toolkit 2 attack blocked. Traffic has been blocked for this application: C:\Program Files\Internet Explorer\iexplore.exe,Local: 0.0.0.0,Local: 000000000000,Remote: ,Remote: 0.0.0.0,Remote: 000000000000,Inbound,OTHERS,,Begin: 2017-05-26 09:04:10,End: 2017-05-26 09:04:10,Occurrences: 1,Application: C:/Program Files/Internet Explorer/iexplore.exe,Location: Default,User: testuser-89,Domain: SIMON,!ExternalLoggingTask.localport! 0,!ExternalLoggingTask.remoteport! 0,!ExternalLoggingTask.cidssignid! 70025,!ExternalLoggingTask.strcidssignid! Web Attack: Blackhole Exploit Toolkit 2,!ExternalLoggingTask.cidssignsubid! 0,!ExternalLoggingTask.intrusionurl! http://pppptttt.blah.net/links/came_broadcasting_taking-various.php,!ExternalLoggingTask.intrusionpayloadurl!
<33>May 26 09:04:12 threecom.switch.ibm.lab %May 26 09:04:12 2017 S9500 FTPS/5/USERIN: User testuser-46(79.186.10.120) login succeeded
<190>May 26 09:04:13 arbor.pravail.ibm.lab pravail-aps: Blocked Host: Blocked host 213.39.172.85 10:53 by TCP Connection Reset using TCP/64391 (Unknown) destination 185.42.2.179 source port 443,URL: https://arbornetworks.pravail.test.com/chaos/
<190>May 26 09:04:15 arbor.pravail.ibm.lab pravail-aps: Blocked Host: Blocked host 51.18.44.104 10:53 by TCP Connection Reset using TCP/61803 (Unknown) destination 196.49.106.17 source port 443,URL: https://arbornetworks.pravail.test.com/chaos/
<54>May 26 09:04:16 SymantecServer symantec.endpoint.ibm.lab: Potential risk found,Computer name: COMP-1119364,Detection type: Heuristic,Application name: (Unknown),Application type: Trojan Worm,Application version: ,Hash type: SHA-1,Application hash: 72c874f212a18944ff56f774bfe7252346b93f8e,Company name: ,File size (bytes): 301568,Sensitivity: 0,Detection score: 40,Submission recommendation:1,Permitted application reason: 0,Source: Heuristic Scan,Risk name: ,Occurrences: 1,c:\claims\claims32.exe,"",Actual action: Left alone,Requested action: Left alone,Secondary action: Left alone,Event time: 2017-05-26 09:04:16,Inserted:2017-05-26 09:04:16,End:  2017-05-26 09:04:16,Domain: Default,Group: My Company\LTC\Desktops,Server: crasesssmc01,User: rogueUser-4,Source computer: ,Source IP: 0.0.0.0
<13>May 26 09:04:18 checkpoint.firewall.ibm.lab 26May2017 drop checkpoint.firewall.ibm.lab product: SmartDefense; src: 165.11.95.213; s_port: 62780; dst: 186.248.2.122; service: 443; proto: tcp; rule: 392;Attack Info: TCP segment out of maximum allowed sequence. Packet dropped.;Confidence Level: 0;Performance Impact: 0;Protection Name: TCP Segment Limit Enforcement;Protection Type: settings_tcp;Severity: 0;SmartDefense Profile: Boticario_DMZ_Protection;__policy_id_tag: product=VPN-1 & FireWall-1[db_tag={E94ECB65-34C0-4740-9634-761E1604C8BC};mgmt=SJP1PLNX036-DMZ;date=1424714440;policy_name=DMZ];attack: Streaming Engine: TCP Segment Limit Enforcement;has_accounting: 0;i/f_dir: inbound;i/f_name: eth2-01.2809;origin_sic_name: CN=TEST-DMZ1,O=log_server_hostname;protection_id: tcp_segment_limit;rule_uid: {499DBB08-D262-4D9F-B639-5337A7B36E59};snid: 7572c682;src_machine_name: COMP-testuser-92;src_user_name: testuser-92 ;user: testuser-92 ;
<189>May 26 09:04:19 ['9.9.9.9'] authmgr[504]: <NOTI> login <00:1c:bf:ca:2b:98  15.83.16.235 rogueUser-5>method=802.1x, server=TEST001, role=Authenticated Update(status 0 method 0 role 16), reauth=1800 sec
<129>May 26 09:04:21 barracuda.firewall.ibm.lab WF ALER SLASH_DOT_IN_URL 15.83.16.235 52512 59.162.84.159 443 security-policy GLOBAL DENY NONE ["-"] GET 59.162.84.159/themes/default/css/.htaccess HTTPS "-" ""-"" 59.162.84.159 44428 "-" "-"
<54>May 26 09:04:22 SymantecServer symantec.endpoint.ibm.lab: Security risk found,Computer name: COMP-1102500,Source: Scheduled Scan,Risk name: VirusDoctor,Occurrences: 1,c:/System Volume Information/_restore{A3F5C2A3-F289-4356-B021-1FEFEFB73CBD}/RP243/A0070465.exe,"",Actual action: Quarantined,Requested action: Quarantined,Secondary action: Left alone,Event time: 2017-05-26 09:04:22,Inserted:2017-05-26 09:04:22,End: 2017-05-26 09:04:22,Domain: Default,Group: My Company	est,Server: avp1,User: testuser-77,Source computer:  ,Source IP: 0.0.0.0
<86>May 26 09:04:24 apple.macosx.ibm.lab com.apple.SecurityServer: authinternal authenticated user rogueUser-1 (uid 114049).
<54>May 26 09:04:26 SymantecServer symantec.endpoint.ibm.lab: Commercial application detected,Computer name: COMP-1108809,Detection type: Commercial,Application name: DameWare Development DWRCS,Application type: Remote Control,Application version: 5\~ 5\~ 0\~ 0,Hash type: SHA-1,Application hash: 4670d9eeeab7449788be3b18e9364ef0088b900e,Company name: DameWare Development LLC,File size (bytes): 208896,Sensitivity: 0,Detection score: 1,Submission recommendation: 0,Permitted application reason: 0,Source: Heuristic Scan,Risk name:  ,Occurrences: 1,DWMRCS,"DWMRCS",Actual action: Left alone,Requested action: Left alone,Secondary action: Commercial application detection,Event time: 2017-05-26 09:04:26,Inserted: 2017-05-26 09:04:26,End: 2017-05-26 09:04:26,Domain: Default,Group: My Company	est,Server: testbox,User: testuser-98,Source computer:  ,Source IP: 0.0.0.0
<33>May 26 09:04:27 threecom.switch.ibm.lab %May 26 09:04:27 2017 S9500 RTA/3/Failed to get user traffic: Failed to get traffic of user 132.146.155.198 on board 6
<179>May 26 09:04:29 apache.httpd.ibm.lab httpd[5570]: [ID 702911 local6.error] [error] [client 79.186.10.120] Certificate Verification: Error (10): certificate has expired
<33>May 26 09:04:30 threecom.switch.ibm.lab %May 26 09:04:30 2017 S9500 RTA/3/Failed to start accounting: Failed to start traffic accounting for user 120.171.20.155 on board 6
<182>May 26 09:04:32 apache.httpd.ibm.lab httpd: 167.227.124.53 193.24.84.173 - - [26/May/2017:09:04:32 -0500] "POST /test.php?doing_test=123 HTTP/1.0" 404 80 282
<129>May 26 09:04:33 barracuda.firewall.ibm.lab WF ALER METHOD_NOT_ALLOWED 212.2.111.4 49608 178.97.150.185 80 security-policy GLOBAL DENY NONE [Method="ABCD"] ABCD 178.97.150.185/ HTTP "-" ""-"" 178.97.150.185 48536 "-" "-"
<190>May 26 09:04:35 arbor.pravail.ibm.lab pravail-aps: Blocked Host: Blocked host 212.2.111.4 at 10:52 by Invalid Packets using TCP/0 (Unknown) destination 36.133.112.227,URL: https://arbornetworks.pravail.test.com/chaos/
<182>May 26 09:04:37 apache.httpd.ibm.lab httpd: 136.38.97.190 139.231.28.32 - - [26/May/2017:09:04:37 -0500] "CONNECT 10.35.79.71:443 HTTP/1.1" 405 443 297
<187>May 26 09:04:38 ['9.9.9.9'] httpd[16986]: [error] [client 99.123.52.13] Invalid URI in request \xf7vMKp`ET&\xa4\x9c\xc9\xec\xd1\xd8j\r\xce\xd9\xd4\xb3\c7
<13>May 26 09:04:40 microsoft.sec.ibm.lab AgentDevice=WindowsLog	AgentLogFile=Security	Source=Security	Computer=COMP-testuser-8	User=testuser-8	Domain=	EventID=540	EventIDCode=540	EventType=8	EventCategory=2	RecordNumber=624565	TimeGenerated=1495803880	TimeWritten=1495803880	Message=Successful Network Logon: User Name: Domain: Logon ID: (0x0,0x992016) Logon Type: 3 Logon Process: NtLmSsp Authentication Package: NTLM Workstation Name: COMP-testuser-8 Logon GUID: - Caller User Name: - Caller Domain: - Caller Logon ID: - Caller Process ID: - Transited Services: - Source Network Address: 149.66.215.47 Source Port: 0
<26>May 26 09:04:41 ambiron.ipangel.ibm.lab ipangel-ips: [2017-05-26 09:04:41-05] alert [Priority: 9] [119:14:1] [(http_inspect) NON-RFC DEFINED CHAR] 83.87.204.105:62762 TCP 204.8.220.77:80 br0
<13>May 26 09:04:43 microsoft.sec.ibm.lab AgentDevice=WindowsLog	AgentLogFile=Security	Source=Security	Computer=COMP-testuser-1	User=testuser-1	Domain=	EventID=673	EventIDCode=673	EventType=8	EventCategory=9	RecordNumber=543397	TimeGenerated=1495803883	TimeWritten=1495803883	Message=Service Ticket Request:  User Name: testuser-1@us.ibm.com User Domain: us.ibm.com Service Name: MAIL$  Service ID: %{S-3-2-1-2A4239} Ticket Options:  0x40810000   Ticket Encryption Type: 0x17 Client Address: 44.111.228.125 Failure Code: - LogonGUID: {2A4239-f005ba11-ba5eba11} Transited Services: - 
<13>May 26 09:04:44 checkpoint.firewall.ibm.lab 26May2017 reject checkpoint.firewall.ibm.lab product: VPN-1 & FireWall-1; src: 201.150.192.18; s_port: 59222; dst: 130.210.214.60; service: 113; proto: tcp; rule: 14;SmartDefense profile: Default_Protection;__policy_id_tag: product=VPN-1 & FireWall-1[db_tag={25E5B8F6-79E7-11DD-941A-C0A832D00C0C};mgmt=fwmngt-wuv;date=1220466957;policy_name=rhino_gbl];has_accounting: 0;i/f_dir: inbound;i/f_name: eth-s2/s1p1c0;rule_uid: {9C96B325-D976-4A30-8685-9ED61018A6E7};service_id: gident;
<182>May 26 09:04:46 apache.httpd.ibm.lab httpd: 167.227.124.53 60.86.162.171 - - [26/May/2017:09:04:46 -0500] "ABCD / HTTP/1.1" 501 443 297
<14>May 26 09:04:48 Message forwarded from aix.ibm.lab: rcp[random_number_1_to_999999]: EXPORT file to host aix.ibm.lab cmd is rcp -t /root, local user testuser-2.
<187>May 26 09:04:49 ['9.9.9.9'] httpd[16986]: [error] [client 218.111.178.29] Invalid URI in request \xf7vMKp`ET&\xa4\x9c\xc9\xec\xd1\xd8j\r\xce\xd9\xd4\xb3\c7
<54>May 26 09:04:51 SymantecServer symantec.endpoint.ibm.lab: Potential risk found,Computer name: COMP-1100401,Detection type: Heuristic,Application name: (Unknown),Application type: Trojan Worm,Application version: ,Hash type: SHA-1,Application hash: 72c874f212a18944ff56f774bfe7252346b93f8e,Company name: ,File size (bytes): 301568,Sensitivity: 0,Detection score: 40,Submission recommendation:1,Permitted application reason: 0,Source: Heuristic Scan,Risk name: ,Occurrences: 1,c:\claims\claims32.exe,"",Actual action: Left alone,Requested action: Left alone,Secondary action: Left alone,Event time: 2017-05-26 09:04:51,Inserted:2017-05-26 09:04:51,End:  2017-05-26 09:04:51,Domain: Default,Group: My Company\LTC\Desktops,Server: crasesssmc01,User: testuser-49,Source computer: ,Source IP: 0.0.0.0
<54>May 26 09:04:52 SymantecServer symantec.endpoint.ibm.lab: CNC2PSY9D1,Allowed,Sysfer exception: .\RegParamEngine.cpp 1152 Failed to read value DeviceInstance from key \Registry\Machine\SYSTEM\CurrentControlSet\Control\DeviceClasses\{53f56307-b6bf-11d0-94f2-00a0c91efb8b}\##?#IDE#DiskWDC_WD800JD-75MSA3______________________10.01E04#5&,Sysfer exception,Begin: 2017-05-26 09:04:52,End: 2017-05-26 09:04:52,Rule: Sysfer exception,3592,C:/Program Files/Cisco Systems/CSAgent/bin/okclient.exe,0,,,User: testuser-59,Domain: US
<129>May 26 09:04:54 barracuda.firewall.ibm.lab WF ALER METHOD_NOT_ALLOWED 9.135.38.229 51563 132.216.152.238 80 security-policy GLOBAL DENY NONE [Method="ABCD"] ABCD 132.216.152.238/ HTTP "-" ""-"" 132.216.152.238 48536 "-" "-"
<25>May 26 09:04:55 apple.macosx.ibm.lab DirectoryService[51]: Failed Authentication return is being delayed due to over five recent auth failures for username: testuser-53.
<190>May 26 09:04:57 arbor.pravail.ibm.lab pravail-aps: Blocked Host: Blocked host 33.195.94.29 at 10:52 by Invalid Packets using TCP/0 (Unknown) destination 140.129.18.167,URL: https://arbornetworks.pravail.test.com/chaos/
<133>May 26 09:04:58 microsoft.event.ibm.lab MSWinEventLog 1 Security 102757633 Fri May 26 09:04:58 2017 4907 Microsoft-Windows-Security-Auditing N/A N/A Success Audit testuser-76 Audit Policy Change Auditing settings on object were changed. Subject: Security ID: S-1-5-18 Account Name: testuser-76 Account Domain: us.ibm.com Logon ID: 0x1100401 Object: Object Server: Security Object Type: File Object Name: \Windows\winsxs\test.wav Handle ID: 0x3a8 Process Information: Process ID: 0xA75C2C Process Name: C:\Windows\System32\wbengine.exe Auditing Settings: Original Security Descriptor: S:AI(AU;A;;WD) New Security Descriptor: S:ARAI(AU;SAFA;;;;WD)(AU;IDFA;B;;;WD) 854671
<27>May 26 09:05:00 ambiron.ipangel.ibm.lab ipangel-ips: [2017-05-26 09:05:00-05] alert [Priority: 9] [119:2:1] [(http_inspect) DOUBLE DECODING ATTACK] 79.186.10.120:62623 TCP 130.61.17.29:80 br0
<33>May 26 09:05:02 threecom.switch.ibm.lab %May 26 09:05:02 2017 S9500 AAA/2/Serious error!: User testuser-82, in ACM send msg to SC failed! Returns 1 srcID 6 msgType 16384.
<83>May 26 09:05:03 apple.macosx.ibm.lab com.apple.SecurityServer: authinternal failed to authenticate user testuser-24.
<83>May 26 09:05:05 apple.macosx.ibm.lab com.apple.SecurityServer: authinternal failed to authenticate user testuser-69.
<182>May 26 09:05:06 apache.httpd.ibm.lab httpd: 30.90.182.58 215.214.100.124 - - [26/May/2017:09:05:06 -0500] "GET /<script>alert(53416)</script> HTTP/1.1" 404 443 320
<190>May 26 09:05:08 arbor.pravail.ibm.lab pravail-aps: Blocked Host: Blocked host 51.18.44.104 at 10:52 by Invalid Packets using TCP/0 (Unknown) destination 177.166.119.121,URL: https://arbornetworks.pravail.test.com/chaos/
<14>May 26 09:05:09 Message forwarded from aix.ibm.lab: ftp[random_number_1_to_999999]: ftp: EXPORT user testuser-45, host 218.111.178.29, local test_script.sh, remote test_script.sh.
<13>May 26 09:05:11 checkpoint.firewall.ibm.lab 26May2017  checkpoint.firewall.ibm.lab product: SmartDefense; src: 136.38.97.190; s_port: ; dst: 8.179.26.159; service: ; proto: icmp; rule: ;Attack Info: Echo request too big;Suppressed logs: 1;Total logs: 2;__policy_id_tag: product=VPN-1 & FireWall-1[db_tag={B5A7057E-7F61-11DD-AA43-C0A832D12424};mgmt=fwmngt-zentral;date=1221069352;policy_name=Spider_gbl];alert: alert;attack: Large ping;has_accounting: 0;i/f_dir: inbound;
<13>May 26 09:05:13 checkpoint.firewall.ibm.lab 26May2017  checkpoint.firewall.ibm.lab product: SmartDefense; src: 201.150.192.18; s_port: ; dst: 202.23.244.250; service: ; proto: icmp; rule: ;Attack Info: Echo request too big;Suppressed logs: 1;Total logs: 2;__policy_id_tag: product=VPN-1 & FireWall-1[db_tag={B5A7057E-7F61-11DD-AA43-C0A832D12424};mgmt=fwmngt-zentral;date=1221069352;policy_name=Spider_gbl];alert: alert;attack: Large ping;has_accounting: 0;i/f_dir: inbound;
<83>May 26 09:05:14 apple.macosx.ibm.lab com.apple.SecurityServer: authinternal failed to authenticate user testuser-1.
<157>May 26 09:05:16 microsoft.event.ibm.lab MSWinEventLog	4	Security	60703	Fri May 26 09:05:16 2017	552	Security	NETWORK SERVICE	Well Known Group	Success Audit	rogueUser-2	Logon/Logoff		Logon attempt using explicit credentials: Logged on user:  User Name: NETWORK SERVICE  Domain: NT AUTHORITY  Logon ID: (0x0,0x1115136)  Logon GUID: -  User whose credentials were used:  Target User Name: rogueUser-2  Target Domain: us.ibm.com Target Logon GUID: -  Target Server Name: localhost  Target Server Info: localhost  Caller Process ID: 865572  Source Network Address: -  Source Port: - 	56794
<182>May 26 09:05:17 apache.httpd.ibm.lab httpd: 218.111.178.29 34.7.51.18 - - [26/May/2017:09:05:17 -0500] "GET / HTTP/1.0" 200 443 9334
<54>May 26 09:05:19 SymantecServer symantec.endpoint.ibm.lab: testbox-abc,[SID: 21590] P2P Edonkey Ping Message detected.  Traffic has been allowed from this application: C:\Program Files\easyMule\emule.exe,Local: 83.87.204.105,Local: 00218696B978,Remote: ,Remote: 77.20.19.218,Remote: 000000000000,Outbound,OTHERS,Intrusion ID: 0,Begin: 2017-05-26 09:05:19,End: 2017-05-26 09:05:19,Occurrences: 1,Application: C:/Program Files/easyMule/emule.exe,Location: Default,User: testuser-96,Domain: us.ibm.com
<157>May 26 09:05:20 microsoft.event.ibm.lab MSWinEventLog	4	Security	60703	Fri May 26 09:05:20 2017	552	Security	NETWORK SERVICE	Well Known Group	Success Audit	testuser-62	Logon/Logoff		Logon attempt using explicit credentials: Logged on user:  User Name: NETWORK SERVICE  Domain: NT AUTHORITY  Logon ID: (0x0,0x1089936)  Logon GUID: -  User whose credentials were used:  Target User Name: testuser-62  Target Domain: us.ibm.com Target Logon GUID: -  Target Server Name: localhost  Target Server Info: localhost  Caller Process ID: 955954  Source Network Address: -  Source Port: - 	56794
