<38>May 26 08:22:46 syslog: ssh: failed login attempt for testuser-36 from 218.111.178.29
<54>May 26 08:22:48 SymantecServer symantec.endpoint.ibm.lab: testbox-abc,[SID: 21590] P2P Edonkey Ping Message detected.  Traffic has been allowed from this application: C:\Program Files\easyMule\emule.exe,Local: 120.171.20.155,Local: 00218696B978,Remote: ,Remote: 201.233.15.32,Remote: 000000000000,Outbound,OTHERS,Intrusion ID: 0,Begin: 2017-05-26 08:22:48,End: 2017-05-26 08:22:48,Occurrences: 1,Application: C:/Program Files/easyMule/emule.exe,Location: Default,User: testuser-76,Domain: us.ibm.com
<13>May 26 08:22:49 microsoft.sec.ibm.lab AgentDevice=WindowsLog	AgentLogFile=Security	Source=Security	Computer=COMP-testuser-21	User=testuser-21	Domain=	EventID=540	EventIDCode=540	EventType=8	EventCategory=2	RecordNumber=348763	TimeGenerated=1495801369	TimeWritten=1495801369	Message=Successful Network Logon: User Name: Domain: Logon ID: (0x0,0x1079521) Logon Type: 3 Logon Process: NtLmSsp Authentication Package: NTLM Workstation Name: COMP-testuser-21 Logon GUID: - Caller User Name: - Caller Domain: - Caller Logon ID: - Caller Process ID: - Transited Services: - Source Network Address: 98.46.110.106 Source Port: 0
<13>May 26 08:22:51 microsoft.sec.ibm.lab AgentDevice=WindowsLog	AgentLogFile=Security	Source=Security	Computer=COMP-testuser-60	User=testuser-60	Domain=	EventID=540	EventIDCode=540	EventType=8	EventCategory=2	RecordNumber=704735	TimeGenerated=1495801371	TimeWritten=1495801371	Message=Successful Network Logon: User Name: Domain: Logon ID: (0x0,0x1085764) Logon Type: 3 Logon Process: NtLmSsp Authentication Package: NTLM Workstation Name: COMP-testuser-60 Logon GUID: - Caller User Name: - Caller Domain: - Caller Logon ID: - Caller Process ID: - Transited Services: - Source Network Address: 201.150.192.18 Source Port: 0
<182>May 26 08:22:52 apache.httpd.ibm.lab httpd: 125.83.117.185 56.119.73.37 - - [26/May/2017:08:22:52 -0500] "ABCD / HTTP/1.1" 501 443 297
<54>May 26 08:22:54 SymantecServer symantec.endpoint.ibm.lab: Potential risk found,Computer name: COMP-1079521,Detection type: Heuristic,Application name: (Unknown),Application type: Trojan Worm,Application version: ,Hash type: SHA-1,Application hash: 72c874f212a18944ff56f774bfe7252346b93f8e,Company name: ,File size (bytes): 301568,Sensitivity: 0,Detection score: 40,Submission recommendation:1,Permitted application reason: 0,Source: Heuristic Scan,Risk name: ,Occurrences: 1,c:\claims\claims32.exe,"",Actual action: Left alone,Requested action: Left alone,Secondary action: Left alone,Event time: 2017-05-26 08:22:54,Inserted:2017-05-26 08:22:54,End:  2017-05-26 08:22:54,Domain: Default,Group: My Company\LTC\Desktops,Server: crasesssmc01,User: testuser-12,Source computer: ,Source IP: 0.0.0.0
<25>May 26 08:22:55 apple.macosx.ibm.lab DirectoryService[51]: Failed Authentication return is being delayed due to over five recent auth failures for username: testuser-43.
<13>May 26 08:22:57 microsoft.sec.ibm.lab AgentDevice=WindowsLog	AgentLogFile=Security	Source=Security	Computer=COMP-testuser-11	User=testuser-11	Domain=	EventID=576	EventIDCode=576	EventType=8	EventCategory=2	RecordNumber=548182	TimeGenerated=1495801377	TimeWritten=1495801377	Message=Special privileges assigned to new logon: User Name: testuser-11 Domain: us.ibm.com Logon ID: (0x0,0x1077444) Privileges: SeSecurityPrivilege SeBackupPrivilege SeRestorePrivilege SeTakeOwnershipPrivilege SeDebugPrivilege SeSystemEnvironmentPrivilege SeLoadDriverPrivilege SeImpersonatePrivilege
<187>May 26 08:22:58 ['9.9.9.9'] httpd[16986]: [error] [client 136.38.97.190] Invalid URI in request \xf7vMKp`ET&\xa4\x9c\xc9\xec\xd1\xd8j\r\xce\xd9\xd4\xb3\c7
<33>May 26 08:23:00 threecom.switch.ibm.lab %May 26 08:23:00 2017 S9500 FTPS/5/USERIN: User rogueUser-3(20.135.51.253) login succeeded
<182>May 26 08:23:02 apache.httpd.ibm.lab httpd: 154.102.244.170 113.81.58.9 - - [26/May/2017:08:23:02 -0500] "GET /../../../../../../../../../../../ HTTP/1.1" 400 443 307
<182>May 26 08:23:03 apache.httpd.ibm.lab httpd: 213.39.172.85 84.100.82.93 - - [26/May/2017:08:23:03 -0500] "CONNECT 10.35.79.71:443 HTTP/1.1" 405 443 297
<187>May 26 08:23:05 ['9.9.9.9'] httpd[16986]: [error] [client 179.174.48.208] Invalid URI in request \xf7vMKp`ET&\xa4\x9c\xc9\xec\xd1\xd8j\r\xce\xd9\xd4\xb3\c7
<13>May 26 08:23:06 microsoft.sec.ibm.lab AgentDevice=WindowsLog	AgentLogFile=Security	Source=Security	Computer=COMP-testuser-58	User=testuser-58	Domain=	EventID=672	EventIDCode=672	EventType=8	EventCategory=9	RecordNumber=425706	TimeGenerated=1495801386	TimeWritten=1495801386	Message=Authentication Ticket Request: User Name: testuser-58 Supplied Realm Name: us.ibm.com User ID: %{S-1-2-3-1100401} Service Name: krbtgt Service ID: %{S-3-2-1-7A7A95} Ticket Options: 0x40810010 Result Code: - Ticket Encryption Type: 0x17 Pre-Authentication Type: 2 Client Address: 120.171.20.155 Certificate Issuer Name:  Certificate Serial Number:  Certificate Thumbprint: 
<13>May 26 08:23:08 checkpoint.firewall.ibm.lab 26May2017  checkpoint.firewall.ibm.lab product: SmartDefense; src: 165.11.95.213; s_port: ; dst: 26.9.7.132; service: ; proto: udp; rule: ;Attack Info: Out-of-state DNS reply;Suppressed logs: 143;Total logs: 144;__policy_id_tag: product=VPN-1 & FireWall-1[db_tag={321A4EE6-7DEA-11DD-BFAA-C0A832822626};mgmt=fwmngt05;date=1220908070;policy_name=KillerWhale_gbl];alert: alert;attack: Invalid DNS;has_accounting: 0;i/f_dir: inbound;
<182>May 26 08:23:09 apache.httpd.ibm.lab httpd: 167.227.124.53 40.68.138.84 - - [26/May/2017:08:23:09 -0500] "HEAD / HTTP/1.1" 200 443 -
<129>May 26 08:23:11 barracuda.firewall.ibm.lab WF ALER METACHARACTER_IN_PARAMETER 212.2.111.4 51034 54.162.224.130 443 security-policy GLOBAL DENY NONE [token="%00 " Parameter="article" value="../../../../../../../../etc/passwd"] GET 54.162.224.130/talkback.cgi?article=../../../../../../../../etc/passwd%00&action=view&matchview=1 HTTPS "-" ""-"" 54.162.224.130 51034 "-" "-"
<86>May 26 08:23:13 apple.macosx.ibm.lab com.apple.SecurityServer: uid 93049 succeeded authenticating as user admin (uid 501) for right system.install.root.user.
<54>May 26 08:23:14 SymantecServer symantec.endpoint.ibm.lab: testbox-abc,[SID: 21590] P2P Edonkey Ping Message detected.  Traffic has been allowed from this application: C:\Program Files\easyMule\emule.exe,Local: 201.150.192.18,Local: 00218696B978,Remote: ,Remote: 13.41.231.79,Remote: 000000000000,Outbound,OTHERS,Intrusion ID: 0,Begin: 2017-05-26 08:23:14,End: 2017-05-26 08:23:14,Occurrences: 1,Application: C:/Program Files/easyMule/emule.exe,Location: Default,User: testuser-60,Domain: us.ibm.com
<13>May 26 08:23:16 checkpoint.firewall.ibm.lab 26May2017  checkpoint.firewall.ibm.lab product: SmartDefense; src: 132.146.155.198; s_port: ; dst: 2.23.178.254; service: ; proto: icmp; rule: ;Attack Info: Echo request too big;Suppressed logs: 1;Total logs: 2;__policy_id_tag: product=VPN-1 & FireWall-1[db_tag={B5A7057E-7F61-11DD-AA43-C0A832D12424};mgmt=fwmngt-zentral;date=1221069352;policy_name=Spider_gbl];alert: alert;attack: Large ping;has_accounting: 0;i/f_dir: inbound;
<182>May 26 08:23:17 apache.httpd.ibm.lab httpd: 136.38.97.190 44.27.5.72 - - [26/May/2017:08:23:17 -0500] "TRACE / HTTP/1.0" 403 443 272
<13>May 26 08:23:19 checkpoint.firewall.ibm.lab 26May2017 drop checkpoint.firewall.ibm.lab product: SmartDefense; src: 136.38.97.190; s_port: 52799; dst: 73.246.182.126; service: 443; proto: tcp; rule: 392;Attack Info: TCP segment out of maximum allowed sequence. Packet dropped.;Confidence Level: 0;Performance Impact: 0;Protection Name: TCP Segment Limit Enforcement;Protection Type: settings_tcp;Severity: 0;SmartDefense Profile: Boticario_DMZ_Protection;__policy_id_tag: product=VPN-1 & FireWall-1[db_tag={E94ECB65-34C0-4740-9634-761E1604C8BC};mgmt=SJP1PLNX036-DMZ;date=1424714440;policy_name=DMZ];attack: Streaming Engine: TCP Segment Limit Enforcement;has_accounting: 0;i/f_dir: inbound;i/f_name: eth2-01.2809;origin_sic_name: CN=TEST-DMZ1,O=log_server_hostname;protection_id: tcp_segment_limit;rule_uid: {499DBB08-D262-4D9F-B639-5337A7B36E59};snid: 7572c682;src_machine_name: COMP-testuser-62;src_user_name: testuser-62 ;user: testuser-62 ;
<129>May 26 08:23:20 barracuda.firewall.ibm.lab WF ALER CROSS_SITE_SCRIPTING_IN_PARAM 212.2.111.4 59268 204.207.79.227 443 security-policy GLOBAL DENY NONE [type="cross-site-scripting" pattern="script-tag" token="<script>" Parameter="url" value="<script>alert(5341)</script>"] GET 204.207.79.227/redirect.asp?url=<script>alert(5341)</script> HTTPS "-" ""-"" 204.207.79.227 59845 "-" "-"
<38>May 26 08:23:22 sshd[771518]: Failed password for invalid user testuser-16 from 69.135.224.51 port 62130 ssh2
<13>May 26 08:23:24 checkpoint.firewall.ibm.lab 26May2017  checkpoint.firewall.ibm.lab product: SmartDefense; src: 125.83.117.185; s_port: ; dst: 221.185.247.13; service: ; proto: udp; rule: ;Attack Info: Bad domain format, illegal ASCII value in domain;Suppressed logs: 1;Total logs: 2;__policy_id_tag: product=VPN-1 & FireWall-1[db_tag={9B20E8EA-7DE6-11DD-B7D6-C0A832D11E1E};mgmt=fwmngt-zentral;date=1220906528;policy_name=Vulpine_gbl];alert: alert;attack: Invalid DNS;has_accounting: 0;i/f_dir: inbound;
<50>May 26 08:23:25 SymantecServer symantec.endpoint.ibm.lab: testbox-xyz,[SID: 70025] Web Attack: Blackhole Exploit Toolkit 2 attack blocked. Traffic has been blocked for this application: C:\Program Files\Internet Explorer\iexplore.exe,Local: 0.0.0.0,Local: 000000000000,Remote: ,Remote: 0.0.0.0,Remote: 000000000000,Inbound,OTHERS,,Begin: 2017-05-26 08:23:25,End: 2017-05-26 08:23:25,Occurrences: 1,Application: C:/Program Files/Internet Explorer/iexplore.exe,Location: Default,User: testuser-37,Domain: SIMON,!ExternalLoggingTask.localport! 0,!ExternalLoggingTask.remoteport! 0,!ExternalLoggingTask.cidssignid! 70025,!ExternalLoggingTask.strcidssignid! Web Attack: Blackhole Exploit Toolkit 2,!ExternalLoggingTask.cidssignsubid! 0,!ExternalLoggingTask.intrusionurl! http://pppptttt.blah.net/links/came_broadcasting_taking-various.php,!ExternalLoggingTask.intrusionpayloadurl!
<27>May 26 08:23:27 ambiron.ipangel.ibm.lab ipangel-ips: [2017-05-26 08:23:27-05] alert [Priority: 9] [119:2:1] [(http_inspect) DOUBLE DECODING ATTACK] 136.38.97.190:50731 TCP 14.53.227.84:80 br0
<129>May 26 08:23:28 barracuda.firewall.ibm.lab WF ALER METACHARACTER_IN_PARAMETER 202.207.224.25 50373 160.133.35.137 443 security-policy GLOBAL DENY NONE [token="%00 " Parameter="article" value="../../../../../../../../etc/passwd"] GET 160.133.35.137/talkback.cgi?article=../../../../../../../../etc/passwd%00&action=view&matchview=1 HTTPS "-" ""-"" 160.133.35.137 50373 "-" "-"
<13>May 26 08:23:30 checkpoint.firewall.ibm.lab 26May2017  checkpoint.firewall.ibm.lab product: martDefense; src: 136.38.97.190; s_port: ; dst: 51.41.210.202; service: ; proto: udp; rule: ;Attack Info: Response packet too long, potential buffer overflow;Suppressed logs: 5;Total logs: 6;__policy_id_tag: product=VPN-1 & FireWall-1[db_tag={321A4EE6-7DEA-11DD-BFAA-C0A832822626};mgmt=fwmngt05;date=1220908070;policy_name=KillerWhale_gbl];alert: alert;attack: Invalid DNS;has_accounting: 0;i/f_dir: inbound;
<149>May 26 08:23:31 apple.macosx.ibm.lab sudo:    testuser-96 : TTY=ttyp1 ; PWD=/Users/admin ; USER=admin ;COMMAND=/bin/bash
<190>May 26 08:23:33 arbor.pravail.ibm.lab pravail-aps: Blocked Host: Blocked host 51.18.44.104 at 10:52 by Invalid Packets using TCP/0 (Unknown) destination 193.85.141.237,URL: https://arbornetworks.pravail.test.com/chaos/
<50>May 26 08:23:34 SymantecServer symantec.endpoint.ibm.lab: testbox-xyz,[SID: 70025] Web Attack: Blackhole Exploit Toolkit 2 attack blocked. Traffic has been blocked for this application: C:\Program Files\Internet Explorer\iexplore.exe,Local: 0.0.0.0,Local: 000000000000,Remote: ,Remote: 0.0.0.0,Remote: 000000000000,Inbound,OTHERS,,Begin: 2017-05-26 08:23:34,End: 2017-05-26 08:23:34,Occurrences: 1,Application: C:/Program Files/Internet Explorer/iexplore.exe,Location: Default,User: testuser-43,Domain: SIMON,!ExternalLoggingTask.localport! 0,!ExternalLoggingTask.remoteport! 0,!ExternalLoggingTask.cidssignid! 70025,!ExternalLoggingTask.strcidssignid! Web Attack: Blackhole Exploit Toolkit 2,!ExternalLoggingTask.cidssignsubid! 0,!ExternalLoggingTask.intrusionurl! http://pppptttt.blah.net/links/came_broadcasting_taking-various.php,!ExternalLoggingTask.intrusionpayloadurl!
<189>May 26 08:23:36 ['9.9.9.9'] authmgr[504]: <NOTI> login <00:1c:bf:ca:2b:98  218.111.178.29 testuser-27>method=802.1x, server=TEST001, role=Authenticated Update(status 0 method 0 role 16), reauth=1800 sec
<25>May 26 08:23:38 ambiron.ipangel.ibm.lab ipangel-ips: [2017-05-26 08:23:38-05] alert [Priority: 9] [116:46:1] [(snort_decoder) WARNING: TCP Data Offset is less than 5!] 30.90.182.58:62200 TCP 16.7.176.58:80 br0
<13>May 26 08:23:39 checkpoint.firewall.ibm.lab 26May2017 drop checkpoint.firewall.ibm.lab product: VPN-1 &FireWall-1; src: 179.174.48.208; s_port: 55279; dst: 11.168.162.115; service: 138; proto: udp; rule: 323;SmartDefense profile: Default_Protection;__policy_id_tag: product=VPN-1 & FireWall-1[db_tag={48AB8350-7F61-11DD-887D-C0A832D16C6C};mgmt=fwmngt-zentral;date=1221069169;policy_name=Chameleon_gbl];has_accounting: 0;i/f_dir: inbound;i/f_name: eth-s1/s1p1c0;rule_uid: {21D66174-0E19-4B77-A1E9-3473FE991088};
<13>May 26 08:23:41 microsoft.sec.ibm.lab AgentDevice=WindowsLog	AgentLogFile=Security	Source=Security	Computer=COMP-testuser-78	User=testuser-78	Domain=	EventID=576	EventIDCode=576	EventType=8	EventCategory=2	RecordNumber=114701	TimeGenerated=1495801421	TimeWritten=1495801421	Message=Special privileges assigned to new logon: User Name: testuser-78 Domain: us.ibm.com Logon ID: (0x0,0x1104601) Privileges: SeSecurityPrivilege SeBackupPrivilege SeRestorePrivilege SeTakeOwnershipPrivilege SeDebugPrivilege SeSystemEnvironmentPrivilege SeLoadDriverPrivilege SeImpersonatePrivilege
<129>May 26 08:23:42 barracuda.firewall.ibm.lab WF ALER METHOD_NOT_ALLOWED 165.11.95.213 59185 58.89.115.134 80 security-policy GLOBAL DENY NONE [Method="ABCD"] ABCD 58.89.115.134/ HTTP "-" ""-"" 58.89.115.134 48536 "-" "-"
<38>May 26 08:23:44 sshd[3496]: Invalid user testuser-57 from 30.90.182.58
<13>May 26 08:23:45 microsoft.sec.ibm.lab AgentDevice=WindowsLog	AgentLogFile=Security	Source=Security	Computer=COMP-testuser-32	User=testuser-32	Domain=	EventID=529	EventIDCode=529	EventType=16	EventCategory=2	RecordNumber=497161	TimeGenerated=1495801425	TimeWritten=1495801425	Message=Successful Network Logon: User Name: Domain: Logon ID: (0x0,0x1083681) Logon Type: 3 Logon Process: NtLmSsp Authentication Package: NTLM Workstation Name: COMP-testuser-32 Logon GUID: - Caller User Name: - Caller Domain: - Caller Logon ID: - Caller Process ID: - Transited Services: - Source Network Address: 58.252.25.81 Source Port: 0
<157>May 26 08:23:47 microsoft.event.ibm.lab MSWinEventLog	4	Security	60703	Fri May 26 08:23:47 2017	552	Security	NETWORK SERVICE	Well Known Group	Success Audit	testuser-36	Logon/Logoff		Logon attempt using explicit credentials: Logged on user:  User Name: NETWORK SERVICE  Domain: NT AUTHORITY  Logon ID: (0x0,0x1092025)  Logon GUID: -  User whose credentials were used:  Target User Name: testuser-36  Target Domain: us.ibm.com Target Logon GUID: -  Target Server Name: localhost  Target Server Info: localhost  Caller Process ID: 785148  Source Network Address: -  Source Port: - 	56794
<13>May 26 08:23:49 checkpoint.firewall.ibm.lab 26May2017 reject checkpoint.firewall.ibm.lab product: VPN-1 & FireWall-1; src: 79.186.10.120; s_port: 60730; dst: 183.36.142.179; service: 113; proto: tcp; rule: 14;SmartDefense profile: Default_Protection;__policy_id_tag: product=VPN-1 & FireWall-1[db_tag={25E5B8F6-79E7-11DD-941A-C0A832D00C0C};mgmt=fwmngt-wuv;date=1220466957;policy_name=rhino_gbl];has_accounting: 0;i/f_dir: inbound;i/f_name: eth-s2/s1p1c0;rule_uid: {9C96B325-D976-4A30-8685-9ED61018A6E7};service_id: gident;
<129>May 26 08:23:50 barracuda.firewall.ibm.lab WF ALER CROSS_SITE_SCRIPTING_IN_PARAM 30.90.182.58 64206 128.49.9.208 443 security-policy GLOBAL DENY NONE [type="cross-site-scripting" pattern="script-tag" token="<script>" Parameter="url" value="<script>alert(5341)</script>"] GET 128.49.9.208/redirect.asp?url=<script>alert(5341)</script> HTTPS "-" ""-"" 128.49.9.208 59845 "-" "-"
<133>May 26 08:23:52 microsoft.event.ibm.lab MSWinEventLog 1 Security 102757633 Fri May 26 08:23:52 2017 4907 Microsoft-Windows-Security-Auditing N/A N/A Success Audit testuser-12 Audit Policy Change Auditing settings on object were changed. Subject: Security ID: S-1-5-18 Account Name: testuser-12 Account Domain: us.ibm.com Logon ID: 0x1079521 Object: Object Server: Security Object Type: File Object Name: \Windows\winsxs\test.wav Handle ID: 0x3a8 Process Information: Process ID: 0x347E67 Process Name: C:\Windows\System32\wbengine.exe Auditing Settings: Original Security Descriptor: S:AI(AU;A;;WD) New Security Descriptor: S:ARAI(AU;SAFA;;;;WD)(AU;IDFA;B;;;WD) 210130
<13>May 26 08:23:53 checkpoint.firewall.ibm.lab 26May2017  checkpoint.firewall.ibm.lab product: SmartDefense; src: 128.234.158.118; s_port: ; dst: 28.163.125.40; service: ; proto: udp; rule: ;Attack Info: Bad domain format, illegal ASCII value in domain;Suppressed logs: 1;Total logs: 2;__policy_id_tag: product=VPN-1 & FireWall-1[db_tag={9B20E8EA-7DE6-11DD-B7D6-C0A832D11E1E};mgmt=fwmngt-zentral;date=1220906528;policy_name=Vulpine_gbl];alert: alert;attack: Invalid DNS;has_accounting: 0;i/f_dir: inbound;
<13>May 26 08:23:55 checkpoint.firewall.ibm.lab 26May2017 drop checkpoint.firewall.ibm.lab product: SmartDefense; src: 83.87.204.105; s_port: 55642; dst: 199.242.219.102; service: 443; proto: tcp; rule: 392;Attack Info: TCP segment out of maximum allowed sequence. Packet dropped.;Confidence Level: 0;Performance Impact: 0;Protection Name: TCP Segment Limit Enforcement;Protection Type: settings_tcp;Severity: 0;SmartDefense Profile: Boticario_DMZ_Protection;__policy_id_tag: product=VPN-1 & FireWall-1[db_tag={E94ECB65-34C0-4740-9634-761E1604C8BC};mgmt=SJP1PLNX036-DMZ;date=1424714440;policy_name=DMZ];attack: Streaming Engine: TCP Segment Limit Enforcement;has_accounting: 0;i/f_dir: inbound;i/f_name: eth2-01.2809;origin_sic_name: CN=TEST-DMZ1,O=log_server_hostname;protection_id: tcp_segment_limit;rule_uid: {499DBB08-D262-4D9F-B639-5337A7B36E59};snid: 7572c682;src_machine_name: COMP-testuser-78;src_user_name: testuser-78 ;user: testuser-78 ;
<50>May 26 08:23:56 SymantecServer symantec.endpoint.ibm.lab: testbox-xyz,[SID: 70025] Web Attack: Blackhole Exploit Toolkit 2 attack blocked. Traffic has been blocked for this application: C:\Program Files\Internet Explorer\iexplore.exe,Local: 0.0.0.0,Local: 000000000000,Remote: ,Remote: 0.0.0.0,Remote: 000000000000,Inbound,OTHERS,,Begin: 2017-05-26 08:23:56,End: 2017-05-26 08:23:56,Occurrences: 1,Application: C:/Program Files/Internet Explorer/iexplore.exe,Location: Default,User: testuser-39,Domain: SIMON,!ExternalLoggingTask.localport! 0,!ExternalLoggingTask.remoteport! 0,!ExternalLoggingTask.cidssignid! 70025,!ExternalLoggingTask.strcidssignid! Web Attack: Blackhole Exploit Toolkit 2,!ExternalLoggingTask.cidssignsubid! 0,!ExternalLoggingTask.intrusionurl! http://pppptttt.blah.net/links/came_broadcasting_taking-various.php,!ExternalLoggingTask.intrusionpayloadurl!
<33>May 26 08:23:58 threecom.switch.ibm.lab %May 26 08:23:58 2017 S9500 FTPS/5/USERIN: User rogueUser-4(128.234.158.118) login succeeded
<25>May 26 08:24:00 apple.macosx.ibm.lab DirectoryService[51]: Failed Authentication return is being delayed due to over five recent auth failures for username: testuser-86.
<86>May 26 08:24:01 apple.macosx.ibm.lab sshd[5590]: Failed password for invalid user testuser-33 from 201.150.192.18 port 49632 ssh2
<83>May 26 08:24:03 apple.macosx.ibm.lab sshd[5590]: error: PAM: Authentication failure for illegal user testuser-51 from 91.225.184.102<38>May 26 08:24:04 sshd[724561]: Failed password for invalid user testuser-18 from 143.65.77.194 port 62470 ssh2
<133>May 26 08:24:06 microsoft.event.ibm.lab MSWinEventLog 1 Security 102757633 Fri May 26 08:24:06 2017 4907 Microsoft-Windows-Security-Auditing N/A N/A Success Audit testuser-30 Audit Policy Change Auditing settings on object were changed. Subject: Security ID: S-1-5-18 Account Name: testuser-30 Account Domain: us.ibm.com Logon ID: 0x1079521 Object: Object Server: Security Object Type: File Object Name: \Windows\winsxs\test.wav Handle ID: 0x3a8 Process Information: Process ID: 0x9940FC Process Name: C:\Windows\System32\wbengine.exe Auditing Settings: Original Security Descriptor: S:AI(AU;A;;WD) New Security Descriptor: S:ARAI(AU;SAFA;;;;WD)(AU;IDFA;B;;;WD) 136921
<190>May 26 08:24:07 arbor.pravail.ibm.lab pravail-aps: Blocked Host: Blocked host 202.207.224.25 at 10:53 by Malformed HTTP Filtering using TCP/80 (HTTP) destination 35.158.151.191 source port 61157,URL: https://arbornetworks.pravail.test.com/chaos/
<25>May 26 08:24:09 apple.macosx.ibm.lab DirectoryService[51]: Failed Authentication return is being delayed due to over five recent auth failures for username: testuser-5.
<33>May 26 08:24:10 threecom.switch.ibm.lab %May 26 08:24:10 2017 S9500 PORTAL/5/PT_LOG: Online user 79.186.10.120 changes to 139.158.27.115, we will cut it off as using traffic-acct.
<157>May 26 08:24:12 microsoft.event.ibm.lab MSWinEventLog	4	Security	60703	Fri May 26 08:24:12 2017	552	Security	NETWORK SERVICE	Well Known Group	Success Audit	testuser-50	Logon/Logoff		Logon attempt using explicit credentials: Logged on user:  User Name: NETWORK SERVICE  Domain: NT AUTHORITY  Logon ID: (0x0,0x1083681)  Logon GUID: -  User whose credentials were used:  Target User Name: testuser-50  Target Domain: us.ibm.com Target Logon GUID: -  Target Server Name: localhost  Target Server Info: localhost  Caller Process ID: 18010  Source Network Address: -  Source Port: - 	56794
<39>May 26 08:24:14 Message forwarded from aix.ibm.lab: testuser-39 PAM: pam_authenticate: error Authentication failed
<13>May 26 08:24:15 microsoft.sec.ibm.lab AgentDevice=WindowsLog	AgentLogFile=Security	Source=Security	Computer=COMP-testuser-69	User=testuser-69	Domain=	EventID=672	EventIDCode=672	EventType=16	EventCategory=9	RecordNumber=803829	TimeGenerated=1495801455	TimeWritten=1495801455	Message=Authentication Ticket Request: User Name: testuser-69 Supplied Realm Name: us.ibm.com User ID: %{S-1-2-3-1104601} Service Name: krbtgt Service ID: %{S-3-2-1-642DEE} Ticket Options: 0x40810010 Result Code: - Ticket Encryption Type: 0x17 Pre-Authentication Type: 2 Client Address: 103.60.96.2 Certificate Issuer Name:  Certificate Serial Number:  Certificate Thumbprint: 
<33>May 26 08:24:17 threecom.switch.ibm.lab %May 26 08:24:17 2017 S9500 FTPS/5/USERIN: User testuser-79(179.174.48.208) login succeeded
<13>May 26 08:24:18 checkpoint.firewall.ibm.lab 26May2017 drop checkpoint.firewall.ibm.lab product: SmartDefense; src: 20.135.51.253; s_port: 50205; dst: 187.152.231.166; service: 443; proto: tcp; rule: 392;Attack Info: TCP segment out of maximum allowed sequence. Packet dropped.;Confidence Level: 0;Performance Impact: 0;Protection Name: TCP Segment Limit Enforcement;Protection Type: settings_tcp;Severity: 0;SmartDefense Profile: Boticario_DMZ_Protection;__policy_id_tag: product=VPN-1 & FireWall-1[db_tag={E94ECB65-34C0-4740-9634-761E1604C8BC};mgmt=SJP1PLNX036-DMZ;date=1424714440;policy_name=DMZ];attack: Streaming Engine: TCP Segment Limit Enforcement;has_accounting: 0;i/f_dir: inbound;i/f_name: eth2-01.2809;origin_sic_name: CN=TEST-DMZ1,O=log_server_hostname;protection_id: tcp_segment_limit;rule_uid: {499DBB08-D262-4D9F-B639-5337A7B36E59};snid: 7572c682;src_machine_name: COMP-rogueUser-3;src_user_name: rogueUser-3 ;user: rogueUser-3 ;
<13>May 26 08:24:20 checkpoint.firewall.ibm.lab 26May2017 drop checkpoint.firewall.ibm.lab product: SmartDefense; src: 79.186.10.120; s_port: 50880; dst: 105.44.82.68; service: 443; proto: tcp; rule: 392;Attack Info: TCP segment out of maximum allowed sequence. Packet dropped.;Confidence Level: 0;Performance Impact: 0;Protection Name: TCP Segment Limit Enforcement;Protection Type: settings_tcp;Severity: 0;SmartDefense Profile: Boticario_DMZ_Protection;__policy_id_tag: product=VPN-1 & FireWall-1[db_tag={E94ECB65-34C0-4740-9634-761E1604C8BC};mgmt=SJP1PLNX036-DMZ;date=1424714440;policy_name=DMZ];attack: Streaming Engine: TCP Segment Limit Enforcement;has_accounting: 0;i/f_dir: inbound;i/f_name: eth2-01.2809;origin_sic_name: CN=TEST-DMZ1,O=log_server_hostname;protection_id: tcp_segment_limit;rule_uid: {499DBB08-D262-4D9F-B639-5337A7B36E59};snid: 7572c682;src_machine_name: COMP-testuser-55;src_user_name: testuser-55 ;user: testuser-55 ;
<33>May 26 08:24:21 threecom.switch.ibm.lab %May 26 08:24:21 2017 S9500 RTA/3/Failed to start accounting: Failed to start traffic accounting for user 213.39.172.85 on board 6
<190>May 26 08:24:23 arbor.pravail.ibm.lab pravail-aps: Blocked Host: Blocked host 125.83.117.185 10:53 by TCP Connection Reset using TCP/54409 (Unknown) destination 45.10.144.78 source port 443,URL: https://arbornetworks.pravail.test.com/chaos/
<13>May 26 08:24:25 microsoft.sec.ibm.lab AgentDevice=WindowsLog	AgentLogFile=Security	Source=Security	Computer=COMP-testuser-89	User=testuser-89	Domain=	EventID=529	EventIDCode=529	EventType=16	EventCategory=2	RecordNumber=950663	TimeGenerated=1495801465	TimeWritten=1495801465	Message=Successful Network Logon: User Name: Domain: Logon ID: (0x0,0x1108809) Logon Type: 3 Logon Process: NtLmSsp Authentication Package: NTLM Workstation Name: COMP-testuser-89 Logon GUID: - Caller User Name: - Caller Domain: - Caller Logon ID: - Caller Process ID: - Transited Services: - Source Network Address: 52.126.222.41 Source Port: 0
<190>May 26 08:24:26 arbor.pravail.ibm.lab pravail-aps: Blocked Host: Blocked host 9.135.38.229 at 10:52 by Invalid Packets using TCP/0 (Unknown) destination 11.84.6.249,URL: https://arbornetworks.pravail.test.com/chaos/
<27>May 26 08:24:28 ambiron.ipangel.ibm.lab ipangel-ips: [2017-05-26 08:24:28-05] alert [Priority: 9] [119:2:1] [(http_inspect) DOUBLE DECODING ATTACK] 16.74.199.104:52142 TCP 170.27.88.234:80 br0
<33>May 26 08:24:29 threecom.switch.ibm.lab %May 26 08:24:29 2017 S9500 RTA/3/Failed to get user traffic: Failed to get traffic of user 79.186.10.120 on board 6
<26>May 26 08:24:31 ambiron.ipangel.ibm.lab ipangel-ips: [2017-05-26 08:24:31-05] alert [Priority: 9] [119:14:1] [(http_inspect) NON-RFC DEFINED CHAR] 128.234.158.118:51699 TCP 101.20.223.163:80 br0
<190>May 26 08:24:32 arbor.pravail.ibm.lab pravail-aps: Blocked Host: Blocked host 125.83.117.185 at 10:53 by Malformed HTTP Filtering using TCP/80 (HTTP) destination 24.120.212.55 source port 54981,URL: https://arbornetworks.pravail.test.com/chaos/
<38>May 26 08:24:34 syslog: ssh: failed login attempt for testuser-76 from 120.171.20.155
<26>May 26 08:24:36 ambiron.ipangel.ibm.lab ipangel-ips: [2017-05-26 08:24:36-05] alert [Priority: 9] [119:14:1] [(http_inspect) NON-RFC DEFINED CHAR] 165.11.95.213:60543 TCP 211.190.86.57:80 br0
<182>May 26 08:24:37 apache.httpd.ibm.lab httpd: 99.123.52.13 165.211.26.79 - - [26/May/2017:08:24:37 -0500] "POST /test.php?doing_test=123 HTTP/1.0" 404 80 282
<13>May 26 08:24:39 microsoft.sec.ibm.lab AgentDevice=WindowsLog	AgentLogFile=Security	Source=Security	Computer=COMP-testuser-10	User=testuser-10	Domain=	EventID=675	EventIDCode=675	EventType=16	EventCategory=9	RecordNumber=162447	TimeGenerated=1495801479	TimeWritten=1495801479	Message=Pre-authentication failed: User Name: testuser-10 User ID: %{S-1-2-3-1075369} Service Name: krbtgt Pre-Authentication Type: 0x2 Failure Code: 0x18 Client Address: 64.87.88.123 
<187>May 26 08:24:40 ['9.9.9.9'] httpd[16986]: [error] [client 218.111.178.29] Invalid URI in request \xf7vMKp`ET&\xa4\x9c\xc9\xec\xd1\xd8j\r\xce\xd9\xd4\xb3\c7
<133>May 26 08:24:42 microsoft.event.ibm.lab MSWinEventLog 1 Security 102757633 Fri May 26 08:24:42 2017 4907 Microsoft-Windows-Security-Auditing N/A N/A Success Audit testuser-93 Audit Policy Change Auditing settings on object were changed. Subject: Security ID: S-1-5-18 Account Name: testuser-93 Account Domain: us.ibm.com Logon ID: 0x1098304 Object: Object Server: Security Object Type: File Object Name: \Windows\winsxs\test.wav Handle ID: 0x3a8 Process Information: Process ID: 0x606C1C Process Name: C:\Windows\System32\wbengine.exe Auditing Settings: Original Security Descriptor: S:AI(AU;A;;WD) New Security Descriptor: S:ARAI(AU;SAFA;;;;WD)(AU;IDFA;B;;;WD) 249901
<129>May 26 08:24:43 barracuda.firewall.ibm.lab WF ALER METHOD_NOT_ALLOWED 218.111.178.29 56761 9.90.40.249 80 security-policy GLOBAL DENY NONE [Method="ABCD"] ABCD 9.90.40.249/ HTTP "-" ""-"" 9.90.40.249 48536 "-" "-"
<13>May 26 08:24:45 microsoft.sec.ibm.lab AgentDevice=WindowsLog	AgentLogFile=Security	Source=Security	Computer=COMP-rogueUser-4	User=SYSTEM	Domain=	EventID=644	EventIDCode=644	EventType=8	EventCategory=7	RecordNumber=849634	TimeGenerated=1495801485	TimeWritten=1495801485	Message=User Account Locked Out: Target Account Name: rogueUser-4 Target Account ID: %{S-1-2-3-1119364} Caller Machine Name: COMP-CALLER01 Caller User Name: CALLER-01 Caller Domain: us.ibm.com Caller Logon ID: (0x0,0xBA5EBA11)
<33>May 26 08:24:46 threecom.switch.ibm.lab %May 26 08:24:46 2017 S9500 AAA/2/Serious error!: User testuser-11, in ACM send msg to SC failed! Returns 1 srcID 6 msgType 16384.
<13>May 26 08:24:48 microsoft.sec.ibm.lab AgentDevice=WindowsLog	AgentLogFile=Security	Source=Security	Computer=COMP-testuser-6	User=testuser-6	Domain=	EventID=672	EventIDCode=672	EventType=8	EventCategory=9	RecordNumber=275276	TimeGenerated=1495801488	TimeWritten=1495801488	Message=Authentication Ticket Request: User Name: testuser-6 Supplied Realm Name: us.ibm.com User ID: %{S-1-2-3-988036} Service Name: krbtgt Service ID: %{S-3-2-1-6F8BEF} Ticket Options: 0x40810010 Result Code: - Ticket Encryption Type: 0x17 Pre-Authentication Type: 2 Client Address: 188.120.141.19 Certificate Issuer Name:  Certificate Serial Number:  Certificate Thumbprint: 
<54>May 26 08:24:50 SymantecServer symantec.endpoint.ibm.lab: Commercial application detected,Computer name: COMP-1100401,Detection type: Commercial,Application name: DameWare Development DWRCS,Application type: Remote Control,Application version: 5\~ 5\~ 0\~ 0,Hash type: SHA-1,Application hash: 4670d9eeeab7449788be3b18e9364ef0088b900e,Company name: DameWare Development LLC,File size (bytes): 208896,Sensitivity: 0,Detection score: 1,Submission recommendation: 0,Permitted application reason: 0,Source: Heuristic Scan,Risk name:  ,Occurrences: 1,DWMRCS,"DWMRCS",Actual action: Left alone,Requested action: Left alone,Secondary action: Commercial application detection,Event time: 2017-05-26 08:24:50,Inserted: 2017-05-26 08:24:50,End: 2017-05-26 08:24:50,Domain: Default,Group: My Company	est,Server: testbox,User: testuser-58,Source computer:  ,Source IP: 0.0.0.0
<129>May 26 08:24:51 barracuda.firewall.ibm.lab WF ALER CROSS_SITE_SCRIPTING_IN_URL 79.186.10.120 54070 62.187.187.65 80 security-policy GLOBAL DENY NONE [type="cross-site-scripting" pattern="script-tag" token="<script>"] GET 62.187.187.65/<script>alert(53416)</script> HTTP "-" ""-"" 62.187.187.65 48541 "-" "-"
<54>May 26 08:24:53 SymantecServer symantec.endpoint.ibm.lab: Commercial application detected,Computer name: COMP-1094116,Detection type: Commercial,Application name: DameWare Development DWRCS,Application type: Remote Control,Application version: 5\~ 5\~ 0\~ 0,Hash type: SHA-1,Application hash: 4670d9eeeab7449788be3b18e9364ef0088b900e,Company name: DameWare Development LLC,File size (bytes): 208896,Sensitivity: 0,Detection score: 1,Submission recommendation: 0,Permitted application reason: 0,Source: Heuristic Scan,Risk name:  ,Occurrences: 1,DWMRCS,"DWMRCS",Actual action: Left alone,Requested action: Left alone,Secondary action: Commercial application detection,Event time: 2017-05-26 08:24:53,Inserted: 2017-05-26 08:24:53,End: 2017-05-26 08:24:53,Domain: Default,Group: My Company	est,Server: testbox,User: testuser-28,Source computer:  ,Source IP: 0.0.0.0
<54>May 26 08:24:54 SymantecServer symantec.endpoint.ibm.lab: Potential risk found,Computer name: COMP-1087849,Detection type: Heuristic,Application name: (Unknown),Application type: Trojan Worm,Application version: ,Hash type: SHA-1,Application hash: 72c874f212a18944ff56f774bfe7252346b93f8e,Company name: ,File size (bytes): 301568,Sensitivity: 0,Detection score: 40,Submission recommendation:1,Permitted application reason: 0,Source: Heuristic Scan,Risk name: ,Occurrences: 1,c:\claims\claims32.exe,"",Actual action: Left alone,Requested action: Left alone,Secondary action: Left alone,Event time: 2017-05-26 08:24:54,Inserted:2017-05-26 08:24:54,End:  2017-05-26 08:24:54,Domain: Default,Group: My Company\LTC\Desktops,Server: crasesssmc01,User: testuser-34,Source computer: ,Source IP: 0.0.0.0
<38>May 26 08:24:56 Message forwarded from aix.ibm.lab: syslog: pts/2: failed login attempt for testuser-41 from 125.83.117.185
<182>May 26 08:24:57 apache.httpd.ibm.lab httpd: 201.150.192.18 211.194.48.148 - - [26/May/2017:08:24:57 -0500] "GET / HTTP/1.0" 200 443 9334
<190>May 26 08:24:59 arbor.pravail.ibm.lab pravail-aps: Blocked Host: Blocked host 125.83.117.185 at 10:53 by Malformed HTTP Filtering using TCP/80 (HTTP) destination 170.116.111.203 source port 55170,URL: https://arbornetworks.pravail.test.com/chaos/
<54>May 26 08:25:01 SymantecServer symantec.endpoint.ibm.lab: Commercial application detected,Computer name: COMP-1110916,Detection type: Commercial,Application name: DameWare Development DWRCS,Application type: Remote Control,Application version: 5\~ 5\~ 0\~ 0,Hash type: SHA-1,Application hash: 4670d9eeeab7449788be3b18e9364ef0088b900e,Company name: DameWare Development LLC,File size (bytes): 208896,Sensitivity: 0,Detection score: 1,Submission recommendation: 0,Permitted application reason: 0,Source: Heuristic Scan,Risk name:  ,Occurrences: 1,DWMRCS,"DWMRCS",Actual action: Left alone,Requested action: Left alone,Secondary action: Commercial application detection,Event time: 2017-05-26 08:25:01,Inserted: 2017-05-26 08:25:01,End: 2017-05-26 08:25:01,Domain: Default,Group: My Company	est,Server: testbox,User: testuser-99,Source computer:  ,Source IP: 0.0.0.0
<157>May 26 08:25:02 microsoft.event.ibm.lab MSWinEventLog	4	Security	60703	Fri May 26 08:25:02 2017	552	Security	NETWORK SERVICE	Well Known Group	Success Audit	rogueUser-3	Logon/Logoff		Logon attempt using explicit credentials: Logged on user:  User Name: NETWORK SERVICE  Domain: NT AUTHORITY  Logon ID: (0x0,0x1117249)  Logon GUID: -  User whose credentials were used:  Target User Name: rogueUser-3  Target Domain: us.ibm.com Target Logon GUID: -  Target Server Name: localhost  Target Server Info: localhost  Caller Process ID: 925223  Source Network Address: -  Source Port: - 	56794
<33>May 26 08:25:04 threecom.switch.ibm.lab %May 26 08:25:04 2017 S9500 RTA/3/Failed to get user traffic: Failed to get traffic of user 64.87.88.123 on board 6
<27>May 26 08:25:05 ambiron.ipangel.ibm.lab ipangel-ips: [2017-05-26 08:25:05-05] alert [Priority: 9] [119:2:1] [(http_inspect) DOUBLE DECODING ATTACK] 202.207.224.25:59409 TCP 213.6.246.67:80 br0
<25>May 26 08:25:07 ambiron.ipangel.ibm.lab ipangel-ips: [2017-05-26 08:25:07-05] alert [Priority: 9] [116:46:1] [(snort_decoder) WARNING: TCP Data Offset is less than 5!] 201.150.192.18:60316 TCP 136.155.247.75:80 br0
<129>May 26 08:25:08 barracuda.firewall.ibm.lab WF ALER CROSS_SITE_SCRIPTING_IN_PARAM 218.111.178.29 51036 17.52.26.58 443 security-policy GLOBAL DENY NONE [type="cross-site-scripting" pattern="script-tag" token="<script>" Parameter="url" value="<script>alert(5341)</script>"] GET 17.52.26.58/redirect.asp?url=<script>alert(5341)</script> HTTPS "-" ""-"" 17.52.26.58 59845 "-" "-"
<13>May 26 08:25:10 microsoft.sec.ibm.lab AgentDevice=WindowsLog	AgentLogFile=Security	Source=Security	Computer=COMP-testuser-97	User=testuser-97	Domain=	EventID=576	EventIDCode=576	EventType=8	EventCategory=2	RecordNumber=941959	TimeGenerated=1495801510	TimeWritten=1495801510	Message=Special privileges assigned to new logon: User Name: testuser-97 Domain: us.ibm.com Logon ID: (0x0,0x1106704) Privileges: SeSecurityPrivilege SeBackupPrivilege SeRestorePrivilege SeTakeOwnershipPrivilege SeDebugPrivilege SeSystemEnvironmentPrivilege SeLoadDriverPrivilege SeImpersonatePrivilege
<14>May 26 08:25:12 Message forwarded from aix.ibm.lab: ftp[random_number_1_to_999999]: ftp: EXPORT user testuser-93, host 30.90.182.58, local test_script.sh, remote test_script.sh.
<129>May 26 08:25:13 barracuda.firewall.ibm.lab WF ALER CROSS_SITE_SCRIPTING_IN_URL 218.111.178.29 59203 137.127.18.174 80 security-policy GLOBAL DENY NONE [type="cross-site-scripting" pattern="script-tag" token="<script>"] GET 137.127.18.174/<script>alert(53416)</script> HTTP "-" ""-"" 137.127.18.174 48541 "-" "-"
<14>May 26 08:25:15 Message forwarded from aix.ibm.lab: rcp[random_number_1_to_999999]: EXPORT file to host aix.ibm.lab cmd is rcp -t /root, local user testuser-70.
<187>May 26 08:25:16 ['9.9.9.9'] httpd[16986]: [error] [client 218.111.178.29] Invalid URI in request \xf7vMKp`ET&\xa4\x9c\xc9\xec\xd1\xd8j\r\xce\xd9\xd4\xb3\c7
<54>May 26 08:25:18 SymantecServer symantec.endpoint.ibm.lab: CNC2PSY9D1,Allowed,Sysfer exception: .\RegParamEngine.cpp 1152 Failed to read value DeviceInstance from key \Registry\Machine\SYSTEM\CurrentControlSet\Control\DeviceClasses\{53f56307-b6bf-11d0-94f2-00a0c91efb8b}\##?#IDE#DiskWDC_WD800JD-75MSA3______________________10.01E04#5&,Sysfer exception,Begin: 2017-05-26 08:25:18,End: 2017-05-26 08:25:18,Rule: Sysfer exception,3592,C:/Program Files/Cisco Systems/CSAgent/bin/okclient.exe,0,,,User: testuser-38,Domain: US
<187>May 26 08:25:19 ['9.9.9.9'] httpd[16986]: [error] [client 136.38.97.190] Invalid URI in request \xf7vMKp`ET&\xa4\x9c\xc9\xec\xd1\xd8j\r\xce\xd9\xd4\xb3\c7
<26>May 26 08:25:21 ambiron.ipangel.ibm.lab ipangel-ips: [2017-05-26 08:25:21-05] alert [Priority: 9] [119:14:1] [(http_inspect) NON-RFC DEFINED CHAR] 83.87.204.105:59226 TCP 32.248.178.62:80 br0
<33>May 26 08:25:22 threecom.switch.ibm.lab %May 26 08:25:22 2017 S9500 PORTAL/5/PT_LOG: Online user 218.111.178.29 changes to 199.97.207.209, we will cut it off as using traffic-acct.
<182>May 26 08:25:24 apache.httpd.ibm.lab httpd: 9.135.38.229 65.178.46.46 - - [26/May/2017:08:25:24 -0500] "GET /<script>alert(53416)</script> HTTP/1.1" 404 443 320
<13>May 26 08:25:26 microsoft.sec.ibm.lab AgentDevice=WindowsLog	AgentLogFile=Security	Source=Security	Computer=COMP-testuser-53	User=testuser-53	Domain=	EventID=680	EventIDCode=680	EventType=16	EventCategory=9	RecordNumber=624106	TimeGenerated=1495801526	TimeWritten=1495801526	Message=Logon attempt by: MICROSOFT_AUTHENTICATION_PACKAGE_V1_0 Logon account: testuser-53 Source Workstation: COMP-testuser-53 Error Code: 0x0 
<189>May 26 08:25:27 ['9.9.9.9'] authmgr[504]: <NOTI> login <00:1c:bf:ca:2b:98  128.234.158.118 rogueUser-4>method=802.1x, server=TEST001, role=Authenticated Update(status 0 method 0 role 16), reauth=1800 sec
<133>May 26 08:25:29 microsoft.event.ibm.lab MSWinEventLog 1 Security 102757633 Fri May 26 08:25:29 2017 4907 Microsoft-Windows-Security-Auditing N/A N/A Success Audit testuser-10 Audit Policy Change Auditing settings on object were changed. Subject: Security ID: S-1-5-18 Account Name: testuser-10 Account Domain: us.ibm.com Logon ID: 0x1075369 Object: Object Server: Security Object Type: File Object Name: \Windows\winsxs\test.wav Handle ID: 0x3a8 Process Information: Process ID: 0xE7B346 Process Name: C:\Windows\System32\wbengine.exe Auditing Settings: Original Security Descriptor: S:AI(AU;A;;WD) New Security Descriptor: S:ARAI(AU;SAFA;;;;WD)(AU;IDFA;B;;;WD) 943389
<33>May 26 08:25:30 threecom.switch.ibm.lab %May 26 08:25:30 2017 S9500 RTA/3/Failed to get user traffic: Failed to get traffic of user 56.219.18.103 on board 6
<190>May 26 08:25:32 arbor.pravail.ibm.lab pravail-aps: Blocked Host: Blocked host 79.186.10.120 at 10:53 by Malformed HTTP Filtering using TCP/80 (HTTP) destination 174.115.242.122 source port 63107,URL: https://arbornetworks.pravail.test.com/chaos/
<13>May 26 08:25:33 microsoft.sec.ibm.lab AgentDevice=WindowsLog	AgentLogFile=Security	Source=Security	Computer=COMP-testuser-10	User=testuser-10	Domain=	EventID=672	EventIDCode=672	EventType=8	EventCategory=9	RecordNumber=968195	TimeGenerated=1495801533	TimeWritten=1495801533	Message=Authentication Ticket Request: User Name: testuser-10 Supplied Realm Name: us.ibm.com User ID: %{S-1-2-3-1075369} Service Name: krbtgt Service ID: %{S-3-2-1-52770D} Ticket Options: 0x40810010 Result Code: - Ticket Encryption Type: 0x17 Pre-Authentication Type: 2 Client Address: 64.87.88.123 Certificate Issuer Name:  Certificate Serial Number:  Certificate Thumbprint: 
<182>May 26 08:25:35 apache.httpd.ibm.lab httpd: 218.111.178.29 117.8.76.23 - - [26/May/2017:08:25:35 -0500] "TRACE / HTTP/1.0" 403 443 272
<54>May 26 08:25:37 SymantecServer symantec.endpoint.ibm.lab: CNC2PSY9D1,Allowed,Sysfer exception: .\RegParamEngine.cpp 1152 Failed to read value DeviceInstance from key \Registry\Machine\SYSTEM\CurrentControlSet\Control\DeviceClasses\{53f56307-b6bf-11d0-94f2-00a0c91efb8b}\##?#IDE#DiskWDC_WD800JD-75MSA3______________________10.01E04#5&,Sysfer exception,Begin: 2017-05-26 08:25:37,End: 2017-05-26 08:25:37,Rule: Sysfer exception,3592,C:/Program Files/Cisco Systems/CSAgent/bin/okclient.exe,0,,,User: testuser-28,Domain: US
<13>May 26 08:25:38 microsoft.sec.ibm.lab AgentDevice=WindowsLog	AgentLogFile=Security	Source=Security	Computer=COMP-testuser-12	User=testuser-12	Domain=	EventID=680	EventIDCode=680	EventType=16	EventCategory=9	RecordNumber=704187	TimeGenerated=1495801538	TimeWritten=1495801538	Message=Logon attempt by: MICROSOFT_AUTHENTICATION_PACKAGE_V1_0 Logon account: testuser-12 Source Workstation: COMP-testuser-12 Error Code: 0x0 
<54>May 26 08:25:40 SymantecServer symantec.endpoint.ibm.lab: Potential risk found,Computer name: COMP-1083681,Detection type: Heuristic,Application name: (Unknown),Application type: Trojan Worm,Application version: ,Hash type: SHA-1,Application hash: 72c874f212a18944ff56f774bfe7252346b93f8e,Company name: ,File size (bytes): 301568,Sensitivity: 0,Detection score: 40,Submission recommendation:1,Permitted application reason: 0,Source: Heuristic Scan,Risk name: ,Occurrences: 1,c:\claims\claims32.exe,"",Actual action: Left alone,Requested action: Left alone,Secondary action: Left alone,Event time: 2017-05-26 08:25:40,Inserted:2017-05-26 08:25:40,End:  2017-05-26 08:25:40,Domain: Default,Group: My Company\LTC\Desktops,Server: crasesssmc01,User: testuser-14,Source computer: ,Source IP: 0.0.0.0
<86>May 26 08:25:41 apple.macosx.ibm.lab sshd[5590]: Failed password for invalid user testuser-18 from 176.231.190.4 port 53451 ssh2
<26>May 26 08:25:43 ambiron.ipangel.ibm.lab ipangel-ips: [2017-05-26 08:25:43-05] alert [Priority: 9] [119:14:1] [(http_inspect) NON-RFC DEFINED CHAR] 16.74.199.104:49963 TCP 51.22.102.191:80 br0
<33>May 26 08:25:44 threecom.switch.ibm.lab %May 26 08:25:44 2017 S9500 VTY/5/VTY_LOG:  TELNET user failed to login from 202.207.224.25(000D-88F6-60E0) on VTY0.
<189>May 26 08:25:46 ['9.9.9.9'] authmgr[504]: <NOTI> login <00:1c:bf:ca:2b:98  120.171.20.155 testuser-58>method=802.1x, server=TEST001, role=Authenticated Update(status 0 method 0 role 16), reauth=1800 sec
<129>May 26 08:25:48 barracuda.firewall.ibm.lab WF ALER SLASH_DOT_IN_URL 165.11.95.213 61014 87.218.85.55 443 security-policy GLOBAL DENY NONE ["-"] GET 87.218.85.55/themes/default/css/.htaccess HTTPS "-" ""-"" 87.218.85.55 44428 "-" "-"
<13>May 26 08:25:49 microsoft.sec.ibm.lab AgentDevice=WindowsLog	AgentLogFile=Security	Source=Security	Computer=COMP-testuser-44	User=testuser-44	Domain=	EventID=680	EventIDCode=680	EventType=16	EventCategory=9	RecordNumber=917290	TimeGenerated=1495801549	TimeWritten=1495801549	Message=Logon attempt by: MICROSOFT_AUTHENTICATION_PACKAGE_V1_0 Logon account: testuser-44 Source Workstation: COMP-testuser-44 Error Code: 0x0 
<27>May 26 08:25:51 ambiron.ipangel.ibm.lab ipangel-ips: [2017-05-26 08:25:51-05] alert [Priority: 9] [119:2:1] [(http_inspect) DOUBLE DECODING ATTACK] 79.186.10.120:63504 TCP 24.73.178.49:80 br0
<190>May 26 08:25:52 arbor.pravail.ibm.lab pravail-aps: Blocked Host: Blocked host 136.38.97.190 10:53 by TCP Connection Reset using TCP/51071 (Unknown) destination 145.114.147.179 source port 443,URL: https://arbornetworks.pravail.test.com/chaos/
<129>May 26 08:25:54 barracuda.firewall.ibm.lab WF ALER CROSS_SITE_SCRIPTING_IN_PARAM 33.195.94.29 64337 102.215.101.90 443 security-policy GLOBAL DENY NONE [type="cross-site-scripting" pattern="script-tag" token="<script>" Parameter="url" value="<script>alert(5341)</script>"] GET 102.215.101.90/redirect.asp?url=<script>alert(5341)</script> HTTPS "-" ""-"" 102.215.101.90 59845 "-" "-"
<29>May 26 08:25:55 Message forwarded from aix.ibm.lab: telnetd[15843424090276]: telnet from ::ffff:132.146.155.198 on /dev/pts/1
<38>May 26 08:25:57 Message forwarded from aix.ibm.lab: syslog: pts/2: failed login attempt for testuser-36 from 218.111.178.29
<129>May 26 08:25:58 barracuda.firewall.ibm.lab WF ALER SLASH_DOT_IN_URL 30.90.182.58 65227 52.252.43.207 443 security-policy GLOBAL DENY NONE ["-"] GET 52.252.43.207/themes/default/css/.htaccess HTTPS "-" ""-"" 52.252.43.207 44428 "-" "-"
<25>May 26 08:26:00 ambiron.ipangel.ibm.lab ipangel-ips: [2017-05-26 08:26:00-05] alert [Priority: 9] [116:46:1] [(snort_decoder) WARNING: TCP Data Offset is less than 5!] 147.198.103.40:52275 TCP 134.65.243.105:80 br0
<54>May 26 08:26:02 SymantecServer symantec.endpoint.ibm.lab: Potential risk found,Computer name: COMP-986049,Detection type: Heuristic,Application name: (Unknown),Application type: Trojan Worm,Application version: ,Hash type: SHA-1,Application hash: 72c874f212a18944ff56f774bfe7252346b93f8e,Company name: ,File size (bytes): 301568,Sensitivity: 0,Detection score: 40,Submission recommendation:1,Permitted application reason: 0,Source: Heuristic Scan,Risk name: ,Occurrences: 1,c:\claims\claims32.exe,"",Actual action: Left alone,Requested action: Left alone,Secondary action: Left alone,Event time: 2017-05-26 08:26:02,Inserted:2017-05-26 08:26:02,End:  2017-05-26 08:26:02,Domain: Default,Group: My Company\LTC\Desktops,Server: crasesssmc01,User: testuser-5,Source computer: ,Source IP: 0.0.0.0
<133>May 26 08:26:03 microsoft.event.ibm.lab MSWinEventLog 1 Security 102757633 Fri May 26 08:26:03 2017 4907 Microsoft-Windows-Security-Auditing N/A N/A Success Audit rogueUser-1 Audit Policy Change Auditing settings on object were changed. Subject: Security ID: S-1-5-18 Account Name: rogueUser-1 Account Domain: us.ibm.com Logon ID: 0x1113025 Object: Object Server: Security Object Type: File Object Name: \Windows\winsxs\test.wav Handle ID: 0x3a8 Process Information: Process ID: 0x95F0BC Process Name: C:\Windows\System32\wbengine.exe Auditing Settings: Original Security Descriptor: S:AI(AU;A;;WD) New Security Descriptor: S:ARAI(AU;SAFA;;;;WD)(AU;IDFA;B;;;WD) 106937
<27>May 26 08:26:05 ambiron.ipangel.ibm.lab ipangel-ips: [2017-05-26 08:26:05-05] alert [Priority: 9] [119:2:1] [(http_inspect) DOUBLE DECODING ATTACK] 218.111.178.29:63185 TCP 108.5.55.113:80 br0
<86>May 26 08:26:06 apple.macosx.ibm.lab sshd[5590]: Failed password for invalid user rogueUser-3 from 111.237.81.31 port 51732 ssh2
<133>May 26 08:26:08 microsoft.event.ibm.lab MSWinEventLog 1 Security 102757633 Fri May 26 08:26:08 2017 4907 Microsoft-Windows-Security-Auditing N/A N/A Success Audit testuser-97 Audit Policy Change Auditing settings on object were changed. Subject: Security ID: S-1-5-18 Account Name: testuser-97 Account Domain: us.ibm.com Logon ID: 0x1106704 Object: Object Server: Security Object Type: File Object Name: \Windows\winsxs\test.wav Handle ID: 0x3a8 Process Information: Process ID: 0x78A7D8 Process Name: C:\Windows\System32\wbengine.exe Auditing Settings: Original Security Descriptor: S:AI(AU;A;;WD) New Security Descriptor: S:ARAI(AU;SAFA;;;;WD)(AU;IDFA;B;;;WD) 502029
<189>May 26 08:26:09 ['9.9.9.9'] authmgr[504]: <NOTI> login <00:1c:bf:ca:2b:98  83.87.204.105 testuser-69>method=802.1x, server=TEST001, role=Authenticated Update(status 0 method 0 role 16), reauth=1800 sec
<33>May 26 08:26:11 threecom.switch.ibm.lab %May 26 08:26:11 2017 S9500 FTPS/5/USEROUT: User testuser-77(212.2.111.4) logged out
<190>May 26 08:26:13 arbor.pravail.ibm.lab pravail-aps: Blocked Host: Blocked host 120.171.20.155 at 10:52 by Invalid Packets using TCP/0 (Unknown) destination 109.116.171.66,URL: https://arbornetworks.pravail.test.com/chaos/
<157>May 26 08:26:14 microsoft.event.ibm.lab MSWinEventLog	4	Security	60703	Fri May 26 08:26:14 2017	552	Security	NETWORK SERVICE	Well Known Group	Success Audit	testuser-3	Logon/Logoff		Logon attempt using explicit credentials: Logged on user:  User Name: NETWORK SERVICE  Domain: NT AUTHORITY  Logon ID: (0x0,0x982081)  Logon GUID: -  User whose credentials were used:  Target User Name: testuser-3  Target Domain: us.ibm.com Target Logon GUID: -  Target Server Name: localhost  Target Server Info: localhost  Caller Process ID: 801419  Source Network Address: -  Source Port: - 	56794
