<13>May 26 08:37:44 checkpoint.firewall.ibm.lab 26May2017  checkpoint.firewall.ibm.lab product: SmartDefense; src: 128.234.158.118; s_port: ; dst: 213.29.246.76; service: ; proto: udp; rule: ;Attack Info: Out-of-state DNS reply;Suppressed logs: 143;Total logs: 144;__policy_id_tag: product=VPN-1 & FireWall-1[db_tag={321A4EE6-7DEA-11DD-BFAA-C0A832822626};mgmt=fwmngt05;date=1220908070;policy_name=KillerWhale_gbl];alert: alert;attack: Invalid DNS;has_accounting: 0;i/f_dir: inbound;
<13>May 26 08:37:46 checkpoint.firewall.ibm.lab 26May2017  checkpoint.firewall.ibm.lab product: martDefense; src: 79.186.10.120; s_port: ; dst: 50.230.185.100; service: ; proto: udp; rule: ;Attack Info: Response packet too long, potential buffer overflow;Suppressed logs: 5;Total logs: 6;__policy_id_tag: product=VPN-1 & FireWall-1[db_tag={321A4EE6-7DEA-11DD-BFAA-C0A832822626};mgmt=fwmngt05;date=1220908070;policy_name=KillerWhale_gbl];alert: alert;attack: Invalid DNS;has_accounting: 0;i/f_dir: inbound;
<83>May 26 08:37:48 apple.macosx.ibm.lab com.apple.SecurityServer: authinternal failed to authenticate user testuser-62.
<38>May 26 08:37:49 sshd[272142]: Address 165.11.95.213 maps to test.ibm.com, but this does not map back to the address - POSSIBLE BREAK-IN ATTEMPT!
<50>May 26 08:37:51 SymantecServer symantec.endpoint.ibm.lab: testbox-xyz,[SID: 70025] Web Attack: Blackhole Exploit Toolkit 2 attack blocked. Traffic has been blocked for this application: C:\Program Files\Internet Explorer\iexplore.exe,Local: 0.0.0.0,Local: 000000000000,Remote: ,Remote: 0.0.0.0,Remote: 000000000000,Inbound,OTHERS,,Begin: 2017-05-26 08:37:51,End: 2017-05-26 08:37:51,Occurrences: 1,Application: C:/Program Files/Internet Explorer/iexplore.exe,Location: Default,User: testuser-22,Domain: SIMON,!ExternalLoggingTask.localport! 0,!ExternalLoggingTask.remoteport! 0,!ExternalLoggingTask.cidssignid! 70025,!ExternalLoggingTask.strcidssignid! Web Attack: Blackhole Exploit Toolkit 2,!ExternalLoggingTask.cidssignsubid! 0,!ExternalLoggingTask.intrusionurl! http://pppptttt.blah.net/links/came_broadcasting_taking-various.php,!ExternalLoggingTask.intrusionpayloadurl!
<27>May 26 08:37:52 ambiron.ipangel.ibm.lab ipangel-ips: [2017-05-26 08:37:52-05] alert [Priority: 9] [119:2:1] [(http_inspect) DOUBLE DECODING ATTACK] 15.83.16.235:58690 TCP 188.216.12.150:80 br0
<86>May 26 08:37:54 apple.macosx.ibm.lab com.apple.SecurityServer: authinternal authenticated user rogueUser-2 (uid 116160).
<189>May 26 08:37:55 ['9.9.9.9'] authmgr[504]: <NOTI> login <00:1c:bf:ca:2b:98  56.219.18.103 testuser-16>method=802.1x, server=TEST001, role=Authenticated Update(status 0 method 0 role 16), reauth=1800 sec
<133>May 26 08:37:57 microsoft.event.ibm.lab MSWinEventLog 1 Security 102757633 Fri May 26 08:37:57 2017 4907 Microsoft-Windows-Security-Auditing N/A N/A Success Audit testuser-66 Audit Policy Change Auditing settings on object were changed. Subject: Security ID: S-1-5-18 Account Name: testuser-66 Account Domain: us.ibm.com Logon ID: 0x1098304 Object: Object Server: Security Object Type: File Object Name: \Windows\winsxs\test.wav Handle ID: 0x3a8 Process Information: Process ID: 0x8E4891 Process Name: C:\Windows\System32\wbengine.exe Auditing Settings: Original Security Descriptor: S:AI(AU;A;;WD) New Security Descriptor: S:ARAI(AU;SAFA;;;;WD)(AU;IDFA;B;;;WD) 18683
<13>May 26 08:37:58 checkpoint.firewall.ibm.lab 26May2017  checkpoint.firewall.ibm.lab product: SmartDefense; src: 30.90.182.58; s_port: ; dst: 62.152.25.20; service: ; proto: icmp; rule: ;Attack Info: Echo request too big;Suppressed logs: 1;Total logs: 2;__policy_id_tag: product=VPN-1 & FireWall-1[db_tag={B5A7057E-7F61-11DD-AA43-C0A832D12424};mgmt=fwmngt-zentral;date=1221069352;policy_name=Spider_gbl];alert: alert;attack: Large ping;has_accounting: 0;i/f_dir: inbound;
<27>May 26 08:38:00 ambiron.ipangel.ibm.lab ipangel-ips: [2017-05-26 08:38:00-05] alert [Priority: 9] [119:2:1] [(http_inspect) DOUBLE DECODING ATTACK] 179.174.48.208:62982 TCP 8.9.125.73:80 br0
<13>May 26 08:38:02 microsoft.sec.ibm.lab AgentDevice=WindowsLog	AgentLogFile=Security	Source=Security	Computer=COMP-testuser-44	User=testuser-44	Domain=	EventID=540	EventIDCode=540	EventType=8	EventCategory=2	RecordNumber=593005	TimeGenerated=1495802282	TimeWritten=1495802282	Message=Successful Network Logon: User Name: Domain: Logon ID: (0x0,0x1089936) Logon Type: 3 Logon Process: NtLmSsp Authentication Package: NTLM Workstation Name: COMP-testuser-44 Logon GUID: - Caller User Name: - Caller Domain: - Caller Logon ID: - Caller Process ID: - Transited Services: - Source Network Address: 29.198.233.137 Source Port: 0
<129>May 26 08:38:03 barracuda.firewall.ibm.lab WF ALER CROSS_SITE_SCRIPTING_IN_PARAM 136.38.97.190 63222 6.143.66.126 443 security-policy GLOBAL DENY NONE [type="cross-site-scripting" pattern="script-tag" token="<script>" Parameter="url" value="<script>alert(5341)</script>"] GET 6.143.66.126/redirect.asp?url=<script>alert(5341)</script> HTTPS "-" ""-"" 6.143.66.126 59845 "-" "-"
<182>May 26 08:38:05 apache.httpd.ibm.lab httpd: 165.11.95.213 170.241.79.148 - - [26/May/2017:08:38:05 -0500] "GET / HTTP/1.0" 200 443 9334
<33>May 26 08:38:06 threecom.switch.ibm.lab %May 26 08:38:06 2017 S9500 RTA/3/Failed to start accounting: Failed to start traffic accounting for user 137.38.197.140 on board 6
<33>May 26 08:38:08 threecom.switch.ibm.lab %May 26 08:38:08 2017 S9500 RTA/3/Failed to start accounting: Failed to start traffic accounting for user 136.38.97.190 on board 6
<190>May 26 08:38:09 arbor.pravail.ibm.lab pravail-aps: Blocked Host: Blocked host 218.111.178.29 at 10:52 by Invalid Packets using TCP/0 (Unknown) destination 43.158.231.209,URL: https://arbornetworks.pravail.test.com/chaos/
<13>May 26 08:38:11 microsoft.sec.ibm.lab AgentDevice=WindowsLog	AgentLogFile=Security	Source=Security	Computer=COMP-testuser-19	User=testuser-19	Domain=	EventID=680	EventIDCode=680	EventType=16	EventCategory=9	RecordNumber=500597	TimeGenerated=1495802291	TimeWritten=1495802291	Message=Logon attempt by: MICROSOFT_AUTHENTICATION_PACKAGE_V1_0 Logon account: testuser-19 Source Workstation: COMP-testuser-19 Error Code: 0x0 
<14>May 26 08:38:13 Message forwarded from aix.ibm.lab: ftp[random_number_1_to_999999]: ftp: IMPORT user testuser-16, host 56.219.18.103, local test_file, remote /data/savedata/test_file.dat.
<179>May 26 08:38:14 apache.httpd.ibm.lab httpd[5570]: [ID 702911 local6.error] [error] [client 129.171.84.29] Certificate Verification: Error (10): certificate has expired
<149>May 26 08:38:16 apple.macosx.ibm.lab sudo:    rogueUser-1 : TTY=ttyp1 ; PWD=/Users/admin ; USER=admin ;COMMAND=/bin/bash
<50>May 26 08:38:17 SymantecServer symantec.endpoint.ibm.lab: testbox-xyz,[SID: 70025] Web Attack: Blackhole Exploit Toolkit 2 attack blocked. Traffic has been blocked for this application: C:\Program Files\Internet Explorer\iexplore.exe,Local: 0.0.0.0,Local: 000000000000,Remote: ,Remote: 0.0.0.0,Remote: 000000000000,Inbound,OTHERS,,Begin: 2017-05-26 08:38:17,End: 2017-05-26 08:38:17,Occurrences: 1,Application: C:/Program Files/Internet Explorer/iexplore.exe,Location: Default,User: rogueUser-1,Domain: SIMON,!ExternalLoggingTask.localport! 0,!ExternalLoggingTask.remoteport! 0,!ExternalLoggingTask.cidssignid! 70025,!ExternalLoggingTask.strcidssignid! Web Attack: Blackhole Exploit Toolkit 2,!ExternalLoggingTask.cidssignsubid! 0,!ExternalLoggingTask.intrusionurl! http://pppptttt.blah.net/links/came_broadcasting_taking-various.php,!ExternalLoggingTask.intrusionpayloadurl!
<86>May 26 08:38:19 apple.macosx.ibm.lab sshd[5590]: Failed password for invalid user testuser-24 from 201.150.192.18 port 53798 ssh2
<157>May 26 08:38:20 microsoft.event.ibm.lab MSWinEventLog	4	Security	60703	Fri May 26 08:38:20 2017	552	Security	NETWORK SERVICE	Well Known Group	Success Audit	testuser-4	Logon/Logoff		Logon attempt using explicit credentials: Logged on user:  User Name: NETWORK SERVICE  Domain: NT AUTHORITY  Logon ID: (0x0,0x984064)  Logon GUID: -  User whose credentials were used:  Target User Name: testuser-4  Target Domain: us.ibm.com Target Logon GUID: -  Target Server Name: localhost  Target Server Info: localhost  Caller Process ID: 314974  Source Network Address: -  Source Port: - 	56794
<86>May 26 08:38:22 apple.macosx.ibm.lab sshd[5590]: Failed password for invalid user testuser-33 from 125.108.61.180 port 49455 ssh2
<13>May 26 08:38:24 microsoft.sec.ibm.lab AgentDevice=WindowsLog	AgentLogFile=Security	Source=Security	Computer=COMP-testuser-4	User=testuser-4	Domain=	EventID=672	EventIDCode=672	EventType=8	EventCategory=9	RecordNumber=458402	TimeGenerated=1495802304	TimeWritten=1495802304	Message=Authentication Ticket Request: User Name: testuser-4 Supplied Realm Name: us.ibm.com User ID: %{S-1-2-3-984064} Service Name: krbtgt Service ID: %{S-3-2-1-74053D} Ticket Options: 0x40810010 Result Code: - Ticket Encryption Type: 0x17 Pre-Authentication Type: 2 Client Address: 140.7.103.10 Certificate Issuer Name:  Certificate Serial Number:  Certificate Thumbprint: 
<27>May 26 08:38:25 ambiron.ipangel.ibm.lab ipangel-ips: [2017-05-26 08:38:25-05] alert [Priority: 9] [119:2:1] [(http_inspect) DOUBLE DECODING ATTACK] 20.135.51.253:59854 TCP 7.205.36.49:80 br0
<179>May 26 08:38:27 apache.httpd.ibm.lab httpd[5570]: [ID 702911 local6.error] [error] [client 33.195.94.29] Certificate Verification: Error (10): certificate has expired
<190>May 26 08:38:28 arbor.pravail.ibm.lab pravail-aps: Blocked Host: Blocked host 201.150.192.18 at 10:52 by Invalid Packets using TCP/0 (Unknown) destination 137.177.176.138,URL: https://arbornetworks.pravail.test.com/chaos/
<54>May 26 08:38:30 SymantecServer symantec.endpoint.ibm.lab: Commercial application detected,Computer name: COMP-1100401,Detection type: Commercial,Application name: DameWare Development DWRCS,Application type: Remote Control,Application version: 5\~ 5\~ 0\~ 0,Hash type: SHA-1,Application hash: 4670d9eeeab7449788be3b18e9364ef0088b900e,Company name: DameWare Development LLC,File size (bytes): 208896,Sensitivity: 0,Detection score: 1,Submission recommendation: 0,Permitted application reason: 0,Source: Heuristic Scan,Risk name:  ,Occurrences: 1,DWMRCS,"DWMRCS",Actual action: Left alone,Requested action: Left alone,Secondary action: Commercial application detection,Event time: 2017-05-26 08:38:30,Inserted: 2017-05-26 08:38:30,End: 2017-05-26 08:38:30,Domain: Default,Group: My Company	est,Server: testbox,User: testuser-94,Source computer:  ,Source IP: 0.0.0.0
<54>May 26 08:38:31 SymantecServer symantec.endpoint.ibm.lab: DCA-EMAPROJ2,Allowed,"C:\Program Files\Common Files\Symantec Shared\ccSvcHst.exe",,Begin: 2017-05-26 08:38:31,End:2017-05-26 08:38:31,Rule: ,2528,C:/Program Files/Microsoft Virtual Server/vmh.exe,0,,C:/ProgramFiles/Common Files/Symantec Shared/ccSvcHst.exe,User: testuser-65,Domain: US
<182>May 26 08:38:33 apache.httpd.ibm.lab httpd: 136.38.97.190 164.29.163.101 - - [26/May/2017:08:38:33 -0500] "GET / HTTP/1.0" 200 443 9334
<149>May 26 08:38:34 apple.macosx.ibm.lab sudo:    testuser-87 : TTY=ttyp1 ; PWD=/Users/admin ; USER=admin ;COMMAND=/bin/bash
<129>May 26 08:38:36 barracuda.firewall.ibm.lab WF ALER METHOD_NOT_ALLOWED 136.38.97.190 59279 67.98.250.226 80 security-policy GLOBAL DENY NONE [Method="ABCD"] ABCD 67.98.250.226/ HTTP "-" ""-"" 67.98.250.226 48536 "-" "-"
<54>May 26 08:38:38 SymantecServer symantec.endpoint.ibm.lab: Potential risk found,Computer name: COMP-1119364,Detection type: Heuristic,Application name: (Unknown),Application type: Trojan Worm,Application version: ,Hash type: SHA-1,Application hash: 72c874f212a18944ff56f774bfe7252346b93f8e,Company name: ,File size (bytes): 301568,Sensitivity: 0,Detection score: 40,Submission recommendation:1,Permitted application reason: 0,Source: Heuristic Scan,Risk name: ,Occurrences: 1,c:\claims\claims32.exe,"",Actual action: Left alone,Requested action: Left alone,Secondary action: Left alone,Event time: 2017-05-26 08:38:38,Inserted:2017-05-26 08:38:38,End:  2017-05-26 08:38:38,Domain: Default,Group: My Company\LTC\Desktops,Server: crasesssmc01,User: rogueUser-4,Source computer: ,Source IP: 0.0.0.0
<189>May 26 08:38:39 ['9.9.9.9'] authmgr[504]: <NOTI> login <00:1c:bf:ca:2b:98  79.186.10.120 testuser-55>method=802.1x, server=TEST001, role=Authenticated Update(status 0 method 0 role 16), reauth=1800 sec
<83>May 26 08:38:41 apple.macosx.ibm.lab com.apple.SecurityServer: authinternal failed to authenticate user testuser-19.
<190>May 26 08:38:42 arbor.pravail.ibm.lab pravail-aps: Blocked Host: Blocked host 79.186.10.120 at 10:53 by Malformed HTTP Filtering using TCP/80 (HTTP) destination 168.58.82.203 source port 52189,URL: https://arbornetworks.pravail.test.com/chaos/
<190>May 26 08:38:44 arbor.pravail.ibm.lab pravail-aps: Blocked Host: Blocked host 44.111.228.125 at 10:52 by Invalid Packets using TCP/0 (Unknown) destination 152.52.172.175,URL: https://arbornetworks.pravail.test.com/chaos/
<33>May 26 08:38:45 threecom.switch.ibm.lab %May 26 08:38:45 2017 S9500 PORTAL/5/PT_LOG: Online user 137.38.197.140 changes to 133.212.246.228, we will cut it off as using traffic-acct.
<13>May 26 08:38:47 checkpoint.firewall.ibm.lab 26May2017 drop checkpoint.firewall.ibm.lab product: VPN-1 &FireWall-1; src: 99.123.52.13; s_port: 60601; dst: 1.12.217.138; service: 138; proto: udp; rule: 323;SmartDefense profile: Default_Protection;__policy_id_tag: product=VPN-1 & FireWall-1[db_tag={48AB8350-7F61-11DD-887D-C0A832D16C6C};mgmt=fwmngt-zentral;date=1221069169;policy_name=Chameleon_gbl];has_accounting: 0;i/f_dir: inbound;i/f_name: eth-s1/s1p1c0;rule_uid: {21D66174-0E19-4B77-A1E9-3473FE991088};
<129>May 26 08:38:49 barracuda.firewall.ibm.lab WF ALER SLASH_DOT_IN_URL 202.207.224.25 53932 92.181.238.75 443 security-policy GLOBAL DENY NONE ["-"] GET 92.181.238.75/themes/default/css/.htaccess HTTPS "-" ""-"" 92.181.238.75 44428 "-" "-"
<157>May 26 08:38:50 microsoft.event.ibm.lab MSWinEventLog	4	Security	60703	Fri May 26 08:38:50 2017	552	Security	NETWORK SERVICE	Well Known Group	Success Audit	testuser-13	Logon/Logoff		Logon attempt using explicit credentials: Logged on user:  User Name: NETWORK SERVICE  Domain: NT AUTHORITY  Logon ID: (0x0,0x1081600)  Logon GUID: -  User whose credentials were used:  Target User Name: testuser-13  Target Domain: us.ibm.com Target Logon GUID: -  Target Server Name: localhost  Target Server Info: localhost  Caller Process ID: 92671  Source Network Address: -  Source Port: - 	56794
<25>May 26 08:38:52 ambiron.ipangel.ibm.lab ipangel-ips: [2017-05-26 08:38:52-05] alert [Priority: 9] [116:46:1] [(snort_decoder) WARNING: TCP Data Offset is less than 5!] 56.219.18.103:49702 TCP 27.10.152.1:80 br0
<187>May 26 08:38:53 ['9.9.9.9'] httpd[16986]: [error] [client 202.207.224.25] Invalid URI in request \xf7vMKp`ET&\xa4\x9c\xc9\xec\xd1\xd8j\r\xce\xd9\xd4\xb3\c7
<187>May 26 08:38:55 ['9.9.9.9'] httpd[16986]: [error] [client 212.2.111.4] Invalid URI in request \xf7vMKp`ET&\xa4\x9c\xc9\xec\xd1\xd8j\r\xce\xd9\xd4\xb3\c7
<182>May 26 08:38:56 apache.httpd.ibm.lab httpd: 56.219.18.103 128.210.131.146 - - [26/May/2017:08:38:56 -0500] "GET / HTTP/1.0" 200 443 9334
<13>May 26 08:38:58 microsoft.sec.ibm.lab AgentDevice=WindowsLog	AgentLogFile=Security	Source=Security	Computer=COMP-rogueUser-4	User=rogueUser-4	Domain=	EventID=672	EventIDCode=672	EventType=16	EventCategory=9	RecordNumber=871398	TimeGenerated=1495802338	TimeWritten=1495802338	Message=Authentication Ticket Request: User Name: rogueUser-4 Supplied Realm Name: us.ibm.com User ID: %{S-1-2-3-1119364} Service Name: krbtgt Service ID: %{S-3-2-1-ED9F22} Ticket Options: 0x40810010 Result Code: - Ticket Encryption Type: 0x17 Pre-Authentication Type: 2 Client Address: 2.152.28.238 Certificate Issuer Name:  Certificate Serial Number:  Certificate Thumbprint: 
<54>May 26 08:39:00 SymantecServer symantec.endpoint.ibm.lab: DCA-EMAPROJ2,Allowed,"C:\Program Files\Common Files\Symantec Shared\ccSvcHst.exe",,Begin: 2017-05-26 08:39:00,End:2017-05-26 08:39:00,Rule: ,2528,C:/Program Files/Microsoft Virtual Server/vmh.exe,0,,C:/ProgramFiles/Common Files/Symantec Shared/ccSvcHst.exe,User: testuser-64,Domain: US
<25>May 26 08:39:01 ambiron.ipangel.ibm.lab ipangel-ips: [2017-05-26 08:39:01-05] alert [Priority: 9] [116:46:1] [(snort_decoder) WARNING: TCP Data Offset is less than 5!] 15.83.16.235:52274 TCP 171.15.193.206:80 br0
<190>May 26 08:39:03 arbor.pravail.ibm.lab pravail-aps: Blocked Host: Blocked host 56.219.18.103 at 10:52 by Invalid Packets using TCP/0 (Unknown) destination 171.224.29.174,URL: https://arbornetworks.pravail.test.com/chaos/
<182>May 26 08:39:04 apache.httpd.ibm.lab httpd: 165.11.95.213 52.195.239.125 - - [26/May/2017:08:39:04 -0500] "HEAD / HTTP/1.1" 200 443 -
<54>May 26 08:39:06 SymantecServer symantec.endpoint.ibm.lab: Commercial application detected,Computer name: COMP-994009,Detection type: Commercial,Application name: DameWare Development DWRCS,Application type: Remote Control,Application version: 5\~ 5\~ 0\~ 0,Hash type: SHA-1,Application hash: 4670d9eeeab7449788be3b18e9364ef0088b900e,Company name: DameWare Development LLC,File size (bytes): 208896,Sensitivity: 0,Detection score: 1,Submission recommendation: 0,Permitted application reason: 0,Source: Heuristic Scan,Risk name:  ,Occurrences: 1,DWMRCS,"DWMRCS",Actual action: Left alone,Requested action: Left alone,Secondary action: Commercial application detection,Event time: 2017-05-26 08:39:06,Inserted: 2017-05-26 08:39:06,End: 2017-05-26 08:39:06,Domain: Default,Group: My Company	est,Server: testbox,User: testuser-9,Source computer:  ,Source IP: 0.0.0.0
<14>May 26 08:39:07 Message forwarded from aix.ibm.lab: ftp[random_number_1_to_999999]: ftp: EXPORT user testuser-53, host 136.38.97.190, local test_script.sh, remote test_script.sh.
<13>May 26 08:39:09 checkpoint.firewall.ibm.lab 26May2017 reject checkpoint.firewall.ibm.lab product: VPN-1 & FireWall-1; src: 125.83.117.185; s_port: 55676; dst: 98.133.213.91; service: 113; proto: tcp; rule: 14;SmartDefense profile: Default_Protection;__policy_id_tag: product=VPN-1 & FireWall-1[db_tag={25E5B8F6-79E7-11DD-941A-C0A832D00C0C};mgmt=fwmngt-wuv;date=1220466957;policy_name=rhino_gbl];has_accounting: 0;i/f_dir: inbound;i/f_name: eth-s2/s1p1c0;rule_uid: {9C96B325-D976-4A30-8685-9ED61018A6E7};service_id: gident;
<189>May 26 08:39:10 ['9.9.9.9'] authmgr[504]: <NOTI> login <00:1c:bf:ca:2b:98  120.171.20.155 testuser-76>method=802.1x, server=TEST001, role=Authenticated Update(status 0 method 0 role 16), reauth=1800 sec
<54>May 26 08:39:12 SymantecServer symantec.endpoint.ibm.lab: Commercial application detected,Computer name: COMP-1077444,Detection type: Commercial,Application name: DameWare Development DWRCS,Application type: Remote Control,Application version: 5\~ 5\~ 0\~ 0,Hash type: SHA-1,Application hash: 4670d9eeeab7449788be3b18e9364ef0088b900e,Company name: DameWare Development LLC,File size (bytes): 208896,Sensitivity: 0,Detection score: 1,Submission recommendation: 0,Permitted application reason: 0,Source: Heuristic Scan,Risk name:  ,Occurrences: 1,DWMRCS,"DWMRCS",Actual action: Left alone,Requested action: Left alone,Secondary action: Commercial application detection,Event time: 2017-05-26 08:39:12,Inserted: 2017-05-26 08:39:12,End: 2017-05-26 08:39:12,Domain: Default,Group: My Company	est,Server: testbox,User: testuser-20,Source computer:  ,Source IP: 0.0.0.0
<13>May 26 08:39:14 checkpoint.firewall.ibm.lab 26May2017  checkpoint.firewall.ibm.lab product: martDefense; src: 165.11.95.213; s_port: ; dst: 195.237.223.24; service: ; proto: udp; rule: ;Attack Info: Response packet too long, potential buffer overflow;Suppressed logs: 5;Total logs: 6;__policy_id_tag: product=VPN-1 & FireWall-1[db_tag={321A4EE6-7DEA-11DD-BFAA-C0A832822626};mgmt=fwmngt05;date=1220908070;policy_name=KillerWhale_gbl];alert: alert;attack: Invalid DNS;has_accounting: 0;i/f_dir: inbound;
<133>May 26 08:39:15 microsoft.event.ibm.lab MSWinEventLog 1 Security 102757633 Fri May 26 08:39:15 2017 4907 Microsoft-Windows-Security-Auditing N/A N/A Success Audit testuser-46 Audit Policy Change Auditing settings on object were changed. Subject: Security ID: S-1-5-18 Account Name: testuser-46 Account Domain: us.ibm.com Logon ID: 0x1094116 Object: Object Server: Security Object Type: File Object Name: \Windows\winsxs\test.wav Handle ID: 0x3a8 Process Information: Process ID: 0x90C946 Process Name: C:\Windows\System32\wbengine.exe Auditing Settings: Original Security Descriptor: S:AI(AU;A;;WD) New Security Descriptor: S:ARAI(AU;SAFA;;;;WD)(AU;IDFA;B;;;WD) 274902
<38>May 26 08:39:17 sshd[818070]: Address 56.219.18.103 maps to test.ibm.com, but this does not map back to the address - POSSIBLE BREAK-IN ATTEMPT!
<129>May 26 08:39:18 barracuda.firewall.ibm.lab WF ALER METACHARACTER_IN_PARAMETER 128.234.158.118 51393 207.144.25.128 443 security-policy GLOBAL DENY NONE [token="%00 " Parameter="article" value="../../../../../../../../etc/passwd"] GET 207.144.25.128/talkback.cgi?article=../../../../../../../../etc/passwd%00&action=view&matchview=1 HTTPS "-" ""-"" 207.144.25.128 51393 "-" "-"
<190>May 26 08:39:20 arbor.pravail.ibm.lab pravail-aps: Blocked Host: Blocked host 33.195.94.29 at 10:52 by Invalid Packets using TCP/0 (Unknown) destination 123.83.64.119,URL: https://arbornetworks.pravail.test.com/chaos/
<13>May 26 08:39:21 checkpoint.firewall.ibm.lab 26May2017  checkpoint.firewall.ibm.lab product: SmartDefense; src: 120.171.20.155; s_port: ; dst: 52.194.92.6; service: ; proto: udp; rule: ;Attack Info: Bad domain format, illegal ASCII value in domain;Suppressed logs: 1;Total logs: 2;__policy_id_tag: product=VPN-1 & FireWall-1[db_tag={9B20E8EA-7DE6-11DD-B7D6-C0A832D11E1E};mgmt=fwmngt-zentral;date=1220906528;policy_name=Vulpine_gbl];alert: alert;attack: Invalid DNS;has_accounting: 0;i/f_dir: inbound;
<133>May 26 08:39:23 microsoft.event.ibm.lab MSWinEventLog 1 Security 102757633 Fri May 26 08:39:23 2017 4907 Microsoft-Windows-Security-Auditing N/A N/A Success Audit rogueUser-4 Audit Policy Change Auditing settings on object were changed. Subject: Security ID: S-1-5-18 Account Name: rogueUser-4 Account Domain: us.ibm.com Logon ID: 0x1119364 Object: Object Server: Security Object Type: File Object Name: \Windows\winsxs\test.wav Handle ID: 0x3a8 Process Information: Process ID: 0xE6AEC0 Process Name: C:\Windows\System32\wbengine.exe Auditing Settings: Original Security Descriptor: S:AI(AU;A;;WD) New Security Descriptor: S:ARAI(AU;SAFA;;;;WD)(AU;IDFA;B;;;WD) 520363
<157>May 26 08:39:25 microsoft.event.ibm.lab MSWinEventLog	4	Security	60703	Fri May 26 08:39:25 2017	552	Security	NETWORK SERVICE	Well Known Group	Success Audit	testuser-44	Logon/Logoff		Logon attempt using explicit credentials: Logged on user:  User Name: NETWORK SERVICE  Domain: NT AUTHORITY  Logon ID: (0x0,0x1089936)  Logon GUID: -  User whose credentials were used:  Target User Name: testuser-44  Target Domain: us.ibm.com Target Logon GUID: -  Target Server Name: localhost  Target Server Info: localhost  Caller Process ID: 616900  Source Network Address: -  Source Port: - 	56794
<182>May 26 08:39:26 apache.httpd.ibm.lab httpd: 218.111.178.29 170.90.113.29 - - [26/May/2017:08:39:26 -0500] "GET /../../../../../../../../../../../ HTTP/1.1" 400 443 307
<33>May 26 08:39:28 threecom.switch.ibm.lab %May 26 08:39:28 2017 S9500 FTPS/5/USEROUT: User rogueUser-4(128.234.158.118) logged out
<189>May 26 08:39:29 ['9.9.9.9'] authmgr[504]: <NOTI> login <00:1c:bf:ca:2b:98  147.198.103.40 testuser-6>method=802.1x, server=TEST001, role=Authenticated Update(status 0 method 0 role 16), reauth=1800 sec
<13>May 26 08:39:31 microsoft.sec.ibm.lab AgentDevice=WindowsLog	AgentLogFile=Security	Source=Security	Computer=COMP-testuser-89	User=testuser-89	Domain=	EventID=675	EventIDCode=675	EventType=16	EventCategory=9	RecordNumber=703693	TimeGenerated=1495802371	TimeWritten=1495802371	Message=Pre-authentication failed: User Name: testuser-89 User ID: %{S-1-2-3-1108809} Service Name: krbtgt Pre-Authentication Type: 0x2 Failure Code: 0x18 Client Address: 54.11.145.63 
<189>May 26 08:39:32 ['9.9.9.9'] authmgr[504]: <NOTI> login <00:1c:bf:ca:2b:98  56.219.18.103 testuser-43>method=802.1x, server=TEST001, role=Authenticated Update(status 0 method 0 role 16), reauth=1800 sec
<33>May 26 08:39:34 threecom.switch.ibm.lab %May 26 08:39:34 2017 S9500 AAA/2/Serious error!: User testuser-1, in ACM send msg to SC failed! Returns 1 srcID 6 msgType 16384.
<129>May 26 08:39:36 barracuda.firewall.ibm.lab WF ALER SLASH_DOT_IN_URL 136.38.97.190 60475 204.96.232.139 443 security-policy GLOBAL DENY NONE ["-"] GET 204.96.232.139/themes/default/css/.htaccess HTTPS "-" ""-"" 204.96.232.139 44428 "-" "-"
<190>May 26 08:39:37 arbor.pravail.ibm.lab pravail-aps: Blocked Host: Blocked host 129.171.84.29 at 10:53 by Malformed HTTP Filtering using TCP/80 (HTTP) destination 211.172.84.38 source port 54342,URL: https://arbornetworks.pravail.test.com/chaos/
<13>May 26 08:39:39 microsoft.sec.ibm.lab AgentDevice=WindowsLog	AgentLogFile=Security	Source=Security	Computer=COMP-testuser-11	User=testuser-11	Domain=	EventID=680	EventIDCode=680	EventType=8	EventCategory=9	RecordNumber=931607	TimeGenerated=1495802379	TimeWritten=1495802379	Message=Logon attempt by: MICROSOFT_AUTHENTICATION_PACKAGE_V1_0 Logon account: testuser-11 Source Workstation: COMP-testuser-11 Error Code: 0x0 
<33>May 26 08:39:40 threecom.switch.ibm.lab %May 26 08:39:40 2017 S9500 RTA/3/Failed to get user traffic: Failed to get traffic of user 165.11.95.213 on board 6
<86>May 26 08:39:42 apple.macosx.ibm.lab com.apple.SecurityServer: authinternal authenticated user testuser-22 (uid 82624).
<38>May 26 08:39:43 sshd[random_number_1_to_999999]: Accepted keyboard-interactive/pam for testuser-55 from 79.186.10.120 port 60449 ssh2
<34>May 26 08:39:43 Message forwarded from aix.ibm.lab: su: BAD SU from testuser-55 to root at /dev/pts/3
<13>May 26 08:39:45 microsoft.sec.ibm.lab AgentDevice=WindowsLog	AgentLogFile=Security	Source=Security	Computer=COMP-testuser-68	User=SYSTEM	Domain=	EventID=644	EventIDCode=644	EventType=8	EventCategory=7	RecordNumber=541491	TimeGenerated=1495802385	TimeWritten=1495802385	Message=User Account Locked Out: Target Account Name: testuser-68 Target Account ID: %{S-1-2-3-1102500} Caller Machine Name: COMP-CALLER01 Caller User Name: CALLER-01 Caller Domain: us.ibm.com Caller Logon ID: (0x0,0xBA5EBA11)
<33>May 26 08:39:46 threecom.switch.ibm.lab %May 26 08:39:46 2017 S9500 VTY/5/VTY_LOG:  TELNET user failed to login from 125.83.117.185(000D-88F6-60E0) on VTY0.
<149>May 26 08:39:48 apple.macosx.ibm.lab sudo:    testuser-68 : TTY=ttyp1 ; PWD=/Users/admin ; USER=admin ;COMMAND=/bin/bash
<54>May 26 08:39:50 SymantecServer symantec.endpoint.ibm.lab: Potential risk found,Computer name: COMP-1092025,Detection type: Heuristic,Application name: (Unknown),Application type: Trojan Worm,Application version: ,Hash type: SHA-1,Application hash: 72c874f212a18944ff56f774bfe7252346b93f8e,Company name: ,File size (bytes): 301568,Sensitivity: 0,Detection score: 40,Submission recommendation:1,Permitted application reason: 0,Source: Heuristic Scan,Risk name: ,Occurrences: 1,c:\claims\claims32.exe,"",Actual action: Left alone,Requested action: Left alone,Secondary action: Left alone,Event time: 2017-05-26 08:39:50,Inserted:2017-05-26 08:39:50,End:  2017-05-26 08:39:50,Domain: Default,Group: My Company\LTC\Desktops,Server: crasesssmc01,User: testuser-63,Source computer: ,Source IP: 0.0.0.0
<38>May 26 08:39:51 Message forwarded from aix.ibm.lab: syslog: pts/2: failed login attempt for testuser-10 from 64.87.88.123
<13>May 26 08:39:53 microsoft.sec.ibm.lab AgentDevice=WindowsLog	AgentLogFile=Security	Source=Security	Computer=COMP-testuser-47	User=testuser-47	Domain=	EventID=672	EventIDCode=672	EventType=16	EventCategory=9	RecordNumber=713067	TimeGenerated=1495802393	TimeWritten=1495802393	Message=Authentication Ticket Request: User Name: testuser-47 Supplied Realm Name: us.ibm.com User ID: %{S-1-2-3-1096209} Service Name: krbtgt Service ID: %{S-3-2-1-E3F177} Ticket Options: 0x40810010 Result Code: - Ticket Encryption Type: 0x17 Pre-Authentication Type: 2 Client Address: 165.11.95.213 Certificate Issuer Name:  Certificate Serial Number:  Certificate Thumbprint: 
<187>May 26 08:39:54 ['9.9.9.9'] httpd[16986]: [error] [client 30.90.182.58] Invalid URI in request \xf7vMKp`ET&\xa4\x9c\xc9\xec\xd1\xd8j\r\xce\xd9\xd4\xb3\c7
<38>May 26 08:39:56 sshd[random_number_1_to_999999]: Accepted publickey for testuser-34 from 56.219.18.103 port 64480 ssh2
<157>May 26 08:39:57 microsoft.event.ibm.lab MSWinEventLog	4	Security	60703	Fri May 26 08:39:57 2017	552	Security	NETWORK SERVICE	Well Known Group	Success Audit	rogueUser-5	Logon/Logoff		Logon attempt using explicit credentials: Logged on user:  User Name: NETWORK SERVICE  Domain: NT AUTHORITY  Logon ID: (0x0,0x1121481)  Logon GUID: -  User whose credentials were used:  Target User Name: rogueUser-5  Target Domain: us.ibm.com Target Logon GUID: -  Target Server Name: localhost  Target Server Info: localhost  Caller Process ID: 1352  Source Network Address: -  Source Port: - 	56794
<190>May 26 08:39:59 arbor.pravail.ibm.lab pravail-aps: Blocked Host: Blocked host 137.38.197.140 at 10:53 by Malformed HTTP Filtering using TCP/80 (HTTP) destination 168.154.218.201 source port 50233,URL: https://arbornetworks.pravail.test.com/chaos/
<13>May 26 08:40:01 microsoft.sec.ibm.lab AgentDevice=WindowsLog	AgentLogFile=Security	Source=Security	Computer=COMP-testuser-55	User=testuser-55	Domain=	EventID=576	EventIDCode=576	EventType=8	EventCategory=2	RecordNumber=265832	TimeGenerated=1495802401	TimeWritten=1495802401	Message=Special privileges assigned to new logon: User Name: testuser-55 Domain: us.ibm.com Logon ID: (0x0,0x1094116) Privileges: SeSecurityPrivilege SeBackupPrivilege SeRestorePrivilege SeTakeOwnershipPrivilege SeDebugPrivilege SeSystemEnvironmentPrivilege SeLoadDriverPrivilege SeImpersonatePrivilege
<14>May 26 08:40:02 Message forwarded from aix.ibm.lab: ftp[random_number_1_to_999999]: ftp: EXPORT user testuser-66, host 30.90.182.58, local test_script.sh, remote test_script.sh.
<13>May 26 08:40:04 microsoft.sec.ibm.lab AgentDevice=WindowsLog	AgentLogFile=Security	Source=Security	Computer=COMP-testuser-9	User=testuser-9	Domain=	EventID=529	EventIDCode=529	EventType=16	EventCategory=2	RecordNumber=667687	TimeGenerated=1495802404	TimeWritten=1495802404	Message=Successful Network Logon: User Name: Domain: Logon ID: (0x0,0x994009) Logon Type: 3 Logon Process: NtLmSsp Authentication Package: NTLM Workstation Name: COMP-testuser-9 Logon GUID: - Caller User Name: - Caller Domain: - Caller Logon ID: - Caller Process ID: - Transited Services: - Source Network Address: 108.171.212.122 Source Port: 0
<26>May 26 08:40:05 ambiron.ipangel.ibm.lab ipangel-ips: [2017-05-26 08:40:05-05] alert [Priority: 9] [119:14:1] [(http_inspect) NON-RFC DEFINED CHAR] 79.186.10.120:54470 TCP 142.250.154.221:80 br0
<129>May 26 08:40:07 barracuda.firewall.ibm.lab WF ALER CROSS_SITE_SCRIPTING_IN_URL 30.90.182.58 52691 136.180.182.42 80 security-policy GLOBAL DENY NONE [type="cross-site-scripting" pattern="script-tag" token="<script>"] GET 136.180.182.42/<script>alert(53416)</script> HTTP "-" ""-"" 136.180.182.42 48541 "-" "-"
<182>May 26 08:40:08 apache.httpd.ibm.lab httpd: 165.11.95.213 113.1.88.134 - - [26/May/2017:08:40:08 -0500] "GET /../../../../../../../../../../../ HTTP/1.1" 400 443 307
<129>May 26 08:40:10 barracuda.firewall.ibm.lab WF ALER CROSS_SITE_SCRIPTING_IN_PARAM 56.219.18.103 58745 147.191.240.181 443 security-policy GLOBAL DENY NONE [type="cross-site-scripting" pattern="script-tag" token="<script>" Parameter="url" value="<script>alert(5341)</script>"] GET 147.191.240.181/redirect.asp?url=<script>alert(5341)</script> HTTPS "-" ""-"" 147.191.240.181 59845 "-" "-"
<157>May 26 08:40:12 microsoft.event.ibm.lab MSWinEventLog	4	Security	60703	Fri May 26 08:40:12 2017	552	Security	NETWORK SERVICE	Well Known Group	Success Audit	testuser-93	Logon/Logoff		Logon attempt using explicit credentials: Logged on user:  User Name: NETWORK SERVICE  Domain: NT AUTHORITY  Logon ID: (0x0,0x1098304)  Logon GUID: -  User whose credentials were used:  Target User Name: testuser-93  Target Domain: us.ibm.com Target Logon GUID: -  Target Server Name: localhost  Target Server Info: localhost  Caller Process ID: 941029  Source Network Address: -  Source Port: - 	56794
<54>May 26 08:40:13 SymantecServer symantec.endpoint.ibm.lab: CNC2PSY9D1,Allowed,Sysfer exception: .\RegParamEngine.cpp 1152 Failed to read value DeviceInstance from key \Registry\Machine\SYSTEM\CurrentControlSet\Control\DeviceClasses\{53f56307-b6bf-11d0-94f2-00a0c91efb8b}\##?#IDE#DiskWDC_WD800JD-75MSA3______________________10.01E04#5&,Sysfer exception,Begin: 2017-05-26 08:40:13,End: 2017-05-26 08:40:13,Rule: Sysfer exception,3592,C:/Program Files/Cisco Systems/CSAgent/bin/okclient.exe,0,,,User: testuser-61,Domain: US
<33>May 26 08:40:15 threecom.switch.ibm.lab %May 26 08:40:15 2017 S9500 FTPS/5/USERIN: User testuser-28(79.186.10.120) login succeeded
<190>May 26 08:40:16 arbor.pravail.ibm.lab pravail-aps: Blocked Host: Blocked host 33.195.94.29 at 10:53 by Malformed HTTP Filtering using TCP/80 (HTTP) destination 84.86.178.106 source port 59557,URL: https://arbornetworks.pravail.test.com/chaos/
<133>May 26 08:40:18 microsoft.event.ibm.lab MSWinEventLog 1 Security 102757633 Fri May 26 08:40:18 2017 4907 Microsoft-Windows-Security-Auditing N/A N/A Success Audit testuser-95 Audit Policy Change Auditing settings on object were changed. Subject: Security ID: S-1-5-18 Account Name: testuser-95 Account Domain: us.ibm.com Logon ID: 0x1102500 Object: Object Server: Security Object Type: File Object Name: \Windows\winsxs\test.wav Handle ID: 0x3a8 Process Information: Process ID: 0x641B59 Process Name: C:\Windows\System32\wbengine.exe Auditing Settings: Original Security Descriptor: S:AI(AU;A;;WD) New Security Descriptor: S:ARAI(AU;SAFA;;;;WD)(AU;IDFA;B;;;WD) 88624
<190>May 26 08:40:19 arbor.pravail.ibm.lab pravail-aps: Blocked Host: Blocked host 212.2.111.4 10:53 by TCP Connection Reset using TCP/55926 (Unknown) destination 129.35.77.78 source port 443,URL: https://arbornetworks.pravail.test.com/chaos/
<13>May 26 08:40:21 microsoft.sec.ibm.lab AgentDevice=WindowsLog	AgentLogFile=Security	Source=Security	Computer=COMP-rogueUser-3	User=rogueUser-3	Domain=	EventID=672	EventIDCode=672	EventType=16	EventCategory=9	RecordNumber=289475	TimeGenerated=1495802421	TimeWritten=1495802421	Message=Authentication Ticket Request: User Name: rogueUser-3 Supplied Realm Name: us.ibm.com User ID: %{S-1-2-3-1117249} Service Name: krbtgt Service ID: %{S-3-2-1-2BBF73} Ticket Options: 0x40810010 Result Code: - Ticket Encryption Type: 0x17 Pre-Authentication Type: 2 Client Address: 21.11.246.176 Certificate Issuer Name:  Certificate Serial Number:  Certificate Thumbprint: 
<187>May 26 08:40:22 ['9.9.9.9'] httpd[16986]: [error] [client 136.38.97.190] Invalid URI in request \xf7vMKp`ET&\xa4\x9c\xc9\xec\xd1\xd8j\r\xce\xd9\xd4\xb3\c7
<86>May 26 08:40:24 apple.macosx.ibm.lab sshd[5590]: Failed password for invalid user testuser-2 from 16.74.199.104 port 51235 ssh2
<83>May 26 08:40:26 apple.macosx.ibm.lab sshd[5590]: error: PAM: Authentication failure for illegal user testuser-76 from 85.81.201.129<129>May 26 08:40:27 barracuda.firewall.ibm.lab WF ALER METACHARACTER_IN_PARAMETER 54.11.145.63 55197 98.180.150.8 443 security-policy GLOBAL DENY NONE [token="%00 " Parameter="article" value="../../../../../../../../etc/passwd"] GET 98.180.150.8/talkback.cgi?article=../../../../../../../../etc/passwd%00&action=view&matchview=1 HTTPS "-" ""-"" 98.180.150.8 55197 "-" "-"
<13>May 26 08:40:29 microsoft.sec.ibm.lab AgentDevice=WindowsLog	AgentLogFile=Security	Source=Security	Computer=COMP-testuser-53	User=testuser-53	Domain=	EventID=540	EventIDCode=540	EventType=8	EventCategory=2	RecordNumber=430636	TimeGenerated=1495802429	TimeWritten=1495802429	Message=Successful Network Logon: User Name: Domain: Logon ID: (0x0,0x1089936) Logon Type: 3 Logon Process: NtLmSsp Authentication Package: NTLM Workstation Name: COMP-testuser-53 Logon GUID: - Caller User Name: - Caller Domain: - Caller Logon ID: - Caller Process ID: - Transited Services: - Source Network Address: 42.115.217.74 Source Port: 0
<157>May 26 08:40:30 microsoft.event.ibm.lab MSWinEventLog	4	Security	60703	Fri May 26 08:40:30 2017	552	Security	NETWORK SERVICE	Well Known Group	Success Audit	testuser-71	Logon/Logoff		Logon attempt using explicit credentials: Logged on user:  User Name: NETWORK SERVICE  Domain: NT AUTHORITY  Logon ID: (0x0,0x1089936)  Logon GUID: -  User whose credentials were used:  Target User Name: testuser-71  Target Domain: us.ibm.com Target Logon GUID: -  Target Server Name: localhost  Target Server Info: localhost  Caller Process ID: 686971  Source Network Address: -  Source Port: - 	56794
<54>May 26 08:40:32 SymantecServer symantec.endpoint.ibm.lab: CNC2PSY9D1,Allowed,Sysfer exception: .\RegParamEngine.cpp 1152 Failed to read value DeviceInstance from key \Registry\Machine\SYSTEM\CurrentControlSet\Control\DeviceClasses\{53f56307-b6bf-11d0-94f2-00a0c91efb8b}\##?#IDE#DiskWDC_WD800JD-75MSA3______________________10.01E04#5&,Sysfer exception,Begin: 2017-05-26 08:40:32,End: 2017-05-26 08:40:32,Rule: Sysfer exception,3592,C:/Program Files/Cisco Systems/CSAgent/bin/okclient.exe,0,,,User: testuser-26,Domain: US
<157>May 26 08:40:33 microsoft.event.ibm.lab MSWinEventLog	4	Security	60703	Fri May 26 08:40:33 2017	552	Security	NETWORK SERVICE	Well Known Group	Success Audit	testuser-79	Logon/Logoff		Logon attempt using explicit credentials: Logged on user:  User Name: NETWORK SERVICE  Domain: NT AUTHORITY  Logon ID: (0x0,0x1106704)  Logon GUID: -  User whose credentials were used:  Target User Name: testuser-79  Target Domain: us.ibm.com Target Logon GUID: -  Target Server Name: localhost  Target Server Info: localhost  Caller Process ID: 721769  Source Network Address: -  Source Port: - 	56794
<187>May 26 08:40:35 ['9.9.9.9'] httpd[16986]: [error] [client 30.90.182.58] Invalid URI in request \xf7vMKp`ET&\xa4\x9c\xc9\xec\xd1\xd8j\r\xce\xd9\xd4\xb3\c7
<33>May 26 08:40:37 threecom.switch.ibm.lab %May 26 08:40:37 2017 S9500 VTY/5/VTY_LOG:  TELNET user failed to login from 113.146.67.20(000D-88F6-60E0) on VTY0.
<187>May 26 08:40:38 ['9.9.9.9'] httpd[16986]: [error] [client 218.111.178.29] Invalid URI in request \xf7vMKp`ET&\xa4\x9c\xc9\xec\xd1\xd8j\r\xce\xd9\xd4\xb3\c7
<129>May 26 08:40:40 barracuda.firewall.ibm.lab WF ALER SLASH_DOT_IN_URL 189.6.147.68 53973 219.168.147.246 443 security-policy GLOBAL DENY NONE ["-"] GET 219.168.147.246/themes/default/css/.htaccess HTTPS "-" ""-"" 219.168.147.246 44428 "-" "-"
<86>May 26 08:40:41 apple.macosx.ibm.lab com.apple.SecurityServer: uid 116160 succeeded authenticating as user admin (uid 501) for right system.install.root.user.
<25>May 26 08:40:43 apple.macosx.ibm.lab DirectoryService[51]: Failed Authentication return is being delayed due to over five recent auth failures for username: testuser-79.
<13>May 26 08:40:44 checkpoint.firewall.ibm.lab 26May2017  checkpoint.firewall.ibm.lab product: martDefense; src: 218.111.178.29; s_port: ; dst: 167.73.233.85; service: ; proto: udp; rule: ;Attack Info: Response packet too long, potential buffer overflow;Suppressed logs: 5;Total logs: 6;__policy_id_tag: product=VPN-1 & FireWall-1[db_tag={321A4EE6-7DEA-11DD-BFAA-C0A832822626};mgmt=fwmngt05;date=1220908070;policy_name=KillerWhale_gbl];alert: alert;attack: Invalid DNS;has_accounting: 0;i/f_dir: inbound;
<83>May 26 08:40:46 apple.macosx.ibm.lab com.apple.SecurityServer: authinternal failed to authenticate user testuser-30.
<27>May 26 08:40:48 ambiron.ipangel.ibm.lab ipangel-ips: [2017-05-26 08:40:48-05] alert [Priority: 9] [119:2:1] [(http_inspect) DOUBLE DECODING ATTACK] 15.83.16.235:52408 TCP 66.183.64.47:80 br0
<129>May 26 08:40:49 barracuda.firewall.ibm.lab WF ALER CROSS_SITE_SCRIPTING_IN_URL 120.171.20.155 63931 125.38.102.46 80 security-policy GLOBAL DENY NONE [type="cross-site-scripting" pattern="script-tag" token="<script>"] GET 125.38.102.46/<script>alert(53416)</script> HTTP "-" ""-"" 125.38.102.46 48541 "-" "-"
<54>May 26 08:40:51 SymantecServer symantec.endpoint.ibm.lab: CNC2PSY9D1,Allowed,Sysfer exception: .\RegParamEngine.cpp 1152 Failed to read value DeviceInstance from key \Registry\Machine\SYSTEM\CurrentControlSet\Control\DeviceClasses\{53f56307-b6bf-11d0-94f2-00a0c91efb8b}\##?#IDE#DiskWDC_WD800JD-75MSA3______________________10.01E04#5&,Sysfer exception,Begin: 2017-05-26 08:40:51,End: 2017-05-26 08:40:51,Rule: Sysfer exception,3592,C:/Program Files/Cisco Systems/CSAgent/bin/okclient.exe,0,,,User: testuser-43,Domain: US
<33>May 26 08:40:52 threecom.switch.ibm.lab %May 26 08:40:52 2017 S9500 PORTAL/5/PT_LOG: Online user 167.227.124.53 changes to 199.136.79.187, we will cut it off as using traffic-acct.
<33>May 26 08:40:54 threecom.switch.ibm.lab %May 26 08:40:54 2017 S9500 PORTAL/5/PT_LOG: Online user 218.111.178.29 changes to 89.80.49.117, we will cut it off as using traffic-acct.
<33>May 26 08:40:55 threecom.switch.ibm.lab %May 26 08:40:55 2017 S9500 VTY/5/VTY_LOG:  TELNET user failed to login from 132.146.155.198(000D-88F6-60E0) on VTY0.
<149>May 26 08:40:57 apple.macosx.ibm.lab sudo:    rogueUser-4 : TTY=ttyp1 ; PWD=/Users/admin ; USER=admin ;COMMAND=/bin/bash
<38>May 26 08:40:58 sshd[732165]: Invalid user testuser-79 from 179.174.48.208
<33>May 26 08:41:00 threecom.switch.ibm.lab %May 26 08:41:00 2017 S9500 RTA/3/Failed to get user traffic: Failed to get traffic of user 51.18.44.104 on board 6
<13>May 26 08:41:02 microsoft.sec.ibm.lab AgentDevice=WindowsLog	AgentLogFile=Security	Source=Security	Computer=COMP-testuser-40	User=testuser-40	Domain=	EventID=672	EventIDCode=672	EventType=16	EventCategory=9	RecordNumber=260691	TimeGenerated=1495802462	TimeWritten=1495802462	Message=Authentication Ticket Request: User Name: testuser-40 Supplied Realm Name: us.ibm.com User ID: %{S-1-2-3-1081600} Service Name: krbtgt Service ID: %{S-3-2-1-A628F7} Ticket Options: 0x40810010 Result Code: - Ticket Encryption Type: 0x17 Pre-Authentication Type: 2 Client Address: 51.18.44.104 Certificate Issuer Name:  Certificate Serial Number:  Certificate Thumbprint: 
<86>May 26 08:41:03 apple.macosx.ibm.lab sshd[5590]: Failed password for invalid user testuser-90 from 218.111.178.29 port 54832 ssh2
<28>May 26 08:41:05 Message forwarded from aix.ibm.lab: rshd[random_number_1_to_999999]: Failed rsh authentication from 165.11.95.213 for local user root via remote user testuser-83
<129>May 26 08:41:06 barracuda.firewall.ibm.lab WF ALER METACHARACTER_IN_PARAMETER 218.111.178.29 50966 31.49.199.62 443 security-policy GLOBAL DENY NONE [token="%00 " Parameter="article" value="../../../../../../../../etc/passwd"] GET 31.49.199.62/talkback.cgi?article=../../../../../../../../etc/passwd%00&action=view&matchview=1 HTTPS "-" ""-"" 31.49.199.62 50966 "-" "-"
<13>May 26 08:41:08 checkpoint.firewall.ibm.lab 26May2017 drop checkpoint.firewall.ibm.lab product: SmartDefense; src: 30.90.182.58; s_port: 56083; dst: 76.79.68.229; service: 443; proto: tcp; rule: 392;Attack Info: TCP segment out of maximum allowed sequence. Packet dropped.;Confidence Level: 0;Performance Impact: 0;Protection Name: TCP Segment Limit Enforcement;Protection Type: settings_tcp;Severity: 0;SmartDefense Profile: Boticario_DMZ_Protection;__policy_id_tag: product=VPN-1 & FireWall-1[db_tag={E94ECB65-34C0-4740-9634-761E1604C8BC};mgmt=SJP1PLNX036-DMZ;date=1424714440;policy_name=DMZ];attack: Streaming Engine: TCP Segment Limit Enforcement;has_accounting: 0;i/f_dir: inbound;i/f_name: eth2-01.2809;origin_sic_name: CN=TEST-DMZ1,O=log_server_hostname;protection_id: tcp_segment_limit;rule_uid: {499DBB08-D262-4D9F-B639-5337A7B36E59};snid: 7572c682;src_machine_name: COMP-testuser-66;src_user_name: testuser-66 ;user: testuser-66 ;
<27>May 26 08:41:09 ambiron.ipangel.ibm.lab ipangel-ips: [2017-05-26 08:41:09-05] alert [Priority: 9] [119:2:1] [(http_inspect) DOUBLE DECODING ATTACK] 83.87.204.105:60763 TCP 42.79.242.90:80 br0
<33>May 26 08:41:11 threecom.switch.ibm.lab %May 26 08:41:11 2017 S9500 FTPS/5/USEROUT: User testuser-71(136.38.97.190) logged out
<13>May 26 08:41:13 microsoft.sec.ibm.lab AgentDevice=WindowsLog	AgentLogFile=Security	Source=Security	Computer=COMP-rogueUser-2	User=rogueUser-2	Domain=	EventID=529	EventIDCode=529	EventType=16	EventCategory=2	RecordNumber=717823	TimeGenerated=1495802473	TimeWritten=1495802473	Message=Successful Network Logon: User Name: Domain: Logon ID: (0x0,0x1115136) Logon Type: 3 Logon Process: NtLmSsp Authentication Package: NTLM Workstation Name: COMP-rogueUser-2 Logon GUID: - Caller User Name: - Caller Domain: - Caller Logon ID: - Caller Process ID: - Transited Services: - Source Network Address: 137.38.197.140 Source Port: 0
<38>May 26 08:41:14 sshd[576705]: Disconnecting: Too many authentication failures for testuser-95
<13>May 26 08:41:16 checkpoint.firewall.ibm.lab 26May2017  checkpoint.firewall.ibm.lab product: martDefense; src: 165.11.95.213; s_port: ; dst: 20.88.63.167; service: ; proto: udp; rule: ;Attack Info: Response packet too long, potential buffer overflow;Suppressed logs: 5;Total logs: 6;__policy_id_tag: product=VPN-1 & FireWall-1[db_tag={321A4EE6-7DEA-11DD-BFAA-C0A832822626};mgmt=fwmngt05;date=1220908070;policy_name=KillerWhale_gbl];alert: alert;attack: Invalid DNS;has_accounting: 0;i/f_dir: inbound;
<33>May 26 08:41:17 threecom.switch.ibm.lab %May 26 08:41:17 2017 S9500 RTA/3/Failed to get user traffic: Failed to get traffic of user 218.111.178.29 on board 6
<86>May 26 08:41:19 apple.macosx.ibm.lab com.apple.SecurityServer: uid 122505 succeeded authenticating as user admin (uid 501) for right system.install.root.user.
<86>May 26 08:41:20 apple.macosx.ibm.lab com.apple.SecurityServer: authinternal authenticated user testuser-40 (uid 82624).
<182>May 26 08:41:22 apache.httpd.ibm.lab httpd: 201.150.192.18 11.150.110.150 - - [26/May/2017:08:41:22 -0500] "GET /<script>alert(53416)</script> HTTP/1.1" 404 443 320
<187>May 26 08:41:24 ['9.9.9.9'] httpd[16986]: [error] [client 154.102.244.170] Invalid URI in request \xf7vMKp`ET&\xa4\x9c\xc9\xec\xd1\xd8j\r\xce\xd9\xd4\xb3\c7
<38>May 26 08:41:25 sshd[random_number_1_to_999999]: Accepted publickey for testuser-56 from 165.11.95.213 port 58412 ssh2
<50>May 26 08:41:27 SymantecServer symantec.endpoint.ibm.lab: testbox-xyz,[SID: 70025] Web Attack: Blackhole Exploit Toolkit 2 attack blocked. Traffic has been blocked for this application: C:\Program Files\Internet Explorer\iexplore.exe,Local: 0.0.0.0,Local: 000000000000,Remote: ,Remote: 0.0.0.0,Remote: 000000000000,Inbound,OTHERS,,Begin: 2017-05-26 08:41:27,End: 2017-05-26 08:41:27,Occurrences: 1,Application: C:/Program Files/Internet Explorer/iexplore.exe,Location: Default,User: testuser-47,Domain: SIMON,!ExternalLoggingTask.localport! 0,!ExternalLoggingTask.remoteport! 0,!ExternalLoggingTask.cidssignid! 70025,!ExternalLoggingTask.strcidssignid! Web Attack: Blackhole Exploit Toolkit 2,!ExternalLoggingTask.cidssignsubid! 0,!ExternalLoggingTask.intrusionurl! http://pppptttt.blah.net/links/came_broadcasting_taking-various.php,!ExternalLoggingTask.intrusionpayloadurl!
<189>May 26 08:41:28 ['9.9.9.9'] authmgr[504]: <NOTI> login <00:1c:bf:ca:2b:98  201.150.192.18 testuser-60>method=802.1x, server=TEST001, role=Authenticated Update(status 0 method 0 role 16), reauth=1800 sec
<190>May 26 08:41:30 arbor.pravail.ibm.lab pravail-aps: Blocked Host: Blocked host 167.227.124.53 10:53 by TCP Connection Reset using TCP/60377 (Unknown) destination 103.248.121.70 source port 443,URL: https://arbornetworks.pravail.test.com/chaos/
<13>May 26 08:41:31 checkpoint.firewall.ibm.lab 26May2017 drop checkpoint.firewall.ibm.lab product: SmartDefense; src: 201.150.192.18; s_port: 64819; dst: 117.191.16.158; service: 443; proto: tcp; rule: 392;Attack Info: TCP segment out of maximum allowed sequence. Packet dropped.;Confidence Level: 0;Performance Impact: 0;Protection Name: TCP Segment Limit Enforcement;Protection Type: settings_tcp;Severity: 0;SmartDefense Profile: Boticario_DMZ_Protection;__policy_id_tag: product=VPN-1 & FireWall-1[db_tag={E94ECB65-34C0-4740-9634-761E1604C8BC};mgmt=SJP1PLNX036-DMZ;date=1424714440;policy_name=DMZ];attack: Streaming Engine: TCP Segment Limit Enforcement;has_accounting: 0;i/f_dir: inbound;i/f_name: eth2-01.2809;origin_sic_name: CN=TEST-DMZ1,O=log_server_hostname;protection_id: tcp_segment_limit;rule_uid: {499DBB08-D262-4D9F-B639-5337A7B36E59};snid: 7572c682;src_machine_name: COMP-testuser-60;src_user_name: testuser-60 ;user: testuser-60 ;
<33>May 26 08:41:33 threecom.switch.ibm.lab %May 26 08:41:33 2017 S9500 RTA/3/Failed to get user traffic: Failed to get traffic of user 202.207.224.25 on board 6
<13>May 26 08:41:34 microsoft.sec.ibm.lab AgentDevice=WindowsLog	AgentLogFile=Security	Source=Security	Computer=COMP-testuser-39	User=testuser-39	Domain=	EventID=529	EventIDCode=529	EventType=16	EventCategory=2	RecordNumber=561917	TimeGenerated=1495802494	TimeWritten=1495802494	Message=Successful Network Logon: User Name: Domain: Logon ID: (0x0,0x1098304) Logon Type: 3 Logon Process: NtLmSsp Authentication Package: NTLM Workstation Name: COMP-testuser-39 Logon GUID: - Caller User Name: - Caller Domain: - Caller Logon ID: - Caller Process ID: - Transited Services: - Source Network Address: 36.223.29.106 Source Port: 0
