<54>May 26 07:59:33 SymantecServer symantec.endpoint.ibm.lab: Potential risk found,Computer name: COMP-1085764,Detection type: Heuristic,Application name: (Unknown),Application type: Trojan Worm,Application version: ,Hash type: SHA-1,Application hash: 72c874f212a18944ff56f774bfe7252346b93f8e,Company name: ,File size (bytes): 301568,Sensitivity: 0,Detection score: 40,Submission recommendation:1,Permitted application reason: 0,Source: Heuristic Scan,Risk name: ,Occurrences: 1,c:\claims\claims32.exe,"",Actual action: Left alone,Requested action: Left alone,Secondary action: Left alone,Event time: 2017-05-26 07:59:33,Inserted:2017-05-26 07:59:33,End:  2017-05-26 07:59:33,Domain: Default,Group: My Company\LTC\Desktops,Server: crasesssmc01,User: testuser-60,Source computer: ,Source IP: 0.0.0.0
<86>May 26 07:59:35 apple.macosx.ibm.lab com.apple.SecurityServer: uid 178249 succeeded authenticating as user admin (uid 501) for right system.install.root.user.
<129>May 26 07:59:37 barracuda.firewall.ibm.lab WF ALER CROSS_SITE_SCRIPTING_IN_URL 201.150.192.18 59872 180.137.153.79 80 security-policy GLOBAL DENY NONE [type="cross-site-scripting" pattern="script-tag" token="<script>"] GET 180.137.153.79/<script>alert(53416)</script> HTTP "-" ""-"" 180.137.153.79 48541 "-" "-"
<190>May 26 07:59:38 arbor.pravail.ibm.lab pravail-aps: Blocked Host: Blocked host 189.6.147.68 10:53 by TCP Connection Reset using TCP/52430 (Unknown) destination 195.190.114.242 source port 443,URL: https://arbornetworks.pravail.test.com/chaos/
<33>May 26 07:59:40 threecom.switch.ibm.lab %May 26 07:59:40 2017 S9500 RTA/3/Failed to get user traffic: Failed to get traffic of user 212.2.111.4 on board 6
<129>May 26 07:59:41 barracuda.firewall.ibm.lab WF ALER CROSS_SITE_SCRIPTING_IN_PARAM 83.87.204.105 50061 47.15.199.99 443 security-policy GLOBAL DENY NONE [type="cross-site-scripting" pattern="script-tag" token="<script>" Parameter="url" value="<script>alert(5341)</script>"] GET 47.15.199.99/redirect.asp?url=<script>alert(5341)</script> HTTPS "-" ""-"" 47.15.199.99 59845 "-" "-"
<38>May 26 07:59:43 sshd[846204]: Failed keyboard-interactive for invalid user testuser-12 from 202.207.224.25 port 64467 ssh2
<149>May 26 07:59:44 apple.macosx.ibm.lab sudo:    testuser-56 : TTY=ttyp1 ; PWD=/Users/admin ; USER=admin ;COMMAND=/bin/bash
<33>May 26 07:59:46 threecom.switch.ibm.lab %May 26 07:59:46 2017 S9500 RTA/3/Failed to get user traffic: Failed to get traffic of user 79.186.10.120 on board 6
<83>May 26 07:59:48 apple.macosx.ibm.lab com.apple.SecurityServer: authinternal failed to authenticate user testuser-62.
<13>May 26 07:59:49 checkpoint.firewall.ibm.lab 26May2017  checkpoint.firewall.ibm.lab product: martDefense; src: 165.11.95.213; s_port: ; dst: 107.236.65.218; service: ; proto: udp; rule: ;Attack Info: Response packet too long, potential buffer overflow;Suppressed logs: 5;Total logs: 6;__policy_id_tag: product=VPN-1 & FireWall-1[db_tag={321A4EE6-7DEA-11DD-BFAA-C0A832822626};mgmt=fwmngt05;date=1220908070;policy_name=KillerWhale_gbl];alert: alert;attack: Invalid DNS;has_accounting: 0;i/f_dir: inbound;
<83>May 26 07:59:51 apple.macosx.ibm.lab sshd[5590]: error: PAM: Authentication failure for illegal user testuser-1 from 159.62.143.235<182>May 26 07:59:52 apache.httpd.ibm.lab httpd: 213.39.172.85 4.236.87.190 - - [26/May/2017:07:59:52 -0500] "GET /<script>alert(53416)</script> HTTP/1.1" 404 443 320
<129>May 26 07:59:54 barracuda.firewall.ibm.lab WF ALER CROSS_SITE_SCRIPTING_IN_URL 132.146.155.198 60097 97.116.208.148 80 security-policy GLOBAL DENY NONE [type="cross-site-scripting" pattern="script-tag" token="<script>"] GET 97.116.208.148/<script>alert(53416)</script> HTTP "-" ""-"" 97.116.208.148 48541 "-" "-"
<182>May 26 07:59:55 apache.httpd.ibm.lab httpd: 54.11.145.63 202.34.84.44 - - [26/May/2017:07:59:55 -0500] "CONNECT 10.35.79.71:443 HTTP/1.1" 405 443 297
<182>May 26 07:59:57 apache.httpd.ibm.lab httpd: 83.87.204.105 66.194.61.227 - - [26/May/2017:07:59:57 -0500] "CONNECT 10.35.79.71:443 HTTP/1.1" 405 443 297
<25>May 26 07:59:59 ambiron.ipangel.ibm.lab ipangel-ips: [2017-05-26 07:59:59-05] alert [Priority: 9] [116:46:1] [(snort_decoder) WARNING: TCP Data Offset is less than 5!] 54.11.145.63:65157 TCP 14.206.146.40:80 br0
<182>May 26 08:00:01 apache.httpd.ibm.lab httpd: 15.83.16.235 154.81.16.252 - - [26/May/2017:08:00:01 -0500] "TRACE / HTTP/1.0" 403 443 272
<182>May 26 08:00:03 apache.httpd.ibm.lab httpd: 30.90.182.58 221.60.195.125 - - [26/May/2017:08:00:03 -0500] "TRACE / HTTP/1.0" 403 443 272
<13>May 26 08:00:04 checkpoint.firewall.ibm.lab 26May2017 reject checkpoint.firewall.ibm.lab product: VPN-1 & FireWall-1; src: 51.18.44.104; s_port: 57668; dst: 144.181.54.108; service: 113; proto: tcp; rule: 14;SmartDefense profile: Default_Protection;__policy_id_tag: product=VPN-1 & FireWall-1[db_tag={25E5B8F6-79E7-11DD-941A-C0A832D00C0C};mgmt=fwmngt-wuv;date=1220466957;policy_name=rhino_gbl];has_accounting: 0;i/f_dir: inbound;i/f_name: eth-s2/s1p1c0;rule_uid: {9C96B325-D976-4A30-8685-9ED61018A6E7};service_id: gident;
<133>May 26 08:00:06 microsoft.event.ibm.lab MSWinEventLog 1 Security 102757633 Fri May 26 08:00:06 2017 4907 Microsoft-Windows-Security-Auditing N/A N/A Success Audit testuser-97 Audit Policy Change Auditing settings on object were changed. Subject: Security ID: S-1-5-18 Account Name: testuser-97 Account Domain: us.ibm.com Logon ID: 0x1106704 Object: Object Server: Security Object Type: File Object Name: \Windows\winsxs\test.wav Handle ID: 0x3a8 Process Information: Process ID: 0xF93EB4 Process Name: C:\Windows\System32\wbengine.exe Auditing Settings: Original Security Descriptor: S:AI(AU;A;;WD) New Security Descriptor: S:ARAI(AU;SAFA;;;;WD)(AU;IDFA;B;;;WD) 500991
<149>May 26 08:00:07 apple.macosx.ibm.lab sudo:    testuser-80 : TTY=ttyp1 ; PWD=/Users/admin ; USER=admin ;COMMAND=/bin/bash
<33>May 26 08:00:09 threecom.switch.ibm.lab %May 26 08:00:09 2017 S9500 PORTAL/5/PT_LOG: Online user 128.234.158.118 changes to 182.80.188.37, we will cut it off as using traffic-acct.
<129>May 26 08:00:10 barracuda.firewall.ibm.lab WF ALER METACHARACTER_IN_PARAMETER 79.186.10.120 51507 73.62.52.198 443 security-policy GLOBAL DENY NONE [token="%00 " Parameter="article" value="../../../../../../../../etc/passwd"] GET 73.62.52.198/talkback.cgi?article=../../../../../../../../etc/passwd%00&action=view&matchview=1 HTTPS "-" ""-"" 73.62.52.198 51507 "-" "-"
<157>May 26 08:00:12 microsoft.event.ibm.lab MSWinEventLog	4	Security	60703	Fri May 26 08:00:12 2017	552	Security	NETWORK SERVICE	Well Known Group	Success Audit	testuser-23	Logon/Logoff		Logon attempt using explicit credentials: Logged on user:  User Name: NETWORK SERVICE  Domain: NT AUTHORITY  Logon ID: (0x0,0x1083681)  Logon GUID: -  User whose credentials were used:  Target User Name: testuser-23  Target Domain: us.ibm.com Target Logon GUID: -  Target Server Name: localhost  Target Server Info: localhost  Caller Process ID: 967382  Source Network Address: -  Source Port: - 	56794
<50>May 26 08:00:14 SymantecServer symantec.endpoint.ibm.lab: testbox-xyz,[SID: 70025] Web Attack: Blackhole Exploit Toolkit 2 attack blocked. Traffic has been blocked for this application: C:\Program Files\Internet Explorer\iexplore.exe,Local: 0.0.0.0,Local: 000000000000,Remote: ,Remote: 0.0.0.0,Remote: 000000000000,Inbound,OTHERS,,Begin: 2017-05-26 08:00:14,End: 2017-05-26 08:00:14,Occurrences: 1,Application: C:/Program Files/Internet Explorer/iexplore.exe,Location: Default,User: testuser-42,Domain: SIMON,!ExternalLoggingTask.localport! 0,!ExternalLoggingTask.remoteport! 0,!ExternalLoggingTask.cidssignid! 70025,!ExternalLoggingTask.strcidssignid! Web Attack: Blackhole Exploit Toolkit 2,!ExternalLoggingTask.cidssignsubid! 0,!ExternalLoggingTask.intrusionurl! http://pppptttt.blah.net/links/came_broadcasting_taking-various.php,!ExternalLoggingTask.intrusionpayloadurl!
<33>May 26 08:00:15 threecom.switch.ibm.lab %May 26 08:00:15 2017 S9500 PORTAL/5/PT_LOG: Online user 120.171.20.155 changes to 72.28.26.97, we will cut it off as using traffic-acct.
<157>May 26 08:00:17 microsoft.event.ibm.lab MSWinEventLog	4	Security	60703	Fri May 26 08:00:17 2017	552	Security	NETWORK SERVICE	Well Known Group	Success Audit	testuser-5	Logon/Logoff		Logon attempt using explicit credentials: Logged on user:  User Name: NETWORK SERVICE  Domain: NT AUTHORITY  Logon ID: (0x0,0x986049)  Logon GUID: -  User whose credentials were used:  Target User Name: testuser-5  Target Domain: us.ibm.com Target Logon GUID: -  Target Server Name: localhost  Target Server Info: localhost  Caller Process ID: 847581  Source Network Address: -  Source Port: - 	56794
<13>May 26 08:00:18 microsoft.sec.ibm.lab AgentDevice=WindowsLog	AgentLogFile=Security	Source=Security	Computer=COMP-rogueUser-3	User=rogueUser-3	Domain=	EventID=675	EventIDCode=675	EventType=16	EventCategory=9	RecordNumber=888169	TimeGenerated=1495800018	TimeWritten=1495800018	Message=Pre-authentication failed: User Name: rogueUser-3 User ID: %{S-1-2-3-1117249} Service Name: krbtgt Pre-Authentication Type: 0x2 Failure Code: 0x18 Client Address: 20.135.51.253 
<26>May 26 08:00:20 ambiron.ipangel.ibm.lab ipangel-ips: [2017-05-26 08:00:20-05] alert [Priority: 9] [119:14:1] [(http_inspect) NON-RFC DEFINED CHAR] 33.195.94.29:56647 TCP 69.169.84.6:80 br0
<33>May 26 08:00:21 threecom.switch.ibm.lab %May 26 08:00:21 2017 S9500 VTY/5/VTY_LOG:  TELNET user failed to login from 137.38.197.140(000D-88F6-60E0) on VTY0.
<54>May 26 08:00:23 SymantecServer symantec.endpoint.ibm.lab: CNC2PSY9D1,Allowed,Sysfer exception: .\RegParamEngine.cpp 1152 Failed to read value DeviceInstance from key \Registry\Machine\SYSTEM\CurrentControlSet\Control\DeviceClasses\{53f56307-b6bf-11d0-94f2-00a0c91efb8b}\##?#IDE#DiskWDC_WD800JD-75MSA3______________________10.01E04#5&,Sysfer exception,Begin: 2017-05-26 08:00:23,End: 2017-05-26 08:00:23,Rule: Sysfer exception,3592,C:/Program Files/Cisco Systems/CSAgent/bin/okclient.exe,0,,,User: rogueUser-5,Domain: US
<129>May 26 08:00:25 barracuda.firewall.ibm.lab WF ALER METHOD_NOT_ALLOWED 137.38.197.140 55918 6.146.89.210 80 security-policy GLOBAL DENY NONE [Method="ABCD"] ABCD 6.146.89.210/ HTTP "-" ""-"" 6.146.89.210 48536 "-" "-"
<86>May 26 08:00:26 apple.macosx.ibm.lab com.apple.SecurityServer: authinternal authenticated user testuser-15 (uid 86788).
<157>May 26 08:00:28 microsoft.event.ibm.lab MSWinEventLog	4	Security	60703	Fri May 26 08:00:28 2017	552	Security	NETWORK SERVICE	Well Known Group	Success Audit	testuser-53	Logon/Logoff		Logon attempt using explicit credentials: Logged on user:  User Name: NETWORK SERVICE  Domain: NT AUTHORITY  Logon ID: (0x0,0x1089936)  Logon GUID: -  User whose credentials were used:  Target User Name: testuser-53  Target Domain: us.ibm.com Target Logon GUID: -  Target Server Name: localhost  Target Server Info: localhost  Caller Process ID: 797058  Source Network Address: -  Source Port: - 	56794
<13>May 26 08:00:29 microsoft.sec.ibm.lab AgentDevice=WindowsLog	AgentLogFile=Security	Source=Security	Computer=COMP-testuser-55	User=testuser-55	Domain=	EventID=576	EventIDCode=576	EventType=8	EventCategory=2	RecordNumber=378501	TimeGenerated=1495800029	TimeWritten=1495800029	Message=Special privileges assigned to new logon: User Name: testuser-55 Domain: us.ibm.com Logon ID: (0x0,0x1094116) Privileges: SeSecurityPrivilege SeBackupPrivilege SeRestorePrivilege SeTakeOwnershipPrivilege SeDebugPrivilege SeSystemEnvironmentPrivilege SeLoadDriverPrivilege SeImpersonatePrivilege
<133>May 26 08:00:31 microsoft.event.ibm.lab MSWinEventLog 1 Security 102757633 Fri May 26 08:00:31 2017 4907 Microsoft-Windows-Security-Auditing N/A N/A Success Audit testuser-23 Audit Policy Change Auditing settings on object were changed. Subject: Security ID: S-1-5-18 Account Name: testuser-23 Account Domain: us.ibm.com Logon ID: 0x1083681 Object: Object Server: Security Object Type: File Object Name: \Windows\winsxs\test.wav Handle ID: 0x3a8 Process Information: Process ID: 0x2800DD Process Name: C:\Windows\System32\wbengine.exe Auditing Settings: Original Security Descriptor: S:AI(AU;A;;WD) New Security Descriptor: S:ARAI(AU;SAFA;;;;WD)(AU;IDFA;B;;;WD) 738989
<190>May 26 08:00:32 arbor.pravail.ibm.lab pravail-aps: Blocked Host: Blocked host 9.135.38.229 10:53 by TCP Connection Reset using TCP/60549 (Unknown) destination 131.237.170.62 source port 443,URL: https://arbornetworks.pravail.test.com/chaos/
<27>May 26 08:00:34 ambiron.ipangel.ibm.lab ipangel-ips: [2017-05-26 08:00:34-05] alert [Priority: 9] [119:2:1] [(http_inspect) DOUBLE DECODING ATTACK] 56.219.18.103:62575 TCP 117.19.3.216:80 br0
<27>May 26 08:00:36 ambiron.ipangel.ibm.lab ipangel-ips: [2017-05-26 08:00:36-05] alert [Priority: 9] [119:2:1] [(http_inspect) DOUBLE DECODING ATTACK] 16.74.199.104:56634 TCP 42.200.223.170:80 br0
<189>May 26 08:00:37 ['9.9.9.9'] authmgr[504]: <NOTI> login <00:1c:bf:ca:2b:98  56.219.18.103 testuser-52>method=802.1x, server=TEST001, role=Authenticated Update(status 0 method 0 role 16), reauth=1800 sec
<187>May 26 08:00:39 ['9.9.9.9'] httpd[16986]: [error] [client 165.11.95.213] Invalid URI in request \xf7vMKp`ET&\xa4\x9c\xc9\xec\xd1\xd8j\r\xce\xd9\xd4\xb3\c7
<28>May 26 08:00:40 Message forwarded from aix.ibm.lab: rshd[random_number_1_to_999999]: Failed rsh authentication from 210.10.106.244 for local user root via remote user testuser-31
<187>May 26 08:00:42 ['9.9.9.9'] httpd[16986]: [error] [client 54.11.145.63] Invalid URI in request \xf7vMKp`ET&\xa4\x9c\xc9\xec\xd1\xd8j\r\xce\xd9\xd4\xb3\c7
<189>May 26 08:00:43 ['9.9.9.9'] authmgr[504]: <NOTI> login <00:1c:bf:ca:2b:98  125.83.117.185 testuser-50>method=802.1x, server=TEST001, role=Authenticated Update(status 0 method 0 role 16), reauth=1800 sec
<54>May 26 08:00:45 SymantecServer symantec.endpoint.ibm.lab: Commercial application detected,Computer name: COMP-1100401,Detection type: Commercial,Application name: DameWare Development DWRCS,Application type: Remote Control,Application version: 5\~ 5\~ 0\~ 0,Hash type: SHA-1,Application hash: 4670d9eeeab7449788be3b18e9364ef0088b900e,Company name: DameWare Development LLC,File size (bytes): 208896,Sensitivity: 0,Detection score: 1,Submission recommendation: 0,Permitted application reason: 0,Source: Heuristic Scan,Risk name:  ,Occurrences: 1,DWMRCS,"DWMRCS",Actual action: Left alone,Requested action: Left alone,Secondary action: Commercial application detection,Event time: 2017-05-26 08:00:45,Inserted: 2017-05-26 08:00:45,End: 2017-05-26 08:00:45,Domain: Default,Group: My Company	est,Server: testbox,User: testuser-49,Source computer:  ,Source IP: 0.0.0.0
<129>May 26 08:00:46 barracuda.firewall.ibm.lab WF ALER SLASH_DOT_IN_URL 165.11.95.213 59678 118.47.59.54 443 security-policy GLOBAL DENY NONE ["-"] GET 118.47.59.54/themes/default/css/.htaccess HTTPS "-" ""-"" 118.47.59.54 44428 "-" "-"
<14>May 26 08:00:48 Message forwarded from aix.ibm.lab: rcp[random_number_1_to_999999]: EXPORT file to host aix.ibm.lab cmd is rcp -t /root, local user testuser-81.
<157>May 26 08:00:50 microsoft.event.ibm.lab MSWinEventLog	4	Security	60703	Fri May 26 08:00:50 2017	552	Security	NETWORK SERVICE	Well Known Group	Success Audit	testuser-7	Logon/Logoff		Logon attempt using explicit credentials: Logged on user:  User Name: NETWORK SERVICE  Domain: NT AUTHORITY  Logon ID: (0x0,0x990025)  Logon GUID: -  User whose credentials were used:  Target User Name: testuser-7  Target Domain: us.ibm.com Target Logon GUID: -  Target Server Name: localhost  Target Server Info: localhost  Caller Process ID: 516943  Source Network Address: -  Source Port: - 	56794
<182>May 26 08:00:51 apache.httpd.ibm.lab httpd: 56.219.18.103 71.63.222.211 - - [26/May/2017:08:00:51 -0500] "ABCD / HTTP/1.1" 501 443 297
<25>May 26 08:00:53 ambiron.ipangel.ibm.lab ipangel-ips: [2017-05-26 08:00:53-05] alert [Priority: 9] [116:46:1] [(snort_decoder) WARNING: TCP Data Offset is less than 5!] 201.150.192.18:61322 TCP 194.107.34.89:80 br0
<187>May 26 08:00:54 ['9.9.9.9'] httpd[16986]: [error] [client 212.2.111.4] Invalid URI in request \xf7vMKp`ET&\xa4\x9c\xc9\xec\xd1\xd8j\r\xce\xd9\xd4\xb3\c7
<157>May 26 08:00:56 microsoft.event.ibm.lab MSWinEventLog	4	Security	60703	Fri May 26 08:00:56 2017	552	Security	NETWORK SERVICE	Well Known Group	Success Audit	testuser-69	Logon/Logoff		Logon attempt using explicit credentials: Logged on user:  User Name: NETWORK SERVICE  Domain: NT AUTHORITY  Logon ID: (0x0,0x1104601)  Logon GUID: -  User whose credentials were used:  Target User Name: testuser-69  Target Domain: us.ibm.com Target Logon GUID: -  Target Server Name: localhost  Target Server Info: localhost  Caller Process ID: 129612  Source Network Address: -  Source Port: - 	56794
<129>May 26 08:00:57 barracuda.firewall.ibm.lab WF ALER METHOD_NOT_ALLOWED 9.135.38.229 53767 51.10.222.162 80 security-policy GLOBAL DENY NONE [Method="ABCD"] ABCD 51.10.222.162/ HTTP "-" ""-"" 51.10.222.162 48536 "-" "-"
<182>May 26 08:00:59 apache.httpd.ibm.lab httpd: 201.150.192.18 75.20.106.202 - - [26/May/2017:08:00:59 -0500] "CONNECT 10.35.79.71:443 HTTP/1.1" 405 443 297
<38>May 26 08:01:01 sshd[926479]: input_userauth_request: invalid user testuser-93
<13>May 26 08:01:02 microsoft.sec.ibm.lab AgentDevice=WindowsLog	AgentLogFile=Security	Source=Security	Computer=COMP-testuser-48	User=testuser-48	Domain=	EventID=675	EventIDCode=675	EventType=16	EventCategory=9	RecordNumber=428085	TimeGenerated=1495800062	TimeWritten=1495800062	Message=Pre-authentication failed: User Name: testuser-48 User ID: %{S-1-2-3-1098304} Service Name: krbtgt Pre-Authentication Type: 0x2 Failure Code: 0x18 Client Address: 30.197.15.169 
<54>May 26 08:01:04 SymantecServer symantec.endpoint.ibm.lab: Potential risk found,Computer name: COMP-1096209,Detection type: Heuristic,Application name: (Unknown),Application type: Trojan Worm,Application version: ,Hash type: SHA-1,Application hash: 72c874f212a18944ff56f774bfe7252346b93f8e,Company name: ,File size (bytes): 301568,Sensitivity: 0,Detection score: 40,Submission recommendation:1,Permitted application reason: 0,Source: Heuristic Scan,Risk name: ,Occurrences: 1,c:\claims\claims32.exe,"",Actual action: Left alone,Requested action: Left alone,Secondary action: Left alone,Event time: 2017-05-26 08:01:04,Inserted:2017-05-26 08:01:04,End:  2017-05-26 08:01:04,Domain: Default,Group: My Company\LTC\Desktops,Server: crasesssmc01,User: testuser-56,Source computer: ,Source IP: 0.0.0.0
<13>May 26 08:01:05 microsoft.sec.ibm.lab AgentDevice=WindowsLog	AgentLogFile=Security	Source=Security	Computer=COMP-testuser-29	User=testuser-29	Domain=	EventID=576	EventIDCode=576	EventType=8	EventCategory=2	RecordNumber=840850	TimeGenerated=1495800065	TimeWritten=1495800065	Message=Special privileges assigned to new logon: User Name: testuser-29 Domain: us.ibm.com Logon ID: (0x0,0x1096209) Privileges: SeSecurityPrivilege SeBackupPrivilege SeRestorePrivilege SeTakeOwnershipPrivilege SeDebugPrivilege SeSystemEnvironmentPrivilege SeLoadDriverPrivilege SeImpersonatePrivilege
<54>May 26 08:01:07 SymantecServer symantec.endpoint.ibm.lab: DCA-EMAPROJ2,Allowed,"C:\Program Files\Common Files\Symantec Shared\ccSvcHst.exe",,Begin: 2017-05-26 08:01:07,End:2017-05-26 08:01:07,Rule: ,2528,C:/Program Files/Microsoft Virtual Server/vmh.exe,0,,C:/ProgramFiles/Common Files/Symantec Shared/ccSvcHst.exe,User: testuser-89,Domain: US
<13>May 26 08:01:08 microsoft.sec.ibm.lab AgentDevice=WindowsLog	AgentLogFile=Security	Source=Security	Computer=COMP-testuser-46	User=testuser-46	Domain=	EventID=672	EventIDCode=672	EventType=8	EventCategory=9	RecordNumber=862364	TimeGenerated=1495800068	TimeWritten=1495800068	Message=Authentication Ticket Request: User Name: testuser-46 Supplied Realm Name: us.ibm.com User ID: %{S-1-2-3-1094116} Service Name: krbtgt Service ID: %{S-3-2-1-AF2677} Ticket Options: 0x40810010 Result Code: - Ticket Encryption Type: 0x17 Pre-Authentication Type: 2 Client Address: 79.186.10.120 Certificate Issuer Name:  Certificate Serial Number:  Certificate Thumbprint: 
<33>May 26 08:01:10 threecom.switch.ibm.lab %May 26 08:01:10 2017 S9500 FTPS/5/USEROUT: User rogueUser-1(33.195.94.29) logged out
<54>May 26 08:01:12 SymantecServer symantec.endpoint.ibm.lab: CNC2PSY9D1,Allowed,Sysfer exception: .\RegParamEngine.cpp 1152 Failed to read value DeviceInstance from key \Registry\Machine\SYSTEM\CurrentControlSet\Control\DeviceClasses\{53f56307-b6bf-11d0-94f2-00a0c91efb8b}\##?#IDE#DiskWDC_WD800JD-75MSA3______________________10.01E04#5&,Sysfer exception,Begin: 2017-05-26 08:01:12,End: 2017-05-26 08:01:12,Rule: Sysfer exception,3592,C:/Program Files/Cisco Systems/CSAgent/bin/okclient.exe,0,,,User: testuser-32,Domain: US
<33>May 26 08:01:13 threecom.switch.ibm.lab %May 26 08:01:13 2017 S9500 RTA/3/Failed to start accounting: Failed to start traffic accounting for user 136.38.97.190 on board 6
<33>May 26 08:01:15 threecom.switch.ibm.lab %May 26 08:01:15 2017 S9500 FTPS/5/USEROUT: User testuser-30(202.207.224.25) logged out
<182>May 26 08:01:16 apache.httpd.ibm.lab httpd: 218.111.178.29 103.249.89.51 - - [26/May/2017:08:01:16 -0500] "TRACE / HTTP/1.0" 403 443 272
<13>May 26 08:01:18 microsoft.sec.ibm.lab AgentDevice=WindowsLog	AgentLogFile=Security	Source=Security	Computer=COMP-rogueUser-3	User=rogueUser-3	Domain=	EventID=672	EventIDCode=672	EventType=16	EventCategory=9	RecordNumber=718336	TimeGenerated=1495800078	TimeWritten=1495800078	Message=Authentication Ticket Request: User Name: rogueUser-3 Supplied Realm Name: us.ibm.com User ID: %{S-1-2-3-1117249} Service Name: krbtgt Service ID: %{S-3-2-1-BE1669} Ticket Options: 0x40810010 Result Code: - Ticket Encryption Type: 0x17 Pre-Authentication Type: 2 Client Address: 20.135.51.253 Certificate Issuer Name:  Certificate Serial Number:  Certificate Thumbprint: 
<182>May 26 08:01:19 apache.httpd.ibm.lab httpd: 79.186.10.120 188.169.18.192 - - [26/May/2017:08:01:19 -0500] "ABCD / HTTP/1.1" 501 443 297
<38>May 26 08:01:21 sshd[590615]: Invalid user testuser-46 from 9.107.199.137
<182>May 26 08:01:22 apache.httpd.ibm.lab httpd: 83.87.204.105 107.97.123.114 - - [26/May/2017:08:01:22 -0500] "OPTIONS /cgi-bin/index.php HTTP/1.1" 200 443 -
<182>May 26 08:01:24 apache.httpd.ibm.lab httpd: 20.135.51.253 83.120.247.25 - - [26/May/2017:08:01:24 -0500] "GET /../../../../../../../../../../../ HTTP/1.1" 400 443 307
<33>May 26 08:01:26 threecom.switch.ibm.lab %May 26 08:01:26 2017 S9500 PORTAL/5/PT_LOG: Online user 218.111.178.29 changes to 81.249.240.129, we will cut it off as using traffic-acct.
<33>May 26 08:01:27 threecom.switch.ibm.lab %May 26 08:01:27 2017 S9500 FTPS/5/USERIN: User testuser-27(218.111.178.29) login succeeded
<13>May 26 08:01:29 checkpoint.firewall.ibm.lab 26May2017 drop checkpoint.firewall.ibm.lab product: SmartDefense; src: 165.11.95.213; s_port: 64171; dst: 39.119.161.143; service: 443; proto: tcp; rule: 392;Attack Info: TCP segment out of maximum allowed sequence. Packet dropped.;Confidence Level: 0;Performance Impact: 0;Protection Name: TCP Segment Limit Enforcement;Protection Type: settings_tcp;Severity: 0;SmartDefense Profile: Boticario_DMZ_Protection;__policy_id_tag: product=VPN-1 & FireWall-1[db_tag={E94ECB65-34C0-4740-9634-761E1604C8BC};mgmt=SJP1PLNX036-DMZ;date=1424714440;policy_name=DMZ];attack: Streaming Engine: TCP Segment Limit Enforcement;has_accounting: 0;i/f_dir: inbound;i/f_name: eth2-01.2809;origin_sic_name: CN=TEST-DMZ1,O=log_server_hostname;protection_id: tcp_segment_limit;rule_uid: {499DBB08-D262-4D9F-B639-5337A7B36E59};snid: 7572c682;src_machine_name: COMP-testuser-83;src_user_name: testuser-83 ;user: testuser-83 ;
<13>May 26 08:01:30 microsoft.sec.ibm.lab AgentDevice=WindowsLog	AgentLogFile=Security	Source=Security	Computer=COMP-testuser-91	User=testuser-91	Domain=	EventID=576	EventIDCode=576	EventType=8	EventCategory=2	RecordNumber=894819	TimeGenerated=1495800090	TimeWritten=1495800090	Message=Special privileges assigned to new logon: User Name: testuser-91 Domain: us.ibm.com Logon ID: (0x0,0x1094116) Privileges: SeSecurityPrivilege SeBackupPrivilege SeRestorePrivilege SeTakeOwnershipPrivilege SeDebugPrivilege SeSystemEnvironmentPrivilege SeLoadDriverPrivilege SeImpersonatePrivilege
<38>May 26 08:01:32 sshd[744913]: Invalid user rogueUser-3 from 71.14.89.98
<54>May 26 08:01:33 SymantecServer symantec.endpoint.ibm.lab: Security risk found,Computer name: COMP-1094116,Source: Scheduled Scan,Risk name: VirusDoctor,Occurrences: 1,c:/System Volume Information/_restore{A3F5C2A3-F289-4356-B021-1FEFEFB73CBD}/RP243/A0070465.exe,"",Actual action: Quarantined,Requested action: Quarantined,Secondary action: Left alone,Event time: 2017-05-26 08:01:33,Inserted:2017-05-26 08:01:33,End: 2017-05-26 08:01:33,Domain: Default,Group: My Company	est,Server: avp1,User: testuser-64,Source computer:  ,Source IP: 0.0.0.0
<13>May 26 08:01:35 microsoft.sec.ibm.lab AgentDevice=WindowsLog	AgentLogFile=Security	Source=Security	Computer=COMP-testuser-11	User=testuser-11	Domain=	EventID=540	EventIDCode=540	EventType=8	EventCategory=2	RecordNumber=281262	TimeGenerated=1495800095	TimeWritten=1495800095	Message=Successful Network Logon: User Name: Domain: Logon ID: (0x0,0x1077444) Logon Type: 3 Logon Process: NtLmSsp Authentication Package: NTLM Workstation Name: COMP-testuser-11 Logon GUID: - Caller User Name: - Caller Domain: - Caller Logon ID: - Caller Process ID: - Transited Services: - Source Network Address: 132.146.155.198 Source Port: 0
<13>May 26 08:01:37 checkpoint.firewall.ibm.lab 26May2017 drop checkpoint.firewall.ibm.lab product: VPN-1 &FireWall-1; src: 51.18.44.104; s_port: 58922; dst: 222.30.100.227; service: 138; proto: udp; rule: 323;SmartDefense profile: Default_Protection;__policy_id_tag: product=VPN-1 & FireWall-1[db_tag={48AB8350-7F61-11DD-887D-C0A832D16C6C};mgmt=fwmngt-zentral;date=1221069169;policy_name=Chameleon_gbl];has_accounting: 0;i/f_dir: inbound;i/f_name: eth-s1/s1p1c0;rule_uid: {21D66174-0E19-4B77-A1E9-3473FE991088};
<50>May 26 08:01:38 SymantecServer symantec.endpoint.ibm.lab: testbox-xyz,[SID: 70025] Web Attack: Blackhole Exploit Toolkit 2 attack blocked. Traffic has been blocked for this application: C:\Program Files\Internet Explorer\iexplore.exe,Local: 0.0.0.0,Local: 000000000000,Remote: ,Remote: 0.0.0.0,Remote: 000000000000,Inbound,OTHERS,,Begin: 2017-05-26 08:01:38,End: 2017-05-26 08:01:38,Occurrences: 1,Application: C:/Program Files/Internet Explorer/iexplore.exe,Location: Default,User: testuser-42,Domain: SIMON,!ExternalLoggingTask.localport! 0,!ExternalLoggingTask.remoteport! 0,!ExternalLoggingTask.cidssignid! 70025,!ExternalLoggingTask.strcidssignid! Web Attack: Blackhole Exploit Toolkit 2,!ExternalLoggingTask.cidssignsubid! 0,!ExternalLoggingTask.intrusionurl! http://pppptttt.blah.net/links/came_broadcasting_taking-various.php,!ExternalLoggingTask.intrusionpayloadurl!
<38>May 26 08:01:40 sshd[126118]: Invalid user testuser-63 from 173.14.235.135
<54>May 26 08:01:41 SymantecServer symantec.endpoint.ibm.lab: Security risk found,Computer name: COMP-1096209,Source: Scheduled Scan,Risk name: VirusDoctor,Occurrences: 1,c:/System Volume Information/_restore{A3F5C2A3-F289-4356-B021-1FEFEFB73CBD}/RP243/A0070465.exe,"",Actual action: Quarantined,Requested action: Quarantined,Secondary action: Left alone,Event time: 2017-05-26 08:01:41,Inserted:2017-05-26 08:01:41,End: 2017-05-26 08:01:41,Domain: Default,Group: My Company	est,Server: avp1,User: testuser-83,Source computer:  ,Source IP: 0.0.0.0
<33>May 26 08:01:43 threecom.switch.ibm.lab %May 26 08:01:43 2017 S9500 FTPS/5/USERIN: User testuser-27(218.111.178.29) login succeeded
<38>May 26 08:01:44 sshd[random_number_1_to_999999]: Accepted keyboard-interactive/pam for rogueUser-3 from 20.135.51.253 port 59122 ssh2
<34>May 26 08:01:44 Message forwarded from aix.ibm.lab: su: BAD SU from rogueUser-3 to root at /dev/pts/3
<190>May 26 08:01:46 arbor.pravail.ibm.lab pravail-aps: Blocked Host: Blocked host 125.83.117.185 at 10:52 by Invalid Packets using TCP/0 (Unknown) destination 39.35.118.103,URL: https://arbornetworks.pravail.test.com/chaos/
<129>May 26 08:01:48 barracuda.firewall.ibm.lab WF ALER METACHARACTER_IN_PARAMETER 125.83.117.185 52622 185.187.51.227 443 security-policy GLOBAL DENY NONE [token="%00 " Parameter="article" value="../../../../../../../../etc/passwd"] GET 185.187.51.227/talkback.cgi?article=../../../../../../../../etc/passwd%00&action=view&matchview=1 HTTPS "-" ""-"" 185.187.51.227 52622 "-" "-"
<189>May 26 08:01:49 ['9.9.9.9'] authmgr[504]: <NOTI> login <00:1c:bf:ca:2b:98  165.11.95.213 testuser-56>method=802.1x, server=TEST001, role=Authenticated Update(status 0 method 0 role 16), reauth=1800 sec
<133>May 26 08:01:51 microsoft.event.ibm.lab MSWinEventLog 1 Security 102757633 Fri May 26 08:01:51 2017 4907 Microsoft-Windows-Security-Auditing N/A N/A Success Audit testuser-40 Audit Policy Change Auditing settings on object were changed. Subject: Security ID: S-1-5-18 Account Name: testuser-40 Account Domain: us.ibm.com Logon ID: 0x1081600 Object: Object Server: Security Object Type: File Object Name: \Windows\winsxs\test.wav Handle ID: 0x3a8 Process Information: Process ID: 0xEDADF3 Process Name: C:\Windows\System32\wbengine.exe Auditing Settings: Original Security Descriptor: S:AI(AU;A;;WD) New Security Descriptor: S:ARAI(AU;SAFA;;;;WD)(AU;IDFA;B;;;WD) 935502
<50>May 26 08:01:52 SymantecServer symantec.endpoint.ibm.lab: testbox-xyz,[SID: 70025] Web Attack: Blackhole Exploit Toolkit 2 attack blocked. Traffic has been blocked for this application: C:\Program Files\Internet Explorer\iexplore.exe,Local: 0.0.0.0,Local: 000000000000,Remote: ,Remote: 0.0.0.0,Remote: 000000000000,Inbound,OTHERS,,Begin: 2017-05-26 08:01:52,End: 2017-05-26 08:01:52,Occurrences: 1,Application: C:/Program Files/Internet Explorer/iexplore.exe,Location: Default,User: testuser-86,Domain: SIMON,!ExternalLoggingTask.localport! 0,!ExternalLoggingTask.remoteport! 0,!ExternalLoggingTask.cidssignid! 70025,!ExternalLoggingTask.strcidssignid! Web Attack: Blackhole Exploit Toolkit 2,!ExternalLoggingTask.cidssignsubid! 0,!ExternalLoggingTask.intrusionurl! http://pppptttt.blah.net/links/came_broadcasting_taking-various.php,!ExternalLoggingTask.intrusionpayloadurl!
<54>May 26 08:01:54 SymantecServer symantec.endpoint.ibm.lab: DCA-EMAPROJ2,Allowed,"C:\Program Files\Common Files\Symantec Shared\ccSvcHst.exe",,Begin: 2017-05-26 08:01:54,End:2017-05-26 08:01:54,Rule: ,2528,C:/Program Files/Microsoft Virtual Server/vmh.exe,0,,C:/ProgramFiles/Common Files/Symantec Shared/ccSvcHst.exe,User: testuser-22,Domain: US
<54>May 26 08:01:55 SymantecServer symantec.endpoint.ibm.lab: Potential risk found,Computer name: COMP-978121,Detection type: Heuristic,Application name: (Unknown),Application type: Trojan Worm,Application version: ,Hash type: SHA-1,Application hash: 72c874f212a18944ff56f774bfe7252346b93f8e,Company name: ,File size (bytes): 301568,Sensitivity: 0,Detection score: 40,Submission recommendation:1,Permitted application reason: 0,Source: Heuristic Scan,Risk name: ,Occurrences: 1,c:\claims\claims32.exe,"",Actual action: Left alone,Requested action: Left alone,Secondary action: Left alone,Event time: 2017-05-26 08:01:55,Inserted:2017-05-26 08:01:55,End:  2017-05-26 08:01:55,Domain: Default,Group: My Company\LTC\Desktops,Server: crasesssmc01,User: testuser-1,Source computer: ,Source IP: 0.0.0.0
<14>May 26 08:01:57 Message forwarded from aix.ibm.lab: rcp[random_number_1_to_999999]: EXPORT file to host aix.ibm.lab cmd is rcp -t /root, local user testuser-22.
<86>May 26 08:01:58 apple.macosx.ibm.lab sshd[5590]: Failed password for invalid user testuser-42 from 168.84.241.50 port 62516 ssh2
<27>May 26 08:02:00 ambiron.ipangel.ibm.lab ipangel-ips: [2017-05-26 08:02:00-05] alert [Priority: 9] [119:2:1] [(http_inspect) DOUBLE DECODING ATTACK] 189.6.147.68:61648 TCP 8.92.54.32:80 br0
<83>May 26 08:02:02 apple.macosx.ibm.lab com.apple.SecurityServer: authinternal failed to authenticate user testuser-61.
<189>May 26 08:02:03 ['9.9.9.9'] authmgr[504]: <NOTI> login <00:1c:bf:ca:2b:98  16.74.199.104 testuser-2>method=802.1x, server=TEST001, role=Authenticated Update(status 0 method 0 role 16), reauth=1800 sec
<189>May 26 08:02:05 ['9.9.9.9'] authmgr[504]: <NOTI> login <00:1c:bf:ca:2b:98  51.18.44.104 testuser-40>method=802.1x, server=TEST001, role=Authenticated Update(status 0 method 0 role 16), reauth=1800 sec
<190>May 26 08:02:06 arbor.pravail.ibm.lab pravail-aps: Blocked Host: Blocked host 33.195.94.29 at 10:52 by Invalid Packets using TCP/0 (Unknown) destination 106.65.17.74,URL: https://arbornetworks.pravail.test.com/chaos/
<54>May 26 08:02:08 SymantecServer symantec.endpoint.ibm.lab: DCA-EMAPROJ2,Allowed,"C:\Program Files\Common Files\Symantec Shared\ccSvcHst.exe",,Begin: 2017-05-26 08:02:08,End:2017-05-26 08:02:08,Rule: ,2528,C:/Program Files/Microsoft Virtual Server/vmh.exe,0,,C:/ProgramFiles/Common Files/Symantec Shared/ccSvcHst.exe,User: testuser-61,Domain: US
<182>May 26 08:02:09 apache.httpd.ibm.lab httpd: 218.111.178.29 116.126.26.84 - - [26/May/2017:08:02:09 -0500] "POST /test.php?doing_test=123 HTTP/1.0" 404 80 282
<187>May 26 08:02:11 ['9.9.9.9'] httpd[16986]: [error] [client 201.150.192.18] Invalid URI in request \xf7vMKp`ET&\xa4\x9c\xc9\xec\xd1\xd8j\r\xce\xd9\xd4\xb3\c7
<26>May 26 08:02:13 ambiron.ipangel.ibm.lab ipangel-ips: [2017-05-26 08:02:13-05] alert [Priority: 9] [119:14:1] [(http_inspect) NON-RFC DEFINED CHAR] 218.111.178.29:59077 TCP 14.65.224.190:80 br0
<129>May 26 08:02:14 barracuda.firewall.ibm.lab WF ALER METACHARACTER_IN_PARAMETER 56.219.18.103 52386 176.62.232.201 443 security-policy GLOBAL DENY NONE [token="%00 " Parameter="article" value="../../../../../../../../etc/passwd"] GET 176.62.232.201/talkback.cgi?article=../../../../../../../../etc/passwd%00&action=view&matchview=1 HTTPS "-" ""-"" 176.62.232.201 52386 "-" "-"
<37>May 26 08:02:16 Message forwarded from aix.ibm.lab: su: from testuser-2 to root at /dev/pts/4
<13>May 26 08:02:17 checkpoint.firewall.ibm.lab 26May2017 reject checkpoint.firewall.ibm.lab product: VPN-1 & FireWall-1; src: 9.135.38.229; s_port: 53198; dst: 106.98.181.67; service: 113; proto: tcp; rule: 14;SmartDefense profile: Default_Protection;__policy_id_tag: product=VPN-1 & FireWall-1[db_tag={25E5B8F6-79E7-11DD-941A-C0A832D00C0C};mgmt=fwmngt-wuv;date=1220466957;policy_name=rhino_gbl];has_accounting: 0;i/f_dir: inbound;i/f_name: eth-s2/s1p1c0;rule_uid: {9C96B325-D976-4A30-8685-9ED61018A6E7};service_id: gident;
<27>May 26 08:02:19 ambiron.ipangel.ibm.lab ipangel-ips: [2017-05-26 08:02:19-05] alert [Priority: 9] [119:2:1] [(http_inspect) DOUBLE DECODING ATTACK] 120.171.20.155:54431 TCP 214.30.24.1:80 br0
<86>May 26 08:02:20 apple.macosx.ibm.lab sshd[5590]: Failed password for invalid user testuser-70 from 56.219.18.103 port 59422 ssh2
<27>May 26 08:02:22 ambiron.ipangel.ibm.lab ipangel-ips: [2017-05-26 08:02:22-05] alert [Priority: 9] [119:2:1] [(http_inspect) DOUBLE DECODING ATTACK] 120.171.20.155:64470 TCP 168.193.30.136:80 br0
<27>May 26 08:02:24 ambiron.ipangel.ibm.lab ipangel-ips: [2017-05-26 08:02:24-05] alert [Priority: 9] [119:2:1] [(http_inspect) DOUBLE DECODING ATTACK] 120.171.20.155:57912 TCP 101.182.203.146:80 br0
<189>May 26 08:02:25 ['9.9.9.9'] authmgr[504]: <NOTI> login <00:1c:bf:ca:2b:98  20.135.51.253 rogueUser-3>method=802.1x, server=TEST001, role=Authenticated Update(status 0 method 0 role 16), reauth=1800 sec
<13>May 26 08:02:27 checkpoint.firewall.ibm.lab 26May2017 drop checkpoint.firewall.ibm.lab product: SmartDefense; src: 165.11.95.213; s_port: 65116; dst: 170.132.194.196; service: 443; proto: tcp; rule: 392;Attack Info: TCP segment out of maximum allowed sequence. Packet dropped.;Confidence Level: 0;Performance Impact: 0;Protection Name: TCP Segment Limit Enforcement;Protection Type: settings_tcp;Severity: 0;SmartDefense Profile: Boticario_DMZ_Protection;__policy_id_tag: product=VPN-1 & FireWall-1[db_tag={E94ECB65-34C0-4740-9634-761E1604C8BC};mgmt=SJP1PLNX036-DMZ;date=1424714440;policy_name=DMZ];attack: Streaming Engine: TCP Segment Limit Enforcement;has_accounting: 0;i/f_dir: inbound;i/f_name: eth2-01.2809;origin_sic_name: CN=TEST-DMZ1,O=log_server_hostname;protection_id: tcp_segment_limit;rule_uid: {499DBB08-D262-4D9F-B639-5337A7B36E59};snid: 7572c682;src_machine_name: COMP-testuser-92;src_user_name: testuser-92 ;user: testuser-92 ;
<33>May 26 08:02:28 threecom.switch.ibm.lab %May 26 08:02:28 2017 S9500 RTA/3/Failed to get user traffic: Failed to get traffic of user 56.219.18.103 on board 6
<38>May 26 08:02:30 sshd[271617]: input_userauth_request: invalid user testuser-47
<13>May 26 08:02:31 checkpoint.firewall.ibm.lab 26May2017  checkpoint.firewall.ibm.lab product: SmartDefense; src: 165.11.95.213; s_port: ; dst: 68.120.224.204; service: ; proto: udp; rule: ;Attack Info: Out-of-state DNS reply;Suppressed logs: 143;Total logs: 144;__policy_id_tag: product=VPN-1 & FireWall-1[db_tag={321A4EE6-7DEA-11DD-BFAA-C0A832822626};mgmt=fwmngt05;date=1220908070;policy_name=KillerWhale_gbl];alert: alert;attack: Invalid DNS;has_accounting: 0;i/f_dir: inbound;
<187>May 26 08:02:33 ['9.9.9.9'] httpd[16986]: [error] [client 20.135.51.253] Invalid URI in request \xf7vMKp`ET&\xa4\x9c\xc9\xec\xd1\xd8j\r\xce\xd9\xd4\xb3\c7
<129>May 26 08:02:34 barracuda.firewall.ibm.lab WF ALER SLASH_DOT_IN_URL 202.207.224.25 58740 1.159.170.251 443 security-policy GLOBAL DENY NONE ["-"] GET 1.159.170.251/themes/default/css/.htaccess HTTPS "-" ""-"" 1.159.170.251 44428 "-" "-"
<189>May 26 08:02:36 ['9.9.9.9'] authmgr[504]: <NOTI> login <00:1c:bf:ca:2b:98  165.11.95.213 testuser-83>method=802.1x, server=TEST001, role=Authenticated Update(status 0 method 0 role 16), reauth=1800 sec
<182>May 26 08:02:38 apache.httpd.ibm.lab httpd: 129.171.84.29 17.92.95.61 - - [26/May/2017:08:02:38 -0500] "POST /test.php?doing_test=123 HTTP/1.0" 404 80 282
<187>May 26 08:02:39 ['9.9.9.9'] httpd[16986]: [error] [client 179.174.48.208] Invalid URI in request \xf7vMKp`ET&\xa4\x9c\xc9\xec\xd1\xd8j\r\xce\xd9\xd4\xb3\c7
<13>May 26 08:02:41 microsoft.sec.ibm.lab AgentDevice=WindowsLog	AgentLogFile=Security	Source=Security	Computer=COMP-rogueUser-4	User=rogueUser-4	Domain=	EventID=672	EventIDCode=672	EventType=8	EventCategory=9	RecordNumber=604734	TimeGenerated=1495800161	TimeWritten=1495800161	Message=Authentication Ticket Request: User Name: rogueUser-4 Supplied Realm Name: us.ibm.com User ID: %{S-1-2-3-1119364} Service Name: krbtgt Service ID: %{S-3-2-1-21E785} Ticket Options: 0x40810010 Result Code: - Ticket Encryption Type: 0x17 Pre-Authentication Type: 2 Client Address: 128.234.158.118 Certificate Issuer Name:  Certificate Serial Number:  Certificate Thumbprint: 
<182>May 26 08:02:42 apache.httpd.ibm.lab httpd: 125.83.117.185 116.116.22.157 - - [26/May/2017:08:02:42 -0500] "TRACE / HTTP/1.0" 403 443 272
<182>May 26 08:02:44 apache.httpd.ibm.lab httpd: 167.227.124.53 114.187.46.86 - - [26/May/2017:08:02:44 -0500] "GET /../../../../../../../../../../../ HTTP/1.1" 400 443 307
<27>May 26 08:02:45 ambiron.ipangel.ibm.lab ipangel-ips: [2017-05-26 08:02:45-05] alert [Priority: 9] [119:2:1] [(http_inspect) DOUBLE DECODING ATTACK] 56.219.18.103:59938 TCP 182.92.222.36:80 br0
<33>May 26 08:02:47 threecom.switch.ibm.lab %May 26 08:02:47 2017 S9500 PORTAL/5/PT_LOG: Online user 165.11.95.213 changes to 48.236.199.78, we will cut it off as using traffic-acct.
<33>May 26 08:02:49 threecom.switch.ibm.lab %May 26 08:02:49 2017 S9500 PORTAL/5/PT_LOG: Online user 56.219.18.103 changes to 113.81.111.36, we will cut it off as using traffic-acct.
<33>May 26 08:02:50 threecom.switch.ibm.lab %May 26 08:02:50 2017 S9500 PORTAL/5/PT_LOG: Online user 20.135.51.253 changes to 33.209.7.151, we will cut it off as using traffic-acct.
<14>May 26 08:02:52 Message forwarded from aix.ibm.lab: rcp[random_number_1_to_999999]: EXPORT file to host aix.ibm.lab cmd is rcp -t /root, local user testuser-68.
<13>May 26 08:02:53 microsoft.sec.ibm.lab AgentDevice=WindowsLog	AgentLogFile=Security	Source=Security	Computer=COMP-testuser-46	User=testuser-46	Domain=	EventID=675	EventIDCode=675	EventType=16	EventCategory=9	RecordNumber=617887	TimeGenerated=1495800173	TimeWritten=1495800173	Message=Pre-authentication failed: User Name: testuser-46 User ID: %{S-1-2-3-1094116} Service Name: krbtgt Pre-Authentication Type: 0x2 Failure Code: 0x18 Client Address: 180.142.70.110 
<182>May 26 08:02:55 apache.httpd.ibm.lab httpd: 201.150.192.18 189.148.115.61 - - [26/May/2017:08:02:55 -0500] "CONNECT 10.35.79.71:443 HTTP/1.1" 405 443 297
<26>May 26 08:02:56 ambiron.ipangel.ibm.lab ipangel-ips: [2017-05-26 08:02:56-05] alert [Priority: 9] [119:14:1] [(http_inspect) NON-RFC DEFINED CHAR] 83.87.204.105:60292 TCP 171.114.174.238:80 br0
<190>May 26 08:02:58 arbor.pravail.ibm.lab pravail-aps: Blocked Host: Blocked host 15.83.16.235 10:53 by TCP Connection Reset using TCP/57068 (Unknown) destination 131.39.208.231 source port 443,URL: https://arbornetworks.pravail.test.com/chaos/
<13>May 26 08:03:00 microsoft.sec.ibm.lab AgentDevice=WindowsLog	AgentLogFile=Security	Source=Security	Computer=COMP-rogueUser-4	User=rogueUser-4	Domain=	EventID=673	EventIDCode=673	EventType=8	EventCategory=9	RecordNumber=548892	TimeGenerated=1495800180	TimeWritten=1495800180	Message=Service Ticket Request:  User Name: rogueUser-4@us.ibm.com User Domain: us.ibm.com Service Name: MAIL$  Service ID: %{S-3-2-1-1FADB6} Ticket Options:  0x40810000   Ticket Encryption Type: 0x17 Client Address: 128.234.158.118 Failure Code: - LogonGUID: {1FADB6-f005ba11-ba5eba11} Transited Services: - 
<50>May 26 08:03:01 SymantecServer symantec.endpoint.ibm.lab: testbox-xyz,[SID: 70025] Web Attack: Blackhole Exploit Toolkit 2 attack blocked. Traffic has been blocked for this application: C:\Program Files\Internet Explorer\iexplore.exe,Local: 0.0.0.0,Local: 000000000000,Remote: ,Remote: 0.0.0.0,Remote: 000000000000,Inbound,OTHERS,,Begin: 2017-05-26 08:03:01,End: 2017-05-26 08:03:01,Occurrences: 1,Application: C:/Program Files/Internet Explorer/iexplore.exe,Location: Default,User: testuser-93,Domain: SIMON,!ExternalLoggingTask.localport! 0,!ExternalLoggingTask.remoteport! 0,!ExternalLoggingTask.cidssignid! 70025,!ExternalLoggingTask.strcidssignid! Web Attack: Blackhole Exploit Toolkit 2,!ExternalLoggingTask.cidssignsubid! 0,!ExternalLoggingTask.intrusionurl! http://pppptttt.blah.net/links/came_broadcasting_taking-various.php,!ExternalLoggingTask.intrusionpayloadurl!
<33>May 26 08:03:03 threecom.switch.ibm.lab %May 26 08:03:03 2017 S9500 VTY/5/VTY_LOG:  TELNET user failed to login from 179.174.48.208(000D-88F6-60E0) on VTY0.
<129>May 26 08:03:04 barracuda.firewall.ibm.lab WF ALER CROSS_SITE_SCRIPTING_IN_PARAM 212.2.111.4 62307 155.230.22.170 443 security-policy GLOBAL DENY NONE [type="cross-site-scripting" pattern="script-tag" token="<script>" Parameter="url" value="<script>alert(5341)</script>"] GET 155.230.22.170/redirect.asp?url=<script>alert(5341)</script> HTTPS "-" ""-"" 155.230.22.170 59845 "-" "-"
<27>May 26 08:03:06 ambiron.ipangel.ibm.lab ipangel-ips: [2017-05-26 08:03:06-05] alert [Priority: 9] [119:2:1] [(http_inspect) DOUBLE DECODING ATTACK] 165.11.95.213:59748 TCP 140.247.108.11:80 br0
<190>May 26 08:03:07 arbor.pravail.ibm.lab pravail-aps: Blocked Host: Blocked host 201.150.192.18 at 10:52 by Invalid Packets using TCP/0 (Unknown) destination 138.33.253.233,URL: https://arbornetworks.pravail.test.com/chaos/
<179>May 26 08:03:09 apache.httpd.ibm.lab httpd[5570]: [ID 702911 local6.error] [error] [client 129.171.84.29] Certificate Verification: Error (10): certificate has expired
<157>May 26 08:03:10 microsoft.event.ibm.lab MSWinEventLog	4	Security	60703	Fri May 26 08:03:10 2017	552	Security	NETWORK SERVICE	Well Known Group	Success Audit	testuser-8	Logon/Logoff		Logon attempt using explicit credentials: Logged on user:  User Name: NETWORK SERVICE  Domain: NT AUTHORITY  Logon ID: (0x0,0x992016)  Logon GUID: -  User whose credentials were used:  Target User Name: testuser-8  Target Domain: us.ibm.com Target Logon GUID: -  Target Server Name: localhost  Target Server Info: localhost  Caller Process ID: 897069  Source Network Address: -  Source Port: - 	56794
<189>May 26 08:03:12 ['9.9.9.9'] authmgr[504]: <NOTI> login <00:1c:bf:ca:2b:98  83.87.204.105 testuser-87>method=802.1x, server=TEST001, role=Authenticated Update(status 0 method 0 role 16), reauth=1800 sec
<133>May 26 08:03:14 microsoft.event.ibm.lab MSWinEventLog 1 Security 102757633 Fri May 26 08:03:14 2017 4907 Microsoft-Windows-Security-Auditing N/A N/A Success Audit testuser-3 Audit Policy Change Auditing settings on object were changed. Subject: Security ID: S-1-5-18 Account Name: testuser-3 Account Domain: us.ibm.com Logon ID: 0x982081 Object: Object Server: Security Object Type: File Object Name: \Windows\winsxs\test.wav Handle ID: 0x3a8 Process Information: Process ID: 0x3CF5F1 Process Name: C:\Windows\System32\wbengine.exe Auditing Settings: Original Security Descriptor: S:AI(AU;A;;WD) New Security Descriptor: S:ARAI(AU;SAFA;;;;WD)(AU;IDFA;B;;;WD) 32017
<13>May 26 08:03:15 microsoft.sec.ibm.lab AgentDevice=WindowsLog	AgentLogFile=Security	Source=Security	Computer=COMP-testuser-84	User=testuser-84	Domain=	EventID=675	EventIDCode=675	EventType=16	EventCategory=9	RecordNumber=826087	TimeGenerated=1495800195	TimeWritten=1495800195	Message=Pre-authentication failed: User Name: testuser-84 User ID: %{S-1-2-3-1098304} Service Name: krbtgt Pre-Authentication Type: 0x2 Failure Code: 0x18 Client Address: 30.90.182.58 
<86>May 26 08:03:17 apple.macosx.ibm.lab com.apple.SecurityServer: uid 979145 succeeded authenticating as user admin (uid 501) for right system.install.root.user.
<189>May 26 08:03:18 ['9.9.9.9'] authmgr[504]: <NOTI> login <00:1c:bf:ca:2b:98  201.150.192.18 testuser-60>method=802.1x, server=TEST001, role=Authenticated Update(status 0 method 0 role 16), reauth=1800 sec
<33>May 26 08:03:20 threecom.switch.ibm.lab %May 26 08:03:20 2017 S9500 PORTAL/5/PT_LOG: Online user 213.39.172.85 changes to 76.123.25.172, we will cut it off as using traffic-acct.
<133>May 26 08:03:21 microsoft.event.ibm.lab MSWinEventLog 1 Security 102757633 Fri May 26 08:03:21 2017 4907 Microsoft-Windows-Security-Auditing N/A N/A Success Audit testuser-63 Audit Policy Change Auditing settings on object were changed. Subject: Security ID: S-1-5-18 Account Name: testuser-63 Account Domain: us.ibm.com Logon ID: 0x1092025 Object: Object Server: Security Object Type: File Object Name: \Windows\winsxs\test.wav Handle ID: 0x3a8 Process Information: Process ID: 0x78ADBF Process Name: C:\Windows\System32\wbengine.exe Auditing Settings: Original Security Descriptor: S:AI(AU;A;;WD) New Security Descriptor: S:ARAI(AU;SAFA;;;;WD)(AU;IDFA;B;;;WD) 708391
