<25>May 26 10:08:20 ambiron.ipangel.ibm.lab ipangel-ips: [2017-05-26 10:08:20-05] alert [Priority: 9] [116:46:1] [(snort_decoder) WARNING: TCP Data Offset is less than 5!] 44.111.228.125:57602 TCP 47.79.82.253:80 br0
<27>May 26 10:08:22 ambiron.ipangel.ibm.lab ipangel-ips: [2017-05-26 10:08:22-05] alert [Priority: 9] [119:2:1] [(http_inspect) DOUBLE DECODING ATTACK] 179.174.48.208:50750 TCP 14.227.29.13:80 br0
<129>May 26 10:08:24 barracuda.firewall.ibm.lab WF ALER CROSS_SITE_SCRIPTING_IN_PARAM 83.87.204.105 64098 209.137.88.125 443 security-policy GLOBAL DENY NONE [type="cross-site-scripting" pattern="script-tag" token="<script>" Parameter="url" value="<script>alert(5341)</script>"] GET 209.137.88.125/redirect.asp?url=<script>alert(5341)</script> HTTPS "-" ""-"" 209.137.88.125 59845 "-" "-"
<182>May 26 10:08:25 apache.httpd.ibm.lab httpd: 136.38.97.190 143.73.15.3 - - [26/May/2017:10:08:25 -0500] "OPTIONS /cgi-bin/index.php HTTP/1.1" 200 443 -
<27>May 26 10:08:27 ambiron.ipangel.ibm.lab ipangel-ips: [2017-05-26 10:08:27-05] alert [Priority: 9] [119:2:1] [(http_inspect) DOUBLE DECODING ATTACK] 33.195.94.29:62825 TCP 69.183.32.152:80 br0
<149>May 26 10:08:28 apple.macosx.ibm.lab sudo:    testuser-50 : TTY=ttyp1 ; PWD=/Users/admin ; USER=admin ;COMMAND=/bin/bash
<33>May 26 10:08:30 threecom.switch.ibm.lab %May 26 10:08:30 2017 S9500 PORTAL/5/PT_LOG: Online user 33.195.94.29 changes to 90.232.73.59, we will cut it off as using traffic-acct.
<182>May 26 10:08:31 apache.httpd.ibm.lab httpd: 179.174.48.208 110.182.185.196 - - [26/May/2017:10:08:31 -0500] "CONNECT 10.35.79.71:443 HTTP/1.1" 405 443 297
<13>May 26 10:08:33 checkpoint.firewall.ibm.lab 26May2017 drop checkpoint.firewall.ibm.lab product: VPN-1 &FireWall-1; src: 136.38.97.190; s_port: 58678; dst: 95.30.141.145; service: 138; proto: udp; rule: 323;SmartDefense profile: Default_Protection;__policy_id_tag: product=VPN-1 & FireWall-1[db_tag={48AB8350-7F61-11DD-887D-C0A832D16C6C};mgmt=fwmngt-zentral;date=1221069169;policy_name=Chameleon_gbl];has_accounting: 0;i/f_dir: inbound;i/f_name: eth-s1/s1p1c0;rule_uid: {21D66174-0E19-4B77-A1E9-3473FE991088};
<129>May 26 10:08:34 barracuda.firewall.ibm.lab WF ALER CROSS_SITE_SCRIPTING_IN_PARAM 83.87.204.105 54112 200.180.115.11 443 security-policy GLOBAL DENY NONE [type="cross-site-scripting" pattern="script-tag" token="<script>" Parameter="url" value="<script>alert(5341)</script>"] GET 200.180.115.11/redirect.asp?url=<script>alert(5341)</script> HTTPS "-" ""-"" 200.180.115.11 59845 "-" "-"
<129>May 26 10:08:36 barracuda.firewall.ibm.lab WF ALER CROSS_SITE_SCRIPTING_IN_URL 165.11.95.213 60842 212.89.157.253 80 security-policy GLOBAL DENY NONE [type="cross-site-scripting" pattern="script-tag" token="<script>"] GET 212.89.157.253/<script>alert(53416)</script> HTTP "-" ""-"" 212.89.157.253 48541 "-" "-"
<190>May 26 10:08:38 arbor.pravail.ibm.lab pravail-aps: Blocked Host: Blocked host 218.111.178.29 10:53 by TCP Connection Reset using TCP/63365 (Unknown) destination 166.202.185.231 source port 443,URL: https://arbornetworks.pravail.test.com/chaos/
<190>May 26 10:08:39 arbor.pravail.ibm.lab pravail-aps: Blocked Host: Blocked host 33.195.94.29 at 10:53 by Malformed HTTP Filtering using TCP/80 (HTTP) destination 57.207.61.136 source port 54682,URL: https://arbornetworks.pravail.test.com/chaos/
<37>May 26 10:08:41 Message forwarded from aix.ibm.lab: su: from testuser-22 to root at /dev/pts/4
<190>May 26 10:08:42 arbor.pravail.ibm.lab pravail-aps: Blocked Host: Blocked host 56.219.18.103 at 10:53 by Malformed HTTP Filtering using TCP/80 (HTTP) destination 40.225.17.157 source port 49876,URL: https://arbornetworks.pravail.test.com/chaos/
<26>May 26 10:08:44 ambiron.ipangel.ibm.lab ipangel-ips: [2017-05-26 10:08:44-05] alert [Priority: 9] [119:14:1] [(http_inspect) NON-RFC DEFINED CHAR] 179.174.48.208:51319 TCP 159.127.81.155:80 br0
<25>May 26 10:08:45 ambiron.ipangel.ibm.lab ipangel-ips: [2017-05-26 10:08:45-05] alert [Priority: 9] [116:46:1] [(snort_decoder) WARNING: TCP Data Offset is less than 5!] 125.83.117.185:53088 TCP 69.113.129.79:80 br0
<39>May 26 10:08:47 Message forwarded from aix.ibm.lab: testuser-52 PAM: pam_authenticate: error Authentication failed
<13>May 26 10:08:49 microsoft.sec.ibm.lab AgentDevice=WindowsLog	AgentLogFile=Security	Source=Security	Computer=COMP-testuser-85	User=SYSTEM	Domain=	EventID=644	EventIDCode=644	EventType=8	EventCategory=7	RecordNumber=258681	TimeGenerated=1495807729	TimeWritten=1495807729	Message=User Account Locked Out: Target Account Name: testuser-85 Target Account ID: %{S-1-2-3-1100401} Caller Machine Name: COMP-CALLER01 Caller User Name: CALLER-01 Caller Domain: us.ibm.com Caller Logon ID: (0x0,0xBA5EBA11)
<190>May 26 10:08:50 arbor.pravail.ibm.lab pravail-aps: Blocked Host: Blocked host 212.2.111.4 at 10:53 by Malformed HTTP Filtering using TCP/80 (HTTP) destination 128.228.145.222 source port 57157,URL: https://arbornetworks.pravail.test.com/chaos/
<182>May 26 10:08:52 apache.httpd.ibm.lab httpd: 136.38.97.190 60.177.80.44 - - [26/May/2017:10:08:52 -0500] "GET /<script>alert(53416)</script> HTTP/1.1" 404 443 320
<129>May 26 10:08:53 barracuda.firewall.ibm.lab WF ALER CROSS_SITE_SCRIPTING_IN_PARAM 132.146.155.198 63384 208.197.226.70 443 security-policy GLOBAL DENY NONE [type="cross-site-scripting" pattern="script-tag" token="<script>" Parameter="url" value="<script>alert(5341)</script>"] GET 208.197.226.70/redirect.asp?url=<script>alert(5341)</script> HTTPS "-" ""-"" 208.197.226.70 59845 "-" "-"
<13>May 26 10:08:55 checkpoint.firewall.ibm.lab 26May2017  checkpoint.firewall.ibm.lab product: martDefense; src: 137.38.197.140; s_port: ; dst: 43.65.99.47; service: ; proto: udp; rule: ;Attack Info: Response packet too long, potential buffer overflow;Suppressed logs: 5;Total logs: 6;__policy_id_tag: product=VPN-1 & FireWall-1[db_tag={321A4EE6-7DEA-11DD-BFAA-C0A832822626};mgmt=fwmngt05;date=1220908070;policy_name=KillerWhale_gbl];alert: alert;attack: Invalid DNS;has_accounting: 0;i/f_dir: inbound;
<13>May 26 10:08:56 checkpoint.firewall.ibm.lab 26May2017  checkpoint.firewall.ibm.lab product: SmartDefense; src: 30.90.182.58; s_port: ; dst: 148.63.5.220; service: ; proto: udp; rule: ;Attack Info: Out-of-state DNS reply;Suppressed logs: 143;Total logs: 144;__policy_id_tag: product=VPN-1 & FireWall-1[db_tag={321A4EE6-7DEA-11DD-BFAA-C0A832822626};mgmt=fwmngt05;date=1220908070;policy_name=KillerWhale_gbl];alert: alert;attack: Invalid DNS;has_accounting: 0;i/f_dir: inbound;
<157>May 26 10:08:58 microsoft.event.ibm.lab MSWinEventLog	4	Security	60703	Fri May 26 10:08:58 2017	552	Security	NETWORK SERVICE	Well Known Group	Success Audit	testuser-81	Logon/Logoff		Logon attempt using explicit credentials: Logged on user:  User Name: NETWORK SERVICE  Domain: NT AUTHORITY  Logon ID: (0x0,0x1092025)  Logon GUID: -  User whose credentials were used:  Target User Name: testuser-81  Target Domain: us.ibm.com Target Logon GUID: -  Target Server Name: localhost  Target Server Info: localhost  Caller Process ID: 434138  Source Network Address: -  Source Port: - 	56794
<129>May 26 10:09:00 barracuda.firewall.ibm.lab WF ALER METHOD_NOT_ALLOWED 20.135.51.253 51688 142.157.2.214 80 security-policy GLOBAL DENY NONE [Method="ABCD"] ABCD 142.157.2.214/ HTTP "-" ""-"" 142.157.2.214 48536 "-" "-"
<86>May 26 10:09:01 apple.macosx.ibm.lab com.apple.SecurityServer: authinternal authenticated user testuser-24 (uid 86788).
<129>May 26 10:09:03 barracuda.firewall.ibm.lab WF ALER METACHARACTER_IN_PARAMETER 201.150.192.18 50488 136.242.186.169 443 security-policy GLOBAL DENY NONE [token="%00 " Parameter="article" value="../../../../../../../../etc/passwd"] GET 136.242.186.169/talkback.cgi?article=../../../../../../../../etc/passwd%00&action=view&matchview=1 HTTPS "-" ""-"" 136.242.186.169 50488 "-" "-"
<33>May 26 10:09:04 threecom.switch.ibm.lab %May 26 10:09:04 2017 S9500 RTA/3/Failed to get user traffic: Failed to get traffic of user 129.171.84.29 on board 6
<13>May 26 10:09:06 checkpoint.firewall.ibm.lab 26May2017  checkpoint.firewall.ibm.lab product: SmartDefense; src: 79.186.10.120; s_port: ; dst: 136.8.229.25; service: ; proto: udp; rule: ;Attack Info: Bad domain format, illegal ASCII value in domain;Suppressed logs: 1;Total logs: 2;__policy_id_tag: product=VPN-1 & FireWall-1[db_tag={9B20E8EA-7DE6-11DD-B7D6-C0A832D11E1E};mgmt=fwmngt-zentral;date=1220906528;policy_name=Vulpine_gbl];alert: alert;attack: Invalid DNS;has_accounting: 0;i/f_dir: inbound;
<187>May 26 10:09:07 ['9.9.9.9'] httpd[16986]: [error] [client 201.150.192.18] Invalid URI in request \xf7vMKp`ET&\xa4\x9c\xc9\xec\xd1\xd8j\r\xce\xd9\xd4\xb3\c7
<189>May 26 10:09:09 ['9.9.9.9'] authmgr[504]: <NOTI> login <00:1c:bf:ca:2b:98  56.219.18.103 testuser-61>method=802.1x, server=TEST001, role=Authenticated Update(status 0 method 0 role 16), reauth=1800 sec
<27>May 26 10:09:10 ambiron.ipangel.ibm.lab ipangel-ips: [2017-05-26 10:09:10-05] alert [Priority: 9] [119:2:1] [(http_inspect) DOUBLE DECODING ATTACK] 20.135.51.253:56855 TCP 22.182.84.121:80 br0
<157>May 26 10:09:12 microsoft.event.ibm.lab MSWinEventLog	4	Security	60703	Fri May 26 10:09:12 2017	552	Security	NETWORK SERVICE	Well Known Group	Success Audit	testuser-2	Logon/Logoff		Logon attempt using explicit credentials: Logged on user:  User Name: NETWORK SERVICE  Domain: NT AUTHORITY  Logon ID: (0x0,0x980100)  Logon GUID: -  User whose credentials were used:  Target User Name: testuser-2  Target Domain: us.ibm.com Target Logon GUID: -  Target Server Name: localhost  Target Server Info: localhost  Caller Process ID: 968608  Source Network Address: -  Source Port: - 	56794
<13>May 26 10:09:14 checkpoint.firewall.ibm.lab 26May2017 drop checkpoint.firewall.ibm.lab product: VPN-1 &FireWall-1; src: 147.198.103.40; s_port: 50051; dst: 193.138.84.65; service: 138; proto: udp; rule: 323;SmartDefense profile: Default_Protection;__policy_id_tag: product=VPN-1 & FireWall-1[db_tag={48AB8350-7F61-11DD-887D-C0A832D16C6C};mgmt=fwmngt-zentral;date=1221069169;policy_name=Chameleon_gbl];has_accounting: 0;i/f_dir: inbound;i/f_name: eth-s1/s1p1c0;rule_uid: {21D66174-0E19-4B77-A1E9-3473FE991088};
<33>May 26 10:09:15 threecom.switch.ibm.lab %May 26 10:09:15 2017 S9500 VTY/5/VTY_LOG:  TELNET user failed to login from 83.87.204.105(000D-88F6-60E0) on VTY0.
<182>May 26 10:09:17 apache.httpd.ibm.lab httpd: 165.11.95.213 11.161.170.186 - - [26/May/2017:10:09:17 -0500] "HEAD / HTTP/1.1" 200 443 -
<83>May 26 10:09:18 apple.macosx.ibm.lab com.apple.SecurityServer: authinternal failed to authenticate user rogueUser-5.
<13>May 26 10:09:20 microsoft.sec.ibm.lab AgentDevice=WindowsLog	AgentLogFile=Security	Source=Security	Computer=COMP-testuser-48	User=testuser-48	Domain=	EventID=672	EventIDCode=672	EventType=8	EventCategory=9	RecordNumber=459918	TimeGenerated=1495807760	TimeWritten=1495807760	Message=Authentication Ticket Request: User Name: testuser-48 Supplied Realm Name: us.ibm.com User ID: %{S-1-2-3-1098304} Service Name: krbtgt Service ID: %{S-3-2-1-02173C} Ticket Options: 0x40810010 Result Code: - Ticket Encryption Type: 0x17 Pre-Authentication Type: 2 Client Address: 173.196.113.148 Certificate Issuer Name:  Certificate Serial Number:  Certificate Thumbprint: 
<129>May 26 10:09:21 barracuda.firewall.ibm.lab WF ALER SLASH_DOT_IN_URL 30.90.182.58 50957 61.127.197.71 443 security-policy GLOBAL DENY NONE ["-"] GET 61.127.197.71/themes/default/css/.htaccess HTTPS "-" ""-"" 61.127.197.71 44428 "-" "-"
<157>May 26 10:09:23 microsoft.event.ibm.lab MSWinEventLog	4	Security	60703	Fri May 26 10:09:23 2017	552	Security	NETWORK SERVICE	Well Known Group	Success Audit	testuser-29	Logon/Logoff		Logon attempt using explicit credentials: Logged on user:  User Name: NETWORK SERVICE  Domain: NT AUTHORITY  Logon ID: (0x0,0x1096209)  Logon GUID: -  User whose credentials were used:  Target User Name: testuser-29  Target Domain: us.ibm.com Target Logon GUID: -  Target Server Name: localhost  Target Server Info: localhost  Caller Process ID: 322568  Source Network Address: -  Source Port: - 	56794
<13>May 26 10:09:25 microsoft.sec.ibm.lab AgentDevice=WindowsLog	AgentLogFile=Security	Source=Security	Computer=COMP-testuser-33	User=testuser-33	Domain=	EventID=529	EventIDCode=529	EventType=16	EventCategory=2	RecordNumber=160516	TimeGenerated=1495807765	TimeWritten=1495807765	Message=Successful Network Logon: User Name: Domain: Logon ID: (0x0,0x1085764) Logon Type: 3 Logon Process: NtLmSsp Authentication Package: NTLM Workstation Name: COMP-testuser-33 Logon GUID: - Caller User Name: - Caller Domain: - Caller Logon ID: - Caller Process ID: - Transited Services: - Source Network Address: 48.254.22.37 Source Port: 0
<187>May 26 10:09:26 ['9.9.9.9'] httpd[16986]: [error] [client 201.150.192.18] Invalid URI in request \xf7vMKp`ET&\xa4\x9c\xc9\xec\xd1\xd8j\r\xce\xd9\xd4\xb3\c7
<13>May 26 10:09:28 checkpoint.firewall.ibm.lab 26May2017  checkpoint.firewall.ibm.lab product: martDefense; src: 56.219.18.103; s_port: ; dst: 17.198.187.252; service: ; proto: udp; rule: ;Attack Info: Response packet too long, potential buffer overflow;Suppressed logs: 5;Total logs: 6;__policy_id_tag: product=VPN-1 & FireWall-1[db_tag={321A4EE6-7DEA-11DD-BFAA-C0A832822626};mgmt=fwmngt05;date=1220908070;policy_name=KillerWhale_gbl];alert: alert;attack: Invalid DNS;has_accounting: 0;i/f_dir: inbound;
<182>May 26 10:09:29 apache.httpd.ibm.lab httpd: 128.234.158.118 24.129.191.41 - - [26/May/2017:10:09:29 -0500] "GET /../../../../../../../../../../../ HTTP/1.1" 400 443 307
<86>May 26 10:09:31 apple.macosx.ibm.lab sshd[5590]: Failed password for invalid user testuser-11 from 132.146.155.198 port 55444 ssh2
<13>May 26 10:09:32 microsoft.sec.ibm.lab AgentDevice=WindowsLog	AgentLogFile=Security	Source=Security	Computer=COMP-testuser-40	User=testuser-40	Domain=	EventID=675	EventIDCode=675	EventType=16	EventCategory=9	RecordNumber=615428	TimeGenerated=1495807772	TimeWritten=1495807772	Message=Pre-authentication failed: User Name: testuser-40 User ID: %{S-1-2-3-1081600} Service Name: krbtgt Pre-Authentication Type: 0x2 Failure Code: 0x18 Client Address: 123.228.17.50 
<190>May 26 10:09:34 arbor.pravail.ibm.lab pravail-aps: Blocked Host: Blocked host 20.135.51.253 at 10:53 by Malformed HTTP Filtering using TCP/80 (HTTP) destination 18.147.15.206 source port 63962,URL: https://arbornetworks.pravail.test.com/chaos/
<157>May 26 10:09:36 microsoft.event.ibm.lab MSWinEventLog	4	Security	60703	Fri May 26 10:09:36 2017	552	Security	NETWORK SERVICE	Well Known Group	Success Audit	testuser-51	Logon/Logoff		Logon attempt using explicit credentials: Logged on user:  User Name: NETWORK SERVICE  Domain: NT AUTHORITY  Logon ID: (0x0,0x1085764)  Logon GUID: -  User whose credentials were used:  Target User Name: testuser-51  Target Domain: us.ibm.com Target Logon GUID: -  Target Server Name: localhost  Target Server Info: localhost  Caller Process ID: 509188  Source Network Address: -  Source Port: - 	56794
<54>May 26 10:09:37 SymantecServer symantec.endpoint.ibm.lab: testbox-abc,[SID: 21590] P2P Edonkey Ping Message detected.  Traffic has been allowed from this application: C:\Program Files\easyMule\emule.exe,Local: 30.90.182.58,Local: 00218696B978,Remote: ,Remote: 187.240.90.1,Remote: 000000000000,Outbound,OTHERS,Intrusion ID: 0,Begin: 2017-05-26 10:09:37,End: 2017-05-26 10:09:37,Occurrences: 1,Application: C:/Program Files/easyMule/emule.exe,Location: Default,User: testuser-84,Domain: us.ibm.com
<13>May 26 10:09:39 microsoft.sec.ibm.lab AgentDevice=WindowsLog	AgentLogFile=Security	Source=Security	Computer=COMP-rogueUser-3	User=rogueUser-3	Domain=	EventID=675	EventIDCode=675	EventType=16	EventCategory=9	RecordNumber=305071	TimeGenerated=1495807779	TimeWritten=1495807779	Message=Pre-authentication failed: User Name: rogueUser-3 User ID: %{S-1-2-3-1117249} Service Name: krbtgt Pre-Authentication Type: 0x2 Failure Code: 0x18 Client Address: 212.141.216.48 
<189>May 26 10:09:40 ['9.9.9.9'] authmgr[504]: <NOTI> login <00:1c:bf:ca:2b:98  30.90.182.58 testuser-48>method=802.1x, server=TEST001, role=Authenticated Update(status 0 method 0 role 16), reauth=1800 sec
<189>May 26 10:09:42 ['9.9.9.9'] authmgr[504]: <NOTI> login <00:1c:bf:ca:2b:98  179.174.48.208 testuser-88>method=802.1x, server=TEST001, role=Authenticated Update(status 0 method 0 role 16), reauth=1800 sec
<86>May 26 10:09:43 apple.macosx.ibm.lab com.apple.SecurityServer: uid 101425 succeeded authenticating as user admin (uid 501) for right system.install.root.user.
<13>May 26 10:09:45 checkpoint.firewall.ibm.lab 26May2017  checkpoint.firewall.ibm.lab product: martDefense; src: 129.171.84.29; s_port: ; dst: 204.83.56.157; service: ; proto: udp; rule: ;Attack Info: Response packet too long, potential buffer overflow;Suppressed logs: 5;Total logs: 6;__policy_id_tag: product=VPN-1 & FireWall-1[db_tag={321A4EE6-7DEA-11DD-BFAA-C0A832822626};mgmt=fwmngt05;date=1220908070;policy_name=KillerWhale_gbl];alert: alert;attack: Invalid DNS;has_accounting: 0;i/f_dir: inbound;
<50>May 26 10:09:46 SymantecServer symantec.endpoint.ibm.lab: testbox-xyz,[SID: 70025] Web Attack: Blackhole Exploit Toolkit 2 attack blocked. Traffic has been blocked for this application: C:\Program Files\Internet Explorer\iexplore.exe,Local: 0.0.0.0,Local: 000000000000,Remote: ,Remote: 0.0.0.0,Remote: 000000000000,Inbound,OTHERS,,Begin: 2017-05-26 10:09:46,End: 2017-05-26 10:09:46,Occurrences: 1,Application: C:/Program Files/Internet Explorer/iexplore.exe,Location: Default,User: testuser-57,Domain: SIMON,!ExternalLoggingTask.localport! 0,!ExternalLoggingTask.remoteport! 0,!ExternalLoggingTask.cidssignid! 70025,!ExternalLoggingTask.strcidssignid! Web Attack: Blackhole Exploit Toolkit 2,!ExternalLoggingTask.cidssignsubid! 0,!ExternalLoggingTask.intrusionurl! http://pppptttt.blah.net/links/came_broadcasting_taking-various.php,!ExternalLoggingTask.intrusionpayloadurl!
<38>May 26 10:09:48 sshd[497310]: Disconnecting: Too many authentication failures for rogueUser-5
<33>May 26 10:09:50 threecom.switch.ibm.lab %May 26 10:09:50 2017 S9500 VTY/5/VTY_LOG:  TELNET user failed to login from 179.174.48.208(000D-88F6-60E0) on VTY0.
<133>May 26 10:09:51 microsoft.event.ibm.lab MSWinEventLog 1 Security 102757633 Fri May 26 10:09:51 2017 4907 Microsoft-Windows-Security-Auditing N/A N/A Success Audit testuser-73 Audit Policy Change Auditing settings on object were changed. Subject: Security ID: S-1-5-18 Account Name: testuser-73 Account Domain: us.ibm.com Logon ID: 0x1094116 Object: Object Server: Security Object Type: File Object Name: \Windows\winsxs\test.wav Handle ID: 0x3a8 Process Information: Process ID: 0xADB159 Process Name: C:\Windows\System32\wbengine.exe Auditing Settings: Original Security Descriptor: S:AI(AU;A;;WD) New Security Descriptor: S:ARAI(AU;SAFA;;;;WD)(AU;IDFA;B;;;WD) 747154
<25>May 26 10:09:53 apple.macosx.ibm.lab DirectoryService[51]: Failed Authentication return is being delayed due to over five recent auth failures for username: testuser-93.
<187>May 26 10:09:54 ['9.9.9.9'] httpd[16986]: [error] [client 202.207.224.25] Invalid URI in request \xf7vMKp`ET&\xa4\x9c\xc9\xec\xd1\xd8j\r\xce\xd9\xd4\xb3\c7
<13>May 26 10:09:56 microsoft.sec.ibm.lab AgentDevice=WindowsLog	AgentLogFile=Security	Source=Security	Computer=COMP-testuser-50	User=testuser-50	Domain=	EventID=680	EventIDCode=680	EventType=8	EventCategory=9	RecordNumber=837332	TimeGenerated=1495807796	TimeWritten=1495807796	Message=Logon attempt by: MICROSOFT_AUTHENTICATION_PACKAGE_V1_0 Logon account: testuser-50 Source Workstation: COMP-testuser-50 Error Code: 0x0 
<13>May 26 10:09:57 checkpoint.firewall.ibm.lab 26May2017  checkpoint.firewall.ibm.lab product: SmartDefense; src: 15.83.16.235; s_port: ; dst: 35.42.231.107; service: ; proto: udp; rule: ;Attack Info: Out-of-state DNS reply;Suppressed logs: 143;Total logs: 144;__policy_id_tag: product=VPN-1 & FireWall-1[db_tag={321A4EE6-7DEA-11DD-BFAA-C0A832822626};mgmt=fwmngt05;date=1220908070;policy_name=KillerWhale_gbl];alert: alert;attack: Invalid DNS;has_accounting: 0;i/f_dir: inbound;
<190>May 26 10:09:59 arbor.pravail.ibm.lab pravail-aps: Blocked Host: Blocked host 51.18.44.104 10:53 by TCP Connection Reset using TCP/59685 (Unknown) destination 92.217.117.224 source port 443,URL: https://arbornetworks.pravail.test.com/chaos/
<39>May 26 10:10:01 Message forwarded from aix.ibm.lab: testuser-75 PAM: pam_authenticate: error Authentication failed
<13>May 26 10:10:02 microsoft.sec.ibm.lab AgentDevice=WindowsLog	AgentLogFile=Security	Source=Security	Computer=COMP-testuser-23	User=testuser-23	Domain=	EventID=529	EventIDCode=529	EventType=16	EventCategory=2	RecordNumber=946495	TimeGenerated=1495807802	TimeWritten=1495807802	Message=Successful Network Logon: User Name: Domain: Logon ID: (0x0,0x1083681) Logon Type: 3 Logon Process: NtLmSsp Authentication Package: NTLM Workstation Name: COMP-testuser-23 Logon GUID: - Caller User Name: - Caller Domain: - Caller Logon ID: - Caller Process ID: - Transited Services: - Source Network Address: 125.83.117.185 Source Port: 0
<13>May 26 10:10:04 microsoft.sec.ibm.lab AgentDevice=WindowsLog	AgentLogFile=Security	Source=Security	Computer=COMP-testuser-77	User=testuser-77	Domain=	EventID=529	EventIDCode=529	EventType=16	EventCategory=2	RecordNumber=533002	TimeGenerated=1495807804	TimeWritten=1495807804	Message=Successful Network Logon: User Name: Domain: Logon ID: (0x0,0x1102500) Logon Type: 3 Logon Process: NtLmSsp Authentication Package: NTLM Workstation Name: COMP-testuser-77 Logon GUID: - Caller User Name: - Caller Domain: - Caller Logon ID: - Caller Process ID: - Transited Services: - Source Network Address: 212.2.111.4 Source Port: 0
<13>May 26 10:10:05 microsoft.sec.ibm.lab AgentDevice=WindowsLog	AgentLogFile=Security	Source=Security	Computer=COMP-testuser-56	User=testuser-56	Domain=	EventID=529	EventIDCode=529	EventType=16	EventCategory=2	RecordNumber=68746	TimeGenerated=1495807805	TimeWritten=1495807805	Message=Successful Network Logon: User Name: Domain: Logon ID: (0x0,0x1096209) Logon Type: 3 Logon Process: NtLmSsp Authentication Package: NTLM Workstation Name: COMP-testuser-56 Logon GUID: - Caller User Name: - Caller Domain: - Caller Logon ID: - Caller Process ID: - Transited Services: - Source Network Address: 165.11.95.213 Source Port: 0
<28>May 26 10:10:07 Message forwarded from aix.ibm.lab: rshd[random_number_1_to_999999]: Failed rsh authentication from 116.245.29.169 for local user root via remote user testuser-15
<133>May 26 10:10:08 microsoft.event.ibm.lab MSWinEventLog 1 Security 102757633 Fri May 26 10:10:08 2017 4907 Microsoft-Windows-Security-Auditing N/A N/A Success Audit testuser-57 Audit Policy Change Auditing settings on object were changed. Subject: Security ID: S-1-5-18 Account Name: testuser-57 Account Domain: us.ibm.com Logon ID: 0x1098304 Object: Object Server: Security Object Type: File Object Name: \Windows\winsxs\test.wav Handle ID: 0x3a8 Process Information: Process ID: 0xCC1E55 Process Name: C:\Windows\System32\wbengine.exe Auditing Settings: Original Security Descriptor: S:AI(AU;A;;WD) New Security Descriptor: S:ARAI(AU;SAFA;;;;WD)(AU;IDFA;B;;;WD) 146537
<189>May 26 10:10:10 ['9.9.9.9'] authmgr[504]: <NOTI> login <00:1c:bf:ca:2b:98  165.11.95.213 testuser-83>method=802.1x, server=TEST001, role=Authenticated Update(status 0 method 0 role 16), reauth=1800 sec
<190>May 26 10:10:12 arbor.pravail.ibm.lab pravail-aps: Blocked Host: Blocked host 54.11.145.63 10:53 by TCP Connection Reset using TCP/50458 (Unknown) destination 142.50.176.34 source port 443,URL: https://arbornetworks.pravail.test.com/chaos/
<14>May 26 10:10:13 Message forwarded from aix.ibm.lab: rcp[random_number_1_to_999999]: EXPORT file to host aix.ibm.lab cmd is rcp -t /root, local user testuser-51.
<86>May 26 10:10:15 apple.macosx.ibm.lab sshd[5590]: Failed password for invalid user testuser-49 from 120.171.20.155 port 63111 ssh2
<33>May 26 10:10:16 threecom.switch.ibm.lab %May 26 10:10:16 2017 S9500 FTPS/5/USERIN: User testuser-55(79.186.10.120) login succeeded
<13>May 26 10:10:18 checkpoint.firewall.ibm.lab 26May2017 drop checkpoint.firewall.ibm.lab product: VPN-1 &FireWall-1; src: 83.87.204.105; s_port: 64966; dst: 5.138.142.204; service: 138; proto: udp; rule: 323;SmartDefense profile: Default_Protection;__policy_id_tag: product=VPN-1 & FireWall-1[db_tag={48AB8350-7F61-11DD-887D-C0A832D16C6C};mgmt=fwmngt-zentral;date=1221069169;policy_name=Chameleon_gbl];has_accounting: 0;i/f_dir: inbound;i/f_name: eth-s1/s1p1c0;rule_uid: {21D66174-0E19-4B77-A1E9-3473FE991088};
<13>May 26 10:10:19 checkpoint.firewall.ibm.lab 26May2017  checkpoint.firewall.ibm.lab product: SmartDefense; src: 128.234.158.118; s_port: ; dst: 96.20.198.89; service: ; proto: icmp; rule: ;Attack Info: Echo request too big;Suppressed logs: 1;Total logs: 2;__policy_id_tag: product=VPN-1 & FireWall-1[db_tag={B5A7057E-7F61-11DD-AA43-C0A832D12424};mgmt=fwmngt-zentral;date=1221069352;policy_name=Spider_gbl];alert: alert;attack: Large ping;has_accounting: 0;i/f_dir: inbound;
<190>May 26 10:10:21 arbor.pravail.ibm.lab pravail-aps: Blocked Host: Blocked host 44.111.228.125 at 10:53 by Malformed HTTP Filtering using TCP/80 (HTTP) destination 80.166.198.192 source port 54994,URL: https://arbornetworks.pravail.test.com/chaos/
<129>May 26 10:10:22 barracuda.firewall.ibm.lab WF ALER METHOD_NOT_ALLOWED 120.171.20.155 53958 118.156.34.139 80 security-policy GLOBAL DENY NONE [Method="ABCD"] ABCD 118.156.34.139/ HTTP "-" ""-"" 118.156.34.139 48536 "-" "-"
<129>May 26 10:10:24 barracuda.firewall.ibm.lab WF ALER CROSS_SITE_SCRIPTING_IN_PARAM 137.38.197.140 53724 207.104.74.21 443 security-policy GLOBAL DENY NONE [type="cross-site-scripting" pattern="script-tag" token="<script>" Parameter="url" value="<script>alert(5341)</script>"] GET 207.104.74.21/redirect.asp?url=<script>alert(5341)</script> HTTPS "-" ""-"" 207.104.74.21 59845 "-" "-"
<129>May 26 10:10:26 barracuda.firewall.ibm.lab WF ALER CROSS_SITE_SCRIPTING_IN_URL 137.38.197.140 59102 35.194.63.144 80 security-policy GLOBAL DENY NONE [type="cross-site-scripting" pattern="script-tag" token="<script>"] GET 35.194.63.144/<script>alert(53416)</script> HTTP "-" ""-"" 35.194.63.144 48541 "-" "-"
<182>May 26 10:10:27 apache.httpd.ibm.lab httpd: 128.234.158.118 201.3.245.138 - - [26/May/2017:10:10:27 -0500] "HEAD / HTTP/1.1" 200 443 -
<86>May 26 10:10:29 apple.macosx.ibm.lab com.apple.SecurityServer: uid 105625 succeeded authenticating as user admin (uid 501) for right system.install.root.user.
<133>May 26 10:10:30 microsoft.event.ibm.lab MSWinEventLog 1 Security 102757633 Fri May 26 10:10:30 2017 4907 Microsoft-Windows-Security-Auditing N/A N/A Success Audit testuser-16 Audit Policy Change Auditing settings on object were changed. Subject: Security ID: S-1-5-18 Account Name: testuser-16 Account Domain: us.ibm.com Logon ID: 0x1087849 Object: Object Server: Security Object Type: File Object Name: \Windows\winsxs\test.wav Handle ID: 0x3a8 Process Information: Process ID: 0xD5D8BD Process Name: C:\Windows\System32\wbengine.exe Auditing Settings: Original Security Descriptor: S:AI(AU;A;;WD) New Security Descriptor: S:ARAI(AU;SAFA;;;;WD)(AU;IDFA;B;;;WD) 542623
<129>May 26 10:10:32 barracuda.firewall.ibm.lab WF ALER SLASH_DOT_IN_URL 165.11.95.213 65259 196.157.65.176 443 security-policy GLOBAL DENY NONE ["-"] GET 196.157.65.176/themes/default/css/.htaccess HTTPS "-" ""-"" 196.157.65.176 44428 "-" "-"
<187>May 26 10:10:33 ['9.9.9.9'] httpd[16986]: [error] [client 132.146.155.198] Invalid URI in request \xf7vMKp`ET&\xa4\x9c\xc9\xec\xd1\xd8j\r\xce\xd9\xd4\xb3\c7
<13>May 26 10:10:35 checkpoint.firewall.ibm.lab 26May2017  checkpoint.firewall.ibm.lab product: SmartDefense; src: 189.6.147.68; s_port: ; dst: 103.33.242.125; service: ; proto: icmp; rule: ;Attack Info: Echo request too big;Suppressed logs: 1;Total logs: 2;__policy_id_tag: product=VPN-1 & FireWall-1[db_tag={B5A7057E-7F61-11DD-AA43-C0A832D12424};mgmt=fwmngt-zentral;date=1221069352;policy_name=Spider_gbl];alert: alert;attack: Large ping;has_accounting: 0;i/f_dir: inbound;
<27>May 26 10:10:37 ambiron.ipangel.ibm.lab ipangel-ips: [2017-05-26 10:10:37-05] alert [Priority: 9] [119:2:1] [(http_inspect) DOUBLE DECODING ATTACK] 136.38.97.190:52220 TCP 189.243.113.130:80 br0
<129>May 26 10:10:38 barracuda.firewall.ibm.lab WF ALER METHOD_NOT_ALLOWED 136.38.97.190 64582 8.26.251.48 80 security-policy GLOBAL DENY NONE [Method="ABCD"] ABCD 8.26.251.48/ HTTP "-" ""-"" 8.26.251.48 48536 "-" "-"
<33>May 26 10:10:40 threecom.switch.ibm.lab %May 26 10:10:40 2017 S9500 FTPS/5/USERIN: User testuser-12(202.207.224.25) login succeeded
<190>May 26 10:10:41 arbor.pravail.ibm.lab pravail-aps: Blocked Host: Blocked host 33.195.94.29 at 10:53 by Malformed HTTP Filtering using TCP/80 (HTTP) destination 67.41.90.167 source port 53241,URL: https://arbornetworks.pravail.test.com/chaos/
<33>May 26 10:10:43 threecom.switch.ibm.lab %May 26 10:10:43 2017 S9500 VTY/5/VTY_LOG:  TELNET user failed to login from 167.227.124.53(000D-88F6-60E0) on VTY0.
<33>May 26 10:10:44 threecom.switch.ibm.lab %May 26 10:10:44 2017 S9500 FTPS/5/USEROUT: User testuser-75(30.90.182.58) logged out
<13>May 26 10:10:46 checkpoint.firewall.ibm.lab 26May2017 drop checkpoint.firewall.ibm.lab product: SmartDefense; src: 33.195.94.29; s_port: 62179; dst: 193.225.47.87; service: 443; proto: tcp; rule: 392;Attack Info: TCP segment out of maximum allowed sequence. Packet dropped.;Confidence Level: 0;Performance Impact: 0;Protection Name: TCP Segment Limit Enforcement;Protection Type: settings_tcp;Severity: 0;SmartDefense Profile: Boticario_DMZ_Protection;__policy_id_tag: product=VPN-1 & FireWall-1[db_tag={E94ECB65-34C0-4740-9634-761E1604C8BC};mgmt=SJP1PLNX036-DMZ;date=1424714440;policy_name=DMZ];attack: Streaming Engine: TCP Segment Limit Enforcement;has_accounting: 0;i/f_dir: inbound;i/f_name: eth2-01.2809;origin_sic_name: CN=TEST-DMZ1,O=log_server_hostname;protection_id: tcp_segment_limit;rule_uid: {499DBB08-D262-4D9F-B639-5337A7B36E59};snid: 7572c682;src_machine_name: COMP-rogueUser-1;src_user_name: rogueUser-1 ;user: rogueUser-1 ;
<157>May 26 10:10:48 microsoft.event.ibm.lab MSWinEventLog	4	Security	60703	Fri May 26 10:10:48 2017	552	Security	NETWORK SERVICE	Well Known Group	Success Audit	testuser-99	Logon/Logoff		Logon attempt using explicit credentials: Logged on user:  User Name: NETWORK SERVICE  Domain: NT AUTHORITY  Logon ID: (0x0,0x1110916)  Logon GUID: -  User whose credentials were used:  Target User Name: testuser-99  Target Domain: us.ibm.com Target Logon GUID: -  Target Server Name: localhost  Target Server Info: localhost  Caller Process ID: 835365  Source Network Address: -  Source Port: - 	56794
<33>May 26 10:10:49 threecom.switch.ibm.lab %May 26 10:10:49 2017 S9500 PORTAL/5/PT_LOG: Online user 83.87.204.105 changes to 21.110.187.152, we will cut it off as using traffic-acct.
<26>May 26 10:10:51 ambiron.ipangel.ibm.lab ipangel-ips: [2017-05-26 10:10:51-05] alert [Priority: 9] [119:14:1] [(http_inspect) NON-RFC DEFINED CHAR] 83.87.204.105:54240 TCP 40.212.76.21:80 br0
<14>May 26 10:10:52 Message forwarded from aix.ibm.lab: ftp[random_number_1_to_999999]: ftp: IMPORT user testuser-96, host 83.87.204.105, local test_file, remote /data/savedata/test_file.dat.
<13>May 26 10:10:54 checkpoint.firewall.ibm.lab 26May2017 drop checkpoint.firewall.ibm.lab product: SmartDefense; src: 165.11.95.213; s_port: 58172; dst: 19.167.121.105; service: 443; proto: tcp; rule: 392;Attack Info: TCP segment out of maximum allowed sequence. Packet dropped.;Confidence Level: 0;Performance Impact: 0;Protection Name: TCP Segment Limit Enforcement;Protection Type: settings_tcp;Severity: 0;SmartDefense Profile: Boticario_DMZ_Protection;__policy_id_tag: product=VPN-1 & FireWall-1[db_tag={E94ECB65-34C0-4740-9634-761E1604C8BC};mgmt=SJP1PLNX036-DMZ;date=1424714440;policy_name=DMZ];attack: Streaming Engine: TCP Segment Limit Enforcement;has_accounting: 0;i/f_dir: inbound;i/f_name: eth2-01.2809;origin_sic_name: CN=TEST-DMZ1,O=log_server_hostname;protection_id: tcp_segment_limit;rule_uid: {499DBB08-D262-4D9F-B639-5337A7B36E59};snid: 7572c682;src_machine_name: COMP-testuser-83;src_user_name: testuser-83 ;user: testuser-83 ;
<13>May 26 10:10:55 microsoft.sec.ibm.lab AgentDevice=WindowsLog	AgentLogFile=Security	Source=Security	Computer=COMP-testuser-91	User=testuser-91	Domain=	EventID=540	EventIDCode=540	EventType=8	EventCategory=2	RecordNumber=308477	TimeGenerated=1495807855	TimeWritten=1495807855	Message=Successful Network Logon: User Name: Domain: Logon ID: (0x0,0x1094116) Logon Type: 3 Logon Process: NtLmSsp Authentication Package: NTLM Workstation Name: COMP-testuser-91 Logon GUID: - Caller User Name: - Caller Domain: - Caller Logon ID: - Caller Process ID: - Transited Services: - Source Network Address: 79.186.10.120 Source Port: 0
<33>May 26 10:10:57 threecom.switch.ibm.lab %May 26 10:10:57 2017 S9500 PORTAL/5/PT_LOG: Online user 179.174.48.208 changes to 211.85.171.106, we will cut it off as using traffic-acct.
<190>May 26 10:10:58 arbor.pravail.ibm.lab pravail-aps: Blocked Host: Blocked host 132.146.155.198 at 10:52 by Invalid Packets using TCP/0 (Unknown) destination 22.205.233.46,URL: https://arbornetworks.pravail.test.com/chaos/
<182>May 26 10:11:00 apache.httpd.ibm.lab httpd: 154.102.244.170 160.27.30.163 - - [26/May/2017:10:11:00 -0500] "TRACE / HTTP/1.0" 403 443 272
<13>May 26 10:11:02 checkpoint.firewall.ibm.lab 26May2017  checkpoint.firewall.ibm.lab product: SmartDefense; src: 120.171.20.155; s_port: ; dst: 18.56.138.142; service: ; proto: udp; rule: ;Attack Info: Out-of-state DNS reply;Suppressed logs: 143;Total logs: 144;__policy_id_tag: product=VPN-1 & FireWall-1[db_tag={321A4EE6-7DEA-11DD-BFAA-C0A832822626};mgmt=fwmngt05;date=1220908070;policy_name=KillerWhale_gbl];alert: alert;attack: Invalid DNS;has_accounting: 0;i/f_dir: inbound;
<13>May 26 10:11:03 microsoft.sec.ibm.lab AgentDevice=WindowsLog	AgentLogFile=Security	Source=Security	Computer=COMP-rogueUser-1	User=rogueUser-1	Domain=	EventID=672	EventIDCode=672	EventType=8	EventCategory=9	RecordNumber=65211	TimeGenerated=1495807863	TimeWritten=1495807863	Message=Authentication Ticket Request: User Name: rogueUser-1 Supplied Realm Name: us.ibm.com User ID: %{S-1-2-3-1113025} Service Name: krbtgt Service ID: %{S-3-2-1-D2727D} Ticket Options: 0x40810010 Result Code: - Ticket Encryption Type: 0x17 Pre-Authentication Type: 2 Client Address: 193.245.99.152 Certificate Issuer Name:  Certificate Serial Number:  Certificate Thumbprint: 
<38>May 26 10:11:05 sshd[977506]: Disconnecting: Too many authentication failures for testuser-100
<182>May 26 10:11:06 apache.httpd.ibm.lab httpd: 79.186.10.120 179.53.3.29 - - [26/May/2017:10:11:06 -0500] "TRACE / HTTP/1.0" 403 443 272
<86>May 26 10:11:08 apple.macosx.ibm.lab sshd[5590]: Failed password for invalid user testuser-65 from 210.173.173.69 port 51724 ssh2
<182>May 26 10:11:09 apache.httpd.ibm.lab httpd: 113.146.67.20 101.167.151.41 - - [26/May/2017:10:11:09 -0500] "GET / HTTP/1.0" 200 443 9334
<157>May 26 10:11:11 microsoft.event.ibm.lab MSWinEventLog	4	Security	60703	Fri May 26 10:11:11 2017	552	Security	NETWORK SERVICE	Well Known Group	Success Audit	testuser-94	Logon/Logoff		Logon attempt using explicit credentials: Logged on user:  User Name: NETWORK SERVICE  Domain: NT AUTHORITY  Logon ID: (0x0,0x1100401)  Logon GUID: -  User whose credentials were used:  Target User Name: testuser-94  Target Domain: us.ibm.com Target Logon GUID: -  Target Server Name: localhost  Target Server Info: localhost  Caller Process ID: 381577  Source Network Address: -  Source Port: - 	56794
<33>May 26 10:11:13 threecom.switch.ibm.lab %May 26 10:11:13 2017 S9500 RTA/3/Failed to get user traffic: Failed to get traffic of user 212.2.111.4 on board 6
<86>May 26 10:11:14 apple.macosx.ibm.lab com.apple.SecurityServer: uid 86788 succeeded authenticating as user admin (uid 501) for right system.install.root.user.
<133>May 26 10:11:16 microsoft.event.ibm.lab MSWinEventLog 1 Security 102757633 Fri May 26 10:11:16 2017 4907 Microsoft-Windows-Security-Auditing N/A N/A Success Audit testuser-18 Audit Policy Change Auditing settings on object were changed. Subject: Security ID: S-1-5-18 Account Name: testuser-18 Account Domain: us.ibm.com Logon ID: 0x1092025 Object: Object Server: Security Object Type: File Object Name: \Windows\winsxs\test.wav Handle ID: 0x3a8 Process Information: Process ID: 0xD86001 Process Name: C:\Windows\System32\wbengine.exe Auditing Settings: Original Security Descriptor: S:AI(AU;A;;WD) New Security Descriptor: S:ARAI(AU;SAFA;;;;WD)(AU;IDFA;B;;;WD) 709123
<33>May 26 10:11:17 threecom.switch.ibm.lab %May 26 10:11:17 2017 S9500 FTPS/5/USEROUT: User rogueUser-3(20.135.51.253) logged out
<28>May 26 10:11:19 Message forwarded from aix.ibm.lab: rshd[random_number_1_to_999999]: Failed rsh authentication from 30.90.182.58 for local user root via remote user testuser-57
<182>May 26 10:11:20 apache.httpd.ibm.lab httpd: 83.87.204.105 59.26.176.141 - - [26/May/2017:10:11:20 -0500] "TRACE / HTTP/1.0" 403 443 272
<54>May 26 10:11:22 SymantecServer symantec.endpoint.ibm.lab: Potential risk found,Computer name: COMP-1094116,Detection type: Heuristic,Application name: (Unknown),Application type: Trojan Worm,Application version: ,Hash type: SHA-1,Application hash: 72c874f212a18944ff56f774bfe7252346b93f8e,Company name: ,File size (bytes): 301568,Sensitivity: 0,Detection score: 40,Submission recommendation:1,Permitted application reason: 0,Source: Heuristic Scan,Risk name: ,Occurrences: 1,c:\claims\claims32.exe,"",Actual action: Left alone,Requested action: Left alone,Secondary action: Left alone,Event time: 2017-05-26 10:11:22,Inserted:2017-05-26 10:11:22,End:  2017-05-26 10:11:22,Domain: Default,Group: My Company\LTC\Desktops,Server: crasesssmc01,User: testuser-55,Source computer: ,Source IP: 0.0.0.0
<187>May 26 10:11:24 ['9.9.9.9'] httpd[16986]: [error] [client 44.111.228.125] Invalid URI in request \xf7vMKp`ET&\xa4\x9c\xc9\xec\xd1\xd8j\r\xce\xd9\xd4\xb3\c7
<86>May 26 10:11:25 apple.macosx.ibm.lab sshd[5590]: Failed password for invalid user testuser-63 from 171.4.89.116 port 52774 ssh2
<26>May 26 10:11:27 ambiron.ipangel.ibm.lab ipangel-ips: [2017-05-26 10:11:27-05] alert [Priority: 9] [119:14:1] [(http_inspect) NON-RFC DEFINED CHAR] 30.90.182.58:62528 TCP 167.105.49.237:80 br0
<190>May 26 10:11:28 arbor.pravail.ibm.lab pravail-aps: Blocked Host: Blocked host 56.219.18.103 at 10:52 by Invalid Packets using TCP/0 (Unknown) destination 208.97.222.63,URL: https://arbornetworks.pravail.test.com/chaos/
<157>May 26 10:11:30 microsoft.event.ibm.lab MSWinEventLog	4	Security	60703	Fri May 26 10:11:30 2017	552	Security	NETWORK SERVICE	Well Known Group	Success Audit	testuser-46	Logon/Logoff		Logon attempt using explicit credentials: Logged on user:  User Name: NETWORK SERVICE  Domain: NT AUTHORITY  Logon ID: (0x0,0x1094116)  Logon GUID: -  User whose credentials were used:  Target User Name: testuser-46  Target Domain: us.ibm.com Target Logon GUID: -  Target Server Name: localhost  Target Server Info: localhost  Caller Process ID: 689265  Source Network Address: -  Source Port: - 	56794
<86>May 26 10:11:31 apple.macosx.ibm.lab sshd[5590]: Failed password for invalid user testuser-28 from 16.141.46.136 port 52277 ssh2
<133>May 26 10:11:33 microsoft.event.ibm.lab MSWinEventLog 1 Security 102757633 Fri May 26 10:11:33 2017 4907 Microsoft-Windows-Security-Auditing N/A N/A Success Audit testuser-33 Audit Policy Change Auditing settings on object were changed. Subject: Security ID: S-1-5-18 Account Name: testuser-33 Account Domain: us.ibm.com Logon ID: 0x1085764 Object: Object Server: Security Object Type: File Object Name: \Windows\winsxs\test.wav Handle ID: 0x3a8 Process Information: Process ID: 0xA2C773 Process Name: C:\Windows\System32\wbengine.exe Auditing Settings: Original Security Descriptor: S:AI(AU;A;;WD) New Security Descriptor: S:ARAI(AU;SAFA;;;;WD)(AU;IDFA;B;;;WD) 195820
<54>May 26 10:11:34 SymantecServer symantec.endpoint.ibm.lab: Security risk found,Computer name: COMP-1096209,Source: Scheduled Scan,Risk name: VirusDoctor,Occurrences: 1,c:/System Volume Information/_restore{A3F5C2A3-F289-4356-B021-1FEFEFB73CBD}/RP243/A0070465.exe,"",Actual action: Quarantined,Requested action: Quarantined,Secondary action: Left alone,Event time: 2017-05-26 10:11:34,Inserted:2017-05-26 10:11:34,End: 2017-05-26 10:11:34,Domain: Default,Group: My Company	est,Server: avp1,User: testuser-56,Source computer:  ,Source IP: 0.0.0.0
<187>May 26 10:11:36 ['9.9.9.9'] httpd[16986]: [error] [client 79.186.10.120] Invalid URI in request \xf7vMKp`ET&\xa4\x9c\xc9\xec\xd1\xd8j\r\xce\xd9\xd4\xb3\c7
<13>May 26 10:11:38 microsoft.sec.ibm.lab AgentDevice=WindowsLog	AgentLogFile=Security	Source=Security	Computer=COMP-testuser-31	User=testuser-31	Domain=	EventID=540	EventIDCode=540	EventType=8	EventCategory=2	RecordNumber=292254	TimeGenerated=1495807898	TimeWritten=1495807898	Message=Successful Network Logon: User Name: Domain: Logon ID: (0x0,0x1081600) Logon Type: 3 Logon Process: NtLmSsp Authentication Package: NTLM Workstation Name: COMP-testuser-31 Logon GUID: - Caller User Name: - Caller Domain: - Caller Logon ID: - Caller Process ID: - Transited Services: - Source Network Address: 153.209.3.130 Source Port: 0
<13>May 26 10:11:39 microsoft.sec.ibm.lab AgentDevice=WindowsLog	AgentLogFile=Security	Source=Security	Computer=COMP-testuser-58	User=testuser-58	Domain=	EventID=672	EventIDCode=672	EventType=16	EventCategory=9	RecordNumber=980707	TimeGenerated=1495807899	TimeWritten=1495807899	Message=Authentication Ticket Request: User Name: testuser-58 Supplied Realm Name: us.ibm.com User ID: %{S-1-2-3-1100401} Service Name: krbtgt Service ID: %{S-3-2-1-19F1B7} Ticket Options: 0x40810010 Result Code: - Ticket Encryption Type: 0x17 Pre-Authentication Type: 2 Client Address: 162.148.122.209 Certificate Issuer Name:  Certificate Serial Number:  Certificate Thumbprint: 
<189>May 26 10:11:41 ['9.9.9.9'] authmgr[504]: <NOTI> login <00:1c:bf:ca:2b:98  136.38.97.190 testuser-17>method=802.1x, server=TEST001, role=Authenticated Update(status 0 method 0 role 16), reauth=1800 sec
<13>May 26 10:11:42 microsoft.sec.ibm.lab AgentDevice=WindowsLog	AgentLogFile=Security	Source=Security	Computer=COMP-testuser-14	User=testuser-14	Domain=	EventID=680	EventIDCode=680	EventType=16	EventCategory=9	RecordNumber=236844	TimeGenerated=1495807902	TimeWritten=1495807902	Message=Logon attempt by: MICROSOFT_AUTHENTICATION_PACKAGE_V1_0 Logon account: testuser-14 Source Workstation: COMP-testuser-14 Error Code: 0x0 
<190>May 26 10:11:44 arbor.pravail.ibm.lab pravail-aps: Blocked Host: Blocked host 83.87.204.105 at 10:52 by Invalid Packets using TCP/0 (Unknown) destination 107.85.243.131,URL: https://arbornetworks.pravail.test.com/chaos/
<129>May 26 10:11:45 barracuda.firewall.ibm.lab WF ALER METACHARACTER_IN_PARAMETER 212.2.111.4 49438 19.115.179.244 443 security-policy GLOBAL DENY NONE [token="%00 " Parameter="article" value="../../../../../../../../etc/passwd"] GET 19.115.179.244/talkback.cgi?article=../../../../../../../../etc/passwd%00&action=view&matchview=1 HTTPS "-" ""-"" 19.115.179.244 49438 "-" "-"
<157>May 26 10:11:47 microsoft.event.ibm.lab MSWinEventLog	4	Security	60703	Fri May 26 10:11:47 2017	552	Security	NETWORK SERVICE	Well Known Group	Success Audit	testuser-3	Logon/Logoff		Logon attempt using explicit credentials: Logged on user:  User Name: NETWORK SERVICE  Domain: NT AUTHORITY  Logon ID: (0x0,0x982081)  Logon GUID: -  User whose credentials were used:  Target User Name: testuser-3  Target Domain: us.ibm.com Target Logon GUID: -  Target Server Name: localhost  Target Server Info: localhost  Caller Process ID: 769533  Source Network Address: -  Source Port: - 	56794
<27>May 26 10:11:49 ambiron.ipangel.ibm.lab ipangel-ips: [2017-05-26 10:11:49-05] alert [Priority: 9] [119:2:1] [(http_inspect) DOUBLE DECODING ATTACK] 79.186.10.120:60909 TCP 111.101.80.22:80 br0
<182>May 26 10:11:50 apache.httpd.ibm.lab httpd: 154.102.244.170 161.52.190.178 - - [26/May/2017:10:11:50 -0500] "GET /../../../../../../../../../../../ HTTP/1.1" 400 443 307
<13>May 26 10:11:52 checkpoint.firewall.ibm.lab 26May2017  checkpoint.firewall.ibm.lab product: SmartDefense; src: 113.146.67.20; s_port: ; dst: 181.127.204.116; service: ; proto: udp; rule: ;Attack Info: Out-of-state DNS reply;Suppressed logs: 143;Total logs: 144;__policy_id_tag: product=VPN-1 & FireWall-1[db_tag={321A4EE6-7DEA-11DD-BFAA-C0A832822626};mgmt=fwmngt05;date=1220908070;policy_name=KillerWhale_gbl];alert: alert;attack: Invalid DNS;has_accounting: 0;i/f_dir: inbound;
<86>May 26 10:11:53 apple.macosx.ibm.lab com.apple.SecurityServer: uid 993040 succeeded authenticating as user admin (uid 501) for right system.install.root.user.
<133>May 26 10:11:55 microsoft.event.ibm.lab MSWinEventLog 1 Security 102757633 Fri May 26 10:11:55 2017 4907 Microsoft-Windows-Security-Auditing N/A N/A Success Audit testuser-19 Audit Policy Change Auditing settings on object were changed. Subject: Security ID: S-1-5-18 Account Name: testuser-19 Account Domain: us.ibm.com Logon ID: 0x1094116 Object: Object Server: Security Object Type: File Object Name: \Windows\winsxs\test.wav Handle ID: 0x3a8 Process Information: Process ID: 0x922BFE Process Name: C:\Windows\System32\wbengine.exe Auditing Settings: Original Security Descriptor: S:AI(AU;A;;WD) New Security Descriptor: S:ARAI(AU;SAFA;;;;WD)(AU;IDFA;B;;;WD) 72064
<129>May 26 10:11:56 barracuda.firewall.ibm.lab WF ALER CROSS_SITE_SCRIPTING_IN_PARAM 218.111.178.29 55918 135.67.193.17 443 security-policy GLOBAL DENY NONE [type="cross-site-scripting" pattern="script-tag" token="<script>" Parameter="url" value="<script>alert(5341)</script>"] GET 135.67.193.17/redirect.asp?url=<script>alert(5341)</script> HTTPS "-" ""-"" 135.67.193.17 59845 "-" "-"
