<133>May 26 09:53:16 microsoft.event.ibm.lab MSWinEventLog 1 Security 102757633 Fri May 26 09:53:16 2017 4907 Microsoft-Windows-Security-Auditing N/A N/A Success Audit testuser-67 Audit Policy Change Auditing settings on object were changed. Subject: Security ID: S-1-5-18 Account Name: testuser-67 Account Domain: us.ibm.com Logon ID: 0x1100401 Object: Object Server: Security Object Type: File Object Name: \Windows\winsxs\test.wav Handle ID: 0x3a8 Process Information: Process ID: 0x8CB462 Process Name: C:\Windows\System32\wbengine.exe Auditing Settings: Original Security Descriptor: S:AI(AU;A;;WD) New Security Descriptor: S:ARAI(AU;SAFA;;;;WD)(AU;IDFA;B;;;WD) 652755
<190>May 26 09:53:17 arbor.pravail.ibm.lab pravail-aps: Blocked Host: Blocked host 218.111.178.29 10:53 by TCP Connection Reset using TCP/64104 (Unknown) destination 40.144.73.165 source port 443,URL: https://arbornetworks.pravail.test.com/chaos/
<182>May 26 09:53:19 apache.httpd.ibm.lab httpd: 201.150.192.18 149.234.194.92 - - [26/May/2017:09:53:19 -0500] "OPTIONS /cgi-bin/index.php HTTP/1.1" 200 443 -
<83>May 26 09:53:20 apple.macosx.ibm.lab com.apple.SecurityServer: authinternal failed to authenticate user testuser-6.
<190>May 26 09:53:22 arbor.pravail.ibm.lab pravail-aps: Blocked Host: Blocked host 120.171.20.155 at 10:52 by Invalid Packets using TCP/0 (Unknown) destination 9.168.187.147,URL: https://arbornetworks.pravail.test.com/chaos/
<190>May 26 09:53:24 arbor.pravail.ibm.lab pravail-aps: Blocked Host: Blocked host 30.90.182.58 at 10:52 by Invalid Packets using TCP/0 (Unknown) destination 50.42.198.108,URL: https://arbornetworks.pravail.test.com/chaos/
<189>May 26 09:53:25 ['9.9.9.9'] authmgr[504]: <NOTI> login <00:1c:bf:ca:2b:98  202.207.224.25 testuser-30>method=802.1x, server=TEST001, role=Authenticated Update(status 0 method 0 role 16), reauth=1800 sec
<25>May 26 09:53:27 apple.macosx.ibm.lab DirectoryService[51]: Failed Authentication return is being delayed due to over five recent auth failures for username: rogueUser-3.
<13>May 26 09:53:28 microsoft.sec.ibm.lab AgentDevice=WindowsLog	AgentLogFile=Security	Source=Security	Computer=COMP-testuser-95	User=testuser-95	Domain=	EventID=529	EventIDCode=529	EventType=16	EventCategory=2	RecordNumber=6398	TimeGenerated=1495806808	TimeWritten=1495806808	Message=Successful Network Logon: User Name: Domain: Logon ID: (0x0,0x1102500) Logon Type: 3 Logon Process: NtLmSsp Authentication Package: NTLM Workstation Name: COMP-testuser-95 Logon GUID: - Caller User Name: - Caller Domain: - Caller Logon ID: - Caller Process ID: - Transited Services: - Source Network Address: 187.147.212.238 Source Port: 0
<129>May 26 09:53:30 barracuda.firewall.ibm.lab WF ALER METACHARACTER_IN_PARAMETER 20.135.51.253 59327 186.231.196.72 443 security-policy GLOBAL DENY NONE [token="%00 " Parameter="article" value="../../../../../../../../etc/passwd"] GET 186.231.196.72/talkback.cgi?article=../../../../../../../../etc/passwd%00&action=view&matchview=1 HTTPS "-" ""-"" 186.231.196.72 59327 "-" "-"
<38>May 26 09:53:31 sshd[157423]: Failed keyboard-interactive for invalid user testuser-85 from 120.171.20.155 port 52605 ssh2
<13>May 26 09:53:33 checkpoint.firewall.ibm.lab 26May2017  checkpoint.firewall.ibm.lab product: SmartDefense; src: 64.87.88.123; s_port: ; dst: 145.101.189.191; service: ; proto: udp; rule: ;Attack Info: Bad domain format, illegal ASCII value in domain;Suppressed logs: 1;Total logs: 2;__policy_id_tag: product=VPN-1 & FireWall-1[db_tag={9B20E8EA-7DE6-11DD-B7D6-C0A832D11E1E};mgmt=fwmngt-zentral;date=1220906528;policy_name=Vulpine_gbl];alert: alert;attack: Invalid DNS;has_accounting: 0;i/f_dir: inbound;
<28>May 26 09:53:34 Message forwarded from aix.ibm.lab: rshd[random_number_1_to_999999]: Failed rsh authentication from 15.83.16.235 for local user root via remote user rogueUser-5
<54>May 26 09:53:36 SymantecServer symantec.endpoint.ibm.lab: CNC2PSY9D1,Allowed,Sysfer exception: .\RegParamEngine.cpp 1152 Failed to read value DeviceInstance from key \Registry\Machine\SYSTEM\CurrentControlSet\Control\DeviceClasses\{53f56307-b6bf-11d0-94f2-00a0c91efb8b}\##?#IDE#DiskWDC_WD800JD-75MSA3______________________10.01E04#5&,Sysfer exception,Begin: 2017-05-26 09:53:36,End: 2017-05-26 09:53:36,Rule: Sysfer exception,3592,C:/Program Files/Cisco Systems/CSAgent/bin/okclient.exe,0,,,User: testuser-2,Domain: US
<13>May 26 09:53:38 checkpoint.firewall.ibm.lab 26May2017  checkpoint.firewall.ibm.lab product: martDefense; src: 189.6.147.68; s_port: ; dst: 35.164.230.160; service: ; proto: udp; rule: ;Attack Info: Response packet too long, potential buffer overflow;Suppressed logs: 5;Total logs: 6;__policy_id_tag: product=VPN-1 & FireWall-1[db_tag={321A4EE6-7DEA-11DD-BFAA-C0A832822626};mgmt=fwmngt05;date=1220908070;policy_name=KillerWhale_gbl];alert: alert;attack: Invalid DNS;has_accounting: 0;i/f_dir: inbound;
<29>May 26 09:53:39 Message forwarded from aix.ibm.lab: telnetd[11186844090276]: telnet from ::ffff:56.219.18.103 on /dev/pts/1
<182>May 26 09:53:41 apache.httpd.ibm.lab httpd: 99.123.52.13 176.237.45.226 - - [26/May/2017:09:53:41 -0500] "TRACE / HTTP/1.0" 403 443 272
<129>May 26 09:53:42 barracuda.firewall.ibm.lab WF ALER SLASH_DOT_IN_URL 179.174.48.208 51491 31.149.98.214 443 security-policy GLOBAL DENY NONE ["-"] GET 31.149.98.214/themes/default/css/.htaccess HTTPS "-" ""-"" 31.149.98.214 44428 "-" "-"
<13>May 26 09:53:44 checkpoint.firewall.ibm.lab 26May2017  checkpoint.firewall.ibm.lab product: SmartDefense; src: 212.2.111.4; s_port: ; dst: 20.234.56.75; service: ; proto: icmp; rule: ;Attack Info: Echo request too big;Suppressed logs: 1;Total logs: 2;__policy_id_tag: product=VPN-1 & FireWall-1[db_tag={B5A7057E-7F61-11DD-AA43-C0A832D12424};mgmt=fwmngt-zentral;date=1221069352;policy_name=Spider_gbl];alert: alert;attack: Large ping;has_accounting: 0;i/f_dir: inbound;
<28>May 26 09:53:45 Message forwarded from aix.ibm.lab: rshd[random_number_1_to_999999]: Failed rsh authentication from 78.168.238.47 for local user root via remote user testuser-86
<182>May 26 09:53:47 apache.httpd.ibm.lab httpd: 201.150.192.18 7.28.192.191 - - [26/May/2017:09:53:47 -0500] "CONNECT 10.35.79.71:443 HTTP/1.1" 405 443 297
<129>May 26 09:53:49 barracuda.firewall.ibm.lab WF ALER CROSS_SITE_SCRIPTING_IN_URL 202.207.224.25 55470 36.30.68.146 80 security-policy GLOBAL DENY NONE [type="cross-site-scripting" pattern="script-tag" token="<script>"] GET 36.30.68.146/<script>alert(53416)</script> HTTP "-" ""-"" 36.30.68.146 48541 "-" "-"
<54>May 26 09:53:50 SymantecServer symantec.endpoint.ibm.lab: Potential risk found,Computer name: COMP-1083681,Detection type: Heuristic,Application name: (Unknown),Application type: Trojan Worm,Application version: ,Hash type: SHA-1,Application hash: 72c874f212a18944ff56f774bfe7252346b93f8e,Company name: ,File size (bytes): 301568,Sensitivity: 0,Detection score: 40,Submission recommendation:1,Permitted application reason: 0,Source: Heuristic Scan,Risk name: ,Occurrences: 1,c:\claims\claims32.exe,"",Actual action: Left alone,Requested action: Left alone,Secondary action: Left alone,Event time: 2017-05-26 09:53:50,Inserted:2017-05-26 09:53:50,End:  2017-05-26 09:53:50,Domain: Default,Group: My Company\LTC\Desktops,Server: crasesssmc01,User: testuser-41,Source computer: ,Source IP: 0.0.0.0
<149>May 26 09:53:52 apple.macosx.ibm.lab sudo:    testuser-10 : TTY=ttyp1 ; PWD=/Users/admin ; USER=admin ;COMMAND=/bin/bash
<26>May 26 09:53:53 ambiron.ipangel.ibm.lab ipangel-ips: [2017-05-26 09:53:53-05] alert [Priority: 9] [119:14:1] [(http_inspect) NON-RFC DEFINED CHAR] 79.186.10.120:56046 TCP 215.144.25.143:80 br0
<86>May 26 09:53:55 apple.macosx.ibm.lab com.apple.SecurityServer: authinternal authenticated user testuser-32 (uid 84705).
<27>May 26 09:53:56 ambiron.ipangel.ibm.lab ipangel-ips: [2017-05-26 09:53:56-05] alert [Priority: 9] [119:2:1] [(http_inspect) DOUBLE DECODING ATTACK] 56.219.18.103:55754 TCP 85.205.6.182:80 br0
<157>May 26 09:53:58 microsoft.event.ibm.lab MSWinEventLog	4	Security	60703	Fri May 26 09:53:58 2017	552	Security	NETWORK SERVICE	Well Known Group	Success Audit	testuser-78	Logon/Logoff		Logon attempt using explicit credentials: Logged on user:  User Name: NETWORK SERVICE  Domain: NT AUTHORITY  Logon ID: (0x0,0x1104601)  Logon GUID: -  User whose credentials were used:  Target User Name: testuser-78  Target Domain: us.ibm.com Target Logon GUID: -  Target Server Name: localhost  Target Server Info: localhost  Caller Process ID: 147609  Source Network Address: -  Source Port: - 	56794
<54>May 26 09:54:00 SymantecServer symantec.endpoint.ibm.lab: testbox-abc,[SID: 21590] P2P Edonkey Ping Message detected.  Traffic has been allowed from this application: C:\Program Files\easyMule\emule.exe,Local: 83.87.204.105,Local: 00218696B978,Remote: ,Remote: 15.241.184.22,Remote: 000000000000,Outbound,OTHERS,Intrusion ID: 0,Begin: 2017-05-26 09:54:00,End: 2017-05-26 09:54:00,Occurrences: 1,Application: C:/Program Files/easyMule/emule.exe,Location: Default,User: testuser-69,Domain: us.ibm.com
<182>May 26 09:54:01 apache.httpd.ibm.lab httpd: 218.111.178.29 64.206.95.97 - - [26/May/2017:09:54:01 -0500] "HEAD / HTTP/1.1" 200 443 -
<129>May 26 09:54:03 barracuda.firewall.ibm.lab WF ALER METHOD_NOT_ALLOWED 201.150.192.18 60262 175.30.78.127 80 security-policy GLOBAL DENY NONE [Method="ABCD"] ABCD 175.30.78.127/ HTTP "-" ""-"" 175.30.78.127 48536 "-" "-"
<33>May 26 09:54:04 threecom.switch.ibm.lab %May 26 09:54:04 2017 S9500 AAA/2/Serious error!: User testuser-27, in ACM send msg to SC failed! Returns 1 srcID 6 msgType 16384.
<190>May 26 09:54:06 arbor.pravail.ibm.lab pravail-aps: Blocked Host: Blocked host 120.171.20.155 10:53 by TCP Connection Reset using TCP/59788 (Unknown) destination 67.160.201.238 source port 443,URL: https://arbornetworks.pravail.test.com/chaos/
<86>May 26 09:54:07 apple.macosx.ibm.lab com.apple.SecurityServer: uid 101425 succeeded authenticating as user admin (uid 501) for right system.install.root.user.
<129>May 26 09:54:09 barracuda.firewall.ibm.lab WF ALER METHOD_NOT_ALLOWED 132.146.155.198 57766 85.254.2.210 80 security-policy GLOBAL DENY NONE [Method="ABCD"] ABCD 85.254.2.210/ HTTP "-" ""-"" 85.254.2.210 48536 "-" "-"
<13>May 26 09:54:10 checkpoint.firewall.ibm.lab 26May2017  checkpoint.firewall.ibm.lab product: SmartDefense; src: 113.146.67.20; s_port: ; dst: 44.117.43.67; service: ; proto: udp; rule: ;Attack Info: Bad domain format, illegal ASCII value in domain;Suppressed logs: 1;Total logs: 2;__policy_id_tag: product=VPN-1 & FireWall-1[db_tag={9B20E8EA-7DE6-11DD-B7D6-C0A832D11E1E};mgmt=fwmngt-zentral;date=1220906528;policy_name=Vulpine_gbl];alert: alert;attack: Invalid DNS;has_accounting: 0;i/f_dir: inbound;
<133>May 26 09:54:12 microsoft.event.ibm.lab MSWinEventLog 1 Security 102757633 Fri May 26 09:54:12 2017 4907 Microsoft-Windows-Security-Auditing N/A N/A Success Audit rogueUser-3 Audit Policy Change Auditing settings on object were changed. Subject: Security ID: S-1-5-18 Account Name: rogueUser-3 Account Domain: us.ibm.com Logon ID: 0x1117249 Object: Object Server: Security Object Type: File Object Name: \Windows\winsxs\test.wav Handle ID: 0x3a8 Process Information: Process ID: 0xD2063C Process Name: C:\Windows\System32\wbengine.exe Auditing Settings: Original Security Descriptor: S:AI(AU;A;;WD) New Security Descriptor: S:ARAI(AU;SAFA;;;;WD)(AU;IDFA;B;;;WD) 542188
<129>May 26 09:54:14 barracuda.firewall.ibm.lab WF ALER CROSS_SITE_SCRIPTING_IN_PARAM 165.11.95.213 65425 84.248.61.239 443 security-policy GLOBAL DENY NONE [type="cross-site-scripting" pattern="script-tag" token="<script>" Parameter="url" value="<script>alert(5341)</script>"] GET 84.248.61.239/redirect.asp?url=<script>alert(5341)</script> HTTPS "-" ""-"" 84.248.61.239 59845 "-" "-"
<187>May 26 09:54:15 ['9.9.9.9'] httpd[16986]: [error] [client 212.2.111.4] Invalid URI in request \xf7vMKp`ET&\xa4\x9c\xc9\xec\xd1\xd8j\r\xce\xd9\xd4\xb3\c7
<33>May 26 09:54:17 threecom.switch.ibm.lab %May 26 09:54:17 2017 S9500 PORTAL/5/PT_LOG: Online user 79.186.10.120 changes to 122.27.22.246, we will cut it off as using traffic-acct.
<187>May 26 09:54:18 ['9.9.9.9'] httpd[16986]: [error] [client 83.87.204.105] Invalid URI in request \xf7vMKp`ET&\xa4\x9c\xc9\xec\xd1\xd8j\r\xce\xd9\xd4\xb3\c7
<38>May 26 09:54:20 sshd[437449]: Invalid user testuser-31 from 51.18.44.104
<14>May 26 09:54:21 Message forwarded from aix.ibm.lab: rcp[random_number_1_to_999999]: EXPORT file to host aix.ibm.lab cmd is rcp -t /root, local user testuser-78.
<13>May 26 09:54:23 checkpoint.firewall.ibm.lab 26May2017 reject checkpoint.firewall.ibm.lab product: VPN-1 & FireWall-1; src: 120.171.20.155; s_port: 59535; dst: 119.240.75.135; service: 113; proto: tcp; rule: 14;SmartDefense profile: Default_Protection;__policy_id_tag: product=VPN-1 & FireWall-1[db_tag={25E5B8F6-79E7-11DD-941A-C0A832D00C0C};mgmt=fwmngt-wuv;date=1220466957;policy_name=rhino_gbl];has_accounting: 0;i/f_dir: inbound;i/f_name: eth-s2/s1p1c0;rule_uid: {9C96B325-D976-4A30-8685-9ED61018A6E7};service_id: gident;
<157>May 26 09:54:25 microsoft.event.ibm.lab MSWinEventLog	4	Security	60703	Fri May 26 09:54:25 2017	552	Security	NETWORK SERVICE	Well Known Group	Success Audit	testuser-30	Logon/Logoff		Logon attempt using explicit credentials: Logged on user:  User Name: NETWORK SERVICE  Domain: NT AUTHORITY  Logon ID: (0x0,0x1079521)  Logon GUID: -  User whose credentials were used:  Target User Name: testuser-30  Target Domain: us.ibm.com Target Logon GUID: -  Target Server Name: localhost  Target Server Info: localhost  Caller Process ID: 418483  Source Network Address: -  Source Port: - 	56794
<129>May 26 09:54:26 barracuda.firewall.ibm.lab WF ALER SLASH_DOT_IN_URL 165.11.95.213 55924 178.122.123.29 443 security-policy GLOBAL DENY NONE ["-"] GET 178.122.123.29/themes/default/css/.htaccess HTTPS "-" ""-"" 178.122.123.29 44428 "-" "-"
<190>May 26 09:54:28 arbor.pravail.ibm.lab pravail-aps: Blocked Host: Blocked host 125.83.117.185 at 10:53 by Malformed HTTP Filtering using TCP/80 (HTTP) destination 150.254.39.74 source port 65019,URL: https://arbornetworks.pravail.test.com/chaos/
<157>May 26 09:54:29 microsoft.event.ibm.lab MSWinEventLog	4	Security	60703	Fri May 26 09:54:29 2017	552	Security	NETWORK SERVICE	Well Known Group	Success Audit	testuser-62	Logon/Logoff		Logon attempt using explicit credentials: Logged on user:  User Name: NETWORK SERVICE  Domain: NT AUTHORITY  Logon ID: (0x0,0x1089936)  Logon GUID: -  User whose credentials were used:  Target User Name: testuser-62  Target Domain: us.ibm.com Target Logon GUID: -  Target Server Name: localhost  Target Server Info: localhost  Caller Process ID: 75028  Source Network Address: -  Source Port: - 	56794
<13>May 26 09:54:31 microsoft.sec.ibm.lab AgentDevice=WindowsLog	AgentLogFile=Security	Source=Security	Computer=COMP-testuser-89	User=testuser-89	Domain=	EventID=529	EventIDCode=529	EventType=16	EventCategory=2	RecordNumber=699029	TimeGenerated=1495806871	TimeWritten=1495806871	Message=Successful Network Logon: User Name: Domain: Logon ID: (0x0,0x1108809) Logon Type: 3 Logon Process: NtLmSsp Authentication Package: NTLM Workstation Name: COMP-testuser-89 Logon GUID: - Caller User Name: - Caller Domain: - Caller Logon ID: - Caller Process ID: - Transited Services: - Source Network Address: 154.221.87.165 Source Port: 0
<13>May 26 09:54:32 checkpoint.firewall.ibm.lab 26May2017 drop checkpoint.firewall.ibm.lab product: VPN-1 &FireWall-1; src: 33.195.94.29; s_port: 62436; dst: 158.18.100.153; service: 138; proto: udp; rule: 323;SmartDefense profile: Default_Protection;__policy_id_tag: product=VPN-1 & FireWall-1[db_tag={48AB8350-7F61-11DD-887D-C0A832D16C6C};mgmt=fwmngt-zentral;date=1221069169;policy_name=Chameleon_gbl];has_accounting: 0;i/f_dir: inbound;i/f_name: eth-s1/s1p1c0;rule_uid: {21D66174-0E19-4B77-A1E9-3473FE991088};
<83>May 26 09:54:34 apple.macosx.ibm.lab com.apple.SecurityServer: authinternal failed to authenticate user testuser-90.
<13>May 26 09:54:36 checkpoint.firewall.ibm.lab 26May2017 drop checkpoint.firewall.ibm.lab product: SmartDefense; src: 30.90.182.58; s_port: 61326; dst: 38.178.90.19; service: 443; proto: tcp; rule: 392;Attack Info: TCP segment out of maximum allowed sequence. Packet dropped.;Confidence Level: 0;Performance Impact: 0;Protection Name: TCP Segment Limit Enforcement;Protection Type: settings_tcp;Severity: 0;SmartDefense Profile: Boticario_DMZ_Protection;__policy_id_tag: product=VPN-1 & FireWall-1[db_tag={E94ECB65-34C0-4740-9634-761E1604C8BC};mgmt=SJP1PLNX036-DMZ;date=1424714440;policy_name=DMZ];attack: Streaming Engine: TCP Segment Limit Enforcement;has_accounting: 0;i/f_dir: inbound;i/f_name: eth2-01.2809;origin_sic_name: CN=TEST-DMZ1,O=log_server_hostname;protection_id: tcp_segment_limit;rule_uid: {499DBB08-D262-4D9F-B639-5337A7B36E59};snid: 7572c682;src_machine_name: COMP-testuser-66;src_user_name: testuser-66 ;user: testuser-66 ;
<25>May 26 09:54:37 ambiron.ipangel.ibm.lab ipangel-ips: [2017-05-26 09:54:37-05] alert [Priority: 9] [116:46:1] [(snort_decoder) WARNING: TCP Data Offset is less than 5!] 33.195.94.29:54099 TCP 120.245.55.214:80 br0
<187>May 26 09:54:39 ['9.9.9.9'] httpd[16986]: [error] [client 218.111.178.29] Invalid URI in request \xf7vMKp`ET&\xa4\x9c\xc9\xec\xd1\xd8j\r\xce\xd9\xd4\xb3\c7
<27>May 26 09:54:40 ambiron.ipangel.ibm.lab ipangel-ips: [2017-05-26 09:54:40-05] alert [Priority: 9] [119:2:1] [(http_inspect) DOUBLE DECODING ATTACK] 201.150.192.18:57484 TCP 188.90.125.232:80 br0
<182>May 26 09:54:42 apache.httpd.ibm.lab httpd: 120.171.20.155 165.238.51.104 - - [26/May/2017:09:54:42 -0500] "HEAD / HTTP/1.1" 200 443 -
<190>May 26 09:54:43 arbor.pravail.ibm.lab pravail-aps: Blocked Host: Blocked host 30.90.182.58 10:53 by TCP Connection Reset using TCP/49212 (Unknown) destination 204.119.100.92 source port 443,URL: https://arbornetworks.pravail.test.com/chaos/
<157>May 26 09:54:45 microsoft.event.ibm.lab MSWinEventLog	4	Security	60703	Fri May 26 09:54:45 2017	552	Security	NETWORK SERVICE	Well Known Group	Success Audit	testuser-20	Logon/Logoff		Logon attempt using explicit credentials: Logged on user:  User Name: NETWORK SERVICE  Domain: NT AUTHORITY  Logon ID: (0x0,0x1077444)  Logon GUID: -  User whose credentials were used:  Target User Name: testuser-20  Target Domain: us.ibm.com Target Logon GUID: -  Target Server Name: localhost  Target Server Info: localhost  Caller Process ID: 144607  Source Network Address: -  Source Port: - 	56794
<38>May 26 09:54:46 syslog: ssh: failed login attempt for testuser-43 from 56.219.18.103
<129>May 26 09:54:48 barracuda.firewall.ibm.lab WF ALER METACHARACTER_IN_PARAMETER 137.38.197.140 60049 137.115.244.174 443 security-policy GLOBAL DENY NONE [token="%00 " Parameter="article" value="../../../../../../../../etc/passwd"] GET 137.115.244.174/talkback.cgi?article=../../../../../../../../etc/passwd%00&action=view&matchview=1 HTTPS "-" ""-"" 137.115.244.174 60049 "-" "-"
<33>May 26 09:54:50 threecom.switch.ibm.lab %May 26 09:54:50 2017 S9500 AAA/2/Serious error!: User rogueUser-3, in ACM send msg to SC failed! Returns 1 srcID 6 msgType 16384.
<190>May 26 09:54:51 arbor.pravail.ibm.lab pravail-aps: Blocked Host: Blocked host 218.111.178.29 at 10:52 by Invalid Packets using TCP/0 (Unknown) destination 21.214.211.108,URL: https://arbornetworks.pravail.test.com/chaos/
<13>May 26 09:54:53 checkpoint.firewall.ibm.lab 26May2017  checkpoint.firewall.ibm.lab product: SmartDefense; src: 79.186.10.120; s_port: ; dst: 157.216.141.131; service: ; proto: udp; rule: ;Attack Info: Bad domain format, illegal ASCII value in domain;Suppressed logs: 1;Total logs: 2;__policy_id_tag: product=VPN-1 & FireWall-1[db_tag={9B20E8EA-7DE6-11DD-B7D6-C0A832D11E1E};mgmt=fwmngt-zentral;date=1220906528;policy_name=Vulpine_gbl];alert: alert;attack: Invalid DNS;has_accounting: 0;i/f_dir: inbound;
<129>May 26 09:54:54 barracuda.firewall.ibm.lab WF ALER METACHARACTER_IN_PARAMETER 136.38.97.190 51129 90.200.201.161 443 security-policy GLOBAL DENY NONE [token="%00 " Parameter="article" value="../../../../../../../../etc/passwd"] GET 90.200.201.161/talkback.cgi?article=../../../../../../../../etc/passwd%00&action=view&matchview=1 HTTPS "-" ""-"" 90.200.201.161 51129 "-" "-"
<190>May 26 09:54:56 arbor.pravail.ibm.lab pravail-aps: Blocked Host: Blocked host 120.171.20.155 at 10:53 by Malformed HTTP Filtering using TCP/80 (HTTP) destination 204.81.152.77 source port 64099,URL: https://arbornetworks.pravail.test.com/chaos/
<25>May 26 09:54:57 ambiron.ipangel.ibm.lab ipangel-ips: [2017-05-26 09:54:57-05] alert [Priority: 9] [116:46:1] [(snort_decoder) WARNING: TCP Data Offset is less than 5!] 165.11.95.213:59940 TCP 128.94.73.107:80 br0
<129>May 26 09:54:59 barracuda.firewall.ibm.lab WF ALER METACHARACTER_IN_PARAMETER 16.74.199.104 51884 222.141.168.201 443 security-policy GLOBAL DENY NONE [token="%00 " Parameter="article" value="../../../../../../../../etc/passwd"] GET 222.141.168.201/talkback.cgi?article=../../../../../../../../etc/passwd%00&action=view&matchview=1 HTTPS "-" ""-"" 222.141.168.201 51884 "-" "-"
<129>May 26 09:55:01 barracuda.firewall.ibm.lab WF ALER METACHARACTER_IN_PARAMETER 165.11.95.213 55166 208.48.83.25 443 security-policy GLOBAL DENY NONE [token="%00 " Parameter="article" value="../../../../../../../../etc/passwd"] GET 208.48.83.25/talkback.cgi?article=../../../../../../../../etc/passwd%00&action=view&matchview=1 HTTPS "-" ""-"" 208.48.83.25 55166 "-" "-"
<86>May 26 09:55:02 apple.macosx.ibm.lab sshd[5590]: Failed password for invalid user testuser-89 from 54.11.145.63 port 51849 ssh2
<26>May 26 09:55:04 ambiron.ipangel.ibm.lab ipangel-ips: [2017-05-26 09:55:04-05] alert [Priority: 9] [119:14:1] [(http_inspect) NON-RFC DEFINED CHAR] 33.195.94.29:64060 TCP 56.226.234.174:80 br0
<27>May 26 09:55:05 ambiron.ipangel.ibm.lab ipangel-ips: [2017-05-26 09:55:05-05] alert [Priority: 9] [119:2:1] [(http_inspect) DOUBLE DECODING ATTACK] 201.150.192.18:50965 TCP 13.140.98.200:80 br0
<38>May 26 09:55:07 sshd[random_number_1_to_999999]: Accepted publickey for testuser-80 from 136.38.97.190 port 63705 ssh2
<190>May 26 09:55:08 arbor.pravail.ibm.lab pravail-aps: Blocked Host: Blocked host 136.38.97.190 10:53 by TCP Connection Reset using TCP/50231 (Unknown) destination 101.7.11.181 source port 443,URL: https://arbornetworks.pravail.test.com/chaos/
<157>May 26 09:55:10 microsoft.event.ibm.lab MSWinEventLog	4	Security	60703	Fri May 26 09:55:10 2017	552	Security	NETWORK SERVICE	Well Known Group	Success Audit	testuser-56	Logon/Logoff		Logon attempt using explicit credentials: Logged on user:  User Name: NETWORK SERVICE  Domain: NT AUTHORITY  Logon ID: (0x0,0x1096209)  Logon GUID: -  User whose credentials were used:  Target User Name: testuser-56  Target Domain: us.ibm.com Target Logon GUID: -  Target Server Name: localhost  Target Server Info: localhost  Caller Process ID: 741981  Source Network Address: -  Source Port: - 	56794
<54>May 26 09:55:12 SymantecServer symantec.endpoint.ibm.lab: Commercial application detected,Computer name: COMP-1106704,Detection type: Commercial,Application name: DameWare Development DWRCS,Application type: Remote Control,Application version: 5\~ 5\~ 0\~ 0,Hash type: SHA-1,Application hash: 4670d9eeeab7449788be3b18e9364ef0088b900e,Company name: DameWare Development LLC,File size (bytes): 208896,Sensitivity: 0,Detection score: 1,Submission recommendation: 0,Permitted application reason: 0,Source: Heuristic Scan,Risk name:  ,Occurrences: 1,DWMRCS,"DWMRCS",Actual action: Left alone,Requested action: Left alone,Secondary action: Commercial application detection,Event time: 2017-05-26 09:55:12,Inserted: 2017-05-26 09:55:12,End: 2017-05-26 09:55:12,Domain: Default,Group: My Company	est,Server: testbox,User: testuser-97,Source computer:  ,Source IP: 0.0.0.0
<38>May 26 09:55:13 sshd[random_number_1_to_999999]: Accepted publickey for testuser-87 from 83.87.204.105 port 63202 ssh2
<50>May 26 09:55:15 SymantecServer symantec.endpoint.ibm.lab: testbox-xyz,[SID: 70025] Web Attack: Blackhole Exploit Toolkit 2 attack blocked. Traffic has been blocked for this application: C:\Program Files\Internet Explorer\iexplore.exe,Local: 0.0.0.0,Local: 000000000000,Remote: ,Remote: 0.0.0.0,Remote: 000000000000,Inbound,OTHERS,,Begin: 2017-05-26 09:55:15,End: 2017-05-26 09:55:15,Occurrences: 1,Application: C:/Program Files/Internet Explorer/iexplore.exe,Location: Default,User: testuser-81,Domain: SIMON,!ExternalLoggingTask.localport! 0,!ExternalLoggingTask.remoteport! 0,!ExternalLoggingTask.cidssignid! 70025,!ExternalLoggingTask.strcidssignid! Web Attack: Blackhole Exploit Toolkit 2,!ExternalLoggingTask.cidssignsubid! 0,!ExternalLoggingTask.intrusionurl! http://pppptttt.blah.net/links/came_broadcasting_taking-various.php,!ExternalLoggingTask.intrusionpayloadurl!
<39>May 26 09:55:16 Message forwarded from aix.ibm.lab: testuser-25 PAM: pam_authenticate: error Authentication failed
<38>May 26 09:55:18 syslog: ssh: failed login attempt for testuser-43 from 56.219.18.103
<13>May 26 09:55:19 microsoft.sec.ibm.lab AgentDevice=WindowsLog	AgentLogFile=Security	Source=Security	Computer=COMP-testuser-41	User=testuser-41	Domain=	EventID=540	EventIDCode=540	EventType=8	EventCategory=2	RecordNumber=997675	TimeGenerated=1495806919	TimeWritten=1495806919	Message=Successful Network Logon: User Name: Domain: Logon ID: (0x0,0x1083681) Logon Type: 3 Logon Process: NtLmSsp Authentication Package: NTLM Workstation Name: COMP-testuser-41 Logon GUID: - Caller User Name: - Caller Domain: - Caller Logon ID: - Caller Process ID: - Transited Services: - Source Network Address: 184.117.85.184 Source Port: 0
<28>May 26 09:55:21 Message forwarded from aix.ibm.lab: rshd[random_number_1_to_999999]: Failed rsh authentication from 179.174.48.208 for local user root via remote user testuser-79
<189>May 26 09:55:22 ['9.9.9.9'] authmgr[504]: <NOTI> login <00:1c:bf:ca:2b:98  30.90.182.58 testuser-66>method=802.1x, server=TEST001, role=Authenticated Update(status 0 method 0 role 16), reauth=1800 sec
<54>May 26 09:55:24 SymantecServer symantec.endpoint.ibm.lab: Potential risk found,Computer name: COMP-1089936,Detection type: Heuristic,Application name: (Unknown),Application type: Trojan Worm,Application version: ,Hash type: SHA-1,Application hash: 72c874f212a18944ff56f774bfe7252346b93f8e,Company name: ,File size (bytes): 301568,Sensitivity: 0,Detection score: 40,Submission recommendation:1,Permitted application reason: 0,Source: Heuristic Scan,Risk name: ,Occurrences: 1,c:\claims\claims32.exe,"",Actual action: Left alone,Requested action: Left alone,Secondary action: Left alone,Event time: 2017-05-26 09:55:24,Inserted:2017-05-26 09:55:24,End:  2017-05-26 09:55:24,Domain: Default,Group: My Company\LTC\Desktops,Server: crasesssmc01,User: testuser-53,Source computer: ,Source IP: 0.0.0.0
<13>May 26 09:55:26 checkpoint.firewall.ibm.lab 26May2017  checkpoint.firewall.ibm.lab product: martDefense; src: 15.83.16.235; s_port: ; dst: 59.96.93.29; service: ; proto: udp; rule: ;Attack Info: Response packet too long, potential buffer overflow;Suppressed logs: 5;Total logs: 6;__policy_id_tag: product=VPN-1 & FireWall-1[db_tag={321A4EE6-7DEA-11DD-BFAA-C0A832822626};mgmt=fwmngt05;date=1220908070;policy_name=KillerWhale_gbl];alert: alert;attack: Invalid DNS;has_accounting: 0;i/f_dir: inbound;
<33>May 26 09:55:27 threecom.switch.ibm.lab %May 26 09:55:27 2017 S9500 VTY/5/VTY_LOG:  TELNET user failed to login from 15.83.16.235(000D-88F6-60E0) on VTY0.
<179>May 26 09:55:29 apache.httpd.ibm.lab httpd[5570]: [ID 702911 local6.error] [error] [client 202.207.224.25] Certificate Verification: Error (10): certificate has expired
<157>May 26 09:55:30 microsoft.event.ibm.lab MSWinEventLog	4	Security	60703	Fri May 26 09:55:30 2017	552	Security	NETWORK SERVICE	Well Known Group	Success Audit	testuser-1	Logon/Logoff		Logon attempt using explicit credentials: Logged on user:  User Name: NETWORK SERVICE  Domain: NT AUTHORITY  Logon ID: (0x0,0x978121)  Logon GUID: -  User whose credentials were used:  Target User Name: testuser-1  Target Domain: us.ibm.com Target Logon GUID: -  Target Server Name: localhost  Target Server Info: localhost  Caller Process ID: 816519  Source Network Address: -  Source Port: - 	56794
<182>May 26 09:55:32 apache.httpd.ibm.lab httpd: 179.174.48.208 34.102.133.154 - - [26/May/2017:09:55:32 -0500] "TRACE / HTTP/1.0" 403 443 272
<13>May 26 09:55:33 checkpoint.firewall.ibm.lab 26May2017  checkpoint.firewall.ibm.lab product: SmartDefense; src: 83.87.204.105; s_port: ; dst: 50.221.118.53; service: ; proto: udp; rule: ;Attack Info: Out-of-state DNS reply;Suppressed logs: 143;Total logs: 144;__policy_id_tag: product=VPN-1 & FireWall-1[db_tag={321A4EE6-7DEA-11DD-BFAA-C0A832822626};mgmt=fwmngt05;date=1220908070;policy_name=KillerWhale_gbl];alert: alert;attack: Invalid DNS;has_accounting: 0;i/f_dir: inbound;
<33>May 26 09:55:35 threecom.switch.ibm.lab %May 26 09:55:35 2017 S9500 FTPS/5/USEROUT: User testuser-8(113.146.67.20) logged out
<182>May 26 09:55:37 apache.httpd.ibm.lab httpd: 30.90.182.58 36.206.143.15 - - [26/May/2017:09:55:37 -0500] "POST /test.php?doing_test=123 HTTP/1.0" 404 80 282
<129>May 26 09:55:38 barracuda.firewall.ibm.lab WF ALER METACHARACTER_IN_PARAMETER 15.83.16.235 62552 146.219.181.119 443 security-policy GLOBAL DENY NONE [token="%00 " Parameter="article" value="../../../../../../../../etc/passwd"] GET 146.219.181.119/talkback.cgi?article=../../../../../../../../etc/passwd%00&action=view&matchview=1 HTTPS "-" ""-"" 146.219.181.119 62552 "-" "-"
<54>May 26 09:55:40 SymantecServer symantec.endpoint.ibm.lab: DCA-EMAPROJ2,Allowed,"C:\Program Files\Common Files\Symantec Shared\ccSvcHst.exe",,Begin: 2017-05-26 09:55:40,End:2017-05-26 09:55:40,Rule: ,2528,C:/Program Files/Microsoft Virtual Server/vmh.exe,0,,C:/ProgramFiles/Common Files/Symantec Shared/ccSvcHst.exe,User: rogueUser-4,Domain: US
<13>May 26 09:55:41 checkpoint.firewall.ibm.lab 26May2017 reject checkpoint.firewall.ibm.lab product: VPN-1 & FireWall-1; src: 120.171.20.155; s_port: 56030; dst: 12.45.226.224; service: 113; proto: tcp; rule: 14;SmartDefense profile: Default_Protection;__policy_id_tag: product=VPN-1 & FireWall-1[db_tag={25E5B8F6-79E7-11DD-941A-C0A832D00C0C};mgmt=fwmngt-wuv;date=1220466957;policy_name=rhino_gbl];has_accounting: 0;i/f_dir: inbound;i/f_name: eth-s2/s1p1c0;rule_uid: {9C96B325-D976-4A30-8685-9ED61018A6E7};service_id: gident;
<13>May 26 09:55:43 microsoft.sec.ibm.lab AgentDevice=WindowsLog	AgentLogFile=Security	Source=Security	Computer=COMP-testuser-67	User=testuser-67	Domain=	EventID=673	EventIDCode=673	EventType=8	EventCategory=9	RecordNumber=19774	TimeGenerated=1495806943	TimeWritten=1495806943	Message=Service Ticket Request:  User Name: testuser-67@us.ibm.com User Domain: us.ibm.com Service Name: MAIL$  Service ID: %{S-3-2-1-5B3E90} Ticket Options:  0x40810000   Ticket Encryption Type: 0x17 Client Address: 120.171.20.155 Failure Code: - LogonGUID: {5B3E90-f005ba11-ba5eba11} Transited Services: - 
<25>May 26 09:55:44 ambiron.ipangel.ibm.lab ipangel-ips: [2017-05-26 09:55:44-05] alert [Priority: 9] [116:46:1] [(snort_decoder) WARNING: TCP Data Offset is less than 5!] 179.174.48.208:59075 TCP 193.56.240.38:80 br0
<129>May 26 09:55:46 barracuda.firewall.ibm.lab WF ALER SLASH_DOT_IN_URL 30.90.182.58 59657 216.191.110.173 443 security-policy GLOBAL DENY NONE ["-"] GET 216.191.110.173/themes/default/css/.htaccess HTTPS "-" ""-"" 216.191.110.173 44428 "-" "-"
<83>May 26 09:55:48 apple.macosx.ibm.lab sshd[5590]: error: PAM: Authentication failure for illegal user testuser-64 from 59.201.124.147<54>May 26 09:55:49 SymantecServer symantec.endpoint.ibm.lab: Potential risk found,Computer name: COMP-1094116,Detection type: Heuristic,Application name: (Unknown),Application type: Trojan Worm,Application version: ,Hash type: SHA-1,Application hash: 72c874f212a18944ff56f774bfe7252346b93f8e,Company name: ,File size (bytes): 301568,Sensitivity: 0,Detection score: 40,Submission recommendation:1,Permitted application reason: 0,Source: Heuristic Scan,Risk name: ,Occurrences: 1,c:\claims\claims32.exe,"",Actual action: Left alone,Requested action: Left alone,Secondary action: Left alone,Event time: 2017-05-26 09:55:49,Inserted:2017-05-26 09:55:49,End:  2017-05-26 09:55:49,Domain: Default,Group: My Company\LTC\Desktops,Server: crasesssmc01,User: testuser-73,Source computer: ,Source IP: 0.0.0.0
<13>May 26 09:55:51 microsoft.sec.ibm.lab AgentDevice=WindowsLog	AgentLogFile=Security	Source=Security	Computer=COMP-testuser-20	User=testuser-20	Domain=	EventID=529	EventIDCode=529	EventType=16	EventCategory=2	RecordNumber=863421	TimeGenerated=1495806951	TimeWritten=1495806951	Message=Successful Network Logon: User Name: Domain: Logon ID: (0x0,0x1077444) Logon Type: 3 Logon Process: NtLmSsp Authentication Package: NTLM Workstation Name: COMP-testuser-20 Logon GUID: - Caller User Name: - Caller Domain: - Caller Logon ID: - Caller Process ID: - Transited Services: - Source Network Address: 132.146.155.198 Source Port: 0
<86>May 26 09:55:52 apple.macosx.ibm.lab sshd[5590]: Failed password for invalid user testuser-11 from 132.146.155.198 port 58014 ssh2
<83>May 26 09:55:54 apple.macosx.ibm.lab com.apple.SecurityServer: authinternal failed to authenticate user testuser-48.
<190>May 26 09:55:55 arbor.pravail.ibm.lab pravail-aps: Blocked Host: Blocked host 201.150.192.18 10:53 by TCP Connection Reset using TCP/56214 (Unknown) destination 134.221.156.54 source port 443,URL: https://arbornetworks.pravail.test.com/chaos/
<189>May 26 09:55:57 ['9.9.9.9'] authmgr[504]: <NOTI> login <00:1c:bf:ca:2b:98  136.38.97.190 testuser-44>method=802.1x, server=TEST001, role=Authenticated Update(status 0 method 0 role 16), reauth=1800 sec
<182>May 26 09:55:58 apache.httpd.ibm.lab httpd: 212.2.111.4 190.175.27.210 - - [26/May/2017:09:55:58 -0500] "POST /test.php?doing_test=123 HTTP/1.0" 404 80 282
<189>May 26 09:56:00 ['9.9.9.9'] authmgr[504]: <NOTI> login <00:1c:bf:ca:2b:98  165.11.95.213 testuser-92>method=802.1x, server=TEST001, role=Authenticated Update(status 0 method 0 role 16), reauth=1800 sec
<190>May 26 09:56:02 arbor.pravail.ibm.lab pravail-aps: Blocked Host: Blocked host 30.90.182.58 at 10:53 by Malformed HTTP Filtering using TCP/80 (HTTP) destination 222.173.237.28 source port 62063,URL: https://arbornetworks.pravail.test.com/chaos/
<33>May 26 09:56:03 threecom.switch.ibm.lab %May 26 09:56:03 2017 S9500 VTY/5/VTY_LOG:  TELNET user failed to login from 202.207.224.25(000D-88F6-60E0) on VTY0.
<26>May 26 09:56:05 ambiron.ipangel.ibm.lab ipangel-ips: [2017-05-26 09:56:05-05] alert [Priority: 9] [119:14:1] [(http_inspect) NON-RFC DEFINED CHAR] 212.2.111.4:60469 TCP 153.5.198.119:80 br0
<13>May 26 09:56:06 microsoft.sec.ibm.lab AgentDevice=WindowsLog	AgentLogFile=Security	Source=Security	Computer=COMP-testuser-76	User=testuser-76	Domain=	EventID=540	EventIDCode=540	EventType=8	EventCategory=2	RecordNumber=661142	TimeGenerated=1495806966	TimeWritten=1495806966	Message=Successful Network Logon: User Name: Domain: Logon ID: (0x0,0x1100401) Logon Type: 3 Logon Process: NtLmSsp Authentication Package: NTLM Workstation Name: COMP-testuser-76 Logon GUID: - Caller User Name: - Caller Domain: - Caller Logon ID: - Caller Process ID: - Transited Services: - Source Network Address: 120.171.20.155 Source Port: 0
<14>May 26 09:56:08 Message forwarded from aix.ibm.lab: ftp[random_number_1_to_999999]: ftp: EXPORT user testuser-38, host 27.13.152.217, local test_script.sh, remote test_script.sh.
<38>May 26 09:56:09 sshd[180004]: Failed password for invalid user testuser-93 from 30.90.182.58 port 57327 ssh2
<28>May 26 09:56:11 Message forwarded from aix.ibm.lab: rshd[random_number_1_to_999999]: Failed rsh authentication from 9.135.38.229 for local user root via remote user testuser-100
<189>May 26 09:56:13 ['9.9.9.9'] authmgr[504]: <NOTI> login <00:1c:bf:ca:2b:98  189.6.147.68 testuser-4>method=802.1x, server=TEST001, role=Authenticated Update(status 0 method 0 role 16), reauth=1800 sec
<54>May 26 09:56:14 SymantecServer symantec.endpoint.ibm.lab: Commercial application detected,Computer name: COMP-1119364,Detection type: Commercial,Application name: DameWare Development DWRCS,Application type: Remote Control,Application version: 5\~ 5\~ 0\~ 0,Hash type: SHA-1,Application hash: 4670d9eeeab7449788be3b18e9364ef0088b900e,Company name: DameWare Development LLC,File size (bytes): 208896,Sensitivity: 0,Detection score: 1,Submission recommendation: 0,Permitted application reason: 0,Source: Heuristic Scan,Risk name:  ,Occurrences: 1,DWMRCS,"DWMRCS",Actual action: Left alone,Requested action: Left alone,Secondary action: Commercial application detection,Event time: 2017-05-26 09:56:14,Inserted: 2017-05-26 09:56:14,End: 2017-05-26 09:56:14,Domain: Default,Group: My Company	est,Server: testbox,User: rogueUser-4,Source computer:  ,Source IP: 0.0.0.0
<33>May 26 09:56:16 threecom.switch.ibm.lab %May 26 09:56:16 2017 S9500 PORTAL/5/PT_LOG: Online user 125.83.117.185 changes to 9.253.153.33, we will cut it off as using traffic-acct.
<33>May 26 09:56:17 threecom.switch.ibm.lab %May 26 09:56:17 2017 S9500 AAA/2/Serious error!: User testuser-38, in ACM send msg to SC failed! Returns 1 srcID 6 msgType 16384.
<182>May 26 09:56:19 apache.httpd.ibm.lab httpd: 136.38.97.190 20.59.245.179 - - [26/May/2017:09:56:19 -0500] "POST /test.php?doing_test=123 HTTP/1.0" 404 80 282
<13>May 26 09:56:20 checkpoint.firewall.ibm.lab 26May2017 drop checkpoint.firewall.ibm.lab product: SmartDefense; src: 79.186.10.120; s_port: 53476; dst: 78.91.41.231; service: 443; proto: tcp; rule: 392;Attack Info: TCP segment out of maximum allowed sequence. Packet dropped.;Confidence Level: 0;Performance Impact: 0;Protection Name: TCP Segment Limit Enforcement;Protection Type: settings_tcp;Severity: 0;SmartDefense Profile: Boticario_DMZ_Protection;__policy_id_tag: product=VPN-1 & FireWall-1[db_tag={E94ECB65-34C0-4740-9634-761E1604C8BC};mgmt=SJP1PLNX036-DMZ;date=1424714440;policy_name=DMZ];attack: Streaming Engine: TCP Segment Limit Enforcement;has_accounting: 0;i/f_dir: inbound;i/f_name: eth2-01.2809;origin_sic_name: CN=TEST-DMZ1,O=log_server_hostname;protection_id: tcp_segment_limit;rule_uid: {499DBB08-D262-4D9F-B639-5337A7B36E59};snid: 7572c682;src_machine_name: COMP-testuser-73;src_user_name: testuser-73 ;user: testuser-73 ;
<13>May 26 09:56:22 microsoft.sec.ibm.lab AgentDevice=WindowsLog	AgentLogFile=Security	Source=Security	Computer=COMP-testuser-39	User=testuser-39	Domain=	EventID=672	EventIDCode=672	EventType=8	EventCategory=9	RecordNumber=544299	TimeGenerated=1495806982	TimeWritten=1495806982	Message=Authentication Ticket Request: User Name: testuser-39 Supplied Realm Name: us.ibm.com User ID: %{S-1-2-3-1098304} Service Name: krbtgt Service ID: %{S-3-2-1-B36493} Ticket Options: 0x40810010 Result Code: - Ticket Encryption Type: 0x17 Pre-Authentication Type: 2 Client Address: 30.90.182.58 Certificate Issuer Name:  Certificate Serial Number:  Certificate Thumbprint: 
<83>May 26 09:56:24 apple.macosx.ibm.lab com.apple.SecurityServer: authinternal failed to authenticate user testuser-64.
<33>May 26 09:56:25 threecom.switch.ibm.lab %May 26 09:56:25 2017 S9500 FTPS/5/USERIN: User testuser-72(218.111.178.29) login succeeded
<38>May 26 09:56:27 sshd[313886]: Failed password for invalid user testuser-20 from 147.253.251.242 port 55298 ssh2
<182>May 26 09:56:28 apache.httpd.ibm.lab httpd: 201.150.192.18 87.92.8.64 - - [26/May/2017:09:56:28 -0500] "TRACE / HTTP/1.0" 403 443 272
<83>May 26 09:56:30 apple.macosx.ibm.lab sshd[5590]: error: PAM: Authentication failure for illegal user testuser-63 from 92.199.190.171<28>May 26 09:56:31 Message forwarded from aix.ibm.lab: rshd[random_number_1_to_999999]: Failed rsh authentication from 173.235.4.254 for local user root via remote user testuser-36
<182>May 26 09:56:33 apache.httpd.ibm.lab httpd: 79.186.10.120 89.174.242.174 - - [26/May/2017:09:56:33 -0500] "HEAD / HTTP/1.1" 200 443 -
<13>May 26 09:56:34 microsoft.sec.ibm.lab AgentDevice=WindowsLog	AgentLogFile=Security	Source=Security	Computer=COMP-testuser-29	User=testuser-29	Domain=	EventID=680	EventIDCode=680	EventType=16	EventCategory=9	RecordNumber=164995	TimeGenerated=1495806994	TimeWritten=1495806994	Message=Logon attempt by: MICROSOFT_AUTHENTICATION_PACKAGE_V1_0 Logon account: testuser-29 Source Workstation: COMP-testuser-29 Error Code: 0x0 
<33>May 26 09:56:36 threecom.switch.ibm.lab %May 26 09:56:36 2017 S9500 FTPS/5/USERIN: User testuser-49(120.171.20.155) login succeeded
<179>May 26 09:56:38 apache.httpd.ibm.lab httpd[5570]: [ID 702911 local6.error] [error] [client 79.186.10.120] Certificate Verification: Error (10): certificate has expired
<133>May 26 09:56:39 microsoft.event.ibm.lab MSWinEventLog 1 Security 102757633 Fri May 26 09:56:39 2017 4907 Microsoft-Windows-Security-Auditing N/A N/A Success Audit testuser-12 Audit Policy Change Auditing settings on object were changed. Subject: Security ID: S-1-5-18 Account Name: testuser-12 Account Domain: us.ibm.com Logon ID: 0x1079521 Object: Object Server: Security Object Type: File Object Name: \Windows\winsxs\test.wav Handle ID: 0x3a8 Process Information: Process ID: 0x6FC8ED Process Name: C:\Windows\System32\wbengine.exe Auditing Settings: Original Security Descriptor: S:AI(AU;A;;WD) New Security Descriptor: S:ARAI(AU;SAFA;;;;WD)(AU;IDFA;B;;;WD) 70523
<86>May 26 09:56:41 apple.macosx.ibm.lab sshd[5590]: Failed password for invalid user testuser-59 from 158.46.103.169 port 63843 ssh2
<190>May 26 09:56:42 arbor.pravail.ibm.lab pravail-aps: Blocked Host: Blocked host 51.18.44.104 at 10:53 by Malformed HTTP Filtering using TCP/80 (HTTP) destination 128.235.229.19 source port 56713,URL: https://arbornetworks.pravail.test.com/chaos/
<25>May 26 09:56:44 ambiron.ipangel.ibm.lab ipangel-ips: [2017-05-26 09:56:44-05] alert [Priority: 9] [116:46:1] [(snort_decoder) WARNING: TCP Data Offset is less than 5!] 202.207.224.25:51195 TCP 45.144.131.85:80 br0
<33>May 26 09:56:45 threecom.switch.ibm.lab %May 26 09:56:45 2017 S9500 FTPS/5/USERIN: User testuser-49(120.171.20.155) login succeeded
<129>May 26 09:56:47 barracuda.firewall.ibm.lab WF ALER METACHARACTER_IN_PARAMETER 16.74.199.104 50304 223.74.124.189 443 security-policy GLOBAL DENY NONE [token="%00 " Parameter="article" value="../../../../../../../../etc/passwd"] GET 223.74.124.189/talkback.cgi?article=../../../../../../../../etc/passwd%00&action=view&matchview=1 HTTPS "-" ""-"" 223.74.124.189 50304 "-" "-"
<33>May 26 09:56:49 threecom.switch.ibm.lab %May 26 09:56:49 2017 S9500 RTA/3/Failed to get user traffic: Failed to get traffic of user 16.74.199.104 on board 6
<83>May 26 09:56:50 apple.macosx.ibm.lab sshd[5590]: error: PAM: Authentication failure for illegal user testuser-93 from 22.169.8.123<54>May 26 09:56:52 SymantecServer symantec.endpoint.ibm.lab: testbox-abc,[SID: 21590] P2P Edonkey Ping Message detected.  Traffic has been allowed from this application: C:\Program Files\easyMule\emule.exe,Local: 125.83.117.185,Local: 00218696B978,Remote: ,Remote: 66.105.34.113,Remote: 000000000000,Outbound,OTHERS,Intrusion ID: 0,Begin: 2017-05-26 09:56:52,End: 2017-05-26 09:56:52,Occurrences: 1,Application: C:/Program Files/easyMule/emule.exe,Location: Default,User: testuser-41,Domain: us.ibm.com
<13>May 26 09:56:53 checkpoint.firewall.ibm.lab 26May2017  checkpoint.firewall.ibm.lab product: SmartDefense; src: 165.11.95.213; s_port: ; dst: 223.35.60.58; service: ; proto: udp; rule: ;Attack Info: Out-of-state DNS reply;Suppressed logs: 143;Total logs: 144;__policy_id_tag: product=VPN-1 & FireWall-1[db_tag={321A4EE6-7DEA-11DD-BFAA-C0A832822626};mgmt=fwmngt05;date=1220908070;policy_name=KillerWhale_gbl];alert: alert;attack: Invalid DNS;has_accounting: 0;i/f_dir: inbound;
<182>May 26 09:56:55 apache.httpd.ibm.lab httpd: 154.102.244.170 174.173.216.253 - - [26/May/2017:09:56:55 -0500] "OPTIONS /cgi-bin/index.php HTTP/1.1" 200 443 -
<129>May 26 09:56:56 barracuda.firewall.ibm.lab WF ALER SLASH_DOT_IN_URL 30.90.182.58 58036 40.249.26.107 443 security-policy GLOBAL DENY NONE ["-"] GET 40.249.26.107/themes/default/css/.htaccess HTTPS "-" ""-"" 40.249.26.107 44428 "-" "-"
<33>May 26 09:56:58 threecom.switch.ibm.lab %May 26 09:56:58 2017 S9500 RTA/3/Failed to get user traffic: Failed to get traffic of user 136.38.97.190 on board 6
<157>May 26 09:57:00 microsoft.event.ibm.lab MSWinEventLog	4	Security	60703	Fri May 26 09:57:00 2017	552	Security	NETWORK SERVICE	Well Known Group	Success Audit	testuser-11	Logon/Logoff		Logon attempt using explicit credentials: Logged on user:  User Name: NETWORK SERVICE  Domain: NT AUTHORITY  Logon ID: (0x0,0x1077444)  Logon GUID: -  User whose credentials were used:  Target User Name: testuser-11  Target Domain: us.ibm.com Target Logon GUID: -  Target Server Name: localhost  Target Server Info: localhost  Caller Process ID: 383761  Source Network Address: -  Source Port: - 	56794
<133>May 26 09:57:01 microsoft.event.ibm.lab MSWinEventLog 1 Security 102757633 Fri May 26 09:57:01 2017 4907 Microsoft-Windows-Security-Auditing N/A N/A Success Audit testuser-55 Audit Policy Change Auditing settings on object were changed. Subject: Security ID: S-1-5-18 Account Name: testuser-55 Account Domain: us.ibm.com Logon ID: 0x1094116 Object: Object Server: Security Object Type: File Object Name: \Windows\winsxs\test.wav Handle ID: 0x3a8 Process Information: Process ID: 0xC151AC Process Name: C:\Windows\System32\wbengine.exe Auditing Settings: Original Security Descriptor: S:AI(AU;A;;WD) New Security Descriptor: S:ARAI(AU;SAFA;;;;WD)(AU;IDFA;B;;;WD) 993029
<33>May 26 09:57:03 threecom.switch.ibm.lab %May 26 09:57:03 2017 S9500 RTA/3/Failed to start accounting: Failed to start traffic accounting for user 212.2.111.4 on board 6
<38>May 26 09:57:04 sshd[random_number_1_to_999999]: Accepted keyboard-interactive/pam for testuser-12 from 202.207.224.25 port 53990 ssh2
<34>May 26 09:57:04 Message forwarded from aix.ibm.lab: su: BAD SU from testuser-12 to root at /dev/pts/3
<33>May 26 09:57:06 threecom.switch.ibm.lab %May 26 09:57:06 2017 S9500 FTPS/5/USERIN: User testuser-17(136.38.97.190) login succeeded
<157>May 26 09:57:07 microsoft.event.ibm.lab MSWinEventLog	4	Security	60703	Fri May 26 09:57:07 2017	552	Security	NETWORK SERVICE	Well Known Group	Success Audit	testuser-86	Logon/Logoff		Logon attempt using explicit credentials: Logged on user:  User Name: NETWORK SERVICE  Domain: NT AUTHORITY  Logon ID: (0x0,0x1102500)  Logon GUID: -  User whose credentials were used:  Target User Name: testuser-86  Target Domain: us.ibm.com Target Logon GUID: -  Target Server Name: localhost  Target Server Info: localhost  Caller Process ID: 501653  Source Network Address: -  Source Port: - 	56794
<182>May 26 09:57:09 apache.httpd.ibm.lab httpd: 165.11.95.213 38.101.249.155 - - [26/May/2017:09:57:09 -0500] "HEAD / HTTP/1.1" 200 443 -
<28>May 26 09:57:10 Message forwarded from aix.ibm.lab: rshd[random_number_1_to_999999]: Failed rsh authentication from 165.11.95.213 for local user root via remote user testuser-29
<33>May 26 09:57:12 threecom.switch.ibm.lab %May 26 09:57:12 2017 S9500 FTPS/5/USEROUT: User testuser-99(154.102.244.170) logged out
<189>May 26 09:57:14 ['9.9.9.9'] authmgr[504]: <NOTI> login <00:1c:bf:ca:2b:98  218.111.178.29 testuser-72>method=802.1x, server=TEST001, role=Authenticated Update(status 0 method 0 role 16), reauth=1800 sec
<13>May 26 09:57:15 microsoft.sec.ibm.lab AgentDevice=WindowsLog	AgentLogFile=Security	Source=Security	Computer=COMP-testuser-25	User=testuser-25	Domain=	EventID=672	EventIDCode=672	EventType=16	EventCategory=9	RecordNumber=537202	TimeGenerated=1495807035	TimeWritten=1495807035	Message=Authentication Ticket Request: User Name: testuser-25 Supplied Realm Name: us.ibm.com User ID: %{S-1-2-3-1087849} Service Name: krbtgt Service ID: %{S-3-2-1-1881EC} Ticket Options: 0x40810010 Result Code: - Ticket Encryption Type: 0x17 Pre-Authentication Type: 2 Client Address: 145.162.90.90 Certificate Issuer Name:  Certificate Serial Number:  Certificate Thumbprint: 
<182>May 26 09:57:17 apache.httpd.ibm.lab httpd: 20.135.51.253 135.133.38.120 - - [26/May/2017:09:57:17 -0500] "OPTIONS /cgi-bin/index.php HTTP/1.1" 200 443 -
