<27>May 26 10:11:58 ambiron.ipangel.ibm.lab ipangel-ips: [2017-05-26 10:11:58-05] alert [Priority: 9] [119:2:1] [(http_inspect) DOUBLE DECODING ATTACK] 125.83.117.185:62669 TCP 19.132.102.145:80 br0
<54>May 26 10:12:00 SymantecServer symantec.endpoint.ibm.lab: testbox-abc,[SID: 21590] P2P Edonkey Ping Message detected.  Traffic has been allowed from this application: C:\Program Files\easyMule\emule.exe,Local: 136.38.97.190,Local: 00218696B978,Remote: ,Remote: 176.1.75.11,Remote: 000000000000,Outbound,OTHERS,Intrusion ID: 0,Begin: 2017-05-26 10:12:00,End: 2017-05-26 10:12:00,Occurrences: 1,Application: C:/Program Files/easyMule/emule.exe,Location: Default,User: testuser-80,Domain: us.ibm.com
<54>May 26 10:12:01 SymantecServer symantec.endpoint.ibm.lab: Commercial application detected,Computer name: COMP-1096209,Detection type: Commercial,Application name: DameWare Development DWRCS,Application type: Remote Control,Application version: 5\~ 5\~ 0\~ 0,Hash type: SHA-1,Application hash: 4670d9eeeab7449788be3b18e9364ef0088b900e,Company name: DameWare Development LLC,File size (bytes): 208896,Sensitivity: 0,Detection score: 1,Submission recommendation: 0,Permitted application reason: 0,Source: Heuristic Scan,Risk name:  ,Occurrences: 1,DWMRCS,"DWMRCS",Actual action: Left alone,Requested action: Left alone,Secondary action: Commercial application detection,Event time: 2017-05-26 10:12:01,Inserted: 2017-05-26 10:12:01,End: 2017-05-26 10:12:01,Domain: Default,Group: My Company	est,Server: testbox,User: testuser-74,Source computer:  ,Source IP: 0.0.0.0
<182>May 26 10:12:03 apache.httpd.ibm.lab httpd: 56.219.18.103 44.110.241.43 - - [26/May/2017:10:12:03 -0500] "POST /test.php?doing_test=123 HTTP/1.0" 404 80 282
<33>May 26 10:12:04 threecom.switch.ibm.lab %May 26 10:12:04 2017 S9500 RTA/3/Failed to get user traffic: Failed to get traffic of user 83.87.204.105 on board 6
<190>May 26 10:12:06 arbor.pravail.ibm.lab pravail-aps: Blocked Host: Blocked host 79.186.10.120 at 10:52 by Invalid Packets using TCP/0 (Unknown) destination 131.72.242.102,URL: https://arbornetworks.pravail.test.com/chaos/
<182>May 26 10:12:07 apache.httpd.ibm.lab httpd: 33.195.94.29 185.176.55.14 - - [26/May/2017:10:12:07 -0500] "HEAD / HTTP/1.1" 200 443 -
<27>May 26 10:12:09 ambiron.ipangel.ibm.lab ipangel-ips: [2017-05-26 10:12:09-05] alert [Priority: 9] [119:2:1] [(http_inspect) DOUBLE DECODING ATTACK] 16.74.199.104:61201 TCP 92.242.207.20:80 br0
<54>May 26 10:12:10 SymantecServer symantec.endpoint.ibm.lab: Potential risk found,Computer name: COMP-1094116,Detection type: Heuristic,Application name: (Unknown),Application type: Trojan Worm,Application version: ,Hash type: SHA-1,Application hash: 72c874f212a18944ff56f774bfe7252346b93f8e,Company name: ,File size (bytes): 301568,Sensitivity: 0,Detection score: 40,Submission recommendation:1,Permitted application reason: 0,Source: Heuristic Scan,Risk name: ,Occurrences: 1,c:\claims\claims32.exe,"",Actual action: Left alone,Requested action: Left alone,Secondary action: Left alone,Event time: 2017-05-26 10:12:10,Inserted:2017-05-26 10:12:10,End:  2017-05-26 10:12:10,Domain: Default,Group: My Company\LTC\Desktops,Server: crasesssmc01,User: testuser-37,Source computer: ,Source IP: 0.0.0.0
<86>May 26 10:12:12 apple.macosx.ibm.lab sshd[5590]: Failed password for invalid user testuser-5 from 167.227.124.53 port 55998 ssh2
<129>May 26 10:12:14 barracuda.firewall.ibm.lab WF ALER METHOD_NOT_ALLOWED 154.102.244.170 64932 139.204.190.253 80 security-policy GLOBAL DENY NONE [Method="ABCD"] ABCD 139.204.190.253/ HTTP "-" ""-"" 139.204.190.253 48536 "-" "-"
<54>May 26 10:12:15 SymantecServer symantec.endpoint.ibm.lab: DCA-EMAPROJ2,Allowed,"C:\Program Files\Common Files\Symantec Shared\ccSvcHst.exe",,Begin: 2017-05-26 10:12:15,End:2017-05-26 10:12:15,Rule: ,2528,C:/Program Files/Microsoft Virtual Server/vmh.exe,0,,C:/ProgramFiles/Common Files/Symantec Shared/ccSvcHst.exe,User: testuser-25,Domain: US
<190>May 26 10:12:17 arbor.pravail.ibm.lab pravail-aps: Blocked Host: Blocked host 125.83.117.185 at 10:53 by Malformed HTTP Filtering using TCP/80 (HTTP) destination 199.82.226.192 source port 50068,URL: https://arbornetworks.pravail.test.com/chaos/
<54>May 26 10:12:18 SymantecServer symantec.endpoint.ibm.lab: Security risk found,Computer name: COMP-1092025,Source: Scheduled Scan,Risk name: VirusDoctor,Occurrences: 1,c:/System Volume Information/_restore{A3F5C2A3-F289-4356-B021-1FEFEFB73CBD}/RP243/A0070465.exe,"",Actual action: Quarantined,Requested action: Quarantined,Secondary action: Left alone,Event time: 2017-05-26 10:12:18,Inserted:2017-05-26 10:12:18,End: 2017-05-26 10:12:18,Domain: Default,Group: My Company	est,Server: avp1,User: testuser-36,Source computer:  ,Source IP: 0.0.0.0
<129>May 26 10:12:20 barracuda.firewall.ibm.lab WF ALER CROSS_SITE_SCRIPTING_IN_PARAM 132.146.155.198 61269 193.116.162.55 443 security-policy GLOBAL DENY NONE [type="cross-site-scripting" pattern="script-tag" token="<script>" Parameter="url" value="<script>alert(5341)</script>"] GET 193.116.162.55/redirect.asp?url=<script>alert(5341)</script> HTTPS "-" ""-"" 193.116.162.55 59845 "-" "-"
<26>May 26 10:12:21 ambiron.ipangel.ibm.lab ipangel-ips: [2017-05-26 10:12:21-05] alert [Priority: 9] [119:14:1] [(http_inspect) NON-RFC DEFINED CHAR] 51.18.44.104:61348 TCP 199.68.131.33:80 br0
<190>May 26 10:12:23 arbor.pravail.ibm.lab pravail-aps: Blocked Host: Blocked host 51.18.44.104 10:53 by TCP Connection Reset using TCP/50895 (Unknown) destination 82.140.157.219 source port 443,URL: https://arbornetworks.pravail.test.com/chaos/
<33>May 26 10:12:25 threecom.switch.ibm.lab %May 26 10:12:25 2017 S9500 RTA/3/Failed to get user traffic: Failed to get traffic of user 132.146.155.198 on board 6
<38>May 26 10:12:26 sshd[311732]: Invalid user testuser-21 from 115.230.220.56
<33>May 26 10:12:28 threecom.switch.ibm.lab %May 26 10:12:28 2017 S9500 AAA/2/Serious error!: User testuser-39, in ACM send msg to SC failed! Returns 1 srcID 6 msgType 16384.
<13>May 26 10:12:29 checkpoint.firewall.ibm.lab 26May2017  checkpoint.firewall.ibm.lab product: SmartDefense; src: 128.234.158.118; s_port: ; dst: 175.115.184.245; service: ; proto: udp; rule: ;Attack Info: Out-of-state DNS reply;Suppressed logs: 143;Total logs: 144;__policy_id_tag: product=VPN-1 & FireWall-1[db_tag={321A4EE6-7DEA-11DD-BFAA-C0A832822626};mgmt=fwmngt05;date=1220908070;policy_name=KillerWhale_gbl];alert: alert;attack: Invalid DNS;has_accounting: 0;i/f_dir: inbound;
<13>May 26 10:12:31 microsoft.sec.ibm.lab AgentDevice=WindowsLog	AgentLogFile=Security	Source=Security	Computer=COMP-testuser-9	User=testuser-9	Domain=	EventID=680	EventIDCode=680	EventType=16	EventCategory=9	RecordNumber=438747	TimeGenerated=1495807951	TimeWritten=1495807951	Message=Logon attempt by: MICROSOFT_AUTHENTICATION_PACKAGE_V1_0 Logon account: testuser-9 Source Workstation: COMP-testuser-9 Error Code: 0x0 
<133>May 26 10:12:32 microsoft.event.ibm.lab MSWinEventLog 1 Security 102757633 Fri May 26 10:12:32 2017 4907 Microsoft-Windows-Security-Auditing N/A N/A Success Audit testuser-95 Audit Policy Change Auditing settings on object were changed. Subject: Security ID: S-1-5-18 Account Name: testuser-95 Account Domain: us.ibm.com Logon ID: 0x1102500 Object: Object Server: Security Object Type: File Object Name: \Windows\winsxs\test.wav Handle ID: 0x3a8 Process Information: Process ID: 0xE8359A Process Name: C:\Windows\System32\wbengine.exe Auditing Settings: Original Security Descriptor: S:AI(AU;A;;WD) New Security Descriptor: S:ARAI(AU;SAFA;;;;WD)(AU;IDFA;B;;;WD) 670744
<54>May 26 10:12:34 SymantecServer symantec.endpoint.ibm.lab: Commercial application detected,Computer name: COMP-1117249,Detection type: Commercial,Application name: DameWare Development DWRCS,Application type: Remote Control,Application version: 5\~ 5\~ 0\~ 0,Hash type: SHA-1,Application hash: 4670d9eeeab7449788be3b18e9364ef0088b900e,Company name: DameWare Development LLC,File size (bytes): 208896,Sensitivity: 0,Detection score: 1,Submission recommendation: 0,Permitted application reason: 0,Source: Heuristic Scan,Risk name:  ,Occurrences: 1,DWMRCS,"DWMRCS",Actual action: Left alone,Requested action: Left alone,Secondary action: Commercial application detection,Event time: 2017-05-26 10:12:34,Inserted: 2017-05-26 10:12:34,End: 2017-05-26 10:12:34,Domain: Default,Group: My Company	est,Server: testbox,User: rogueUser-3,Source computer:  ,Source IP: 0.0.0.0
<157>May 26 10:12:36 microsoft.event.ibm.lab MSWinEventLog	4	Security	60703	Fri May 26 10:12:36 2017	552	Security	NETWORK SERVICE	Well Known Group	Success Audit	testuser-27	Logon/Logoff		Logon attempt using explicit credentials: Logged on user:  User Name: NETWORK SERVICE  Domain: NT AUTHORITY  Logon ID: (0x0,0x1092025)  Logon GUID: -  User whose credentials were used:  Target User Name: testuser-27  Target Domain: us.ibm.com Target Logon GUID: -  Target Server Name: localhost  Target Server Info: localhost  Caller Process ID: 890587  Source Network Address: -  Source Port: - 	56794
<133>May 26 10:12:37 microsoft.event.ibm.lab MSWinEventLog 1 Security 102757633 Fri May 26 10:12:37 2017 4907 Microsoft-Windows-Security-Auditing N/A N/A Success Audit testuser-9 Audit Policy Change Auditing settings on object were changed. Subject: Security ID: S-1-5-18 Account Name: testuser-9 Account Domain: us.ibm.com Logon ID: 0x994009 Object: Object Server: Security Object Type: File Object Name: \Windows\winsxs\test.wav Handle ID: 0x3a8 Process Information: Process ID: 0x9807F2 Process Name: C:\Windows\System32\wbengine.exe Auditing Settings: Original Security Descriptor: S:AI(AU;A;;WD) New Security Descriptor: S:ARAI(AU;SAFA;;;;WD)(AU;IDFA;B;;;WD) 56640
<190>May 26 10:12:39 arbor.pravail.ibm.lab pravail-aps: Blocked Host: Blocked host 137.38.197.140 10:53 by TCP Connection Reset using TCP/49465 (Unknown) destination 189.180.165.189 source port 443,URL: https://arbornetworks.pravail.test.com/chaos/
<54>May 26 10:12:40 SymantecServer symantec.endpoint.ibm.lab: testbox-abc,[SID: 21590] P2P Edonkey Ping Message detected.  Traffic has been allowed from this application: C:\Program Files\easyMule\emule.exe,Local: 79.186.10.120,Local: 00218696B978,Remote: ,Remote: 49.36.36.185,Remote: 000000000000,Outbound,OTHERS,Intrusion ID: 0,Begin: 2017-05-26 10:12:40,End: 2017-05-26 10:12:40,Occurrences: 1,Application: C:/Program Files/easyMule/emule.exe,Location: Default,User: testuser-91,Domain: us.ibm.com
<54>May 26 10:12:42 SymantecServer symantec.endpoint.ibm.lab: CNC2PSY9D1,Allowed,Sysfer exception: .\RegParamEngine.cpp 1152 Failed to read value DeviceInstance from key \Registry\Machine\SYSTEM\CurrentControlSet\Control\DeviceClasses\{53f56307-b6bf-11d0-94f2-00a0c91efb8b}\##?#IDE#DiskWDC_WD800JD-75MSA3______________________10.01E04#5&,Sysfer exception,Begin: 2017-05-26 10:12:42,End: 2017-05-26 10:12:42,Rule: Sysfer exception,3592,C:/Program Files/Cisco Systems/CSAgent/bin/okclient.exe,0,,,User: testuser-83,Domain: US
<157>May 26 10:12:43 microsoft.event.ibm.lab MSWinEventLog	4	Security	60703	Fri May 26 10:12:43 2017	552	Security	NETWORK SERVICE	Well Known Group	Success Audit	testuser-31	Logon/Logoff		Logon attempt using explicit credentials: Logged on user:  User Name: NETWORK SERVICE  Domain: NT AUTHORITY  Logon ID: (0x0,0x1081600)  Logon GUID: -  User whose credentials were used:  Target User Name: testuser-31  Target Domain: us.ibm.com Target Logon GUID: -  Target Server Name: localhost  Target Server Info: localhost  Caller Process ID: 350060  Source Network Address: -  Source Port: - 	56794
<133>May 26 10:12:45 microsoft.event.ibm.lab MSWinEventLog 1 Security 102757633 Fri May 26 10:12:45 2017 4907 Microsoft-Windows-Security-Auditing N/A N/A Success Audit testuser-14 Audit Policy Change Auditing settings on object were changed. Subject: Security ID: S-1-5-18 Account Name: testuser-14 Account Domain: us.ibm.com Logon ID: 0x1083681 Object: Object Server: Security Object Type: File Object Name: \Windows\winsxs\test.wav Handle ID: 0x3a8 Process Information: Process ID: 0x0E9190 Process Name: C:\Windows\System32\wbengine.exe Auditing Settings: Original Security Descriptor: S:AI(AU;A;;WD) New Security Descriptor: S:ARAI(AU;SAFA;;;;WD)(AU;IDFA;B;;;WD) 833487
<54>May 26 10:12:46 SymantecServer symantec.endpoint.ibm.lab: Commercial application detected,Computer name: COMP-1087849,Detection type: Commercial,Application name: DameWare Development DWRCS,Application type: Remote Control,Application version: 5\~ 5\~ 0\~ 0,Hash type: SHA-1,Application hash: 4670d9eeeab7449788be3b18e9364ef0088b900e,Company name: DameWare Development LLC,File size (bytes): 208896,Sensitivity: 0,Detection score: 1,Submission recommendation: 0,Permitted application reason: 0,Source: Heuristic Scan,Risk name:  ,Occurrences: 1,DWMRCS,"DWMRCS",Actual action: Left alone,Requested action: Left alone,Secondary action: Commercial application detection,Event time: 2017-05-26 10:12:46,Inserted: 2017-05-26 10:12:46,End: 2017-05-26 10:12:46,Domain: Default,Group: My Company	est,Server: testbox,User: testuser-16,Source computer:  ,Source IP: 0.0.0.0
<25>May 26 10:12:48 apple.macosx.ibm.lab DirectoryService[51]: Failed Authentication return is being delayed due to over five recent auth failures for username: testuser-95.
<27>May 26 10:12:50 ambiron.ipangel.ibm.lab ipangel-ips: [2017-05-26 10:12:50-05] alert [Priority: 9] [119:2:1] [(http_inspect) DOUBLE DECODING ATTACK] 147.198.103.40:52539 TCP 51.217.140.45:80 br0
<182>May 26 10:12:51 apache.httpd.ibm.lab httpd: 79.186.10.120 56.139.36.190 - - [26/May/2017:10:12:51 -0500] "GET /../../../../../../../../../../../ HTTP/1.1" 400 443 307
<13>May 26 10:12:53 microsoft.sec.ibm.lab AgentDevice=WindowsLog	AgentLogFile=Security	Source=Security	Computer=COMP-testuser-38	User=testuser-38	Domain=	EventID=675	EventIDCode=675	EventType=16	EventCategory=9	RecordNumber=405542	TimeGenerated=1495807973	TimeWritten=1495807973	Message=Pre-authentication failed: User Name: testuser-38 User ID: %{S-1-2-3-1096209} Service Name: krbtgt Pre-Authentication Type: 0x2 Failure Code: 0x18 Client Address: 165.11.95.213 
<54>May 26 10:12:54 SymantecServer symantec.endpoint.ibm.lab: Potential risk found,Computer name: COMP-1089936,Detection type: Heuristic,Application name: (Unknown),Application type: Trojan Worm,Application version: ,Hash type: SHA-1,Application hash: 72c874f212a18944ff56f774bfe7252346b93f8e,Company name: ,File size (bytes): 301568,Sensitivity: 0,Detection score: 40,Submission recommendation:1,Permitted application reason: 0,Source: Heuristic Scan,Risk name: ,Occurrences: 1,c:\claims\claims32.exe,"",Actual action: Left alone,Requested action: Left alone,Secondary action: Left alone,Event time: 2017-05-26 10:12:54,Inserted:2017-05-26 10:12:54,End:  2017-05-26 10:12:54,Domain: Default,Group: My Company\LTC\Desktops,Server: crasesssmc01,User: testuser-35,Source computer: ,Source IP: 0.0.0.0
<157>May 26 10:12:56 microsoft.event.ibm.lab MSWinEventLog	4	Security	60703	Fri May 26 10:12:56 2017	552	Security	NETWORK SERVICE	Well Known Group	Success Audit	rogueUser-4	Logon/Logoff		Logon attempt using explicit credentials: Logged on user:  User Name: NETWORK SERVICE  Domain: NT AUTHORITY  Logon ID: (0x0,0x1119364)  Logon GUID: -  User whose credentials were used:  Target User Name: rogueUser-4  Target Domain: us.ibm.com Target Logon GUID: -  Target Server Name: localhost  Target Server Info: localhost  Caller Process ID: 119816  Source Network Address: -  Source Port: - 	56794
<157>May 26 10:12:57 microsoft.event.ibm.lab MSWinEventLog	4	Security	60703	Fri May 26 10:12:57 2017	552	Security	NETWORK SERVICE	Well Known Group	Success Audit	testuser-83	Logon/Logoff		Logon attempt using explicit credentials: Logged on user:  User Name: NETWORK SERVICE  Domain: NT AUTHORITY  Logon ID: (0x0,0x1096209)  Logon GUID: -  User whose credentials were used:  Target User Name: testuser-83  Target Domain: us.ibm.com Target Logon GUID: -  Target Server Name: localhost  Target Server Info: localhost  Caller Process ID: 36294  Source Network Address: -  Source Port: - 	56794
<189>May 26 10:12:59 ['9.9.9.9'] authmgr[504]: <NOTI> login <00:1c:bf:ca:2b:98  218.111.178.29 testuser-81>method=802.1x, server=TEST001, role=Authenticated Update(status 0 method 0 role 16), reauth=1800 sec
<83>May 26 10:13:01 apple.macosx.ibm.lab com.apple.SecurityServer: authinternal failed to authenticate user testuser-50.
<13>May 26 10:13:02 checkpoint.firewall.ibm.lab 26May2017  checkpoint.firewall.ibm.lab product: SmartDefense; src: 120.171.20.155; s_port: ; dst: 12.174.222.24; service: ; proto: icmp; rule: ;Attack Info: Echo request too big;Suppressed logs: 1;Total logs: 2;__policy_id_tag: product=VPN-1 & FireWall-1[db_tag={B5A7057E-7F61-11DD-AA43-C0A832D12424};mgmt=fwmngt-zentral;date=1221069352;policy_name=Spider_gbl];alert: alert;attack: Large ping;has_accounting: 0;i/f_dir: inbound;
<38>May 26 10:13:04 sshd[474980]: Invalid user testuser-21 from 98.164.87.40
<54>May 26 10:13:05 SymantecServer symantec.endpoint.ibm.lab: Security risk found,Computer name: COMP-1100401,Source: Scheduled Scan,Risk name: VirusDoctor,Occurrences: 1,c:/System Volume Information/_restore{A3F5C2A3-F289-4356-B021-1FEFEFB73CBD}/RP243/A0070465.exe,"",Actual action: Quarantined,Requested action: Quarantined,Secondary action: Left alone,Event time: 2017-05-26 10:13:05,Inserted:2017-05-26 10:13:05,End: 2017-05-26 10:13:05,Domain: Default,Group: My Company	est,Server: avp1,User: testuser-94,Source computer:  ,Source IP: 0.0.0.0
<50>May 26 10:13:07 SymantecServer symantec.endpoint.ibm.lab: testbox-xyz,[SID: 70025] Web Attack: Blackhole Exploit Toolkit 2 attack blocked. Traffic has been blocked for this application: C:\Program Files\Internet Explorer\iexplore.exe,Local: 0.0.0.0,Local: 000000000000,Remote: ,Remote: 0.0.0.0,Remote: 000000000000,Inbound,OTHERS,,Begin: 2017-05-26 10:13:07,End: 2017-05-26 10:13:07,Occurrences: 1,Application: C:/Program Files/Internet Explorer/iexplore.exe,Location: Default,User: testuser-25,Domain: SIMON,!ExternalLoggingTask.localport! 0,!ExternalLoggingTask.remoteport! 0,!ExternalLoggingTask.cidssignid! 70025,!ExternalLoggingTask.strcidssignid! Web Attack: Blackhole Exploit Toolkit 2,!ExternalLoggingTask.cidssignsubid! 0,!ExternalLoggingTask.intrusionurl! http://pppptttt.blah.net/links/came_broadcasting_taking-various.php,!ExternalLoggingTask.intrusionpayloadurl!
<133>May 26 10:13:08 microsoft.event.ibm.lab MSWinEventLog 1 Security 102757633 Fri May 26 10:13:08 2017 4907 Microsoft-Windows-Security-Auditing N/A N/A Success Audit testuser-14 Audit Policy Change Auditing settings on object were changed. Subject: Security ID: S-1-5-18 Account Name: testuser-14 Account Domain: us.ibm.com Logon ID: 0x1083681 Object: Object Server: Security Object Type: File Object Name: \Windows\winsxs\test.wav Handle ID: 0x3a8 Process Information: Process ID: 0x5D8E76 Process Name: C:\Windows\System32\wbengine.exe Auditing Settings: Original Security Descriptor: S:AI(AU;A;;WD) New Security Descriptor: S:ARAI(AU;SAFA;;;;WD)(AU;IDFA;B;;;WD) 862842
<26>May 26 10:13:10 ambiron.ipangel.ibm.lab ipangel-ips: [2017-05-26 10:13:10-05] alert [Priority: 9] [119:14:1] [(http_inspect) NON-RFC DEFINED CHAR] 136.38.97.190:60987 TCP 182.164.252.95:80 br0
<33>May 26 10:13:12 threecom.switch.ibm.lab %May 26 10:13:12 2017 S9500 PORTAL/5/PT_LOG: Online user 120.171.20.155 changes to 48.150.4.57, we will cut it off as using traffic-acct.
<54>May 26 10:13:13 SymantecServer symantec.endpoint.ibm.lab: testbox-abc,[SID: 21590] P2P Edonkey Ping Message detected.  Traffic has been allowed from this application: C:\Program Files\easyMule\emule.exe,Local: 113.146.67.20,Local: 00218696B978,Remote: ,Remote: 101.51.55.60,Remote: 000000000000,Outbound,OTHERS,Intrusion ID: 0,Begin: 2017-05-26 10:13:13,End: 2017-05-26 10:13:13,Occurrences: 1,Application: C:/Program Files/easyMule/emule.exe,Location: Default,User: testuser-8,Domain: us.ibm.com
<157>May 26 10:13:15 microsoft.event.ibm.lab MSWinEventLog	4	Security	60703	Fri May 26 10:13:15 2017	552	Security	NETWORK SERVICE	Well Known Group	Success Audit	testuser-10	Logon/Logoff		Logon attempt using explicit credentials: Logged on user:  User Name: NETWORK SERVICE  Domain: NT AUTHORITY  Logon ID: (0x0,0x1075369)  Logon GUID: -  User whose credentials were used:  Target User Name: testuser-10  Target Domain: us.ibm.com Target Logon GUID: -  Target Server Name: localhost  Target Server Info: localhost  Caller Process ID: 896181  Source Network Address: -  Source Port: - 	56794
<83>May 26 10:13:16 apple.macosx.ibm.lab com.apple.SecurityServer: authinternal failed to authenticate user testuser-64.
<129>May 26 10:13:18 barracuda.firewall.ibm.lab WF ALER METHOD_NOT_ALLOWED 212.2.111.4 59540 18.106.165.128 80 security-policy GLOBAL DENY NONE [Method="ABCD"] ABCD 18.106.165.128/ HTTP "-" ""-"" 18.106.165.128 48536 "-" "-"
<13>May 26 10:13:19 checkpoint.firewall.ibm.lab 26May2017  checkpoint.firewall.ibm.lab product: SmartDefense; src: 218.111.178.29; s_port: ; dst: 101.106.94.194; service: ; proto: udp; rule: ;Attack Info: Bad domain format, illegal ASCII value in domain;Suppressed logs: 1;Total logs: 2;__policy_id_tag: product=VPN-1 & FireWall-1[db_tag={9B20E8EA-7DE6-11DD-B7D6-C0A832D11E1E};mgmt=fwmngt-zentral;date=1220906528;policy_name=Vulpine_gbl];alert: alert;attack: Invalid DNS;has_accounting: 0;i/f_dir: inbound;
<33>May 26 10:13:21 threecom.switch.ibm.lab %May 26 10:13:21 2017 S9500 FTPS/5/USEROUT: User rogueUser-5(15.83.16.235) logged out
<83>May 26 10:13:22 apple.macosx.ibm.lab com.apple.SecurityServer: authinternal failed to authenticate user testuser-15.
<86>May 26 10:13:24 apple.macosx.ibm.lab com.apple.SecurityServer: authinternal authenticated user testuser-73 (uid 95140).
<179>May 26 10:13:26 apache.httpd.ibm.lab httpd[5570]: [ID 702911 local6.error] [error] [client 20.135.51.253] Certificate Verification: Error (10): certificate has expired
<33>May 26 10:13:27 threecom.switch.ibm.lab %May 26 10:13:27 2017 S9500 VTY/5/VTY_LOG:  TELNET user failed to login from 125.83.117.185(000D-88F6-60E0) on VTY0.
<25>May 26 10:13:29 ambiron.ipangel.ibm.lab ipangel-ips: [2017-05-26 10:13:29-05] alert [Priority: 9] [116:46:1] [(snort_decoder) WARNING: TCP Data Offset is less than 5!] 20.135.51.253:62139 TCP 99.65.211.170:80 br0
<133>May 26 10:13:30 microsoft.event.ibm.lab MSWinEventLog 1 Security 102757633 Fri May 26 10:13:30 2017 4907 Microsoft-Windows-Security-Auditing N/A N/A Success Audit rogueUser-5 Audit Policy Change Auditing settings on object were changed. Subject: Security ID: S-1-5-18 Account Name: rogueUser-5 Account Domain: us.ibm.com Logon ID: 0x1121481 Object: Object Server: Security Object Type: File Object Name: \Windows\winsxs\test.wav Handle ID: 0x3a8 Process Information: Process ID: 0xF94F6E Process Name: C:\Windows\System32\wbengine.exe Auditing Settings: Original Security Descriptor: S:AI(AU;A;;WD) New Security Descriptor: S:ARAI(AU;SAFA;;;;WD)(AU;IDFA;B;;;WD) 244098
<54>May 26 10:13:32 SymantecServer symantec.endpoint.ibm.lab: DCA-EMAPROJ2,Allowed,"C:\Program Files\Common Files\Symantec Shared\ccSvcHst.exe",,Begin: 2017-05-26 10:13:32,End:2017-05-26 10:13:32,Rule: ,2528,C:/Program Files/Microsoft Virtual Server/vmh.exe,0,,C:/ProgramFiles/Common Files/Symantec Shared/ccSvcHst.exe,User: testuser-21,Domain: US
<13>May 26 10:13:33 microsoft.sec.ibm.lab AgentDevice=WindowsLog	AgentLogFile=Security	Source=Security	Computer=COMP-testuser-26	User=SYSTEM	Domain=	EventID=644	EventIDCode=644	EventType=8	EventCategory=7	RecordNumber=449859	TimeGenerated=1495808013	TimeWritten=1495808013	Message=User Account Locked Out: Target Account Name: testuser-26 Target Account ID: %{S-1-2-3-1089936} Caller Machine Name: COMP-CALLER01 Caller User Name: CALLER-01 Caller Domain: us.ibm.com Caller Logon ID: (0x0,0xBA5EBA11)
<54>May 26 10:13:35 SymantecServer symantec.endpoint.ibm.lab: testbox-abc,[SID: 21590] P2P Edonkey Ping Message detected.  Traffic has been allowed from this application: C:\Program Files\easyMule\emule.exe,Local: 125.83.117.185,Local: 00218696B978,Remote: ,Remote: 170.178.242.76,Remote: 000000000000,Outbound,OTHERS,Intrusion ID: 0,Begin: 2017-05-26 10:13:35,End: 2017-05-26 10:13:35,Occurrences: 1,Application: C:/Program Files/easyMule/emule.exe,Location: Default,User: testuser-32,Domain: us.ibm.com
<182>May 26 10:13:37 apache.httpd.ibm.lab httpd: 136.38.97.190 80.73.9.184 - - [26/May/2017:10:13:37 -0500] "POST /test.php?doing_test=123 HTTP/1.0" 404 80 282
<27>May 26 10:13:38 ambiron.ipangel.ibm.lab ipangel-ips: [2017-05-26 10:13:38-05] alert [Priority: 9] [119:2:1] [(http_inspect) DOUBLE DECODING ATTACK] 218.111.178.29:50125 TCP 135.60.226.206:80 br0
<182>May 26 10:13:40 apache.httpd.ibm.lab httpd: 120.171.20.155 201.173.19.72 - - [26/May/2017:10:13:40 -0500] "TRACE / HTTP/1.0" 403 443 272
<86>May 26 10:13:41 apple.macosx.ibm.lab com.apple.SecurityServer: authinternal authenticated user rogueUser-2 (uid 116160).
<13>May 26 10:13:43 microsoft.sec.ibm.lab AgentDevice=WindowsLog	AgentLogFile=Security	Source=Security	Computer=COMP-testuser-33	User=testuser-33	Domain=	EventID=680	EventIDCode=680	EventType=8	EventCategory=9	RecordNumber=18750	TimeGenerated=1495808023	TimeWritten=1495808023	Message=Logon attempt by: MICROSOFT_AUTHENTICATION_PACKAGE_V1_0 Logon account: testuser-33 Source Workstation: COMP-testuser-33 Error Code: 0x0 
<83>May 26 10:13:44 apple.macosx.ibm.lab sshd[5590]: error: PAM: Authentication failure for illegal user testuser-2 from 110.53.253.211<190>May 26 10:13:46 arbor.pravail.ibm.lab pravail-aps: Blocked Host: Blocked host 179.174.48.208 at 10:52 by Invalid Packets using TCP/0 (Unknown) destination 207.187.59.216,URL: https://arbornetworks.pravail.test.com/chaos/
<28>May 26 10:13:48 Message forwarded from aix.ibm.lab: rshd[random_number_1_to_999999]: Failed rsh authentication from 79.186.10.120 for local user root via remote user testuser-37
<13>May 26 10:13:49 checkpoint.firewall.ibm.lab 26May2017 drop checkpoint.firewall.ibm.lab product: VPN-1 &FireWall-1; src: 218.111.178.29; s_port: 56017; dst: 175.19.68.104; service: 138; proto: udp; rule: 323;SmartDefense profile: Default_Protection;__policy_id_tag: product=VPN-1 & FireWall-1[db_tag={48AB8350-7F61-11DD-887D-C0A832D16C6C};mgmt=fwmngt-zentral;date=1221069169;policy_name=Chameleon_gbl];has_accounting: 0;i/f_dir: inbound;i/f_name: eth-s1/s1p1c0;rule_uid: {21D66174-0E19-4B77-A1E9-3473FE991088};
<182>May 26 10:13:51 apache.httpd.ibm.lab httpd: 56.219.18.103 9.240.40.168 - - [26/May/2017:10:13:51 -0500] "GET / HTTP/1.0" 200 443 9334
<157>May 26 10:13:52 microsoft.event.ibm.lab MSWinEventLog	4	Security	60703	Fri May 26 10:13:52 2017	552	Security	NETWORK SERVICE	Well Known Group	Success Audit	rogueUser-5	Logon/Logoff		Logon attempt using explicit credentials: Logged on user:  User Name: NETWORK SERVICE  Domain: NT AUTHORITY  Logon ID: (0x0,0x1121481)  Logon GUID: -  User whose credentials were used:  Target User Name: rogueUser-5  Target Domain: us.ibm.com Target Logon GUID: -  Target Server Name: localhost  Target Server Info: localhost  Caller Process ID: 539186  Source Network Address: -  Source Port: - 	56794
<54>May 26 10:13:54 SymantecServer symantec.endpoint.ibm.lab: testbox-abc,[SID: 21590] P2P Edonkey Ping Message detected.  Traffic has been allowed from this application: C:\Program Files\easyMule\emule.exe,Local: 56.219.18.103,Local: 00218696B978,Remote: ,Remote: 51.226.76.195,Remote: 000000000000,Outbound,OTHERS,Intrusion ID: 0,Begin: 2017-05-26 10:13:54,End: 2017-05-26 10:13:54,Occurrences: 1,Application: C:/Program Files/easyMule/emule.exe,Location: Default,User: testuser-16,Domain: us.ibm.com
<133>May 26 10:13:55 microsoft.event.ibm.lab MSWinEventLog 1 Security 102757633 Fri May 26 10:13:55 2017 4907 Microsoft-Windows-Security-Auditing N/A N/A Success Audit rogueUser-4 Audit Policy Change Auditing settings on object were changed. Subject: Security ID: S-1-5-18 Account Name: rogueUser-4 Account Domain: us.ibm.com Logon ID: 0x1119364 Object: Object Server: Security Object Type: File Object Name: \Windows\winsxs\test.wav Handle ID: 0x3a8 Process Information: Process ID: 0x04AB4D Process Name: C:\Windows\System32\wbengine.exe Auditing Settings: Original Security Descriptor: S:AI(AU;A;;WD) New Security Descriptor: S:ARAI(AU;SAFA;;;;WD)(AU;IDFA;B;;;WD) 64146
<133>May 26 10:13:57 microsoft.event.ibm.lab MSWinEventLog 1 Security 102757633 Fri May 26 10:13:57 2017 4907 Microsoft-Windows-Security-Auditing N/A N/A Success Audit testuser-9 Audit Policy Change Auditing settings on object were changed. Subject: Security ID: S-1-5-18 Account Name: testuser-9 Account Domain: us.ibm.com Logon ID: 0x994009 Object: Object Server: Security Object Type: File Object Name: \Windows\winsxs\test.wav Handle ID: 0x3a8 Process Information: Process ID: 0x155EC5 Process Name: C:\Windows\System32\wbengine.exe Auditing Settings: Original Security Descriptor: S:AI(AU;A;;WD) New Security Descriptor: S:ARAI(AU;SAFA;;;;WD)(AU;IDFA;B;;;WD) 601644
<13>May 26 10:13:58 microsoft.sec.ibm.lab AgentDevice=WindowsLog	AgentLogFile=Security	Source=Security	Computer=COMP-testuser-21	User=testuser-21	Domain=	EventID=672	EventIDCode=672	EventType=8	EventCategory=9	RecordNumber=50074	TimeGenerated=1495808038	TimeWritten=1495808038	Message=Authentication Ticket Request: User Name: testuser-21 Supplied Realm Name: us.ibm.com User ID: %{S-1-2-3-1079521} Service Name: krbtgt Service ID: %{S-3-2-1-004D23} Ticket Options: 0x40810010 Result Code: - Ticket Encryption Type: 0x17 Pre-Authentication Type: 2 Client Address: 4.246.223.49 Certificate Issuer Name:  Certificate Serial Number:  Certificate Thumbprint: 
<33>May 26 10:14:00 threecom.switch.ibm.lab %May 26 10:14:00 2017 S9500 AAA/2/Serious error!: User testuser-85, in ACM send msg to SC failed! Returns 1 srcID 6 msgType 16384.
<38>May 26 10:14:02 syslog: ssh: failed login attempt for testuser-6 from 147.198.103.40
<25>May 26 10:14:03 apple.macosx.ibm.lab DirectoryService[51]: Failed Authentication return is being delayed due to over five recent auth failures for username: testuser-43.
<157>May 26 10:14:05 microsoft.event.ibm.lab MSWinEventLog	4	Security	60703	Fri May 26 10:14:05 2017	552	Security	NETWORK SERVICE	Well Known Group	Success Audit	testuser-57	Logon/Logoff		Logon attempt using explicit credentials: Logged on user:  User Name: NETWORK SERVICE  Domain: NT AUTHORITY  Logon ID: (0x0,0x1098304)  Logon GUID: -  User whose credentials were used:  Target User Name: testuser-57  Target Domain: us.ibm.com Target Logon GUID: -  Target Server Name: localhost  Target Server Info: localhost  Caller Process ID: 649232  Source Network Address: -  Source Port: - 	56794
<13>May 26 10:14:06 checkpoint.firewall.ibm.lab 26May2017 reject checkpoint.firewall.ibm.lab product: VPN-1 & FireWall-1; src: 30.90.182.58; s_port: 52505; dst: 204.113.102.166; service: 113; proto: tcp; rule: 14;SmartDefense profile: Default_Protection;__policy_id_tag: product=VPN-1 & FireWall-1[db_tag={25E5B8F6-79E7-11DD-941A-C0A832D00C0C};mgmt=fwmngt-wuv;date=1220466957;policy_name=rhino_gbl];has_accounting: 0;i/f_dir: inbound;i/f_name: eth-s2/s1p1c0;rule_uid: {9C96B325-D976-4A30-8685-9ED61018A6E7};service_id: gident;
<26>May 26 10:14:08 ambiron.ipangel.ibm.lab ipangel-ips: [2017-05-26 10:14:08-05] alert [Priority: 9] [119:14:1] [(http_inspect) NON-RFC DEFINED CHAR] 136.38.97.190:54000 TCP 62.88.88.143:80 br0
<13>May 26 10:14:09 microsoft.sec.ibm.lab AgentDevice=WindowsLog	AgentLogFile=Security	Source=Security	Computer=COMP-testuser-91	User=testuser-91	Domain=	EventID=673	EventIDCode=673	EventType=8	EventCategory=9	RecordNumber=379552	TimeGenerated=1495808049	TimeWritten=1495808049	Message=Service Ticket Request:  User Name: testuser-91@us.ibm.com User Domain: us.ibm.com Service Name: MAIL$  Service ID: %{S-3-2-1-C3D1EC} Ticket Options:  0x40810000   Ticket Encryption Type: 0x17 Client Address: 79.186.10.120 Failure Code: - LogonGUID: {C3D1EC-f005ba11-ba5eba11} Transited Services: - 
<50>May 26 10:14:11 SymantecServer symantec.endpoint.ibm.lab: testbox-xyz,[SID: 70025] Web Attack: Blackhole Exploit Toolkit 2 attack blocked. Traffic has been blocked for this application: C:\Program Files\Internet Explorer\iexplore.exe,Local: 0.0.0.0,Local: 000000000000,Remote: ,Remote: 0.0.0.0,Remote: 000000000000,Inbound,OTHERS,,Begin: 2017-05-26 10:14:11,End: 2017-05-26 10:14:11,Occurrences: 1,Application: C:/Program Files/Internet Explorer/iexplore.exe,Location: Default,User: testuser-89,Domain: SIMON,!ExternalLoggingTask.localport! 0,!ExternalLoggingTask.remoteport! 0,!ExternalLoggingTask.cidssignid! 70025,!ExternalLoggingTask.strcidssignid! Web Attack: Blackhole Exploit Toolkit 2,!ExternalLoggingTask.cidssignsubid! 0,!ExternalLoggingTask.intrusionurl! http://pppptttt.blah.net/links/came_broadcasting_taking-various.php,!ExternalLoggingTask.intrusionpayloadurl!
<38>May 26 10:14:13 sshd[901240]: Failed password for invalid user testuser-43 from 56.219.18.103 port 62313 ssh2
<27>May 26 10:14:14 ambiron.ipangel.ibm.lab ipangel-ips: [2017-05-26 10:14:14-05] alert [Priority: 9] [119:2:1] [(http_inspect) DOUBLE DECODING ATTACK] 79.186.10.120:52537 TCP 182.85.209.67:80 br0
<129>May 26 10:14:16 barracuda.firewall.ibm.lab WF ALER METHOD_NOT_ALLOWED 132.146.155.198 49438 205.28.114.235 80 security-policy GLOBAL DENY NONE [Method="ABCD"] ABCD 205.28.114.235/ HTTP "-" ""-"" 205.28.114.235 48536 "-" "-"
<26>May 26 10:14:17 ambiron.ipangel.ibm.lab ipangel-ips: [2017-05-26 10:14:17-05] alert [Priority: 9] [119:14:1] [(http_inspect) NON-RFC DEFINED CHAR] 51.18.44.104:56379 TCP 4.176.126.146:80 br0
<13>May 26 10:14:19 checkpoint.firewall.ibm.lab 26May2017  checkpoint.firewall.ibm.lab product: SmartDefense; src: 125.83.117.185; s_port: ; dst: 61.97.99.186; service: ; proto: udp; rule: ;Attack Info: Bad domain format, illegal ASCII value in domain;Suppressed logs: 1;Total logs: 2;__policy_id_tag: product=VPN-1 & FireWall-1[db_tag={9B20E8EA-7DE6-11DD-B7D6-C0A832D11E1E};mgmt=fwmngt-zentral;date=1220906528;policy_name=Vulpine_gbl];alert: alert;attack: Invalid DNS;has_accounting: 0;i/f_dir: inbound;
<38>May 26 10:14:20 sshd[364037]: input_userauth_request: invalid user testuser-9
<14>May 26 10:14:22 Message forwarded from aix.ibm.lab: ftp[random_number_1_to_999999]: ftp: EXPORT user testuser-26, host 215.203.192.65, local test_script.sh, remote test_script.sh.
<182>May 26 10:14:24 apache.httpd.ibm.lab httpd: 165.11.95.213 101.175.80.243 - - [26/May/2017:10:14:24 -0500] "OPTIONS /cgi-bin/index.php HTTP/1.1" 200 443 -
<182>May 26 10:14:25 apache.httpd.ibm.lab httpd: 128.234.158.118 56.86.240.196 - - [26/May/2017:10:14:25 -0500] "ABCD / HTTP/1.1" 501 443 297
<182>May 26 10:14:27 apache.httpd.ibm.lab httpd: 128.234.158.118 3.156.96.78 - - [26/May/2017:10:14:27 -0500] "POST /test.php?doing_test=123 HTTP/1.0" 404 80 282
<133>May 26 10:14:28 microsoft.event.ibm.lab MSWinEventLog 1 Security 102757633 Fri May 26 10:14:28 2017 4907 Microsoft-Windows-Security-Auditing N/A N/A Success Audit testuser-96 Audit Policy Change Auditing settings on object were changed. Subject: Security ID: S-1-5-18 Account Name: testuser-96 Account Domain: us.ibm.com Logon ID: 0x1104601 Object: Object Server: Security Object Type: File Object Name: \Windows\winsxs\test.wav Handle ID: 0x3a8 Process Information: Process ID: 0xE9E2A4 Process Name: C:\Windows\System32\wbengine.exe Auditing Settings: Original Security Descriptor: S:AI(AU;A;;WD) New Security Descriptor: S:ARAI(AU;SAFA;;;;WD)(AU;IDFA;B;;;WD) 210099
<29>May 26 10:14:30 Message forwarded from aix.ibm.lab: telnetd[15996504090276]: telnet from ::ffff:213.39.172.85 on /dev/pts/1
<54>May 26 10:14:31 SymantecServer symantec.endpoint.ibm.lab: Commercial application detected,Computer name: COMP-1094116,Detection type: Commercial,Application name: DameWare Development DWRCS,Application type: Remote Control,Application version: 5\~ 5\~ 0\~ 0,Hash type: SHA-1,Application hash: 4670d9eeeab7449788be3b18e9364ef0088b900e,Company name: DameWare Development LLC,File size (bytes): 208896,Sensitivity: 0,Detection score: 1,Submission recommendation: 0,Permitted application reason: 0,Source: Heuristic Scan,Risk name:  ,Occurrences: 1,DWMRCS,"DWMRCS",Actual action: Left alone,Requested action: Left alone,Secondary action: Commercial application detection,Event time: 2017-05-26 10:14:31,Inserted: 2017-05-26 10:14:31,End: 2017-05-26 10:14:31,Domain: Default,Group: My Company	est,Server: testbox,User: testuser-46,Source computer:  ,Source IP: 0.0.0.0
<129>May 26 10:14:33 barracuda.firewall.ibm.lab WF ALER CROSS_SITE_SCRIPTING_IN_URL 154.102.244.170 54053 110.72.32.123 80 security-policy GLOBAL DENY NONE [type="cross-site-scripting" pattern="script-tag" token="<script>"] GET 110.72.32.123/<script>alert(53416)</script> HTTP "-" ""-"" 110.72.32.123 48541 "-" "-"
<27>May 26 10:14:34 ambiron.ipangel.ibm.lab ipangel-ips: [2017-05-26 10:14:34-05] alert [Priority: 9] [119:2:1] [(http_inspect) DOUBLE DECODING ATTACK] 79.186.10.120:52186 TCP 148.180.148.13:80 br0
<13>May 26 10:14:36 microsoft.sec.ibm.lab AgentDevice=WindowsLog	AgentLogFile=Security	Source=Security	Computer=COMP-testuser-99	User=testuser-99	Domain=	EventID=680	EventIDCode=680	EventType=8	EventCategory=9	RecordNumber=983153	TimeGenerated=1495808076	TimeWritten=1495808076	Message=Logon attempt by: MICROSOFT_AUTHENTICATION_PACKAGE_V1_0 Logon account: testuser-99 Source Workstation: COMP-testuser-99 Error Code: 0x0 
<189>May 26 10:14:38 ['9.9.9.9'] authmgr[504]: <NOTI> login <00:1c:bf:ca:2b:98  201.150.192.18 testuser-24>method=802.1x, server=TEST001, role=Authenticated Update(status 0 method 0 role 16), reauth=1800 sec
<129>May 26 10:14:39 barracuda.firewall.ibm.lab WF ALER CROSS_SITE_SCRIPTING_IN_PARAM 56.219.18.103 50644 174.162.206.66 443 security-policy GLOBAL DENY NONE [type="cross-site-scripting" pattern="script-tag" token="<script>" Parameter="url" value="<script>alert(5341)</script>"] GET 174.162.206.66/redirect.asp?url=<script>alert(5341)</script> HTTPS "-" ""-"" 174.162.206.66 59845 "-" "-"
<54>May 26 10:14:41 SymantecServer symantec.endpoint.ibm.lab: CNC2PSY9D1,Allowed,Sysfer exception: .\RegParamEngine.cpp 1152 Failed to read value DeviceInstance from key \Registry\Machine\SYSTEM\CurrentControlSet\Control\DeviceClasses\{53f56307-b6bf-11d0-94f2-00a0c91efb8b}\##?#IDE#DiskWDC_WD800JD-75MSA3______________________10.01E04#5&,Sysfer exception,Begin: 2017-05-26 10:14:41,End: 2017-05-26 10:14:41,Rule: Sysfer exception,3592,C:/Program Files/Cisco Systems/CSAgent/bin/okclient.exe,0,,,User: testuser-18,Domain: US
<13>May 26 10:14:42 checkpoint.firewall.ibm.lab 26May2017 drop checkpoint.firewall.ibm.lab product: VPN-1 &FireWall-1; src: 218.111.178.29; s_port: 57037; dst: 64.36.239.19; service: 138; proto: udp; rule: 323;SmartDefense profile: Default_Protection;__policy_id_tag: product=VPN-1 & FireWall-1[db_tag={48AB8350-7F61-11DD-887D-C0A832D16C6C};mgmt=fwmngt-zentral;date=1221069169;policy_name=Chameleon_gbl];has_accounting: 0;i/f_dir: inbound;i/f_name: eth-s1/s1p1c0;rule_uid: {21D66174-0E19-4B77-A1E9-3473FE991088};
<83>May 26 10:14:44 apple.macosx.ibm.lab com.apple.SecurityServer: authinternal failed to authenticate user testuser-63.
<129>May 26 10:14:45 barracuda.firewall.ibm.lab WF ALER METHOD_NOT_ALLOWED 56.219.18.103 62537 150.124.47.196 80 security-policy GLOBAL DENY NONE [Method="ABCD"] ABCD 150.124.47.196/ HTTP "-" ""-"" 150.124.47.196 48536 "-" "-"
<86>May 26 10:14:47 apple.macosx.ibm.lab com.apple.SecurityServer: uid 118273 succeeded authenticating as user admin (uid 501) for right system.install.root.user.
<54>May 26 10:14:49 SymantecServer symantec.endpoint.ibm.lab: DCA-EMAPROJ2,Allowed,"C:\Program Files\Common Files\Symantec Shared\ccSvcHst.exe",,Begin: 2017-05-26 10:14:49,End:2017-05-26 10:14:49,Rule: ,2528,C:/Program Files/Microsoft Virtual Server/vmh.exe,0,,C:/ProgramFiles/Common Files/Symantec Shared/ccSvcHst.exe,User: testuser-91,Domain: US
<50>May 26 10:14:50 SymantecServer symantec.endpoint.ibm.lab: testbox-xyz,[SID: 70025] Web Attack: Blackhole Exploit Toolkit 2 attack blocked. Traffic has been blocked for this application: C:\Program Files\Internet Explorer\iexplore.exe,Local: 0.0.0.0,Local: 000000000000,Remote: ,Remote: 0.0.0.0,Remote: 000000000000,Inbound,OTHERS,,Begin: 2017-05-26 10:14:50,End: 2017-05-26 10:14:50,Occurrences: 1,Application: C:/Program Files/Internet Explorer/iexplore.exe,Location: Default,User: testuser-64,Domain: SIMON,!ExternalLoggingTask.localport! 0,!ExternalLoggingTask.remoteport! 0,!ExternalLoggingTask.cidssignid! 70025,!ExternalLoggingTask.strcidssignid! Web Attack: Blackhole Exploit Toolkit 2,!ExternalLoggingTask.cidssignsubid! 0,!ExternalLoggingTask.intrusionurl! http://pppptttt.blah.net/links/came_broadcasting_taking-various.php,!ExternalLoggingTask.intrusionpayloadurl!
<14>May 26 10:14:52 Message forwarded from aix.ibm.lab: rcp[random_number_1_to_999999]: EXPORT file to host aix.ibm.lab cmd is rcp -t /root, local user testuser-17.
<182>May 26 10:14:53 apache.httpd.ibm.lab httpd: 202.207.224.25 195.186.191.195 - - [26/May/2017:10:14:53 -0500] "HEAD / HTTP/1.1" 200 443 -
<189>May 26 10:14:55 ['9.9.9.9'] authmgr[504]: <NOTI> login <00:1c:bf:ca:2b:98  83.87.204.105 testuser-96>method=802.1x, server=TEST001, role=Authenticated Update(status 0 method 0 role 16), reauth=1800 sec
<129>May 26 10:14:56 barracuda.firewall.ibm.lab WF ALER SLASH_DOT_IN_URL 15.83.16.235 58156 115.225.222.156 443 security-policy GLOBAL DENY NONE ["-"] GET 115.225.222.156/themes/default/css/.htaccess HTTPS "-" ""-"" 115.225.222.156 44428 "-" "-"
<13>May 26 10:14:58 checkpoint.firewall.ibm.lab 26May2017 reject checkpoint.firewall.ibm.lab product: VPN-1 & FireWall-1; src: 120.171.20.155; s_port: 54018; dst: 29.129.122.244; service: 113; proto: tcp; rule: 14;SmartDefense profile: Default_Protection;__policy_id_tag: product=VPN-1 & FireWall-1[db_tag={25E5B8F6-79E7-11DD-941A-C0A832D00C0C};mgmt=fwmngt-wuv;date=1220466957;policy_name=rhino_gbl];has_accounting: 0;i/f_dir: inbound;i/f_name: eth-s2/s1p1c0;rule_uid: {9C96B325-D976-4A30-8685-9ED61018A6E7};service_id: gident;
<190>May 26 10:15:00 arbor.pravail.ibm.lab pravail-aps: Blocked Host: Blocked host 20.135.51.253 10:53 by TCP Connection Reset using TCP/62656 (Unknown) destination 122.174.174.242 source port 443,URL: https://arbornetworks.pravail.test.com/chaos/
<13>May 26 10:15:01 microsoft.sec.ibm.lab AgentDevice=WindowsLog	AgentLogFile=Security	Source=Security	Computer=COMP-testuser-13	User=SYSTEM	Domain=	EventID=644	EventIDCode=644	EventType=8	EventCategory=7	RecordNumber=76896	TimeGenerated=1495808101	TimeWritten=1495808101	Message=User Account Locked Out: Target Account Name: testuser-13 Target Account ID: %{S-1-2-3-1081600} Caller Machine Name: COMP-CALLER01 Caller User Name: CALLER-01 Caller Domain: us.ibm.com Caller Logon ID: (0x0,0xBA5EBA11)
<54>May 26 10:15:03 SymantecServer symantec.endpoint.ibm.lab: DCA-EMAPROJ2,Allowed,"C:\Program Files\Common Files\Symantec Shared\ccSvcHst.exe",,Begin: 2017-05-26 10:15:03,End:2017-05-26 10:15:03,Rule: ,2528,C:/Program Files/Microsoft Virtual Server/vmh.exe,0,,C:/ProgramFiles/Common Files/Symantec Shared/ccSvcHst.exe,User: testuser-8,Domain: US
<33>May 26 10:15:04 threecom.switch.ibm.lab %May 26 10:15:04 2017 S9500 FTPS/5/USEROUT: User testuser-21(202.207.224.25) logged out
<33>May 26 10:15:06 threecom.switch.ibm.lab %May 26 10:15:06 2017 S9500 RTA/3/Failed to start accounting: Failed to start traffic accounting for user 132.146.155.198 on board 6
<190>May 26 10:15:07 arbor.pravail.ibm.lab pravail-aps: Blocked Host: Blocked host 201.150.192.18 10:53 by TCP Connection Reset using TCP/56543 (Unknown) destination 174.34.210.61 source port 443,URL: https://arbornetworks.pravail.test.com/chaos/
<13>May 26 10:15:09 microsoft.sec.ibm.lab AgentDevice=WindowsLog	AgentLogFile=Security	Source=Security	Computer=COMP-testuser-41	User=testuser-41	Domain=	EventID=672	EventIDCode=672	EventType=16	EventCategory=9	RecordNumber=59357	TimeGenerated=1495808109	TimeWritten=1495808109	Message=Authentication Ticket Request: User Name: testuser-41 Supplied Realm Name: us.ibm.com User ID: %{S-1-2-3-1083681} Service Name: krbtgt Service ID: %{S-3-2-1-498F56} Ticket Options: 0x40810010 Result Code: - Ticket Encryption Type: 0x17 Pre-Authentication Type: 2 Client Address: 42.243.66.100 Certificate Issuer Name:  Certificate Serial Number:  Certificate Thumbprint: 
<182>May 26 10:15:10 apache.httpd.ibm.lab httpd: 132.146.155.198 33.209.213.132 - - [26/May/2017:10:15:10 -0500] "GET / HTTP/1.0" 200 443 9334
<190>May 26 10:15:12 arbor.pravail.ibm.lab pravail-aps: Blocked Host: Blocked host 125.83.117.185 at 10:53 by Malformed HTTP Filtering using TCP/80 (HTTP) destination 56.233.68.17 source port 57471,URL: https://arbornetworks.pravail.test.com/chaos/
<86>May 26 10:15:14 apple.macosx.ibm.lab sshd[5590]: Failed password for invalid user rogueUser-4 from 128.234.158.118 port 54808 ssh2
<129>May 26 10:15:15 barracuda.firewall.ibm.lab WF ALER METACHARACTER_IN_PARAMETER 212.2.111.4 52380 184.84.135.134 443 security-policy GLOBAL DENY NONE [token="%00 " Parameter="article" value="../../../../../../../../etc/passwd"] GET 184.84.135.134/talkback.cgi?article=../../../../../../../../etc/passwd%00&action=view&matchview=1 HTTPS "-" ""-"" 184.84.135.134 52380 "-" "-"
<182>May 26 10:15:17 apache.httpd.ibm.lab httpd: 165.11.95.213 49.222.115.17 - - [26/May/2017:10:15:17 -0500] "HEAD / HTTP/1.1" 200 443 -
<13>May 26 10:15:18 microsoft.sec.ibm.lab AgentDevice=WindowsLog	AgentLogFile=Security	Source=Security	Computer=COMP-testuser-50	User=testuser-50	Domain=	EventID=672	EventIDCode=672	EventType=8	EventCategory=9	RecordNumber=539164	TimeGenerated=1495808118	TimeWritten=1495808118	Message=Authentication Ticket Request: User Name: testuser-50 Supplied Realm Name: us.ibm.com User ID: %{S-1-2-3-1083681} Service Name: krbtgt Service ID: %{S-3-2-1-F3C59F} Ticket Options: 0x40810010 Result Code: - Ticket Encryption Type: 0x17 Pre-Authentication Type: 2 Client Address: 56.62.227.41 Certificate Issuer Name:  Certificate Serial Number:  Certificate Thumbprint: 
<54>May 26 10:15:20 SymantecServer symantec.endpoint.ibm.lab: DCA-EMAPROJ2,Allowed,"C:\Program Files\Common Files\Symantec Shared\ccSvcHst.exe",,Begin: 2017-05-26 10:15:20,End:2017-05-26 10:15:20,Rule: ,2528,C:/Program Files/Microsoft Virtual Server/vmh.exe,0,,C:/ProgramFiles/Common Files/Symantec Shared/ccSvcHst.exe,User: testuser-77,Domain: US
<54>May 26 10:15:21 SymantecServer symantec.endpoint.ibm.lab: CNC2PSY9D1,Allowed,Sysfer exception: .\RegParamEngine.cpp 1152 Failed to read value DeviceInstance from key \Registry\Machine\SYSTEM\CurrentControlSet\Control\DeviceClasses\{53f56307-b6bf-11d0-94f2-00a0c91efb8b}\##?#IDE#DiskWDC_WD800JD-75MSA3______________________10.01E04#5&,Sysfer exception,Begin: 2017-05-26 10:15:21,End: 2017-05-26 10:15:21,Rule: Sysfer exception,3592,C:/Program Files/Cisco Systems/CSAgent/bin/okclient.exe,0,,,User: rogueUser-5,Domain: US
<13>May 26 10:15:23 checkpoint.firewall.ibm.lab 26May2017  checkpoint.firewall.ibm.lab product: SmartDefense; src: 54.11.145.63; s_port: ; dst: 49.66.126.11; service: ; proto: udp; rule: ;Attack Info: Bad domain format, illegal ASCII value in domain;Suppressed logs: 1;Total logs: 2;__policy_id_tag: product=VPN-1 & FireWall-1[db_tag={9B20E8EA-7DE6-11DD-B7D6-C0A832D11E1E};mgmt=fwmngt-zentral;date=1220906528;policy_name=Vulpine_gbl];alert: alert;attack: Invalid DNS;has_accounting: 0;i/f_dir: inbound;
<133>May 26 10:15:25 microsoft.event.ibm.lab MSWinEventLog 1 Security 102757633 Fri May 26 10:15:25 2017 4907 Microsoft-Windows-Security-Auditing N/A N/A Success Audit testuser-21 Audit Policy Change Auditing settings on object were changed. Subject: Security ID: S-1-5-18 Account Name: testuser-21 Account Domain: us.ibm.com Logon ID: 0x1079521 Object: Object Server: Security Object Type: File Object Name: \Windows\winsxs\test.wav Handle ID: 0x3a8 Process Information: Process ID: 0x3657DF Process Name: C:\Windows\System32\wbengine.exe Auditing Settings: Original Security Descriptor: S:AI(AU;A;;WD) New Security Descriptor: S:ARAI(AU;SAFA;;;;WD)(AU;IDFA;B;;;WD) 684155
