<33>May 26 08:30:12 threecom.switch.ibm.lab %May 26 08:30:12 2017 S9500 FTPS/5/USEROUT: User testuser-24(201.150.192.18) logged out
<182>May 26 08:30:14 apache.httpd.ibm.lab httpd: 79.186.10.120 102.177.140.17 - - [26/May/2017:08:30:14 -0500] "GET /<script>alert(53416)</script> HTTP/1.1" 404 443 320
<38>May 26 08:30:15 Message forwarded from aix.ibm.lab: syslog: pts/2: failed login attempt for testuser-57 from 30.90.182.58
<83>May 26 08:30:17 apple.macosx.ibm.lab com.apple.SecurityServer: authinternal failed to authenticate user rogueUser-5.
<54>May 26 08:30:18 SymantecServer symantec.endpoint.ibm.lab: DCA-EMAPROJ2,Allowed,"C:\Program Files\Common Files\Symantec Shared\ccSvcHst.exe",,Begin: 2017-05-26 08:30:18,End:2017-05-26 08:30:18,Rule: ,2528,C:/Program Files/Microsoft Virtual Server/vmh.exe,0,,C:/ProgramFiles/Common Files/Symantec Shared/ccSvcHst.exe,User: testuser-83,Domain: US
<33>May 26 08:30:20 threecom.switch.ibm.lab %May 26 08:30:20 2017 S9500 FTPS/5/USERIN: User rogueUser-3(20.135.51.253) login succeeded
<189>May 26 08:30:21 ['9.9.9.9'] authmgr[504]: <NOTI> login <00:1c:bf:ca:2b:98  125.83.117.185 testuser-32>method=802.1x, server=TEST001, role=Authenticated Update(status 0 method 0 role 16), reauth=1800 sec
<38>May 26 08:30:23 sshd[651547]: Failed password for invalid user testuser-17 from 136.38.97.190 port 64564 ssh2
<25>May 26 08:30:25 apple.macosx.ibm.lab DirectoryService[51]: Failed Authentication return is being delayed due to over five recent auth failures for username: testuser-42.
<25>May 26 08:30:26 ambiron.ipangel.ibm.lab ipangel-ips: [2017-05-26 08:30:26-05] alert [Priority: 9] [116:46:1] [(snort_decoder) WARNING: TCP Data Offset is less than 5!] 20.135.51.253:56732 TCP 69.228.86.77:80 br0
<190>May 26 08:30:28 arbor.pravail.ibm.lab pravail-aps: Blocked Host: Blocked host 56.219.18.103 10:53 by TCP Connection Reset using TCP/64280 (Unknown) destination 72.106.236.97 source port 443,URL: https://arbornetworks.pravail.test.com/chaos/
<13>May 26 08:30:29 checkpoint.firewall.ibm.lab 26May2017  checkpoint.firewall.ibm.lab product: SmartDefense; src: 201.150.192.18; s_port: ; dst: 170.136.62.37; service: ; proto: icmp; rule: ;Attack Info: Echo request too big;Suppressed logs: 1;Total logs: 2;__policy_id_tag: product=VPN-1 & FireWall-1[db_tag={B5A7057E-7F61-11DD-AA43-C0A832D12424};mgmt=fwmngt-zentral;date=1221069352;policy_name=Spider_gbl];alert: alert;attack: Large ping;has_accounting: 0;i/f_dir: inbound;
<157>May 26 08:30:31 microsoft.event.ibm.lab MSWinEventLog	4	Security	60703	Fri May 26 08:30:31 2017	552	Security	NETWORK SERVICE	Well Known Group	Success Audit	testuser-49	Logon/Logoff		Logon attempt using explicit credentials: Logged on user:  User Name: NETWORK SERVICE  Domain: NT AUTHORITY  Logon ID: (0x0,0x1100401)  Logon GUID: -  User whose credentials were used:  Target User Name: testuser-49  Target Domain: us.ibm.com Target Logon GUID: -  Target Server Name: localhost  Target Server Info: localhost  Caller Process ID: 157504  Source Network Address: -  Source Port: - 	56794
<190>May 26 08:30:32 arbor.pravail.ibm.lab pravail-aps: Blocked Host: Blocked host 125.83.117.185 at 10:53 by Malformed HTTP Filtering using TCP/80 (HTTP) destination 84.100.111.95 source port 54971,URL: https://arbornetworks.pravail.test.com/chaos/
<190>May 26 08:30:34 arbor.pravail.ibm.lab pravail-aps: Blocked Host: Blocked host 56.219.18.103 at 10:53 by Malformed HTTP Filtering using TCP/80 (HTTP) destination 152.37.93.46 source port 60549,URL: https://arbornetworks.pravail.test.com/chaos/
<25>May 26 08:30:36 ambiron.ipangel.ibm.lab ipangel-ips: [2017-05-26 08:30:36-05] alert [Priority: 9] [116:46:1] [(snort_decoder) WARNING: TCP Data Offset is less than 5!] 213.39.172.85:62952 TCP 128.63.156.159:80 br0
<189>May 26 08:30:37 ['9.9.9.9'] authmgr[504]: <NOTI> login <00:1c:bf:ca:2b:98  201.150.192.18 testuser-33>method=802.1x, server=TEST001, role=Authenticated Update(status 0 method 0 role 16), reauth=1800 sec
<54>May 26 08:30:39 SymantecServer symantec.endpoint.ibm.lab: DCA-EMAPROJ2,Allowed,"C:\Program Files\Common Files\Symantec Shared\ccSvcHst.exe",,Begin: 2017-05-26 08:30:39,End:2017-05-26 08:30:39,Rule: ,2528,C:/Program Files/Microsoft Virtual Server/vmh.exe,0,,C:/ProgramFiles/Common Files/Symantec Shared/ccSvcHst.exe,User: testuser-41,Domain: US
<129>May 26 08:30:40 barracuda.firewall.ibm.lab WF ALER SLASH_DOT_IN_URL 165.11.95.213 55988 101.218.2.100 443 security-policy GLOBAL DENY NONE ["-"] GET 101.218.2.100/themes/default/css/.htaccess HTTPS "-" ""-"" 101.218.2.100 44428 "-" "-"
<54>May 26 08:30:42 SymantecServer symantec.endpoint.ibm.lab: testbox-abc,[SID: 21590] P2P Edonkey Ping Message detected.  Traffic has been allowed from this application: C:\Program Files\easyMule\emule.exe,Local: 202.207.224.25,Local: 00218696B978,Remote: ,Remote: 212.80.250.247,Remote: 000000000000,Outbound,OTHERS,Intrusion ID: 0,Begin: 2017-05-26 08:30:42,End: 2017-05-26 08:30:42,Occurrences: 1,Application: C:/Program Files/easyMule/emule.exe,Location: Default,User: testuser-30,Domain: us.ibm.com
<157>May 26 08:30:43 microsoft.event.ibm.lab MSWinEventLog	4	Security	60703	Fri May 26 08:30:43 2017	552	Security	NETWORK SERVICE	Well Known Group	Success Audit	testuser-75	Logon/Logoff		Logon attempt using explicit credentials: Logged on user:  User Name: NETWORK SERVICE  Domain: NT AUTHORITY  Logon ID: (0x0,0x1098304)  Logon GUID: -  User whose credentials were used:  Target User Name: testuser-75  Target Domain: us.ibm.com Target Logon GUID: -  Target Server Name: localhost  Target Server Info: localhost  Caller Process ID: 745704  Source Network Address: -  Source Port: - 	56794
<38>May 26 08:30:45 sshd[522019]: Disconnecting: Too many authentication failures for testuser-18
<33>May 26 08:30:46 threecom.switch.ibm.lab %May 26 08:30:46 2017 S9500 FTPS/5/USERIN: User testuser-88(179.174.48.208) login succeeded
<157>May 26 08:30:48 microsoft.event.ibm.lab MSWinEventLog	4	Security	60703	Fri May 26 08:30:48 2017	552	Security	NETWORK SERVICE	Well Known Group	Success Audit	rogueUser-2	Logon/Logoff		Logon attempt using explicit credentials: Logged on user:  User Name: NETWORK SERVICE  Domain: NT AUTHORITY  Logon ID: (0x0,0x1115136)  Logon GUID: -  User whose credentials were used:  Target User Name: rogueUser-2  Target Domain: us.ibm.com Target Logon GUID: -  Target Server Name: localhost  Target Server Info: localhost  Caller Process ID: 22663  Source Network Address: -  Source Port: - 	56794
<13>May 26 08:30:50 checkpoint.firewall.ibm.lab 26May2017  checkpoint.firewall.ibm.lab product: martDefense; src: 125.83.117.185; s_port: ; dst: 132.53.115.133; service: ; proto: udp; rule: ;Attack Info: Response packet too long, potential buffer overflow;Suppressed logs: 5;Total logs: 6;__policy_id_tag: product=VPN-1 & FireWall-1[db_tag={321A4EE6-7DEA-11DD-BFAA-C0A832822626};mgmt=fwmngt05;date=1220908070;policy_name=KillerWhale_gbl];alert: alert;attack: Invalid DNS;has_accounting: 0;i/f_dir: inbound;
<133>May 26 08:30:51 microsoft.event.ibm.lab MSWinEventLog 1 Security 102757633 Fri May 26 08:30:51 2017 4907 Microsoft-Windows-Security-Auditing N/A N/A Success Audit testuser-98 Audit Policy Change Auditing settings on object were changed. Subject: Security ID: S-1-5-18 Account Name: testuser-98 Account Domain: us.ibm.com Logon ID: 0x1108809 Object: Object Server: Security Object Type: File Object Name: \Windows\winsxs\test.wav Handle ID: 0x3a8 Process Information: Process ID: 0x31E8F1 Process Name: C:\Windows\System32\wbengine.exe Auditing Settings: Original Security Descriptor: S:AI(AU;A;;WD) New Security Descriptor: S:ARAI(AU;SAFA;;;;WD)(AU;IDFA;B;;;WD) 35952
<13>May 26 08:30:53 checkpoint.firewall.ibm.lab 26May2017  checkpoint.firewall.ibm.lab product: SmartDefense; src: 56.219.18.103; s_port: ; dst: 4.198.250.234; service: ; proto: icmp; rule: ;Attack Info: Echo request too big;Suppressed logs: 1;Total logs: 2;__policy_id_tag: product=VPN-1 & FireWall-1[db_tag={B5A7057E-7F61-11DD-AA43-C0A832D12424};mgmt=fwmngt-zentral;date=1221069352;policy_name=Spider_gbl];alert: alert;attack: Large ping;has_accounting: 0;i/f_dir: inbound;
<190>May 26 08:30:54 arbor.pravail.ibm.lab pravail-aps: Blocked Host: Blocked host 136.38.97.190 10:53 by TCP Connection Reset using TCP/50261 (Unknown) destination 30.1.184.128 source port 443,URL: https://arbornetworks.pravail.test.com/chaos/
<54>May 26 08:30:56 SymantecServer symantec.endpoint.ibm.lab: CNC2PSY9D1,Allowed,Sysfer exception: .\RegParamEngine.cpp 1152 Failed to read value DeviceInstance from key \Registry\Machine\SYSTEM\CurrentControlSet\Control\DeviceClasses\{53f56307-b6bf-11d0-94f2-00a0c91efb8b}\##?#IDE#DiskWDC_WD800JD-75MSA3______________________10.01E04#5&,Sysfer exception,Begin: 2017-05-26 08:30:56,End: 2017-05-26 08:30:56,Rule: Sysfer exception,3592,C:/Program Files/Cisco Systems/CSAgent/bin/okclient.exe,0,,,User: rogueUser-3,Domain: US
<129>May 26 08:30:57 barracuda.firewall.ibm.lab WF ALER SLASH_DOT_IN_URL 202.207.224.25 61960 46.4.20.79 443 security-policy GLOBAL DENY NONE ["-"] GET 46.4.20.79/themes/default/css/.htaccess HTTPS "-" ""-"" 46.4.20.79 44428 "-" "-"
<54>May 26 08:30:59 SymantecServer symantec.endpoint.ibm.lab: Security risk found,Computer name: COMP-1100401,Source: Scheduled Scan,Risk name: VirusDoctor,Occurrences: 1,c:/System Volume Information/_restore{A3F5C2A3-F289-4356-B021-1FEFEFB73CBD}/RP243/A0070465.exe,"",Actual action: Quarantined,Requested action: Quarantined,Secondary action: Left alone,Event time: 2017-05-26 08:30:59,Inserted:2017-05-26 08:30:59,End: 2017-05-26 08:30:59,Domain: Default,Group: My Company	est,Server: avp1,User: testuser-94,Source computer:  ,Source IP: 0.0.0.0
<25>May 26 08:31:01 apple.macosx.ibm.lab DirectoryService[51]: Failed Authentication return is being delayed due to over five recent auth failures for username: testuser-50.
<38>May 26 08:31:02 syslog: ssh: failed login attempt for rogueUser-5 from 15.83.16.235
<54>May 26 08:31:04 SymantecServer symantec.endpoint.ibm.lab: testbox-abc,[SID: 21590] P2P Edonkey Ping Message detected.  Traffic has been allowed from this application: C:\Program Files\easyMule\emule.exe,Local: 54.11.145.63,Local: 00218696B978,Remote: ,Remote: 49.230.80.29,Remote: 000000000000,Outbound,OTHERS,Intrusion ID: 0,Begin: 2017-05-26 08:31:04,End: 2017-05-26 08:31:04,Occurrences: 1,Application: C:/Program Files/easyMule/emule.exe,Location: Default,User: testuser-89,Domain: us.ibm.com
<27>May 26 08:31:05 ambiron.ipangel.ibm.lab ipangel-ips: [2017-05-26 08:31:05-05] alert [Priority: 9] [119:2:1] [(http_inspect) DOUBLE DECODING ATTACK] 15.83.16.235:60254 TCP 78.220.205.32:80 br0
<189>May 26 08:31:07 ['9.9.9.9'] authmgr[504]: <NOTI> login <00:1c:bf:ca:2b:98  202.207.224.25 testuser-21>method=802.1x, server=TEST001, role=Authenticated Update(status 0 method 0 role 16), reauth=1800 sec
<129>May 26 08:31:08 barracuda.firewall.ibm.lab WF ALER METACHARACTER_IN_PARAMETER 56.219.18.103 53267 200.242.229.253 443 security-policy GLOBAL DENY NONE [token="%00 " Parameter="article" value="../../../../../../../../etc/passwd"] GET 200.242.229.253/talkback.cgi?article=../../../../../../../../etc/passwd%00&action=view&matchview=1 HTTPS "-" ""-"" 200.242.229.253 53267 "-" "-"
<157>May 26 08:31:10 microsoft.event.ibm.lab MSWinEventLog	4	Security	60703	Fri May 26 08:31:10 2017	552	Security	NETWORK SERVICE	Well Known Group	Success Audit	testuser-5	Logon/Logoff		Logon attempt using explicit credentials: Logged on user:  User Name: NETWORK SERVICE  Domain: NT AUTHORITY  Logon ID: (0x0,0x986049)  Logon GUID: -  User whose credentials were used:  Target User Name: testuser-5  Target Domain: us.ibm.com Target Logon GUID: -  Target Server Name: localhost  Target Server Info: localhost  Caller Process ID: 823084  Source Network Address: -  Source Port: - 	56794
<182>May 26 08:31:12 apache.httpd.ibm.lab httpd: 79.186.10.120 132.215.2.75 - - [26/May/2017:08:31:12 -0500] "TRACE / HTTP/1.0" 403 443 272
<38>May 26 08:31:13 sshd[random_number_1_to_999999]: Accepted publickey for testuser-2 from 16.74.199.104 port 63236 ssh2
<129>May 26 08:31:15 barracuda.firewall.ibm.lab WF ALER CROSS_SITE_SCRIPTING_IN_PARAM 120.171.20.155 49866 186.34.186.181 443 security-policy GLOBAL DENY NONE [type="cross-site-scripting" pattern="script-tag" token="<script>" Parameter="url" value="<script>alert(5341)</script>"] GET 186.34.186.181/redirect.asp?url=<script>alert(5341)</script> HTTPS "-" ""-"" 186.34.186.181 59845 "-" "-"
<182>May 26 08:31:16 apache.httpd.ibm.lab httpd: 212.2.111.4 173.191.213.39 - - [26/May/2017:08:31:16 -0500] "POST /test.php?doing_test=123 HTTP/1.0" 404 80 282
<13>May 26 08:31:18 microsoft.sec.ibm.lab AgentDevice=WindowsLog	AgentLogFile=Security	Source=Security	Computer=COMP-testuser-49	User=testuser-49	Domain=	EventID=672	EventIDCode=672	EventType=8	EventCategory=9	RecordNumber=691801	TimeGenerated=1495801878	TimeWritten=1495801878	Message=Authentication Ticket Request: User Name: testuser-49 Supplied Realm Name: us.ibm.com User ID: %{S-1-2-3-1100401} Service Name: krbtgt Service ID: %{S-3-2-1-6AB1B3} Ticket Options: 0x40810010 Result Code: - Ticket Encryption Type: 0x17 Pre-Authentication Type: 2 Client Address: 218.8.165.73 Certificate Issuer Name:  Certificate Serial Number:  Certificate Thumbprint: 
<13>May 26 08:31:19 microsoft.sec.ibm.lab AgentDevice=WindowsLog	AgentLogFile=Security	Source=Security	Computer=COMP-testuser-8	User=testuser-8	Domain=	EventID=672	EventIDCode=672	EventType=8	EventCategory=9	RecordNumber=951182	TimeGenerated=1495801879	TimeWritten=1495801879	Message=Authentication Ticket Request: User Name: testuser-8 Supplied Realm Name: us.ibm.com User ID: %{S-1-2-3-992016} Service Name: krbtgt Service ID: %{S-3-2-1-E003AA} Ticket Options: 0x40810010 Result Code: - Ticket Encryption Type: 0x17 Pre-Authentication Type: 2 Client Address: 155.202.179.159 Certificate Issuer Name:  Certificate Serial Number:  Certificate Thumbprint: 
<27>May 26 08:31:21 ambiron.ipangel.ibm.lab ipangel-ips: [2017-05-26 08:31:21-05] alert [Priority: 9] [119:2:1] [(http_inspect) DOUBLE DECODING ATTACK] 64.87.88.123:50038 TCP 221.153.210.201:80 br0
<190>May 26 08:31:22 arbor.pravail.ibm.lab pravail-aps: Blocked Host: Blocked host 125.83.117.185 at 10:53 by Malformed HTTP Filtering using TCP/80 (HTTP) destination 170.112.126.136 source port 49635,URL: https://arbornetworks.pravail.test.com/chaos/
<25>May 26 08:31:24 ambiron.ipangel.ibm.lab ipangel-ips: [2017-05-26 08:31:24-05] alert [Priority: 9] [116:46:1] [(snort_decoder) WARNING: TCP Data Offset is less than 5!] 20.135.51.253:49960 TCP 190.250.167.25:80 br0
<25>May 26 08:31:26 ambiron.ipangel.ibm.lab ipangel-ips: [2017-05-26 08:31:26-05] alert [Priority: 9] [116:46:1] [(snort_decoder) WARNING: TCP Data Offset is less than 5!] 15.83.16.235:56402 TCP 171.121.173.237:80 br0
<28>May 26 08:31:27 Message forwarded from aix.ibm.lab: rshd[random_number_1_to_999999]: Failed rsh authentication from 128.234.158.118 for local user root via remote user rogueUser-4
<83>May 26 08:31:29 apple.macosx.ibm.lab com.apple.SecurityServer: authinternal failed to authenticate user testuser-60.
<133>May 26 08:31:30 microsoft.event.ibm.lab MSWinEventLog 1 Security 102757633 Fri May 26 08:31:30 2017 4907 Microsoft-Windows-Security-Auditing N/A N/A Success Audit testuser-17 Audit Policy Change Auditing settings on object were changed. Subject: Security ID: S-1-5-18 Account Name: testuser-17 Account Domain: us.ibm.com Logon ID: 0x1089936 Object: Object Server: Security Object Type: File Object Name: \Windows\winsxs\test.wav Handle ID: 0x3a8 Process Information: Process ID: 0xF269DE Process Name: C:\Windows\System32\wbengine.exe Auditing Settings: Original Security Descriptor: S:AI(AU;A;;WD) New Security Descriptor: S:ARAI(AU;SAFA;;;;WD)(AU;IDFA;B;;;WD) 979275
<54>May 26 08:31:32 SymantecServer symantec.endpoint.ibm.lab: Potential risk found,Computer name: COMP-1104601,Detection type: Heuristic,Application name: (Unknown),Application type: Trojan Worm,Application version: ,Hash type: SHA-1,Application hash: 72c874f212a18944ff56f774bfe7252346b93f8e,Company name: ,File size (bytes): 301568,Sensitivity: 0,Detection score: 40,Submission recommendation:1,Permitted application reason: 0,Source: Heuristic Scan,Risk name: ,Occurrences: 1,c:\claims\claims32.exe,"",Actual action: Left alone,Requested action: Left alone,Secondary action: Left alone,Event time: 2017-05-26 08:31:32,Inserted:2017-05-26 08:31:32,End:  2017-05-26 08:31:32,Domain: Default,Group: My Company\LTC\Desktops,Server: crasesssmc01,User: testuser-87,Source computer: ,Source IP: 0.0.0.0
<189>May 26 08:31:33 ['9.9.9.9'] authmgr[504]: <NOTI> login <00:1c:bf:ca:2b:98  83.87.204.105 testuser-96>method=802.1x, server=TEST001, role=Authenticated Update(status 0 method 0 role 16), reauth=1800 sec
<129>May 26 08:31:35 barracuda.firewall.ibm.lab WF ALER METACHARACTER_IN_PARAMETER 83.87.204.105 52369 66.103.130.5 443 security-policy GLOBAL DENY NONE [token="%00 " Parameter="article" value="../../../../../../../../etc/passwd"] GET 66.103.130.5/talkback.cgi?article=../../../../../../../../etc/passwd%00&action=view&matchview=1 HTTPS "-" ""-"" 66.103.130.5 52369 "-" "-"
<182>May 26 08:31:37 apache.httpd.ibm.lab httpd: 165.11.95.213 190.101.185.155 - - [26/May/2017:08:31:37 -0500] "HEAD / HTTP/1.1" 200 443 -
<187>May 26 08:31:38 ['9.9.9.9'] httpd[16986]: [error] [client 30.90.182.58] Invalid URI in request \xf7vMKp`ET&\xa4\x9c\xc9\xec\xd1\xd8j\r\xce\xd9\xd4\xb3\c7
<86>May 26 08:31:40 apple.macosx.ibm.lab sshd[5590]: Failed password for invalid user rogueUser-3 from 31.114.92.170 port 54738 ssh2
<25>May 26 08:31:41 ambiron.ipangel.ibm.lab ipangel-ips: [2017-05-26 08:31:41-05] alert [Priority: 9] [116:46:1] [(snort_decoder) WARNING: TCP Data Offset is less than 5!] 129.171.84.29:57368 TCP 83.43.132.169:80 br0
<129>May 26 08:31:43 barracuda.firewall.ibm.lab WF ALER METACHARACTER_IN_PARAMETER 20.135.51.253 53299 208.220.199.252 443 security-policy GLOBAL DENY NONE [token="%00 " Parameter="article" value="../../../../../../../../etc/passwd"] GET 208.220.199.252/talkback.cgi?article=../../../../../../../../etc/passwd%00&action=view&matchview=1 HTTPS "-" ""-"" 208.220.199.252 53299 "-" "-"
<190>May 26 08:31:44 arbor.pravail.ibm.lab pravail-aps: Blocked Host: Blocked host 202.207.224.25 at 10:53 by Malformed HTTP Filtering using TCP/80 (HTTP) destination 81.23.7.182 source port 59966,URL: https://arbornetworks.pravail.test.com/chaos/
<33>May 26 08:31:46 threecom.switch.ibm.lab %May 26 08:31:46 2017 S9500 RTA/3/Failed to get user traffic: Failed to get traffic of user 83.87.204.105 on board 6
<33>May 26 08:31:48 threecom.switch.ibm.lab %May 26 08:31:48 2017 S9500 AAA/2/Serious error!: User testuser-53, in ACM send msg to SC failed! Returns 1 srcID 6 msgType 16384.
<54>May 26 08:31:49 SymantecServer symantec.endpoint.ibm.lab: DCA-EMAPROJ2,Allowed,"C:\Program Files\Common Files\Symantec Shared\ccSvcHst.exe",,Begin: 2017-05-26 08:31:49,End:2017-05-26 08:31:49,Rule: ,2528,C:/Program Files/Microsoft Virtual Server/vmh.exe,0,,C:/ProgramFiles/Common Files/Symantec Shared/ccSvcHst.exe,User: testuser-6,Domain: US
<13>May 26 08:31:51 checkpoint.firewall.ibm.lab 26May2017 drop checkpoint.firewall.ibm.lab product: SmartDefense; src: 212.2.111.4; s_port: 56519; dst: 86.216.149.137; service: 443; proto: tcp; rule: 392;Attack Info: TCP segment out of maximum allowed sequence. Packet dropped.;Confidence Level: 0;Performance Impact: 0;Protection Name: TCP Segment Limit Enforcement;Protection Type: settings_tcp;Severity: 0;SmartDefense Profile: Boticario_DMZ_Protection;__policy_id_tag: product=VPN-1 & FireWall-1[db_tag={E94ECB65-34C0-4740-9634-761E1604C8BC};mgmt=SJP1PLNX036-DMZ;date=1424714440;policy_name=DMZ];attack: Streaming Engine: TCP Segment Limit Enforcement;has_accounting: 0;i/f_dir: inbound;i/f_name: eth2-01.2809;origin_sic_name: CN=TEST-DMZ1,O=log_server_hostname;protection_id: tcp_segment_limit;rule_uid: {499DBB08-D262-4D9F-B639-5337A7B36E59};snid: 7572c682;src_machine_name: COMP-testuser-77;src_user_name: testuser-77 ;user: testuser-77 ;
<25>May 26 08:31:52 apple.macosx.ibm.lab DirectoryService[51]: Failed Authentication return is being delayed due to over five recent auth failures for username: testuser-30.
<86>May 26 08:31:54 apple.macosx.ibm.lab sshd[5590]: Failed password for invalid user rogueUser-5 from 28.206.209.167 port 61451 ssh2
<149>May 26 08:31:55 apple.macosx.ibm.lab sudo:    testuser-43 : TTY=ttyp1 ; PWD=/Users/admin ; USER=admin ;COMMAND=/bin/bash
<13>May 26 08:31:57 microsoft.sec.ibm.lab AgentDevice=WindowsLog	AgentLogFile=Security	Source=Security	Computer=COMP-testuser-90	User=testuser-90	Domain=	EventID=673	EventIDCode=673	EventType=8	EventCategory=9	RecordNumber=142463	TimeGenerated=1495801917	TimeWritten=1495801917	Message=Service Ticket Request:  User Name: testuser-90@us.ibm.com User Domain: us.ibm.com Service Name: MAIL$  Service ID: %{S-3-2-1-3083EC} Ticket Options:  0x40810000   Ticket Encryption Type: 0x17 Client Address: 218.111.178.29 Failure Code: - LogonGUID: {3083EC-f005ba11-ba5eba11} Transited Services: - 
<33>May 26 08:31:58 threecom.switch.ibm.lab %May 26 08:31:58 2017 S9500 FTPS/5/USEROUT: User testuser-21(202.207.224.25) logged out
<187>May 26 08:32:00 ['9.9.9.9'] httpd[16986]: [error] [client 30.90.182.58] Invalid URI in request \xf7vMKp`ET&\xa4\x9c\xc9\xec\xd1\xd8j\r\xce\xd9\xd4\xb3\c7
<86>May 26 08:32:02 apple.macosx.ibm.lab com.apple.SecurityServer: authinternal authenticated user testuser-73 (uid 95140).
<33>May 26 08:32:03 threecom.switch.ibm.lab %May 26 08:32:03 2017 S9500 FTPS/5/USERIN: User testuser-43(56.219.18.103) login succeeded
<54>May 26 08:32:05 SymantecServer symantec.endpoint.ibm.lab: Commercial application detected,Computer name: COMP-1094116,Detection type: Commercial,Application name: DameWare Development DWRCS,Application type: Remote Control,Application version: 5\~ 5\~ 0\~ 0,Hash type: SHA-1,Application hash: 4670d9eeeab7449788be3b18e9364ef0088b900e,Company name: DameWare Development LLC,File size (bytes): 208896,Sensitivity: 0,Detection score: 1,Submission recommendation: 0,Permitted application reason: 0,Source: Heuristic Scan,Risk name:  ,Occurrences: 1,DWMRCS,"DWMRCS",Actual action: Left alone,Requested action: Left alone,Secondary action: Commercial application detection,Event time: 2017-05-26 08:32:05,Inserted: 2017-05-26 08:32:05,End: 2017-05-26 08:32:05,Domain: Default,Group: My Company	est,Server: testbox,User: testuser-64,Source computer:  ,Source IP: 0.0.0.0
<38>May 26 08:32:06 sshd[240863]: Failed password for invalid user testuser-8 from 193.86.185.199 port 57890 ssh2
<25>May 26 08:32:08 ambiron.ipangel.ibm.lab ipangel-ips: [2017-05-26 08:32:08-05] alert [Priority: 9] [116:46:1] [(snort_decoder) WARNING: TCP Data Offset is less than 5!] 125.83.117.185:60396 TCP 58.17.159.8:80 br0
<157>May 26 08:32:09 microsoft.event.ibm.lab MSWinEventLog	4	Security	60703	Fri May 26 08:32:09 2017	552	Security	NETWORK SERVICE	Well Known Group	Success Audit	testuser-90	Logon/Logoff		Logon attempt using explicit credentials: Logged on user:  User Name: NETWORK SERVICE  Domain: NT AUTHORITY  Logon ID: (0x0,0x1092025)  Logon GUID: -  User whose credentials were used:  Target User Name: testuser-90  Target Domain: us.ibm.com Target Logon GUID: -  Target Server Name: localhost  Target Server Info: localhost  Caller Process ID: 445922  Source Network Address: -  Source Port: - 	56794
<38>May 26 08:32:11 Message forwarded from aix.ibm.lab: syslog: pts/2: failed login attempt for testuser-15 from 201.150.192.18
<179>May 26 08:32:13 apache.httpd.ibm.lab httpd[5570]: [ID 702911 local6.error] [error] [client 202.207.224.25] Certificate Verification: Error (10): certificate has expired
<83>May 26 08:32:14 apple.macosx.ibm.lab com.apple.SecurityServer: authinternal failed to authenticate user testuser-42.
<189>May 26 08:32:16 ['9.9.9.9'] authmgr[504]: <NOTI> login <00:1c:bf:ca:2b:98  30.90.182.58 testuser-93>method=802.1x, server=TEST001, role=Authenticated Update(status 0 method 0 role 16), reauth=1800 sec
<54>May 26 08:32:17 SymantecServer symantec.endpoint.ibm.lab: DCA-EMAPROJ2,Allowed,"C:\Program Files\Common Files\Symantec Shared\ccSvcHst.exe",,Begin: 2017-05-26 08:32:17,End:2017-05-26 08:32:17,Rule: ,2528,C:/Program Files/Microsoft Virtual Server/vmh.exe,0,,C:/ProgramFiles/Common Files/Symantec Shared/ccSvcHst.exe,User: rogueUser-3,Domain: US
<50>May 26 08:32:19 SymantecServer symantec.endpoint.ibm.lab: testbox-xyz,[SID: 70025] Web Attack: Blackhole Exploit Toolkit 2 attack blocked. Traffic has been blocked for this application: C:\Program Files\Internet Explorer\iexplore.exe,Local: 0.0.0.0,Local: 000000000000,Remote: ,Remote: 0.0.0.0,Remote: 000000000000,Inbound,OTHERS,,Begin: 2017-05-26 08:32:19,End: 2017-05-26 08:32:19,Occurrences: 1,Application: C:/Program Files/Internet Explorer/iexplore.exe,Location: Default,User: testuser-76,Domain: SIMON,!ExternalLoggingTask.localport! 0,!ExternalLoggingTask.remoteport! 0,!ExternalLoggingTask.cidssignid! 70025,!ExternalLoggingTask.strcidssignid! Web Attack: Blackhole Exploit Toolkit 2,!ExternalLoggingTask.cidssignsubid! 0,!ExternalLoggingTask.intrusionurl! http://pppptttt.blah.net/links/came_broadcasting_taking-various.php,!ExternalLoggingTask.intrusionpayloadurl!
<38>May 26 08:32:20 syslog: ssh: failed login attempt for rogueUser-1 from 174.224.222.89
<129>May 26 08:32:22 barracuda.firewall.ibm.lab WF ALER SLASH_DOT_IN_URL 128.234.158.118 62726 126.158.242.148 443 security-policy GLOBAL DENY NONE ["-"] GET 126.158.242.148/themes/default/css/.htaccess HTTPS "-" ""-"" 126.158.242.148 44428 "-" "-"
<13>May 26 08:32:24 microsoft.sec.ibm.lab AgentDevice=WindowsLog	AgentLogFile=Security	Source=Security	Computer=COMP-testuser-98	User=testuser-98	Domain=	EventID=672	EventIDCode=672	EventType=8	EventCategory=9	RecordNumber=790933	TimeGenerated=1495801944	TimeWritten=1495801944	Message=Authentication Ticket Request: User Name: testuser-98 Supplied Realm Name: us.ibm.com User ID: %{S-1-2-3-1108809} Service Name: krbtgt Service ID: %{S-3-2-1-FECF1F} Ticket Options: 0x40810010 Result Code: - Ticket Encryption Type: 0x17 Pre-Authentication Type: 2 Client Address: 168.130.150.147 Certificate Issuer Name:  Certificate Serial Number:  Certificate Thumbprint: 
<13>May 26 08:32:25 checkpoint.firewall.ibm.lab 26May2017 drop checkpoint.firewall.ibm.lab product: VPN-1 &FireWall-1; src: 136.38.97.190; s_port: 54532; dst: 206.188.148.109; service: 138; proto: udp; rule: 323;SmartDefense profile: Default_Protection;__policy_id_tag: product=VPN-1 & FireWall-1[db_tag={48AB8350-7F61-11DD-887D-C0A832D16C6C};mgmt=fwmngt-zentral;date=1221069169;policy_name=Chameleon_gbl];has_accounting: 0;i/f_dir: inbound;i/f_name: eth-s1/s1p1c0;rule_uid: {21D66174-0E19-4B77-A1E9-3473FE991088};
<189>May 26 08:32:27 ['9.9.9.9'] authmgr[504]: <NOTI> login <00:1c:bf:ca:2b:98  212.2.111.4 testuser-77>method=802.1x, server=TEST001, role=Authenticated Update(status 0 method 0 role 16), reauth=1800 sec
<25>May 26 08:32:28 apple.macosx.ibm.lab DirectoryService[51]: Failed Authentication return is being delayed due to over five recent auth failures for username: testuser-16.
<157>May 26 08:32:30 microsoft.event.ibm.lab MSWinEventLog	4	Security	60703	Fri May 26 08:32:30 2017	552	Security	NETWORK SERVICE	Well Known Group	Success Audit	testuser-71	Logon/Logoff		Logon attempt using explicit credentials: Logged on user:  User Name: NETWORK SERVICE  Domain: NT AUTHORITY  Logon ID: (0x0,0x1089936)  Logon GUID: -  User whose credentials were used:  Target User Name: testuser-71  Target Domain: us.ibm.com Target Logon GUID: -  Target Server Name: localhost  Target Server Info: localhost  Caller Process ID: 656778  Source Network Address: -  Source Port: - 	56794
<27>May 26 08:32:31 ambiron.ipangel.ibm.lab ipangel-ips: [2017-05-26 08:32:31-05] alert [Priority: 9] [119:2:1] [(http_inspect) DOUBLE DECODING ATTACK] 51.18.44.104:49655 TCP 177.210.131.113:80 br0
<33>May 26 08:32:33 threecom.switch.ibm.lab %May 26 08:32:33 2017 S9500 VTY/5/VTY_LOG:  TELNET user failed to login from 202.207.224.25(000D-88F6-60E0) on VTY0.
<190>May 26 08:32:34 arbor.pravail.ibm.lab pravail-aps: Blocked Host: Blocked host 79.186.10.120 10:53 by TCP Connection Reset using TCP/54640 (Unknown) destination 122.66.82.167 source port 443,URL: https://arbornetworks.pravail.test.com/chaos/
<54>May 26 08:32:36 SymantecServer symantec.endpoint.ibm.lab: Potential risk found,Computer name: COMP-980100,Detection type: Heuristic,Application name: (Unknown),Application type: Trojan Worm,Application version: ,Hash type: SHA-1,Application hash: 72c874f212a18944ff56f774bfe7252346b93f8e,Company name: ,File size (bytes): 301568,Sensitivity: 0,Detection score: 40,Submission recommendation:1,Permitted application reason: 0,Source: Heuristic Scan,Risk name: ,Occurrences: 1,c:\claims\claims32.exe,"",Actual action: Left alone,Requested action: Left alone,Secondary action: Left alone,Event time: 2017-05-26 08:32:36,Inserted:2017-05-26 08:32:36,End:  2017-05-26 08:32:36,Domain: Default,Group: My Company\LTC\Desktops,Server: crasesssmc01,User: testuser-2,Source computer: ,Source IP: 0.0.0.0
<187>May 26 08:32:38 ['9.9.9.9'] httpd[16986]: [error] [client 137.38.197.140] Invalid URI in request \xf7vMKp`ET&\xa4\x9c\xc9\xec\xd1\xd8j\r\xce\xd9\xd4\xb3\c7
<13>May 26 08:32:39 checkpoint.firewall.ibm.lab 26May2017  checkpoint.firewall.ibm.lab product: SmartDefense; src: 125.83.117.185; s_port: ; dst: 175.163.98.24; service: ; proto: udp; rule: ;Attack Info: Bad domain format, illegal ASCII value in domain;Suppressed logs: 1;Total logs: 2;__policy_id_tag: product=VPN-1 & FireWall-1[db_tag={9B20E8EA-7DE6-11DD-B7D6-C0A832D11E1E};mgmt=fwmngt-zentral;date=1220906528;policy_name=Vulpine_gbl];alert: alert;attack: Invalid DNS;has_accounting: 0;i/f_dir: inbound;
<50>May 26 08:32:41 SymantecServer symantec.endpoint.ibm.lab: testbox-xyz,[SID: 70025] Web Attack: Blackhole Exploit Toolkit 2 attack blocked. Traffic has been blocked for this application: C:\Program Files\Internet Explorer\iexplore.exe,Local: 0.0.0.0,Local: 000000000000,Remote: ,Remote: 0.0.0.0,Remote: 000000000000,Inbound,OTHERS,,Begin: 2017-05-26 08:32:41,End: 2017-05-26 08:32:41,Occurrences: 1,Application: C:/Program Files/Internet Explorer/iexplore.exe,Location: Default,User: testuser-100,Domain: SIMON,!ExternalLoggingTask.localport! 0,!ExternalLoggingTask.remoteport! 0,!ExternalLoggingTask.cidssignid! 70025,!ExternalLoggingTask.strcidssignid! Web Attack: Blackhole Exploit Toolkit 2,!ExternalLoggingTask.cidssignsubid! 0,!ExternalLoggingTask.intrusionurl! http://pppptttt.blah.net/links/came_broadcasting_taking-various.php,!ExternalLoggingTask.intrusionpayloadurl!
<133>May 26 08:32:42 microsoft.event.ibm.lab MSWinEventLog 1 Security 102757633 Fri May 26 08:32:42 2017 4907 Microsoft-Windows-Security-Auditing N/A N/A Success Audit testuser-25 Audit Policy Change Auditing settings on object were changed. Subject: Security ID: S-1-5-18 Account Name: testuser-25 Account Domain: us.ibm.com Logon ID: 0x1087849 Object: Object Server: Security Object Type: File Object Name: \Windows\winsxs\test.wav Handle ID: 0x3a8 Process Information: Process ID: 0x39A15D Process Name: C:\Windows\System32\wbengine.exe Auditing Settings: Original Security Descriptor: S:AI(AU;A;;WD) New Security Descriptor: S:ARAI(AU;SAFA;;;;WD)(AU;IDFA;B;;;WD) 403812
<83>May 26 08:32:44 apple.macosx.ibm.lab com.apple.SecurityServer: authinternal failed to authenticate user testuser-24.
<33>May 26 08:32:45 threecom.switch.ibm.lab %May 26 08:32:45 2017 S9500 PORTAL/5/PT_LOG: Online user 79.186.10.120 changes to 57.111.121.30, we will cut it off as using traffic-acct.
<13>May 26 08:32:47 microsoft.sec.ibm.lab AgentDevice=WindowsLog	AgentLogFile=Security	Source=Security	Computer=COMP-testuser-76	User=testuser-76	Domain=	EventID=672	EventIDCode=672	EventType=16	EventCategory=9	RecordNumber=333968	TimeGenerated=1495801967	TimeWritten=1495801967	Message=Authentication Ticket Request: User Name: testuser-76 Supplied Realm Name: us.ibm.com User ID: %{S-1-2-3-1100401} Service Name: krbtgt Service ID: %{S-3-2-1-3F59FA} Ticket Options: 0x40810010 Result Code: - Ticket Encryption Type: 0x17 Pre-Authentication Type: 2 Client Address: 170.47.176.131 Certificate Issuer Name:  Certificate Serial Number:  Certificate Thumbprint: 
<26>May 26 08:32:49 ambiron.ipangel.ibm.lab ipangel-ips: [2017-05-26 08:32:49-05] alert [Priority: 9] [119:14:1] [(http_inspect) NON-RFC DEFINED CHAR] 218.111.178.29:56735 TCP 68.105.198.5:80 br0
<133>May 26 08:32:50 microsoft.event.ibm.lab MSWinEventLog 1 Security 102757633 Fri May 26 08:32:50 2017 4907 Microsoft-Windows-Security-Auditing N/A N/A Success Audit testuser-31 Audit Policy Change Auditing settings on object were changed. Subject: Security ID: S-1-5-18 Account Name: testuser-31 Account Domain: us.ibm.com Logon ID: 0x1081600 Object: Object Server: Security Object Type: File Object Name: \Windows\winsxs\test.wav Handle ID: 0x3a8 Process Information: Process ID: 0x2F4016 Process Name: C:\Windows\System32\wbengine.exe Auditing Settings: Original Security Descriptor: S:AI(AU;A;;WD) New Security Descriptor: S:ARAI(AU;SAFA;;;;WD)(AU;IDFA;B;;;WD) 797271
<13>May 26 08:32:52 checkpoint.firewall.ibm.lab 26May2017  checkpoint.firewall.ibm.lab product: martDefense; src: 136.38.97.190; s_port: ; dst: 180.24.29.57; service: ; proto: udp; rule: ;Attack Info: Response packet too long, potential buffer overflow;Suppressed logs: 5;Total logs: 6;__policy_id_tag: product=VPN-1 & FireWall-1[db_tag={321A4EE6-7DEA-11DD-BFAA-C0A832822626};mgmt=fwmngt05;date=1220908070;policy_name=KillerWhale_gbl];alert: alert;attack: Invalid DNS;has_accounting: 0;i/f_dir: inbound;
<179>May 26 08:32:53 apache.httpd.ibm.lab httpd[5570]: [ID 702911 local6.error] [error] [client 30.90.182.58] Certificate Verification: Error (10): certificate has expired
<182>May 26 08:32:55 apache.httpd.ibm.lab httpd: 79.186.10.120 106.49.150.137 - - [26/May/2017:08:32:55 -0500] "OPTIONS /cgi-bin/index.php HTTP/1.1" 200 443 -
<157>May 26 08:32:56 microsoft.event.ibm.lab MSWinEventLog	4	Security	60703	Fri May 26 08:32:56 2017	552	Security	NETWORK SERVICE	Well Known Group	Success Audit	testuser-71	Logon/Logoff		Logon attempt using explicit credentials: Logged on user:  User Name: NETWORK SERVICE  Domain: NT AUTHORITY  Logon ID: (0x0,0x1089936)  Logon GUID: -  User whose credentials were used:  Target User Name: testuser-71  Target Domain: us.ibm.com Target Logon GUID: -  Target Server Name: localhost  Target Server Info: localhost  Caller Process ID: 79034  Source Network Address: -  Source Port: - 	56794
<190>May 26 08:32:58 arbor.pravail.ibm.lab pravail-aps: Blocked Host: Blocked host 54.11.145.63 10:53 by TCP Connection Reset using TCP/55047 (Unknown) destination 170.76.83.39 source port 443,URL: https://arbornetworks.pravail.test.com/chaos/
<26>May 26 08:33:00 ambiron.ipangel.ibm.lab ipangel-ips: [2017-05-26 08:33:00-05] alert [Priority: 9] [119:14:1] [(http_inspect) NON-RFC DEFINED CHAR] 9.135.38.229:64415 TCP 34.147.117.152:80 br0
<54>May 26 08:33:01 SymantecServer symantec.endpoint.ibm.lab: CNC2PSY9D1,Allowed,Sysfer exception: .\RegParamEngine.cpp 1152 Failed to read value DeviceInstance from key \Registry\Machine\SYSTEM\CurrentControlSet\Control\DeviceClasses\{53f56307-b6bf-11d0-94f2-00a0c91efb8b}\##?#IDE#DiskWDC_WD800JD-75MSA3______________________10.01E04#5&,Sysfer exception,Begin: 2017-05-26 08:33:01,End: 2017-05-26 08:33:01,Rule: Sysfer exception,3592,C:/Program Files/Cisco Systems/CSAgent/bin/okclient.exe,0,,,User: testuser-44,Domain: US
<189>May 26 08:33:03 ['9.9.9.9'] authmgr[504]: <NOTI> login <00:1c:bf:ca:2b:98  218.111.178.29 testuser-36>method=802.1x, server=TEST001, role=Authenticated Update(status 0 method 0 role 16), reauth=1800 sec
<26>May 26 08:33:04 ambiron.ipangel.ibm.lab ipangel-ips: [2017-05-26 08:33:04-05] alert [Priority: 9] [119:14:1] [(http_inspect) NON-RFC DEFINED CHAR] 137.38.197.140:50199 TCP 65.203.6.102:80 br0
<37>May 26 08:33:06 Message forwarded from aix.ibm.lab: su: from rogueUser-3 to root at /dev/pts/4
<190>May 26 08:33:07 arbor.pravail.ibm.lab pravail-aps: Blocked Host: Blocked host 99.123.52.13 10:53 by TCP Connection Reset using TCP/54127 (Unknown) destination 71.195.7.187 source port 443,URL: https://arbornetworks.pravail.test.com/chaos/
<182>May 26 08:33:09 apache.httpd.ibm.lab httpd: 201.150.192.18 31.25.79.91 - - [26/May/2017:08:33:09 -0500] "GET / HTTP/1.0" 200 443 9334
<13>May 26 08:33:10 checkpoint.firewall.ibm.lab 26May2017  checkpoint.firewall.ibm.lab product: martDefense; src: 9.135.38.229; s_port: ; dst: 37.206.191.99; service: ; proto: udp; rule: ;Attack Info: Response packet too long, potential buffer overflow;Suppressed logs: 5;Total logs: 6;__policy_id_tag: product=VPN-1 & FireWall-1[db_tag={321A4EE6-7DEA-11DD-BFAA-C0A832822626};mgmt=fwmngt05;date=1220908070;policy_name=KillerWhale_gbl];alert: alert;attack: Invalid DNS;has_accounting: 0;i/f_dir: inbound;
<33>May 26 08:33:12 threecom.switch.ibm.lab %May 26 08:33:12 2017 S9500 PORTAL/5/PT_LOG: Online user 165.11.95.213 changes to 160.164.214.76, we will cut it off as using traffic-acct.
<190>May 26 08:33:14 arbor.pravail.ibm.lab pravail-aps: Blocked Host: Blocked host 51.18.44.104 10:53 by TCP Connection Reset using TCP/62864 (Unknown) destination 119.54.176.201 source port 443,URL: https://arbornetworks.pravail.test.com/chaos/
<129>May 26 08:33:15 barracuda.firewall.ibm.lab WF ALER METHOD_NOT_ALLOWED 79.186.10.120 56810 166.126.144.158 80 security-policy GLOBAL DENY NONE [Method="ABCD"] ABCD 166.126.144.158/ HTTP "-" ""-"" 166.126.144.158 48536 "-" "-"
<129>May 26 08:33:17 barracuda.firewall.ibm.lab WF ALER METHOD_NOT_ALLOWED 120.171.20.155 57639 61.239.33.80 80 security-policy GLOBAL DENY NONE [Method="ABCD"] ABCD 61.239.33.80/ HTTP "-" ""-"" 61.239.33.80 48536 "-" "-"
<25>May 26 08:33:18 apple.macosx.ibm.lab DirectoryService[51]: Failed Authentication return is being delayed due to over five recent auth failures for username: rogueUser-2.
<54>May 26 08:33:20 SymantecServer symantec.endpoint.ibm.lab: CNC2PSY9D1,Allowed,Sysfer exception: .\RegParamEngine.cpp 1152 Failed to read value DeviceInstance from key \Registry\Machine\SYSTEM\CurrentControlSet\Control\DeviceClasses\{53f56307-b6bf-11d0-94f2-00a0c91efb8b}\##?#IDE#DiskWDC_WD800JD-75MSA3______________________10.01E04#5&,Sysfer exception,Begin: 2017-05-26 08:33:20,End: 2017-05-26 08:33:20,Rule: Sysfer exception,3592,C:/Program Files/Cisco Systems/CSAgent/bin/okclient.exe,0,,,User: testuser-3,Domain: US
<190>May 26 08:33:21 arbor.pravail.ibm.lab pravail-aps: Blocked Host: Blocked host 51.18.44.104 at 10:53 by Malformed HTTP Filtering using TCP/80 (HTTP) destination 156.221.249.217 source port 62964,URL: https://arbornetworks.pravail.test.com/chaos/
<13>May 26 08:33:23 checkpoint.firewall.ibm.lab 26May2017  checkpoint.firewall.ibm.lab product: SmartDefense; src: 179.174.48.208; s_port: ; dst: 155.181.233.39; service: ; proto: icmp; rule: ;Attack Info: Echo request too big;Suppressed logs: 1;Total logs: 2;__policy_id_tag: product=VPN-1 & FireWall-1[db_tag={B5A7057E-7F61-11DD-AA43-C0A832D12424};mgmt=fwmngt-zentral;date=1221069352;policy_name=Spider_gbl];alert: alert;attack: Large ping;has_accounting: 0;i/f_dir: inbound;
<190>May 26 08:33:25 arbor.pravail.ibm.lab pravail-aps: Blocked Host: Blocked host 15.83.16.235 at 10:53 by Malformed HTTP Filtering using TCP/80 (HTTP) destination 150.57.80.160 source port 64065,URL: https://arbornetworks.pravail.test.com/chaos/
<129>May 26 08:33:26 barracuda.firewall.ibm.lab WF ALER CROSS_SITE_SCRIPTING_IN_URL 30.90.182.58 62416 207.55.7.70 80 security-policy GLOBAL DENY NONE [type="cross-site-scripting" pattern="script-tag" token="<script>"] GET 207.55.7.70/<script>alert(53416)</script> HTTP "-" ""-"" 207.55.7.70 48541 "-" "-"
<33>May 26 08:33:28 threecom.switch.ibm.lab %May 26 08:33:28 2017 S9500 VTY/5/VTY_LOG:  TELNET user failed to login from 125.83.117.185(000D-88F6-60E0) on VTY0.
<33>May 26 08:33:29 threecom.switch.ibm.lab %May 26 08:33:29 2017 S9500 RTA/3/Failed to start accounting: Failed to start traffic accounting for user 54.11.145.63 on board 6
<13>May 26 08:33:31 microsoft.sec.ibm.lab AgentDevice=WindowsLog	AgentLogFile=Security	Source=Security	Computer=COMP-testuser-17	User=testuser-17	Domain=	EventID=680	EventIDCode=680	EventType=16	EventCategory=9	RecordNumber=230531	TimeGenerated=1495802011	TimeWritten=1495802011	Message=Logon attempt by: MICROSOFT_AUTHENTICATION_PACKAGE_V1_0 Logon account: testuser-17 Source Workstation: COMP-testuser-17 Error Code: 0x0 
<33>May 26 08:33:32 threecom.switch.ibm.lab %May 26 08:33:32 2017 S9500 RTA/3/Failed to get user traffic: Failed to get traffic of user 30.90.182.58 on board 6
<14>May 26 08:33:34 Message forwarded from aix.ibm.lab: rcp[random_number_1_to_999999]: EXPORT file to host aix.ibm.lab cmd is rcp -t /root, local user testuser-99.
<157>May 26 08:33:36 microsoft.event.ibm.lab MSWinEventLog	4	Security	60703	Fri May 26 08:33:36 2017	552	Security	NETWORK SERVICE	Well Known Group	Success Audit	testuser-45	Logon/Logoff		Logon attempt using explicit credentials: Logged on user:  User Name: NETWORK SERVICE  Domain: NT AUTHORITY  Logon ID: (0x0,0x1092025)  Logon GUID: -  User whose credentials were used:  Target User Name: testuser-45  Target Domain: us.ibm.com Target Logon GUID: -  Target Server Name: localhost  Target Server Info: localhost  Caller Process ID: 676058  Source Network Address: -  Source Port: - 	56794
<13>May 26 08:33:37 microsoft.sec.ibm.lab AgentDevice=WindowsLog	AgentLogFile=Security	Source=Security	Computer=COMP-testuser-4	User=testuser-4	Domain=	EventID=529	EventIDCode=529	EventType=16	EventCategory=2	RecordNumber=498956	TimeGenerated=1495802017	TimeWritten=1495802017	Message=Successful Network Logon: User Name: Domain: Logon ID: (0x0,0x984064) Logon Type: 3 Logon Process: NtLmSsp Authentication Package: NTLM Workstation Name: COMP-testuser-4 Logon GUID: - Caller User Name: - Caller Domain: - Caller Logon ID: - Caller Process ID: - Transited Services: - Source Network Address: 137.182.186.13 Source Port: 0
<187>May 26 08:33:39 ['9.9.9.9'] httpd[16986]: [error] [client 120.171.20.155] Invalid URI in request \xf7vMKp`ET&\xa4\x9c\xc9\xec\xd1\xd8j\r\xce\xd9\xd4\xb3\c7
<33>May 26 08:33:40 threecom.switch.ibm.lab %May 26 08:33:40 2017 S9500 AAA/2/Serious error!: User testuser-3, in ACM send msg to SC failed! Returns 1 srcID 6 msgType 16384.
<54>May 26 08:33:42 SymantecServer symantec.endpoint.ibm.lab: testbox-abc,[SID: 21590] P2P Edonkey Ping Message detected.  Traffic has been allowed from this application: C:\Program Files\easyMule\emule.exe,Local: 167.227.124.53,Local: 00218696B978,Remote: ,Remote: 199.198.234.1,Remote: 000000000000,Outbound,OTHERS,Intrusion ID: 0,Begin: 2017-05-26 08:33:42,End: 2017-05-26 08:33:42,Occurrences: 1,Application: C:/Program Files/easyMule/emule.exe,Location: Default,User: testuser-5,Domain: us.ibm.com
<33>May 26 08:33:43 threecom.switch.ibm.lab %May 26 08:33:43 2017 S9500 VTY/5/VTY_LOG:  TELNET user failed to login from 54.11.145.63(000D-88F6-60E0) on VTY0.
<187>May 26 08:33:45 ['9.9.9.9'] httpd[16986]: [error] [client 165.11.95.213] Invalid URI in request \xf7vMKp`ET&\xa4\x9c\xc9\xec\xd1\xd8j\r\xce\xd9\xd4\xb3\c7
<190>May 26 08:33:46 arbor.pravail.ibm.lab pravail-aps: Blocked Host: Blocked host 165.11.95.213 10:53 by TCP Connection Reset using TCP/56714 (Unknown) destination 178.194.90.209 source port 443,URL: https://arbornetworks.pravail.test.com/chaos/
<54>May 26 08:33:48 SymantecServer symantec.endpoint.ibm.lab: testbox-abc,[SID: 21590] P2P Edonkey Ping Message detected.  Traffic has been allowed from this application: C:\Program Files\easyMule\emule.exe,Local: 79.186.10.120,Local: 00218696B978,Remote: ,Remote: 3.100.90.64,Remote: 000000000000,Outbound,OTHERS,Intrusion ID: 0,Begin: 2017-05-26 08:33:48,End: 2017-05-26 08:33:48,Occurrences: 1,Application: C:/Program Files/easyMule/emule.exe,Location: Default,User: testuser-55,Domain: us.ibm.com
<13>May 26 08:33:50 microsoft.sec.ibm.lab AgentDevice=WindowsLog	AgentLogFile=Security	Source=Security	Computer=COMP-testuser-13	User=testuser-13	Domain=	EventID=529	EventIDCode=529	EventType=16	EventCategory=2	RecordNumber=282770	TimeGenerated=1495802030	TimeWritten=1495802030	Message=Successful Network Logon: User Name: Domain: Logon ID: (0x0,0x1081600) Logon Type: 3 Logon Process: NtLmSsp Authentication Package: NTLM Workstation Name: COMP-testuser-13 Logon GUID: - Caller User Name: - Caller Domain: - Caller Logon ID: - Caller Process ID: - Transited Services: - Source Network Address: 36.7.126.250 Source Port: 0
<129>May 26 08:33:51 barracuda.firewall.ibm.lab WF ALER CROSS_SITE_SCRIPTING_IN_URL 79.186.10.120 63972 109.119.237.209 80 security-policy GLOBAL DENY NONE [type="cross-site-scripting" pattern="script-tag" token="<script>"] GET 109.119.237.209/<script>alert(53416)</script> HTTP "-" ""-"" 109.119.237.209 48541 "-" "-"
<13>May 26 08:33:53 microsoft.sec.ibm.lab AgentDevice=WindowsLog	AgentLogFile=Security	Source=Security	Computer=COMP-testuser-78	User=testuser-78	Domain=	EventID=672	EventIDCode=672	EventType=16	EventCategory=9	RecordNumber=804916	TimeGenerated=1495802033	TimeWritten=1495802033	Message=Authentication Ticket Request: User Name: testuser-78 Supplied Realm Name: us.ibm.com User ID: %{S-1-2-3-1104601} Service Name: krbtgt Service ID: %{S-3-2-1-419447} Ticket Options: 0x40810010 Result Code: - Ticket Encryption Type: 0x17 Pre-Authentication Type: 2 Client Address: 83.87.204.105 Certificate Issuer Name:  Certificate Serial Number:  Certificate Thumbprint: 
<50>May 26 08:33:54 SymantecServer symantec.endpoint.ibm.lab: testbox-xyz,[SID: 70025] Web Attack: Blackhole Exploit Toolkit 2 attack blocked. Traffic has been blocked for this application: C:\Program Files\Internet Explorer\iexplore.exe,Local: 0.0.0.0,Local: 000000000000,Remote: ,Remote: 0.0.0.0,Remote: 000000000000,Inbound,OTHERS,,Begin: 2017-05-26 08:33:54,End: 2017-05-26 08:33:54,Occurrences: 1,Application: C:/Program Files/Internet Explorer/iexplore.exe,Location: Default,User: testuser-53,Domain: SIMON,!ExternalLoggingTask.localport! 0,!ExternalLoggingTask.remoteport! 0,!ExternalLoggingTask.cidssignid! 70025,!ExternalLoggingTask.strcidssignid! Web Attack: Blackhole Exploit Toolkit 2,!ExternalLoggingTask.cidssignsubid! 0,!ExternalLoggingTask.intrusionurl! http://pppptttt.blah.net/links/came_broadcasting_taking-various.php,!ExternalLoggingTask.intrusionpayloadurl!
<54>May 26 08:33:56 SymantecServer symantec.endpoint.ibm.lab: DCA-EMAPROJ2,Allowed,"C:\Program Files\Common Files\Symantec Shared\ccSvcHst.exe",,Begin: 2017-05-26 08:33:56,End:2017-05-26 08:33:56,Rule: ,2528,C:/Program Files/Microsoft Virtual Server/vmh.exe,0,,C:/ProgramFiles/Common Files/Symantec Shared/ccSvcHst.exe,User: testuser-41,Domain: US
<38>May 26 08:33:57 sshd[989161]: Invalid user testuser-14 from 98.58.236.12
<26>May 26 08:33:59 ambiron.ipangel.ibm.lab ipangel-ips: [2017-05-26 08:33:59-05] alert [Priority: 9] [119:14:1] [(http_inspect) NON-RFC DEFINED CHAR] 136.38.97.190:57435 TCP 139.95.173.143:80 br0
<86>May 26 08:34:01 apple.macosx.ibm.lab com.apple.SecurityServer: authinternal authenticated user testuser-54 (uid 93049).
<38>May 26 08:34:02 sshd[872966]: Invalid user rogueUser-5 from 67.17.109.181
<27>May 26 08:34:04 ambiron.ipangel.ibm.lab ipangel-ips: [2017-05-26 08:34:04-05] alert [Priority: 9] [119:2:1] [(http_inspect) DOUBLE DECODING ATTACK] 30.90.182.58:55897 TCP 220.39.77.229:80 br0
<26>May 26 08:34:05 ambiron.ipangel.ibm.lab ipangel-ips: [2017-05-26 08:34:05-05] alert [Priority: 9] [119:14:1] [(http_inspect) NON-RFC DEFINED CHAR] 44.111.228.125:56820 TCP 219.148.24.23:80 br0
<50>May 26 08:34:07 SymantecServer symantec.endpoint.ibm.lab: testbox-xyz,[SID: 70025] Web Attack: Blackhole Exploit Toolkit 2 attack blocked. Traffic has been blocked for this application: C:\Program Files\Internet Explorer\iexplore.exe,Local: 0.0.0.0,Local: 000000000000,Remote: ,Remote: 0.0.0.0,Remote: 000000000000,Inbound,OTHERS,,Begin: 2017-05-26 08:34:07,End: 2017-05-26 08:34:07,Occurrences: 1,Application: C:/Program Files/Internet Explorer/iexplore.exe,Location: Default,User: testuser-23,Domain: SIMON,!ExternalLoggingTask.localport! 0,!ExternalLoggingTask.remoteport! 0,!ExternalLoggingTask.cidssignid! 70025,!ExternalLoggingTask.strcidssignid! Web Attack: Blackhole Exploit Toolkit 2,!ExternalLoggingTask.cidssignsubid! 0,!ExternalLoggingTask.intrusionurl! http://pppptttt.blah.net/links/came_broadcasting_taking-various.php,!ExternalLoggingTask.intrusionpayloadurl!
<182>May 26 08:34:08 apache.httpd.ibm.lab httpd: 165.11.95.213 119.209.236.158 - - [26/May/2017:08:34:08 -0500] "GET /../../../../../../../../../../../ HTTP/1.1" 400 443 307
<13>May 26 08:34:10 microsoft.sec.ibm.lab AgentDevice=WindowsLog	AgentLogFile=Security	Source=Security	Computer=COMP-testuser-90	User=testuser-90	Domain=	EventID=576	EventIDCode=576	EventType=8	EventCategory=2	RecordNumber=935355	TimeGenerated=1495802050	TimeWritten=1495802050	Message=Special privileges assigned to new logon: User Name: testuser-90 Domain: us.ibm.com Logon ID: (0x0,0x1092025) Privileges: SeSecurityPrivilege SeBackupPrivilege SeRestorePrivilege SeTakeOwnershipPrivilege SeDebugPrivilege SeSystemEnvironmentPrivilege SeLoadDriverPrivilege SeImpersonatePrivilege
