<157>May 26 08:45:39 microsoft.event.ibm.lab MSWinEventLog	4	Security	60703	Fri May 26 08:45:39 2017	552	Security	NETWORK SERVICE	Well Known Group	Success Audit	testuser-39	Logon/Logoff		Logon attempt using explicit credentials: Logged on user:  User Name: NETWORK SERVICE  Domain: NT AUTHORITY  Logon ID: (0x0,0x1098304)  Logon GUID: -  User whose credentials were used:  Target User Name: testuser-39  Target Domain: us.ibm.com Target Logon GUID: -  Target Server Name: localhost  Target Server Info: localhost  Caller Process ID: 445104  Source Network Address: -  Source Port: - 	56794
<86>May 26 08:45:40 apple.macosx.ibm.lab com.apple.SecurityServer: uid 80545 succeeded authenticating as user admin (uid 501) for right system.install.root.user.
<129>May 26 08:45:42 barracuda.firewall.ibm.lab WF ALER METHOD_NOT_ALLOWED 136.38.97.190 57583 166.33.90.182 80 security-policy GLOBAL DENY NONE [Method="ABCD"] ABCD 166.33.90.182/ HTTP "-" ""-"" 166.33.90.182 48536 "-" "-"
<39>May 26 08:45:43 Message forwarded from aix.ibm.lab: testuser-82 PAM: pam_authenticate: error Authentication failed
<190>May 26 08:45:45 arbor.pravail.ibm.lab pravail-aps: Blocked Host: Blocked host 132.146.155.198 at 10:53 by Malformed HTTP Filtering using TCP/80 (HTTP) destination 77.41.64.36 source port 53819,URL: https://arbornetworks.pravail.test.com/chaos/
<182>May 26 08:45:46 apache.httpd.ibm.lab httpd: 79.186.10.120 64.201.22.166 - - [26/May/2017:08:45:46 -0500] "GET /<script>alert(53416)</script> HTTP/1.1" 404 443 320
<157>May 26 08:45:48 microsoft.event.ibm.lab MSWinEventLog	4	Security	60703	Fri May 26 08:45:48 2017	552	Security	NETWORK SERVICE	Well Known Group	Success Audit	testuser-16	Logon/Logoff		Logon attempt using explicit credentials: Logged on user:  User Name: NETWORK SERVICE  Domain: NT AUTHORITY  Logon ID: (0x0,0x1087849)  Logon GUID: -  User whose credentials were used:  Target User Name: testuser-16  Target Domain: us.ibm.com Target Logon GUID: -  Target Server Name: localhost  Target Server Info: localhost  Caller Process ID: 301456  Source Network Address: -  Source Port: - 	56794
<13>May 26 08:45:50 microsoft.sec.ibm.lab AgentDevice=WindowsLog	AgentLogFile=Security	Source=Security	Computer=COMP-testuser-47	User=testuser-47	Domain=	EventID=540	EventIDCode=540	EventType=8	EventCategory=2	RecordNumber=15624	TimeGenerated=1495802750	TimeWritten=1495802750	Message=Successful Network Logon: User Name: Domain: Logon ID: (0x0,0x1096209) Logon Type: 3 Logon Process: NtLmSsp Authentication Package: NTLM Workstation Name: COMP-testuser-47 Logon GUID: - Caller User Name: - Caller Domain: - Caller Logon ID: - Caller Process ID: - Transited Services: - Source Network Address: 22.234.196.236 Source Port: 0
<86>May 26 08:45:51 apple.macosx.ibm.lab sshd[5590]: Failed password for invalid user rogueUser-3 from 210.55.181.35 port 61427 ssh2
<182>May 26 08:45:53 apache.httpd.ibm.lab httpd: 20.135.51.253 48.23.183.138 - - [26/May/2017:08:45:53 -0500] "OPTIONS /cgi-bin/index.php HTTP/1.1" 200 443 -
<129>May 26 08:45:54 barracuda.firewall.ibm.lab WF ALER METACHARACTER_IN_PARAMETER 79.186.10.120 51811 156.117.50.114 443 security-policy GLOBAL DENY NONE [token="%00 " Parameter="article" value="../../../../../../../../etc/passwd"] GET 156.117.50.114/talkback.cgi?article=../../../../../../../../etc/passwd%00&action=view&matchview=1 HTTPS "-" ""-"" 156.117.50.114 51811 "-" "-"
<54>May 26 08:45:56 SymantecServer symantec.endpoint.ibm.lab: CNC2PSY9D1,Allowed,Sysfer exception: .\RegParamEngine.cpp 1152 Failed to read value DeviceInstance from key \Registry\Machine\SYSTEM\CurrentControlSet\Control\DeviceClasses\{53f56307-b6bf-11d0-94f2-00a0c91efb8b}\##?#IDE#DiskWDC_WD800JD-75MSA3______________________10.01E04#5&,Sysfer exception,Begin: 2017-05-26 08:45:56,End: 2017-05-26 08:45:56,Rule: Sysfer exception,3592,C:/Program Files/Cisco Systems/CSAgent/bin/okclient.exe,0,,,User: testuser-40,Domain: US
<133>May 26 08:45:57 microsoft.event.ibm.lab MSWinEventLog 1 Security 102757633 Fri May 26 08:45:57 2017 4907 Microsoft-Windows-Security-Auditing N/A N/A Success Audit testuser-11 Audit Policy Change Auditing settings on object were changed. Subject: Security ID: S-1-5-18 Account Name: testuser-11 Account Domain: us.ibm.com Logon ID: 0x1077444 Object: Object Server: Security Object Type: File Object Name: \Windows\winsxs\test.wav Handle ID: 0x3a8 Process Information: Process ID: 0x0B907E Process Name: C:\Windows\System32\wbengine.exe Auditing Settings: Original Security Descriptor: S:AI(AU;A;;WD) New Security Descriptor: S:ARAI(AU;SAFA;;;;WD)(AU;IDFA;B;;;WD) 721843
<27>May 26 08:45:59 ambiron.ipangel.ibm.lab ipangel-ips: [2017-05-26 08:45:59-05] alert [Priority: 9] [119:2:1] [(http_inspect) DOUBLE DECODING ATTACK] 179.174.48.208:55787 TCP 95.85.176.67:80 br0
<13>May 26 08:46:01 microsoft.sec.ibm.lab AgentDevice=WindowsLog	AgentLogFile=Security	Source=Security	Computer=COMP-testuser-98	User=testuser-98	Domain=	EventID=540	EventIDCode=540	EventType=8	EventCategory=2	RecordNumber=255221	TimeGenerated=1495802761	TimeWritten=1495802761	Message=Successful Network Logon: User Name: Domain: Logon ID: (0x0,0x1108809) Logon Type: 3 Logon Process: NtLmSsp Authentication Package: NTLM Workstation Name: COMP-testuser-98 Logon GUID: - Caller User Name: - Caller Domain: - Caller Logon ID: - Caller Process ID: - Transited Services: - Source Network Address: 54.11.145.63 Source Port: 0
<182>May 26 08:46:02 apache.httpd.ibm.lab httpd: 136.38.97.190 56.135.222.29 - - [26/May/2017:08:46:02 -0500] "HEAD / HTTP/1.1" 200 443 -
<189>May 26 08:46:04 ['9.9.9.9'] authmgr[504]: <NOTI> login <00:1c:bf:ca:2b:98  120.171.20.155 testuser-76>method=802.1x, server=TEST001, role=Authenticated Update(status 0 method 0 role 16), reauth=1800 sec
<129>May 26 08:46:05 barracuda.firewall.ibm.lab WF ALER METHOD_NOT_ALLOWED 120.171.20.155 51922 54.48.127.105 80 security-policy GLOBAL DENY NONE [Method="ABCD"] ABCD 54.48.127.105/ HTTP "-" ""-"" 54.48.127.105 48536 "-" "-"
<13>May 26 08:46:07 microsoft.sec.ibm.lab AgentDevice=WindowsLog	AgentLogFile=Security	Source=Security	Computer=COMP-rogueUser-5	User=rogueUser-5	Domain=	EventID=680	EventIDCode=680	EventType=8	EventCategory=9	RecordNumber=384929	TimeGenerated=1495802767	TimeWritten=1495802767	Message=Logon attempt by: MICROSOFT_AUTHENTICATION_PACKAGE_V1_0 Logon account: rogueUser-5 Source Workstation: COMP-rogueUser-5 Error Code: 0x0 
<38>May 26 08:46:08 sshd[734936]: Failed password for invalid user testuser-75 from 30.90.182.58 port 52050 ssh2
<38>May 26 08:46:10 sshd[311305]: Failed none for invalid user testuser-61 from 56.219.18.103 port 63329 ssh2
<13>May 26 08:46:12 checkpoint.firewall.ibm.lab 26May2017 reject checkpoint.firewall.ibm.lab product: VPN-1 & FireWall-1; src: 51.18.44.104; s_port: 61802; dst: 166.79.141.174; service: 113; proto: tcp; rule: 14;SmartDefense profile: Default_Protection;__policy_id_tag: product=VPN-1 & FireWall-1[db_tag={25E5B8F6-79E7-11DD-941A-C0A832D00C0C};mgmt=fwmngt-wuv;date=1220466957;policy_name=rhino_gbl];has_accounting: 0;i/f_dir: inbound;i/f_name: eth-s2/s1p1c0;rule_uid: {9C96B325-D976-4A30-8685-9ED61018A6E7};service_id: gident;
<38>May 26 08:46:13 sshd[random_number_1_to_999999]: Accepted keyboard-interactive/pam for testuser-39 from 30.90.182.58 port 53051 ssh2
<34>May 26 08:46:13 Message forwarded from aix.ibm.lab: su: BAD SU from testuser-39 to root at /dev/pts/3
<54>May 26 08:46:15 SymantecServer symantec.endpoint.ibm.lab: Commercial application detected,Computer name: COMP-1102500,Detection type: Commercial,Application name: DameWare Development DWRCS,Application type: Remote Control,Application version: 5\~ 5\~ 0\~ 0,Hash type: SHA-1,Application hash: 4670d9eeeab7449788be3b18e9364ef0088b900e,Company name: DameWare Development LLC,File size (bytes): 208896,Sensitivity: 0,Detection score: 1,Submission recommendation: 0,Permitted application reason: 0,Source: Heuristic Scan,Risk name:  ,Occurrences: 1,DWMRCS,"DWMRCS",Actual action: Left alone,Requested action: Left alone,Secondary action: Commercial application detection,Event time: 2017-05-26 08:46:15,Inserted: 2017-05-26 08:46:15,End: 2017-05-26 08:46:15,Domain: Default,Group: My Company	est,Server: testbox,User: testuser-68,Source computer:  ,Source IP: 0.0.0.0
<13>May 26 08:46:16 microsoft.sec.ibm.lab AgentDevice=WindowsLog	AgentLogFile=Security	Source=Security	Computer=COMP-testuser-74	User=testuser-74	Domain=	EventID=540	EventIDCode=540	EventType=8	EventCategory=2	RecordNumber=38673	TimeGenerated=1495802776	TimeWritten=1495802776	Message=Successful Network Logon: User Name: Domain: Logon ID: (0x0,0x1096209) Logon Type: 3 Logon Process: NtLmSsp Authentication Package: NTLM Workstation Name: COMP-testuser-74 Logon GUID: - Caller User Name: - Caller Domain: - Caller Logon ID: - Caller Process ID: - Transited Services: - Source Network Address: 71.221.125.209 Source Port: 0
<187>May 26 08:46:18 ['9.9.9.9'] httpd[16986]: [error] [client 132.146.155.198] Invalid URI in request \xf7vMKp`ET&\xa4\x9c\xc9\xec\xd1\xd8j\r\xce\xd9\xd4\xb3\c7
<26>May 26 08:46:19 ambiron.ipangel.ibm.lab ipangel-ips: [2017-05-26 08:46:19-05] alert [Priority: 9] [119:14:1] [(http_inspect) NON-RFC DEFINED CHAR] 218.111.178.29:62260 TCP 23.234.145.132:80 br0
<190>May 26 08:46:21 arbor.pravail.ibm.lab pravail-aps: Blocked Host: Blocked host 83.87.204.105 10:53 by TCP Connection Reset using TCP/54732 (Unknown) destination 152.173.207.141 source port 443,URL: https://arbornetworks.pravail.test.com/chaos/
<189>May 26 08:46:22 ['9.9.9.9'] authmgr[504]: <NOTI> login <00:1c:bf:ca:2b:98  9.135.38.229 testuser-100>method=802.1x, server=TEST001, role=Authenticated Update(status 0 method 0 role 16), reauth=1800 sec
<27>May 26 08:46:24 ambiron.ipangel.ibm.lab ipangel-ips: [2017-05-26 08:46:24-05] alert [Priority: 9] [119:2:1] [(http_inspect) DOUBLE DECODING ATTACK] 136.38.97.190:61930 TCP 52.2.225.11:80 br0
<190>May 26 08:46:26 arbor.pravail.ibm.lab pravail-aps: Blocked Host: Blocked host 56.219.18.103 at 10:53 by Malformed HTTP Filtering using TCP/80 (HTTP) destination 178.137.135.85 source port 60723,URL: https://arbornetworks.pravail.test.com/chaos/
<189>May 26 08:46:27 ['9.9.9.9'] authmgr[504]: <NOTI> login <00:1c:bf:ca:2b:98  165.11.95.213 testuser-65>method=802.1x, server=TEST001, role=Authenticated Update(status 0 method 0 role 16), reauth=1800 sec
<129>May 26 08:46:29 barracuda.firewall.ibm.lab WF ALER METHOD_NOT_ALLOWED 218.111.178.29 50698 35.67.59.182 80 security-policy GLOBAL DENY NONE [Method="ABCD"] ABCD 35.67.59.182/ HTTP "-" ""-"" 35.67.59.182 48536 "-" "-"
<133>May 26 08:46:30 microsoft.event.ibm.lab MSWinEventLog 1 Security 102757633 Fri May 26 08:46:30 2017 4907 Microsoft-Windows-Security-Auditing N/A N/A Success Audit testuser-23 Audit Policy Change Auditing settings on object were changed. Subject: Security ID: S-1-5-18 Account Name: testuser-23 Account Domain: us.ibm.com Logon ID: 0x1083681 Object: Object Server: Security Object Type: File Object Name: \Windows\winsxs\test.wav Handle ID: 0x3a8 Process Information: Process ID: 0x385592 Process Name: C:\Windows\System32\wbengine.exe Auditing Settings: Original Security Descriptor: S:AI(AU;A;;WD) New Security Descriptor: S:ARAI(AU;SAFA;;;;WD)(AU;IDFA;B;;;WD) 759253
<129>May 26 08:46:32 barracuda.firewall.ibm.lab WF ALER CROSS_SITE_SCRIPTING_IN_PARAM 51.18.44.104 51426 51.188.55.5 443 security-policy GLOBAL DENY NONE [type="cross-site-scripting" pattern="script-tag" token="<script>" Parameter="url" value="<script>alert(5341)</script>"] GET 51.188.55.5/redirect.asp?url=<script>alert(5341)</script> HTTPS "-" ""-"" 51.188.55.5 59845 "-" "-"
<33>May 26 08:46:33 threecom.switch.ibm.lab %May 26 08:46:33 2017 S9500 RTA/3/Failed to start accounting: Failed to start traffic accounting for user 20.135.51.253 on board 6
<13>May 26 08:46:35 checkpoint.firewall.ibm.lab 26May2017 drop checkpoint.firewall.ibm.lab product: SmartDefense; src: 54.11.145.63; s_port: 52254; dst: 55.183.46.17; service: 443; proto: tcp; rule: 392;Attack Info: TCP segment out of maximum allowed sequence. Packet dropped.;Confidence Level: 0;Performance Impact: 0;Protection Name: TCP Segment Limit Enforcement;Protection Type: settings_tcp;Severity: 0;SmartDefense Profile: Boticario_DMZ_Protection;__policy_id_tag: product=VPN-1 & FireWall-1[db_tag={E94ECB65-34C0-4740-9634-761E1604C8BC};mgmt=SJP1PLNX036-DMZ;date=1424714440;policy_name=DMZ];attack: Streaming Engine: TCP Segment Limit Enforcement;has_accounting: 0;i/f_dir: inbound;i/f_name: eth2-01.2809;origin_sic_name: CN=TEST-DMZ1,O=log_server_hostname;protection_id: tcp_segment_limit;rule_uid: {499DBB08-D262-4D9F-B639-5337A7B36E59};snid: 7572c682;src_machine_name: COMP-testuser-89;src_user_name: testuser-89 ;user: testuser-89 ;
<27>May 26 08:46:37 ambiron.ipangel.ibm.lab ipangel-ips: [2017-05-26 08:46:37-05] alert [Priority: 9] [119:2:1] [(http_inspect) DOUBLE DECODING ATTACK] 136.38.97.190:51847 TCP 218.117.211.219:80 br0
<38>May 26 08:46:38 sshd[829643]: Failed keyboard-interactive for invalid user testuser-15 from 201.150.192.18 port 64539 ssh2
<182>May 26 08:46:40 apache.httpd.ibm.lab httpd: 201.150.192.18 81.169.109.23 - - [26/May/2017:08:46:40 -0500] "ABCD / HTTP/1.1" 501 443 297
<86>May 26 08:46:41 apple.macosx.ibm.lab com.apple.SecurityServer: uid 114049 succeeded authenticating as user admin (uid 501) for right system.install.root.user.
<189>May 26 08:46:43 ['9.9.9.9'] authmgr[504]: <NOTI> login <00:1c:bf:ca:2b:98  20.135.51.253 rogueUser-3>method=802.1x, server=TEST001, role=Authenticated Update(status 0 method 0 role 16), reauth=1800 sec
<182>May 26 08:46:44 apache.httpd.ibm.lab httpd: 179.174.48.208 156.106.2.24 - - [26/May/2017:08:46:44 -0500] "HEAD / HTTP/1.1" 200 443 -
<38>May 26 08:46:46 sshd[random_number_1_to_999999]: Accepted publickey for testuser-35 from 136.38.97.190 port 61126 ssh2
<27>May 26 08:46:48 ambiron.ipangel.ibm.lab ipangel-ips: [2017-05-26 08:46:48-05] alert [Priority: 9] [119:2:1] [(http_inspect) DOUBLE DECODING ATTACK] 30.90.182.58:54999 TCP 201.248.66.107:80 br0
<157>May 26 08:46:49 microsoft.event.ibm.lab MSWinEventLog	4	Security	60703	Fri May 26 08:46:49 2017	552	Security	NETWORK SERVICE	Well Known Group	Success Audit	testuser-99	Logon/Logoff		Logon attempt using explicit credentials: Logged on user:  User Name: NETWORK SERVICE  Domain: NT AUTHORITY  Logon ID: (0x0,0x1110916)  Logon GUID: -  User whose credentials were used:  Target User Name: testuser-99  Target Domain: us.ibm.com Target Logon GUID: -  Target Server Name: localhost  Target Server Info: localhost  Caller Process ID: 187767  Source Network Address: -  Source Port: - 	56794
<83>May 26 08:46:51 apple.macosx.ibm.lab com.apple.SecurityServer: authinternal failed to authenticate user testuser-87.
<54>May 26 08:46:52 SymantecServer symantec.endpoint.ibm.lab: DCA-EMAPROJ2,Allowed,"C:\Program Files\Common Files\Symantec Shared\ccSvcHst.exe",,Begin: 2017-05-26 08:46:52,End:2017-05-26 08:46:52,Rule: ,2528,C:/Program Files/Microsoft Virtual Server/vmh.exe,0,,C:/ProgramFiles/Common Files/Symantec Shared/ccSvcHst.exe,User: testuser-52,Domain: US
<13>May 26 08:46:54 checkpoint.firewall.ibm.lab 26May2017  checkpoint.firewall.ibm.lab product: SmartDefense; src: 202.207.224.25; s_port: ; dst: 118.43.150.181; service: ; proto: udp; rule: ;Attack Info: Bad domain format, illegal ASCII value in domain;Suppressed logs: 1;Total logs: 2;__policy_id_tag: product=VPN-1 & FireWall-1[db_tag={9B20E8EA-7DE6-11DD-B7D6-C0A832D11E1E};mgmt=fwmngt-zentral;date=1220906528;policy_name=Vulpine_gbl];alert: alert;attack: Invalid DNS;has_accounting: 0;i/f_dir: inbound;
<33>May 26 08:46:55 threecom.switch.ibm.lab %May 26 08:46:55 2017 S9500 FTPS/5/USEROUT: User testuser-44(136.38.97.190) logged out
<13>May 26 08:46:57 microsoft.sec.ibm.lab AgentDevice=WindowsLog	AgentLogFile=Security	Source=Security	Computer=COMP-testuser-51	User=testuser-51	Domain=	EventID=672	EventIDCode=672	EventType=16	EventCategory=9	RecordNumber=939892	TimeGenerated=1495802817	TimeWritten=1495802817	Message=Authentication Ticket Request: User Name: testuser-51 Supplied Realm Name: us.ibm.com User ID: %{S-1-2-3-1085764} Service Name: krbtgt Service ID: %{S-3-2-1-A29445} Ticket Options: 0x40810010 Result Code: - Ticket Encryption Type: 0x17 Pre-Authentication Type: 2 Client Address: 201.150.192.18 Certificate Issuer Name:  Certificate Serial Number:  Certificate Thumbprint: 
<129>May 26 08:46:58 barracuda.firewall.ibm.lab WF ALER METACHARACTER_IN_PARAMETER 212.2.111.4 59144 86.202.95.178 443 security-policy GLOBAL DENY NONE [token="%00 " Parameter="article" value="../../../../../../../../etc/passwd"] GET 86.202.95.178/talkback.cgi?article=../../../../../../../../etc/passwd%00&action=view&matchview=1 HTTPS "-" ""-"" 86.202.95.178 59144 "-" "-"
<86>May 26 08:47:00 apple.macosx.ibm.lab sshd[5590]: Failed password for invalid user testuser-23 from 47.36.20.173 port 56192 ssh2
<189>May 26 08:47:02 ['9.9.9.9'] authmgr[504]: <NOTI> login <00:1c:bf:ca:2b:98  218.111.178.29 testuser-18>method=802.1x, server=TEST001, role=Authenticated Update(status 0 method 0 role 16), reauth=1800 sec
<54>May 26 08:47:03 SymantecServer symantec.endpoint.ibm.lab: testbox-abc,[SID: 21590] P2P Edonkey Ping Message detected.  Traffic has been allowed from this application: C:\Program Files\easyMule\emule.exe,Local: 202.207.224.25,Local: 00218696B978,Remote: ,Remote: 25.94.105.27,Remote: 000000000000,Outbound,OTHERS,Intrusion ID: 0,Begin: 2017-05-26 08:47:03,End: 2017-05-26 08:47:03,Occurrences: 1,Application: C:/Program Files/easyMule/emule.exe,Location: Default,User: testuser-21,Domain: us.ibm.com
<13>May 26 08:47:05 microsoft.sec.ibm.lab AgentDevice=WindowsLog	AgentLogFile=Security	Source=Security	Computer=COMP-testuser-17	User=testuser-17	Domain=	EventID=672	EventIDCode=672	EventType=16	EventCategory=9	RecordNumber=625815	TimeGenerated=1495802825	TimeWritten=1495802825	Message=Authentication Ticket Request: User Name: testuser-17 Supplied Realm Name: us.ibm.com User ID: %{S-1-2-3-1089936} Service Name: krbtgt Service ID: %{S-3-2-1-689617} Ticket Options: 0x40810010 Result Code: - Ticket Encryption Type: 0x17 Pre-Authentication Type: 2 Client Address: 46.143.39.22 Certificate Issuer Name:  Certificate Serial Number:  Certificate Thumbprint: 
<28>May 26 08:47:06 Message forwarded from aix.ibm.lab: rshd[random_number_1_to_999999]: Failed rsh authentication from 202.207.224.25 for local user root via remote user testuser-21
<13>May 26 08:47:08 microsoft.sec.ibm.lab AgentDevice=WindowsLog	AgentLogFile=Security	Source=Security	Computer=COMP-testuser-93	User=testuser-93	Domain=	EventID=675	EventIDCode=675	EventType=16	EventCategory=9	RecordNumber=925319	TimeGenerated=1495802828	TimeWritten=1495802828	Message=Pre-authentication failed: User Name: testuser-93 User ID: %{S-1-2-3-1098304} Service Name: krbtgt Pre-Authentication Type: 0x2 Failure Code: 0x18 Client Address: 30.90.182.58 
<133>May 26 08:47:09 microsoft.event.ibm.lab MSWinEventLog 1 Security 102757633 Fri May 26 08:47:09 2017 4907 Microsoft-Windows-Security-Auditing N/A N/A Success Audit rogueUser-3 Audit Policy Change Auditing settings on object were changed. Subject: Security ID: S-1-5-18 Account Name: rogueUser-3 Account Domain: us.ibm.com Logon ID: 0x1117249 Object: Object Server: Security Object Type: File Object Name: \Windows\winsxs\test.wav Handle ID: 0x3a8 Process Information: Process ID: 0x2D823E Process Name: C:\Windows\System32\wbengine.exe Auditing Settings: Original Security Descriptor: S:AI(AU;A;;WD) New Security Descriptor: S:ARAI(AU;SAFA;;;;WD)(AU;IDFA;B;;;WD) 835669
<157>May 26 08:47:11 microsoft.event.ibm.lab MSWinEventLog	4	Security	60703	Fri May 26 08:47:11 2017	552	Security	NETWORK SERVICE	Well Known Group	Success Audit	rogueUser-3	Logon/Logoff		Logon attempt using explicit credentials: Logged on user:  User Name: NETWORK SERVICE  Domain: NT AUTHORITY  Logon ID: (0x0,0x1117249)  Logon GUID: -  User whose credentials were used:  Target User Name: rogueUser-3  Target Domain: us.ibm.com Target Logon GUID: -  Target Server Name: localhost  Target Server Info: localhost  Caller Process ID: 78866  Source Network Address: -  Source Port: - 	56794
<13>May 26 08:47:13 microsoft.sec.ibm.lab AgentDevice=WindowsLog	AgentLogFile=Security	Source=Security	Computer=COMP-testuser-59	User=testuser-59	Domain=	EventID=540	EventIDCode=540	EventType=8	EventCategory=2	RecordNumber=893612	TimeGenerated=1495802833	TimeWritten=1495802833	Message=Successful Network Logon: User Name: Domain: Logon ID: (0x0,0x1102500) Logon Type: 3 Logon Process: NtLmSsp Authentication Package: NTLM Workstation Name: COMP-testuser-59 Logon GUID: - Caller User Name: - Caller Domain: - Caller Logon ID: - Caller Process ID: - Transited Services: - Source Network Address: 212.2.111.4 Source Port: 0
<13>May 26 08:47:14 checkpoint.firewall.ibm.lab 26May2017  checkpoint.firewall.ibm.lab product: SmartDefense; src: 165.11.95.213; s_port: ; dst: 117.241.33.38; service: ; proto: udp; rule: ;Attack Info: Bad domain format, illegal ASCII value in domain;Suppressed logs: 1;Total logs: 2;__policy_id_tag: product=VPN-1 & FireWall-1[db_tag={9B20E8EA-7DE6-11DD-B7D6-C0A832D11E1E};mgmt=fwmngt-zentral;date=1220906528;policy_name=Vulpine_gbl];alert: alert;attack: Invalid DNS;has_accounting: 0;i/f_dir: inbound;
<182>May 26 08:47:16 apache.httpd.ibm.lab httpd: 136.38.97.190 189.184.110.120 - - [26/May/2017:08:47:16 -0500] "CONNECT 10.35.79.71:443 HTTP/1.1" 405 443 297
<86>May 26 08:47:17 apple.macosx.ibm.lab sshd[5590]: Failed password for invalid user testuser-77 from 79.118.184.151 port 59365 ssh2
<189>May 26 08:47:19 ['9.9.9.9'] authmgr[504]: <NOTI> login <00:1c:bf:ca:2b:98  201.150.192.18 testuser-51>method=802.1x, server=TEST001, role=Authenticated Update(status 0 method 0 role 16), reauth=1800 sec
<13>May 26 08:47:20 microsoft.sec.ibm.lab AgentDevice=WindowsLog	AgentLogFile=Security	Source=Security	Computer=COMP-testuser-53	User=testuser-53	Domain=	EventID=540	EventIDCode=540	EventType=8	EventCategory=2	RecordNumber=879195	TimeGenerated=1495802840	TimeWritten=1495802840	Message=Successful Network Logon: User Name: Domain: Logon ID: (0x0,0x1089936) Logon Type: 3 Logon Process: NtLmSsp Authentication Package: NTLM Workstation Name: COMP-testuser-53 Logon GUID: - Caller User Name: - Caller Domain: - Caller Logon ID: - Caller Process ID: - Transited Services: - Source Network Address: 16.70.97.200 Source Port: 0
<129>May 26 08:47:22 barracuda.firewall.ibm.lab WF ALER CROSS_SITE_SCRIPTING_IN_URL 20.135.51.253 63147 67.251.23.205 80 security-policy GLOBAL DENY NONE [type="cross-site-scripting" pattern="script-tag" token="<script>"] GET 67.251.23.205/<script>alert(53416)</script> HTTP "-" ""-"" 67.251.23.205 48541 "-" "-"
<129>May 26 08:47:24 barracuda.firewall.ibm.lab WF ALER SLASH_DOT_IN_URL 179.174.48.208 50536 191.103.162.18 443 security-policy GLOBAL DENY NONE ["-"] GET 191.103.162.18/themes/default/css/.htaccess HTTPS "-" ""-"" 191.103.162.18 44428 "-" "-"
<189>May 26 08:47:25 ['9.9.9.9'] authmgr[504]: <NOTI> login <00:1c:bf:ca:2b:98  56.219.18.103 testuser-43>method=802.1x, server=TEST001, role=Authenticated Update(status 0 method 0 role 16), reauth=1800 sec
<129>May 26 08:47:27 barracuda.firewall.ibm.lab WF ALER METHOD_NOT_ALLOWED 136.38.97.190 53976 103.156.120.46 80 security-policy GLOBAL DENY NONE [Method="ABCD"] ABCD 103.156.120.46/ HTTP "-" ""-"" 103.156.120.46 48536 "-" "-"
<190>May 26 08:47:28 arbor.pravail.ibm.lab pravail-aps: Blocked Host: Blocked host 33.195.94.29 at 10:53 by Malformed HTTP Filtering using TCP/80 (HTTP) destination 113.86.212.210 source port 51896,URL: https://arbornetworks.pravail.test.com/chaos/
<26>May 26 08:47:30 ambiron.ipangel.ibm.lab ipangel-ips: [2017-05-26 08:47:30-05] alert [Priority: 9] [119:14:1] [(http_inspect) NON-RFC DEFINED CHAR] 56.219.18.103:51628 TCP 142.181.101.116:80 br0
<129>May 26 08:47:31 barracuda.firewall.ibm.lab WF ALER CROSS_SITE_SCRIPTING_IN_PARAM 30.90.182.58 64144 187.144.4.44 443 security-policy GLOBAL DENY NONE [type="cross-site-scripting" pattern="script-tag" token="<script>" Parameter="url" value="<script>alert(5341)</script>"] GET 187.144.4.44/redirect.asp?url=<script>alert(5341)</script> HTTPS "-" ""-"" 187.144.4.44 59845 "-" "-"
<27>May 26 08:47:33 ambiron.ipangel.ibm.lab ipangel-ips: [2017-05-26 08:47:33-05] alert [Priority: 9] [119:2:1] [(http_inspect) DOUBLE DECODING ATTACK] 83.87.204.105:50407 TCP 202.183.86.73:80 br0
<83>May 26 08:47:34 apple.macosx.ibm.lab com.apple.SecurityServer: authinternal failed to authenticate user testuser-20.
<33>May 26 08:47:36 threecom.switch.ibm.lab %May 26 08:47:36 2017 S9500 PORTAL/5/PT_LOG: Online user 120.171.20.155 changes to 11.208.248.48, we will cut it off as using traffic-acct.
<190>May 26 08:47:38 arbor.pravail.ibm.lab pravail-aps: Blocked Host: Blocked host 212.2.111.4 10:53 by TCP Connection Reset using TCP/54266 (Unknown) destination 189.154.190.199 source port 443,URL: https://arbornetworks.pravail.test.com/chaos/
<13>May 26 08:47:39 microsoft.sec.ibm.lab AgentDevice=WindowsLog	AgentLogFile=Security	Source=Security	Computer=COMP-rogueUser-3	User=rogueUser-3	Domain=	EventID=675	EventIDCode=675	EventType=16	EventCategory=9	RecordNumber=176835	TimeGenerated=1495802859	TimeWritten=1495802859	Message=Pre-authentication failed: User Name: rogueUser-3 User ID: %{S-1-2-3-1117249} Service Name: krbtgt Pre-Authentication Type: 0x2 Failure Code: 0x18 Client Address: 20.135.51.253 
<189>May 26 08:47:41 ['9.9.9.9'] authmgr[504]: <NOTI> login <00:1c:bf:ca:2b:98  218.111.178.29 testuser-54>method=802.1x, server=TEST001, role=Authenticated Update(status 0 method 0 role 16), reauth=1800 sec
<133>May 26 08:47:42 microsoft.event.ibm.lab MSWinEventLog 1 Security 102757633 Fri May 26 08:47:42 2017 4907 Microsoft-Windows-Security-Auditing N/A N/A Success Audit testuser-72 Audit Policy Change Auditing settings on object were changed. Subject: Security ID: S-1-5-18 Account Name: testuser-72 Account Domain: us.ibm.com Logon ID: 0x1092025 Object: Object Server: Security Object Type: File Object Name: \Windows\winsxs\test.wav Handle ID: 0x3a8 Process Information: Process ID: 0x16990D Process Name: C:\Windows\System32\wbengine.exe Auditing Settings: Original Security Descriptor: S:AI(AU;A;;WD) New Security Descriptor: S:ARAI(AU;SAFA;;;;WD)(AU;IDFA;B;;;WD) 348211
<13>May 26 08:47:44 checkpoint.firewall.ibm.lab 26May2017  checkpoint.firewall.ibm.lab product: SmartDefense; src: 30.90.182.58; s_port: ; dst: 15.129.98.64; service: ; proto: icmp; rule: ;Attack Info: Echo request too big;Suppressed logs: 1;Total logs: 2;__policy_id_tag: product=VPN-1 & FireWall-1[db_tag={B5A7057E-7F61-11DD-AA43-C0A832D12424};mgmt=fwmngt-zentral;date=1221069352;policy_name=Spider_gbl];alert: alert;attack: Large ping;has_accounting: 0;i/f_dir: inbound;
<182>May 26 08:47:45 apache.httpd.ibm.lab httpd: 9.135.38.229 112.235.106.234 - - [26/May/2017:08:47:45 -0500] "CONNECT 10.35.79.71:443 HTTP/1.1" 405 443 297
<27>May 26 08:47:47 ambiron.ipangel.ibm.lab ipangel-ips: [2017-05-26 08:47:47-05] alert [Priority: 9] [119:2:1] [(http_inspect) DOUBLE DECODING ATTACK] 30.90.182.58:58545 TCP 11.162.27.141:80 br0
<190>May 26 08:47:49 arbor.pravail.ibm.lab pravail-aps: Blocked Host: Blocked host 165.11.95.213 at 10:53 by Malformed HTTP Filtering using TCP/80 (HTTP) destination 17.160.37.40 source port 63564,URL: https://arbornetworks.pravail.test.com/chaos/
<13>May 26 08:47:50 microsoft.sec.ibm.lab AgentDevice=WindowsLog	AgentLogFile=Security	Source=Security	Computer=COMP-testuser-40	User=testuser-40	Domain=	EventID=672	EventIDCode=672	EventType=8	EventCategory=9	RecordNumber=566698	TimeGenerated=1495802870	TimeWritten=1495802870	Message=Authentication Ticket Request: User Name: testuser-40 Supplied Realm Name: us.ibm.com User ID: %{S-1-2-3-1081600} Service Name: krbtgt Service ID: %{S-3-2-1-B36635} Ticket Options: 0x40810010 Result Code: - Ticket Encryption Type: 0x17 Pre-Authentication Type: 2 Client Address: 51.18.44.104 Certificate Issuer Name:  Certificate Serial Number:  Certificate Thumbprint: 
<13>May 26 08:47:52 checkpoint.firewall.ibm.lab 26May2017 drop checkpoint.firewall.ibm.lab product: VPN-1 &FireWall-1; src: 120.171.20.155; s_port: 54067; dst: 222.23.221.2; service: 138; proto: udp; rule: 323;SmartDefense profile: Default_Protection;__policy_id_tag: product=VPN-1 & FireWall-1[db_tag={48AB8350-7F61-11DD-887D-C0A832D16C6C};mgmt=fwmngt-zentral;date=1221069169;policy_name=Chameleon_gbl];has_accounting: 0;i/f_dir: inbound;i/f_name: eth-s1/s1p1c0;rule_uid: {21D66174-0E19-4B77-A1E9-3473FE991088};
<190>May 26 08:47:53 arbor.pravail.ibm.lab pravail-aps: Blocked Host: Blocked host 165.11.95.213 at 10:53 by Malformed HTTP Filtering using TCP/80 (HTTP) destination 181.164.20.217 source port 49948,URL: https://arbornetworks.pravail.test.com/chaos/
<13>May 26 08:47:55 checkpoint.firewall.ibm.lab 26May2017 reject checkpoint.firewall.ibm.lab product: VPN-1 & FireWall-1; src: 79.186.10.120; s_port: 62810; dst: 194.17.145.196; service: 113; proto: tcp; rule: 14;SmartDefense profile: Default_Protection;__policy_id_tag: product=VPN-1 & FireWall-1[db_tag={25E5B8F6-79E7-11DD-941A-C0A832D00C0C};mgmt=fwmngt-wuv;date=1220466957;policy_name=rhino_gbl];has_accounting: 0;i/f_dir: inbound;i/f_name: eth-s2/s1p1c0;rule_uid: {9C96B325-D976-4A30-8685-9ED61018A6E7};service_id: gident;
<25>May 26 08:47:56 ambiron.ipangel.ibm.lab ipangel-ips: [2017-05-26 08:47:56-05] alert [Priority: 9] [116:46:1] [(snort_decoder) WARNING: TCP Data Offset is less than 5!] 165.11.95.213:60253 TCP 51.206.134.35:80 br0
<13>May 26 08:47:58 microsoft.sec.ibm.lab AgentDevice=WindowsLog	AgentLogFile=Security	Source=Security	Computer=COMP-testuser-67	User=testuser-67	Domain=	EventID=680	EventIDCode=680	EventType=16	EventCategory=9	RecordNumber=926580	TimeGenerated=1495802878	TimeWritten=1495802878	Message=Logon attempt by: MICROSOFT_AUTHENTICATION_PACKAGE_V1_0 Logon account: testuser-67 Source Workstation: COMP-testuser-67 Error Code: 0x0 
<33>May 26 08:48:00 threecom.switch.ibm.lab %May 26 08:48:00 2017 S9500 PORTAL/5/PT_LOG: Online user 132.146.155.198 changes to 66.52.231.78, we will cut it off as using traffic-acct.
<189>May 26 08:48:01 ['9.9.9.9'] authmgr[504]: <NOTI> login <00:1c:bf:ca:2b:98  147.198.103.40 testuser-6>method=802.1x, server=TEST001, role=Authenticated Update(status 0 method 0 role 16), reauth=1800 sec
<190>May 26 08:48:03 arbor.pravail.ibm.lab pravail-aps: Blocked Host: Blocked host 218.111.178.29 at 10:52 by Invalid Packets using TCP/0 (Unknown) destination 48.116.140.133,URL: https://arbornetworks.pravail.test.com/chaos/
<129>May 26 08:48:04 barracuda.firewall.ibm.lab WF ALER CROSS_SITE_SCRIPTING_IN_PARAM 179.174.48.208 52714 210.81.9.35 443 security-policy GLOBAL DENY NONE [type="cross-site-scripting" pattern="script-tag" token="<script>" Parameter="url" value="<script>alert(5341)</script>"] GET 210.81.9.35/redirect.asp?url=<script>alert(5341)</script> HTTPS "-" ""-"" 210.81.9.35 59845 "-" "-"
<33>May 26 08:48:06 threecom.switch.ibm.lab %May 26 08:48:06 2017 S9500 RTA/3/Failed to get user traffic: Failed to get traffic of user 165.11.95.213 on board 6
<33>May 26 08:48:07 threecom.switch.ibm.lab %May 26 08:48:07 2017 S9500 FTPS/5/USERIN: User rogueUser-3(20.135.51.253) login succeeded
<179>May 26 08:48:09 apache.httpd.ibm.lab httpd[5570]: [ID 702911 local6.error] [error] [client 120.171.20.155] Certificate Verification: Error (10): certificate has expired
<129>May 26 08:48:10 barracuda.firewall.ibm.lab WF ALER METHOD_NOT_ALLOWED 179.174.48.208 50781 113.220.107.21 80 security-policy GLOBAL DENY NONE [Method="ABCD"] ABCD 113.220.107.21/ HTTP "-" ""-"" 113.220.107.21 48536 "-" "-"
<129>May 26 08:48:12 barracuda.firewall.ibm.lab WF ALER CROSS_SITE_SCRIPTING_IN_URL 56.219.18.103 51015 88.87.206.207 80 security-policy GLOBAL DENY NONE [type="cross-site-scripting" pattern="script-tag" token="<script>"] GET 88.87.206.207/<script>alert(53416)</script> HTTP "-" ""-"" 88.87.206.207 48541 "-" "-"
<190>May 26 08:48:14 arbor.pravail.ibm.lab pravail-aps: Blocked Host: Blocked host 79.186.10.120 at 10:52 by Invalid Packets using TCP/0 (Unknown) destination 151.12.91.233,URL: https://arbornetworks.pravail.test.com/chaos/
<86>May 26 08:48:15 apple.macosx.ibm.lab sshd[5590]: Failed password for invalid user testuser-1 from 221.108.221.134 port 51051 ssh2
<190>May 26 08:48:17 arbor.pravail.ibm.lab pravail-aps: Blocked Host: Blocked host 33.195.94.29 at 10:53 by Malformed HTTP Filtering using TCP/80 (HTTP) destination 177.159.181.38 source port 65253,URL: https://arbornetworks.pravail.test.com/chaos/
<133>May 26 08:48:18 microsoft.event.ibm.lab MSWinEventLog 1 Security 102757633 Fri May 26 08:48:18 2017 4907 Microsoft-Windows-Security-Auditing N/A N/A Success Audit testuser-10 Audit Policy Change Auditing settings on object were changed. Subject: Security ID: S-1-5-18 Account Name: testuser-10 Account Domain: us.ibm.com Logon ID: 0x1075369 Object: Object Server: Security Object Type: File Object Name: \Windows\winsxs\test.wav Handle ID: 0x3a8 Process Information: Process ID: 0x94440D Process Name: C:\Windows\System32\wbengine.exe Auditing Settings: Original Security Descriptor: S:AI(AU;A;;WD) New Security Descriptor: S:ARAI(AU;SAFA;;;;WD)(AU;IDFA;B;;;WD) 228824
<187>May 26 08:48:20 ['9.9.9.9'] httpd[16986]: [error] [client 33.195.94.29] Invalid URI in request \xf7vMKp`ET&\xa4\x9c\xc9\xec\xd1\xd8j\r\xce\xd9\xd4\xb3\c7
<33>May 26 08:48:21 threecom.switch.ibm.lab %May 26 08:48:21 2017 S9500 FTPS/5/USEROUT: User testuser-49(120.171.20.155) logged out
<26>May 26 08:48:23 ambiron.ipangel.ibm.lab ipangel-ips: [2017-05-26 08:48:23-05] alert [Priority: 9] [119:14:1] [(http_inspect) NON-RFC DEFINED CHAR] 202.207.224.25:63572 TCP 7.31.220.254:80 br0
<182>May 26 08:48:25 apache.httpd.ibm.lab httpd: 136.38.97.190 165.122.91.136 - - [26/May/2017:08:48:25 -0500] "ABCD / HTTP/1.1" 501 443 297
<129>May 26 08:48:26 barracuda.firewall.ibm.lab WF ALER METHOD_NOT_ALLOWED 201.150.192.18 50707 101.160.142.72 80 security-policy GLOBAL DENY NONE [Method="ABCD"] ABCD 101.160.142.72/ HTTP "-" ""-"" 101.160.142.72 48536 "-" "-"
<13>May 26 08:48:28 microsoft.sec.ibm.lab AgentDevice=WindowsLog	AgentLogFile=Security	Source=Security	Computer=COMP-rogueUser-3	User=rogueUser-3	Domain=	EventID=672	EventIDCode=672	EventType=8	EventCategory=9	RecordNumber=841568	TimeGenerated=1495802908	TimeWritten=1495802908	Message=Authentication Ticket Request: User Name: rogueUser-3 Supplied Realm Name: us.ibm.com User ID: %{S-1-2-3-1117249} Service Name: krbtgt Service ID: %{S-3-2-1-DB3A26} Ticket Options: 0x40810010 Result Code: - Ticket Encryption Type: 0x17 Pre-Authentication Type: 2 Client Address: 20.135.51.253 Certificate Issuer Name:  Certificate Serial Number:  Certificate Thumbprint: 
<13>May 26 08:48:29 microsoft.sec.ibm.lab AgentDevice=WindowsLog	AgentLogFile=Security	Source=Security	Computer=COMP-rogueUser-1	User=rogueUser-1	Domain=	EventID=540	EventIDCode=540	EventType=8	EventCategory=2	RecordNumber=128307	TimeGenerated=1495802909	TimeWritten=1495802909	Message=Successful Network Logon: User Name: Domain: Logon ID: (0x0,0x1113025) Logon Type: 3 Logon Process: NtLmSsp Authentication Package: NTLM Workstation Name: COMP-rogueUser-1 Logon GUID: - Caller User Name: - Caller Domain: - Caller Logon ID: - Caller Process ID: - Transited Services: - Source Network Address: 33.195.94.29 Source Port: 0
<187>May 26 08:48:31 ['9.9.9.9'] httpd[16986]: [error] [client 212.2.111.4] Invalid URI in request \xf7vMKp`ET&\xa4\x9c\xc9\xec\xd1\xd8j\r\xce\xd9\xd4\xb3\c7
<83>May 26 08:48:32 apple.macosx.ibm.lab com.apple.SecurityServer: authinternal failed to authenticate user testuser-86.
<13>May 26 08:48:34 checkpoint.firewall.ibm.lab 26May2017 reject checkpoint.firewall.ibm.lab product: VPN-1 & FireWall-1; src: 179.174.48.208; s_port: 54844; dst: 142.14.93.242; service: 113; proto: tcp; rule: 14;SmartDefense profile: Default_Protection;__policy_id_tag: product=VPN-1 & FireWall-1[db_tag={25E5B8F6-79E7-11DD-941A-C0A832D00C0C};mgmt=fwmngt-wuv;date=1220466957;policy_name=rhino_gbl];has_accounting: 0;i/f_dir: inbound;i/f_name: eth-s2/s1p1c0;rule_uid: {9C96B325-D976-4A30-8685-9ED61018A6E7};service_id: gident;
<190>May 26 08:48:36 arbor.pravail.ibm.lab pravail-aps: Blocked Host: Blocked host 83.87.204.105 at 10:53 by Malformed HTTP Filtering using TCP/80 (HTTP) destination 195.53.107.87 source port 65385,URL: https://arbornetworks.pravail.test.com/chaos/
<129>May 26 08:48:37 barracuda.firewall.ibm.lab WF ALER CROSS_SITE_SCRIPTING_IN_URL 30.90.182.58 61594 219.167.229.190 80 security-policy GLOBAL DENY NONE [type="cross-site-scripting" pattern="script-tag" token="<script>"] GET 219.167.229.190/<script>alert(53416)</script> HTTP "-" ""-"" 219.167.229.190 48541 "-" "-"
<86>May 26 08:48:39 apple.macosx.ibm.lab sshd[5590]: Failed password for invalid user testuser-44 from 22.68.126.224 port 59033 ssh2
<129>May 26 08:48:40 barracuda.firewall.ibm.lab WF ALER CROSS_SITE_SCRIPTING_IN_URL 136.38.97.190 54540 218.121.212.73 80 security-policy GLOBAL DENY NONE [type="cross-site-scripting" pattern="script-tag" token="<script>"] GET 218.121.212.73/<script>alert(53416)</script> HTTP "-" ""-"" 218.121.212.73 48541 "-" "-"
<182>May 26 08:48:42 apache.httpd.ibm.lab httpd: 30.90.182.58 177.45.49.219 - - [26/May/2017:08:48:42 -0500] "CONNECT 10.35.79.71:443 HTTP/1.1" 405 443 297
<54>May 26 08:48:43 SymantecServer symantec.endpoint.ibm.lab: Commercial application detected,Computer name: COMP-1092025,Detection type: Commercial,Application name: DameWare Development DWRCS,Application type: Remote Control,Application version: 5\~ 5\~ 0\~ 0,Hash type: SHA-1,Application hash: 4670d9eeeab7449788be3b18e9364ef0088b900e,Company name: DameWare Development LLC,File size (bytes): 208896,Sensitivity: 0,Detection score: 1,Submission recommendation: 0,Permitted application reason: 0,Source: Heuristic Scan,Risk name:  ,Occurrences: 1,DWMRCS,"DWMRCS",Actual action: Left alone,Requested action: Left alone,Secondary action: Commercial application detection,Event time: 2017-05-26 08:48:43,Inserted: 2017-05-26 08:48:43,End: 2017-05-26 08:48:43,Domain: Default,Group: My Company	est,Server: testbox,User: testuser-90,Source computer:  ,Source IP: 0.0.0.0
<182>May 26 08:48:45 apache.httpd.ibm.lab httpd: 136.38.97.190 3.26.73.242 - - [26/May/2017:08:48:45 -0500] "POST /test.php?doing_test=123 HTTP/1.0" 404 80 282
<133>May 26 08:48:46 microsoft.event.ibm.lab MSWinEventLog 1 Security 102757633 Fri May 26 08:48:46 2017 4907 Microsoft-Windows-Security-Auditing N/A N/A Success Audit testuser-6 Audit Policy Change Auditing settings on object were changed. Subject: Security ID: S-1-5-18 Account Name: testuser-6 Account Domain: us.ibm.com Logon ID: 0x988036 Object: Object Server: Security Object Type: File Object Name: \Windows\winsxs\test.wav Handle ID: 0x3a8 Process Information: Process ID: 0x1CB36C Process Name: C:\Windows\System32\wbengine.exe Auditing Settings: Original Security Descriptor: S:AI(AU;A;;WD) New Security Descriptor: S:ARAI(AU;SAFA;;;;WD)(AU;IDFA;B;;;WD) 91002
<189>May 26 08:48:48 ['9.9.9.9'] authmgr[504]: <NOTI> login <00:1c:bf:ca:2b:98  15.83.16.235 rogueUser-5>method=802.1x, server=TEST001, role=Authenticated Update(status 0 method 0 role 16), reauth=1800 sec
<189>May 26 08:48:50 ['9.9.9.9'] authmgr[504]: <NOTI> login <00:1c:bf:ca:2b:98  147.198.103.40 testuser-6>method=802.1x, server=TEST001, role=Authenticated Update(status 0 method 0 role 16), reauth=1800 sec
<13>May 26 08:48:51 checkpoint.firewall.ibm.lab 26May2017 drop checkpoint.firewall.ibm.lab product: VPN-1 &FireWall-1; src: 137.38.197.140; s_port: 58083; dst: 78.84.146.45; service: 138; proto: udp; rule: 323;SmartDefense profile: Default_Protection;__policy_id_tag: product=VPN-1 & FireWall-1[db_tag={48AB8350-7F61-11DD-887D-C0A832D16C6C};mgmt=fwmngt-zentral;date=1221069169;policy_name=Chameleon_gbl];has_accounting: 0;i/f_dir: inbound;i/f_name: eth-s1/s1p1c0;rule_uid: {21D66174-0E19-4B77-A1E9-3473FE991088};
<27>May 26 08:48:53 ambiron.ipangel.ibm.lab ipangel-ips: [2017-05-26 08:48:53-05] alert [Priority: 9] [119:2:1] [(http_inspect) DOUBLE DECODING ATTACK] 165.11.95.213:61455 TCP 54.11.67.120:80 br0
<190>May 26 08:48:54 arbor.pravail.ibm.lab pravail-aps: Blocked Host: Blocked host 51.18.44.104 at 10:52 by Invalid Packets using TCP/0 (Unknown) destination 206.58.109.209,URL: https://arbornetworks.pravail.test.com/chaos/
<54>May 26 08:48:56 SymantecServer symantec.endpoint.ibm.lab: Security risk found,Computer name: COMP-1094116,Source: Scheduled Scan,Risk name: VirusDoctor,Occurrences: 1,c:/System Volume Information/_restore{A3F5C2A3-F289-4356-B021-1FEFEFB73CBD}/RP243/A0070465.exe,"",Actual action: Quarantined,Requested action: Quarantined,Secondary action: Left alone,Event time: 2017-05-26 08:48:56,Inserted:2017-05-26 08:48:56,End: 2017-05-26 08:48:56,Domain: Default,Group: My Company	est,Server: avp1,User: testuser-82,Source computer:  ,Source IP: 0.0.0.0
<83>May 26 08:48:57 apple.macosx.ibm.lab com.apple.SecurityServer: authinternal failed to authenticate user testuser-21.
<33>May 26 08:48:59 threecom.switch.ibm.lab %May 26 08:48:59 2017 S9500 RTA/3/Failed to start accounting: Failed to start traffic accounting for user 83.87.204.105 on board 6
<157>May 26 08:49:01 microsoft.event.ibm.lab MSWinEventLog	4	Security	60703	Fri May 26 08:49:01 2017	552	Security	NETWORK SERVICE	Well Known Group	Success Audit	testuser-30	Logon/Logoff		Logon attempt using explicit credentials: Logged on user:  User Name: NETWORK SERVICE  Domain: NT AUTHORITY  Logon ID: (0x0,0x1079521)  Logon GUID: -  User whose credentials were used:  Target User Name: testuser-30  Target Domain: us.ibm.com Target Logon GUID: -  Target Server Name: localhost  Target Server Info: localhost  Caller Process ID: 590442  Source Network Address: -  Source Port: - 	56794
<190>May 26 08:49:02 arbor.pravail.ibm.lab pravail-aps: Blocked Host: Blocked host 20.135.51.253 10:53 by TCP Connection Reset using TCP/61992 (Unknown) destination 163.215.124.11 source port 443,URL: https://arbornetworks.pravail.test.com/chaos/
<187>May 26 08:49:04 ['9.9.9.9'] httpd[16986]: [error] [client 212.2.111.4] Invalid URI in request \xf7vMKp`ET&\xa4\x9c\xc9\xec\xd1\xd8j\r\xce\xd9\xd4\xb3\c7
<133>May 26 08:49:05 microsoft.event.ibm.lab MSWinEventLog 1 Security 102757633 Fri May 26 08:49:05 2017 4907 Microsoft-Windows-Security-Auditing N/A N/A Success Audit rogueUser-5 Audit Policy Change Auditing settings on object were changed. Subject: Security ID: S-1-5-18 Account Name: rogueUser-5 Account Domain: us.ibm.com Logon ID: 0x1121481 Object: Object Server: Security Object Type: File Object Name: \Windows\winsxs\test.wav Handle ID: 0x3a8 Process Information: Process ID: 0x3D9E3C Process Name: C:\Windows\System32\wbengine.exe Auditing Settings: Original Security Descriptor: S:AI(AU;A;;WD) New Security Descriptor: S:ARAI(AU;SAFA;;;;WD)(AU;IDFA;B;;;WD) 337370
<149>May 26 08:49:07 apple.macosx.ibm.lab sudo:    rogueUser-2 : TTY=ttyp1 ; PWD=/Users/admin ; USER=admin ;COMMAND=/bin/bash
<129>May 26 08:49:08 barracuda.firewall.ibm.lab WF ALER METHOD_NOT_ALLOWED 56.219.18.103 50108 89.83.229.75 80 security-policy GLOBAL DENY NONE [Method="ABCD"] ABCD 89.83.229.75/ HTTP "-" ""-"" 89.83.229.75 48536 "-" "-"
<26>May 26 08:49:10 ambiron.ipangel.ibm.lab ipangel-ips: [2017-05-26 08:49:10-05] alert [Priority: 9] [119:14:1] [(http_inspect) NON-RFC DEFINED CHAR] 79.186.10.120:53882 TCP 138.74.79.226:80 br0
<187>May 26 08:49:12 ['9.9.9.9'] httpd[16986]: [error] [client 154.102.244.170] Invalid URI in request \xf7vMKp`ET&\xa4\x9c\xc9\xec\xd1\xd8j\r\xce\xd9\xd4\xb3\c7
<129>May 26 08:49:13 barracuda.firewall.ibm.lab WF ALER METHOD_NOT_ALLOWED 137.38.197.140 50528 185.47.74.78 80 security-policy GLOBAL DENY NONE [Method="ABCD"] ABCD 185.47.74.78/ HTTP "-" ""-"" 185.47.74.78 48536 "-" "-"
<182>May 26 08:49:15 apache.httpd.ibm.lab httpd: 201.150.192.18 209.226.106.8 - - [26/May/2017:08:49:15 -0500] "OPTIONS /cgi-bin/index.php HTTP/1.1" 200 443 -
<182>May 26 08:49:16 apache.httpd.ibm.lab httpd: 125.83.117.185 125.35.215.2 - - [26/May/2017:08:49:16 -0500] "ABCD / HTTP/1.1" 501 443 297
<86>May 26 08:49:18 apple.macosx.ibm.lab com.apple.SecurityServer: authinternal authenticated user rogueUser-3 (uid 118273).
<190>May 26 08:49:19 arbor.pravail.ibm.lab pravail-aps: Blocked Host: Blocked host 20.135.51.253 at 10:52 by Invalid Packets using TCP/0 (Unknown) destination 124.145.202.44,URL: https://arbornetworks.pravail.test.com/chaos/
<13>May 26 08:49:21 checkpoint.firewall.ibm.lab 26May2017 drop checkpoint.firewall.ibm.lab product: VPN-1 &FireWall-1; src: 20.135.51.253; s_port: 55846; dst: 210.163.82.229; service: 138; proto: udp; rule: 323;SmartDefense profile: Default_Protection;__policy_id_tag: product=VPN-1 & FireWall-1[db_tag={48AB8350-7F61-11DD-887D-C0A832D16C6C};mgmt=fwmngt-zentral;date=1221069169;policy_name=Chameleon_gbl];has_accounting: 0;i/f_dir: inbound;i/f_name: eth-s1/s1p1c0;rule_uid: {21D66174-0E19-4B77-A1E9-3473FE991088};
<129>May 26 08:49:22 barracuda.firewall.ibm.lab WF ALER CROSS_SITE_SCRIPTING_IN_URL 51.18.44.104 65463 137.232.143.167 80 security-policy GLOBAL DENY NONE [type="cross-site-scripting" pattern="script-tag" token="<script>"] GET 137.232.143.167/<script>alert(53416)</script> HTTP "-" ""-"" 137.232.143.167 48541 "-" "-"
<29>May 26 08:49:24 Message forwarded from aix.ibm.lab: telnetd[11565354090276]: telnet from ::ffff:137.38.197.140 on /dev/pts/1
<133>May 26 08:49:26 microsoft.event.ibm.lab MSWinEventLog 1 Security 102757633 Fri May 26 08:49:26 2017 4907 Microsoft-Windows-Security-Auditing N/A N/A Success Audit testuser-42 Audit Policy Change Auditing settings on object were changed. Subject: Security ID: S-1-5-18 Account Name: testuser-42 Account Domain: us.ibm.com Logon ID: 0x1085764 Object: Object Server: Security Object Type: File Object Name: \Windows\winsxs\test.wav Handle ID: 0x3a8 Process Information: Process ID: 0xE6DF64 Process Name: C:\Windows\System32\wbengine.exe Auditing Settings: Original Security Descriptor: S:AI(AU;A;;WD) New Security Descriptor: S:ARAI(AU;SAFA;;;;WD)(AU;IDFA;B;;;WD) 390276
<13>May 26 08:49:27 microsoft.sec.ibm.lab AgentDevice=WindowsLog	AgentLogFile=Security	Source=Security	Computer=COMP-testuser-24	User=testuser-24	Domain=	EventID=675	EventIDCode=675	EventType=16	EventCategory=9	RecordNumber=2874	TimeGenerated=1495802967	TimeWritten=1495802967	Message=Pre-authentication failed: User Name: testuser-24 User ID: %{S-1-2-3-1085764} Service Name: krbtgt Pre-Authentication Type: 0x2 Failure Code: 0x18 Client Address: 201.150.192.18 
<26>May 26 08:49:29 ambiron.ipangel.ibm.lab ipangel-ips: [2017-05-26 08:49:29-05] alert [Priority: 9] [119:14:1] [(http_inspect) NON-RFC DEFINED CHAR] 218.111.178.29:60708 TCP 72.123.239.180:80 br0
<13>May 26 08:49:30 checkpoint.firewall.ibm.lab 26May2017  checkpoint.firewall.ibm.lab product: SmartDefense; src: 218.111.178.29; s_port: ; dst: 177.105.204.218; service: ; proto: icmp; rule: ;Attack Info: Echo request too big;Suppressed logs: 1;Total logs: 2;__policy_id_tag: product=VPN-1 & FireWall-1[db_tag={B5A7057E-7F61-11DD-AA43-C0A832D12424};mgmt=fwmngt-zentral;date=1221069352;policy_name=Spider_gbl];alert: alert;attack: Large ping;has_accounting: 0;i/f_dir: inbound;
<83>May 26 08:49:32 apple.macosx.ibm.lab sshd[5590]: error: PAM: Authentication failure for illegal user testuser-15 from 210.113.108.186<190>May 26 08:49:33 arbor.pravail.ibm.lab pravail-aps: Blocked Host: Blocked host 165.11.95.213 at 10:52 by Invalid Packets using TCP/0 (Unknown) destination 210.65.49.28,URL: https://arbornetworks.pravail.test.com/chaos/
<27>May 26 08:49:35 ambiron.ipangel.ibm.lab ipangel-ips: [2017-05-26 08:49:35-05] alert [Priority: 9] [119:2:1] [(http_inspect) DOUBLE DECODING ATTACK] 120.171.20.155:64160 TCP 162.116.151.97:80 br0
<157>May 26 08:49:37 microsoft.event.ibm.lab MSWinEventLog	4	Security	60703	Fri May 26 08:49:37 2017	552	Security	NETWORK SERVICE	Well Known Group	Success Audit	testuser-35	Logon/Logoff		Logon attempt using explicit credentials: Logged on user:  User Name: NETWORK SERVICE  Domain: NT AUTHORITY  Logon ID: (0x0,0x1089936)  Logon GUID: -  User whose credentials were used:  Target User Name: testuser-35  Target Domain: us.ibm.com Target Logon GUID: -  Target Server Name: localhost  Target Server Info: localhost  Caller Process ID: 818613  Source Network Address: -  Source Port: - 	56794
