<27>May 26 07:36:36 ambiron.ipangel.ibm.lab ipangel-ips: [2017-05-26 07:36:36-05] alert [Priority: 9] [119:2:1] [(http_inspect) DOUBLE DECODING ATTACK] 83.87.204.105:55864 TCP 115.62.54.39:80 br0
<189>May 26 07:36:38 ['9.9.9.9'] authmgr[504]: <NOTI> login <00:1c:bf:ca:2b:98  113.146.67.20 testuser-8>method=802.1x, server=TEST001, role=Authenticated Update(status 0 method 0 role 16), reauth=1800 sec
<157>May 26 07:36:39 microsoft.event.ibm.lab MSWinEventLog	4	Security	60703	Fri May 26 07:36:39 2017	552	Security	NETWORK SERVICE	Well Known Group	Success Audit	testuser-63	Logon/Logoff		Logon attempt using explicit credentials: Logged on user:  User Name: NETWORK SERVICE  Domain: NT AUTHORITY  Logon ID: (0x0,0x1092025)  Logon GUID: -  User whose credentials were used:  Target User Name: testuser-63  Target Domain: us.ibm.com Target Logon GUID: -  Target Server Name: localhost  Target Server Info: localhost  Caller Process ID: 59753  Source Network Address: -  Source Port: - 	56794
<157>May 26 07:36:41 microsoft.event.ibm.lab MSWinEventLog	4	Security	60703	Fri May 26 07:36:41 2017	552	Security	NETWORK SERVICE	Well Known Group	Success Audit	testuser-18	Logon/Logoff		Logon attempt using explicit credentials: Logged on user:  User Name: NETWORK SERVICE  Domain: NT AUTHORITY  Logon ID: (0x0,0x1092025)  Logon GUID: -  User whose credentials were used:  Target User Name: testuser-18  Target Domain: us.ibm.com Target Logon GUID: -  Target Server Name: localhost  Target Server Info: localhost  Caller Process ID: 663048  Source Network Address: -  Source Port: - 	56794
<13>May 26 07:36:42 checkpoint.firewall.ibm.lab 26May2017 reject checkpoint.firewall.ibm.lab product: VPN-1 & FireWall-1; src: 212.2.111.4; s_port: 54339; dst: 22.28.6.195; service: 113; proto: tcp; rule: 14;SmartDefense profile: Default_Protection;__policy_id_tag: product=VPN-1 & FireWall-1[db_tag={25E5B8F6-79E7-11DD-941A-C0A832D00C0C};mgmt=fwmngt-wuv;date=1220466957;policy_name=rhino_gbl];has_accounting: 0;i/f_dir: inbound;i/f_name: eth-s2/s1p1c0;rule_uid: {9C96B325-D976-4A30-8685-9ED61018A6E7};service_id: gident;
<38>May 26 07:36:44 sshd[random_number_1_to_999999]: Accepted keyboard-interactive/pam for testuser-41 from 125.83.117.185 port 53889 ssh2
<34>May 26 07:36:44 Message forwarded from aix.ibm.lab: su: BAD SU from testuser-41 to root at /dev/pts/3
<37>May 26 07:36:45 Message forwarded from aix.ibm.lab: su: from testuser-69 to root at /dev/pts/4
<149>May 26 07:36:47 apple.macosx.ibm.lab sudo:    testuser-58 : TTY=ttyp1 ; PWD=/Users/admin ; USER=admin ;COMMAND=/bin/bash
<25>May 26 07:36:49 ambiron.ipangel.ibm.lab ipangel-ips: [2017-05-26 07:36:49-05] alert [Priority: 9] [116:46:1] [(snort_decoder) WARNING: TCP Data Offset is less than 5!] 16.74.199.104:52723 TCP 16.31.213.130:80 br0
<182>May 26 07:36:50 apache.httpd.ibm.lab httpd: 79.186.10.120 161.230.107.39 - - [26/May/2017:07:36:50 -0500] "OPTIONS /cgi-bin/index.php HTTP/1.1" 200 443 -
<149>May 26 07:36:52 apple.macosx.ibm.lab sudo:    rogueUser-5 : TTY=ttyp1 ; PWD=/Users/admin ; USER=admin ;COMMAND=/bin/bash
<190>May 26 07:36:53 arbor.pravail.ibm.lab pravail-aps: Blocked Host: Blocked host 136.38.97.190 at 10:53 by Malformed HTTP Filtering using TCP/80 (HTTP) destination 147.79.117.167 source port 60089,URL: https://arbornetworks.pravail.test.com/chaos/
<13>May 26 07:36:55 checkpoint.firewall.ibm.lab 26May2017 drop checkpoint.firewall.ibm.lab product: VPN-1 &FireWall-1; src: 165.11.95.213; s_port: 49354; dst: 201.30.196.6; service: 138; proto: udp; rule: 323;SmartDefense profile: Default_Protection;__policy_id_tag: product=VPN-1 & FireWall-1[db_tag={48AB8350-7F61-11DD-887D-C0A832D16C6C};mgmt=fwmngt-zentral;date=1221069169;policy_name=Chameleon_gbl];has_accounting: 0;i/f_dir: inbound;i/f_name: eth-s1/s1p1c0;rule_uid: {21D66174-0E19-4B77-A1E9-3473FE991088};
<86>May 26 07:36:56 apple.macosx.ibm.lab sshd[5590]: Failed password for invalid user testuser-58 from 4.191.51.236 port 61369 ssh2
<28>May 26 07:36:58 Message forwarded from aix.ibm.lab: rshd[random_number_1_to_999999]: Failed rsh authentication from 201.150.192.18 for local user root via remote user testuser-15
<25>May 26 07:37:00 ambiron.ipangel.ibm.lab ipangel-ips: [2017-05-26 07:37:00-05] alert [Priority: 9] [116:46:1] [(snort_decoder) WARNING: TCP Data Offset is less than 5!] 83.87.204.105:62965 TCP 78.68.203.102:80 br0
<54>May 26 07:37:01 SymantecServer symantec.endpoint.ibm.lab: DCA-EMAPROJ2,Allowed,"C:\Program Files\Common Files\Symantec Shared\ccSvcHst.exe",,Begin: 2017-05-26 07:37:01,End:2017-05-26 07:37:01,Rule: ,2528,C:/Program Files/Microsoft Virtual Server/vmh.exe,0,,C:/ProgramFiles/Common Files/Symantec Shared/ccSvcHst.exe,User: testuser-32,Domain: US
<182>May 26 07:37:03 apache.httpd.ibm.lab httpd: 33.195.94.29 180.136.10.200 - - [26/May/2017:07:37:03 -0500] "GET / HTTP/1.0" 200 443 9334
<13>May 26 07:37:04 microsoft.sec.ibm.lab AgentDevice=WindowsLog	AgentLogFile=Security	Source=Security	Computer=COMP-rogueUser-5	User=rogueUser-5	Domain=	EventID=672	EventIDCode=672	EventType=8	EventCategory=9	RecordNumber=927622	TimeGenerated=1495798624	TimeWritten=1495798624	Message=Authentication Ticket Request: User Name: rogueUser-5 Supplied Realm Name: us.ibm.com User ID: %{S-1-2-3-1121481} Service Name: krbtgt Service ID: %{S-3-2-1-20A7BF} Ticket Options: 0x40810010 Result Code: - Ticket Encryption Type: 0x17 Pre-Authentication Type: 2 Client Address: 15.83.16.235 Certificate Issuer Name:  Certificate Serial Number:  Certificate Thumbprint: 
<157>May 26 07:37:06 microsoft.event.ibm.lab MSWinEventLog	4	Security	60703	Fri May 26 07:37:06 2017	552	Security	NETWORK SERVICE	Well Known Group	Success Audit	testuser-39	Logon/Logoff		Logon attempt using explicit credentials: Logged on user:  User Name: NETWORK SERVICE  Domain: NT AUTHORITY  Logon ID: (0x0,0x1098304)  Logon GUID: -  User whose credentials were used:  Target User Name: testuser-39  Target Domain: us.ibm.com Target Logon GUID: -  Target Server Name: localhost  Target Server Info: localhost  Caller Process ID: 871435  Source Network Address: -  Source Port: - 	56794
<190>May 26 07:37:07 arbor.pravail.ibm.lab pravail-aps: Blocked Host: Blocked host 99.123.52.13 at 10:53 by Malformed HTTP Filtering using TCP/80 (HTTP) destination 222.18.37.146 source port 65365,URL: https://arbornetworks.pravail.test.com/chaos/
<13>May 26 07:37:09 microsoft.sec.ibm.lab AgentDevice=WindowsLog	AgentLogFile=Security	Source=Security	Computer=COMP-testuser-90	User=testuser-90	Domain=	EventID=672	EventIDCode=672	EventType=8	EventCategory=9	RecordNumber=248933	TimeGenerated=1495798629	TimeWritten=1495798629	Message=Authentication Ticket Request: User Name: testuser-90 Supplied Realm Name: us.ibm.com User ID: %{S-1-2-3-1092025} Service Name: krbtgt Service ID: %{S-3-2-1-9147AA} Ticket Options: 0x40810010 Result Code: - Ticket Encryption Type: 0x17 Pre-Authentication Type: 2 Client Address: 218.111.178.29 Certificate Issuer Name:  Certificate Serial Number:  Certificate Thumbprint: 
<33>May 26 07:37:11 threecom.switch.ibm.lab %May 26 07:37:11 2017 S9500 VTY/5/VTY_LOG:  TELNET user failed to login from 9.135.38.229(000D-88F6-60E0) on VTY0.
<33>May 26 07:37:12 threecom.switch.ibm.lab %May 26 07:37:12 2017 S9500 RTA/3/Failed to start accounting: Failed to start traffic accounting for user 120.171.20.155 on board 6
<190>May 26 07:37:14 arbor.pravail.ibm.lab pravail-aps: Blocked Host: Blocked host 136.38.97.190 10:53 by TCP Connection Reset using TCP/58896 (Unknown) destination 92.17.240.69 source port 443,URL: https://arbornetworks.pravail.test.com/chaos/
<25>May 26 07:37:15 ambiron.ipangel.ibm.lab ipangel-ips: [2017-05-26 07:37:15-05] alert [Priority: 9] [116:46:1] [(snort_decoder) WARNING: TCP Data Offset is less than 5!] 15.83.16.235:58353 TCP 21.5.102.34:80 br0
<190>May 26 07:37:17 arbor.pravail.ibm.lab pravail-aps: Blocked Host: Blocked host 44.111.228.125 10:53 by TCP Connection Reset using TCP/63199 (Unknown) destination 163.183.92.49 source port 443,URL: https://arbornetworks.pravail.test.com/chaos/
<25>May 26 07:37:18 ambiron.ipangel.ibm.lab ipangel-ips: [2017-05-26 07:37:18-05] alert [Priority: 9] [116:46:1] [(snort_decoder) WARNING: TCP Data Offset is less than 5!] 212.2.111.4:58575 TCP 70.27.19.51:80 br0
<13>May 26 07:37:20 checkpoint.firewall.ibm.lab 26May2017 reject checkpoint.firewall.ibm.lab product: VPN-1 & FireWall-1; src: 64.87.88.123; s_port: 65159; dst: 41.215.206.90; service: 113; proto: tcp; rule: 14;SmartDefense profile: Default_Protection;__policy_id_tag: product=VPN-1 & FireWall-1[db_tag={25E5B8F6-79E7-11DD-941A-C0A832D00C0C};mgmt=fwmngt-wuv;date=1220466957;policy_name=rhino_gbl];has_accounting: 0;i/f_dir: inbound;i/f_name: eth-s2/s1p1c0;rule_uid: {9C96B325-D976-4A30-8685-9ED61018A6E7};service_id: gident;
<13>May 26 07:37:21 microsoft.sec.ibm.lab AgentDevice=WindowsLog	AgentLogFile=Security	Source=Security	Computer=COMP-testuser-79	User=testuser-79	Domain=	EventID=675	EventIDCode=675	EventType=16	EventCategory=9	RecordNumber=434470	TimeGenerated=1495798641	TimeWritten=1495798641	Message=Pre-authentication failed: User Name: testuser-79 User ID: %{S-1-2-3-1106704} Service Name: krbtgt Pre-Authentication Type: 0x2 Failure Code: 0x18 Client Address: 106.56.91.110 
<33>May 26 07:37:23 threecom.switch.ibm.lab %May 26 07:37:23 2017 S9500 AAA/2/Serious error!: User testuser-41, in ACM send msg to SC failed! Returns 1 srcID 6 msgType 16384.
<189>May 26 07:37:25 ['9.9.9.9'] authmgr[504]: <NOTI> login <00:1c:bf:ca:2b:98  165.11.95.213 testuser-74>method=802.1x, server=TEST001, role=Authenticated Update(status 0 method 0 role 16), reauth=1800 sec
<189>May 26 07:37:26 ['9.9.9.9'] authmgr[504]: <NOTI> login <00:1c:bf:ca:2b:98  79.186.10.120 testuser-19>method=802.1x, server=TEST001, role=Authenticated Update(status 0 method 0 role 16), reauth=1800 sec
<38>May 26 07:37:28 sshd[99664]: input_userauth_request: invalid user testuser-36
<182>May 26 07:37:29 apache.httpd.ibm.lab httpd: 79.186.10.120 206.88.230.87 - - [26/May/2017:07:37:29 -0500] "POST /test.php?doing_test=123 HTTP/1.0" 404 80 282
<190>May 26 07:37:31 arbor.pravail.ibm.lab pravail-aps: Blocked Host: Blocked host 120.171.20.155 10:53 by TCP Connection Reset using TCP/52559 (Unknown) destination 61.36.67.152 source port 443,URL: https://arbornetworks.pravail.test.com/chaos/
<54>May 26 07:37:32 SymantecServer symantec.endpoint.ibm.lab: Security risk found,Computer name: COMP-978121,Source: Scheduled Scan,Risk name: VirusDoctor,Occurrences: 1,c:/System Volume Information/_restore{A3F5C2A3-F289-4356-B021-1FEFEFB73CBD}/RP243/A0070465.exe,"",Actual action: Quarantined,Requested action: Quarantined,Secondary action: Left alone,Event time: 2017-05-26 07:37:32,Inserted:2017-05-26 07:37:32,End: 2017-05-26 07:37:32,Domain: Default,Group: My Company	est,Server: avp1,User: testuser-1,Source computer:  ,Source IP: 0.0.0.0
<187>May 26 07:37:34 ['9.9.9.9'] httpd[16986]: [error] [client 136.38.97.190] Invalid URI in request \xf7vMKp`ET&\xa4\x9c\xc9\xec\xd1\xd8j\r\xce\xd9\xd4\xb3\c7
<190>May 26 07:37:36 arbor.pravail.ibm.lab pravail-aps: Blocked Host: Blocked host 167.227.124.53 at 10:52 by Invalid Packets using TCP/0 (Unknown) destination 136.93.99.208,URL: https://arbornetworks.pravail.test.com/chaos/
<182>May 26 07:37:37 apache.httpd.ibm.lab httpd: 137.38.197.140 71.237.63.121 - - [26/May/2017:07:37:37 -0500] "GET /<script>alert(53416)</script> HTTP/1.1" 404 443 320
<182>May 26 07:37:39 apache.httpd.ibm.lab httpd: 30.90.182.58 147.213.58.147 - - [26/May/2017:07:37:39 -0500] "POST /test.php?doing_test=123 HTTP/1.0" 404 80 282
<83>May 26 07:37:40 apple.macosx.ibm.lab sshd[5590]: error: PAM: Authentication failure for illegal user testuser-36 from 66.243.222.247<129>May 26 07:37:42 barracuda.firewall.ibm.lab WF ALER METHOD_NOT_ALLOWED 201.150.192.18 49528 193.236.248.249 80 security-policy GLOBAL DENY NONE [Method="ABCD"] ABCD 193.236.248.249/ HTTP "-" ""-"" 193.236.248.249 48536 "-" "-"
<33>May 26 07:37:43 threecom.switch.ibm.lab %May 26 07:37:43 2017 S9500 FTPS/5/USERIN: User testuser-18(218.111.178.29) login succeeded
<25>May 26 07:37:45 apple.macosx.ibm.lab DirectoryService[51]: Failed Authentication return is being delayed due to over five recent auth failures for username: rogueUser-2.
<13>May 26 07:37:47 checkpoint.firewall.ibm.lab 26May2017  checkpoint.firewall.ibm.lab product: SmartDefense; src: 51.18.44.104; s_port: ; dst: 31.76.132.210; service: ; proto: icmp; rule: ;Attack Info: Echo request too big;Suppressed logs: 1;Total logs: 2;__policy_id_tag: product=VPN-1 & FireWall-1[db_tag={B5A7057E-7F61-11DD-AA43-C0A832D12424};mgmt=fwmngt-zentral;date=1221069352;policy_name=Spider_gbl];alert: alert;attack: Large ping;has_accounting: 0;i/f_dir: inbound;
<38>May 26 07:37:48 sshd[388909]: Failed keyboard-interactive for invalid user testuser-12 from 202.207.224.25 port 63464 ssh2
<13>May 26 07:37:50 microsoft.sec.ibm.lab AgentDevice=WindowsLog	AgentLogFile=Security	Source=Security	Computer=COMP-testuser-100	User=testuser-100	Domain=	EventID=672	EventIDCode=672	EventType=16	EventCategory=9	RecordNumber=330298	TimeGenerated=1495798670	TimeWritten=1495798670	Message=Authentication Ticket Request: User Name: testuser-100 Supplied Realm Name: us.ibm.com User ID: %{S-1-2-3-1177225} Service Name: krbtgt Service ID: %{S-3-2-1-F87514} Ticket Options: 0x40810010 Result Code: - Ticket Encryption Type: 0x17 Pre-Authentication Type: 2 Client Address: 9.135.38.229 Certificate Issuer Name:  Certificate Serial Number:  Certificate Thumbprint: 
<54>May 26 07:37:51 SymantecServer symantec.endpoint.ibm.lab: Potential risk found,Computer name: COMP-1094116,Detection type: Heuristic,Application name: (Unknown),Application type: Trojan Worm,Application version: ,Hash type: SHA-1,Application hash: 72c874f212a18944ff56f774bfe7252346b93f8e,Company name: ,File size (bytes): 301568,Sensitivity: 0,Detection score: 40,Submission recommendation:1,Permitted application reason: 0,Source: Heuristic Scan,Risk name: ,Occurrences: 1,c:\claims\claims32.exe,"",Actual action: Left alone,Requested action: Left alone,Secondary action: Left alone,Event time: 2017-05-26 07:37:51,Inserted:2017-05-26 07:37:51,End:  2017-05-26 07:37:51,Domain: Default,Group: My Company\LTC\Desktops,Server: crasesssmc01,User: testuser-28,Source computer: ,Source IP: 0.0.0.0
<190>May 26 07:37:53 arbor.pravail.ibm.lab pravail-aps: Blocked Host: Blocked host 56.219.18.103 at 10:52 by Invalid Packets using TCP/0 (Unknown) destination 33.195.48.7,URL: https://arbornetworks.pravail.test.com/chaos/
<86>May 26 07:37:54 apple.macosx.ibm.lab sshd[5590]: Failed password for invalid user testuser-83 from 186.109.139.112 port 55175 ssh2
<33>May 26 07:37:56 threecom.switch.ibm.lab %May 26 07:37:56 2017 S9500 FTPS/5/USERIN: User testuser-48(30.90.182.58) login succeeded
<86>May 26 07:37:57 apple.macosx.ibm.lab sshd[5590]: Failed password for invalid user rogueUser-1 from 171.12.225.144 port 57815 ssh2
<13>May 26 07:37:59 microsoft.sec.ibm.lab AgentDevice=WindowsLog	AgentLogFile=Security	Source=Security	Computer=COMP-testuser-26	User=testuser-26	Domain=	EventID=672	EventIDCode=672	EventType=8	EventCategory=9	RecordNumber=346468	TimeGenerated=1495798679	TimeWritten=1495798679	Message=Authentication Ticket Request: User Name: testuser-26 Supplied Realm Name: us.ibm.com User ID: %{S-1-2-3-1089936} Service Name: krbtgt Service ID: %{S-3-2-1-0895ED} Ticket Options: 0x40810010 Result Code: - Ticket Encryption Type: 0x17 Pre-Authentication Type: 2 Client Address: 126.121.60.94 Certificate Issuer Name:  Certificate Serial Number:  Certificate Thumbprint: 
<38>May 26 07:38:01 sshd[819701]: Failed none for invalid user testuser-23 from 125.83.117.185 port 52294 ssh2
<190>May 26 07:38:02 arbor.pravail.ibm.lab pravail-aps: Blocked Host: Blocked host 137.38.197.140 10:53 by TCP Connection Reset using TCP/61570 (Unknown) destination 47.206.201.107 source port 443,URL: https://arbornetworks.pravail.test.com/chaos/
<13>May 26 07:38:04 checkpoint.firewall.ibm.lab 26May2017 drop checkpoint.firewall.ibm.lab product: VPN-1 &FireWall-1; src: 120.171.20.155; s_port: 53260; dst: 32.244.233.202; service: 138; proto: udp; rule: 323;SmartDefense profile: Default_Protection;__policy_id_tag: product=VPN-1 & FireWall-1[db_tag={48AB8350-7F61-11DD-887D-C0A832D16C6C};mgmt=fwmngt-zentral;date=1221069169;policy_name=Chameleon_gbl];has_accounting: 0;i/f_dir: inbound;i/f_name: eth-s1/s1p1c0;rule_uid: {21D66174-0E19-4B77-A1E9-3473FE991088};
<157>May 26 07:38:05 microsoft.event.ibm.lab MSWinEventLog	4	Security	60703	Fri May 26 07:38:05 2017	552	Security	NETWORK SERVICE	Well Known Group	Success Audit	testuser-47	Logon/Logoff		Logon attempt using explicit credentials: Logged on user:  User Name: NETWORK SERVICE  Domain: NT AUTHORITY  Logon ID: (0x0,0x1096209)  Logon GUID: -  User whose credentials were used:  Target User Name: testuser-47  Target Domain: us.ibm.com Target Logon GUID: -  Target Server Name: localhost  Target Server Info: localhost  Caller Process ID: 726600  Source Network Address: -  Source Port: - 	56794
<157>May 26 07:38:07 microsoft.event.ibm.lab MSWinEventLog	4	Security	60703	Fri May 26 07:38:07 2017	552	Security	NETWORK SERVICE	Well Known Group	Success Audit	testuser-35	Logon/Logoff		Logon attempt using explicit credentials: Logged on user:  User Name: NETWORK SERVICE  Domain: NT AUTHORITY  Logon ID: (0x0,0x1089936)  Logon GUID: -  User whose credentials were used:  Target User Name: testuser-35  Target Domain: us.ibm.com Target Logon GUID: -  Target Server Name: localhost  Target Server Info: localhost  Caller Process ID: 38477  Source Network Address: -  Source Port: - 	56794
<13>May 26 07:38:08 checkpoint.firewall.ibm.lab 26May2017  checkpoint.firewall.ibm.lab product: SmartDefense; src: 79.186.10.120; s_port: ; dst: 134.56.63.69; service: ; proto: icmp; rule: ;Attack Info: Echo request too big;Suppressed logs: 1;Total logs: 2;__policy_id_tag: product=VPN-1 & FireWall-1[db_tag={B5A7057E-7F61-11DD-AA43-C0A832D12424};mgmt=fwmngt-zentral;date=1221069352;policy_name=Spider_gbl];alert: alert;attack: Large ping;has_accounting: 0;i/f_dir: inbound;
<54>May 26 07:38:10 SymantecServer symantec.endpoint.ibm.lab: CNC2PSY9D1,Allowed,Sysfer exception: .\RegParamEngine.cpp 1152 Failed to read value DeviceInstance from key \Registry\Machine\SYSTEM\CurrentControlSet\Control\DeviceClasses\{53f56307-b6bf-11d0-94f2-00a0c91efb8b}\##?#IDE#DiskWDC_WD800JD-75MSA3______________________10.01E04#5&,Sysfer exception,Begin: 2017-05-26 07:38:10,End: 2017-05-26 07:38:10,Rule: Sysfer exception,3592,C:/Program Files/Cisco Systems/CSAgent/bin/okclient.exe,0,,,User: testuser-52,Domain: US
<38>May 26 07:38:12 sshd[319399]: Invalid user testuser-29 from 142.210.246.199
<54>May 26 07:38:13 SymantecServer symantec.endpoint.ibm.lab: CNC2PSY9D1,Allowed,Sysfer exception: .\RegParamEngine.cpp 1152 Failed to read value DeviceInstance from key \Registry\Machine\SYSTEM\CurrentControlSet\Control\DeviceClasses\{53f56307-b6bf-11d0-94f2-00a0c91efb8b}\##?#IDE#DiskWDC_WD800JD-75MSA3______________________10.01E04#5&,Sysfer exception,Begin: 2017-05-26 07:38:13,End: 2017-05-26 07:38:13,Rule: Sysfer exception,3592,C:/Program Files/Cisco Systems/CSAgent/bin/okclient.exe,0,,,User: rogueUser-4,Domain: US
<13>May 26 07:38:15 checkpoint.firewall.ibm.lab 26May2017 drop checkpoint.firewall.ibm.lab product: VPN-1 &FireWall-1; src: 147.198.103.40; s_port: 62360; dst: 37.63.105.55; service: 138; proto: udp; rule: 323;SmartDefense profile: Default_Protection;__policy_id_tag: product=VPN-1 & FireWall-1[db_tag={48AB8350-7F61-11DD-887D-C0A832D16C6C};mgmt=fwmngt-zentral;date=1221069169;policy_name=Chameleon_gbl];has_accounting: 0;i/f_dir: inbound;i/f_name: eth-s1/s1p1c0;rule_uid: {21D66174-0E19-4B77-A1E9-3473FE991088};
<190>May 26 07:38:16 arbor.pravail.ibm.lab pravail-aps: Blocked Host: Blocked host 120.171.20.155 at 10:53 by Malformed HTTP Filtering using TCP/80 (HTTP) destination 152.2.189.27 source port 51335,URL: https://arbornetworks.pravail.test.com/chaos/
<133>May 26 07:38:18 microsoft.event.ibm.lab MSWinEventLog 1 Security 102757633 Fri May 26 07:38:18 2017 4907 Microsoft-Windows-Security-Auditing N/A N/A Success Audit testuser-6 Audit Policy Change Auditing settings on object were changed. Subject: Security ID: S-1-5-18 Account Name: testuser-6 Account Domain: us.ibm.com Logon ID: 0x988036 Object: Object Server: Security Object Type: File Object Name: \Windows\winsxs\test.wav Handle ID: 0x3a8 Process Information: Process ID: 0x3F4EAC Process Name: C:\Windows\System32\wbengine.exe Auditing Settings: Original Security Descriptor: S:AI(AU;A;;WD) New Security Descriptor: S:ARAI(AU;SAFA;;;;WD)(AU;IDFA;B;;;WD) 537116
<13>May 26 07:38:19 microsoft.sec.ibm.lab AgentDevice=WindowsLog	AgentLogFile=Security	Source=Security	Computer=COMP-testuser-62	User=testuser-62	Domain=	EventID=680	EventIDCode=680	EventType=16	EventCategory=9	RecordNumber=793255	TimeGenerated=1495798699	TimeWritten=1495798699	Message=Logon attempt by: MICROSOFT_AUTHENTICATION_PACKAGE_V1_0 Logon account: testuser-62 Source Workstation: COMP-testuser-62 Error Code: 0x0 
<189>May 26 07:38:21 ['9.9.9.9'] authmgr[504]: <NOTI> login <00:1c:bf:ca:2b:98  99.123.52.13 testuser-9>method=802.1x, server=TEST001, role=Authenticated Update(status 0 method 0 role 16), reauth=1800 sec
<25>May 26 07:38:23 ambiron.ipangel.ibm.lab ipangel-ips: [2017-05-26 07:38:23-05] alert [Priority: 9] [116:46:1] [(snort_decoder) WARNING: TCP Data Offset is less than 5!] 165.11.95.213:59976 TCP 38.89.111.166:80 br0
<33>May 26 07:38:24 threecom.switch.ibm.lab %May 26 07:38:24 2017 S9500 FTPS/5/USEROUT: User testuser-77(212.2.111.4) logged out
<13>May 26 07:38:26 microsoft.sec.ibm.lab AgentDevice=WindowsLog	AgentLogFile=Security	Source=Security	Computer=COMP-testuser-26	User=testuser-26	Domain=	EventID=529	EventIDCode=529	EventType=16	EventCategory=2	RecordNumber=551032	TimeGenerated=1495798706	TimeWritten=1495798706	Message=Successful Network Logon: User Name: Domain: Logon ID: (0x0,0x1089936) Logon Type: 3 Logon Process: NtLmSsp Authentication Package: NTLM Workstation Name: COMP-testuser-26 Logon GUID: - Caller User Name: - Caller Domain: - Caller Logon ID: - Caller Process ID: - Transited Services: - Source Network Address: 136.38.97.190 Source Port: 0
<133>May 26 07:38:27 microsoft.event.ibm.lab MSWinEventLog 1 Security 102757633 Fri May 26 07:38:27 2017 4907 Microsoft-Windows-Security-Auditing N/A N/A Success Audit testuser-21 Audit Policy Change Auditing settings on object were changed. Subject: Security ID: S-1-5-18 Account Name: testuser-21 Account Domain: us.ibm.com Logon ID: 0x1079521 Object: Object Server: Security Object Type: File Object Name: \Windows\winsxs\test.wav Handle ID: 0x3a8 Process Information: Process ID: 0x34B427 Process Name: C:\Windows\System32\wbengine.exe Auditing Settings: Original Security Descriptor: S:AI(AU;A;;WD) New Security Descriptor: S:ARAI(AU;SAFA;;;;WD)(AU;IDFA;B;;;WD) 734923
<13>May 26 07:38:29 microsoft.sec.ibm.lab AgentDevice=WindowsLog	AgentLogFile=Security	Source=Security	Computer=COMP-rogueUser-4	User=rogueUser-4	Domain=	EventID=540	EventIDCode=540	EventType=8	EventCategory=2	RecordNumber=26957	TimeGenerated=1495798709	TimeWritten=1495798709	Message=Successful Network Logon: User Name: Domain: Logon ID: (0x0,0x1119364) Logon Type: 3 Logon Process: NtLmSsp Authentication Package: NTLM Workstation Name: COMP-rogueUser-4 Logon GUID: - Caller User Name: - Caller Domain: - Caller Logon ID: - Caller Process ID: - Transited Services: - Source Network Address: 29.27.15.178 Source Port: 0
<129>May 26 07:38:30 barracuda.firewall.ibm.lab WF ALER CROSS_SITE_SCRIPTING_IN_URL 120.171.20.155 54423 53.2.57.117 80 security-policy GLOBAL DENY NONE [type="cross-site-scripting" pattern="script-tag" token="<script>"] GET 53.2.57.117/<script>alert(53416)</script> HTTP "-" ""-"" 53.2.57.117 48541 "-" "-"
<129>May 26 07:38:32 barracuda.firewall.ibm.lab WF ALER CROSS_SITE_SCRIPTING_IN_URL 136.38.97.190 60376 68.136.31.221 80 security-policy GLOBAL DENY NONE [type="cross-site-scripting" pattern="script-tag" token="<script>"] GET 68.136.31.221/<script>alert(53416)</script> HTTP "-" ""-"" 68.136.31.221 48541 "-" "-"
<86>May 26 07:38:33 apple.macosx.ibm.lab sshd[5590]: Failed password for invalid user testuser-38 from 90.53.165.95 port 63037 ssh2
<13>May 26 07:38:35 microsoft.sec.ibm.lab AgentDevice=WindowsLog	AgentLogFile=Security	Source=Security	Computer=COMP-testuser-32	User=SYSTEM	Domain=	EventID=644	EventIDCode=644	EventType=8	EventCategory=7	RecordNumber=951890	TimeGenerated=1495798715	TimeWritten=1495798715	Message=User Account Locked Out: Target Account Name: testuser-32 Target Account ID: %{S-1-2-3-1083681} Caller Machine Name: COMP-CALLER01 Caller User Name: CALLER-01 Caller Domain: us.ibm.com Caller Logon ID: (0x0,0xBA5EBA11)
<27>May 26 07:38:37 ambiron.ipangel.ibm.lab ipangel-ips: [2017-05-26 07:38:37-05] alert [Priority: 9] [119:2:1] [(http_inspect) DOUBLE DECODING ATTACK] 83.87.204.105:55688 TCP 141.238.202.5:80 br0
<54>May 26 07:38:38 SymantecServer symantec.endpoint.ibm.lab: Potential risk found,Computer name: COMP-1113025,Detection type: Heuristic,Application name: (Unknown),Application type: Trojan Worm,Application version: ,Hash type: SHA-1,Application hash: 72c874f212a18944ff56f774bfe7252346b93f8e,Company name: ,File size (bytes): 301568,Sensitivity: 0,Detection score: 40,Submission recommendation:1,Permitted application reason: 0,Source: Heuristic Scan,Risk name: ,Occurrences: 1,c:\claims\claims32.exe,"",Actual action: Left alone,Requested action: Left alone,Secondary action: Left alone,Event time: 2017-05-26 07:38:38,Inserted:2017-05-26 07:38:38,End:  2017-05-26 07:38:38,Domain: Default,Group: My Company\LTC\Desktops,Server: crasesssmc01,User: rogueUser-1,Source computer: ,Source IP: 0.0.0.0
<83>May 26 07:38:40 apple.macosx.ibm.lab sshd[5590]: error: PAM: Authentication failure for illegal user testuser-67 from 16.108.165.234<129>May 26 07:38:41 barracuda.firewall.ibm.lab WF ALER METACHARACTER_IN_PARAMETER 132.146.155.198 56213 128.219.252.140 443 security-policy GLOBAL DENY NONE [token="%00 " Parameter="article" value="../../../../../../../../etc/passwd"] GET 128.219.252.140/talkback.cgi?article=../../../../../../../../etc/passwd%00&action=view&matchview=1 HTTPS "-" ""-"" 128.219.252.140 56213 "-" "-"
<189>May 26 07:38:43 ['9.9.9.9'] authmgr[504]: <NOTI> login <00:1c:bf:ca:2b:98  54.11.145.63 testuser-89>method=802.1x, server=TEST001, role=Authenticated Update(status 0 method 0 role 16), reauth=1800 sec
<33>May 26 07:38:44 threecom.switch.ibm.lab %May 26 07:38:44 2017 S9500 RTA/3/Failed to start accounting: Failed to start traffic accounting for user 33.195.94.29 on board 6
<13>May 26 07:38:46 checkpoint.firewall.ibm.lab 26May2017 reject checkpoint.firewall.ibm.lab product: VPN-1 & FireWall-1; src: 16.74.199.104; s_port: 64702; dst: 212.47.187.219; service: 113; proto: tcp; rule: 14;SmartDefense profile: Default_Protection;__policy_id_tag: product=VPN-1 & FireWall-1[db_tag={25E5B8F6-79E7-11DD-941A-C0A832D00C0C};mgmt=fwmngt-wuv;date=1220466957;policy_name=rhino_gbl];has_accounting: 0;i/f_dir: inbound;i/f_name: eth-s2/s1p1c0;rule_uid: {9C96B325-D976-4A30-8685-9ED61018A6E7};service_id: gident;
<54>May 26 07:38:48 SymantecServer symantec.endpoint.ibm.lab: Commercial application detected,Computer name: COMP-1096209,Detection type: Commercial,Application name: DameWare Development DWRCS,Application type: Remote Control,Application version: 5\~ 5\~ 0\~ 0,Hash type: SHA-1,Application hash: 4670d9eeeab7449788be3b18e9364ef0088b900e,Company name: DameWare Development LLC,File size (bytes): 208896,Sensitivity: 0,Detection score: 1,Submission recommendation: 0,Permitted application reason: 0,Source: Heuristic Scan,Risk name:  ,Occurrences: 1,DWMRCS,"DWMRCS",Actual action: Left alone,Requested action: Left alone,Secondary action: Commercial application detection,Event time: 2017-05-26 07:38:48,Inserted: 2017-05-26 07:38:48,End: 2017-05-26 07:38:48,Domain: Default,Group: My Company	est,Server: testbox,User: testuser-56,Source computer:  ,Source IP: 0.0.0.0
<190>May 26 07:38:49 arbor.pravail.ibm.lab pravail-aps: Blocked Host: Blocked host 179.174.48.208 at 10:52 by Invalid Packets using TCP/0 (Unknown) destination 81.69.133.97,URL: https://arbornetworks.pravail.test.com/chaos/
<28>May 26 07:38:51 Message forwarded from aix.ibm.lab: rshd[random_number_1_to_999999]: Failed rsh authentication from 12.159.153.220 for local user root via remote user testuser-26
<33>May 26 07:38:52 threecom.switch.ibm.lab %May 26 07:38:52 2017 S9500 AAA/2/Serious error!: User rogueUser-3, in ACM send msg to SC failed! Returns 1 srcID 6 msgType 16384.
<33>May 26 07:38:54 threecom.switch.ibm.lab %May 26 07:38:54 2017 S9500 RTA/3/Failed to start accounting: Failed to start traffic accounting for user 83.87.204.105 on board 6
<33>May 26 07:38:55 threecom.switch.ibm.lab %May 26 07:38:55 2017 S9500 AAA/2/Serious error!: User testuser-29, in ACM send msg to SC failed! Returns 1 srcID 6 msgType 16384.
<190>May 26 07:38:57 arbor.pravail.ibm.lab pravail-aps: Blocked Host: Blocked host 165.11.95.213 10:53 by TCP Connection Reset using TCP/62866 (Unknown) destination 38.75.196.194 source port 443,URL: https://arbornetworks.pravail.test.com/chaos/
<129>May 26 07:38:59 barracuda.firewall.ibm.lab WF ALER CROSS_SITE_SCRIPTING_IN_URL 120.171.20.155 59572 204.17.216.176 80 security-policy GLOBAL DENY NONE [type="cross-site-scripting" pattern="script-tag" token="<script>"] GET 204.17.216.176/<script>alert(53416)</script> HTTP "-" ""-"" 204.17.216.176 48541 "-" "-"
<13>May 26 07:39:00 microsoft.sec.ibm.lab AgentDevice=WindowsLog	AgentLogFile=Security	Source=Security	Computer=COMP-rogueUser-4	User=rogueUser-4	Domain=	EventID=529	EventIDCode=529	EventType=16	EventCategory=2	RecordNumber=596786	TimeGenerated=1495798740	TimeWritten=1495798740	Message=Successful Network Logon: User Name: Domain: Logon ID: (0x0,0x1119364) Logon Type: 3 Logon Process: NtLmSsp Authentication Package: NTLM Workstation Name: COMP-rogueUser-4 Logon GUID: - Caller User Name: - Caller Domain: - Caller Logon ID: - Caller Process ID: - Transited Services: - Source Network Address: 128.234.158.118 Source Port: 0
<149>May 26 07:39:02 apple.macosx.ibm.lab sudo:    testuser-87 : TTY=ttyp1 ; PWD=/Users/admin ; USER=admin ;COMMAND=/bin/bash
<26>May 26 07:39:03 ambiron.ipangel.ibm.lab ipangel-ips: [2017-05-26 07:39:03-05] alert [Priority: 9] [119:14:1] [(http_inspect) NON-RFC DEFINED CHAR] 64.87.88.123:61236 TCP 53.97.6.187:80 br0
<129>May 26 07:39:05 barracuda.firewall.ibm.lab WF ALER CROSS_SITE_SCRIPTING_IN_PARAM 136.38.97.190 56295 19.38.145.71 443 security-policy GLOBAL DENY NONE [type="cross-site-scripting" pattern="script-tag" token="<script>" Parameter="url" value="<script>alert(5341)</script>"] GET 19.38.145.71/redirect.asp?url=<script>alert(5341)</script> HTTPS "-" ""-"" 19.38.145.71 59845 "-" "-"
<26>May 26 07:39:06 ambiron.ipangel.ibm.lab ipangel-ips: [2017-05-26 07:39:06-05] alert [Priority: 9] [119:14:1] [(http_inspect) NON-RFC DEFINED CHAR] 9.135.38.229:59684 TCP 110.72.169.210:80 br0
<129>May 26 07:39:08 barracuda.firewall.ibm.lab WF ALER METHOD_NOT_ALLOWED 56.219.18.103 57708 19.192.37.53 80 security-policy GLOBAL DENY NONE [Method="ABCD"] ABCD 19.192.37.53/ HTTP "-" ""-"" 19.192.37.53 48536 "-" "-"
<157>May 26 07:39:09 microsoft.event.ibm.lab MSWinEventLog	4	Security	60703	Fri May 26 07:39:09 2017	552	Security	NETWORK SERVICE	Well Known Group	Success Audit	testuser-79	Logon/Logoff		Logon attempt using explicit credentials: Logged on user:  User Name: NETWORK SERVICE  Domain: NT AUTHORITY  Logon ID: (0x0,0x1106704)  Logon GUID: -  User whose credentials were used:  Target User Name: testuser-79  Target Domain: us.ibm.com Target Logon GUID: -  Target Server Name: localhost  Target Server Info: localhost  Caller Process ID: 116080  Source Network Address: -  Source Port: - 	56794
<25>May 26 07:39:11 ambiron.ipangel.ibm.lab ipangel-ips: [2017-05-26 07:39:11-05] alert [Priority: 9] [116:46:1] [(snort_decoder) WARNING: TCP Data Offset is less than 5!] 218.111.178.29:60918 TCP 109.117.100.27:80 br0
<149>May 26 07:39:13 apple.macosx.ibm.lab sudo:    testuser-42 : TTY=ttyp1 ; PWD=/Users/admin ; USER=admin ;COMMAND=/bin/bash
<29>May 26 07:39:14 Message forwarded from aix.ibm.lab: telnetd[11864214090276]: telnet from ::ffff:33.195.94.29 on /dev/pts/1
<13>May 26 07:39:16 checkpoint.firewall.ibm.lab 26May2017 drop checkpoint.firewall.ibm.lab product: VPN-1 &FireWall-1; src: 218.111.178.29; s_port: 61313; dst: 149.52.203.56; service: 138; proto: udp; rule: 323;SmartDefense profile: Default_Protection;__policy_id_tag: product=VPN-1 & FireWall-1[db_tag={48AB8350-7F61-11DD-887D-C0A832D16C6C};mgmt=fwmngt-zentral;date=1221069169;policy_name=Chameleon_gbl];has_accounting: 0;i/f_dir: inbound;i/f_name: eth-s1/s1p1c0;rule_uid: {21D66174-0E19-4B77-A1E9-3473FE991088};
<189>May 26 07:39:17 ['9.9.9.9'] authmgr[504]: <NOTI> login <00:1c:bf:ca:2b:98  79.186.10.120 testuser-28>method=802.1x, server=TEST001, role=Authenticated Update(status 0 method 0 role 16), reauth=1800 sec
<86>May 26 07:39:19 apple.macosx.ibm.lab sshd[5590]: Failed password for invalid user testuser-60 from 25.37.145.252 port 62077 ssh2
<38>May 26 07:39:20 sshd[904983]: input_userauth_request: invalid user testuser-28
<38>May 26 07:39:22 sshd[536270]: Failed none for invalid user testuser-43 from 56.219.18.103 port 50724 ssh2
<13>May 26 07:39:24 checkpoint.firewall.ibm.lab 26May2017  checkpoint.firewall.ibm.lab product: martDefense; src: 212.2.111.4; s_port: ; dst: 144.225.56.130; service: ; proto: udp; rule: ;Attack Info: Response packet too long, potential buffer overflow;Suppressed logs: 5;Total logs: 6;__policy_id_tag: product=VPN-1 & FireWall-1[db_tag={321A4EE6-7DEA-11DD-BFAA-C0A832822626};mgmt=fwmngt05;date=1220908070;policy_name=KillerWhale_gbl];alert: alert;attack: Invalid DNS;has_accounting: 0;i/f_dir: inbound;
<13>May 26 07:39:25 checkpoint.firewall.ibm.lab 26May2017  checkpoint.firewall.ibm.lab product: SmartDefense; src: 56.219.18.103; s_port: ; dst: 200.221.160.88; service: ; proto: icmp; rule: ;Attack Info: Echo request too big;Suppressed logs: 1;Total logs: 2;__policy_id_tag: product=VPN-1 & FireWall-1[db_tag={B5A7057E-7F61-11DD-AA43-C0A832D12424};mgmt=fwmngt-zentral;date=1221069352;policy_name=Spider_gbl];alert: alert;attack: Large ping;has_accounting: 0;i/f_dir: inbound;
<13>May 26 07:39:27 microsoft.sec.ibm.lab AgentDevice=WindowsLog	AgentLogFile=Security	Source=Security	Computer=COMP-testuser-32	User=testuser-32	Domain=	EventID=576	EventIDCode=576	EventType=8	EventCategory=2	RecordNumber=907427	TimeGenerated=1495798767	TimeWritten=1495798767	Message=Special privileges assigned to new logon: User Name: testuser-32 Domain: us.ibm.com Logon ID: (0x0,0x1083681) Privileges: SeSecurityPrivilege SeBackupPrivilege SeRestorePrivilege SeTakeOwnershipPrivilege SeDebugPrivilege SeSystemEnvironmentPrivilege SeLoadDriverPrivilege SeImpersonatePrivilege
<26>May 26 07:39:28 ambiron.ipangel.ibm.lab ipangel-ips: [2017-05-26 07:39:28-05] alert [Priority: 9] [119:14:1] [(http_inspect) NON-RFC DEFINED CHAR] 56.219.18.103:58589 TCP 68.32.111.176:80 br0
<54>May 26 07:39:30 SymantecServer symantec.endpoint.ibm.lab: Potential risk found,Computer name: COMP-1092025,Detection type: Heuristic,Application name: (Unknown),Application type: Trojan Worm,Application version: ,Hash type: SHA-1,Application hash: 72c874f212a18944ff56f774bfe7252346b93f8e,Company name: ,File size (bytes): 301568,Sensitivity: 0,Detection score: 40,Submission recommendation:1,Permitted application reason: 0,Source: Heuristic Scan,Risk name: ,Occurrences: 1,c:\claims\claims32.exe,"",Actual action: Left alone,Requested action: Left alone,Secondary action: Left alone,Event time: 2017-05-26 07:39:30,Inserted:2017-05-26 07:39:30,End:  2017-05-26 07:39:30,Domain: Default,Group: My Company\LTC\Desktops,Server: crasesssmc01,User: testuser-45,Source computer: ,Source IP: 0.0.0.0
<33>May 26 07:39:31 threecom.switch.ibm.lab %May 26 07:39:31 2017 S9500 PORTAL/5/PT_LOG: Online user 79.186.10.120 changes to 219.41.109.254, we will cut it off as using traffic-acct.
<157>May 26 07:39:33 microsoft.event.ibm.lab MSWinEventLog	4	Security	60703	Fri May 26 07:39:33 2017	552	Security	NETWORK SERVICE	Well Known Group	Success Audit	testuser-28	Logon/Logoff		Logon attempt using explicit credentials: Logged on user:  User Name: NETWORK SERVICE  Domain: NT AUTHORITY  Logon ID: (0x0,0x1094116)  Logon GUID: -  User whose credentials were used:  Target User Name: testuser-28  Target Domain: us.ibm.com Target Logon GUID: -  Target Server Name: localhost  Target Server Info: localhost  Caller Process ID: 346540  Source Network Address: -  Source Port: - 	56794
<33>May 26 07:39:35 threecom.switch.ibm.lab %May 26 07:39:35 2017 S9500 FTPS/5/USEROUT: User testuser-40(51.18.44.104) logged out
<190>May 26 07:39:36 arbor.pravail.ibm.lab pravail-aps: Blocked Host: Blocked host 56.219.18.103 10:53 by TCP Connection Reset using TCP/54130 (Unknown) destination 170.239.127.57 source port 443,URL: https://arbornetworks.pravail.test.com/chaos/
<190>May 26 07:39:38 arbor.pravail.ibm.lab pravail-aps: Blocked Host: Blocked host 201.150.192.18 at 10:53 by Malformed HTTP Filtering using TCP/80 (HTTP) destination 113.204.98.236 source port 52083,URL: https://arbornetworks.pravail.test.com/chaos/
<13>May 26 07:39:39 checkpoint.firewall.ibm.lab 26May2017  checkpoint.firewall.ibm.lab product: SmartDefense; src: 79.186.10.120; s_port: ; dst: 104.124.173.184; service: ; proto: icmp; rule: ;Attack Info: Echo request too big;Suppressed logs: 1;Total logs: 2;__policy_id_tag: product=VPN-1 & FireWall-1[db_tag={B5A7057E-7F61-11DD-AA43-C0A832D12424};mgmt=fwmngt-zentral;date=1221069352;policy_name=Spider_gbl];alert: alert;attack: Large ping;has_accounting: 0;i/f_dir: inbound;
<27>May 26 07:39:41 ambiron.ipangel.ibm.lab ipangel-ips: [2017-05-26 07:39:41-05] alert [Priority: 9] [119:2:1] [(http_inspect) DOUBLE DECODING ATTACK] 218.111.178.29:55648 TCP 205.112.183.32:80 br0
<189>May 26 07:39:42 ['9.9.9.9'] authmgr[504]: <NOTI> login <00:1c:bf:ca:2b:98  137.38.197.140 rogueUser-2>method=802.1x, server=TEST001, role=Authenticated Update(status 0 method 0 role 16), reauth=1800 sec
<190>May 26 07:39:44 arbor.pravail.ibm.lab pravail-aps: Blocked Host: Blocked host 79.186.10.120 at 10:53 by Malformed HTTP Filtering using TCP/80 (HTTP) destination 165.38.115.175 source port 56411,URL: https://arbornetworks.pravail.test.com/chaos/
<133>May 26 07:39:45 microsoft.event.ibm.lab MSWinEventLog 1 Security 102757633 Fri May 26 07:39:45 2017 4907 Microsoft-Windows-Security-Auditing N/A N/A Success Audit testuser-79 Audit Policy Change Auditing settings on object were changed. Subject: Security ID: S-1-5-18 Account Name: testuser-79 Account Domain: us.ibm.com Logon ID: 0x1106704 Object: Object Server: Security Object Type: File Object Name: \Windows\winsxs\test.wav Handle ID: 0x3a8 Process Information: Process ID: 0x4254B8 Process Name: C:\Windows\System32\wbengine.exe Auditing Settings: Original Security Descriptor: S:AI(AU;A;;WD) New Security Descriptor: S:ARAI(AU;SAFA;;;;WD)(AU;IDFA;B;;;WD) 541971
<86>May 26 07:39:47 apple.macosx.ibm.lab com.apple.SecurityServer: authinternal authenticated user testuser-81 (uid 93049).
<129>May 26 07:39:49 barracuda.firewall.ibm.lab WF ALER METHOD_NOT_ALLOWED 201.150.192.18 63999 218.120.54.83 80 security-policy GLOBAL DENY NONE [Method="ABCD"] ABCD 218.120.54.83/ HTTP "-" ""-"" 218.120.54.83 48536 "-" "-"
<13>May 26 07:39:50 checkpoint.firewall.ibm.lab 26May2017 drop checkpoint.firewall.ibm.lab product: SmartDefense; src: 79.186.10.120; s_port: 59115; dst: 118.88.252.191; service: 443; proto: tcp; rule: 392;Attack Info: TCP segment out of maximum allowed sequence. Packet dropped.;Confidence Level: 0;Performance Impact: 0;Protection Name: TCP Segment Limit Enforcement;Protection Type: settings_tcp;Severity: 0;SmartDefense Profile: Boticario_DMZ_Protection;__policy_id_tag: product=VPN-1 & FireWall-1[db_tag={E94ECB65-34C0-4740-9634-761E1604C8BC};mgmt=SJP1PLNX036-DMZ;date=1424714440;policy_name=DMZ];attack: Streaming Engine: TCP Segment Limit Enforcement;has_accounting: 0;i/f_dir: inbound;i/f_name: eth2-01.2809;origin_sic_name: CN=TEST-DMZ1,O=log_server_hostname;protection_id: tcp_segment_limit;rule_uid: {499DBB08-D262-4D9F-B639-5337A7B36E59};snid: 7572c682;src_machine_name: COMP-testuser-73;src_user_name: testuser-73 ;user: testuser-73 ;
<13>May 26 07:39:52 checkpoint.firewall.ibm.lab 26May2017  checkpoint.firewall.ibm.lab product: SmartDefense; src: 83.87.204.105; s_port: ; dst: 9.3.131.145; service: ; proto: udp; rule: ;Attack Info: Out-of-state DNS reply;Suppressed logs: 143;Total logs: 144;__policy_id_tag: product=VPN-1 & FireWall-1[db_tag={321A4EE6-7DEA-11DD-BFAA-C0A832822626};mgmt=fwmngt05;date=1220908070;policy_name=KillerWhale_gbl];alert: alert;attack: Invalid DNS;has_accounting: 0;i/f_dir: inbound;
<54>May 26 07:39:53 SymantecServer symantec.endpoint.ibm.lab: Commercial application detected,Computer name: COMP-1100401,Detection type: Commercial,Application name: DameWare Development DWRCS,Application type: Remote Control,Application version: 5\~ 5\~ 0\~ 0,Hash type: SHA-1,Application hash: 4670d9eeeab7449788be3b18e9364ef0088b900e,Company name: DameWare Development LLC,File size (bytes): 208896,Sensitivity: 0,Detection score: 1,Submission recommendation: 0,Permitted application reason: 0,Source: Heuristic Scan,Risk name:  ,Occurrences: 1,DWMRCS,"DWMRCS",Actual action: Left alone,Requested action: Left alone,Secondary action: Commercial application detection,Event time: 2017-05-26 07:39:53,Inserted: 2017-05-26 07:39:53,End: 2017-05-26 07:39:53,Domain: Default,Group: My Company	est,Server: testbox,User: testuser-67,Source computer:  ,Source IP: 0.0.0.0
<38>May 26 07:39:55 syslog: ssh: failed login attempt for testuser-16 from 56.219.18.103
<33>May 26 07:39:56 threecom.switch.ibm.lab %May 26 07:39:56 2017 S9500 RTA/3/Failed to get user traffic: Failed to get traffic of user 79.186.10.120 on board 6
<25>May 26 07:39:58 apple.macosx.ibm.lab DirectoryService[51]: Failed Authentication return is being delayed due to over five recent auth failures for username: testuser-74.
<187>May 26 07:40:00 ['9.9.9.9'] httpd[16986]: [error] [client 56.219.18.103] Invalid URI in request \xf7vMKp`ET&\xa4\x9c\xc9\xec\xd1\xd8j\r\xce\xd9\xd4\xb3\c7
<182>May 26 07:40:01 apache.httpd.ibm.lab httpd: 120.171.20.155 194.91.89.151 - - [26/May/2017:07:40:01 -0500] "POST /test.php?doing_test=123 HTTP/1.0" 404 80 282
<182>May 26 07:40:03 apache.httpd.ibm.lab httpd: 56.219.18.103 74.34.142.110 - - [26/May/2017:07:40:03 -0500] "TRACE / HTTP/1.0" 403 443 272
<190>May 26 07:40:04 arbor.pravail.ibm.lab pravail-aps: Blocked Host: Blocked host 202.207.224.25 10:53 by TCP Connection Reset using TCP/63067 (Unknown) destination 40.148.37.184 source port 443,URL: https://arbornetworks.pravail.test.com/chaos/
<133>May 26 07:40:06 microsoft.event.ibm.lab MSWinEventLog 1 Security 102757633 Fri May 26 07:40:06 2017 4907 Microsoft-Windows-Security-Auditing N/A N/A Success Audit testuser-65 Audit Policy Change Auditing settings on object were changed. Subject: Security ID: S-1-5-18 Account Name: testuser-65 Account Domain: us.ibm.com Logon ID: 0x1096209 Object: Object Server: Security Object Type: File Object Name: \Windows\winsxs\test.wav Handle ID: 0x3a8 Process Information: Process ID: 0xA07F58 Process Name: C:\Windows\System32\wbengine.exe Auditing Settings: Original Security Descriptor: S:AI(AU;A;;WD) New Security Descriptor: S:ARAI(AU;SAFA;;;;WD)(AU;IDFA;B;;;WD) 113774
<129>May 26 07:40:07 barracuda.firewall.ibm.lab WF ALER CROSS_SITE_SCRIPTING_IN_URL 79.186.10.120 49656 61.196.213.58 80 security-policy GLOBAL DENY NONE [type="cross-site-scripting" pattern="script-tag" token="<script>"] GET 61.196.213.58/<script>alert(53416)</script> HTTP "-" ""-"" 61.196.213.58 48541 "-" "-"
<129>May 26 07:40:09 barracuda.firewall.ibm.lab WF ALER CROSS_SITE_SCRIPTING_IN_PARAM 79.186.10.120 55502 71.44.189.2 443 security-policy GLOBAL DENY NONE [type="cross-site-scripting" pattern="script-tag" token="<script>" Parameter="url" value="<script>alert(5341)</script>"] GET 71.44.189.2/redirect.asp?url=<script>alert(5341)</script> HTTPS "-" ""-"" 71.44.189.2 59845 "-" "-"
<86>May 26 07:40:11 apple.macosx.ibm.lab sshd[5590]: Failed password for invalid user testuser-45 from 202.168.210.39 port 52341 ssh2
<86>May 26 07:40:12 apple.macosx.ibm.lab com.apple.SecurityServer: uid 99328 succeeded authenticating as user admin (uid 501) for right system.install.root.user.
<190>May 26 07:40:14 arbor.pravail.ibm.lab pravail-aps: Blocked Host: Blocked host 218.111.178.29 at 10:53 by Malformed HTTP Filtering using TCP/80 (HTTP) destination 106.192.114.214 source port 62170,URL: https://arbornetworks.pravail.test.com/chaos/
<33>May 26 07:40:15 threecom.switch.ibm.lab %May 26 07:40:15 2017 S9500 FTPS/5/USERIN: User testuser-16(56.219.18.103) login succeeded
<129>May 26 07:40:17 barracuda.firewall.ibm.lab WF ALER METACHARACTER_IN_PARAMETER 56.219.18.103 51456 25.202.157.63 443 security-policy GLOBAL DENY NONE [token="%00 " Parameter="article" value="../../../../../../../../etc/passwd"] GET 25.202.157.63/talkback.cgi?article=../../../../../../../../etc/passwd%00&action=view&matchview=1 HTTPS "-" ""-"" 25.202.157.63 51456 "-" "-"
<54>May 26 07:40:18 SymantecServer symantec.endpoint.ibm.lab: DCA-EMAPROJ2,Allowed,"C:\Program Files\Common Files\Symantec Shared\ccSvcHst.exe",,Begin: 2017-05-26 07:40:18,End:2017-05-26 07:40:18,Rule: ,2528,C:/Program Files/Microsoft Virtual Server/vmh.exe,0,,C:/ProgramFiles/Common Files/Symantec Shared/ccSvcHst.exe,User: testuser-88,Domain: US
<86>May 26 07:40:20 apple.macosx.ibm.lab com.apple.SecurityServer: uid 122505 succeeded authenticating as user admin (uid 501) for right system.install.root.user.
<27>May 26 07:40:21 ambiron.ipangel.ibm.lab ipangel-ips: [2017-05-26 07:40:21-05] alert [Priority: 9] [119:2:1] [(http_inspect) DOUBLE DECODING ATTACK] 132.146.155.198:58544 TCP 170.84.79.9:80 br0
<129>May 26 07:40:23 barracuda.firewall.ibm.lab WF ALER METACHARACTER_IN_PARAMETER 79.186.10.120 62668 81.198.230.197 443 security-policy GLOBAL DENY NONE [token="%00 " Parameter="article" value="../../../../../../../../etc/passwd"] GET 81.198.230.197/talkback.cgi?article=../../../../../../../../etc/passwd%00&action=view&matchview=1 HTTPS "-" ""-"" 81.198.230.197 62668 "-" "-"
<190>May 26 07:40:25 arbor.pravail.ibm.lab pravail-aps: Blocked Host: Blocked host 79.186.10.120 at 10:52 by Invalid Packets using TCP/0 (Unknown) destination 21.236.202.87,URL: https://arbornetworks.pravail.test.com/chaos/
<38>May 26 07:40:26 sshd[random_number_1_to_999999]: Accepted publickey for testuser-47 from 165.11.95.213 port 52222 ssh2
<129>May 26 07:40:28 barracuda.firewall.ibm.lab WF ALER METACHARACTER_IN_PARAMETER 128.234.158.118 64674 186.1.60.231 443 security-policy GLOBAL DENY NONE [token="%00 " Parameter="article" value="../../../../../../../../etc/passwd"] GET 186.1.60.231/talkback.cgi?article=../../../../../../../../etc/passwd%00&action=view&matchview=1 HTTPS "-" ""-"" 186.1.60.231 64674 "-" "-"
<129>May 26 07:40:29 barracuda.firewall.ibm.lab WF ALER METHOD_NOT_ALLOWED 125.83.117.185 61271 101.203.138.187 80 security-policy GLOBAL DENY NONE [Method="ABCD"] ABCD 101.203.138.187/ HTTP "-" ""-"" 101.203.138.187 48536 "-" "-"
<182>May 26 07:40:31 apache.httpd.ibm.lab httpd: 128.234.158.118 177.129.49.155 - - [26/May/2017:07:40:31 -0500] "GET /<script>alert(53416)</script> HTTP/1.1" 404 443 320
<133>May 26 07:40:32 microsoft.event.ibm.lab MSWinEventLog 1 Security 102757633 Fri May 26 07:40:32 2017 4907 Microsoft-Windows-Security-Auditing N/A N/A Success Audit testuser-85 Audit Policy Change Auditing settings on object were changed. Subject: Security ID: S-1-5-18 Account Name: testuser-85 Account Domain: us.ibm.com Logon ID: 0x1100401 Object: Object Server: Security Object Type: File Object Name: \Windows\winsxs\test.wav Handle ID: 0x3a8 Process Information: Process ID: 0x5C2A20 Process Name: C:\Windows\System32\wbengine.exe Auditing Settings: Original Security Descriptor: S:AI(AU;A;;WD) New Security Descriptor: S:ARAI(AU;SAFA;;;;WD)(AU;IDFA;B;;;WD) 32346
<129>May 26 07:40:34 barracuda.firewall.ibm.lab WF ALER METHOD_NOT_ALLOWED 120.171.20.155 60346 136.40.221.138 80 security-policy GLOBAL DENY NONE [Method="ABCD"] ABCD 136.40.221.138/ HTTP "-" ""-"" 136.40.221.138 48536 "-" "-"
<33>May 26 07:40:36 threecom.switch.ibm.lab %May 26 07:40:36 2017 S9500 FTPS/5/USERIN: User testuser-65(165.11.95.213) login succeeded
<33>May 26 07:40:37 threecom.switch.ibm.lab %May 26 07:40:37 2017 S9500 VTY/5/VTY_LOG:  TELNET user failed to login from 218.111.178.29(000D-88F6-60E0) on VTY0.
<182>May 26 07:40:39 apache.httpd.ibm.lab httpd: 189.6.147.68 209.239.154.51 - - [26/May/2017:07:40:39 -0500] "GET /../../../../../../../../../../../ HTTP/1.1" 400 443 307
<13>May 26 07:40:40 microsoft.sec.ibm.lab AgentDevice=WindowsLog	AgentLogFile=Security	Source=Security	Computer=COMP-testuser-49	User=testuser-49	Domain=	EventID=672	EventIDCode=672	EventType=8	EventCategory=9	RecordNumber=278579	TimeGenerated=1495798840	TimeWritten=1495798840	Message=Authentication Ticket Request: User Name: testuser-49 Supplied Realm Name: us.ibm.com User ID: %{S-1-2-3-1100401} Service Name: krbtgt Service ID: %{S-3-2-1-84C6F3} Ticket Options: 0x40810010 Result Code: - Ticket Encryption Type: 0x17 Pre-Authentication Type: 2 Client Address: 120.171.20.155 Certificate Issuer Name:  Certificate Serial Number:  Certificate Thumbprint: 
