<86>May 26 08:26:16 apple.macosx.ibm.lab com.apple.SecurityServer: uid 82624 succeeded authenticating as user admin (uid 501) for right system.install.root.user.
<190>May 26 08:26:17 arbor.pravail.ibm.lab pravail-aps: Blocked Host: Blocked host 212.2.111.4 at 10:52 by Invalid Packets using TCP/0 (Unknown) destination 150.144.147.236,URL: https://arbornetworks.pravail.test.com/chaos/
<38>May 26 08:26:19 sshd[860296]: Address 20.135.51.253 maps to test.ibm.com, but this does not map back to the address - POSSIBLE BREAK-IN ATTEMPT!
<133>May 26 08:26:20 microsoft.event.ibm.lab MSWinEventLog 1 Security 102757633 Fri May 26 08:26:20 2017 4907 Microsoft-Windows-Security-Auditing N/A N/A Success Audit testuser-22 Audit Policy Change Auditing settings on object were changed. Subject: Security ID: S-1-5-18 Account Name: testuser-22 Account Domain: us.ibm.com Logon ID: 0x1081600 Object: Object Server: Security Object Type: File Object Name: \Windows\winsxs\test.wav Handle ID: 0x3a8 Process Information: Process ID: 0xA87A58 Process Name: C:\Windows\System32\wbengine.exe Auditing Settings: Original Security Descriptor: S:AI(AU;A;;WD) New Security Descriptor: S:ARAI(AU;SAFA;;;;WD)(AU;IDFA;B;;;WD) 332123
<190>May 26 08:26:22 arbor.pravail.ibm.lab pravail-aps: Blocked Host: Blocked host 20.135.51.253 at 10:53 by Malformed HTTP Filtering using TCP/80 (HTTP) destination 111.31.60.196 source port 54258,URL: https://arbornetworks.pravail.test.com/chaos/
<33>May 26 08:26:24 threecom.switch.ibm.lab %May 26 08:26:24 2017 S9500 RTA/3/Failed to start accounting: Failed to start traffic accounting for user 189.6.147.68 on board 6
<189>May 26 08:26:25 ['9.9.9.9'] authmgr[504]: <NOTI> login <00:1c:bf:ca:2b:98  33.195.94.29 rogueUser-1>method=802.1x, server=TEST001, role=Authenticated Update(status 0 method 0 role 16), reauth=1800 sec
<149>May 26 08:26:27 apple.macosx.ibm.lab sudo:    testuser-42 : TTY=ttyp1 ; PWD=/Users/admin ; USER=admin ;COMMAND=/bin/bash
<86>May 26 08:26:28 apple.macosx.ibm.lab sshd[5590]: Failed password for invalid user testuser-94 from 120.171.20.155 port 53491 ssh2
<182>May 26 08:26:30 apache.httpd.ibm.lab httpd: 113.146.67.20 129.218.167.5 - - [26/May/2017:08:26:30 -0500] "POST /test.php?doing_test=123 HTTP/1.0" 404 80 282
<129>May 26 08:26:31 barracuda.firewall.ibm.lab WF ALER METACHARACTER_IN_PARAMETER 128.234.158.118 50641 99.87.199.53 443 security-policy GLOBAL DENY NONE [token="%00 " Parameter="article" value="../../../../../../../../etc/passwd"] GET 99.87.199.53/talkback.cgi?article=../../../../../../../../etc/passwd%00&action=view&matchview=1 HTTPS "-" ""-"" 99.87.199.53 50641 "-" "-"
<83>May 26 08:26:33 apple.macosx.ibm.lab com.apple.SecurityServer: authinternal failed to authenticate user testuser-68.
<187>May 26 08:26:34 ['9.9.9.9'] httpd[16986]: [error] [client 20.135.51.253] Invalid URI in request \xf7vMKp`ET&\xa4\x9c\xc9\xec\xd1\xd8j\r\xce\xd9\xd4\xb3\c7
<190>May 26 08:26:36 arbor.pravail.ibm.lab pravail-aps: Blocked Host: Blocked host 120.171.20.155 at 10:52 by Invalid Packets using TCP/0 (Unknown) destination 66.137.5.64,URL: https://arbornetworks.pravail.test.com/chaos/
<86>May 26 08:26:38 apple.macosx.ibm.lab com.apple.SecurityServer: authinternal authenticated user testuser-87 (uid 105625).
<187>May 26 08:26:39 ['9.9.9.9'] httpd[16986]: [error] [client 212.2.111.4] Invalid URI in request \xf7vMKp`ET&\xa4\x9c\xc9\xec\xd1\xd8j\r\xce\xd9\xd4\xb3\c7
<190>May 26 08:26:41 arbor.pravail.ibm.lab pravail-aps: Blocked Host: Blocked host 189.6.147.68 at 10:53 by Malformed HTTP Filtering using TCP/80 (HTTP) destination 11.14.105.70 source port 60021,URL: https://arbornetworks.pravail.test.com/chaos/
<129>May 26 08:26:42 barracuda.firewall.ibm.lab WF ALER SLASH_DOT_IN_URL 44.111.228.125 60627 61.186.37.106 443 security-policy GLOBAL DENY NONE ["-"] GET 61.186.37.106/themes/default/css/.htaccess HTTPS "-" ""-"" 61.186.37.106 44428 "-" "-"
<86>May 26 08:26:44 apple.macosx.ibm.lab sshd[5590]: Failed password for invalid user testuser-74 from 165.11.95.213 port 55536 ssh2
<129>May 26 08:26:45 barracuda.firewall.ibm.lab WF ALER METHOD_NOT_ALLOWED 56.219.18.103 49465 195.241.92.115 80 security-policy GLOBAL DENY NONE [Method="ABCD"] ABCD 195.241.92.115/ HTTP "-" ""-"" 195.241.92.115 48536 "-" "-"
<182>May 26 08:26:47 apache.httpd.ibm.lab httpd: 30.90.182.58 129.149.157.186 - - [26/May/2017:08:26:47 -0500] "OPTIONS /cgi-bin/index.php HTTP/1.1" 200 443 -
<133>May 26 08:26:49 microsoft.event.ibm.lab MSWinEventLog 1 Security 102757633 Fri May 26 08:26:49 2017 4907 Microsoft-Windows-Security-Auditing N/A N/A Success Audit testuser-41 Audit Policy Change Auditing settings on object were changed. Subject: Security ID: S-1-5-18 Account Name: testuser-41 Account Domain: us.ibm.com Logon ID: 0x1083681 Object: Object Server: Security Object Type: File Object Name: \Windows\winsxs\test.wav Handle ID: 0x3a8 Process Information: Process ID: 0x6057CD Process Name: C:\Windows\System32\wbengine.exe Auditing Settings: Original Security Descriptor: S:AI(AU;A;;WD) New Security Descriptor: S:ARAI(AU;SAFA;;;;WD)(AU;IDFA;B;;;WD) 978207
<28>May 26 08:26:50 Message forwarded from aix.ibm.lab: rshd[random_number_1_to_999999]: Failed rsh authentication from 218.111.178.29 for local user root via remote user testuser-36
<133>May 26 08:26:52 microsoft.event.ibm.lab MSWinEventLog 1 Security 102757633 Fri May 26 08:26:52 2017 4907 Microsoft-Windows-Security-Auditing N/A N/A Success Audit testuser-99 Audit Policy Change Auditing settings on object were changed. Subject: Security ID: S-1-5-18 Account Name: testuser-99 Account Domain: us.ibm.com Logon ID: 0x1110916 Object: Object Server: Security Object Type: File Object Name: \Windows\winsxs\test.wav Handle ID: 0x3a8 Process Information: Process ID: 0x0094F6 Process Name: C:\Windows\System32\wbengine.exe Auditing Settings: Original Security Descriptor: S:AI(AU;A;;WD) New Security Descriptor: S:ARAI(AU;SAFA;;;;WD)(AU;IDFA;B;;;WD) 696254
<13>May 26 08:26:53 microsoft.sec.ibm.lab AgentDevice=WindowsLog	AgentLogFile=Security	Source=Security	Computer=COMP-testuser-86	User=testuser-86	Domain=	EventID=680	EventIDCode=680	EventType=16	EventCategory=9	RecordNumber=157206	TimeGenerated=1495801613	TimeWritten=1495801613	Message=Logon attempt by: MICROSOFT_AUTHENTICATION_PACKAGE_V1_0 Logon account: testuser-86 Source Workstation: COMP-testuser-86 Error Code: 0x0 
<190>May 26 08:26:55 arbor.pravail.ibm.lab pravail-aps: Blocked Host: Blocked host 167.227.124.53 at 10:53 by Malformed HTTP Filtering using TCP/80 (HTTP) destination 216.70.37.113 source port 63012,URL: https://arbornetworks.pravail.test.com/chaos/
<129>May 26 08:26:56 barracuda.firewall.ibm.lab WF ALER METHOD_NOT_ALLOWED 137.38.197.140 54656 212.202.38.144 80 security-policy GLOBAL DENY NONE [Method="ABCD"] ABCD 212.202.38.144/ HTTP "-" ""-"" 212.202.38.144 48536 "-" "-"
<13>May 26 08:26:58 microsoft.sec.ibm.lab AgentDevice=WindowsLog	AgentLogFile=Security	Source=Security	Computer=COMP-testuser-39	User=testuser-39	Domain=	EventID=675	EventIDCode=675	EventType=16	EventCategory=9	RecordNumber=718877	TimeGenerated=1495801618	TimeWritten=1495801618	Message=Pre-authentication failed: User Name: testuser-39 User ID: %{S-1-2-3-1098304} Service Name: krbtgt Pre-Authentication Type: 0x2 Failure Code: 0x18 Client Address: 30.90.182.58 
<33>May 26 08:27:00 threecom.switch.ibm.lab %May 26 08:27:00 2017 S9500 FTPS/5/USEROUT: User testuser-96(83.87.204.105) logged out
<33>May 26 08:27:01 threecom.switch.ibm.lab %May 26 08:27:01 2017 S9500 AAA/2/Serious error!: User testuser-51, in ACM send msg to SC failed! Returns 1 srcID 6 msgType 16384.
<13>May 26 08:27:03 microsoft.sec.ibm.lab AgentDevice=WindowsLog	AgentLogFile=Security	Source=Security	Computer=COMP-rogueUser-3	User=rogueUser-3	Domain=	EventID=673	EventIDCode=673	EventType=8	EventCategory=9	RecordNumber=495266	TimeGenerated=1495801623	TimeWritten=1495801623	Message=Service Ticket Request:  User Name: rogueUser-3@us.ibm.com User Domain: us.ibm.com Service Name: MAIL$  Service ID: %{S-3-2-1-3B1BF9} Ticket Options:  0x40810000   Ticket Encryption Type: 0x17 Client Address: 20.135.51.253 Failure Code: - LogonGUID: {3B1BF9-f005ba11-ba5eba11} Transited Services: - 
<13>May 26 08:27:04 microsoft.sec.ibm.lab AgentDevice=WindowsLog	AgentLogFile=Security	Source=Security	Computer=COMP-testuser-27	User=testuser-27	Domain=	EventID=673	EventIDCode=673	EventType=8	EventCategory=9	RecordNumber=368091	TimeGenerated=1495801624	TimeWritten=1495801624	Message=Service Ticket Request:  User Name: testuser-27@us.ibm.com User Domain: us.ibm.com Service Name: MAIL$  Service ID: %{S-3-2-1-8D9334} Ticket Options:  0x40810000   Ticket Encryption Type: 0x17 Client Address: 218.111.178.29 Failure Code: - LogonGUID: {8D9334-f005ba11-ba5eba11} Transited Services: - 
<190>May 26 08:27:06 arbor.pravail.ibm.lab pravail-aps: Blocked Host: Blocked host 83.87.204.105 at 10:52 by Invalid Packets using TCP/0 (Unknown) destination 217.23.53.80,URL: https://arbornetworks.pravail.test.com/chaos/
<13>May 26 08:27:07 checkpoint.firewall.ibm.lab 26May2017 reject checkpoint.firewall.ibm.lab product: VPN-1 & FireWall-1; src: 132.146.155.198; s_port: 49998; dst: 150.127.17.168; service: 113; proto: tcp; rule: 14;SmartDefense profile: Default_Protection;__policy_id_tag: product=VPN-1 & FireWall-1[db_tag={25E5B8F6-79E7-11DD-941A-C0A832D00C0C};mgmt=fwmngt-wuv;date=1220466957;policy_name=rhino_gbl];has_accounting: 0;i/f_dir: inbound;i/f_name: eth-s2/s1p1c0;rule_uid: {9C96B325-D976-4A30-8685-9ED61018A6E7};service_id: gident;
<189>May 26 08:27:09 ['9.9.9.9'] authmgr[504]: <NOTI> login <00:1c:bf:ca:2b:98  83.87.204.105 testuser-87>method=802.1x, server=TEST001, role=Authenticated Update(status 0 method 0 role 16), reauth=1800 sec
<86>May 26 08:27:10 apple.macosx.ibm.lab sshd[5590]: Failed password for invalid user rogueUser-1 from 125.245.22.162 port 59651 ssh2
<13>May 26 08:27:12 checkpoint.firewall.ibm.lab 26May2017  checkpoint.firewall.ibm.lab product: SmartDefense; src: 79.186.10.120; s_port: ; dst: 67.165.152.98; service: ; proto: udp; rule: ;Attack Info: Bad domain format, illegal ASCII value in domain;Suppressed logs: 1;Total logs: 2;__policy_id_tag: product=VPN-1 & FireWall-1[db_tag={9B20E8EA-7DE6-11DD-B7D6-C0A832D11E1E};mgmt=fwmngt-zentral;date=1220906528;policy_name=Vulpine_gbl];alert: alert;attack: Invalid DNS;has_accounting: 0;i/f_dir: inbound;
<38>May 26 08:27:14 syslog: ssh: failed login attempt for testuser-49 from 120.171.20.155
<26>May 26 08:27:15 ambiron.ipangel.ibm.lab ipangel-ips: [2017-05-26 08:27:15-05] alert [Priority: 9] [119:14:1] [(http_inspect) NON-RFC DEFINED CHAR] 125.83.117.185:64405 TCP 86.72.240.95:80 br0
<189>May 26 08:27:17 ['9.9.9.9'] authmgr[504]: <NOTI> login <00:1c:bf:ca:2b:98  212.2.111.4 testuser-86>method=802.1x, server=TEST001, role=Authenticated Update(status 0 method 0 role 16), reauth=1800 sec
<187>May 26 08:27:18 ['9.9.9.9'] httpd[16986]: [error] [client 165.11.95.213] Invalid URI in request \xf7vMKp`ET&\xa4\x9c\xc9\xec\xd1\xd8j\r\xce\xd9\xd4\xb3\c7
<187>May 26 08:27:20 ['9.9.9.9'] httpd[16986]: [error] [client 201.150.192.18] Invalid URI in request \xf7vMKp`ET&\xa4\x9c\xc9\xec\xd1\xd8j\r\xce\xd9\xd4\xb3\c7
<149>May 26 08:27:21 apple.macosx.ibm.lab sudo:    testuser-70 : TTY=ttyp1 ; PWD=/Users/admin ; USER=admin ;COMMAND=/bin/bash
<33>May 26 08:27:23 threecom.switch.ibm.lab %May 26 08:27:23 2017 S9500 VTY/5/VTY_LOG:  TELNET user failed to login from 15.83.16.235(000D-88F6-60E0) on VTY0.
<13>May 26 08:27:25 checkpoint.firewall.ibm.lab 26May2017 drop checkpoint.firewall.ibm.lab product: SmartDefense; src: 79.186.10.120; s_port: 63758; dst: 35.222.142.123; service: 443; proto: tcp; rule: 392;Attack Info: TCP segment out of maximum allowed sequence. Packet dropped.;Confidence Level: 0;Performance Impact: 0;Protection Name: TCP Segment Limit Enforcement;Protection Type: settings_tcp;Severity: 0;SmartDefense Profile: Boticario_DMZ_Protection;__policy_id_tag: product=VPN-1 & FireWall-1[db_tag={E94ECB65-34C0-4740-9634-761E1604C8BC};mgmt=SJP1PLNX036-DMZ;date=1424714440;policy_name=DMZ];attack: Streaming Engine: TCP Segment Limit Enforcement;has_accounting: 0;i/f_dir: inbound;i/f_name: eth2-01.2809;origin_sic_name: CN=TEST-DMZ1,O=log_server_hostname;protection_id: tcp_segment_limit;rule_uid: {499DBB08-D262-4D9F-B639-5337A7B36E59};snid: 7572c682;src_machine_name: COMP-testuser-64;src_user_name: testuser-64 ;user: testuser-64 ;
<190>May 26 08:27:26 arbor.pravail.ibm.lab pravail-aps: Blocked Host: Blocked host 56.219.18.103 at 10:53 by Malformed HTTP Filtering using TCP/80 (HTTP) destination 191.194.233.72 source port 59640,URL: https://arbornetworks.pravail.test.com/chaos/
<182>May 26 08:27:28 apache.httpd.ibm.lab httpd: 79.186.10.120 193.5.1.11 - - [26/May/2017:08:27:28 -0500] "OPTIONS /cgi-bin/index.php HTTP/1.1" 200 443 -
<83>May 26 08:27:29 apple.macosx.ibm.lab sshd[5590]: error: PAM: Authentication failure for illegal user testuser-77 from 126.183.173.1<187>May 26 08:27:31 ['9.9.9.9'] httpd[16986]: [error] [client 15.83.16.235] Invalid URI in request \xf7vMKp`ET&\xa4\x9c\xc9\xec\xd1\xd8j\r\xce\xd9\xd4\xb3\c7
<179>May 26 08:27:32 apache.httpd.ibm.lab httpd[5570]: [ID 702911 local6.error] [error] [client 33.195.94.29] Certificate Verification: Error (10): certificate has expired
<13>May 26 08:27:34 checkpoint.firewall.ibm.lab 26May2017  checkpoint.firewall.ibm.lab product: SmartDefense; src: 120.171.20.155; s_port: ; dst: 129.208.66.185; service: ; proto: udp; rule: ;Attack Info: Out-of-state DNS reply;Suppressed logs: 143;Total logs: 144;__policy_id_tag: product=VPN-1 & FireWall-1[db_tag={321A4EE6-7DEA-11DD-BFAA-C0A832822626};mgmt=fwmngt05;date=1220908070;policy_name=KillerWhale_gbl];alert: alert;attack: Invalid DNS;has_accounting: 0;i/f_dir: inbound;
<13>May 26 08:27:36 checkpoint.firewall.ibm.lab 26May2017 drop checkpoint.firewall.ibm.lab product: SmartDefense; src: 125.83.117.185; s_port: 51149; dst: 117.204.172.136; service: 443; proto: tcp; rule: 392;Attack Info: TCP segment out of maximum allowed sequence. Packet dropped.;Confidence Level: 0;Performance Impact: 0;Protection Name: TCP Segment Limit Enforcement;Protection Type: settings_tcp;Severity: 0;SmartDefense Profile: Boticario_DMZ_Protection;__policy_id_tag: product=VPN-1 & FireWall-1[db_tag={E94ECB65-34C0-4740-9634-761E1604C8BC};mgmt=SJP1PLNX036-DMZ;date=1424714440;policy_name=DMZ];attack: Streaming Engine: TCP Segment Limit Enforcement;has_accounting: 0;i/f_dir: inbound;i/f_name: eth2-01.2809;origin_sic_name: CN=TEST-DMZ1,O=log_server_hostname;protection_id: tcp_segment_limit;rule_uid: {499DBB08-D262-4D9F-B639-5337A7B36E59};snid: 7572c682;src_machine_name: COMP-testuser-50;src_user_name: testuser-50 ;user: testuser-50 ;
<26>May 26 08:27:37 ambiron.ipangel.ibm.lab ipangel-ips: [2017-05-26 08:27:37-05] alert [Priority: 9] [119:14:1] [(http_inspect) NON-RFC DEFINED CHAR] 30.90.182.58:63359 TCP 96.196.13.131:80 br0
<83>May 26 08:27:39 apple.macosx.ibm.lab sshd[5590]: error: PAM: Authentication failure for illegal user testuser-56 from 120.75.36.79<54>May 26 08:27:40 SymantecServer symantec.endpoint.ibm.lab: CNC2PSY9D1,Allowed,Sysfer exception: .\RegParamEngine.cpp 1152 Failed to read value DeviceInstance from key \Registry\Machine\SYSTEM\CurrentControlSet\Control\DeviceClasses\{53f56307-b6bf-11d0-94f2-00a0c91efb8b}\##?#IDE#DiskWDC_WD800JD-75MSA3______________________10.01E04#5&,Sysfer exception,Begin: 2017-05-26 08:27:40,End: 2017-05-26 08:27:40,Rule: Sysfer exception,3592,C:/Program Files/Cisco Systems/CSAgent/bin/okclient.exe,0,,,User: testuser-19,Domain: US
<190>May 26 08:27:42 arbor.pravail.ibm.lab pravail-aps: Blocked Host: Blocked host 218.111.178.29 at 10:52 by Invalid Packets using TCP/0 (Unknown) destination 32.74.96.207,URL: https://arbornetworks.pravail.test.com/chaos/
<129>May 26 08:27:43 barracuda.firewall.ibm.lab WF ALER SLASH_DOT_IN_URL 51.18.44.104 62820 71.253.240.165 443 security-policy GLOBAL DENY NONE ["-"] GET 71.253.240.165/themes/default/css/.htaccess HTTPS "-" ""-"" 71.253.240.165 44428 "-" "-"
<25>May 26 08:27:45 apple.macosx.ibm.lab DirectoryService[51]: Failed Authentication return is being delayed due to over five recent auth failures for username: testuser-24.
<133>May 26 08:27:46 microsoft.event.ibm.lab MSWinEventLog 1 Security 102757633 Fri May 26 08:27:46 2017 4907 Microsoft-Windows-Security-Auditing N/A N/A Success Audit testuser-79 Audit Policy Change Auditing settings on object were changed. Subject: Security ID: S-1-5-18 Account Name: testuser-79 Account Domain: us.ibm.com Logon ID: 0x1106704 Object: Object Server: Security Object Type: File Object Name: \Windows\winsxs\test.wav Handle ID: 0x3a8 Process Information: Process ID: 0xB7000F Process Name: C:\Windows\System32\wbengine.exe Auditing Settings: Original Security Descriptor: S:AI(AU;A;;WD) New Security Descriptor: S:ARAI(AU;SAFA;;;;WD)(AU;IDFA;B;;;WD) 138631
<13>May 26 08:27:48 checkpoint.firewall.ibm.lab 26May2017 reject checkpoint.firewall.ibm.lab product: VPN-1 & FireWall-1; src: 136.38.97.190; s_port: 63244; dst: 161.147.41.133; service: 113; proto: tcp; rule: 14;SmartDefense profile: Default_Protection;__policy_id_tag: product=VPN-1 & FireWall-1[db_tag={25E5B8F6-79E7-11DD-941A-C0A832D00C0C};mgmt=fwmngt-wuv;date=1220466957;policy_name=rhino_gbl];has_accounting: 0;i/f_dir: inbound;i/f_name: eth-s2/s1p1c0;rule_uid: {9C96B325-D976-4A30-8685-9ED61018A6E7};service_id: gident;
<27>May 26 08:27:50 ambiron.ipangel.ibm.lab ipangel-ips: [2017-05-26 08:27:50-05] alert [Priority: 9] [119:2:1] [(http_inspect) DOUBLE DECODING ATTACK] 56.219.18.103:59708 TCP 184.165.142.76:80 br0
<25>May 26 08:27:51 ambiron.ipangel.ibm.lab ipangel-ips: [2017-05-26 08:27:51-05] alert [Priority: 9] [116:46:1] [(snort_decoder) WARNING: TCP Data Offset is less than 5!] 16.74.199.104:62273 TCP 85.154.216.123:80 br0
<86>May 26 08:27:53 apple.macosx.ibm.lab com.apple.SecurityServer: authinternal authenticated user testuser-62 (uid 90960).
<182>May 26 08:27:54 apache.httpd.ibm.lab httpd: 218.111.178.29 111.110.240.249 - - [26/May/2017:08:27:54 -0500] "TRACE / HTTP/1.0" 403 443 272
<13>May 26 08:27:56 checkpoint.firewall.ibm.lab 26May2017 drop checkpoint.firewall.ibm.lab product: SmartDefense; src: 136.38.97.190; s_port: 62756; dst: 158.177.120.92; service: 443; proto: tcp; rule: 392;Attack Info: TCP segment out of maximum allowed sequence. Packet dropped.;Confidence Level: 0;Performance Impact: 0;Protection Name: TCP Segment Limit Enforcement;Protection Type: settings_tcp;Severity: 0;SmartDefense Profile: Boticario_DMZ_Protection;__policy_id_tag: product=VPN-1 & FireWall-1[db_tag={E94ECB65-34C0-4740-9634-761E1604C8BC};mgmt=SJP1PLNX036-DMZ;date=1424714440;policy_name=DMZ];attack: Streaming Engine: TCP Segment Limit Enforcement;has_accounting: 0;i/f_dir: inbound;i/f_name: eth2-01.2809;origin_sic_name: CN=TEST-DMZ1,O=log_server_hostname;protection_id: tcp_segment_limit;rule_uid: {499DBB08-D262-4D9F-B639-5337A7B36E59};snid: 7572c682;src_machine_name: COMP-testuser-35;src_user_name: testuser-35 ;user: testuser-35 ;
<38>May 26 08:27:57 syslog: ssh: failed login attempt for rogueUser-2 from 51.247.213.143
<129>May 26 08:27:59 barracuda.firewall.ibm.lab WF ALER SLASH_DOT_IN_URL 202.207.224.25 62407 42.219.168.23 443 security-policy GLOBAL DENY NONE ["-"] GET 42.219.168.23/themes/default/css/.htaccess HTTPS "-" ""-"" 42.219.168.23 44428 "-" "-"
<13>May 26 08:28:01 checkpoint.firewall.ibm.lab 26May2017  checkpoint.firewall.ibm.lab product: martDefense; src: 79.186.10.120; s_port: ; dst: 20.49.203.186; service: ; proto: udp; rule: ;Attack Info: Response packet too long, potential buffer overflow;Suppressed logs: 5;Total logs: 6;__policy_id_tag: product=VPN-1 & FireWall-1[db_tag={321A4EE6-7DEA-11DD-BFAA-C0A832822626};mgmt=fwmngt05;date=1220908070;policy_name=KillerWhale_gbl];alert: alert;attack: Invalid DNS;has_accounting: 0;i/f_dir: inbound;
<133>May 26 08:28:02 microsoft.event.ibm.lab MSWinEventLog 1 Security 102757633 Fri May 26 08:28:02 2017 4907 Microsoft-Windows-Security-Auditing N/A N/A Success Audit testuser-25 Audit Policy Change Auditing settings on object were changed. Subject: Security ID: S-1-5-18 Account Name: testuser-25 Account Domain: us.ibm.com Logon ID: 0x1087849 Object: Object Server: Security Object Type: File Object Name: \Windows\winsxs\test.wav Handle ID: 0x3a8 Process Information: Process ID: 0xE8BA66 Process Name: C:\Windows\System32\wbengine.exe Auditing Settings: Original Security Descriptor: S:AI(AU;A;;WD) New Security Descriptor: S:ARAI(AU;SAFA;;;;WD)(AU;IDFA;B;;;WD) 350968
<182>May 26 08:28:04 apache.httpd.ibm.lab httpd: 120.171.20.155 82.116.105.160 - - [26/May/2017:08:28:04 -0500] "ABCD / HTTP/1.1" 501 443 297
<39>May 26 08:28:05 Message forwarded from aix.ibm.lab: testuser-94 PAM: pam_authenticate: error Authentication failed
<13>May 26 08:28:07 checkpoint.firewall.ibm.lab 26May2017  checkpoint.firewall.ibm.lab product: SmartDefense; src: 201.150.192.18; s_port: ; dst: 122.103.9.135; service: ; proto: udp; rule: ;Attack Info: Bad domain format, illegal ASCII value in domain;Suppressed logs: 1;Total logs: 2;__policy_id_tag: product=VPN-1 & FireWall-1[db_tag={9B20E8EA-7DE6-11DD-B7D6-C0A832D11E1E};mgmt=fwmngt-zentral;date=1220906528;policy_name=Vulpine_gbl];alert: alert;attack: Invalid DNS;has_accounting: 0;i/f_dir: inbound;
<13>May 26 08:28:08 checkpoint.firewall.ibm.lab 26May2017 drop checkpoint.firewall.ibm.lab product: SmartDefense; src: 132.146.155.198; s_port: 53548; dst: 159.123.13.148; service: 443; proto: tcp; rule: 392;Attack Info: TCP segment out of maximum allowed sequence. Packet dropped.;Confidence Level: 0;Performance Impact: 0;Protection Name: TCP Segment Limit Enforcement;Protection Type: settings_tcp;Severity: 0;SmartDefense Profile: Boticario_DMZ_Protection;__policy_id_tag: product=VPN-1 & FireWall-1[db_tag={E94ECB65-34C0-4740-9634-761E1604C8BC};mgmt=SJP1PLNX036-DMZ;date=1424714440;policy_name=DMZ];attack: Streaming Engine: TCP Segment Limit Enforcement;has_accounting: 0;i/f_dir: inbound;i/f_name: eth2-01.2809;origin_sic_name: CN=TEST-DMZ1,O=log_server_hostname;protection_id: tcp_segment_limit;rule_uid: {499DBB08-D262-4D9F-B639-5337A7B36E59};snid: 7572c682;src_machine_name: COMP-testuser-20;src_user_name: testuser-20 ;user: testuser-20 ;
<129>May 26 08:28:10 barracuda.firewall.ibm.lab WF ALER METACHARACTER_IN_PARAMETER 128.234.158.118 65231 38.78.170.40 443 security-policy GLOBAL DENY NONE [token="%00 " Parameter="article" value="../../../../../../../../etc/passwd"] GET 38.78.170.40/talkback.cgi?article=../../../../../../../../etc/passwd%00&action=view&matchview=1 HTTPS "-" ""-"" 38.78.170.40 65231 "-" "-"
<182>May 26 08:28:12 apache.httpd.ibm.lab httpd: 56.219.18.103 25.186.249.172 - - [26/May/2017:08:28:12 -0500] "GET / HTTP/1.0" 200 443 9334
<38>May 26 08:28:13 sshd[313901]: Disconnecting: Too many authentication failures for testuser-62
<182>May 26 08:28:15 apache.httpd.ibm.lab httpd: 120.171.20.155 123.165.66.29 - - [26/May/2017:08:28:15 -0500] "OPTIONS /cgi-bin/index.php HTTP/1.1" 200 443 -
<33>May 26 08:28:16 threecom.switch.ibm.lab %May 26 08:28:16 2017 S9500 VTY/5/VTY_LOG:  TELNET user failed to login from 120.171.20.155(000D-88F6-60E0) on VTY0.
<129>May 26 08:28:18 barracuda.firewall.ibm.lab WF ALER CROSS_SITE_SCRIPTING_IN_URL 113.146.67.20 53169 208.165.247.230 80 security-policy GLOBAL DENY NONE [type="cross-site-scripting" pattern="script-tag" token="<script>"] GET 208.165.247.230/<script>alert(53416)</script> HTTP "-" ""-"" 208.165.247.230 48541 "-" "-"
<38>May 26 08:28:19 sshd[272881]: Failed none for invalid user testuser-79 from 179.174.48.208 port 56315 ssh2
<157>May 26 08:28:21 microsoft.event.ibm.lab MSWinEventLog	4	Security	60703	Fri May 26 08:28:21 2017	552	Security	NETWORK SERVICE	Well Known Group	Success Audit	testuser-28	Logon/Logoff		Logon attempt using explicit credentials: Logged on user:  User Name: NETWORK SERVICE  Domain: NT AUTHORITY  Logon ID: (0x0,0x1094116)  Logon GUID: -  User whose credentials were used:  Target User Name: testuser-28  Target Domain: us.ibm.com Target Logon GUID: -  Target Server Name: localhost  Target Server Info: localhost  Caller Process ID: 71462  Source Network Address: -  Source Port: - 	56794
<38>May 26 08:28:22 sshd[random_number_1_to_999999]: Accepted publickey for testuser-27 from 218.111.178.29 port 61223 ssh2
<187>May 26 08:28:24 ['9.9.9.9'] httpd[16986]: [error] [client 125.83.117.185] Invalid URI in request \xf7vMKp`ET&\xa4\x9c\xc9\xec\xd1\xd8j\r\xce\xd9\xd4\xb3\c7
<190>May 26 08:28:26 arbor.pravail.ibm.lab pravail-aps: Blocked Host: Blocked host 165.11.95.213 at 10:53 by Malformed HTTP Filtering using TCP/80 (HTTP) destination 222.187.56.46 source port 58349,URL: https://arbornetworks.pravail.test.com/chaos/
<86>May 26 08:28:27 apple.macosx.ibm.lab com.apple.SecurityServer: authinternal authenticated user testuser-55 (uid 95140).
<26>May 26 08:28:29 ambiron.ipangel.ibm.lab ipangel-ips: [2017-05-26 08:28:29-05] alert [Priority: 9] [119:14:1] [(http_inspect) NON-RFC DEFINED CHAR] 120.171.20.155:57073 TCP 190.57.126.57:80 br0
<190>May 26 08:28:30 arbor.pravail.ibm.lab pravail-aps: Blocked Host: Blocked host 165.11.95.213 at 10:52 by Invalid Packets using TCP/0 (Unknown) destination 179.32.9.159,URL: https://arbornetworks.pravail.test.com/chaos/
<182>May 26 08:28:32 apache.httpd.ibm.lab httpd: 218.111.178.29 196.240.141.95 - - [26/May/2017:08:28:32 -0500] "GET / HTTP/1.0" 200 443 9334
<33>May 26 08:28:33 threecom.switch.ibm.lab %May 26 08:28:33 2017 S9500 PORTAL/5/PT_LOG: Online user 136.38.97.190 changes to 22.42.81.141, we will cut it off as using traffic-acct.
<129>May 26 08:28:35 barracuda.firewall.ibm.lab WF ALER SLASH_DOT_IN_URL 56.219.18.103 54616 24.79.84.136 443 security-policy GLOBAL DENY NONE ["-"] GET 24.79.84.136/themes/default/css/.htaccess HTTPS "-" ""-"" 24.79.84.136 44428 "-" "-"
<54>May 26 08:28:37 SymantecServer symantec.endpoint.ibm.lab: testbox-abc,[SID: 21590] P2P Edonkey Ping Message detected.  Traffic has been allowed from this application: C:\Program Files\easyMule\emule.exe,Local: 120.171.20.155,Local: 00218696B978,Remote: ,Remote: 32.56.181.252,Remote: 000000000000,Outbound,OTHERS,Intrusion ID: 0,Begin: 2017-05-26 08:28:37,End: 2017-05-26 08:28:37,Occurrences: 1,Application: C:/Program Files/easyMule/emule.exe,Location: Default,User: testuser-49,Domain: us.ibm.com
<25>May 26 08:28:38 ambiron.ipangel.ibm.lab ipangel-ips: [2017-05-26 08:28:38-05] alert [Priority: 9] [116:46:1] [(snort_decoder) WARNING: TCP Data Offset is less than 5!] 137.38.197.140:63751 TCP 150.243.38.177:80 br0
<133>May 26 08:28:40 microsoft.event.ibm.lab MSWinEventLog 1 Security 102757633 Fri May 26 08:28:40 2017 4907 Microsoft-Windows-Security-Auditing N/A N/A Success Audit testuser-12 Audit Policy Change Auditing settings on object were changed. Subject: Security ID: S-1-5-18 Account Name: testuser-12 Account Domain: us.ibm.com Logon ID: 0x1079521 Object: Object Server: Security Object Type: File Object Name: \Windows\winsxs\test.wav Handle ID: 0x3a8 Process Information: Process ID: 0xA39D6C Process Name: C:\Windows\System32\wbengine.exe Auditing Settings: Original Security Descriptor: S:AI(AU;A;;WD) New Security Descriptor: S:ARAI(AU;SAFA;;;;WD)(AU;IDFA;B;;;WD) 615614
<13>May 26 08:28:41 checkpoint.firewall.ibm.lab 26May2017  checkpoint.firewall.ibm.lab product: SmartDefense; src: 120.171.20.155; s_port: ; dst: 18.39.145.50; service: ; proto: icmp; rule: ;Attack Info: Echo request too big;Suppressed logs: 1;Total logs: 2;__policy_id_tag: product=VPN-1 & FireWall-1[db_tag={B5A7057E-7F61-11DD-AA43-C0A832D12424};mgmt=fwmngt-zentral;date=1221069352;policy_name=Spider_gbl];alert: alert;attack: Large ping;has_accounting: 0;i/f_dir: inbound;
<182>May 26 08:28:43 apache.httpd.ibm.lab httpd: 56.219.18.103 208.232.63.28 - - [26/May/2017:08:28:43 -0500] "GET /../../../../../../../../../../../ HTTP/1.1" 400 443 307
<54>May 26 08:28:44 SymantecServer symantec.endpoint.ibm.lab: DCA-EMAPROJ2,Allowed,"C:\Program Files\Common Files\Symantec Shared\ccSvcHst.exe",,Begin: 2017-05-26 08:28:44,End:2017-05-26 08:28:44,Rule: ,2528,C:/Program Files/Microsoft Virtual Server/vmh.exe,0,,C:/ProgramFiles/Common Files/Symantec Shared/ccSvcHst.exe,User: rogueUser-5,Domain: US
<13>May 26 08:28:46 microsoft.sec.ibm.lab AgentDevice=WindowsLog	AgentLogFile=Security	Source=Security	Computer=COMP-testuser-56	User=testuser-56	Domain=	EventID=529	EventIDCode=529	EventType=16	EventCategory=2	RecordNumber=281033	TimeGenerated=1495801726	TimeWritten=1495801726	Message=Successful Network Logon: User Name: Domain: Logon ID: (0x0,0x1096209) Logon Type: 3 Logon Process: NtLmSsp Authentication Package: NTLM Workstation Name: COMP-testuser-56 Logon GUID: - Caller User Name: - Caller Domain: - Caller Logon ID: - Caller Process ID: - Transited Services: - Source Network Address: 165.11.95.213 Source Port: 0
<129>May 26 08:28:48 barracuda.firewall.ibm.lab WF ALER METACHARACTER_IN_PARAMETER 15.83.16.235 61695 47.62.174.6 443 security-policy GLOBAL DENY NONE [token="%00 " Parameter="article" value="../../../../../../../../etc/passwd"] GET 47.62.174.6/talkback.cgi?article=../../../../../../../../etc/passwd%00&action=view&matchview=1 HTTPS "-" ""-"" 47.62.174.6 61695 "-" "-"
<83>May 26 08:28:49 apple.macosx.ibm.lab sshd[5590]: error: PAM: Authentication failure for illegal user rogueUser-5 from 42.203.84.56<54>May 26 08:28:51 SymantecServer symantec.endpoint.ibm.lab: DCA-EMAPROJ2,Allowed,"C:\Program Files\Common Files\Symantec Shared\ccSvcHst.exe",,Begin: 2017-05-26 08:28:51,End:2017-05-26 08:28:51,Rule: ,2528,C:/Program Files/Microsoft Virtual Server/vmh.exe,0,,C:/ProgramFiles/Common Files/Symantec Shared/ccSvcHst.exe,User: testuser-36,Domain: US
<157>May 26 08:28:52 microsoft.event.ibm.lab MSWinEventLog	4	Security	60703	Fri May 26 08:28:52 2017	552	Security	NETWORK SERVICE	Well Known Group	Success Audit	testuser-34	Logon/Logoff		Logon attempt using explicit credentials: Logged on user:  User Name: NETWORK SERVICE  Domain: NT AUTHORITY  Logon ID: (0x0,0x1087849)  Logon GUID: -  User whose credentials were used:  Target User Name: testuser-34  Target Domain: us.ibm.com Target Logon GUID: -  Target Server Name: localhost  Target Server Info: localhost  Caller Process ID: 961351  Source Network Address: -  Source Port: - 	56794
<190>May 26 08:28:54 arbor.pravail.ibm.lab pravail-aps: Blocked Host: Blocked host 136.38.97.190 at 10:53 by Malformed HTTP Filtering using TCP/80 (HTTP) destination 220.168.171.68 source port 55973,URL: https://arbornetworks.pravail.test.com/chaos/
<133>May 26 08:28:55 microsoft.event.ibm.lab MSWinEventLog 1 Security 102757633 Fri May 26 08:28:55 2017 4907 Microsoft-Windows-Security-Auditing N/A N/A Success Audit testuser-66 Audit Policy Change Auditing settings on object were changed. Subject: Security ID: S-1-5-18 Account Name: testuser-66 Account Domain: us.ibm.com Logon ID: 0x1098304 Object: Object Server: Security Object Type: File Object Name: \Windows\winsxs\test.wav Handle ID: 0x3a8 Process Information: Process ID: 0x89CC11 Process Name: C:\Windows\System32\wbengine.exe Auditing Settings: Original Security Descriptor: S:AI(AU;A;;WD) New Security Descriptor: S:ARAI(AU;SAFA;;;;WD)(AU;IDFA;B;;;WD) 511481
<13>May 26 08:28:57 microsoft.sec.ibm.lab AgentDevice=WindowsLog	AgentLogFile=Security	Source=Security	Computer=COMP-rogueUser-1	User=rogueUser-1	Domain=	EventID=680	EventIDCode=680	EventType=16	EventCategory=9	RecordNumber=315523	TimeGenerated=1495801737	TimeWritten=1495801737	Message=Logon attempt by: MICROSOFT_AUTHENTICATION_PACKAGE_V1_0 Logon account: rogueUser-1 Source Workstation: COMP-rogueUser-1 Error Code: 0x0 
<133>May 26 08:28:58 microsoft.event.ibm.lab MSWinEventLog 1 Security 102757633 Fri May 26 08:28:58 2017 4907 Microsoft-Windows-Security-Auditing N/A N/A Success Audit testuser-53 Audit Policy Change Auditing settings on object were changed. Subject: Security ID: S-1-5-18 Account Name: testuser-53 Account Domain: us.ibm.com Logon ID: 0x1089936 Object: Object Server: Security Object Type: File Object Name: \Windows\winsxs\test.wav Handle ID: 0x3a8 Process Information: Process ID: 0x4C2431 Process Name: C:\Windows\System32\wbengine.exe Auditing Settings: Original Security Descriptor: S:AI(AU;A;;WD) New Security Descriptor: S:ARAI(AU;SAFA;;;;WD)(AU;IDFA;B;;;WD) 627306
<50>May 26 08:29:00 SymantecServer symantec.endpoint.ibm.lab: testbox-xyz,[SID: 70025] Web Attack: Blackhole Exploit Toolkit 2 attack blocked. Traffic has been blocked for this application: C:\Program Files\Internet Explorer\iexplore.exe,Local: 0.0.0.0,Local: 000000000000,Remote: ,Remote: 0.0.0.0,Remote: 000000000000,Inbound,OTHERS,,Begin: 2017-05-26 08:29:00,End: 2017-05-26 08:29:00,Occurrences: 1,Application: C:/Program Files/Internet Explorer/iexplore.exe,Location: Default,User: testuser-98,Domain: SIMON,!ExternalLoggingTask.localport! 0,!ExternalLoggingTask.remoteport! 0,!ExternalLoggingTask.cidssignid! 70025,!ExternalLoggingTask.strcidssignid! Web Attack: Blackhole Exploit Toolkit 2,!ExternalLoggingTask.cidssignsubid! 0,!ExternalLoggingTask.intrusionurl! http://pppptttt.blah.net/links/came_broadcasting_taking-various.php,!ExternalLoggingTask.intrusionpayloadurl!
<190>May 26 08:29:02 arbor.pravail.ibm.lab pravail-aps: Blocked Host: Blocked host 56.219.18.103 at 10:52 by Invalid Packets using TCP/0 (Unknown) destination 54.29.68.8,URL: https://arbornetworks.pravail.test.com/chaos/
<129>May 26 08:29:03 barracuda.firewall.ibm.lab WF ALER CROSS_SITE_SCRIPTING_IN_URL 120.171.20.155 52614 99.109.218.71 80 security-policy GLOBAL DENY NONE [type="cross-site-scripting" pattern="script-tag" token="<script>"] GET 99.109.218.71/<script>alert(53416)</script> HTTP "-" ""-"" 99.109.218.71 48541 "-" "-"
<38>May 26 08:29:05 sshd[random_number_1_to_999999]: Accepted publickey for testuser-96 from 83.87.204.105 port 61519 ssh2
<86>May 26 08:29:06 apple.macosx.ibm.lab com.apple.SecurityServer: authinternal authenticated user rogueUser-2 (uid 116160).
<33>May 26 08:29:08 threecom.switch.ibm.lab %May 26 08:29:08 2017 S9500 VTY/5/VTY_LOG:  TELNET user failed to login from 154.102.244.170(000D-88F6-60E0) on VTY0.
<13>May 26 08:29:09 checkpoint.firewall.ibm.lab 26May2017  checkpoint.firewall.ibm.lab product: martDefense; src: 9.135.38.229; s_port: ; dst: 32.134.108.68; service: ; proto: udp; rule: ;Attack Info: Response packet too long, potential buffer overflow;Suppressed logs: 5;Total logs: 6;__policy_id_tag: product=VPN-1 & FireWall-1[db_tag={321A4EE6-7DEA-11DD-BFAA-C0A832822626};mgmt=fwmngt05;date=1220908070;policy_name=KillerWhale_gbl];alert: alert;attack: Invalid DNS;has_accounting: 0;i/f_dir: inbound;
<83>May 26 08:29:11 apple.macosx.ibm.lab com.apple.SecurityServer: authinternal failed to authenticate user testuser-70.
<13>May 26 08:29:13 checkpoint.firewall.ibm.lab 26May2017  checkpoint.firewall.ibm.lab product: martDefense; src: 218.111.178.29; s_port: ; dst: 49.81.155.227; service: ; proto: udp; rule: ;Attack Info: Response packet too long, potential buffer overflow;Suppressed logs: 5;Total logs: 6;__policy_id_tag: product=VPN-1 & FireWall-1[db_tag={321A4EE6-7DEA-11DD-BFAA-C0A832822626};mgmt=fwmngt05;date=1220908070;policy_name=KillerWhale_gbl];alert: alert;attack: Invalid DNS;has_accounting: 0;i/f_dir: inbound;
<33>May 26 08:29:14 threecom.switch.ibm.lab %May 26 08:29:14 2017 S9500 RTA/3/Failed to get user traffic: Failed to get traffic of user 113.146.67.20 on board 6
<14>May 26 08:29:16 Message forwarded from aix.ibm.lab: ftp[random_number_1_to_999999]: ftp: EXPORT user testuser-65, host 221.104.233.159, local test_script.sh, remote test_script.sh.
<86>May 26 08:29:17 apple.macosx.ibm.lab com.apple.SecurityServer: uid 99328 succeeded authenticating as user admin (uid 501) for right system.install.root.user.
<26>May 26 08:29:19 ambiron.ipangel.ibm.lab ipangel-ips: [2017-05-26 08:29:19-05] alert [Priority: 9] [119:14:1] [(http_inspect) NON-RFC DEFINED CHAR] 99.123.52.13:51020 TCP 208.156.242.6:80 br0
<33>May 26 08:29:20 threecom.switch.ibm.lab %May 26 08:29:20 2017 S9500 RTA/3/Failed to start accounting: Failed to start traffic accounting for user 20.135.51.253 on board 6
<38>May 26 08:29:22 sshd[111567]: Failed password for invalid user testuser-64 from 32.88.242.140 port 59806 ssh2
<182>May 26 08:29:24 apache.httpd.ibm.lab httpd: 136.38.97.190 9.155.2.66 - - [26/May/2017:08:29:24 -0500] "GET / HTTP/1.0" 200 443 9334
<13>May 26 08:29:25 microsoft.sec.ibm.lab AgentDevice=WindowsLog	AgentLogFile=Security	Source=Security	Computer=COMP-testuser-91	User=testuser-91	Domain=	EventID=672	EventIDCode=672	EventType=16	EventCategory=9	RecordNumber=36221	TimeGenerated=1495801765	TimeWritten=1495801765	Message=Authentication Ticket Request: User Name: testuser-91 Supplied Realm Name: us.ibm.com User ID: %{S-1-2-3-1094116} Service Name: krbtgt Service ID: %{S-3-2-1-6AE359} Ticket Options: 0x40810010 Result Code: - Ticket Encryption Type: 0x17 Pre-Authentication Type: 2 Client Address: 79.186.10.120 Certificate Issuer Name:  Certificate Serial Number:  Certificate Thumbprint: 
<26>May 26 08:29:27 ambiron.ipangel.ibm.lab ipangel-ips: [2017-05-26 08:29:27-05] alert [Priority: 9] [119:14:1] [(http_inspect) NON-RFC DEFINED CHAR] 51.18.44.104:54607 TCP 93.238.24.123:80 br0
<13>May 26 08:29:28 checkpoint.firewall.ibm.lab 26May2017  checkpoint.firewall.ibm.lab product: SmartDefense; src: 218.111.178.29; s_port: ; dst: 102.108.190.233; service: ; proto: icmp; rule: ;Attack Info: Echo request too big;Suppressed logs: 1;Total logs: 2;__policy_id_tag: product=VPN-1 & FireWall-1[db_tag={B5A7057E-7F61-11DD-AA43-C0A832D12424};mgmt=fwmngt-zentral;date=1221069352;policy_name=Spider_gbl];alert: alert;attack: Large ping;has_accounting: 0;i/f_dir: inbound;
<25>May 26 08:29:30 ambiron.ipangel.ibm.lab ipangel-ips: [2017-05-26 08:29:30-05] alert [Priority: 9] [116:46:1] [(snort_decoder) WARNING: TCP Data Offset is less than 5!] 51.18.44.104:57030 TCP 195.78.119.156:80 br0
<157>May 26 08:29:31 microsoft.event.ibm.lab MSWinEventLog	4	Security	60703	Fri May 26 08:29:31 2017	552	Security	NETWORK SERVICE	Well Known Group	Success Audit	rogueUser-4	Logon/Logoff		Logon attempt using explicit credentials: Logged on user:  User Name: NETWORK SERVICE  Domain: NT AUTHORITY  Logon ID: (0x0,0x1119364)  Logon GUID: -  User whose credentials were used:  Target User Name: rogueUser-4  Target Domain: us.ibm.com Target Logon GUID: -  Target Server Name: localhost  Target Server Info: localhost  Caller Process ID: 438469  Source Network Address: -  Source Port: - 	56794
<189>May 26 08:29:33 ['9.9.9.9'] authmgr[504]: <NOTI> login <00:1c:bf:ca:2b:98  64.87.88.123 testuser-10>method=802.1x, server=TEST001, role=Authenticated Update(status 0 method 0 role 16), reauth=1800 sec
<28>May 26 08:29:34 Message forwarded from aix.ibm.lab: rshd[random_number_1_to_999999]: Failed rsh authentication from 9.135.38.229 for local user root via remote user testuser-100
<157>May 26 08:29:36 microsoft.event.ibm.lab MSWinEventLog	4	Security	60703	Fri May 26 08:29:36 2017	552	Security	NETWORK SERVICE	Well Known Group	Success Audit	testuser-79	Logon/Logoff		Logon attempt using explicit credentials: Logged on user:  User Name: NETWORK SERVICE  Domain: NT AUTHORITY  Logon ID: (0x0,0x1106704)  Logon GUID: -  User whose credentials were used:  Target User Name: testuser-79  Target Domain: us.ibm.com Target Logon GUID: -  Target Server Name: localhost  Target Server Info: localhost  Caller Process ID: 601127  Source Network Address: -  Source Port: - 	56794
<13>May 26 08:29:38 checkpoint.firewall.ibm.lab 26May2017 reject checkpoint.firewall.ibm.lab product: VPN-1 & FireWall-1; src: 202.207.224.25; s_port: 55409; dst: 167.73.108.176; service: 113; proto: tcp; rule: 14;SmartDefense profile: Default_Protection;__policy_id_tag: product=VPN-1 & FireWall-1[db_tag={25E5B8F6-79E7-11DD-941A-C0A832D00C0C};mgmt=fwmngt-wuv;date=1220466957;policy_name=rhino_gbl];has_accounting: 0;i/f_dir: inbound;i/f_name: eth-s2/s1p1c0;rule_uid: {9C96B325-D976-4A30-8685-9ED61018A6E7};service_id: gident;
<182>May 26 08:29:39 apache.httpd.ibm.lab httpd: 128.234.158.118 69.127.150.197 - - [26/May/2017:08:29:39 -0500] "OPTIONS /cgi-bin/index.php HTTP/1.1" 200 443 -
<190>May 26 08:29:41 arbor.pravail.ibm.lab pravail-aps: Blocked Host: Blocked host 79.186.10.120 at 10:53 by Malformed HTTP Filtering using TCP/80 (HTTP) destination 67.190.92.105 source port 51199,URL: https://arbornetworks.pravail.test.com/chaos/
<182>May 26 08:29:42 apache.httpd.ibm.lab httpd: 99.123.52.13 65.229.233.171 - - [26/May/2017:08:29:42 -0500] "ABCD / HTTP/1.1" 501 443 297
<38>May 26 08:29:44 sshd[776425]: Invalid user testuser-28 from 107.202.252.91
<133>May 26 08:29:45 microsoft.event.ibm.lab MSWinEventLog 1 Security 102757633 Fri May 26 08:29:45 2017 4907 Microsoft-Windows-Security-Auditing N/A N/A Success Audit rogueUser-3 Audit Policy Change Auditing settings on object were changed. Subject: Security ID: S-1-5-18 Account Name: rogueUser-3 Account Domain: us.ibm.com Logon ID: 0x1117249 Object: Object Server: Security Object Type: File Object Name: \Windows\winsxs\test.wav Handle ID: 0x3a8 Process Information: Process ID: 0x6549A1 Process Name: C:\Windows\System32\wbengine.exe Auditing Settings: Original Security Descriptor: S:AI(AU;A;;WD) New Security Descriptor: S:ARAI(AU;SAFA;;;;WD)(AU;IDFA;B;;;WD) 283506
<190>May 26 08:29:47 arbor.pravail.ibm.lab pravail-aps: Blocked Host: Blocked host 125.83.117.185 10:53 by TCP Connection Reset using TCP/53811 (Unknown) destination 189.59.105.8 source port 443,URL: https://arbornetworks.pravail.test.com/chaos/
<13>May 26 08:29:49 microsoft.sec.ibm.lab AgentDevice=WindowsLog	AgentLogFile=Security	Source=Security	Computer=COMP-testuser-5	User=SYSTEM	Domain=	EventID=644	EventIDCode=644	EventType=8	EventCategory=7	RecordNumber=256093	TimeGenerated=1495801789	TimeWritten=1495801789	Message=User Account Locked Out: Target Account Name: testuser-5 Target Account ID: %{S-1-2-3-986049} Caller Machine Name: COMP-CALLER01 Caller User Name: CALLER-01 Caller Domain: us.ibm.com Caller Logon ID: (0x0,0xBA5EBA11)
<25>May 26 08:29:50 ambiron.ipangel.ibm.lab ipangel-ips: [2017-05-26 08:29:50-05] alert [Priority: 9] [116:46:1] [(snort_decoder) WARNING: TCP Data Offset is less than 5!] 83.87.204.105:63395 TCP 202.117.145.200:80 br0
<86>May 26 08:29:52 apple.macosx.ibm.lab sshd[5590]: Failed password for invalid user testuser-5 from 167.227.124.53 port 51630 ssh2
<189>May 26 08:29:53 ['9.9.9.9'] authmgr[504]: <NOTI> login <00:1c:bf:ca:2b:98  33.195.94.29 rogueUser-1>method=802.1x, server=TEST001, role=Authenticated Update(status 0 method 0 role 16), reauth=1800 sec
<54>May 26 08:29:55 SymantecServer symantec.endpoint.ibm.lab: Security risk found,Computer name: COMP-1094116,Source: Scheduled Scan,Risk name: VirusDoctor,Occurrences: 1,c:/System Volume Information/_restore{A3F5C2A3-F289-4356-B021-1FEFEFB73CBD}/RP243/A0070465.exe,"",Actual action: Quarantined,Requested action: Quarantined,Secondary action: Left alone,Event time: 2017-05-26 08:29:55,Inserted:2017-05-26 08:29:55,End: 2017-05-26 08:29:55,Domain: Default,Group: My Company	est,Server: avp1,User: testuser-91,Source computer:  ,Source IP: 0.0.0.0
<157>May 26 08:29:56 microsoft.event.ibm.lab MSWinEventLog	4	Security	60703	Fri May 26 08:29:56 2017	552	Security	NETWORK SERVICE	Well Known Group	Success Audit	testuser-79	Logon/Logoff		Logon attempt using explicit credentials: Logged on user:  User Name: NETWORK SERVICE  Domain: NT AUTHORITY  Logon ID: (0x0,0x1106704)  Logon GUID: -  User whose credentials were used:  Target User Name: testuser-79  Target Domain: us.ibm.com Target Logon GUID: -  Target Server Name: localhost  Target Server Info: localhost  Caller Process ID: 337525  Source Network Address: -  Source Port: - 	56794
<190>May 26 08:29:58 arbor.pravail.ibm.lab pravail-aps: Blocked Host: Blocked host 218.111.178.29 at 10:53 by Malformed HTTP Filtering using TCP/80 (HTTP) destination 206.150.247.60 source port 55412,URL: https://arbornetworks.pravail.test.com/chaos/
<29>May 26 08:30:00 Message forwarded from aix.ibm.lab: telnetd[17337844090276]: telnet from ::ffff:202.207.224.25 on /dev/pts/1
<190>May 26 08:30:01 arbor.pravail.ibm.lab pravail-aps: Blocked Host: Blocked host 9.135.38.229 at 10:53 by Malformed HTTP Filtering using TCP/80 (HTTP) destination 216.122.238.60 source port 56146,URL: https://arbornetworks.pravail.test.com/chaos/
<13>May 26 08:30:03 checkpoint.firewall.ibm.lab 26May2017  checkpoint.firewall.ibm.lab product: SmartDefense; src: 218.111.178.29; s_port: ; dst: 59.249.106.82; service: ; proto: udp; rule: ;Attack Info: Out-of-state DNS reply;Suppressed logs: 143;Total logs: 144;__policy_id_tag: product=VPN-1 & FireWall-1[db_tag={321A4EE6-7DEA-11DD-BFAA-C0A832822626};mgmt=fwmngt05;date=1220908070;policy_name=KillerWhale_gbl];alert: alert;attack: Invalid DNS;has_accounting: 0;i/f_dir: inbound;
<13>May 26 08:30:04 checkpoint.firewall.ibm.lab 26May2017 reject checkpoint.firewall.ibm.lab product: VPN-1 & FireWall-1; src: 79.186.10.120; s_port: 56745; dst: 197.30.254.217; service: 113; proto: tcp; rule: 14;SmartDefense profile: Default_Protection;__policy_id_tag: product=VPN-1 & FireWall-1[db_tag={25E5B8F6-79E7-11DD-941A-C0A832D00C0C};mgmt=fwmngt-wuv;date=1220466957;policy_name=rhino_gbl];has_accounting: 0;i/f_dir: inbound;i/f_name: eth-s2/s1p1c0;rule_uid: {9C96B325-D976-4A30-8685-9ED61018A6E7};service_id: gident;
<13>May 26 08:30:06 checkpoint.firewall.ibm.lab 26May2017 drop checkpoint.firewall.ibm.lab product: SmartDefense; src: 218.111.178.29; s_port: 59064; dst: 3.153.125.205; service: 443; proto: tcp; rule: 392;Attack Info: TCP segment out of maximum allowed sequence. Packet dropped.;Confidence Level: 0;Performance Impact: 0;Protection Name: TCP Segment Limit Enforcement;Protection Type: settings_tcp;Severity: 0;SmartDefense Profile: Boticario_DMZ_Protection;__policy_id_tag: product=VPN-1 & FireWall-1[db_tag={E94ECB65-34C0-4740-9634-761E1604C8BC};mgmt=SJP1PLNX036-DMZ;date=1424714440;policy_name=DMZ];attack: Streaming Engine: TCP Segment Limit Enforcement;has_accounting: 0;i/f_dir: inbound;i/f_name: eth2-01.2809;origin_sic_name: CN=TEST-DMZ1,O=log_server_hostname;protection_id: tcp_segment_limit;rule_uid: {499DBB08-D262-4D9F-B639-5337A7B36E59};snid: 7572c682;src_machine_name: COMP-testuser-72;src_user_name: testuser-72 ;user: testuser-72 ;
<182>May 26 08:30:07 apache.httpd.ibm.lab httpd: 120.171.20.155 2.69.242.104 - - [26/May/2017:08:30:07 -0500] "TRACE / HTTP/1.0" 403 443 272
<50>May 26 08:30:09 SymantecServer symantec.endpoint.ibm.lab: testbox-xyz,[SID: 70025] Web Attack: Blackhole Exploit Toolkit 2 attack blocked. Traffic has been blocked for this application: C:\Program Files\Internet Explorer\iexplore.exe,Local: 0.0.0.0,Local: 000000000000,Remote: ,Remote: 0.0.0.0,Remote: 000000000000,Inbound,OTHERS,,Begin: 2017-05-26 08:30:09,End: 2017-05-26 08:30:09,Occurrences: 1,Application: C:/Program Files/Internet Explorer/iexplore.exe,Location: Default,User: testuser-44,Domain: SIMON,!ExternalLoggingTask.localport! 0,!ExternalLoggingTask.remoteport! 0,!ExternalLoggingTask.cidssignid! 70025,!ExternalLoggingTask.strcidssignid! Web Attack: Blackhole Exploit Toolkit 2,!ExternalLoggingTask.cidssignsubid! 0,!ExternalLoggingTask.intrusionurl! http://pppptttt.blah.net/links/came_broadcasting_taking-various.php,!ExternalLoggingTask.intrusionpayloadurl!
<133>May 26 08:30:10 microsoft.event.ibm.lab MSWinEventLog 1 Security 102757633 Fri May 26 08:30:10 2017 4907 Microsoft-Windows-Security-Auditing N/A N/A Success Audit testuser-65 Audit Policy Change Auditing settings on object were changed. Subject: Security ID: S-1-5-18 Account Name: testuser-65 Account Domain: us.ibm.com Logon ID: 0x1096209 Object: Object Server: Security Object Type: File Object Name: \Windows\winsxs\test.wav Handle ID: 0x3a8 Process Information: Process ID: 0x4739B4 Process Name: C:\Windows\System32\wbengine.exe Auditing Settings: Original Security Descriptor: S:AI(AU;A;;WD) New Security Descriptor: S:ARAI(AU;SAFA;;;;WD)(AU;IDFA;B;;;WD) 321057
