<86>May 26 09:25:44 apple.macosx.ibm.lab com.apple.SecurityServer: uid 86788 succeeded authenticating as user admin (uid 501) for right system.install.root.user.
<54>May 26 09:25:46 SymantecServer symantec.endpoint.ibm.lab: DCA-EMAPROJ2,Allowed,"C:\Program Files\Common Files\Symantec Shared\ccSvcHst.exe",,Begin: 2017-05-26 09:25:46,End:2017-05-26 09:25:46,Rule: ,2528,C:/Program Files/Microsoft Virtual Server/vmh.exe,0,,C:/ProgramFiles/Common Files/Symantec Shared/ccSvcHst.exe,User: testuser-23,Domain: US
<27>May 26 09:25:48 ambiron.ipangel.ibm.lab ipangel-ips: [2017-05-26 09:25:48-05] alert [Priority: 9] [119:2:1] [(http_inspect) DOUBLE DECODING ATTACK] 218.111.178.29:62114 TCP 48.56.249.204:80 br0
<157>May 26 09:25:49 microsoft.event.ibm.lab MSWinEventLog	4	Security	60703	Fri May 26 09:25:49 2017	552	Security	NETWORK SERVICE	Well Known Group	Success Audit	testuser-80	Logon/Logoff		Logon attempt using explicit credentials: Logged on user:  User Name: NETWORK SERVICE  Domain: NT AUTHORITY  Logon ID: (0x0,0x1089936)  Logon GUID: -  User whose credentials were used:  Target User Name: testuser-80  Target Domain: us.ibm.com Target Logon GUID: -  Target Server Name: localhost  Target Server Info: localhost  Caller Process ID: 193129  Source Network Address: -  Source Port: - 	56794
<129>May 26 09:25:51 barracuda.firewall.ibm.lab WF ALER CROSS_SITE_SCRIPTING_IN_URL 51.18.44.104 64493 158.80.75.199 80 security-policy GLOBAL DENY NONE [type="cross-site-scripting" pattern="script-tag" token="<script>"] GET 158.80.75.199/<script>alert(53416)</script> HTTP "-" ""-"" 158.80.75.199 48541 "-" "-"
<182>May 26 09:25:52 apache.httpd.ibm.lab httpd: 16.74.199.104 216.74.110.111 - - [26/May/2017:09:25:52 -0500] "GET / HTTP/1.0" 200 443 9334
<33>May 26 09:25:54 threecom.switch.ibm.lab %May 26 09:25:54 2017 S9500 VTY/5/VTY_LOG:  TELNET user failed to login from 79.186.10.120(000D-88F6-60E0) on VTY0.
<133>May 26 09:25:55 microsoft.event.ibm.lab MSWinEventLog 1 Security 102757633 Fri May 26 09:25:55 2017 4907 Microsoft-Windows-Security-Auditing N/A N/A Success Audit testuser-67 Audit Policy Change Auditing settings on object were changed. Subject: Security ID: S-1-5-18 Account Name: testuser-67 Account Domain: us.ibm.com Logon ID: 0x1100401 Object: Object Server: Security Object Type: File Object Name: \Windows\winsxs\test.wav Handle ID: 0x3a8 Process Information: Process ID: 0x6579DA Process Name: C:\Windows\System32\wbengine.exe Auditing Settings: Original Security Descriptor: S:AI(AU;A;;WD) New Security Descriptor: S:ARAI(AU;SAFA;;;;WD)(AU;IDFA;B;;;WD) 704778
<129>May 26 09:25:57 barracuda.firewall.ibm.lab WF ALER METHOD_NOT_ALLOWED 64.87.88.123 55290 90.148.24.117 80 security-policy GLOBAL DENY NONE [Method="ABCD"] ABCD 90.148.24.117/ HTTP "-" ""-"" 90.148.24.117 48536 "-" "-"
<86>May 26 09:25:58 apple.macosx.ibm.lab com.apple.SecurityServer: authinternal authenticated user testuser-35 (uid 90960).
<133>May 26 09:26:00 microsoft.event.ibm.lab MSWinEventLog 1 Security 102757633 Fri May 26 09:26:00 2017 4907 Microsoft-Windows-Security-Auditing N/A N/A Success Audit testuser-31 Audit Policy Change Auditing settings on object were changed. Subject: Security ID: S-1-5-18 Account Name: testuser-31 Account Domain: us.ibm.com Logon ID: 0x1081600 Object: Object Server: Security Object Type: File Object Name: \Windows\winsxs\test.wav Handle ID: 0x3a8 Process Information: Process ID: 0x87696B Process Name: C:\Windows\System32\wbengine.exe Auditing Settings: Original Security Descriptor: S:AI(AU;A;;WD) New Security Descriptor: S:ARAI(AU;SAFA;;;;WD)(AU;IDFA;B;;;WD) 625648
<190>May 26 09:26:02 arbor.pravail.ibm.lab pravail-aps: Blocked Host: Blocked host 165.11.95.213 at 10:52 by Invalid Packets using TCP/0 (Unknown) destination 174.86.252.126,URL: https://arbornetworks.pravail.test.com/chaos/
<54>May 26 09:26:03 SymantecServer symantec.endpoint.ibm.lab: DCA-EMAPROJ2,Allowed,"C:\Program Files\Common Files\Symantec Shared\ccSvcHst.exe",,Begin: 2017-05-26 09:26:03,End:2017-05-26 09:26:03,Rule: ,2528,C:/Program Files/Microsoft Virtual Server/vmh.exe,0,,C:/ProgramFiles/Common Files/Symantec Shared/ccSvcHst.exe,User: testuser-16,Domain: US
<25>May 26 09:26:05 ambiron.ipangel.ibm.lab ipangel-ips: [2017-05-26 09:26:05-05] alert [Priority: 9] [116:46:1] [(snort_decoder) WARNING: TCP Data Offset is less than 5!] 30.90.182.58:55277 TCP 183.46.28.144:80 br0
<190>May 26 09:26:06 arbor.pravail.ibm.lab pravail-aps: Blocked Host: Blocked host 136.38.97.190 at 10:52 by Invalid Packets using TCP/0 (Unknown) destination 15.246.236.34,URL: https://arbornetworks.pravail.test.com/chaos/
<38>May 26 09:26:08 sshd[487684]: Address 30.90.182.58 maps to test.ibm.com, but this does not map back to the address - POSSIBLE BREAK-IN ATTEMPT!
<157>May 26 09:26:09 microsoft.event.ibm.lab MSWinEventLog	4	Security	60703	Fri May 26 09:26:09 2017	552	Security	NETWORK SERVICE	Well Known Group	Success Audit	testuser-48	Logon/Logoff		Logon attempt using explicit credentials: Logged on user:  User Name: NETWORK SERVICE  Domain: NT AUTHORITY  Logon ID: (0x0,0x1098304)  Logon GUID: -  User whose credentials were used:  Target User Name: testuser-48  Target Domain: us.ibm.com Target Logon GUID: -  Target Server Name: localhost  Target Server Info: localhost  Caller Process ID: 616154  Source Network Address: -  Source Port: - 	56794
<25>May 26 09:26:11 ambiron.ipangel.ibm.lab ipangel-ips: [2017-05-26 09:26:11-05] alert [Priority: 9] [116:46:1] [(snort_decoder) WARNING: TCP Data Offset is less than 5!] 218.111.178.29:51277 TCP 141.123.106.194:80 br0
<33>May 26 09:26:13 threecom.switch.ibm.lab %May 26 09:26:13 2017 S9500 RTA/3/Failed to start accounting: Failed to start traffic accounting for user 136.38.97.190 on board 6
<13>May 26 09:26:14 checkpoint.firewall.ibm.lab 26May2017  checkpoint.firewall.ibm.lab product: SmartDefense; src: 136.38.97.190; s_port: ; dst: 98.214.15.87; service: ; proto: udp; rule: ;Attack Info: Bad domain format, illegal ASCII value in domain;Suppressed logs: 1;Total logs: 2;__policy_id_tag: product=VPN-1 & FireWall-1[db_tag={9B20E8EA-7DE6-11DD-B7D6-C0A832D11E1E};mgmt=fwmngt-zentral;date=1220906528;policy_name=Vulpine_gbl];alert: alert;attack: Invalid DNS;has_accounting: 0;i/f_dir: inbound;
<179>May 26 09:26:16 apache.httpd.ibm.lab httpd[5570]: [ID 702911 local6.error] [error] [client 212.2.111.4] Certificate Verification: Error (10): certificate has expired
<33>May 26 09:26:17 threecom.switch.ibm.lab %May 26 09:26:17 2017 S9500 VTY/5/VTY_LOG:  TELNET user failed to login from 189.6.147.68(000D-88F6-60E0) on VTY0.
<26>May 26 09:26:19 ambiron.ipangel.ibm.lab ipangel-ips: [2017-05-26 09:26:19-05] alert [Priority: 9] [119:14:1] [(http_inspect) NON-RFC DEFINED CHAR] 120.171.20.155:50210 TCP 98.78.219.208:80 br0
<33>May 26 09:26:20 threecom.switch.ibm.lab %May 26 09:26:20 2017 S9500 VTY/5/VTY_LOG:  TELNET user failed to login from 83.87.204.105(000D-88F6-60E0) on VTY0.
<28>May 26 09:26:22 Message forwarded from aix.ibm.lab: rshd[random_number_1_to_999999]: Failed rsh authentication from 136.38.97.190 for local user root via remote user testuser-71
<189>May 26 09:26:24 ['9.9.9.9'] authmgr[504]: <NOTI> login <00:1c:bf:ca:2b:98  16.74.199.104 testuser-2>method=802.1x, server=TEST001, role=Authenticated Update(status 0 method 0 role 16), reauth=1800 sec
<13>May 26 09:26:25 checkpoint.firewall.ibm.lab 26May2017  checkpoint.firewall.ibm.lab product: martDefense; src: 56.219.18.103; s_port: ; dst: 147.224.110.163; service: ; proto: udp; rule: ;Attack Info: Response packet too long, potential buffer overflow;Suppressed logs: 5;Total logs: 6;__policy_id_tag: product=VPN-1 & FireWall-1[db_tag={321A4EE6-7DEA-11DD-BFAA-C0A832822626};mgmt=fwmngt05;date=1220908070;policy_name=KillerWhale_gbl];alert: alert;attack: Invalid DNS;has_accounting: 0;i/f_dir: inbound;
<187>May 26 09:26:27 ['9.9.9.9'] httpd[16986]: [error] [client 33.195.94.29] Invalid URI in request \xf7vMKp`ET&\xa4\x9c\xc9\xec\xd1\xd8j\r\xce\xd9\xd4\xb3\c7
<26>May 26 09:26:28 ambiron.ipangel.ibm.lab ipangel-ips: [2017-05-26 09:26:28-05] alert [Priority: 9] [119:14:1] [(http_inspect) NON-RFC DEFINED CHAR] 125.83.117.185:53530 TCP 22.63.183.80:80 br0
<187>May 26 09:26:30 ['9.9.9.9'] httpd[16986]: [error] [client 30.90.182.58] Invalid URI in request \xf7vMKp`ET&\xa4\x9c\xc9\xec\xd1\xd8j\r\xce\xd9\xd4\xb3\c7
<13>May 26 09:26:31 microsoft.sec.ibm.lab AgentDevice=WindowsLog	AgentLogFile=Security	Source=Security	Computer=COMP-testuser-44	User=testuser-44	Domain=	EventID=680	EventIDCode=680	EventType=8	EventCategory=9	RecordNumber=930834	TimeGenerated=1495805191	TimeWritten=1495805191	Message=Logon attempt by: MICROSOFT_AUTHENTICATION_PACKAGE_V1_0 Logon account: testuser-44 Source Workstation: COMP-testuser-44 Error Code: 0x0 
<33>May 26 09:26:33 threecom.switch.ibm.lab %May 26 09:26:33 2017 S9500 FTPS/5/USEROUT: User testuser-16(56.219.18.103) logged out
<86>May 26 09:26:34 apple.macosx.ibm.lab sshd[5590]: Failed password for invalid user testuser-22 from 48.240.215.89 port 60537 ssh2
<83>May 26 09:26:36 apple.macosx.ibm.lab com.apple.SecurityServer: authinternal failed to authenticate user testuser-100.
<13>May 26 09:26:38 checkpoint.firewall.ibm.lab 26May2017  checkpoint.firewall.ibm.lab product: SmartDefense; src: 201.150.192.18; s_port: ; dst: 131.234.73.62; service: ; proto: icmp; rule: ;Attack Info: Echo request too big;Suppressed logs: 1;Total logs: 2;__policy_id_tag: product=VPN-1 & FireWall-1[db_tag={B5A7057E-7F61-11DD-AA43-C0A832D12424};mgmt=fwmngt-zentral;date=1221069352;policy_name=Spider_gbl];alert: alert;attack: Large ping;has_accounting: 0;i/f_dir: inbound;
<189>May 26 09:26:39 ['9.9.9.9'] authmgr[504]: <NOTI> login <00:1c:bf:ca:2b:98  83.87.204.105 testuser-96>method=802.1x, server=TEST001, role=Authenticated Update(status 0 method 0 role 16), reauth=1800 sec
<13>May 26 09:26:41 checkpoint.firewall.ibm.lab 26May2017  checkpoint.firewall.ibm.lab product: SmartDefense; src: 201.150.192.18; s_port: ; dst: 90.8.239.88; service: ; proto: udp; rule: ;Attack Info: Bad domain format, illegal ASCII value in domain;Suppressed logs: 1;Total logs: 2;__policy_id_tag: product=VPN-1 & FireWall-1[db_tag={9B20E8EA-7DE6-11DD-B7D6-C0A832D11E1E};mgmt=fwmngt-zentral;date=1220906528;policy_name=Vulpine_gbl];alert: alert;attack: Invalid DNS;has_accounting: 0;i/f_dir: inbound;
<25>May 26 09:26:42 apple.macosx.ibm.lab DirectoryService[51]: Failed Authentication return is being delayed due to over five recent auth failures for username: rogueUser-5.
<50>May 26 09:26:44 SymantecServer symantec.endpoint.ibm.lab: testbox-xyz,[SID: 70025] Web Attack: Blackhole Exploit Toolkit 2 attack blocked. Traffic has been blocked for this application: C:\Program Files\Internet Explorer\iexplore.exe,Local: 0.0.0.0,Local: 000000000000,Remote: ,Remote: 0.0.0.0,Remote: 000000000000,Inbound,OTHERS,,Begin: 2017-05-26 09:26:44,End: 2017-05-26 09:26:44,Occurrences: 1,Application: C:/Program Files/Internet Explorer/iexplore.exe,Location: Default,User: testuser-3,Domain: SIMON,!ExternalLoggingTask.localport! 0,!ExternalLoggingTask.remoteport! 0,!ExternalLoggingTask.cidssignid! 70025,!ExternalLoggingTask.strcidssignid! Web Attack: Blackhole Exploit Toolkit 2,!ExternalLoggingTask.cidssignsubid! 0,!ExternalLoggingTask.intrusionurl! http://pppptttt.blah.net/links/came_broadcasting_taking-various.php,!ExternalLoggingTask.intrusionpayloadurl!
<129>May 26 09:26:45 barracuda.firewall.ibm.lab WF ALER METHOD_NOT_ALLOWED 165.11.95.213 55086 97.184.78.67 80 security-policy GLOBAL DENY NONE [Method="ABCD"] ABCD 97.184.78.67/ HTTP "-" ""-"" 97.184.78.67 48536 "-" "-"
<86>May 26 09:26:47 apple.macosx.ibm.lab sshd[5590]: Failed password for invalid user testuser-93 from 30.90.182.58 port 59886 ssh2
<83>May 26 09:26:49 apple.macosx.ibm.lab com.apple.SecurityServer: authinternal failed to authenticate user testuser-67.
<13>May 26 09:26:50 checkpoint.firewall.ibm.lab 26May2017 drop checkpoint.firewall.ibm.lab product: SmartDefense; src: 120.171.20.155; s_port: 52741; dst: 199.8.14.13; service: 443; proto: tcp; rule: 392;Attack Info: TCP segment out of maximum allowed sequence. Packet dropped.;Confidence Level: 0;Performance Impact: 0;Protection Name: TCP Segment Limit Enforcement;Protection Type: settings_tcp;Severity: 0;SmartDefense Profile: Boticario_DMZ_Protection;__policy_id_tag: product=VPN-1 & FireWall-1[db_tag={E94ECB65-34C0-4740-9634-761E1604C8BC};mgmt=SJP1PLNX036-DMZ;date=1424714440;policy_name=DMZ];attack: Streaming Engine: TCP Segment Limit Enforcement;has_accounting: 0;i/f_dir: inbound;i/f_name: eth2-01.2809;origin_sic_name: CN=TEST-DMZ1,O=log_server_hostname;protection_id: tcp_segment_limit;rule_uid: {499DBB08-D262-4D9F-B639-5337A7B36E59};snid: 7572c682;src_machine_name: COMP-testuser-58;src_user_name: testuser-58 ;user: testuser-58 ;
<13>May 26 09:26:52 checkpoint.firewall.ibm.lab 26May2017  checkpoint.firewall.ibm.lab product: martDefense; src: 79.186.10.120; s_port: ; dst: 94.152.167.225; service: ; proto: udp; rule: ;Attack Info: Response packet too long, potential buffer overflow;Suppressed logs: 5;Total logs: 6;__policy_id_tag: product=VPN-1 & FireWall-1[db_tag={321A4EE6-7DEA-11DD-BFAA-C0A832822626};mgmt=fwmngt05;date=1220908070;policy_name=KillerWhale_gbl];alert: alert;attack: Invalid DNS;has_accounting: 0;i/f_dir: inbound;
<187>May 26 09:26:53 ['9.9.9.9'] httpd[16986]: [error] [client 120.171.20.155] Invalid URI in request \xf7vMKp`ET&\xa4\x9c\xc9\xec\xd1\xd8j\r\xce\xd9\xd4\xb3\c7
<182>May 26 09:26:55 apache.httpd.ibm.lab httpd: 15.83.16.235 114.76.246.143 - - [26/May/2017:09:26:55 -0500] "POST /test.php?doing_test=123 HTTP/1.0" 404 80 282
<190>May 26 09:26:56 arbor.pravail.ibm.lab pravail-aps: Blocked Host: Blocked host 51.18.44.104 at 10:53 by Malformed HTTP Filtering using TCP/80 (HTTP) destination 46.36.109.209 source port 59761,URL: https://arbornetworks.pravail.test.com/chaos/
<38>May 26 09:26:58 syslog: ssh: failed login attempt for testuser-66 from 30.90.182.58
<13>May 26 09:27:00 checkpoint.firewall.ibm.lab 26May2017  checkpoint.firewall.ibm.lab product: SmartDefense; src: 202.207.224.25; s_port: ; dst: 24.150.21.22; service: ; proto: udp; rule: ;Attack Info: Out-of-state DNS reply;Suppressed logs: 143;Total logs: 144;__policy_id_tag: product=VPN-1 & FireWall-1[db_tag={321A4EE6-7DEA-11DD-BFAA-C0A832822626};mgmt=fwmngt05;date=1220908070;policy_name=KillerWhale_gbl];alert: alert;attack: Invalid DNS;has_accounting: 0;i/f_dir: inbound;
<54>May 26 09:27:01 SymantecServer symantec.endpoint.ibm.lab: Security risk found,Computer name: COMP-1119364,Source: Scheduled Scan,Risk name: VirusDoctor,Occurrences: 1,c:/System Volume Information/_restore{A3F5C2A3-F289-4356-B021-1FEFEFB73CBD}/RP243/A0070465.exe,"",Actual action: Quarantined,Requested action: Quarantined,Secondary action: Left alone,Event time: 2017-05-26 09:27:01,Inserted:2017-05-26 09:27:01,End: 2017-05-26 09:27:01,Domain: Default,Group: My Company	est,Server: avp1,User: rogueUser-4,Source computer:  ,Source IP: 0.0.0.0
<54>May 26 09:27:03 SymantecServer symantec.endpoint.ibm.lab: Potential risk found,Computer name: COMP-1087849,Detection type: Heuristic,Application name: (Unknown),Application type: Trojan Worm,Application version: ,Hash type: SHA-1,Application hash: 72c874f212a18944ff56f774bfe7252346b93f8e,Company name: ,File size (bytes): 301568,Sensitivity: 0,Detection score: 40,Submission recommendation:1,Permitted application reason: 0,Source: Heuristic Scan,Risk name: ,Occurrences: 1,c:\claims\claims32.exe,"",Actual action: Left alone,Requested action: Left alone,Secondary action: Left alone,Event time: 2017-05-26 09:27:03,Inserted:2017-05-26 09:27:03,End:  2017-05-26 09:27:03,Domain: Default,Group: My Company\LTC\Desktops,Server: crasesssmc01,User: testuser-61,Source computer: ,Source IP: 0.0.0.0
<13>May 26 09:27:04 checkpoint.firewall.ibm.lab 26May2017  checkpoint.firewall.ibm.lab product: SmartDefense; src: 218.111.178.29; s_port: ; dst: 220.128.42.25; service: ; proto: icmp; rule: ;Attack Info: Echo request too big;Suppressed logs: 1;Total logs: 2;__policy_id_tag: product=VPN-1 & FireWall-1[db_tag={B5A7057E-7F61-11DD-AA43-C0A832D12424};mgmt=fwmngt-zentral;date=1221069352;policy_name=Spider_gbl];alert: alert;attack: Large ping;has_accounting: 0;i/f_dir: inbound;
<38>May 26 09:27:06 sshd[757679]: Address 83.87.204.105 maps to test.ibm.com, but this does not map back to the address - POSSIBLE BREAK-IN ATTEMPT!
<86>May 26 09:27:07 apple.macosx.ibm.lab sshd[5590]: Failed password for invalid user testuser-14 from 19.80.81.65 port 64643 ssh2
<190>May 26 09:27:09 arbor.pravail.ibm.lab pravail-aps: Blocked Host: Blocked host 202.207.224.25 at 10:52 by Invalid Packets using TCP/0 (Unknown) destination 59.221.69.12,URL: https://arbornetworks.pravail.test.com/chaos/
<33>May 26 09:27:10 threecom.switch.ibm.lab %May 26 09:27:10 2017 S9500 VTY/5/VTY_LOG:  TELNET user failed to login from 54.11.145.63(000D-88F6-60E0) on VTY0.
<13>May 26 09:27:12 microsoft.sec.ibm.lab AgentDevice=WindowsLog	AgentLogFile=Security	Source=Security	Computer=COMP-testuser-93	User=testuser-93	Domain=	EventID=672	EventIDCode=672	EventType=16	EventCategory=9	RecordNumber=344313	TimeGenerated=1495805232	TimeWritten=1495805232	Message=Authentication Ticket Request: User Name: testuser-93 Supplied Realm Name: us.ibm.com User ID: %{S-1-2-3-1098304} Service Name: krbtgt Service ID: %{S-3-2-1-6CD784} Ticket Options: 0x40810010 Result Code: - Ticket Encryption Type: 0x17 Pre-Authentication Type: 2 Client Address: 30.90.182.58 Certificate Issuer Name:  Certificate Serial Number:  Certificate Thumbprint: 
<54>May 26 09:27:14 SymantecServer symantec.endpoint.ibm.lab: Potential risk found,Computer name: COMP-1096209,Detection type: Heuristic,Application name: (Unknown),Application type: Trojan Worm,Application version: ,Hash type: SHA-1,Application hash: 72c874f212a18944ff56f774bfe7252346b93f8e,Company name: ,File size (bytes): 301568,Sensitivity: 0,Detection score: 40,Submission recommendation:1,Permitted application reason: 0,Source: Heuristic Scan,Risk name: ,Occurrences: 1,c:\claims\claims32.exe,"",Actual action: Left alone,Requested action: Left alone,Secondary action: Left alone,Event time: 2017-05-26 09:27:14,Inserted:2017-05-26 09:27:14,End:  2017-05-26 09:27:14,Domain: Default,Group: My Company\LTC\Desktops,Server: crasesssmc01,User: testuser-74,Source computer: ,Source IP: 0.0.0.0
<133>May 26 09:27:15 microsoft.event.ibm.lab MSWinEventLog 1 Security 102757633 Fri May 26 09:27:15 2017 4907 Microsoft-Windows-Security-Auditing N/A N/A Success Audit testuser-93 Audit Policy Change Auditing settings on object were changed. Subject: Security ID: S-1-5-18 Account Name: testuser-93 Account Domain: us.ibm.com Logon ID: 0x1098304 Object: Object Server: Security Object Type: File Object Name: \Windows\winsxs\test.wav Handle ID: 0x3a8 Process Information: Process ID: 0x4E11B3 Process Name: C:\Windows\System32\wbengine.exe Auditing Settings: Original Security Descriptor: S:AI(AU;A;;WD) New Security Descriptor: S:ARAI(AU;SAFA;;;;WD)(AU;IDFA;B;;;WD) 488720
<190>May 26 09:27:17 arbor.pravail.ibm.lab pravail-aps: Blocked Host: Blocked host 125.83.117.185 10:53 by TCP Connection Reset using TCP/50538 (Unknown) destination 200.147.149.247 source port 443,URL: https://arbornetworks.pravail.test.com/chaos/
<29>May 26 09:27:18 Message forwarded from aix.ibm.lab: telnetd[18946194090276]: telnet from ::ffff:20.135.51.253 on /dev/pts/1
<157>May 26 09:27:20 microsoft.event.ibm.lab MSWinEventLog	4	Security	60703	Fri May 26 09:27:20 2017	552	Security	NETWORK SERVICE	Well Known Group	Success Audit	testuser-43	Logon/Logoff		Logon attempt using explicit credentials: Logged on user:  User Name: NETWORK SERVICE  Domain: NT AUTHORITY  Logon ID: (0x0,0x1087849)  Logon GUID: -  User whose credentials were used:  Target User Name: testuser-43  Target Domain: us.ibm.com Target Logon GUID: -  Target Server Name: localhost  Target Server Info: localhost  Caller Process ID: 292216  Source Network Address: -  Source Port: - 	56794
<28>May 26 09:27:21 Message forwarded from aix.ibm.lab: rshd[random_number_1_to_999999]: Failed rsh authentication from 16.74.199.104 for local user root via remote user testuser-2
<189>May 26 09:27:23 ['9.9.9.9'] authmgr[504]: <NOTI> login <00:1c:bf:ca:2b:98  120.171.20.155 testuser-76>method=802.1x, server=TEST001, role=Authenticated Update(status 0 method 0 role 16), reauth=1800 sec
<54>May 26 09:27:25 SymantecServer symantec.endpoint.ibm.lab: Commercial application detected,Computer name: COMP-1089936,Detection type: Commercial,Application name: DameWare Development DWRCS,Application type: Remote Control,Application version: 5\~ 5\~ 0\~ 0,Hash type: SHA-1,Application hash: 4670d9eeeab7449788be3b18e9364ef0088b900e,Company name: DameWare Development LLC,File size (bytes): 208896,Sensitivity: 0,Detection score: 1,Submission recommendation: 0,Permitted application reason: 0,Source: Heuristic Scan,Risk name:  ,Occurrences: 1,DWMRCS,"DWMRCS",Actual action: Left alone,Requested action: Left alone,Secondary action: Commercial application detection,Event time: 2017-05-26 09:27:25,Inserted: 2017-05-26 09:27:25,End: 2017-05-26 09:27:25,Domain: Default,Group: My Company	est,Server: testbox,User: testuser-80,Source computer:  ,Source IP: 0.0.0.0
<190>May 26 09:27:26 arbor.pravail.ibm.lab pravail-aps: Blocked Host: Blocked host 189.6.147.68 at 10:53 by Malformed HTTP Filtering using TCP/80 (HTTP) destination 173.169.150.31 source port 50133,URL: https://arbornetworks.pravail.test.com/chaos/
<13>May 26 09:27:28 microsoft.sec.ibm.lab AgentDevice=WindowsLog	AgentLogFile=Security	Source=Security	Computer=COMP-testuser-34	User=testuser-34	Domain=	EventID=672	EventIDCode=672	EventType=16	EventCategory=9	RecordNumber=471115	TimeGenerated=1495805248	TimeWritten=1495805248	Message=Authentication Ticket Request: User Name: testuser-34 Supplied Realm Name: us.ibm.com User ID: %{S-1-2-3-1087849} Service Name: krbtgt Service ID: %{S-3-2-1-169458} Ticket Options: 0x40810010 Result Code: - Ticket Encryption Type: 0x17 Pre-Authentication Type: 2 Client Address: 13.195.16.174 Certificate Issuer Name:  Certificate Serial Number:  Certificate Thumbprint: 
<129>May 26 09:27:29 barracuda.firewall.ibm.lab WF ALER METACHARACTER_IN_PARAMETER 56.219.18.103 64280 148.201.166.226 443 security-policy GLOBAL DENY NONE [token="%00 " Parameter="article" value="../../../../../../../../etc/passwd"] GET 148.201.166.226/talkback.cgi?article=../../../../../../../../etc/passwd%00&action=view&matchview=1 HTTPS "-" ""-"" 148.201.166.226 64280 "-" "-"
<187>May 26 09:27:31 ['9.9.9.9'] httpd[16986]: [error] [client 202.207.224.25] Invalid URI in request \xf7vMKp`ET&\xa4\x9c\xc9\xec\xd1\xd8j\r\xce\xd9\xd4\xb3\c7
<13>May 26 09:27:32 checkpoint.firewall.ibm.lab 26May2017  checkpoint.firewall.ibm.lab product: SmartDefense; src: 56.219.18.103; s_port: ; dst: 39.196.11.139; service: ; proto: udp; rule: ;Attack Info: Out-of-state DNS reply;Suppressed logs: 143;Total logs: 144;__policy_id_tag: product=VPN-1 & FireWall-1[db_tag={321A4EE6-7DEA-11DD-BFAA-C0A832822626};mgmt=fwmngt05;date=1220908070;policy_name=KillerWhale_gbl];alert: alert;attack: Invalid DNS;has_accounting: 0;i/f_dir: inbound;
<187>May 26 09:27:34 ['9.9.9.9'] httpd[16986]: [error] [client 218.111.178.29] Invalid URI in request \xf7vMKp`ET&\xa4\x9c\xc9\xec\xd1\xd8j\r\xce\xd9\xd4\xb3\c7
<25>May 26 09:27:36 ambiron.ipangel.ibm.lab ipangel-ips: [2017-05-26 09:27:36-05] alert [Priority: 9] [116:46:1] [(snort_decoder) WARNING: TCP Data Offset is less than 5!] 202.207.224.25:54760 TCP 194.224.248.93:80 br0
<182>May 26 09:27:37 apache.httpd.ibm.lab httpd: 218.111.178.29 61.32.129.228 - - [26/May/2017:09:27:37 -0500] "HEAD / HTTP/1.1" 200 443 -
<189>May 26 09:27:39 ['9.9.9.9'] authmgr[504]: <NOTI> login <00:1c:bf:ca:2b:98  9.135.38.229 testuser-100>method=802.1x, server=TEST001, role=Authenticated Update(status 0 method 0 role 16), reauth=1800 sec
<190>May 26 09:27:40 arbor.pravail.ibm.lab pravail-aps: Blocked Host: Blocked host 136.38.97.190 10:53 by TCP Connection Reset using TCP/52505 (Unknown) destination 87.47.63.115 source port 443,URL: https://arbornetworks.pravail.test.com/chaos/
<33>May 26 09:27:42 threecom.switch.ibm.lab %May 26 09:27:42 2017 S9500 RTA/3/Failed to start accounting: Failed to start traffic accounting for user 201.150.192.18 on board 6
<190>May 26 09:27:43 arbor.pravail.ibm.lab pravail-aps: Blocked Host: Blocked host 120.171.20.155 10:53 by TCP Connection Reset using TCP/59389 (Unknown) destination 218.22.8.77 source port 443,URL: https://arbornetworks.pravail.test.com/chaos/
<13>May 26 09:27:45 checkpoint.firewall.ibm.lab 26May2017  checkpoint.firewall.ibm.lab product: SmartDefense; src: 202.207.224.25; s_port: ; dst: 213.58.83.100; service: ; proto: udp; rule: ;Attack Info: Bad domain format, illegal ASCII value in domain;Suppressed logs: 1;Total logs: 2;__policy_id_tag: product=VPN-1 & FireWall-1[db_tag={9B20E8EA-7DE6-11DD-B7D6-C0A832D11E1E};mgmt=fwmngt-zentral;date=1220906528;policy_name=Vulpine_gbl];alert: alert;attack: Invalid DNS;has_accounting: 0;i/f_dir: inbound;
<157>May 26 09:27:46 microsoft.event.ibm.lab MSWinEventLog	4	Security	60703	Fri May 26 09:27:46 2017	552	Security	NETWORK SERVICE	Well Known Group	Success Audit	testuser-91	Logon/Logoff		Logon attempt using explicit credentials: Logged on user:  User Name: NETWORK SERVICE  Domain: NT AUTHORITY  Logon ID: (0x0,0x1094116)  Logon GUID: -  User whose credentials were used:  Target User Name: testuser-91  Target Domain: us.ibm.com Target Logon GUID: -  Target Server Name: localhost  Target Server Info: localhost  Caller Process ID: 298114  Source Network Address: -  Source Port: - 	56794
<54>May 26 09:27:48 SymantecServer symantec.endpoint.ibm.lab: Security risk found,Computer name: COMP-1094116,Source: Scheduled Scan,Risk name: VirusDoctor,Occurrences: 1,c:/System Volume Information/_restore{A3F5C2A3-F289-4356-B021-1FEFEFB73CBD}/RP243/A0070465.exe,"",Actual action: Quarantined,Requested action: Quarantined,Secondary action: Left alone,Event time: 2017-05-26 09:27:48,Inserted:2017-05-26 09:27:48,End: 2017-05-26 09:27:48,Domain: Default,Group: My Company	est,Server: avp1,User: testuser-37,Source computer:  ,Source IP: 0.0.0.0
<28>May 26 09:27:50 Message forwarded from aix.ibm.lab: rshd[random_number_1_to_999999]: Failed rsh authentication from 132.146.155.198 for local user root via remote user testuser-11
<129>May 26 09:27:51 barracuda.firewall.ibm.lab WF ALER CROSS_SITE_SCRIPTING_IN_PARAM 137.38.197.140 59129 173.183.246.103 443 security-policy GLOBAL DENY NONE [type="cross-site-scripting" pattern="script-tag" token="<script>" Parameter="url" value="<script>alert(5341)</script>"] GET 173.183.246.103/redirect.asp?url=<script>alert(5341)</script> HTTPS "-" ""-"" 173.183.246.103 59845 "-" "-"
<129>May 26 09:27:53 barracuda.firewall.ibm.lab WF ALER SLASH_DOT_IN_URL 33.195.94.29 53537 45.99.215.80 443 security-policy GLOBAL DENY NONE ["-"] GET 45.99.215.80/themes/default/css/.htaccess HTTPS "-" ""-"" 45.99.215.80 44428 "-" "-"
<33>May 26 09:27:54 threecom.switch.ibm.lab %May 26 09:27:54 2017 S9500 PORTAL/5/PT_LOG: Online user 218.111.178.29 changes to 199.240.184.18, we will cut it off as using traffic-acct.
<190>May 26 09:27:56 arbor.pravail.ibm.lab pravail-aps: Blocked Host: Blocked host 33.195.94.29 at 10:52 by Invalid Packets using TCP/0 (Unknown) destination 152.200.44.160,URL: https://arbornetworks.pravail.test.com/chaos/
<54>May 26 09:27:57 SymantecServer symantec.endpoint.ibm.lab: Commercial application detected,Computer name: COMP-1115136,Detection type: Commercial,Application name: DameWare Development DWRCS,Application type: Remote Control,Application version: 5\~ 5\~ 0\~ 0,Hash type: SHA-1,Application hash: 4670d9eeeab7449788be3b18e9364ef0088b900e,Company name: DameWare Development LLC,File size (bytes): 208896,Sensitivity: 0,Detection score: 1,Submission recommendation: 0,Permitted application reason: 0,Source: Heuristic Scan,Risk name:  ,Occurrences: 1,DWMRCS,"DWMRCS",Actual action: Left alone,Requested action: Left alone,Secondary action: Commercial application detection,Event time: 2017-05-26 09:27:57,Inserted: 2017-05-26 09:27:57,End: 2017-05-26 09:27:57,Domain: Default,Group: My Company	est,Server: testbox,User: rogueUser-2,Source computer:  ,Source IP: 0.0.0.0
<25>May 26 09:27:59 ambiron.ipangel.ibm.lab ipangel-ips: [2017-05-26 09:27:59-05] alert [Priority: 9] [116:46:1] [(snort_decoder) WARNING: TCP Data Offset is less than 5!] 83.87.204.105:57981 TCP 7.93.217.27:80 br0
<27>May 26 09:28:01 ambiron.ipangel.ibm.lab ipangel-ips: [2017-05-26 09:28:01-05] alert [Priority: 9] [119:2:1] [(http_inspect) DOUBLE DECODING ATTACK] 202.207.224.25:57073 TCP 19.203.107.228:80 br0
<187>May 26 09:28:02 ['9.9.9.9'] httpd[16986]: [error] [client 120.171.20.155] Invalid URI in request \xf7vMKp`ET&\xa4\x9c\xc9\xec\xd1\xd8j\r\xce\xd9\xd4\xb3\c7
<86>May 26 09:28:04 apple.macosx.ibm.lab com.apple.SecurityServer: uid 105625 succeeded authenticating as user admin (uid 501) for right system.install.root.user.
<33>May 26 09:28:05 threecom.switch.ibm.lab %May 26 09:28:05 2017 S9500 FTPS/5/USEROUT: User testuser-60(201.150.192.18) logged out
<157>May 26 09:28:07 microsoft.event.ibm.lab MSWinEventLog	4	Security	60703	Fri May 26 09:28:07 2017	552	Security	NETWORK SERVICE	Well Known Group	Success Audit	testuser-42	Logon/Logoff		Logon attempt using explicit credentials: Logged on user:  User Name: NETWORK SERVICE  Domain: NT AUTHORITY  Logon ID: (0x0,0x1085764)  Logon GUID: -  User whose credentials were used:  Target User Name: testuser-42  Target Domain: us.ibm.com Target Logon GUID: -  Target Server Name: localhost  Target Server Info: localhost  Caller Process ID: 971058  Source Network Address: -  Source Port: - 	56794
<182>May 26 09:28:08 apache.httpd.ibm.lab httpd: 165.11.95.213 42.240.51.202 - - [26/May/2017:09:28:08 -0500] "HEAD / HTTP/1.1" 200 443 -
<187>May 26 09:28:10 ['9.9.9.9'] httpd[16986]: [error] [client 79.186.10.120] Invalid URI in request \xf7vMKp`ET&\xa4\x9c\xc9\xec\xd1\xd8j\r\xce\xd9\xd4\xb3\c7
<86>May 26 09:28:12 apple.macosx.ibm.lab sshd[5590]: Failed password for invalid user testuser-58 from 120.171.20.155 port 51885 ssh2
<187>May 26 09:28:13 ['9.9.9.9'] httpd[16986]: [error] [client 132.146.155.198] Invalid URI in request \xf7vMKp`ET&\xa4\x9c\xc9\xec\xd1\xd8j\r\xce\xd9\xd4\xb3\c7
<133>May 26 09:28:15 microsoft.event.ibm.lab MSWinEventLog 1 Security 102757633 Fri May 26 09:28:15 2017 4907 Microsoft-Windows-Security-Auditing N/A N/A Success Audit testuser-45 Audit Policy Change Auditing settings on object were changed. Subject: Security ID: S-1-5-18 Account Name: testuser-45 Account Domain: us.ibm.com Logon ID: 0x1092025 Object: Object Server: Security Object Type: File Object Name: \Windows\winsxs\test.wav Handle ID: 0x3a8 Process Information: Process ID: 0x0AD4E5 Process Name: C:\Windows\System32\wbengine.exe Auditing Settings: Original Security Descriptor: S:AI(AU;A;;WD) New Security Descriptor: S:ARAI(AU;SAFA;;;;WD)(AU;IDFA;B;;;WD) 601512
<13>May 26 09:28:16 microsoft.sec.ibm.lab AgentDevice=WindowsLog	AgentLogFile=Security	Source=Security	Computer=COMP-testuser-65	User=testuser-65	Domain=	EventID=672	EventIDCode=672	EventType=16	EventCategory=9	RecordNumber=160723	TimeGenerated=1495805296	TimeWritten=1495805296	Message=Authentication Ticket Request: User Name: testuser-65 Supplied Realm Name: us.ibm.com User ID: %{S-1-2-3-1096209} Service Name: krbtgt Service ID: %{S-3-2-1-FD382D} Ticket Options: 0x40810010 Result Code: - Ticket Encryption Type: 0x17 Pre-Authentication Type: 2 Client Address: 165.11.95.213 Certificate Issuer Name:  Certificate Serial Number:  Certificate Thumbprint: 
<33>May 26 09:28:18 threecom.switch.ibm.lab %May 26 09:28:18 2017 S9500 FTPS/5/USERIN: User testuser-77(212.2.111.4) login succeeded
<33>May 26 09:28:19 threecom.switch.ibm.lab %May 26 09:28:19 2017 S9500 RTA/3/Failed to get user traffic: Failed to get traffic of user 218.111.178.29 on board 6
<129>May 26 09:28:21 barracuda.firewall.ibm.lab WF ALER CROSS_SITE_SCRIPTING_IN_PARAM 56.219.18.103 54459 77.216.86.85 443 security-policy GLOBAL DENY NONE [type="cross-site-scripting" pattern="script-tag" token="<script>" Parameter="url" value="<script>alert(5341)</script>"] GET 77.216.86.85/redirect.asp?url=<script>alert(5341)</script> HTTPS "-" ""-"" 77.216.86.85 59845 "-" "-"
<182>May 26 09:28:22 apache.httpd.ibm.lab httpd: 54.11.145.63 194.44.109.148 - - [26/May/2017:09:28:22 -0500] "ABCD / HTTP/1.1" 501 443 297
<13>May 26 09:28:24 checkpoint.firewall.ibm.lab 26May2017  checkpoint.firewall.ibm.lab product: SmartDefense; src: 30.90.182.58; s_port: ; dst: 188.174.176.196; service: ; proto: icmp; rule: ;Attack Info: Echo request too big;Suppressed logs: 1;Total logs: 2;__policy_id_tag: product=VPN-1 & FireWall-1[db_tag={B5A7057E-7F61-11DD-AA43-C0A832D12424};mgmt=fwmngt-zentral;date=1221069352;policy_name=Spider_gbl];alert: alert;attack: Large ping;has_accounting: 0;i/f_dir: inbound;
<13>May 26 09:28:26 checkpoint.firewall.ibm.lab 26May2017 reject checkpoint.firewall.ibm.lab product: VPN-1 & FireWall-1; src: 136.38.97.190; s_port: 54932; dst: 139.163.221.75; service: 113; proto: tcp; rule: 14;SmartDefense profile: Default_Protection;__policy_id_tag: product=VPN-1 & FireWall-1[db_tag={25E5B8F6-79E7-11DD-941A-C0A832D00C0C};mgmt=fwmngt-wuv;date=1220466957;policy_name=rhino_gbl];has_accounting: 0;i/f_dir: inbound;i/f_name: eth-s2/s1p1c0;rule_uid: {9C96B325-D976-4A30-8685-9ED61018A6E7};service_id: gident;
<182>May 26 09:28:27 apache.httpd.ibm.lab httpd: 202.207.224.25 128.66.84.144 - - [26/May/2017:09:28:27 -0500] "OPTIONS /cgi-bin/index.php HTTP/1.1" 200 443 -
<25>May 26 09:28:29 ambiron.ipangel.ibm.lab ipangel-ips: [2017-05-26 09:28:29-05] alert [Priority: 9] [116:46:1] [(snort_decoder) WARNING: TCP Data Offset is less than 5!] 201.150.192.18:60317 TCP 181.29.23.209:80 br0
<182>May 26 09:28:30 apache.httpd.ibm.lab httpd: 213.39.172.85 206.12.150.129 - - [26/May/2017:09:28:30 -0500] "ABCD / HTTP/1.1" 501 443 297
<182>May 26 09:28:32 apache.httpd.ibm.lab httpd: 136.38.97.190 193.175.138.224 - - [26/May/2017:09:28:32 -0500] "POST /test.php?doing_test=123 HTTP/1.0" 404 80 282
<133>May 26 09:28:33 microsoft.event.ibm.lab MSWinEventLog 1 Security 102757633 Fri May 26 09:28:33 2017 4907 Microsoft-Windows-Security-Auditing N/A N/A Success Audit testuser-20 Audit Policy Change Auditing settings on object were changed. Subject: Security ID: S-1-5-18 Account Name: testuser-20 Account Domain: us.ibm.com Logon ID: 0x1077444 Object: Object Server: Security Object Type: File Object Name: \Windows\winsxs\test.wav Handle ID: 0x3a8 Process Information: Process ID: 0x2A797B Process Name: C:\Windows\System32\wbengine.exe Auditing Settings: Original Security Descriptor: S:AI(AU;A;;WD) New Security Descriptor: S:ARAI(AU;SAFA;;;;WD)(AU;IDFA;B;;;WD) 929694
<189>May 26 09:28:35 ['9.9.9.9'] authmgr[504]: <NOTI> login <00:1c:bf:ca:2b:98  120.171.20.155 testuser-85>method=802.1x, server=TEST001, role=Authenticated Update(status 0 method 0 role 16), reauth=1800 sec
<190>May 26 09:28:37 arbor.pravail.ibm.lab pravail-aps: Blocked Host: Blocked host 128.234.158.118 at 10:52 by Invalid Packets using TCP/0 (Unknown) destination 118.125.187.239,URL: https://arbornetworks.pravail.test.com/chaos/
<33>May 26 09:28:38 threecom.switch.ibm.lab %May 26 09:28:38 2017 S9500 VTY/5/VTY_LOG:  TELNET user failed to login from 120.171.20.155(000D-88F6-60E0) on VTY0.
<54>May 26 09:28:40 SymantecServer symantec.endpoint.ibm.lab: Security risk found,Computer name: COMP-990025,Source: Scheduled Scan,Risk name: VirusDoctor,Occurrences: 1,c:/System Volume Information/_restore{A3F5C2A3-F289-4356-B021-1FEFEFB73CBD}/RP243/A0070465.exe,"",Actual action: Quarantined,Requested action: Quarantined,Secondary action: Left alone,Event time: 2017-05-26 09:28:40,Inserted:2017-05-26 09:28:40,End: 2017-05-26 09:28:40,Domain: Default,Group: My Company	est,Server: avp1,User: testuser-7,Source computer:  ,Source IP: 0.0.0.0
<157>May 26 09:28:41 microsoft.event.ibm.lab MSWinEventLog	4	Security	60703	Fri May 26 09:28:41 2017	552	Security	NETWORK SERVICE	Well Known Group	Success Audit	testuser-29	Logon/Logoff		Logon attempt using explicit credentials: Logged on user:  User Name: NETWORK SERVICE  Domain: NT AUTHORITY  Logon ID: (0x0,0x1096209)  Logon GUID: -  User whose credentials were used:  Target User Name: testuser-29  Target Domain: us.ibm.com Target Logon GUID: -  Target Server Name: localhost  Target Server Info: localhost  Caller Process ID: 677670  Source Network Address: -  Source Port: - 	56794
<33>May 26 09:28:43 threecom.switch.ibm.lab %May 26 09:28:43 2017 S9500 FTPS/5/USEROUT: User rogueUser-3(20.135.51.253) logged out
<182>May 26 09:28:44 apache.httpd.ibm.lab httpd: 128.234.158.118 50.30.151.89 - - [26/May/2017:09:28:44 -0500] "GET / HTTP/1.0" 200 443 9334
<157>May 26 09:28:46 microsoft.event.ibm.lab MSWinEventLog	4	Security	60703	Fri May 26 09:28:46 2017	552	Security	NETWORK SERVICE	Well Known Group	Success Audit	testuser-79	Logon/Logoff		Logon attempt using explicit credentials: Logged on user:  User Name: NETWORK SERVICE  Domain: NT AUTHORITY  Logon ID: (0x0,0x1106704)  Logon GUID: -  User whose credentials were used:  Target User Name: testuser-79  Target Domain: us.ibm.com Target Logon GUID: -  Target Server Name: localhost  Target Server Info: localhost  Caller Process ID: 972584  Source Network Address: -  Source Port: - 	56794
<190>May 26 09:28:48 arbor.pravail.ibm.lab pravail-aps: Blocked Host: Blocked host 120.171.20.155 at 10:53 by Malformed HTTP Filtering using TCP/80 (HTTP) destination 143.31.209.120 source port 60422,URL: https://arbornetworks.pravail.test.com/chaos/
<26>May 26 09:28:49 ambiron.ipangel.ibm.lab ipangel-ips: [2017-05-26 09:28:49-05] alert [Priority: 9] [119:14:1] [(http_inspect) NON-RFC DEFINED CHAR] 165.11.95.213:58768 TCP 159.214.24.18:80 br0
<27>May 26 09:28:51 ambiron.ipangel.ibm.lab ipangel-ips: [2017-05-26 09:28:51-05] alert [Priority: 9] [119:2:1] [(http_inspect) DOUBLE DECODING ATTACK] 179.174.48.208:54111 TCP 185.236.35.76:80 br0
<33>May 26 09:28:52 threecom.switch.ibm.lab %May 26 09:28:52 2017 S9500 FTPS/5/USEROUT: User testuser-54(218.111.178.29) logged out
<26>May 26 09:28:54 ambiron.ipangel.ibm.lab ipangel-ips: [2017-05-26 09:28:54-05] alert [Priority: 9] [119:14:1] [(http_inspect) NON-RFC DEFINED CHAR] 51.18.44.104:50179 TCP 149.82.55.110:80 br0
<182>May 26 09:28:55 apache.httpd.ibm.lab httpd: 165.11.95.213 97.95.57.73 - - [26/May/2017:09:28:55 -0500] "OPTIONS /cgi-bin/index.php HTTP/1.1" 200 443 -
<189>May 26 09:28:57 ['9.9.9.9'] authmgr[504]: <NOTI> login <00:1c:bf:ca:2b:98  54.11.145.63 testuser-98>method=802.1x, server=TEST001, role=Authenticated Update(status 0 method 0 role 16), reauth=1800 sec
<83>May 26 09:28:58 apple.macosx.ibm.lab sshd[5590]: error: PAM: Authentication failure for illegal user testuser-63 from 151.248.79.176<27>May 26 09:29:00 ambiron.ipangel.ibm.lab ipangel-ips: [2017-05-26 09:29:00-05] alert [Priority: 9] [119:2:1] [(http_inspect) DOUBLE DECODING ATTACK] 15.83.16.235:65423 TCP 117.206.208.175:80 br0
<54>May 26 09:29:02 SymantecServer symantec.endpoint.ibm.lab: Commercial application detected,Computer name: COMP-1085764,Detection type: Commercial,Application name: DameWare Development DWRCS,Application type: Remote Control,Application version: 5\~ 5\~ 0\~ 0,Hash type: SHA-1,Application hash: 4670d9eeeab7449788be3b18e9364ef0088b900e,Company name: DameWare Development LLC,File size (bytes): 208896,Sensitivity: 0,Detection score: 1,Submission recommendation: 0,Permitted application reason: 0,Source: Heuristic Scan,Risk name:  ,Occurrences: 1,DWMRCS,"DWMRCS",Actual action: Left alone,Requested action: Left alone,Secondary action: Commercial application detection,Event time: 2017-05-26 09:29:02,Inserted: 2017-05-26 09:29:02,End: 2017-05-26 09:29:02,Domain: Default,Group: My Company	est,Server: testbox,User: testuser-51,Source computer:  ,Source IP: 0.0.0.0
<13>May 26 09:29:03 checkpoint.firewall.ibm.lab 26May2017 drop checkpoint.firewall.ibm.lab product: VPN-1 &FireWall-1; src: 120.171.20.155; s_port: 62614; dst: 8.181.108.16; service: 138; proto: udp; rule: 323;SmartDefense profile: Default_Protection;__policy_id_tag: product=VPN-1 & FireWall-1[db_tag={48AB8350-7F61-11DD-887D-C0A832D16C6C};mgmt=fwmngt-zentral;date=1221069169;policy_name=Chameleon_gbl];has_accounting: 0;i/f_dir: inbound;i/f_name: eth-s1/s1p1c0;rule_uid: {21D66174-0E19-4B77-A1E9-3473FE991088};
<28>May 26 09:29:05 Message forwarded from aix.ibm.lab: rshd[random_number_1_to_999999]: Failed rsh authentication from 218.111.178.29 for local user root via remote user testuser-18
<129>May 26 09:29:06 barracuda.firewall.ibm.lab WF ALER CROSS_SITE_SCRIPTING_IN_URL 125.83.117.185 62653 66.109.188.127 80 security-policy GLOBAL DENY NONE [type="cross-site-scripting" pattern="script-tag" token="<script>"] GET 66.109.188.127/<script>alert(53416)</script> HTTP "-" ""-"" 66.109.188.127 48541 "-" "-"
<129>May 26 09:29:08 barracuda.firewall.ibm.lab WF ALER CROSS_SITE_SCRIPTING_IN_URL 120.171.20.155 52944 137.112.254.77 80 security-policy GLOBAL DENY NONE [type="cross-site-scripting" pattern="script-tag" token="<script>"] GET 137.112.254.77/<script>alert(53416)</script> HTTP "-" ""-"" 137.112.254.77 48541 "-" "-"
<50>May 26 09:29:09 SymantecServer symantec.endpoint.ibm.lab: testbox-xyz,[SID: 70025] Web Attack: Blackhole Exploit Toolkit 2 attack blocked. Traffic has been blocked for this application: C:\Program Files\Internet Explorer\iexplore.exe,Local: 0.0.0.0,Local: 000000000000,Remote: ,Remote: 0.0.0.0,Remote: 000000000000,Inbound,OTHERS,,Begin: 2017-05-26 09:29:09,End: 2017-05-26 09:29:09,Occurrences: 1,Application: C:/Program Files/Internet Explorer/iexplore.exe,Location: Default,User: testuser-36,Domain: SIMON,!ExternalLoggingTask.localport! 0,!ExternalLoggingTask.remoteport! 0,!ExternalLoggingTask.cidssignid! 70025,!ExternalLoggingTask.strcidssignid! Web Attack: Blackhole Exploit Toolkit 2,!ExternalLoggingTask.cidssignsubid! 0,!ExternalLoggingTask.intrusionurl! http://pppptttt.blah.net/links/came_broadcasting_taking-various.php,!ExternalLoggingTask.intrusionpayloadurl!
<54>May 26 09:29:11 SymantecServer symantec.endpoint.ibm.lab: DCA-EMAPROJ2,Allowed,"C:\Program Files\Common Files\Symantec Shared\ccSvcHst.exe",,Begin: 2017-05-26 09:29:11,End:2017-05-26 09:29:11,Rule: ,2528,C:/Program Files/Microsoft Virtual Server/vmh.exe,0,,C:/ProgramFiles/Common Files/Symantec Shared/ccSvcHst.exe,User: testuser-14,Domain: US
<33>May 26 09:29:13 threecom.switch.ibm.lab %May 26 09:29:13 2017 S9500 FTPS/5/USERIN: User rogueUser-5(15.83.16.235) login succeeded
<86>May 26 09:29:14 apple.macosx.ibm.lab com.apple.SecurityServer: uid 122505 succeeded authenticating as user admin (uid 501) for right system.install.root.user.
<50>May 26 09:29:16 SymantecServer symantec.endpoint.ibm.lab: testbox-xyz,[SID: 70025] Web Attack: Blackhole Exploit Toolkit 2 attack blocked. Traffic has been blocked for this application: C:\Program Files\Internet Explorer\iexplore.exe,Local: 0.0.0.0,Local: 000000000000,Remote: ,Remote: 0.0.0.0,Remote: 000000000000,Inbound,OTHERS,,Begin: 2017-05-26 09:29:16,End: 2017-05-26 09:29:16,Occurrences: 1,Application: C:/Program Files/Internet Explorer/iexplore.exe,Location: Default,User: rogueUser-5,Domain: SIMON,!ExternalLoggingTask.localport! 0,!ExternalLoggingTask.remoteport! 0,!ExternalLoggingTask.cidssignid! 70025,!ExternalLoggingTask.strcidssignid! Web Attack: Blackhole Exploit Toolkit 2,!ExternalLoggingTask.cidssignsubid! 0,!ExternalLoggingTask.intrusionurl! http://pppptttt.blah.net/links/came_broadcasting_taking-various.php,!ExternalLoggingTask.intrusionpayloadurl!
<182>May 26 09:29:17 apache.httpd.ibm.lab httpd: 179.174.48.208 73.198.115.73 - - [26/May/2017:09:29:17 -0500] "GET / HTTP/1.0" 200 443 9334
<182>May 26 09:29:19 apache.httpd.ibm.lab httpd: 165.11.95.213 201.180.225.246 - - [26/May/2017:09:29:19 -0500] "GET /<script>alert(53416)</script> HTTP/1.1" 404 443 320
<54>May 26 09:29:20 SymantecServer symantec.endpoint.ibm.lab: Security risk found,Computer name: COMP-1092025,Source: Scheduled Scan,Risk name: VirusDoctor,Occurrences: 1,c:/System Volume Information/_restore{A3F5C2A3-F289-4356-B021-1FEFEFB73CBD}/RP243/A0070465.exe,"",Actual action: Quarantined,Requested action: Quarantined,Secondary action: Left alone,Event time: 2017-05-26 09:29:20,Inserted:2017-05-26 09:29:20,End: 2017-05-26 09:29:20,Domain: Default,Group: My Company	est,Server: avp1,User: testuser-18,Source computer:  ,Source IP: 0.0.0.0
<190>May 26 09:29:22 arbor.pravail.ibm.lab pravail-aps: Blocked Host: Blocked host 201.150.192.18 at 10:53 by Malformed HTTP Filtering using TCP/80 (HTTP) destination 102.207.142.183 source port 61288,URL: https://arbornetworks.pravail.test.com/chaos/
<190>May 26 09:29:24 arbor.pravail.ibm.lab pravail-aps: Blocked Host: Blocked host 132.146.155.198 at 10:52 by Invalid Packets using TCP/0 (Unknown) destination 58.107.20.109,URL: https://arbornetworks.pravail.test.com/chaos/
<157>May 26 09:29:25 microsoft.event.ibm.lab MSWinEventLog	4	Security	60703	Fri May 26 09:29:25 2017	552	Security	NETWORK SERVICE	Well Known Group	Success Audit	testuser-76	Logon/Logoff		Logon attempt using explicit credentials: Logged on user:  User Name: NETWORK SERVICE  Domain: NT AUTHORITY  Logon ID: (0x0,0x1100401)  Logon GUID: -  User whose credentials were used:  Target User Name: testuser-76  Target Domain: us.ibm.com Target Logon GUID: -  Target Server Name: localhost  Target Server Info: localhost  Caller Process ID: 239276  Source Network Address: -  Source Port: - 	56794
<27>May 26 09:29:27 ambiron.ipangel.ibm.lab ipangel-ips: [2017-05-26 09:29:27-05] alert [Priority: 9] [119:2:1] [(http_inspect) DOUBLE DECODING ATTACK] 202.207.224.25:50351 TCP 187.222.239.94:80 br0
<133>May 26 09:29:28 microsoft.event.ibm.lab MSWinEventLog 1 Security 102757633 Fri May 26 09:29:28 2017 4907 Microsoft-Windows-Security-Auditing N/A N/A Success Audit testuser-91 Audit Policy Change Auditing settings on object were changed. Subject: Security ID: S-1-5-18 Account Name: testuser-91 Account Domain: us.ibm.com Logon ID: 0x1094116 Object: Object Server: Security Object Type: File Object Name: \Windows\winsxs\test.wav Handle ID: 0x3a8 Process Information: Process ID: 0xD343A4 Process Name: C:\Windows\System32\wbengine.exe Auditing Settings: Original Security Descriptor: S:AI(AU;A;;WD) New Security Descriptor: S:ARAI(AU;SAFA;;;;WD)(AU;IDFA;B;;;WD) 304929
<182>May 26 09:29:30 apache.httpd.ibm.lab httpd: 137.38.197.140 84.3.146.112 - - [26/May/2017:09:29:30 -0500] "GET /../../../../../../../../../../../ HTTP/1.1" 400 443 307
<133>May 26 09:29:31 microsoft.event.ibm.lab MSWinEventLog 1 Security 102757633 Fri May 26 09:29:31 2017 4907 Microsoft-Windows-Security-Auditing N/A N/A Success Audit testuser-72 Audit Policy Change Auditing settings on object were changed. Subject: Security ID: S-1-5-18 Account Name: testuser-72 Account Domain: us.ibm.com Logon ID: 0x1092025 Object: Object Server: Security Object Type: File Object Name: \Windows\winsxs\test.wav Handle ID: 0x3a8 Process Information: Process ID: 0x2A01FE Process Name: C:\Windows\System32\wbengine.exe Auditing Settings: Original Security Descriptor: S:AI(AU;A;;WD) New Security Descriptor: S:ARAI(AU;SAFA;;;;WD)(AU;IDFA;B;;;WD) 215928
