<83>May 26 07:44:12 apple.macosx.ibm.lab sshd[5590]: error: PAM: Authentication failure for illegal user testuser-20 from 74.6.71.145<190>May 26 07:44:13 arbor.pravail.ibm.lab pravail-aps: Blocked Host: Blocked host 56.219.18.103 10:53 by TCP Connection Reset using TCP/55916 (Unknown) destination 75.139.146.198 source port 443,URL: https://arbornetworks.pravail.test.com/chaos/
<33>May 26 07:44:15 threecom.switch.ibm.lab %May 26 07:44:15 2017 S9500 PORTAL/5/PT_LOG: Online user 132.146.155.198 changes to 66.161.114.2, we will cut it off as using traffic-acct.
<190>May 26 07:44:16 arbor.pravail.ibm.lab pravail-aps: Blocked Host: Blocked host 213.39.172.85 at 10:53 by Malformed HTTP Filtering using TCP/80 (HTTP) destination 209.252.172.179 source port 53263,URL: https://arbornetworks.pravail.test.com/chaos/
<13>May 26 07:44:18 checkpoint.firewall.ibm.lab 26May2017 drop checkpoint.firewall.ibm.lab product: VPN-1 &FireWall-1; src: 33.195.94.29; s_port: 52441; dst: 175.27.24.254; service: 138; proto: udp; rule: 323;SmartDefense profile: Default_Protection;__policy_id_tag: product=VPN-1 & FireWall-1[db_tag={48AB8350-7F61-11DD-887D-C0A832D16C6C};mgmt=fwmngt-zentral;date=1221069169;policy_name=Chameleon_gbl];has_accounting: 0;i/f_dir: inbound;i/f_name: eth-s1/s1p1c0;rule_uid: {21D66174-0E19-4B77-A1E9-3473FE991088};
<187>May 26 07:44:19 ['9.9.9.9'] httpd[16986]: [error] [client 165.11.95.213] Invalid URI in request \xf7vMKp`ET&\xa4\x9c\xc9\xec\xd1\xd8j\r\xce\xd9\xd4\xb3\c7
<190>May 26 07:44:21 arbor.pravail.ibm.lab pravail-aps: Blocked Host: Blocked host 15.83.16.235 10:53 by TCP Connection Reset using TCP/49364 (Unknown) destination 159.164.26.60 source port 443,URL: https://arbornetworks.pravail.test.com/chaos/
<25>May 26 07:44:23 apple.macosx.ibm.lab DirectoryService[51]: Failed Authentication return is being delayed due to over five recent auth failures for username: testuser-79.
<54>May 26 07:44:24 SymantecServer symantec.endpoint.ibm.lab: DCA-EMAPROJ2,Allowed,"C:\Program Files\Common Files\Symantec Shared\ccSvcHst.exe",,Begin: 2017-05-26 07:44:24,End:2017-05-26 07:44:24,Rule: ,2528,C:/Program Files/Microsoft Virtual Server/vmh.exe,0,,C:/ProgramFiles/Common Files/Symantec Shared/ccSvcHst.exe,User: testuser-46,Domain: US
<190>May 26 07:44:26 arbor.pravail.ibm.lab pravail-aps: Blocked Host: Blocked host 125.83.117.185 10:53 by TCP Connection Reset using TCP/57969 (Unknown) destination 209.33.230.180 source port 443,URL: https://arbornetworks.pravail.test.com/chaos/
<38>May 26 07:44:27 sshd[random_number_1_to_999999]: Accepted publickey for testuser-93 from 30.90.182.58 port 60022 ssh2
<27>May 26 07:44:29 ambiron.ipangel.ibm.lab ipangel-ips: [2017-05-26 07:44:29-05] alert [Priority: 9] [119:2:1] [(http_inspect) DOUBLE DECODING ATTACK] 212.2.111.4:57640 TCP 128.39.39.14:80 br0
<33>May 26 07:44:30 threecom.switch.ibm.lab %May 26 07:44:30 2017 S9500 RTA/3/Failed to get user traffic: Failed to get traffic of user 201.150.192.18 on board 6
<182>May 26 07:44:32 apache.httpd.ibm.lab httpd: 44.111.228.125 78.176.180.153 - - [26/May/2017:07:44:32 -0500] "POST /test.php?doing_test=123 HTTP/1.0" 404 80 282
<129>May 26 07:44:33 barracuda.firewall.ibm.lab WF ALER METACHARACTER_IN_PARAMETER 9.135.38.229 54029 201.212.13.154 443 security-policy GLOBAL DENY NONE [token="%00 " Parameter="article" value="../../../../../../../../etc/passwd"] GET 201.212.13.154/talkback.cgi?article=../../../../../../../../etc/passwd%00&action=view&matchview=1 HTTPS "-" ""-"" 201.212.13.154 54029 "-" "-"
<190>May 26 07:44:35 arbor.pravail.ibm.lab pravail-aps: Blocked Host: Blocked host 79.186.10.120 at 10:53 by Malformed HTTP Filtering using TCP/80 (HTTP) destination 116.169.30.194 source port 50524,URL: https://arbornetworks.pravail.test.com/chaos/
<190>May 26 07:44:37 arbor.pravail.ibm.lab pravail-aps: Blocked Host: Blocked host 137.38.197.140 at 10:53 by Malformed HTTP Filtering using TCP/80 (HTTP) destination 68.50.221.243 source port 62077,URL: https://arbornetworks.pravail.test.com/chaos/
<33>May 26 07:44:38 threecom.switch.ibm.lab %May 26 07:44:38 2017 S9500 RTA/3/Failed to get user traffic: Failed to get traffic of user 218.111.178.29 on board 6
<54>May 26 07:44:40 SymantecServer symantec.endpoint.ibm.lab: testbox-abc,[SID: 21590] P2P Edonkey Ping Message detected.  Traffic has been allowed from this application: C:\Program Files\easyMule\emule.exe,Local: 56.219.18.103,Local: 00218696B978,Remote: ,Remote: 37.144.222.61,Remote: 000000000000,Outbound,OTHERS,Intrusion ID: 0,Begin: 2017-05-26 07:44:40,End: 2017-05-26 07:44:40,Occurrences: 1,Application: C:/Program Files/easyMule/emule.exe,Location: Default,User: testuser-25,Domain: us.ibm.com
<86>May 26 07:44:41 apple.macosx.ibm.lab sshd[5590]: Failed password for invalid user testuser-53 from 136.38.97.190 port 54515 ssh2
<33>May 26 07:44:43 threecom.switch.ibm.lab %May 26 07:44:43 2017 S9500 RTA/3/Failed to start accounting: Failed to start traffic accounting for user 137.38.197.140 on board 6
<33>May 26 07:44:44 threecom.switch.ibm.lab %May 26 07:44:44 2017 S9500 FTPS/5/USERIN: User testuser-31(51.18.44.104) login succeeded
<182>May 26 07:44:46 apache.httpd.ibm.lab httpd: 137.38.197.140 22.233.11.70 - - [26/May/2017:07:44:46 -0500] "ABCD / HTTP/1.1" 501 443 297
<13>May 26 07:44:48 checkpoint.firewall.ibm.lab 26May2017 reject checkpoint.firewall.ibm.lab product: VPN-1 & FireWall-1; src: 120.171.20.155; s_port: 51093; dst: 35.23.237.49; service: 113; proto: tcp; rule: 14;SmartDefense profile: Default_Protection;__policy_id_tag: product=VPN-1 & FireWall-1[db_tag={25E5B8F6-79E7-11DD-941A-C0A832D00C0C};mgmt=fwmngt-wuv;date=1220466957;policy_name=rhino_gbl];has_accounting: 0;i/f_dir: inbound;i/f_name: eth-s2/s1p1c0;rule_uid: {9C96B325-D976-4A30-8685-9ED61018A6E7};service_id: gident;
<129>May 26 07:44:49 barracuda.firewall.ibm.lab WF ALER CROSS_SITE_SCRIPTING_IN_PARAM 132.146.155.198 59931 176.82.43.83 443 security-policy GLOBAL DENY NONE [type="cross-site-scripting" pattern="script-tag" token="<script>" Parameter="url" value="<script>alert(5341)</script>"] GET 176.82.43.83/redirect.asp?url=<script>alert(5341)</script> HTTPS "-" ""-"" 176.82.43.83 59845 "-" "-"
<54>May 26 07:44:51 SymantecServer symantec.endpoint.ibm.lab: DCA-EMAPROJ2,Allowed,"C:\Program Files\Common Files\Symantec Shared\ccSvcHst.exe",,Begin: 2017-05-26 07:44:51,End:2017-05-26 07:44:51,Rule: ,2528,C:/Program Files/Microsoft Virtual Server/vmh.exe,0,,C:/ProgramFiles/Common Files/Symantec Shared/ccSvcHst.exe,User: testuser-3,Domain: US
<28>May 26 07:44:52 Message forwarded from aix.ibm.lab: rshd[random_number_1_to_999999]: Failed rsh authentication from 212.2.111.4 for local user root via remote user testuser-95
<129>May 26 07:44:54 barracuda.firewall.ibm.lab WF ALER METACHARACTER_IN_PARAMETER 125.83.117.185 50010 117.216.239.168 443 security-policy GLOBAL DENY NONE [token="%00 " Parameter="article" value="../../../../../../../../etc/passwd"] GET 117.216.239.168/talkback.cgi?article=../../../../../../../../etc/passwd%00&action=view&matchview=1 HTTPS "-" ""-"" 117.216.239.168 50010 "-" "-"
<13>May 26 07:44:55 microsoft.sec.ibm.lab AgentDevice=WindowsLog	AgentLogFile=Security	Source=Security	Computer=COMP-rogueUser-2	User=rogueUser-2	Domain=	EventID=680	EventIDCode=680	EventType=8	EventCategory=9	RecordNumber=162714	TimeGenerated=1495799095	TimeWritten=1495799095	Message=Logon attempt by: MICROSOFT_AUTHENTICATION_PACKAGE_V1_0 Logon account: rogueUser-2 Source Workstation: COMP-rogueUser-2 Error Code: 0x0 
<13>May 26 07:44:57 microsoft.sec.ibm.lab AgentDevice=WindowsLog	AgentLogFile=Security	Source=Security	Computer=COMP-testuser-14	User=testuser-14	Domain=	EventID=675	EventIDCode=675	EventType=16	EventCategory=9	RecordNumber=48355	TimeGenerated=1495799097	TimeWritten=1495799097	Message=Pre-authentication failed: User Name: testuser-14 User ID: %{S-1-2-3-1083681} Service Name: krbtgt Pre-Authentication Type: 0x2 Failure Code: 0x18 Client Address: 125.83.117.185 
<14>May 26 07:44:59 Message forwarded from aix.ibm.lab: rcp[random_number_1_to_999999]: EXPORT file to host aix.ibm.lab cmd is rcp -t /root, local user testuser-63.
<33>May 26 07:45:00 threecom.switch.ibm.lab %May 26 07:45:00 2017 S9500 FTPS/5/USEROUT: User testuser-21(202.207.224.25) logged out
<190>May 26 07:45:02 arbor.pravail.ibm.lab pravail-aps: Blocked Host: Blocked host 79.186.10.120 at 10:53 by Malformed HTTP Filtering using TCP/80 (HTTP) destination 35.206.187.158 source port 64910,URL: https://arbornetworks.pravail.test.com/chaos/
<13>May 26 07:45:03 microsoft.sec.ibm.lab AgentDevice=WindowsLog	AgentLogFile=Security	Source=Security	Computer=COMP-testuser-98	User=testuser-98	Domain=	EventID=673	EventIDCode=673	EventType=8	EventCategory=9	RecordNumber=852845	TimeGenerated=1495799103	TimeWritten=1495799103	Message=Service Ticket Request:  User Name: testuser-98@us.ibm.com User Domain: us.ibm.com Service Name: MAIL$  Service ID: %{S-3-2-1-9BD037} Ticket Options:  0x40810000   Ticket Encryption Type: 0x17 Client Address: 54.11.145.63 Failure Code: - LogonGUID: {9BD037-f005ba11-ba5eba11} Transited Services: - 
<38>May 26 07:45:05 sshd[906458]: input_userauth_request: invalid user testuser-45
<33>May 26 07:45:06 threecom.switch.ibm.lab %May 26 07:45:06 2017 S9500 AAA/2/Serious error!: User testuser-85, in ACM send msg to SC failed! Returns 1 srcID 6 msgType 16384.
<13>May 26 07:45:08 microsoft.sec.ibm.lab AgentDevice=WindowsLog	AgentLogFile=Security	Source=Security	Computer=COMP-testuser-88	User=testuser-88	Domain=	EventID=672	EventIDCode=672	EventType=16	EventCategory=9	RecordNumber=503100	TimeGenerated=1495799108	TimeWritten=1495799108	Message=Authentication Ticket Request: User Name: testuser-88 Supplied Realm Name: us.ibm.com User ID: %{S-1-2-3-1106704} Service Name: krbtgt Service ID: %{S-3-2-1-123DC0} Ticket Options: 0x40810010 Result Code: - Ticket Encryption Type: 0x17 Pre-Authentication Type: 2 Client Address: 199.148.247.233 Certificate Issuer Name:  Certificate Serial Number:  Certificate Thumbprint: 
<13>May 26 07:45:09 checkpoint.firewall.ibm.lab 26May2017  checkpoint.firewall.ibm.lab product: SmartDefense; src: 44.111.228.125; s_port: ; dst: 148.237.157.147; service: ; proto: icmp; rule: ;Attack Info: Echo request too big;Suppressed logs: 1;Total logs: 2;__policy_id_tag: product=VPN-1 & FireWall-1[db_tag={B5A7057E-7F61-11DD-AA43-C0A832D12424};mgmt=fwmngt-zentral;date=1221069352;policy_name=Spider_gbl];alert: alert;attack: Large ping;has_accounting: 0;i/f_dir: inbound;
<182>May 26 07:45:11 apache.httpd.ibm.lab httpd: 128.234.158.118 108.84.174.239 - - [26/May/2017:07:45:11 -0500] "ABCD / HTTP/1.1" 501 443 297
<38>May 26 07:45:13 sshd[random_number_1_to_999999]: Accepted publickey for testuser-27 from 218.111.178.29 port 52771 ssh2
<27>May 26 07:45:14 ambiron.ipangel.ibm.lab ipangel-ips: [2017-05-26 07:45:14-05] alert [Priority: 9] [119:2:1] [(http_inspect) DOUBLE DECODING ATTACK] 30.90.182.58:49886 TCP 213.214.7.122:80 br0
<37>May 26 07:45:16 Message forwarded from aix.ibm.lab: su: from testuser-58 to root at /dev/pts/4
<13>May 26 07:45:17 microsoft.sec.ibm.lab AgentDevice=WindowsLog	AgentLogFile=Security	Source=Security	Computer=COMP-testuser-24	User=testuser-24	Domain=	EventID=576	EventIDCode=576	EventType=8	EventCategory=2	RecordNumber=790512	TimeGenerated=1495799117	TimeWritten=1495799117	Message=Special privileges assigned to new logon: User Name: testuser-24 Domain: us.ibm.com Logon ID: (0x0,0x1085764) Privileges: SeSecurityPrivilege SeBackupPrivilege SeRestorePrivilege SeTakeOwnershipPrivilege SeDebugPrivilege SeSystemEnvironmentPrivilege SeLoadDriverPrivilege SeImpersonatePrivilege
<86>May 26 07:45:19 apple.macosx.ibm.lab com.apple.SecurityServer: uid 80545 succeeded authenticating as user admin (uid 501) for right system.install.root.user.
<149>May 26 07:45:20 apple.macosx.ibm.lab sudo:    testuser-96 : TTY=ttyp1 ; PWD=/Users/admin ; USER=admin ;COMMAND=/bin/bash
<83>May 26 07:45:22 apple.macosx.ibm.lab sshd[5590]: error: PAM: Authentication failure for illegal user testuser-20 from 121.3.196.25<83>May 26 07:45:24 apple.macosx.ibm.lab sshd[5590]: error: PAM: Authentication failure for illegal user testuser-4 from 73.81.243.170<13>May 26 07:45:25 microsoft.sec.ibm.lab AgentDevice=WindowsLog	AgentLogFile=Security	Source=Security	Computer=COMP-testuser-100	User=testuser-100	Domain=	EventID=680	EventIDCode=680	EventType=16	EventCategory=9	RecordNumber=526119	TimeGenerated=1495799125	TimeWritten=1495799125	Message=Logon attempt by: MICROSOFT_AUTHENTICATION_PACKAGE_V1_0 Logon account: testuser-100 Source Workstation: COMP-testuser-100 Error Code: 0x0 
<129>May 26 07:45:27 barracuda.firewall.ibm.lab WF ALER SLASH_DOT_IN_URL 212.2.111.4 60560 122.61.15.95 443 security-policy GLOBAL DENY NONE ["-"] GET 122.61.15.95/themes/default/css/.htaccess HTTPS "-" ""-"" 122.61.15.95 44428 "-" "-"
<38>May 26 07:45:28 sshd[684063]: Invalid user testuser-51 from 201.150.192.18
<129>May 26 07:45:30 barracuda.firewall.ibm.lab WF ALER CROSS_SITE_SCRIPTING_IN_PARAM 125.83.117.185 59757 174.13.68.37 443 security-policy GLOBAL DENY NONE [type="cross-site-scripting" pattern="script-tag" token="<script>" Parameter="url" value="<script>alert(5341)</script>"] GET 174.13.68.37/redirect.asp?url=<script>alert(5341)</script> HTTPS "-" ""-"" 174.13.68.37 59845 "-" "-"
<157>May 26 07:45:31 microsoft.event.ibm.lab MSWinEventLog	4	Security	60703	Fri May 26 07:45:31 2017	552	Security	NETWORK SERVICE	Well Known Group	Success Audit	testuser-42	Logon/Logoff		Logon attempt using explicit credentials: Logged on user:  User Name: NETWORK SERVICE  Domain: NT AUTHORITY  Logon ID: (0x0,0x1085764)  Logon GUID: -  User whose credentials were used:  Target User Name: testuser-42  Target Domain: us.ibm.com Target Logon GUID: -  Target Server Name: localhost  Target Server Info: localhost  Caller Process ID: 103633  Source Network Address: -  Source Port: - 	56794
<25>May 26 07:45:33 ambiron.ipangel.ibm.lab ipangel-ips: [2017-05-26 07:45:33-05] alert [Priority: 9] [116:46:1] [(snort_decoder) WARNING: TCP Data Offset is less than 5!] 201.150.192.18:62799 TCP 70.86.14.133:80 br0
<54>May 26 07:45:35 SymantecServer symantec.endpoint.ibm.lab: testbox-abc,[SID: 21590] P2P Edonkey Ping Message detected.  Traffic has been allowed from this application: C:\Program Files\easyMule\emule.exe,Local: 120.171.20.155,Local: 00218696B978,Remote: ,Remote: 177.14.238.57,Remote: 000000000000,Outbound,OTHERS,Intrusion ID: 0,Begin: 2017-05-26 07:45:35,End: 2017-05-26 07:45:35,Occurrences: 1,Application: C:/Program Files/easyMule/emule.exe,Location: Default,User: testuser-58,Domain: us.ibm.com
<187>May 26 07:45:36 ['9.9.9.9'] httpd[16986]: [error] [client 218.111.178.29] Invalid URI in request \xf7vMKp`ET&\xa4\x9c\xc9\xec\xd1\xd8j\r\xce\xd9\xd4\xb3\c7
<182>May 26 07:45:38 apache.httpd.ibm.lab httpd: 51.18.44.104 36.74.45.238 - - [26/May/2017:07:45:38 -0500] "GET / HTTP/1.0" 200 443 9334
<182>May 26 07:45:39 apache.httpd.ibm.lab httpd: 147.198.103.40 13.198.9.20 - - [26/May/2017:07:45:39 -0500] "POST /test.php?doing_test=123 HTTP/1.0" 404 80 282
<25>May 26 07:45:41 ambiron.ipangel.ibm.lab ipangel-ips: [2017-05-26 07:45:41-05] alert [Priority: 9] [116:46:1] [(snort_decoder) WARNING: TCP Data Offset is less than 5!] 79.186.10.120:62841 TCP 184.157.147.182:80 br0
<190>May 26 07:45:42 arbor.pravail.ibm.lab pravail-aps: Blocked Host: Blocked host 128.234.158.118 10:53 by TCP Connection Reset using TCP/51320 (Unknown) destination 73.98.186.49 source port 443,URL: https://arbornetworks.pravail.test.com/chaos/
<33>May 26 07:45:44 threecom.switch.ibm.lab %May 26 07:45:44 2017 S9500 FTPS/5/USERIN: User testuser-74(165.11.95.213) login succeeded
<83>May 26 07:45:45 apple.macosx.ibm.lab sshd[5590]: error: PAM: Authentication failure for illegal user testuser-35 from 3.199.4.50<129>May 26 07:45:47 barracuda.firewall.ibm.lab WF ALER METHOD_NOT_ALLOWED 15.83.16.235 57348 16.242.47.189 80 security-policy GLOBAL DENY NONE [Method="ABCD"] ABCD 16.242.47.189/ HTTP "-" ""-"" 16.242.47.189 48536 "-" "-"
<13>May 26 07:45:49 microsoft.sec.ibm.lab AgentDevice=WindowsLog	AgentLogFile=Security	Source=Security	Computer=COMP-testuser-84	User=testuser-84	Domain=	EventID=540	EventIDCode=540	EventType=8	EventCategory=2	RecordNumber=239091	TimeGenerated=1495799149	TimeWritten=1495799149	Message=Successful Network Logon: User Name: Domain: Logon ID: (0x0,0x1098304) Logon Type: 3 Logon Process: NtLmSsp Authentication Package: NTLM Workstation Name: COMP-testuser-84 Logon GUID: - Caller User Name: - Caller Domain: - Caller Logon ID: - Caller Process ID: - Transited Services: - Source Network Address: 39.54.253.131 Source Port: 0
<38>May 26 07:45:50 syslog: ssh: failed login attempt for testuser-19 from 79.186.10.120
<28>May 26 07:45:52 Message forwarded from aix.ibm.lab: rshd[random_number_1_to_999999]: Failed rsh authentication from 165.11.95.213 for local user root via remote user testuser-92
<13>May 26 07:45:53 microsoft.sec.ibm.lab AgentDevice=WindowsLog	AgentLogFile=Security	Source=Security	Computer=COMP-testuser-49	User=testuser-49	Domain=	EventID=576	EventIDCode=576	EventType=8	EventCategory=2	RecordNumber=404800	TimeGenerated=1495799153	TimeWritten=1495799153	Message=Special privileges assigned to new logon: User Name: testuser-49 Domain: us.ibm.com Logon ID: (0x0,0x1100401) Privileges: SeSecurityPrivilege SeBackupPrivilege SeRestorePrivilege SeTakeOwnershipPrivilege SeDebugPrivilege SeSystemEnvironmentPrivilege SeLoadDriverPrivilege SeImpersonatePrivilege
<13>May 26 07:45:55 checkpoint.firewall.ibm.lab 26May2017  checkpoint.firewall.ibm.lab product: SmartDefense; src: 201.150.192.18; s_port: ; dst: 193.251.83.180; service: ; proto: udp; rule: ;Attack Info: Out-of-state DNS reply;Suppressed logs: 143;Total logs: 144;__policy_id_tag: product=VPN-1 & FireWall-1[db_tag={321A4EE6-7DEA-11DD-BFAA-C0A832822626};mgmt=fwmngt05;date=1220908070;policy_name=KillerWhale_gbl];alert: alert;attack: Invalid DNS;has_accounting: 0;i/f_dir: inbound;
<13>May 26 07:45:56 microsoft.sec.ibm.lab AgentDevice=WindowsLog	AgentLogFile=Security	Source=Security	Computer=COMP-testuser-87	User=testuser-87	Domain=	EventID=680	EventIDCode=680	EventType=16	EventCategory=9	RecordNumber=636719	TimeGenerated=1495799156	TimeWritten=1495799156	Message=Logon attempt by: MICROSOFT_AUTHENTICATION_PACKAGE_V1_0 Logon account: testuser-87 Source Workstation: COMP-testuser-87 Error Code: 0x0 
<187>May 26 07:45:58 ['9.9.9.9'] httpd[16986]: [error] [client 120.171.20.155] Invalid URI in request \xf7vMKp`ET&\xa4\x9c\xc9\xec\xd1\xd8j\r\xce\xd9\xd4\xb3\c7
<86>May 26 07:46:00 apple.macosx.ibm.lab sshd[5590]: Failed password for invalid user rogueUser-2 from 187.139.171.165 port 63196 ssh2
<179>May 26 07:46:01 apache.httpd.ibm.lab httpd[5570]: [ID 702911 local6.error] [error] [client 213.39.172.85] Certificate Verification: Error (10): certificate has expired
<189>May 26 07:46:03 ['9.9.9.9'] authmgr[504]: <NOTI> login <00:1c:bf:ca:2b:98  30.90.182.58 testuser-39>method=802.1x, server=TEST001, role=Authenticated Update(status 0 method 0 role 16), reauth=1800 sec
<190>May 26 07:46:04 arbor.pravail.ibm.lab pravail-aps: Blocked Host: Blocked host 218.111.178.29 at 10:52 by Invalid Packets using TCP/0 (Unknown) destination 123.119.231.237,URL: https://arbornetworks.pravail.test.com/chaos/
<133>May 26 07:46:06 microsoft.event.ibm.lab MSWinEventLog 1 Security 102757633 Fri May 26 07:46:06 2017 4907 Microsoft-Windows-Security-Auditing N/A N/A Success Audit testuser-59 Audit Policy Change Auditing settings on object were changed. Subject: Security ID: S-1-5-18 Account Name: testuser-59 Account Domain: us.ibm.com Logon ID: 0x1102500 Object: Object Server: Security Object Type: File Object Name: \Windows\winsxs\test.wav Handle ID: 0x3a8 Process Information: Process ID: 0x38FEE6 Process Name: C:\Windows\System32\wbengine.exe Auditing Settings: Original Security Descriptor: S:AI(AU;A;;WD) New Security Descriptor: S:ARAI(AU;SAFA;;;;WD)(AU;IDFA;B;;;WD) 967050
<33>May 26 07:46:07 threecom.switch.ibm.lab %May 26 07:46:07 2017 S9500 RTA/3/Failed to get user traffic: Failed to get traffic of user 56.219.18.103 on board 6
<33>May 26 07:46:09 threecom.switch.ibm.lab %May 26 07:46:09 2017 S9500 PORTAL/5/PT_LOG: Online user 120.171.20.155 changes to 175.89.84.82, we will cut it off as using traffic-acct.
<129>May 26 07:46:11 barracuda.firewall.ibm.lab WF ALER METHOD_NOT_ALLOWED 83.87.204.105 60488 49.206.10.131 80 security-policy GLOBAL DENY NONE [Method="ABCD"] ABCD 49.206.10.131/ HTTP "-" ""-"" 49.206.10.131 48536 "-" "-"
<13>May 26 07:46:12 checkpoint.firewall.ibm.lab 26May2017  checkpoint.firewall.ibm.lab product: SmartDefense; src: 218.111.178.29; s_port: ; dst: 151.41.198.110; service: ; proto: icmp; rule: ;Attack Info: Echo request too big;Suppressed logs: 1;Total logs: 2;__policy_id_tag: product=VPN-1 & FireWall-1[db_tag={B5A7057E-7F61-11DD-AA43-C0A832D12424};mgmt=fwmngt-zentral;date=1221069352;policy_name=Spider_gbl];alert: alert;attack: Large ping;has_accounting: 0;i/f_dir: inbound;
<157>May 26 07:46:14 microsoft.event.ibm.lab MSWinEventLog	4	Security	60703	Fri May 26 07:46:14 2017	552	Security	NETWORK SERVICE	Well Known Group	Success Audit	testuser-2	Logon/Logoff		Logon attempt using explicit credentials: Logged on user:  User Name: NETWORK SERVICE  Domain: NT AUTHORITY  Logon ID: (0x0,0x980100)  Logon GUID: -  User whose credentials were used:  Target User Name: testuser-2  Target Domain: us.ibm.com Target Logon GUID: -  Target Server Name: localhost  Target Server Info: localhost  Caller Process ID: 471382  Source Network Address: -  Source Port: - 	56794
<26>May 26 07:46:15 ambiron.ipangel.ibm.lab ipangel-ips: [2017-05-26 07:46:15-05] alert [Priority: 9] [119:14:1] [(http_inspect) NON-RFC DEFINED CHAR] 132.146.155.198:51089 TCP 107.4.98.71:80 br0
<25>May 26 07:46:17 ambiron.ipangel.ibm.lab ipangel-ips: [2017-05-26 07:46:17-05] alert [Priority: 9] [116:46:1] [(snort_decoder) WARNING: TCP Data Offset is less than 5!] 30.90.182.58:60851 TCP 40.179.230.63:80 br0
<50>May 26 07:46:18 SymantecServer symantec.endpoint.ibm.lab: testbox-xyz,[SID: 70025] Web Attack: Blackhole Exploit Toolkit 2 attack blocked. Traffic has been blocked for this application: C:\Program Files\Internet Explorer\iexplore.exe,Local: 0.0.0.0,Local: 000000000000,Remote: ,Remote: 0.0.0.0,Remote: 000000000000,Inbound,OTHERS,,Begin: 2017-05-26 07:46:18,End: 2017-05-26 07:46:18,Occurrences: 1,Application: C:/Program Files/Internet Explorer/iexplore.exe,Location: Default,User: testuser-52,Domain: SIMON,!ExternalLoggingTask.localport! 0,!ExternalLoggingTask.remoteport! 0,!ExternalLoggingTask.cidssignid! 70025,!ExternalLoggingTask.strcidssignid! Web Attack: Blackhole Exploit Toolkit 2,!ExternalLoggingTask.cidssignsubid! 0,!ExternalLoggingTask.intrusionurl! http://pppptttt.blah.net/links/came_broadcasting_taking-various.php,!ExternalLoggingTask.intrusionpayloadurl!
<190>May 26 07:46:20 arbor.pravail.ibm.lab pravail-aps: Blocked Host: Blocked host 137.38.197.140 at 10:53 by Malformed HTTP Filtering using TCP/80 (HTTP) destination 96.12.238.139 source port 63159,URL: https://arbornetworks.pravail.test.com/chaos/
<13>May 26 07:46:21 checkpoint.firewall.ibm.lab 26May2017 reject checkpoint.firewall.ibm.lab product: VPN-1 & FireWall-1; src: 165.11.95.213; s_port: 65047; dst: 85.202.179.8; service: 113; proto: tcp; rule: 14;SmartDefense profile: Default_Protection;__policy_id_tag: product=VPN-1 & FireWall-1[db_tag={25E5B8F6-79E7-11DD-941A-C0A832D00C0C};mgmt=fwmngt-wuv;date=1220466957;policy_name=rhino_gbl];has_accounting: 0;i/f_dir: inbound;i/f_name: eth-s2/s1p1c0;rule_uid: {9C96B325-D976-4A30-8685-9ED61018A6E7};service_id: gident;
<14>May 26 07:46:23 Message forwarded from aix.ibm.lab: rcp[random_number_1_to_999999]: EXPORT file to host aix.ibm.lab cmd is rcp -t /root, local user testuser-55.
<38>May 26 07:46:25 sshd[770720]: Failed keyboard-interactive for invalid user testuser-92 from 165.11.95.213 port 50357 ssh2
<54>May 26 07:46:26 SymantecServer symantec.endpoint.ibm.lab: Security risk found,Computer name: COMP-1096209,Source: Scheduled Scan,Risk name: VirusDoctor,Occurrences: 1,c:/System Volume Information/_restore{A3F5C2A3-F289-4356-B021-1FEFEFB73CBD}/RP243/A0070465.exe,"",Actual action: Quarantined,Requested action: Quarantined,Secondary action: Left alone,Event time: 2017-05-26 07:46:26,Inserted:2017-05-26 07:46:26,End: 2017-05-26 07:46:26,Domain: Default,Group: My Company	est,Server: avp1,User: testuser-38,Source computer:  ,Source IP: 0.0.0.0
<38>May 26 07:46:28 sshd[929605]: Failed password for invalid user testuser-4 from 189.6.147.68 port 57521 ssh2
<190>May 26 07:46:29 arbor.pravail.ibm.lab pravail-aps: Blocked Host: Blocked host 56.219.18.103 10:53 by TCP Connection Reset using TCP/61770 (Unknown) destination 17.135.66.44 source port 443,URL: https://arbornetworks.pravail.test.com/chaos/
<27>May 26 07:46:31 ambiron.ipangel.ibm.lab ipangel-ips: [2017-05-26 07:46:31-05] alert [Priority: 9] [119:2:1] [(http_inspect) DOUBLE DECODING ATTACK] 136.38.97.190:55479 TCP 212.72.192.89:80 br0
<26>May 26 07:46:32 ambiron.ipangel.ibm.lab ipangel-ips: [2017-05-26 07:46:32-05] alert [Priority: 9] [119:14:1] [(http_inspect) NON-RFC DEFINED CHAR] 30.90.182.58:56199 TCP 124.245.156.223:80 br0
<33>May 26 07:46:34 threecom.switch.ibm.lab %May 26 07:46:34 2017 S9500 AAA/2/Serious error!: User testuser-39, in ACM send msg to SC failed! Returns 1 srcID 6 msgType 16384.
<133>May 26 07:46:36 microsoft.event.ibm.lab MSWinEventLog 1 Security 102757633 Fri May 26 07:46:36 2017 4907 Microsoft-Windows-Security-Auditing N/A N/A Success Audit testuser-53 Audit Policy Change Auditing settings on object were changed. Subject: Security ID: S-1-5-18 Account Name: testuser-53 Account Domain: us.ibm.com Logon ID: 0x1089936 Object: Object Server: Security Object Type: File Object Name: \Windows\winsxs\test.wav Handle ID: 0x3a8 Process Information: Process ID: 0xE3B19D Process Name: C:\Windows\System32\wbengine.exe Auditing Settings: Original Security Descriptor: S:AI(AU;A;;WD) New Security Descriptor: S:ARAI(AU;SAFA;;;;WD)(AU;IDFA;B;;;WD) 182384
<13>May 26 07:46:37 microsoft.sec.ibm.lab AgentDevice=WindowsLog	AgentLogFile=Security	Source=Security	Computer=COMP-testuser-46	User=SYSTEM	Domain=	EventID=644	EventIDCode=644	EventType=8	EventCategory=7	RecordNumber=269922	TimeGenerated=1495799197	TimeWritten=1495799197	Message=User Account Locked Out: Target Account Name: testuser-46 Target Account ID: %{S-1-2-3-1094116} Caller Machine Name: COMP-CALLER01 Caller User Name: CALLER-01 Caller Domain: us.ibm.com Caller Logon ID: (0x0,0xBA5EBA11)
<190>May 26 07:46:39 arbor.pravail.ibm.lab pravail-aps: Blocked Host: Blocked host 30.90.182.58 10:53 by TCP Connection Reset using TCP/63767 (Unknown) destination 153.202.246.141 source port 443,URL: https://arbornetworks.pravail.test.com/chaos/
<133>May 26 07:46:40 microsoft.event.ibm.lab MSWinEventLog 1 Security 102757633 Fri May 26 07:46:40 2017 4907 Microsoft-Windows-Security-Auditing N/A N/A Success Audit testuser-61 Audit Policy Change Auditing settings on object were changed. Subject: Security ID: S-1-5-18 Account Name: testuser-61 Account Domain: us.ibm.com Logon ID: 0x1087849 Object: Object Server: Security Object Type: File Object Name: \Windows\winsxs\test.wav Handle ID: 0x3a8 Process Information: Process ID: 0xDEE4B3 Process Name: C:\Windows\System32\wbengine.exe Auditing Settings: Original Security Descriptor: S:AI(AU;A;;WD) New Security Descriptor: S:ARAI(AU;SAFA;;;;WD)(AU;IDFA;B;;;WD) 546723
<13>May 26 07:46:42 checkpoint.firewall.ibm.lab 26May2017  checkpoint.firewall.ibm.lab product: martDefense; src: 16.74.199.104; s_port: ; dst: 155.63.43.206; service: ; proto: udp; rule: ;Attack Info: Response packet too long, potential buffer overflow;Suppressed logs: 5;Total logs: 6;__policy_id_tag: product=VPN-1 & FireWall-1[db_tag={321A4EE6-7DEA-11DD-BFAA-C0A832822626};mgmt=fwmngt05;date=1220908070;policy_name=KillerWhale_gbl];alert: alert;attack: Invalid DNS;has_accounting: 0;i/f_dir: inbound;
<14>May 26 07:46:43 Message forwarded from aix.ibm.lab: ftp[random_number_1_to_999999]: ftp: IMPORT user testuser-8, host 113.146.67.20, local test_file, remote /data/savedata/test_file.dat.
<129>May 26 07:46:45 barracuda.firewall.ibm.lab WF ALER CROSS_SITE_SCRIPTING_IN_URL 83.87.204.105 55950 61.150.206.58 80 security-policy GLOBAL DENY NONE [type="cross-site-scripting" pattern="script-tag" token="<script>"] GET 61.150.206.58/<script>alert(53416)</script> HTTP "-" ""-"" 61.150.206.58 48541 "-" "-"
<25>May 26 07:46:47 ambiron.ipangel.ibm.lab ipangel-ips: [2017-05-26 07:46:47-05] alert [Priority: 9] [116:46:1] [(snort_decoder) WARNING: TCP Data Offset is less than 5!] 167.227.124.53:58982 TCP 103.251.82.57:80 br0
<189>May 26 07:46:48 ['9.9.9.9'] authmgr[504]: <NOTI> login <00:1c:bf:ca:2b:98  167.227.124.53 testuser-5>method=802.1x, server=TEST001, role=Authenticated Update(status 0 method 0 role 16), reauth=1800 sec
<189>May 26 07:46:50 ['9.9.9.9'] authmgr[504]: <NOTI> login <00:1c:bf:ca:2b:98  201.150.192.18 testuser-15>method=802.1x, server=TEST001, role=Authenticated Update(status 0 method 0 role 16), reauth=1800 sec
<182>May 26 07:46:51 apache.httpd.ibm.lab httpd: 218.111.178.29 119.241.96.180 - - [26/May/2017:07:46:51 -0500] "CONNECT 10.35.79.71:443 HTTP/1.1" 405 443 297
<33>May 26 07:46:53 threecom.switch.ibm.lab %May 26 07:46:53 2017 S9500 AAA/2/Serious error!: User testuser-40, in ACM send msg to SC failed! Returns 1 srcID 6 msgType 16384.
<133>May 26 07:46:54 microsoft.event.ibm.lab MSWinEventLog 1 Security 102757633 Fri May 26 07:46:54 2017 4907 Microsoft-Windows-Security-Auditing N/A N/A Success Audit testuser-72 Audit Policy Change Auditing settings on object were changed. Subject: Security ID: S-1-5-18 Account Name: testuser-72 Account Domain: us.ibm.com Logon ID: 0x1092025 Object: Object Server: Security Object Type: File Object Name: \Windows\winsxs\test.wav Handle ID: 0x3a8 Process Information: Process ID: 0x97736A Process Name: C:\Windows\System32\wbengine.exe Auditing Settings: Original Security Descriptor: S:AI(AU;A;;WD) New Security Descriptor: S:ARAI(AU;SAFA;;;;WD)(AU;IDFA;B;;;WD) 310285
<190>May 26 07:46:56 arbor.pravail.ibm.lab pravail-aps: Blocked Host: Blocked host 137.38.197.140 at 10:53 by Malformed HTTP Filtering using TCP/80 (HTTP) destination 102.131.155.164 source port 53268,URL: https://arbornetworks.pravail.test.com/chaos/
<13>May 26 07:46:57 microsoft.sec.ibm.lab AgentDevice=WindowsLog	AgentLogFile=Security	Source=Security	Computer=COMP-testuser-78	User=testuser-78	Domain=	EventID=672	EventIDCode=672	EventType=8	EventCategory=9	RecordNumber=184553	TimeGenerated=1495799217	TimeWritten=1495799217	Message=Authentication Ticket Request: User Name: testuser-78 Supplied Realm Name: us.ibm.com User ID: %{S-1-2-3-1104601} Service Name: krbtgt Service ID: %{S-3-2-1-B66F32} Ticket Options: 0x40810010 Result Code: - Ticket Encryption Type: 0x17 Pre-Authentication Type: 2 Client Address: 83.87.204.105 Certificate Issuer Name:  Certificate Serial Number:  Certificate Thumbprint: 
<83>May 26 07:46:59 apple.macosx.ibm.lab com.apple.SecurityServer: authinternal failed to authenticate user testuser-15.
<190>May 26 07:47:01 arbor.pravail.ibm.lab pravail-aps: Blocked Host: Blocked host 54.11.145.63 at 10:53 by Malformed HTTP Filtering using TCP/80 (HTTP) destination 28.183.127.111 source port 51929,URL: https://arbornetworks.pravail.test.com/chaos/
<129>May 26 07:47:02 barracuda.firewall.ibm.lab WF ALER CROSS_SITE_SCRIPTING_IN_PARAM 20.135.51.253 53533 214.75.160.125 443 security-policy GLOBAL DENY NONE [type="cross-site-scripting" pattern="script-tag" token="<script>" Parameter="url" value="<script>alert(5341)</script>"] GET 214.75.160.125/redirect.asp?url=<script>alert(5341)</script> HTTPS "-" ""-"" 214.75.160.125 59845 "-" "-"
<13>May 26 07:47:04 checkpoint.firewall.ibm.lab 26May2017  checkpoint.firewall.ibm.lab product: SmartDefense; src: 125.83.117.185; s_port: ; dst: 146.40.162.92; service: ; proto: udp; rule: ;Attack Info: Bad domain format, illegal ASCII value in domain;Suppressed logs: 1;Total logs: 2;__policy_id_tag: product=VPN-1 & FireWall-1[db_tag={9B20E8EA-7DE6-11DD-B7D6-C0A832D11E1E};mgmt=fwmngt-zentral;date=1220906528;policy_name=Vulpine_gbl];alert: alert;attack: Invalid DNS;has_accounting: 0;i/f_dir: inbound;
<182>May 26 07:47:05 apache.httpd.ibm.lab httpd: 79.186.10.120 143.7.227.138 - - [26/May/2017:07:47:05 -0500] "OPTIONS /cgi-bin/index.php HTTP/1.1" 200 443 -
<13>May 26 07:47:07 checkpoint.firewall.ibm.lab 26May2017  checkpoint.firewall.ibm.lab product: SmartDefense; src: 20.135.51.253; s_port: ; dst: 128.203.117.146; service: ; proto: udp; rule: ;Attack Info: Bad domain format, illegal ASCII value in domain;Suppressed logs: 1;Total logs: 2;__policy_id_tag: product=VPN-1 & FireWall-1[db_tag={9B20E8EA-7DE6-11DD-B7D6-C0A832D11E1E};mgmt=fwmngt-zentral;date=1220906528;policy_name=Vulpine_gbl];alert: alert;attack: Invalid DNS;has_accounting: 0;i/f_dir: inbound;
<129>May 26 07:47:08 barracuda.firewall.ibm.lab WF ALER CROSS_SITE_SCRIPTING_IN_PARAM 56.219.18.103 54564 61.68.34.96 443 security-policy GLOBAL DENY NONE [type="cross-site-scripting" pattern="script-tag" token="<script>" Parameter="url" value="<script>alert(5341)</script>"] GET 61.68.34.96/redirect.asp?url=<script>alert(5341)</script> HTTPS "-" ""-"" 61.68.34.96 59845 "-" "-"
<13>May 26 07:47:10 microsoft.sec.ibm.lab AgentDevice=WindowsLog	AgentLogFile=Security	Source=Security	Computer=COMP-testuser-98	User=testuser-98	Domain=	EventID=540	EventIDCode=540	EventType=8	EventCategory=2	RecordNumber=274873	TimeGenerated=1495799230	TimeWritten=1495799230	Message=Successful Network Logon: User Name: Domain: Logon ID: (0x0,0x1108809) Logon Type: 3 Logon Process: NtLmSsp Authentication Package: NTLM Workstation Name: COMP-testuser-98 Logon GUID: - Caller User Name: - Caller Domain: - Caller Logon ID: - Caller Process ID: - Transited Services: - Source Network Address: 101.10.190.9 Source Port: 0
<129>May 26 07:47:12 barracuda.firewall.ibm.lab WF ALER METHOD_NOT_ALLOWED 212.2.111.4 64490 199.79.207.23 80 security-policy GLOBAL DENY NONE [Method="ABCD"] ABCD 199.79.207.23/ HTTP "-" ""-"" 199.79.207.23 48536 "-" "-"
<190>May 26 07:47:13 arbor.pravail.ibm.lab pravail-aps: Blocked Host: Blocked host 201.150.192.18 at 10:52 by Invalid Packets using TCP/0 (Unknown) destination 70.43.144.104,URL: https://arbornetworks.pravail.test.com/chaos/
<26>May 26 07:47:15 ambiron.ipangel.ibm.lab ipangel-ips: [2017-05-26 07:47:15-05] alert [Priority: 9] [119:14:1] [(http_inspect) NON-RFC DEFINED CHAR] 128.234.158.118:60150 TCP 142.8.56.205:80 br0
<179>May 26 07:47:16 apache.httpd.ibm.lab httpd[5570]: [ID 702911 local6.error] [error] [client 30.90.182.58] Certificate Verification: Error (10): certificate has expired
<33>May 26 07:47:18 threecom.switch.ibm.lab %May 26 07:47:18 2017 S9500 FTPS/5/USEROUT: User testuser-28(79.186.10.120) logged out
<54>May 26 07:47:19 SymantecServer symantec.endpoint.ibm.lab: testbox-abc,[SID: 21590] P2P Edonkey Ping Message detected.  Traffic has been allowed from this application: C:\Program Files\easyMule\emule.exe,Local: 128.234.158.118,Local: 00218696B978,Remote: ,Remote: 28.108.35.220,Remote: 000000000000,Outbound,OTHERS,Intrusion ID: 0,Begin: 2017-05-26 07:47:19,End: 2017-05-26 07:47:19,Occurrences: 1,Application: C:/Program Files/easyMule/emule.exe,Location: Default,User: rogueUser-4,Domain: us.ibm.com
<13>May 26 07:47:21 microsoft.sec.ibm.lab AgentDevice=WindowsLog	AgentLogFile=Security	Source=Security	Computer=COMP-testuser-58	User=testuser-58	Domain=	EventID=680	EventIDCode=680	EventType=16	EventCategory=9	RecordNumber=49543	TimeGenerated=1495799241	TimeWritten=1495799241	Message=Logon attempt by: MICROSOFT_AUTHENTICATION_PACKAGE_V1_0 Logon account: testuser-58 Source Workstation: COMP-testuser-58 Error Code: 0x0 
<50>May 26 07:47:23 SymantecServer symantec.endpoint.ibm.lab: testbox-xyz,[SID: 70025] Web Attack: Blackhole Exploit Toolkit 2 attack blocked. Traffic has been blocked for this application: C:\Program Files\Internet Explorer\iexplore.exe,Local: 0.0.0.0,Local: 000000000000,Remote: ,Remote: 0.0.0.0,Remote: 000000000000,Inbound,OTHERS,,Begin: 2017-05-26 07:47:23,End: 2017-05-26 07:47:23,Occurrences: 1,Application: C:/Program Files/Internet Explorer/iexplore.exe,Location: Default,User: testuser-59,Domain: SIMON,!ExternalLoggingTask.localport! 0,!ExternalLoggingTask.remoteport! 0,!ExternalLoggingTask.cidssignid! 70025,!ExternalLoggingTask.strcidssignid! Web Attack: Blackhole Exploit Toolkit 2,!ExternalLoggingTask.cidssignsubid! 0,!ExternalLoggingTask.intrusionurl! http://pppptttt.blah.net/links/came_broadcasting_taking-various.php,!ExternalLoggingTask.intrusionpayloadurl!
<133>May 26 07:47:24 microsoft.event.ibm.lab MSWinEventLog 1 Security 102757633 Fri May 26 07:47:24 2017 4907 Microsoft-Windows-Security-Auditing N/A N/A Success Audit testuser-49 Audit Policy Change Auditing settings on object were changed. Subject: Security ID: S-1-5-18 Account Name: testuser-49 Account Domain: us.ibm.com Logon ID: 0x1100401 Object: Object Server: Security Object Type: File Object Name: \Windows\winsxs\test.wav Handle ID: 0x3a8 Process Information: Process ID: 0xDD3231 Process Name: C:\Windows\System32\wbengine.exe Auditing Settings: Original Security Descriptor: S:AI(AU;A;;WD) New Security Descriptor: S:ARAI(AU;SAFA;;;;WD)(AU;IDFA;B;;;WD) 779684
<129>May 26 07:47:26 barracuda.firewall.ibm.lab WF ALER CROSS_SITE_SCRIPTING_IN_URL 179.174.48.208 61716 122.48.112.27 80 security-policy GLOBAL DENY NONE [type="cross-site-scripting" pattern="script-tag" token="<script>"] GET 122.48.112.27/<script>alert(53416)</script> HTTP "-" ""-"" 122.48.112.27 48541 "-" "-"
<13>May 26 07:47:27 checkpoint.firewall.ibm.lab 26May2017 drop checkpoint.firewall.ibm.lab product: VPN-1 &FireWall-1; src: 15.83.16.235; s_port: 60367; dst: 130.119.247.16; service: 138; proto: udp; rule: 323;SmartDefense profile: Default_Protection;__policy_id_tag: product=VPN-1 & FireWall-1[db_tag={48AB8350-7F61-11DD-887D-C0A832D16C6C};mgmt=fwmngt-zentral;date=1221069169;policy_name=Chameleon_gbl];has_accounting: 0;i/f_dir: inbound;i/f_name: eth-s1/s1p1c0;rule_uid: {21D66174-0E19-4B77-A1E9-3473FE991088};
<13>May 26 07:47:29 checkpoint.firewall.ibm.lab 26May2017  checkpoint.firewall.ibm.lab product: SmartDefense; src: 136.38.97.190; s_port: ; dst: 141.162.216.219; service: ; proto: udp; rule: ;Attack Info: Bad domain format, illegal ASCII value in domain;Suppressed logs: 1;Total logs: 2;__policy_id_tag: product=VPN-1 & FireWall-1[db_tag={9B20E8EA-7DE6-11DD-B7D6-C0A832D11E1E};mgmt=fwmngt-zentral;date=1220906528;policy_name=Vulpine_gbl];alert: alert;attack: Invalid DNS;has_accounting: 0;i/f_dir: inbound;
<182>May 26 07:47:30 apache.httpd.ibm.lab httpd: 79.186.10.120 102.226.30.232 - - [26/May/2017:07:47:30 -0500] "GET / HTTP/1.0" 200 443 9334
<189>May 26 07:47:32 ['9.9.9.9'] authmgr[504]: <NOTI> login <00:1c:bf:ca:2b:98  201.150.192.18 testuser-51>method=802.1x, server=TEST001, role=Authenticated Update(status 0 method 0 role 16), reauth=1800 sec
<133>May 26 07:47:33 microsoft.event.ibm.lab MSWinEventLog 1 Security 102757633 Fri May 26 07:47:33 2017 4907 Microsoft-Windows-Security-Auditing N/A N/A Success Audit testuser-87 Audit Policy Change Auditing settings on object were changed. Subject: Security ID: S-1-5-18 Account Name: testuser-87 Account Domain: us.ibm.com Logon ID: 0x1104601 Object: Object Server: Security Object Type: File Object Name: \Windows\winsxs\test.wav Handle ID: 0x3a8 Process Information: Process ID: 0x3DAE4A Process Name: C:\Windows\System32\wbengine.exe Auditing Settings: Original Security Descriptor: S:AI(AU;A;;WD) New Security Descriptor: S:ARAI(AU;SAFA;;;;WD)(AU;IDFA;B;;;WD) 451397
<182>May 26 07:47:35 apache.httpd.ibm.lab httpd: 9.135.38.229 63.65.171.101 - - [26/May/2017:07:47:35 -0500] "ABCD / HTTP/1.1" 501 443 297
<83>May 26 07:47:37 apple.macosx.ibm.lab sshd[5590]: error: PAM: Authentication failure for illegal user testuser-21 from 73.59.180.107<129>May 26 07:47:38 barracuda.firewall.ibm.lab WF ALER METHOD_NOT_ALLOWED 9.135.38.229 59538 123.165.195.70 80 security-policy GLOBAL DENY NONE [Method="ABCD"] ABCD 123.165.195.70/ HTTP "-" ""-"" 123.165.195.70 48536 "-" "-"
<129>May 26 07:47:40 barracuda.firewall.ibm.lab WF ALER SLASH_DOT_IN_URL 125.83.117.185 54840 28.193.94.191 443 security-policy GLOBAL DENY NONE ["-"] GET 28.193.94.191/themes/default/css/.htaccess HTTPS "-" ""-"" 28.193.94.191 44428 "-" "-"
<182>May 26 07:47:41 apache.httpd.ibm.lab httpd: 165.11.95.213 125.72.246.55 - - [26/May/2017:07:47:41 -0500] "GET / HTTP/1.0" 200 443 9334
<83>May 26 07:47:43 apple.macosx.ibm.lab sshd[5590]: error: PAM: Authentication failure for illegal user testuser-21 from 50.230.70.246<190>May 26 07:47:44 arbor.pravail.ibm.lab pravail-aps: Blocked Host: Blocked host 202.207.224.25 at 10:52 by Invalid Packets using TCP/0 (Unknown) destination 87.26.65.92,URL: https://arbornetworks.pravail.test.com/chaos/
<13>May 26 07:47:46 microsoft.sec.ibm.lab AgentDevice=WindowsLog	AgentLogFile=Security	Source=Security	Computer=COMP-testuser-70	User=testuser-70	Domain=	EventID=680	EventIDCode=680	EventType=8	EventCategory=9	RecordNumber=401068	TimeGenerated=1495799266	TimeWritten=1495799266	Message=Logon attempt by: MICROSOFT_AUTHENTICATION_PACKAGE_V1_0 Logon account: testuser-70 Source Workstation: COMP-testuser-70 Error Code: 0x0 
<133>May 26 07:47:48 microsoft.event.ibm.lab MSWinEventLog 1 Security 102757633 Fri May 26 07:47:48 2017 4907 Microsoft-Windows-Security-Auditing N/A N/A Success Audit testuser-64 Audit Policy Change Auditing settings on object were changed. Subject: Security ID: S-1-5-18 Account Name: testuser-64 Account Domain: us.ibm.com Logon ID: 0x1094116 Object: Object Server: Security Object Type: File Object Name: \Windows\winsxs\test.wav Handle ID: 0x3a8 Process Information: Process ID: 0x469298 Process Name: C:\Windows\System32\wbengine.exe Auditing Settings: Original Security Descriptor: S:AI(AU;A;;WD) New Security Descriptor: S:ARAI(AU;SAFA;;;;WD)(AU;IDFA;B;;;WD) 180332
<133>May 26 07:47:49 microsoft.event.ibm.lab MSWinEventLog 1 Security 102757633 Fri May 26 07:47:49 2017 4907 Microsoft-Windows-Security-Auditing N/A N/A Success Audit testuser-77 Audit Policy Change Auditing settings on object were changed. Subject: Security ID: S-1-5-18 Account Name: testuser-77 Account Domain: us.ibm.com Logon ID: 0x1102500 Object: Object Server: Security Object Type: File Object Name: \Windows\winsxs\test.wav Handle ID: 0x3a8 Process Information: Process ID: 0x8D07A5 Process Name: C:\Windows\System32\wbengine.exe Auditing Settings: Original Security Descriptor: S:AI(AU;A;;WD) New Security Descriptor: S:ARAI(AU;SAFA;;;;WD)(AU;IDFA;B;;;WD) 151710
<133>May 26 07:47:51 microsoft.event.ibm.lab MSWinEventLog 1 Security 102757633 Fri May 26 07:47:51 2017 4907 Microsoft-Windows-Security-Auditing N/A N/A Success Audit rogueUser-3 Audit Policy Change Auditing settings on object were changed. Subject: Security ID: S-1-5-18 Account Name: rogueUser-3 Account Domain: us.ibm.com Logon ID: 0x1117249 Object: Object Server: Security Object Type: File Object Name: \Windows\winsxs\test.wav Handle ID: 0x3a8 Process Information: Process ID: 0x24CE0C Process Name: C:\Windows\System32\wbengine.exe Auditing Settings: Original Security Descriptor: S:AI(AU;A;;WD) New Security Descriptor: S:ARAI(AU;SAFA;;;;WD)(AU;IDFA;B;;;WD) 220366
<33>May 26 07:47:52 threecom.switch.ibm.lab %May 26 07:47:52 2017 S9500 FTPS/5/USEROUT: User testuser-29(165.11.95.213) logged out
<189>May 26 07:47:54 ['9.9.9.9'] authmgr[504]: <NOTI> login <00:1c:bf:ca:2b:98  83.87.204.105 testuser-87>method=802.1x, server=TEST001, role=Authenticated Update(status 0 method 0 role 16), reauth=1800 sec
<129>May 26 07:47:55 barracuda.firewall.ibm.lab WF ALER METACHARACTER_IN_PARAMETER 218.111.178.29 64005 47.216.151.137 443 security-policy GLOBAL DENY NONE [token="%00 " Parameter="article" value="../../../../../../../../etc/passwd"] GET 47.216.151.137/talkback.cgi?article=../../../../../../../../etc/passwd%00&action=view&matchview=1 HTTPS "-" ""-"" 47.216.151.137 64005 "-" "-"
<54>May 26 07:47:57 SymantecServer symantec.endpoint.ibm.lab: testbox-abc,[SID: 21590] P2P Edonkey Ping Message detected.  Traffic has been allowed from this application: C:\Program Files\easyMule\emule.exe,Local: 218.111.178.29,Local: 00218696B978,Remote: ,Remote: 97.220.11.179,Remote: 000000000000,Outbound,OTHERS,Intrusion ID: 0,Begin: 2017-05-26 07:47:57,End: 2017-05-26 07:47:57,Occurrences: 1,Application: C:/Program Files/easyMule/emule.exe,Location: Default,User: testuser-72,Domain: us.ibm.com
<25>May 26 07:47:59 ambiron.ipangel.ibm.lab ipangel-ips: [2017-05-26 07:47:59-05] alert [Priority: 9] [116:46:1] [(snort_decoder) WARNING: TCP Data Offset is less than 5!] 189.6.147.68:56826 TCP 134.91.138.208:80 br0
<182>May 26 07:48:00 apache.httpd.ibm.lab httpd: 125.83.117.185 111.159.79.102 - - [26/May/2017:07:48:00 -0500] "CONNECT 10.35.79.71:443 HTTP/1.1" 405 443 297
<83>May 26 07:48:02 apple.macosx.ibm.lab sshd[5590]: error: PAM: Authentication failure for illegal user testuser-96 from 135.95.21.243<33>May 26 07:48:03 threecom.switch.ibm.lab %May 26 07:48:03 2017 S9500 PORTAL/5/PT_LOG: Online user 201.150.192.18 changes to 157.241.104.39, we will cut it off as using traffic-acct.
<33>May 26 07:48:05 threecom.switch.ibm.lab %May 26 07:48:05 2017 S9500 RTA/3/Failed to start accounting: Failed to start traffic accounting for user 51.18.44.104 on board 6
<13>May 26 07:48:06 checkpoint.firewall.ibm.lab 26May2017  checkpoint.firewall.ibm.lab product: martDefense; src: 99.123.52.13; s_port: ; dst: 208.234.239.187; service: ; proto: udp; rule: ;Attack Info: Response packet too long, potential buffer overflow;Suppressed logs: 5;Total logs: 6;__policy_id_tag: product=VPN-1 & FireWall-1[db_tag={321A4EE6-7DEA-11DD-BFAA-C0A832822626};mgmt=fwmngt05;date=1220908070;policy_name=KillerWhale_gbl];alert: alert;attack: Invalid DNS;has_accounting: 0;i/f_dir: inbound;
<33>May 26 07:48:08 threecom.switch.ibm.lab %May 26 07:48:08 2017 S9500 RTA/3/Failed to get user traffic: Failed to get traffic of user 179.174.48.208 on board 6
<13>May 26 07:48:09 microsoft.sec.ibm.lab AgentDevice=WindowsLog	AgentLogFile=Security	Source=Security	Computer=COMP-testuser-83	User=testuser-83	Domain=	EventID=529	EventIDCode=529	EventType=16	EventCategory=2	RecordNumber=882963	TimeGenerated=1495799289	TimeWritten=1495799289	Message=Successful Network Logon: User Name: Domain: Logon ID: (0x0,0x1096209) Logon Type: 3 Logon Process: NtLmSsp Authentication Package: NTLM Workstation Name: COMP-testuser-83 Logon GUID: - Caller User Name: - Caller Domain: - Caller Logon ID: - Caller Process ID: - Transited Services: - Source Network Address: 165.11.95.213 Source Port: 0
<13>May 26 07:48:11 microsoft.sec.ibm.lab AgentDevice=WindowsLog	AgentLogFile=Security	Source=Security	Computer=COMP-testuser-70	User=testuser-70	Domain=	EventID=540	EventIDCode=540	EventType=8	EventCategory=2	RecordNumber=106126	TimeGenerated=1495799291	TimeWritten=1495799291	Message=Successful Network Logon: User Name: Domain: Logon ID: (0x0,0x1087849) Logon Type: 3 Logon Process: NtLmSsp Authentication Package: NTLM Workstation Name: COMP-testuser-70 Logon GUID: - Caller User Name: - Caller Domain: - Caller Logon ID: - Caller Process ID: - Transited Services: - Source Network Address: 56.219.18.103 Source Port: 0
<13>May 26 07:48:13 microsoft.sec.ibm.lab AgentDevice=WindowsLog	AgentLogFile=Security	Source=Security	Computer=COMP-testuser-20	User=testuser-20	Domain=	EventID=540	EventIDCode=540	EventType=8	EventCategory=2	RecordNumber=15283	TimeGenerated=1495799293	TimeWritten=1495799293	Message=Successful Network Logon: User Name: Domain: Logon ID: (0x0,0x1077444) Logon Type: 3 Logon Process: NtLmSsp Authentication Package: NTLM Workstation Name: COMP-testuser-20 Logon GUID: - Caller User Name: - Caller Domain: - Caller Logon ID: - Caller Process ID: - Transited Services: - Source Network Address: 132.146.155.198 Source Port: 0
