<38>May 26 09:49:27 sshd[random_number_1_to_999999]: Accepted publickey for testuser-63 from 218.111.178.29 port 51352 ssh2
<157>May 26 09:49:29 microsoft.event.ibm.lab MSWinEventLog	4	Security	60703	Fri May 26 09:49:29 2017	552	Security	NETWORK SERVICE	Well Known Group	Success Audit	testuser-23	Logon/Logoff		Logon attempt using explicit credentials: Logged on user:  User Name: NETWORK SERVICE  Domain: NT AUTHORITY  Logon ID: (0x0,0x1083681)  Logon GUID: -  User whose credentials were used:  Target User Name: testuser-23  Target Domain: us.ibm.com Target Logon GUID: -  Target Server Name: localhost  Target Server Info: localhost  Caller Process ID: 236838  Source Network Address: -  Source Port: - 	56794
<182>May 26 09:49:30 apache.httpd.ibm.lab httpd: 179.174.48.208 32.228.108.26 - - [26/May/2017:09:49:30 -0500] "ABCD / HTTP/1.1" 501 443 297
<54>May 26 09:49:32 SymantecServer symantec.endpoint.ibm.lab: Security risk found,Computer name: COMP-1115136,Source: Scheduled Scan,Risk name: VirusDoctor,Occurrences: 1,c:/System Volume Information/_restore{A3F5C2A3-F289-4356-B021-1FEFEFB73CBD}/RP243/A0070465.exe,"",Actual action: Quarantined,Requested action: Quarantined,Secondary action: Left alone,Event time: 2017-05-26 09:49:32,Inserted:2017-05-26 09:49:32,End: 2017-05-26 09:49:32,Domain: Default,Group: My Company	est,Server: avp1,User: rogueUser-2,Source computer:  ,Source IP: 0.0.0.0
<149>May 26 09:49:33 apple.macosx.ibm.lab sudo:    testuser-2 : TTY=ttyp1 ; PWD=/Users/admin ; USER=admin ;COMMAND=/bin/bash
<190>May 26 09:49:35 arbor.pravail.ibm.lab pravail-aps: Blocked Host: Blocked host 79.186.10.120 at 10:52 by Invalid Packets using TCP/0 (Unknown) destination 93.173.68.82,URL: https://arbornetworks.pravail.test.com/chaos/
<33>May 26 09:49:37 threecom.switch.ibm.lab %May 26 09:49:37 2017 S9500 RTA/3/Failed to start accounting: Failed to start traffic accounting for user 137.38.197.140 on board 6
<157>May 26 09:49:38 microsoft.event.ibm.lab MSWinEventLog	4	Security	60703	Fri May 26 09:49:38 2017	552	Security	NETWORK SERVICE	Well Known Group	Success Audit	testuser-43	Logon/Logoff		Logon attempt using explicit credentials: Logged on user:  User Name: NETWORK SERVICE  Domain: NT AUTHORITY  Logon ID: (0x0,0x1087849)  Logon GUID: -  User whose credentials were used:  Target User Name: testuser-43  Target Domain: us.ibm.com Target Logon GUID: -  Target Server Name: localhost  Target Server Info: localhost  Caller Process ID: 11272  Source Network Address: -  Source Port: - 	56794
<54>May 26 09:49:40 SymantecServer symantec.endpoint.ibm.lab: DCA-EMAPROJ2,Allowed,"C:\Program Files\Common Files\Symantec Shared\ccSvcHst.exe",,Begin: 2017-05-26 09:49:40,End:2017-05-26 09:49:40,Rule: ,2528,C:/Program Files/Microsoft Virtual Server/vmh.exe,0,,C:/ProgramFiles/Common Files/Symantec Shared/ccSvcHst.exe,User: testuser-34,Domain: US
<13>May 26 09:49:41 checkpoint.firewall.ibm.lab 26May2017  checkpoint.firewall.ibm.lab product: SmartDefense; src: 30.90.182.58; s_port: ; dst: 158.76.186.236; service: ; proto: udp; rule: ;Attack Info: Bad domain format, illegal ASCII value in domain;Suppressed logs: 1;Total logs: 2;__policy_id_tag: product=VPN-1 & FireWall-1[db_tag={9B20E8EA-7DE6-11DD-B7D6-C0A832D11E1E};mgmt=fwmngt-zentral;date=1220906528;policy_name=Vulpine_gbl];alert: alert;attack: Invalid DNS;has_accounting: 0;i/f_dir: inbound;
<86>May 26 09:49:43 apple.macosx.ibm.lab sshd[5590]: Failed password for invalid user rogueUser-3 from 20.135.51.253 port 58290 ssh2
<33>May 26 09:49:44 threecom.switch.ibm.lab %May 26 09:49:44 2017 S9500 VTY/5/VTY_LOG:  TELNET user failed to login from 125.83.117.185(000D-88F6-60E0) on VTY0.
<129>May 26 09:49:46 barracuda.firewall.ibm.lab WF ALER CROSS_SITE_SCRIPTING_IN_PARAM 136.38.97.190 53669 22.215.202.56 443 security-policy GLOBAL DENY NONE [type="cross-site-scripting" pattern="script-tag" token="<script>" Parameter="url" value="<script>alert(5341)</script>"] GET 22.215.202.56/redirect.asp?url=<script>alert(5341)</script> HTTPS "-" ""-"" 22.215.202.56 59845 "-" "-"
<189>May 26 09:49:48 ['9.9.9.9'] authmgr[504]: <NOTI> login <00:1c:bf:ca:2b:98  125.83.117.185 testuser-41>method=802.1x, server=TEST001, role=Authenticated Update(status 0 method 0 role 16), reauth=1800 sec
<13>May 26 09:49:49 checkpoint.firewall.ibm.lab 26May2017 drop checkpoint.firewall.ibm.lab product: SmartDefense; src: 167.227.124.53; s_port: 62290; dst: 33.34.60.171; service: 443; proto: tcp; rule: 392;Attack Info: TCP segment out of maximum allowed sequence. Packet dropped.;Confidence Level: 0;Performance Impact: 0;Protection Name: TCP Segment Limit Enforcement;Protection Type: settings_tcp;Severity: 0;SmartDefense Profile: Boticario_DMZ_Protection;__policy_id_tag: product=VPN-1 & FireWall-1[db_tag={E94ECB65-34C0-4740-9634-761E1604C8BC};mgmt=SJP1PLNX036-DMZ;date=1424714440;policy_name=DMZ];attack: Streaming Engine: TCP Segment Limit Enforcement;has_accounting: 0;i/f_dir: inbound;i/f_name: eth2-01.2809;origin_sic_name: CN=TEST-DMZ1,O=log_server_hostname;protection_id: tcp_segment_limit;rule_uid: {499DBB08-D262-4D9F-B639-5337A7B36E59};snid: 7572c682;src_machine_name: COMP-testuser-5;src_user_name: testuser-5 ;user: testuser-5 ;
<190>May 26 09:49:51 arbor.pravail.ibm.lab pravail-aps: Blocked Host: Blocked host 167.227.124.53 10:53 by TCP Connection Reset using TCP/62295 (Unknown) destination 123.96.130.214 source port 443,URL: https://arbornetworks.pravail.test.com/chaos/
<38>May 26 09:49:52 sshd[751864]: Failed password for invalid user testuser-60 from 137.82.1.56 port 54483 ssh2
<26>May 26 09:49:54 ambiron.ipangel.ibm.lab ipangel-ips: [2017-05-26 09:49:54-05] alert [Priority: 9] [119:14:1] [(http_inspect) NON-RFC DEFINED CHAR] 154.102.244.170:50671 TCP 154.216.94.190:80 br0
<13>May 26 09:49:55 checkpoint.firewall.ibm.lab 26May2017  checkpoint.firewall.ibm.lab product: martDefense; src: 125.83.117.185; s_port: ; dst: 76.110.125.207; service: ; proto: udp; rule: ;Attack Info: Response packet too long, potential buffer overflow;Suppressed logs: 5;Total logs: 6;__policy_id_tag: product=VPN-1 & FireWall-1[db_tag={321A4EE6-7DEA-11DD-BFAA-C0A832822626};mgmt=fwmngt05;date=1220908070;policy_name=KillerWhale_gbl];alert: alert;attack: Invalid DNS;has_accounting: 0;i/f_dir: inbound;
<33>May 26 09:49:57 threecom.switch.ibm.lab %May 26 09:49:57 2017 S9500 FTPS/5/USERIN: User rogueUser-2(137.38.197.140) login succeeded
<54>May 26 09:49:58 SymantecServer symantec.endpoint.ibm.lab: DCA-EMAPROJ2,Allowed,"C:\Program Files\Common Files\Symantec Shared\ccSvcHst.exe",,Begin: 2017-05-26 09:49:58,End:2017-05-26 09:49:58,Rule: ,2528,C:/Program Files/Microsoft Virtual Server/vmh.exe,0,,C:/ProgramFiles/Common Files/Symantec Shared/ccSvcHst.exe,User: testuser-21,Domain: US
<190>May 26 09:50:00 arbor.pravail.ibm.lab pravail-aps: Blocked Host: Blocked host 56.219.18.103 10:53 by TCP Connection Reset using TCP/63534 (Unknown) destination 142.92.23.191 source port 443,URL: https://arbornetworks.pravail.test.com/chaos/
<149>May 26 09:50:02 apple.macosx.ibm.lab sudo:    testuser-51 : TTY=ttyp1 ; PWD=/Users/admin ; USER=admin ;COMMAND=/bin/bash
<190>May 26 09:50:03 arbor.pravail.ibm.lab pravail-aps: Blocked Host: Blocked host 125.83.117.185 at 10:53 by Malformed HTTP Filtering using TCP/80 (HTTP) destination 183.98.124.75 source port 61380,URL: https://arbornetworks.pravail.test.com/chaos/
<26>May 26 09:50:05 ambiron.ipangel.ibm.lab ipangel-ips: [2017-05-26 09:50:05-05] alert [Priority: 9] [119:14:1] [(http_inspect) NON-RFC DEFINED CHAR] 51.18.44.104:64582 TCP 37.40.29.239:80 br0
<25>May 26 09:50:06 ambiron.ipangel.ibm.lab ipangel-ips: [2017-05-26 09:50:06-05] alert [Priority: 9] [116:46:1] [(snort_decoder) WARNING: TCP Data Offset is less than 5!] 30.90.182.58:62261 TCP 56.139.233.240:80 br0
<13>May 26 09:50:08 microsoft.sec.ibm.lab AgentDevice=WindowsLog	AgentLogFile=Security	Source=Security	Computer=COMP-rogueUser-3	User=rogueUser-3	Domain=	EventID=576	EventIDCode=576	EventType=8	EventCategory=2	RecordNumber=886535	TimeGenerated=1495806608	TimeWritten=1495806608	Message=Special privileges assigned to new logon: User Name: rogueUser-3 Domain: us.ibm.com Logon ID: (0x0,0x1117249) Privileges: SeSecurityPrivilege SeBackupPrivilege SeRestorePrivilege SeTakeOwnershipPrivilege SeDebugPrivilege SeSystemEnvironmentPrivilege SeLoadDriverPrivilege SeImpersonatePrivilege
<27>May 26 09:50:09 ambiron.ipangel.ibm.lab ipangel-ips: [2017-05-26 09:50:09-05] alert [Priority: 9] [119:2:1] [(http_inspect) DOUBLE DECODING ATTACK] 9.135.38.229:60433 TCP 47.4.227.196:80 br0
<182>May 26 09:50:11 apache.httpd.ibm.lab httpd: 54.11.145.63 211.59.39.204 - - [26/May/2017:09:50:11 -0500] "ABCD / HTTP/1.1" 501 443 297
<190>May 26 09:50:13 arbor.pravail.ibm.lab pravail-aps: Blocked Host: Blocked host 136.38.97.190 at 10:52 by Invalid Packets using TCP/0 (Unknown) destination 155.19.184.14,URL: https://arbornetworks.pravail.test.com/chaos/
<13>May 26 09:50:14 checkpoint.firewall.ibm.lab 26May2017  checkpoint.firewall.ibm.lab product: SmartDefense; src: 56.219.18.103; s_port: ; dst: 39.97.192.109; service: ; proto: udp; rule: ;Attack Info: Out-of-state DNS reply;Suppressed logs: 143;Total logs: 144;__policy_id_tag: product=VPN-1 & FireWall-1[db_tag={321A4EE6-7DEA-11DD-BFAA-C0A832822626};mgmt=fwmngt05;date=1220908070;policy_name=KillerWhale_gbl];alert: alert;attack: Invalid DNS;has_accounting: 0;i/f_dir: inbound;
<129>May 26 09:50:16 barracuda.firewall.ibm.lab WF ALER METACHARACTER_IN_PARAMETER 137.38.197.140 57852 119.145.209.18 443 security-policy GLOBAL DENY NONE [token="%00 " Parameter="article" value="../../../../../../../../etc/passwd"] GET 119.145.209.18/talkback.cgi?article=../../../../../../../../etc/passwd%00&action=view&matchview=1 HTTPS "-" ""-"" 119.145.209.18 57852 "-" "-"
<27>May 26 09:50:17 ambiron.ipangel.ibm.lab ipangel-ips: [2017-05-26 09:50:17-05] alert [Priority: 9] [119:2:1] [(http_inspect) DOUBLE DECODING ATTACK] 128.234.158.118:56493 TCP 193.129.99.100:80 br0
<13>May 26 09:50:19 checkpoint.firewall.ibm.lab 26May2017 drop checkpoint.firewall.ibm.lab product: VPN-1 &FireWall-1; src: 64.87.88.123; s_port: 58866; dst: 21.243.207.235; service: 138; proto: udp; rule: 323;SmartDefense profile: Default_Protection;__policy_id_tag: product=VPN-1 & FireWall-1[db_tag={48AB8350-7F61-11DD-887D-C0A832D16C6C};mgmt=fwmngt-zentral;date=1221069169;policy_name=Chameleon_gbl];has_accounting: 0;i/f_dir: inbound;i/f_name: eth-s1/s1p1c0;rule_uid: {21D66174-0E19-4B77-A1E9-3473FE991088};
<83>May 26 09:50:20 apple.macosx.ibm.lab com.apple.SecurityServer: authinternal failed to authenticate user testuser-39.
<86>May 26 09:50:22 apple.macosx.ibm.lab com.apple.SecurityServer: authinternal authenticated user testuser-83 (uid 97233).
<26>May 26 09:50:24 ambiron.ipangel.ibm.lab ipangel-ips: [2017-05-26 09:50:24-05] alert [Priority: 9] [119:14:1] [(http_inspect) NON-RFC DEFINED CHAR] 64.87.88.123:57762 TCP 3.106.107.136:80 br0
<14>May 26 09:50:25 Message forwarded from aix.ibm.lab: ftp[random_number_1_to_999999]: ftp: IMPORT user testuser-8, host 113.146.67.20, local test_file, remote /data/savedata/test_file.dat.
<38>May 26 09:50:27 sshd[135856]: Failed none for invalid user testuser-89 from 54.11.145.63 port 56521 ssh2
<25>May 26 09:50:28 ambiron.ipangel.ibm.lab ipangel-ips: [2017-05-26 09:50:28-05] alert [Priority: 9] [116:46:1] [(snort_decoder) WARNING: TCP Data Offset is less than 5!] 83.87.204.105:62192 TCP 31.224.80.25:80 br0
<13>May 26 09:50:30 checkpoint.firewall.ibm.lab 26May2017  checkpoint.firewall.ibm.lab product: SmartDefense; src: 154.102.244.170; s_port: ; dst: 78.216.18.25; service: ; proto: udp; rule: ;Attack Info: Bad domain format, illegal ASCII value in domain;Suppressed logs: 1;Total logs: 2;__policy_id_tag: product=VPN-1 & FireWall-1[db_tag={9B20E8EA-7DE6-11DD-B7D6-C0A832D11E1E};mgmt=fwmngt-zentral;date=1220906528;policy_name=Vulpine_gbl];alert: alert;attack: Invalid DNS;has_accounting: 0;i/f_dir: inbound;
<189>May 26 09:50:31 ['9.9.9.9'] authmgr[504]: <NOTI> login <00:1c:bf:ca:2b:98  30.90.182.58 testuser-84>method=802.1x, server=TEST001, role=Authenticated Update(status 0 method 0 role 16), reauth=1800 sec
<129>May 26 09:50:33 barracuda.firewall.ibm.lab WF ALER SLASH_DOT_IN_URL 120.171.20.155 57724 149.128.194.104 443 security-policy GLOBAL DENY NONE ["-"] GET 149.128.194.104/themes/default/css/.htaccess HTTPS "-" ""-"" 149.128.194.104 44428 "-" "-"
<25>May 26 09:50:34 ambiron.ipangel.ibm.lab ipangel-ips: [2017-05-26 09:50:34-05] alert [Priority: 9] [116:46:1] [(snort_decoder) WARNING: TCP Data Offset is less than 5!] 136.38.97.190:63456 TCP 147.156.82.223:80 br0
<157>May 26 09:50:36 microsoft.event.ibm.lab MSWinEventLog	4	Security	60703	Fri May 26 09:50:36 2017	552	Security	NETWORK SERVICE	Well Known Group	Success Audit	testuser-4	Logon/Logoff		Logon attempt using explicit credentials: Logged on user:  User Name: NETWORK SERVICE  Domain: NT AUTHORITY  Logon ID: (0x0,0x984064)  Logon GUID: -  User whose credentials were used:  Target User Name: testuser-4  Target Domain: us.ibm.com Target Logon GUID: -  Target Server Name: localhost  Target Server Info: localhost  Caller Process ID: 48336  Source Network Address: -  Source Port: - 	56794
<13>May 26 09:50:38 microsoft.sec.ibm.lab AgentDevice=WindowsLog	AgentLogFile=Security	Source=Security	Computer=COMP-rogueUser-4	User=rogueUser-4	Domain=	EventID=672	EventIDCode=672	EventType=8	EventCategory=9	RecordNumber=95166	TimeGenerated=1495806638	TimeWritten=1495806638	Message=Authentication Ticket Request: User Name: rogueUser-4 Supplied Realm Name: us.ibm.com User ID: %{S-1-2-3-1119364} Service Name: krbtgt Service ID: %{S-3-2-1-366A77} Ticket Options: 0x40810010 Result Code: - Ticket Encryption Type: 0x17 Pre-Authentication Type: 2 Client Address: 128.234.158.118 Certificate Issuer Name:  Certificate Serial Number:  Certificate Thumbprint: 
<38>May 26 09:50:39 sshd[114083]: Disconnecting: Too many authentication failures for testuser-94
<157>May 26 09:50:41 microsoft.event.ibm.lab MSWinEventLog	4	Security	60703	Fri May 26 09:50:41 2017	552	Security	NETWORK SERVICE	Well Known Group	Success Audit	testuser-53	Logon/Logoff		Logon attempt using explicit credentials: Logged on user:  User Name: NETWORK SERVICE  Domain: NT AUTHORITY  Logon ID: (0x0,0x1089936)  Logon GUID: -  User whose credentials were used:  Target User Name: testuser-53  Target Domain: us.ibm.com Target Logon GUID: -  Target Server Name: localhost  Target Server Info: localhost  Caller Process ID: 763858  Source Network Address: -  Source Port: - 	56794
<133>May 26 09:50:42 microsoft.event.ibm.lab MSWinEventLog 1 Security 102757633 Fri May 26 09:50:42 2017 4907 Microsoft-Windows-Security-Auditing N/A N/A Success Audit rogueUser-2 Audit Policy Change Auditing settings on object were changed. Subject: Security ID: S-1-5-18 Account Name: rogueUser-2 Account Domain: us.ibm.com Logon ID: 0x1115136 Object: Object Server: Security Object Type: File Object Name: \Windows\winsxs\test.wav Handle ID: 0x3a8 Process Information: Process ID: 0xFD61AC Process Name: C:\Windows\System32\wbengine.exe Auditing Settings: Original Security Descriptor: S:AI(AU;A;;WD) New Security Descriptor: S:ARAI(AU;SAFA;;;;WD)(AU;IDFA;B;;;WD) 901819
<13>May 26 09:50:44 microsoft.sec.ibm.lab AgentDevice=WindowsLog	AgentLogFile=Security	Source=Security	Computer=COMP-rogueUser-3	User=SYSTEM	Domain=	EventID=644	EventIDCode=644	EventType=8	EventCategory=7	RecordNumber=320843	TimeGenerated=1495806644	TimeWritten=1495806644	Message=User Account Locked Out: Target Account Name: rogueUser-3 Target Account ID: %{S-1-2-3-1117249} Caller Machine Name: COMP-CALLER01 Caller User Name: CALLER-01 Caller Domain: us.ibm.com Caller Logon ID: (0x0,0xBA5EBA11)
<157>May 26 09:50:45 microsoft.event.ibm.lab MSWinEventLog	4	Security	60703	Fri May 26 09:50:45 2017	552	Security	NETWORK SERVICE	Well Known Group	Success Audit	rogueUser-3	Logon/Logoff		Logon attempt using explicit credentials: Logged on user:  User Name: NETWORK SERVICE  Domain: NT AUTHORITY  Logon ID: (0x0,0x1117249)  Logon GUID: -  User whose credentials were used:  Target User Name: rogueUser-3  Target Domain: us.ibm.com Target Logon GUID: -  Target Server Name: localhost  Target Server Info: localhost  Caller Process ID: 294139  Source Network Address: -  Source Port: - 	56794
<26>May 26 09:50:47 ambiron.ipangel.ibm.lab ipangel-ips: [2017-05-26 09:50:47-05] alert [Priority: 9] [119:14:1] [(http_inspect) NON-RFC DEFINED CHAR] 165.11.95.213:59975 TCP 154.164.187.107:80 br0
<13>May 26 09:50:49 microsoft.sec.ibm.lab AgentDevice=WindowsLog	AgentLogFile=Security	Source=Security	Computer=COMP-rogueUser-5	User=rogueUser-5	Domain=	EventID=576	EventIDCode=576	EventType=8	EventCategory=2	RecordNumber=770691	TimeGenerated=1495806649	TimeWritten=1495806649	Message=Special privileges assigned to new logon: User Name: rogueUser-5 Domain: us.ibm.com Logon ID: (0x0,0x1121481) Privileges: SeSecurityPrivilege SeBackupPrivilege SeRestorePrivilege SeTakeOwnershipPrivilege SeDebugPrivilege SeSystemEnvironmentPrivilege SeLoadDriverPrivilege SeImpersonatePrivilege
<187>May 26 09:50:50 ['9.9.9.9'] httpd[16986]: [error] [client 56.219.18.103] Invalid URI in request \xf7vMKp`ET&\xa4\x9c\xc9\xec\xd1\xd8j\r\xce\xd9\xd4\xb3\c7
<54>May 26 09:50:52 SymantecServer symantec.endpoint.ibm.lab: testbox-abc,[SID: 21590] P2P Edonkey Ping Message detected.  Traffic has been allowed from this application: C:\Program Files\easyMule\emule.exe,Local: 201.150.192.18,Local: 00218696B978,Remote: ,Remote: 184.167.228.60,Remote: 000000000000,Outbound,OTHERS,Intrusion ID: 0,Begin: 2017-05-26 09:50:52,End: 2017-05-26 09:50:52,Occurrences: 1,Application: C:/Program Files/easyMule/emule.exe,Location: Default,User: testuser-42,Domain: us.ibm.com
<187>May 26 09:50:53 ['9.9.9.9'] httpd[16986]: [error] [client 202.207.224.25] Invalid URI in request \xf7vMKp`ET&\xa4\x9c\xc9\xec\xd1\xd8j\r\xce\xd9\xd4\xb3\c7
<13>May 26 09:50:55 checkpoint.firewall.ibm.lab 26May2017  checkpoint.firewall.ibm.lab product: SmartDefense; src: 79.186.10.120; s_port: ; dst: 103.181.126.208; service: ; proto: icmp; rule: ;Attack Info: Echo request too big;Suppressed logs: 1;Total logs: 2;__policy_id_tag: product=VPN-1 & FireWall-1[db_tag={B5A7057E-7F61-11DD-AA43-C0A832D12424};mgmt=fwmngt-zentral;date=1221069352;policy_name=Spider_gbl];alert: alert;attack: Large ping;has_accounting: 0;i/f_dir: inbound;
<133>May 26 09:50:56 microsoft.event.ibm.lab MSWinEventLog 1 Security 102757633 Fri May 26 09:50:56 2017 4907 Microsoft-Windows-Security-Auditing N/A N/A Success Audit rogueUser-1 Audit Policy Change Auditing settings on object were changed. Subject: Security ID: S-1-5-18 Account Name: rogueUser-1 Account Domain: us.ibm.com Logon ID: 0x1113025 Object: Object Server: Security Object Type: File Object Name: \Windows\winsxs\test.wav Handle ID: 0x3a8 Process Information: Process ID: 0xDF7299 Process Name: C:\Windows\System32\wbengine.exe Auditing Settings: Original Security Descriptor: S:AI(AU;A;;WD) New Security Descriptor: S:ARAI(AU;SAFA;;;;WD)(AU;IDFA;B;;;WD) 117128
<54>May 26 09:50:58 SymantecServer symantec.endpoint.ibm.lab: Potential risk found,Computer name: COMP-1096209,Detection type: Heuristic,Application name: (Unknown),Application type: Trojan Worm,Application version: ,Hash type: SHA-1,Application hash: 72c874f212a18944ff56f774bfe7252346b93f8e,Company name: ,File size (bytes): 301568,Sensitivity: 0,Detection score: 40,Submission recommendation:1,Permitted application reason: 0,Source: Heuristic Scan,Risk name: ,Occurrences: 1,c:\claims\claims32.exe,"",Actual action: Left alone,Requested action: Left alone,Secondary action: Left alone,Event time: 2017-05-26 09:50:58,Inserted:2017-05-26 09:50:58,End:  2017-05-26 09:50:58,Domain: Default,Group: My Company\LTC\Desktops,Server: crasesssmc01,User: testuser-56,Source computer: ,Source IP: 0.0.0.0
<13>May 26 09:51:00 checkpoint.firewall.ibm.lab 26May2017 reject checkpoint.firewall.ibm.lab product: VPN-1 & FireWall-1; src: 202.207.224.25; s_port: 57725; dst: 89.237.106.226; service: 113; proto: tcp; rule: 14;SmartDefense profile: Default_Protection;__policy_id_tag: product=VPN-1 & FireWall-1[db_tag={25E5B8F6-79E7-11DD-941A-C0A832D00C0C};mgmt=fwmngt-wuv;date=1220466957;policy_name=rhino_gbl];has_accounting: 0;i/f_dir: inbound;i/f_name: eth-s2/s1p1c0;rule_uid: {9C96B325-D976-4A30-8685-9ED61018A6E7};service_id: gident;
<38>May 26 09:51:01 sshd[688317]: Failed password for invalid user testuser-15 from 35.190.214.45 port 61859 ssh2
<13>May 26 09:51:03 checkpoint.firewall.ibm.lab 26May2017 drop checkpoint.firewall.ibm.lab product: SmartDefense; src: 212.2.111.4; s_port: 57213; dst: 165.43.190.47; service: 443; proto: tcp; rule: 392;Attack Info: TCP segment out of maximum allowed sequence. Packet dropped.;Confidence Level: 0;Performance Impact: 0;Protection Name: TCP Segment Limit Enforcement;Protection Type: settings_tcp;Severity: 0;SmartDefense Profile: Boticario_DMZ_Protection;__policy_id_tag: product=VPN-1 & FireWall-1[db_tag={E94ECB65-34C0-4740-9634-761E1604C8BC};mgmt=SJP1PLNX036-DMZ;date=1424714440;policy_name=DMZ];attack: Streaming Engine: TCP Segment Limit Enforcement;has_accounting: 0;i/f_dir: inbound;i/f_name: eth2-01.2809;origin_sic_name: CN=TEST-DMZ1,O=log_server_hostname;protection_id: tcp_segment_limit;rule_uid: {499DBB08-D262-4D9F-B639-5337A7B36E59};snid: 7572c682;src_machine_name: COMP-testuser-59;src_user_name: testuser-59 ;user: testuser-59 ;
<189>May 26 09:51:04 ['9.9.9.9'] authmgr[504]: <NOTI> login <00:1c:bf:ca:2b:98  125.83.117.185 testuser-14>method=802.1x, server=TEST001, role=Authenticated Update(status 0 method 0 role 16), reauth=1800 sec
<157>May 26 09:51:06 microsoft.event.ibm.lab MSWinEventLog	4	Security	60703	Fri May 26 09:51:06 2017	552	Security	NETWORK SERVICE	Well Known Group	Success Audit	testuser-25	Logon/Logoff		Logon attempt using explicit credentials: Logged on user:  User Name: NETWORK SERVICE  Domain: NT AUTHORITY  Logon ID: (0x0,0x1087849)  Logon GUID: -  User whose credentials were used:  Target User Name: testuser-25  Target Domain: us.ibm.com Target Logon GUID: -  Target Server Name: localhost  Target Server Info: localhost  Caller Process ID: 84993  Source Network Address: -  Source Port: - 	56794
<129>May 26 09:51:07 barracuda.firewall.ibm.lab WF ALER CROSS_SITE_SCRIPTING_IN_PARAM 201.150.192.18 50186 21.246.194.189 443 security-policy GLOBAL DENY NONE [type="cross-site-scripting" pattern="script-tag" token="<script>" Parameter="url" value="<script>alert(5341)</script>"] GET 21.246.194.189/redirect.asp?url=<script>alert(5341)</script> HTTPS "-" ""-"" 21.246.194.189 59845 "-" "-"
<28>May 26 09:51:09 Message forwarded from aix.ibm.lab: rshd[random_number_1_to_999999]: Failed rsh authentication from 212.2.111.4 for local user root via remote user testuser-86
<13>May 26 09:51:10 microsoft.sec.ibm.lab AgentDevice=WindowsLog	AgentLogFile=Security	Source=Security	Computer=COMP-testuser-77	User=testuser-77	Domain=	EventID=529	EventIDCode=529	EventType=16	EventCategory=2	RecordNumber=291981	TimeGenerated=1495806670	TimeWritten=1495806670	Message=Successful Network Logon: User Name: Domain: Logon ID: (0x0,0x1102500) Logon Type: 3 Logon Process: NtLmSsp Authentication Package: NTLM Workstation Name: COMP-testuser-77 Logon GUID: - Caller User Name: - Caller Domain: - Caller Logon ID: - Caller Process ID: - Transited Services: - Source Network Address: 87.89.130.68 Source Port: 0
<190>May 26 09:51:12 arbor.pravail.ibm.lab pravail-aps: Blocked Host: Blocked host 218.111.178.29 at 10:53 by Malformed HTTP Filtering using TCP/80 (HTTP) destination 114.157.167.99 source port 59522,URL: https://arbornetworks.pravail.test.com/chaos/
<157>May 26 09:51:14 microsoft.event.ibm.lab MSWinEventLog	4	Security	60703	Fri May 26 09:51:14 2017	552	Security	NETWORK SERVICE	Well Known Group	Success Audit	testuser-50	Logon/Logoff		Logon attempt using explicit credentials: Logged on user:  User Name: NETWORK SERVICE  Domain: NT AUTHORITY  Logon ID: (0x0,0x1083681)  Logon GUID: -  User whose credentials were used:  Target User Name: testuser-50  Target Domain: us.ibm.com Target Logon GUID: -  Target Server Name: localhost  Target Server Info: localhost  Caller Process ID: 995756  Source Network Address: -  Source Port: - 	56794
<129>May 26 09:51:15 barracuda.firewall.ibm.lab WF ALER SLASH_DOT_IN_URL 51.18.44.104 64906 59.19.133.180 443 security-policy GLOBAL DENY NONE ["-"] GET 59.19.133.180/themes/default/css/.htaccess HTTPS "-" ""-"" 59.19.133.180 44428 "-" "-"
<157>May 26 09:51:17 microsoft.event.ibm.lab MSWinEventLog	4	Security	60703	Fri May 26 09:51:17 2017	552	Security	NETWORK SERVICE	Well Known Group	Success Audit	testuser-86	Logon/Logoff		Logon attempt using explicit credentials: Logged on user:  User Name: NETWORK SERVICE  Domain: NT AUTHORITY  Logon ID: (0x0,0x1102500)  Logon GUID: -  User whose credentials were used:  Target User Name: testuser-86  Target Domain: us.ibm.com Target Logon GUID: -  Target Server Name: localhost  Target Server Info: localhost  Caller Process ID: 733625  Source Network Address: -  Source Port: - 	56794
<13>May 26 09:51:18 microsoft.sec.ibm.lab AgentDevice=WindowsLog	AgentLogFile=Security	Source=Security	Computer=COMP-testuser-87	User=testuser-87	Domain=	EventID=680	EventIDCode=680	EventType=16	EventCategory=9	RecordNumber=762199	TimeGenerated=1495806678	TimeWritten=1495806678	Message=Logon attempt by: MICROSOFT_AUTHENTICATION_PACKAGE_V1_0 Logon account: testuser-87 Source Workstation: COMP-testuser-87 Error Code: 0x0 
<129>May 26 09:51:20 barracuda.firewall.ibm.lab WF ALER CROSS_SITE_SCRIPTING_IN_PARAM 201.150.192.18 54281 69.254.111.240 443 security-policy GLOBAL DENY NONE [type="cross-site-scripting" pattern="script-tag" token="<script>" Parameter="url" value="<script>alert(5341)</script>"] GET 69.254.111.240/redirect.asp?url=<script>alert(5341)</script> HTTPS "-" ""-"" 69.254.111.240 59845 "-" "-"
<54>May 26 09:51:21 SymantecServer symantec.endpoint.ibm.lab: Potential risk found,Computer name: COMP-1087849,Detection type: Heuristic,Application name: (Unknown),Application type: Trojan Worm,Application version: ,Hash type: SHA-1,Application hash: 72c874f212a18944ff56f774bfe7252346b93f8e,Company name: ,File size (bytes): 301568,Sensitivity: 0,Detection score: 40,Submission recommendation:1,Permitted application reason: 0,Source: Heuristic Scan,Risk name: ,Occurrences: 1,c:\claims\claims32.exe,"",Actual action: Left alone,Requested action: Left alone,Secondary action: Left alone,Event time: 2017-05-26 09:51:21,Inserted:2017-05-26 09:51:21,End:  2017-05-26 09:51:21,Domain: Default,Group: My Company\LTC\Desktops,Server: crasesssmc01,User: testuser-43,Source computer: ,Source IP: 0.0.0.0
<133>May 26 09:51:23 microsoft.event.ibm.lab MSWinEventLog 1 Security 102757633 Fri May 26 09:51:23 2017 4907 Microsoft-Windows-Security-Auditing N/A N/A Success Audit rogueUser-5 Audit Policy Change Auditing settings on object were changed. Subject: Security ID: S-1-5-18 Account Name: rogueUser-5 Account Domain: us.ibm.com Logon ID: 0x1121481 Object: Object Server: Security Object Type: File Object Name: \Windows\winsxs\test.wav Handle ID: 0x3a8 Process Information: Process ID: 0xD92A14 Process Name: C:\Windows\System32\wbengine.exe Auditing Settings: Original Security Descriptor: S:AI(AU;A;;WD) New Security Descriptor: S:ARAI(AU;SAFA;;;;WD)(AU;IDFA;B;;;WD) 121200
<13>May 26 09:51:25 checkpoint.firewall.ibm.lab 26May2017  checkpoint.firewall.ibm.lab product: martDefense; src: 137.38.197.140; s_port: ; dst: 60.4.240.69; service: ; proto: udp; rule: ;Attack Info: Response packet too long, potential buffer overflow;Suppressed logs: 5;Total logs: 6;__policy_id_tag: product=VPN-1 & FireWall-1[db_tag={321A4EE6-7DEA-11DD-BFAA-C0A832822626};mgmt=fwmngt05;date=1220908070;policy_name=KillerWhale_gbl];alert: alert;attack: Invalid DNS;has_accounting: 0;i/f_dir: inbound;
<189>May 26 09:51:26 ['9.9.9.9'] authmgr[504]: <NOTI> login <00:1c:bf:ca:2b:98  218.111.178.29 testuser-54>method=802.1x, server=TEST001, role=Authenticated Update(status 0 method 0 role 16), reauth=1800 sec
<129>May 26 09:51:28 barracuda.firewall.ibm.lab WF ALER SLASH_DOT_IN_URL 83.87.204.105 54261 19.82.86.242 443 security-policy GLOBAL DENY NONE ["-"] GET 19.82.86.242/themes/default/css/.htaccess HTTPS "-" ""-"" 19.82.86.242 44428 "-" "-"
<187>May 26 09:51:29 ['9.9.9.9'] httpd[16986]: [error] [client 54.11.145.63] Invalid URI in request \xf7vMKp`ET&\xa4\x9c\xc9\xec\xd1\xd8j\r\xce\xd9\xd4\xb3\c7
<54>May 26 09:51:31 SymantecServer symantec.endpoint.ibm.lab: Security risk found,Computer name: COMP-1089936,Source: Scheduled Scan,Risk name: VirusDoctor,Occurrences: 1,c:/System Volume Information/_restore{A3F5C2A3-F289-4356-B021-1FEFEFB73CBD}/RP243/A0070465.exe,"",Actual action: Quarantined,Requested action: Quarantined,Secondary action: Left alone,Event time: 2017-05-26 09:51:31,Inserted:2017-05-26 09:51:31,End: 2017-05-26 09:51:31,Domain: Default,Group: My Company	est,Server: avp1,User: testuser-26,Source computer:  ,Source IP: 0.0.0.0
<27>May 26 09:51:32 ambiron.ipangel.ibm.lab ipangel-ips: [2017-05-26 09:51:32-05] alert [Priority: 9] [119:2:1] [(http_inspect) DOUBLE DECODING ATTACK] 212.2.111.4:50416 TCP 194.26.90.149:80 br0
<54>May 26 09:51:34 SymantecServer symantec.endpoint.ibm.lab: testbox-abc,[SID: 21590] P2P Edonkey Ping Message detected.  Traffic has been allowed from this application: C:\Program Files\easyMule\emule.exe,Local: 165.11.95.213,Local: 00218696B978,Remote: ,Remote: 71.206.70.179,Remote: 000000000000,Outbound,OTHERS,Intrusion ID: 0,Begin: 2017-05-26 09:51:34,End: 2017-05-26 09:51:34,Occurrences: 1,Application: C:/Program Files/easyMule/emule.exe,Location: Default,User: testuser-74,Domain: us.ibm.com
<13>May 26 09:51:36 microsoft.sec.ibm.lab AgentDevice=WindowsLog	AgentLogFile=Security	Source=Security	Computer=COMP-rogueUser-5	User=rogueUser-5	Domain=	EventID=672	EventIDCode=672	EventType=8	EventCategory=9	RecordNumber=161330	TimeGenerated=1495806696	TimeWritten=1495806696	Message=Authentication Ticket Request: User Name: rogueUser-5 Supplied Realm Name: us.ibm.com User ID: %{S-1-2-3-1121481} Service Name: krbtgt Service ID: %{S-3-2-1-77D7E3} Ticket Options: 0x40810010 Result Code: - Ticket Encryption Type: 0x17 Pre-Authentication Type: 2 Client Address: 15.83.16.235 Certificate Issuer Name:  Certificate Serial Number:  Certificate Thumbprint: 
<33>May 26 09:51:37 threecom.switch.ibm.lab %May 26 09:51:37 2017 S9500 PORTAL/5/PT_LOG: Online user 54.11.145.63 changes to 141.203.198.160, we will cut it off as using traffic-acct.
<133>May 26 09:51:39 microsoft.event.ibm.lab MSWinEventLog 1 Security 102757633 Fri May 26 09:51:39 2017 4907 Microsoft-Windows-Security-Auditing N/A N/A Success Audit testuser-33 Audit Policy Change Auditing settings on object were changed. Subject: Security ID: S-1-5-18 Account Name: testuser-33 Account Domain: us.ibm.com Logon ID: 0x1085764 Object: Object Server: Security Object Type: File Object Name: \Windows\winsxs\test.wav Handle ID: 0x3a8 Process Information: Process ID: 0x9B6761 Process Name: C:\Windows\System32\wbengine.exe Auditing Settings: Original Security Descriptor: S:AI(AU;A;;WD) New Security Descriptor: S:ARAI(AU;SAFA;;;;WD)(AU;IDFA;B;;;WD) 996060
<54>May 26 09:51:40 SymantecServer symantec.endpoint.ibm.lab: DCA-EMAPROJ2,Allowed,"C:\Program Files\Common Files\Symantec Shared\ccSvcHst.exe",,Begin: 2017-05-26 09:51:40,End:2017-05-26 09:51:40,Rule: ,2528,C:/Program Files/Microsoft Virtual Server/vmh.exe,0,,C:/ProgramFiles/Common Files/Symantec Shared/ccSvcHst.exe,User: testuser-43,Domain: US
<14>May 26 09:51:42 Message forwarded from aix.ibm.lab: ftp[random_number_1_to_999999]: ftp: IMPORT user testuser-99, host 154.102.244.170, local test_file, remote /data/savedata/test_file.dat.
<33>May 26 09:51:43 threecom.switch.ibm.lab %May 26 09:51:43 2017 S9500 FTPS/5/USERIN: User testuser-39(30.90.182.58) login succeeded
<129>May 26 09:51:45 barracuda.firewall.ibm.lab WF ALER CROSS_SITE_SCRIPTING_IN_PARAM 125.83.117.185 60785 93.171.172.106 443 security-policy GLOBAL DENY NONE [type="cross-site-scripting" pattern="script-tag" token="<script>" Parameter="url" value="<script>alert(5341)</script>"] GET 93.171.172.106/redirect.asp?url=<script>alert(5341)</script> HTTPS "-" ""-"" 93.171.172.106 59845 "-" "-"
<27>May 26 09:51:46 ambiron.ipangel.ibm.lab ipangel-ips: [2017-05-26 09:51:46-05] alert [Priority: 9] [119:2:1] [(http_inspect) DOUBLE DECODING ATTACK] 120.171.20.155:60252 TCP 11.132.2.22:80 br0
<129>May 26 09:51:48 barracuda.firewall.ibm.lab WF ALER METACHARACTER_IN_PARAMETER 79.186.10.120 56144 116.110.56.152 443 security-policy GLOBAL DENY NONE [token="%00 " Parameter="article" value="../../../../../../../../etc/passwd"] GET 116.110.56.152/talkback.cgi?article=../../../../../../../../etc/passwd%00&action=view&matchview=1 HTTPS "-" ""-"" 116.110.56.152 56144 "-" "-"
<157>May 26 09:51:50 microsoft.event.ibm.lab MSWinEventLog	4	Security	60703	Fri May 26 09:51:50 2017	552	Security	NETWORK SERVICE	Well Known Group	Success Audit	testuser-89	Logon/Logoff		Logon attempt using explicit credentials: Logged on user:  User Name: NETWORK SERVICE  Domain: NT AUTHORITY  Logon ID: (0x0,0x1108809)  Logon GUID: -  User whose credentials were used:  Target User Name: testuser-89  Target Domain: us.ibm.com Target Logon GUID: -  Target Server Name: localhost  Target Server Info: localhost  Caller Process ID: 228836  Source Network Address: -  Source Port: - 	56794
<129>May 26 09:51:51 barracuda.firewall.ibm.lab WF ALER SLASH_DOT_IN_URL 202.207.224.25 54372 196.37.95.98 443 security-policy GLOBAL DENY NONE ["-"] GET 196.37.95.98/themes/default/css/.htaccess HTTPS "-" ""-"" 196.37.95.98 44428 "-" "-"
<28>May 26 09:51:53 Message forwarded from aix.ibm.lab: rshd[random_number_1_to_999999]: Failed rsh authentication from 30.90.182.58 for local user root via remote user testuser-39
<86>May 26 09:51:54 apple.macosx.ibm.lab com.apple.SecurityServer: uid 101425 succeeded authenticating as user admin (uid 501) for right system.install.root.user.
<190>May 26 09:51:56 arbor.pravail.ibm.lab pravail-aps: Blocked Host: Blocked host 56.219.18.103 at 10:52 by Invalid Packets using TCP/0 (Unknown) destination 213.128.248.254,URL: https://arbornetworks.pravail.test.com/chaos/
<38>May 26 09:51:57 sshd[241908]: Disconnecting: Too many authentication failures for testuser-86
<190>May 26 09:51:59 arbor.pravail.ibm.lab pravail-aps: Blocked Host: Blocked host 99.123.52.13 10:53 by TCP Connection Reset using TCP/54182 (Unknown) destination 138.118.96.169 source port 443,URL: https://arbornetworks.pravail.test.com/chaos/
<39>May 26 09:52:01 Message forwarded from aix.ibm.lab: testuser-31 PAM: pam_authenticate: error Authentication failed
<83>May 26 09:52:02 apple.macosx.ibm.lab sshd[5590]: error: PAM: Authentication failure for illegal user testuser-1 from 66.12.7.34<13>May 26 09:52:04 microsoft.sec.ibm.lab AgentDevice=WindowsLog	AgentLogFile=Security	Source=Security	Computer=COMP-testuser-77	User=testuser-77	Domain=	EventID=675	EventIDCode=675	EventType=16	EventCategory=9	RecordNumber=294643	TimeGenerated=1495806724	TimeWritten=1495806724	Message=Pre-authentication failed: User Name: testuser-77 User ID: %{S-1-2-3-1102500} Service Name: krbtgt Pre-Authentication Type: 0x2 Failure Code: 0x18 Client Address: 212.2.111.4 
<129>May 26 09:52:05 barracuda.firewall.ibm.lab WF ALER METHOD_NOT_ALLOWED 147.198.103.40 58715 38.8.44.81 80 security-policy GLOBAL DENY NONE [Method="ABCD"] ABCD 38.8.44.81/ HTTP "-" ""-"" 38.8.44.81 48536 "-" "-"
<86>May 26 09:52:07 apple.macosx.ibm.lab com.apple.SecurityServer: authinternal authenticated user testuser-20 (uid 78468).
<13>May 26 09:52:08 checkpoint.firewall.ibm.lab 26May2017 drop checkpoint.firewall.ibm.lab product: VPN-1 &FireWall-1; src: 213.39.172.85; s_port: 57596; dst: 156.121.173.56; service: 138; proto: udp; rule: 323;SmartDefense profile: Default_Protection;__policy_id_tag: product=VPN-1 & FireWall-1[db_tag={48AB8350-7F61-11DD-887D-C0A832D16C6C};mgmt=fwmngt-zentral;date=1221069169;policy_name=Chameleon_gbl];has_accounting: 0;i/f_dir: inbound;i/f_name: eth-s1/s1p1c0;rule_uid: {21D66174-0E19-4B77-A1E9-3473FE991088};
<182>May 26 09:52:10 apache.httpd.ibm.lab httpd: 201.150.192.18 165.40.253.86 - - [26/May/2017:09:52:10 -0500] "GET / HTTP/1.0" 200 443 9334
<13>May 26 09:52:12 checkpoint.firewall.ibm.lab 26May2017 drop checkpoint.firewall.ibm.lab product: VPN-1 &FireWall-1; src: 30.90.182.58; s_port: 53315; dst: 111.133.62.221; service: 138; proto: udp; rule: 323;SmartDefense profile: Default_Protection;__policy_id_tag: product=VPN-1 & FireWall-1[db_tag={48AB8350-7F61-11DD-887D-C0A832D16C6C};mgmt=fwmngt-zentral;date=1221069169;policy_name=Chameleon_gbl];has_accounting: 0;i/f_dir: inbound;i/f_name: eth-s1/s1p1c0;rule_uid: {21D66174-0E19-4B77-A1E9-3473FE991088};
<129>May 26 09:52:13 barracuda.firewall.ibm.lab WF ALER METACHARACTER_IN_PARAMETER 79.186.10.120 57979 108.123.7.99 443 security-policy GLOBAL DENY NONE [token="%00 " Parameter="article" value="../../../../../../../../etc/passwd"] GET 108.123.7.99/talkback.cgi?article=../../../../../../../../etc/passwd%00&action=view&matchview=1 HTTPS "-" ""-"" 108.123.7.99 57979 "-" "-"
<38>May 26 09:52:15 sshd[829386]: input_userauth_request: invalid user testuser-72
<182>May 26 09:52:16 apache.httpd.ibm.lab httpd: 165.11.95.213 88.44.107.67 - - [26/May/2017:09:52:16 -0500] "POST /test.php?doing_test=123 HTTP/1.0" 404 80 282
<190>May 26 09:52:18 arbor.pravail.ibm.lab pravail-aps: Blocked Host: Blocked host 165.11.95.213 at 10:52 by Invalid Packets using TCP/0 (Unknown) destination 41.209.91.181,URL: https://arbornetworks.pravail.test.com/chaos/
<129>May 26 09:52:19 barracuda.firewall.ibm.lab WF ALER CROSS_SITE_SCRIPTING_IN_PARAM 30.90.182.58 61092 38.74.150.205 443 security-policy GLOBAL DENY NONE [type="cross-site-scripting" pattern="script-tag" token="<script>" Parameter="url" value="<script>alert(5341)</script>"] GET 38.74.150.205/redirect.asp?url=<script>alert(5341)</script> HTTPS "-" ""-"" 38.74.150.205 59845 "-" "-"
<54>May 26 09:52:21 SymantecServer symantec.endpoint.ibm.lab: Security risk found,Computer name: COMP-1100401,Source: Scheduled Scan,Risk name: VirusDoctor,Occurrences: 1,c:/System Volume Information/_restore{A3F5C2A3-F289-4356-B021-1FEFEFB73CBD}/RP243/A0070465.exe,"",Actual action: Quarantined,Requested action: Quarantined,Secondary action: Left alone,Event time: 2017-05-26 09:52:21,Inserted:2017-05-26 09:52:21,End: 2017-05-26 09:52:21,Domain: Default,Group: My Company	est,Server: avp1,User: testuser-94,Source computer:  ,Source IP: 0.0.0.0
<38>May 26 09:52:22 sshd[random_number_1_to_999999]: Accepted publickey for rogueUser-4 from 128.234.158.118 port 62682 ssh2
<13>May 26 09:52:24 microsoft.sec.ibm.lab AgentDevice=WindowsLog	AgentLogFile=Security	Source=Security	Computer=COMP-testuser-30	User=testuser-30	Domain=	EventID=675	EventIDCode=675	EventType=16	EventCategory=9	RecordNumber=375671	TimeGenerated=1495806744	TimeWritten=1495806744	Message=Pre-authentication failed: User Name: testuser-30 User ID: %{S-1-2-3-1079521} Service Name: krbtgt Pre-Authentication Type: 0x2 Failure Code: 0x18 Client Address: 202.207.224.25 
<25>May 26 09:52:26 ambiron.ipangel.ibm.lab ipangel-ips: [2017-05-26 09:52:26-05] alert [Priority: 9] [116:46:1] [(snort_decoder) WARNING: TCP Data Offset is less than 5!] 79.186.10.120:61425 TCP 101.187.61.36:80 br0
<38>May 26 09:52:27 syslog: ssh: failed login attempt for testuser-95 from 212.2.111.4
<86>May 26 09:52:29 apple.macosx.ibm.lab com.apple.SecurityServer: uid 116160 succeeded authenticating as user admin (uid 501) for right system.install.root.user.
<26>May 26 09:52:30 ambiron.ipangel.ibm.lab ipangel-ips: [2017-05-26 09:52:30-05] alert [Priority: 9] [119:14:1] [(http_inspect) NON-RFC DEFINED CHAR] 20.135.51.253:53640 TCP 71.32.100.247:80 br0
<190>May 26 09:52:32 arbor.pravail.ibm.lab pravail-aps: Blocked Host: Blocked host 30.90.182.58 at 10:52 by Invalid Packets using TCP/0 (Unknown) destination 187.173.144.45,URL: https://arbornetworks.pravail.test.com/chaos/
<27>May 26 09:52:33 ambiron.ipangel.ibm.lab ipangel-ips: [2017-05-26 09:52:33-05] alert [Priority: 9] [119:2:1] [(http_inspect) DOUBLE DECODING ATTACK] 212.2.111.4:60137 TCP 82.243.158.118:80 br0
<33>May 26 09:52:35 threecom.switch.ibm.lab %May 26 09:52:35 2017 S9500 VTY/5/VTY_LOG:  TELNET user failed to login from 165.11.95.213(000D-88F6-60E0) on VTY0.
<129>May 26 09:52:37 barracuda.firewall.ibm.lab WF ALER METHOD_NOT_ALLOWED 120.171.20.155 62866 131.76.156.156 80 security-policy GLOBAL DENY NONE [Method="ABCD"] ABCD 131.76.156.156/ HTTP "-" ""-"" 131.76.156.156 48536 "-" "-"
<133>May 26 09:52:38 microsoft.event.ibm.lab MSWinEventLog 1 Security 102757633 Fri May 26 09:52:38 2017 4907 Microsoft-Windows-Security-Auditing N/A N/A Success Audit testuser-50 Audit Policy Change Auditing settings on object were changed. Subject: Security ID: S-1-5-18 Account Name: testuser-50 Account Domain: us.ibm.com Logon ID: 0x1083681 Object: Object Server: Security Object Type: File Object Name: \Windows\winsxs\test.wav Handle ID: 0x3a8 Process Information: Process ID: 0xB69C90 Process Name: C:\Windows\System32\wbengine.exe Auditing Settings: Original Security Descriptor: S:AI(AU;A;;WD) New Security Descriptor: S:ARAI(AU;SAFA;;;;WD)(AU;IDFA;B;;;WD) 971483
<189>May 26 09:52:40 ['9.9.9.9'] authmgr[504]: <NOTI> login <00:1c:bf:ca:2b:98  64.87.88.123 testuser-10>method=802.1x, server=TEST001, role=Authenticated Update(status 0 method 0 role 16), reauth=1800 sec
<189>May 26 09:52:41 ['9.9.9.9'] authmgr[504]: <NOTI> login <00:1c:bf:ca:2b:98  218.111.178.29 testuser-81>method=802.1x, server=TEST001, role=Authenticated Update(status 0 method 0 role 16), reauth=1800 sec
<13>May 26 09:52:43 microsoft.sec.ibm.lab AgentDevice=WindowsLog	AgentLogFile=Security	Source=Security	Computer=COMP-rogueUser-3	User=rogueUser-3	Domain=	EventID=672	EventIDCode=672	EventType=16	EventCategory=9	RecordNumber=638405	TimeGenerated=1495806763	TimeWritten=1495806763	Message=Authentication Ticket Request: User Name: rogueUser-3 Supplied Realm Name: us.ibm.com User ID: %{S-1-2-3-1117249} Service Name: krbtgt Service ID: %{S-3-2-1-D9CEE8} Ticket Options: 0x40810010 Result Code: - Ticket Encryption Type: 0x17 Pre-Authentication Type: 2 Client Address: 24.99.82.186 Certificate Issuer Name:  Certificate Serial Number:  Certificate Thumbprint: 
<190>May 26 09:52:44 arbor.pravail.ibm.lab pravail-aps: Blocked Host: Blocked host 33.195.94.29 10:53 by TCP Connection Reset using TCP/55747 (Unknown) destination 145.5.71.153 source port 443,URL: https://arbornetworks.pravail.test.com/chaos/
<182>May 26 09:52:46 apache.httpd.ibm.lab httpd: 218.111.178.29 171.118.134.221 - - [26/May/2017:09:52:46 -0500] "HEAD / HTTP/1.1" 200 443 -
<27>May 26 09:52:48 ambiron.ipangel.ibm.lab ipangel-ips: [2017-05-26 09:52:48-05] alert [Priority: 9] [119:2:1] [(http_inspect) DOUBLE DECODING ATTACK] 51.18.44.104:50720 TCP 180.118.112.205:80 br0
<190>May 26 09:52:49 arbor.pravail.ibm.lab pravail-aps: Blocked Host: Blocked host 165.11.95.213 at 10:52 by Invalid Packets using TCP/0 (Unknown) destination 82.243.228.4,URL: https://arbornetworks.pravail.test.com/chaos/
<133>May 26 09:52:51 microsoft.event.ibm.lab MSWinEventLog 1 Security 102757633 Fri May 26 09:52:51 2017 4907 Microsoft-Windows-Security-Auditing N/A N/A Success Audit testuser-17 Audit Policy Change Auditing settings on object were changed. Subject: Security ID: S-1-5-18 Account Name: testuser-17 Account Domain: us.ibm.com Logon ID: 0x1089936 Object: Object Server: Security Object Type: File Object Name: \Windows\winsxs\test.wav Handle ID: 0x3a8 Process Information: Process ID: 0x373C9C Process Name: C:\Windows\System32\wbengine.exe Auditing Settings: Original Security Descriptor: S:AI(AU;A;;WD) New Security Descriptor: S:ARAI(AU;SAFA;;;;WD)(AU;IDFA;B;;;WD) 222100
<38>May 26 09:52:52 sshd[609536]: Failed password for invalid user testuser-87 from 93.91.119.53 port 51306 ssh2
<50>May 26 09:52:54 SymantecServer symantec.endpoint.ibm.lab: testbox-xyz,[SID: 70025] Web Attack: Blackhole Exploit Toolkit 2 attack blocked. Traffic has been blocked for this application: C:\Program Files\Internet Explorer\iexplore.exe,Local: 0.0.0.0,Local: 000000000000,Remote: ,Remote: 0.0.0.0,Remote: 000000000000,Inbound,OTHERS,,Begin: 2017-05-26 09:52:54,End: 2017-05-26 09:52:54,Occurrences: 1,Application: C:/Program Files/Internet Explorer/iexplore.exe,Location: Default,User: testuser-60,Domain: SIMON,!ExternalLoggingTask.localport! 0,!ExternalLoggingTask.remoteport! 0,!ExternalLoggingTask.cidssignid! 70025,!ExternalLoggingTask.strcidssignid! Web Attack: Blackhole Exploit Toolkit 2,!ExternalLoggingTask.cidssignsubid! 0,!ExternalLoggingTask.intrusionurl! http://pppptttt.blah.net/links/came_broadcasting_taking-various.php,!ExternalLoggingTask.intrusionpayloadurl!
<190>May 26 09:52:55 arbor.pravail.ibm.lab pravail-aps: Blocked Host: Blocked host 33.195.94.29 at 10:53 by Malformed HTTP Filtering using TCP/80 (HTTP) destination 30.170.190.64 source port 56087,URL: https://arbornetworks.pravail.test.com/chaos/
<13>May 26 09:52:57 checkpoint.firewall.ibm.lab 26May2017 drop checkpoint.firewall.ibm.lab product: VPN-1 &FireWall-1; src: 218.111.178.29; s_port: 57962; dst: 32.60.139.175; service: 138; proto: udp; rule: 323;SmartDefense profile: Default_Protection;__policy_id_tag: product=VPN-1 & FireWall-1[db_tag={48AB8350-7F61-11DD-887D-C0A832D16C6C};mgmt=fwmngt-zentral;date=1221069169;policy_name=Chameleon_gbl];has_accounting: 0;i/f_dir: inbound;i/f_name: eth-s1/s1p1c0;rule_uid: {21D66174-0E19-4B77-A1E9-3473FE991088};
<190>May 26 09:52:58 arbor.pravail.ibm.lab pravail-aps: Blocked Host: Blocked host 120.171.20.155 at 10:52 by Invalid Packets using TCP/0 (Unknown) destination 35.94.124.190,URL: https://arbornetworks.pravail.test.com/chaos/
<33>May 26 09:53:00 threecom.switch.ibm.lab %May 26 09:53:00 2017 S9500 RTA/3/Failed to start accounting: Failed to start traffic accounting for user 137.38.197.140 on board 6
<190>May 26 09:53:02 arbor.pravail.ibm.lab pravail-aps: Blocked Host: Blocked host 113.146.67.20 at 10:52 by Invalid Packets using TCP/0 (Unknown) destination 208.170.142.44,URL: https://arbornetworks.pravail.test.com/chaos/
<54>May 26 09:53:03 SymantecServer symantec.endpoint.ibm.lab: CNC2PSY9D1,Allowed,Sysfer exception: .\RegParamEngine.cpp 1152 Failed to read value DeviceInstance from key \Registry\Machine\SYSTEM\CurrentControlSet\Control\DeviceClasses\{53f56307-b6bf-11d0-94f2-00a0c91efb8b}\##?#IDE#DiskWDC_WD800JD-75MSA3______________________10.01E04#5&,Sysfer exception,Begin: 2017-05-26 09:53:03,End: 2017-05-26 09:53:03,Rule: Sysfer exception,3592,C:/Program Files/Cisco Systems/CSAgent/bin/okclient.exe,0,,,User: testuser-79,Domain: US
<133>May 26 09:53:05 microsoft.event.ibm.lab MSWinEventLog 1 Security 102757633 Fri May 26 09:53:05 2017 4907 Microsoft-Windows-Security-Auditing N/A N/A Success Audit testuser-32 Audit Policy Change Auditing settings on object were changed. Subject: Security ID: S-1-5-18 Account Name: testuser-32 Account Domain: us.ibm.com Logon ID: 0x1083681 Object: Object Server: Security Object Type: File Object Name: \Windows\winsxs\test.wav Handle ID: 0x3a8 Process Information: Process ID: 0x42DB68 Process Name: C:\Windows\System32\wbengine.exe Auditing Settings: Original Security Descriptor: S:AI(AU;A;;WD) New Security Descriptor: S:ARAI(AU;SAFA;;;;WD)(AU;IDFA;B;;;WD) 47844
<33>May 26 09:53:06 threecom.switch.ibm.lab %May 26 09:53:06 2017 S9500 FTPS/5/USERIN: User testuser-34(56.219.18.103) login succeeded
<26>May 26 09:53:08 ambiron.ipangel.ibm.lab ipangel-ips: [2017-05-26 09:53:08-05] alert [Priority: 9] [119:14:1] [(http_inspect) NON-RFC DEFINED CHAR] 179.174.48.208:57333 TCP 128.160.160.176:80 br0
<182>May 26 09:53:09 apache.httpd.ibm.lab httpd: 218.111.178.29 20.14.214.182 - - [26/May/2017:09:53:09 -0500] "CONNECT 10.35.79.71:443 HTTP/1.1" 405 443 297
<190>May 26 09:53:11 arbor.pravail.ibm.lab pravail-aps: Blocked Host: Blocked host 136.38.97.190 at 10:53 by Malformed HTTP Filtering using TCP/80 (HTTP) destination 5.205.112.11 source port 50321,URL: https://arbornetworks.pravail.test.com/chaos/
<33>May 26 09:53:13 threecom.switch.ibm.lab %May 26 09:53:13 2017 S9500 PORTAL/5/PT_LOG: Online user 51.18.44.104 changes to 22.166.196.67, we will cut it off as using traffic-acct.
<133>May 26 09:53:14 microsoft.event.ibm.lab MSWinEventLog 1 Security 102757633 Fri May 26 09:53:14 2017 4907 Microsoft-Windows-Security-Auditing N/A N/A Success Audit testuser-49 Audit Policy Change Auditing settings on object were changed. Subject: Security ID: S-1-5-18 Account Name: testuser-49 Account Domain: us.ibm.com Logon ID: 0x1100401 Object: Object Server: Security Object Type: File Object Name: \Windows\winsxs\test.wav Handle ID: 0x3a8 Process Information: Process ID: 0xAEA67E Process Name: C:\Windows\System32\wbengine.exe Auditing Settings: Original Security Descriptor: S:AI(AU;A;;WD) New Security Descriptor: S:ARAI(AU;SAFA;;;;WD)(AU;IDFA;B;;;WD) 314130
