<13>Jan 13 08:38:45 EUNLVEDC02 AgentDevice=WindowsLog	AgentLogFile=Security	PluginVersion=1.0.14	Source=Security	Computer=EUNLVEDC02	User=ANONYMOUS LOGON	Domain=NT AUTHORITY	EventID=642	EventIDCcorpoe=642	EventType=8	EventCategory=7	RecordNumber=1829558467	TimeGenerated=1389598722	TimeWritten=1389598722	Message=User Account Changed:   Target Account Name: Olivia-Nica   Target Domain: EUROPE   Target Account ID: EUROPE\Olivia-Nica   Caller User Name: ANONYMOUS LOGON   Caller Domain: NT AUTHORITY   Caller Logon ID: (0x0,0x2DB6F0D0)   Privileges: -  Changed Attributes:   Sam Account Name: -   Display Name: -   User Principal Name: -   Home Directory: -   Home Drive: -   Script Path: -   Profile Path: -   User Workstations: -   Password Last Set: 1/13/2014 8:38:42 AM   Account Expires: -   Primary Group ID: -   AllowedTcorpoelegateTo: -   Old UAC Value: -   New UAC Value: -   User Account Control: -   User Parameters: -   Sid History: -   Logon Hours: -   
<13>Jan 13 08:37:10 EUNLVEDC02 AgentDevice=WindowsLog	AgentLogFile=Security	PluginVersion=1.0.14	Source=Security	Computer=EUNLVEDC02	User=RCAdm	Domain=EUROPE	EventID=671	EventIDCcorpoe=671	EventType=8	EventCategory=7	RecordNumber=1829555940	TimeGenerated=1389598626	TimeWritten=1389598626	Message=User Account Unlocked:   Target Account Name: Lenie-Huisman   Target Domain:  EUROPE   Target Account ID: EUROPE\Lenie-Huisman   Caller User Name: RCAdm   Caller Domain: EUROPE   Caller Logon ID: (0x0,0x2DB61B79)   
<13>Jan 13 08:29:23 EUNLVEDC02 AgentDevice=WindowsLog	AgentLogFile=Security	PluginVersion=1.0.14	Source=Security	Computer=EUNLVEDC02	User=Nyron-Wau	Domain=EUROPE	EventID=642	EventIDCcorpoe=642	EventType=8	EventCategory=7	RecordNumber=1829541569	TimeGenerated=1389598123	TimeWritten=1389598123	Message=User Account Changed:   Target Account Name: Nyron-Wau   Target Domain: EUROPE   Target Account ID: EUROPE\Nyron-Wau   Caller User Name: Nyron-Wau   Caller Domain: EUROPE   Caller Logon ID: (0x0,0x2DB11D76)   Privileges: -  Changed Attributes:   Sam Account Name: -   Display Name: -   User Principal Name: -   Home Directory: -   Home Drive: -   Script Path: -   Profile Path: -   User Workstations: -   Password Last Set: 1/13/2014 8:28:43 AM   Account Expires: -   Primary Group ID: -   AllowedTcorpoelegateTo: -   Old UAC Value: -   New UAC Value: -   User Account Control: -   User Parameters: -   Sid History: -   Logon Hours: -   
<13>Jan 13 08:28:36 EUNLVEDC02 AgentDevice=WindowsLog	AgentLogFile=Security	PluginVersion=1.0.14	Source=Security	Computer=EUNLVEDC02	User=KPAdm	Domain=EUROPE	EventID=671	EventIDCcorpoe=671	EventType=8	EventCategory=7	RecordNumber=1829539326	TimeGenerated=1389598054	TimeWritten=1389598054	Message=User Account Unlocked:   Target Account Name: Claire-Wootton   Target Domain:  EUROPE   Target Account ID: EUROPE\Claire-Wootton   Caller User Name: KPAdm   Caller Domain: EUROPE   Caller Logon ID: (0x0,0x2DB06626)   
<13>Jan 13 08:21:43 EUNLVEDC02 AgentDevice=WindowsLog	AgentLogFile=Security	PluginVersion=1.0.14	Source=Security	Computer=EUNLVEDC02	User=RCAdm	Domain=EUROPE	EventID=671	EventIDCcorpoe=671	EventType=8	EventCategory=7	RecordNumber=1829526089	TimeGenerated=1389597700	TimeWritten=1389597700	Message=User Account Unlocked:   Target Account Name: Moniek-Lenssen   Target Domain:  EUROPE   Target Account ID: EUROPE\Moniek-Lenssen   Caller User Name: RCAdm   Caller Domain: EUROPE   Caller Logon ID: (0x0,0x2DAC8059)   
<13>Jan 13 08:19:10 EUNLVEDC02 AgentDevice=WindowsLog	AgentLogFile=Security	PluginVersion=1.0.14	Source=Security	Computer=EUNLVEDC02	User=AlwinHilgers	Domain=EUROPE	EventID=642	EventIDCcorpoe=642	EventType=8	EventCategory=7	RecordNumber=1829521570	TimeGenerated=1389597547	TimeWritten=1389597547	Message=User Account Changed:   Target Account Name: AlwinHilgers   Target Domain: EUROPE   Target Account ID: EUROPE\AlwinHilgers   Caller User Name: AlwinHilgers   Caller Domain: EUROPE   Caller Logon ID: (0x0,0x2DAB0768)   Privileges: -  Changed Attributes:   Sam Account Name: -   Display Name: -   User Principal Name: -   Home Directory: -   Home Drive: -   Script Path: -   Profile Path: -   User Workstations: -   Password Last Set: 1/13/2014 8:19:07 AM   Account Expires: -   Primary Group ID: -   AllowedTcorpoelegateTo: -   Old UAC Value: -   New UAC Value: -   User Account Control: -   User Parameters: -   Sid History: -   Logon Hours: -   
<13>Jan 13 08:19:00 EUNLVEDC02 AgentDevice=WindowsLog	AgentLogFile=Security	PluginVersion=1.0.14	Source=Security	Computer=EUNLVEDC02	User=Carmen-Filimon	Domain=EUROPE	EventID=642	EventIDCcorpoe=642	EventType=8	EventCategory=7	RecordNumber=1829521292	TimeGenerated=1389597537	TimeWritten=1389597537	Message=User Account Changed:   Target Account Name: Carmen-Filimon   Target Domain: EUROPE   Target Account ID: EUROPE\Carmen-Filimon   Caller User Name: Carmen-Filimon   Caller Domain: EUROPE   Caller Logon ID: (0x0,0x2DAAEB43)   Privileges: -  Changed Attributes:   Sam Account Name: -   Display Name: -   User Principal Name: -   Home Directory: -   Home Drive: -   Script Path: -   Profile Path: -   User Workstations: -   Password Last Set: 1/13/2014 8:18:57 AM   Account Expires: -   Primary Group ID: -   AllowedTcorpoelegateTo: -   Old UAC Value: -   New UAC Value: -   User Account Control: -   User Parameters: -   Sid History: -   Logon Hours: -   
<13>Jan 13 08:18:03 EUNLVEDC02 AgentDevice=WindowsLog	AgentLogFile=Security	PluginVersion=1.0.14	Source=Security	Computer=EUNLVEDC02	User=Daisy-Geerlings	Domain=EUROPE	EventID=642	EventIDCcorpoe=642	EventType=8	EventCategory=7	RecordNumber=1829519520	TimeGenerated=1389597480	TimeWritten=1389597480	Message=User Account Changed:   Target Account Name: Daisy-Geerlings   Target Domain: EUROPE   Target Account ID: EUROPE\Daisy-Geerlings   Caller User Name: Daisy-Geerlings   Caller Domain: EUROPE   Caller Logon ID: (0x0,0x2DAA5549)   Privileges: -  Changed Attributes:   Sam Account Name: -   Display Name: -   User Principal Name: -   Home Directory: -   Home Drive: -   Script Path: -   Profile Path: -   User Workstations: -   Password Last Set: 1/13/2014 8:18:00 AM   Account Expires: -   Primary Group ID: -   AllowedTcorpoelegateTo: -   Old UAC Value: -   New UAC Value: -   User Account Control: -   User Parameters: -   Sid History: -   Logon Hours: -   
<13>Jan 13 08:17:49 EUNLVEDC02 AgentDevice=WindowsLog	AgentLogFile=Security	PluginVersion=1.0.14	Source=Security	Computer=EUNLVEDC02	User=MPAdm	Domain=EUROPE	EventID=671	EventIDCcorpoe=671	EventType=8	EventCategory=7	RecordNumber=1829518979	TimeGenerated=1389597465	TimeWritten=1389597465	Message=User Account Unlocked:   Target Account Name: Okke-Brand   Target Domain:  EUROPE   Target Account ID: EUROPE\Okke-Brand   Caller User Name: MPAdm   Caller Domain: EUROPE   Caller Logon ID: (0x0,0x2DAA26CB)   
<13>Jan 13 08:12:25 EUNLVEDC02 AgentDevice=WindowsLog	AgentLogFile=Security	PluginVersion=1.0.14	Source=Security	Computer=EUNLVEDC02	User=MADDam	Domain=EUROPE	EventID=671	EventIDCcorpoe=671	EventType=8	EventCategory=7	RecordNumber=1829511162	TimeGenerated=1389597142	TimeWritten=1389597142	Message=User Account Unlocked:   Target Account Name: Peggy-Cagniard   Target Domain:  EUROPE   Target Account ID: EUROPE\Peggy-Cagniard   Caller User Name: MADDam   Caller Domain: EUROPE   Caller Logon ID: (0x0,0x2DA75BF9)   
<13>Jan 13 08:10:31 EUNLVEDC02 AgentDevice=WindowsLog	AgentLogFile=Security	PluginVersion=1.0.14	Source=Security	Computer=EUNLVEDC02	User=MariAngeles-Munoz	Domain=EUROPE	EventID=642	EventIDCcorpoe=642	EventType=8	EventCategory=7	RecordNumber=1829507918	TimeGenerated=1389597028	TimeWritten=1389597028	Message=User Account Changed:   Target Account Name: MariAngeles-Munoz   Target Domain: EUROPE   Target Account ID: EUROPE\MariAngeles-Munoz   Caller User Name: MariAngeles-Munoz   Caller Domain: EUROPE   Caller Logon ID: (0x0,0x2DA63EE3)   Privileges: -  Changed Attributes:   Sam Account Name: -   Display Name: -   User Principal Name: -   Home Directory: -   Home Drive: -   Script Path: -   Profile Path: -   User Workstations: -   Password Last Set: 1/13/2014 8:10:27 AM   Account Expires: -   Primary Group ID: -   AllowedTcorpoelegateTo: -   Old UAC Value: -   New UAC Value: -   User Account Control: -   User Parameters: -   Sid History: -   Logon Hours: -   
<13>Jan 13 08:10:17 EUNLVEDC02 AgentDevice=WindowsLog	AgentLogFile=Security	PluginVersion=1.0.14	Source=Security	Computer=EUNLVEDC02	User=Jeroen-Rcorpoenberg	Domain=EUROPE	EventID=642	EventIDCcorpoe=642	EventType=8	EventCategory=7	RecordNumber=1829507439	TimeGenerated=1389597013	TimeWritten=1389597013	Message=User Account Changed:   Target Account Name: Jeroen-Rcorpoenberg   Target Domain: EUROPE   Target Account ID: EUROPE\Jeroen-Rcorpoenberg   Caller User Name: Jeroen-Rcorpoenberg   Caller Domain: EUROPE   Caller Logon ID: (0x0,0x2DA61695)   Privileges: -  Changed Attributes:   Sam Account Name: -   Display Name: -   User Principal Name: -   Home Directory: -   Home Drive: -   Script Path: -   Profile Path: -   User Workstations: -   Password Last Set: 1/13/2014 8:10:13 AM   Account Expires: -   Primary Group ID: -   AllowedTcorpoelegateTo: -   Old UAC Value: -   New UAC Value: -   User Account Control: -   User Parameters: -   Sid History: -   Logon Hours: -   
<13>Jan 13 08:09:44 EUNLVEDC02 AgentDevice=WindowsLog	AgentLogFile=Security	PluginVersion=1.0.14	Source=Security	Computer=EUNLVEDC02	User=ANONYMOUS LOGON	Domain=NT AUTHORITY	EventID=642	EventIDCcorpoe=642	EventType=8	EventCategory=7	RecordNumber=1829506413	TimeGenerated=1389596982	TimeWritten=1389596982	Message=User Account Changed:   Target Account Name: Miriam-Kool   Target Domain: EUROPE   Target Account ID: EUROPE\Miriam-Kool   Caller User Name: ANONYMOUS LOGON   Caller Domain: NT AUTHORITY   Caller Logon ID: (0x0,0x2DA5BD50)   Privileges: -  Changed Attributes:   Sam Account Name: -   Display Name: -   User Principal Name: -   Home Directory: -   Home Drive: -   Script Path: -   Profile Path: -   User Workstations: -   Password Last Set: 1/13/2014 8:09:42 AM   Account Expires: -   Primary Group ID: -   AllowedTcorpoelegateTo: -   Old UAC Value: -   New UAC Value: -   User Account Control: -   User Parameters: -   Sid History: -   Logon Hours: -   
<13>Jan 13 08:08:47 EUNLVEDC02 AgentDevice=WindowsLog	AgentLogFile=Security	PluginVersion=1.0.14	Source=Security	Computer=EUNLVEDC02	User=Bianca-Pollux	Domain=EUROPE	EventID=642	EventIDCcorpoe=642	EventType=8	EventCategory=7	RecordNumber=1829504435	TimeGenerated=1389596924	TimeWritten=1389596924	Message=User Account Changed:   Target Account Name: Bianca-Pollux   Target Domain: EUROPE   Target Account ID: EUROPE\Bianca-Pollux   Caller User Name: Bianca-Pollux   Caller Domain: EUROPE   Caller Logon ID: (0x0,0x2DA50B38)   Privileges: -  Changed Attributes:   Sam Account Name: -   Display Name: -   User Principal Name: -   Home Directory: -   Home Drive: -   Script Path: -   Profile Path: -   User Workstations: -   Password Last Set: 1/13/2014 8:08:44 AM   Account Expires: -   Primary Group ID: -   AllowedTcorpoelegateTo: -   Old UAC Value: -   New UAC Value: -   User Account Control: -   User Parameters: -   Sid History: -   Logon Hours: -   
<13>Jan 13 08:08:35 EUNLVEDC02 AgentDevice=WindowsLog	AgentLogFile=Security	PluginVersion=1.0.14	Source=Security	Computer=EUNLVEDC02	User=Carina-Talajlo	Domain=EUROPE	EventID=642	EventIDCcorpoe=642	EventType=8	EventCategory=7	RecordNumber=1829503993	TimeGenerated=1389596911	TimeWritten=1389596911	Message=User Account Changed:   Target Account Name: Carina-Talajlo   Target Domain: EUROPE   Target Account ID: EUROPE\Carina-Talajlo   Caller User Name: Carina-Talajlo   Caller Domain: EUROPE   Caller Logon ID: (0x0,0x2DA4E842)   Privileges: -  Changed Attributes:   Sam Account Name: -   Display Name: -   User Principal Name: -   Home Directory: -   Home Drive: -   Script Path: -   Profile Path: -   User Workstations: -   Password Last Set: 1/13/2014 8:08:31 AM   Account Expires: -   Primary Group ID: -   AllowedTcorpoelegateTo: -   Old UAC Value: -   New UAC Value: -   User Account Control: -   User Parameters: -   Sid History: -   Logon Hours: -   
<13>Jan 13 08:07:38 EUNLVEDC02 AgentDevice=WindowsLog	AgentLogFile=Security	PluginVersion=1.0.14	Source=Security	Computer=EUNLVEDC02	User=MADDam	Domain=EUROPE	EventID=671	EventIDCcorpoe=671	EventType=8	EventCategory=7	RecordNumber=1829501997	TimeGenerated=1389596854	TimeWritten=1389596854	Message=User Account Unlocked:   Target Account Name: Nathalie-Nesensohn   Target Domain:  EUROPE   Target Account ID: EUROPE\Nathalie-Nesensohn   Caller User Name: MADDam   Caller Domain: EUROPE   Caller Logon ID: (0x0,0x2DA43DA0)   
<13>Jan 13 08:06:37 EUNLVEDC02 AgentDevice=WindowsLog	AgentLogFile=Security	PluginVersion=1.0.14	Source=Security	Computer=EUNLVEDC02	User=Eugen-Dan	Domain=EUROPE	EventID=642	EventIDCcorpoe=642	EventType=8	EventCategory=7	RecordNumber=1829500120	TimeGenerated=1389596793	TimeWritten=1389596793	Message=User Account Changed:   Target Account Name: Eugen-Dan   Target Domain: EUROPE   Target Account ID: EUROPE\Eugen-Dan   Caller User Name: Eugen-Dan   Caller Domain: EUROPE   Caller Logon ID: (0x0,0x2DA3987D)   Privileges: -  Changed Attributes:   Sam Account Name: -   Display Name: -   User Principal Name: -   Home Directory: -   Home Drive: -   Script Path: -   Profile Path: -   User Workstations: -   Password Last Set: 1/13/2014 8:06:33 AM   Account Expires: -   Primary Group ID: -   AllowedTcorpoelegateTo: -   Old UAC Value: -   New UAC Value: -   User Account Control: -   User Parameters: -   Sid History: -   Logon Hours: -   
<13>Jan 13 08:05:01 EUNLVEDC02 AgentDevice=WindowsLog	AgentLogFile=Security	PluginVersion=1.0.14	Source=Security	Computer=EUNLVEDC02	User=Mark-Boers	Domain=EUROPE	EventID=642	EventIDCcorpoe=642	EventType=8	EventCategory=7	RecordNumber=1829497293	TimeGenerated=1389596698	TimeWritten=1389596698	Message=User Account Changed:   Target Account Name: Mark-Boers   Target Domain: EUROPE   Target Account ID: EUROPE\Mark-Boers   Caller User Name: Mark-Boers   Caller Domain: EUROPE   Caller Logon ID: (0x0,0x2DA2AEF2)   Privileges: -  Changed Attributes:   Sam Account Name: -   Display Name: -   User Principal Name: -   Home Directory: -   Home Drive: -   Script Path: -   Profile Path: -   User Workstations: -   Password Last Set: 1/13/2014 8:04:58 AM   Account Expires: -   Primary Group ID: -   AllowedTcorpoelegateTo: -   Old UAC Value: -   New UAC Value: -   User Account Control: -   User Parameters: -   Sid History: -   Logon Hours: -   
<13>Jan 13 08:04:26 EUNLVEDC02 AgentDevice=WindowsLog	AgentLogFile=Security	PluginVersion=1.0.14	Source=Security	Computer=EUNLVEDC02	User=Tanja-Roeseler	Domain=EUROPE	EventID=642	EventIDCcorpoe=642	EventType=8	EventCategory=7	RecordNumber=1829496299	TimeGenerated=1389596664	TimeWritten=1389596664	Message=User Account Changed:   Target Account Name: Tanja-Roeseler   Target Domain: EUROPE   Target Account ID: EUROPE\Tanja-Roeseler   Caller User Name: Tanja-Roeseler   Caller Domain: EUROPE   Caller Logon ID: (0x0,0x2DA25736)   Privileges: -  Changed Attributes:   Sam Account Name: -   Display Name: -   User Principal Name: -   Home Directory: -   Home Drive: -   Script Path: -   Profile Path: -   User Workstations: -   Password Last Set: 1/13/2014 8:04:24 AM   Account Expires: -   Primary Group ID: -   AllowedTcorpoelegateTo: -   Old UAC Value: -   New UAC Value: -   User Account Control: -   User Parameters: -   Sid History: -   Logon Hours: -   
<13>Jan 13 08:04:06 EUNLVEDC02 AgentDevice=WindowsLog	AgentLogFile=Security	PluginVersion=1.0.14	Source=Security	Computer=EUNLVEDC02	User=Alexandra-Kast	Domain=EUROPE	EventID=642	EventIDCcorpoe=642	EventType=8	EventCategory=7	RecordNumber=1829495837	TimeGenerated=1389596644	TimeWritten=1389596644	Message=User Account Changed:   Target Account Name: Alexandra-Kast   Target Domain: EUROPE   Target Account ID: EUROPE\Alexandra-Kast   Caller User Name: Alexandra-Kast   Caller Domain: EUROPE   Caller Logon ID: (0x0,0x2DA22D83)   Privileges: -  Changed Attributes:   Sam Account Name: -   Display Name: -   User Principal Name: -   Home Directory: -   Home Drive: -   Script Path: -   Profile Path: -   User Workstations: -   Password Last Set: 1/13/2014 8:04:04 AM   Account Expires: -   Primary Group ID: -   AllowedTcorpoelegateTo: -   Old UAC Value: -   New UAC Value: -   User Account Control: -   User Parameters: -   Sid History: -   Logon Hours: -   
<13>Jan 13 08:03:54 EUNLVEDC02 AgentDevice=WindowsLog	AgentLogFile=Security	PluginVersion=1.0.14	Source=Security	Computer=EUNLVEDC02	User=Christian-Bayer	Domain=EUROPE	EventID=642	EventIDCcorpoe=642	EventType=8	EventCategory=7	RecordNumber=1829495511	TimeGenerated=1389596631	TimeWritten=1389596631	Message=User Account Changed:   Target Account Name: Christian-Bayer   Target Domain: EUROPE   Target Account ID: EUROPE\Christian-Bayer   Caller User Name: Christian-Bayer   Caller Domain: EUROPE   Caller Logon ID: (0x0,0x2DA20A63)   Privileges: -  Changed Attributes:   Sam Account Name: -   Display Name: -   User Principal Name: -   Home Directory: -   Home Drive: -   Script Path: -   Profile Path: -   User Workstations: -   Password Last Set: 1/13/2014 8:03:51 AM   Account Expires: -   Primary Group ID: -   AllowedTcorpoelegateTo: -   Old UAC Value: -   New UAC Value: -   User Account Control: -   User Parameters: -   Sid History: -   Logon Hours: -   
<13>Jan 13 07:57:35 EUNLVEDC02 AgentDevice=WindowsLog	AgentLogFile=Security	PluginVersion=1.0.14	Source=Security	Computer=EUNLVEDC02	User=ANONYMOUS LOGON	Domain=NT AUTHORITY	EventID=642	EventIDCcorpoe=642	EventType=8	EventCategory=7	RecordNumber=1829484683	TimeGenerated=1389596252	TimeWritten=1389596252	Message=User Account Changed:   Target Account Name: Luiza-Ciceu   Target Domain: EUROPE   Target Account ID: EUROPE\Luiza-Ciceu   Caller User Name: ANONYMOUS LOGON   Caller Domain: NT AUTHORITY   Caller Logon ID: (0x0,0x2D9E25A1)   Privileges: -  Changed Attributes:   Sam Account Name: -   Display Name: -   User Principal Name: -   Home Directory: -   Home Drive: -   Script Path: -   Profile Path: -   User Workstations: -   Password Last Set: 1/13/2014 7:57:32 AM   Account Expires: -   Primary Group ID: -   AllowedTcorpoelegateTo: -   Old UAC Value: -   New UAC Value: -   User Account Control: -   User Parameters: -   Sid History: -   Logon Hours: -   
<13>Jan 13 07:57:14 EUNLVEDC02 AgentDevice=WindowsLog	AgentLogFile=Security	PluginVersion=1.0.14	Source=Security	Computer=EUNLVEDC02	User=SYSTEM	Domain=NT AUTHORITY	EventID=644	EventIDCcorpoe=644	EventType=8	EventCategory=7	RecordNumber=1829484191	TimeGenerated=1389596231	TimeWritten=1389596231	Message=User Account Locked Out:   Target Account Name: Ben-Smeets   Target Account ID: EUROPE\Ben-Smeets   Caller Machine Name: NLLT00306301   Caller User Name: EUNLVEDC02$   Caller Domain: EUROPE   Caller Logon ID: (0x0,0x3E7)   
<13>Jan 13 07:28:32 EUNLVEDC02 AgentDevice=WindowsLog	AgentLogFile=Security	PluginVersion=1.0.14	Source=Security	Computer=EUNLVEDC02	User=Laura-Boonen	Domain=EUROPE	EventID=642	EventIDCcorpoe=642	EventType=8	EventCategory=7	RecordNumber=1829451980	TimeGenerated=1389594509	TimeWritten=1389594509	Message=User Account Changed:   Target Account Name: Laura-Boonen   Target Domain: EUROPE   Target Account ID: EUROPE\Laura-Boonen   Caller User Name: Laura-Boonen   Caller Domain: EUROPE   Caller Logon ID: (0x0,0x2D91080D)   Privileges: -  Changed Attributes:   Sam Account Name: -   Display Name: -   User Principal Name: -   Home Directory: -   Home Drive: -   Script Path: -   Profile Path: -   User Workstations: -   Password Last Set: 1/13/2014 7:28:29 AM   Account Expires: -   Primary Group ID: -   AllowedTcorpoelegateTo: -   Old UAC Value: -   New UAC Value: -   User Account Control: -   User Parameters: -   Sid History: -   Logon Hours: -   
<13>Jan 13 07:28:22 EUNLVEDC02 AgentDevice=WindowsLog	AgentLogFile=Security	PluginVersion=1.0.14	Source=Security	Computer=EUNLVEDC02	User=KPAdm	Domain=EUROPE	EventID=671	EventIDCcorpoe=671	EventType=8	EventCategory=7	RecordNumber=1829451842	TimeGenerated=1389594499	TimeWritten=1389594499	Message=User Account Unlocked:   Target Account Name: Marina-Lang   Target Domain:  EUROPE   Target Account ID: EUROPE\Marina-Lang   Caller User Name: KPAdm   Caller Domain: EUROPE   Caller Logon ID: (0x0,0x2D90FB71)   
<13>Jan 13 07:22:29 EUNLVEDC02 AgentDevice=WindowsLog	AgentLogFile=Security	PluginVersion=1.0.14	Source=Security	Computer=EUNLVEDC02	User=SYSTEM	Domain=NT AUTHORITY	EventID=644	EventIDCcorpoe=644	EventType=8	EventCategory=7	RecordNumber=1829447438	TimeGenerated=1389594146	TimeWritten=1389594146	Message=User Account Locked Out:   Target Account Name: Mihaela-Balint   Target Account ID: EUROPE\Mihaela-Balint   Caller Machine Name: ROCJPC00134650   Caller User Name: EUNLVEDC02$   Caller Domain: EUROPE   Caller Logon ID: (0x0,0x3E7)   
<13>Jan 13 07:20:18 EUNLVEDC02 AgentDevice=WindowsLog	AgentLogFile=Security	PluginVersion=1.0.14	Source=Security	Computer=EUNLVEDC02	User=Ekamma-Inanga	Domain=EUROPE	EventID=642	EventIDCcorpoe=642	EventType=8	EventCategory=7	RecordNumber=1829445682	TimeGenerated=1389594015	TimeWritten=1389594015	Message=User Account Changed:   Target Account Name: Ekamma-Inanga   Target Domain: EUROPE   Target Account ID: EUROPE\Ekamma-Inanga   Caller User Name: Ekamma-Inanga   Caller Domain: EUROPE   Caller Logon ID: (0x0,0x2D8E202F)   Privileges: -  Changed Attributes:   Sam Account Name: -   Display Name: -   User Principal Name: -   Home Directory: -   Home Drive: -   Script Path: -   Profile Path: -   User Workstations: -   Password Last Set: 1/13/2014 7:20:15 AM   Account Expires: -   Primary Group ID: -   AllowedTcorpoelegateTo: -   Old UAC Value: -   New UAC Value: -   User Account Control: -   User Parameters: -   Sid History: -   Logon Hours: -   
<13>Jan 13 07:17:53 EUNLVEDC02 AgentDevice=WindowsLog	AgentLogFile=Security	PluginVersion=1.0.14	Source=Security	Computer=EUNLVEDC02	User=KPAdm	Domain=EUROPE	EventID=671	EventIDCcorpoe=671	EventType=8	EventCategory=7	RecordNumber=1829443772	TimeGenerated=1389593870	TimeWritten=1389593870	Message=User Account Unlocked:   Target Account Name: Thomas-Balik   Target Domain:  EUROPE   Target Account ID: EUROPE\Thomas-Balik   Caller User Name: KPAdm   Caller Domain: EUROPE   Caller Logon ID: (0x0,0x2D8D53DB)   
<13>Jan 13 07:16:50 EUNLVEDC02 AgentDevice=WindowsLog	AgentLogFile=Security	PluginVersion=1.0.14	Source=Security	Computer=EUNLVEDC02	User=Manuel-Kiwitt	Domain=EUROPE	EventID=642	EventIDCcorpoe=642	EventType=8	EventCategory=7	RecordNumber=1829442908	TimeGenerated=1389593808	TimeWritten=1389593808	Message=User Account Changed:   Target Account Name: Manuel-Kiwitt   Target Domain: EUROPE   Target Account ID: EUROPE\Manuel-Kiwitt   Caller User Name: Manuel-Kiwitt   Caller Domain: EUROPE   Caller Logon ID: (0x0,0x2D8CF6AB)   Privileges: -  Changed Attributes:   Sam Account Name: -   Display Name: -   User Principal Name: -   Home Directory: -   Home Drive: -   Script Path: -   Profile Path: -   User Workstations: -   Password Last Set: 1/13/2014 7:16:48 AM   Account Expires: -   Primary Group ID: -   AllowedTcorpoelegateTo: -   Old UAC Value: -   New UAC Value: -   User Account Control: -   User Parameters: -   Sid History: -   Logon Hours: -   
<13>Jan 13 07:14:11 EUNLVEDC02 AgentDevice=WindowsLog	AgentLogFile=Security	PluginVersion=1.0.14	Source=Security	Computer=EUNLVEDC02	User=SYSTEM	Domain=NT AUTHORITY	EventID=644	EventIDCcorpoe=644	EventType=8	EventCategory=7	RecordNumber=1829441063	TimeGenerated=1389593649	TimeWritten=1389593649	Message=User Account Locked Out:   Target Account Name: Gyopar-Horvath   Target Account ID: EUROPE\Gyopar-Horvath   Caller Machine Name: ROCJPC00134748   Caller User Name: EUNLVEDC02$   Caller Domain: EUROPE   Caller Logon ID: (0x0,0x3E7)   
<13>Jan 13 07:13:05 EUNLVEDC02 AgentDevice=WindowsLog	AgentLogFile=Security	PluginVersion=1.0.14	Source=Security	Computer=EUNLVEDC02	User=ANONYMOUS LOGON	Domain=NT AUTHORITY	EventID=642	EventIDCcorpoe=642	EventType=8	EventCategory=7	RecordNumber=1829440301	TimeGenerated=1389593583	TimeWritten=1389593583	Message=User Account Changed:   Target Account Name: Ioana-Morar   Target Domain: EUROPE   Target Account ID: EUROPE\Ioana-Morar   Caller User Name: ANONYMOUS LOGON   Caller Domain: NT AUTHORITY   Caller Logon ID: (0x0,0x2D8BB03A)   Privileges: -  Changed Attributes:   Sam Account Name: -   Display Name: -   User Principal Name: -   Home Directory: -   Home Drive: -   Script Path: -   Profile Path: -   User Workstations: -   Password Last Set: 1/13/2014 7:13:03 AM   Account Expires: -   Primary Group ID: -   AllowedTcorpoelegateTo: -   Old UAC Value: -   New UAC Value: -   User Account Control: -   User Parameters: -   Sid History: -   Logon Hours: -   
<13>Jan 13 07:02:34 EUNLVEDC02 AgentDevice=WindowsLog	AgentLogFile=Security	PluginVersion=1.0.14	Source=Security	Computer=EUNLVEDC02	User=Lenie-Huisman	Domain=EUROPE	EventID=642	EventIDCcorpoe=642	EventType=8	EventCategory=7	RecordNumber=1829432822	TimeGenerated=1389592951	TimeWritten=1389592951	Message=User Account Changed:   Target Account Name: Lenie-Huisman   Target Domain: EUROPE   Target Account ID: EUROPE\Lenie-Huisman   Caller User Name: Lenie-Huisman   Caller Domain: EUROPE   Caller Logon ID: (0x0,0x2D87F4F4)   Privileges: -  Changed Attributes:   Sam Account Name: -   Display Name: -   User Principal Name: -   Home Directory: -   Home Drive: -   Script Path: -   Profile Path: -   User Workstations: -   Password Last Set: 1/13/2014 7:02:31 AM   Account Expires: -   Primary Group ID: -   AllowedTcorpoelegateTo: -   Old UAC Value: -   New UAC Value: -   User Account Control: -   User Parameters: -   Sid History: -   Logon Hours: -   
<13>Jan 12 13:50:12 EUNLVEDC02 AgentDevice=WindowsLog	AgentLogFile=Security	PluginVersion=1.0.14	Source=Security	Computer=EUNLVEDC02	User=SVC-EUNLVEDBC01_SQL	Domain=EUROPE	EventID=642	EventIDCcorpoe=642	EventType=8	EventCategory=7	RecordNumber=1828760375	TimeGenerated=1389531009	TimeWritten=1389531009	Message=User Account Changed:   Target Account Name: SVC-EUNLVEDBC01_SQL   Target Domain: EUROPE   Target Account ID: EUROPE\SVC-EUNLVEDBC01_SQL   Caller User Name: SVC-EUNLVEDBC01_SQL   Caller Domain: EUROPE   Caller Logon ID: (0x0,0x2C331B49)   Privileges: -  Changed Attributes:   Sam Account Name: -   Display Name: -   User Principal Name: -   Home Directory: -   Home Drive: -   Script Path: -   Profile Path: -   User Workstations: -   Password Last Set: -   Account Expires: -   Primary Group ID: -   AllowedTcorpoelegateTo: -   Old UAC Value: -   New UAC Value: -   User Account Control: -   User Parameters: -   Sid History: -   Logon Hours: -   
<13>Jan 12 12:23:44 EUNLVEDC02 AgentDevice=WindowsLog	AgentLogFile=Security	PluginVersion=1.0.14	Source=Security	Computer=EUNLVEDC02	User=SVC-EUNLVEDBC01_SQL	Domain=EUROPE	EventID=642	EventIDCcorpoe=642	EventType=8	EventCategory=7	RecordNumber=1828733435	TimeGenerated=1389525821	TimeWritten=1389525821	Message=User Account Changed:   Target Account Name: SVC-EUNLVEDBC01_SQL   Target Domain: EUROPE   Target Account ID: EUROPE\SVC-EUNLVEDBC01_SQL   Caller User Name: SVC-EUNLVEDBC01_SQL   Caller Domain: EUROPE   Caller Logon ID: (0x0,0x2C1E0E66)   Privileges: -  Changed Attributes:   Sam Account Name: -   Display Name: -   User Principal Name: -   Home Directory: -   Home Drive: -   Script Path: -   Profile Path: -   User Workstations: -   Password Last Set: -   Account Expires: -   Primary Group ID: -   AllowedTcorpoelegateTo: -   Old UAC Value: -   New UAC Value: -   User Account Control: -   User Parameters: -   Sid History: -   Logon Hours: -   
<13>Jan 12 11:22:00 EUNLVEDC02 AgentDevice=WindowsLog	AgentLogFile=Security	PluginVersion=1.0.14	Source=Security	Computer=EUNLVEDC02	User=DOadm	Domain=EUROPE	EventID=671	EventIDCcorpoe=671	EventType=8	EventCategory=7	RecordNumber=1828713674	TimeGenerated=1389522118	TimeWritten=1389522118	Message=User Account Unlocked:   Target Account Name: Suresh-Subramanian   Target Domain:  EUROPE   Target Account ID: EUROPE\Suresh-Subramanian   Caller User Name: DOadm   Caller Domain: EUROPE   Caller Logon ID: (0x0,0x2C0E7061)   
<13>Jan 12 11:17:48 EUNLVEDC02 AgentDevice=WindowsLog	AgentLogFile=Security	PluginVersion=1.0.14	Source=Security	Computer=EUNLVEDC02	User=SYSTEM	Domain=NT AUTHORITY	EventID=644	EventIDCcorpoe=644	EventType=8	EventCategory=7	RecordNumber=1828712459	TimeGenerated=1389521865	TimeWritten=1389521865	Message=User Account Locked Out:   Target Account Name: Suresh-Subramanian   Target Account ID: EUROPE\Suresh-Subramanian   Caller Machine Name: EUNLVETSS07   Caller User Name: EUNLVEDC02$   Caller Domain: EUROPE   Caller Logon ID: (0x0,0x3E7)   
<13>Jan 11 14:43:05 EUNLVEDC02 AgentDevice=WindowsLog	AgentLogFile=Security	PluginVersion=1.0.14	Source=Security	Computer=EUNLVEDC02	User=SYSTEM	Domain=NT AUTHORITY	EventID=644	EventIDCcorpoe=644	EventType=8	EventCategory=7	RecordNumber=1827982467	TimeGenerated=1389447781	TimeWritten=1389447781	Message=User Account Locked Out:   Target Account Name: Mehdi-DEHRIB   Target Account ID: EUROPE\Mehdi-DEHRIB   Caller Machine Name: FR066W031   Caller User Name: EUNLVEDC02$   Caller Domain: EUROPE   Caller Logon ID: (0x0,0x3E7)   
<13>Jan 11 13:21:17 EUNLVEDC02 AgentDevice=WindowsLog	AgentLogFile=Security	PluginVersion=1.0.14	Source=Security	Computer=EUNLVEDC02	User=StSAdm	Domain=EUROPE	EventID=671	EventIDCcorpoe=671	EventType=8	EventCategory=7	RecordNumber=1827957604	TimeGenerated=1389442873	TimeWritten=1389442873	Message=User Account Unlocked:   Target Account Name: Ivo-Vanduuren   Target Domain:  EUROPE   Target Account ID: EUROPE\Ivo-Vanduuren   Caller User Name: StSAdm   Caller Domain: EUROPE   Caller Logon ID: (0x0,0x2A7D0727)   
<13>Jan 11 12:34:47 EUNLVEDC02 AgentDevice=WindowsLog	AgentLogFile=Security	PluginVersion=1.0.14	Source=Security	Computer=EUNLVEDC02	User=MaMadm	Domain=EUROPE	EventID=671	EventIDCcorpoe=671	EventType=8	EventCategory=7	RecordNumber=1827942355	TimeGenerated=1389440084	TimeWritten=1389440084	Message=User Account Unlocked:   Target Account Name: Bertrand-Chevalier   Target Domain:  EUROPE   Target Account ID: EUROPE\Bertrand-Chevalier   Caller User Name: MaMadm   Caller Domain: EUROPE   Caller Logon ID: (0x0,0x2A718C90)   
<13>Jan 11 11:29:48 EUNLVEDC02 AgentDevice=WindowsLog	AgentLogFile=Security	PluginVersion=1.0.14	Source=Security	Computer=EUNLVEDC02	User=MaMadm	Domain=EUROPE	EventID=671	EventIDCcorpoe=671	EventType=8	EventCategory=7	RecordNumber=1827916095	TimeGenerated=1389436185	TimeWritten=1389436185	Message=User Account Unlocked:   Target Account Name: Bertrand-Chevalier   Target Domain:  EUROPE   Target Account ID: EUROPE\Bertrand-Chevalier   Caller User Name: MaMadm   Caller Domain: EUROPE   Caller Logon ID: (0x0,0x2A61E0CE)   
<13>Jan 11 08:38:10 EUNLVEDC02 AgentDevice=WindowsLog	AgentLogFile=Security	PluginVersion=1.0.14	Source=Security	Computer=EUNLVEDC02	User=MaMadm	Domain=EUROPE	EventID=671	EventIDCcorpoe=671	EventType=8	EventCategory=7	RecordNumber=1827850002	TimeGenerated=1389425887	TimeWritten=1389425887	Message=User Account Unlocked:   Target Account Name: Bernard-You   Target Domain:  EUROPE   Target Account ID: EUROPE\Bernard-You   Caller User Name: MaMadm   Caller Domain: EUROPE   Caller Logon ID: (0x0,0x2A37EF63)   
<13>Jan 10 21:09:55 EUNLVEDC02 AgentDevice=WindowsLog	AgentLogFile=Security	PluginVersion=1.0.14	Source=Security	Computer=EUNLVEDC02	User=BRAdm	Domain=EUROPE	EventID=671	EventIDCcorpoe=671	EventType=8	EventCategory=7	RecordNumber=1827406477	TimeGenerated=1389384592	TimeWritten=1389384592	Message=User Account Unlocked:   Target Account Name: Nicki-Stewart   Target Domain:  EUROPE   Target Account ID: EUROPE\Nicki-Stewart   Caller User Name: BRAdm   Caller Domain: EUROPE   Caller Logon ID: (0x0,0x294BE7AD)   
<13>Jan 10 18:06:55 EUNLVEDC02 AgentDevice=WindowsLog	AgentLogFile=Security	PluginVersion=1.0.14	Source=Security	Computer=EUNLVEDC02	User=ATAdm	Domain=EUROPE	EventID=671	EventIDCcorpoe=671	EventType=8	EventCategory=7	RecordNumber=1827325847	TimeGenerated=1389373612	TimeWritten=1389373612	Message=User Account Unlocked:   Target Account Name: Vincent-Grenot   Target Domain:  EUROPE   Target Account ID: EUROPE\Vincent-Grenot   Caller User Name: ATAdm   Caller Domain: EUROPE   Caller Logon ID: (0x0,0x29070765)   
<13>Jan 10 16:12:48 EUNLVEDC02 AgentDevice=WindowsLog	AgentLogFile=Security	PluginVersion=1.0.14	Source=Security	Computer=EUNLVEDC02	User=SYSTEM	Domain=NT AUTHORITY	EventID=644	EventIDCcorpoe=644	EventType=8	EventCategory=7	RecordNumber=1827233434	TimeGenerated=1389366764	TimeWritten=1389366764	Message=User Account Locked Out:   Target Account Name: Markus-Egger   Target Account ID: EUROPE\Markus-Egger   Caller Machine Name: NLVEPC0065VM   Caller User Name: EUNLVEDC02$   Caller Domain: EUROPE   Caller Logon ID: (0x0,0x3E7)   
<13>Jan 10 16:09:41 EUNLVEDC02 AgentDevice=WindowsLog	AgentLogFile=Security	PluginVersion=1.0.14	Source=Security	Computer=EUNLVEDC02	User=MPAdm	Domain=EUROPE	EventID=671	EventIDCcorpoe=671	EventType=8	EventCategory=7	RecordNumber=1827230067	TimeGenerated=1389366578	TimeWritten=1389366578	Message=User Account Unlocked:   Target Account Name: Angela-Guerini   Target Domain:  EUROPE   Target Account ID: EUROPE\Angela-Guerini   Caller User Name: MPAdm   Caller Domain: EUROPE   Caller Logon ID: (0x0,0x28E01623)   
<13>Jan 10 16:05:47 EUNLVEDC02 AgentDevice=WindowsLog	AgentLogFile=Security	PluginVersion=1.0.14	Source=Security	Computer=EUNLVEDC02	User=KPAdm	Domain=EUROPE	EventID=671	EventIDCcorpoe=671	EventType=8	EventCategory=7	RecordNumber=1827225023	TimeGenerated=1389366321	TimeWritten=1389366321	Message=User Account Unlocked:   Target Account Name: Ekamma-Inanga   Target Domain:  EUROPE   Target Account ID: EUROPE\Ekamma-Inanga   Caller User Name: KPAdm   Caller Domain: EUROPE   Caller Logon ID: (0x0,0x28DE5A42)   
<13>Jan 10 15:38:21 EUNLVEDC02 AgentDevice=WindowsLog	AgentLogFile=Security	PluginVersion=1.0.14	Source=Security	Computer=EUNLVEDC02	User=ragadm	Domain=EUROPE	EventID=626	EventIDCcorpoe=626	EventType=8	EventCategory=7	RecordNumber=1827185663	TimeGenerated=1389364697	TimeWritten=1389364697	Message=User Account Enabled:   Target Account Name: Acrdadm   Target Domain: EUROPE   Target Account ID: EUROPE\Acrdadm   Caller User Name: ragadm   Caller Domain: EUROPE   Caller Logon ID: (0x0,0x28CED379)   
<13>Jan 10 15:38:21 EUNLVEDC02 AgentDevice=WindowsLog	AgentLogFile=Security	PluginVersion=1.0.14	Source=Security	Computer=EUNLVEDC02	User=ragadm	Domain=EUROPE	EventID=642	EventIDCcorpoe=642	EventType=8	EventCategory=7	RecordNumber=1827185662	TimeGenerated=1389364697	TimeWritten=1389364697	Message=User Account Changed:   Target Account Name: Acrdadm   Target Domain: EUROPE   Target Account ID: EUROPE\Acrdadm   Caller User Name: ragadm   Caller Domain: EUROPE   Caller Logon ID: (0x0,0x28CED379)   Privileges: -  Changed Attributes:   Sam Account Name: -   Display Name: -   User Principal Name: -   Home Directory: -   Home Drive: -   Script Path: -   Profile Path: -   User Workstations: -   Password Last Set: -   Account Expires: -   Primary Group ID: -   AllowedTcorpoelegateTo: -   Old UAC Value: 0x11   New UAC Value: 0x10   User Account Control:    Account Enabled    User Parameters: -   Sid History: -   Logon Hours: -   
<13>Jan 10 15:38:19 EUNLVEDC02 AgentDevice=WindowsLog	AgentLogFile=Security	PluginVersion=1.0.14	Source=Security	Computer=EUNLVEDC02	User=ragadm	Domain=EUROPE	EventID=642	EventIDCcorpoe=642	EventType=8	EventCategory=7	RecordNumber=1827185658	TimeGenerated=1389364697	TimeWritten=1389364697	Message=User Account Changed:   Target Account Name: Acrdadm   Target Domain: EUROPE   Target Account ID: EUROPE\Acrdadm   Caller User Name: ragadm   Caller Domain: EUROPE   Caller Logon ID: (0x0,0x28CED379)   Privileges: -  Changed Attributes:   Sam Account Name: -   Display Name: -   User Principal Name: -   Home Directory: -   Home Drive: -   Script Path: -   Profile Path: -   User Workstations: -   Password Last Set: -   Account Expires: -   Primary Group ID: -   AllowedTcorpoelegateTo: -   Old UAC Value: 0x15   New UAC Value: 0x11   User Account Control:    'Password Not Required' - Disabled    User Parameters: -   Sid History: -   Logon Hours: -   
<13>Jan 10 15:38:19 EUNLVEDC02 AgentDevice=WindowsLog	AgentLogFile=Security	PluginVersion=1.0.14	Source=Security	Computer=EUNLVEDC02	User=ragadm	Domain=EUROPE	EventID=642	EventIDCcorpoe=642	EventType=8	EventCategory=7	RecordNumber=1827185654	TimeGenerated=1389364697	TimeWritten=1389364697	Message=User Account Changed:   Target Account Name: Acrdadm   Target Domain: EUROPE   Target Account ID: EUROPE\Acrdadm   Caller User Name: ragadm   Caller Domain: EUROPE   Caller Logon ID: (0x0,0x28CED379)   Privileges: -  Changed Attributes:   Sam Account Name: -   Display Name: -   User Principal Name: -   Home Directory: -   Home Drive: -   Script Path: -   Profile Path: -   User Workstations: -   Password Last Set: <never>    Account Expires: -   Primary Group ID: -   AllowedTcorpoelegateTo: -   Old UAC Value: -   New UAC Value: -   User Account Control: -   User Parameters: -   Sid History: -   Logon Hours: -   
<13>Jan 10 15:38:19 EUNLVEDC02 AgentDevice=WindowsLog	AgentLogFile=Security	PluginVersion=1.0.14	Source=Security	Computer=EUNLVEDC02	User=ANONYMOUS LOGON	Domain=NT AUTHORITY	EventID=642	EventIDCcorpoe=642	EventType=8	EventCategory=7	RecordNumber=1827185639	TimeGenerated=1389364697	TimeWritten=1389364697	Message=User Account Changed:   Target Account Name: Acrdadm   Target Domain: EUROPE   Target Account ID: EUROPE\Acrdadm   Caller User Name: EUNLVEDC02$   Caller Domain: EUROPE   Caller Logon ID: (0x0,0x3E7)   Privileges: -  Changed Attributes:   Sam Account Name: -   Display Name: -   User Principal Name: -   Home Directory: -   Home Drive: -   Script Path: -   Profile Path: -   User Workstations: -   Password Last Set: 1/10/2014 3:38:17 PM   Account Expires: -   Primary Group ID: -   AllowedTcorpoelegateTo: -   Old UAC Value: -   New UAC Value: -   User Account Control: -   User Parameters: -   Sid History: -   Logon Hours: -   
<13>Jan 10 15:11:12 EUNLVEDC02 AgentDevice=WindowsLog	AgentLogFile=Security	PluginVersion=1.0.14	Source=Security	Computer=EUNLVEDC02	User=ETAdm	Domain=EUROPE	EventID=671	EventIDCcorpoe=671	EventType=8	EventCategory=7	RecordNumber=1827157571	TimeGenerated=1389363070	TimeWritten=1389363070	Message=User Account Unlocked:   Target Account Name: Antoin-Veltrop   Target Domain:  EUROPE   Target Account ID: EUROPE\Antoin-Veltrop   Caller User Name: ETAdm   Caller Domain: EUROPE   Caller Logon ID: (0x0,0x28C79CB5)   
<13>Jan 10 15:08:25 EUNLVEDC02 AgentDevice=WindowsLog	AgentLogFile=Security	PluginVersion=1.0.14	Source=Security	Computer=EUNLVEDC02	User=MaMadm	Domain=EUROPE	EventID=671	EventIDCcorpoe=671	EventType=8	EventCategory=7	RecordNumber=1827153566	TimeGenerated=1389362902	TimeWritten=1389362902	Message=User Account Unlocked:   Target Account Name: Henri-FOURTADO   Target Domain:  EUROPE   Target Account ID: EUROPE\Henri-FOURTADO   Caller User Name: MaMadm   Caller Domain: EUROPE   Caller Logon ID: (0x0,0x28C65870)   
<13>Jan 10 15:07:08 EUNLVEDC02 AgentDevice=WindowsLog	AgentLogFile=Security	PluginVersion=1.0.14	Source=Security	Computer=EUNLVEDC02	User=CLSADM	Domain=EUROPE	EventID=671	EventIDCcorpoe=671	EventType=8	EventCategory=7	RecordNumber=1827152130	TimeGenerated=1389362826	TimeWritten=1389362826	Message=User Account Unlocked:   Target Account Name: stephane-chabanier   Target Domain:  EUROPE   Target Account ID: EUROPE\stephane-chabanier   Caller User Name: CLSADM   Caller Domain: EUROPE   Caller Logon ID: (0x0,0x28C5D88E)   
<13>Jan 10 15:02:26 EUNLVEDC02 AgentDevice=WindowsLog	AgentLogFile=Security	PluginVersion=1.0.14	Source=Security	Computer=EUNLVEDC02	User=ChristinaTaska	Domain=EUROPE	EventID=642	EventIDCcorpoe=642	EventType=8	EventCategory=7	RecordNumber=1827146031	TimeGenerated=1389362542	TimeWritten=1389362542	Message=User Account Changed:   Target Account Name: ChristinaTaska   Target Domain: EUROPE   Target Account ID: EUROPE\ChristinaTaska   Caller User Name: ChristinaTaska   Caller Domain: EUROPE   Caller Logon ID: (0x0,0x28C3B783)   Privileges: -  Changed Attributes:   Sam Account Name: -   Display Name: -   User Principal Name: -   Home Directory: -   Home Drive: -   Script Path: -   Profile Path: -   User Workstations: -   Password Last Set: 1/10/2014 3:02:22 PM   Account Expires: -   Primary Group ID: -   AllowedTcorpoelegateTo: -   Old UAC Value: -   New UAC Value: -   User Account Control: -   User Parameters: -   Sid History: -   Logon Hours: -   
<13>Jan 10 15:00:01 EUNLVEDC02 AgentDevice=WindowsLog	AgentLogFile=Security	PluginVersion=1.0.14	Source=Security	Computer=EUNLVEDC02	User=MaMadm	Domain=EUROPE	EventID=671	EventIDCcorpoe=671	EventType=8	EventCategory=7	RecordNumber=1827142817	TimeGenerated=1389362399	TimeWritten=1389362399	Message=User Account Unlocked:   Target Account Name: Henri-FOURTADO   Target Domain:  EUROPE   Target Account ID: EUROPE\Henri-FOURTADO   Caller User Name: MaMadm   Caller Domain: EUROPE   Caller Logon ID: (0x0,0x28C2B3DF)   
<13>Jan 10 14:59:02 EUNLVEDC02 AgentDevice=WindowsLog	AgentLogFile=Security	PluginVersion=1.0.14	Source=Security	Computer=EUNLVEDC02	User=SYSTEM	Domain=NT AUTHORITY	EventID=644	EventIDCcorpoe=644	EventType=8	EventCategory=7	RecordNumber=1827141545	TimeGenerated=1389362338	TimeWritten=1389362338	Message=User Account Locked Out:   Target Account Name: Henri-FOURTADO   Target Account ID: EUROPE\Henri-FOURTADO   Caller Machine Name: FR056W031   Caller User Name: EUNLVEDC02$   Caller Domain: EUROPE   Caller Logon ID: (0x0,0x3E7)   
