<13>Jan 13 13:03:43 EUNLVEDC02 AgentDevice=WindowsLog	AgentLogFile=Security	PluginVersion=1.0.14	Source=Security	Computer=EUNLVEDC02	User=EUWSADD	Domain=EUROPE	EventID=645	EventIDCcorpoe=645	EventType=8	EventCategory=7	RecordNumber=1829990747	TimeGenerated=1389614567	TimeWritten=1389614567	Message=Computer Account Created:   New Account Name: NLLT00306530$   New Domain: EUROPE   New Account ID: EUROPE\NLLT00306530$   Caller User Name: EUWSADD   Caller Domain: EUROPE   Caller Logon ID: (0x0,0x2E3F36B3)   Privileges  -  Attributes:   Sam Account Name: NLLT00306530$   Display Name: -   User Principal Name: -   Home Directory: -   Home Drive: -   Script Path: -   Profile Path: -   User Workstations: -   Password Last Set: <never>    Account Expires: <never>    Primary Group ID: 515   AllowedTcorpoelegateTo: -   Old UAC Value: 0x0   New UAC Value: 0x80   User Account Control:    'Workstation Trust Account' - Enabled    User Parameters: -   Sid History: -   Logon Hours: <value not set>    DNS Host Name: NLLT00306530.europe.corpo.net   Service Principal Names:    HOST/NLLT00306530.europe.corpo.net   HOST/NLLT00306530    
<13>Jan 13 08:59:32 EUNLVEDC02 AgentDevice=WindowsLog	AgentLogFile=Security	PluginVersion=1.0.14	Source=Security	Computer=EUNLVEDC02	User=MIAadm	Domain=EUROPE	EventID=645	EventIDCcorpoe=645	EventType=8	EventCategory=7	RecordNumber=1829596774	TimeGenerated=1389599968	TimeWritten=1389599968	Message=Computer Account Created:   New Account Name: ROCJLT00134898$   New Domain: EUROPE   New Account ID: EUROPE\ROCJLT00134898$   Caller User Name: MIAadm   Caller Domain: EUROPE   Caller Logon ID: (0x0,0x2DC3398A)   Privileges  -  Attributes:   Sam Account Name: ROCJLT00134898$   Display Name: <value not set>    User Principal Name: -   Home Directory: <value not set>    Home Drive: <value not set>    Script Path: <value not set>    Profile Path: <value not set>    User Workstations: <value not set>    Password Last Set: <never>    Account Expires: <never>    Primary Group ID: 515   AllowedTcorpoelegateTo: -   Old UAC Value: 0x0   New UAC Value: 0x85   User Account Control:    Account Disabled    'Password Not Required' - Enabled    'Workstation Trust Account' - Enabled    User Parameters: <value changed, but not displayed>    Sid History: -   Logon Hours: <value not set>    DNS Host Name: -   Service Principal Names: -    
<13>Jan 10 15:38:19 EUNLVEDC02 AgentDevice=WindowsLog	AgentLogFile=Security	PluginVersion=1.0.14	Source=Security	Computer=EUNLVEDC02	User=ragadm	Domain=EUROPE	EventID=624	EventIDCcorpoe=624	EventType=8	EventCategory=7	RecordNumber=1827185634	TimeGenerated=1389364697	TimeWritten=1389364697	Message=User Account Created:   New Account Name: Acrdadm   New Domain: EUROPE   New Account ID: EUROPE\Acrdadm   Caller User Name: ragadm   Caller Domain: EUROPE   Caller Logon ID: (0x0,0x28CED379)   Privileges  -  Attributes:   Sam Account Name: Acrdadm   Display Name: AguilarCabanillas-RobertDaniel(ACS)   User Principal Name: Acrdadm@europe.corpo.net   Home Directory: -   Home Drive: -   Script Path: -   Profile Path: -   User Workstations: -   Password Last Set: <never>    Account Expires: <never>    Primary Group ID: 513   AllowedTcorpoelegateTo: -   Old UAC Value: 0x0   New UAC Value: 0x15   User Account Control:    Account Disabled    'Password Not Required' - Enabled    'Normal Account' - Enabled    User Parameters: -   Sid History: -   Logon Hours: <value changed, but not displayed>    
<13>Jan 13 14:41:05 EUNLVEDC02 AgentDevice=WindowsLog	AgentLogFile=Security	PluginVersion=1.0.14	Source=Security	Computer=EUNLVEDC02	User=MPAdm	Domain=EUROPE	EventID=671	EventIDCcorpoe=671	EventType=8	EventCategory=7	RecordNumber=1830173516	TimeGenerated=1389620461	TimeWritten=1389620461	Message=User Account Unlocked:   Target Account Name: Nello-Serafini   Target Domain:  EUROPE   Target Account ID: EUROPE\Nello-Serafini   Caller User Name: MPAdm   Caller Domain: EUROPE   Caller Logon ID: (0x0,0x2E71A444)   
<13>Jan 13 14:25:15 EUNLVEDC02 AgentDevice=WindowsLog	AgentLogFile=Security	PluginVersion=1.0.14	Source=Security	Computer=EUNLVEDC02	User=StSAdm	Domain=EUROPE	EventID=671	EventIDCcorpoe=671	EventType=8	EventCategory=7	RecordNumber=1830148733	TimeGenerated=1389619511	TimeWritten=1389619511	Message=User Account Unlocked:   Target Account Name: Alan-Barnes   Target Domain:  EUROPE   Target Account ID: EUROPE\Alan-Barnes   Caller User Name: StSAdm   Caller Domain: EUROPE   Caller Logon ID: (0x0,0x2E6A65AB)   
<13>Jan 13 14:08:08 EUNLVEDC02 AgentDevice=WindowsLog	AgentLogFile=Security	PluginVersion=1.0.14	Source=Security	Computer=EUNLVEDC02	User=SYSTEM	Domain=NT AUTHORITY	EventID=644	EventIDCcorpoe=644	EventType=8	EventCategory=7	RecordNumber=1830125281	TimeGenerated=1389618484	TimeWritten=1389618484	Message=User Account Locked Out:   Target Account Name: Stephane-Hamza   Target Account ID: EUROPE\Stephane-Hamza   Caller Machine Name: FR004W031   Caller User Name: EUNLVEDC02$   Caller Domain: EUROPE   Caller Logon ID: (0x0,0x3E7)   
<13>Jan 13 14:00:10 EUNLVEDC02 AgentDevice=WindowsLog	AgentLogFile=Security	PluginVersion=1.0.14	Source=Security	Computer=EUNLVEDC02	User=RPMan	Domain=EUROPE	EventID=642	EventIDCcorpoe=642	EventType=8	EventCategory=7	RecordNumber=1830113067	TimeGenerated=1389618008	TimeWritten=1389618008	Message=User Account Changed:   Target Account Name: svc-primeone_dev   Target Domain: EUROPE   Target Account ID: EUROPE\svc-primeone_dev   Caller User Name: RPMan   Caller Domain: EUROPE   Caller Logon ID: (0x0,0x2E5C072A)   Privileges: -  Changed Attributes:   Sam Account Name: svc-primeone_dev   Display Name: svc-primeone_dev   User Principal Name: svc-primeone_dev@europe.corpo.net   Home Directory: -   Home Drive: -   Script Path: -   Profile Path: -   User Workstations: -   Password Last Set: -   Account Expires: -   Primary Group ID: -   AllowedTcorpoelegateTo: -   Old UAC Value: -   New UAC Value: -   User Account Control: -   User Parameters: -   Sid History: -   Logon Hours: -   
<13>Jan 13 13:56:15 EUNLVEDC02 AgentDevice=WindowsLog	AgentLogFile=Security	PluginVersion=1.0.14	Source=Security	Computer=EUNLVEDC02	User=ANONYMOUS LOGON	Domain=NT AUTHORITY	EventID=642	EventIDCcorpoe=642	EventType=8	EventCategory=7	RecordNumber=1830107232	TimeGenerated=1389617772	TimeWritten=1389617772	Message=User Account Changed:   Target Account Name: Raluca-Hazi   Target Domain: EUROPE   Target Account ID: EUROPE\Raluca-Hazi   Caller User Name: ANONYMOUS LOGON   Caller Domain: NT AUTHORITY   Caller Logon ID: (0x0,0x2E5D5396)   Privileges: -  Changed Attributes:   Sam Account Name: -   Display Name: -   User Principal Name: -   Home Directory: -   Home Drive: -   Script Path: -   Profile Path: -   User Workstations: -   Password Last Set: 1/13/2014 1:56:12 PM   Account Expires: -   Primary Group ID: -   AllowedTcorpoelegateTo: -   Old UAC Value: -   New UAC Value: -   User Account Control: -   User Parameters: -   Sid History: -   Logon Hours: -   
<13>Jan 13 13:52:56 EUNLVEDC02 AgentDevice=WindowsLog	AgentLogFile=Security	PluginVersion=1.0.14	Source=Security	Computer=EUNLVEDC02	User=SusBadm	Domain=EUROPE	EventID=671	EventIDCcorpoe=671	EventType=8	EventCategory=7	RecordNumber=1830101093	TimeGenerated=1389617574	TimeWritten=1389617574	Message=User Account Unlocked:   Target Account Name: Jackie-Patterson   Target Domain:  EUROPE   Target Account ID: EUROPE\Jackie-Patterson   Caller User Name: SusBadm   Caller Domain: EUROPE   Caller Logon ID: (0x0,0x2E5B9C73)   
<13>Jan 13 13:23:56 EUNLVEDC02 AgentDevice=WindowsLog	AgentLogFile=Security	PluginVersion=1.0.14	Source=Security	Computer=EUNLVEDC02	User=DESAdm	Domain=EUROPE	EventID=671	EventIDCcorpoe=671	EventType=8	EventCategory=7	RecordNumber=1830038565	TimeGenerated=1389615658	TimeWritten=1389615658	Message=User Account Unlocked:   Target Account Name: Annemie-Donk   Target Domain:  EUROPE   Target Account ID: EUROPE\Annemie-Donk   Caller User Name: DESAdm   Caller Domain: EUROPE   Caller Logon ID: (0x0,0x2E4AE7BD)   
<13>Jan 13 13:12:46 EUNLVEDC02 AgentDevice=WindowsLog	AgentLogFile=Security	PluginVersion=1.0.14	Source=Security	Computer=EUNLVEDC02	User=ETAdm	Domain=EUROPE	EventID=671	EventIDCcorpoe=671	EventType=8	EventCategory=7	RecordNumber=1830006457	TimeGenerated=1389615163	TimeWritten=1389615163	Message=User Account Unlocked:   Target Account Name: Marisa-Brasse   Target Domain:  EUROPE   Target Account ID: EUROPE\Marisa-Brasse   Caller User Name: ETAdm   Caller Domain: EUROPE   Caller Logon ID: (0x0,0x2E444058)   
<13>Jan 13 13:10:27 EUNLVEDC02 AgentDevice=WindowsLog	AgentLogFile=Security	PluginVersion=1.0.14	Source=Security	Computer=EUNLVEDC02	User=SYSTEM	Domain=NT AUTHORITY	EventID=644	EventIDCcorpoe=644	EventType=8	EventCategory=7	RecordNumber=1830001252	TimeGenerated=1389615024	TimeWritten=1389615024	Message=User Account Locked Out:   Target Account Name: Marisa-Brasse   Target Account ID: EUROPE\Marisa-Brasse   Caller Machine Name: NLLT00314840   Caller User Name: EUNLVEDC02$   Caller Domain: EUROPE   Caller Logon ID: (0x0,0x3E7)   
<13>Jan 13 13:09:39 EUNLVEDC02 AgentDevice=WindowsLog	AgentLogFile=Security	PluginVersion=1.0.14	Source=Security	Computer=EUNLVEDC02	User=ETAdm	Domain=EUROPE	EventID=671	EventIDCcorpoe=671	EventType=8	EventCategory=7	RecordNumber=1830000276	TimeGenerated=1389614975	TimeWritten=1389614975	Message=User Account Unlocked:   Target Account Name: Marisa-Brasse   Target Domain:  EUROPE   Target Account ID: EUROPE\Marisa-Brasse   Caller User Name: ETAdm   Caller Domain: EUROPE   Caller Logon ID: (0x0,0x2E426CF7)   
<13>Jan 13 13:07:14 EUNLVEDC02 AgentDevice=WindowsLog	AgentLogFile=Security	PluginVersion=1.0.14	Source=Security	Computer=EUNLVEDC02	User=SYSTEM	Domain=NT AUTHORITY	EventID=644	EventIDCcorpoe=644	EventType=8	EventCategory=7	RecordNumber=1829997144	TimeGenerated=1389614832	TimeWritten=1389614832	Message=User Account Locked Out:   Target Account Name: Marisa-Brasse   Target Account ID: EUROPE\Marisa-Brasse   Caller Machine Name: NLLT00314840   Caller User Name: EUNLVEDC02$   Caller Domain: EUROPE   Caller Logon ID: (0x0,0x3E7)   
<13>Jan 13 13:05:20 EUNLVEDC02 AgentDevice=WindowsLog	AgentLogFile=Security	PluginVersion=1.0.14	Source=Security	Computer=EUNLVEDC02	User=MADDam	Domain=EUROPE	EventID=671	EventIDCcorpoe=671	EventType=8	EventCategory=7	RecordNumber=1829994207	TimeGenerated=1389614718	TimeWritten=1389614718	Message=User Account Unlocked:   Target Account Name: Mehdi-DEHRIB   Target Domain:  EUROPE   Target Account ID: EUROPE\Mehdi-DEHRIB   Caller User Name: MADDam   Caller Domain: EUROPE   Caller Logon ID: (0x0,0x2E4071F6)   
<13>Jan 13 13:03:43 EUNLVEDC02 AgentDevice=WindowsLog	AgentLogFile=Security	PluginVersion=1.0.14	Source=Security	Computer=EUNLVEDC02	User=EUWSADD	Domain=EUROPE	EventID=626	EventIDCcorpoe=626	EventType=8	EventCategory=7	RecordNumber=1829990775	TimeGenerated=1389614567	TimeWritten=1389614567	Message=User Account Enabled:   Target Account Name: NLLT00306530$   Target Domain: EUROPE   Target Account ID: EUROPE\NLLT00306530$   Caller User Name: EUWSADD   Caller Domain: EUROPE   Caller Logon ID: (0x0,0x2E3F36B3)   
<13>Jan 13 13:03:43 EUNLVEDC02 AgentDevice=WindowsLog	AgentLogFile=Security	PluginVersion=1.0.14	Source=Security	Computer=EUNLVEDC02	User=EUWSADD	Domain=EUROPE	EventID=629	EventIDCcorpoe=629	EventType=8	EventCategory=7	RecordNumber=1829990761	TimeGenerated=1389614567	TimeWritten=1389614567	Message=User Account Disabled:   Target Account Name: NLLT00306530$   Target Domain: EUROPE   Target Account ID: EUROPE\NLLT00306530$   Caller User Name: EUWSADD   Caller Domain: EUROPE   Caller Logon ID: (0x0,0x2E3F36B3)   
<13>Jan 13 13:03:43 EUNLVEDC02 AgentDevice=WindowsLog	AgentLogFile=Security	PluginVersion=1.0.14	Source=Security	Computer=EUNLVEDC02	User=EUWSADD	Domain=EUROPE	EventID=626	EventIDCcorpoe=626	EventType=8	EventCategory=7	RecordNumber=1829990748	TimeGenerated=1389614567	TimeWritten=1389614567	Message=User Account Enabled:   Target Account Name: NLLT00306530$   Target Domain: EUROPE   Target Account ID: EUROPE\NLLT00306530$   Caller User Name: EUWSADD   Caller Domain: EUROPE   Caller Logon ID: (0x0,0x2E3F36B3)   
<13>Jan 13 13:00:04 EUNLVEDC02 AgentDevice=WindowsLog	AgentLogFile=Security	PluginVersion=1.0.14	Source=Security	Computer=EUNLVEDC02	User=Peter-Huberts	Domain=EUROPE	EventID=642	EventIDCcorpoe=642	EventType=8	EventCategory=7	RecordNumber=1829982837	TimeGenerated=1389614399	TimeWritten=1389614399	Message=User Account Changed:   Target Account Name: Peter-Huberts   Target Domain: EUROPE   Target Account ID: EUROPE\Peter-Huberts   Caller User Name: Peter-Huberts   Caller Domain: EUROPE   Caller Logon ID: (0x0,0x2E3D6CC3)   Privileges: -  Changed Attributes:   Sam Account Name: -   Display Name: -   User Principal Name: -   Home Directory: -   Home Drive: -   Script Path: -   Profile Path: -   User Workstations: -   Password Last Set: 1/13/2014 12:59:59 PM   Account Expires: -   Primary Group ID: -   AllowedTcorpoelegateTo: -   Old UAC Value: -   New UAC Value: -   User Account Control: -   User Parameters: -   Sid History: -   Logon Hours: -   
<13>Jan 13 12:57:06 EUNLVEDC02 AgentDevice=WindowsLog	AgentLogFile=Security	PluginVersion=1.0.14	Source=Security	Computer=EUNLVEDC02	User=SusBadm	Domain=EUROPE	EventID=671	EventIDCcorpoe=671	EventType=8	EventCategory=7	RecordNumber=1829978635	TimeGenerated=1389614222	TimeWritten=1389614222	Message=User Account Unlocked:   Target Account Name: Neil-Matthews   Target Domain:  EUROPE   Target Account ID: EUROPE\Neil-Matthews   Caller User Name: SusBadm   Caller Domain: EUROPE   Caller Logon ID: (0x0,0x2E3C2853)   
<13>Jan 13 12:55:35 EUNLVEDC02 AgentDevice=WindowsLog	AgentLogFile=Security	PluginVersion=1.0.14	Source=Security	Computer=EUNLVEDC02	User=RCAdm	Domain=EUROPE	EventID=671	EventIDCcorpoe=671	EventType=8	EventCategory=7	RecordNumber=1829976367	TimeGenerated=1389614132	TimeWritten=1389614132	Message=User Account Unlocked:   Target Account Name: Nicole-Engelke   Target Domain:  EUROPE   Target Account ID: EUROPE\Nicole-Engelke   Caller User Name: RCAdm   Caller Domain: EUROPE   Caller Logon ID: (0x0,0x2E3B7DA5)   
<13>Jan 13 12:55:10 EUNLVEDC02 AgentDevice=WindowsLog	AgentLogFile=Security	PluginVersion=1.0.14	Source=Security	Computer=EUNLVEDC02	User=SusBadm	Domain=EUROPE	EventID=671	EventIDCcorpoe=671	EventType=8	EventCategory=7	RecordNumber=1829975862	TimeGenerated=1389614108	TimeWritten=1389614108	Message=User Account Unlocked:   Target Account Name: Neil-Matthews   Target Domain:  EUROPE   Target Account ID: EUROPE\Neil-Matthews   Caller User Name: SusBadm   Caller Domain: EUROPE   Caller Logon ID: (0x0,0x2E3B54D2)   
<13>Jan 13 12:31:17 EUNLVEDC02 AgentDevice=WindowsLog	AgentLogFile=Security	PluginVersion=1.0.14	Source=Security	Computer=EUNLVEDC02	User=SYSTEM	Domain=NT AUTHORITY	EventID=644	EventIDCcorpoe=644	EventType=8	EventCategory=7	RecordNumber=1829942789	TimeGenerated=1389612675	TimeWritten=1389612675	Message=User Account Locked Out:   Target Account Name: Nicole-Engelke   Target Account ID: EUROPE\Nicole-Engelke   Caller Machine Name: NLVEPC07445   Caller User Name: EUNLVEDC02$   Caller Domain: EUROPE   Caller Logon ID: (0x0,0x3E7)   
<13>Jan 13 12:27:27 EUNLVEDC02 AgentDevice=WindowsLog	AgentLogFile=Security	PluginVersion=1.0.14	Source=Security	Computer=EUNLVEDC02	User=KPAdm	Domain=EUROPE	EventID=671	EventIDCcorpoe=671	EventType=8	EventCategory=7	RecordNumber=1829937378	TimeGenerated=1389612445	TimeWritten=1389612445	Message=User Account Unlocked:   Target Account Name: Michael-LloydJones   Target Domain:  EUROPE   Target Account ID: EUROPE\Michael-LloydJones   Caller User Name: KPAdm   Caller Domain: EUROPE   Caller Logon ID: (0x0,0x2E2EF9B0)   
<13>Jan 13 12:15:38 EUNLVEDC02 AgentDevice=WindowsLog	AgentLogFile=Security	PluginVersion=1.0.14	Source=Security	Computer=EUNLVEDC02	User=ETAdm	Domain=EUROPE	EventID=671	EventIDCcorpoe=671	EventType=8	EventCategory=7	RecordNumber=1829920956	TimeGenerated=1389611735	TimeWritten=1389611735	Message=User Account Unlocked:   Target Account Name: Karin-Vercoulen   Target Domain:  EUROPE   Target Account ID: EUROPE\Karin-Vercoulen   Caller User Name: ETAdm   Caller Domain: EUROPE   Caller Logon ID: (0x0,0x2E29AC82)   
<13>Jan 13 12:03:38 EUNLVEDC02 AgentDevice=WindowsLog	AgentLogFile=Security	PluginVersion=1.0.14	Source=Security	Computer=EUNLVEDC02	User=RCAdm	Domain=EUROPE	EventID=671	EventIDCcorpoe=671	EventType=8	EventCategory=7	RecordNumber=1829901070	TimeGenerated=1389610965	TimeWritten=1389610965	Message=User Account Unlocked:   Target Account Name: Frank-Keysers   Target Domain:  EUROPE   Target Account ID: EUROPE\Frank-Keysers   Caller User Name: RCAdm   Caller Domain: EUROPE   Caller Logon ID: (0x0,0x2E234B59)   
<13>Jan 13 11:57:01 EUNLVEDC02 AgentDevice=WindowsLog	AgentLogFile=Security	PluginVersion=1.0.14	Source=Security	Computer=EUNLVEDC02	User=MaMadm	Domain=EUROPE	EventID=671	EventIDCcorpoe=671	EventType=8	EventCategory=7	RecordNumber=1829888718	TimeGenerated=1389610618	TimeWritten=1389610618	Message=User Account Unlocked:   Target Account Name: Xavier-Magny   Target Domain:  EUROPE   Target Account ID: EUROPE\Xavier-Magny   Caller User Name: MaMadm   Caller Domain: EUROPE   Caller Logon ID: (0x0,0x2E201EAC)   
<13>Jan 13 11:51:24 EUNLVEDC02 AgentDevice=WindowsLog	AgentLogFile=Security	PluginVersion=1.0.14	Source=Security	Computer=EUNLVEDC02	User=SYSTEM	Domain=NT AUTHORITY	EventID=644	EventIDCcorpoe=644	EventType=8	EventCategory=7	RecordNumber=1829880158	TimeGenerated=1389610282	TimeWritten=1389610282	Message=User Account Locked Out:   Target Account Name: Xavier-Magny   Target Account ID: EUROPE\Xavier-Magny   Caller Machine Name: FRLT00215270   Caller User Name: EUNLVEDC02$   Caller Domain: EUROPE   Caller Logon ID: (0x0,0x3E7)   
<13>Jan 13 11:51:24 EUNLVEDC02 AgentDevice=WindowsLog	AgentLogFile=Security	PluginVersion=1.0.14	Source=Security	Computer=EUNLVEDC02	User=SYSTEM	Domain=NT AUTHORITY	EventID=644	EventIDCcorpoe=644	EventType=8	EventCategory=7	RecordNumber=1829880160	TimeGenerated=1389610282	TimeWritten=1389610282	Message=User Account Locked Out:   Target Account Name: Xavier-Magny   Target Account ID: EUROPE\Xavier-Magny   Caller Machine Name: FRLT00215270   Caller User Name: EUNLVEDC02$   Caller Domain: EUROPE   Caller Logon ID: (0x0,0x3E7)   
<13>Jan 13 11:51:08 EUNLVEDC02 AgentDevice=WindowsLog	AgentLogFile=Security	PluginVersion=1.0.14	Source=Security	Computer=EUNLVEDC02	User=MaMadm	Domain=EUROPE	EventID=671	EventIDCcorpoe=671	EventType=8	EventCategory=7	RecordNumber=1829879670	TimeGenerated=1389610266	TimeWritten=1389610266	Message=User Account Unlocked:   Target Account Name: Xavier-Magny   Target Domain:  EUROPE   Target Account ID: EUROPE\Xavier-Magny   Caller User Name: MaMadm   Caller Domain: EUROPE   Caller Logon ID: (0x0,0x2E1D39B3)   
<13>Jan 13 11:51:04 EUNLVEDC02 AgentDevice=WindowsLog	AgentLogFile=Security	PluginVersion=1.0.14	Source=Security	Computer=EUNLVEDC02	User=SYSTEM	Domain=NT AUTHORITY	EventID=644	EventIDCcorpoe=644	EventType=8	EventCategory=7	RecordNumber=1829879464	TimeGenerated=1389610260	TimeWritten=1389610260	Message=User Account Locked Out:   Target Account Name: Xavier-Magny   Target Account ID: EUROPE\Xavier-Magny   Caller Machine Name: FRLT00215270   Caller User Name: EUNLVEDC02$   Caller Domain: EUROPE   Caller Logon ID: (0x0,0x3E7)   
<13>Jan 13 11:51:04 EUNLVEDC02 AgentDevice=WindowsLog	AgentLogFile=Security	PluginVersion=1.0.14	Source=Security	Computer=EUNLVEDC02	User=SYSTEM	Domain=NT AUTHORITY	EventID=644	EventIDCcorpoe=644	EventType=8	EventCategory=7	RecordNumber=1829879463	TimeGenerated=1389610260	TimeWritten=1389610260	Message=User Account Locked Out:   Target Account Name: Xavier-Magny   Target Account ID: EUROPE\Xavier-Magny   Caller Machine Name: FRLT00215270   Caller User Name: EUNLVEDC02$   Caller Domain: EUROPE   Caller Logon ID: (0x0,0x3E7)   
<13>Jan 13 11:50:40 EUNLVEDC02 AgentDevice=WindowsLog	AgentLogFile=Security	PluginVersion=1.0.14	Source=Security	Computer=EUNLVEDC02	User=MaMadm	Domain=EUROPE	EventID=671	EventIDCcorpoe=671	EventType=8	EventCategory=7	RecordNumber=1829878712	TimeGenerated=1389610237	TimeWritten=1389610237	Message=User Account Unlocked:   Target Account Name: Xavier-Magny   Target Domain:  EUROPE   Target Account ID: EUROPE\Xavier-Magny   Caller User Name: MaMadm   Caller Domain: EUROPE   Caller Logon ID: (0x0,0x2E1CEDF5)   
<13>Jan 13 11:50:17 EUNLVEDC02 AgentDevice=WindowsLog	AgentLogFile=Security	PluginVersion=1.0.14	Source=Security	Computer=EUNLVEDC02	User=RCAdm	Domain=EUROPE	EventID=671	EventIDCcorpoe=671	EventType=8	EventCategory=7	RecordNumber=1829878060	TimeGenerated=1389610214	TimeWritten=1389610214	Message=User Account Unlocked:   Target Account Name: Susanne-Smeets   Target Domain:  EUROPE   Target Account ID: EUROPE\Susanne-Kessels   Caller User Name: RCAdm   Caller Domain: EUROPE   Caller Logon ID: (0x0,0x2E1CBD1E)   
<13>Jan 13 11:46:32 EUNLVEDC02 AgentDevice=WindowsLog	AgentLogFile=Security	PluginVersion=1.0.14	Source=Security	Computer=EUNLVEDC02	User=CLSADM	Domain=EUROPE	EventID=671	EventIDCcorpoe=671	EventType=8	EventCategory=7	RecordNumber=1829871969	TimeGenerated=1389609979	TimeWritten=1389609979	Message=User Account Unlocked:   Target Account Name: Mireille-Mihoub   Target Domain:  EUROPE   Target Account ID: EUROPE\Mireille-Mihoub   Caller User Name: CLSADM   Caller Domain: EUROPE   Caller Logon ID: (0x0,0x2E1AD247)   
<13>Jan 13 11:40:02 EUNLVEDC02 AgentDevice=WindowsLog	AgentLogFile=Security	PluginVersion=1.0.14	Source=Security	Computer=EUNLVEDC02	User=ANONYMOUS LOGON	Domain=NT AUTHORITY	EventID=642	EventIDCcorpoe=642	EventType=8	EventCategory=7	RecordNumber=1829860541	TimeGenerated=1389609598	TimeWritten=1389609598	Message=User Account Changed:   Target Account Name: Ignacio-Babe   Target Domain: EUROPE   Target Account ID: EUROPE\Ignacio-Babe   Caller User Name: ANONYMOUS LOGON   Caller Domain: NT AUTHORITY   Caller Logon ID: (0x0,0x2E1777AA)   Privileges: -  Changed Attributes:   Sam Account Name: -   Display Name: -   User Principal Name: -   Home Directory: -   Home Drive: -   Script Path: -   Profile Path: -   User Workstations: -   Password Last Set: 1/13/2014 11:39:58 AM   Account Expires: -   Primary Group ID: -   AllowedTcorpoelegateTo: -   Old UAC Value: -   New UAC Value: -   User Account Control: -   User Parameters: -   Sid History: -   Logon Hours: -   
<13>Jan 13 11:33:02 EUNLVEDC02 AgentDevice=WindowsLog	AgentLogFile=Security	PluginVersion=1.0.14	Source=Security	Computer=EUNLVEDC02	User=SusBadm	Domain=EUROPE	EventID=671	EventIDCcorpoe=671	EventType=8	EventCategory=7	RecordNumber=1829850241	TimeGenerated=1389609179	TimeWritten=1389609179	Message=User Account Unlocked:   Target Account Name: David-Baum   Target Domain:  EUROPE   Target Account ID: EUROPE\David-Baum   Caller User Name: SusBadm   Caller Domain: EUROPE   Caller Logon ID: (0x0,0x2E1432A0)   
<13>Jan 13 11:26:16 EUNLVEDC02 AgentDevice=WindowsLog	AgentLogFile=Security	PluginVersion=1.0.14	Source=Security	Computer=EUNLVEDC02	User=RCAdm	Domain=EUROPE	EventID=671	EventIDCcorpoe=671	EventType=8	EventCategory=7	RecordNumber=1829839905	TimeGenerated=1389608774	TimeWritten=1389608774	Message=User Account Unlocked:   Target Account Name: Tom-Pelzer   Target Domain:  EUROPE   Target Account ID: EUROPE\Tom-Pelzer   Caller User Name: RCAdm   Caller Domain: EUROPE   Caller Logon ID: (0x0,0x2E10F36D)   
<13>Jan 13 11:17:24 EUNLVEDC02 AgentDevice=WindowsLog	AgentLogFile=Security	PluginVersion=1.0.14	Source=Security	Computer=EUNLVEDC02	User=MaMadm	Domain=EUROPE	EventID=671	EventIDCcorpoe=671	EventType=8	EventCategory=7	RecordNumber=1829826620	TimeGenerated=1389608241	TimeWritten=1389608241	Message=User Account Unlocked:   Target Account Name: Najima-Gounadi   Target Domain:  EUROPE   Target Account ID: EUROPE\Najima-Gounadi   Caller User Name: MaMadm   Caller Domain: EUROPE   Caller Logon ID: (0x0,0x2E0CA890)   
<13>Jan 13 11:12:51 EUNLVEDC02 AgentDevice=WindowsLog	AgentLogFile=Security	PluginVersion=1.0.14	Source=Security	Computer=EUNLVEDC02	User=SYSTEM	Domain=NT AUTHORITY	EventID=644	EventIDCcorpoe=644	EventType=8	EventCategory=7	RecordNumber=1829819644	TimeGenerated=1389607968	TimeWritten=1389607968	Message=User Account Locked Out:   Target Account Name: Xavier-Magny   Target Account ID: EUROPE\Xavier-Magny   Caller Machine Name: FRLT00215270   Caller User Name: EUNLVEDC02$   Caller Domain: EUROPE   Caller Logon ID: (0x0,0x3E7)   
<13>Jan 13 11:11:06 EUNLVEDC02 AgentDevice=WindowsLog	AgentLogFile=Security	PluginVersion=1.0.14	Source=Security	Computer=EUNLVEDC02	User=MPAdm	Domain=EUROPE	EventID=671	EventIDCcorpoe=671	EventType=8	EventCategory=7	RecordNumber=1829817429	TimeGenerated=1389607863	TimeWritten=1389607863	Message=User Account Unlocked:   Target Account Name: Sonia-Cappelli   Target Domain:  EUROPE   Target Account ID: EUROPE\Sonia-Cappelli   Caller User Name: MPAdm   Caller Domain: EUROPE   Caller Logon ID: (0x0,0x2E09D96E)   
<13>Jan 13 11:09:03 EUNLVEDC02 AgentDevice=WindowsLog	AgentLogFile=Security	PluginVersion=1.0.14	Source=Security	Computer=EUNLVEDC02	User=RPMan	Domain=EUROPE	EventID=671	EventIDCcorpoe=671	EventType=8	EventCategory=7	RecordNumber=1829814422	TimeGenerated=1389607740	TimeWritten=1389607740	Message=User Account Unlocked:   Target Account Name: RPMan   Target Domain:  EUROPE   Target Account ID: EUROPE\RPMan   Caller User Name: RPMan   Caller Domain: EUROPE   Caller Logon ID: (0x0,0x2E08D45F)   
<13>Jan 13 11:08:04 EUNLVEDC02 AgentDevice=WindowsLog	AgentLogFile=Security	PluginVersion=1.0.14	Source=Security	Computer=EUNLVEDC02	User=KPAdm	Domain=EUROPE	EventID=671	EventIDCcorpoe=671	EventType=8	EventCategory=7	RecordNumber=1829813135	TimeGenerated=1389607680	TimeWritten=1389607680	Message=User Account Unlocked:   Target Account Name: UKLE-Warehouse Manag   Target Domain:  EUROPE   Target Account ID: EUROPE\UKLE-Warehouse Manag   Caller User Name: KPAdm   Caller Domain: EUROPE   Caller Logon ID: (0x0,0x2E0876E3)   
<13>Jan 13 10:59:43 EUNLVEDC02 AgentDevice=WindowsLog	AgentLogFile=Security	PluginVersion=1.0.14	Source=Security	Computer=EUNLVEDC02	User=SYSTEM	Domain=NT AUTHORITY	EventID=644	EventIDCcorpoe=644	EventType=8	EventCategory=7	RecordNumber=1829799874	TimeGenerated=1389607180	TimeWritten=1389607180	Message=User Account Locked Out:   Target Account Name: Erica-Gloudi   Target Account ID: EUROPE\Erica-Gloudi   Caller Machine Name: NLVEPC08113   Caller User Name: EUNLVEDC02$   Caller Domain: EUROPE   Caller Logon ID: (0x0,0x3E7)   
<13>Jan 13 10:52:23 EUNLVEDC02 AgentDevice=WindowsLog	AgentLogFile=Security	PluginVersion=1.0.14	Source=Security	Computer=EUNLVEDC02	User=Bernardo-Macarro	Domain=EUROPE	EventID=642	EventIDCcorpoe=642	EventType=8	EventCategory=7	RecordNumber=1829787831	TimeGenerated=1389606740	TimeWritten=1389606740	Message=User Account Changed:   Target Account Name: Bernardo-Macarro   Target Domain: EUROPE   Target Account ID: EUROPE\Bernardo-Macarro   Caller User Name: Bernardo-Macarro   Caller Domain: EUROPE   Caller Logon ID: (0x0,0x2E00F3AD)   Privileges: -  Changed Attributes:   Sam Account Name: -   Display Name: -   User Principal Name: -   Home Directory: -   Home Drive: -   Script Path: -   Profile Path: -   User Workstations: -   Password Last Set: 1/13/2014 10:52:20 AM   Account Expires: -   Primary Group ID: -   AllowedTcorpoelegateTo: -   Old UAC Value: -   New UAC Value: -   User Account Control: -   User Parameters: -   Sid History: -   Logon Hours: -   
<13>Jan 13 10:45:45 EUNLVEDC02 AgentDevice=WindowsLog	AgentLogFile=Security	PluginVersion=1.0.14	Source=Security	Computer=EUNLVEDC02	User=SYSTEM	Domain=NT AUTHORITY	EventID=644	EventIDCcorpoe=644	EventType=8	EventCategory=7	RecordNumber=1829778190	TimeGenerated=1389606342	TimeWritten=1389606342	Message=User Account Locked Out:   Target Account Name: Markus-Egger   Target Account ID: EUROPE\Markus-Egger   Caller Machine Name: NLVEPC0065VM   Caller User Name: EUNLVEDC02$   Caller Domain: EUROPE   Caller Logon ID: (0x0,0x3E7)   
<13>Jan 13 10:43:02 EUNLVEDC02 AgentDevice=WindowsLog	AgentLogFile=Security	PluginVersion=1.0.14	Source=Security	Computer=EUNLVEDC02	User=MTAdm	Domain=EUROPE	EventID=642	EventIDCcorpoe=642	EventType=8	EventCategory=7	RecordNumber=1829774716	TimeGenerated=1389606180	TimeWritten=1389606180	Message=User Account Changed:   Target Account Name: MTAdm   Target Domain: EUROPE   Target Account ID: EUROPE\MTAdm   Caller User Name: MTAdm   Caller Domain: EUROPE   Caller Logon ID: (0x0,0x2DFCB81B)   Privileges: -  Changed Attributes:   Sam Account Name: -   Display Name: -   User Principal Name: -   Home Directory: -   Home Drive: -   Script Path: -   Profile Path: -   User Workstations: -   Password Last Set: 1/13/2014 10:43:00 AM   Account Expires: -   Primary Group ID: -   AllowedTcorpoelegateTo: -   Old UAC Value: -   New UAC Value: -   User Account Control: -   User Parameters: -   Sid History: -   Logon Hours: -   
<13>Jan 13 10:39:31 EUNLVEDC02 AgentDevice=WindowsLog	AgentLogFile=Security	PluginVersion=1.0.14	Source=Security	Computer=EUNLVEDC02	User=ANONYMOUS LOGON	Domain=NT AUTHORITY	EventID=642	EventIDCcorpoe=642	EventType=8	EventCategory=7	RecordNumber=1829769759	TimeGenerated=1389605968	TimeWritten=1389605968	Message=User Account Changed:   Target Account Name: Corina-Muntean   Target Domain: EUROPE   Target Account ID: EUROPE\Corina-Muntean   Caller User Name: ANONYMOUS LOGON   Caller Domain: NT AUTHORITY   Caller Logon ID: (0x0,0x2DFB1C6C)   Privileges: -  Changed Attributes:   Sam Account Name: -   Display Name: -   User Principal Name: -   Home Directory: -   Home Drive: -   Script Path: -   Profile Path: -   User Workstations: -   Password Last Set: 1/13/2014 10:39:27 AM   Account Expires: -   Primary Group ID: -   AllowedTcorpoelegateTo: -   Old UAC Value: -   New UAC Value: -   User Account Control: -   User Parameters: -   Sid History: -   Logon Hours: -   
<13>Jan 13 10:29:12 EUNLVEDC02 AgentDevice=WindowsLog	AgentLogFile=Security	PluginVersion=1.0.14	Source=Security	Computer=EUNLVEDC02	User=MPAdm	Domain=EUROPE	EventID=671	EventIDCcorpoe=671	EventType=8	EventCategory=7	RecordNumber=1829753628	TimeGenerated=1389605350	TimeWritten=1389605350	Message=User Account Unlocked:   Target Account Name: Clorinda-Fera   Target Domain:  EUROPE   Target Account ID: EUROPE\Clorinda-Fera   Caller User Name: MPAdm   Caller Domain: EUROPE   Caller Logon ID: (0x0,0x2DF5E5AC)   
<13>Jan 13 10:08:08 EUNLVEDC02 AgentDevice=WindowsLog	AgentLogFile=Security	PluginVersion=1.0.14	Source=Security	Computer=EUNLVEDC02	User=DPAdm	Domain=EUROPE	EventID=671	EventIDCcorpoe=671	EventType=8	EventCategory=7	RecordNumber=1829717445	TimeGenerated=1389604085	TimeWritten=1389604085	Message=User Account Unlocked:   Target Account Name: JeanPierre-Tabary   Target Domain:  EUROPE   Target Account ID: EUROPE\JeanPierre-Tabary   Caller User Name: DPAdm   Caller Domain: EUROPE   Caller Logon ID: (0x0,0x2DEB1300)   
<13>Jan 13 10:01:06 EUNLVEDC02 AgentDevice=WindowsLog	AgentLogFile=Security	PluginVersion=1.0.14	Source=Security	Computer=EUNLVEDC02	User=MADDam	Domain=EUROPE	EventID=671	EventIDCcorpoe=671	EventType=8	EventCategory=7	RecordNumber=1829704038	TimeGenerated=1389603662	TimeWritten=1389603662	Message=User Account Unlocked:   Target Account Name: Emeline-Severin   Target Domain:  EUROPE   Target Account ID: EUROPE\Emeline-Severin   Caller User Name: MADDam   Caller Domain: EUROPE   Caller Logon ID: (0x0,0x2DE705DD)   
<13>Jan 13 09:59:46 EUNLVEDC02 AgentDevice=WindowsLog	AgentLogFile=Security	PluginVersion=1.0.14	Source=Security	Computer=EUNLVEDC02	User=DPAdm	Domain=EUROPE	EventID=671	EventIDCcorpoe=671	EventType=8	EventCategory=7	RecordNumber=1829701241	TimeGenerated=1389603583	TimeWritten=1389603583	Message=User Account Unlocked:   Target Account Name: Maria-Rcorporigues   Target Domain:  EUROPE   Target Account ID: EUROPE\Maria-Rcorporigues   Caller User Name: DPAdm   Caller Domain: EUROPE   Caller Logon ID: (0x0,0x2DE63C8C)   
<13>Jan 13 09:53:56 EUNLVEDC02 AgentDevice=WindowsLog	AgentLogFile=Security	PluginVersion=1.0.14	Source=Security	Computer=EUNLVEDC02	User=KPAdm	Domain=EUROPE	EventID=671	EventIDCcorpoe=671	EventType=8	EventCategory=7	RecordNumber=1829690960	TimeGenerated=1389603233	TimeWritten=1389603233	Message=User Account Unlocked:   Target Account Name: Caitlin-Blick   Target Domain:  EUROPE   Target Account ID: EUROPE\Caitlin-Blick   Caller User Name: KPAdm   Caller Domain: EUROPE   Caller Logon ID: (0x0,0x2DE310E3)   
<13>Jan 13 09:47:39 EUNLVEDC02 AgentDevice=WindowsLog	AgentLogFile=Security	PluginVersion=1.0.14	Source=Security	Computer=EUNLVEDC02	User=DESAdm	Domain=EUROPE	EventID=671	EventIDCcorpoe=671	EventType=8	EventCategory=7	RecordNumber=1829680533	TimeGenerated=1389602856	TimeWritten=1389602856	Message=User Account Unlocked:   Target Account Name: Yvette-Gijsen   Target Domain:  EUROPE   Target Account ID: EUROPE\Yvette-Gijsen   Caller User Name: DESAdm   Caller Domain: EUROPE   Caller Logon ID: (0x0,0x2DDFB1BA)   
<13>Jan 13 09:33:44 EUNLVEDC02 AgentDevice=WindowsLog	AgentLogFile=Security	PluginVersion=1.0.14	Source=Security	Computer=EUNLVEDC02	User=Sjoerd-vanLeeuwen	Domain=EUROPE	EventID=642	EventIDCcorpoe=642	EventType=8	EventCategory=7	RecordNumber=1829656485	TimeGenerated=1389602021	TimeWritten=1389602021	Message=User Account Changed:   Target Account Name: Sjoerd-vanLeeuwen   Target Domain: EUROPE   Target Account ID: EUROPE\Sjoerd-vanLeeuwen   Caller User Name: Sjoerd-vanLeeuwen   Caller Domain: EUROPE   Caller Logon ID: (0x0,0x2DD7A630)   Privileges: -  Changed Attributes:   Sam Account Name: -   Display Name: -   User Principal Name: -   Home Directory: -   Home Drive: -   Script Path: -   Profile Path: -   User Workstations: -   Password Last Set: 1/13/2014 9:33:41 AM   Account Expires: -   Primary Group ID: -   AllowedTcorpoelegateTo: -   Old UAC Value: -   New UAC Value: -   User Account Control: -   User Parameters: -   Sid History: -   Logon Hours: -   
<13>Jan 13 09:32:08 EUNLVEDC02 AgentDevice=WindowsLog	AgentLogFile=Security	PluginVersion=1.0.14	Source=Security	Computer=EUNLVEDC02	User=DESAdm	Domain=EUROPE	EventID=671	EventIDCcorpoe=671	EventType=8	EventCategory=7	RecordNumber=1829653408	TimeGenerated=1389601925	TimeWritten=1389601925	Message=User Account Unlocked:   Target Account Name: Anne-Brouwers   Target Domain:  EUROPE   Target Account ID: EUROPE\Anne-Brouwers   Caller User Name: DESAdm   Caller Domain: EUROPE   Caller Logon ID: (0x0,0x2DD68BF0)   
<13>Jan 13 09:29:38 EUNLVEDC02 AgentDevice=WindowsLog	AgentLogFile=Security	PluginVersion=1.0.14	Source=Security	Computer=EUNLVEDC02	User=SYSTEM	Domain=NT AUTHORITY	EventID=644	EventIDCcorpoe=644	EventType=8	EventCategory=7	RecordNumber=1829648902	TimeGenerated=1389601776	TimeWritten=1389601776	Message=User Account Locked Out:   Target Account Name: Yvette-Gijsen   Target Account ID: EUROPE\Yvette-Gijsen   Caller Machine Name: NLPC00314963   Caller User Name: EUNLVEDC02$   Caller Domain: EUROPE   Caller Logon ID: (0x0,0x3E7)   
<13>Jan 13 09:28:53 EUNLVEDC02 AgentDevice=WindowsLog	AgentLogFile=Security	PluginVersion=1.0.14	Source=Security	Computer=EUNLVEDC02	User=Alexandra-Georgiu	Domain=EUROPE	EventID=642	EventIDCcorpoe=642	EventType=8	EventCategory=7	RecordNumber=1829647467	TimeGenerated=1389601729	TimeWritten=1389601729	Message=User Account Changed:   Target Account Name: Alexandra-Georgiu   Target Domain: EUROPE   Target Account ID: EUROPE\Alexandra-Georgiu   Caller User Name: Alexandra-Georgiu   Caller Domain: EUROPE   Caller Logon ID: (0x0,0x2DD4A32C)   Privileges: -  Changed Attributes:   Sam Account Name: -   Display Name: -   User Principal Name: -   Home Directory: -   Home Drive: -   Script Path: -   Profile Path: -   User Workstations: -   Password Last Set: 1/13/2014 9:28:49 AM   Account Expires: -   Primary Group ID: -   AllowedTcorpoelegateTo: -   Old UAC Value: -   New UAC Value: -   User Account Control: -   User Parameters: -   Sid History: -   Logon Hours: -   
<13>Jan 13 09:28:45 EUNLVEDC02 AgentDevice=WindowsLog	AgentLogFile=Security	PluginVersion=1.0.14	Source=Security	Computer=EUNLVEDC02	User=MADDam	Domain=EUROPE	EventID=671	EventIDCcorpoe=671	EventType=8	EventCategory=7	RecordNumber=1829647280	TimeGenerated=1389601723	TimeWritten=1389601723	Message=User Account Unlocked:   Target Account Name: Mireille-Mihoub   Target Domain:  EUROPE   Target Account ID: EUROPE\Mireille-Mihoub   Caller User Name: MADDam   Caller Domain: EUROPE   Caller Logon ID: (0x0,0x2DD492BD)   
<13>Jan 13 09:15:17 EUNLVEDC02 AgentDevice=WindowsLog	AgentLogFile=Security	PluginVersion=1.0.14	Source=Security	Computer=EUNLVEDC02	User=ANONYMOUS LOGON	Domain=NT AUTHORITY	EventID=642	EventIDCcorpoe=642	EventType=8	EventCategory=7	RecordNumber=1829625362	TimeGenerated=1389600914	TimeWritten=1389600914	Message=User Account Changed:   Target Account Name: Bert-Dijkenga   Target Domain: EUROPE   Target Account ID: EUROPE\Bert-Dijkenga   Caller User Name: ANONYMOUS LOGON   Caller Domain: NT AUTHORITY   Caller Logon ID: (0x0,0x2DCD489B)   Privileges: -  Changed Attributes:   Sam Account Name: -   Display Name: -   User Principal Name: -   Home Directory: -   Home Drive: -   Script Path: -   Profile Path: -   User Workstations: -   Password Last Set: 1/13/2014 9:15:14 AM   Account Expires: -   Primary Group ID: -   AllowedTcorpoelegateTo: -   Old UAC Value: -   New UAC Value: -   User Account Control: -   User Parameters: -   Sid History: -   Logon Hours: -   
<13>Jan 13 09:13:13 EUNLVEDC02 AgentDevice=WindowsLog	AgentLogFile=Security	PluginVersion=1.0.14	Source=Security	Computer=EUNLVEDC02	User=CVAdm	Domain=EUROPE	EventID=671	EventIDCcorpoe=671	EventType=8	EventCategory=7	RecordNumber=1829621843	TimeGenerated=1389600790	TimeWritten=1389600790	Message=User Account Unlocked:   Target Account Name: Veronique-Aumont   Target Domain:  EUROPE   Target Account ID: EUROPE\Veronique-Aumont   Caller User Name: CVAdm   Caller Domain: EUROPE   Caller Logon ID: (0x0,0x2DCC1084)   
<13>Jan 13 09:11:12 EUNLVEDC02 AgentDevice=WindowsLog	AgentLogFile=Security	PluginVersion=1.0.14	Source=Security	Computer=EUNLVEDC02	User=Manuel-Ranera	Domain=EUROPE	EventID=642	EventIDCcorpoe=642	EventType=8	EventCategory=7	RecordNumber=1829618624	TimeGenerated=1389600669	TimeWritten=1389600669	Message=User Account Changed:   Target Account Name: Manuel-Ranera   Target Domain: EUROPE   Target Account ID: EUROPE\Manuel-Ranera   Caller User Name: Manuel-Ranera   Caller Domain: EUROPE   Caller Logon ID: (0x0,0x2DCAF738)   Privileges: -  Changed Attributes:   Sam Account Name: -   Display Name: -   User Principal Name: -   Home Directory: -   Home Drive: -   Script Path: -   Profile Path: -   User Workstations: -   Password Last Set: 1/13/2014 9:11:09 AM   Account Expires: -   Primary Group ID: -   AllowedTcorpoelegateTo: -   Old UAC Value: -   New UAC Value: -   User Account Control: -   User Parameters: -   Sid History: -   Logon Hours: -   
<13>Jan 13 09:02:25 EUNLVEDC02 AgentDevice=WindowsLog	AgentLogFile=Security	PluginVersion=1.0.14	Source=Security	Computer=EUNLVEDC02	User=ANONYMOUS LOGON	Domain=NT AUTHORITY	EventID=642	EventIDCcorpoe=642	EventType=8	EventCategory=7	RecordNumber=1829603434	TimeGenerated=1389600143	TimeWritten=1389600143	Message=User Account Changed:   Target Account Name: Andrei-Olariu   Target Domain: EUROPE   Target Account ID: EUROPE\Andrei-Olariu   Caller User Name: ANONYMOUS LOGON   Caller Domain: NT AUTHORITY   Caller Logon ID: (0x0,0x2DC53A7C)   Privileges: -  Changed Attributes:   Sam Account Name: -   Display Name: -   User Principal Name: -   Home Directory: -   Home Drive: -   Script Path: -   Profile Path: -   User Workstations: -   Password Last Set: 1/13/2014 9:02:23 AM   Account Expires: -   Primary Group ID: -   AllowedTcorpoelegateTo: -   Old UAC Value: -   New UAC Value: -   User Account Control: -   User Parameters: -   Sid History: -   Logon Hours: -   
<13>Jan 13 09:00:02 EUNLVEDC02 AgentDevice=WindowsLog	AgentLogFile=Security	PluginVersion=1.0.14	Source=Security	Computer=EUNLVEDC02	User=Truus-Schattevoet	Domain=EUROPE	EventID=642	EventIDCcorpoe=642	EventType=8	EventCategory=7	RecordNumber=1829597940	TimeGenerated=1389600000	TimeWritten=1389600000	Message=User Account Changed:   Target Account Name: Truus-Schattevoet   Target Domain: EUROPE   Target Account ID: EUROPE\Truus-Schattevoet   Caller User Name: Truus-Schattevoet   Caller Domain: EUROPE   Caller Logon ID: (0x0,0x2DC39ED7)   Privileges: -  Changed Attributes:   Sam Account Name: -   Display Name: -   User Principal Name: -   Home Directory: -   Home Drive: -   Script Path: -   Profile Path: -   User Workstations: -   Password Last Set: 1/13/2014 9:00:00 AM   Account Expires: -   Primary Group ID: -   AllowedTcorpoelegateTo: -   Old UAC Value: -   New UAC Value: -   User Account Control: -   User Parameters: -   Sid History: -   Logon Hours: -   
<13>Jan 13 08:59:32 EUNLVEDC02 AgentDevice=WindowsLog	AgentLogFile=Security	PluginVersion=1.0.14	Source=Security	Computer=EUNLVEDC02	User=MIAadm	Domain=EUROPE	EventID=626	EventIDCcorpoe=626	EventType=8	EventCategory=7	RecordNumber=1829596779	TimeGenerated=1389599969	TimeWritten=1389599969	Message=User Account Enabled:   Target Account Name: ROCJLT00134898$   Target Domain: EUROPE   Target Account ID: EUROPE\ROCJLT00134898$   Caller User Name: MIAadm   Caller Domain: EUROPE   Caller Logon ID: (0x0,0x2DC3398A)   
<13>Jan 13 08:59:28 EUNLVEDC02 AgentDevice=WindowsLog	AgentLogFile=Security	PluginVersion=1.0.14	Source=Security	Computer=EUNLVEDC02	User=Vanesa-Riveiro	Domain=EUROPE	EventID=642	EventIDCcorpoe=642	EventType=8	EventCategory=7	RecordNumber=1829596638	TimeGenerated=1389599965	TimeWritten=1389599965	Message=User Account Changed:   Target Account Name: Vanesa-Riveiro   Target Domain: EUROPE   Target Account ID: EUROPE\Vanesa-Riveiro   Caller User Name: Vanesa-Riveiro   Caller Domain: EUROPE   Caller Logon ID: (0x0,0x2DC33268)   Privileges: -  Changed Attributes:   Sam Account Name: -   Display Name: -   User Principal Name: -   Home Directory: -   Home Drive: -   Script Path: -   Profile Path: -   User Workstations: -   Password Last Set: 1/13/2014 8:59:25 AM   Account Expires: -   Primary Group ID: -   AllowedTcorpoelegateTo: -   Old UAC Value: -   New UAC Value: -   User Account Control: -   User Parameters: -   Sid History: -   Logon Hours: -   
<13>Jan 13 08:57:01 EUNLVEDC02 AgentDevice=WindowsLog	AgentLogFile=Security	PluginVersion=1.0.14	Source=Security	Computer=EUNLVEDC02	User=Henry-Blanke	Domain=EUROPE	EventID=642	EventIDCcorpoe=642	EventType=8	EventCategory=7	RecordNumber=1829591835	TimeGenerated=1389599817	TimeWritten=1389599817	Message=User Account Changed:   Target Account Name: Henry-Blanke   Target Domain: EUROPE   Target Account ID: EUROPE\Henry-Blanke   Caller User Name: Henry-Blanke   Caller Domain: EUROPE   Caller Logon ID: (0x0,0x2DC1B1DF)   Privileges: -  Changed Attributes:   Sam Account Name: -   Display Name: -   User Principal Name: -   Home Directory: -   Home Drive: -   Script Path: -   Profile Path: -   User Workstations: -   Password Last Set: 1/13/2014 8:56:57 AM   Account Expires: -   Primary Group ID: -   AllowedTcorpoelegateTo: -   Old UAC Value: -   New UAC Value: -   User Account Control: -   User Parameters: -   Sid History: -   Logon Hours: -   
<13>Jan 13 08:54:29 EUNLVEDC02 AgentDevice=WindowsLog	AgentLogFile=Security	PluginVersion=1.0.14	Source=Security	Computer=EUNLVEDC02	User=MADDam	Domain=EUROPE	EventID=671	EventIDCcorpoe=671	EventType=8	EventCategory=7	RecordNumber=1829586835	TimeGenerated=1389599665	TimeWritten=1389599665	Message=User Account Unlocked:   Target Account Name: MarieClaude-DePrez   Target Domain:  EUROPE   Target Account ID: EUROPE\MarieClaude-DePrez   Caller User Name: MADDam   Caller Domain: EUROPE   Caller Logon ID: (0x0,0x2DC01C3D)   
<13>Jan 13 08:52:31 EUNLVEDC02 AgentDevice=WindowsLog	AgentLogFile=Security	PluginVersion=1.0.14	Source=Security	Computer=EUNLVEDC02	User=Matt-Sieben	Domain=EUROPE	EventID=642	EventIDCcorpoe=642	EventType=8	EventCategory=7	RecordNumber=1829582780	TimeGenerated=1389599548	TimeWritten=1389599548	Message=User Account Changed:   Target Account Name: Matt-Sieben   Target Domain: EUROPE   Target Account ID: EUROPE\Matt-Sieben   Caller User Name: Matt-Sieben   Caller Domain: EUROPE   Caller Logon ID: (0x0,0x2DBED0DA)   Privileges: -  Changed Attributes:   Sam Account Name: -   Display Name: -   User Principal Name: -   Home Directory: -   Home Drive: -   Script Path: -   Profile Path: -   User Workstations: -   Password Last Set: 1/13/2014 8:52:28 AM   Account Expires: -   Primary Group ID: -   AllowedTcorpoelegateTo: -   Old UAC Value: -   New UAC Value: -   User Account Control: -   User Parameters: -   Sid History: -   Logon Hours: -   
<13>Jan 13 08:51:44 EUNLVEDC02 AgentDevice=WindowsLog	AgentLogFile=Security	PluginVersion=1.0.14	Source=Security	Computer=EUNLVEDC02	User=SYSTEM	Domain=NT AUTHORITY	EventID=644	EventIDCcorpoe=644	EventType=8	EventCategory=7	RecordNumber=1829581671	TimeGenerated=1389599500	TimeWritten=1389599500	Message=User Account Locked Out:   Target Account Name: Markus-Egger   Target Account ID: EUROPE\Markus-Egger   Caller Machine Name: NLVEPC0065VM   Caller User Name: EUNLVEDC02$   Caller Domain: EUROPE   Caller Logon ID: (0x0,0x3E7)   
<13>Jan 13 08:48:13 EUNLVEDC02 AgentDevice=WindowsLog	AgentLogFile=Security	PluginVersion=1.0.14	Source=Security	Computer=EUNLVEDC02	User=ANONYMOUS LOGON	Domain=NT AUTHORITY	EventID=642	EventIDCcorpoe=642	EventType=8	EventCategory=7	RecordNumber=1829575868	TimeGenerated=1389599290	TimeWritten=1389599290	Message=User Account Changed:   Target Account Name: Maria-Feijoo   Target Domain: EUROPE   Target Account ID: EUROPE\Maria-Feijoo   Caller User Name: ANONYMOUS LOGON   Caller Domain: NT AUTHORITY   Caller Logon ID: (0x0,0x2DBC7600)   Privileges: -  Changed Attributes:   Sam Account Name: -   Display Name: -   User Principal Name: -   Home Directory: -   Home Drive: -   Script Path: -   Profile Path: -   User Workstations: -   Password Last Set: 1/13/2014 8:48:10 AM   Account Expires: -   Primary Group ID: -   AllowedTcorpoelegateTo: -   Old UAC Value: -   New UAC Value: -   User Account Control: -   User Parameters: -   Sid History: -   Logon Hours: -   
<13>Jan 13 08:45:02 EUNLVEDC02 AgentDevice=WindowsLog	AgentLogFile=Security	PluginVersion=1.0.14	Source=Security	Computer=EUNLVEDC02	User=RCAdm	Domain=EUROPE	EventID=671	EventIDCcorpoe=671	EventType=8	EventCategory=7	RecordNumber=1829569876	TimeGenerated=1389599100	TimeWritten=1389599100	Message=User Account Unlocked:   Target Account Name: Ben-Smeets   Target Domain:  EUROPE   Target Account ID: EUROPE\Ben-Smeets   Caller User Name: RCAdm   Caller Domain: EUROPE   Caller Logon ID: (0x0,0x2DBAAA31)   
<13>Jan 13 08:44:52 EUNLVEDC02 AgentDevice=WindowsLog	AgentLogFile=Security	PluginVersion=1.0.14	Source=Security	Computer=EUNLVEDC02	User=MADDam	Domain=EUROPE	EventID=671	EventIDCcorpoe=671	EventType=8	EventCategory=7	RecordNumber=1829569545	TimeGenerated=1389599087	TimeWritten=1389599087	Message=User Account Unlocked:   Target Account Name: Samuel-Descamps   Target Domain:  EUROPE   Target Account ID: EUROPE\Samuel-Descamps   Caller User Name: MADDam   Caller Domain: EUROPE   Caller Logon ID: (0x0,0x2DBA92B4)   
<13>Jan 13 08:42:04 EUNLVEDC02 AgentDevice=WindowsLog	AgentLogFile=Security	PluginVersion=1.0.14	Source=Security	Computer=EUNLVEDC02	User=Raluca-Birleanu	Domain=EUROPE	EventID=642	EventIDCcorpoe=642	EventType=8	EventCategory=7	RecordNumber=1829564516	TimeGenerated=1389598920	TimeWritten=1389598920	Message=User Account Changed:   Target Account Name: Raluca-Birleanu   Target Domain: EUROPE   Target Account ID: EUROPE\Raluca-Birleanu   Caller User Name: Raluca-Birleanu   Caller Domain: EUROPE   Caller Logon ID: (0x0,0x2DB8E30D)   Privileges: -  Changed Attributes:   Sam Account Name: -   Display Name: -   User Principal Name: -   Home Directory: -   Home Drive: -   Script Path: -   Profile Path: -   User Workstations: -   Password Last Set: 1/13/2014 8:42:00 AM   Account Expires: -   Primary Group ID: -   AllowedTcorpoelegateTo: -   Old UAC Value: -   New UAC Value: -   User Account Control: -   User Parameters: -   Sid History: -   Logon Hours: -   
<13>Jan 13 08:39:40 EUNLVEDC02 AgentDevice=WindowsLog	AgentLogFile=Security	PluginVersion=1.0.14	Source=Security	Computer=EUNLVEDC02	User=ANONYMOUS LOGON	Domain=NT AUTHORITY	EventID=642	EventIDCcorpoe=642	EventType=8	EventCategory=7	RecordNumber=1829560008	TimeGenerated=1389598776	TimeWritten=1389598776	Message=User Account Changed:   Target Account Name: Laszlo-Bocskai   Target Domain: EUROPE   Target Account ID: EUROPE\Laszlo-Bocskai   Caller User Name: ANONYMOUS LOGON   Caller Domain: NT AUTHORITY   Caller Logon ID: (0x0,0x2DB77097)   Privileges: -  Changed Attributes:   Sam Account Name: -   Display Name: -   User Principal Name: -   Home Directory: -   Home Drive: -   Script Path: -   Profile Path: -   User Workstations: -   Password Last Set: 1/13/2014 8:39:36 AM   Account Expires: -   Primary Group ID: -   AllowedTcorpoelegateTo: -   Old UAC Value: -   New UAC Value: -   User Account Control: -   User Parameters: -   Sid History: -   Logon Hours: -   
<13>Jan 13 08:39:13 EUNLVEDC02 AgentDevice=WindowsLog	AgentLogFile=Security	PluginVersion=1.0.14	Source=Security	Computer=EUNLVEDC02	User=DPAdm	Domain=EUROPE	EventID=671	EventIDCcorpoe=671	EventType=8	EventCategory=7	RecordNumber=1829559225	TimeGenerated=1389598750	TimeWritten=1389598750	Message=User Account Unlocked:   Target Account Name: Laurent-Jacquot   Target Domain:  EUROPE   Target Account ID: EUROPE\Laurent-Jacquot   Caller User Name: DPAdm   Caller Domain: EUROPE   Caller Logon ID: (0x0,0x2DB73384)   
