<13>Jan 13 14:13:25 EUNLVEDC01 AgentDevice=WindowsLog	AgentLogFile=Security	PluginVersion=1.0.14	Source=Security	Computer=EUNLVEDC01	User=MBRAdm	Domain=EUROPE	EventID=624	EventIDCcorpoe=624	EventType=8	EventCategory=7	RecordNumber=2555565046	TimeGenerated=1389618571	TimeWritten=1389618571	Message=User Account Created:   New Account Name: Bianca-Bolchis   New Domain: EUROPE   New Account ID: EUROPE\Bianca-Bolchis   Caller User Name: MBRAdm   Caller Domain: EUROPE   Caller Logon ID: (0x0,0xC245026)   Privileges  -  Attributes:   Sam Account Name: Bianca-Bolchis   Display Name: Bianca-Bolchis   User Principal Name: Bianca-Bolchis@europe.corpo.net   Home Directory: \\EUFRSEFS01\UsersL$\Bianca-Bolchis   Home Drive: U:   Script Path: rocj.bat   Profile Path: -   User Workstations: -   Password Last Set: <never>    Account Expires: <never>    Primary Group ID: 513   AllowedTcorpoelegateTo: -   Old UAC Value: 0x0   New UAC Value: 0x15   User Account Control:    Account Disabled    'Password Not Required' - Enabled    'Normal Account' - Enabled    User Parameters: -   Sid History: -   Logon Hours: <value not set>    
<13>Jan 13 13:33:40 EUNLVEDC01 AgentDevice=WindowsLog	AgentLogFile=Security	PluginVersion=1.0.14	Source=Security	Computer=EUNLVEDC01	User=MBRAdm	Domain=EUROPE	EventID=645	EventIDCcorpoe=645	EventType=8	EventCategory=7	RecordNumber=2555454535	TimeGenerated=1389615046	TimeWritten=1389615046	Message=Computer Account Created:   New Account Name: ROCJPC00134864$   New Domain: EUROPE   New Account ID: EUROPE\ROCJPC00134864$   Caller User Name: MBRAdm   Caller Domain: EUROPE   Caller Logon ID: (0x0,0xBE6339C)   Privileges  -  Attributes:   Sam Account Name: ROCJPC00134864$   Display Name: <value not set>    User Principal Name: -   Home Directory: <value not set>    Home Drive: <value not set>    Script Path: <value not set>    Profile Path: <value not set>    User Workstations: <value not set>    Password Last Set: <never>    Account Expires: <never>    Primary Group ID: 515   AllowedTcorpoelegateTo: -   Old UAC Value: 0x0   New UAC Value: 0x85   User Account Control:    Account Disabled    'Password Not Required' - Enabled    'Workstation Trust Account' - Enabled    User Parameters: <value changed, but not displayed>    Sid History: -   Logon Hours: <value not set>    DNS Host Name: -   Service Principal Names: -    
<13>Jan 13 14:46:55 EUNLVEDC01 AgentDevice=WindowsLog	AgentLogFile=Security	PluginVersion=1.0.14	Source=Security	Computer=EUNLVEDC01	User=SYSTEM	Domain=NT AUTHORITY	EventID=644	EventIDCcorpoe=644	EventType=8	EventCategory=7	RecordNumber=2555625608	TimeGenerated=1389620812	TimeWritten=1389620812	Message=User Account Locked Out:   Target Account Name: Catherine-Ryan   Target Account ID: EUROPE\Catherine-Ryan   Caller Machine Name: IEPC114962   Caller User Name: EUNLVEDC01$   Caller Domain: EUROPE   Caller Logon ID: (0x0,0x3E7)   
<13>Jan 13 14:45:37 EUNLVEDC01 AgentDevice=WindowsLog	AgentLogFile=Security	PluginVersion=1.0.14	Source=Security	Computer=EUNLVEDC01	User=ANONYMOUS LOGON	Domain=NT AUTHORITY	EventID=642	EventIDCcorpoe=642	EventType=8	EventCategory=7	RecordNumber=2555623399	TimeGenerated=1389620735	TimeWritten=1389620735	Message=User Account Changed:   Target Account Name: Russell-Jones   Target Domain: EUROPE   Target Account ID: EUROPE\Russell-Jones   Caller User Name: EUNLVEDC01$   Caller Domain: EUROPE   Caller Logon ID: (0x0,0x3E7)   Privileges: -  Changed Attributes:   Sam Account Name: -   Display Name: -   User Principal Name: -   Home Directory: -   Home Drive: -   Script Path: -   Profile Path: -   User Workstations: -   Password Last Set: 1/13/2014 2:45:35 PM   Account Expires: -   Primary Group ID: -   AllowedTcorpoelegateTo: -   Old UAC Value: -   New UAC Value: -   User Account Control: -   User Parameters: -   Sid History: -   Logon Hours: -   
<13>Jan 13 14:40:33 EUNLVEDC01 AgentDevice=WindowsLog	AgentLogFile=Security	PluginVersion=1.0.14	Source=Security	Computer=EUNLVEDC01	User=SYSTEM	Domain=NT AUTHORITY	EventID=644	EventIDCcorpoe=644	EventType=8	EventCategory=7	RecordNumber=2555616086	TimeGenerated=1389620431	TimeWritten=1389620431	Message=User Account Locked Out:   Target Account Name: Sophia-Guillaume   Target Account ID: EUROPE\Sophia-Guillaume   Caller Machine Name: FRPC00216925   Caller User Name: EUNLVEDC01$   Caller Domain: EUROPE   Caller Logon ID: (0x0,0x3E7)   
<13>Jan 13 14:34:54 EUNLVEDC01 AgentDevice=WindowsLog	AgentLogFile=Security	PluginVersion=1.0.14	Source=Security	Computer=EUNLVEDC01	User=ANONYMOUS LOGON	Domain=NT AUTHORITY	EventID=642	EventIDCcorpoe=642	EventType=8	EventCategory=7	RecordNumber=2555606732	TimeGenerated=1389620091	TimeWritten=1389620091	Message=User Account Changed:   Target Account Name: Angela-Rubner   Target Domain: EUROPE   Target Account ID: EUROPE\Angela-Rubner   Caller User Name: EUNLVEDC01$   Caller Domain: EUROPE   Caller Logon ID: (0x0,0x3E7)   Privileges: -  Changed Attributes:   Sam Account Name: -   Display Name: -   User Principal Name: -   Home Directory: -   Home Drive: -   Script Path: -   Profile Path: -   User Workstations: -   Password Last Set: 1/13/2014 2:34:51 PM   Account Expires: -   Primary Group ID: -   AllowedTcorpoelegateTo: -   Old UAC Value: -   New UAC Value: -   User Account Control: -   User Parameters: -   Sid History: -   Logon Hours: -   
<13>Jan 13 14:32:52 EUNLVEDC01 AgentDevice=WindowsLog	AgentLogFile=Security	PluginVersion=1.0.14	Source=Security	Computer=EUNLVEDC01	User=ANONYMOUS LOGON	Domain=NT AUTHORITY	EventID=642	EventIDCcorpoe=642	EventType=8	EventCategory=7	RecordNumber=2555603337	TimeGenerated=1389619969	TimeWritten=1389619969	Message=User Account Changed:   Target Account Name: Florent-Bourrel   Target Domain: EUROPE   Target Account ID: EUROPE\Florent-Bourrel   Caller User Name: EUNLVEDC01$   Caller Domain: EUROPE   Caller Logon ID: (0x0,0x3E7)   Privileges: -  Changed Attributes:   Sam Account Name: -   Display Name: -   User Principal Name: -   Home Directory: -   Home Drive: -   Script Path: -   Profile Path: -   User Workstations: -   Password Last Set: 1/13/2014 2:32:49 PM   Account Expires: -   Primary Group ID: -   AllowedTcorpoelegateTo: -   Old UAC Value: -   New UAC Value: -   User Account Control: -   User Parameters: -   Sid History: -   Logon Hours: -   
<13>Jan 13 14:28:38 EUNLVEDC01 AgentDevice=WindowsLog	AgentLogFile=Security	PluginVersion=1.0.14	Source=Security	Computer=EUNLVEDC01	User=ANONYMOUS LOGON	Domain=NT AUTHORITY	EventID=642	EventIDCcorpoe=642	EventType=8	EventCategory=7	RecordNumber=2555596946	TimeGenerated=1389619714	TimeWritten=1389619714	Message=User Account Changed:   Target Account Name: Sylvie-Hebert   Target Domain: EUROPE   Target Account ID: EUROPE\Sylvie-Hebert   Caller User Name: EUNLVEDC01$   Caller Domain: EUROPE   Caller Logon ID: (0x0,0x3E7)   Privileges: -  Changed Attributes:   Sam Account Name: -   Display Name: -   User Principal Name: -   Home Directory: -   Home Drive: -   Script Path: -   Profile Path: -   User Workstations: -   Password Last Set: 1/13/2014 2:28:34 PM   Account Expires: -   Primary Group ID: -   AllowedTcorpoelegateTo: -   Old UAC Value: -   New UAC Value: -   User Account Control: -   User Parameters: -   Sid History: -   Logon Hours: -   
<13>Jan 13 14:26:31 EUNLVEDC01 AgentDevice=WindowsLog	AgentLogFile=Security	PluginVersion=1.0.14	Source=Security	Computer=EUNLVEDC01	User=ANONYMOUS LOGON	Domain=NT AUTHORITY	EventID=642	EventIDCcorpoe=642	EventType=8	EventCategory=7	RecordNumber=2555593901	TimeGenerated=1389619586	TimeWritten=1389619586	Message=User Account Changed:   Target Account Name: Timo-Stegemann   Target Domain: EUROPE   Target Account ID: EUROPE\Timo-Stegemann   Caller User Name: EUNLVEDC01$   Caller Domain: EUROPE   Caller Logon ID: (0x0,0x3E7)   Privileges: -  Changed Attributes:   Sam Account Name: -   Display Name: -   User Principal Name: -   Home Directory: -   Home Drive: -   Script Path: -   Profile Path: -   User Workstations: -   Password Last Set: <never>    Account Expires: -   Primary Group ID: -   AllowedTcorpoelegateTo: -   Old UAC Value: -   New UAC Value: -   User Account Control: -   User Parameters: -   Sid History: -   Logon Hours: -   
<13>Jan 13 14:25:13 EUNLVEDC01 AgentDevice=WindowsLog	AgentLogFile=Security	PluginVersion=1.0.14	Source=Security	Computer=EUNLVEDC01	User=StSAdm	Domain=EUROPE	EventID=671	EventIDCcorpoe=671	EventType=8	EventCategory=7	RecordNumber=2555591686	TimeGenerated=1389619509	TimeWritten=1389619509	Message=User Account Unlocked:   Target Account Name: Alan-Barnes   Target Domain:  EUROPE   Target Account ID: EUROPE\Alan-Barnes   Caller User Name: StSAdm   Caller Domain: EUROPE   Caller Logon ID: (0x0,0xC3BA9BE)   
<13>Jan 13 14:20:36 EUNLVEDC01 AgentDevice=WindowsLog	AgentLogFile=Security	PluginVersion=1.0.14	Source=Security	Computer=EUNLVEDC01	User=SYSTEM	Domain=NT AUTHORITY	EventID=644	EventIDCcorpoe=644	EventType=8	EventCategory=7	RecordNumber=2555584502	TimeGenerated=1389619232	TimeWritten=1389619232	Message=User Account Locked Out:   Target Account Name: Alan-Barnes   Target Account ID: EUROPE\Alan-Barnes   Caller Machine Name: UKPC119666   Caller User Name: EUNLVEDC01$   Caller Domain: EUROPE   Caller Logon ID: (0x0,0x3E7)   
<13>Jan 13 14:19:13 EUNLVEDC01 AgentDevice=WindowsLog	AgentLogFile=Security	PluginVersion=1.0.14	Source=Security	Computer=EUNLVEDC01	User=ANONYMOUS LOGON	Domain=NT AUTHORITY	EventID=642	EventIDCcorpoe=642	EventType=8	EventCategory=7	RecordNumber=2555581898	TimeGenerated=1389619138	TimeWritten=1389619138	Message=User Account Changed:   Target Account Name: Gary-James   Target Domain: EUROPE   Target Account ID: EUROPE\Gary-James   Caller User Name: EUNLVEDC01$   Caller Domain: EUROPE   Caller Logon ID: (0x0,0x3E7)   Privileges: -  Changed Attributes:   Sam Account Name: -   Display Name: -   User Principal Name: -   Home Directory: -   Home Drive: -   Script Path: -   Profile Path: -   User Workstations: -   Password Last Set: 1/13/2014 2:18:58 PM   Account Expires: -   Primary Group ID: -   AllowedTcorpoelegateTo: -   Old UAC Value: -   New UAC Value: -   User Account Control: -   User Parameters: -   Sid History: -   Logon Hours: -   
<13>Jan 13 14:18:27 EUNLVEDC01 AgentDevice=WindowsLog	AgentLogFile=Security	PluginVersion=1.0.14	Source=Security	Computer=EUNLVEDC01	User=SYSTEM	Domain=NT AUTHORITY	EventID=644	EventIDCcorpoe=644	EventType=8	EventCategory=7	RecordNumber=2555579661	TimeGenerated=1389619056	TimeWritten=1389619056	Message=User Account Locked Out:   Target Account Name: Nello-Serafini   Target Account ID: EUROPE\Nello-Serafini   Caller Machine Name: ITLT00404788   Caller User Name: EUNLVEDC01$   Caller Domain: EUROPE   Caller Logon ID: (0x0,0x3E7)   
<13>Jan 13 14:15:40 EUNLVEDC01 AgentDevice=WindowsLog	AgentLogFile=Security	PluginVersion=1.0.14	Source=Security	Computer=EUNLVEDC01	User=ANONYMOUS LOGON	Domain=NT AUTHORITY	EventID=642	EventIDCcorpoe=642	EventType=8	EventCategory=7	RecordNumber=2555571534	TimeGenerated=1389618755	TimeWritten=1389618755	Message=User Account Changed:   Target Account Name: Robert-Lonsdale   Target Domain: EUROPE   Target Account ID: EUROPE\Robert-Lonsdale   Caller User Name: EUNLVEDC01$   Caller Domain: EUROPE   Caller Logon ID: (0x0,0x3E7)   Privileges: -  Changed Attributes:   Sam Account Name: -   Display Name: -   User Principal Name: -   Home Directory: -   Home Drive: -   Script Path: -   Profile Path: -   User Workstations: -   Password Last Set: 1/13/2014 2:12:35 PM   Account Expires: -   Primary Group ID: -   AllowedTcorpoelegateTo: -   Old UAC Value: -   New UAC Value: -   User Account Control: -   User Parameters: -   Sid History: -   Logon Hours: -   
<13>Jan 13 14:15:38 EUNLVEDC01 AgentDevice=WindowsLog	AgentLogFile=Security	PluginVersion=1.0.14	Source=Security	Computer=EUNLVEDC01	User=ANONYMOUS LOGON	Domain=NT AUTHORITY	EventID=642	EventIDCcorpoe=642	EventType=8	EventCategory=7	RecordNumber=2555571493	TimeGenerated=1389618754	TimeWritten=1389618754	Message=User Account Changed:   Target Account Name: Hallouma-Elyazidi   Target Domain: EUROPE   Target Account ID: EUROPE\Hallouma-Elyazidi   Caller User Name: EUNLVEDC01$   Caller Domain: EUROPE   Caller Logon ID: (0x0,0x3E7)   Privileges: -  Changed Attributes:   Sam Account Name: -   Display Name: -   User Principal Name: -   Home Directory: -   Home Drive: -   Script Path: -   Profile Path: -   User Workstations: -   Password Last Set: 1/13/2014 2:12:34 PM   Account Expires: -   Primary Group ID: -   AllowedTcorpoelegateTo: -   Old UAC Value: -   New UAC Value: -   User Account Control: -   User Parameters: -   Sid History: -   Logon Hours: -   
<13>Jan 13 14:14:42 EUNLVEDC01 AgentDevice=WindowsLog	AgentLogFile=Security	PluginVersion=1.0.14	Source=Security	Computer=EUNLVEDC01	User=SYSTEM	Domain=NT AUTHORITY	EventID=644	EventIDCcorpoe=644	EventType=8	EventCategory=7	RecordNumber=2555568784	TimeGenerated=1389618673	TimeWritten=1389618673	Message=User Account Locked Out:   Target Account Name: bmadm   Target Account ID: EUROPE\bmadm   Caller Machine Name: UKBEAP03   Caller User Name: EUNLVEDC01$   Caller Domain: EUROPE   Caller Logon ID: (0x0,0x3E7)   
<13>Jan 13 14:14:23 EUNLVEDC01 AgentDevice=WindowsLog	AgentLogFile=Security	PluginVersion=1.0.14	Source=Security	Computer=EUNLVEDC01	User=MBRAdm	Domain=EUROPE	EventID=642	EventIDCcorpoe=642	EventType=8	EventCategory=7	RecordNumber=2555567868	TimeGenerated=1389618641	TimeWritten=1389618641	Message=User Account Changed:   Target Account Name: Bianca-Bolchis   Target Domain: EUROPE   Target Account ID: EUROPE\Bianca-Bolchis   Caller User Name: MBRAdm   Caller Domain: EUROPE   Caller Logon ID: (0x0,0xC23BBDC)   Privileges: -  Changed Attributes:   Sam Account Name: -   Display Name: -   User Principal Name: -   Home Directory: \\EUFRSEFS01\UsersB$\Bianca-Bolchis   Home Drive: -   Script Path: -   Profile Path: -   User Workstations: -   Password Last Set: -   Account Expires: -   Primary Group ID: -   AllowedTcorpoelegateTo: -   Old UAC Value: -   New UAC Value: -   User Account Control: -   User Parameters: -   Sid History: -   Logon Hours: -   
<13>Jan 13 14:14:21 EUNLVEDC01 AgentDevice=WindowsLog	AgentLogFile=Security	PluginVersion=1.0.14	Source=Security	Computer=EUNLVEDC01	User=MBRAdm	Domain=EUROPE	EventID=642	EventIDCcorpoe=642	EventType=8	EventCategory=7	RecordNumber=2555567788	TimeGenerated=1389618639	TimeWritten=1389618639	Message=User Account Changed:   Target Account Name: Bianca-Bolchis   Target Domain: EUROPE   Target Account ID: EUROPE\Bianca-Bolchis   Caller User Name: MBRAdm   Caller Domain: EUROPE   Caller Logon ID: (0x0,0xC23BBDC)   Privileges: -  Changed Attributes:   Sam Account Name: -   Display Name: -   User Principal Name: -   Home Directory: -   Home Drive: -   Script Path: -   Profile Path: -   User Workstations: -   Password Last Set: -   Account Expires: -   Primary Group ID: -   AllowedTcorpoelegateTo: -   Old UAC Value: -   New UAC Value: -   User Account Control: -   User Parameters: -   Sid History: -   Logon Hours: -   
<13>Jan 13 14:13:27 EUNLVEDC01 AgentDevice=WindowsLog	AgentLogFile=Security	PluginVersion=1.0.14	Source=Security	Computer=EUNLVEDC01	User=MBRAdm	Domain=EUROPE	EventID=626	EventIDCcorpoe=626	EventType=8	EventCategory=7	RecordNumber=2555565176	TimeGenerated=1389618575	TimeWritten=1389618575	Message=User Account Enabled:   Target Account Name: Bianca-Bolchis   Target Domain: EUROPE   Target Account ID: EUROPE\Bianca-Bolchis   Caller User Name: MBRAdm   Caller Domain: EUROPE   Caller Logon ID: (0x0,0xC245026)   
<13>Jan 13 14:13:27 EUNLVEDC01 AgentDevice=WindowsLog	AgentLogFile=Security	PluginVersion=1.0.14	Source=Security	Computer=EUNLVEDC01	User=MBRAdm	Domain=EUROPE	EventID=642	EventIDCcorpoe=642	EventType=8	EventCategory=7	RecordNumber=2555565175	TimeGenerated=1389618575	TimeWritten=1389618575	Message=User Account Changed:   Target Account Name: Bianca-Bolchis   Target Domain: EUROPE   Target Account ID: EUROPE\Bianca-Bolchis   Caller User Name: MBRAdm   Caller Domain: EUROPE   Caller Logon ID: (0x0,0xC245026)   Privileges: -  Changed Attributes:   Sam Account Name: -   Display Name: -   User Principal Name: -   Home Directory: -   Home Drive: -   Script Path: -   Profile Path: -   User Workstations: -   Password Last Set: -   Account Expires: -   Primary Group ID: -   AllowedTcorpoelegateTo: -   Old UAC Value: 0x11   New UAC Value: 0x10   User Account Control:    Account Enabled    User Parameters: -   Sid History: -   Logon Hours: -   
<13>Jan 13 14:13:27 EUNLVEDC01 AgentDevice=WindowsLog	AgentLogFile=Security	PluginVersion=1.0.14	Source=Security	Computer=EUNLVEDC01	User=MBRAdm	Domain=EUROPE	EventID=642	EventIDCcorpoe=642	EventType=8	EventCategory=7	RecordNumber=2555565164	TimeGenerated=1389618574	TimeWritten=1389618574	Message=User Account Changed:   Target Account Name: Bianca-Bolchis   Target Domain: EUROPE   Target Account ID: EUROPE\Bianca-Bolchis   Caller User Name: MBRAdm   Caller Domain: EUROPE   Caller Logon ID: (0x0,0xC245026)   Privileges: -  Changed Attributes:   Sam Account Name: -   Display Name: -   User Principal Name: -   Home Directory: -   Home Drive: -   Script Path: -   Profile Path: -   User Workstations: -   Password Last Set: -   Account Expires: -   Primary Group ID: -   AllowedTcorpoelegateTo: -   Old UAC Value: 0x15   New UAC Value: 0x11   User Account Control:    'Password Not Required' - Disabled    User Parameters: -   Sid History: -   Logon Hours: -   
<13>Jan 13 14:13:27 EUNLVEDC01 AgentDevice=WindowsLog	AgentLogFile=Security	PluginVersion=1.0.14	Source=Security	Computer=EUNLVEDC01	User=MBRAdm	Domain=EUROPE	EventID=642	EventIDCcorpoe=642	EventType=8	EventCategory=7	RecordNumber=2555565153	TimeGenerated=1389618574	TimeWritten=1389618574	Message=User Account Changed:   Target Account Name: Bianca-Bolchis   Target Domain: EUROPE   Target Account ID: EUROPE\Bianca-Bolchis   Caller User Name: MBRAdm   Caller Domain: EUROPE   Caller Logon ID: (0x0,0xC245026)   Privileges: -  Changed Attributes:   Sam Account Name: -   Display Name: -   User Principal Name: -   Home Directory: -   Home Drive: -   Script Path: -   Profile Path: -   User Workstations: -   Password Last Set: <never>    Account Expires: -   Primary Group ID: -   AllowedTcorpoelegateTo: -   Old UAC Value: -   New UAC Value: -   User Account Control: -   User Parameters: -   Sid History: -   Logon Hours: -   
<13>Jan 13 14:13:27 EUNLVEDC01 AgentDevice=WindowsLog	AgentLogFile=Security	PluginVersion=1.0.14	Source=Security	Computer=EUNLVEDC01	User=ANONYMOUS LOGON	Domain=NT AUTHORITY	EventID=642	EventIDCcorpoe=642	EventType=8	EventCategory=7	RecordNumber=2555565135	TimeGenerated=1389618574	TimeWritten=1389618574	Message=User Account Changed:   Target Account Name: Bianca-Bolchis   Target Domain: EUROPE   Target Account ID: EUROPE\Bianca-Bolchis   Caller User Name: EUNLVEDC01$   Caller Domain: EUROPE   Caller Logon ID: (0x0,0x3E7)   Privileges: -  Changed Attributes:   Sam Account Name: -   Display Name: -   User Principal Name: -   Home Directory: -   Home Drive: -   Script Path: -   Profile Path: -   User Workstations: -   Password Last Set: 1/13/2014 2:09:34 PM   Account Expires: -   Primary Group ID: -   AllowedTcorpoelegateTo: -   Old UAC Value: -   New UAC Value: -   User Account Control: -   User Parameters: -   Sid History: -   Logon Hours: -   
<13>Jan 13 14:12:38 EUNLVEDC01 AgentDevice=WindowsLog	AgentLogFile=Security	PluginVersion=1.0.14	Source=Security	Computer=EUNLVEDC01	User=SYSTEM	Domain=NT AUTHORITY	EventID=644	EventIDCcorpoe=644	EventType=8	EventCategory=7	RecordNumber=2555562809	TimeGenerated=1389618498	TimeWritten=1389618498	Message=User Account Locked Out:   Target Account Name: Jeroen-Goessens   Target Account ID: EUROPE\Jeroen-Goessens   Caller Machine Name:    Caller User Name: EUNLVEDC01$   Caller Domain: EUROPE   Caller Logon ID: (0x0,0x3E7)   
<13>Jan 13 14:12:36 EUNLVEDC01 AgentDevice=WindowsLog	AgentLogFile=Security	PluginVersion=1.0.14	Source=Security	Computer=EUNLVEDC01	User=CEMan	Domain=EUROPE	EventID=642	EventIDCcorpoe=642	EventType=8	EventCategory=7	RecordNumber=2555562647	TimeGenerated=1389618492	TimeWritten=1389618492	Message=User Account Changed:   Target Account Name: CEMan   Target Domain: EUROPE   Target Account ID: EUROPE\CEMan   Caller User Name: ceman   Caller Domain: EUROPE   Caller Logon ID: (0x0,0xC24C512)   Privileges: -  Changed Attributes:   Sam Account Name: -   Display Name: -   User Principal Name: -   Home Directory: -   Home Drive: -   Script Path: -   Profile Path: -   User Workstations: -   Password Last Set: 1/13/2014 2:08:12 PM   Account Expires: -   Primary Group ID: -   AllowedTcorpoelegateTo: -   Old UAC Value: -   New UAC Value: -   User Account Control: -   User Parameters: -   Sid History: -   Logon Hours: -   
<13>Jan 13 14:12:30 EUNLVEDC01 AgentDevice=WindowsLog	AgentLogFile=Security	PluginVersion=1.0.14	Source=Security	Computer=EUNLVEDC01	User=SYSTEM	Domain=NT AUTHORITY	EventID=644	EventIDCcorpoe=644	EventType=8	EventCategory=7	RecordNumber=2555562354	TimeGenerated=1389618484	TimeWritten=1389618484	Message=User Account Locked Out:   Target Account Name: Stephane-Hamza   Target Account ID: EUROPE\Stephane-Hamza   Caller Machine Name: FR004W031   Caller User Name: EUNLVEDC01$   Caller Domain: EUROPE   Caller Logon ID: (0x0,0x3E7)   
<13>Jan 13 14:12:11 EUNLVEDC01 AgentDevice=WindowsLog	AgentLogFile=Security	PluginVersion=1.0.14	Source=Security	Computer=EUNLVEDC01	User=AXSAdm	Domain=EUROPE	EventID=671	EventIDCcorpoe=671	EventType=8	EventCategory=7	RecordNumber=2555561494	TimeGenerated=1389618452	TimeWritten=1389618452	Message=User Account Unlocked:   Target Account Name: David-Bourke   Target Domain:  EUROPE   Target Account ID: EUROPE\David-Bourke   Caller User Name: AXSAdm   Caller Domain: EUROPE   Caller Logon ID: (0x0,0xC2A46A2)   
<13>Jan 13 14:10:17 EUNLVEDC01 AgentDevice=WindowsLog	AgentLogFile=Security	PluginVersion=1.0.14	Source=Security	Computer=EUNLVEDC01	User=ANONYMOUS LOGON	Domain=NT AUTHORITY	EventID=642	EventIDCcorpoe=642	EventType=8	EventCategory=7	RecordNumber=2555556003	TimeGenerated=1389618252	TimeWritten=1389618252	Message=User Account Changed:   Target Account Name: Isolde-Wurtinger   Target Domain: EUROPE   Target Account ID: EUROPE\Isolde-Wurtinger   Caller User Name: EUNLVEDC01$   Caller Domain: EUROPE   Caller Logon ID: (0x0,0x3E7)   Privileges: -  Changed Attributes:   Sam Account Name: -   Display Name: -   User Principal Name: -   Home Directory: -   Home Drive: -   Script Path: -   Profile Path: -   User Workstations: -   Password Last Set: 1/13/2014 2:04:12 PM   Account Expires: -   Primary Group ID: -   AllowedTcorpoelegateTo: -   Old UAC Value: -   New UAC Value: -   User Account Control: -   User Parameters: -   Sid History: -   Logon Hours: -   
<13>Jan 13 14:10:13 EUNLVEDC01 AgentDevice=WindowsLog	AgentLogFile=Security	PluginVersion=1.0.14	Source=Security	Computer=EUNLVEDC01	User=SYSTEM	Domain=NT AUTHORITY	EventID=644	EventIDCcorpoe=644	EventType=8	EventCategory=7	RecordNumber=2555555789	TimeGenerated=1389618245	TimeWritten=1389618245	Message=User Account Locked Out:   Target Account Name: David-Bourke   Target Account ID: EUROPE\David-Bourke   Caller Machine Name: UKLT121511   Caller User Name: EUNLVEDC01$   Caller Domain: EUROPE   Caller Logon ID: (0x0,0x3E7)   
<13>Jan 13 14:10:05 EUNLVEDC01 AgentDevice=WindowsLog	AgentLogFile=Security	PluginVersion=1.0.14	Source=Security	Computer=EUNLVEDC01	User=AXSAdm	Domain=EUROPE	EventID=671	EventIDCcorpoe=671	EventType=8	EventCategory=7	RecordNumber=2555555355	TimeGenerated=1389618230	TimeWritten=1389618230	Message=User Account Unlocked:   Target Account Name: Debra-Nutting   Target Domain:  EUROPE   Target Account ID: EUROPE\Debra-Nutting   Caller User Name: AXSAdm   Caller Domain: EUROPE   Caller Logon ID: (0x0,0xC2613B0)   
<13>Jan 13 14:09:20 EUNLVEDC01 AgentDevice=WindowsLog	AgentLogFile=Security	PluginVersion=1.0.14	Source=Security	Computer=EUNLVEDC01	User=ANONYMOUS LOGON	Domain=NT AUTHORITY	EventID=642	EventIDCcorpoe=642	EventType=8	EventCategory=7	RecordNumber=2555553205	TimeGenerated=1389618152	TimeWritten=1389618152	Message=User Account Changed:   Target Account Name: Laurens-Compernolle   Target Domain: EUROPE   Target Account ID: EUROPE\Laurens-Compernolle   Caller User Name: EUNLVEDC01$   Caller Domain: EUROPE   Caller Logon ID: (0x0,0x3E7)   Privileges: -  Changed Attributes:   Sam Account Name: -   Display Name: -   User Principal Name: -   Home Directory: -   Home Drive: -   Script Path: -   Profile Path: -   User Workstations: -   Password Last Set: <never>    Account Expires: -   Primary Group ID: -   AllowedTcorpoelegateTo: -   Old UAC Value: -   New UAC Value: -   User Account Control: -   User Parameters: -   Sid History: -   Logon Hours: -   
<13>Jan 13 14:05:24 EUNLVEDC01 AgentDevice=WindowsLog	AgentLogFile=Security	PluginVersion=1.0.14	Source=Security	Computer=EUNLVEDC01	User=ANONYMOUS LOGON	Domain=NT AUTHORITY	EventID=642	EventIDCcorpoe=642	EventType=8	EventCategory=7	RecordNumber=2555541836	TimeGenerated=1389617772	TimeWritten=1389617772	Message=User Account Changed:   Target Account Name: Raluca-Hazi   Target Domain: EUROPE   Target Account ID: EUROPE\Raluca-Hazi   Caller User Name: EUNLVEDC01$   Caller Domain: EUROPE   Caller Logon ID: (0x0,0x3E7)   Privileges: -  Changed Attributes:   Sam Account Name: -   Display Name: -   User Principal Name: -   Home Directory: -   Home Drive: -   Script Path: -   Profile Path: -   User Workstations: -   Password Last Set: 1/13/2014 1:56:12 PM   Account Expires: -   Primary Group ID: -   AllowedTcorpoelegateTo: -   Old UAC Value: -   New UAC Value: -   User Account Control: -   User Parameters: -   Sid History: -   Logon Hours: -   
<13>Jan 13 14:03:47 EUNLVEDC01 AgentDevice=WindowsLog	AgentLogFile=Security	PluginVersion=1.0.14	Source=Security	Computer=EUNLVEDC01	User=ANONYMOUS LOGON	Domain=NT AUTHORITY	EventID=642	EventIDCcorpoe=642	EventType=8	EventCategory=7	RecordNumber=2555537166	TimeGenerated=1389617608	TimeWritten=1389617608	Message=User Account Changed:   Target Account Name: Frank-Scharf   Target Domain: EUROPE   Target Account ID: EUROPE\Frank-Scharf   Caller User Name: EUNLVEDC01$   Caller Domain: EUROPE   Caller Logon ID: (0x0,0x3E7)   Privileges: -  Changed Attributes:   Sam Account Name: -   Display Name: -   User Principal Name: -   Home Directory: -   Home Drive: -   Script Path: -   Profile Path: -   User Workstations: -   Password Last Set: 1/13/2014 1:53:28 PM   Account Expires: -   Primary Group ID: -   AllowedTcorpoelegateTo: -   Old UAC Value: -   New UAC Value: -   User Account Control: -   User Parameters: -   Sid History: -   Logon Hours: -   
<13>Jan 13 14:03:20 EUNLVEDC01 AgentDevice=WindowsLog	AgentLogFile=Security	PluginVersion=1.0.14	Source=Security	Computer=EUNLVEDC01	User=SusBadm	Domain=EUROPE	EventID=671	EventIDCcorpoe=671	EventType=8	EventCategory=7	RecordNumber=2555535837	TimeGenerated=1389617561	TimeWritten=1389617561	Message=User Account Unlocked:   Target Account Name: Jackie-Patterson   Target Domain:  EUROPE   Target Account ID: EUROPE\Jackie-Patterson   Caller User Name: SusBadm   Caller Domain: EUROPE   Caller Logon ID: (0x0,0xC0C36D7)   
<13>Jan 13 13:55:59 EUNLVEDC01 AgentDevice=WindowsLog	AgentLogFile=Security	PluginVersion=1.0.14	Source=Security	Computer=EUNLVEDC01	User=ANONYMOUS LOGON	Domain=NT AUTHORITY	EventID=642	EventIDCcorpoe=642	EventType=8	EventCategory=7	RecordNumber=2555514603	TimeGenerated=1389616802	TimeWritten=1389616802	Message=User Account Changed:   Target Account Name: Steven-Howe   Target Domain: EUROPE   Target Account ID: EUROPE\Steven-Howe   Caller User Name: EUNLVEDC01$   Caller Domain: EUROPE   Caller Logon ID: (0x0,0x3E7)   Privileges: -  Changed Attributes:   Sam Account Name: -   Display Name: -   User Principal Name: -   Home Directory: -   Home Drive: -   Script Path: -   Profile Path: -   User Workstations: -   Password Last Set: 1/13/2014 1:40:02 PM   Account Expires: -   Primary Group ID: -   AllowedTcorpoelegateTo: -   Old UAC Value: -   New UAC Value: -   User Account Control: -   User Parameters: -   Sid History: -   Logon Hours: -   
<13>Jan 13 13:52:57 EUNLVEDC01 AgentDevice=WindowsLog	AgentLogFile=Security	PluginVersion=1.0.14	Source=Security	Computer=EUNLVEDC01	User=ANONYMOUS LOGON	Domain=NT AUTHORITY	EventID=642	EventIDCcorpoe=642	EventType=8	EventCategory=7	RecordNumber=2555506068	TimeGenerated=1389616541	TimeWritten=1389616541	Message=User Account Changed:   Target Account Name: Francois-Burchi   Target Domain: EUROPE   Target Account ID: EUROPE\Francois-Burchi   Caller User Name: EUNLVEDC01$   Caller Domain: EUROPE   Caller Logon ID: (0x0,0x3E7)   Privileges: -  Changed Attributes:   Sam Account Name: -   Display Name: -   User Principal Name: -   Home Directory: -   Home Drive: -   Script Path: -   Profile Path: -   User Workstations: -   Password Last Set: <never>    Account Expires: -   Primary Group ID: -   AllowedTcorpoelegateTo: -   Old UAC Value: -   New UAC Value: -   User Account Control: -   User Parameters: -   Sid History: -   Logon Hours: -   
<13>Jan 13 13:48:24 EUNLVEDC01 AgentDevice=WindowsLog	AgentLogFile=Security	PluginVersion=1.0.14	Source=Security	Computer=EUNLVEDC01	User=ANONYMOUS LOGON	Domain=NT AUTHORITY	EventID=642	EventIDCcorpoe=642	EventType=8	EventCategory=7	RecordNumber=2555493241	TimeGenerated=1389616164	TimeWritten=1389616164	Message=User Account Changed:   Target Account Name: Felicie-Cornavin   Target Domain: EUROPE   Target Account ID: EUROPE\Felicie-Cornavin   Caller User Name: EUNLVEDC01$   Caller Domain: EUROPE   Caller Logon ID: (0x0,0x3E7)   Privileges: -  Changed Attributes:   Sam Account Name: -   Display Name: -   User Principal Name: -   Home Directory: -   Home Drive: -   Script Path: -   Profile Path: -   User Workstations: -   Password Last Set: 1/13/2014 1:29:23 PM   Account Expires: -   Primary Group ID: -   AllowedTcorpoelegateTo: -   Old UAC Value: -   New UAC Value: -   User Account Control: -   User Parameters: -   Sid History: -   Logon Hours: -   
<13>Jan 13 13:42:16 EUNLVEDC01 AgentDevice=WindowsLog	AgentLogFile=Security	PluginVersion=1.0.14	Source=Security	Computer=EUNLVEDC01	User=ANONYMOUS LOGON	Domain=NT AUTHORITY	EventID=642	EventIDCcorpoe=642	EventType=8	EventCategory=7	RecordNumber=2555475409	TimeGenerated=1389615521	TimeWritten=1389615521	Message=User Account Changed:   Target Account Name: Gavin-Kelly   Target Domain: EUROPE   Target Account ID: EUROPE\Gavin-Kelly   Caller User Name: EUNLVEDC01$   Caller Domain: EUROPE   Caller Logon ID: (0x0,0x3E7)   Privileges: -  Changed Attributes:   Sam Account Name: -   Display Name: -   User Principal Name: -   Home Directory: -   Home Drive: -   Script Path: -   Profile Path: -   User Workstations: -   Password Last Set: 1/13/2014 1:18:41 PM   Account Expires: -   Primary Group ID: -   AllowedTcorpoelegateTo: -   Old UAC Value: -   New UAC Value: -   User Account Control: -   User Parameters: -   Sid History: -   Logon Hours: -   
<13>Jan 13 13:42:12 EUNLVEDC01 AgentDevice=WindowsLog	AgentLogFile=Security	PluginVersion=1.0.14	Source=Security	Computer=EUNLVEDC01	User=ANONYMOUS LOGON	Domain=NT AUTHORITY	EventID=642	EventIDCcorpoe=642	EventType=8	EventCategory=7	RecordNumber=2555475218	TimeGenerated=1389615514	TimeWritten=1389615514	Message=User Account Changed:   Target Account Name: DEAdm   Target Domain: EUROPE   Target Account ID: EUROPE\DEAdm   Caller User Name: EUNLVEDC01$   Caller Domain: EUROPE   Caller Logon ID: (0x0,0x3E7)   Privileges: -  Changed Attributes:   Sam Account Name: -   Display Name: -   User Principal Name: -   Home Directory: -   Home Drive: -   Script Path: -   Profile Path: -   User Workstations: -   Password Last Set: 1/13/2014 1:18:34 PM   Account Expires: -   Primary Group ID: -   AllowedTcorpoelegateTo: -   Old UAC Value: -   New UAC Value: -   User Account Control: -   User Parameters: -   Sid History: -   Logon Hours: -   
<13>Jan 13 13:42:08 EUNLVEDC01 AgentDevice=WindowsLog	AgentLogFile=Security	PluginVersion=1.0.14	Source=Security	Computer=EUNLVEDC01	User=ANONYMOUS LOGON	Domain=NT AUTHORITY	EventID=642	EventIDCcorpoe=642	EventType=8	EventCategory=7	RecordNumber=2555475036	TimeGenerated=1389615505	TimeWritten=1389615505	Message=User Account Changed:   Target Account Name: Dean-Edwards   Target Domain: EUROPE   Target Account ID: EUROPE\Dean-Edwards   Caller User Name: EUNLVEDC01$   Caller Domain: EUROPE   Caller Logon ID: (0x0,0x3E7)   Privileges: -  Changed Attributes:   Sam Account Name: -   Display Name: -   User Principal Name: -   Home Directory: -   Home Drive: -   Script Path: -   Profile Path: -   User Workstations: -   Password Last Set: 1/13/2014 1:18:25 PM   Account Expires: -   Primary Group ID: -   AllowedTcorpoelegateTo: -   Old UAC Value: -   New UAC Value: -   User Account Control: -   User Parameters: -   Sid History: -   Logon Hours: -   
<13>Jan 13 13:41:53 EUNLVEDC01 AgentDevice=WindowsLog	AgentLogFile=Security	PluginVersion=1.0.14	Source=Security	Computer=EUNLVEDC01	User=SYSTEM	Domain=NT AUTHORITY	EventID=644	EventIDCcorpoe=644	EventType=8	EventCategory=7	RecordNumber=2555474373	TimeGenerated=1389615477	TimeWritten=1389615477	Message=User Account Locked Out:   Target Account Name: Gavin-Kelly   Target Account ID: EUROPE\Gavin-Kelly   Caller Machine Name: IEPC114900   Caller User Name: EUNLVEDC01$   Caller Domain: EUROPE   Caller Logon ID: (0x0,0x3E7)   
<13>Jan 13 13:41:12 EUNLVEDC01 AgentDevice=WindowsLog	AgentLogFile=Security	PluginVersion=1.0.14	Source=Security	Computer=EUNLVEDC01	User=ANONYMOUS LOGON	Domain=NT AUTHORITY	EventID=642	EventIDCcorpoe=642	EventType=8	EventCategory=7	RecordNumber=2555472317	TimeGenerated=1389615402	TimeWritten=1389615402	Message=User Account Changed:   Target Account Name: Marisa-Brasse   Target Domain: EUROPE   Target Account ID: EUROPE\Marisa-Brasse   Caller User Name: ANONYMOUS LOGON   Caller Domain: NT AUTHORITY   Caller Logon ID: (0x0,0xBF2B375)   Privileges: -  Changed Attributes:   Sam Account Name: -   Display Name: -   User Principal Name: -   Home Directory: -   Home Drive: -   Script Path: -   Profile Path: -   User Workstations: -   Password Last Set: 1/13/2014 1:16:42 PM   Account Expires: -   Primary Group ID: -   AllowedTcorpoelegateTo: -   Old UAC Value: -   New UAC Value: -   User Account Control: -   User Parameters: -   Sid History: -   Logon Hours: -   
<13>Jan 13 13:40:58 EUNLVEDC01 AgentDevice=WindowsLog	AgentLogFile=Security	PluginVersion=1.0.14	Source=Security	Computer=EUNLVEDC01	User=SYSTEM	Domain=NT AUTHORITY	EventID=644	EventIDCcorpoe=644	EventType=8	EventCategory=7	RecordNumber=2555471591	TimeGenerated=1389615377	TimeWritten=1389615377	Message=User Account Locked Out:   Target Account Name: Nicole-Schopf   Target Account ID: EUROPE\Nicole-Schopf   Caller Machine Name: ATPC00300542   Caller User Name: EUNLVEDC01$   Caller Domain: EUROPE   Caller Logon ID: (0x0,0x3E7)   
<13>Jan 13 13:38:15 EUNLVEDC01 AgentDevice=WindowsLog	AgentLogFile=Security	PluginVersion=1.0.14	Source=Security	Computer=EUNLVEDC01	User=ETAdm	Domain=EUROPE	EventID=671	EventIDCcorpoe=671	EventType=8	EventCategory=7	RecordNumber=2555463686	TimeGenerated=1389615161	TimeWritten=1389615161	Message=User Account Unlocked:   Target Account Name: Marisa-Brasse   Target Domain:  EUROPE   Target Account ID: EUROPE\Marisa-Brasse   Caller User Name: ETAdm   Caller Domain: EUROPE   Caller Logon ID: (0x0,0xBEE316F)   
<13>Jan 13 13:37:41 EUNLVEDC01 AgentDevice=WindowsLog	AgentLogFile=Security	PluginVersion=1.0.14	Source=Security	Computer=EUNLVEDC01	User=ANONYMOUS LOGON	Domain=NT AUTHORITY	EventID=642	EventIDCcorpoe=642	EventType=8	EventCategory=7	RecordNumber=2555462176	TimeGenerated=1389615114	TimeWritten=1389615114	Message=User Account Changed:   Target Account Name: Marisa-Brasse   Target Domain: EUROPE   Target Account ID: EUROPE\Marisa-Brasse   Caller User Name: EUNLVEDC01$   Caller Domain: EUROPE   Caller Logon ID: (0x0,0x3E7)   Privileges: -  Changed Attributes:   Sam Account Name: -   Display Name: -   User Principal Name: -   Home Directory: -   Home Drive: -   Script Path: -   Profile Path: -   User Workstations: -   Password Last Set: <never>    Account Expires: -   Primary Group ID: -   AllowedTcorpoelegateTo: -   Old UAC Value: -   New UAC Value: -   User Account Control: -   User Parameters: -   Sid History: -   Logon Hours: -   
<13>Jan 13 13:37:41 EUNLVEDC01 AgentDevice=WindowsLog	AgentLogFile=Security	PluginVersion=1.0.14	Source=Security	Computer=EUNLVEDC01	User=ANONYMOUS LOGON	Domain=NT AUTHORITY	EventID=642	EventIDCcorpoe=642	EventType=8	EventCategory=7	RecordNumber=2555462163	TimeGenerated=1389615114	TimeWritten=1389615114	Message=User Account Changed:   Target Account Name: Marisa-Brasse   Target Domain: EUROPE   Target Account ID: EUROPE\Marisa-Brasse   Caller User Name: EUNLVEDC01$   Caller Domain: EUROPE   Caller Logon ID: (0x0,0x3E7)   Privileges: -  Changed Attributes:   Sam Account Name: -   Display Name: -   User Principal Name: -   Home Directory: -   Home Drive: -   Script Path: -   Profile Path: -   User Workstations: -   Password Last Set: 1/13/2014 1:11:54 PM   Account Expires: -   Primary Group ID: -   AllowedTcorpoelegateTo: -   Old UAC Value: -   New UAC Value: -   User Account Control: -   User Parameters: -   Sid History: -   Logon Hours: -   
<13>Jan 13 13:33:42 EUNLVEDC01 AgentDevice=WindowsLog	AgentLogFile=Security	PluginVersion=1.0.14	Source=Security	Computer=EUNLVEDC01	User=MBRAdm	Domain=EUROPE	EventID=626	EventIDCcorpoe=626	EventType=8	EventCategory=7	RecordNumber=2555454585	TimeGenerated=1389615046	TimeWritten=1389615046	Message=User Account Enabled:   Target Account Name: ROCJPC00134864$   Target Domain: EUROPE   Target Account ID: EUROPE\ROCJPC00134864$   Caller User Name: MBRAdm   Caller Domain: EUROPE   Caller Logon ID: (0x0,0xBE6339C)   
<13>Jan 13 13:31:40 EUNLVEDC01 AgentDevice=WindowsLog	AgentLogFile=Security	PluginVersion=1.0.14	Source=Security	Computer=EUNLVEDC01	User=SYSTEM	Domain=NT AUTHORITY	EventID=644	EventIDCcorpoe=644	EventType=8	EventCategory=7	RecordNumber=2555450683	TimeGenerated=1389615024	TimeWritten=1389615024	Message=User Account Locked Out:   Target Account Name: Marisa-Brasse   Target Account ID: EUROPE\Marisa-Brasse   Caller Machine Name: NLLT00314840   Caller User Name: EUNLVEDC01$   Caller Domain: EUROPE   Caller Logon ID: (0x0,0x3E7)   
<13>Jan 13 13:26:32 EUNLVEDC01 AgentDevice=WindowsLog	AgentLogFile=Security	PluginVersion=1.0.14	Source=Security	Computer=EUNLVEDC01	User=ETAdm	Domain=EUROPE	EventID=671	EventIDCcorpoe=671	EventType=8	EventCategory=7	RecordNumber=2555441193	TimeGenerated=1389614972	TimeWritten=1389614972	Message=User Account Unlocked:   Target Account Name: Marisa-Brasse   Target Domain:  EUROPE   Target Account ID: EUROPE\Marisa-Brasse   Caller User Name: ETAdm   Caller Domain: EUROPE   Caller Logon ID: (0x0,0xBDAFACD)   
<13>Jan 13 13:23:03 EUNLVEDC01 AgentDevice=WindowsLog	AgentLogFile=Security	PluginVersion=1.0.14	Source=Security	Computer=EUNLVEDC01	User=SYSTEM	Domain=NT AUTHORITY	EventID=644	EventIDCcorpoe=644	EventType=8	EventCategory=7	RecordNumber=2555434585	TimeGenerated=1389614939	TimeWritten=1389614939	Message=User Account Locked Out:   Target Account Name: Jenna-McFarlane   Target Account ID: EUROPE\Jenna-McFarlane   Caller Machine Name: USCHCTXPS05   Caller User Name: EUNLVEDC01$   Caller Domain: EUROPE   Caller Logon ID: (0x0,0x3E7)   
<13>Jan 13 13:13:35 EUNLVEDC01 AgentDevice=WindowsLog	AgentLogFile=Security	PluginVersion=1.0.14	Source=Security	Computer=EUNLVEDC01	User=SYSTEM	Domain=NT AUTHORITY	EventID=644	EventIDCcorpoe=644	EventType=8	EventCategory=7	RecordNumber=2555416386	TimeGenerated=1389614845	TimeWritten=1389614845	Message=User Account Locked Out:   Target Account Name: Janine-Kusters   Target Account ID: EUROPE\Janine-Kusters   Caller Machine Name:    Caller User Name: EUNLVEDC01$   Caller Domain: EUROPE   Caller Logon ID: (0x0,0x3E7)   
<13>Jan 13 13:12:30 EUNLVEDC01 AgentDevice=WindowsLog	AgentLogFile=Security	PluginVersion=1.0.14	Source=Security	Computer=EUNLVEDC01	User=SYSTEM	Domain=NT AUTHORITY	EventID=644	EventIDCcorpoe=644	EventType=8	EventCategory=7	RecordNumber=2555414356	TimeGenerated=1389614832	TimeWritten=1389614832	Message=User Account Locked Out:   Target Account Name: Marisa-Brasse   Target Account ID: EUROPE\Marisa-Brasse   Caller Machine Name: NLLT00314840   Caller User Name: EUNLVEDC01$   Caller Domain: EUROPE   Caller Logon ID: (0x0,0x3E7)   
<13>Jan 13 13:11:26 EUNLVEDC01 AgentDevice=WindowsLog	AgentLogFile=Security	PluginVersion=1.0.14	Source=Security	Computer=EUNLVEDC01	User=SYSTEM	Domain=NT AUTHORITY	EventID=644	EventIDCcorpoe=644	EventType=8	EventCategory=7	RecordNumber=2555412193	TimeGenerated=1389614825	TimeWritten=1389614825	Message=User Account Locked Out:   Target Account Name: Sarah-Willmer   Target Account ID: EUROPE\Sarah-Willmer   Caller Machine Name:    Caller User Name: EUNLVEDC01$   Caller Domain: EUROPE   Caller Logon ID: (0x0,0x3E7)   
<13>Jan 13 13:07:00 EUNLVEDC01 AgentDevice=WindowsLog	AgentLogFile=Security	PluginVersion=1.0.14	Source=Security	Computer=EUNLVEDC01	User=AXSAdm	Domain=EUROPE	EventID=671	EventIDCcorpoe=671	EventType=8	EventCategory=7	RecordNumber=2555403366	TimeGenerated=1389614758	TimeWritten=1389614758	Message=User Account Unlocked:   Target Account Name: John-McNealis   Target Domain:  EUROPE   Target Account ID: EUROPE\John-McNealis   Caller User Name: AXSAdm   Caller Domain: EUROPE   Caller Logon ID: (0x0,0xBBA55A7)   
<13>Jan 13 13:05:23 EUNLVEDC01 AgentDevice=WindowsLog	AgentLogFile=Security	PluginVersion=1.0.14	Source=Security	Computer=EUNLVEDC01	User=SYSTEM	Domain=NT AUTHORITY	EventID=644	EventIDCcorpoe=644	EventType=8	EventCategory=7	RecordNumber=2555400260	TimeGenerated=1389614718	TimeWritten=1389614718	Message=User Account Locked Out:   Target Account Name: Sandra-Nolken   Target Account ID: EUROPE\Sandra-Nolken   Caller Machine Name:    Caller User Name: EUNLVEDC01$   Caller Domain: EUROPE   Caller Logon ID: (0x0,0x3E7)   
<13>Jan 13 13:04:15 EUNLVEDC01 AgentDevice=WindowsLog	AgentLogFile=Security	PluginVersion=1.0.14	Source=Security	Computer=EUNLVEDC01	User=ANONYMOUS LOGON	Domain=NT AUTHORITY	EventID=642	EventIDCcorpoe=642	EventType=8	EventCategory=7	RecordNumber=2555398019	TimeGenerated=1389614653	TimeWritten=1389614653	Message=User Account Changed:   Target Account Name: Ilham-Laassal   Target Domain: EUROPE   Target Account ID: EUROPE\Ilham-Laassal   Caller User Name: EUNLVEDC01$   Caller Domain: EUROPE   Caller Logon ID: (0x0,0x3E7)   Privileges: -  Changed Attributes:   Sam Account Name: -   Display Name: -   User Principal Name: -   Home Directory: -   Home Drive: -   Script Path: -   Profile Path: -   User Workstations: -   Password Last Set: 1/13/2014 1:04:13 PM   Account Expires: -   Primary Group ID: -   AllowedTcorpoelegateTo: -   Old UAC Value: -   New UAC Value: -   User Account Control: -   User Parameters: -   Sid History: -   Logon Hours: -   
<13>Jan 13 13:03:55 EUNLVEDC01 AgentDevice=WindowsLog	AgentLogFile=Security	PluginVersion=1.0.14	Source=Security	Computer=EUNLVEDC01	User=SYSTEM	Domain=NT AUTHORITY	EventID=644	EventIDCcorpoe=644	EventType=8	EventCategory=7	RecordNumber=2555397392	TimeGenerated=1389614631	TimeWritten=1389614631	Message=User Account Locked Out:   Target Account Name: Sophie-Fontaine   Target Account ID: EUROPE\Sophie-Fontaine   Caller Machine Name: EUSECTXPS02   Caller User Name: EUNLVEDC01$   Caller Domain: EUROPE   Caller Logon ID: (0x0,0x3E7)   
<13>Jan 13 13:02:39 EUNLVEDC01 AgentDevice=WindowsLog	AgentLogFile=Security	PluginVersion=1.0.14	Source=Security	Computer=EUNLVEDC01	User=ANONYMOUS LOGON	Domain=NT AUTHORITY	EventID=642	EventIDCcorpoe=642	EventType=8	EventCategory=7	RecordNumber=2555394849	TimeGenerated=1389614556	TimeWritten=1389614556	Message=User Account Changed:   Target Account Name: Michael-Barraco   Target Domain: EUROPE   Target Account ID: EUROPE\Michael-Barraco   Caller User Name: EUNLVEDC01$   Caller Domain: EUROPE   Caller Logon ID: (0x0,0x3E7)   Privileges: -  Changed Attributes:   Sam Account Name: -   Display Name: -   User Principal Name: -   Home Directory: -   Home Drive: -   Script Path: -   Profile Path: -   User Workstations: -   Password Last Set: 1/13/2014 1:02:36 PM   Account Expires: -   Primary Group ID: -   AllowedTcorpoelegateTo: -   Old UAC Value: -   New UAC Value: -   User Account Control: -   User Parameters: -   Sid History: -   Logon Hours: -   
<13>Jan 13 13:00:02 EUNLVEDC01 AgentDevice=WindowsLog	AgentLogFile=Security	PluginVersion=1.0.14	Source=Security	Computer=EUNLVEDC01	User=ANONYMOUS LOGON	Domain=NT AUTHORITY	EventID=642	EventIDCcorpoe=642	EventType=8	EventCategory=7	RecordNumber=2555389710	TimeGenerated=1389614399	TimeWritten=1389614399	Message=User Account Changed:   Target Account Name: Peter-Huberts   Target Domain: EUROPE   Target Account ID: EUROPE\Peter-Huberts   Caller User Name: EUNLVEDC01$   Caller Domain: EUROPE   Caller Logon ID: (0x0,0x3E7)   Privileges: -  Changed Attributes:   Sam Account Name: -   Display Name: -   User Principal Name: -   Home Directory: -   Home Drive: -   Script Path: -   Profile Path: -   User Workstations: -   Password Last Set: 1/13/2014 12:59:59 PM   Account Expires: -   Primary Group ID: -   AllowedTcorpoelegateTo: -   Old UAC Value: -   New UAC Value: -   User Account Control: -   User Parameters: -   Sid History: -   Logon Hours: -   
<13>Jan 13 12:56:56 EUNLVEDC01 AgentDevice=WindowsLog	AgentLogFile=Security	PluginVersion=1.0.14	Source=Security	Computer=EUNLVEDC01	User=SusBadm	Domain=EUROPE	EventID=671	EventIDCcorpoe=671	EventType=8	EventCategory=7	RecordNumber=2555384362	TimeGenerated=1389614213	TimeWritten=1389614213	Message=User Account Unlocked:   Target Account Name: Neil-Matthews   Target Domain:  EUROPE   Target Account ID: EUROPE\Neil-Matthews   Caller User Name: SusBadm   Caller Domain: EUROPE   Caller Logon ID: (0x0,0xBAE132D)   
<13>Jan 13 12:56:50 EUNLVEDC01 AgentDevice=WindowsLog	AgentLogFile=Security	PluginVersion=1.0.14	Source=Security	Computer=EUNLVEDC01	User=SYSTEM	Domain=NT AUTHORITY	EventID=644	EventIDCcorpoe=644	EventType=8	EventCategory=7	RecordNumber=2555384210	TimeGenerated=1389614207	TimeWritten=1389614207	Message=User Account Locked Out:   Target Account Name: Neil-Matthews   Target Account ID: EUROPE\Neil-Matthews   Caller Machine Name: EUUKTEDC01   Caller User Name: EUNLVEDC01$   Caller Domain: EUROPE   Caller Logon ID: (0x0,0x3E7)   
<13>Jan 13 12:56:38 EUNLVEDC01 AgentDevice=WindowsLog	AgentLogFile=Security	PluginVersion=1.0.14	Source=Security	Computer=EUNLVEDC01	User=SusBadm	Domain=EUROPE	EventID=642	EventIDCcorpoe=642	EventType=8	EventCategory=7	RecordNumber=2555383990	TimeGenerated=1389614196	TimeWritten=1389614196	Message=User Account Changed:   Target Account Name: Neil-Matthews   Target Domain: EUROPE   Target Account ID: EUROPE\Neil-Matthews   Caller User Name: SusBadm   Caller Domain: EUROPE   Caller Logon ID: (0x0,0xBADD2D9)   Privileges: -  Changed Attributes:   Sam Account Name: -   Display Name: -   User Principal Name: -   Home Directory: -   Home Drive: -   Script Path: -   Profile Path: -   User Workstations: -   Password Last Set: 1/13/2014 12:56:36 PM   Account Expires: -   Primary Group ID: -   AllowedTcorpoelegateTo: -   Old UAC Value: -   New UAC Value: -   User Account Control: -   User Parameters: -   Sid History: -   Logon Hours: -   
<13>Jan 13 12:56:28 EUNLVEDC01 AgentDevice=WindowsLog	AgentLogFile=Security	PluginVersion=1.0.14	Source=Security	Computer=EUNLVEDC01	User=ANONYMOUS LOGON	Domain=NT AUTHORITY	EventID=642	EventIDCcorpoe=642	EventType=8	EventCategory=7	RecordNumber=2555383733	TimeGenerated=1389614185	TimeWritten=1389614185	Message=User Account Changed:   Target Account Name: Craig-Slater   Target Domain: EUROPE   Target Account ID: EUROPE\Craig-Slater   Caller User Name: EUNLVEDC01$   Caller Domain: EUROPE   Caller Logon ID: (0x0,0x3E7)   Privileges: -  Changed Attributes:   Sam Account Name: -   Display Name: -   User Principal Name: -   Home Directory: -   Home Drive: -   Script Path: -   Profile Path: -   User Workstations: -   Password Last Set: 1/13/2014 12:56:24 PM   Account Expires: -   Primary Group ID: -   AllowedTcorpoelegateTo: -   Old UAC Value: -   New UAC Value: -   User Account Control: -   User Parameters: -   Sid History: -   Logon Hours: -   
<13>Jan 13 12:56:22 EUNLVEDC01 AgentDevice=WindowsLog	AgentLogFile=Security	PluginVersion=1.0.14	Source=Security	Computer=EUNLVEDC01	User=SYSTEM	Domain=NT AUTHORITY	EventID=644	EventIDCcorpoe=644	EventType=8	EventCategory=7	RecordNumber=2555383599	TimeGenerated=1389614179	TimeWritten=1389614179	Message=User Account Locked Out:   Target Account Name: Jackie-Patterson   Target Account ID: EUROPE\Jackie-Patterson   Caller Machine Name: NLLT00314969   Caller User Name: EUNLVEDC01$   Caller Domain: EUROPE   Caller Logon ID: (0x0,0x3E7)   
<13>Jan 13 12:55:39 EUNLVEDC01 AgentDevice=WindowsLog	AgentLogFile=Security	PluginVersion=1.0.14	Source=Security	Computer=EUNLVEDC01	User=ANONYMOUS LOGON	Domain=NT AUTHORITY	EventID=642	EventIDCcorpoe=642	EventType=8	EventCategory=7	RecordNumber=2555382214	TimeGenerated=1389614135	TimeWritten=1389614135	Message=User Account Changed:   Target Account Name: Sophie-Ndiaye   Target Domain: EUROPE   Target Account ID: EUROPE\Sophie-Ndiaye   Caller User Name: EUNLVEDC01$   Caller Domain: EUROPE   Caller Logon ID: (0x0,0x3E7)   Privileges: -  Changed Attributes:   Sam Account Name: -   Display Name: -   User Principal Name: -   Home Directory: -   Home Drive: -   Script Path: -   Profile Path: -   User Workstations: -   Password Last Set: 1/13/2014 12:55:35 PM   Account Expires: -   Primary Group ID: -   AllowedTcorpoelegateTo: -   Old UAC Value: -   New UAC Value: -   User Account Control: -   User Parameters: -   Sid History: -   Logon Hours: -   
