<13>Jan 13 06:36:00 EUNLVEDC01 AgentDevice=WindowsLog	AgentLogFile=Security	PluginVersion=1.0.14	Source=Security	Computer=EUNLVEDC01	User=ANONYMOUS LOGON	Domain=NT AUTHORITY	EventID=642	EventIDCcorpoe=642	EventType=8	EventCategory=7	RecordNumber=2554650481	TimeGenerated=1389591358	TimeWritten=1389591358	Message=User Account Changed:   Target Account Name: Daniel-Cauquis   Target Domain: EUROPE   Target Account ID: EUROPE\Daniel-Cauquis   Caller User Name: EUNLVEDC01$   Caller Domain: EUROPE   Caller Logon ID: (0x0,0x3E7)   Privileges: -  Changed Attributes:   Sam Account Name: -   Display Name: -   User Principal Name: -   Home Directory: -   Home Drive: -   Script Path: -   Profile Path: -   User Workstations: -   Password Last Set: 1/13/2014 6:35:57 AM   Account Expires: -   Primary Group ID: -   AllowedTcorpoelegateTo: -   Old UAC Value: -   New UAC Value: -   User Account Control: -   User Parameters: -   Sid History: -   Logon Hours: -   
<13>Jan 13 06:09:14 EUNLVEDC01 AgentDevice=WindowsLog	AgentLogFile=Security	PluginVersion=1.0.14	Source=Security	Computer=EUNLVEDC01	User=ANONYMOUS LOGON	Domain=NT AUTHORITY	EventID=642	EventIDCcorpoe=642	EventType=8	EventCategory=7	RecordNumber=2554634709	TimeGenerated=1389589750	TimeWritten=1389589750	Message=User Account Changed:   Target Account Name: Christian-Steinki   Target Domain: EUROPE   Target Account ID: EUROPE\Christian-Steinki   Caller User Name: EUNLVEDC01$   Caller Domain: EUROPE   Caller Logon ID: (0x0,0x3E7)   Privileges: -  Changed Attributes:   Sam Account Name: -   Display Name: -   User Principal Name: -   Home Directory: -   Home Drive: -   Script Path: -   Profile Path: -   User Workstations: -   Password Last Set: 1/13/2014 6:09:10 AM   Account Expires: -   Primary Group ID: -   AllowedTcorpoelegateTo: -   Old UAC Value: -   New UAC Value: -   User Account Control: -   User Parameters: -   Sid History: -   Logon Hours: -   
<13>Jan 13 05:57:14 EUNLVEDC01 AgentDevice=WindowsLog	AgentLogFile=Security	PluginVersion=1.0.14	Source=Security	Computer=EUNLVEDC01	User=ANONYMOUS LOGON	Domain=NT AUTHORITY	EventID=642	EventIDCcorpoe=642	EventType=8	EventCategory=7	RecordNumber=2554625968	TimeGenerated=1389589031	TimeWritten=1389589031	Message=User Account Changed:   Target Account Name: Frederic-Koehler   Target Domain: EUROPE   Target Account ID: EUROPE\Frederic-Koehler   Caller User Name: EUNLVEDC01$   Caller Domain: EUROPE   Caller Logon ID: (0x0,0x3E7)   Privileges: -  Changed Attributes:   Sam Account Name: -   Display Name: -   User Principal Name: -   Home Directory: -   Home Drive: -   Script Path: -   Profile Path: -   User Workstations: -   Password Last Set: 1/13/2014 5:57:11 AM   Account Expires: -   Primary Group ID: -   AllowedTcorpoelegateTo: -   Old UAC Value: -   New UAC Value: -   User Account Control: -   User Parameters: -   Sid History: -   Logon Hours: -   
<13>Jan 13 05:34:46 EUNLVEDC01 AgentDevice=WindowsLog	AgentLogFile=Security	PluginVersion=1.0.14	Source=Security	Computer=EUNLVEDC01	User=ANONYMOUS LOGON	Domain=NT AUTHORITY	EventID=642	EventIDCcorpoe=642	EventType=8	EventCategory=7	RecordNumber=2554612385	TimeGenerated=1389587682	TimeWritten=1389587682	Message=User Account Changed:   Target Account Name: Sylvain-Ragaut   Target Domain: EUROPE   Target Account ID: EUROPE\Sylvain-Ragaut   Caller User Name: EUNLVEDC01$   Caller Domain: EUROPE   Caller Logon ID: (0x0,0x3E7)   Privileges: -  Changed Attributes:   Sam Account Name: -   Display Name: -   User Principal Name: -   Home Directory: -   Home Drive: -   Script Path: -   Profile Path: -   User Workstations: -   Password Last Set: 1/13/2014 5:34:42 AM   Account Expires: -   Primary Group ID: -   AllowedTcorpoelegateTo: -   Old UAC Value: -   New UAC Value: -   User Account Control: -   User Parameters: -   Sid History: -   Logon Hours: -   
<13>Jan 13 05:18:53 EUNLVEDC01 AgentDevice=WindowsLog	AgentLogFile=Security	PluginVersion=1.0.14	Source=Security	Computer=EUNLVEDC01	User=ANONYMOUS LOGON	Domain=NT AUTHORITY	EventID=642	EventIDCcorpoe=642	EventType=8	EventCategory=7	RecordNumber=2554603980	TimeGenerated=1389586730	TimeWritten=1389586730	Message=User Account Changed:   Target Account Name: Sabar-Mebarki   Target Domain: EUROPE   Target Account ID: EUROPE\Sabar-Mebarki   Caller User Name: EUNLVEDC01$   Caller Domain: EUROPE   Caller Logon ID: (0x0,0x3E7)   Privileges: -  Changed Attributes:   Sam Account Name: -   Display Name: -   User Principal Name: -   Home Directory: -   Home Drive: -   Script Path: -   Profile Path: -   User Workstations: -   Password Last Set: 1/13/2014 5:18:50 AM   Account Expires: -   Primary Group ID: -   AllowedTcorpoelegateTo: -   Old UAC Value: -   New UAC Value: -   User Account Control: -   User Parameters: -   Sid History: -   Logon Hours: -   
<13>Jan 13 05:04:26 EUNLVEDC01 AgentDevice=WindowsLog	AgentLogFile=Security	PluginVersion=1.0.14	Source=Security	Computer=EUNLVEDC01	User=ANONYMOUS LOGON	Domain=NT AUTHORITY	EventID=642	EventIDCcorpoe=642	EventType=8	EventCategory=7	RecordNumber=2554596023	TimeGenerated=1389585862	TimeWritten=1389585862	Message=User Account Changed:   Target Account Name: Poste_De_Garde_MSL   Target Domain: EUROPE   Target Account ID: EUROPE\Poste_De_Garde_MSL   Caller User Name: EUNLVEDC01$   Caller Domain: EUROPE   Caller Logon ID: (0x0,0x3E7)   Privileges: -  Changed Attributes:   Sam Account Name: -   Display Name: -   User Principal Name: -   Home Directory: -   Home Drive: -   Script Path: -   Profile Path: -   User Workstations: -   Password Last Set: 1/13/2014 5:04:22 AM   Account Expires: -   Primary Group ID: -   AllowedTcorpoelegateTo: -   Old UAC Value: -   New UAC Value: -   User Account Control: -   User Parameters: -   Sid History: -   Logon Hours: -   
<13>Jan 13 04:23:27 EUNLVEDC01 AgentDevice=WindowsLog	AgentLogFile=Security	PluginVersion=1.0.14	Source=Security	Computer=EUNLVEDC01	User=ANONYMOUS LOGON	Domain=NT AUTHORITY	EventID=642	EventIDCcorpoe=642	EventType=8	EventCategory=7	RecordNumber=2554564916	TimeGenerated=1389583405	TimeWritten=1389583405	Message=User Account Changed:   Target Account Name: BBAdm   Target Domain: EUROPE   Target Account ID: EUROPE\BBAdm   Caller User Name: EUNLVEDC01$   Caller Domain: EUROPE   Caller Logon ID: (0x0,0x3E7)   Privileges: -  Changed Attributes:   Sam Account Name: -   Display Name: -   User Principal Name: -   Home Directory: -   Home Drive: -   Script Path: -   Profile Path: -   User Workstations: -   Password Last Set: 1/13/2014 4:23:24 AM   Account Expires: -   Primary Group ID: -   AllowedTcorpoelegateTo: -   Old UAC Value: -   New UAC Value: -   User Account Control: -   User Parameters: -   Sid History: -   Logon Hours: -   
<13>Jan 13 02:48:12 EUNLVEDC01 AgentDevice=WindowsLog	AgentLogFile=Security	PluginVersion=1.0.14	Source=Security	Computer=EUNLVEDC01	User=ANONYMOUS LOGON	Domain=NT AUTHORITY	EventID=642	EventIDCcorpoe=642	EventType=8	EventCategory=7	RecordNumber=2554503272	TimeGenerated=1389577688	TimeWritten=1389577688	Message=User Account Changed:   Target Account Name: Kirit-Parmar   Target Domain: EUROPE   Target Account ID: EUROPE\Kirit-Parmar   Caller User Name: EUNLVEDC01$   Caller Domain: EUROPE   Caller Logon ID: (0x0,0x3E7)   Privileges: -  Changed Attributes:   Sam Account Name: -   Display Name: -   User Principal Name: -   Home Directory: -   Home Drive: -   Script Path: -   Profile Path: -   User Workstations: -   Password Last Set: 1/13/2014 2:48:08 AM   Account Expires: -   Primary Group ID: -   AllowedTcorpoelegateTo: -   Old UAC Value: -   New UAC Value: -   User Account Control: -   User Parameters: -   Sid History: -   Logon Hours: -   
<13>Jan 12 22:07:23 EUNLVEDC01 AgentDevice=WindowsLog	AgentLogFile=Security	PluginVersion=1.0.14	Source=Security	Computer=EUNLVEDC01	User=ANONYMOUS LOGON	Domain=NT AUTHORITY	EventID=642	EventIDCcorpoe=642	EventType=8	EventCategory=7	RecordNumber=2554296041	TimeGenerated=1389560840	TimeWritten=1389560840	Message=User Account Changed:   Target Account Name: Malcolm-Bailey   Target Domain: EUROPE   Target Account ID: EUROPE\Malcolm-Bailey   Caller User Name: EUNLVEDC01$   Caller Domain: EUROPE   Caller Logon ID: (0x0,0x3E7)   Privileges: -  Changed Attributes:   Sam Account Name: -   Display Name: -   User Principal Name: -   Home Directory: -   Home Drive: -   Script Path: -   Profile Path: -   User Workstations: -   Password Last Set: 1/12/2014 10:07:20 PM   Account Expires: -   Primary Group ID: -   AllowedTcorpoelegateTo: -   Old UAC Value: -   New UAC Value: -   User Account Control: -   User Parameters: -   Sid History: -   Logon Hours: -   
<13>Jan 12 20:38:03 EUNLVEDC01 AgentDevice=WindowsLog	AgentLogFile=Security	PluginVersion=1.0.14	Source=Security	Computer=EUNLVEDC01	User=ANONYMOUS LOGON	Domain=NT AUTHORITY	EventID=642	EventIDCcorpoe=642	EventType=8	EventCategory=7	RecordNumber=2554188904	TimeGenerated=1389555481	TimeWritten=1389555481	Message=User Account Changed:   Target Account Name: Milan-Baran   Target Domain: EUROPE   Target Account ID: EUROPE\Milan-Baran   Caller User Name: EUNLVEDC01$   Caller Domain: EUROPE   Caller Logon ID: (0x0,0x3E7)   Privileges: -  Changed Attributes:   Sam Account Name: -   Display Name: -   User Principal Name: -   Home Directory: -   Home Drive: -   Script Path: -   Profile Path: -   User Workstations: -   Password Last Set: 1/12/2014 8:38:00 PM   Account Expires: -   Primary Group ID: -   AllowedTcorpoelegateTo: -   Old UAC Value: -   New UAC Value: -   User Account Control: -   User Parameters: -   Sid History: -   Logon Hours: -   
<13>Jan 12 13:49:56 EUNLVEDC01 AgentDevice=WindowsLog	AgentLogFile=Security	PluginVersion=1.0.14	Source=Security	Computer=EUNLVEDC01	User=SVC-EUNLVEDBC01_SQL	Domain=EUROPE	EventID=642	EventIDCcorpoe=642	EventType=8	EventCategory=7	RecordNumber=2553923651	TimeGenerated=1389530993	TimeWritten=1389530993	Message=User Account Changed:   Target Account Name: SVC-EUNLVEDBC01_SQL   Target Domain: EUROPE   Target Account ID: EUROPE\SVC-EUNLVEDBC01_SQL   Caller User Name: SVC-EUNLVEDBC01_SQL   Caller Domain: EUROPE   Caller Logon ID: (0x0,0x70A8516)   Privileges: -  Changed Attributes:   Sam Account Name: -   Display Name: -   User Principal Name: -   Home Directory: -   Home Drive: -   Script Path: -   Profile Path: -   User Workstations: -   Password Last Set: -   Account Expires: -   Primary Group ID: -   AllowedTcorpoelegateTo: -   Old UAC Value: -   New UAC Value: -   User Account Control: -   User Parameters: -   Sid History: -   Logon Hours: -   
<13>Jan 12 13:01:25 EUNLVEDC01 AgentDevice=WindowsLog	AgentLogFile=Security	PluginVersion=1.0.14	Source=Security	Computer=EUNLVEDC01	User=SVC-EUNLVEDBC01_SQL	Domain=EUROPE	EventID=642	EventIDCcorpoe=642	EventType=8	EventCategory=7	RecordNumber=2553892965	TimeGenerated=1389528083	TimeWritten=1389528083	Message=User Account Changed:   Target Account Name: SVC-EUNLVEDBC01_SQL   Target Domain: EUROPE   Target Account ID: EUROPE\SVC-EUNLVEDBC01_SQL   Caller User Name: SVC-EUNLVEDBC01_SQL   Caller Domain: EUROPE   Caller Logon ID: (0x0,0x6EB040D)   Privileges: -  Changed Attributes:   Sam Account Name: -   Display Name: -   User Principal Name: -   Home Directory: -   Home Drive: -   Script Path: -   Profile Path: -   User Workstations: -   Password Last Set: -   Account Expires: -   Primary Group ID: -   AllowedTcorpoelegateTo: -   Old UAC Value: -   New UAC Value: -   User Account Control: -   User Parameters: -   Sid History: -   Logon Hours: -   
<13>Jan 12 13:01:07 EUNLVEDC01 AgentDevice=WindowsLog	AgentLogFile=Security	PluginVersion=1.0.14	Source=Security	Computer=EUNLVEDC01	User=SVC-EUNLVEDBC01_SQL	Domain=EUROPE	EventID=642	EventIDCcorpoe=642	EventType=8	EventCategory=7	RecordNumber=2553892783	TimeGenerated=1389528065	TimeWritten=1389528065	Message=User Account Changed:   Target Account Name: SVC-EUNLVEDBC01_SQL   Target Domain: EUROPE   Target Account ID: EUROPE\SVC-EUNLVEDBC01_SQL   Caller User Name: SVC-EUNLVEDBC01_SQL   Caller Domain: EUROPE   Caller Logon ID: (0x0,0x6EA8C6B)   Privileges: -  Changed Attributes:   Sam Account Name: -   Display Name: -   User Principal Name: -   Home Directory: -   Home Drive: -   Script Path: -   Profile Path: -   User Workstations: -   Password Last Set: -   Account Expires: -   Primary Group ID: -   AllowedTcorpoelegateTo: -   Old UAC Value: -   New UAC Value: -   User Account Control: -   User Parameters: -   Sid History: -   Logon Hours: -   
<13>Jan 12 13:00:59 EUNLVEDC01 AgentDevice=WindowsLog	AgentLogFile=Security	PluginVersion=1.0.14	Source=Security	Computer=EUNLVEDC01	User=SVC-EUNLVEDBC01_SQL	Domain=EUROPE	EventID=642	EventIDCcorpoe=642	EventType=8	EventCategory=7	RecordNumber=2553892716	TimeGenerated=1389528057	TimeWritten=1389528057	Message=User Account Changed:   Target Account Name: SVC-EUNLVEDBC01_SQL   Target Domain: EUROPE   Target Account ID: EUROPE\SVC-EUNLVEDBC01_SQL   Caller User Name: SVC-EUNLVEDBC01_SQL   Caller Domain: EUROPE   Caller Logon ID: (0x0,0x6EA7FA3)   Privileges: -  Changed Attributes:   Sam Account Name: -   Display Name: -   User Principal Name: -   Home Directory: -   Home Drive: -   Script Path: -   Profile Path: -   User Workstations: -   Password Last Set: -   Account Expires: -   Primary Group ID: -   AllowedTcorpoelegateTo: -   Old UAC Value: -   New UAC Value: -   User Account Control: -   User Parameters: -   Sid History: -   Logon Hours: -   
<13>Jan 12 13:00:39 EUNLVEDC01 AgentDevice=WindowsLog	AgentLogFile=Security	PluginVersion=1.0.14	Source=Security	Computer=EUNLVEDC01	User=SVC-EUNLVEDBC01_SQL	Domain=EUROPE	EventID=642	EventIDCcorpoe=642	EventType=8	EventCategory=7	RecordNumber=2553892508	TimeGenerated=1389528036	TimeWritten=1389528036	Message=User Account Changed:   Target Account Name: SVC-EUNLVEDBC01_SQL   Target Domain: EUROPE   Target Account ID: EUROPE\SVC-EUNLVEDBC01_SQL   Caller User Name: SVC-EUNLVEDBC01_SQL   Caller Domain: EUROPE   Caller Logon ID: (0x0,0x6EA4B9A)   Privileges: -  Changed Attributes:   Sam Account Name: -   Display Name: -   User Principal Name: -   Home Directory: -   Home Drive: -   Script Path: -   Profile Path: -   User Workstations: -   Password Last Set: -   Account Expires: -   Primary Group ID: -   AllowedTcorpoelegateTo: -   Old UAC Value: -   New UAC Value: -   User Account Control: -   User Parameters: -   Sid History: -   Logon Hours: -   
<13>Jan 12 12:24:55 EUNLVEDC01 AgentDevice=WindowsLog	AgentLogFile=Security	PluginVersion=1.0.14	Source=Security	Computer=EUNLVEDC01	User=SVC-EUNLVEDBC01_SQL	Domain=EUROPE	EventID=642	EventIDCcorpoe=642	EventType=8	EventCategory=7	RecordNumber=2553871648	TimeGenerated=1389525892	TimeWritten=1389525892	Message=User Account Changed:   Target Account Name: SVC-EUNLVEDBC01_SQL   Target Domain: EUROPE   Target Account ID: EUROPE\SVC-EUNLVEDBC01_SQL   Caller User Name: SVC-EUNLVEDBC01_SQL   Caller Domain: EUROPE   Caller Logon ID: (0x0,0x6D3562D)   Privileges: -  Changed Attributes:   Sam Account Name: -   Display Name: -   User Principal Name: -   Home Directory: -   Home Drive: -   Script Path: -   Profile Path: -   User Workstations: -   Password Last Set: -   Account Expires: -   Primary Group ID: -   AllowedTcorpoelegateTo: -   Old UAC Value: -   New UAC Value: -   User Account Control: -   User Parameters: -   Sid History: -   Logon Hours: -   
<13>Jan 12 11:17:48 EUNLVEDC01 AgentDevice=WindowsLog	AgentLogFile=Security	PluginVersion=1.0.14	Source=Security	Computer=EUNLVEDC01	User=SYSTEM	Domain=NT AUTHORITY	EventID=644	EventIDCcorpoe=644	EventType=8	EventCategory=7	RecordNumber=2553830064	TimeGenerated=1389521865	TimeWritten=1389521865	Message=User Account Locked Out:   Target Account Name: Suresh-Subramanian   Target Account ID: EUROPE\Suresh-Subramanian   Caller Machine Name: EUNLVETSS07   Caller User Name: EUNLVEDC01$   Caller Domain: EUROPE   Caller Logon ID: (0x0,0x3E7)   
<13>Jan 12 10:19:50 EUNLVEDC01 AgentDevice=WindowsLog	AgentLogFile=Security	PluginVersion=1.0.14	Source=Security	Computer=EUNLVEDC01	User=ANONYMOUS LOGON	Domain=NT AUTHORITY	EventID=642	EventIDCcorpoe=642	EventType=8	EventCategory=7	RecordNumber=2553795664	TimeGenerated=1389518388	TimeWritten=1389518388	Message=User Account Changed:   Target Account Name: Arjan-Maessen   Target Domain: EUROPE   Target Account ID: EUROPE\Arjan-Maessen   Caller User Name: EUNLVEDC01$   Caller Domain: EUROPE   Caller Logon ID: (0x0,0x3E7)   Privileges: -  Changed Attributes:   Sam Account Name: -   Display Name: -   User Principal Name: -   Home Directory: -   Home Drive: -   Script Path: -   Profile Path: -   User Workstations: -   Password Last Set: <never>    Account Expires: -   Primary Group ID: -   AllowedTcorpoelegateTo: -   Old UAC Value: -   New UAC Value: -   User Account Control: -   User Parameters: -   Sid History: -   Logon Hours: -   
<13>Jan 11 21:37:15 EUNLVEDC01 AgentDevice=WindowsLog	AgentLogFile=Security	PluginVersion=1.0.14	Source=Security	Computer=EUNLVEDC01	User=SYSTEM	Domain=NT AUTHORITY	EventID=644	EventIDCcorpoe=644	EventType=8	EventCategory=7	RecordNumber=2553272010	TimeGenerated=1389472632	TimeWritten=1389472632	Message=User Account Locked Out:   Target Account Name: Vladimir-Rekl   Target Account ID: EUROPE\Vladimir-Rekl   Caller Machine Name: UKLEDC01   Caller User Name: EUNLVEDC01$   Caller Domain: EUROPE   Caller Logon ID: (0x0,0x3E7)   
<13>Jan 11 18:11:17 EUNLVEDC01 AgentDevice=WindowsLog	AgentLogFile=Security	PluginVersion=1.0.14	Source=Security	Computer=EUNLVEDC01	User=ANONYMOUS LOGON	Domain=NT AUTHORITY	EventID=642	EventIDCcorpoe=642	EventType=8	EventCategory=7	RecordNumber=2553114755	TimeGenerated=1389460274	TimeWritten=1389460274	Message=User Account Changed:   Target Account Name: Parthiban-Ponnusamy   Target Domain: EUROPE   Target Account ID: EUROPE\Parthiban-Ponnusamy   Caller User Name: ANONYMOUS LOGON   Caller Domain: NT AUTHORITY   Caller Logon ID: (0x0,0x3D48381)   Privileges: -  Changed Attributes:   Sam Account Name: -   Display Name: -   User Principal Name: -   Home Directory: -   Home Drive: -   Script Path: -   Profile Path: -   User Workstations: -   Password Last Set: 1/11/2014 6:11:14 PM   Account Expires: -   Primary Group ID: -   AllowedTcorpoelegateTo: -   Old UAC Value: -   New UAC Value: -   User Account Control: -   User Parameters: -   Sid History: -   Logon Hours: -   
<13>Jan 11 14:43:04 EUNLVEDC01 AgentDevice=WindowsLog	AgentLogFile=Security	PluginVersion=1.0.14	Source=Security	Computer=EUNLVEDC01	User=SYSTEM	Domain=NT AUTHORITY	EventID=644	EventIDCcorpoe=644	EventType=8	EventCategory=7	RecordNumber=2552984814	TimeGenerated=1389447781	TimeWritten=1389447781	Message=User Account Locked Out:   Target Account Name: Mehdi-DEHRIB   Target Account ID: EUROPE\Mehdi-DEHRIB   Caller Machine Name: FR066W031   Caller User Name: EUNLVEDC01$   Caller Domain: EUROPE   Caller Logon ID: (0x0,0x3E7)   
<13>Jan 11 14:00:55 EUNLVEDC01 AgentDevice=WindowsLog	AgentLogFile=Security	PluginVersion=1.0.14	Source=Security	Computer=EUNLVEDC01	User=SYSTEM	Domain=NT AUTHORITY	EventID=644	EventIDCcorpoe=644	EventType=8	EventCategory=7	RecordNumber=2552953306	TimeGenerated=1389445252	TimeWritten=1389445252	Message=User Account Locked Out:   Target Account Name: Suvrayan-Biswas   Target Account ID: EUROPE\Suvrayan-Biswas   Caller Machine Name: CHECOMGTRMS05   Caller User Name: EUNLVEDC01$   Caller Domain: EUROPE   Caller Logon ID: (0x0,0x3E7)   
<13>Jan 11 13:46:59 EUNLVEDC01 AgentDevice=WindowsLog	AgentLogFile=Security	PluginVersion=1.0.14	Source=Security	Computer=EUNLVEDC01	User=ANONYMOUS LOGON	Domain=NT AUTHORITY	EventID=642	EventIDCcorpoe=642	EventType=8	EventCategory=7	RecordNumber=2552944541	TimeGenerated=1389444417	TimeWritten=1389444417	Message=User Account Changed:   Target Account Name: Suvrayan-Biswas   Target Domain: EUROPE   Target Account ID: EUROPE\Suvrayan-Biswas   Caller User Name: EUNLVEDC01$   Caller Domain: EUROPE   Caller Logon ID: (0x0,0x3E7)   Privileges: -  Changed Attributes:   Sam Account Name: -   Display Name: -   User Principal Name: -   Home Directory: -   Home Drive: -   Script Path: -   Profile Path: -   User Workstations: -   Password Last Set: 1/11/2014 1:46:57 PM   Account Expires: -   Primary Group ID: -   AllowedTcorpoelegateTo: -   Old UAC Value: -   New UAC Value: -   User Account Control: -   User Parameters: -   Sid History: -   Logon Hours: -   
<13>Jan 11 13:21:19 EUNLVEDC01 AgentDevice=WindowsLog	AgentLogFile=Security	PluginVersion=1.0.14	Source=Security	Computer=EUNLVEDC01	User=StSAdm	Domain=EUROPE	EventID=671	EventIDCcorpoe=671	EventType=8	EventCategory=7	RecordNumber=2552929271	TimeGenerated=1389442876	TimeWritten=1389442876	Message=User Account Unlocked:   Target Account Name: Ivo-Vanduuren   Target Domain:  EUROPE   Target Account ID: EUROPE\Ivo-Vanduuren   Caller User Name: StSAdm   Caller Domain: EUROPE   Caller Logon ID: (0x0,0x30BEA9A)   
<13>Jan 11 13:00:53 EUNLVEDC01 AgentDevice=WindowsLog	AgentLogFile=Security	PluginVersion=1.0.14	Source=Security	Computer=EUNLVEDC01	User=SYSTEM	Domain=NT AUTHORITY	EventID=644	EventIDCcorpoe=644	EventType=8	EventCategory=7	RecordNumber=2552916436	TimeGenerated=1389441649	TimeWritten=1389441649	Message=User Account Locked Out:   Target Account Name: Ivo-Vanduuren   Target Account ID: EUROPE\Ivo-Vanduuren   Caller Machine Name: VDF2-THINK   Caller User Name: EUNLVEDC01$   Caller Domain: EUROPE   Caller Logon ID: (0x0,0x3E7)   
<13>Jan 11 12:34:44 EUNLVEDC01 AgentDevice=WindowsLog	AgentLogFile=Security	PluginVersion=1.0.14	Source=Security	Computer=EUNLVEDC01	User=MaMadm	Domain=EUROPE	EventID=671	EventIDCcorpoe=671	EventType=8	EventCategory=7	RecordNumber=2552899515	TimeGenerated=1389440081	TimeWritten=1389440081	Message=User Account Unlocked:   Target Account Name: Bertrand-Chevalier   Target Domain:  EUROPE   Target Account ID: EUROPE\Bertrand-Chevalier   Caller User Name: MaMadm   Caller Domain: EUROPE   Caller Logon ID: (0x0,0x2EBDA5C)   
<13>Jan 11 12:28:45 EUNLVEDC01 AgentDevice=WindowsLog	AgentLogFile=Security	PluginVersion=1.0.14	Source=Security	Computer=EUNLVEDC01	User=SYSTEM	Domain=NT AUTHORITY	EventID=644	EventIDCcorpoe=644	EventType=8	EventCategory=7	RecordNumber=2552896246	TimeGenerated=1389439723	TimeWritten=1389439723	Message=User Account Locked Out:   Target Account Name: Bertrand-Chevalier   Target Account ID: EUROPE\Bertrand-Chevalier   Caller Machine Name: USCHNABH02   Caller User Name: EUNLVEDC01$   Caller Domain: EUROPE   Caller Logon ID: (0x0,0x3E7)   
<13>Jan 11 11:16:12 EUNLVEDC01 AgentDevice=WindowsLog	AgentLogFile=Security	PluginVersion=1.0.14	Source=Security	Computer=EUNLVEDC01	User=ANONYMOUS LOGON	Domain=NT AUTHORITY	EventID=642	EventIDCcorpoe=642	EventType=8	EventCategory=7	RecordNumber=2552851018	TimeGenerated=1389435368	TimeWritten=1389435368	Message=User Account Changed:   Target Account Name: Lucimara-Alves   Target Domain: EUROPE   Target Account ID: EUROPE\Lucimara-Alves   Caller User Name: EUNLVEDC01$   Caller Domain: EUROPE   Caller Logon ID: (0x0,0x3E7)   Privileges: -  Changed Attributes:   Sam Account Name: -   Display Name: -   User Principal Name: -   Home Directory: -   Home Drive: -   Script Path: -   Profile Path: -   User Workstations: -   Password Last Set: 1/11/2014 11:16:08 AM   Account Expires: -   Primary Group ID: -   AllowedTcorpoelegateTo: -   Old UAC Value: -   New UAC Value: -   User Account Control: -   User Parameters: -   Sid History: -   Logon Hours: -   
<13>Jan 11 11:15:50 EUNLVEDC01 AgentDevice=WindowsLog	AgentLogFile=Security	PluginVersion=1.0.14	Source=Security	Computer=EUNLVEDC01	User=SYSTEM	Domain=NT AUTHORITY	EventID=644	EventIDCcorpoe=644	EventType=8	EventCategory=7	RecordNumber=2552850772	TimeGenerated=1389435346	TimeWritten=1389435346	Message=User Account Locked Out:   Target Account Name: Lucimara-Alves   Target Account ID: EUROPE\Lucimara-Alves   Caller Machine Name: USCHNABH02   Caller User Name: EUNLVEDC01$   Caller Domain: EUROPE   Caller Logon ID: (0x0,0x3E7)   
<13>Jan 11 10:25:29 EUNLVEDC01 AgentDevice=WindowsLog	AgentLogFile=Security	PluginVersion=1.0.14	Source=Security	Computer=EUNLVEDC01	User=ANONYMOUS LOGON	Domain=NT AUTHORITY	EventID=642	EventIDCcorpoe=642	EventType=8	EventCategory=7	RecordNumber=2552817233	TimeGenerated=1389432326	TimeWritten=1389432326	Message=User Account Changed:   Target Account Name: Duncan-Knox   Target Domain: EUROPE   Target Account ID: EUROPE\Duncan-Knox   Caller User Name: EUNLVEDC01$   Caller Domain: EUROPE   Caller Logon ID: (0x0,0x3E7)   Privileges: -  Changed Attributes:   Sam Account Name: -   Display Name: -   User Principal Name: -   Home Directory: -   Home Drive: -   Script Path: -   Profile Path: -   User Workstations: -   Password Last Set: 1/11/2014 10:25:26 AM   Account Expires: -   Primary Group ID: -   AllowedTcorpoelegateTo: -   Old UAC Value: -   New UAC Value: -   User Account Control: -   User Parameters: -   Sid History: -   Logon Hours: -   
<13>Jan 11 10:17:58 EUNLVEDC01 AgentDevice=WindowsLog	AgentLogFile=Security	PluginVersion=1.0.14	Source=Security	Computer=EUNLVEDC01	User=ANONYMOUS LOGON	Domain=NT AUTHORITY	EventID=642	EventIDCcorpoe=642	EventType=8	EventCategory=7	RecordNumber=2552812738	TimeGenerated=1389431876	TimeWritten=1389431876	Message=User Account Changed:   Target Account Name: Duncan-Knox   Target Domain: EUROPE   Target Account ID: EUROPE\Duncan-Knox   Caller User Name: EUNLVEDC01$   Caller Domain: EUROPE   Caller Logon ID: (0x0,0x3E7)   Privileges: -  Changed Attributes:   Sam Account Name: -   Display Name: -   User Principal Name: -   Home Directory: -   Home Drive: -   Script Path: -   Profile Path: -   User Workstations: -   Password Last Set: 1/11/2014 10:17:56 AM   Account Expires: -   Primary Group ID: -   AllowedTcorpoelegateTo: -   Old UAC Value: -   New UAC Value: -   User Account Control: -   User Parameters: -   Sid History: -   Logon Hours: -   
<13>Jan 11 10:00:48 EUNLVEDC01 AgentDevice=WindowsLog	AgentLogFile=Security	PluginVersion=1.0.14	Source=Security	Computer=EUNLVEDC01	User=ANONYMOUS LOGON	Domain=NT AUTHORITY	EventID=642	EventIDCcorpoe=642	EventType=8	EventCategory=7	RecordNumber=2552802257	TimeGenerated=1389430846	TimeWritten=1389430846	Message=User Account Changed:   Target Account Name: Duncan-Knox   Target Domain: EUROPE   Target Account ID: EUROPE\Duncan-Knox   Caller User Name: EUNLVEDC01$   Caller Domain: EUROPE   Caller Logon ID: (0x0,0x3E7)   Privileges: -  Changed Attributes:   Sam Account Name: -   Display Name: -   User Principal Name: -   Home Directory: -   Home Drive: -   Script Path: -   Profile Path: -   User Workstations: -   Password Last Set: 1/11/2014 10:00:46 AM   Account Expires: -   Primary Group ID: -   AllowedTcorpoelegateTo: -   Old UAC Value: -   New UAC Value: -   User Account Control: -   User Parameters: -   Sid History: -   Logon Hours: -   
<13>Jan 11 09:32:42 EUNLVEDC01 AgentDevice=WindowsLog	AgentLogFile=Security	PluginVersion=1.0.14	Source=Security	Computer=EUNLVEDC01	User=SYSTEM	Domain=NT AUTHORITY	EventID=644	EventIDCcorpoe=644	EventType=8	EventCategory=7	RecordNumber=2552785286	TimeGenerated=1389429159	TimeWritten=1389429159	Message=User Account Locked Out:   Target Account Name: Michal-Zajac   Target Account ID: EUROPE\Michal-Zajac   Caller Machine Name: USCHNAHUB02   Caller User Name: EUNLVEDC01$   Caller Domain: EUROPE   Caller Logon ID: (0x0,0x3E7)   
<13>Jan 11 08:38:08 EUNLVEDC01 AgentDevice=WindowsLog	AgentLogFile=Security	PluginVersion=1.0.14	Source=Security	Computer=EUNLVEDC01	User=MaMadm	Domain=EUROPE	EventID=671	EventIDCcorpoe=671	EventType=8	EventCategory=7	RecordNumber=2552750898	TimeGenerated=1389425885	TimeWritten=1389425885	Message=User Account Unlocked:   Target Account Name: Bernard-You   Target Domain:  EUROPE   Target Account ID: EUROPE\Bernard-You   Caller User Name: MaMadm   Caller Domain: EUROPE   Caller Logon ID: (0x0,0x24A8DBD)   
<13>Jan 10 22:04:10 EUNLVEDC01 AgentDevice=WindowsLog	AgentLogFile=Security	PluginVersion=1.0.14	Source=Security	Computer=EUNLVEDC01	User=ANONYMOUS LOGON	Domain=NT AUTHORITY	EventID=642	EventIDCcorpoe=642	EventType=8	EventCategory=7	RecordNumber=2552058117	TimeGenerated=1389387847	TimeWritten=1389387847	Message=User Account Changed:   Target Account Name: Lionel-Chenneviere   Target Domain: EUROPE   Target Account ID: EUROPE\Lionel-Chenneviere   Caller User Name: EUNLVEDC01$   Caller Domain: EUROPE   Caller Logon ID: (0x0,0x3E7)   Privileges: -  Changed Attributes:   Sam Account Name: -   Display Name: -   User Principal Name: -   Home Directory: -   Home Drive: -   Script Path: -   Profile Path: -   User Workstations: -   Password Last Set: 1/10/2014 10:04:07 PM   Account Expires: -   Primary Group ID: -   AllowedTcorpoelegateTo: -   Old UAC Value: -   New UAC Value: -   User Account Control: -   User Parameters: -   Sid History: -   Logon Hours: -   
<13>Jan 10 21:11:47 EUNLVEDC01 AgentDevice=WindowsLog	AgentLogFile=Security	PluginVersion=1.0.14	Source=Security	Computer=EUNLVEDC01	User=SYSTEM	Domain=NT AUTHORITY	EventID=644	EventIDCcorpoe=644	EventType=8	EventCategory=7	RecordNumber=2551992805	TimeGenerated=1389384704	TimeWritten=1389384704	Message=User Account Locked Out:   Target Account Name: Viktorija-Stepsyte   Target Account ID: EUROPE\Viktorija-Stepsyte   Caller Machine Name: EUUKTEPR02   Caller User Name: EUNLVEDC01$   Caller Domain: EUROPE   Caller Logon ID: (0x0,0x3E7)   
<13>Jan 10 21:09:53 EUNLVEDC01 AgentDevice=WindowsLog	AgentLogFile=Security	PluginVersion=1.0.14	Source=Security	Computer=EUNLVEDC01	User=BRAdm	Domain=EUROPE	EventID=671	EventIDCcorpoe=671	EventType=8	EventCategory=7	RecordNumber=2551991415	TimeGenerated=1389384590	TimeWritten=1389384590	Message=User Account Unlocked:   Target Account Name: Nicki-Stewart   Target Domain:  EUROPE   Target Account ID: EUROPE\Nicki-Stewart   Caller User Name: BRAdm   Caller Domain: EUROPE   Caller Logon ID: (0x0,0x7C795700)   
<13>Jan 10 20:55:01 EUNLVEDC01 AgentDevice=WindowsLog	AgentLogFile=Security	PluginVersion=1.0.14	Source=Security	Computer=EUNLVEDC01	User=ANONYMOUS LOGON	Domain=NT AUTHORITY	EventID=642	EventIDCcorpoe=642	EventType=8	EventCategory=7	RecordNumber=2551981623	TimeGenerated=1389383697	TimeWritten=1389383697	Message=User Account Changed:   Target Account Name: Marta-Bhowmick   Target Domain: EUROPE   Target Account ID: EUROPE\Marta-Bhowmick   Caller User Name: EUNLVEDC01$   Caller Domain: EUROPE   Caller Logon ID: (0x0,0x3E7)   Privileges: -  Changed Attributes:   Sam Account Name: -   Display Name: -   User Principal Name: -   Home Directory: -   Home Drive: -   Script Path: -   Profile Path: -   User Workstations: -   Password Last Set: 1/10/2014 8:54:57 PM   Account Expires: -   Primary Group ID: -   AllowedTcorpoelegateTo: -   Old UAC Value: -   New UAC Value: -   User Account Control: -   User Parameters: -   Sid History: -   Logon Hours: -   
<13>Jan 10 20:42:13 EUNLVEDC01 AgentDevice=WindowsLog	AgentLogFile=Security	PluginVersion=1.0.14	Source=Security	Computer=EUNLVEDC01	User=ANONYMOUS LOGON	Domain=NT AUTHORITY	EventID=642	EventIDCcorpoe=642	EventType=8	EventCategory=7	RecordNumber=2551973061	TimeGenerated=1389382931	TimeWritten=1389382931	Message=User Account Changed:   Target Account Name: Martin-Werner   Target Domain: EUROPE   Target Account ID: EUROPE\Martin-Werner   Caller User Name: EUNLVEDC01$   Caller Domain: EUROPE   Caller Logon ID: (0x0,0x3E7)   Privileges: -  Changed Attributes:   Sam Account Name: -   Display Name: -   User Principal Name: -   Home Directory: -   Home Drive: -   Script Path: -   Profile Path: -   User Workstations: -   Password Last Set: <never>    Account Expires: -   Primary Group ID: -   AllowedTcorpoelegateTo: -   Old UAC Value: -   New UAC Value: -   User Account Control: -   User Parameters: -   Sid History: -   Logon Hours: -   
<13>Jan 10 20:25:18 EUNLVEDC01 AgentDevice=WindowsLog	AgentLogFile=Security	PluginVersion=1.0.14	Source=Security	Computer=EUNLVEDC01	User=FSADM	Domain=EUROPE	EventID=671	EventIDCcorpoe=671	EventType=8	EventCategory=7	RecordNumber=2551962297	TimeGenerated=1389381914	TimeWritten=1389381914	Message=User Account Unlocked:   Target Account Name: Samuel-Descamps   Target Domain:  EUROPE   Target Account ID: EUROPE\Samuel-Descamps   Caller User Name: FSADM   Caller Domain: EUROPE   Caller Logon ID: (0x0,0x7C4D8398)   
<13>Jan 10 20:01:39 EUNLVEDC01 AgentDevice=WindowsLog	AgentLogFile=Security	PluginVersion=1.0.14	Source=Security	Computer=EUNLVEDC01	User=SYSTEM	Domain=NT AUTHORITY	EventID=644	EventIDCcorpoe=644	EventType=8	EventCategory=7	RecordNumber=2551945903	TimeGenerated=1389380496	TimeWritten=1389380496	Message=User Account Locked Out:   Target Account Name: Bernard-You   Target Account ID: EUROPE\Bernard-You   Caller Machine Name: USCHSAPRcorpo01   Caller User Name: EUNLVEDC01$   Caller Domain: EUROPE   Caller Logon ID: (0x0,0x3E7)   
<13>Jan 10 19:09:51 EUNLVEDC01 AgentDevice=WindowsLog	AgentLogFile=Security	PluginVersion=1.0.14	Source=Security	Computer=EUNLVEDC01	User=ANONYMOUS LOGON	Domain=NT AUTHORITY	EventID=642	EventIDCcorpoe=642	EventType=8	EventCategory=7	RecordNumber=2551911240	TimeGenerated=1389377388	TimeWritten=1389377388	Message=User Account Changed:   Target Account Name: Bijal-Bhagwan   Target Domain: EUROPE   Target Account ID: EUROPE\Bijal-Bhagwan   Caller User Name: EUNLVEDC01$   Caller Domain: EUROPE   Caller Logon ID: (0x0,0x3E7)   Privileges: -  Changed Attributes:   Sam Account Name: -   Display Name: -   User Principal Name: -   Home Directory: -   Home Drive: -   Script Path: -   Profile Path: -   User Workstations: -   Password Last Set: 1/10/2014 7:09:48 PM   Account Expires: -   Primary Group ID: -   AllowedTcorpoelegateTo: -   Old UAC Value: -   New UAC Value: -   User Account Control: -   User Parameters: -   Sid History: -   Logon Hours: -   
<13>Jan 10 19:03:11 EUNLVEDC01 AgentDevice=WindowsLog	AgentLogFile=Security	PluginVersion=1.0.14	Source=Security	Computer=EUNLVEDC01	User=ANONYMOUS LOGON	Domain=NT AUTHORITY	EventID=642	EventIDCcorpoe=642	EventType=8	EventCategory=7	RecordNumber=2551906285	TimeGenerated=1389376988	TimeWritten=1389376988	Message=User Account Changed:   Target Account Name: dcman   Target Domain: EUROPE   Target Account ID: EUROPE\dcman   Caller User Name: EUNLVEDC01$   Caller Domain: EUROPE   Caller Logon ID: (0x0,0x3E7)   Privileges: -  Changed Attributes:   Sam Account Name: -   Display Name: -   User Principal Name: -   Home Directory: -   Home Drive: -   Script Path: -   Profile Path: -   User Workstations: -   Password Last Set: 1/10/2014 7:03:08 PM   Account Expires: -   Primary Group ID: -   AllowedTcorpoelegateTo: -   Old UAC Value: -   New UAC Value: -   User Account Control: -   User Parameters: -   Sid History: -   Logon Hours: -   
<13>Jan 10 19:02:45 EUNLVEDC01 AgentDevice=WindowsLog	AgentLogFile=Security	PluginVersion=1.0.14	Source=Security	Computer=EUNLVEDC01	User=ANONYMOUS LOGON	Domain=NT AUTHORITY	EventID=642	EventIDCcorpoe=642	EventType=8	EventCategory=7	RecordNumber=2551905911	TimeGenerated=1389376963	TimeWritten=1389376963	Message=User Account Changed:   Target Account Name: dale-cooke   Target Domain: EUROPE   Target Account ID: EUROPE\dale-cooke   Caller User Name: EUNLVEDC01$   Caller Domain: EUROPE   Caller Logon ID: (0x0,0x3E7)   Privileges: -  Changed Attributes:   Sam Account Name: -   Display Name: -   User Principal Name: -   Home Directory: -   Home Drive: -   Script Path: -   Profile Path: -   User Workstations: -   Password Last Set: 1/10/2014 7:02:43 PM   Account Expires: -   Primary Group ID: -   AllowedTcorpoelegateTo: -   Old UAC Value: -   New UAC Value: -   User Account Control: -   User Parameters: -   Sid History: -   Logon Hours: -   
<13>Jan 10 19:00:40 EUNLVEDC01 AgentDevice=WindowsLog	AgentLogFile=Security	PluginVersion=1.0.14	Source=Security	Computer=EUNLVEDC01	User=SYSTEM	Domain=NT AUTHORITY	EventID=644	EventIDCcorpoe=644	EventType=8	EventCategory=7	RecordNumber=2551904475	TimeGenerated=1389376837	TimeWritten=1389376837	Message=User Account Locked Out:   Target Account Name: Nicki-Stewart   Target Account ID: EUROPE\Nicki-Stewart   Caller Machine Name: UKLT143696   Caller User Name: EUNLVEDC01$   Caller Domain: EUROPE   Caller Logon ID: (0x0,0x3E7)   
<13>Jan 10 18:49:51 EUNLVEDC01 AgentDevice=WindowsLog	AgentLogFile=Security	PluginVersion=1.0.14	Source=Security	Computer=EUNLVEDC01	User=SYSTEM	Domain=NT AUTHORITY	EventID=644	EventIDCcorpoe=644	EventType=8	EventCategory=7	RecordNumber=2551895849	TimeGenerated=1389376187	TimeWritten=1389376187	Message=User Account Locked Out:   Target Account Name: Marta-Bhowmick   Target Account ID: EUROPE\Marta-Bhowmick   Caller Machine Name: UKLT118678   Caller User Name: EUNLVEDC01$   Caller Domain: EUROPE   Caller Logon ID: (0x0,0x3E7)   
<13>Jan 10 18:43:03 EUNLVEDC01 AgentDevice=WindowsLog	AgentLogFile=Security	PluginVersion=1.0.14	Source=Security	Computer=EUNLVEDC01	User=ANONYMOUS LOGON	Domain=NT AUTHORITY	EventID=642	EventIDCcorpoe=642	EventType=8	EventCategory=7	RecordNumber=2551890544	TimeGenerated=1389375779	TimeWritten=1389375779	Message=User Account Changed:   Target Account Name: Salvatore-Desiderio   Target Domain: EUROPE   Target Account ID: EUROPE\Salvatore-Desiderio   Caller User Name: EUNLVEDC01$   Caller Domain: EUROPE   Caller Logon ID: (0x0,0x3E7)   Privileges: -  Changed Attributes:   Sam Account Name: -   Display Name: -   User Principal Name: -   Home Directory: -   Home Drive: -   Script Path: -   Profile Path: -   User Workstations: -   Password Last Set: 1/10/2014 6:42:59 PM   Account Expires: -   Primary Group ID: -   AllowedTcorpoelegateTo: -   Old UAC Value: -   New UAC Value: -   User Account Control: -   User Parameters: -   Sid History: -   Logon Hours: -   
<13>Jan 10 18:16:25 EUNLVEDC01 AgentDevice=WindowsLog	AgentLogFile=Security	PluginVersion=1.0.14	Source=Security	Computer=EUNLVEDC01	User=SYSTEM	Domain=NT AUTHORITY	EventID=644	EventIDCcorpoe=644	EventType=8	EventCategory=7	RecordNumber=2551868968	TimeGenerated=1389374182	TimeWritten=1389374182	Message=User Account Locked Out:   Target Account Name: Melanie-Collyn   Target Account ID: EUROPE\Melanie-Collyn   Caller Machine Name: FRLT00208301   Caller User Name: EUNLVEDC01$   Caller Domain: EUROPE   Caller Logon ID: (0x0,0x3E7)   
<13>Jan 10 18:14:38 EUNLVEDC01 AgentDevice=WindowsLog	AgentLogFile=Security	PluginVersion=1.0.14	Source=Security	Computer=EUNLVEDC01	User=SYSTEM	Domain=NT AUTHORITY	EventID=644	EventIDCcorpoe=644	EventType=8	EventCategory=7	RecordNumber=2551867573	TimeGenerated=1389374075	TimeWritten=1389374075	Message=User Account Locked Out:   Target Account Name: dale-cooke   Target Account ID: EUROPE\dale-cooke   Caller Machine Name:    Caller User Name: EUNLVEDC01$   Caller Domain: EUROPE   Caller Logon ID: (0x0,0x3E7)   
<13>Jan 10 18:03:56 EUNLVEDC01 AgentDevice=WindowsLog	AgentLogFile=Security	PluginVersion=1.0.14	Source=Security	Computer=EUNLVEDC01	User=SYSTEM	Domain=NT AUTHORITY	EventID=644	EventIDCcorpoe=644	EventType=8	EventCategory=7	RecordNumber=2551858167	TimeGenerated=1389373433	TimeWritten=1389373433	Message=User Account Locked Out:   Target Account Name: Okke-Brand   Target Account ID: EUROPE\Okke-Brand   Caller Machine Name:    Caller User Name: EUNLVEDC01$   Caller Domain: EUROPE   Caller Logon ID: (0x0,0x3E7)   
<13>Jan 10 18:00:24 EUNLVEDC01 AgentDevice=WindowsLog	AgentLogFile=Security	PluginVersion=1.0.14	Source=Security	Computer=EUNLVEDC01	User=SYSTEM	Domain=NT AUTHORITY	EventID=644	EventIDCcorpoe=644	EventType=8	EventCategory=7	RecordNumber=2551853771	TimeGenerated=1389373221	TimeWritten=1389373221	Message=User Account Locked Out:   Target Account Name: Vincent-Grenot   Target Account ID: EUROPE\Vincent-Grenot   Caller Machine Name: USCHSAPRcorpo02   Caller User Name: EUNLVEDC01$   Caller Domain: EUROPE   Caller Logon ID: (0x0,0x3E7)   
<13>Jan 10 17:47:53 EUNLVEDC01 AgentDevice=WindowsLog	AgentLogFile=Security	PluginVersion=1.0.14	Source=Security	Computer=EUNLVEDC01	User=ANONYMOUS LOGON	Domain=NT AUTHORITY	EventID=642	EventIDCcorpoe=642	EventType=8	EventCategory=7	RecordNumber=2551842042	TimeGenerated=1389372469	TimeWritten=1389372469	Message=User Account Changed:   Target Account Name: MohamedAli-BenMahmou   Target Domain: EUROPE   Target Account ID: EUROPE\MohamedAli-BenMahmou   Caller User Name: EUNLVEDC01$   Caller Domain: EUROPE   Caller Logon ID: (0x0,0x3E7)   Privileges: -  Changed Attributes:   Sam Account Name: -   Display Name: -   User Principal Name: -   Home Directory: -   Home Drive: -   Script Path: -   Profile Path: -   User Workstations: -   Password Last Set: 1/10/2014 5:47:49 PM   Account Expires: -   Primary Group ID: -   AllowedTcorpoelegateTo: -   Old UAC Value: -   New UAC Value: -   User Account Control: -   User Parameters: -   Sid History: -   Logon Hours: -   
<13>Jan 10 17:40:16 EUNLVEDC01 AgentDevice=WindowsLog	AgentLogFile=Security	PluginVersion=1.0.14	Source=Security	Computer=EUNLVEDC01	User=SYSTEM	Domain=NT AUTHORITY	EventID=644	EventIDCcorpoe=644	EventType=8	EventCategory=7	RecordNumber=2551834733	TimeGenerated=1389372012	TimeWritten=1389372012	Message=User Account Locked Out:   Target Account Name: Benjamin-Eckert   Target Account ID: EUROPE\Benjamin-Eckert   Caller Machine Name: DEGOPC9003   Caller User Name: EUNLVEDC01$   Caller Domain: EUROPE   Caller Logon ID: (0x0,0x3E7)   
<13>Jan 10 17:20:18 EUNLVEDC01 AgentDevice=WindowsLog	AgentLogFile=Security	PluginVersion=1.0.14	Source=Security	Computer=EUNLVEDC01	User=ANONYMOUS LOGON	Domain=NT AUTHORITY	EventID=642	EventIDCcorpoe=642	EventType=8	EventCategory=7	RecordNumber=2551814180	TimeGenerated=1389370815	TimeWritten=1389370815	Message=User Account Changed:   Target Account Name: Edward-Lench   Target Domain: EUROPE   Target Account ID: EUROPE\Edward-Lench   Caller User Name: EUNLVEDC01$   Caller Domain: EUROPE   Caller Logon ID: (0x0,0x3E7)   Privileges: -  Changed Attributes:   Sam Account Name: -   Display Name: -   User Principal Name: -   Home Directory: -   Home Drive: -   Script Path: -   Profile Path: -   User Workstations: -   Password Last Set: 1/10/2014 5:20:15 PM   Account Expires: -   Primary Group ID: -   AllowedTcorpoelegateTo: -   Old UAC Value: -   New UAC Value: -   User Account Control: -   User Parameters: -   Sid History: -   Logon Hours: -   
<13>Jan 10 17:05:11 EUNLVEDC01 AgentDevice=WindowsLog	AgentLogFile=Security	PluginVersion=1.0.14	Source=Security	Computer=EUNLVEDC01	User=SYSTEM	Domain=NT AUTHORITY	EventID=644	EventIDCcorpoe=644	EventType=8	EventCategory=7	RecordNumber=2551796665	TimeGenerated=1389369908	TimeWritten=1389369908	Message=User Account Locked Out:   Target Account Name: Petra-Vondruskova   Target Account ID: EUROPE\Petra-Vondruskova   Caller Machine Name: CZPC-00136662   Caller User Name: EUNLVEDC01$   Caller Domain: EUROPE   Caller Logon ID: (0x0,0x3E7)   
<13>Jan 10 16:53:34 EUNLVEDC01 AgentDevice=WindowsLog	AgentLogFile=Security	PluginVersion=1.0.14	Source=Security	Computer=EUNLVEDC01	User=ANONYMOUS LOGON	Domain=NT AUTHORITY	EventID=642	EventIDCcorpoe=642	EventType=8	EventCategory=7	RecordNumber=2551783123	TimeGenerated=1389369211	TimeWritten=1389369211	Message=User Account Changed:   Target Account Name: Jeanette-McGrattan   Target Domain: EUROPE   Target Account ID: EUROPE\Jeanette-McGrattan   Caller User Name: EUNLVEDC01$   Caller Domain: EUROPE   Caller Logon ID: (0x0,0x3E7)   Privileges: -  Changed Attributes:   Sam Account Name: -   Display Name: -   User Principal Name: -   Home Directory: -   Home Drive: -   Script Path: -   Profile Path: -   User Workstations: -   Password Last Set: 1/10/2014 4:53:31 PM   Account Expires: -   Primary Group ID: -   AllowedTcorpoelegateTo: -   Old UAC Value: -   New UAC Value: -   User Account Control: -   User Parameters: -   Sid History: -   Logon Hours: -   
<13>Jan 10 16:29:56 EUNLVEDC01 AgentDevice=WindowsLog	AgentLogFile=Security	PluginVersion=1.0.14	Source=Security	Computer=EUNLVEDC01	User=ANONYMOUS LOGON	Domain=NT AUTHORITY	EventID=642	EventIDCcorpoe=642	EventType=8	EventCategory=7	RecordNumber=2551755222	TimeGenerated=1389367793	TimeWritten=1389367793	Message=User Account Changed:   Target Account Name: Muriel-Mestre   Target Domain: EUROPE   Target Account ID: EUROPE\Muriel-Mestre   Caller User Name: EUNLVEDC01$   Caller Domain: EUROPE   Caller Logon ID: (0x0,0x3E7)   Privileges: -  Changed Attributes:   Sam Account Name: -   Display Name: -   User Principal Name: -   Home Directory: -   Home Drive: -   Script Path: -   Profile Path: -   User Workstations: -   Password Last Set: 1/10/2014 4:29:53 PM   Account Expires: -   Primary Group ID: -   AllowedTcorpoelegateTo: -   Old UAC Value: -   New UAC Value: -   User Account Control: -   User Parameters: -   Sid History: -   Logon Hours: -   
<13>Jan 10 16:12:48 EUNLVEDC01 AgentDevice=WindowsLog	AgentLogFile=Security	PluginVersion=1.0.14	Source=Security	Computer=EUNLVEDC01	User=SYSTEM	Domain=NT AUTHORITY	EventID=644	EventIDCcorpoe=644	EventType=8	EventCategory=7	RecordNumber=2551732883	TimeGenerated=1389366764	TimeWritten=1389366764	Message=User Account Locked Out:   Target Account Name: Markus-Egger   Target Account ID: EUROPE\Markus-Egger   Caller Machine Name: NLVEPC0065VM   Caller User Name: EUNLVEDC01$   Caller Domain: EUROPE   Caller Logon ID: (0x0,0x3E7)   
<13>Jan 10 16:05:16 EUNLVEDC01 AgentDevice=WindowsLog	AgentLogFile=Security	PluginVersion=1.0.14	Source=Security	Computer=EUNLVEDC01	User=KPAdm	Domain=EUROPE	EventID=671	EventIDCcorpoe=671	EventType=8	EventCategory=7	RecordNumber=2551722702	TimeGenerated=1389366312	TimeWritten=1389366312	Message=User Account Unlocked:   Target Account Name: Ekamma-Inanga   Target Domain:  EUROPE   Target Account ID: EUROPE\Ekamma-Inanga   Caller User Name: KPAdm   Caller Domain: EUROPE   Caller Logon ID: (0x0,0x7B869E6D)   
<13>Jan 10 16:01:50 EUNLVEDC01 AgentDevice=WindowsLog	AgentLogFile=Security	PluginVersion=1.0.14	Source=Security	Computer=EUNLVEDC01	User=ANONYMOUS LOGON	Domain=NT AUTHORITY	EventID=642	EventIDCcorpoe=642	EventType=8	EventCategory=7	RecordNumber=2551718126	TimeGenerated=1389366107	TimeWritten=1389366107	Message=User Account Changed:   Target Account Name: Steve-Jolly   Target Domain: EUROPE   Target Account ID: EUROPE\Steve-Jolly   Caller User Name: EUNLVEDC01$   Caller Domain: EUROPE   Caller Logon ID: (0x0,0x3E7)   Privileges: -  Changed Attributes:   Sam Account Name: -   Display Name: -   User Principal Name: -   Home Directory: -   Home Drive: -   Script Path: -   Profile Path: -   User Workstations: -   Password Last Set: 1/10/2014 4:01:47 PM   Account Expires: -   Primary Group ID: -   AllowedTcorpoelegateTo: -   Old UAC Value: -   New UAC Value: -   User Account Control: -   User Parameters: -   Sid History: -   Logon Hours: -   
<13>Jan 10 15:59:44 EUNLVEDC01 AgentDevice=WindowsLog	AgentLogFile=Security	PluginVersion=1.0.14	Source=Security	Computer=EUNLVEDC01	User=ANONYMOUS LOGON	Domain=NT AUTHORITY	EventID=642	EventIDCcorpoe=642	EventType=8	EventCategory=7	RecordNumber=2551715344	TimeGenerated=1389365981	TimeWritten=1389365981	Message=User Account Changed:   Target Account Name: Louis-Beschizza   Target Domain: EUROPE   Target Account ID: EUROPE\Louis-Beschizza   Caller User Name: EUNLVEDC01$   Caller Domain: EUROPE   Caller Logon ID: (0x0,0x3E7)   Privileges: -  Changed Attributes:   Sam Account Name: -   Display Name: -   User Principal Name: -   Home Directory: -   Home Drive: -   Script Path: -   Profile Path: -   User Workstations: -   Password Last Set: 1/10/2014 3:59:41 PM   Account Expires: -   Primary Group ID: -   AllowedTcorpoelegateTo: -   Old UAC Value: -   New UAC Value: -   User Account Control: -   User Parameters: -   Sid History: -   Logon Hours: -   
<13>Jan 10 15:58:30 EUNLVEDC01 AgentDevice=WindowsLog	AgentLogFile=Security	PluginVersion=1.0.14	Source=Security	Computer=EUNLVEDC01	User=ANONYMOUS LOGON	Domain=NT AUTHORITY	EventID=642	EventIDCcorpoe=642	EventType=8	EventCategory=7	RecordNumber=2551713969	TimeGenerated=1389365907	TimeWritten=1389365907	Message=User Account Changed:   Target Account Name: Steve-Jolly   Target Domain: EUROPE   Target Account ID: EUROPE\Steve-Jolly   Caller User Name: EUNLVEDC01$   Caller Domain: EUROPE   Caller Logon ID: (0x0,0x3E7)   Privileges: -  Changed Attributes:   Sam Account Name: -   Display Name: -   User Principal Name: -   Home Directory: -   Home Drive: -   Script Path: -   Profile Path: -   User Workstations: -   Password Last Set: 1/10/2014 3:58:27 PM   Account Expires: -   Primary Group ID: -   AllowedTcorpoelegateTo: -   Old UAC Value: -   New UAC Value: -   User Account Control: -   User Parameters: -   Sid History: -   Logon Hours: -   
<13>Jan 10 15:56:10 EUNLVEDC01 AgentDevice=WindowsLog	AgentLogFile=Security	PluginVersion=1.0.14	Source=Security	Computer=EUNLVEDC01	User=SYSTEM	Domain=NT AUTHORITY	EventID=644	EventIDCcorpoe=644	EventType=8	EventCategory=7	RecordNumber=2551710088	TimeGenerated=1389365726	TimeWritten=1389365726	Message=User Account Locked Out:   Target Account Name: Steve-Jolly   Target Account ID: EUROPE\Steve-Jolly   Caller Machine Name: UKPC115506   Caller User Name: EUNLVEDC01$   Caller Domain: EUROPE   Caller Logon ID: (0x0,0x3E7)   
