<13>Jan 13 01:00:11 SANDWEDGE AgentDevice=WindowsLog	AgentLogFile=Security	PluginVersion=1.0.14	Source=Security	Computer=SANDWEDGE	User=SYSTEM	Domain=NT AUTHORITY	EventID=642	EventIDCcorpoe=642	EventType=8	EventCategory=7	RecordNumber=55174882	TimeGenerated=1389592808	TimeWritten=1389592808	Message=User Account Changed:   Account Locked.     Target Account Name: John-Jacobs   Target Domain: SANDWEDGE   Target Account ID: SANDWEDGE\John-Jacobs   Caller User Name: SANDWEDGE$   Caller Domain: 4SURE   Caller Logon ID: (0x0,0x3E7)   Privileges: -   
<13>Jan 13 01:00:11 SANDWEDGE AgentDevice=WindowsLog	AgentLogFile=Security	PluginVersion=1.0.14	Source=Security	Computer=SANDWEDGE	User=SYSTEM	Domain=NT AUTHORITY	EventID=644	EventIDCcorpoe=644	EventType=8	EventCategory=7	RecordNumber=55174881	TimeGenerated=1389592808	TimeWritten=1389592808	Message=User Account Locked Out:   Target Account Name: John-Jacobs   Target Account ID: SANDWEDGE\John-Jacobs   Caller Machine Name: S4SNC-DW   Caller User Name: SANDWEDGE$   Caller Domain: 4SURE   Caller Logon ID: (0x0,0x3E7)   
<13>Jan 12 01:00:13 SANDWEDGE AgentDevice=WindowsLog	AgentLogFile=Security	PluginVersion=1.0.14	Source=Security	Computer=SANDWEDGE	User=SYSTEM	Domain=NT AUTHORITY	EventID=642	EventIDCcorpoe=642	EventType=8	EventCategory=7	RecordNumber=55170475	TimeGenerated=1389506409	TimeWritten=1389506409	Message=User Account Changed:   Account Locked.     Target Account Name: John-Jacobs   Target Domain: SANDWEDGE   Target Account ID: SANDWEDGE\John-Jacobs   Caller User Name: SANDWEDGE$   Caller Domain: 4SURE   Caller Logon ID: (0x0,0x3E7)   Privileges: -   
<13>Jan 12 01:00:13 SANDWEDGE AgentDevice=WindowsLog	AgentLogFile=Security	PluginVersion=1.0.14	Source=Security	Computer=SANDWEDGE	User=SYSTEM	Domain=NT AUTHORITY	EventID=644	EventIDCcorpoe=644	EventType=8	EventCategory=7	RecordNumber=55170474	TimeGenerated=1389506409	TimeWritten=1389506409	Message=User Account Locked Out:   Target Account Name: John-Jacobs   Target Account ID: SANDWEDGE\John-Jacobs   Caller Machine Name: S4SNC-DW   Caller User Name: SANDWEDGE$   Caller Domain: 4SURE   Caller Logon ID: (0x0,0x3E7)   
<13>Jan 11 01:00:12 SANDWEDGE AgentDevice=WindowsLog	AgentLogFile=Security	PluginVersion=1.0.14	Source=Security	Computer=SANDWEDGE	User=SYSTEM	Domain=NT AUTHORITY	EventID=642	EventIDCcorpoe=642	EventType=8	EventCategory=7	RecordNumber=55166164	TimeGenerated=1389420009	TimeWritten=1389420009	Message=User Account Changed:   Account Locked.     Target Account Name: John-Jacobs   Target Domain: SANDWEDGE   Target Account ID: SANDWEDGE\John-Jacobs   Caller User Name: SANDWEDGE$   Caller Domain: 4SURE   Caller Logon ID: (0x0,0x3E7)   Privileges: -   
<13>Jan 11 01:00:12 SANDWEDGE AgentDevice=WindowsLog	AgentLogFile=Security	PluginVersion=1.0.14	Source=Security	Computer=SANDWEDGE	User=SYSTEM	Domain=NT AUTHORITY	EventID=644	EventIDCcorpoe=644	EventType=8	EventCategory=7	RecordNumber=55166163	TimeGenerated=1389420009	TimeWritten=1389420009	Message=User Account Locked Out:   Target Account Name: John-Jacobs   Target Account ID: SANDWEDGE\John-Jacobs   Caller Machine Name: S4SNC-DW   Caller User Name: SANDWEDGE$   Caller Domain: 4SURE   Caller Logon ID: (0x0,0x3E7)   
