<13>Jan 11 00:31:18 USCHPOSDC01 AgentDevice=WindowsLog	AgentLogFile=Security	PluginVersion=1.0.14	Source=Security	Computer=USCHPOSDC01	User=SVC-ADIMPORT	Domain=POS	EventID=642	EventIDCcorpoe=642	EventType=8	EventCategory=7	RecordNumber=2543630327	TimeGenerated=1389418274	TimeWritten=1389418274	Message=User Account Changed:   Target Account Name: 618073   Target Domain: POS   Target Account ID: POS\618073   Caller User Name: SVC-ADIMPORT   Caller Domain: POS   Caller Logon ID: (0x0,0x44A94E56)   Privileges: -  Changed Attributes:   Sam Account Name: -   Display Name: -   User Principal Name: -   Home Directory: -   Home Drive: -   Script Path: -   Profile Path: -   User Workstations: -   Password Last Set: -   Account Expires: -   Primary Group ID: -   AllowedTcorpoelegateTo: -   Old UAC Value: 0x10   New UAC Value: 0x11   User Account Control:    Account Disabled    User Parameters: -   Sid History: -   Logon Hours: -   
<13>Jan 11 00:31:18 USCHPOSDC01 AgentDevice=WindowsLog	AgentLogFile=Security	PluginVersion=1.0.14	Source=Security	Computer=USCHPOSDC01	User=SVC-ADIMPORT	Domain=POS	EventID=629	EventIDCcorpoe=629	EventType=8	EventCategory=7	RecordNumber=2543630322	TimeGenerated=1389418274	TimeWritten=1389418274	Message=User Account Disabled:   Target Account Name: 615759   Target Domain: POS   Target Account ID: POS\615759   Caller User Name: SVC-ADIMPORT   Caller Domain: POS   Caller Logon ID: (0x0,0x44A94E56)   
<13>Jan 11 00:31:18 USCHPOSDC01 AgentDevice=WindowsLog	AgentLogFile=Security	PluginVersion=1.0.14	Source=Security	Computer=USCHPOSDC01	User=SVC-ADIMPORT	Domain=POS	EventID=642	EventIDCcorpoe=642	EventType=8	EventCategory=7	RecordNumber=2543630321	TimeGenerated=1389418274	TimeWritten=1389418274	Message=User Account Changed:   Target Account Name: 615759   Target Domain: POS   Target Account ID: POS\615759   Caller User Name: SVC-ADIMPORT   Caller Domain: POS   Caller Logon ID: (0x0,0x44A94E56)   Privileges: -  Changed Attributes:   Sam Account Name: -   Display Name: -   User Principal Name: -   Home Directory: -   Home Drive: -   Script Path: -   Profile Path: -   User Workstations: -   Password Last Set: -   Account Expires: -   Primary Group ID: -   AllowedTcorpoelegateTo: -   Old UAC Value: 0x10   New UAC Value: 0x11   User Account Control:    Account Disabled    User Parameters: -   Sid History: -   Logon Hours: -   
<13>Jan 11 00:31:18 USCHPOSDC01 AgentDevice=WindowsLog	AgentLogFile=Security	PluginVersion=1.0.14	Source=Security	Computer=USCHPOSDC01	User=SVC-ADIMPORT	Domain=POS	EventID=629	EventIDCcorpoe=629	EventType=8	EventCategory=7	RecordNumber=2543630318	TimeGenerated=1389418274	TimeWritten=1389418274	Message=User Account Disabled:   Target Account Name: 608737   Target Domain: POS   Target Account ID: POS\608737   Caller User Name: SVC-ADIMPORT   Caller Domain: POS   Caller Logon ID: (0x0,0x44A94E56)   
<13>Jan 11 00:31:18 USCHPOSDC01 AgentDevice=WindowsLog	AgentLogFile=Security	PluginVersion=1.0.14	Source=Security	Computer=USCHPOSDC01	User=SVC-ADIMPORT	Domain=POS	EventID=642	EventIDCcorpoe=642	EventType=8	EventCategory=7	RecordNumber=2543630317	TimeGenerated=1389418274	TimeWritten=1389418274	Message=User Account Changed:   Target Account Name: 608737   Target Domain: POS   Target Account ID: POS\608737   Caller User Name: SVC-ADIMPORT   Caller Domain: POS   Caller Logon ID: (0x0,0x44A94E56)   Privileges: -  Changed Attributes:   Sam Account Name: -   Display Name: -   User Principal Name: -   Home Directory: -   Home Drive: -   Script Path: -   Profile Path: -   User Workstations: -   Password Last Set: -   Account Expires: -   Primary Group ID: -   AllowedTcorpoelegateTo: -   Old UAC Value: 0x10   New UAC Value: 0x11   User Account Control:    Account Disabled    User Parameters: -   Sid History: -   Logon Hours: -   
<13>Jan 11 00:31:16 USCHPOSDC01 AgentDevice=WindowsLog	AgentLogFile=Security	PluginVersion=1.0.14	Source=Security	Computer=USCHPOSDC01	User=SVC-ADIMPORT	Domain=POS	EventID=629	EventIDCcorpoe=629	EventType=8	EventCategory=7	RecordNumber=2543630313	TimeGenerated=1389418274	TimeWritten=1389418274	Message=User Account Disabled:   Target Account Name: 605207   Target Domain: POS   Target Account ID: POS\605207   Caller User Name: SVC-ADIMPORT   Caller Domain: POS   Caller Logon ID: (0x0,0x44A94E56)   
<13>Jan 11 00:31:16 USCHPOSDC01 AgentDevice=WindowsLog	AgentLogFile=Security	PluginVersion=1.0.14	Source=Security	Computer=USCHPOSDC01	User=SVC-ADIMPORT	Domain=POS	EventID=642	EventIDCcorpoe=642	EventType=8	EventCategory=7	RecordNumber=2543630312	TimeGenerated=1389418274	TimeWritten=1389418274	Message=User Account Changed:   Target Account Name: 605207   Target Domain: POS   Target Account ID: POS\605207   Caller User Name: SVC-ADIMPORT   Caller Domain: POS   Caller Logon ID: (0x0,0x44A94E56)   Privileges: -  Changed Attributes:   Sam Account Name: -   Display Name: -   User Principal Name: -   Home Directory: -   Home Drive: -   Script Path: -   Profile Path: -   User Workstations: -   Password Last Set: -   Account Expires: -   Primary Group ID: -   AllowedTcorpoelegateTo: -   Old UAC Value: 0x10   New UAC Value: 0x11   User Account Control:    Account Disabled    User Parameters: -   Sid History: -   Logon Hours: -   
<13>Jan 11 00:31:16 USCHPOSDC01 AgentDevice=WindowsLog	AgentLogFile=Security	PluginVersion=1.0.14	Source=Security	Computer=USCHPOSDC01	User=SVC-ADIMPORT	Domain=POS	EventID=629	EventIDCcorpoe=629	EventType=8	EventCategory=7	RecordNumber=2543630309	TimeGenerated=1389418273	TimeWritten=1389418273	Message=User Account Disabled:   Target Account Name: 597998   Target Domain: POS   Target Account ID: POS\597998   Caller User Name: SVC-ADIMPORT   Caller Domain: POS   Caller Logon ID: (0x0,0x44A94E56)   
<13>Jan 11 00:31:16 USCHPOSDC01 AgentDevice=WindowsLog	AgentLogFile=Security	PluginVersion=1.0.14	Source=Security	Computer=USCHPOSDC01	User=SVC-ADIMPORT	Domain=POS	EventID=642	EventIDCcorpoe=642	EventType=8	EventCategory=7	RecordNumber=2543630308	TimeGenerated=1389418273	TimeWritten=1389418273	Message=User Account Changed:   Target Account Name: 597998   Target Domain: POS   Target Account ID: POS\597998   Caller User Name: SVC-ADIMPORT   Caller Domain: POS   Caller Logon ID: (0x0,0x44A94E56)   Privileges: -  Changed Attributes:   Sam Account Name: -   Display Name: -   User Principal Name: -   Home Directory: -   Home Drive: -   Script Path: -   Profile Path: -   User Workstations: -   Password Last Set: -   Account Expires: -   Primary Group ID: -   AllowedTcorpoelegateTo: -   Old UAC Value: 0x10   New UAC Value: 0x11   User Account Control:    Account Disabled    User Parameters: -   Sid History: -   Logon Hours: -   
<13>Jan 11 00:31:16 USCHPOSDC01 AgentDevice=WindowsLog	AgentLogFile=Security	PluginVersion=1.0.14	Source=Security	Computer=USCHPOSDC01	User=SVC-ADIMPORT	Domain=POS	EventID=629	EventIDCcorpoe=629	EventType=8	EventCategory=7	RecordNumber=2543630305	TimeGenerated=1389418273	TimeWritten=1389418273	Message=User Account Disabled:   Target Account Name: 587764   Target Domain: POS   Target Account ID: POS\587764   Caller User Name: SVC-ADIMPORT   Caller Domain: POS   Caller Logon ID: (0x0,0x44A94E56)   
<13>Jan 11 00:31:16 USCHPOSDC01 AgentDevice=WindowsLog	AgentLogFile=Security	PluginVersion=1.0.14	Source=Security	Computer=USCHPOSDC01	User=SVC-ADIMPORT	Domain=POS	EventID=642	EventIDCcorpoe=642	EventType=8	EventCategory=7	RecordNumber=2543630304	TimeGenerated=1389418273	TimeWritten=1389418273	Message=User Account Changed:   Target Account Name: 587764   Target Domain: POS   Target Account ID: POS\587764   Caller User Name: SVC-ADIMPORT   Caller Domain: POS   Caller Logon ID: (0x0,0x44A94E56)   Privileges: -  Changed Attributes:   Sam Account Name: -   Display Name: -   User Principal Name: -   Home Directory: -   Home Drive: -   Script Path: -   Profile Path: -   User Workstations: -   Password Last Set: -   Account Expires: -   Primary Group ID: -   AllowedTcorpoelegateTo: -   Old UAC Value: 0x10   New UAC Value: 0x11   User Account Control:    Account Disabled    User Parameters: -   Sid History: -   Logon Hours: -   
<13>Jan 11 00:31:16 USCHPOSDC01 AgentDevice=WindowsLog	AgentLogFile=Security	PluginVersion=1.0.14	Source=Security	Computer=USCHPOSDC01	User=SVC-ADIMPORT	Domain=POS	EventID=629	EventIDCcorpoe=629	EventType=8	EventCategory=7	RecordNumber=2543630301	TimeGenerated=1389418273	TimeWritten=1389418273	Message=User Account Disabled:   Target Account Name: 564210   Target Domain: POS   Target Account ID: POS\564210   Caller User Name: SVC-ADIMPORT   Caller Domain: POS   Caller Logon ID: (0x0,0x44A94E56)   
<13>Jan 11 00:31:16 USCHPOSDC01 AgentDevice=WindowsLog	AgentLogFile=Security	PluginVersion=1.0.14	Source=Security	Computer=USCHPOSDC01	User=SVC-ADIMPORT	Domain=POS	EventID=642	EventIDCcorpoe=642	EventType=8	EventCategory=7	RecordNumber=2543630300	TimeGenerated=1389418273	TimeWritten=1389418273	Message=User Account Changed:   Target Account Name: 564210   Target Domain: POS   Target Account ID: POS\564210   Caller User Name: SVC-ADIMPORT   Caller Domain: POS   Caller Logon ID: (0x0,0x44A94E56)   Privileges: -  Changed Attributes:   Sam Account Name: -   Display Name: -   User Principal Name: -   Home Directory: -   Home Drive: -   Script Path: -   Profile Path: -   User Workstations: -   Password Last Set: -   Account Expires: -   Primary Group ID: -   AllowedTcorpoelegateTo: -   Old UAC Value: 0x10   New UAC Value: 0x11   User Account Control:    Account Disabled    User Parameters: -   Sid History: -   Logon Hours: -   
<13>Jan 11 00:31:16 USCHPOSDC01 AgentDevice=WindowsLog	AgentLogFile=Security	PluginVersion=1.0.14	Source=Security	Computer=USCHPOSDC01	User=SVC-ADIMPORT	Domain=POS	EventID=629	EventIDCcorpoe=629	EventType=8	EventCategory=7	RecordNumber=2543630297	TimeGenerated=1389418273	TimeWritten=1389418273	Message=User Account Disabled:   Target Account Name: 538644   Target Domain: POS   Target Account ID: POS\538644   Caller User Name: SVC-ADIMPORT   Caller Domain: POS   Caller Logon ID: (0x0,0x44A94E56)   
<13>Jan 11 00:31:16 USCHPOSDC01 AgentDevice=WindowsLog	AgentLogFile=Security	PluginVersion=1.0.14	Source=Security	Computer=USCHPOSDC01	User=SVC-ADIMPORT	Domain=POS	EventID=642	EventIDCcorpoe=642	EventType=8	EventCategory=7	RecordNumber=2543630296	TimeGenerated=1389418273	TimeWritten=1389418273	Message=User Account Changed:   Target Account Name: 538644   Target Domain: POS   Target Account ID: POS\538644   Caller User Name: SVC-ADIMPORT   Caller Domain: POS   Caller Logon ID: (0x0,0x44A94E56)   Privileges: -  Changed Attributes:   Sam Account Name: -   Display Name: -   User Principal Name: -   Home Directory: -   Home Drive: -   Script Path: -   Profile Path: -   User Workstations: -   Password Last Set: -   Account Expires: -   Primary Group ID: -   AllowedTcorpoelegateTo: -   Old UAC Value: 0x10   New UAC Value: 0x11   User Account Control:    Account Disabled    User Parameters: -   Sid History: -   Logon Hours: -   
<13>Jan 11 00:31:16 USCHPOSDC01 AgentDevice=WindowsLog	AgentLogFile=Security	PluginVersion=1.0.14	Source=Security	Computer=USCHPOSDC01	User=SVC-ADIMPORT	Domain=POS	EventID=629	EventIDCcorpoe=629	EventType=8	EventCategory=7	RecordNumber=2543630293	TimeGenerated=1389418273	TimeWritten=1389418273	Message=User Account Disabled:   Target Account Name: 527872   Target Domain: POS   Target Account ID: POS\527872   Caller User Name: SVC-ADIMPORT   Caller Domain: POS   Caller Logon ID: (0x0,0x44A94E56)   
<13>Jan 11 00:31:16 USCHPOSDC01 AgentDevice=WindowsLog	AgentLogFile=Security	PluginVersion=1.0.14	Source=Security	Computer=USCHPOSDC01	User=SVC-ADIMPORT	Domain=POS	EventID=642	EventIDCcorpoe=642	EventType=8	EventCategory=7	RecordNumber=2543630292	TimeGenerated=1389418273	TimeWritten=1389418273	Message=User Account Changed:   Target Account Name: 527872   Target Domain: POS   Target Account ID: POS\527872   Caller User Name: SVC-ADIMPORT   Caller Domain: POS   Caller Logon ID: (0x0,0x44A94E56)   Privileges: -  Changed Attributes:   Sam Account Name: -   Display Name: -   User Principal Name: -   Home Directory: -   Home Drive: -   Script Path: -   Profile Path: -   User Workstations: -   Password Last Set: -   Account Expires: -   Primary Group ID: -   AllowedTcorpoelegateTo: -   Old UAC Value: 0x10   New UAC Value: 0x11   User Account Control:    Account Disabled    User Parameters: -   Sid History: -   Logon Hours: -   
<13>Jan 11 00:31:16 USCHPOSDC01 AgentDevice=WindowsLog	AgentLogFile=Security	PluginVersion=1.0.14	Source=Security	Computer=USCHPOSDC01	User=SVC-ADIMPORT	Domain=POS	EventID=629	EventIDCcorpoe=629	EventType=8	EventCategory=7	RecordNumber=2543630288	TimeGenerated=1389418272	TimeWritten=1389418272	Message=User Account Disabled:   Target Account Name: 506155   Target Domain: POS   Target Account ID: POS\506155   Caller User Name: SVC-ADIMPORT   Caller Domain: POS   Caller Logon ID: (0x0,0x44A94E56)   
<13>Jan 11 00:31:16 USCHPOSDC01 AgentDevice=WindowsLog	AgentLogFile=Security	PluginVersion=1.0.14	Source=Security	Computer=USCHPOSDC01	User=SVC-ADIMPORT	Domain=POS	EventID=642	EventIDCcorpoe=642	EventType=8	EventCategory=7	RecordNumber=2543630287	TimeGenerated=1389418272	TimeWritten=1389418272	Message=User Account Changed:   Target Account Name: 506155   Target Domain: POS   Target Account ID: POS\506155   Caller User Name: SVC-ADIMPORT   Caller Domain: POS   Caller Logon ID: (0x0,0x44A94E56)   Privileges: -  Changed Attributes:   Sam Account Name: -   Display Name: -   User Principal Name: -   Home Directory: -   Home Drive: -   Script Path: -   Profile Path: -   User Workstations: -   Password Last Set: -   Account Expires: -   Primary Group ID: -   AllowedTcorpoelegateTo: -   Old UAC Value: 0x10   New UAC Value: 0x11   User Account Control:    Account Disabled    User Parameters: -   Sid History: -   Logon Hours: -   
<13>Jan 11 00:31:16 USCHPOSDC01 AgentDevice=WindowsLog	AgentLogFile=Security	PluginVersion=1.0.14	Source=Security	Computer=USCHPOSDC01	User=SVC-ADIMPORT	Domain=POS	EventID=629	EventIDCcorpoe=629	EventType=8	EventCategory=7	RecordNumber=2543630283	TimeGenerated=1389418272	TimeWritten=1389418272	Message=User Account Disabled:   Target Account Name: 504710   Target Domain: POS   Target Account ID: POS\504710   Caller User Name: SVC-ADIMPORT   Caller Domain: POS   Caller Logon ID: (0x0,0x44A94E56)   
<13>Jan 11 00:31:16 USCHPOSDC01 AgentDevice=WindowsLog	AgentLogFile=Security	PluginVersion=1.0.14	Source=Security	Computer=USCHPOSDC01	User=SVC-ADIMPORT	Domain=POS	EventID=642	EventIDCcorpoe=642	EventType=8	EventCategory=7	RecordNumber=2543630282	TimeGenerated=1389418272	TimeWritten=1389418272	Message=User Account Changed:   Target Account Name: 504710   Target Domain: POS   Target Account ID: POS\504710   Caller User Name: SVC-ADIMPORT   Caller Domain: POS   Caller Logon ID: (0x0,0x44A94E56)   Privileges: -  Changed Attributes:   Sam Account Name: -   Display Name: -   User Principal Name: -   Home Directory: -   Home Drive: -   Script Path: -   Profile Path: -   User Workstations: -   Password Last Set: -   Account Expires: -   Primary Group ID: -   AllowedTcorpoelegateTo: -   Old UAC Value: 0x10   New UAC Value: 0x11   User Account Control:    Account Disabled    User Parameters: -   Sid History: -   Logon Hours: -   
<13>Jan 11 00:31:16 USCHPOSDC01 AgentDevice=WindowsLog	AgentLogFile=Security	PluginVersion=1.0.14	Source=Security	Computer=USCHPOSDC01	User=SVC-ADIMPORT	Domain=POS	EventID=629	EventIDCcorpoe=629	EventType=8	EventCategory=7	RecordNumber=2543630278	TimeGenerated=1389418272	TimeWritten=1389418272	Message=User Account Disabled:   Target Account Name: 132802   Target Domain: POS   Target Account ID: POS\132802   Caller User Name: SVC-ADIMPORT   Caller Domain: POS   Caller Logon ID: (0x0,0x44A94E56)   
<13>Jan 11 00:31:16 USCHPOSDC01 AgentDevice=WindowsLog	AgentLogFile=Security	PluginVersion=1.0.14	Source=Security	Computer=USCHPOSDC01	User=SVC-ADIMPORT	Domain=POS	EventID=642	EventIDCcorpoe=642	EventType=8	EventCategory=7	RecordNumber=2543630277	TimeGenerated=1389418272	TimeWritten=1389418272	Message=User Account Changed:   Target Account Name: 132802   Target Domain: POS   Target Account ID: POS\132802   Caller User Name: SVC-ADIMPORT   Caller Domain: POS   Caller Logon ID: (0x0,0x44A94E56)   Privileges: -  Changed Attributes:   Sam Account Name: -   Display Name: -   User Principal Name: -   Home Directory: -   Home Drive: -   Script Path: -   Profile Path: -   User Workstations: -   Password Last Set: -   Account Expires: -   Primary Group ID: -   AllowedTcorpoelegateTo: -   Old UAC Value: 0x10   New UAC Value: 0x11   User Account Control:    Account Disabled    User Parameters: -   Sid History: -   Logon Hours: -   
<13>Jan 11 00:31:16 USCHPOSDC01 AgentDevice=WindowsLog	AgentLogFile=Security	PluginVersion=1.0.14	Source=Security	Computer=USCHPOSDC01	User=SVC-ADIMPORT	Domain=POS	EventID=642	EventIDCcorpoe=642	EventType=8	EventCategory=7	RecordNumber=2543630271	TimeGenerated=1389418272	TimeWritten=1389418272	Message=User Account Changed:   Target Account Name: 656076   Target Domain: POS   Target Account ID: POS\656076   Caller User Name: SVC-ADIMPORT   Caller Domain: POS   Caller Logon ID: (0x0,0x44A94E56)   Privileges: -  Changed Attributes:   Sam Account Name: -   Display Name: PAOLA RcorpoRIGUEZ   User Principal Name: -   Home Directory: -   Home Drive: -   Script Path: -   Profile Path: -   User Workstations: -   Password Last Set: -   Account Expires: -   Primary Group ID: -   AllowedTcorpoelegateTo: -   Old UAC Value: -   New UAC Value: -   User Account Control: -   User Parameters: -   Sid History: -   Logon Hours: -   
<13>Jan 11 00:31:16 USCHPOSDC01 AgentDevice=WindowsLog	AgentLogFile=Security	PluginVersion=1.0.14	Source=Security	Computer=USCHPOSDC01	User=SVC-ADIMPORT	Domain=POS	EventID=642	EventIDCcorpoe=642	EventType=8	EventCategory=7	RecordNumber=2543630266	TimeGenerated=1389418272	TimeWritten=1389418272	Message=User Account Changed:   Target Account Name: 656076   Target Domain: POS   Target Account ID: POS\656076   Caller User Name: SVC-ADIMPORT   Caller Domain: POS   Caller Logon ID: (0x0,0x44A94E56)   Privileges: -  Changed Attributes:   Sam Account Name: -   Display Name: -   User Principal Name: -   Home Directory: -   Home Drive: -   Script Path: -   Profile Path: -   User Workstations: -   Password Last Set: -   Account Expires: -   Primary Group ID: -   AllowedTcorpoelegateTo: -   Old UAC Value: 0x15   New UAC Value: 0x10   User Account Control:    Account Enabled    'Password Not Required' - Disabled    User Parameters: -   Sid History: -   Logon Hours: -   
<13>Jan 11 00:31:16 USCHPOSDC01 AgentDevice=WindowsLog	AgentLogFile=Security	PluginVersion=1.0.14	Source=Security	Computer=USCHPOSDC01	User=SVC-ADIMPORT	Domain=POS	EventID=626	EventIDCcorpoe=626	EventType=8	EventCategory=7	RecordNumber=2543630267	TimeGenerated=1389418272	TimeWritten=1389418272	Message=User Account Enabled:   Target Account Name: 656076   Target Domain: POS   Target Account ID: POS\656076   Caller User Name: SVC-ADIMPORT   Caller Domain: POS   Caller Logon ID: (0x0,0x44A94E56)   
<13>Jan 11 00:31:14 USCHPOSDC01 AgentDevice=WindowsLog	AgentLogFile=Security	PluginVersion=1.0.14	Source=Security	Computer=USCHPOSDC01	User=SVC-ADIMPORT	Domain=POS	EventID=642	EventIDCcorpoe=642	EventType=8	EventCategory=7	RecordNumber=2543630259	TimeGenerated=1389418271	TimeWritten=1389418271	Message=User Account Changed:   Target Account Name: 656076   Target Domain: POS   Target Account ID: POS\656076   Caller User Name: SVC-ADIMPORT   Caller Domain: POS   Caller Logon ID: (0x0,0x44AA5341)   Privileges: -  Changed Attributes:   Sam Account Name: -   Display Name: -   User Principal Name: -   Home Directory: -   Home Drive: -   Script Path: -   Profile Path: -   User Workstations: -   Password Last Set: 1/11/2014 12:31:11 AM   Account Expires: -   Primary Group ID: -   AllowedTcorpoelegateTo: -   Old UAC Value: -   New UAC Value: -   User Account Control: -   User Parameters: -   Sid History: -   Logon Hours: -   
<13>Jan 11 00:31:14 USCHPOSDC01 AgentDevice=WindowsLog	AgentLogFile=Security	PluginVersion=1.0.14	Source=Security	Computer=USCHPOSDC01	User=SVC-ADIMPORT	Domain=POS	EventID=642	EventIDCcorpoe=642	EventType=8	EventCategory=7	RecordNumber=2543630242	TimeGenerated=1389418271	TimeWritten=1389418271	Message=User Account Changed:   Target Account Name: 656075   Target Domain: POS   Target Account ID: POS\656075   Caller User Name: SVC-ADIMPORT   Caller Domain: POS   Caller Logon ID: (0x0,0x44A94E56)   Privileges: -  Changed Attributes:   Sam Account Name: -   Display Name: SAUL PASILLAS   User Principal Name: -   Home Directory: -   Home Drive: -   Script Path: -   Profile Path: -   User Workstations: -   Password Last Set: -   Account Expires: -   Primary Group ID: -   AllowedTcorpoelegateTo: -   Old UAC Value: -   New UAC Value: -   User Account Control: -   User Parameters: -   Sid History: -   Logon Hours: -   
<13>Jan 11 00:31:14 USCHPOSDC01 AgentDevice=WindowsLog	AgentLogFile=Security	PluginVersion=1.0.14	Source=Security	Computer=USCHPOSDC01	User=SVC-ADIMPORT	Domain=POS	EventID=626	EventIDCcorpoe=626	EventType=8	EventCategory=7	RecordNumber=2543630239	TimeGenerated=1389418270	TimeWritten=1389418270	Message=User Account Enabled:   Target Account Name: 656075   Target Domain: POS   Target Account ID: POS\656075   Caller User Name: SVC-ADIMPORT   Caller Domain: POS   Caller Logon ID: (0x0,0x44A94E56)   
<13>Jan 11 00:31:14 USCHPOSDC01 AgentDevice=WindowsLog	AgentLogFile=Security	PluginVersion=1.0.14	Source=Security	Computer=USCHPOSDC01	User=SVC-ADIMPORT	Domain=POS	EventID=642	EventIDCcorpoe=642	EventType=8	EventCategory=7	RecordNumber=2543630238	TimeGenerated=1389418270	TimeWritten=1389418270	Message=User Account Changed:   Target Account Name: 656075   Target Domain: POS   Target Account ID: POS\656075   Caller User Name: SVC-ADIMPORT   Caller Domain: POS   Caller Logon ID: (0x0,0x44A94E56)   Privileges: -  Changed Attributes:   Sam Account Name: -   Display Name: -   User Principal Name: -   Home Directory: -   Home Drive: -   Script Path: -   Profile Path: -   User Workstations: -   Password Last Set: -   Account Expires: -   Primary Group ID: -   AllowedTcorpoelegateTo: -   Old UAC Value: 0x15   New UAC Value: 0x10   User Account Control:    Account Enabled    'Password Not Required' - Disabled    User Parameters: -   Sid History: -   Logon Hours: -   
<13>Jan 11 00:31:14 USCHPOSDC01 AgentDevice=WindowsLog	AgentLogFile=Security	PluginVersion=1.0.14	Source=Security	Computer=USCHPOSDC01	User=SVC-ADIMPORT	Domain=POS	EventID=642	EventIDCcorpoe=642	EventType=8	EventCategory=7	RecordNumber=2543630226	TimeGenerated=1389418270	TimeWritten=1389418270	Message=User Account Changed:   Target Account Name: 656075   Target Domain: POS   Target Account ID: POS\656075   Caller User Name: SVC-ADIMPORT   Caller Domain: POS   Caller Logon ID: (0x0,0x44AA4AD6)   Privileges: -  Changed Attributes:   Sam Account Name: -   Display Name: -   User Principal Name: -   Home Directory: -   Home Drive: -   Script Path: -   Profile Path: -   User Workstations: -   Password Last Set: 1/11/2014 12:31:10 AM   Account Expires: -   Primary Group ID: -   AllowedTcorpoelegateTo: -   Old UAC Value: -   New UAC Value: -   User Account Control: -   User Parameters: -   Sid History: -   Logon Hours: -   
<13>Jan 11 00:31:14 USCHPOSDC01 AgentDevice=WindowsLog	AgentLogFile=Security	PluginVersion=1.0.14	Source=Security	Computer=USCHPOSDC01	User=SVC-ADIMPORT	Domain=POS	EventID=642	EventIDCcorpoe=642	EventType=8	EventCategory=7	RecordNumber=2543630214	TimeGenerated=1389418270	TimeWritten=1389418270	Message=User Account Changed:   Target Account Name: 656074   Target Domain: POS   Target Account ID: POS\656074   Caller User Name: SVC-ADIMPORT   Caller Domain: POS   Caller Logon ID: (0x0,0x44A94E56)   Privileges: -  Changed Attributes:   Sam Account Name: -   Display Name: DEEDEE ROBERTSON   User Principal Name: -   Home Directory: -   Home Drive: -   Script Path: -   Profile Path: -   User Workstations: -   Password Last Set: -   Account Expires: -   Primary Group ID: -   AllowedTcorpoelegateTo: -   Old UAC Value: -   New UAC Value: -   User Account Control: -   User Parameters: -   Sid History: -   Logon Hours: -   
<13>Jan 11 00:31:14 USCHPOSDC01 AgentDevice=WindowsLog	AgentLogFile=Security	PluginVersion=1.0.14	Source=Security	Computer=USCHPOSDC01	User=SVC-ADIMPORT	Domain=POS	EventID=626	EventIDCcorpoe=626	EventType=8	EventCategory=7	RecordNumber=2543630211	TimeGenerated=1389418269	TimeWritten=1389418269	Message=User Account Enabled:   Target Account Name: 656074   Target Domain: POS   Target Account ID: POS\656074   Caller User Name: SVC-ADIMPORT   Caller Domain: POS   Caller Logon ID: (0x0,0x44A94E56)   
<13>Jan 11 00:31:14 USCHPOSDC01 AgentDevice=WindowsLog	AgentLogFile=Security	PluginVersion=1.0.14	Source=Security	Computer=USCHPOSDC01	User=SVC-ADIMPORT	Domain=POS	EventID=642	EventIDCcorpoe=642	EventType=8	EventCategory=7	RecordNumber=2543630210	TimeGenerated=1389418269	TimeWritten=1389418269	Message=User Account Changed:   Target Account Name: 656074   Target Domain: POS   Target Account ID: POS\656074   Caller User Name: SVC-ADIMPORT   Caller Domain: POS   Caller Logon ID: (0x0,0x44A94E56)   Privileges: -  Changed Attributes:   Sam Account Name: -   Display Name: -   User Principal Name: -   Home Directory: -   Home Drive: -   Script Path: -   Profile Path: -   User Workstations: -   Password Last Set: -   Account Expires: -   Primary Group ID: -   AllowedTcorpoelegateTo: -   Old UAC Value: 0x15   New UAC Value: 0x10   User Account Control:    Account Enabled    'Password Not Required' - Disabled    User Parameters: -   Sid History: -   Logon Hours: -   
<13>Jan 11 00:31:12 USCHPOSDC01 AgentDevice=WindowsLog	AgentLogFile=Security	PluginVersion=1.0.14	Source=Security	Computer=USCHPOSDC01	User=SVC-ADIMPORT	Domain=POS	EventID=642	EventIDCcorpoe=642	EventType=8	EventCategory=7	RecordNumber=2543630198	TimeGenerated=1389418269	TimeWritten=1389418269	Message=User Account Changed:   Target Account Name: 656074   Target Domain: POS   Target Account ID: POS\656074   Caller User Name: SVC-ADIMPORT   Caller Domain: POS   Caller Logon ID: (0x0,0x44AA4995)   Privileges: -  Changed Attributes:   Sam Account Name: -   Display Name: -   User Principal Name: -   Home Directory: -   Home Drive: -   Script Path: -   Profile Path: -   User Workstations: -   Password Last Set: 1/11/2014 12:31:09 AM   Account Expires: -   Primary Group ID: -   AllowedTcorpoelegateTo: -   Old UAC Value: -   New UAC Value: -   User Account Control: -   User Parameters: -   Sid History: -   Logon Hours: -   
<13>Jan 11 00:31:12 USCHPOSDC01 AgentDevice=WindowsLog	AgentLogFile=Security	PluginVersion=1.0.14	Source=Security	Computer=USCHPOSDC01	User=SVC-ADIMPORT	Domain=POS	EventID=642	EventIDCcorpoe=642	EventType=8	EventCategory=7	RecordNumber=2543630183	TimeGenerated=1389418269	TimeWritten=1389418269	Message=User Account Changed:   Target Account Name: 656070   Target Domain: POS   Target Account ID: POS\656070   Caller User Name: SVC-ADIMPORT   Caller Domain: POS   Caller Logon ID: (0x0,0x44A94E56)   Privileges: -  Changed Attributes:   Sam Account Name: -   Display Name: ERIK NAVA   User Principal Name: -   Home Directory: -   Home Drive: -   Script Path: -   Profile Path: -   User Workstations: -   Password Last Set: -   Account Expires: -   Primary Group ID: -   AllowedTcorpoelegateTo: -   Old UAC Value: -   New UAC Value: -   User Account Control: -   User Parameters: -   Sid History: -   Logon Hours: -   
<13>Jan 11 00:31:12 USCHPOSDC01 AgentDevice=WindowsLog	AgentLogFile=Security	PluginVersion=1.0.14	Source=Security	Computer=USCHPOSDC01	User=SVC-ADIMPORT	Domain=POS	EventID=626	EventIDCcorpoe=626	EventType=8	EventCategory=7	RecordNumber=2543630180	TimeGenerated=1389418268	TimeWritten=1389418268	Message=User Account Enabled:   Target Account Name: 656070   Target Domain: POS   Target Account ID: POS\656070   Caller User Name: SVC-ADIMPORT   Caller Domain: POS   Caller Logon ID: (0x0,0x44A94E56)   
<13>Jan 11 00:31:12 USCHPOSDC01 AgentDevice=WindowsLog	AgentLogFile=Security	PluginVersion=1.0.14	Source=Security	Computer=USCHPOSDC01	User=SVC-ADIMPORT	Domain=POS	EventID=642	EventIDCcorpoe=642	EventType=8	EventCategory=7	RecordNumber=2543630179	TimeGenerated=1389418268	TimeWritten=1389418268	Message=User Account Changed:   Target Account Name: 656070   Target Domain: POS   Target Account ID: POS\656070   Caller User Name: SVC-ADIMPORT   Caller Domain: POS   Caller Logon ID: (0x0,0x44A94E56)   Privileges: -  Changed Attributes:   Sam Account Name: -   Display Name: -   User Principal Name: -   Home Directory: -   Home Drive: -   Script Path: -   Profile Path: -   User Workstations: -   Password Last Set: -   Account Expires: -   Primary Group ID: -   AllowedTcorpoelegateTo: -   Old UAC Value: 0x15   New UAC Value: 0x10   User Account Control:    Account Enabled    'Password Not Required' - Disabled    User Parameters: -   Sid History: -   Logon Hours: -   
<13>Jan 11 00:31:12 USCHPOSDC01 AgentDevice=WindowsLog	AgentLogFile=Security	PluginVersion=1.0.14	Source=Security	Computer=USCHPOSDC01	User=SVC-ADIMPORT	Domain=POS	EventID=642	EventIDCcorpoe=642	EventType=8	EventCategory=7	RecordNumber=2543630171	TimeGenerated=1389418268	TimeWritten=1389418268	Message=User Account Changed:   Target Account Name: 656070   Target Domain: POS   Target Account ID: POS\656070   Caller User Name: SVC-ADIMPORT   Caller Domain: POS   Caller Logon ID: (0x0,0x44AA4885)   Privileges: -  Changed Attributes:   Sam Account Name: -   Display Name: -   User Principal Name: -   Home Directory: -   Home Drive: -   Script Path: -   Profile Path: -   User Workstations: -   Password Last Set: 1/11/2014 12:31:08 AM   Account Expires: -   Primary Group ID: -   AllowedTcorpoelegateTo: -   Old UAC Value: -   New UAC Value: -   User Account Control: -   User Parameters: -   Sid History: -   Logon Hours: -   
<13>Jan 11 00:31:12 USCHPOSDC01 AgentDevice=WindowsLog	AgentLogFile=Security	PluginVersion=1.0.14	Source=Security	Computer=USCHPOSDC01	User=SVC-ADIMPORT	Domain=POS	EventID=642	EventIDCcorpoe=642	EventType=8	EventCategory=7	RecordNumber=2543630161	TimeGenerated=1389418268	TimeWritten=1389418268	Message=User Account Changed:   Target Account Name: 656069   Target Domain: POS   Target Account ID: POS\656069   Caller User Name: SVC-ADIMPORT   Caller Domain: POS   Caller Logon ID: (0x0,0x44A94E56)   Privileges: -  Changed Attributes:   Sam Account Name: -   Display Name: PATRICK JORDAN   User Principal Name: -   Home Directory: -   Home Drive: -   Script Path: -   Profile Path: -   User Workstations: -   Password Last Set: -   Account Expires: -   Primary Group ID: -   AllowedTcorpoelegateTo: -   Old UAC Value: -   New UAC Value: -   User Account Control: -   User Parameters: -   Sid History: -   Logon Hours: -   
<13>Jan 11 00:31:12 USCHPOSDC01 AgentDevice=WindowsLog	AgentLogFile=Security	PluginVersion=1.0.14	Source=Security	Computer=USCHPOSDC01	User=SVC-ADIMPORT	Domain=POS	EventID=626	EventIDCcorpoe=626	EventType=8	EventCategory=7	RecordNumber=2543630158	TimeGenerated=1389418267	TimeWritten=1389418267	Message=User Account Enabled:   Target Account Name: 656069   Target Domain: POS   Target Account ID: POS\656069   Caller User Name: SVC-ADIMPORT   Caller Domain: POS   Caller Logon ID: (0x0,0x44A94E56)   
<13>Jan 11 00:31:12 USCHPOSDC01 AgentDevice=WindowsLog	AgentLogFile=Security	PluginVersion=1.0.14	Source=Security	Computer=USCHPOSDC01	User=SVC-ADIMPORT	Domain=POS	EventID=642	EventIDCcorpoe=642	EventType=8	EventCategory=7	RecordNumber=2543630157	TimeGenerated=1389418267	TimeWritten=1389418267	Message=User Account Changed:   Target Account Name: 656069   Target Domain: POS   Target Account ID: POS\656069   Caller User Name: SVC-ADIMPORT   Caller Domain: POS   Caller Logon ID: (0x0,0x44A94E56)   Privileges: -  Changed Attributes:   Sam Account Name: -   Display Name: -   User Principal Name: -   Home Directory: -   Home Drive: -   Script Path: -   Profile Path: -   User Workstations: -   Password Last Set: -   Account Expires: -   Primary Group ID: -   AllowedTcorpoelegateTo: -   Old UAC Value: 0x15   New UAC Value: 0x10   User Account Control:    Account Enabled    'Password Not Required' - Disabled    User Parameters: -   Sid History: -   Logon Hours: -   
<13>Jan 11 00:31:10 USCHPOSDC01 AgentDevice=WindowsLog	AgentLogFile=Security	PluginVersion=1.0.14	Source=Security	Computer=USCHPOSDC01	User=SVC-ADIMPORT	Domain=POS	EventID=642	EventIDCcorpoe=642	EventType=8	EventCategory=7	RecordNumber=2543630150	TimeGenerated=1389418267	TimeWritten=1389418267	Message=User Account Changed:   Target Account Name: 656069   Target Domain: POS   Target Account ID: POS\656069   Caller User Name: SVC-ADIMPORT   Caller Domain: POS   Caller Logon ID: (0x0,0x44AA472B)   Privileges: -  Changed Attributes:   Sam Account Name: -   Display Name: -   User Principal Name: -   Home Directory: -   Home Drive: -   Script Path: -   Profile Path: -   User Workstations: -   Password Last Set: 1/11/2014 12:31:07 AM   Account Expires: -   Primary Group ID: -   AllowedTcorpoelegateTo: -   Old UAC Value: -   New UAC Value: -   User Account Control: -   User Parameters: -   Sid History: -   Logon Hours: -   
<13>Jan 11 00:31:09 USCHPOSDC01 AgentDevice=WindowsLog	AgentLogFile=Security	PluginVersion=1.0.14	Source=Security	Computer=USCHPOSDC01	User=SVC-ADIMPORT	Domain=POS	EventID=642	EventIDCcorpoe=642	EventType=8	EventCategory=7	RecordNumber=2543630138	TimeGenerated=1389418267	TimeWritten=1389418267	Message=User Account Changed:   Target Account Name: 656066   Target Domain: POS   Target Account ID: POS\656066   Caller User Name: SVC-ADIMPORT   Caller Domain: POS   Caller Logon ID: (0x0,0x44A94E56)   Privileges: -  Changed Attributes:   Sam Account Name: -   Display Name: TINA STIGGER   User Principal Name: -   Home Directory: -   Home Drive: -   Script Path: -   Profile Path: -   User Workstations: -   Password Last Set: -   Account Expires: -   Primary Group ID: -   AllowedTcorpoelegateTo: -   Old UAC Value: -   New UAC Value: -   User Account Control: -   User Parameters: -   Sid History: -   Logon Hours: -   
<13>Jan 11 00:31:09 USCHPOSDC01 AgentDevice=WindowsLog	AgentLogFile=Security	PluginVersion=1.0.14	Source=Security	Computer=USCHPOSDC01	User=SVC-ADIMPORT	Domain=POS	EventID=626	EventIDCcorpoe=626	EventType=8	EventCategory=7	RecordNumber=2543630135	TimeGenerated=1389418266	TimeWritten=1389418266	Message=User Account Enabled:   Target Account Name: 656066   Target Domain: POS   Target Account ID: POS\656066   Caller User Name: SVC-ADIMPORT   Caller Domain: POS   Caller Logon ID: (0x0,0x44A94E56)   
<13>Jan 11 00:31:09 USCHPOSDC01 AgentDevice=WindowsLog	AgentLogFile=Security	PluginVersion=1.0.14	Source=Security	Computer=USCHPOSDC01	User=SVC-ADIMPORT	Domain=POS	EventID=642	EventIDCcorpoe=642	EventType=8	EventCategory=7	RecordNumber=2543630134	TimeGenerated=1389418266	TimeWritten=1389418266	Message=User Account Changed:   Target Account Name: 656066   Target Domain: POS   Target Account ID: POS\656066   Caller User Name: SVC-ADIMPORT   Caller Domain: POS   Caller Logon ID: (0x0,0x44A94E56)   Privileges: -  Changed Attributes:   Sam Account Name: -   Display Name: -   User Principal Name: -   Home Directory: -   Home Drive: -   Script Path: -   Profile Path: -   User Workstations: -   Password Last Set: -   Account Expires: -   Primary Group ID: -   AllowedTcorpoelegateTo: -   Old UAC Value: 0x15   New UAC Value: 0x10   User Account Control:    Account Enabled    'Password Not Required' - Disabled    User Parameters: -   Sid History: -   Logon Hours: -   
<13>Jan 11 00:31:09 USCHPOSDC01 AgentDevice=WindowsLog	AgentLogFile=Security	PluginVersion=1.0.14	Source=Security	Computer=USCHPOSDC01	User=SVC-ADIMPORT	Domain=POS	EventID=642	EventIDCcorpoe=642	EventType=8	EventCategory=7	RecordNumber=2543630124	TimeGenerated=1389418266	TimeWritten=1389418266	Message=User Account Changed:   Target Account Name: 656066   Target Domain: POS   Target Account ID: POS\656066   Caller User Name: SVC-ADIMPORT   Caller Domain: POS   Caller Logon ID: (0x0,0x44AA3F13)   Privileges: -  Changed Attributes:   Sam Account Name: -   Display Name: -   User Principal Name: -   Home Directory: -   Home Drive: -   Script Path: -   Profile Path: -   User Workstations: -   Password Last Set: 1/11/2014 12:31:06 AM   Account Expires: -   Primary Group ID: -   AllowedTcorpoelegateTo: -   Old UAC Value: -   New UAC Value: -   User Account Control: -   User Parameters: -   Sid History: -   Logon Hours: -   
<13>Jan 11 00:31:09 USCHPOSDC01 AgentDevice=WindowsLog	AgentLogFile=Security	PluginVersion=1.0.14	Source=Security	Computer=USCHPOSDC01	User=SVC-ADIMPORT	Domain=POS	EventID=642	EventIDCcorpoe=642	EventType=8	EventCategory=7	RecordNumber=2543630111	TimeGenerated=1389418265	TimeWritten=1389418265	Message=User Account Changed:   Target Account Name: 656065   Target Domain: POS   Target Account ID: POS\656065   Caller User Name: SVC-ADIMPORT   Caller Domain: POS   Caller Logon ID: (0x0,0x44A94E56)   Privileges: -  Changed Attributes:   Sam Account Name: -   Display Name: MELANIE HEMBREE   User Principal Name: -   Home Directory: -   Home Drive: -   Script Path: -   Profile Path: -   User Workstations: -   Password Last Set: -   Account Expires: -   Primary Group ID: -   AllowedTcorpoelegateTo: -   Old UAC Value: -   New UAC Value: -   User Account Control: -   User Parameters: -   Sid History: -   Logon Hours: -   
<13>Jan 11 00:31:09 USCHPOSDC01 AgentDevice=WindowsLog	AgentLogFile=Security	PluginVersion=1.0.14	Source=Security	Computer=USCHPOSDC01	User=SVC-ADIMPORT	Domain=POS	EventID=626	EventIDCcorpoe=626	EventType=8	EventCategory=7	RecordNumber=2543630105	TimeGenerated=1389418265	TimeWritten=1389418265	Message=User Account Enabled:   Target Account Name: 656065   Target Domain: POS   Target Account ID: POS\656065   Caller User Name: SVC-ADIMPORT   Caller Domain: POS   Caller Logon ID: (0x0,0x44A94E56)   
<13>Jan 11 00:31:09 USCHPOSDC01 AgentDevice=WindowsLog	AgentLogFile=Security	PluginVersion=1.0.14	Source=Security	Computer=USCHPOSDC01	User=SVC-ADIMPORT	Domain=POS	EventID=642	EventIDCcorpoe=642	EventType=8	EventCategory=7	RecordNumber=2543630104	TimeGenerated=1389418265	TimeWritten=1389418265	Message=User Account Changed:   Target Account Name: 656065   Target Domain: POS   Target Account ID: POS\656065   Caller User Name: SVC-ADIMPORT   Caller Domain: POS   Caller Logon ID: (0x0,0x44A94E56)   Privileges: -  Changed Attributes:   Sam Account Name: -   Display Name: -   User Principal Name: -   Home Directory: -   Home Drive: -   Script Path: -   Profile Path: -   User Workstations: -   Password Last Set: -   Account Expires: -   Primary Group ID: -   AllowedTcorpoelegateTo: -   Old UAC Value: 0x15   New UAC Value: 0x10   User Account Control:    Account Enabled    'Password Not Required' - Disabled    User Parameters: -   Sid History: -   Logon Hours: -   
<13>Jan 11 00:31:07 USCHPOSDC01 AgentDevice=WindowsLog	AgentLogFile=Security	PluginVersion=1.0.14	Source=Security	Computer=USCHPOSDC01	User=SVC-ADIMPORT	Domain=POS	EventID=642	EventIDCcorpoe=642	EventType=8	EventCategory=7	RecordNumber=2543630098	TimeGenerated=1389418265	TimeWritten=1389418265	Message=User Account Changed:   Target Account Name: 656065   Target Domain: POS   Target Account ID: POS\656065   Caller User Name: SVC-ADIMPORT   Caller Domain: POS   Caller Logon ID: (0x0,0x44AA386E)   Privileges: -  Changed Attributes:   Sam Account Name: -   Display Name: -   User Principal Name: -   Home Directory: -   Home Drive: -   Script Path: -   Profile Path: -   User Workstations: -   Password Last Set: 1/11/2014 12:31:05 AM   Account Expires: -   Primary Group ID: -   AllowedTcorpoelegateTo: -   Old UAC Value: -   New UAC Value: -   User Account Control: -   User Parameters: -   Sid History: -   Logon Hours: -   
<13>Jan 11 00:31:07 USCHPOSDC01 AgentDevice=WindowsLog	AgentLogFile=Security	PluginVersion=1.0.14	Source=Security	Computer=USCHPOSDC01	User=SVC-ADIMPORT	Domain=POS	EventID=642	EventIDCcorpoe=642	EventType=8	EventCategory=7	RecordNumber=2543630087	TimeGenerated=1389418264	TimeWritten=1389418264	Message=User Account Changed:   Target Account Name: 656063   Target Domain: POS   Target Account ID: POS\656063   Caller User Name: SVC-ADIMPORT   Caller Domain: POS   Caller Logon ID: (0x0,0x44A94E56)   Privileges: -  Changed Attributes:   Sam Account Name: -   Display Name: VEDTRINEQUIA COMB   User Principal Name: -   Home Directory: -   Home Drive: -   Script Path: -   Profile Path: -   User Workstations: -   Password Last Set: -   Account Expires: -   Primary Group ID: -   AllowedTcorpoelegateTo: -   Old UAC Value: -   New UAC Value: -   User Account Control: -   User Parameters: -   Sid History: -   Logon Hours: -   
<13>Jan 11 00:31:07 USCHPOSDC01 AgentDevice=WindowsLog	AgentLogFile=Security	PluginVersion=1.0.14	Source=Security	Computer=USCHPOSDC01	User=SVC-ADIMPORT	Domain=POS	EventID=642	EventIDCcorpoe=642	EventType=8	EventCategory=7	RecordNumber=2543630083	TimeGenerated=1389418264	TimeWritten=1389418264	Message=User Account Changed:   Target Account Name: 656063   Target Domain: POS   Target Account ID: POS\656063   Caller User Name: SVC-ADIMPORT   Caller Domain: POS   Caller Logon ID: (0x0,0x44A94E56)   Privileges: -  Changed Attributes:   Sam Account Name: -   Display Name: -   User Principal Name: -   Home Directory: -   Home Drive: -   Script Path: -   Profile Path: -   User Workstations: -   Password Last Set: -   Account Expires: -   Primary Group ID: -   AllowedTcorpoelegateTo: -   Old UAC Value: 0x15   New UAC Value: 0x10   User Account Control:    Account Enabled    'Password Not Required' - Disabled    User Parameters: -   Sid History: -   Logon Hours: -   
<13>Jan 11 00:31:07 USCHPOSDC01 AgentDevice=WindowsLog	AgentLogFile=Security	PluginVersion=1.0.14	Source=Security	Computer=USCHPOSDC01	User=SVC-ADIMPORT	Domain=POS	EventID=626	EventIDCcorpoe=626	EventType=8	EventCategory=7	RecordNumber=2543630084	TimeGenerated=1389418264	TimeWritten=1389418264	Message=User Account Enabled:   Target Account Name: 656063   Target Domain: POS   Target Account ID: POS\656063   Caller User Name: SVC-ADIMPORT   Caller Domain: POS   Caller Logon ID: (0x0,0x44A94E56)   
<13>Jan 11 00:31:07 USCHPOSDC01 AgentDevice=WindowsLog	AgentLogFile=Security	PluginVersion=1.0.14	Source=Security	Computer=USCHPOSDC01	User=SVC-ADIMPORT	Domain=POS	EventID=642	EventIDCcorpoe=642	EventType=8	EventCategory=7	RecordNumber=2543630071	TimeGenerated=1389418264	TimeWritten=1389418264	Message=User Account Changed:   Target Account Name: 656063   Target Domain: POS   Target Account ID: POS\656063   Caller User Name: SVC-ADIMPORT   Caller Domain: POS   Caller Logon ID: (0x0,0x44AA3761)   Privileges: -  Changed Attributes:   Sam Account Name: -   Display Name: -   User Principal Name: -   Home Directory: -   Home Drive: -   Script Path: -   Profile Path: -   User Workstations: -   Password Last Set: 1/11/2014 12:31:04 AM   Account Expires: -   Primary Group ID: -   AllowedTcorpoelegateTo: -   Old UAC Value: -   New UAC Value: -   User Account Control: -   User Parameters: -   Sid History: -   Logon Hours: -   
<13>Jan 11 00:31:07 USCHPOSDC01 AgentDevice=WindowsLog	AgentLogFile=Security	PluginVersion=1.0.14	Source=Security	Computer=USCHPOSDC01	User=SVC-ADIMPORT	Domain=POS	EventID=642	EventIDCcorpoe=642	EventType=8	EventCategory=7	RecordNumber=2543630061	TimeGenerated=1389418264	TimeWritten=1389418264	Message=User Account Changed:   Target Account Name: 656061   Target Domain: POS   Target Account ID: POS\656061   Caller User Name: SVC-ADIMPORT   Caller Domain: POS   Caller Logon ID: (0x0,0x44A94E56)   Privileges: -  Changed Attributes:   Sam Account Name: -   Display Name: JAMI BARROW   User Principal Name: -   Home Directory: -   Home Drive: -   Script Path: -   Profile Path: -   User Workstations: -   Password Last Set: -   Account Expires: -   Primary Group ID: -   AllowedTcorpoelegateTo: -   Old UAC Value: -   New UAC Value: -   User Account Control: -   User Parameters: -   Sid History: -   Logon Hours: -   
<13>Jan 11 00:31:07 USCHPOSDC01 AgentDevice=WindowsLog	AgentLogFile=Security	PluginVersion=1.0.14	Source=Security	Computer=USCHPOSDC01	User=SVC-ADIMPORT	Domain=POS	EventID=626	EventIDCcorpoe=626	EventType=8	EventCategory=7	RecordNumber=2543630058	TimeGenerated=1389418263	TimeWritten=1389418263	Message=User Account Enabled:   Target Account Name: 656061   Target Domain: POS   Target Account ID: POS\656061   Caller User Name: SVC-ADIMPORT   Caller Domain: POS   Caller Logon ID: (0x0,0x44A94E56)   
<13>Jan 11 00:31:07 USCHPOSDC01 AgentDevice=WindowsLog	AgentLogFile=Security	PluginVersion=1.0.14	Source=Security	Computer=USCHPOSDC01	User=SVC-ADIMPORT	Domain=POS	EventID=642	EventIDCcorpoe=642	EventType=8	EventCategory=7	RecordNumber=2543630057	TimeGenerated=1389418263	TimeWritten=1389418263	Message=User Account Changed:   Target Account Name: 656061   Target Domain: POS   Target Account ID: POS\656061   Caller User Name: SVC-ADIMPORT   Caller Domain: POS   Caller Logon ID: (0x0,0x44A94E56)   Privileges: -  Changed Attributes:   Sam Account Name: -   Display Name: -   User Principal Name: -   Home Directory: -   Home Drive: -   Script Path: -   Profile Path: -   User Workstations: -   Password Last Set: -   Account Expires: -   Primary Group ID: -   AllowedTcorpoelegateTo: -   Old UAC Value: 0x15   New UAC Value: 0x10   User Account Control:    Account Enabled    'Password Not Required' - Disabled    User Parameters: -   Sid History: -   Logon Hours: -   
<13>Jan 11 00:31:07 USCHPOSDC01 AgentDevice=WindowsLog	AgentLogFile=Security	PluginVersion=1.0.14	Source=Security	Computer=USCHPOSDC01	User=SVC-ADIMPORT	Domain=POS	EventID=642	EventIDCcorpoe=642	EventType=8	EventCategory=7	RecordNumber=2543630050	TimeGenerated=1389418263	TimeWritten=1389418263	Message=User Account Changed:   Target Account Name: 656061   Target Domain: POS   Target Account ID: POS\656061   Caller User Name: SVC-ADIMPORT   Caller Domain: POS   Caller Logon ID: (0x0,0x44AA35EE)   Privileges: -  Changed Attributes:   Sam Account Name: -   Display Name: -   User Principal Name: -   Home Directory: -   Home Drive: -   Script Path: -   Profile Path: -   User Workstations: -   Password Last Set: 1/11/2014 12:31:03 AM   Account Expires: -   Primary Group ID: -   AllowedTcorpoelegateTo: -   Old UAC Value: -   New UAC Value: -   User Account Control: -   User Parameters: -   Sid History: -   Logon Hours: -   
<13>Jan 11 00:31:05 USCHPOSDC01 AgentDevice=WindowsLog	AgentLogFile=Security	PluginVersion=1.0.14	Source=Security	Computer=USCHPOSDC01	User=SVC-ADIMPORT	Domain=POS	EventID=642	EventIDCcorpoe=642	EventType=8	EventCategory=7	RecordNumber=2543630039	TimeGenerated=1389418263	TimeWritten=1389418263	Message=User Account Changed:   Target Account Name: 656060   Target Domain: POS   Target Account ID: POS\656060   Caller User Name: SVC-ADIMPORT   Caller Domain: POS   Caller Logon ID: (0x0,0x44A94E56)   Privileges: -  Changed Attributes:   Sam Account Name: -   Display Name: OMAR GUTIERREZ   User Principal Name: -   Home Directory: -   Home Drive: -   Script Path: -   Profile Path: -   User Workstations: -   Password Last Set: -   Account Expires: -   Primary Group ID: -   AllowedTcorpoelegateTo: -   Old UAC Value: -   New UAC Value: -   User Account Control: -   User Parameters: -   Sid History: -   Logon Hours: -   
<13>Jan 11 00:31:05 USCHPOSDC01 AgentDevice=WindowsLog	AgentLogFile=Security	PluginVersion=1.0.14	Source=Security	Computer=USCHPOSDC01	User=SVC-ADIMPORT	Domain=POS	EventID=626	EventIDCcorpoe=626	EventType=8	EventCategory=7	RecordNumber=2543630036	TimeGenerated=1389418263	TimeWritten=1389418263	Message=User Account Enabled:   Target Account Name: 656060   Target Domain: POS   Target Account ID: POS\656060   Caller User Name: SVC-ADIMPORT   Caller Domain: POS   Caller Logon ID: (0x0,0x44A94E56)   
<13>Jan 11 00:31:05 USCHPOSDC01 AgentDevice=WindowsLog	AgentLogFile=Security	PluginVersion=1.0.14	Source=Security	Computer=USCHPOSDC01	User=SVC-ADIMPORT	Domain=POS	EventID=642	EventIDCcorpoe=642	EventType=8	EventCategory=7	RecordNumber=2543630035	TimeGenerated=1389418263	TimeWritten=1389418263	Message=User Account Changed:   Target Account Name: 656060   Target Domain: POS   Target Account ID: POS\656060   Caller User Name: SVC-ADIMPORT   Caller Domain: POS   Caller Logon ID: (0x0,0x44A94E56)   Privileges: -  Changed Attributes:   Sam Account Name: -   Display Name: -   User Principal Name: -   Home Directory: -   Home Drive: -   Script Path: -   Profile Path: -   User Workstations: -   Password Last Set: -   Account Expires: -   Primary Group ID: -   AllowedTcorpoelegateTo: -   Old UAC Value: 0x15   New UAC Value: 0x10   User Account Control:    Account Enabled    'Password Not Required' - Disabled    User Parameters: -   Sid History: -   Logon Hours: -   
