<13>Jan 11 00:31:05 USCHPOSDC01 AgentDevice=WindowsLog	AgentLogFile=Security	PluginVersion=1.0.14	Source=Security	Computer=USCHPOSDC01	User=SVC-ADIMPORT	Domain=POS	EventID=642	EventIDCcorpoe=642	EventType=8	EventCategory=7	RecordNumber=2543630029	TimeGenerated=1389418262	TimeWritten=1389418262	Message=User Account Changed:   Target Account Name: 656060   Target Domain: POS   Target Account ID: POS\656060   Caller User Name: SVC-ADIMPORT   Caller Domain: POS   Caller Logon ID: (0x0,0x44AA34AF)   Privileges: -  Changed Attributes:   Sam Account Name: -   Display Name: -   User Principal Name: -   Home Directory: -   Home Drive: -   Script Path: -   Profile Path: -   User Workstations: -   Password Last Set: 1/11/2014 12:31:02 AM   Account Expires: -   Primary Group ID: -   AllowedTcorpoelegateTo: -   Old UAC Value: -   New UAC Value: -   User Account Control: -   User Parameters: -   Sid History: -   Logon Hours: -   
<13>Jan 11 00:31:05 USCHPOSDC01 AgentDevice=WindowsLog	AgentLogFile=Security	PluginVersion=1.0.14	Source=Security	Computer=USCHPOSDC01	User=SVC-ADIMPORT	Domain=POS	EventID=642	EventIDCcorpoe=642	EventType=8	EventCategory=7	RecordNumber=2543630018	TimeGenerated=1389418262	TimeWritten=1389418262	Message=User Account Changed:   Target Account Name: 656059   Target Domain: POS   Target Account ID: POS\656059   Caller User Name: SVC-ADIMPORT   Caller Domain: POS   Caller Logon ID: (0x0,0x44A94E56)   Privileges: -  Changed Attributes:   Sam Account Name: -   Display Name: ZEDRICK FRANK   User Principal Name: -   Home Directory: -   Home Drive: -   Script Path: -   Profile Path: -   User Workstations: -   Password Last Set: -   Account Expires: -   Primary Group ID: -   AllowedTcorpoelegateTo: -   Old UAC Value: -   New UAC Value: -   User Account Control: -   User Parameters: -   Sid History: -   Logon Hours: -   
<13>Jan 11 00:31:05 USCHPOSDC01 AgentDevice=WindowsLog	AgentLogFile=Security	PluginVersion=1.0.14	Source=Security	Computer=USCHPOSDC01	User=SVC-ADIMPORT	Domain=POS	EventID=626	EventIDCcorpoe=626	EventType=8	EventCategory=7	RecordNumber=2543630015	TimeGenerated=1389418262	TimeWritten=1389418262	Message=User Account Enabled:   Target Account Name: 656059   Target Domain: POS   Target Account ID: POS\656059   Caller User Name: SVC-ADIMPORT   Caller Domain: POS   Caller Logon ID: (0x0,0x44A94E56)   
<13>Jan 11 00:31:05 USCHPOSDC01 AgentDevice=WindowsLog	AgentLogFile=Security	PluginVersion=1.0.14	Source=Security	Computer=USCHPOSDC01	User=SVC-ADIMPORT	Domain=POS	EventID=642	EventIDCcorpoe=642	EventType=8	EventCategory=7	RecordNumber=2543630014	TimeGenerated=1389418262	TimeWritten=1389418262	Message=User Account Changed:   Target Account Name: 656059   Target Domain: POS   Target Account ID: POS\656059   Caller User Name: SVC-ADIMPORT   Caller Domain: POS   Caller Logon ID: (0x0,0x44A94E56)   Privileges: -  Changed Attributes:   Sam Account Name: -   Display Name: -   User Principal Name: -   Home Directory: -   Home Drive: -   Script Path: -   Profile Path: -   User Workstations: -   Password Last Set: -   Account Expires: -   Primary Group ID: -   AllowedTcorpoelegateTo: -   Old UAC Value: 0x15   New UAC Value: 0x10   User Account Control:    Account Enabled    'Password Not Required' - Disabled    User Parameters: -   Sid History: -   Logon Hours: -   
<13>Jan 11 00:31:05 USCHPOSDC01 AgentDevice=WindowsLog	AgentLogFile=Security	PluginVersion=1.0.14	Source=Security	Computer=USCHPOSDC01	User=SVC-ADIMPORT	Domain=POS	EventID=642	EventIDCcorpoe=642	EventType=8	EventCategory=7	RecordNumber=2543630008	TimeGenerated=1389418262	TimeWritten=1389418262	Message=User Account Changed:   Target Account Name: 656059   Target Domain: POS   Target Account ID: POS\656059   Caller User Name: SVC-ADIMPORT   Caller Domain: POS   Caller Logon ID: (0x0,0x44AA30FF)   Privileges: -  Changed Attributes:   Sam Account Name: -   Display Name: -   User Principal Name: -   Home Directory: -   Home Drive: -   Script Path: -   Profile Path: -   User Workstations: -   Password Last Set: 1/11/2014 12:31:01 AM   Account Expires: -   Primary Group ID: -   AllowedTcorpoelegateTo: -   Old UAC Value: -   New UAC Value: -   User Account Control: -   User Parameters: -   Sid History: -   Logon Hours: -   
<13>Jan 11 00:31:03 USCHPOSDC01 AgentDevice=WindowsLog	AgentLogFile=Security	PluginVersion=1.0.14	Source=Security	Computer=USCHPOSDC01	User=SVC-ADIMPORT	Domain=POS	EventID=642	EventIDCcorpoe=642	EventType=8	EventCategory=7	RecordNumber=2543629995	TimeGenerated=1389418261	TimeWritten=1389418261	Message=User Account Changed:   Target Account Name: 656057   Target Domain: POS   Target Account ID: POS\656057   Caller User Name: SVC-ADIMPORT   Caller Domain: POS   Caller Logon ID: (0x0,0x44A94E56)   Privileges: -  Changed Attributes:   Sam Account Name: -   Display Name: ASHLEY SMITH   User Principal Name: -   Home Directory: -   Home Drive: -   Script Path: -   Profile Path: -   User Workstations: -   Password Last Set: -   Account Expires: -   Primary Group ID: -   AllowedTcorpoelegateTo: -   Old UAC Value: -   New UAC Value: -   User Account Control: -   User Parameters: -   Sid History: -   Logon Hours: -   
<13>Jan 11 00:31:03 USCHPOSDC01 AgentDevice=WindowsLog	AgentLogFile=Security	PluginVersion=1.0.14	Source=Security	Computer=USCHPOSDC01	User=SVC-ADIMPORT	Domain=POS	EventID=626	EventIDCcorpoe=626	EventType=8	EventCategory=7	RecordNumber=2543629992	TimeGenerated=1389418261	TimeWritten=1389418261	Message=User Account Enabled:   Target Account Name: 656057   Target Domain: POS   Target Account ID: POS\656057   Caller User Name: SVC-ADIMPORT   Caller Domain: POS   Caller Logon ID: (0x0,0x44A94E56)   
<13>Jan 11 00:31:03 USCHPOSDC01 AgentDevice=WindowsLog	AgentLogFile=Security	PluginVersion=1.0.14	Source=Security	Computer=USCHPOSDC01	User=SVC-ADIMPORT	Domain=POS	EventID=642	EventIDCcorpoe=642	EventType=8	EventCategory=7	RecordNumber=2543629991	TimeGenerated=1389418261	TimeWritten=1389418261	Message=User Account Changed:   Target Account Name: 656057   Target Domain: POS   Target Account ID: POS\656057   Caller User Name: SVC-ADIMPORT   Caller Domain: POS   Caller Logon ID: (0x0,0x44A94E56)   Privileges: -  Changed Attributes:   Sam Account Name: -   Display Name: -   User Principal Name: -   Home Directory: -   Home Drive: -   Script Path: -   Profile Path: -   User Workstations: -   Password Last Set: -   Account Expires: -   Primary Group ID: -   AllowedTcorpoelegateTo: -   Old UAC Value: 0x15   New UAC Value: 0x10   User Account Control:    Account Enabled    'Password Not Required' - Disabled    User Parameters: -   Sid History: -   Logon Hours: -   
<13>Jan 11 00:31:03 USCHPOSDC01 AgentDevice=WindowsLog	AgentLogFile=Security	PluginVersion=1.0.14	Source=Security	Computer=USCHPOSDC01	User=SVC-ADIMPORT	Domain=POS	EventID=642	EventIDCcorpoe=642	EventType=8	EventCategory=7	RecordNumber=2543629985	TimeGenerated=1389418260	TimeWritten=1389418260	Message=User Account Changed:   Target Account Name: 656057   Target Domain: POS   Target Account ID: POS\656057   Caller User Name: SVC-ADIMPORT   Caller Domain: POS   Caller Logon ID: (0x0,0x44AA26F6)   Privileges: -  Changed Attributes:   Sam Account Name: -   Display Name: -   User Principal Name: -   Home Directory: -   Home Drive: -   Script Path: -   Profile Path: -   User Workstations: -   Password Last Set: 1/11/2014 12:31:00 AM   Account Expires: -   Primary Group ID: -   AllowedTcorpoelegateTo: -   Old UAC Value: -   New UAC Value: -   User Account Control: -   User Parameters: -   Sid History: -   Logon Hours: -   
<13>Jan 11 00:31:03 USCHPOSDC01 AgentDevice=WindowsLog	AgentLogFile=Security	PluginVersion=1.0.14	Source=Security	Computer=USCHPOSDC01	User=SVC-ADIMPORT	Domain=POS	EventID=642	EventIDCcorpoe=642	EventType=8	EventCategory=7	RecordNumber=2543629968	TimeGenerated=1389418260	TimeWritten=1389418260	Message=User Account Changed:   Target Account Name: 656056   Target Domain: POS   Target Account ID: POS\656056   Caller User Name: SVC-ADIMPORT   Caller Domain: POS   Caller Logon ID: (0x0,0x44A94E56)   Privileges: -  Changed Attributes:   Sam Account Name: -   Display Name: DEJA TAYLOR   User Principal Name: -   Home Directory: -   Home Drive: -   Script Path: -   Profile Path: -   User Workstations: -   Password Last Set: -   Account Expires: -   Primary Group ID: -   AllowedTcorpoelegateTo: -   Old UAC Value: -   New UAC Value: -   User Account Control: -   User Parameters: -   Sid History: -   Logon Hours: -   
<13>Jan 11 00:31:03 USCHPOSDC01 AgentDevice=WindowsLog	AgentLogFile=Security	PluginVersion=1.0.14	Source=Security	Computer=USCHPOSDC01	User=SVC-ADIMPORT	Domain=POS	EventID=626	EventIDCcorpoe=626	EventType=8	EventCategory=7	RecordNumber=2543629965	TimeGenerated=1389418260	TimeWritten=1389418260	Message=User Account Enabled:   Target Account Name: 656056   Target Domain: POS   Target Account ID: POS\656056   Caller User Name: SVC-ADIMPORT   Caller Domain: POS   Caller Logon ID: (0x0,0x44A94E56)   
<13>Jan 11 00:31:03 USCHPOSDC01 AgentDevice=WindowsLog	AgentLogFile=Security	PluginVersion=1.0.14	Source=Security	Computer=USCHPOSDC01	User=SVC-ADIMPORT	Domain=POS	EventID=642	EventIDCcorpoe=642	EventType=8	EventCategory=7	RecordNumber=2543629964	TimeGenerated=1389418260	TimeWritten=1389418260	Message=User Account Changed:   Target Account Name: 656056   Target Domain: POS   Target Account ID: POS\656056   Caller User Name: SVC-ADIMPORT   Caller Domain: POS   Caller Logon ID: (0x0,0x44A94E56)   Privileges: -  Changed Attributes:   Sam Account Name: -   Display Name: -   User Principal Name: -   Home Directory: -   Home Drive: -   Script Path: -   Profile Path: -   User Workstations: -   Password Last Set: -   Account Expires: -   Primary Group ID: -   AllowedTcorpoelegateTo: -   Old UAC Value: 0x15   New UAC Value: 0x10   User Account Control:    Account Enabled    'Password Not Required' - Disabled    User Parameters: -   Sid History: -   Logon Hours: -   
<13>Jan 11 00:31:03 USCHPOSDC01 AgentDevice=WindowsLog	AgentLogFile=Security	PluginVersion=1.0.14	Source=Security	Computer=USCHPOSDC01	User=SVC-ADIMPORT	Domain=POS	EventID=642	EventIDCcorpoe=642	EventType=8	EventCategory=7	RecordNumber=2543629956	TimeGenerated=1389418259	TimeWritten=1389418259	Message=User Account Changed:   Target Account Name: 656056   Target Domain: POS   Target Account ID: POS\656056   Caller User Name: SVC-ADIMPORT   Caller Domain: POS   Caller Logon ID: (0x0,0x44AA25AE)   Privileges: -  Changed Attributes:   Sam Account Name: -   Display Name: -   User Principal Name: -   Home Directory: -   Home Drive: -   Script Path: -   Profile Path: -   User Workstations: -   Password Last Set: 1/11/2014 12:30:59 AM   Account Expires: -   Primary Group ID: -   AllowedTcorpoelegateTo: -   Old UAC Value: -   New UAC Value: -   User Account Control: -   User Parameters: -   Sid History: -   Logon Hours: -   
<13>Jan 11 00:31:01 USCHPOSDC01 AgentDevice=WindowsLog	AgentLogFile=Security	PluginVersion=1.0.14	Source=Security	Computer=USCHPOSDC01	User=SVC-ADIMPORT	Domain=POS	EventID=642	EventIDCcorpoe=642	EventType=8	EventCategory=7	RecordNumber=2543629940	TimeGenerated=1389418259	TimeWritten=1389418259	Message=User Account Changed:   Target Account Name: 656055   Target Domain: POS   Target Account ID: POS\656055   Caller User Name: SVC-ADIMPORT   Caller Domain: POS   Caller Logon ID: (0x0,0x44A94E56)   Privileges: -  Changed Attributes:   Sam Account Name: -   Display Name: JORDAN VALLAIR   User Principal Name: -   Home Directory: -   Home Drive: -   Script Path: -   Profile Path: -   User Workstations: -   Password Last Set: -   Account Expires: -   Primary Group ID: -   AllowedTcorpoelegateTo: -   Old UAC Value: -   New UAC Value: -   User Account Control: -   User Parameters: -   Sid History: -   Logon Hours: -   
<13>Jan 11 00:31:01 USCHPOSDC01 AgentDevice=WindowsLog	AgentLogFile=Security	PluginVersion=1.0.14	Source=Security	Computer=USCHPOSDC01	User=SVC-ADIMPORT	Domain=POS	EventID=626	EventIDCcorpoe=626	EventType=8	EventCategory=7	RecordNumber=2543629936	TimeGenerated=1389418259	TimeWritten=1389418259	Message=User Account Enabled:   Target Account Name: 656055   Target Domain: POS   Target Account ID: POS\656055   Caller User Name: SVC-ADIMPORT   Caller Domain: POS   Caller Logon ID: (0x0,0x44A94E56)   
<13>Jan 11 00:31:01 USCHPOSDC01 AgentDevice=WindowsLog	AgentLogFile=Security	PluginVersion=1.0.14	Source=Security	Computer=USCHPOSDC01	User=SVC-ADIMPORT	Domain=POS	EventID=642	EventIDCcorpoe=642	EventType=8	EventCategory=7	RecordNumber=2543629935	TimeGenerated=1389418259	TimeWritten=1389418259	Message=User Account Changed:   Target Account Name: 656055   Target Domain: POS   Target Account ID: POS\656055   Caller User Name: SVC-ADIMPORT   Caller Domain: POS   Caller Logon ID: (0x0,0x44A94E56)   Privileges: -  Changed Attributes:   Sam Account Name: -   Display Name: -   User Principal Name: -   Home Directory: -   Home Drive: -   Script Path: -   Profile Path: -   User Workstations: -   Password Last Set: -   Account Expires: -   Primary Group ID: -   AllowedTcorpoelegateTo: -   Old UAC Value: 0x15   New UAC Value: 0x10   User Account Control:    Account Enabled    'Password Not Required' - Disabled    User Parameters: -   Sid History: -   Logon Hours: -   
<13>Jan 11 00:31:01 USCHPOSDC01 AgentDevice=WindowsLog	AgentLogFile=Security	PluginVersion=1.0.14	Source=Security	Computer=USCHPOSDC01	User=SVC-ADIMPORT	Domain=POS	EventID=642	EventIDCcorpoe=642	EventType=8	EventCategory=7	RecordNumber=2543629929	TimeGenerated=1389418258	TimeWritten=1389418258	Message=User Account Changed:   Target Account Name: 656055   Target Domain: POS   Target Account ID: POS\656055   Caller User Name: SVC-ADIMPORT   Caller Domain: POS   Caller Logon ID: (0x0,0x44AA2487)   Privileges: -  Changed Attributes:   Sam Account Name: -   Display Name: -   User Principal Name: -   Home Directory: -   Home Drive: -   Script Path: -   Profile Path: -   User Workstations: -   Password Last Set: 1/11/2014 12:30:58 AM   Account Expires: -   Primary Group ID: -   AllowedTcorpoelegateTo: -   Old UAC Value: -   New UAC Value: -   User Account Control: -   User Parameters: -   Sid History: -   Logon Hours: -   
<13>Jan 11 00:31:01 USCHPOSDC01 AgentDevice=WindowsLog	AgentLogFile=Security	PluginVersion=1.0.14	Source=Security	Computer=USCHPOSDC01	User=SVC-ADIMPORT	Domain=POS	EventID=642	EventIDCcorpoe=642	EventType=8	EventCategory=7	RecordNumber=2543629918	TimeGenerated=1389418258	TimeWritten=1389418258	Message=User Account Changed:   Target Account Name: 656053   Target Domain: POS   Target Account ID: POS\656053   Caller User Name: SVC-ADIMPORT   Caller Domain: POS   Caller Logon ID: (0x0,0x44A94E56)   Privileges: -  Changed Attributes:   Sam Account Name: -   Display Name: KEVIN DcorpoSON   User Principal Name: -   Home Directory: -   Home Drive: -   Script Path: -   Profile Path: -   User Workstations: -   Password Last Set: -   Account Expires: -   Primary Group ID: -   AllowedTcorpoelegateTo: -   Old UAC Value: -   New UAC Value: -   User Account Control: -   User Parameters: -   Sid History: -   Logon Hours: -   
<13>Jan 11 00:31:01 USCHPOSDC01 AgentDevice=WindowsLog	AgentLogFile=Security	PluginVersion=1.0.14	Source=Security	Computer=USCHPOSDC01	User=SVC-ADIMPORT	Domain=POS	EventID=626	EventIDCcorpoe=626	EventType=8	EventCategory=7	RecordNumber=2543629915	TimeGenerated=1389418258	TimeWritten=1389418258	Message=User Account Enabled:   Target Account Name: 656053   Target Domain: POS   Target Account ID: POS\656053   Caller User Name: SVC-ADIMPORT   Caller Domain: POS   Caller Logon ID: (0x0,0x44A94E56)   
<13>Jan 11 00:31:01 USCHPOSDC01 AgentDevice=WindowsLog	AgentLogFile=Security	PluginVersion=1.0.14	Source=Security	Computer=USCHPOSDC01	User=SVC-ADIMPORT	Domain=POS	EventID=642	EventIDCcorpoe=642	EventType=8	EventCategory=7	RecordNumber=2543629914	TimeGenerated=1389418258	TimeWritten=1389418258	Message=User Account Changed:   Target Account Name: 656053   Target Domain: POS   Target Account ID: POS\656053   Caller User Name: SVC-ADIMPORT   Caller Domain: POS   Caller Logon ID: (0x0,0x44A94E56)   Privileges: -  Changed Attributes:   Sam Account Name: -   Display Name: -   User Principal Name: -   Home Directory: -   Home Drive: -   Script Path: -   Profile Path: -   User Workstations: -   Password Last Set: -   Account Expires: -   Primary Group ID: -   AllowedTcorpoelegateTo: -   Old UAC Value: 0x15   New UAC Value: 0x10   User Account Control:    Account Enabled    'Password Not Required' - Disabled    User Parameters: -   Sid History: -   Logon Hours: -   
<13>Jan 11 00:31:01 USCHPOSDC01 AgentDevice=WindowsLog	AgentLogFile=Security	PluginVersion=1.0.14	Source=Security	Computer=USCHPOSDC01	User=SVC-ADIMPORT	Domain=POS	EventID=642	EventIDCcorpoe=642	EventType=8	EventCategory=7	RecordNumber=2543629908	TimeGenerated=1389418257	TimeWritten=1389418257	Message=User Account Changed:   Target Account Name: 656053   Target Domain: POS   Target Account ID: POS\656053   Caller User Name: SVC-ADIMPORT   Caller Domain: POS   Caller Logon ID: (0x0,0x44AA2379)   Privileges: -  Changed Attributes:   Sam Account Name: -   Display Name: -   User Principal Name: -   Home Directory: -   Home Drive: -   Script Path: -   Profile Path: -   User Workstations: -   Password Last Set: 1/11/2014 12:30:57 AM   Account Expires: -   Primary Group ID: -   AllowedTcorpoelegateTo: -   Old UAC Value: -   New UAC Value: -   User Account Control: -   User Parameters: -   Sid History: -   Logon Hours: -   
<13>Jan 11 00:31:01 USCHPOSDC01 AgentDevice=WindowsLog	AgentLogFile=Security	PluginVersion=1.0.14	Source=Security	Computer=USCHPOSDC01	User=SVC-ADIMPORT	Domain=POS	EventID=642	EventIDCcorpoe=642	EventType=8	EventCategory=7	RecordNumber=2543629894	TimeGenerated=1389418257	TimeWritten=1389418257	Message=User Account Changed:   Target Account Name: 656051   Target Domain: POS   Target Account ID: POS\656051   Caller User Name: SVC-ADIMPORT   Caller Domain: POS   Caller Logon ID: (0x0,0x44A94E56)   Privileges: -  Changed Attributes:   Sam Account Name: -   Display Name: CHRISTOPHER GARDINER   User Principal Name: -   Home Directory: -   Home Drive: -   Script Path: -   Profile Path: -   User Workstations: -   Password Last Set: -   Account Expires: -   Primary Group ID: -   AllowedTcorpoelegateTo: -   Old UAC Value: -   New UAC Value: -   User Account Control: -   User Parameters: -   Sid History: -   Logon Hours: -   
<13>Jan 11 00:30:59 USCHPOSDC01 AgentDevice=WindowsLog	AgentLogFile=Security	PluginVersion=1.0.14	Source=Security	Computer=USCHPOSDC01	User=SVC-ADIMPORT	Domain=POS	EventID=626	EventIDCcorpoe=626	EventType=8	EventCategory=7	RecordNumber=2543629891	TimeGenerated=1389418257	TimeWritten=1389418257	Message=User Account Enabled:   Target Account Name: 656051   Target Domain: POS   Target Account ID: POS\656051   Caller User Name: SVC-ADIMPORT   Caller Domain: POS   Caller Logon ID: (0x0,0x44A94E56)   
<13>Jan 11 00:30:59 USCHPOSDC01 AgentDevice=WindowsLog	AgentLogFile=Security	PluginVersion=1.0.14	Source=Security	Computer=USCHPOSDC01	User=SVC-ADIMPORT	Domain=POS	EventID=642	EventIDCcorpoe=642	EventType=8	EventCategory=7	RecordNumber=2543629890	TimeGenerated=1389418257	TimeWritten=1389418257	Message=User Account Changed:   Target Account Name: 656051   Target Domain: POS   Target Account ID: POS\656051   Caller User Name: SVC-ADIMPORT   Caller Domain: POS   Caller Logon ID: (0x0,0x44A94E56)   Privileges: -  Changed Attributes:   Sam Account Name: -   Display Name: -   User Principal Name: -   Home Directory: -   Home Drive: -   Script Path: -   Profile Path: -   User Workstations: -   Password Last Set: -   Account Expires: -   Primary Group ID: -   AllowedTcorpoelegateTo: -   Old UAC Value: 0x15   New UAC Value: 0x10   User Account Control:    Account Enabled    'Password Not Required' - Disabled    User Parameters: -   Sid History: -   Logon Hours: -   
<13>Jan 11 00:30:59 USCHPOSDC01 AgentDevice=WindowsLog	AgentLogFile=Security	PluginVersion=1.0.14	Source=Security	Computer=USCHPOSDC01	User=SVC-ADIMPORT	Domain=POS	EventID=642	EventIDCcorpoe=642	EventType=8	EventCategory=7	RecordNumber=2543629881	TimeGenerated=1389418256	TimeWritten=1389418256	Message=User Account Changed:   Target Account Name: 656051   Target Domain: POS   Target Account ID: POS\656051   Caller User Name: SVC-ADIMPORT   Caller Domain: POS   Caller Logon ID: (0x0,0x44AA1EBF)   Privileges: -  Changed Attributes:   Sam Account Name: -   Display Name: -   User Principal Name: -   Home Directory: -   Home Drive: -   Script Path: -   Profile Path: -   User Workstations: -   Password Last Set: 1/11/2014 12:30:56 AM   Account Expires: -   Primary Group ID: -   AllowedTcorpoelegateTo: -   Old UAC Value: -   New UAC Value: -   User Account Control: -   User Parameters: -   Sid History: -   Logon Hours: -   
<13>Jan 11 00:30:59 USCHPOSDC01 AgentDevice=WindowsLog	AgentLogFile=Security	PluginVersion=1.0.14	Source=Security	Computer=USCHPOSDC01	User=SVC-ADIMPORT	Domain=POS	EventID=642	EventIDCcorpoe=642	EventType=8	EventCategory=7	RecordNumber=2543629867	TimeGenerated=1389418256	TimeWritten=1389418256	Message=User Account Changed:   Target Account Name: 656050   Target Domain: POS   Target Account ID: POS\656050   Caller User Name: SVC-ADIMPORT   Caller Domain: POS   Caller Logon ID: (0x0,0x44A94E56)   Privileges: -  Changed Attributes:   Sam Account Name: -   Display Name: JOHN MUDLO   User Principal Name: -   Home Directory: -   Home Drive: -   Script Path: -   Profile Path: -   User Workstations: -   Password Last Set: -   Account Expires: -   Primary Group ID: -   AllowedTcorpoelegateTo: -   Old UAC Value: -   New UAC Value: -   User Account Control: -   User Parameters: -   Sid History: -   Logon Hours: -   
<13>Jan 11 00:30:59 USCHPOSDC01 AgentDevice=WindowsLog	AgentLogFile=Security	PluginVersion=1.0.14	Source=Security	Computer=USCHPOSDC01	User=SVC-ADIMPORT	Domain=POS	EventID=626	EventIDCcorpoe=626	EventType=8	EventCategory=7	RecordNumber=2543629864	TimeGenerated=1389418256	TimeWritten=1389418256	Message=User Account Enabled:   Target Account Name: 656050   Target Domain: POS   Target Account ID: POS\656050   Caller User Name: SVC-ADIMPORT   Caller Domain: POS   Caller Logon ID: (0x0,0x44A94E56)   
<13>Jan 11 00:30:59 USCHPOSDC01 AgentDevice=WindowsLog	AgentLogFile=Security	PluginVersion=1.0.14	Source=Security	Computer=USCHPOSDC01	User=SVC-ADIMPORT	Domain=POS	EventID=642	EventIDCcorpoe=642	EventType=8	EventCategory=7	RecordNumber=2543629863	TimeGenerated=1389418256	TimeWritten=1389418256	Message=User Account Changed:   Target Account Name: 656050   Target Domain: POS   Target Account ID: POS\656050   Caller User Name: SVC-ADIMPORT   Caller Domain: POS   Caller Logon ID: (0x0,0x44A94E56)   Privileges: -  Changed Attributes:   Sam Account Name: -   Display Name: -   User Principal Name: -   Home Directory: -   Home Drive: -   Script Path: -   Profile Path: -   User Workstations: -   Password Last Set: -   Account Expires: -   Primary Group ID: -   AllowedTcorpoelegateTo: -   Old UAC Value: 0x15   New UAC Value: 0x10   User Account Control:    Account Enabled    'Password Not Required' - Disabled    User Parameters: -   Sid History: -   Logon Hours: -   
<13>Jan 11 00:30:59 USCHPOSDC01 AgentDevice=WindowsLog	AgentLogFile=Security	PluginVersion=1.0.14	Source=Security	Computer=USCHPOSDC01	User=SVC-ADIMPORT	Domain=POS	EventID=642	EventIDCcorpoe=642	EventType=8	EventCategory=7	RecordNumber=2543629856	TimeGenerated=1389418255	TimeWritten=1389418255	Message=User Account Changed:   Target Account Name: 656050   Target Domain: POS   Target Account ID: POS\656050   Caller User Name: SVC-ADIMPORT   Caller Domain: POS   Caller Logon ID: (0x0,0x44AA1554)   Privileges: -  Changed Attributes:   Sam Account Name: -   Display Name: -   User Principal Name: -   Home Directory: -   Home Drive: -   Script Path: -   Profile Path: -   User Workstations: -   Password Last Set: 1/11/2014 12:30:55 AM   Account Expires: -   Primary Group ID: -   AllowedTcorpoelegateTo: -   Old UAC Value: -   New UAC Value: -   User Account Control: -   User Parameters: -   Sid History: -   Logon Hours: -   
<13>Jan 11 00:30:57 USCHPOSDC01 AgentDevice=WindowsLog	AgentLogFile=Security	PluginVersion=1.0.14	Source=Security	Computer=USCHPOSDC01	User=SVC-ADIMPORT	Domain=POS	EventID=642	EventIDCcorpoe=642	EventType=8	EventCategory=7	RecordNumber=2543629842	TimeGenerated=1389418255	TimeWritten=1389418255	Message=User Account Changed:   Target Account Name: 656049   Target Domain: POS   Target Account ID: POS\656049   Caller User Name: SVC-ADIMPORT   Caller Domain: POS   Caller Logon ID: (0x0,0x44A94E56)   Privileges: -  Changed Attributes:   Sam Account Name: -   Display Name: LYANNE COOK   User Principal Name: -   Home Directory: -   Home Drive: -   Script Path: -   Profile Path: -   User Workstations: -   Password Last Set: -   Account Expires: -   Primary Group ID: -   AllowedTcorpoelegateTo: -   Old UAC Value: -   New UAC Value: -   User Account Control: -   User Parameters: -   Sid History: -   Logon Hours: -   
<13>Jan 11 00:30:57 USCHPOSDC01 AgentDevice=WindowsLog	AgentLogFile=Security	PluginVersion=1.0.14	Source=Security	Computer=USCHPOSDC01	User=SVC-ADIMPORT	Domain=POS	EventID=626	EventIDCcorpoe=626	EventType=8	EventCategory=7	RecordNumber=2543629839	TimeGenerated=1389418254	TimeWritten=1389418254	Message=User Account Enabled:   Target Account Name: 656049   Target Domain: POS   Target Account ID: POS\656049   Caller User Name: SVC-ADIMPORT   Caller Domain: POS   Caller Logon ID: (0x0,0x44A94E56)   
<13>Jan 11 00:30:57 USCHPOSDC01 AgentDevice=WindowsLog	AgentLogFile=Security	PluginVersion=1.0.14	Source=Security	Computer=USCHPOSDC01	User=SVC-ADIMPORT	Domain=POS	EventID=642	EventIDCcorpoe=642	EventType=8	EventCategory=7	RecordNumber=2543629838	TimeGenerated=1389418254	TimeWritten=1389418254	Message=User Account Changed:   Target Account Name: 656049   Target Domain: POS   Target Account ID: POS\656049   Caller User Name: SVC-ADIMPORT   Caller Domain: POS   Caller Logon ID: (0x0,0x44A94E56)   Privileges: -  Changed Attributes:   Sam Account Name: -   Display Name: -   User Principal Name: -   Home Directory: -   Home Drive: -   Script Path: -   Profile Path: -   User Workstations: -   Password Last Set: -   Account Expires: -   Primary Group ID: -   AllowedTcorpoelegateTo: -   Old UAC Value: 0x15   New UAC Value: 0x10   User Account Control:    Account Enabled    'Password Not Required' - Disabled    User Parameters: -   Sid History: -   Logon Hours: -   
<13>Jan 11 00:30:57 USCHPOSDC01 AgentDevice=WindowsLog	AgentLogFile=Security	PluginVersion=1.0.14	Source=Security	Computer=USCHPOSDC01	User=SVC-ADIMPORT	Domain=POS	EventID=642	EventIDCcorpoe=642	EventType=8	EventCategory=7	RecordNumber=2543629826	TimeGenerated=1389418254	TimeWritten=1389418254	Message=User Account Changed:   Target Account Name: 656049   Target Domain: POS   Target Account ID: POS\656049   Caller User Name: SVC-ADIMPORT   Caller Domain: POS   Caller Logon ID: (0x0,0x44AA13DE)   Privileges: -  Changed Attributes:   Sam Account Name: -   Display Name: -   User Principal Name: -   Home Directory: -   Home Drive: -   Script Path: -   Profile Path: -   User Workstations: -   Password Last Set: 1/11/2014 12:30:54 AM   Account Expires: -   Primary Group ID: -   AllowedTcorpoelegateTo: -   Old UAC Value: -   New UAC Value: -   User Account Control: -   User Parameters: -   Sid History: -   Logon Hours: -   
<13>Jan 11 00:30:57 USCHPOSDC01 AgentDevice=WindowsLog	AgentLogFile=Security	PluginVersion=1.0.14	Source=Security	Computer=USCHPOSDC01	User=SVC-ADIMPORT	Domain=POS	EventID=642	EventIDCcorpoe=642	EventType=8	EventCategory=7	RecordNumber=2543629814	TimeGenerated=1389418254	TimeWritten=1389418254	Message=User Account Changed:   Target Account Name: 656048   Target Domain: POS   Target Account ID: POS\656048   Caller User Name: SVC-ADIMPORT   Caller Domain: POS   Caller Logon ID: (0x0,0x44A94E56)   Privileges: -  Changed Attributes:   Sam Account Name: -   Display Name: TONY NGUYEN   User Principal Name: -   Home Directory: -   Home Drive: -   Script Path: -   Profile Path: -   User Workstations: -   Password Last Set: -   Account Expires: -   Primary Group ID: -   AllowedTcorpoelegateTo: -   Old UAC Value: -   New UAC Value: -   User Account Control: -   User Parameters: -   Sid History: -   Logon Hours: -   
<13>Jan 11 00:30:57 USCHPOSDC01 AgentDevice=WindowsLog	AgentLogFile=Security	PluginVersion=1.0.14	Source=Security	Computer=USCHPOSDC01	User=SVC-ADIMPORT	Domain=POS	EventID=626	EventIDCcorpoe=626	EventType=8	EventCategory=7	RecordNumber=2543629811	TimeGenerated=1389418254	TimeWritten=1389418254	Message=User Account Enabled:   Target Account Name: 656048   Target Domain: POS   Target Account ID: POS\656048   Caller User Name: SVC-ADIMPORT   Caller Domain: POS   Caller Logon ID: (0x0,0x44A94E56)   
<13>Jan 11 00:30:57 USCHPOSDC01 AgentDevice=WindowsLog	AgentLogFile=Security	PluginVersion=1.0.14	Source=Security	Computer=USCHPOSDC01	User=SVC-ADIMPORT	Domain=POS	EventID=642	EventIDCcorpoe=642	EventType=8	EventCategory=7	RecordNumber=2543629810	TimeGenerated=1389418254	TimeWritten=1389418254	Message=User Account Changed:   Target Account Name: 656048   Target Domain: POS   Target Account ID: POS\656048   Caller User Name: SVC-ADIMPORT   Caller Domain: POS   Caller Logon ID: (0x0,0x44A94E56)   Privileges: -  Changed Attributes:   Sam Account Name: -   Display Name: -   User Principal Name: -   Home Directory: -   Home Drive: -   Script Path: -   Profile Path: -   User Workstations: -   Password Last Set: -   Account Expires: -   Primary Group ID: -   AllowedTcorpoelegateTo: -   Old UAC Value: 0x15   New UAC Value: 0x10   User Account Control:    Account Enabled    'Password Not Required' - Disabled    User Parameters: -   Sid History: -   Logon Hours: -   
<13>Jan 11 00:30:57 USCHPOSDC01 AgentDevice=WindowsLog	AgentLogFile=Security	PluginVersion=1.0.14	Source=Security	Computer=USCHPOSDC01	User=SVC-ADIMPORT	Domain=POS	EventID=642	EventIDCcorpoe=642	EventType=8	EventCategory=7	RecordNumber=2543629804	TimeGenerated=1389418253	TimeWritten=1389418253	Message=User Account Changed:   Target Account Name: 656048   Target Domain: POS   Target Account ID: POS\656048   Caller User Name: SVC-ADIMPORT   Caller Domain: POS   Caller Logon ID: (0x0,0x44AA1302)   Privileges: -  Changed Attributes:   Sam Account Name: -   Display Name: -   User Principal Name: -   Home Directory: -   Home Drive: -   Script Path: -   Profile Path: -   User Workstations: -   Password Last Set: 1/11/2014 12:30:53 AM   Account Expires: -   Primary Group ID: -   AllowedTcorpoelegateTo: -   Old UAC Value: -   New UAC Value: -   User Account Control: -   User Parameters: -   Sid History: -   Logon Hours: -   
<13>Jan 11 00:30:57 USCHPOSDC01 AgentDevice=WindowsLog	AgentLogFile=Security	PluginVersion=1.0.14	Source=Security	Computer=USCHPOSDC01	User=SVC-ADIMPORT	Domain=POS	EventID=642	EventIDCcorpoe=642	EventType=8	EventCategory=7	RecordNumber=2543629792	TimeGenerated=1389418253	TimeWritten=1389418253	Message=User Account Changed:   Target Account Name: 656047   Target Domain: POS   Target Account ID: POS\656047   Caller User Name: SVC-ADIMPORT   Caller Domain: POS   Caller Logon ID: (0x0,0x44A94E56)   Privileges: -  Changed Attributes:   Sam Account Name: -   Display Name: BILLY BROWN   User Principal Name: -   Home Directory: -   Home Drive: -   Script Path: -   Profile Path: -   User Workstations: -   Password Last Set: -   Account Expires: -   Primary Group ID: -   AllowedTcorpoelegateTo: -   Old UAC Value: -   New UAC Value: -   User Account Control: -   User Parameters: -   Sid History: -   Logon Hours: -   
<13>Jan 11 00:30:57 USCHPOSDC01 AgentDevice=WindowsLog	AgentLogFile=Security	PluginVersion=1.0.14	Source=Security	Computer=USCHPOSDC01	User=SVC-ADIMPORT	Domain=POS	EventID=626	EventIDCcorpoe=626	EventType=8	EventCategory=7	RecordNumber=2543629789	TimeGenerated=1389418253	TimeWritten=1389418253	Message=User Account Enabled:   Target Account Name: 656047   Target Domain: POS   Target Account ID: POS\656047   Caller User Name: SVC-ADIMPORT   Caller Domain: POS   Caller Logon ID: (0x0,0x44A94E56)   
<13>Jan 11 00:30:57 USCHPOSDC01 AgentDevice=WindowsLog	AgentLogFile=Security	PluginVersion=1.0.14	Source=Security	Computer=USCHPOSDC01	User=SVC-ADIMPORT	Domain=POS	EventID=642	EventIDCcorpoe=642	EventType=8	EventCategory=7	RecordNumber=2543629788	TimeGenerated=1389418253	TimeWritten=1389418253	Message=User Account Changed:   Target Account Name: 656047   Target Domain: POS   Target Account ID: POS\656047   Caller User Name: SVC-ADIMPORT   Caller Domain: POS   Caller Logon ID: (0x0,0x44A94E56)   Privileges: -  Changed Attributes:   Sam Account Name: -   Display Name: -   User Principal Name: -   Home Directory: -   Home Drive: -   Script Path: -   Profile Path: -   User Workstations: -   Password Last Set: -   Account Expires: -   Primary Group ID: -   AllowedTcorpoelegateTo: -   Old UAC Value: 0x15   New UAC Value: 0x10   User Account Control:    Account Enabled    'Password Not Required' - Disabled    User Parameters: -   Sid History: -   Logon Hours: -   
<13>Jan 11 00:30:55 USCHPOSDC01 AgentDevice=WindowsLog	AgentLogFile=Security	PluginVersion=1.0.14	Source=Security	Computer=USCHPOSDC01	User=SVC-ADIMPORT	Domain=POS	EventID=642	EventIDCcorpoe=642	EventType=8	EventCategory=7	RecordNumber=2543629776	TimeGenerated=1389418252	TimeWritten=1389418252	Message=User Account Changed:   Target Account Name: 656047   Target Domain: POS   Target Account ID: POS\656047   Caller User Name: SVC-ADIMPORT   Caller Domain: POS   Caller Logon ID: (0x0,0x44AA10AD)   Privileges: -  Changed Attributes:   Sam Account Name: -   Display Name: -   User Principal Name: -   Home Directory: -   Home Drive: -   Script Path: -   Profile Path: -   User Workstations: -   Password Last Set: 1/11/2014 12:30:52 AM   Account Expires: -   Primary Group ID: -   AllowedTcorpoelegateTo: -   Old UAC Value: -   New UAC Value: -   User Account Control: -   User Parameters: -   Sid History: -   Logon Hours: -   
<13>Jan 11 00:30:55 USCHPOSDC01 AgentDevice=WindowsLog	AgentLogFile=Security	PluginVersion=1.0.14	Source=Security	Computer=USCHPOSDC01	User=SVC-ADIMPORT	Domain=POS	EventID=642	EventIDCcorpoe=642	EventType=8	EventCategory=7	RecordNumber=2543629766	TimeGenerated=1389418252	TimeWritten=1389418252	Message=User Account Changed:   Target Account Name: 656046   Target Domain: POS   Target Account ID: POS\656046   Caller User Name: SVC-ADIMPORT   Caller Domain: POS   Caller Logon ID: (0x0,0x44A94E56)   Privileges: -  Changed Attributes:   Sam Account Name: -   Display Name: BRANDON MORRIS   User Principal Name: -   Home Directory: -   Home Drive: -   Script Path: -   Profile Path: -   User Workstations: -   Password Last Set: -   Account Expires: -   Primary Group ID: -   AllowedTcorpoelegateTo: -   Old UAC Value: -   New UAC Value: -   User Account Control: -   User Parameters: -   Sid History: -   Logon Hours: -   
<13>Jan 11 00:30:55 USCHPOSDC01 AgentDevice=WindowsLog	AgentLogFile=Security	PluginVersion=1.0.14	Source=Security	Computer=USCHPOSDC01	User=SVC-ADIMPORT	Domain=POS	EventID=642	EventIDCcorpoe=642	EventType=8	EventCategory=7	RecordNumber=2543629762	TimeGenerated=1389418252	TimeWritten=1389418252	Message=User Account Changed:   Target Account Name: 656046   Target Domain: POS   Target Account ID: POS\656046   Caller User Name: SVC-ADIMPORT   Caller Domain: POS   Caller Logon ID: (0x0,0x44A94E56)   Privileges: -  Changed Attributes:   Sam Account Name: -   Display Name: -   User Principal Name: -   Home Directory: -   Home Drive: -   Script Path: -   Profile Path: -   User Workstations: -   Password Last Set: -   Account Expires: -   Primary Group ID: -   AllowedTcorpoelegateTo: -   Old UAC Value: 0x15   New UAC Value: 0x10   User Account Control:    Account Enabled    'Password Not Required' - Disabled    User Parameters: -   Sid History: -   Logon Hours: -   
<13>Jan 11 00:30:55 USCHPOSDC01 AgentDevice=WindowsLog	AgentLogFile=Security	PluginVersion=1.0.14	Source=Security	Computer=USCHPOSDC01	User=SVC-ADIMPORT	Domain=POS	EventID=626	EventIDCcorpoe=626	EventType=8	EventCategory=7	RecordNumber=2543629763	TimeGenerated=1389418252	TimeWritten=1389418252	Message=User Account Enabled:   Target Account Name: 656046   Target Domain: POS   Target Account ID: POS\656046   Caller User Name: SVC-ADIMPORT   Caller Domain: POS   Caller Logon ID: (0x0,0x44A94E56)   
<13>Jan 11 00:30:55 USCHPOSDC01 AgentDevice=WindowsLog	AgentLogFile=Security	PluginVersion=1.0.14	Source=Security	Computer=USCHPOSDC01	User=SVC-ADIMPORT	Domain=POS	EventID=642	EventIDCcorpoe=642	EventType=8	EventCategory=7	RecordNumber=2543629756	TimeGenerated=1389418252	TimeWritten=1389418252	Message=User Account Changed:   Target Account Name: 656046   Target Domain: POS   Target Account ID: POS\656046   Caller User Name: SVC-ADIMPORT   Caller Domain: POS   Caller Logon ID: (0x0,0x44AA0E76)   Privileges: -  Changed Attributes:   Sam Account Name: -   Display Name: -   User Principal Name: -   Home Directory: -   Home Drive: -   Script Path: -   Profile Path: -   User Workstations: -   Password Last Set: 1/11/2014 12:30:51 AM   Account Expires: -   Primary Group ID: -   AllowedTcorpoelegateTo: -   Old UAC Value: -   New UAC Value: -   User Account Control: -   User Parameters: -   Sid History: -   Logon Hours: -   
<13>Jan 11 00:30:55 USCHPOSDC01 AgentDevice=WindowsLog	AgentLogFile=Security	PluginVersion=1.0.14	Source=Security	Computer=USCHPOSDC01	User=SVC-ADIMPORT	Domain=POS	EventID=642	EventIDCcorpoe=642	EventType=8	EventCategory=7	RecordNumber=2543629742	TimeGenerated=1389418251	TimeWritten=1389418251	Message=User Account Changed:   Target Account Name: 656044   Target Domain: POS   Target Account ID: POS\656044   Caller User Name: SVC-ADIMPORT   Caller Domain: POS   Caller Logon ID: (0x0,0x44A94E56)   Privileges: -  Changed Attributes:   Sam Account Name: -   Display Name: TREVOR BROWN   User Principal Name: -   Home Directory: -   Home Drive: -   Script Path: -   Profile Path: -   User Workstations: -   Password Last Set: -   Account Expires: -   Primary Group ID: -   AllowedTcorpoelegateTo: -   Old UAC Value: -   New UAC Value: -   User Account Control: -   User Parameters: -   Sid History: -   Logon Hours: -   
<13>Jan 11 00:30:55 USCHPOSDC01 AgentDevice=WindowsLog	AgentLogFile=Security	PluginVersion=1.0.14	Source=Security	Computer=USCHPOSDC01	User=SVC-ADIMPORT	Domain=POS	EventID=642	EventIDCcorpoe=642	EventType=8	EventCategory=7	RecordNumber=2543629737	TimeGenerated=1389418251	TimeWritten=1389418251	Message=User Account Changed:   Target Account Name: 656044   Target Domain: POS   Target Account ID: POS\656044   Caller User Name: SVC-ADIMPORT   Caller Domain: POS   Caller Logon ID: (0x0,0x44A94E56)   Privileges: -  Changed Attributes:   Sam Account Name: -   Display Name: -   User Principal Name: -   Home Directory: -   Home Drive: -   Script Path: -   Profile Path: -   User Workstations: -   Password Last Set: -   Account Expires: -   Primary Group ID: -   AllowedTcorpoelegateTo: -   Old UAC Value: 0x15   New UAC Value: 0x10   User Account Control:    Account Enabled    'Password Not Required' - Disabled    User Parameters: -   Sid History: -   Logon Hours: -   
<13>Jan 11 00:30:55 USCHPOSDC01 AgentDevice=WindowsLog	AgentLogFile=Security	PluginVersion=1.0.14	Source=Security	Computer=USCHPOSDC01	User=SVC-ADIMPORT	Domain=POS	EventID=626	EventIDCcorpoe=626	EventType=8	EventCategory=7	RecordNumber=2543629738	TimeGenerated=1389418251	TimeWritten=1389418251	Message=User Account Enabled:   Target Account Name: 656044   Target Domain: POS   Target Account ID: POS\656044   Caller User Name: SVC-ADIMPORT   Caller Domain: POS   Caller Logon ID: (0x0,0x44A94E56)   
<13>Jan 11 00:30:55 USCHPOSDC01 AgentDevice=WindowsLog	AgentLogFile=Security	PluginVersion=1.0.14	Source=Security	Computer=USCHPOSDC01	User=SVC-ADIMPORT	Domain=POS	EventID=642	EventIDCcorpoe=642	EventType=8	EventCategory=7	RecordNumber=2543629731	TimeGenerated=1389418250	TimeWritten=1389418250	Message=User Account Changed:   Target Account Name: 656044   Target Domain: POS   Target Account ID: POS\656044   Caller User Name: SVC-ADIMPORT   Caller Domain: POS   Caller Logon ID: (0x0,0x44AA0291)   Privileges: -  Changed Attributes:   Sam Account Name: -   Display Name: -   User Principal Name: -   Home Directory: -   Home Drive: -   Script Path: -   Profile Path: -   User Workstations: -   Password Last Set: 1/11/2014 12:30:50 AM   Account Expires: -   Primary Group ID: -   AllowedTcorpoelegateTo: -   Old UAC Value: -   New UAC Value: -   User Account Control: -   User Parameters: -   Sid History: -   Logon Hours: -   
<13>Jan 11 00:30:53 USCHPOSDC01 AgentDevice=WindowsLog	AgentLogFile=Security	PluginVersion=1.0.14	Source=Security	Computer=USCHPOSDC01	User=SVC-ADIMPORT	Domain=POS	EventID=642	EventIDCcorpoe=642	EventType=8	EventCategory=7	RecordNumber=2543629717	TimeGenerated=1389418250	TimeWritten=1389418250	Message=User Account Changed:   Target Account Name: 656043   Target Domain: POS   Target Account ID: POS\656043   Caller User Name: SVC-ADIMPORT   Caller Domain: POS   Caller Logon ID: (0x0,0x44A94E56)   Privileges: -  Changed Attributes:   Sam Account Name: -   Display Name: KEVIN BRADY   User Principal Name: -   Home Directory: -   Home Drive: -   Script Path: -   Profile Path: -   User Workstations: -   Password Last Set: -   Account Expires: -   Primary Group ID: -   AllowedTcorpoelegateTo: -   Old UAC Value: -   New UAC Value: -   User Account Control: -   User Parameters: -   Sid History: -   Logon Hours: -   
<13>Jan 11 00:30:53 USCHPOSDC01 AgentDevice=WindowsLog	AgentLogFile=Security	PluginVersion=1.0.14	Source=Security	Computer=USCHPOSDC01	User=SVC-ADIMPORT	Domain=POS	EventID=626	EventIDCcorpoe=626	EventType=8	EventCategory=7	RecordNumber=2543629714	TimeGenerated=1389418250	TimeWritten=1389418250	Message=User Account Enabled:   Target Account Name: 656043   Target Domain: POS   Target Account ID: POS\656043   Caller User Name: SVC-ADIMPORT   Caller Domain: POS   Caller Logon ID: (0x0,0x44A94E56)   
<13>Jan 11 00:30:53 USCHPOSDC01 AgentDevice=WindowsLog	AgentLogFile=Security	PluginVersion=1.0.14	Source=Security	Computer=USCHPOSDC01	User=SVC-ADIMPORT	Domain=POS	EventID=642	EventIDCcorpoe=642	EventType=8	EventCategory=7	RecordNumber=2543629713	TimeGenerated=1389418250	TimeWritten=1389418250	Message=User Account Changed:   Target Account Name: 656043   Target Domain: POS   Target Account ID: POS\656043   Caller User Name: SVC-ADIMPORT   Caller Domain: POS   Caller Logon ID: (0x0,0x44A94E56)   Privileges: -  Changed Attributes:   Sam Account Name: -   Display Name: -   User Principal Name: -   Home Directory: -   Home Drive: -   Script Path: -   Profile Path: -   User Workstations: -   Password Last Set: -   Account Expires: -   Primary Group ID: -   AllowedTcorpoelegateTo: -   Old UAC Value: 0x15   New UAC Value: 0x10   User Account Control:    Account Enabled    'Password Not Required' - Disabled    User Parameters: -   Sid History: -   Logon Hours: -   
<13>Jan 11 00:30:53 USCHPOSDC01 AgentDevice=WindowsLog	AgentLogFile=Security	PluginVersion=1.0.14	Source=Security	Computer=USCHPOSDC01	User=SVC-ADIMPORT	Domain=POS	EventID=642	EventIDCcorpoe=642	EventType=8	EventCategory=7	RecordNumber=2543629707	TimeGenerated=1389418250	TimeWritten=1389418250	Message=User Account Changed:   Target Account Name: 656043   Target Domain: POS   Target Account ID: POS\656043   Caller User Name: SVC-ADIMPORT   Caller Domain: POS   Caller Logon ID: (0x0,0x44AA0161)   Privileges: -  Changed Attributes:   Sam Account Name: -   Display Name: -   User Principal Name: -   Home Directory: -   Home Drive: -   Script Path: -   Profile Path: -   User Workstations: -   Password Last Set: 1/11/2014 12:30:49 AM   Account Expires: -   Primary Group ID: -   AllowedTcorpoelegateTo: -   Old UAC Value: -   New UAC Value: -   User Account Control: -   User Parameters: -   Sid History: -   Logon Hours: -   
<13>Jan 11 00:30:53 USCHPOSDC01 AgentDevice=WindowsLog	AgentLogFile=Security	PluginVersion=1.0.14	Source=Security	Computer=USCHPOSDC01	User=SVC-ADIMPORT	Domain=POS	EventID=642	EventIDCcorpoe=642	EventType=8	EventCategory=7	RecordNumber=2543629691	TimeGenerated=1389418249	TimeWritten=1389418249	Message=User Account Changed:   Target Account Name: 656042   Target Domain: POS   Target Account ID: POS\656042   Caller User Name: SVC-ADIMPORT   Caller Domain: POS   Caller Logon ID: (0x0,0x44A94E56)   Privileges: -  Changed Attributes:   Sam Account Name: -   Display Name: DAVID DEGROOT   User Principal Name: -   Home Directory: -   Home Drive: -   Script Path: -   Profile Path: -   User Workstations: -   Password Last Set: -   Account Expires: -   Primary Group ID: -   AllowedTcorpoelegateTo: -   Old UAC Value: -   New UAC Value: -   User Account Control: -   User Parameters: -   Sid History: -   Logon Hours: -   
<13>Jan 11 00:30:53 USCHPOSDC01 AgentDevice=WindowsLog	AgentLogFile=Security	PluginVersion=1.0.14	Source=Security	Computer=USCHPOSDC01	User=SVC-ADIMPORT	Domain=POS	EventID=626	EventIDCcorpoe=626	EventType=8	EventCategory=7	RecordNumber=2543629688	TimeGenerated=1389418249	TimeWritten=1389418249	Message=User Account Enabled:   Target Account Name: 656042   Target Domain: POS   Target Account ID: POS\656042   Caller User Name: SVC-ADIMPORT   Caller Domain: POS   Caller Logon ID: (0x0,0x44A94E56)   
<13>Jan 11 00:30:53 USCHPOSDC01 AgentDevice=WindowsLog	AgentLogFile=Security	PluginVersion=1.0.14	Source=Security	Computer=USCHPOSDC01	User=SVC-ADIMPORT	Domain=POS	EventID=642	EventIDCcorpoe=642	EventType=8	EventCategory=7	RecordNumber=2543629687	TimeGenerated=1389418249	TimeWritten=1389418249	Message=User Account Changed:   Target Account Name: 656042   Target Domain: POS   Target Account ID: POS\656042   Caller User Name: SVC-ADIMPORT   Caller Domain: POS   Caller Logon ID: (0x0,0x44A94E56)   Privileges: -  Changed Attributes:   Sam Account Name: -   Display Name: -   User Principal Name: -   Home Directory: -   Home Drive: -   Script Path: -   Profile Path: -   User Workstations: -   Password Last Set: -   Account Expires: -   Primary Group ID: -   AllowedTcorpoelegateTo: -   Old UAC Value: 0x15   New UAC Value: 0x10   User Account Control:    Account Enabled    'Password Not Required' - Disabled    User Parameters: -   Sid History: -   Logon Hours: -   
<13>Jan 11 00:30:53 USCHPOSDC01 AgentDevice=WindowsLog	AgentLogFile=Security	PluginVersion=1.0.14	Source=Security	Computer=USCHPOSDC01	User=SVC-ADIMPORT	Domain=POS	EventID=642	EventIDCcorpoe=642	EventType=8	EventCategory=7	RecordNumber=2543629681	TimeGenerated=1389418249	TimeWritten=1389418249	Message=User Account Changed:   Target Account Name: 656042   Target Domain: POS   Target Account ID: POS\656042   Caller User Name: SVC-ADIMPORT   Caller Domain: POS   Caller Logon ID: (0x0,0x44A9FF6D)   Privileges: -  Changed Attributes:   Sam Account Name: -   Display Name: -   User Principal Name: -   Home Directory: -   Home Drive: -   Script Path: -   Profile Path: -   User Workstations: -   Password Last Set: 1/11/2014 12:30:48 AM   Account Expires: -   Primary Group ID: -   AllowedTcorpoelegateTo: -   Old UAC Value: -   New UAC Value: -   User Account Control: -   User Parameters: -   Sid History: -   Logon Hours: -   
<13>Jan 11 00:30:51 USCHPOSDC01 AgentDevice=WindowsLog	AgentLogFile=Security	PluginVersion=1.0.14	Source=Security	Computer=USCHPOSDC01	User=SVC-ADIMPORT	Domain=POS	EventID=642	EventIDCcorpoe=642	EventType=8	EventCategory=7	RecordNumber=2543629669	TimeGenerated=1389418248	TimeWritten=1389418248	Message=User Account Changed:   Target Account Name: 656040   Target Domain: POS   Target Account ID: POS\656040   Caller User Name: SVC-ADIMPORT   Caller Domain: POS   Caller Logon ID: (0x0,0x44A94E56)   Privileges: -  Changed Attributes:   Sam Account Name: -   Display Name: CLINTON POTEET   User Principal Name: -   Home Directory: -   Home Drive: -   Script Path: -   Profile Path: -   User Workstations: -   Password Last Set: -   Account Expires: -   Primary Group ID: -   AllowedTcorpoelegateTo: -   Old UAC Value: -   New UAC Value: -   User Account Control: -   User Parameters: -   Sid History: -   Logon Hours: -   
<13>Jan 11 00:30:50 USCHPOSDC01 AgentDevice=WindowsLog	AgentLogFile=Security	PluginVersion=1.0.14	Source=Security	Computer=USCHPOSDC01	User=SVC-ADIMPORT	Domain=POS	EventID=626	EventIDCcorpoe=626	EventType=8	EventCategory=7	RecordNumber=2543629664	TimeGenerated=1389418248	TimeWritten=1389418248	Message=User Account Enabled:   Target Account Name: 656040   Target Domain: POS   Target Account ID: POS\656040   Caller User Name: SVC-ADIMPORT   Caller Domain: POS   Caller Logon ID: (0x0,0x44A94E56)   
<13>Jan 11 00:30:50 USCHPOSDC01 AgentDevice=WindowsLog	AgentLogFile=Security	PluginVersion=1.0.14	Source=Security	Computer=USCHPOSDC01	User=SVC-ADIMPORT	Domain=POS	EventID=642	EventIDCcorpoe=642	EventType=8	EventCategory=7	RecordNumber=2543629663	TimeGenerated=1389418248	TimeWritten=1389418248	Message=User Account Changed:   Target Account Name: 656040   Target Domain: POS   Target Account ID: POS\656040   Caller User Name: SVC-ADIMPORT   Caller Domain: POS   Caller Logon ID: (0x0,0x44A94E56)   Privileges: -  Changed Attributes:   Sam Account Name: -   Display Name: -   User Principal Name: -   Home Directory: -   Home Drive: -   Script Path: -   Profile Path: -   User Workstations: -   Password Last Set: -   Account Expires: -   Primary Group ID: -   AllowedTcorpoelegateTo: -   Old UAC Value: 0x15   New UAC Value: 0x10   User Account Control:    Account Enabled    'Password Not Required' - Disabled    User Parameters: -   Sid History: -   Logon Hours: -   
