<13>Jan 11 18:02:50 USCHRETDC01 AgentDevice=WindowsLog	AgentLogFile=Security	PluginVersion=1.0.14	Source=Security	Computer=USCHRETDC01	User=SYSTEM	Domain=NT AUTHORITY	EventID=644	EventIDCcorpoe=644	EventType=8	EventCategory=7	RecordNumber=2272415410	TimeGenerated=1389481367	TimeWritten=1389481367	Message=User Account Locked Out:   Target Account Name: Salesxp02687   Target Account ID: corpoRETAIL\Salesxp02687   Caller Machine Name: corpoS02687W06   Caller User Name: USCHRETDC01$   Caller Domain: corpoRETAIL   Caller Logon ID: (0x0,0x3E7)   
<13>Jan 11 17:48:29 USCHRETDC01 AgentDevice=WindowsLog	AgentLogFile=Security	PluginVersion=1.0.14	Source=Security	Computer=USCHRETDC01	User=SYSTEM	Domain=NT AUTHORITY	EventID=644	EventIDCcorpoe=644	EventType=8	EventCategory=7	RecordNumber=2272392143	TimeGenerated=1389480506	TimeWritten=1389480506	Message=User Account Locked Out:   Target Account Name: Salesxp02112   Target Account ID: corpoRETAIL\Salesxp02112   Caller Machine Name: corpoS02112W07   Caller User Name: USCHRETDC01$   Caller Domain: corpoRETAIL   Caller Logon ID: (0x0,0x3E7)   
<13>Jan 11 17:40:13 USCHRETDC01 AgentDevice=WindowsLog	AgentLogFile=Security	PluginVersion=1.0.14	Source=Security	Computer=USCHRETDC01	User=SYSTEM	Domain=NT AUTHORITY	EventID=644	EventIDCcorpoe=644	EventType=8	EventCategory=7	RecordNumber=2272378959	TimeGenerated=1389480011	TimeWritten=1389480011	Message=User Account Locked Out:   Target Account Name: Salesxp00570   Target Account ID: corpoRETAIL\Salesxp00570   Caller Machine Name: corpoS00570W09   Caller User Name: USCHRETDC01$   Caller Domain: corpoRETAIL   Caller Logon ID: (0x0,0x3E7)   
<13>Jan 11 17:39:42 USCHRETDC01 AgentDevice=WindowsLog	AgentLogFile=Security	PluginVersion=1.0.14	Source=Security	Computer=USCHRETDC01	User=SYSTEM	Domain=NT AUTHORITY	EventID=644	EventIDCcorpoe=644	EventType=8	EventCategory=7	RecordNumber=2272378058	TimeGenerated=1389479979	TimeWritten=1389479979	Message=User Account Locked Out:   Target Account Name: Salesxp02122   Target Account ID: corpoRETAIL\Salesxp02122   Caller Machine Name: corpoS02122W06   Caller User Name: USCHRETDC01$   Caller Domain: corpoRETAIL   Caller Logon ID: (0x0,0x3E7)   
<13>Jan 11 17:23:59 USCHRETDC01 AgentDevice=WindowsLog	AgentLogFile=Security	PluginVersion=1.0.14	Source=Security	Computer=USCHRETDC01	User=SYSTEM	Domain=NT AUTHORITY	EventID=644	EventIDCcorpoe=644	EventType=8	EventCategory=7	RecordNumber=2272350944	TimeGenerated=1389479035	TimeWritten=1389479035	Message=User Account Locked Out:   Target Account Name: Salesxp00671   Target Account ID: corpoRETAIL\Salesxp00671   Caller Machine Name: corpoS00671W06   Caller User Name: USCHRETDC01$   Caller Domain: corpoRETAIL   Caller Logon ID: (0x0,0x3E7)   
<13>Jan 11 17:00:30 USCHRETDC01 AgentDevice=WindowsLog	AgentLogFile=Security	PluginVersion=1.0.14	Source=Security	Computer=USCHRETDC01	User=SYSTEM	Domain=NT AUTHORITY	EventID=644	EventIDCcorpoe=644	EventType=8	EventCategory=7	RecordNumber=2272310264	TimeGenerated=1389477627	TimeWritten=1389477627	Message=User Account Locked Out:   Target Account Name: Salesxp02428   Target Account ID: corpoRETAIL\Salesxp02428   Caller Machine Name: corpoS02428W06   Caller User Name: USCHRETDC01$   Caller Domain: corpoRETAIL   Caller Logon ID: (0x0,0x3E7)   
<13>Jan 11 16:53:23 USCHRETDC01 AgentDevice=WindowsLog	AgentLogFile=Security	PluginVersion=1.0.14	Source=Security	Computer=USCHRETDC01	User=SYSTEM	Domain=NT AUTHORITY	EventID=644	EventIDCcorpoe=644	EventType=8	EventCategory=7	RecordNumber=2272298770	TimeGenerated=1389477201	TimeWritten=1389477201	Message=User Account Locked Out:   Target Account Name: Salesxp02361   Target Account ID: corpoRETAIL\Salesxp02361   Caller Machine Name: corpoS02361W07   Caller User Name: USCHRETDC01$   Caller Domain: corpoRETAIL   Caller Logon ID: (0x0,0x3E7)   
<13>Jan 11 16:42:30 USCHRETDC01 AgentDevice=WindowsLog	AgentLogFile=Security	PluginVersion=1.0.14	Source=Security	Computer=USCHRETDC01	User=SYSTEM	Domain=NT AUTHORITY	EventID=644	EventIDCcorpoe=644	EventType=8	EventCategory=7	RecordNumber=2272280908	TimeGenerated=1389476548	TimeWritten=1389476548	Message=User Account Locked Out:   Target Account Name: Salesxp02207   Target Account ID: corpoRETAIL\Salesxp02207   Caller Machine Name: corpoS02207W09   Caller User Name: USCHRETDC01$   Caller Domain: corpoRETAIL   Caller Logon ID: (0x0,0x3E7)   
<13>Jan 11 16:38:22 USCHRETDC01 AgentDevice=WindowsLog	AgentLogFile=Security	PluginVersion=1.0.14	Source=Security	Computer=USCHRETDC01	User=SYSTEM	Domain=NT AUTHORITY	EventID=644	EventIDCcorpoe=644	EventType=8	EventCategory=7	RecordNumber=2272273683	TimeGenerated=1389476298	TimeWritten=1389476298	Message=User Account Locked Out:   Target Account Name: Salesxp00881   Target Account ID: corpoRETAIL\Salesxp00881   Caller Machine Name: corpoS00881W12   Caller User Name: USCHRETDC01$   Caller Domain: corpoRETAIL   Caller Logon ID: (0x0,0x3E7)   
<13>Jan 11 16:34:20 USCHRETDC01 AgentDevice=WindowsLog	AgentLogFile=Security	PluginVersion=1.0.14	Source=Security	Computer=USCHRETDC01	User=SYSTEM	Domain=NT AUTHORITY	EventID=644	EventIDCcorpoe=644	EventType=8	EventCategory=7	RecordNumber=2272267548	TimeGenerated=1389476057	TimeWritten=1389476057	Message=User Account Locked Out:   Target Account Name: Salesxp00979   Target Account ID: corpoRETAIL\Salesxp00979   Caller Machine Name: corpoS00979W09   Caller User Name: USCHRETDC01$   Caller Domain: corpoRETAIL   Caller Logon ID: (0x0,0x3E7)   
<13>Jan 11 16:30:55 USCHRETDC01 AgentDevice=WindowsLog	AgentLogFile=Security	PluginVersion=1.0.14	Source=Security	Computer=USCHRETDC01	User=SYSTEM	Domain=NT AUTHORITY	EventID=644	EventIDCcorpoe=644	EventType=8	EventCategory=7	RecordNumber=2272261601	TimeGenerated=1389475852	TimeWritten=1389475852	Message=User Account Locked Out:   Target Account Name: Salesxp03279   Target Account ID: corpoRETAIL\Salesxp03279   Caller Machine Name: corpoS03279W09   Caller User Name: USCHRETDC01$   Caller Domain: corpoRETAIL   Caller Logon ID: (0x0,0x3E7)   
<13>Jan 11 16:26:16 USCHRETDC01 AgentDevice=WindowsLog	AgentLogFile=Security	PluginVersion=1.0.14	Source=Security	Computer=USCHRETDC01	User=SYSTEM	Domain=NT AUTHORITY	EventID=644	EventIDCcorpoe=644	EventType=8	EventCategory=7	RecordNumber=2272254130	TimeGenerated=1389475574	TimeWritten=1389475574	Message=User Account Locked Out:   Target Account Name: Salesxp02812   Target Account ID: corpoRETAIL\Salesxp02812   Caller Machine Name: corpoS02812W11   Caller User Name: USCHRETDC01$   Caller Domain: corpoRETAIL   Caller Logon ID: (0x0,0x3E7)   
<13>Jan 11 15:57:56 USCHRETDC01 AgentDevice=WindowsLog	AgentLogFile=Security	PluginVersion=1.0.14	Source=Security	Computer=USCHRETDC01	User=SYSTEM	Domain=NT AUTHORITY	EventID=644	EventIDCcorpoe=644	EventType=8	EventCategory=7	RecordNumber=2272207696	TimeGenerated=1389473872	TimeWritten=1389473872	Message=User Account Locked Out:   Target Account Name: Salesxp00620   Target Account ID: corpoRETAIL\Salesxp00620   Caller Machine Name: corpoS00620W09   Caller User Name: USCHRETDC01$   Caller Domain: corpoRETAIL   Caller Logon ID: (0x0,0x3E7)   
<13>Jan 11 15:55:54 USCHRETDC01 AgentDevice=WindowsLog	AgentLogFile=Security	PluginVersion=1.0.14	Source=Security	Computer=USCHRETDC01	User=SYSTEM	Domain=NT AUTHORITY	EventID=644	EventIDCcorpoe=644	EventType=8	EventCategory=7	RecordNumber=2272204235	TimeGenerated=1389473751	TimeWritten=1389473751	Message=User Account Locked Out:   Target Account Name: Salesxp00597   Target Account ID: corpoRETAIL\Salesxp00597   Caller Machine Name: corpoS00597W12   Caller User Name: USCHRETDC01$   Caller Domain: corpoRETAIL   Caller Logon ID: (0x0,0x3E7)   
<13>Jan 11 15:51:32 USCHRETDC01 AgentDevice=WindowsLog	AgentLogFile=Security	PluginVersion=1.0.14	Source=Security	Computer=USCHRETDC01	User=SYSTEM	Domain=NT AUTHORITY	EventID=644	EventIDCcorpoe=644	EventType=8	EventCategory=7	RecordNumber=2272197916	TimeGenerated=1389473489	TimeWritten=1389473489	Message=User Account Locked Out:   Target Account Name: Salesxp02299   Target Account ID: corpoRETAIL\Salesxp02299   Caller Machine Name: corpoS02299W07   Caller User Name: USCHRETDC01$   Caller Domain: corpoRETAIL   Caller Logon ID: (0x0,0x3E7)   
<13>Jan 11 15:41:42 USCHRETDC01 AgentDevice=WindowsLog	AgentLogFile=Security	PluginVersion=1.0.14	Source=Security	Computer=USCHRETDC01	User=SYSTEM	Domain=NT AUTHORITY	EventID=644	EventIDCcorpoe=644	EventType=8	EventCategory=7	RecordNumber=2272182991	TimeGenerated=1389472898	TimeWritten=1389472898	Message=User Account Locked Out:   Target Account Name: Salesxp00914   Target Account ID: corpoRETAIL\Salesxp00914   Caller Machine Name: corpoS00914W07   Caller User Name: USCHRETDC01$   Caller Domain: corpoRETAIL   Caller Logon ID: (0x0,0x3E7)   
<13>Jan 11 15:22:17 USCHRETDC01 AgentDevice=WindowsLog	AgentLogFile=Security	PluginVersion=1.0.14	Source=Security	Computer=USCHRETDC01	User=SYSTEM	Domain=NT AUTHORITY	EventID=644	EventIDCcorpoe=644	EventType=8	EventCategory=7	RecordNumber=2272152007	TimeGenerated=1389471733	TimeWritten=1389471733	Message=User Account Locked Out:   Target Account Name: Salesxp00098   Target Account ID: corpoRETAIL\Salesxp00098   Caller Machine Name: corpoS00098W09   Caller User Name: USCHRETDC01$   Caller Domain: corpoRETAIL   Caller Logon ID: (0x0,0x3E7)   
<13>Jan 11 15:01:44 USCHRETDC01 AgentDevice=WindowsLog	AgentLogFile=Security	PluginVersion=1.0.14	Source=Security	Computer=USCHRETDC01	User=SYSTEM	Domain=NT AUTHORITY	EventID=644	EventIDCcorpoe=644	EventType=8	EventCategory=7	RecordNumber=2272121348	TimeGenerated=1389470502	TimeWritten=1389470502	Message=User Account Locked Out:   Target Account Name: Salesxp00239   Target Account ID: corpoRETAIL\Salesxp00239   Caller Machine Name: corpoS00239W07   Caller User Name: USCHRETDC01$   Caller Domain: corpoRETAIL   Caller Logon ID: (0x0,0x3E7)   
<13>Jan 11 14:59:28 USCHRETDC01 AgentDevice=WindowsLog	AgentLogFile=Security	PluginVersion=1.0.14	Source=Security	Computer=USCHRETDC01	User=SYSTEM	Domain=NT AUTHORITY	EventID=644	EventIDCcorpoe=644	EventType=8	EventCategory=7	RecordNumber=2272117948	TimeGenerated=1389470364	TimeWritten=1389470364	Message=User Account Locked Out:   Target Account Name: Salesxp02603   Target Account ID: corpoRETAIL\Salesxp02603   Caller Machine Name: corpoS02603W09   Caller User Name: USCHRETDC01$   Caller Domain: corpoRETAIL   Caller Logon ID: (0x0,0x3E7)   
<13>Jan 11 14:49:39 USCHRETDC01 AgentDevice=WindowsLog	AgentLogFile=Security	PluginVersion=1.0.14	Source=Security	Computer=USCHRETDC01	User=domjoin	Domain=corpoRETAIL	EventID=626	EventIDCcorpoe=626	EventType=8	EventCategory=7	RecordNumber=2272103150	TimeGenerated=1389469777	TimeWritten=1389469777	Message=User Account Enabled:   Target Account Name: corpoS02231W04$   Target Domain: corpoRETAIL   Target Account ID: corpoRETAIL\corpoS02231W04$   Caller User Name: domjoin   Caller Domain: corpoRETAIL   Caller Logon ID: (0x0,0x9EFD713B)   
<13>Jan 11 14:49:39 USCHRETDC01 AgentDevice=WindowsLog	AgentLogFile=Security	PluginVersion=1.0.14	Source=Security	Computer=USCHRETDC01	User=domjoin	Domain=corpoRETAIL	EventID=629	EventIDCcorpoe=629	EventType=8	EventCategory=7	RecordNumber=2272103147	TimeGenerated=1389469777	TimeWritten=1389469777	Message=User Account Disabled:   Target Account Name: corpoS02231W04$   Target Domain: corpoRETAIL   Target Account ID: corpoRETAIL\corpoS02231W04$   Caller User Name: domjoin   Caller Domain: corpoRETAIL   Caller Logon ID: (0x0,0x9EFD713B)   
<13>Jan 11 14:49:39 USCHRETDC01 AgentDevice=WindowsLog	AgentLogFile=Security	PluginVersion=1.0.14	Source=Security	Computer=USCHRETDC01	User=domjoin	Domain=corpoRETAIL	EventID=626	EventIDCcorpoe=626	EventType=8	EventCategory=7	RecordNumber=2272103145	TimeGenerated=1389469777	TimeWritten=1389469777	Message=User Account Enabled:   Target Account Name: corpoS02231W04$   Target Domain: corpoRETAIL   Target Account ID: corpoRETAIL\corpoS02231W04$   Caller User Name: domjoin   Caller Domain: corpoRETAIL   Caller Logon ID: (0x0,0x9EFD713B)   
<13>Jan 11 14:35:43 USCHRETDC01 AgentDevice=WindowsLog	AgentLogFile=Security	PluginVersion=1.0.14	Source=Security	Computer=USCHRETDC01	User=SYSTEM	Domain=NT AUTHORITY	EventID=644	EventIDCcorpoe=644	EventType=8	EventCategory=7	RecordNumber=2272082680	TimeGenerated=1389468940	TimeWritten=1389468940	Message=User Account Locked Out:   Target Account Name: Salesxp02196   Target Account ID: corpoRETAIL\Salesxp02196   Caller Machine Name: corpoS02196W12   Caller User Name: USCHRETDC01$   Caller Domain: corpoRETAIL   Caller Logon ID: (0x0,0x3E7)   
<13>Jan 11 14:18:25 USCHRETDC01 AgentDevice=WindowsLog	AgentLogFile=Security	PluginVersion=1.0.14	Source=Security	Computer=USCHRETDC01	User=SYSTEM	Domain=NT AUTHORITY	EventID=644	EventIDCcorpoe=644	EventType=8	EventCategory=7	RecordNumber=2272055855	TimeGenerated=1389467902	TimeWritten=1389467902	Message=User Account Locked Out:   Target Account Name: Salesxp02135   Target Account ID: corpoRETAIL\Salesxp02135   Caller Machine Name: corpoS02135W06   Caller User Name: USCHRETDC01$   Caller Domain: corpoRETAIL   Caller Logon ID: (0x0,0x3E7)   
<13>Jan 11 14:13:08 USCHRETDC01 AgentDevice=WindowsLog	AgentLogFile=Security	PluginVersion=1.0.14	Source=Security	Computer=USCHRETDC01	User=SYSTEM	Domain=NT AUTHORITY	EventID=644	EventIDCcorpoe=644	EventType=8	EventCategory=7	RecordNumber=2272048198	TimeGenerated=1389467586	TimeWritten=1389467586	Message=User Account Locked Out:   Target Account Name: Salesxp00614   Target Account ID: corpoRETAIL\Salesxp00614   Caller Machine Name: corpoS00614W12   Caller User Name: USCHRETDC01$   Caller Domain: corpoRETAIL   Caller Logon ID: (0x0,0x3E7)   
<13>Jan 11 14:05:31 USCHRETDC01 AgentDevice=WindowsLog	AgentLogFile=Security	PluginVersion=1.0.14	Source=Security	Computer=USCHRETDC01	User=SYSTEM	Domain=NT AUTHORITY	EventID=644	EventIDCcorpoe=644	EventType=8	EventCategory=7	RecordNumber=2272036051	TimeGenerated=1389467127	TimeWritten=1389467127	Message=User Account Locked Out:   Target Account Name: Salesxp00042   Target Account ID: corpoRETAIL\Salesxp00042   Caller Machine Name: corpoS00042W07   Caller User Name: USCHRETDC01$   Caller Domain: corpoRETAIL   Caller Logon ID: (0x0,0x3E7)   
<13>Jan 11 13:58:54 USCHRETDC01 AgentDevice=WindowsLog	AgentLogFile=Security	PluginVersion=1.0.14	Source=Security	Computer=USCHRETDC01	User=SYSTEM	Domain=NT AUTHORITY	EventID=644	EventIDCcorpoe=644	EventType=8	EventCategory=7	RecordNumber=2272025797	TimeGenerated=1389466731	TimeWritten=1389466731	Message=User Account Locked Out:   Target Account Name: Salesxp00942   Target Account ID: corpoRETAIL\Salesxp00942   Caller Machine Name: corpoS00942W07   Caller User Name: USCHRETDC01$   Caller Domain: corpoRETAIL   Caller Logon ID: (0x0,0x3E7)   
<13>Jan 11 13:46:19 USCHRETDC01 AgentDevice=WindowsLog	AgentLogFile=Security	PluginVersion=1.0.14	Source=Security	Computer=USCHRETDC01	User=SYSTEM	Domain=NT AUTHORITY	EventID=644	EventIDCcorpoe=644	EventType=8	EventCategory=7	RecordNumber=2272006744	TimeGenerated=1389465976	TimeWritten=1389465976	Message=User Account Locked Out:   Target Account Name: Salesxp00060   Target Account ID: corpoRETAIL\Salesxp00060   Caller Machine Name: corpoS00060W06   Caller User Name: USCHRETDC01$   Caller Domain: corpoRETAIL   Caller Logon ID: (0x0,0x3E7)   
<13>Jan 11 13:32:28 USCHRETDC01 AgentDevice=WindowsLog	AgentLogFile=Security	PluginVersion=1.0.14	Source=Security	Computer=USCHRETDC01	User=SYSTEM	Domain=NT AUTHORITY	EventID=644	EventIDCcorpoe=644	EventType=8	EventCategory=7	RecordNumber=2271985262	TimeGenerated=1389465145	TimeWritten=1389465145	Message=User Account Locked Out:   Target Account Name: Salesxp02668   Target Account ID: corpoRETAIL\Salesxp02668   Caller Machine Name: corpoS02668W11   Caller User Name: USCHRETDC01$   Caller Domain: corpoRETAIL   Caller Logon ID: (0x0,0x3E7)   
<13>Jan 11 13:01:51 USCHRETDC01 AgentDevice=WindowsLog	AgentLogFile=Security	PluginVersion=1.0.14	Source=Security	Computer=USCHRETDC01	User=SYSTEM	Domain=NT AUTHORITY	EventID=644	EventIDCcorpoe=644	EventType=8	EventCategory=7	RecordNumber=2271939193	TimeGenerated=1389463308	TimeWritten=1389463308	Message=User Account Locked Out:   Target Account Name: Salesxp02244   Target Account ID: corpoRETAIL\Salesxp02244   Caller Machine Name: corpoS02244W09   Caller User Name: USCHRETDC01$   Caller Domain: corpoRETAIL   Caller Logon ID: (0x0,0x3E7)   
<13>Jan 11 13:00:48 USCHRETDC01 AgentDevice=WindowsLog	AgentLogFile=Security	PluginVersion=1.0.14	Source=Security	Computer=USCHRETDC01	User=SYSTEM	Domain=NT AUTHORITY	EventID=644	EventIDCcorpoe=644	EventType=8	EventCategory=7	RecordNumber=2271937829	TimeGenerated=1389463245	TimeWritten=1389463245	Message=User Account Locked Out:   Target Account Name: Salesxp00435   Target Account ID: corpoRETAIL\Salesxp00435   Caller Machine Name: corpoS00435W07   Caller User Name: USCHRETDC01$   Caller Domain: corpoRETAIL   Caller Logon ID: (0x0,0x3E7)   
<13>Jan 11 12:51:11 USCHRETDC01 AgentDevice=WindowsLog	AgentLogFile=Security	PluginVersion=1.0.14	Source=Security	Computer=USCHRETDC01	User=SYSTEM	Domain=NT AUTHORITY	EventID=644	EventIDCcorpoe=644	EventType=8	EventCategory=7	RecordNumber=2271923428	TimeGenerated=1389462668	TimeWritten=1389462668	Message=User Account Locked Out:   Target Account Name: Salesxp03297   Target Account ID: corpoRETAIL\Salesxp03297   Caller Machine Name: corpoS03297W11   Caller User Name: USCHRETDC01$   Caller Domain: corpoRETAIL   Caller Logon ID: (0x0,0x3E7)   
<13>Jan 11 12:44:36 USCHRETDC01 AgentDevice=WindowsLog	AgentLogFile=Security	PluginVersion=1.0.14	Source=Security	Computer=USCHRETDC01	User=SYSTEM	Domain=NT AUTHORITY	EventID=644	EventIDCcorpoe=644	EventType=8	EventCategory=7	RecordNumber=2271914213	TimeGenerated=1389462272	TimeWritten=1389462272	Message=User Account Locked Out:   Target Account Name: Salesxp02253   Target Account ID: corpoRETAIL\Salesxp02253   Caller Machine Name: corpoS02253W09   Caller User Name: USCHRETDC01$   Caller Domain: corpoRETAIL   Caller Logon ID: (0x0,0x3E7)   
<13>Jan 11 12:27:00 USCHRETDC01 AgentDevice=WindowsLog	AgentLogFile=Security	PluginVersion=1.0.14	Source=Security	Computer=USCHRETDC01	User=SYSTEM	Domain=NT AUTHORITY	EventID=644	EventIDCcorpoe=644	EventType=8	EventCategory=7	RecordNumber=2271888796	TimeGenerated=1389461218	TimeWritten=1389461218	Message=User Account Locked Out:   Target Account Name: Salesxp00408   Target Account ID: corpoRETAIL\Salesxp00408   Caller Machine Name: corpoS00408W12   Caller User Name: USCHRETDC01$   Caller Domain: corpoRETAIL   Caller Logon ID: (0x0,0x3E7)   
<13>Jan 11 12:21:03 USCHRETDC01 AgentDevice=WindowsLog	AgentLogFile=Security	PluginVersion=1.0.14	Source=Security	Computer=USCHRETDC01	User=SYSTEM	Domain=NT AUTHORITY	EventID=644	EventIDCcorpoe=644	EventType=8	EventCategory=7	RecordNumber=2271880303	TimeGenerated=1389460861	TimeWritten=1389460861	Message=User Account Locked Out:   Target Account Name: Salesxp00527   Target Account ID: corpoRETAIL\Salesxp00527   Caller Machine Name: corpoS00527W09   Caller User Name: USCHRETDC01$   Caller Domain: corpoRETAIL   Caller Logon ID: (0x0,0x3E7)   
<13>Jan 11 12:17:34 USCHRETDC01 AgentDevice=WindowsLog	AgentLogFile=Security	PluginVersion=1.0.14	Source=Security	Computer=USCHRETDC01	User=SYSTEM	Domain=NT AUTHORITY	EventID=644	EventIDCcorpoe=644	EventType=8	EventCategory=7	RecordNumber=2271875212	TimeGenerated=1389460651	TimeWritten=1389460651	Message=User Account Locked Out:   Target Account Name: Salesxp02409   Target Account ID: corpoRETAIL\Salesxp02409   Caller Machine Name: corpoS02409W07   Caller User Name: USCHRETDC01$   Caller Domain: corpoRETAIL   Caller Logon ID: (0x0,0x3E7)   
<13>Jan 11 12:06:25 USCHRETDC01 AgentDevice=WindowsLog	AgentLogFile=Security	PluginVersion=1.0.14	Source=Security	Computer=USCHRETDC01	User=SYSTEM	Domain=NT AUTHORITY	EventID=644	EventIDCcorpoe=644	EventType=8	EventCategory=7	RecordNumber=2271859688	TimeGenerated=1389459982	TimeWritten=1389459982	Message=User Account Locked Out:   Target Account Name: Salesxp00472   Target Account ID: corpoRETAIL\Salesxp00472   Caller Machine Name: corpoS00472W12   Caller User Name: USCHRETDC01$   Caller Domain: corpoRETAIL   Caller Logon ID: (0x0,0x3E7)   
<13>Jan 11 11:48:59 USCHRETDC01 AgentDevice=WindowsLog	AgentLogFile=Security	PluginVersion=1.0.14	Source=Security	Computer=USCHRETDC01	User=SYSTEM	Domain=NT AUTHORITY	EventID=644	EventIDCcorpoe=644	EventType=8	EventCategory=7	RecordNumber=2271834555	TimeGenerated=1389458937	TimeWritten=1389458937	Message=User Account Locked Out:   Target Account Name: Salesxp00266   Target Account ID: corpoRETAIL\Salesxp00266   Caller Machine Name: corpoS00266W07   Caller User Name: USCHRETDC01$   Caller Domain: corpoRETAIL   Caller Logon ID: (0x0,0x3E7)   
<13>Jan 11 11:35:46 USCHRETDC01 AgentDevice=WindowsLog	AgentLogFile=Security	PluginVersion=1.0.14	Source=Security	Computer=USCHRETDC01	User=SYSTEM	Domain=NT AUTHORITY	EventID=644	EventIDCcorpoe=644	EventType=8	EventCategory=7	RecordNumber=2271815803	TimeGenerated=1389458142	TimeWritten=1389458142	Message=User Account Locked Out:   Target Account Name: Salesxp02798   Target Account ID: corpoRETAIL\Salesxp02798   Caller Machine Name: corpoS02798W09   Caller User Name: USCHRETDC01$   Caller Domain: corpoRETAIL   Caller Logon ID: (0x0,0x3E7)   
<13>Jan 11 11:32:38 USCHRETDC01 AgentDevice=WindowsLog	AgentLogFile=Security	PluginVersion=1.0.14	Source=Security	Computer=USCHRETDC01	User=SYSTEM	Domain=NT AUTHORITY	EventID=644	EventIDCcorpoe=644	EventType=8	EventCategory=7	RecordNumber=2271811568	TimeGenerated=1389457954	TimeWritten=1389457954	Message=User Account Locked Out:   Target Account Name: Salesxp02664   Target Account ID: corpoRETAIL\Salesxp02664   Caller Machine Name: corpoS02664W12   Caller User Name: USCHRETDC01$   Caller Domain: corpoRETAIL   Caller Logon ID: (0x0,0x3E7)   
<13>Jan 11 11:12:26 USCHRETDC01 AgentDevice=WindowsLog	AgentLogFile=Security	PluginVersion=1.0.14	Source=Security	Computer=USCHRETDC01	User=SYSTEM	Domain=NT AUTHORITY	EventID=644	EventIDCcorpoe=644	EventType=8	EventCategory=7	RecordNumber=2271783045	TimeGenerated=1389456744	TimeWritten=1389456744	Message=User Account Locked Out:   Target Account Name: Salesxp00380   Target Account ID: corpoRETAIL\Salesxp00380   Caller Machine Name: corpoS00380W07   Caller User Name: USCHRETDC01$   Caller Domain: corpoRETAIL   Caller Logon ID: (0x0,0x3E7)   
<13>Jan 11 11:02:40 USCHRETDC01 AgentDevice=WindowsLog	AgentLogFile=Security	PluginVersion=1.0.14	Source=Security	Computer=USCHRETDC01	User=SYSTEM	Domain=NT AUTHORITY	EventID=644	EventIDCcorpoe=644	EventType=8	EventCategory=7	RecordNumber=2271769349	TimeGenerated=1389456158	TimeWritten=1389456158	Message=User Account Locked Out:   Target Account Name: Salesxp00225   Target Account ID: corpoRETAIL\Salesxp00225   Caller Machine Name: corpoS00225W12   Caller User Name: USCHRETDC01$   Caller Domain: corpoRETAIL   Caller Logon ID: (0x0,0x3E7)   
<13>Jan 11 10:59:19 USCHRETDC01 AgentDevice=WindowsLog	AgentLogFile=Security	PluginVersion=1.0.14	Source=Security	Computer=USCHRETDC01	User=SYSTEM	Domain=NT AUTHORITY	EventID=644	EventIDCcorpoe=644	EventType=8	EventCategory=7	RecordNumber=2271764364	TimeGenerated=1389455957	TimeWritten=1389455957	Message=User Account Locked Out:   Target Account Name: Salesxp00653   Target Account ID: corpoRETAIL\Salesxp00653   Caller Machine Name: corpoS00653W12   Caller User Name: USCHRETDC01$   Caller Domain: corpoRETAIL   Caller Logon ID: (0x0,0x3E7)   
<13>Jan 11 10:36:31 USCHRETDC01 AgentDevice=WindowsLog	AgentLogFile=Security	PluginVersion=1.0.14	Source=Security	Computer=USCHRETDC01	User=SYSTEM	Domain=NT AUTHORITY	EventID=644	EventIDCcorpoe=644	EventType=8	EventCategory=7	RecordNumber=2271731904	TimeGenerated=1389454589	TimeWritten=1389454589	Message=User Account Locked Out:   Target Account Name: Salesxp00547   Target Account ID: corpoRETAIL\Salesxp00547   Caller Machine Name: corpoS00547W07   Caller User Name: USCHRETDC01$   Caller Domain: corpoRETAIL   Caller Logon ID: (0x0,0x3E7)   
<13>Jan 11 10:09:53 USCHRETDC01 AgentDevice=WindowsLog	AgentLogFile=Security	PluginVersion=1.0.14	Source=Security	Computer=USCHRETDC01	User=SYSTEM	Domain=NT AUTHORITY	EventID=644	EventIDCcorpoe=644	EventType=8	EventCategory=7	RecordNumber=2271693992	TimeGenerated=1389452989	TimeWritten=1389452989	Message=User Account Locked Out:   Target Account Name: Salesxp00417   Target Account ID: corpoRETAIL\Salesxp00417   Caller Machine Name: corpoS00417W11   Caller User Name: USCHRETDC01$   Caller Domain: corpoRETAIL   Caller Logon ID: (0x0,0x3E7)   
<13>Jan 11 09:59:13 USCHRETDC01 AgentDevice=WindowsLog	AgentLogFile=Security	PluginVersion=1.0.14	Source=Security	Computer=USCHRETDC01	User=SYSTEM	Domain=NT AUTHORITY	EventID=644	EventIDCcorpoe=644	EventType=8	EventCategory=7	RecordNumber=2271677190	TimeGenerated=1389452349	TimeWritten=1389452349	Message=User Account Locked Out:   Target Account Name: Salesxp03234   Target Account ID: corpoRETAIL\Salesxp03234   Caller Machine Name: corpoS03234W07   Caller User Name: USCHRETDC01$   Caller Domain: corpoRETAIL   Caller Logon ID: (0x0,0x3E7)   
<13>Jan 11 09:56:20 USCHRETDC01 AgentDevice=WindowsLog	AgentLogFile=Security	PluginVersion=1.0.14	Source=Security	Computer=USCHRETDC01	User=SYSTEM	Domain=NT AUTHORITY	EventID=644	EventIDCcorpoe=644	EventType=8	EventCategory=7	RecordNumber=2271672272	TimeGenerated=1389452177	TimeWritten=1389452177	Message=User Account Locked Out:   Target Account Name: Salesxp02414   Target Account ID: corpoRETAIL\Salesxp02414   Caller Machine Name: corpoS02414W06   Caller User Name: USCHRETDC01$   Caller Domain: corpoRETAIL   Caller Logon ID: (0x0,0x3E7)   
<13>Jan 11 09:55:59 USCHRETDC01 AgentDevice=WindowsLog	AgentLogFile=Security	PluginVersion=1.0.14	Source=Security	Computer=USCHRETDC01	User=SYSTEM	Domain=NT AUTHORITY	EventID=644	EventIDCcorpoe=644	EventType=8	EventCategory=7	RecordNumber=2271671658	TimeGenerated=1389452156	TimeWritten=1389452156	Message=User Account Locked Out:   Target Account Name: Salesxp02254   Target Account ID: corpoRETAIL\Salesxp02254   Caller Machine Name: corpoS02254W09   Caller User Name: USCHRETDC01$   Caller Domain: corpoRETAIL   Caller Logon ID: (0x0,0x3E7)   
<13>Jan 11 09:52:36 USCHRETDC01 AgentDevice=WindowsLog	AgentLogFile=Security	PluginVersion=1.0.14	Source=Security	Computer=USCHRETDC01	User=SYSTEM	Domain=NT AUTHORITY	EventID=644	EventIDCcorpoe=644	EventType=8	EventCategory=7	RecordNumber=2271666592	TimeGenerated=1389451954	TimeWritten=1389451954	Message=User Account Locked Out:   Target Account Name: Salesxp02271   Target Account ID: corpoRETAIL\Salesxp02271   Caller Machine Name: corpoS02271W12   Caller User Name: USCHRETDC01$   Caller Domain: corpoRETAIL   Caller Logon ID: (0x0,0x3E7)   
<13>Jan 11 09:38:20 USCHRETDC01 AgentDevice=WindowsLog	AgentLogFile=Security	PluginVersion=1.0.14	Source=Security	Computer=USCHRETDC01	User=SYSTEM	Domain=NT AUTHORITY	EventID=644	EventIDCcorpoe=644	EventType=8	EventCategory=7	RecordNumber=2271644619	TimeGenerated=1389451097	TimeWritten=1389451097	Message=User Account Locked Out:   Target Account Name: Salesxp00173   Target Account ID: corpoRETAIL\Salesxp00173   Caller Machine Name: corpoS00173W12   Caller User Name: USCHRETDC01$   Caller Domain: corpoRETAIL   Caller Logon ID: (0x0,0x3E7)   
<13>Jan 11 09:27:34 USCHRETDC01 AgentDevice=WindowsLog	AgentLogFile=Security	PluginVersion=1.0.14	Source=Security	Computer=USCHRETDC01	User=SYSTEM	Domain=NT AUTHORITY	EventID=644	EventIDCcorpoe=644	EventType=8	EventCategory=7	RecordNumber=2271627071	TimeGenerated=1389450450	TimeWritten=1389450450	Message=User Account Locked Out:   Target Account Name: Salesxp00136   Target Account ID: corpoRETAIL\Salesxp00136   Caller Machine Name: corpoS00136W09   Caller User Name: USCHRETDC01$   Caller Domain: corpoRETAIL   Caller Logon ID: (0x0,0x3E7)   
<13>Jan 11 09:27:09 USCHRETDC01 AgentDevice=WindowsLog	AgentLogFile=Security	PluginVersion=1.0.14	Source=Security	Computer=USCHRETDC01	User=SYSTEM	Domain=NT AUTHORITY	EventID=644	EventIDCcorpoe=644	EventType=8	EventCategory=7	RecordNumber=2271626243	TimeGenerated=1389450424	TimeWritten=1389450424	Message=User Account Locked Out:   Target Account Name: Salesxp02711   Target Account ID: corpoRETAIL\Salesxp02711   Caller Machine Name: corpoS02711W09   Caller User Name: USCHRETDC01$   Caller Domain: corpoRETAIL   Caller Logon ID: (0x0,0x3E7)   
<13>Jan 11 09:04:45 USCHRETDC01 AgentDevice=WindowsLog	AgentLogFile=Security	PluginVersion=1.0.14	Source=Security	Computer=USCHRETDC01	User=SYSTEM	Domain=NT AUTHORITY	EventID=644	EventIDCcorpoe=644	EventType=8	EventCategory=7	RecordNumber=2271588775	TimeGenerated=1389449083	TimeWritten=1389449083	Message=User Account Locked Out:   Target Account Name: Salesxp00975   Target Account ID: corpoRETAIL\Salesxp00975   Caller Machine Name: corpoS00975W09   Caller User Name: USCHRETDC01$   Caller Domain: corpoRETAIL   Caller Logon ID: (0x0,0x3E7)   
<13>Jan 11 08:39:03 USCHRETDC01 AgentDevice=WindowsLog	AgentLogFile=Security	PluginVersion=1.0.14	Source=Security	Computer=USCHRETDC01	User=SYSTEM	Domain=NT AUTHORITY	EventID=644	EventIDCcorpoe=644	EventType=8	EventCategory=7	RecordNumber=2271548320	TimeGenerated=1389447539	TimeWritten=1389447539	Message=User Account Locked Out:   Target Account Name: Salesxp03234   Target Account ID: corpoRETAIL\Salesxp03234   Caller Machine Name: corpoS03234W12   Caller User Name: USCHRETDC01$   Caller Domain: corpoRETAIL   Caller Logon ID: (0x0,0x3E7)   
<13>Jan 11 07:45:19 USCHRETDC01 AgentDevice=WindowsLog	AgentLogFile=Security	PluginVersion=1.0.14	Source=Security	Computer=USCHRETDC01	User=SYSTEM	Domain=NT AUTHORITY	EventID=644	EventIDCcorpoe=644	EventType=8	EventCategory=7	RecordNumber=2271468796	TimeGenerated=1389444316	TimeWritten=1389444316	Message=User Account Locked Out:   Target Account Name: Salesxp00145   Target Account ID: corpoRETAIL\Salesxp00145   Caller Machine Name: corpoS00145W09   Caller User Name: USCHRETDC01$   Caller Domain: corpoRETAIL   Caller Logon ID: (0x0,0x3E7)   
<13>Jan 11 07:35:27 USCHRETDC01 AgentDevice=WindowsLog	AgentLogFile=Security	PluginVersion=1.0.14	Source=Security	Computer=USCHRETDC01	User=SYSTEM	Domain=NT AUTHORITY	EventID=644	EventIDCcorpoe=644	EventType=8	EventCategory=7	RecordNumber=2271455443	TimeGenerated=1389443724	TimeWritten=1389443724	Message=User Account Locked Out:   Target Account Name: appmgr   Target Account ID: corpoRETAIL\appmgr   Caller Machine Name:    Caller User Name: USCHRETDC01$   Caller Domain: corpoRETAIL   Caller Logon ID: (0x0,0x3E7)   
<13>Jan 11 07:34:18 USCHRETDC01 AgentDevice=WindowsLog	AgentLogFile=Security	PluginVersion=1.0.14	Source=Security	Computer=USCHRETDC01	User=SYSTEM	Domain=NT AUTHORITY	EventID=644	EventIDCcorpoe=644	EventType=8	EventCategory=7	RecordNumber=2271453980	TimeGenerated=1389443656	TimeWritten=1389443656	Message=User Account Locked Out:   Target Account Name: appmgr   Target Account ID: corpoRETAIL\appmgr   Caller Machine Name:    Caller User Name: USCHRETDC01$   Caller Domain: corpoRETAIL   Caller Logon ID: (0x0,0x3E7)   
<13>Jan 11 07:33:15 USCHRETDC01 AgentDevice=WindowsLog	AgentLogFile=Security	PluginVersion=1.0.14	Source=Security	Computer=USCHRETDC01	User=SYSTEM	Domain=NT AUTHORITY	EventID=644	EventIDCcorpoe=644	EventType=8	EventCategory=7	RecordNumber=2271452559	TimeGenerated=1389443592	TimeWritten=1389443592	Message=User Account Locked Out:   Target Account Name: appmgr   Target Account ID: corpoRETAIL\appmgr   Caller Machine Name:    Caller User Name: USCHRETDC01$   Caller Domain: corpoRETAIL   Caller Logon ID: (0x0,0x3E7)   
<13>Jan 11 07:31:10 USCHRETDC01 AgentDevice=WindowsLog	AgentLogFile=Security	PluginVersion=1.0.14	Source=Security	Computer=USCHRETDC01	User=SYSTEM	Domain=NT AUTHORITY	EventID=644	EventIDCcorpoe=644	EventType=8	EventCategory=7	RecordNumber=2271450157	TimeGenerated=1389443467	TimeWritten=1389443467	Message=User Account Locked Out:   Target Account Name: appmgr   Target Account ID: corpoRETAIL\appmgr   Caller Machine Name:    Caller User Name: USCHRETDC01$   Caller Domain: corpoRETAIL   Caller Logon ID: (0x0,0x3E7)   
<13>Jan 11 07:30:09 USCHRETDC01 AgentDevice=WindowsLog	AgentLogFile=Security	PluginVersion=1.0.14	Source=Security	Computer=USCHRETDC01	User=SYSTEM	Domain=NT AUTHORITY	EventID=644	EventIDCcorpoe=644	EventType=8	EventCategory=7	RecordNumber=2271448741	TimeGenerated=1389443404	TimeWritten=1389443404	Message=User Account Locked Out:   Target Account Name: appmgr   Target Account ID: corpoRETAIL\appmgr   Caller Machine Name:    Caller User Name: USCHRETDC01$   Caller Domain: corpoRETAIL   Caller Logon ID: (0x0,0x3E7)   
<13>Jan 11 05:01:11 USCHRETDC01 AgentDevice=WindowsLog	AgentLogFile=Security	PluginVersion=1.0.14	Source=Security	Computer=USCHRETDC01	User=SYSTEM	Domain=NT AUTHORITY	EventID=644	EventIDCcorpoe=644	EventType=8	EventCategory=7	RecordNumber=2271257209	TimeGenerated=1389434468	TimeWritten=1389434468	Message=User Account Locked Out:   Target Account Name: appmgr   Target Account ID: corpoRETAIL\appmgr   Caller Machine Name: corpoS02226W10   Caller User Name: USCHRETDC01$   Caller Domain: corpoRETAIL   Caller Logon ID: (0x0,0x3E7)   
<13>Jan 11 05:00:10 USCHRETDC01 AgentDevice=WindowsLog	AgentLogFile=Security	PluginVersion=1.0.14	Source=Security	Computer=USCHRETDC01	User=SYSTEM	Domain=NT AUTHORITY	EventID=644	EventIDCcorpoe=644	EventType=8	EventCategory=7	RecordNumber=2271255954	TimeGenerated=1389434405	TimeWritten=1389434405	Message=User Account Locked Out:   Target Account Name: appmgr   Target Account ID: corpoRETAIL\appmgr   Caller Machine Name: corpoS00042W10   Caller User Name: USCHRETDC01$   Caller Domain: corpoRETAIL   Caller Logon ID: (0x0,0x3E7)   
<13>Jan 11 00:37:32 USCHRETDC01 AgentDevice=WindowsLog	AgentLogFile=Security	PluginVersion=1.0.14	Source=Security	Computer=USCHRETDC01	User=SYSTEM	Domain=NT AUTHORITY	EventID=644	EventIDCcorpoe=644	EventType=8	EventCategory=7	RecordNumber=2270922810	TimeGenerated=1389418650	TimeWritten=1389418650	Message=User Account Locked Out:   Target Account Name: Salesxp00648   Target Account ID: corpoRETAIL\Salesxp00648   Caller Machine Name: corpoS00648W07   Caller User Name: USCHRETDC01$   Caller Domain: corpoRETAIL   Caller Logon ID: (0x0,0x3E7)   
<13>Jan 11 00:36:02 USCHRETDC01 AgentDevice=WindowsLog	AgentLogFile=Security	PluginVersion=1.0.14	Source=Security	Computer=USCHRETDC01	User=SYSTEM	Domain=NT AUTHORITY	EventID=644	EventIDCcorpoe=644	EventType=8	EventCategory=7	RecordNumber=2270920334	TimeGenerated=1389418559	TimeWritten=1389418559	Message=User Account Locked Out:   Target Account Name: Salesxp00648   Target Account ID: corpoRETAIL\Salesxp00648   Caller Machine Name: corpoS00648W07   Caller User Name: USCHRETDC01$   Caller Domain: corpoRETAIL   Caller Logon ID: (0x0,0x3E7)   
<13>Jan 10 22:36:44 USCHRETDC01 AgentDevice=WindowsLog	AgentLogFile=Security	PluginVersion=1.0.14	Source=Security	Computer=USCHRETDC01	User=SYSTEM	Domain=NT AUTHORITY	EventID=644	EventIDCcorpoe=644	EventType=8	EventCategory=7	RecordNumber=2270763443	TimeGenerated=1389411402	TimeWritten=1389411402	Message=User Account Locked Out:   Target Account Name: Salesxp00990   Target Account ID: corpoRETAIL\Salesxp00990   Caller Machine Name: corpoS00990W07   Caller User Name: USCHRETDC01$   Caller Domain: corpoRETAIL   Caller Logon ID: (0x0,0x3E7)   
<13>Jan 10 22:31:02 USCHRETDC01 AgentDevice=WindowsLog	AgentLogFile=Security	PluginVersion=1.0.14	Source=Security	Computer=USCHRETDC01	User=SYSTEM	Domain=NT AUTHORITY	EventID=644	EventIDCcorpoe=644	EventType=8	EventCategory=7	RecordNumber=2270756784	TimeGenerated=1389411059	TimeWritten=1389411059	Message=User Account Locked Out:   Target Account Name: Salesxp03305   Target Account ID: corpoRETAIL\Salesxp03305   Caller Machine Name: corpoS03305W09   Caller User Name: USCHRETDC01$   Caller Domain: corpoRETAIL   Caller Logon ID: (0x0,0x3E7)   
<13>Jan 10 22:17:57 USCHRETDC01 AgentDevice=WindowsLog	AgentLogFile=Security	PluginVersion=1.0.14	Source=Security	Computer=USCHRETDC01	User=SYSTEM	Domain=NT AUTHORITY	EventID=644	EventIDCcorpoe=644	EventType=8	EventCategory=7	RecordNumber=2270740581	TimeGenerated=1389410275	TimeWritten=1389410275	Message=User Account Locked Out:   Target Account Name: Salesxp00307   Target Account ID: corpoRETAIL\Salesxp00307   Caller Machine Name: corpoS00307W09   Caller User Name: USCHRETDC01$   Caller Domain: corpoRETAIL   Caller Logon ID: (0x0,0x3E7)   
<13>Jan 10 22:11:08 USCHRETDC01 AgentDevice=WindowsLog	AgentLogFile=Security	PluginVersion=1.0.14	Source=Security	Computer=USCHRETDC01	User=SYSTEM	Domain=NT AUTHORITY	EventID=644	EventIDCcorpoe=644	EventType=8	EventCategory=7	RecordNumber=2270732126	TimeGenerated=1389409865	TimeWritten=1389409865	Message=User Account Locked Out:   Target Account Name: Salesxp00606   Target Account ID: corpoRETAIL\Salesxp00606   Caller Machine Name: corpoS00606W09   Caller User Name: USCHRETDC01$   Caller Domain: corpoRETAIL   Caller Logon ID: (0x0,0x3E7)   
<13>Jan 10 22:03:50 USCHRETDC01 AgentDevice=WindowsLog	AgentLogFile=Security	PluginVersion=1.0.14	Source=Security	Computer=USCHRETDC01	User=SYSTEM	Domain=NT AUTHORITY	EventID=644	EventIDCcorpoe=644	EventType=8	EventCategory=7	RecordNumber=2270722167	TimeGenerated=1389409428	TimeWritten=1389409428	Message=User Account Locked Out:   Target Account Name: Salesxp00362   Target Account ID: corpoRETAIL\Salesxp00362   Caller Machine Name: corpoS00362W11   Caller User Name: USCHRETDC01$   Caller Domain: corpoRETAIL   Caller Logon ID: (0x0,0x3E7)   
<13>Jan 10 21:30:09 USCHRETDC01 AgentDevice=WindowsLog	AgentLogFile=Security	PluginVersion=1.0.14	Source=Security	Computer=USCHRETDC01	User=SYSTEM	Domain=NT AUTHORITY	EventID=644	EventIDCcorpoe=644	EventType=8	EventCategory=7	RecordNumber=2270678439	TimeGenerated=1389407405	TimeWritten=1389407405	Message=User Account Locked Out:   Target Account Name: Salesxp02577   Target Account ID: corpoRETAIL\Salesxp02577   Caller Machine Name: corpoS02577W06   Caller User Name: USCHRETDC01$   Caller Domain: corpoRETAIL   Caller Logon ID: (0x0,0x3E7)   
<13>Jan 10 20:49:23 USCHRETDC01 AgentDevice=WindowsLog	AgentLogFile=Security	PluginVersion=1.0.14	Source=Security	Computer=USCHRETDC01	User=SYSTEM	Domain=NT AUTHORITY	EventID=644	EventIDCcorpoe=644	EventType=8	EventCategory=7	RecordNumber=2270622379	TimeGenerated=1389404959	TimeWritten=1389404959	Message=User Account Locked Out:   Target Account Name: Salesxp02577   Target Account ID: corpoRETAIL\Salesxp02577   Caller Machine Name: corpoS02577W12   Caller User Name: USCHRETDC01$   Caller Domain: corpoRETAIL   Caller Logon ID: (0x0,0x3E7)   
<13>Jan 10 20:44:43 USCHRETDC01 AgentDevice=WindowsLog	AgentLogFile=Security	PluginVersion=1.0.14	Source=Security	Computer=USCHRETDC01	User=SYSTEM	Domain=NT AUTHORITY	EventID=644	EventIDCcorpoe=644	EventType=8	EventCategory=7	RecordNumber=2270615977	TimeGenerated=1389404680	TimeWritten=1389404680	Message=User Account Locked Out:   Target Account Name: Salesxp00811   Target Account ID: corpoRETAIL\Salesxp00811   Caller Machine Name: corpoS00811W11   Caller User Name: USCHRETDC01$   Caller Domain: corpoRETAIL   Caller Logon ID: (0x0,0x3E7)   
<13>Jan 10 20:33:31 USCHRETDC01 AgentDevice=WindowsLog	AgentLogFile=Security	PluginVersion=1.0.14	Source=Security	Computer=USCHRETDC01	User=SYSTEM	Domain=NT AUTHORITY	EventID=644	EventIDCcorpoe=644	EventType=8	EventCategory=7	RecordNumber=2270599677	TimeGenerated=1389404008	TimeWritten=1389404008	Message=User Account Locked Out:   Target Account Name: Salesxp02522   Target Account ID: corpoRETAIL\Salesxp02522   Caller Machine Name: corpoS02522W07   Caller User Name: USCHRETDC01$   Caller Domain: corpoRETAIL   Caller Logon ID: (0x0,0x3E7)   
<13>Jan 10 20:18:26 USCHRETDC01 AgentDevice=WindowsLog	AgentLogFile=Security	PluginVersion=1.0.14	Source=Security	Computer=USCHRETDC01	User=SYSTEM	Domain=NT AUTHORITY	EventID=644	EventIDCcorpoe=644	EventType=8	EventCategory=7	RecordNumber=2270578275	TimeGenerated=1389403102	TimeWritten=1389403102	Message=User Account Locked Out:   Target Account Name: Salesxp02177   Target Account ID: corpoRETAIL\Salesxp02177   Caller Machine Name: corpoS02177W12   Caller User Name: USCHRETDC01$   Caller Domain: corpoRETAIL   Caller Logon ID: (0x0,0x3E7)   
<13>Jan 10 20:02:42 USCHRETDC01 AgentDevice=WindowsLog	AgentLogFile=Security	PluginVersion=1.0.14	Source=Security	Computer=USCHRETDC01	User=SYSTEM	Domain=NT AUTHORITY	EventID=644	EventIDCcorpoe=644	EventType=8	EventCategory=7	RecordNumber=2270555238	TimeGenerated=1389402159	TimeWritten=1389402159	Message=User Account Locked Out:   Target Account Name: Salesxp00482   Target Account ID: corpoRETAIL\Salesxp00482   Caller Machine Name: corpoS00482W07   Caller User Name: USCHRETDC01$   Caller Domain: corpoRETAIL   Caller Logon ID: (0x0,0x3E7)   
<13>Jan 10 19:55:49 USCHRETDC01 AgentDevice=WindowsLog	AgentLogFile=Security	PluginVersion=1.0.14	Source=Security	Computer=USCHRETDC01	User=SYSTEM	Domain=NT AUTHORITY	EventID=644	EventIDCcorpoe=644	EventType=8	EventCategory=7	RecordNumber=2270545574	TimeGenerated=1389401745	TimeWritten=1389401745	Message=User Account Locked Out:   Target Account Name: Salesxp00127   Target Account ID: corpoRETAIL\Salesxp00127   Caller Machine Name: corpoS00127W09   Caller User Name: USCHRETDC01$   Caller Domain: corpoRETAIL   Caller Logon ID: (0x0,0x3E7)   
<13>Jan 10 19:42:33 USCHRETDC01 AgentDevice=WindowsLog	AgentLogFile=Security	PluginVersion=1.0.14	Source=Security	Computer=USCHRETDC01	User=SYSTEM	Domain=NT AUTHORITY	EventID=644	EventIDCcorpoe=644	EventType=8	EventCategory=7	RecordNumber=2270525970	TimeGenerated=1389400951	TimeWritten=1389400951	Message=User Account Locked Out:   Target Account Name: Salesxp00461   Target Account ID: corpoRETAIL\Salesxp00461   Caller Machine Name: corpoS00461W12   Caller User Name: USCHRETDC01$   Caller Domain: corpoRETAIL   Caller Logon ID: (0x0,0x3E7)   
<13>Jan 10 19:22:21 USCHRETDC01 AgentDevice=WindowsLog	AgentLogFile=Security	PluginVersion=1.0.14	Source=Security	Computer=USCHRETDC01	User=SYSTEM	Domain=NT AUTHORITY	EventID=644	EventIDCcorpoe=644	EventType=8	EventCategory=7	RecordNumber=2270495885	TimeGenerated=1389399738	TimeWritten=1389399738	Message=User Account Locked Out:   Target Account Name: Salesxp00120   Target Account ID: corpoRETAIL\Salesxp00120   Caller Machine Name: corpoS00120W09   Caller User Name: USCHRETDC01$   Caller Domain: corpoRETAIL   Caller Logon ID: (0x0,0x3E7)   
<13>Jan 10 19:02:57 USCHRETDC01 AgentDevice=WindowsLog	AgentLogFile=Security	PluginVersion=1.0.14	Source=Security	Computer=USCHRETDC01	User=SYSTEM	Domain=NT AUTHORITY	EventID=644	EventIDCcorpoe=644	EventType=8	EventCategory=7	RecordNumber=2270467567	TimeGenerated=1389398548	TimeWritten=1389398548	Message=User Account Locked Out:   Target Account Name: Salesxp00111   Target Account ID: corpoRETAIL\Salesxp00111   Caller Machine Name: corpoS00111W09   Caller User Name: USCHRETDC01$   Caller Domain: corpoRETAIL   Caller Logon ID: (0x0,0x3E7)   
<13>Jan 10 18:59:26 USCHRETDC01 AgentDevice=WindowsLog	AgentLogFile=Security	PluginVersion=1.0.14	Source=Security	Computer=USCHRETDC01	User=SYSTEM	Domain=NT AUTHORITY	EventID=644	EventIDCcorpoe=644	EventType=8	EventCategory=7	RecordNumber=2270464116	TimeGenerated=1389398362	TimeWritten=1389398362	Message=User Account Locked Out:   Target Account Name: Salesxp02643   Target Account ID: corpoRETAIL\Salesxp02643   Caller Machine Name: corpoS02643W07   Caller User Name: USCHRETDC01$   Caller Domain: corpoRETAIL   Caller Logon ID: (0x0,0x3E7)   
<13>Jan 10 18:35:01 USCHRETDC01 AgentDevice=WindowsLog	AgentLogFile=Security	PluginVersion=1.0.14	Source=Security	Computer=USCHRETDC01	User=SYSTEM	Domain=NT AUTHORITY	EventID=644	EventIDCcorpoe=644	EventType=8	EventCategory=7	RecordNumber=2270429183	TimeGenerated=1389396898	TimeWritten=1389396898	Message=User Account Locked Out:   Target Account Name: Salesxp00087   Target Account ID: corpoRETAIL\Salesxp00087   Caller Machine Name: corpoS00087W09   Caller User Name: USCHRETDC01$   Caller Domain: corpoRETAIL   Caller Logon ID: (0x0,0x3E7)   
<13>Jan 10 18:34:41 USCHRETDC01 AgentDevice=WindowsLog	AgentLogFile=Security	PluginVersion=1.0.14	Source=Security	Computer=USCHRETDC01	User=SYSTEM	Domain=NT AUTHORITY	EventID=644	EventIDCcorpoe=644	EventType=8	EventCategory=7	RecordNumber=2270428685	TimeGenerated=1389396878	TimeWritten=1389396878	Message=User Account Locked Out:   Target Account Name: Salesxp00531   Target Account ID: corpoRETAIL\Salesxp00531   Caller Machine Name: corpoS00531W11   Caller User Name: USCHRETDC01$   Caller Domain: corpoRETAIL   Caller Logon ID: (0x0,0x3E7)   
<13>Jan 10 18:28:46 USCHRETDC01 AgentDevice=WindowsLog	AgentLogFile=Security	PluginVersion=1.0.14	Source=Security	Computer=USCHRETDC01	User=SYSTEM	Domain=NT AUTHORITY	EventID=644	EventIDCcorpoe=644	EventType=8	EventCategory=7	RecordNumber=2270419975	TimeGenerated=1389396523	TimeWritten=1389396523	Message=User Account Locked Out:   Target Account Name: Salesxp03241   Target Account ID: corpoRETAIL\Salesxp03241   Caller Machine Name: corpoS03241W12   Caller User Name: USCHRETDC01$   Caller Domain: corpoRETAIL   Caller Logon ID: (0x0,0x3E7)   
<13>Jan 10 18:25:20 USCHRETDC01 AgentDevice=WindowsLog	AgentLogFile=Security	PluginVersion=1.0.14	Source=Security	Computer=USCHRETDC01	User=SYSTEM	Domain=NT AUTHORITY	EventID=644	EventIDCcorpoe=644	EventType=8	EventCategory=7	RecordNumber=2270414732	TimeGenerated=1389396318	TimeWritten=1389396318	Message=User Account Locked Out:   Target Account Name: Salesxp00977   Target Account ID: corpoRETAIL\Salesxp00977   Caller Machine Name: corpoS00977W07   Caller User Name: USCHRETDC01$   Caller Domain: corpoRETAIL   Caller Logon ID: (0x0,0x3E7)   
<13>Jan 10 18:18:34 USCHRETDC01 AgentDevice=WindowsLog	AgentLogFile=Security	PluginVersion=1.0.14	Source=Security	Computer=USCHRETDC01	User=SYSTEM	Domain=NT AUTHORITY	EventID=644	EventIDCcorpoe=644	EventType=8	EventCategory=7	RecordNumber=2270404940	TimeGenerated=1389395912	TimeWritten=1389395912	Message=User Account Locked Out:   Target Account Name: Salesxp00947   Target Account ID: corpoRETAIL\Salesxp00947   Caller Machine Name: corpoS00947W09   Caller User Name: USCHRETDC01$   Caller Domain: corpoRETAIL   Caller Logon ID: (0x0,0x3E7)   
<13>Jan 10 18:15:24 USCHRETDC01 AgentDevice=WindowsLog	AgentLogFile=Security	PluginVersion=1.0.14	Source=Security	Computer=USCHRETDC01	User=SYSTEM	Domain=NT AUTHORITY	EventID=644	EventIDCcorpoe=644	EventType=8	EventCategory=7	RecordNumber=2270400609	TimeGenerated=1389395722	TimeWritten=1389395722	Message=User Account Locked Out:   Target Account Name: Salesxp00489   Target Account ID: corpoRETAIL\Salesxp00489   Caller Machine Name: corpoS00489W11   Caller User Name: USCHRETDC01$   Caller Domain: corpoRETAIL   Caller Logon ID: (0x0,0x3E7)   
<13>Jan 10 18:10:15 USCHRETDC01 AgentDevice=WindowsLog	AgentLogFile=Security	PluginVersion=1.0.14	Source=Security	Computer=USCHRETDC01	User=SYSTEM	Domain=NT AUTHORITY	EventID=644	EventIDCcorpoe=644	EventType=8	EventCategory=7	RecordNumber=2270393054	TimeGenerated=1389395413	TimeWritten=1389395413	Message=User Account Locked Out:   Target Account Name: user00071   Target Account ID: corpoRETAIL\user00071   Caller Machine Name: corpoS00071W12   Caller User Name: USCHRETDC01$   Caller Domain: corpoRETAIL   Caller Logon ID: (0x0,0x3E7)   
<13>Jan 10 18:08:15 USCHRETDC01 AgentDevice=WindowsLog	AgentLogFile=Security	PluginVersion=1.0.14	Source=Security	Computer=USCHRETDC01	User=SYSTEM	Domain=NT AUTHORITY	EventID=644	EventIDCcorpoe=644	EventType=8	EventCategory=7	RecordNumber=2270390174	TimeGenerated=1389395292	TimeWritten=1389395292	Message=User Account Locked Out:   Target Account Name: Salesxp00251   Target Account ID: corpoRETAIL\Salesxp00251   Caller Machine Name: corpoS00251W12   Caller User Name: USCHRETDC01$   Caller Domain: corpoRETAIL   Caller Logon ID: (0x0,0x3E7)   
<13>Jan 10 17:37:10 USCHRETDC01 AgentDevice=WindowsLog	AgentLogFile=Security	PluginVersion=1.0.14	Source=Security	Computer=USCHRETDC01	User=SYSTEM	Domain=NT AUTHORITY	EventID=644	EventIDCcorpoe=644	EventType=8	EventCategory=7	RecordNumber=2270344001	TimeGenerated=1389393427	TimeWritten=1389393427	Message=User Account Locked Out:   Target Account Name: Salesxp02653   Target Account ID: corpoRETAIL\Salesxp02653   Caller Machine Name: corpoS02653W06   Caller User Name: USCHRETDC01$   Caller Domain: corpoRETAIL   Caller Logon ID: (0x0,0x3E7)   
<13>Jan 10 17:35:13 USCHRETDC01 AgentDevice=WindowsLog	AgentLogFile=Security	PluginVersion=1.0.14	Source=Security	Computer=USCHRETDC01	User=SYSTEM	Domain=NT AUTHORITY	EventID=644	EventIDCcorpoe=644	EventType=8	EventCategory=7	RecordNumber=2270340935	TimeGenerated=1389393310	TimeWritten=1389393310	Message=User Account Locked Out:   Target Account Name: Salesxp00286   Target Account ID: corpoRETAIL\Salesxp00286   Caller Machine Name: corpoS00286W09   Caller User Name: USCHRETDC01$   Caller Domain: corpoRETAIL   Caller Logon ID: (0x0,0x3E7)   
<13>Jan 10 17:28:02 USCHRETDC01 AgentDevice=WindowsLog	AgentLogFile=Security	PluginVersion=1.0.14	Source=Security	Computer=USCHRETDC01	User=SYSTEM	Domain=NT AUTHORITY	EventID=644	EventIDCcorpoe=644	EventType=8	EventCategory=7	RecordNumber=2270328971	TimeGenerated=1389392879	TimeWritten=1389392879	Message=User Account Locked Out:   Target Account Name: Salesxp02141   Target Account ID: corpoRETAIL\Salesxp02141   Caller Machine Name: corpoS02141W11   Caller User Name: USCHRETDC01$   Caller Domain: corpoRETAIL   Caller Logon ID: (0x0,0x3E7)   
