<13>Jan 13 06:20:02 USCHNAHUB03 AgentDevice=WindowsLog	AgentLogFile=Security	PluginVersion=1.0.14	Source=Security	Computer=USCHNAHUB03	User=Klaas-Prins	Domain=NA	EventID=671	EventIDCcorpoe=671	EventType=8	EventCategory=7	RecordNumber=1597380076	TimeGenerated=1389608896	TimeWritten=1389608896	Message=User Account Unlocked:   Target Account Name: Bala-Chandran   Target Domain:  NA   Target Account ID: NA\Bala-Chandran   Caller User Name: Klaas-Prins   Caller Domain: NA   Caller Logon ID: (0x0,0x6D94B699)   
<13>Jan 11 23:25:17 USCHNAHUB03 AgentDevice=WindowsLog	AgentLogFile=Security	PluginVersion=1.0.14	Source=Security	Computer=USCHNAHUB03	User=SYSTEM	Domain=NT AUTHORITY	EventID=644	EventIDCcorpoe=644	EventType=8	EventCategory=7	RecordNumber=1592288724	TimeGenerated=1389497368	TimeWritten=1389497368	Message=User Account Locked Out:   Target Account Name: Francine-Staton   Target Account ID: NA\Francine-Staton   Caller Machine Name: R9KX8NE   Caller User Name: USCHNAHUB03$   Caller Domain: NA   Caller Logon ID: (0x0,0x3E7)   
<13>Jan 10 16:45:20 USCHNAHUB03 AgentDevice=WindowsLog	AgentLogFile=Security	PluginVersion=1.0.14	Source=Security	Computer=USCHNAHUB03	User=651435MGR	Domain=NA	EventID=642	EventIDCcorpoe=642	EventType=8	EventCategory=7	RecordNumber=1588129607	TimeGenerated=1389387961	TimeWritten=1389387961	Message=User Account Changed:   Target Account Name: Compensation-Group   Target Domain: NA   Target Account ID: NA\Compensation-Group   Caller User Name: 651435MGR   Caller Domain: NA   Caller Logon ID: (0x0,0x5DA89C60)   Privileges: -  Changed Attributes:   Sam Account Name: -   Display Name: -   User Principal Name: -   Home Directory: -   Home Drive: -   Script Path: -   Profile Path: -   User Workstations: -   Password Last Set: -   Account Expires: -   Primary Group ID: -   AllowedTcorpoelegateTo: -   Old UAC Value: -   New UAC Value: -   User Account Control: -   User Parameters: -   Sid History: -   Logon Hours: -   
<13>Jan 10 16:27:08 USCHNAHUB03 AgentDevice=WindowsLog	AgentLogFile=Security	PluginVersion=1.0.14	Source=Security	Computer=USCHNAHUB03	User=Stephan-Kober	Domain=NA	EventID=671	EventIDCcorpoe=671	EventType=8	EventCategory=7	RecordNumber=1588077102	TimeGenerated=1389386878	TimeWritten=1389386878	Message=User Account Unlocked:   Target Account Name: Carolina-Carpio   Target Domain:  NA   Target Account ID: NA\Carolina-Carpio   Caller User Name: Stephan-Kober   Caller Domain: NA   Caller Logon ID: (0x0,0x5D93F510)   
<13>Jan 10 13:26:00 USCHNAHUB03 AgentDevice=WindowsLog	AgentLogFile=Security	PluginVersion=1.0.14	Source=Security	Computer=USCHNAHUB03	User=LPMan	Domain=NA	EventID=671	EventIDCcorpoe=671	EventType=8	EventCategory=7	RecordNumber=1587590867	TimeGenerated=1389377922	TimeWritten=1389377922	Message=User Account Unlocked:   Target Account Name: Lance-Pearce   Target Domain:  NA   Target Account ID: NA\Lance-Pearce   Caller User Name: LPMan   Caller Domain: NA   Caller Logon ID: (0x0,0x5CD9D906)   
<13>Jan 10 12:50:42 USCHNAHUB03 AgentDevice=WindowsLog	AgentLogFile=Security	PluginVersion=1.0.14	Source=Security	Computer=USCHNAHUB03	User=K-Listewnik	Domain=NA	EventID=671	EventIDCcorpoe=671	EventType=8	EventCategory=7	RecordNumber=1587525712	TimeGenerated=1389375243	TimeWritten=1389375243	Message=User Account Unlocked:   Target Account Name: Cassandra-Strickland   Target Domain:  NA   Target Account ID: NA\Cassandra-Strickland   Caller User Name: K-Listewnik   Caller Domain: NA   Caller Logon ID: (0x0,0x5CB67FB2)   
<13>Jan 10 12:50:38 USCHNAHUB03 AgentDevice=WindowsLog	AgentLogFile=Security	PluginVersion=1.0.14	Source=Security	Computer=USCHNAHUB03	User=K-Listewnik	Domain=NA	EventID=671	EventIDCcorpoe=671	EventType=8	EventCategory=7	RecordNumber=1587525587	TimeGenerated=1389375227	TimeWritten=1389375227	Message=User Account Unlocked:   Target Account Name: Cassandra-Strickland   Target Domain:  NA   Target Account ID: NA\Cassandra-Strickland   Caller User Name: K-Listewnik   Caller Domain: NA   Caller Logon ID: (0x0,0x5CB66BD0)   
<13>Jan 10 11:56:58 USCHNAHUB03 AgentDevice=WindowsLog	AgentLogFile=Security	PluginVersion=1.0.14	Source=Security	Computer=USCHNAHUB03	User=610019MAN	Domain=NA	EventID=671	EventIDCcorpoe=671	EventType=8	EventCategory=7	RecordNumber=1587370045	TimeGenerated=1389371306	TimeWritten=1389371306	Message=User Account Unlocked:   Target Account Name: Adrian-Macean   Target Domain:  NA   Target Account ID: NA\Adrian-Macean   Caller User Name: 610019MAN   Caller Domain: NA   Caller Logon ID: (0x0,0x5C73D5AA)   
