<13>Jan 10 10:41:14 USCHPSFZSFTP01 AgentDevice=WindowsLog	AgentLogFile=Security	PluginVersion=1.0.14	Source=Security	Computer=USCHPSFZSFTP01	User=JEMgr	Domain=NA	EventID=624	EventIDCcorpoe=624	EventType=8	EventCategory=7	RecordNumber=1009100	TimeGenerated=1389368471	TimeWritten=1389368471	Message=User Account Created:   New Account Name: PypF65   New Domain: USCHPSFZSFTP01   New Account ID: USCHPSFZSFTP01\PypF65   Caller User Name: Jemgr   Caller Domain: NA   Caller Logon ID: (0x0,0x22E65F4A)   Privileges  -  Attributes:   Sam Account Name: PypF65   Display Name: <value not set>    User Principal Name: -   Home Directory: <value not set>    Home Drive: <value not set>    Script Path: <value not set>    Profile Path: <value not set>    User Workstations: <value not set>    Password Last Set: <never>    Account Expires: <never>    Primary Group ID: 513   AllowedTcorpoelegateTo: -   Old UAC Value: 0xF7218   New UAC Value: 0xF7218   User Account Control: -   User Parameters: <value not set>    Sid History: -   Logon Hours: <value changed, but not displayed>    
<13>Jan 10 10:41:14 USCHPSFZSFTP01 AgentDevice=WindowsLog	AgentLogFile=Security	PluginVersion=1.0.14	Source=Security	Computer=USCHPSFZSFTP01	User=JEMgr	Domain=NA	EventID=642	EventIDCcorpoe=642	EventType=8	EventCategory=7	RecordNumber=1009105	TimeGenerated=1389368471	TimeWritten=1389368471	Message=User Account Changed:   Target Account Name: PypF65   Target Domain: USCHPSFZSFTP01   Target Account ID: USCHPSFZSFTP01\PypF65   Caller User Name: Jemgr   Caller Domain: NA   Caller Logon ID: (0x0,0x22E65F4A)   Privileges: -  Changed Attributes:   Sam Account Name: PypF65   Display Name: Payroll files   User Principal Name: -   Home Directory: <value not set>    Home Drive: <value not set>    Script Path: <value not set>    Profile Path: <value not set>    User Workstations: <value not set>    Password Last Set: 1/10/2014 10:41:11 AM   Account Expires: <never>    Primary Group ID: 513   AllowedTcorpoelegateTo: -   Old UAC Value: 0xF7710   New UAC Value: 0xF7710   User Account Control: -   User Parameters: <value not set>    Sid History: -   Logon Hours: <value changed, but not displayed>    
<13>Jan 10 10:41:14 USCHPSFZSFTP01 AgentDevice=WindowsLog	AgentLogFile=Security	PluginVersion=1.0.14	Source=Security	Computer=USCHPSFZSFTP01	User=JEMgr	Domain=NA	EventID=642	EventIDCcorpoe=642	EventType=8	EventCategory=7	RecordNumber=1009102	TimeGenerated=1389368471	TimeWritten=1389368471	Message=User Account Changed:   Target Account Name: PypF65   Target Domain: USCHPSFZSFTP01   Target Account ID: USCHPSFZSFTP01\PypF65   Caller User Name: Jemgr   Caller Domain: NA   Caller Logon ID: (0x0,0x22E65F4A)   Privileges: -  Changed Attributes:   Sam Account Name: PypF65   Display Name: Payroll files   User Principal Name: -   Home Directory: <value not set>    Home Drive: <value not set>    Script Path: <value not set>    Profile Path: <value not set>    User Workstations: <value not set>    Password Last Set: 1/10/2014 10:41:11 AM   Account Expires: <never>    Primary Group ID: 513   AllowedTcorpoelegateTo: -   Old UAC Value: 0xF7218   New UAC Value: 0xF7218   User Account Control: -   User Parameters: -   Sid History: -   Logon Hours: <value changed, but not displayed>    
<13>Jan 10 10:41:14 USCHPSFZSFTP01 AgentDevice=WindowsLog	AgentLogFile=Security	PluginVersion=1.0.14	Source=Security	Computer=USCHPSFZSFTP01	User=JEMgr	Domain=NA	EventID=626	EventIDCcorpoe=626	EventType=8	EventCategory=7	RecordNumber=1009101	TimeGenerated=1389368471	TimeWritten=1389368471	Message=User Account Enabled:   Target Account Name: PypF65   Target Domain: USCHPSFZSFTP01   Target Account ID: USCHPSFZSFTP01\PypF65   Caller User Name: Jemgr   Caller Domain: NA   Caller Logon ID: (0x0,0x22E65F4A)   
