<13>Jan 13 08:48:08 USCHNABH02 AgentDevice=WindowsLog	AgentLogFile=Security	PluginVersion=1.0.14	Source=Security	Computer=USCHNABH02	User=Vicki-Dumont	Domain=NA	EventID=642	EventIDCcorpoe=642	EventType=8	EventCategory=7	RecordNumber=1402576171	TimeGenerated=1389620885	TimeWritten=1389620885	Message=User Account Changed:   Target Account Name: Vicki-Dumont   Target Domain: NA   Target Account ID: NA\Vicki-Dumont   Caller User Name: Vicki-Dumont   Caller Domain: NA   Caller Logon ID: (0x0,0x456EFAF2)   Privileges: -  Changed Attributes:   Sam Account Name: -   Display Name: -   User Principal Name: -   Home Directory: -   Home Drive: -   Script Path: -   Profile Path: -   User Workstations: -   Password Last Set: 1/13/2014 8:48:05 AM   Account Expires: -   Primary Group ID: -   AllowedTcorpoelegateTo: -   Old UAC Value: -   New UAC Value: -   User Account Control: -   User Parameters: -   Sid History: -   Logon Hours: -   
<13>Jan 13 08:47:25 USCHNABH02 AgentDevice=WindowsLog	AgentLogFile=Security	PluginVersion=1.0.14	Source=Security	Computer=USCHNABH02	User=Matthew-Ambroso	Domain=NA	EventID=642	EventIDCcorpoe=642	EventType=8	EventCategory=7	RecordNumber=1402575259	TimeGenerated=1389620843	TimeWritten=1389620843	Message=User Account Changed:   Target Account Name: Matthew-Ambroso   Target Domain: NA   Target Account ID: NA\Matthew-Ambroso   Caller User Name: Matthew-Ambroso   Caller Domain: NA   Caller Logon ID: (0x0,0x456E4413)   Privileges: -  Changed Attributes:   Sam Account Name: -   Display Name: -   User Principal Name: -   Home Directory: -   Home Drive: -   Script Path: -   Profile Path: -   User Workstations: -   Password Last Set: 1/13/2014 8:47:23 AM   Account Expires: -   Primary Group ID: -   AllowedTcorpoelegateTo: -   Old UAC Value: -   New UAC Value: -   User Account Control: -   User Parameters: -   Sid History: -   Logon Hours: -   
<13>Jan 13 08:46:41 USCHNABH02 AgentDevice=WindowsLog	AgentLogFile=Security	PluginVersion=1.0.14	Source=Security	Computer=USCHNABH02	User=Linda-Leboutillier	Domain=NA	EventID=642	EventIDCcorpoe=642	EventType=8	EventCategory=7	RecordNumber=1402574363	TimeGenerated=1389620798	TimeWritten=1389620798	Message=User Account Changed:   Target Account Name: Linda-Leboutillier   Target Domain: NA   Target Account ID: NA\Linda-Leboutillier   Caller User Name: Linda-Leboutillier   Caller Domain: NA   Caller Logon ID: (0x0,0x456DD4E9)   Privileges: -  Changed Attributes:   Sam Account Name: -   Display Name: -   User Principal Name: -   Home Directory: -   Home Drive: -   Script Path: -   Profile Path: -   User Workstations: -   Password Last Set: 1/13/2014 8:46:38 AM   Account Expires: -   Primary Group ID: -   AllowedTcorpoelegateTo: -   Old UAC Value: -   New UAC Value: -   User Account Control: -   User Parameters: -   Sid History: -   Logon Hours: -   
<13>Jan 13 08:39:43 USCHNABH02 AgentDevice=WindowsLog	AgentLogFile=Security	PluginVersion=1.0.14	Source=Security	Computer=USCHNABH02	User=ANONYMOUS LOGON	Domain=NT AUTHORITY	EventID=642	EventIDCcorpoe=642	EventType=8	EventCategory=7	RecordNumber=1402567685	TimeGenerated=1389620379	TimeWritten=1389620379	Message=User Account Changed:   Target Account Name: Vincent-Stilo   Target Domain: NA   Target Account ID: NA\Vincent-Stilo   Caller User Name: ANONYMOUS LOGON   Caller Domain: NT AUTHORITY   Caller Logon ID: (0x0,0x4569DC7A)   Privileges: -  Changed Attributes:   Sam Account Name: -   Display Name: -   User Principal Name: -   Home Directory: -   Home Drive: -   Script Path: -   Profile Path: -   User Workstations: -   Password Last Set: 1/13/2014 8:39:39 AM   Account Expires: -   Primary Group ID: -   AllowedTcorpoelegateTo: -   Old UAC Value: -   New UAC Value: -   User Account Control: -   User Parameters: -   Sid History: -   Logon Hours: -   
<13>Jan 13 08:33:57 USCHNABH02 AgentDevice=WindowsLog	AgentLogFile=Security	PluginVersion=1.0.14	Source=Security	Computer=USCHNABH02	User=LaToya-Jones	Domain=NA	EventID=642	EventIDCcorpoe=642	EventType=8	EventCategory=7	RecordNumber=1402561742	TimeGenerated=1389620034	TimeWritten=1389620034	Message=User Account Changed:   Target Account Name: LaToya-Jones   Target Domain: NA   Target Account ID: NA\LaToya-Jones   Caller User Name: LaToya-Jones   Caller Domain: NA   Caller Logon ID: (0x0,0x45663D0F)   Privileges: -  Changed Attributes:   Sam Account Name: -   Display Name: -   User Principal Name: -   Home Directory: -   Home Drive: -   Script Path: -   Profile Path: -   User Workstations: -   Password Last Set: 1/13/2014 8:33:53 AM   Account Expires: -   Primary Group ID: -   AllowedTcorpoelegateTo: -   Old UAC Value: -   New UAC Value: -   User Account Control: -   User Parameters: -   Sid History: -   Logon Hours: -   
<13>Jan 13 08:31:38 USCHNABH02 AgentDevice=WindowsLog	AgentLogFile=Security	PluginVersion=1.0.14	Source=Security	Computer=USCHNABH02	User=Fabian-Fleissner	Domain=NA	EventID=671	EventIDCcorpoe=671	EventType=8	EventCategory=7	RecordNumber=1402559766	TimeGenerated=1389619895	TimeWritten=1389619895	Message=User Account Unlocked:   Target Account Name: Paul-DSouza1   Target Domain:  NA   Target Account ID: NA\Paul-DSouza1   Caller User Name: Fabian-Fleissner   Caller Domain: NA   Caller Logon ID: (0x0,0x4564E426)   
<13>Jan 13 08:23:48 USCHNABH02 AgentDevice=WindowsLog	AgentLogFile=Security	PluginVersion=1.0.14	Source=Security	Computer=USCHNABH02	User=Fabian-Fleissner	Domain=NA	EventID=671	EventIDCcorpoe=671	EventType=8	EventCategory=7	RecordNumber=1402551821	TimeGenerated=1389619426	TimeWritten=1389619426	Message=User Account Unlocked:   Target Account Name: Paul-DSouza1   Target Domain:  NA   Target Account ID: NA\Paul-DSouza1   Caller User Name: Fabian-Fleissner   Caller Domain: NA   Caller Logon ID: (0x0,0x456023F9)   
<13>Jan 13 08:16:54 USCHNABH02 AgentDevice=WindowsLog	AgentLogFile=Security	PluginVersion=1.0.14	Source=Security	Computer=USCHNABH02	User=Klaas-Prins	Domain=NA	EventID=671	EventIDCcorpoe=671	EventType=8	EventCategory=7	RecordNumber=1402546257	TimeGenerated=1389619012	TimeWritten=1389619012	Message=User Account Unlocked:   Target Account Name: Diane-Demma   Target Domain:  NA   Target Account ID: NA\Diane-Demma   Caller User Name: Klaas-Prins   Caller Domain: NA   Caller Logon ID: (0x0,0x455BFE82)   
<13>Jan 13 07:55:23 USCHNABH02 AgentDevice=WindowsLog	AgentLogFile=Security	PluginVersion=1.0.14	Source=Security	Computer=USCHNABH02	User=Wanda-Chormicle	Domain=NA	EventID=642	EventIDCcorpoe=642	EventType=8	EventCategory=7	RecordNumber=1402529039	TimeGenerated=1389617720	TimeWritten=1389617720	Message=User Account Changed:   Target Account Name: Wanda-Chormicle   Target Domain: NA   Target Account ID: NA\Wanda-Chormicle   Caller User Name: Wanda-Chormicle   Caller Domain: NA   Caller Logon ID: (0x0,0x454FD1E6)   Privileges: -  Changed Attributes:   Sam Account Name: -   Display Name: -   User Principal Name: -   Home Directory: -   Home Drive: -   Script Path: -   Profile Path: -   User Workstations: -   Password Last Set: 1/13/2014 7:55:20 AM   Account Expires: -   Primary Group ID: -   AllowedTcorpoelegateTo: -   Old UAC Value: -   New UAC Value: -   User Account Control: -   User Parameters: -   Sid History: -   Logon Hours: -   
<13>Jan 13 05:28:16 USCHNABH02 AgentDevice=WindowsLog	AgentLogFile=Security	PluginVersion=1.0.14	Source=Security	Computer=USCHNABH02	User=Klaas-Prins	Domain=NA	EventID=671	EventIDCcorpoe=671	EventType=8	EventCategory=7	RecordNumber=1402458413	TimeGenerated=1389608894	TimeWritten=1389608894	Message=User Account Unlocked:   Target Account Name: Bala-Chandran   Target Domain:  NA   Target Account ID: NA\Bala-Chandran   Caller User Name: Klaas-Prins   Caller Domain: NA   Caller Logon ID: (0x0,0x4508D520)   
<13>Jan 13 05:02:56 USCHNABH02 AgentDevice=WindowsLog	AgentLogFile=Security	PluginVersion=1.0.14	Source=Security	Computer=USCHNABH02	User=Alejandra-Ornelas	Domain=NA	EventID=642	EventIDCcorpoe=642	EventType=8	EventCategory=7	RecordNumber=1402449123	TimeGenerated=1389607373	TimeWritten=1389607373	Message=User Account Changed:   Target Account Name: Alejandra-Ornelas   Target Domain: NA   Target Account ID: NA\Alejandra-Ornelas   Caller User Name: Alejandra-Ornelas   Caller Domain: NA   Caller Logon ID: (0x0,0x44FDCF96)   Privileges: -  Changed Attributes:   Sam Account Name: -   Display Name: -   User Principal Name: -   Home Directory: -   Home Drive: -   Script Path: -   Profile Path: -   User Workstations: -   Password Last Set: 1/13/2014 5:02:53 AM   Account Expires: -   Primary Group ID: -   AllowedTcorpoelegateTo: -   Old UAC Value: -   New UAC Value: -   User Account Control: -   User Parameters: -   Sid History: -   Logon Hours: -   
<13>Jan 13 04:09:50 USCHNABH02 AgentDevice=WindowsLog	AgentLogFile=Security	PluginVersion=1.0.14	Source=Security	Computer=USCHNABH02	User=ANONYMOUS LOGON	Domain=NT AUTHORITY	EventID=642	EventIDCcorpoe=642	EventType=8	EventCategory=7	RecordNumber=1402433740	TimeGenerated=1389604186	TimeWritten=1389604186	Message=User Account Changed:   Target Account Name: Angela-Willcox   Target Domain: NA   Target Account ID: NA\Angela-Willcox   Caller User Name: ANONYMOUS LOGON   Caller Domain: NT AUTHORITY   Caller Logon ID: (0x0,0x44E75A35)   Privileges: -  Changed Attributes:   Sam Account Name: -   Display Name: -   User Principal Name: -   Home Directory: -   Home Drive: -   Script Path: -   Profile Path: -   User Workstations: -   Password Last Set: 1/13/2014 4:09:46 AM   Account Expires: -   Primary Group ID: -   AllowedTcorpoelegateTo: -   Old UAC Value: -   New UAC Value: -   User Account Control: -   User Parameters: -   Sid History: -   Logon Hours: -   
<13>Jan 13 10:09:03 EUNLVEDC01 AgentDevice=WindowsLog	AgentLogFile=Security	PluginVersion=1.0.14	Source=Security	Computer=EUNLVEDC01	User=SYSTEM	Domain=NT AUTHORITY	EventID=644	EventIDCcorpoe=644	EventType=8	EventCategory=7	RecordNumber=2555017214	TimeGenerated=1389601529	TimeWritten=1389601529	Message=User Account Locked Out:   Target Account Name: Mireille-Mihoub   Target Account ID: EUROPE\Mireille-Mihoub   Caller Machine Name: USCHNABH02   Caller User Name: EUNLVEDC01$   Caller Domain: EUROPE   Caller Logon ID: (0x0,0x3E7)   
<13>Jan 13 03:57:41 USCHNABH02 AgentDevice=WindowsLog	AgentLogFile=Security	PluginVersion=1.0.14	Source=Security	Computer=USCHNABH02	User=Don-Miller	Domain=NA	EventID=642	EventIDCcorpoe=642	EventType=8	EventCategory=7	RecordNumber=1402429573	TimeGenerated=1389603459	TimeWritten=1389603459	Message=User Account Changed:   Target Account Name: Don-Miller   Target Domain: NA   Target Account ID: NA\Don-Miller   Caller User Name: Don-Miller   Caller Domain: NA   Caller Logon ID: (0x0,0x44E10469)   Privileges: -  Changed Attributes:   Sam Account Name: -   Display Name: -   User Principal Name: -   Home Directory: -   Home Drive: -   Script Path: -   Profile Path: -   User Workstations: -   Password Last Set: 1/13/2014 3:57:39 AM   Account Expires: -   Primary Group ID: -   AllowedTcorpoelegateTo: -   Old UAC Value: -   New UAC Value: -   User Account Control: -   User Parameters: -   Sid History: -   Logon Hours: -   
<13>Jan 13 01:13:24 USCHNABH02 AgentDevice=WindowsLog	AgentLogFile=Security	PluginVersion=1.0.14	Source=Security	Computer=USCHNABH02	User=Richard-McLaughlin	Domain=NA	EventID=642	EventIDCcorpoe=642	EventType=8	EventCategory=7	RecordNumber=1402373125	TimeGenerated=1389593402	TimeWritten=1389593402	Message=User Account Changed:   Target Account Name: Richard-McLaughlin   Target Domain: NA   Target Account ID: NA\Richard-McLaughlin   Caller User Name: Richard-McLaughlin   Caller Domain: NA   Caller Logon ID: (0x0,0x44841EFE)   Privileges: -  Changed Attributes:   Sam Account Name: -   Display Name: -   User Principal Name: -   Home Directory: -   Home Drive: -   Script Path: -   Profile Path: -   User Workstations: -   Password Last Set: 1/13/2014 1:10:02 AM   Account Expires: -   Primary Group ID: -   AllowedTcorpoelegateTo: -   Old UAC Value: -   New UAC Value: -   User Account Control: -   User Parameters: -   Sid History: -   Logon Hours: -   
<13>Jan 12 20:16:41 USCHPOSDC01 AgentDevice=WindowsLog	AgentLogFile=Security	PluginVersion=1.0.14	Source=Security	Computer=USCHPOSDC01	User=SYSTEM	Domain=NT AUTHORITY	EventID=644	EventIDCcorpoe=644	EventType=8	EventCategory=7	RecordNumber=2545680633	TimeGenerated=1389575798	TimeWritten=1389575798	Message=User Account Locked Out:   Target Account Name: 655679   Target Account ID: POS\655679   Caller Machine Name: USCHNABH02   Caller User Name: USCHPOSDC01$   Caller Domain: POS   Caller Logon ID: (0x0,0x3E7)   
<13>Jan 12 19:12:54 USCHPOSDC01 AgentDevice=WindowsLog	AgentLogFile=Security	PluginVersion=1.0.14	Source=Security	Computer=USCHPOSDC01	User=SYSTEM	Domain=NT AUTHORITY	EventID=644	EventIDCcorpoe=644	EventType=8	EventCategory=7	RecordNumber=2545650238	TimeGenerated=1389571970	TimeWritten=1389571970	Message=User Account Locked Out:   Target Account Name: 651576   Target Account ID: POS\651576   Caller Machine Name: USCHNABH02   Caller User Name: USCHPOSDC01$   Caller Domain: POS   Caller Logon ID: (0x0,0x3E7)   
<13>Jan 12 15:35:29 USCHPOSDC01 AgentDevice=WindowsLog	AgentLogFile=Security	PluginVersion=1.0.14	Source=Security	Computer=USCHPOSDC01	User=SYSTEM	Domain=NT AUTHORITY	EventID=644	EventIDCcorpoe=644	EventType=8	EventCategory=7	RecordNumber=2545463558	TimeGenerated=1389558926	TimeWritten=1389558926	Message=User Account Locked Out:   Target Account Name: 644378   Target Account ID: POS\644378   Caller Machine Name: USCHNABH02   Caller User Name: USCHPOSDC01$   Caller Domain: POS   Caller Logon ID: (0x0,0x3E7)   
<13>Jan 12 12:42:31 USCHPOSDC01 AgentDevice=WindowsLog	AgentLogFile=Security	PluginVersion=1.0.14	Source=Security	Computer=USCHPOSDC01	User=SYSTEM	Domain=NT AUTHORITY	EventID=644	EventIDCcorpoe=644	EventType=8	EventCategory=7	RecordNumber=2545284534	TimeGenerated=1389548547	TimeWritten=1389548547	Message=User Account Locked Out:   Target Account Name: 610212   Target Account ID: POS\610212   Caller Machine Name: USCHNABH02   Caller User Name: USCHPOSDC01$   Caller Domain: POS   Caller Logon ID: (0x0,0x3E7)   
<13>Jan 12 11:58:59 USCHPOSDC01 AgentDevice=WindowsLog	AgentLogFile=Security	PluginVersion=1.0.14	Source=Security	Computer=USCHPOSDC01	User=SYSTEM	Domain=NT AUTHORITY	EventID=644	EventIDCcorpoe=644	EventType=8	EventCategory=7	RecordNumber=2545229116	TimeGenerated=1389545936	TimeWritten=1389545936	Message=User Account Locked Out:   Target Account Name: 642096   Target Account ID: POS\642096   Caller Machine Name: USCHNABH02   Caller User Name: USCHPOSDC01$   Caller Domain: POS   Caller Logon ID: (0x0,0x3E7)   
<13>Jan 11 20:42:25 USCHPOSDC01 AgentDevice=WindowsLog	AgentLogFile=Security	PluginVersion=1.0.14	Source=Security	Computer=USCHPOSDC01	User=SYSTEM	Domain=NT AUTHORITY	EventID=644	EventIDCcorpoe=644	EventType=8	EventCategory=7	RecordNumber=2544580925	TimeGenerated=1389490943	TimeWritten=1389490943	Message=User Account Locked Out:   Target Account Name: 224297   Target Account ID: POS\224297   Caller Machine Name: USCHNABH02   Caller User Name: USCHPOSDC01$   Caller Domain: POS   Caller Logon ID: (0x0,0x3E7)   
<13>Jan 11 18:01:25 USCHPOSDC01 AgentDevice=WindowsLog	AgentLogFile=Security	PluginVersion=1.0.14	Source=Security	Computer=USCHPOSDC01	User=SYSTEM	Domain=NT AUTHORITY	EventID=644	EventIDCcorpoe=644	EventType=8	EventCategory=7	RecordNumber=2544461739	TimeGenerated=1389481282	TimeWritten=1389481282	Message=User Account Locked Out:   Target Account Name: 650759   Target Account ID: POS\650759   Caller Machine Name: USCHNABH02   Caller User Name: USCHPOSDC01$   Caller Domain: POS   Caller Logon ID: (0x0,0x3E7)   
<13>Jan 11 12:20:01 USCHNABH02 AgentDevice=WindowsLog	AgentLogFile=Security	PluginVersion=1.0.14	Source=Security	Computer=USCHNABH02	User=SYSTEM	Domain=NT AUTHORITY	EventID=644	EventIDCcorpoe=644	EventType=8	EventCategory=7	RecordNumber=1401053940	TimeGenerated=1389460797	TimeWritten=1389460797	Message=User Account Locked Out:   Target Account Name: Thomas-Jones1   Target Account ID: NA\Thomas-Jones1   Caller Machine Name: US2928XCPF07   Caller User Name: USCHNABH02$   Caller Domain: NA   Caller Logon ID: (0x0,0x3E7)   
<13>Jan 11 09:02:55 USCHPOSDC01 AgentDevice=WindowsLog	AgentLogFile=Security	PluginVersion=1.0.14	Source=Security	Computer=USCHPOSDC01	User=SYSTEM	Domain=NT AUTHORITY	EventID=644	EventIDCcorpoe=644	EventType=8	EventCategory=7	RecordNumber=2543908903	TimeGenerated=1389448971	TimeWritten=1389448971	Message=User Account Locked Out:   Target Account Name: 651748   Target Account ID: POS\651748   Caller Machine Name: USCHNABH02   Caller User Name: USCHPOSDC01$   Caller Domain: POS   Caller Logon ID: (0x0,0x3E7)   
<13>Jan 11 12:28:45 EUNLVEDC01 AgentDevice=WindowsLog	AgentLogFile=Security	PluginVersion=1.0.14	Source=Security	Computer=EUNLVEDC01	User=SYSTEM	Domain=NT AUTHORITY	EventID=644	EventIDCcorpoe=644	EventType=8	EventCategory=7	RecordNumber=2552896246	TimeGenerated=1389439723	TimeWritten=1389439723	Message=User Account Locked Out:   Target Account Name: Bertrand-Chevalier   Target Account ID: EUROPE\Bertrand-Chevalier   Caller Machine Name: USCHNABH02   Caller User Name: EUNLVEDC01$   Caller Domain: EUROPE   Caller Logon ID: (0x0,0x3E7)   
<13>Jan 11 11:15:50 EUNLVEDC01 AgentDevice=WindowsLog	AgentLogFile=Security	PluginVersion=1.0.14	Source=Security	Computer=EUNLVEDC01	User=SYSTEM	Domain=NT AUTHORITY	EventID=644	EventIDCcorpoe=644	EventType=8	EventCategory=7	RecordNumber=2552850772	TimeGenerated=1389435346	TimeWritten=1389435346	Message=User Account Locked Out:   Target Account Name: Lucimara-Alves   Target Account ID: EUROPE\Lucimara-Alves   Caller Machine Name: USCHNABH02   Caller User Name: EUNLVEDC01$   Caller Domain: EUROPE   Caller Logon ID: (0x0,0x3E7)   
<13>Jan 10 23:24:28 USCHNAHUB02 AgentDevice=WindowsLog	AgentLogFile=Security	PluginVersion=1.0.14	Source=Security	Computer=USCHNAHUB02	User=SYSTEM	Domain=NT AUTHORITY	EventID=644	EventIDCcorpoe=644	EventType=8	EventCategory=7	RecordNumber=3018307297	TimeGenerated=1389404445	TimeWritten=1389404445	Message=User Account Locked Out:   Target Account Name: Gregory-Boyce   Target Account ID: NA\Gregory-Boyce   Caller Machine Name: USCHNABH02   Caller User Name: USCHNAHUB02$   Caller Domain: NA   Caller Logon ID: (0x0,0x3E7)   
<13>Jan 10 21:50:03 USCHPOSDC01 AgentDevice=WindowsLog	AgentLogFile=Security	PluginVersion=1.0.14	Source=Security	Computer=USCHPOSDC01	User=SYSTEM	Domain=NT AUTHORITY	EventID=644	EventIDCcorpoe=644	EventType=8	EventCategory=7	RecordNumber=2543562783	TimeGenerated=1389408601	TimeWritten=1389408601	Message=User Account Locked Out:   Target Account Name: SVC-LINX   Target Account ID: POS\SVC-LINX   Caller Machine Name: USCHNABH02   Caller User Name: USCHPOSDC01$   Caller Domain: POS   Caller Logon ID: (0x0,0x3E7)   
<13>Jan 10 20:40:47 USCHNABH02 AgentDevice=WindowsLog	AgentLogFile=Security	PluginVersion=1.0.14	Source=Security	Computer=USCHNABH02	User=SYSTEM	Domain=NT AUTHORITY	EventID=644	EventIDCcorpoe=644	EventType=8	EventCategory=7	RecordNumber=1400400019	TimeGenerated=1389404445	TimeWritten=1389404445	Message=User Account Locked Out:   Target Account Name: Gregory-Boyce   Target Account ID: NA\Gregory-Boyce   Caller Machine Name: USCHNABH02   Caller User Name: USCHNABH02$   Caller Domain: NA   Caller Logon ID: (0x0,0x3E7)   
<13>Jan 10 19:21:36 USCHNAHUB02 AgentDevice=WindowsLog	AgentLogFile=Security	PluginVersion=1.0.14	Source=Security	Computer=USCHNAHUB02	User=SYSTEM	Domain=NT AUTHORITY	EventID=644	EventIDCcorpoe=644	EventType=8	EventCategory=7	RecordNumber=3017721705	TimeGenerated=1389390440	TimeWritten=1389390440	Message=User Account Locked Out:   Target Account Name: Roeuthy-Lorn   Target Account ID: NA\Roeuthy-Lorn   Caller Machine Name: USCHNABH02   Caller User Name: USCHNAHUB02$   Caller Domain: NA   Caller Logon ID: (0x0,0x3E7)   
<13>Jan 10 16:53:17 USCHPOSDC01 AgentDevice=WindowsLog	AgentLogFile=Security	PluginVersion=1.0.14	Source=Security	Computer=USCHPOSDC01	User=SYSTEM	Domain=NT AUTHORITY	EventID=644	EventIDCcorpoe=644	EventType=8	EventCategory=7	RecordNumber=2543302619	TimeGenerated=1389390795	TimeWritten=1389390795	Message=User Account Locked Out:   Target Account Name: 471617   Target Account ID: POS\471617   Caller Machine Name: USCHNABH02   Caller User Name: USCHPOSDC01$   Caller Domain: POS   Caller Logon ID: (0x0,0x3E7)   
<13>Jan 10 16:47:24 USCHNABH02 AgentDevice=WindowsLog	AgentLogFile=Security	PluginVersion=1.0.14	Source=Security	Computer=USCHNABH02	User=SYSTEM	Domain=NT AUTHORITY	EventID=644	EventIDCcorpoe=644	EventType=8	EventCategory=7	RecordNumber=1400243738	TimeGenerated=1389390440	TimeWritten=1389390440	Message=User Account Locked Out:   Target Account Name: Roeuthy-Lorn   Target Account ID: NA\Roeuthy-Lorn   Caller Machine Name: USCHNABH02   Caller User Name: USCHNABH02$   Caller Domain: NA   Caller Logon ID: (0x0,0x3E7)   
<13>Jan 10 15:55:11 USCHNABH02 AgentDevice=WindowsLog	AgentLogFile=Security	PluginVersion=1.0.14	Source=Security	Computer=USCHNABH02	User=SYSTEM	Domain=NT AUTHORITY	EventID=644	EventIDCcorpoe=644	EventType=8	EventCategory=7	RecordNumber=1400192141	TimeGenerated=1389387307	TimeWritten=1389387307	Message=User Account Locked Out:   Target Account Name: 495545mgr   Target Account ID: NA\495545mgr   Caller Machine Name: MJXLCK5   Caller User Name: USCHNABH02$   Caller Domain: NA   Caller Logon ID: (0x0,0x3E7)   
<13>Jan 10 15:47:56 USCHNABH02 AgentDevice=WindowsLog	AgentLogFile=Security	PluginVersion=1.0.14	Source=Security	Computer=USCHNABH02	User=Stephan-Kober	Domain=NA	EventID=671	EventIDCcorpoe=671	EventType=8	EventCategory=7	RecordNumber=1400184663	TimeGenerated=1389386874	TimeWritten=1389386874	Message=User Account Unlocked:   Target Account Name: Carolina-Carpio   Target Domain:  NA   Target Account ID: NA\Carolina-Carpio   Caller User Name: Stephan-Kober   Caller Domain: NA   Caller Logon ID: (0x0,0x3CDA3D6C)   
<13>Jan 10 13:58:10 USCHNAHUB02 AgentDevice=WindowsLog	AgentLogFile=Security	PluginVersion=1.0.14	Source=Security	Computer=USCHNAHUB02	User=SYSTEM	Domain=NT AUTHORITY	EventID=644	EventIDCcorpoe=644	EventType=8	EventCategory=7	RecordNumber=3017019269	TimeGenerated=1389380287	TimeWritten=1389380287	Message=User Account Locked Out:   Target Account Name: jacob-lynn   Target Account ID: NA\jacob-lynn   Caller Machine Name: USCHNABH02   Caller User Name: USCHNAHUB02$   Caller Domain: NA   Caller Logon ID: (0x0,0x3E7)   
<13>Jan 10 13:58:10 USCHNABH02 AgentDevice=WindowsLog	AgentLogFile=Security	PluginVersion=1.0.14	Source=Security	Computer=USCHNABH02	User=SYSTEM	Domain=NT AUTHORITY	EventID=644	EventIDCcorpoe=644	EventType=8	EventCategory=7	RecordNumber=1400079282	TimeGenerated=1389380287	TimeWritten=1389380287	Message=User Account Locked Out:   Target Account Name: jacob-lynn   Target Account ID: NA\jacob-lynn   Caller Machine Name: USCHNABH02   Caller User Name: USCHNABH02$   Caller Domain: NA   Caller Logon ID: (0x0,0x3E7)   
<13>Jan 10 12:52:58 USCHNABH02 AgentDevice=WindowsLog	AgentLogFile=Security	PluginVersion=1.0.14	Source=Security	Computer=USCHNABH02	User=Dave-Roper	Domain=NA	EventID=642	EventIDCcorpoe=642	EventType=8	EventCategory=7	RecordNumber=1400022331	TimeGenerated=1389376375	TimeWritten=1389376375	Message=User Account Changed:   Target Account Name: Dave-Roper   Target Domain: NA   Target Account ID: NA\Dave-Roper   Caller User Name: Dave-Roper   Caller Domain: NA   Caller Logon ID: (0x0,0x3C7218FA)   Privileges: -  Changed Attributes:   Sam Account Name: -   Display Name: -   User Principal Name: -   Home Directory: -   Home Drive: -   Script Path: -   Profile Path: -   User Workstations: -   Password Last Set: 1/10/2014 12:52:55 PM   Account Expires: -   Primary Group ID: -   AllowedTcorpoelegateTo: -   Old UAC Value: -   New UAC Value: -   User Account Control: -   User Parameters: -   Sid History: -   Logon Hours: -   
<13>Jan 10 12:33:56 USCHNABH02 AgentDevice=WindowsLog	AgentLogFile=Security	PluginVersion=1.0.14	Source=Security	Computer=USCHNABH02	User=K-Listewnik	Domain=NA	EventID=671	EventIDCcorpoe=671	EventType=8	EventCategory=7	RecordNumber=1400007096	TimeGenerated=1389375232	TimeWritten=1389375232	Message=User Account Unlocked:   Target Account Name: Cassandra-Strickland   Target Domain:  NA   Target Account ID: NA\Cassandra-Strickland   Caller User Name: K-Listewnik   Caller Domain: NA   Caller Logon ID: (0x0,0x3C67452B)   
<13>Jan 10 12:10:31 USCHNABH02 AgentDevice=WindowsLog	AgentLogFile=Security	PluginVersion=1.0.14	Source=Security	Computer=USCHNABH02	User=SYSTEM	Domain=NT AUTHORITY	EventID=644	EventIDCcorpoe=644	EventType=8	EventCategory=7	RecordNumber=1399987195	TimeGenerated=1389373829	TimeWritten=1389373829	Message=User Account Locked Out:   Target Account Name: Robert-Beaulieu   Target Account ID: NA\Robert-Beaulieu   Caller Machine Name: MJ073P4   Caller User Name: USCHNABH02$   Caller Domain: NA   Caller Logon ID: (0x0,0x3E7)   
<13>Jan 10 11:28:14 USCHNABH02 AgentDevice=WindowsLog	AgentLogFile=Security	PluginVersion=1.0.14	Source=Security	Computer=USCHNABH02	User=610019MAN	Domain=NA	EventID=671	EventIDCcorpoe=671	EventType=8	EventCategory=7	RecordNumber=1399948793	TimeGenerated=1389371291	TimeWritten=1389371291	Message=User Account Unlocked:   Target Account Name: Adrian-Macean   Target Domain:  NA   Target Account ID: NA\Adrian-Macean   Caller User Name: 610019MAN   Caller Domain: NA   Caller Logon ID: (0x0,0x3C40D33B)   
<13>Jan 10 10:10:49 USCHNABH02 AgentDevice=WindowsLog	AgentLogFile=Security	PluginVersion=1.0.14	Source=Security	Computer=USCHNABH02	User=Allen-Avilla	Domain=NA	EventID=642	EventIDCcorpoe=642	EventType=8	EventCategory=7	RecordNumber=1399865495	TimeGenerated=1389366646	TimeWritten=1389366646	Message=User Account Changed:   Target Account Name: Allen-Avilla   Target Domain: NA   Target Account ID: NA\Allen-Avilla   Caller User Name: Allen-Avilla   Caller Domain: NA   Caller Logon ID: (0x0,0x3C0EA24B)   Privileges: -  Changed Attributes:   Sam Account Name: -   Display Name: -   User Principal Name: -   Home Directory: -   Home Drive: -   Script Path: -   Profile Path: -   User Workstations: -   Password Last Set: 1/10/2014 10:10:46 AM   Account Expires: -   Primary Group ID: -   AllowedTcorpoelegateTo: -   Old UAC Value: -   New UAC Value: -   User Account Control: -   User Parameters: -   Sid History: -   Logon Hours: -   
<13>Jan 10 09:25:38 USCHNABH02 AgentDevice=WindowsLog	AgentLogFile=Security	PluginVersion=1.0.14	Source=Security	Computer=USCHNABH02	User=Isidore-Cordova	Domain=NA	EventID=642	EventIDCcorpoe=642	EventType=8	EventCategory=7	RecordNumber=1399810917	TimeGenerated=1389363936	TimeWritten=1389363936	Message=User Account Changed:   Target Account Name: Isidore-Cordova   Target Domain: NA   Target Account ID: NA\Isidore-Cordova   Caller User Name: Isidore-Cordova   Caller Domain: NA   Caller Logon ID: (0x0,0x3BEFF2D1)   Privileges: -  Changed Attributes:   Sam Account Name: -   Display Name: -   User Principal Name: -   Home Directory: -   Home Drive: -   Script Path: -   Profile Path: -   User Workstations: -   Password Last Set: 1/10/2014 9:25:36 AM   Account Expires: -   Primary Group ID: -   AllowedTcorpoelegateTo: -   Old UAC Value: -   New UAC Value: -   User Account Control: -   User Parameters: -   Sid History: -   Logon Hours: -   
