<13>Jan 12 00:31:17 USCHPOSDC01 AgentDevice=WindowsLog	AgentLogFile=Security	PluginVersion=1.0.14	Source=Security	Computer=USCHPOSDC01	User=SVC-ADIMPORT	Domain=POS	EventID=624	EventIDCcorpoe=624	EventType=8	EventCategory=7	RecordNumber=2544684576	TimeGenerated=1389504675	TimeWritten=1389504675	Message=User Account Created:   New Account Name: 656029   New Domain: POS   New Account ID: POS\656029   Caller User Name: SVC-ADIMPORT   Caller Domain: POS   Caller Logon ID: (0x0,0x47908560)   Privileges  -  Attributes:   Sam Account Name: 656029   Display Name: -   User Principal Name: 656029@pos.na.corpo.net   Home Directory: -   Home Drive: -   Script Path: -   Profile Path: -   User Workstations: -   Password Last Set: <never>    Account Expires: <never>    Primary Group ID: 513   AllowedTcorpoelegateTo: -   Old UAC Value: 0x0   New UAC Value: 0x15   User Account Control:    Account Disabled    'Password Not Required' - Enabled    'Normal Account' - Enabled    User Parameters: -   Sid History: -   Logon Hours: <value not set>    
<13>Jan 12 00:31:17 USCHPOSDC01 AgentDevice=WindowsLog	AgentLogFile=Security	PluginVersion=1.0.14	Source=Security	Computer=USCHPOSDC01	User=SVC-ADIMPORT	Domain=POS	EventID=624	EventIDCcorpoe=624	EventType=8	EventCategory=7	RecordNumber=2544684543	TimeGenerated=1389504673	TimeWritten=1389504673	Message=User Account Created:   New Account Name: 656001   New Domain: POS   New Account ID: POS\656001   Caller User Name: SVC-ADIMPORT   Caller Domain: POS   Caller Logon ID: (0x0,0x47908560)   Privileges  -  Attributes:   Sam Account Name: 656001   Display Name: -   User Principal Name: 656001@pos.na.corpo.net   Home Directory: -   Home Drive: -   Script Path: -   Profile Path: -   User Workstations: -   Password Last Set: <never>    Account Expires: <never>    Primary Group ID: 513   AllowedTcorpoelegateTo: -   Old UAC Value: 0x0   New UAC Value: 0x15   User Account Control:    Account Disabled    'Password Not Required' - Enabled    'Normal Account' - Enabled    User Parameters: -   Sid History: -   Logon Hours: <value not set>    
<13>Jan 12 00:31:15 USCHPOSDC01 AgentDevice=WindowsLog	AgentLogFile=Security	PluginVersion=1.0.14	Source=Security	Computer=USCHPOSDC01	User=SVC-ADIMPORT	Domain=POS	EventID=624	EventIDCcorpoe=624	EventType=8	EventCategory=7	RecordNumber=2544684520	TimeGenerated=1389504672	TimeWritten=1389504672	Message=User Account Created:   New Account Name: 655998   New Domain: POS   New Account ID: POS\655998   Caller User Name: SVC-ADIMPORT   Caller Domain: POS   Caller Logon ID: (0x0,0x47908560)   Privileges  -  Attributes:   Sam Account Name: 655998   Display Name: -   User Principal Name: 655998@pos.na.corpo.net   Home Directory: -   Home Drive: -   Script Path: -   Profile Path: -   User Workstations: -   Password Last Set: <never>    Account Expires: <never>    Primary Group ID: 513   AllowedTcorpoelegateTo: -   Old UAC Value: 0x0   New UAC Value: 0x15   User Account Control:    Account Disabled    'Password Not Required' - Enabled    'Normal Account' - Enabled    User Parameters: -   Sid History: -   Logon Hours: <value not set>    
<13>Jan 12 00:31:13 USCHPOSDC01 AgentDevice=WindowsLog	AgentLogFile=Security	PluginVersion=1.0.14	Source=Security	Computer=USCHPOSDC01	User=SVC-ADIMPORT	Domain=POS	EventID=624	EventIDCcorpoe=624	EventType=8	EventCategory=7	RecordNumber=2544684489	TimeGenerated=1389504671	TimeWritten=1389504671	Message=User Account Created:   New Account Name: 655933   New Domain: POS   New Account ID: POS\655933   Caller User Name: SVC-ADIMPORT   Caller Domain: POS   Caller Logon ID: (0x0,0x47908560)   Privileges  -  Attributes:   Sam Account Name: 655933   Display Name: -   User Principal Name: 655933@pos.na.corpo.net   Home Directory: -   Home Drive: -   Script Path: -   Profile Path: -   User Workstations: -   Password Last Set: <never>    Account Expires: <never>    Primary Group ID: 513   AllowedTcorpoelegateTo: -   Old UAC Value: 0x0   New UAC Value: 0x15   User Account Control:    Account Disabled    'Password Not Required' - Enabled    'Normal Account' - Enabled    User Parameters: -   Sid History: -   Logon Hours: <value not set>    
<13>Jan 12 00:31:13 USCHPOSDC01 AgentDevice=WindowsLog	AgentLogFile=Security	PluginVersion=1.0.14	Source=Security	Computer=USCHPOSDC01	User=SVC-ADIMPORT	Domain=POS	EventID=624	EventIDCcorpoe=624	EventType=8	EventCategory=7	RecordNumber=2544684445	TimeGenerated=1389504669	TimeWritten=1389504669	Message=User Account Created:   New Account Name: 655857   New Domain: POS   New Account ID: POS\655857   Caller User Name: SVC-ADIMPORT   Caller Domain: POS   Caller Logon ID: (0x0,0x47908560)   Privileges  -  Attributes:   Sam Account Name: 655857   Display Name: -   User Principal Name: 655857@pos.na.corpo.net   Home Directory: -   Home Drive: -   Script Path: -   Profile Path: -   User Workstations: -   Password Last Set: <never>    Account Expires: <never>    Primary Group ID: 513   AllowedTcorpoelegateTo: -   Old UAC Value: 0x0   New UAC Value: 0x15   User Account Control:    Account Disabled    'Password Not Required' - Enabled    'Normal Account' - Enabled    User Parameters: -   Sid History: -   Logon Hours: <value not set>    
<13>Jan 12 00:31:00 USCHPOSDC01 AgentDevice=WindowsLog	AgentLogFile=Security	PluginVersion=1.0.14	Source=Security	Computer=USCHPOSDC01	User=SVC-ADIMPORT	Domain=POS	EventID=624	EventIDCcorpoe=624	EventType=8	EventCategory=7	RecordNumber=2544684191	TimeGenerated=1389504657	TimeWritten=1389504657	Message=User Account Created:   New Account Name: 648318   New Domain: POS   New Account ID: POS\648318   Caller User Name: SVC-ADIMPORT   Caller Domain: POS   Caller Logon ID: (0x0,0x47908560)   Privileges  -  Attributes:   Sam Account Name: 648318   Display Name: -   User Principal Name: 648318@pos.na.corpo.net   Home Directory: -   Home Drive: -   Script Path: -   Profile Path: -   User Workstations: -   Password Last Set: <never>    Account Expires: <never>    Primary Group ID: 513   AllowedTcorpoelegateTo: -   Old UAC Value: 0x0   New UAC Value: 0x15   User Account Control:    Account Disabled    'Password Not Required' - Enabled    'Normal Account' - Enabled    User Parameters: -   Sid History: -   Logon Hours: <value not set>    
<13>Jan 12 00:30:52 USCHPOSDC01 AgentDevice=WindowsLog	AgentLogFile=Security	PluginVersion=1.0.14	Source=Security	Computer=USCHPOSDC01	User=SVC-ADIMPORT	Domain=POS	EventID=624	EventIDCcorpoe=624	EventType=8	EventCategory=7	RecordNumber=2544683994	TimeGenerated=1389504649	TimeWritten=1389504649	Message=User Account Created:   New Account Name: 625811   New Domain: POS   New Account ID: POS\625811   Caller User Name: SVC-ADIMPORT   Caller Domain: POS   Caller Logon ID: (0x0,0x47908560)   Privileges  -  Attributes:   Sam Account Name: 625811   Display Name: -   User Principal Name: 625811@pos.na.corpo.net   Home Directory: -   Home Drive: -   Script Path: -   Profile Path: -   User Workstations: -   Password Last Set: <never>    Account Expires: <never>    Primary Group ID: 513   AllowedTcorpoelegateTo: -   Old UAC Value: 0x0   New UAC Value: 0x15   User Account Control:    Account Disabled    'Password Not Required' - Enabled    'Normal Account' - Enabled    User Parameters: -   Sid History: -   Logon Hours: <value not set>    
<13>Jan 12 00:30:40 USCHPOSDC01 AgentDevice=WindowsLog	AgentLogFile=Security	PluginVersion=1.0.14	Source=Security	Computer=USCHPOSDC01	User=SVC-ADIMPORT	Domain=POS	EventID=624	EventIDCcorpoe=624	EventType=8	EventCategory=7	RecordNumber=2544683709	TimeGenerated=1389504635	TimeWritten=1389504635	Message=User Account Created:   New Account Name: 211177   New Domain: POS   New Account ID: POS\211177   Caller User Name: SVC-ADIMPORT   Caller Domain: POS   Caller Logon ID: (0x0,0x47908560)   Privileges  -  Attributes:   Sam Account Name: 211177   Display Name: -   User Principal Name: 211177@pos.na.corpo.net   Home Directory: -   Home Drive: -   Script Path: -   Profile Path: -   User Workstations: -   Password Last Set: <never>    Account Expires: <never>    Primary Group ID: 513   AllowedTcorpoelegateTo: -   Old UAC Value: 0x0   New UAC Value: 0x15   User Account Control:    Account Disabled    'Password Not Required' - Enabled    'Normal Account' - Enabled    User Parameters: -   Sid History: -   Logon Hours: <value not set>    
<13>Jan 11 00:31:14 USCHPOSDC01 AgentDevice=WindowsLog	AgentLogFile=Security	PluginVersion=1.0.14	Source=Security	Computer=USCHPOSDC01	User=SVC-ADIMPORT	Domain=POS	EventID=624	EventIDCcorpoe=624	EventType=8	EventCategory=7	RecordNumber=2543630248	TimeGenerated=1389418271	TimeWritten=1389418271	Message=User Account Created:   New Account Name: 656076   New Domain: POS   New Account ID: POS\656076   Caller User Name: SVC-ADIMPORT   Caller Domain: POS   Caller Logon ID: (0x0,0x44A94E56)   Privileges  -  Attributes:   Sam Account Name: 656076   Display Name: -   User Principal Name: 656076@pos.na.corpo.net   Home Directory: -   Home Drive: -   Script Path: -   Profile Path: -   User Workstations: -   Password Last Set: <never>    Account Expires: <never>    Primary Group ID: 513   AllowedTcorpoelegateTo: -   Old UAC Value: 0x0   New UAC Value: 0x15   User Account Control:    Account Disabled    'Password Not Required' - Enabled    'Normal Account' - Enabled    User Parameters: -   Sid History: -   Logon Hours: <value not set>    
<13>Jan 11 00:31:14 USCHPOSDC01 AgentDevice=WindowsLog	AgentLogFile=Security	PluginVersion=1.0.14	Source=Security	Computer=USCHPOSDC01	User=SVC-ADIMPORT	Domain=POS	EventID=624	EventIDCcorpoe=624	EventType=8	EventCategory=7	RecordNumber=2543630218	TimeGenerated=1389418270	TimeWritten=1389418270	Message=User Account Created:   New Account Name: 656075   New Domain: POS   New Account ID: POS\656075   Caller User Name: SVC-ADIMPORT   Caller Domain: POS   Caller Logon ID: (0x0,0x44A94E56)   Privileges  -  Attributes:   Sam Account Name: 656075   Display Name: -   User Principal Name: 656075@pos.na.corpo.net   Home Directory: -   Home Drive: -   Script Path: -   Profile Path: -   User Workstations: -   Password Last Set: <never>    Account Expires: <never>    Primary Group ID: 513   AllowedTcorpoelegateTo: -   Old UAC Value: 0x0   New UAC Value: 0x15   User Account Control:    Account Disabled    'Password Not Required' - Enabled    'Normal Account' - Enabled    User Parameters: -   Sid History: -   Logon Hours: <value not set>    
<13>Jan 11 00:31:12 USCHPOSDC01 AgentDevice=WindowsLog	AgentLogFile=Security	PluginVersion=1.0.14	Source=Security	Computer=USCHPOSDC01	User=SVC-ADIMPORT	Domain=POS	EventID=624	EventIDCcorpoe=624	EventType=8	EventCategory=7	RecordNumber=2543630191	TimeGenerated=1389418269	TimeWritten=1389418269	Message=User Account Created:   New Account Name: 656074   New Domain: POS   New Account ID: POS\656074   Caller User Name: SVC-ADIMPORT   Caller Domain: POS   Caller Logon ID: (0x0,0x44A94E56)   Privileges  -  Attributes:   Sam Account Name: 656074   Display Name: -   User Principal Name: 656074@pos.na.corpo.net   Home Directory: -   Home Drive: -   Script Path: -   Profile Path: -   User Workstations: -   Password Last Set: <never>    Account Expires: <never>    Primary Group ID: 513   AllowedTcorpoelegateTo: -   Old UAC Value: 0x0   New UAC Value: 0x15   User Account Control:    Account Disabled    'Password Not Required' - Enabled    'Normal Account' - Enabled    User Parameters: -   Sid History: -   Logon Hours: <value not set>    
<13>Jan 11 00:31:12 USCHPOSDC01 AgentDevice=WindowsLog	AgentLogFile=Security	PluginVersion=1.0.14	Source=Security	Computer=USCHPOSDC01	User=SVC-ADIMPORT	Domain=POS	EventID=624	EventIDCcorpoe=624	EventType=8	EventCategory=7	RecordNumber=2543630164	TimeGenerated=1389418268	TimeWritten=1389418268	Message=User Account Created:   New Account Name: 656070   New Domain: POS   New Account ID: POS\656070   Caller User Name: SVC-ADIMPORT   Caller Domain: POS   Caller Logon ID: (0x0,0x44A94E56)   Privileges  -  Attributes:   Sam Account Name: 656070   Display Name: -   User Principal Name: 656070@pos.na.corpo.net   Home Directory: -   Home Drive: -   Script Path: -   Profile Path: -   User Workstations: -   Password Last Set: <never>    Account Expires: <never>    Primary Group ID: 513   AllowedTcorpoelegateTo: -   Old UAC Value: 0x0   New UAC Value: 0x15   User Account Control:    Account Disabled    'Password Not Required' - Enabled    'Normal Account' - Enabled    User Parameters: -   Sid History: -   Logon Hours: <value not set>    
<13>Jan 11 00:31:10 USCHPOSDC01 AgentDevice=WindowsLog	AgentLogFile=Security	PluginVersion=1.0.14	Source=Security	Computer=USCHPOSDC01	User=SVC-ADIMPORT	Domain=POS	EventID=624	EventIDCcorpoe=624	EventType=8	EventCategory=7	RecordNumber=2543630143	TimeGenerated=1389418267	TimeWritten=1389418267	Message=User Account Created:   New Account Name: 656069   New Domain: POS   New Account ID: POS\656069   Caller User Name: SVC-ADIMPORT   Caller Domain: POS   Caller Logon ID: (0x0,0x44A94E56)   Privileges  -  Attributes:   Sam Account Name: 656069   Display Name: -   User Principal Name: 656069@pos.na.corpo.net   Home Directory: -   Home Drive: -   Script Path: -   Profile Path: -   User Workstations: -   Password Last Set: <never>    Account Expires: <never>    Primary Group ID: 513   AllowedTcorpoelegateTo: -   Old UAC Value: 0x0   New UAC Value: 0x15   User Account Control:    Account Disabled    'Password Not Required' - Enabled    'Normal Account' - Enabled    User Parameters: -   Sid History: -   Logon Hours: <value not set>    
<13>Jan 11 00:31:09 USCHPOSDC01 AgentDevice=WindowsLog	AgentLogFile=Security	PluginVersion=1.0.14	Source=Security	Computer=USCHPOSDC01	User=SVC-ADIMPORT	Domain=POS	EventID=624	EventIDCcorpoe=624	EventType=8	EventCategory=7	RecordNumber=2543630117	TimeGenerated=1389418266	TimeWritten=1389418266	Message=User Account Created:   New Account Name: 656066   New Domain: POS   New Account ID: POS\656066   Caller User Name: SVC-ADIMPORT   Caller Domain: POS   Caller Logon ID: (0x0,0x44A94E56)   Privileges  -  Attributes:   Sam Account Name: 656066   Display Name: -   User Principal Name: 656066@pos.na.corpo.net   Home Directory: -   Home Drive: -   Script Path: -   Profile Path: -   User Workstations: -   Password Last Set: <never>    Account Expires: <never>    Primary Group ID: 513   AllowedTcorpoelegateTo: -   Old UAC Value: 0x0   New UAC Value: 0x15   User Account Control:    Account Disabled    'Password Not Required' - Enabled    'Normal Account' - Enabled    User Parameters: -   Sid History: -   Logon Hours: <value not set>    
<13>Jan 11 00:31:07 USCHPOSDC01 AgentDevice=WindowsLog	AgentLogFile=Security	PluginVersion=1.0.14	Source=Security	Computer=USCHPOSDC01	User=SVC-ADIMPORT	Domain=POS	EventID=624	EventIDCcorpoe=624	EventType=8	EventCategory=7	RecordNumber=2543630091	TimeGenerated=1389418265	TimeWritten=1389418265	Message=User Account Created:   New Account Name: 656065   New Domain: POS   New Account ID: POS\656065   Caller User Name: SVC-ADIMPORT   Caller Domain: POS   Caller Logon ID: (0x0,0x44A94E56)   Privileges  -  Attributes:   Sam Account Name: 656065   Display Name: -   User Principal Name: 656065@pos.na.corpo.net   Home Directory: -   Home Drive: -   Script Path: -   Profile Path: -   User Workstations: -   Password Last Set: <never>    Account Expires: <never>    Primary Group ID: 513   AllowedTcorpoelegateTo: -   Old UAC Value: 0x0   New UAC Value: 0x15   User Account Control:    Account Disabled    'Password Not Required' - Enabled    'Normal Account' - Enabled    User Parameters: -   Sid History: -   Logon Hours: <value not set>    
<13>Jan 11 00:31:07 USCHPOSDC01 AgentDevice=WindowsLog	AgentLogFile=Security	PluginVersion=1.0.14	Source=Security	Computer=USCHPOSDC01	User=SVC-ADIMPORT	Domain=POS	EventID=624	EventIDCcorpoe=624	EventType=8	EventCategory=7	RecordNumber=2543630064	TimeGenerated=1389418264	TimeWritten=1389418264	Message=User Account Created:   New Account Name: 656063   New Domain: POS   New Account ID: POS\656063   Caller User Name: SVC-ADIMPORT   Caller Domain: POS   Caller Logon ID: (0x0,0x44A94E56)   Privileges  -  Attributes:   Sam Account Name: 656063   Display Name: -   User Principal Name: 656063@pos.na.corpo.net   Home Directory: -   Home Drive: -   Script Path: -   Profile Path: -   User Workstations: -   Password Last Set: <never>    Account Expires: <never>    Primary Group ID: 513   AllowedTcorpoelegateTo: -   Old UAC Value: 0x0   New UAC Value: 0x15   User Account Control:    Account Disabled    'Password Not Required' - Enabled    'Normal Account' - Enabled    User Parameters: -   Sid History: -   Logon Hours: <value not set>    
<13>Jan 11 00:31:07 USCHPOSDC01 AgentDevice=WindowsLog	AgentLogFile=Security	PluginVersion=1.0.14	Source=Security	Computer=USCHPOSDC01	User=SVC-ADIMPORT	Domain=POS	EventID=624	EventIDCcorpoe=624	EventType=8	EventCategory=7	RecordNumber=2543630043	TimeGenerated=1389418263	TimeWritten=1389418263	Message=User Account Created:   New Account Name: 656061   New Domain: POS   New Account ID: POS\656061   Caller User Name: SVC-ADIMPORT   Caller Domain: POS   Caller Logon ID: (0x0,0x44A94E56)   Privileges  -  Attributes:   Sam Account Name: 656061   Display Name: -   User Principal Name: 656061@pos.na.corpo.net   Home Directory: -   Home Drive: -   Script Path: -   Profile Path: -   User Workstations: -   Password Last Set: <never>    Account Expires: <never>    Primary Group ID: 513   AllowedTcorpoelegateTo: -   Old UAC Value: 0x0   New UAC Value: 0x15   User Account Control:    Account Disabled    'Password Not Required' - Enabled    'Normal Account' - Enabled    User Parameters: -   Sid History: -   Logon Hours: <value not set>    
<13>Jan 11 00:31:05 USCHPOSDC01 AgentDevice=WindowsLog	AgentLogFile=Security	PluginVersion=1.0.14	Source=Security	Computer=USCHPOSDC01	User=SVC-ADIMPORT	Domain=POS	EventID=624	EventIDCcorpoe=624	EventType=8	EventCategory=7	RecordNumber=2543630022	TimeGenerated=1389418262	TimeWritten=1389418262	Message=User Account Created:   New Account Name: 656060   New Domain: POS   New Account ID: POS\656060   Caller User Name: SVC-ADIMPORT   Caller Domain: POS   Caller Logon ID: (0x0,0x44A94E56)   Privileges  -  Attributes:   Sam Account Name: 656060   Display Name: -   User Principal Name: 656060@pos.na.corpo.net   Home Directory: -   Home Drive: -   Script Path: -   Profile Path: -   User Workstations: -   Password Last Set: <never>    Account Expires: <never>    Primary Group ID: 513   AllowedTcorpoelegateTo: -   Old UAC Value: 0x0   New UAC Value: 0x15   User Account Control:    Account Disabled    'Password Not Required' - Enabled    'Normal Account' - Enabled    User Parameters: -   Sid History: -   Logon Hours: <value not set>    
<13>Jan 11 00:31:05 USCHPOSDC01 AgentDevice=WindowsLog	AgentLogFile=Security	PluginVersion=1.0.14	Source=Security	Computer=USCHPOSDC01	User=SVC-ADIMPORT	Domain=POS	EventID=624	EventIDCcorpoe=624	EventType=8	EventCategory=7	RecordNumber=2543630000	TimeGenerated=1389418261	TimeWritten=1389418261	Message=User Account Created:   New Account Name: 656059   New Domain: POS   New Account ID: POS\656059   Caller User Name: SVC-ADIMPORT   Caller Domain: POS   Caller Logon ID: (0x0,0x44A94E56)   Privileges  -  Attributes:   Sam Account Name: 656059   Display Name: -   User Principal Name: 656059@pos.na.corpo.net   Home Directory: -   Home Drive: -   Script Path: -   Profile Path: -   User Workstations: -   Password Last Set: <never>    Account Expires: <never>    Primary Group ID: 513   AllowedTcorpoelegateTo: -   Old UAC Value: 0x0   New UAC Value: 0x15   User Account Control:    Account Disabled    'Password Not Required' - Enabled    'Normal Account' - Enabled    User Parameters: -   Sid History: -   Logon Hours: <value not set>    
<13>Jan 11 00:31:03 USCHPOSDC01 AgentDevice=WindowsLog	AgentLogFile=Security	PluginVersion=1.0.14	Source=Security	Computer=USCHPOSDC01	User=SVC-ADIMPORT	Domain=POS	EventID=624	EventIDCcorpoe=624	EventType=8	EventCategory=7	RecordNumber=2543629972	TimeGenerated=1389418260	TimeWritten=1389418260	Message=User Account Created:   New Account Name: 656057   New Domain: POS   New Account ID: POS\656057   Caller User Name: SVC-ADIMPORT   Caller Domain: POS   Caller Logon ID: (0x0,0x44A94E56)   Privileges  -  Attributes:   Sam Account Name: 656057   Display Name: -   User Principal Name: 656057@pos.na.corpo.net   Home Directory: -   Home Drive: -   Script Path: -   Profile Path: -   User Workstations: -   Password Last Set: <never>    Account Expires: <never>    Primary Group ID: 513   AllowedTcorpoelegateTo: -   Old UAC Value: 0x0   New UAC Value: 0x15   User Account Control:    Account Disabled    'Password Not Required' - Enabled    'Normal Account' - Enabled    User Parameters: -   Sid History: -   Logon Hours: <value not set>    
<13>Jan 11 00:31:03 USCHPOSDC01 AgentDevice=WindowsLog	AgentLogFile=Security	PluginVersion=1.0.14	Source=Security	Computer=USCHPOSDC01	User=SVC-ADIMPORT	Domain=POS	EventID=624	EventIDCcorpoe=624	EventType=8	EventCategory=7	RecordNumber=2543629943	TimeGenerated=1389418259	TimeWritten=1389418259	Message=User Account Created:   New Account Name: 656056   New Domain: POS   New Account ID: POS\656056   Caller User Name: SVC-ADIMPORT   Caller Domain: POS   Caller Logon ID: (0x0,0x44A94E56)   Privileges  -  Attributes:   Sam Account Name: 656056   Display Name: -   User Principal Name: 656056@pos.na.corpo.net   Home Directory: -   Home Drive: -   Script Path: -   Profile Path: -   User Workstations: -   Password Last Set: <never>    Account Expires: <never>    Primary Group ID: 513   AllowedTcorpoelegateTo: -   Old UAC Value: 0x0   New UAC Value: 0x15   User Account Control:    Account Disabled    'Password Not Required' - Enabled    'Normal Account' - Enabled    User Parameters: -   Sid History: -   Logon Hours: <value not set>    
<13>Jan 11 00:31:01 USCHPOSDC01 AgentDevice=WindowsLog	AgentLogFile=Security	PluginVersion=1.0.14	Source=Security	Computer=USCHPOSDC01	User=SVC-ADIMPORT	Domain=POS	EventID=624	EventIDCcorpoe=624	EventType=8	EventCategory=7	RecordNumber=2543629921	TimeGenerated=1389418258	TimeWritten=1389418258	Message=User Account Created:   New Account Name: 656055   New Domain: POS   New Account ID: POS\656055   Caller User Name: SVC-ADIMPORT   Caller Domain: POS   Caller Logon ID: (0x0,0x44A94E56)   Privileges  -  Attributes:   Sam Account Name: 656055   Display Name: -   User Principal Name: 656055@pos.na.corpo.net   Home Directory: -   Home Drive: -   Script Path: -   Profile Path: -   User Workstations: -   Password Last Set: <never>    Account Expires: <never>    Primary Group ID: 513   AllowedTcorpoelegateTo: -   Old UAC Value: 0x0   New UAC Value: 0x15   User Account Control:    Account Disabled    'Password Not Required' - Enabled    'Normal Account' - Enabled    User Parameters: -   Sid History: -   Logon Hours: <value not set>    
<13>Jan 11 00:31:01 USCHPOSDC01 AgentDevice=WindowsLog	AgentLogFile=Security	PluginVersion=1.0.14	Source=Security	Computer=USCHPOSDC01	User=SVC-ADIMPORT	Domain=POS	EventID=624	EventIDCcorpoe=624	EventType=8	EventCategory=7	RecordNumber=2543629901	TimeGenerated=1389418257	TimeWritten=1389418257	Message=User Account Created:   New Account Name: 656053   New Domain: POS   New Account ID: POS\656053   Caller User Name: SVC-ADIMPORT   Caller Domain: POS   Caller Logon ID: (0x0,0x44A94E56)   Privileges  -  Attributes:   Sam Account Name: 656053   Display Name: -   User Principal Name: 656053@pos.na.corpo.net   Home Directory: -   Home Drive: -   Script Path: -   Profile Path: -   User Workstations: -   Password Last Set: <never>    Account Expires: <never>    Primary Group ID: 513   AllowedTcorpoelegateTo: -   Old UAC Value: 0x0   New UAC Value: 0x15   User Account Control:    Account Disabled    'Password Not Required' - Enabled    'Normal Account' - Enabled    User Parameters: -   Sid History: -   Logon Hours: <value not set>    
<13>Jan 11 00:30:59 USCHPOSDC01 AgentDevice=WindowsLog	AgentLogFile=Security	PluginVersion=1.0.14	Source=Security	Computer=USCHPOSDC01	User=SVC-ADIMPORT	Domain=POS	EventID=624	EventIDCcorpoe=624	EventType=8	EventCategory=7	RecordNumber=2543629871	TimeGenerated=1389418256	TimeWritten=1389418256	Message=User Account Created:   New Account Name: 656051   New Domain: POS   New Account ID: POS\656051   Caller User Name: SVC-ADIMPORT   Caller Domain: POS   Caller Logon ID: (0x0,0x44A94E56)   Privileges  -  Attributes:   Sam Account Name: 656051   Display Name: -   User Principal Name: 656051@pos.na.corpo.net   Home Directory: -   Home Drive: -   Script Path: -   Profile Path: -   User Workstations: -   Password Last Set: <never>    Account Expires: <never>    Primary Group ID: 513   AllowedTcorpoelegateTo: -   Old UAC Value: 0x0   New UAC Value: 0x15   User Account Control:    Account Disabled    'Password Not Required' - Enabled    'Normal Account' - Enabled    User Parameters: -   Sid History: -   Logon Hours: <value not set>    
<13>Jan 11 00:30:59 USCHPOSDC01 AgentDevice=WindowsLog	AgentLogFile=Security	PluginVersion=1.0.14	Source=Security	Computer=USCHPOSDC01	User=SVC-ADIMPORT	Domain=POS	EventID=624	EventIDCcorpoe=624	EventType=8	EventCategory=7	RecordNumber=2543629845	TimeGenerated=1389418255	TimeWritten=1389418255	Message=User Account Created:   New Account Name: 656050   New Domain: POS   New Account ID: POS\656050   Caller User Name: SVC-ADIMPORT   Caller Domain: POS   Caller Logon ID: (0x0,0x44A94E56)   Privileges  -  Attributes:   Sam Account Name: 656050   Display Name: -   User Principal Name: 656050@pos.na.corpo.net   Home Directory: -   Home Drive: -   Script Path: -   Profile Path: -   User Workstations: -   Password Last Set: <never>    Account Expires: <never>    Primary Group ID: 513   AllowedTcorpoelegateTo: -   Old UAC Value: 0x0   New UAC Value: 0x15   User Account Control:    Account Disabled    'Password Not Required' - Enabled    'Normal Account' - Enabled    User Parameters: -   Sid History: -   Logon Hours: <value not set>    
<13>Jan 11 00:30:57 USCHPOSDC01 AgentDevice=WindowsLog	AgentLogFile=Security	PluginVersion=1.0.14	Source=Security	Computer=USCHPOSDC01	User=SVC-ADIMPORT	Domain=POS	EventID=624	EventIDCcorpoe=624	EventType=8	EventCategory=7	RecordNumber=2543629819	TimeGenerated=1389418254	TimeWritten=1389418254	Message=User Account Created:   New Account Name: 656049   New Domain: POS   New Account ID: POS\656049   Caller User Name: SVC-ADIMPORT   Caller Domain: POS   Caller Logon ID: (0x0,0x44A94E56)   Privileges  -  Attributes:   Sam Account Name: 656049   Display Name: -   User Principal Name: 656049@pos.na.corpo.net   Home Directory: -   Home Drive: -   Script Path: -   Profile Path: -   User Workstations: -   Password Last Set: <never>    Account Expires: <never>    Primary Group ID: 513   AllowedTcorpoelegateTo: -   Old UAC Value: 0x0   New UAC Value: 0x15   User Account Control:    Account Disabled    'Password Not Required' - Enabled    'Normal Account' - Enabled    User Parameters: -   Sid History: -   Logon Hours: <value not set>    
<13>Jan 11 00:30:57 USCHPOSDC01 AgentDevice=WindowsLog	AgentLogFile=Security	PluginVersion=1.0.14	Source=Security	Computer=USCHPOSDC01	User=SVC-ADIMPORT	Domain=POS	EventID=624	EventIDCcorpoe=624	EventType=8	EventCategory=7	RecordNumber=2543629797	TimeGenerated=1389418253	TimeWritten=1389418253	Message=User Account Created:   New Account Name: 656048   New Domain: POS   New Account ID: POS\656048   Caller User Name: SVC-ADIMPORT   Caller Domain: POS   Caller Logon ID: (0x0,0x44A94E56)   Privileges  -  Attributes:   Sam Account Name: 656048   Display Name: -   User Principal Name: 656048@pos.na.corpo.net   Home Directory: -   Home Drive: -   Script Path: -   Profile Path: -   User Workstations: -   Password Last Set: <never>    Account Expires: <never>    Primary Group ID: 513   AllowedTcorpoelegateTo: -   Old UAC Value: 0x0   New UAC Value: 0x15   User Account Control:    Account Disabled    'Password Not Required' - Enabled    'Normal Account' - Enabled    User Parameters: -   Sid History: -   Logon Hours: <value not set>    
<13>Jan 11 00:30:55 USCHPOSDC01 AgentDevice=WindowsLog	AgentLogFile=Security	PluginVersion=1.0.14	Source=Security	Computer=USCHPOSDC01	User=SVC-ADIMPORT	Domain=POS	EventID=624	EventIDCcorpoe=624	EventType=8	EventCategory=7	RecordNumber=2543629769	TimeGenerated=1389418252	TimeWritten=1389418252	Message=User Account Created:   New Account Name: 656047   New Domain: POS   New Account ID: POS\656047   Caller User Name: SVC-ADIMPORT   Caller Domain: POS   Caller Logon ID: (0x0,0x44A94E56)   Privileges  -  Attributes:   Sam Account Name: 656047   Display Name: -   User Principal Name: 656047@pos.na.corpo.net   Home Directory: -   Home Drive: -   Script Path: -   Profile Path: -   User Workstations: -   Password Last Set: <never>    Account Expires: <never>    Primary Group ID: 513   AllowedTcorpoelegateTo: -   Old UAC Value: 0x0   New UAC Value: 0x15   User Account Control:    Account Disabled    'Password Not Required' - Enabled    'Normal Account' - Enabled    User Parameters: -   Sid History: -   Logon Hours: <value not set>    
<13>Jan 11 00:30:55 USCHPOSDC01 AgentDevice=WindowsLog	AgentLogFile=Security	PluginVersion=1.0.14	Source=Security	Computer=USCHPOSDC01	User=SVC-ADIMPORT	Domain=POS	EventID=624	EventIDCcorpoe=624	EventType=8	EventCategory=7	RecordNumber=2543629748	TimeGenerated=1389418251	TimeWritten=1389418251	Message=User Account Created:   New Account Name: 656046   New Domain: POS   New Account ID: POS\656046   Caller User Name: SVC-ADIMPORT   Caller Domain: POS   Caller Logon ID: (0x0,0x44A94E56)   Privileges  -  Attributes:   Sam Account Name: 656046   Display Name: -   User Principal Name: 656046@pos.na.corpo.net   Home Directory: -   Home Drive: -   Script Path: -   Profile Path: -   User Workstations: -   Password Last Set: <never>    Account Expires: <never>    Primary Group ID: 513   AllowedTcorpoelegateTo: -   Old UAC Value: 0x0   New UAC Value: 0x15   User Account Control:    Account Disabled    'Password Not Required' - Enabled    'Normal Account' - Enabled    User Parameters: -   Sid History: -   Logon Hours: <value not set>    
<13>Jan 11 00:30:53 USCHPOSDC01 AgentDevice=WindowsLog	AgentLogFile=Security	PluginVersion=1.0.14	Source=Security	Computer=USCHPOSDC01	User=SVC-ADIMPORT	Domain=POS	EventID=624	EventIDCcorpoe=624	EventType=8	EventCategory=7	RecordNumber=2543629720	TimeGenerated=1389418250	TimeWritten=1389418250	Message=User Account Created:   New Account Name: 656044   New Domain: POS   New Account ID: POS\656044   Caller User Name: SVC-ADIMPORT   Caller Domain: POS   Caller Logon ID: (0x0,0x44A94E56)   Privileges  -  Attributes:   Sam Account Name: 656044   Display Name: -   User Principal Name: 656044@pos.na.corpo.net   Home Directory: -   Home Drive: -   Script Path: -   Profile Path: -   User Workstations: -   Password Last Set: <never>    Account Expires: <never>    Primary Group ID: 513   AllowedTcorpoelegateTo: -   Old UAC Value: 0x0   New UAC Value: 0x15   User Account Control:    Account Disabled    'Password Not Required' - Enabled    'Normal Account' - Enabled    User Parameters: -   Sid History: -   Logon Hours: <value not set>    
<13>Jan 11 00:30:53 USCHPOSDC01 AgentDevice=WindowsLog	AgentLogFile=Security	PluginVersion=1.0.14	Source=Security	Computer=USCHPOSDC01	User=SVC-ADIMPORT	Domain=POS	EventID=624	EventIDCcorpoe=624	EventType=8	EventCategory=7	RecordNumber=2543629700	TimeGenerated=1389418249	TimeWritten=1389418249	Message=User Account Created:   New Account Name: 656043   New Domain: POS   New Account ID: POS\656043   Caller User Name: SVC-ADIMPORT   Caller Domain: POS   Caller Logon ID: (0x0,0x44A94E56)   Privileges  -  Attributes:   Sam Account Name: 656043   Display Name: -   User Principal Name: 656043@pos.na.corpo.net   Home Directory: -   Home Drive: -   Script Path: -   Profile Path: -   User Workstations: -   Password Last Set: <never>    Account Expires: <never>    Primary Group ID: 513   AllowedTcorpoelegateTo: -   Old UAC Value: 0x0   New UAC Value: 0x15   User Account Control:    Account Disabled    'Password Not Required' - Enabled    'Normal Account' - Enabled    User Parameters: -   Sid History: -   Logon Hours: <value not set>    
<13>Jan 11 00:30:51 USCHPOSDC01 AgentDevice=WindowsLog	AgentLogFile=Security	PluginVersion=1.0.14	Source=Security	Computer=USCHPOSDC01	User=SVC-ADIMPORT	Domain=POS	EventID=624	EventIDCcorpoe=624	EventType=8	EventCategory=7	RecordNumber=2543629672	TimeGenerated=1389418248	TimeWritten=1389418248	Message=User Account Created:   New Account Name: 656042   New Domain: POS   New Account ID: POS\656042   Caller User Name: SVC-ADIMPORT   Caller Domain: POS   Caller Logon ID: (0x0,0x44A94E56)   Privileges  -  Attributes:   Sam Account Name: 656042   Display Name: -   User Principal Name: 656042@pos.na.corpo.net   Home Directory: -   Home Drive: -   Script Path: -   Profile Path: -   User Workstations: -   Password Last Set: <never>    Account Expires: <never>    Primary Group ID: 513   AllowedTcorpoelegateTo: -   Old UAC Value: 0x0   New UAC Value: 0x15   User Account Control:    Account Disabled    'Password Not Required' - Enabled    'Normal Account' - Enabled    User Parameters: -   Sid History: -   Logon Hours: <value not set>    
<13>Jan 11 00:30:50 USCHPOSDC01 AgentDevice=WindowsLog	AgentLogFile=Security	PluginVersion=1.0.14	Source=Security	Computer=USCHPOSDC01	User=SVC-ADIMPORT	Domain=POS	EventID=624	EventIDCcorpoe=624	EventType=8	EventCategory=7	RecordNumber=2543629650	TimeGenerated=1389418247	TimeWritten=1389418247	Message=User Account Created:   New Account Name: 656040   New Domain: POS   New Account ID: POS\656040   Caller User Name: SVC-ADIMPORT   Caller Domain: POS   Caller Logon ID: (0x0,0x44A94E56)   Privileges  -  Attributes:   Sam Account Name: 656040   Display Name: -   User Principal Name: 656040@pos.na.corpo.net   Home Directory: -   Home Drive: -   Script Path: -   Profile Path: -   User Workstations: -   Password Last Set: <never>    Account Expires: <never>    Primary Group ID: 513   AllowedTcorpoelegateTo: -   Old UAC Value: 0x0   New UAC Value: 0x15   User Account Control:    Account Disabled    'Password Not Required' - Enabled    'Normal Account' - Enabled    User Parameters: -   Sid History: -   Logon Hours: <value not set>    
<13>Jan 11 00:30:50 USCHPOSDC01 AgentDevice=WindowsLog	AgentLogFile=Security	PluginVersion=1.0.14	Source=Security	Computer=USCHPOSDC01	User=SVC-ADIMPORT	Domain=POS	EventID=624	EventIDCcorpoe=624	EventType=8	EventCategory=7	RecordNumber=2543629628	TimeGenerated=1389418247	TimeWritten=1389418247	Message=User Account Created:   New Account Name: 656039   New Domain: POS   New Account ID: POS\656039   Caller User Name: SVC-ADIMPORT   Caller Domain: POS   Caller Logon ID: (0x0,0x44A94E56)   Privileges  -  Attributes:   Sam Account Name: 656039   Display Name: -   User Principal Name: 656039@pos.na.corpo.net   Home Directory: -   Home Drive: -   Script Path: -   Profile Path: -   User Workstations: -   Password Last Set: <never>    Account Expires: <never>    Primary Group ID: 513   AllowedTcorpoelegateTo: -   Old UAC Value: 0x0   New UAC Value: 0x15   User Account Control:    Account Disabled    'Password Not Required' - Enabled    'Normal Account' - Enabled    User Parameters: -   Sid History: -   Logon Hours: <value not set>    
<13>Jan 11 00:30:48 USCHPOSDC01 AgentDevice=WindowsLog	AgentLogFile=Security	PluginVersion=1.0.14	Source=Security	Computer=USCHPOSDC01	User=SVC-ADIMPORT	Domain=POS	EventID=624	EventIDCcorpoe=624	EventType=8	EventCategory=7	RecordNumber=2543629603	TimeGenerated=1389418246	TimeWritten=1389418246	Message=User Account Created:   New Account Name: 656037   New Domain: POS   New Account ID: POS\656037   Caller User Name: SVC-ADIMPORT   Caller Domain: POS   Caller Logon ID: (0x0,0x44A94E56)   Privileges  -  Attributes:   Sam Account Name: 656037   Display Name: -   User Principal Name: 656037@pos.na.corpo.net   Home Directory: -   Home Drive: -   Script Path: -   Profile Path: -   User Workstations: -   Password Last Set: <never>    Account Expires: <never>    Primary Group ID: 513   AllowedTcorpoelegateTo: -   Old UAC Value: 0x0   New UAC Value: 0x15   User Account Control:    Account Disabled    'Password Not Required' - Enabled    'Normal Account' - Enabled    User Parameters: -   Sid History: -   Logon Hours: <value not set>    
<13>Jan 11 00:30:48 USCHPOSDC01 AgentDevice=WindowsLog	AgentLogFile=Security	PluginVersion=1.0.14	Source=Security	Computer=USCHPOSDC01	User=SVC-ADIMPORT	Domain=POS	EventID=624	EventIDCcorpoe=624	EventType=8	EventCategory=7	RecordNumber=2543629579	TimeGenerated=1389418245	TimeWritten=1389418245	Message=User Account Created:   New Account Name: 656035   New Domain: POS   New Account ID: POS\656035   Caller User Name: SVC-ADIMPORT   Caller Domain: POS   Caller Logon ID: (0x0,0x44A94E56)   Privileges  -  Attributes:   Sam Account Name: 656035   Display Name: -   User Principal Name: 656035@pos.na.corpo.net   Home Directory: -   Home Drive: -   Script Path: -   Profile Path: -   User Workstations: -   Password Last Set: <never>    Account Expires: <never>    Primary Group ID: 513   AllowedTcorpoelegateTo: -   Old UAC Value: 0x0   New UAC Value: 0x15   User Account Control:    Account Disabled    'Password Not Required' - Enabled    'Normal Account' - Enabled    User Parameters: -   Sid History: -   Logon Hours: <value not set>    
<13>Jan 11 00:30:46 USCHPOSDC01 AgentDevice=WindowsLog	AgentLogFile=Security	PluginVersion=1.0.14	Source=Security	Computer=USCHPOSDC01	User=SVC-ADIMPORT	Domain=POS	EventID=624	EventIDCcorpoe=624	EventType=8	EventCategory=7	RecordNumber=2543629552	TimeGenerated=1389418243	TimeWritten=1389418243	Message=User Account Created:   New Account Name: 656034   New Domain: POS   New Account ID: POS\656034   Caller User Name: SVC-ADIMPORT   Caller Domain: POS   Caller Logon ID: (0x0,0x44A94E56)   Privileges  -  Attributes:   Sam Account Name: 656034   Display Name: -   User Principal Name: 656034@pos.na.corpo.net   Home Directory: -   Home Drive: -   Script Path: -   Profile Path: -   User Workstations: -   Password Last Set: <never>    Account Expires: <never>    Primary Group ID: 513   AllowedTcorpoelegateTo: -   Old UAC Value: 0x0   New UAC Value: 0x15   User Account Control:    Account Disabled    'Password Not Required' - Enabled    'Normal Account' - Enabled    User Parameters: -   Sid History: -   Logon Hours: <value not set>    
<13>Jan 11 00:30:46 USCHPOSDC01 AgentDevice=WindowsLog	AgentLogFile=Security	PluginVersion=1.0.14	Source=Security	Computer=USCHPOSDC01	User=SVC-ADIMPORT	Domain=POS	EventID=624	EventIDCcorpoe=624	EventType=8	EventCategory=7	RecordNumber=2543629532	TimeGenerated=1389418242	TimeWritten=1389418242	Message=User Account Created:   New Account Name: 656031   New Domain: POS   New Account ID: POS\656031   Caller User Name: SVC-ADIMPORT   Caller Domain: POS   Caller Logon ID: (0x0,0x44A94E56)   Privileges  -  Attributes:   Sam Account Name: 656031   Display Name: -   User Principal Name: 656031@pos.na.corpo.net   Home Directory: -   Home Drive: -   Script Path: -   Profile Path: -   User Workstations: -   Password Last Set: <never>    Account Expires: <never>    Primary Group ID: 513   AllowedTcorpoelegateTo: -   Old UAC Value: 0x0   New UAC Value: 0x15   User Account Control:    Account Disabled    'Password Not Required' - Enabled    'Normal Account' - Enabled    User Parameters: -   Sid History: -   Logon Hours: <value not set>    
<13>Jan 11 00:30:44 USCHPOSDC01 AgentDevice=WindowsLog	AgentLogFile=Security	PluginVersion=1.0.14	Source=Security	Computer=USCHPOSDC01	User=SVC-ADIMPORT	Domain=POS	EventID=624	EventIDCcorpoe=624	EventType=8	EventCategory=7	RecordNumber=2543629504	TimeGenerated=1389418241	TimeWritten=1389418241	Message=User Account Created:   New Account Name: 656027   New Domain: POS   New Account ID: POS\656027   Caller User Name: SVC-ADIMPORT   Caller Domain: POS   Caller Logon ID: (0x0,0x44A94E56)   Privileges  -  Attributes:   Sam Account Name: 656027   Display Name: -   User Principal Name: 656027@pos.na.corpo.net   Home Directory: -   Home Drive: -   Script Path: -   Profile Path: -   User Workstations: -   Password Last Set: <never>    Account Expires: <never>    Primary Group ID: 513   AllowedTcorpoelegateTo: -   Old UAC Value: 0x0   New UAC Value: 0x15   User Account Control:    Account Disabled    'Password Not Required' - Enabled    'Normal Account' - Enabled    User Parameters: -   Sid History: -   Logon Hours: <value not set>    
<13>Jan 11 00:30:44 USCHPOSDC01 AgentDevice=WindowsLog	AgentLogFile=Security	PluginVersion=1.0.14	Source=Security	Computer=USCHPOSDC01	User=SVC-ADIMPORT	Domain=POS	EventID=624	EventIDCcorpoe=624	EventType=8	EventCategory=7	RecordNumber=2543629481	TimeGenerated=1389418240	TimeWritten=1389418240	Message=User Account Created:   New Account Name: 656025   New Domain: POS   New Account ID: POS\656025   Caller User Name: SVC-ADIMPORT   Caller Domain: POS   Caller Logon ID: (0x0,0x44A94E56)   Privileges  -  Attributes:   Sam Account Name: 656025   Display Name: -   User Principal Name: 656025@pos.na.corpo.net   Home Directory: -   Home Drive: -   Script Path: -   Profile Path: -   User Workstations: -   Password Last Set: <never>    Account Expires: <never>    Primary Group ID: 513   AllowedTcorpoelegateTo: -   Old UAC Value: 0x0   New UAC Value: 0x15   User Account Control:    Account Disabled    'Password Not Required' - Enabled    'Normal Account' - Enabled    User Parameters: -   Sid History: -   Logon Hours: <value not set>    
<13>Jan 11 00:30:42 USCHPOSDC01 AgentDevice=WindowsLog	AgentLogFile=Security	PluginVersion=1.0.14	Source=Security	Computer=USCHPOSDC01	User=SVC-ADIMPORT	Domain=POS	EventID=624	EventIDCcorpoe=624	EventType=8	EventCategory=7	RecordNumber=2543629453	TimeGenerated=1389418239	TimeWritten=1389418239	Message=User Account Created:   New Account Name: 656024   New Domain: POS   New Account ID: POS\656024   Caller User Name: SVC-ADIMPORT   Caller Domain: POS   Caller Logon ID: (0x0,0x44A94E56)   Privileges  -  Attributes:   Sam Account Name: 656024   Display Name: -   User Principal Name: 656024@pos.na.corpo.net   Home Directory: -   Home Drive: -   Script Path: -   Profile Path: -   User Workstations: -   Password Last Set: <never>    Account Expires: <never>    Primary Group ID: 513   AllowedTcorpoelegateTo: -   Old UAC Value: 0x0   New UAC Value: 0x15   User Account Control:    Account Disabled    'Password Not Required' - Enabled    'Normal Account' - Enabled    User Parameters: -   Sid History: -   Logon Hours: <value not set>    
<13>Jan 11 00:30:42 USCHPOSDC01 AgentDevice=WindowsLog	AgentLogFile=Security	PluginVersion=1.0.14	Source=Security	Computer=USCHPOSDC01	User=SVC-ADIMPORT	Domain=POS	EventID=624	EventIDCcorpoe=624	EventType=8	EventCategory=7	RecordNumber=2543629429	TimeGenerated=1389418238	TimeWritten=1389418238	Message=User Account Created:   New Account Name: 656023   New Domain: POS   New Account ID: POS\656023   Caller User Name: SVC-ADIMPORT   Caller Domain: POS   Caller Logon ID: (0x0,0x44A94E56)   Privileges  -  Attributes:   Sam Account Name: 656023   Display Name: -   User Principal Name: 656023@pos.na.corpo.net   Home Directory: -   Home Drive: -   Script Path: -   Profile Path: -   User Workstations: -   Password Last Set: <never>    Account Expires: <never>    Primary Group ID: 513   AllowedTcorpoelegateTo: -   Old UAC Value: 0x0   New UAC Value: 0x15   User Account Control:    Account Disabled    'Password Not Required' - Enabled    'Normal Account' - Enabled    User Parameters: -   Sid History: -   Logon Hours: <value not set>    
<13>Jan 11 00:30:40 USCHPOSDC01 AgentDevice=WindowsLog	AgentLogFile=Security	PluginVersion=1.0.14	Source=Security	Computer=USCHPOSDC01	User=SVC-ADIMPORT	Domain=POS	EventID=624	EventIDCcorpoe=624	EventType=8	EventCategory=7	RecordNumber=2543629409	TimeGenerated=1389418237	TimeWritten=1389418237	Message=User Account Created:   New Account Name: 656022   New Domain: POS   New Account ID: POS\656022   Caller User Name: SVC-ADIMPORT   Caller Domain: POS   Caller Logon ID: (0x0,0x44A94E56)   Privileges  -  Attributes:   Sam Account Name: 656022   Display Name: -   User Principal Name: 656022@pos.na.corpo.net   Home Directory: -   Home Drive: -   Script Path: -   Profile Path: -   User Workstations: -   Password Last Set: <never>    Account Expires: <never>    Primary Group ID: 513   AllowedTcorpoelegateTo: -   Old UAC Value: 0x0   New UAC Value: 0x15   User Account Control:    Account Disabled    'Password Not Required' - Enabled    'Normal Account' - Enabled    User Parameters: -   Sid History: -   Logon Hours: <value not set>    
<13>Jan 11 00:30:40 USCHPOSDC01 AgentDevice=WindowsLog	AgentLogFile=Security	PluginVersion=1.0.14	Source=Security	Computer=USCHPOSDC01	User=SVC-ADIMPORT	Domain=POS	EventID=624	EventIDCcorpoe=624	EventType=8	EventCategory=7	RecordNumber=2543629384	TimeGenerated=1389418236	TimeWritten=1389418236	Message=User Account Created:   New Account Name: 656021   New Domain: POS   New Account ID: POS\656021   Caller User Name: SVC-ADIMPORT   Caller Domain: POS   Caller Logon ID: (0x0,0x44A94E56)   Privileges  -  Attributes:   Sam Account Name: 656021   Display Name: -   User Principal Name: 656021@pos.na.corpo.net   Home Directory: -   Home Drive: -   Script Path: -   Profile Path: -   User Workstations: -   Password Last Set: <never>    Account Expires: <never>    Primary Group ID: 513   AllowedTcorpoelegateTo: -   Old UAC Value: 0x0   New UAC Value: 0x15   User Account Control:    Account Disabled    'Password Not Required' - Enabled    'Normal Account' - Enabled    User Parameters: -   Sid History: -   Logon Hours: <value not set>    
<13>Jan 11 00:30:38 USCHPOSDC01 AgentDevice=WindowsLog	AgentLogFile=Security	PluginVersion=1.0.14	Source=Security	Computer=USCHPOSDC01	User=SVC-ADIMPORT	Domain=POS	EventID=624	EventIDCcorpoe=624	EventType=8	EventCategory=7	RecordNumber=2543629360	TimeGenerated=1389418235	TimeWritten=1389418235	Message=User Account Created:   New Account Name: 656019   New Domain: POS   New Account ID: POS\656019   Caller User Name: SVC-ADIMPORT   Caller Domain: POS   Caller Logon ID: (0x0,0x44A94E56)   Privileges  -  Attributes:   Sam Account Name: 656019   Display Name: -   User Principal Name: 656019@pos.na.corpo.net   Home Directory: -   Home Drive: -   Script Path: -   Profile Path: -   User Workstations: -   Password Last Set: <never>    Account Expires: <never>    Primary Group ID: 513   AllowedTcorpoelegateTo: -   Old UAC Value: 0x0   New UAC Value: 0x15   User Account Control:    Account Disabled    'Password Not Required' - Enabled    'Normal Account' - Enabled    User Parameters: -   Sid History: -   Logon Hours: <value not set>    
<13>Jan 11 00:30:38 USCHPOSDC01 AgentDevice=WindowsLog	AgentLogFile=Security	PluginVersion=1.0.14	Source=Security	Computer=USCHPOSDC01	User=SVC-ADIMPORT	Domain=POS	EventID=624	EventIDCcorpoe=624	EventType=8	EventCategory=7	RecordNumber=2543629332	TimeGenerated=1389418234	TimeWritten=1389418234	Message=User Account Created:   New Account Name: 656018   New Domain: POS   New Account ID: POS\656018   Caller User Name: SVC-ADIMPORT   Caller Domain: POS   Caller Logon ID: (0x0,0x44A94E56)   Privileges  -  Attributes:   Sam Account Name: 656018   Display Name: -   User Principal Name: 656018@pos.na.corpo.net   Home Directory: -   Home Drive: -   Script Path: -   Profile Path: -   User Workstations: -   Password Last Set: <never>    Account Expires: <never>    Primary Group ID: 513   AllowedTcorpoelegateTo: -   Old UAC Value: 0x0   New UAC Value: 0x15   User Account Control:    Account Disabled    'Password Not Required' - Enabled    'Normal Account' - Enabled    User Parameters: -   Sid History: -   Logon Hours: <value not set>    
<13>Jan 11 00:30:36 USCHPOSDC01 AgentDevice=WindowsLog	AgentLogFile=Security	PluginVersion=1.0.14	Source=Security	Computer=USCHPOSDC01	User=SVC-ADIMPORT	Domain=POS	EventID=624	EventIDCcorpoe=624	EventType=8	EventCategory=7	RecordNumber=2543629310	TimeGenerated=1389418233	TimeWritten=1389418233	Message=User Account Created:   New Account Name: 656016   New Domain: POS   New Account ID: POS\656016   Caller User Name: SVC-ADIMPORT   Caller Domain: POS   Caller Logon ID: (0x0,0x44A94E56)   Privileges  -  Attributes:   Sam Account Name: 656016   Display Name: -   User Principal Name: 656016@pos.na.corpo.net   Home Directory: -   Home Drive: -   Script Path: -   Profile Path: -   User Workstations: -   Password Last Set: <never>    Account Expires: <never>    Primary Group ID: 513   AllowedTcorpoelegateTo: -   Old UAC Value: 0x0   New UAC Value: 0x15   User Account Control:    Account Disabled    'Password Not Required' - Enabled    'Normal Account' - Enabled    User Parameters: -   Sid History: -   Logon Hours: <value not set>    
