<13>Jan 10 16:04:38 USCHRETDC02 AgentDevice=WindowsLog	AgentLogFile=Security	PluginVersion=1.0.14	Source=Security	Computer=USCHRETDC02	User=SYSTEM	Domain=NT AUTHORITY	EventID=644	EventIDCcorpoe=644	EventType=8	EventCategory=7	RecordNumber=2057486977	TimeGenerated=1389387875	TimeWritten=1389387875	Message=User Account Locked Out:   Target Account Name: Salesxp02396   Target Account ID: corpoRETAIL\Salesxp02396   Caller Machine Name: corpoS02396W09   Caller User Name: USCHRETDC02$   Caller Domain: corpoRETAIL   Caller Logon ID: (0x0,0x3E7)   
<13>Jan 10 15:43:06 USCHRETDC02 AgentDevice=WindowsLog	AgentLogFile=Security	PluginVersion=1.0.14	Source=Security	Computer=USCHRETDC02	User=SYSTEM	Domain=NT AUTHORITY	EventID=644	EventIDCcorpoe=644	EventType=8	EventCategory=7	RecordNumber=2057455813	TimeGenerated=1389386583	TimeWritten=1389386583	Message=User Account Locked Out:   Target Account Name: Salesxp02577   Target Account ID: corpoRETAIL\Salesxp02577   Caller Machine Name: corpoS02577W12   Caller User Name: USCHRETDC02$   Caller Domain: corpoRETAIL   Caller Logon ID: (0x0,0x3E7)   
<13>Jan 10 15:34:44 USCHRETDC02 AgentDevice=WindowsLog	AgentLogFile=Security	PluginVersion=1.0.14	Source=Security	Computer=USCHRETDC02	User=SYSTEM	Domain=NT AUTHORITY	EventID=644	EventIDCcorpoe=644	EventType=8	EventCategory=7	RecordNumber=2057443556	TimeGenerated=1389386081	TimeWritten=1389386081	Message=User Account Locked Out:   Target Account Name: Salesxp00644   Target Account ID: corpoRETAIL\Salesxp00644   Caller Machine Name: corpoS00644W12   Caller User Name: USCHRETDC02$   Caller Domain: corpoRETAIL   Caller Logon ID: (0x0,0x3E7)   
<13>Jan 10 15:31:52 USCHRETDC02 AgentDevice=WindowsLog	AgentLogFile=Security	PluginVersion=1.0.14	Source=Security	Computer=USCHRETDC02	User=SYSTEM	Domain=NT AUTHORITY	EventID=644	EventIDCcorpoe=644	EventType=8	EventCategory=7	RecordNumber=2057439129	TimeGenerated=1389385909	TimeWritten=1389385909	Message=User Account Locked Out:   Target Account Name: Salesxp02167   Target Account ID: corpoRETAIL\Salesxp02167   Caller Machine Name: corpoS02167W09   Caller User Name: USCHRETDC02$   Caller Domain: corpoRETAIL   Caller Logon ID: (0x0,0x3E7)   
<13>Jan 10 15:01:24 USCHRETDC02 AgentDevice=WindowsLog	AgentLogFile=Security	PluginVersion=1.0.14	Source=Security	Computer=USCHRETDC02	User=SYSTEM	Domain=NT AUTHORITY	EventID=644	EventIDCcorpoe=644	EventType=8	EventCategory=7	RecordNumber=2057396549	TimeGenerated=1389384080	TimeWritten=1389384080	Message=User Account Locked Out:   Target Account Name: Salesxp00558   Target Account ID: corpoRETAIL\Salesxp00558   Caller Machine Name: corpoS00558W07   Caller User Name: USCHRETDC02$   Caller Domain: corpoRETAIL   Caller Logon ID: (0x0,0x3E7)   
<13>Jan 10 14:36:21 USCHRETDC02 AgentDevice=WindowsLog	AgentLogFile=Security	PluginVersion=1.0.14	Source=Security	Computer=USCHRETDC02	User=SYSTEM	Domain=NT AUTHORITY	EventID=644	EventIDCcorpoe=644	EventType=8	EventCategory=7	RecordNumber=2057361775	TimeGenerated=1389382578	TimeWritten=1389382578	Message=User Account Locked Out:   Target Account Name: Salesxp03279   Target Account ID: corpoRETAIL\Salesxp03279   Caller Machine Name: corpoS03279W09   Caller User Name: USCHRETDC02$   Caller Domain: corpoRETAIL   Caller Logon ID: (0x0,0x3E7)   
<13>Jan 10 14:12:19 USCHRETDC02 AgentDevice=WindowsLog	AgentLogFile=Security	PluginVersion=1.0.14	Source=Security	Computer=USCHRETDC02	User=mbman	Domain=corpoRETAIL	EventID=629	EventIDCcorpoe=629	EventType=8	EventCategory=7	RecordNumber=2057327870	TimeGenerated=1389381136	TimeWritten=1389381136	Message=User Account Disabled:   Target Account Name: corpoS10834W09$   Target Domain: corpoRETAIL   Target Account ID: corpoRETAIL\corpoS10834W09$   Caller User Name: mbman   Caller Domain: corpoRETAIL   Caller Logon ID: (0x0,0x7FDB0C5C)   
<13>Jan 10 14:12:03 USCHRETDC02 AgentDevice=WindowsLog	AgentLogFile=Security	PluginVersion=1.0.14	Source=Security	Computer=USCHRETDC02	User=SYSTEM	Domain=NT AUTHORITY	EventID=644	EventIDCcorpoe=644	EventType=8	EventCategory=7	RecordNumber=2057327429	TimeGenerated=1389381121	TimeWritten=1389381121	Message=User Account Locked Out:   Target Account Name: Salesxp02650   Target Account ID: corpoRETAIL\Salesxp02650   Caller Machine Name: corpoS02650W06   Caller User Name: USCHRETDC02$   Caller Domain: corpoRETAIL   Caller Logon ID: (0x0,0x3E7)   
<13>Jan 10 14:12:01 USCHRETDC02 AgentDevice=WindowsLog	AgentLogFile=Security	PluginVersion=1.0.14	Source=Security	Computer=USCHRETDC02	User=SYSTEM	Domain=NT AUTHORITY	EventID=644	EventIDCcorpoe=644	EventType=8	EventCategory=7	RecordNumber=2057327334	TimeGenerated=1389381118	TimeWritten=1389381118	Message=User Account Locked Out:   Target Account Name: Salesxp00832   Target Account ID: corpoRETAIL\Salesxp00832   Caller Machine Name: corpoS00832W07   Caller User Name: USCHRETDC02$   Caller Domain: corpoRETAIL   Caller Logon ID: (0x0,0x3E7)   
<13>Jan 10 13:55:10 USCHRETDC02 AgentDevice=WindowsLog	AgentLogFile=Security	PluginVersion=1.0.14	Source=Security	Computer=USCHRETDC02	User=SYSTEM	Domain=NT AUTHORITY	EventID=644	EventIDCcorpoe=644	EventType=8	EventCategory=7	RecordNumber=2057303008	TimeGenerated=1389380107	TimeWritten=1389380107	Message=User Account Locked Out:   Target Account Name: Salesxp00307   Target Account ID: corpoRETAIL\Salesxp00307   Caller Machine Name: corpoS00307W07   Caller User Name: USCHRETDC02$   Caller Domain: corpoRETAIL   Caller Logon ID: (0x0,0x3E7)   
<13>Jan 10 13:50:45 USCHRETDC02 AgentDevice=WindowsLog	AgentLogFile=Security	PluginVersion=1.0.14	Source=Security	Computer=USCHRETDC02	User=SYSTEM	Domain=NT AUTHORITY	EventID=644	EventIDCcorpoe=644	EventType=8	EventCategory=7	RecordNumber=2057296346	TimeGenerated=1389379842	TimeWritten=1389379842	Message=User Account Locked Out:   Target Account Name: Salesxp00544   Target Account ID: corpoRETAIL\Salesxp00544   Caller Machine Name: corpoS00544W09   Caller User Name: USCHRETDC02$   Caller Domain: corpoRETAIL   Caller Logon ID: (0x0,0x3E7)   
<13>Jan 10 13:44:21 USCHRETDC02 AgentDevice=WindowsLog	AgentLogFile=Security	PluginVersion=1.0.14	Source=Security	Computer=USCHRETDC02	User=SYSTEM	Domain=NT AUTHORITY	EventID=644	EventIDCcorpoe=644	EventType=8	EventCategory=7	RecordNumber=2057287780	TimeGenerated=1389379458	TimeWritten=1389379458	Message=User Account Locked Out:   Target Account Name: Salesxp02391   Target Account ID: corpoRETAIL\Salesxp02391   Caller Machine Name: corpoS02391W12   Caller User Name: USCHRETDC02$   Caller Domain: corpoRETAIL   Caller Logon ID: (0x0,0x3E7)   
<13>Jan 10 13:40:44 USCHRETDC02 AgentDevice=WindowsLog	AgentLogFile=Security	PluginVersion=1.0.14	Source=Security	Computer=USCHRETDC02	User=SYSTEM	Domain=NT AUTHORITY	EventID=644	EventIDCcorpoe=644	EventType=8	EventCategory=7	RecordNumber=2057282490	TimeGenerated=1389379240	TimeWritten=1389379240	Message=User Account Locked Out:   Target Account Name: Salesxp00385   Target Account ID: corpoRETAIL\Salesxp00385   Caller Machine Name: corpoS00385W07   Caller User Name: USCHRETDC02$   Caller Domain: corpoRETAIL   Caller Logon ID: (0x0,0x3E7)   
<13>Jan 10 13:29:10 USCHRETDC02 AgentDevice=WindowsLog	AgentLogFile=Security	PluginVersion=1.0.14	Source=Security	Computer=USCHRETDC02	User=domjoin	Domain=corpoRETAIL	EventID=626	EventIDCcorpoe=626	EventType=8	EventCategory=7	RecordNumber=2057265947	TimeGenerated=1389378546	TimeWritten=1389378546	Message=User Account Enabled:   Target Account Name: corpoS10834K05$   Target Domain: corpoRETAIL   Target Account ID: corpoRETAIL\corpoS10834K05$   Caller User Name: domjoin   Caller Domain: corpoRETAIL   Caller Logon ID: (0x0,0x7FC00056)   
<13>Jan 10 13:29:10 USCHRETDC02 AgentDevice=WindowsLog	AgentLogFile=Security	PluginVersion=1.0.14	Source=Security	Computer=USCHRETDC02	User=domjoin	Domain=corpoRETAIL	EventID=629	EventIDCcorpoe=629	EventType=8	EventCategory=7	RecordNumber=2057265945	TimeGenerated=1389378546	TimeWritten=1389378546	Message=User Account Disabled:   Target Account Name: corpoS10834K05$   Target Domain: corpoRETAIL   Target Account ID: corpoRETAIL\corpoS10834K05$   Caller User Name: domjoin   Caller Domain: corpoRETAIL   Caller Logon ID: (0x0,0x7FC00056)   
<13>Jan 10 13:29:10 USCHRETDC02 AgentDevice=WindowsLog	AgentLogFile=Security	PluginVersion=1.0.14	Source=Security	Computer=USCHRETDC02	User=domjoin	Domain=corpoRETAIL	EventID=626	EventIDCcorpoe=626	EventType=8	EventCategory=7	RecordNumber=2057265941	TimeGenerated=1389378546	TimeWritten=1389378546	Message=User Account Enabled:   Target Account Name: corpoS10834K05$   Target Domain: corpoRETAIL   Target Account ID: corpoRETAIL\corpoS10834K05$   Caller User Name: domjoin   Caller Domain: corpoRETAIL   Caller Logon ID: (0x0,0x7FC00056)   
<13>Jan 10 13:21:42 USCHRETDC02 AgentDevice=WindowsLog	AgentLogFile=Security	PluginVersion=1.0.14	Source=Security	Computer=USCHRETDC02	User=SYSTEM	Domain=NT AUTHORITY	EventID=644	EventIDCcorpoe=644	EventType=8	EventCategory=7	RecordNumber=2057255565	TimeGenerated=1389378099	TimeWritten=1389378099	Message=User Account Locked Out:   Target Account Name: Salesxp00609   Target Account ID: corpoRETAIL\Salesxp00609   Caller Machine Name: corpoS00609W07   Caller User Name: USCHRETDC02$   Caller Domain: corpoRETAIL   Caller Logon ID: (0x0,0x3E7)   
<13>Jan 10 13:05:19 USCHRETDC02 AgentDevice=WindowsLog	AgentLogFile=Security	PluginVersion=1.0.14	Source=Security	Computer=USCHRETDC02	User=SYSTEM	Domain=NT AUTHORITY	EventID=644	EventIDCcorpoe=644	EventType=8	EventCategory=7	RecordNumber=2057232920	TimeGenerated=1389377116	TimeWritten=1389377116	Message=User Account Locked Out:   Target Account Name: Salesxp02317   Target Account ID: corpoRETAIL\Salesxp02317   Caller Machine Name: corpoS02317W07   Caller User Name: USCHRETDC02$   Caller Domain: corpoRETAIL   Caller Logon ID: (0x0,0x3E7)   
<13>Jan 10 12:59:19 USCHRETDC02 AgentDevice=WindowsLog	AgentLogFile=Security	PluginVersion=1.0.14	Source=Security	Computer=USCHRETDC02	User=SYSTEM	Domain=NT AUTHORITY	EventID=644	EventIDCcorpoe=644	EventType=8	EventCategory=7	RecordNumber=2057224826	TimeGenerated=1389376756	TimeWritten=1389376756	Message=User Account Locked Out:   Target Account Name: Salesxp00111   Target Account ID: corpoRETAIL\Salesxp00111   Caller Machine Name: corpoS00111W09   Caller User Name: USCHRETDC02$   Caller Domain: corpoRETAIL   Caller Logon ID: (0x0,0x3E7)   
<13>Jan 10 12:51:22 USCHRETDC02 AgentDevice=WindowsLog	AgentLogFile=Security	PluginVersion=1.0.14	Source=Security	Computer=USCHRETDC02	User=SYSTEM	Domain=NT AUTHORITY	EventID=644	EventIDCcorpoe=644	EventType=8	EventCategory=7	RecordNumber=2057213332	TimeGenerated=1389376279	TimeWritten=1389376279	Message=User Account Locked Out:   Target Account Name: Salesxp02167   Target Account ID: corpoRETAIL\Salesxp02167   Caller Machine Name: corpoS02167W09   Caller User Name: USCHRETDC02$   Caller Domain: corpoRETAIL   Caller Logon ID: (0x0,0x3E7)   
<13>Jan 10 12:43:19 USCHRETDC02 AgentDevice=WindowsLog	AgentLogFile=Security	PluginVersion=1.0.14	Source=Security	Computer=USCHRETDC02	User=SYSTEM	Domain=NT AUTHORITY	EventID=644	EventIDCcorpoe=644	EventType=8	EventCategory=7	RecordNumber=2057202374	TimeGenerated=1389375795	TimeWritten=1389375795	Message=User Account Locked Out:   Target Account Name: Salesxp02612   Target Account ID: corpoRETAIL\Salesxp02612   Caller Machine Name: corpoS02612W04   Caller User Name: USCHRETDC02$   Caller Domain: corpoRETAIL   Caller Logon ID: (0x0,0x3E7)   
<13>Jan 10 12:41:48 USCHRETDC02 AgentDevice=WindowsLog	AgentLogFile=Security	PluginVersion=1.0.14	Source=Security	Computer=USCHRETDC02	User=SYSTEM	Domain=NT AUTHORITY	EventID=644	EventIDCcorpoe=644	EventType=8	EventCategory=7	RecordNumber=2057200417	TimeGenerated=1389375705	TimeWritten=1389375705	Message=User Account Locked Out:   Target Account Name: Salesxp00962   Target Account ID: corpoRETAIL\Salesxp00962   Caller Machine Name: corpoS00962W12   Caller User Name: USCHRETDC02$   Caller Domain: corpoRETAIL   Caller Logon ID: (0x0,0x3E7)   
<13>Jan 10 12:41:24 USCHRETDC02 AgentDevice=WindowsLog	AgentLogFile=Security	PluginVersion=1.0.14	Source=Security	Computer=USCHRETDC02	User=SYSTEM	Domain=NT AUTHORITY	EventID=644	EventIDCcorpoe=644	EventType=8	EventCategory=7	RecordNumber=2057199885	TimeGenerated=1389375680	TimeWritten=1389375680	Message=User Account Locked Out:   Target Account Name: Salesxp00408   Target Account ID: corpoRETAIL\Salesxp00408   Caller Machine Name: corpoS00408W09   Caller User Name: USCHRETDC02$   Caller Domain: corpoRETAIL   Caller Logon ID: (0x0,0x3E7)   
<13>Jan 10 12:14:01 USCHRETDC02 AgentDevice=WindowsLog	AgentLogFile=Security	PluginVersion=1.0.14	Source=Security	Computer=USCHRETDC02	User=SYSTEM	Domain=NT AUTHORITY	EventID=644	EventIDCcorpoe=644	EventType=8	EventCategory=7	RecordNumber=2057161922	TimeGenerated=1389374038	TimeWritten=1389374038	Message=User Account Locked Out:   Target Account Name: Salesxp00587   Target Account ID: corpoRETAIL\Salesxp00587   Caller Machine Name: corpoS00587W12   Caller User Name: USCHRETDC02$   Caller Domain: corpoRETAIL   Caller Logon ID: (0x0,0x3E7)   
<13>Jan 10 12:06:19 USCHRETDC02 AgentDevice=WindowsLog	AgentLogFile=Security	PluginVersion=1.0.14	Source=Security	Computer=USCHRETDC02	User=SYSTEM	Domain=NT AUTHORITY	EventID=644	EventIDCcorpoe=644	EventType=8	EventCategory=7	RecordNumber=2057150959	TimeGenerated=1389373576	TimeWritten=1389373576	Message=User Account Locked Out:   Target Account Name: Salesxp02399   Target Account ID: corpoRETAIL\Salesxp02399   Caller Machine Name: corpoS02399W07   Caller User Name: USCHRETDC02$   Caller Domain: corpoRETAIL   Caller Logon ID: (0x0,0x3E7)   
<13>Jan 10 11:56:35 USCHRETDC02 AgentDevice=WindowsLog	AgentLogFile=Security	PluginVersion=1.0.14	Source=Security	Computer=USCHRETDC02	User=SYSTEM	Domain=NT AUTHORITY	EventID=644	EventIDCcorpoe=644	EventType=8	EventCategory=7	RecordNumber=2057137105	TimeGenerated=1389372992	TimeWritten=1389372992	Message=User Account Locked Out:   Target Account Name: Salesxp00107   Target Account ID: corpoRETAIL\Salesxp00107   Caller Machine Name: corpoS00107W09   Caller User Name: USCHRETDC02$   Caller Domain: corpoRETAIL   Caller Logon ID: (0x0,0x3E7)   
<13>Jan 10 11:49:54 USCHRETDC02 AgentDevice=WindowsLog	AgentLogFile=Security	PluginVersion=1.0.14	Source=Security	Computer=USCHRETDC02	User=SYSTEM	Domain=NT AUTHORITY	EventID=644	EventIDCcorpoe=644	EventType=8	EventCategory=7	RecordNumber=2057127290	TimeGenerated=1389372591	TimeWritten=1389372591	Message=User Account Locked Out:   Target Account Name: Salesxp02798   Target Account ID: corpoRETAIL\Salesxp02798   Caller Machine Name: corpoS02798W07   Caller User Name: USCHRETDC02$   Caller Domain: corpoRETAIL   Caller Logon ID: (0x0,0x3E7)   
<13>Jan 10 11:27:35 USCHRETDC02 AgentDevice=WindowsLog	AgentLogFile=Security	PluginVersion=1.0.14	Source=Security	Computer=USCHRETDC02	User=SYSTEM	Domain=NT AUTHORITY	EventID=644	EventIDCcorpoe=644	EventType=8	EventCategory=7	RecordNumber=2057095081	TimeGenerated=1389371251	TimeWritten=1389371251	Message=User Account Locked Out:   Target Account Name: Salesxp00467   Target Account ID: corpoRETAIL\Salesxp00467   Caller Machine Name: corpoS00467W09   Caller User Name: USCHRETDC02$   Caller Domain: corpoRETAIL   Caller Logon ID: (0x0,0x3E7)   
<13>Jan 10 11:09:14 USCHRETDC02 AgentDevice=WindowsLog	AgentLogFile=Security	PluginVersion=1.0.14	Source=Security	Computer=USCHRETDC02	User=SYSTEM	Domain=NT AUTHORITY	EventID=644	EventIDCcorpoe=644	EventType=8	EventCategory=7	RecordNumber=2057069427	TimeGenerated=1389370150	TimeWritten=1389370150	Message=User Account Locked Out:   Target Account Name: Salesxp02234   Target Account ID: corpoRETAIL\Salesxp02234   Caller Machine Name: corpoS02234W12   Caller User Name: USCHRETDC02$   Caller Domain: corpoRETAIL   Caller Logon ID: (0x0,0x3E7)   
<13>Jan 10 11:06:40 USCHRETDC02 AgentDevice=WindowsLog	AgentLogFile=Security	PluginVersion=1.0.14	Source=Security	Computer=USCHRETDC02	User=SYSTEM	Domain=NT AUTHORITY	EventID=644	EventIDCcorpoe=644	EventType=8	EventCategory=7	RecordNumber=2057065709	TimeGenerated=1389369997	TimeWritten=1389369997	Message=User Account Locked Out:   Target Account Name: Salesxp00832   Target Account ID: corpoRETAIL\Salesxp00832   Caller Machine Name: corpoS00832W09   Caller User Name: USCHRETDC02$   Caller Domain: corpoRETAIL   Caller Logon ID: (0x0,0x3E7)   
<13>Jan 10 10:38:52 USCHRETDC02 AgentDevice=WindowsLog	AgentLogFile=Security	PluginVersion=1.0.14	Source=Security	Computer=USCHRETDC02	User=SYSTEM	Domain=NT AUTHORITY	EventID=644	EventIDCcorpoe=644	EventType=8	EventCategory=7	RecordNumber=2057026629	TimeGenerated=1389368330	TimeWritten=1389368330	Message=User Account Locked Out:   Target Account Name: Salesxp02268   Target Account ID: corpoRETAIL\Salesxp02268   Caller Machine Name: corpoS02268W06   Caller User Name: USCHRETDC02$   Caller Domain: corpoRETAIL   Caller Logon ID: (0x0,0x3E7)   
<13>Jan 10 10:31:37 USCHRETDC02 AgentDevice=WindowsLog	AgentLogFile=Security	PluginVersion=1.0.14	Source=Security	Computer=USCHRETDC02	User=SYSTEM	Domain=NT AUTHORITY	EventID=644	EventIDCcorpoe=644	EventType=8	EventCategory=7	RecordNumber=2057016632	TimeGenerated=1389367894	TimeWritten=1389367894	Message=User Account Locked Out:   Target Account Name: Salesxp00950   Target Account ID: corpoRETAIL\Salesxp00950   Caller Machine Name: corpoS00950W11   Caller User Name: USCHRETDC02$   Caller Domain: corpoRETAIL   Caller Logon ID: (0x0,0x3E7)   
<13>Jan 10 10:01:06 USCHRETDC02 AgentDevice=WindowsLog	AgentLogFile=Security	PluginVersion=1.0.14	Source=Security	Computer=USCHRETDC02	User=domjoin	Domain=corpoRETAIL	EventID=626	EventIDCcorpoe=626	EventType=8	EventCategory=7	RecordNumber=2056973872	TimeGenerated=1389366063	TimeWritten=1389366063	Message=User Account Enabled:   Target Account Name: corpoS03324W07$   Target Domain: corpoRETAIL   Target Account ID: corpoRETAIL\corpoS03324W07$   Caller User Name: domjoin   Caller Domain: corpoRETAIL   Caller Logon ID: (0x0,0x7F40E66F)   
<13>Jan 10 10:01:06 USCHRETDC02 AgentDevice=WindowsLog	AgentLogFile=Security	PluginVersion=1.0.14	Source=Security	Computer=USCHRETDC02	User=domjoin	Domain=corpoRETAIL	EventID=629	EventIDCcorpoe=629	EventType=8	EventCategory=7	RecordNumber=2056973870	TimeGenerated=1389366063	TimeWritten=1389366063	Message=User Account Disabled:   Target Account Name: corpoS03324W07$   Target Domain: corpoRETAIL   Target Account ID: corpoRETAIL\corpoS03324W07$   Caller User Name: domjoin   Caller Domain: corpoRETAIL   Caller Logon ID: (0x0,0x7F40E66F)   
<13>Jan 10 10:01:06 USCHRETDC02 AgentDevice=WindowsLog	AgentLogFile=Security	PluginVersion=1.0.14	Source=Security	Computer=USCHRETDC02	User=domjoin	Domain=corpoRETAIL	EventID=626	EventIDCcorpoe=626	EventType=8	EventCategory=7	RecordNumber=2056973867	TimeGenerated=1389366062	TimeWritten=1389366062	Message=User Account Enabled:   Target Account Name: corpoS03324W07$   Target Domain: corpoRETAIL   Target Account ID: corpoRETAIL\corpoS03324W07$   Caller User Name: domjoin   Caller Domain: corpoRETAIL   Caller Logon ID: (0x0,0x7F40E66F)   
<13>Jan 10 10:00:34 USCHRETDC02 AgentDevice=WindowsLog	AgentLogFile=Security	PluginVersion=1.0.14	Source=Security	Computer=USCHRETDC02	User=SYSTEM	Domain=NT AUTHORITY	EventID=644	EventIDCcorpoe=644	EventType=8	EventCategory=7	RecordNumber=2056973103	TimeGenerated=1389366030	TimeWritten=1389366030	Message=User Account Locked Out:   Target Account Name: Salesxp00923   Target Account ID: corpoRETAIL\Salesxp00923   Caller Machine Name: corpoS00923W07   Caller User Name: USCHRETDC02$   Caller Domain: corpoRETAIL   Caller Logon ID: (0x0,0x3E7)   
<13>Jan 10 10:00:04 USCHRETDC02 AgentDevice=WindowsLog	AgentLogFile=Security	PluginVersion=1.0.14	Source=Security	Computer=USCHRETDC02	User=SYSTEM	Domain=NT AUTHORITY	EventID=644	EventIDCcorpoe=644	EventType=8	EventCategory=7	RecordNumber=2056972353	TimeGenerated=1389366001	TimeWritten=1389366001	Message=User Account Locked Out:   Target Account Name: Salesxp02384   Target Account ID: corpoRETAIL\Salesxp02384   Caller Machine Name: corpoS02384W12   Caller User Name: USCHRETDC02$   Caller Domain: corpoRETAIL   Caller Logon ID: (0x0,0x3E7)   
