<13>Jan 11 18:42:31 USCHRETDC01 AgentDevice=WindowsLog	AgentLogFile=Security	PluginVersion=1.0.14	Source=Security	Computer=USCHRETDC01	User=domjoin	Domain=corpoRETAIL	EventID=645	EventIDCcorpoe=645	EventType=8	EventCategory=7	RecordNumber=2272475585	TimeGenerated=1389483747	TimeWritten=1389483747	Message=Computer Account Created:   New Account Name: corpoS03324W09$   New Domain: corpoRETAIL   New Account ID: corpoRETAIL\corpoS03324W09$   Caller User Name: domjoin   Caller Domain: corpoRETAIL   Caller Logon ID: (0x0,0x9FA836D8)   Privileges  -  Attributes:   Sam Account Name: corpoS03324W09$   Display Name: -   User Principal Name: -   Home Directory: -   Home Drive: -   Script Path: -   Profile Path: -   User Workstations: -   Password Last Set: <never>    Account Expires: <never>    Primary Group ID: 515   AllowedTcorpoelegateTo: -   Old UAC Value: 0x0   New UAC Value: 0x80   User Account Control:    'Workstation Trust Account' - Enabled    User Parameters: -   Sid History: -   Logon Hours: <value not set>    DNS Host Name: corpoS03324W09.corpoRETAIL.NET   Service Principal Names:    HOST/corpoS03324W09.corpoRETAIL.NET   HOST/corpoS03324W09    
<13>Jan 11 14:49:39 USCHRETDC01 AgentDevice=WindowsLog	AgentLogFile=Security	PluginVersion=1.0.14	Source=Security	Computer=USCHRETDC01	User=domjoin	Domain=corpoRETAIL	EventID=645	EventIDCcorpoe=645	EventType=8	EventCategory=7	RecordNumber=2272103144	TimeGenerated=1389469777	TimeWritten=1389469777	Message=Computer Account Created:   New Account Name: corpoS02231W04$   New Domain: corpoRETAIL   New Account ID: corpoRETAIL\corpoS02231W04$   Caller User Name: domjoin   Caller Domain: corpoRETAIL   Caller Logon ID: (0x0,0x9EFD713B)   Privileges  -  Attributes:   Sam Account Name: corpoS02231W04$   Display Name: -   User Principal Name: -   Home Directory: -   Home Drive: -   Script Path: -   Profile Path: -   User Workstations: -   Password Last Set: <never>    Account Expires: <never>    Primary Group ID: 515   AllowedTcorpoelegateTo: -   Old UAC Value: 0x0   New UAC Value: 0x80   User Account Control:    'Workstation Trust Account' - Enabled    User Parameters: -   Sid History: -   Logon Hours: <value not set>    DNS Host Name: corpoS02231W04.corpoRETAIL.NET   Service Principal Names:    HOST/corpoS02231W04.corpoRETAIL.NET   HOST/corpoS02231W04    
<13>Jan 10 12:49:45 USCHRETDC01 AgentDevice=WindowsLog	AgentLogFile=Security	PluginVersion=1.0.14	Source=Security	Computer=USCHRETDC01	User=domjoin	Domain=corpoRETAIL	EventID=645	EventIDCcorpoe=645	EventType=8	EventCategory=7	RecordNumber=2269877942	TimeGenerated=1389376182	TimeWritten=1389376182	Message=Computer Account Created:   New Account Name: corpoS10839W09$   New Domain: corpoRETAIL   New Account ID: corpoRETAIL\corpoS10839W09$   Caller User Name: domjoin   Caller Domain: corpoRETAIL   Caller Logon ID: (0x0,0x9ACDFBE0)   Privileges  -  Attributes:   Sam Account Name: corpoS10839W09$   Display Name: -   User Principal Name: -   Home Directory: -   Home Drive: -   Script Path: -   Profile Path: -   User Workstations: -   Password Last Set: 1/10/2014 12:49:42 PM   Account Expires: <never>    Primary Group ID: 515   AllowedTcorpoelegateTo: -   Old UAC Value: 0x0   New UAC Value: 0x80   User Account Control:    'Workstation Trust Account' - Enabled    User Parameters: -   Sid History: -   Logon Hours: <value not set>    DNS Host Name: corpoS10839W09.corpoRETAIL.NET   Service Principal Names:    HOST/corpoS10839W09.corpoRETAIL.NET   RestrictedKrbHost/corpoS10839W09.corpoRETAIL.NET   HOST/corpoS10839W09   RestrictedKrbHost/corpoS10839W09    
<13>Jan 13 07:58:15 USCHRETDC01 AgentDevice=WindowsLog	AgentLogFile=Security	PluginVersion=1.0.14	Source=Security	Computer=USCHRETDC01	User=SYSTEM	Domain=NT AUTHORITY	EventID=644	EventIDCcorpoe=644	EventType=8	EventCategory=7	RecordNumber=2275725181	TimeGenerated=1389617892	TimeWritten=1389617892	Message=User Account Locked Out:   Target Account Name: Salesxp02242   Target Account ID: corpoRETAIL\Salesxp02242   Caller Machine Name: corpoS02242W09   Caller User Name: USCHRETDC01$   Caller Domain: corpoRETAIL   Caller Logon ID: (0x0,0x3E7)   
<13>Jan 13 07:34:17 USCHRETDC01 AgentDevice=WindowsLog	AgentLogFile=Security	PluginVersion=1.0.14	Source=Security	Computer=USCHRETDC01	User=SYSTEM	Domain=NT AUTHORITY	EventID=644	EventIDCcorpoe=644	EventType=8	EventCategory=7	RecordNumber=2275693073	TimeGenerated=1389616455	TimeWritten=1389616455	Message=User Account Locked Out:   Target Account Name: appmgr   Target Account ID: corpoRETAIL\appmgr   Caller Machine Name:    Caller User Name: USCHRETDC01$   Caller Domain: corpoRETAIL   Caller Logon ID: (0x0,0x3E7)   
<13>Jan 13 07:33:02 USCHRETDC01 AgentDevice=WindowsLog	AgentLogFile=Security	PluginVersion=1.0.14	Source=Security	Computer=USCHRETDC01	User=SYSTEM	Domain=NT AUTHORITY	EventID=644	EventIDCcorpoe=644	EventType=8	EventCategory=7	RecordNumber=2275691385	TimeGenerated=1389616379	TimeWritten=1389616379	Message=User Account Locked Out:   Target Account Name: appmgr   Target Account ID: corpoRETAIL\appmgr   Caller Machine Name:    Caller User Name: USCHRETDC01$   Caller Domain: corpoRETAIL   Caller Logon ID: (0x0,0x3E7)   
<13>Jan 13 07:31:15 USCHRETDC01 AgentDevice=WindowsLog	AgentLogFile=Security	PluginVersion=1.0.14	Source=Security	Computer=USCHRETDC01	User=SYSTEM	Domain=NT AUTHORITY	EventID=644	EventIDCcorpoe=644	EventType=8	EventCategory=7	RecordNumber=2275689041	TimeGenerated=1389616272	TimeWritten=1389616272	Message=User Account Locked Out:   Target Account Name: appmgr   Target Account ID: corpoRETAIL\appmgr   Caller Machine Name:    Caller User Name: USCHRETDC01$   Caller Domain: corpoRETAIL   Caller Logon ID: (0x0,0x3E7)   
<13>Jan 13 07:30:08 USCHRETDC01 AgentDevice=WindowsLog	AgentLogFile=Security	PluginVersion=1.0.14	Source=Security	Computer=USCHRETDC01	User=SYSTEM	Domain=NT AUTHORITY	EventID=644	EventIDCcorpoe=644	EventType=8	EventCategory=7	RecordNumber=2275687600	TimeGenerated=1389616204	TimeWritten=1389616204	Message=User Account Locked Out:   Target Account Name: appmgr   Target Account ID: corpoRETAIL\appmgr   Caller Machine Name:    Caller User Name: USCHRETDC01$   Caller Domain: corpoRETAIL   Caller Logon ID: (0x0,0x3E7)   
<13>Jan 13 07:30:08 USCHRETDC01 AgentDevice=WindowsLog	AgentLogFile=Security	PluginVersion=1.0.14	Source=Security	Computer=USCHRETDC01	User=SYSTEM	Domain=NT AUTHORITY	EventID=644	EventIDCcorpoe=644	EventType=8	EventCategory=7	RecordNumber=2275687596	TimeGenerated=1389616204	TimeWritten=1389616204	Message=User Account Locked Out:   Target Account Name: appmgr   Target Account ID: corpoRETAIL\appmgr   Caller Machine Name:    Caller User Name: USCHRETDC01$   Caller Domain: corpoRETAIL   Caller Logon ID: (0x0,0x3E7)   
<13>Jan 13 07:02:18 USCHRETDC01 AgentDevice=WindowsLog	AgentLogFile=Security	PluginVersion=1.0.14	Source=Security	Computer=USCHRETDC01	User=SYSTEM	Domain=NT AUTHORITY	EventID=644	EventIDCcorpoe=644	EventType=8	EventCategory=7	RecordNumber=2275648454	TimeGenerated=1389614534	TimeWritten=1389614534	Message=User Account Locked Out:   Target Account Name: Salesxp02818   Target Account ID: corpoRETAIL\Salesxp02818   Caller Machine Name: corpoS02818W09   Caller User Name: USCHRETDC01$   Caller Domain: corpoRETAIL   Caller Logon ID: (0x0,0x3E7)   
<13>Jan 13 06:25:37 USCHRETDC01 AgentDevice=WindowsLog	AgentLogFile=Security	PluginVersion=1.0.14	Source=Security	Computer=USCHRETDC01	User=SYSTEM	Domain=NT AUTHORITY	EventID=644	EventIDCcorpoe=644	EventType=8	EventCategory=7	RecordNumber=2275601142	TimeGenerated=1389612334	TimeWritten=1389612334	Message=User Account Locked Out:   Target Account Name: Salesxp00021   Target Account ID: corpoRETAIL\Salesxp00021   Caller Machine Name: corpoS00021W09   Caller User Name: USCHRETDC01$   Caller Domain: corpoRETAIL   Caller Logon ID: (0x0,0x3E7)   
<13>Jan 13 05:01:13 USCHRETDC01 AgentDevice=WindowsLog	AgentLogFile=Security	PluginVersion=1.0.14	Source=Security	Computer=USCHRETDC01	User=SYSTEM	Domain=NT AUTHORITY	EventID=644	EventIDCcorpoe=644	EventType=8	EventCategory=7	RecordNumber=2275462525	TimeGenerated=1389607270	TimeWritten=1389607270	Message=User Account Locked Out:   Target Account Name: appmgr   Target Account ID: corpoRETAIL\appmgr   Caller Machine Name:    Caller User Name: USCHRETDC01$   Caller Domain: corpoRETAIL   Caller Logon ID: (0x0,0x3E7)   
<13>Jan 13 05:00:10 USCHRETDC01 AgentDevice=WindowsLog	AgentLogFile=Security	PluginVersion=1.0.14	Source=Security	Computer=USCHRETDC01	User=SYSTEM	Domain=NT AUTHORITY	EventID=644	EventIDCcorpoe=644	EventType=8	EventCategory=7	RecordNumber=2275460848	TimeGenerated=1389607207	TimeWritten=1389607207	Message=User Account Locked Out:   Target Account Name: appmgr   Target Account ID: corpoRETAIL\appmgr   Caller Machine Name:    Caller User Name: USCHRETDC01$   Caller Domain: corpoRETAIL   Caller Logon ID: (0x0,0x3E7)   
<13>Jan 12 20:41:10 USCHRETDC01 AgentDevice=WindowsLog	AgentLogFile=Security	PluginVersion=1.0.14	Source=Security	Computer=USCHRETDC01	User=SYSTEM	Domain=NT AUTHORITY	EventID=644	EventIDCcorpoe=644	EventType=8	EventCategory=7	RecordNumber=2274826063	TimeGenerated=1389577265	TimeWritten=1389577265	Message=User Account Locked Out:   Target Account Name: Salesxp00461   Target Account ID: corpoRETAIL\Salesxp00461   Caller Machine Name: corpoS00461W07   Caller User Name: USCHRETDC01$   Caller Domain: corpoRETAIL   Caller Logon ID: (0x0,0x3E7)   
<13>Jan 12 20:40:50 USCHRETDC01 AgentDevice=WindowsLog	AgentLogFile=Security	PluginVersion=1.0.14	Source=Security	Computer=USCHRETDC01	User=SYSTEM	Domain=NT AUTHORITY	EventID=644	EventIDCcorpoe=644	EventType=8	EventCategory=7	RecordNumber=2274825359	TimeGenerated=1389577247	TimeWritten=1389577247	Message=User Account Locked Out:   Target Account Name: Salesxp00111   Target Account ID: corpoRETAIL\Salesxp00111   Caller Machine Name: corpoS00111W07   Caller User Name: USCHRETDC01$   Caller Domain: corpoRETAIL   Caller Logon ID: (0x0,0x3E7)   
<13>Jan 12 20:16:05 USCHRETDC01 AgentDevice=WindowsLog	AgentLogFile=Security	PluginVersion=1.0.14	Source=Security	Computer=USCHRETDC01	User=SYSTEM	Domain=NT AUTHORITY	EventID=644	EventIDCcorpoe=644	EventType=8	EventCategory=7	RecordNumber=2274782170	TimeGenerated=1389575762	TimeWritten=1389575762	Message=User Account Locked Out:   Target Account Name: Salesxp02409   Target Account ID: corpoRETAIL\Salesxp02409   Caller Machine Name: corpoS02409W12   Caller User Name: USCHRETDC01$   Caller Domain: corpoRETAIL   Caller Logon ID: (0x0,0x3E7)   
<13>Jan 12 20:05:03 USCHRETDC01 AgentDevice=WindowsLog	AgentLogFile=Security	PluginVersion=1.0.14	Source=Security	Computer=USCHRETDC01	User=SYSTEM	Domain=NT AUTHORITY	EventID=644	EventIDCcorpoe=644	EventType=8	EventCategory=7	RecordNumber=2274763800	TimeGenerated=1389575100	TimeWritten=1389575100	Message=User Account Locked Out:   Target Account Name: Salesxp00892   Target Account ID: corpoRETAIL\Salesxp00892   Caller Machine Name: corpoS00892W07   Caller User Name: USCHRETDC01$   Caller Domain: corpoRETAIL   Caller Logon ID: (0x0,0x3E7)   
<13>Jan 12 19:48:35 USCHRETDC01 AgentDevice=WindowsLog	AgentLogFile=Security	PluginVersion=1.0.14	Source=Security	Computer=USCHRETDC01	User=SYSTEM	Domain=NT AUTHORITY	EventID=644	EventIDCcorpoe=644	EventType=8	EventCategory=7	RecordNumber=2274738569	TimeGenerated=1389574111	TimeWritten=1389574111	Message=User Account Locked Out:   Target Account Name: Salesxp00607   Target Account ID: corpoRETAIL\Salesxp00607   Caller Machine Name: corpoS00607W07   Caller User Name: USCHRETDC01$   Caller Domain: corpoRETAIL   Caller Logon ID: (0x0,0x3E7)   
<13>Jan 12 19:42:31 USCHRETDC01 AgentDevice=WindowsLog	AgentLogFile=Security	PluginVersion=1.0.14	Source=Security	Computer=USCHRETDC01	User=SYSTEM	Domain=NT AUTHORITY	EventID=644	EventIDCcorpoe=644	EventType=8	EventCategory=7	RecordNumber=2274730517	TimeGenerated=1389573747	TimeWritten=1389573747	Message=User Account Locked Out:   Target Account Name: Salesxp02798   Target Account ID: corpoRETAIL\Salesxp02798   Caller Machine Name: corpoS02798W07   Caller User Name: USCHRETDC01$   Caller Domain: corpoRETAIL   Caller Logon ID: (0x0,0x3E7)   
<13>Jan 12 19:28:57 USCHRETDC01 AgentDevice=WindowsLog	AgentLogFile=Security	PluginVersion=1.0.14	Source=Security	Computer=USCHRETDC01	User=SYSTEM	Domain=NT AUTHORITY	EventID=644	EventIDCcorpoe=644	EventType=8	EventCategory=7	RecordNumber=2274712932	TimeGenerated=1389572933	TimeWritten=1389572933	Message=User Account Locked Out:   Target Account Name: Salesxp00954   Target Account ID: corpoRETAIL\Salesxp00954   Caller Machine Name: corpoS00954W11   Caller User Name: USCHRETDC01$   Caller Domain: corpoRETAIL   Caller Logon ID: (0x0,0x3E7)   
<13>Jan 12 19:16:00 USCHRETDC01 AgentDevice=WindowsLog	AgentLogFile=Security	PluginVersion=1.0.14	Source=Security	Computer=USCHRETDC01	User=SYSTEM	Domain=NT AUTHORITY	EventID=644	EventIDCcorpoe=644	EventType=8	EventCategory=7	RecordNumber=2274697208	TimeGenerated=1389572156	TimeWritten=1389572156	Message=User Account Locked Out:   Target Account Name: Salesxp00349   Target Account ID: corpoRETAIL\Salesxp00349   Caller Machine Name: corpoS00349W09   Caller User Name: USCHRETDC01$   Caller Domain: corpoRETAIL   Caller Logon ID: (0x0,0x3E7)   
<13>Jan 12 19:14:31 USCHRETDC01 AgentDevice=WindowsLog	AgentLogFile=Security	PluginVersion=1.0.14	Source=Security	Computer=USCHRETDC01	User=SYSTEM	Domain=NT AUTHORITY	EventID=644	EventIDCcorpoe=644	EventType=8	EventCategory=7	RecordNumber=2274695276	TimeGenerated=1389572067	TimeWritten=1389572067	Message=User Account Locked Out:   Target Account Name: Salesxp00491   Target Account ID: corpoRETAIL\Salesxp00491   Caller Machine Name: corpoS00491W07   Caller User Name: USCHRETDC01$   Caller Domain: corpoRETAIL   Caller Logon ID: (0x0,0x3E7)   
<13>Jan 12 18:46:42 USCHRETDC01 AgentDevice=WindowsLog	AgentLogFile=Security	PluginVersion=1.0.14	Source=Security	Computer=USCHRETDC01	User=SYSTEM	Domain=NT AUTHORITY	EventID=644	EventIDCcorpoe=644	EventType=8	EventCategory=7	RecordNumber=2274662792	TimeGenerated=1389570400	TimeWritten=1389570400	Message=User Account Locked Out:   Target Account Name: Salesxp00059   Target Account ID: corpoRETAIL\Salesxp00059   Caller Machine Name: corpoS00059W09   Caller User Name: USCHRETDC01$   Caller Domain: corpoRETAIL   Caller Logon ID: (0x0,0x3E7)   
<13>Jan 12 18:21:37 USCHRETDC01 AgentDevice=WindowsLog	AgentLogFile=Security	PluginVersion=1.0.14	Source=Security	Computer=USCHRETDC01	User=SYSTEM	Domain=NT AUTHORITY	EventID=644	EventIDCcorpoe=644	EventType=8	EventCategory=7	RecordNumber=2274632703	TimeGenerated=1389568894	TimeWritten=1389568894	Message=User Account Locked Out:   Target Account Name: Salesxp00349   Target Account ID: corpoRETAIL\Salesxp00349   Caller Machine Name: corpoS00349W09   Caller User Name: USCHRETDC01$   Caller Domain: corpoRETAIL   Caller Logon ID: (0x0,0x3E7)   
<13>Jan 12 18:05:25 USCHRETDC01 AgentDevice=WindowsLog	AgentLogFile=Security	PluginVersion=1.0.14	Source=Security	Computer=USCHRETDC01	User=SYSTEM	Domain=NT AUTHORITY	EventID=644	EventIDCcorpoe=644	EventType=8	EventCategory=7	RecordNumber=2274613698	TimeGenerated=1389567922	TimeWritten=1389567922	Message=User Account Locked Out:   Target Account Name: Salesxp00829   Target Account ID: corpoRETAIL\Salesxp00829   Caller Machine Name: corpoS00829W12   Caller User Name: USCHRETDC01$   Caller Domain: corpoRETAIL   Caller Logon ID: (0x0,0x3E7)   
<13>Jan 12 18:04:42 USCHRETDC01 AgentDevice=WindowsLog	AgentLogFile=Security	PluginVersion=1.0.14	Source=Security	Computer=USCHRETDC01	User=SYSTEM	Domain=NT AUTHORITY	EventID=644	EventIDCcorpoe=644	EventType=8	EventCategory=7	RecordNumber=2274612694	TimeGenerated=1389567878	TimeWritten=1389567878	Message=User Account Locked Out:   Target Account Name: Salesxp00618   Target Account ID: corpoRETAIL\Salesxp00618   Caller Machine Name: corpoS00618W09   Caller User Name: USCHRETDC01$   Caller Domain: corpoRETAIL   Caller Logon ID: (0x0,0x3E7)   
<13>Jan 12 17:48:17 USCHRETDC01 AgentDevice=WindowsLog	AgentLogFile=Security	PluginVersion=1.0.14	Source=Security	Computer=USCHRETDC01	User=SYSTEM	Domain=NT AUTHORITY	EventID=644	EventIDCcorpoe=644	EventType=8	EventCategory=7	RecordNumber=2274592791	TimeGenerated=1389566894	TimeWritten=1389566894	Message=User Account Locked Out:   Target Account Name: Salesxp02230   Target Account ID: corpoRETAIL\Salesxp02230   Caller Machine Name: corpoS02230W07   Caller User Name: USCHRETDC01$   Caller Domain: corpoRETAIL   Caller Logon ID: (0x0,0x3E7)   
<13>Jan 12 17:39:27 USCHRETDC01 AgentDevice=WindowsLog	AgentLogFile=Security	PluginVersion=1.0.14	Source=Security	Computer=USCHRETDC01	User=SYSTEM	Domain=NT AUTHORITY	EventID=644	EventIDCcorpoe=644	EventType=8	EventCategory=7	RecordNumber=2274582134	TimeGenerated=1389566364	TimeWritten=1389566364	Message=User Account Locked Out:   Target Account Name: Salesxp02370   Target Account ID: corpoRETAIL\Salesxp02370   Caller Machine Name: corpoS02370W06   Caller User Name: USCHRETDC01$   Caller Domain: corpoRETAIL   Caller Logon ID: (0x0,0x3E7)   
<13>Jan 12 17:35:06 USCHRETDC01 AgentDevice=WindowsLog	AgentLogFile=Security	PluginVersion=1.0.14	Source=Security	Computer=USCHRETDC01	User=SYSTEM	Domain=NT AUTHORITY	EventID=644	EventIDCcorpoe=644	EventType=8	EventCategory=7	RecordNumber=2274576856	TimeGenerated=1389566103	TimeWritten=1389566103	Message=User Account Locked Out:   Target Account Name: Salesxp03325   Target Account ID: corpoRETAIL\Salesxp03325   Caller Machine Name: corpoS03325W09   Caller User Name: USCHRETDC01$   Caller Domain: corpoRETAIL   Caller Logon ID: (0x0,0x3E7)   
<13>Jan 12 17:20:41 USCHRETDC01 AgentDevice=WindowsLog	AgentLogFile=Security	PluginVersion=1.0.14	Source=Security	Computer=USCHRETDC01	User=SYSTEM	Domain=NT AUTHORITY	EventID=644	EventIDCcorpoe=644	EventType=8	EventCategory=7	RecordNumber=2274558028	TimeGenerated=1389565238	TimeWritten=1389565238	Message=User Account Locked Out:   Target Account Name: Salesxp00614   Target Account ID: corpoRETAIL\Salesxp00614   Caller Machine Name: corpoS00614W07   Caller User Name: USCHRETDC01$   Caller Domain: corpoRETAIL   Caller Logon ID: (0x0,0x3E7)   
<13>Jan 12 17:14:37 USCHRETDC01 AgentDevice=WindowsLog	AgentLogFile=Security	PluginVersion=1.0.14	Source=Security	Computer=USCHRETDC01	User=SYSTEM	Domain=NT AUTHORITY	EventID=644	EventIDCcorpoe=644	EventType=8	EventCategory=7	RecordNumber=2274550135	TimeGenerated=1389564874	TimeWritten=1389564874	Message=User Account Locked Out:   Target Account Name: Salesxp02739   Target Account ID: corpoRETAIL\Salesxp02739   Caller Machine Name: corpoS02739W12   Caller User Name: USCHRETDC01$   Caller Domain: corpoRETAIL   Caller Logon ID: (0x0,0x3E7)   
<13>Jan 12 17:07:05 USCHRETDC01 AgentDevice=WindowsLog	AgentLogFile=Security	PluginVersion=1.0.14	Source=Security	Computer=USCHRETDC01	User=SYSTEM	Domain=NT AUTHORITY	EventID=644	EventIDCcorpoe=644	EventType=8	EventCategory=7	RecordNumber=2274540404	TimeGenerated=1389564423	TimeWritten=1389564423	Message=User Account Locked Out:   Target Account Name: Salesxp02812   Target Account ID: corpoRETAIL\Salesxp02812   Caller Machine Name: corpoS02812W07   Caller User Name: USCHRETDC01$   Caller Domain: corpoRETAIL   Caller Logon ID: (0x0,0x3E7)   
<13>Jan 12 16:56:15 USCHRETDC01 AgentDevice=WindowsLog	AgentLogFile=Security	PluginVersion=1.0.14	Source=Security	Computer=USCHRETDC01	User=SYSTEM	Domain=NT AUTHORITY	EventID=644	EventIDCcorpoe=644	EventType=8	EventCategory=7	RecordNumber=2274526216	TimeGenerated=1389563773	TimeWritten=1389563773	Message=User Account Locked Out:   Target Account Name: Salesxp02180   Target Account ID: corpoRETAIL\Salesxp02180   Caller Machine Name: corpoS02180W07   Caller User Name: USCHRETDC01$   Caller Domain: corpoRETAIL   Caller Logon ID: (0x0,0x3E7)   
<13>Jan 12 16:26:23 USCHRETDC01 AgentDevice=WindowsLog	AgentLogFile=Security	PluginVersion=1.0.14	Source=Security	Computer=USCHRETDC01	User=SYSTEM	Domain=NT AUTHORITY	EventID=644	EventIDCcorpoe=644	EventType=8	EventCategory=7	RecordNumber=2274486807	TimeGenerated=1389561979	TimeWritten=1389561979	Message=User Account Locked Out:   Target Account Name: Salesxp00080   Target Account ID: corpoRETAIL\Salesxp00080   Caller Machine Name: corpoS00080W09   Caller User Name: USCHRETDC01$   Caller Domain: corpoRETAIL   Caller Logon ID: (0x0,0x3E7)   
<13>Jan 12 16:22:02 USCHRETDC01 AgentDevice=WindowsLog	AgentLogFile=Security	PluginVersion=1.0.14	Source=Security	Computer=USCHRETDC01	User=SYSTEM	Domain=NT AUTHORITY	EventID=644	EventIDCcorpoe=644	EventType=8	EventCategory=7	RecordNumber=2274481248	TimeGenerated=1389561718	TimeWritten=1389561718	Message=User Account Locked Out:   Target Account Name: Salesxp00435   Target Account ID: corpoRETAIL\Salesxp00435   Caller Machine Name: corpoS00435W09   Caller User Name: USCHRETDC01$   Caller Domain: corpoRETAIL   Caller Logon ID: (0x0,0x3E7)   
<13>Jan 12 16:18:27 USCHRETDC01 AgentDevice=WindowsLog	AgentLogFile=Security	PluginVersion=1.0.14	Source=Security	Computer=USCHRETDC01	User=SYSTEM	Domain=NT AUTHORITY	EventID=644	EventIDCcorpoe=644	EventType=8	EventCategory=7	RecordNumber=2274476591	TimeGenerated=1389561503	TimeWritten=1389561503	Message=User Account Locked Out:   Target Account Name: Salesxp02581   Target Account ID: corpoRETAIL\Salesxp02581   Caller Machine Name: corpoS02581W07   Caller User Name: USCHRETDC01$   Caller Domain: corpoRETAIL   Caller Logon ID: (0x0,0x3E7)   
<13>Jan 12 16:18:07 USCHRETDC01 AgentDevice=WindowsLog	AgentLogFile=Security	PluginVersion=1.0.14	Source=Security	Computer=USCHRETDC01	User=SYSTEM	Domain=NT AUTHORITY	EventID=644	EventIDCcorpoe=644	EventType=8	EventCategory=7	RecordNumber=2274475993	TimeGenerated=1389561484	TimeWritten=1389561484	Message=User Account Locked Out:   Target Account Name: Salesxp00305   Target Account ID: corpoRETAIL\Salesxp00305   Caller Machine Name: corpoS00305W06   Caller User Name: USCHRETDC01$   Caller Domain: corpoRETAIL   Caller Logon ID: (0x0,0x3E7)   
<13>Jan 12 16:01:00 USCHRETDC01 AgentDevice=WindowsLog	AgentLogFile=Security	PluginVersion=1.0.14	Source=Security	Computer=USCHRETDC01	User=SYSTEM	Domain=NT AUTHORITY	EventID=644	EventIDCcorpoe=644	EventType=8	EventCategory=7	RecordNumber=2274452977	TimeGenerated=1389560456	TimeWritten=1389560456	Message=User Account Locked Out:   Target Account Name: Salesxp02746   Target Account ID: corpoRETAIL\Salesxp02746   Caller Machine Name: corpoS02746W11   Caller User Name: USCHRETDC01$   Caller Domain: corpoRETAIL   Caller Logon ID: (0x0,0x3E7)   
<13>Jan 12 15:56:14 USCHRETDC01 AgentDevice=WindowsLog	AgentLogFile=Security	PluginVersion=1.0.14	Source=Security	Computer=USCHRETDC01	User=SYSTEM	Domain=NT AUTHORITY	EventID=644	EventIDCcorpoe=644	EventType=8	EventCategory=7	RecordNumber=2274446228	TimeGenerated=1389560171	TimeWritten=1389560171	Message=User Account Locked Out:   Target Account Name: Salesxp02141   Target Account ID: corpoRETAIL\Salesxp02141   Caller Machine Name: corpoS02141W07   Caller User Name: USCHRETDC01$   Caller Domain: corpoRETAIL   Caller Logon ID: (0x0,0x3E7)   
<13>Jan 12 15:52:02 USCHRETDC01 AgentDevice=WindowsLog	AgentLogFile=Security	PluginVersion=1.0.14	Source=Security	Computer=USCHRETDC01	User=SYSTEM	Domain=NT AUTHORITY	EventID=644	EventIDCcorpoe=644	EventType=8	EventCategory=7	RecordNumber=2274440430	TimeGenerated=1389559919	TimeWritten=1389559919	Message=User Account Locked Out:   Target Account Name: Salesxp02331   Target Account ID: corpoRETAIL\Salesxp02331   Caller Machine Name: corpoS02331W07   Caller User Name: USCHRETDC01$   Caller Domain: corpoRETAIL   Caller Logon ID: (0x0,0x3E7)   
<13>Jan 12 15:50:56 USCHRETDC01 AgentDevice=WindowsLog	AgentLogFile=Security	PluginVersion=1.0.14	Source=Security	Computer=USCHRETDC01	User=SYSTEM	Domain=NT AUTHORITY	EventID=644	EventIDCcorpoe=644	EventType=8	EventCategory=7	RecordNumber=2274438946	TimeGenerated=1389559852	TimeWritten=1389559852	Message=User Account Locked Out:   Target Account Name: Salesxp02602   Target Account ID: corpoRETAIL\Salesxp02602   Caller Machine Name: corpoS02602W07   Caller User Name: USCHRETDC01$   Caller Domain: corpoRETAIL   Caller Logon ID: (0x0,0x3E7)   
<13>Jan 12 15:45:27 USCHRETDC01 AgentDevice=WindowsLog	AgentLogFile=Security	PluginVersion=1.0.14	Source=Security	Computer=USCHRETDC01	User=SYSTEM	Domain=NT AUTHORITY	EventID=644	EventIDCcorpoe=644	EventType=8	EventCategory=7	RecordNumber=2274431149	TimeGenerated=1389559523	TimeWritten=1389559523	Message=User Account Locked Out:   Target Account Name: Salesxp02299   Target Account ID: corpoRETAIL\Salesxp02299   Caller Machine Name: corpoS02299W09   Caller User Name: USCHRETDC01$   Caller Domain: corpoRETAIL   Caller Logon ID: (0x0,0x3E7)   
<13>Jan 12 15:24:35 USCHRETDC01 AgentDevice=WindowsLog	AgentLogFile=Security	PluginVersion=1.0.14	Source=Security	Computer=USCHRETDC01	User=SYSTEM	Domain=NT AUTHORITY	EventID=644	EventIDCcorpoe=644	EventType=8	EventCategory=7	RecordNumber=2274402049	TimeGenerated=1389558272	TimeWritten=1389558272	Message=User Account Locked Out:   Target Account Name: Salesxp00495   Target Account ID: corpoRETAIL\Salesxp00495   Caller Machine Name: corpoS00495W05   Caller User Name: USCHRETDC01$   Caller Domain: corpoRETAIL   Caller Logon ID: (0x0,0x3E7)   
<13>Jan 12 15:20:11 USCHRETDC01 AgentDevice=WindowsLog	AgentLogFile=Security	PluginVersion=1.0.14	Source=Security	Computer=USCHRETDC01	User=SYSTEM	Domain=NT AUTHORITY	EventID=644	EventIDCcorpoe=644	EventType=8	EventCategory=7	RecordNumber=2274395561	TimeGenerated=1389558008	TimeWritten=1389558008	Message=User Account Locked Out:   Target Account Name: Salesxp00943   Target Account ID: corpoRETAIL\Salesxp00943   Caller Machine Name: corpoS00943W12   Caller User Name: USCHRETDC01$   Caller Domain: corpoRETAIL   Caller Logon ID: (0x0,0x3E7)   
<13>Jan 12 15:19:16 USCHRETDC01 AgentDevice=WindowsLog	AgentLogFile=Security	PluginVersion=1.0.14	Source=Security	Computer=USCHRETDC01	User=SYSTEM	Domain=NT AUTHORITY	EventID=644	EventIDCcorpoe=644	EventType=8	EventCategory=7	RecordNumber=2274394270	TimeGenerated=1389557952	TimeWritten=1389557952	Message=User Account Locked Out:   Target Account Name: Salesxp00495   Target Account ID: corpoRETAIL\Salesxp00495   Caller Machine Name: corpoS00495W05   Caller User Name: USCHRETDC01$   Caller Domain: corpoRETAIL   Caller Logon ID: (0x0,0x3E7)   
<13>Jan 12 14:18:12 USCHRETDC01 AgentDevice=WindowsLog	AgentLogFile=Security	PluginVersion=1.0.14	Source=Security	Computer=USCHRETDC01	User=SYSTEM	Domain=NT AUTHORITY	EventID=644	EventIDCcorpoe=644	EventType=8	EventCategory=7	RecordNumber=2274306308	TimeGenerated=1389554289	TimeWritten=1389554289	Message=User Account Locked Out:   Target Account Name: Salesxp02739   Target Account ID: corpoRETAIL\Salesxp02739   Caller Machine Name: corpoS02739W07   Caller User Name: USCHRETDC01$   Caller Domain: corpoRETAIL   Caller Logon ID: (0x0,0x3E7)   
<13>Jan 12 14:00:48 USCHRETDC01 AgentDevice=WindowsLog	AgentLogFile=Security	PluginVersion=1.0.14	Source=Security	Computer=USCHRETDC01	User=SYSTEM	Domain=NT AUTHORITY	EventID=644	EventIDCcorpoe=644	EventType=8	EventCategory=7	RecordNumber=2274278451	TimeGenerated=1389553244	TimeWritten=1389553244	Message=User Account Locked Out:   Target Account Name: Salesxp02658   Target Account ID: corpoRETAIL\Salesxp02658   Caller Machine Name: corpoS02658W09   Caller User Name: USCHRETDC01$   Caller Domain: corpoRETAIL   Caller Logon ID: (0x0,0x3E7)   
<13>Jan 12 13:22:42 USCHRETDC01 AgentDevice=WindowsLog	AgentLogFile=Security	PluginVersion=1.0.14	Source=Security	Computer=USCHRETDC01	User=SYSTEM	Domain=NT AUTHORITY	EventID=644	EventIDCcorpoe=644	EventType=8	EventCategory=7	RecordNumber=2274203837	TimeGenerated=1389550959	TimeWritten=1389550959	Message=User Account Locked Out:   Target Account Name: Salesxp02436   Target Account ID: corpoRETAIL\Salesxp02436   Caller Machine Name: corpoS02436W07   Caller User Name: USCHRETDC01$   Caller Domain: corpoRETAIL   Caller Logon ID: (0x0,0x3E7)   
<13>Jan 12 13:07:04 USCHRETDC01 AgentDevice=WindowsLog	AgentLogFile=Security	PluginVersion=1.0.14	Source=Security	Computer=USCHRETDC01	User=SYSTEM	Domain=NT AUTHORITY	EventID=644	EventIDCcorpoe=644	EventType=8	EventCategory=7	RecordNumber=2274172648	TimeGenerated=1389550022	TimeWritten=1389550022	Message=User Account Locked Out:   Target Account Name: Salesxp00259   Target Account ID: corpoRETAIL\Salesxp00259   Caller Machine Name: corpoS00259W12   Caller User Name: USCHRETDC01$   Caller Domain: corpoRETAIL   Caller Logon ID: (0x0,0x3E7)   
<13>Jan 12 12:44:00 USCHRETDC01 AgentDevice=WindowsLog	AgentLogFile=Security	PluginVersion=1.0.14	Source=Security	Computer=USCHRETDC01	User=SYSTEM	Domain=NT AUTHORITY	EventID=644	EventIDCcorpoe=644	EventType=8	EventCategory=7	RecordNumber=2274126671	TimeGenerated=1389548637	TimeWritten=1389548637	Message=User Account Locked Out:   Target Account Name: Salesxp00095   Target Account ID: corpoRETAIL\Salesxp00095   Caller Machine Name: corpoS00095W09   Caller User Name: USCHRETDC01$   Caller Domain: corpoRETAIL   Caller Logon ID: (0x0,0x3E7)   
<13>Jan 12 12:34:27 USCHRETDC01 AgentDevice=WindowsLog	AgentLogFile=Security	PluginVersion=1.0.14	Source=Security	Computer=USCHRETDC01	User=SYSTEM	Domain=NT AUTHORITY	EventID=644	EventIDCcorpoe=644	EventType=8	EventCategory=7	RecordNumber=2274107398	TimeGenerated=1389548062	TimeWritten=1389548062	Message=User Account Locked Out:   Target Account Name: Salesxp02723   Target Account ID: corpoRETAIL\Salesxp02723   Caller Machine Name: corpoS02723W07   Caller User Name: USCHRETDC01$   Caller Domain: corpoRETAIL   Caller Logon ID: (0x0,0x3E7)   
<13>Jan 12 12:33:58 USCHRETDC01 AgentDevice=WindowsLog	AgentLogFile=Security	PluginVersion=1.0.14	Source=Security	Computer=USCHRETDC01	User=SYSTEM	Domain=NT AUTHORITY	EventID=644	EventIDCcorpoe=644	EventType=8	EventCategory=7	RecordNumber=2274106309	TimeGenerated=1389548035	TimeWritten=1389548035	Message=User Account Locked Out:   Target Account Name: Salesxp00979   Target Account ID: corpoRETAIL\Salesxp00979   Caller Machine Name: corpoS00979W09   Caller User Name: USCHRETDC01$   Caller Domain: corpoRETAIL   Caller Logon ID: (0x0,0x3E7)   
<13>Jan 12 12:12:20 USCHRETDC01 AgentDevice=WindowsLog	AgentLogFile=Security	PluginVersion=1.0.14	Source=Security	Computer=USCHRETDC01	User=SYSTEM	Domain=NT AUTHORITY	EventID=644	EventIDCcorpoe=644	EventType=8	EventCategory=7	RecordNumber=2274064371	TimeGenerated=1389546736	TimeWritten=1389546736	Message=User Account Locked Out:   Target Account Name: Salesxp02167   Target Account ID: corpoRETAIL\Salesxp02167   Caller Machine Name: corpoS02167W07   Caller User Name: USCHRETDC01$   Caller Domain: corpoRETAIL   Caller Logon ID: (0x0,0x3E7)   
<13>Jan 12 12:06:48 USCHRETDC01 AgentDevice=WindowsLog	AgentLogFile=Security	PluginVersion=1.0.14	Source=Security	Computer=USCHRETDC01	User=SYSTEM	Domain=NT AUTHORITY	EventID=644	EventIDCcorpoe=644	EventType=8	EventCategory=7	RecordNumber=2274054182	TimeGenerated=1389546404	TimeWritten=1389546404	Message=User Account Locked Out:   Target Account Name: Salesxp00488   Target Account ID: corpoRETAIL\Salesxp00488   Caller Machine Name: corpoS00488W09   Caller User Name: USCHRETDC01$   Caller Domain: corpoRETAIL   Caller Logon ID: (0x0,0x3E7)   
<13>Jan 12 11:42:14 USCHRETDC01 AgentDevice=WindowsLog	AgentLogFile=Security	PluginVersion=1.0.14	Source=Security	Computer=USCHRETDC01	User=SYSTEM	Domain=NT AUTHORITY	EventID=644	EventIDCcorpoe=644	EventType=8	EventCategory=7	RecordNumber=2274010035	TimeGenerated=1389544931	TimeWritten=1389544931	Message=User Account Locked Out:   Target Account Name: Salesxp00625   Target Account ID: corpoRETAIL\Salesxp00625   Caller Machine Name: corpoS00625W07   Caller User Name: USCHRETDC01$   Caller Domain: corpoRETAIL   Caller Logon ID: (0x0,0x3E7)   
<13>Jan 12 10:53:50 USCHRETDC01 AgentDevice=WindowsLog	AgentLogFile=Security	PluginVersion=1.0.14	Source=Security	Computer=USCHRETDC01	User=SYSTEM	Domain=NT AUTHORITY	EventID=644	EventIDCcorpoe=644	EventType=8	EventCategory=7	RecordNumber=2273942511	TimeGenerated=1389542028	TimeWritten=1389542028	Message=User Account Locked Out:   Target Account Name: Salesxp00625   Target Account ID: corpoRETAIL\Salesxp00625   Caller Machine Name: corpoS00625W07   Caller User Name: USCHRETDC01$   Caller Domain: corpoRETAIL   Caller Logon ID: (0x0,0x3E7)   
<13>Jan 12 10:38:38 USCHRETDC01 AgentDevice=WindowsLog	AgentLogFile=Security	PluginVersion=1.0.14	Source=Security	Computer=USCHRETDC01	User=SYSTEM	Domain=NT AUTHORITY	EventID=644	EventIDCcorpoe=644	EventType=8	EventCategory=7	RecordNumber=2273920776	TimeGenerated=1389541115	TimeWritten=1389541115	Message=User Account Locked Out:   Target Account Name: Salesxp00614   Target Account ID: corpoRETAIL\Salesxp00614   Caller Machine Name: corpoS00614W12   Caller User Name: USCHRETDC01$   Caller Domain: corpoRETAIL   Caller Logon ID: (0x0,0x3E7)   
<13>Jan 12 10:34:41 USCHRETDC01 AgentDevice=WindowsLog	AgentLogFile=Security	PluginVersion=1.0.14	Source=Security	Computer=USCHRETDC01	User=SYSTEM	Domain=NT AUTHORITY	EventID=644	EventIDCcorpoe=644	EventType=8	EventCategory=7	RecordNumber=2273915406	TimeGenerated=1389540878	TimeWritten=1389540878	Message=User Account Locked Out:   Target Account Name: Salesxp02753   Target Account ID: corpoRETAIL\Salesxp02753   Caller Machine Name: corpoS02753W12   Caller User Name: USCHRETDC01$   Caller Domain: corpoRETAIL   Caller Logon ID: (0x0,0x3E7)   
<13>Jan 12 10:21:18 USCHRETDC01 AgentDevice=WindowsLog	AgentLogFile=Security	PluginVersion=1.0.14	Source=Security	Computer=USCHRETDC01	User=SYSTEM	Domain=NT AUTHORITY	EventID=644	EventIDCcorpoe=644	EventType=8	EventCategory=7	RecordNumber=2273897047	TimeGenerated=1389540075	TimeWritten=1389540075	Message=User Account Locked Out:   Target Account Name: Salesxp00948   Target Account ID: corpoRETAIL\Salesxp00948   Caller Machine Name: corpoS00948W09   Caller User Name: USCHRETDC01$   Caller Domain: corpoRETAIL   Caller Logon ID: (0x0,0x3E7)   
<13>Jan 12 09:55:02 USCHRETDC01 AgentDevice=WindowsLog	AgentLogFile=Security	PluginVersion=1.0.14	Source=Security	Computer=USCHRETDC01	User=SYSTEM	Domain=NT AUTHORITY	EventID=644	EventIDCcorpoe=644	EventType=8	EventCategory=7	RecordNumber=2273861440	TimeGenerated=1389538499	TimeWritten=1389538499	Message=User Account Locked Out:   Target Account Name: Salesxp00629   Target Account ID: corpoRETAIL\Salesxp00629   Caller Machine Name: corpoS00629W07   Caller User Name: USCHRETDC01$   Caller Domain: corpoRETAIL   Caller Logon ID: (0x0,0x3E7)   
<13>Jan 12 08:49:27 USCHRETDC01 AgentDevice=WindowsLog	AgentLogFile=Security	PluginVersion=1.0.14	Source=Security	Computer=USCHRETDC01	User=SYSTEM	Domain=NT AUTHORITY	EventID=644	EventIDCcorpoe=644	EventType=8	EventCategory=7	RecordNumber=2273778867	TimeGenerated=1389534564	TimeWritten=1389534564	Message=User Account Locked Out:   Target Account Name: Salesxp00429   Target Account ID: corpoRETAIL\Salesxp00429   Caller Machine Name: corpoS00429W12   Caller User Name: USCHRETDC01$   Caller Domain: corpoRETAIL   Caller Logon ID: (0x0,0x3E7)   
<13>Jan 12 08:07:15 USCHRETDC01 AgentDevice=WindowsLog	AgentLogFile=Security	PluginVersion=1.0.14	Source=Security	Computer=USCHRETDC01	User=SYSTEM	Domain=NT AUTHORITY	EventID=644	EventIDCcorpoe=644	EventType=8	EventCategory=7	RecordNumber=2273731571	TimeGenerated=1389532031	TimeWritten=1389532031	Message=User Account Locked Out:   Target Account Name: Salesxp02430   Target Account ID: corpoRETAIL\Salesxp02430   Caller Machine Name: corpoS02430W07   Caller User Name: USCHRETDC01$   Caller Domain: corpoRETAIL   Caller Logon ID: (0x0,0x3E7)   
<13>Jan 12 07:57:56 USCHRETDC01 AgentDevice=WindowsLog	AgentLogFile=Security	PluginVersion=1.0.14	Source=Security	Computer=USCHRETDC01	User=SYSTEM	Domain=NT AUTHORITY	EventID=644	EventIDCcorpoe=644	EventType=8	EventCategory=7	RecordNumber=2273719812	TimeGenerated=1389531474	TimeWritten=1389531474	Message=User Account Locked Out:   Target Account Name: Salesxp00656   Target Account ID: corpoRETAIL\Salesxp00656   Caller Machine Name: corpoS00656W07   Caller User Name: USCHRETDC01$   Caller Domain: corpoRETAIL   Caller Logon ID: (0x0,0x3E7)   
<13>Jan 12 07:34:27 USCHRETDC01 AgentDevice=WindowsLog	AgentLogFile=Security	PluginVersion=1.0.14	Source=Security	Computer=USCHRETDC01	User=SYSTEM	Domain=NT AUTHORITY	EventID=644	EventIDCcorpoe=644	EventType=8	EventCategory=7	RecordNumber=2273695065	TimeGenerated=1389530064	TimeWritten=1389530064	Message=User Account Locked Out:   Target Account Name: appmgr   Target Account ID: corpoRETAIL\appmgr   Caller Machine Name:    Caller User Name: USCHRETDC01$   Caller Domain: corpoRETAIL   Caller Logon ID: (0x0,0x3E7)   
<13>Jan 12 07:33:17 USCHRETDC01 AgentDevice=WindowsLog	AgentLogFile=Security	PluginVersion=1.0.14	Source=Security	Computer=USCHRETDC01	User=SYSTEM	Domain=NT AUTHORITY	EventID=644	EventIDCcorpoe=644	EventType=8	EventCategory=7	RecordNumber=2273694002	TimeGenerated=1389529993	TimeWritten=1389529993	Message=User Account Locked Out:   Target Account Name: appmgr   Target Account ID: corpoRETAIL\appmgr   Caller Machine Name: corpoS02191W10   Caller User Name: USCHRETDC01$   Caller Domain: corpoRETAIL   Caller Logon ID: (0x0,0x3E7)   
<13>Jan 12 07:31:17 USCHRETDC01 AgentDevice=WindowsLog	AgentLogFile=Security	PluginVersion=1.0.14	Source=Security	Computer=USCHRETDC01	User=SYSTEM	Domain=NT AUTHORITY	EventID=644	EventIDCcorpoe=644	EventType=8	EventCategory=7	RecordNumber=2273691565	TimeGenerated=1389529874	TimeWritten=1389529874	Message=User Account Locked Out:   Target Account Name: appmgr   Target Account ID: corpoRETAIL\appmgr   Caller Machine Name:    Caller User Name: USCHRETDC01$   Caller Domain: corpoRETAIL   Caller Logon ID: (0x0,0x3E7)   
<13>Jan 12 07:30:11 USCHRETDC01 AgentDevice=WindowsLog	AgentLogFile=Security	PluginVersion=1.0.14	Source=Security	Computer=USCHRETDC01	User=SYSTEM	Domain=NT AUTHORITY	EventID=644	EventIDCcorpoe=644	EventType=8	EventCategory=7	RecordNumber=2273690543	TimeGenerated=1389529804	TimeWritten=1389529804	Message=User Account Locked Out:   Target Account Name: appmgr   Target Account ID: corpoRETAIL\appmgr   Caller Machine Name: corpoS00035W10   Caller User Name: USCHRETDC01$   Caller Domain: corpoRETAIL   Caller Logon ID: (0x0,0x3E7)   
<13>Jan 12 05:00:16 USCHRETDC01 AgentDevice=WindowsLog	AgentLogFile=Security	PluginVersion=1.0.14	Source=Security	Computer=USCHRETDC01	User=SYSTEM	Domain=NT AUTHORITY	EventID=644	EventIDCcorpoe=644	EventType=8	EventCategory=7	RecordNumber=2273461043	TimeGenerated=1389520807	TimeWritten=1389520807	Message=User Account Locked Out:   Target Account Name: appmgr   Target Account ID: corpoRETAIL\appmgr   Caller Machine Name: corpoS00042W10   Caller User Name: USCHRETDC01$   Caller Domain: corpoRETAIL   Caller Logon ID: (0x0,0x3E7)   
<13>Jan 11 22:17:16 USCHRETDC01 AgentDevice=WindowsLog	AgentLogFile=Security	PluginVersion=1.0.14	Source=Security	Computer=USCHRETDC01	User=SYSTEM	Domain=NT AUTHORITY	EventID=644	EventIDCcorpoe=644	EventType=8	EventCategory=7	RecordNumber=2272767469	TimeGenerated=1389496632	TimeWritten=1389496632	Message=User Account Locked Out:   Target Account Name: Salesxp00085   Target Account ID: corpoRETAIL\Salesxp00085   Caller Machine Name: corpoS00085W07   Caller User Name: USCHRETDC01$   Caller Domain: corpoRETAIL   Caller Logon ID: (0x0,0x3E7)   
<13>Jan 11 22:05:47 USCHRETDC01 AgentDevice=WindowsLog	AgentLogFile=Security	PluginVersion=1.0.14	Source=Security	Computer=USCHRETDC01	User=SYSTEM	Domain=NT AUTHORITY	EventID=644	EventIDCcorpoe=644	EventType=8	EventCategory=7	RecordNumber=2272752067	TimeGenerated=1389495943	TimeWritten=1389495943	Message=User Account Locked Out:   Target Account Name: Salesxp00988   Target Account ID: corpoRETAIL\Salesxp00988   Caller Machine Name: corpoS00988W07   Caller User Name: USCHRETDC01$   Caller Domain: corpoRETAIL   Caller Logon ID: (0x0,0x3E7)   
<13>Jan 11 21:45:44 USCHRETDC01 AgentDevice=WindowsLog	AgentLogFile=Security	PluginVersion=1.0.14	Source=Security	Computer=USCHRETDC01	User=SYSTEM	Domain=NT AUTHORITY	EventID=644	EventIDCcorpoe=644	EventType=8	EventCategory=7	RecordNumber=2272725950	TimeGenerated=1389494740	TimeWritten=1389494740	Message=User Account Locked Out:   Target Account Name: Salesxp02266   Target Account ID: corpoRETAIL\Salesxp02266   Caller Machine Name: corpoS02266W06   Caller User Name: USCHRETDC01$   Caller Domain: corpoRETAIL   Caller Logon ID: (0x0,0x3E7)   
<13>Jan 11 21:11:26 USCHRETDC01 AgentDevice=WindowsLog	AgentLogFile=Security	PluginVersion=1.0.14	Source=Security	Computer=USCHRETDC01	User=SYSTEM	Domain=NT AUTHORITY	EventID=644	EventIDCcorpoe=644	EventType=8	EventCategory=7	RecordNumber=2272679039	TimeGenerated=1389492682	TimeWritten=1389492682	Message=User Account Locked Out:   Target Account Name: Salesxp02583   Target Account ID: corpoRETAIL\Salesxp02583   Caller Machine Name: corpoS02583W07   Caller User Name: USCHRETDC01$   Caller Domain: corpoRETAIL   Caller Logon ID: (0x0,0x3E7)   
<13>Jan 11 21:04:49 USCHRETDC01 AgentDevice=WindowsLog	AgentLogFile=Security	PluginVersion=1.0.14	Source=Security	Computer=USCHRETDC01	User=SYSTEM	Domain=NT AUTHORITY	EventID=644	EventIDCcorpoe=644	EventType=8	EventCategory=7	RecordNumber=2272670380	TimeGenerated=1389492287	TimeWritten=1389492287	Message=User Account Locked Out:   Target Account Name: Salesxp00625   Target Account ID: corpoRETAIL\Salesxp00625   Caller Machine Name: corpoS00625W07   Caller User Name: USCHRETDC01$   Caller Domain: corpoRETAIL   Caller Logon ID: (0x0,0x3E7)   
<13>Jan 11 20:38:51 USCHRETDC01 AgentDevice=WindowsLog	AgentLogFile=Security	PluginVersion=1.0.14	Source=Security	Computer=USCHRETDC01	User=SYSTEM	Domain=NT AUTHORITY	EventID=644	EventIDCcorpoe=644	EventType=8	EventCategory=7	RecordNumber=2272635943	TimeGenerated=1389490728	TimeWritten=1389490728	Message=User Account Locked Out:   Target Account Name: Salesxp00832   Target Account ID: corpoRETAIL\Salesxp00832   Caller Machine Name: corpoS00832W07   Caller User Name: USCHRETDC01$   Caller Domain: corpoRETAIL   Caller Logon ID: (0x0,0x3E7)   
<13>Jan 11 20:28:25 USCHRETDC01 AgentDevice=WindowsLog	AgentLogFile=Security	PluginVersion=1.0.14	Source=Security	Computer=USCHRETDC01	User=SYSTEM	Domain=NT AUTHORITY	EventID=644	EventIDCcorpoe=644	EventType=8	EventCategory=7	RecordNumber=2272622598	TimeGenerated=1389490101	TimeWritten=1389490101	Message=User Account Locked Out:   Target Account Name: Salesxp02459   Target Account ID: corpoRETAIL\Salesxp02459   Caller Machine Name: corpoS02459W06   Caller User Name: USCHRETDC01$   Caller Domain: corpoRETAIL   Caller Logon ID: (0x0,0x3E7)   
<13>Jan 11 20:11:26 USCHRETDC01 AgentDevice=WindowsLog	AgentLogFile=Security	PluginVersion=1.0.14	Source=Security	Computer=USCHRETDC01	User=SYSTEM	Domain=NT AUTHORITY	EventID=644	EventIDCcorpoe=644	EventType=8	EventCategory=7	RecordNumber=2272599235	TimeGenerated=1389489082	TimeWritten=1389489082	Message=User Account Locked Out:   Target Account Name: Salesxp02246   Target Account ID: corpoRETAIL\Salesxp02246   Caller Machine Name: corpoS02246W07   Caller User Name: USCHRETDC01$   Caller Domain: corpoRETAIL   Caller Logon ID: (0x0,0x3E7)   
<13>Jan 11 20:10:17 USCHRETDC01 AgentDevice=WindowsLog	AgentLogFile=Security	PluginVersion=1.0.14	Source=Security	Computer=USCHRETDC01	User=SYSTEM	Domain=NT AUTHORITY	EventID=644	EventIDCcorpoe=644	EventType=8	EventCategory=7	RecordNumber=2272597730	TimeGenerated=1389489013	TimeWritten=1389489013	Message=User Account Locked Out:   Target Account Name: Salesxp00086   Target Account ID: corpoRETAIL\Salesxp00086   Caller Machine Name: corpoS00086W09   Caller User Name: USCHRETDC01$   Caller Domain: corpoRETAIL   Caller Logon ID: (0x0,0x3E7)   
<13>Jan 11 20:07:28 USCHRETDC01 AgentDevice=WindowsLog	AgentLogFile=Security	PluginVersion=1.0.14	Source=Security	Computer=USCHRETDC01	User=SYSTEM	Domain=NT AUTHORITY	EventID=644	EventIDCcorpoe=644	EventType=8	EventCategory=7	RecordNumber=2272593820	TimeGenerated=1389488845	TimeWritten=1389488845	Message=User Account Locked Out:   Target Account Name: Salesxp00940   Target Account ID: corpoRETAIL\Salesxp00940   Caller Machine Name: corpoS00940W09   Caller User Name: USCHRETDC01$   Caller Domain: corpoRETAIL   Caller Logon ID: (0x0,0x3E7)   
<13>Jan 11 19:45:31 USCHRETDC01 AgentDevice=WindowsLog	AgentLogFile=Security	PluginVersion=1.0.14	Source=Security	Computer=USCHRETDC01	User=SYSTEM	Domain=NT AUTHORITY	EventID=644	EventIDCcorpoe=644	EventType=8	EventCategory=7	RecordNumber=2272563964	TimeGenerated=1389487527	TimeWritten=1389487527	Message=User Account Locked Out:   Target Account Name: Salesxp00094   Target Account ID: corpoRETAIL\Salesxp00094   Caller Machine Name: corpoS00094W06   Caller User Name: USCHRETDC01$   Caller Domain: corpoRETAIL   Caller Logon ID: (0x0,0x3E7)   
<13>Jan 11 19:30:00 USCHRETDC01 AgentDevice=WindowsLog	AgentLogFile=Security	PluginVersion=1.0.14	Source=Security	Computer=USCHRETDC01	User=SYSTEM	Domain=NT AUTHORITY	EventID=644	EventIDCcorpoe=644	EventType=8	EventCategory=7	RecordNumber=2272541550	TimeGenerated=1389486596	TimeWritten=1389486596	Message=User Account Locked Out:   Target Account Name: Salesxp00969   Target Account ID: corpoRETAIL\Salesxp00969   Caller Machine Name: corpoS00969W12   Caller User Name: USCHRETDC01$   Caller Domain: corpoRETAIL   Caller Logon ID: (0x0,0x3E7)   
<13>Jan 11 19:04:09 USCHRETDC01 AgentDevice=WindowsLog	AgentLogFile=Security	PluginVersion=1.0.14	Source=Security	Computer=USCHRETDC01	User=SYSTEM	Domain=NT AUTHORITY	EventID=644	EventIDCcorpoe=644	EventType=8	EventCategory=7	RecordNumber=2272505461	TimeGenerated=1389485045	TimeWritten=1389485045	Message=User Account Locked Out:   Target Account Name: Salesxp02172   Target Account ID: corpoRETAIL\Salesxp02172   Caller Machine Name: corpoS02172W09   Caller User Name: USCHRETDC01$   Caller Domain: corpoRETAIL   Caller Logon ID: (0x0,0x3E7)   
<13>Jan 11 18:42:31 USCHRETDC01 AgentDevice=WindowsLog	AgentLogFile=Security	PluginVersion=1.0.14	Source=Security	Computer=USCHRETDC01	User=domjoin	Domain=corpoRETAIL	EventID=626	EventIDCcorpoe=626	EventType=8	EventCategory=7	RecordNumber=2272475599	TimeGenerated=1389483747	TimeWritten=1389483747	Message=User Account Enabled:   Target Account Name: corpoS03324W09$   Target Domain: corpoRETAIL   Target Account ID: corpoRETAIL\corpoS03324W09$   Caller User Name: domjoin   Caller Domain: corpoRETAIL   Caller Logon ID: (0x0,0x9FA836D8)   
<13>Jan 11 18:42:31 USCHRETDC01 AgentDevice=WindowsLog	AgentLogFile=Security	PluginVersion=1.0.14	Source=Security	Computer=USCHRETDC01	User=domjoin	Domain=corpoRETAIL	EventID=629	EventIDCcorpoe=629	EventType=8	EventCategory=7	RecordNumber=2272475595	TimeGenerated=1389483747	TimeWritten=1389483747	Message=User Account Disabled:   Target Account Name: corpoS03324W09$   Target Domain: corpoRETAIL   Target Account ID: corpoRETAIL\corpoS03324W09$   Caller User Name: domjoin   Caller Domain: corpoRETAIL   Caller Logon ID: (0x0,0x9FA836D8)   
<13>Jan 11 18:42:31 USCHRETDC01 AgentDevice=WindowsLog	AgentLogFile=Security	PluginVersion=1.0.14	Source=Security	Computer=USCHRETDC01	User=domjoin	Domain=corpoRETAIL	EventID=626	EventIDCcorpoe=626	EventType=8	EventCategory=7	RecordNumber=2272475586	TimeGenerated=1389483747	TimeWritten=1389483747	Message=User Account Enabled:   Target Account Name: corpoS03324W09$   Target Domain: corpoRETAIL   Target Account ID: corpoRETAIL\corpoS03324W09$   Caller User Name: domjoin   Caller Domain: corpoRETAIL   Caller Logon ID: (0x0,0x9FA836D8)   
<13>Jan 11 18:28:05 USCHRETDC01 AgentDevice=WindowsLog	AgentLogFile=Security	PluginVersion=1.0.14	Source=Security	Computer=USCHRETDC01	User=SYSTEM	Domain=NT AUTHORITY	EventID=644	EventIDCcorpoe=644	EventType=8	EventCategory=7	RecordNumber=2272454769	TimeGenerated=1389482882	TimeWritten=1389482882	Message=User Account Locked Out:   Target Account Name: Salesxp00305   Target Account ID: corpoRETAIL\Salesxp00305   Caller Machine Name: corpoS00305W06   Caller User Name: USCHRETDC01$   Caller Domain: corpoRETAIL   Caller Logon ID: (0x0,0x3E7)   
<13>Jan 11 18:23:04 USCHRETDC01 AgentDevice=WindowsLog	AgentLogFile=Security	PluginVersion=1.0.14	Source=Security	Computer=USCHRETDC01	User=SYSTEM	Domain=NT AUTHORITY	EventID=644	EventIDCcorpoe=644	EventType=8	EventCategory=7	RecordNumber=2272446500	TimeGenerated=1389482581	TimeWritten=1389482581	Message=User Account Locked Out:   Target Account Name: Salesxp02103   Target Account ID: corpoRETAIL\Salesxp02103   Caller Machine Name: corpoS02103W09   Caller User Name: USCHRETDC01$   Caller Domain: corpoRETAIL   Caller Logon ID: (0x0,0x3E7)   
<13>Jan 11 18:22:50 USCHRETDC01 AgentDevice=WindowsLog	AgentLogFile=Security	PluginVersion=1.0.14	Source=Security	Computer=USCHRETDC01	User=SYSTEM	Domain=NT AUTHORITY	EventID=644	EventIDCcorpoe=644	EventType=8	EventCategory=7	RecordNumber=2272446091	TimeGenerated=1389482567	TimeWritten=1389482567	Message=User Account Locked Out:   Target Account Name: Salesxp00190   Target Account ID: corpoRETAIL\Salesxp00190   Caller Machine Name: corpoS00190W12   Caller User Name: USCHRETDC01$   Caller Domain: corpoRETAIL   Caller Logon ID: (0x0,0x3E7)   
<13>Jan 11 18:03:06 USCHRETDC01 AgentDevice=WindowsLog	AgentLogFile=Security	PluginVersion=1.0.14	Source=Security	Computer=USCHRETDC01	User=SYSTEM	Domain=NT AUTHORITY	EventID=644	EventIDCcorpoe=644	EventType=8	EventCategory=7	RecordNumber=2272415799	TimeGenerated=1389481383	TimeWritten=1389481383	Message=User Account Locked Out:   Target Account Name: Salesxp00095   Target Account ID: corpoRETAIL\Salesxp00095   Caller Machine Name: corpoS00095W09   Caller User Name: USCHRETDC01$   Caller Domain: corpoRETAIL   Caller Logon ID: (0x0,0x3E7)   
