<13>Jan 13 08:46:54 USCHNAHUB05 AgentDevice=WindowsLog	AgentLogFile=Security	PluginVersion=1.0.14	Source=Security	Computer=USCHNAHUB05	User=SVC-IDMAdmin	Domain=NA	EventID=671	EventIDCcorpoe=671	EventType=8	EventCategory=7	RecordNumber=615410315	TimeGenerated=1389619634	TimeWritten=1389619634	Message=User Account Unlocked:   Target Account Name: Tim-McGrath   Target Domain:  NA   Target Account ID: NA\Tim-McGrath   Caller User Name: SVC-IDMAdmin   Caller Domain: NA   Caller Logon ID: (0x0,0x1AC7CEA7)   
<13>Jan 13 08:46:52 USCHNAHUB05 AgentDevice=WindowsLog	AgentLogFile=Security	PluginVersion=1.0.14	Source=Security	Computer=USCHNAHUB05	User=SVC-IDMAdmin	Domain=NA	EventID=642	EventIDCcorpoe=642	EventType=8	EventCategory=7	RecordNumber=615410284	TimeGenerated=1389619633	TimeWritten=1389619633	Message=User Account Changed:   Target Account Name: Tim-McGrath   Target Domain: NA   Target Account ID: NA\Tim-McGrath   Caller User Name: SVC-IDMAdmin   Caller Domain: NA   Caller Logon ID: (0x0,0x1AC7CF3F)   Privileges: -  Changed Attributes:   Sam Account Name: -   Display Name: -   User Principal Name: -   Home Directory: -   Home Drive: -   Script Path: -   Profile Path: -   User Workstations: -   Password Last Set: 1/13/2014 8:27:13 AM   Account Expires: -   Primary Group ID: -   AllowedTcorpoelegateTo: -   Old UAC Value: -   New UAC Value: -   User Account Control: -   User Parameters: -   Sid History: -   Logon Hours: -   
<13>Jan 13 08:40:30 USCHNAHUB05 AgentDevice=WindowsLog	AgentLogFile=Security	PluginVersion=1.0.14	Source=Security	Computer=USCHNAHUB05	User=Fabian-Fleissner	Domain=NA	EventID=671	EventIDCcorpoe=671	EventType=8	EventCategory=7	RecordNumber=615392024	TimeGenerated=1389619433	TimeWritten=1389619433	Message=User Account Unlocked:   Target Account Name: Paul-DSouza1   Target Domain:  NA   Target Account ID: NA\Paul-DSouza1   Caller User Name: Fabian-Fleissner   Caller Domain: NA   Caller Logon ID: (0x0,0x1AC691B2)   
<13>Jan 13 08:23:31 USCHNAHUB05 AgentDevice=WindowsLog	AgentLogFile=Security	PluginVersion=1.0.14	Source=Security	Computer=USCHNAHUB05	User=SVC-IDMAdmin	Domain=NA	EventID=671	EventIDCcorpoe=671	EventType=8	EventCategory=7	RecordNumber=615343050	TimeGenerated=1389618894	TimeWritten=1389618894	Message=User Account Unlocked:   Target Account Name: Michael-Leitstein   Target Domain:  NA   Target Account ID: NA\Michael-Leitstein   Caller User Name: SVC-IDMAdmin   Caller Domain: NA   Caller Logon ID: (0x0,0x1AC306BE)   
<13>Jan 13 08:23:28 USCHNAHUB05 AgentDevice=WindowsLog	AgentLogFile=Security	PluginVersion=1.0.14	Source=Security	Computer=USCHNAHUB05	User=SVC-IDMAdmin	Domain=NA	EventID=642	EventIDCcorpoe=642	EventType=8	EventCategory=7	RecordNumber=615342995	TimeGenerated=1389618893	TimeWritten=1389618893	Message=User Account Changed:   Target Account Name: Michael-Leitstein   Target Domain: NA   Target Account ID: NA\Michael-Leitstein   Caller User Name: SVC-IDMAdmin   Caller Domain: NA   Caller Logon ID: (0x0,0x1AC30785)   Privileges: -  Changed Attributes:   Sam Account Name: -   Display Name: -   User Principal Name: -   Home Directory: -   Home Drive: -   Script Path: -   Profile Path: -   User Workstations: -   Password Last Set: 1/13/2014 8:14:53 AM   Account Expires: -   Primary Group ID: -   AllowedTcorpoelegateTo: -   Old UAC Value: -   New UAC Value: -   User Account Control: -   User Parameters: -   Sid History: -   Logon Hours: -   
<13>Jan 13 08:16:19 USCHNAHUB05 AgentDevice=WindowsLog	AgentLogFile=Security	PluginVersion=1.0.14	Source=Security	Computer=USCHNAHUB05	User=SVC-IDMAdmin	Domain=NA	EventID=671	EventIDCcorpoe=671	EventType=8	EventCategory=7	RecordNumber=615322294	TimeGenerated=1389618625	TimeWritten=1389618625	Message=User Account Unlocked:   Target Account Name: Maria-Sardinas   Target Domain:  NA   Target Account ID: NA\Maria-Sardinas   Caller User Name: SVC-IDMAdmin   Caller Domain: NA   Caller Logon ID: (0x0,0x1AC16C3E)   
<13>Jan 13 08:16:19 USCHNAHUB05 AgentDevice=WindowsLog	AgentLogFile=Security	PluginVersion=1.0.14	Source=Security	Computer=USCHNAHUB05	User=SVC-IDMAdmin	Domain=NA	EventID=642	EventIDCcorpoe=642	EventType=8	EventCategory=7	RecordNumber=615322234	TimeGenerated=1389618625	TimeWritten=1389618625	Message=User Account Changed:   Target Account Name: Maria-Sardinas   Target Domain: NA   Target Account ID: NA\Maria-Sardinas   Caller User Name: SVC-IDMAdmin   Caller Domain: NA   Caller Logon ID: (0x0,0x1AC16D64)   Privileges: -  Changed Attributes:   Sam Account Name: -   Display Name: -   User Principal Name: -   Home Directory: -   Home Drive: -   Script Path: -   Profile Path: -   User Workstations: -   Password Last Set: 1/13/2014 8:10:24 AM   Account Expires: -   Primary Group ID: -   AllowedTcorpoelegateTo: -   Old UAC Value: -   New UAC Value: -   User Account Control: -   User Parameters: -   Sid History: -   Logon Hours: -   
<13>Jan 13 07:38:40 USCHNAHUB05 AgentDevice=WindowsLog	AgentLogFile=Security	PluginVersion=1.0.14	Source=Security	Computer=USCHNAHUB05	User=SVC-IDMAdmin	Domain=NA	EventID=671	EventIDCcorpoe=671	EventType=8	EventCategory=7	RecordNumber=615214330	TimeGenerated=1389616718	TimeWritten=1389616718	Message=User Account Unlocked:   Target Account Name: Terry-Greninger   Target Domain:  NA   Target Account ID: NA\Terry-Greninger   Caller User Name: SVC-IDMAdmin   Caller Domain: NA   Caller Logon ID: (0x0,0x1AB7E26E)   
<13>Jan 13 07:38:40 USCHNAHUB05 AgentDevice=WindowsLog	AgentLogFile=Security	PluginVersion=1.0.14	Source=Security	Computer=USCHNAHUB05	User=SVC-IDMAdmin	Domain=NA	EventID=642	EventIDCcorpoe=642	EventType=8	EventCategory=7	RecordNumber=615214298	TimeGenerated=1389616717	TimeWritten=1389616717	Message=User Account Changed:   Target Account Name: Terry-Greninger   Target Domain: NA   Target Account ID: NA\Terry-Greninger   Caller User Name: SVC-IDMAdmin   Caller Domain: NA   Caller Logon ID: (0x0,0x1AB7E2DE)   Privileges: -  Changed Attributes:   Sam Account Name: -   Display Name: -   User Principal Name: -   Home Directory: -   Home Drive: -   Script Path: -   Profile Path: -   User Workstations: -   Password Last Set: 1/13/2014 7:38:37 AM   Account Expires: -   Primary Group ID: -   AllowedTcorpoelegateTo: -   Old UAC Value: -   New UAC Value: -   User Account Control: -   User Parameters: -   Sid History: -   Logon Hours: -   
<13>Jan 13 07:34:34 USCHNAHUB05 AgentDevice=WindowsLog	AgentLogFile=Security	PluginVersion=1.0.14	Source=Security	Computer=USCHNAHUB05	User=SVC-IDMAdmin	Domain=NA	EventID=671	EventIDCcorpoe=671	EventType=8	EventCategory=7	RecordNumber=615204623	TimeGenerated=1389616472	TimeWritten=1389616472	Message=User Account Unlocked:   Target Account Name: David-Wilt   Target Domain:  NA   Target Account ID: NA\David-Wilt   Caller User Name: SVC-IDMAdmin   Caller Domain: NA   Caller Logon ID: (0x0,0x1AB6DDDF)   
<13>Jan 13 07:34:34 USCHNAHUB05 AgentDevice=WindowsLog	AgentLogFile=Security	PluginVersion=1.0.14	Source=Security	Computer=USCHNAHUB05	User=SVC-IDMAdmin	Domain=NA	EventID=642	EventIDCcorpoe=642	EventType=8	EventCategory=7	RecordNumber=615204611	TimeGenerated=1389616471	TimeWritten=1389616471	Message=User Account Changed:   Target Account Name: David-Wilt   Target Domain: NA   Target Account ID: NA\David-Wilt   Caller User Name: SVC-IDMAdmin   Caller Domain: NA   Caller Logon ID: (0x0,0x1AB6DE55)   Privileges: -  Changed Attributes:   Sam Account Name: -   Display Name: -   User Principal Name: -   Home Directory: -   Home Drive: -   Script Path: -   Profile Path: -   User Workstations: -   Password Last Set: 1/13/2014 7:34:31 AM   Account Expires: -   Primary Group ID: -   AllowedTcorpoelegateTo: -   Old UAC Value: -   New UAC Value: -   User Account Control: -   User Parameters: -   Sid History: -   Logon Hours: -   
<13>Jan 13 07:33:22 USCHNAHUB05 AgentDevice=WindowsLog	AgentLogFile=Security	PluginVersion=1.0.14	Source=Security	Computer=USCHNAHUB05	User=SVC-IDMAdmin	Domain=NA	EventID=671	EventIDCcorpoe=671	EventType=8	EventCategory=7	RecordNumber=615201488	TimeGenerated=1389616398	TimeWritten=1389616398	Message=User Account Unlocked:   Target Account Name: Christopher-Mancuso   Target Domain:  NA   Target Account ID: NA\Christopher-Mancuso   Caller User Name: SVC-IDMAdmin   Caller Domain: NA   Caller Logon ID: (0x0,0x1AB68B53)   
<13>Jan 13 07:33:22 USCHNAHUB05 AgentDevice=WindowsLog	AgentLogFile=Security	PluginVersion=1.0.14	Source=Security	Computer=USCHNAHUB05	User=SVC-IDMAdmin	Domain=NA	EventID=642	EventIDCcorpoe=642	EventType=8	EventCategory=7	RecordNumber=615201472	TimeGenerated=1389616398	TimeWritten=1389616398	Message=User Account Changed:   Target Account Name: Christopher-Mancuso   Target Domain: NA   Target Account ID: NA\Christopher-Mancuso   Caller User Name: SVC-IDMAdmin   Caller Domain: NA   Caller Logon ID: (0x0,0x1AB68C2A)   Privileges: -  Changed Attributes:   Sam Account Name: -   Display Name: -   User Principal Name: -   Home Directory: -   Home Drive: -   Script Path: -   Profile Path: -   User Workstations: -   Password Last Set: 1/13/2014 7:33:17 AM   Account Expires: -   Primary Group ID: -   AllowedTcorpoelegateTo: -   Old UAC Value: -   New UAC Value: -   User Account Control: -   User Parameters: -   Sid History: -   Logon Hours: -   
<13>Jan 13 07:29:17 USCHNAHUB05 AgentDevice=WindowsLog	AgentLogFile=Security	PluginVersion=1.0.14	Source=Security	Computer=USCHNAHUB05	User=SVC-IDMAdmin	Domain=NA	EventID=671	EventIDCcorpoe=671	EventType=8	EventCategory=7	RecordNumber=615191460	TimeGenerated=1389616154	TimeWritten=1389616154	Message=User Account Unlocked:   Target Account Name: Dorothy-Starks   Target Domain:  NA   Target Account ID: NA\Dorothy-Starks   Caller User Name: SVC-IDMAdmin   Caller Domain: NA   Caller Logon ID: (0x0,0x1AB49B20)   
<13>Jan 13 07:29:17 USCHNAHUB05 AgentDevice=WindowsLog	AgentLogFile=Security	PluginVersion=1.0.14	Source=Security	Computer=USCHNAHUB05	User=SVC-IDMAdmin	Domain=NA	EventID=642	EventIDCcorpoe=642	EventType=8	EventCategory=7	RecordNumber=615191441	TimeGenerated=1389616154	TimeWritten=1389616154	Message=User Account Changed:   Target Account Name: Dorothy-Starks   Target Domain: NA   Target Account ID: NA\Dorothy-Starks   Caller User Name: SVC-IDMAdmin   Caller Domain: NA   Caller Logon ID: (0x0,0x1AB49C91)   Privileges: -  Changed Attributes:   Sam Account Name: -   Display Name: -   User Principal Name: -   Home Directory: -   Home Drive: -   Script Path: -   Profile Path: -   User Workstations: -   Password Last Set: 1/13/2014 7:29:14 AM   Account Expires: -   Primary Group ID: -   AllowedTcorpoelegateTo: -   Old UAC Value: -   New UAC Value: -   User Account Control: -   User Parameters: -   Sid History: -   Logon Hours: -   
<13>Jan 13 07:02:02 USCHNAHUB05 AgentDevice=WindowsLog	AgentLogFile=Security	PluginVersion=1.0.14	Source=Security	Computer=USCHNAHUB05	User=SYSTEM	Domain=NT AUTHORITY	EventID=644	EventIDCcorpoe=644	EventType=8	EventCategory=7	RecordNumber=615135717	TimeGenerated=1389614518	TimeWritten=1389614518	Message=User Account Locked Out:   Target Account Name: Adrian-Macean   Target Account ID: NA\Adrian-Macean   Caller Machine Name: CHSECGPRS03   Caller User Name: USCHNAHUB05$   Caller Domain: NA   Caller Logon ID: (0x0,0x3E7)   
<13>Jan 13 07:01:19 USCHNAHUB05 AgentDevice=WindowsLog	AgentLogFile=Security	PluginVersion=1.0.14	Source=Security	Computer=USCHNAHUB05	User=SVC-IDMAdmin	Domain=NA	EventID=671	EventIDCcorpoe=671	EventType=8	EventCategory=7	RecordNumber=615134392	TimeGenerated=1389614475	TimeWritten=1389614475	Message=User Account Unlocked:   Target Account Name: Nestor-Febles   Target Domain:  NA   Target Account ID: NA\Nestor-Febles   Caller User Name: SVC-IDMAdmin   Caller Domain: NA   Caller Logon ID: (0x0,0x1AAE0F76)   
<13>Jan 13 07:01:17 USCHNAHUB05 AgentDevice=WindowsLog	AgentLogFile=Security	PluginVersion=1.0.14	Source=Security	Computer=USCHNAHUB05	User=SVC-IDMAdmin	Domain=NA	EventID=642	EventIDCcorpoe=642	EventType=8	EventCategory=7	RecordNumber=615134365	TimeGenerated=1389614475	TimeWritten=1389614475	Message=User Account Changed:   Target Account Name: Nestor-Febles   Target Domain: NA   Target Account ID: NA\Nestor-Febles   Caller User Name: SVC-IDMAdmin   Caller Domain: NA   Caller Logon ID: (0x0,0x1AAE1024)   Privileges: -  Changed Attributes:   Sam Account Name: -   Display Name: -   User Principal Name: -   Home Directory: -   Home Drive: -   Script Path: -   Profile Path: -   User Workstations: -   Password Last Set: 1/13/2014 7:01:15 AM   Account Expires: -   Primary Group ID: -   AllowedTcorpoelegateTo: -   Old UAC Value: -   New UAC Value: -   User Account Control: -   User Parameters: -   Sid History: -   Logon Hours: -   
<13>Jan 13 06:45:08 USCHNAHUB05 AgentDevice=WindowsLog	AgentLogFile=Security	PluginVersion=1.0.14	Source=Security	Computer=USCHNAHUB05	User=SVC-IDMAdmin	Domain=NA	EventID=671	EventIDCcorpoe=671	EventType=8	EventCategory=7	RecordNumber=615101890	TimeGenerated=1389613494	TimeWritten=1389613494	Message=User Account Unlocked:   Target Account Name: Cristian-Rosales   Target Domain:  NA   Target Account ID: NA\Cristian-Rosales   Caller User Name: SVC-IDMAdmin   Caller Domain: NA   Caller Logon ID: (0x0,0x1AAA524D)   
<13>Jan 13 06:45:04 USCHNAHUB05 AgentDevice=WindowsLog	AgentLogFile=Security	PluginVersion=1.0.14	Source=Security	Computer=USCHNAHUB05	User=SVC-IDMAdmin	Domain=NA	EventID=642	EventIDCcorpoe=642	EventType=8	EventCategory=7	RecordNumber=615101811	TimeGenerated=1389613494	TimeWritten=1389613494	Message=User Account Changed:   Target Account Name: Cristian-Rosales   Target Domain: NA   Target Account ID: NA\Cristian-Rosales   Caller User Name: SVC-IDMAdmin   Caller Domain: NA   Caller Logon ID: (0x0,0x1AAA5447)   Privileges: -  Changed Attributes:   Sam Account Name: -   Display Name: -   User Principal Name: -   Home Directory: -   Home Drive: -   Script Path: -   Profile Path: -   User Workstations: -   Password Last Set: 1/13/2014 6:44:54 AM   Account Expires: -   Primary Group ID: -   AllowedTcorpoelegateTo: -   Old UAC Value: -   New UAC Value: -   User Account Control: -   User Parameters: -   Sid History: -   Logon Hours: -   
<13>Jan 13 06:23:59 USCHNAHUB05 AgentDevice=WindowsLog	AgentLogFile=Security	PluginVersion=1.0.14	Source=Security	Computer=USCHNAHUB05	User=SYSTEM	Domain=NT AUTHORITY	EventID=644	EventIDCcorpoe=644	EventType=8	EventCategory=7	RecordNumber=615071740	TimeGenerated=1389612236	TimeWritten=1389612236	Message=User Account Locked Out:   Target Account Name: Ibrahim-Lawal   Target Account ID: NA\Ibrahim-Lawal   Caller Machine Name: MJEWCFW   Caller User Name: USCHNAHUB05$   Caller Domain: NA   Caller Logon ID: (0x0,0x3E7)   
<13>Jan 13 05:52:10 USCHNAHUB05 AgentDevice=WindowsLog	AgentLogFile=Security	PluginVersion=1.0.14	Source=Security	Computer=USCHNAHUB05	User=SYSTEM	Domain=NT AUTHORITY	EventID=644	EventIDCcorpoe=644	EventType=8	EventCategory=7	RecordNumber=615032576	TimeGenerated=1389610327	TimeWritten=1389610327	Message=User Account Locked Out:   Target Account Name: Ibrahim-Lawal   Target Account ID: NA\Ibrahim-Lawal   Caller Machine Name: MJEWCFW   Caller User Name: USCHNAHUB05$   Caller Domain: NA   Caller Logon ID: (0x0,0x3E7)   
<13>Jan 13 05:28:22 USCHNAHUB05 AgentDevice=WindowsLog	AgentLogFile=Security	PluginVersion=1.0.14	Source=Security	Computer=USCHNAHUB05	User=Klaas-Prins	Domain=NA	EventID=671	EventIDCcorpoe=671	EventType=8	EventCategory=7	RecordNumber=614997015	TimeGenerated=1389608899	TimeWritten=1389608899	Message=User Account Unlocked:   Target Account Name: Bala-Chandran   Target Domain:  NA   Target Account ID: NA\Bala-Chandran   Caller User Name: Klaas-Prins   Caller Domain: NA   Caller Logon ID: (0x0,0x1A9BB019)   
<13>Jan 13 05:16:42 USCHNAHUB05 AgentDevice=WindowsLog	AgentLogFile=Security	PluginVersion=1.0.14	Source=Security	Computer=USCHNAHUB05	User=SYSTEM	Domain=NT AUTHORITY	EventID=644	EventIDCcorpoe=644	EventType=8	EventCategory=7	RecordNumber=614980418	TimeGenerated=1389608199	TimeWritten=1389608199	Message=User Account Locked Out:   Target Account Name: Adrian-Macean   Target Account ID: NA\Adrian-Macean   Caller Machine Name: CHSECGPRS01   Caller User Name: USCHNAHUB05$   Caller Domain: NA   Caller Logon ID: (0x0,0x3E7)   
<13>Jan 13 05:09:40 USCHNAHUB05 AgentDevice=WindowsLog	AgentLogFile=Security	PluginVersion=1.0.14	Source=Security	Computer=USCHNAHUB05	User=617127MGR	Domain=NA	EventID=642	EventIDCcorpoe=642	EventType=8	EventCategory=7	RecordNumber=614970181	TimeGenerated=1389607777	TimeWritten=1389607777	Message=User Account Changed:   Target Account Name: 617127MGR   Target Domain: NA   Target Account ID: NA\617127MGR   Caller User Name: 617127MGR   Caller Domain: NA   Caller Logon ID: (0x0,0x1A980ED6)   Privileges: -  Changed Attributes:   Sam Account Name: -   Display Name: -   User Principal Name: -   Home Directory: -   Home Drive: -   Script Path: -   Profile Path: -   User Workstations: -   Password Last Set: 1/13/2014 5:09:37 AM   Account Expires: -   Primary Group ID: -   AllowedTcorpoelegateTo: -   Old UAC Value: -   New UAC Value: -   User Account Control: -   User Parameters: -   Sid History: -   Logon Hours: -   
<13>Jan 13 04:33:54 USCHNAHUB05 AgentDevice=WindowsLog	AgentLogFile=Security	PluginVersion=1.0.14	Source=Security	Computer=USCHNAHUB05	User=SVC-IDMAdmin	Domain=NA	EventID=671	EventIDCcorpoe=671	EventType=8	EventCategory=7	RecordNumber=614926145	TimeGenerated=1389605630	TimeWritten=1389605630	Message=User Account Unlocked:   Target Account Name: Micheal-EbotMbi   Target Domain:  NA   Target Account ID: NA\Micheal-EbotMbi   Caller User Name: SVC-IDMAdmin   Caller Domain: NA   Caller Logon ID: (0x0,0x1A9186DB)   
<13>Jan 13 04:33:54 USCHNAHUB05 AgentDevice=WindowsLog	AgentLogFile=Security	PluginVersion=1.0.14	Source=Security	Computer=USCHNAHUB05	User=SVC-IDMAdmin	Domain=NA	EventID=642	EventIDCcorpoe=642	EventType=8	EventCategory=7	RecordNumber=614926129	TimeGenerated=1389605630	TimeWritten=1389605630	Message=User Account Changed:   Target Account Name: Micheal-EbotMbi   Target Domain: NA   Target Account ID: NA\Micheal-EbotMbi   Caller User Name: SVC-IDMAdmin   Caller Domain: NA   Caller Logon ID: (0x0,0x1A918774)   Privileges: -  Changed Attributes:   Sam Account Name: -   Display Name: -   User Principal Name: -   Home Directory: -   Home Drive: -   Script Path: -   Profile Path: -   User Workstations: -   Password Last Set: 1/13/2014 4:33:50 AM   Account Expires: -   Primary Group ID: -   AllowedTcorpoelegateTo: -   Old UAC Value: -   New UAC Value: -   User Account Control: -   User Parameters: -   Sid History: -   Logon Hours: -   
<13>Jan 13 03:02:05 USCHNAHUB05 AgentDevice=WindowsLog	AgentLogFile=Security	PluginVersion=1.0.14	Source=Security	Computer=USCHNAHUB05	User=SYSTEM	Domain=NT AUTHORITY	EventID=644	EventIDCcorpoe=644	EventType=8	EventCategory=7	RecordNumber=614815685	TimeGenerated=1389600121	TimeWritten=1389600121	Message=User Account Locked Out:   Target Account Name: Adrian-Macean   Target Account ID: NA\Adrian-Macean   Caller Machine Name: CHSECGPRS02   Caller User Name: USCHNAHUB05$   Caller Domain: NA   Caller Logon ID: (0x0,0x3E7)   
<13>Jan 13 01:54:17 USCHNAHUB05 AgentDevice=WindowsLog	AgentLogFile=Security	PluginVersion=1.0.14	Source=Security	Computer=USCHNAHUB05	User=SVC-IDMAdmin	Domain=NA	EventID=671	EventIDCcorpoe=671	EventType=8	EventCategory=7	RecordNumber=614737456	TimeGenerated=1389596054	TimeWritten=1389596054	Message=User Account Unlocked:   Target Account Name: Wendell-Lee   Target Domain:  NA   Target Account ID: NA\Wendell-Lee   Caller User Name: SVC-IDMAdmin   Caller Domain: NA   Caller Logon ID: (0x0,0x1A72CEAA)   
<13>Jan 13 01:54:17 USCHNAHUB05 AgentDevice=WindowsLog	AgentLogFile=Security	PluginVersion=1.0.14	Source=Security	Computer=USCHNAHUB05	User=SVC-IDMAdmin	Domain=NA	EventID=642	EventIDCcorpoe=642	EventType=8	EventCategory=7	RecordNumber=614737425	TimeGenerated=1389596053	TimeWritten=1389596053	Message=User Account Changed:   Target Account Name: Wendell-Lee   Target Domain: NA   Target Account ID: NA\Wendell-Lee   Caller User Name: SVC-IDMAdmin   Caller Domain: NA   Caller Logon ID: (0x0,0x1A72CF34)   Privileges: -  Changed Attributes:   Sam Account Name: -   Display Name: -   User Principal Name: -   Home Directory: -   Home Drive: -   Script Path: -   Profile Path: -   User Workstations: -   Password Last Set: 1/13/2014 1:54:13 AM   Account Expires: -   Primary Group ID: -   AllowedTcorpoelegateTo: -   Old UAC Value: -   New UAC Value: -   User Account Control: -   User Parameters: -   Sid History: -   Logon Hours: -   
<13>Jan 13 01:16:43 USCHNAHUB05 AgentDevice=WindowsLog	AgentLogFile=Security	PluginVersion=1.0.14	Source=Security	Computer=USCHNAHUB05	User=SYSTEM	Domain=NT AUTHORITY	EventID=644	EventIDCcorpoe=644	EventType=8	EventCategory=7	RecordNumber=614698535	TimeGenerated=1389593799	TimeWritten=1389593799	Message=User Account Locked Out:   Target Account Name: Adrian-Macean   Target Account ID: NA\Adrian-Macean   Caller Machine Name: CHSECGPRS06   Caller User Name: USCHNAHUB05$   Caller Domain: NA   Caller Logon ID: (0x0,0x3E7)   
<13>Jan 12 12:08:35 USCHNAHUB05 AgentDevice=WindowsLog	AgentLogFile=Security	PluginVersion=1.0.14	Source=Security	Computer=USCHNAHUB05	User=SVC-IDMAdmin	Domain=NA	EventID=671	EventIDCcorpoe=671	EventType=8	EventCategory=7	RecordNumber=614432179	TimeGenerated=1389546512	TimeWritten=1389546512	Message=User Account Unlocked:   Target Account Name: Keith-Hughes   Target Domain:  NA   Target Account ID: NA\Keith-Hughes   Caller User Name: SVC-IDMAdmin   Caller Domain: NA   Caller Logon ID: (0x0,0x19F8727C)   
<13>Jan 12 12:08:35 USCHNAHUB05 AgentDevice=WindowsLog	AgentLogFile=Security	PluginVersion=1.0.14	Source=Security	Computer=USCHNAHUB05	User=SVC-IDMAdmin	Domain=NA	EventID=642	EventIDCcorpoe=642	EventType=8	EventCategory=7	RecordNumber=614432162	TimeGenerated=1389546512	TimeWritten=1389546512	Message=User Account Changed:   Target Account Name: Keith-Hughes   Target Domain: NA   Target Account ID: NA\Keith-Hughes   Caller User Name: SVC-IDMAdmin   Caller Domain: NA   Caller Logon ID: (0x0,0x19F8748E)   Privileges: -  Changed Attributes:   Sam Account Name: -   Display Name: -   User Principal Name: -   Home Directory: -   Home Drive: -   Script Path: -   Profile Path: -   User Workstations: -   Password Last Set: 1/12/2014 12:08:32 PM   Account Expires: -   Primary Group ID: -   AllowedTcorpoelegateTo: -   Old UAC Value: -   New UAC Value: -   User Account Control: -   User Parameters: -   Sid History: -   Logon Hours: -   
<13>Jan 11 17:26:46 USCHNAHUB05 AgentDevice=WindowsLog	AgentLogFile=Security	PluginVersion=1.0.14	Source=Security	Computer=USCHNAHUB05	User=SYSTEM	Domain=NT AUTHORITY	EventID=644	EventIDCcorpoe=644	EventType=8	EventCategory=7	RecordNumber=613788397	TimeGenerated=1389479203	TimeWritten=1389479203	Message=User Account Locked Out:   Target Account Name: Tom-Judson   Target Account ID: NA\Tom-Judson   Caller Machine Name: W8941DEH5PE-2.local   Caller User Name: USCHNAHUB05$   Caller Domain: NA   Caller Logon ID: (0x0,0x3E7)   
<13>Jan 11 14:32:47 USCHNAHUB05 AgentDevice=WindowsLog	AgentLogFile=Security	PluginVersion=1.0.14	Source=Security	Computer=USCHNAHUB05	User=SVC-IDMAdmin	Domain=NA	EventID=671	EventIDCcorpoe=671	EventType=8	EventCategory=7	RecordNumber=613692739	TimeGenerated=1389468763	TimeWritten=1389468763	Message=User Account Unlocked:   Target Account Name: Wesley-Brinkhurst   Target Domain:  NA   Target Account ID: NA\Wesley-Brinkhurst   Caller User Name: SVC-IDMAdmin   Caller Domain: NA   Caller Logon ID: (0x0,0x1922E83D)   
<13>Jan 11 14:32:45 USCHNAHUB05 AgentDevice=WindowsLog	AgentLogFile=Security	PluginVersion=1.0.14	Source=Security	Computer=USCHNAHUB05	User=SVC-IDMAdmin	Domain=NA	EventID=642	EventIDCcorpoe=642	EventType=8	EventCategory=7	RecordNumber=613692724	TimeGenerated=1389468763	TimeWritten=1389468763	Message=User Account Changed:   Target Account Name: Wesley-Brinkhurst   Target Domain: NA   Target Account ID: NA\Wesley-Brinkhurst   Caller User Name: SVC-IDMAdmin   Caller Domain: NA   Caller Logon ID: (0x0,0x1922EC7B)   Privileges: -  Changed Attributes:   Sam Account Name: -   Display Name: -   User Principal Name: -   Home Directory: -   Home Drive: -   Script Path: -   Profile Path: -   User Workstations: -   Password Last Set: 1/11/2014 2:32:42 PM   Account Expires: -   Primary Group ID: -   AllowedTcorpoelegateTo: -   Old UAC Value: -   New UAC Value: -   User Account Control: -   User Parameters: -   Sid History: -   Logon Hours: -   
<13>Jan 11 12:46:25 USCHNAHUB05 AgentDevice=WindowsLog	AgentLogFile=Security	PluginVersion=1.0.14	Source=Security	Computer=USCHNAHUB05	User=SVC-IDMAdmin	Domain=NA	EventID=671	EventIDCcorpoe=671	EventType=8	EventCategory=7	RecordNumber=613628734	TimeGenerated=1389462382	TimeWritten=1389462382	Message=User Account Unlocked:   Target Account Name: Thomas-Jones1   Target Domain:  NA   Target Account ID: NA\Thomas-Jones1   Caller User Name: SVC-IDMAdmin   Caller Domain: NA   Caller Logon ID: (0x0,0x1911A5EC)   
<13>Jan 11 12:46:25 USCHNAHUB05 AgentDevice=WindowsLog	AgentLogFile=Security	PluginVersion=1.0.14	Source=Security	Computer=USCHNAHUB05	User=SVC-IDMAdmin	Domain=NA	EventID=642	EventIDCcorpoe=642	EventType=8	EventCategory=7	RecordNumber=613628721	TimeGenerated=1389462382	TimeWritten=1389462382	Message=User Account Changed:   Target Account Name: Thomas-Jones1   Target Domain: NA   Target Account ID: NA\Thomas-Jones1   Caller User Name: SVC-IDMAdmin   Caller Domain: NA   Caller Logon ID: (0x0,0x1911A6DC)   Privileges: -  Changed Attributes:   Sam Account Name: -   Display Name: -   User Principal Name: -   Home Directory: -   Home Drive: -   Script Path: -   Profile Path: -   User Workstations: -   Password Last Set: 1/11/2014 12:46:22 PM   Account Expires: -   Primary Group ID: -   AllowedTcorpoelegateTo: -   Old UAC Value: -   New UAC Value: -   User Account Control: -   User Parameters: -   Sid History: -   Logon Hours: -   
<13>Jan 11 12:19:21 USCHNAHUB05 AgentDevice=WindowsLog	AgentLogFile=Security	PluginVersion=1.0.14	Source=Security	Computer=USCHNAHUB05	User=SVC-IDMAdmin	Domain=NA	EventID=671	EventIDCcorpoe=671	EventType=8	EventCategory=7	RecordNumber=613614034	TimeGenerated=1389460757	TimeWritten=1389460757	Message=User Account Unlocked:   Target Account Name: Laxmi-Pai   Target Domain:  NA   Target Account ID: NA\Laxmi-Pai   Caller User Name: SVC-IDMAdmin   Caller Domain: NA   Caller Logon ID: (0x0,0x190DBE17)   
<13>Jan 11 12:19:19 USCHNAHUB05 AgentDevice=WindowsLog	AgentLogFile=Security	PluginVersion=1.0.14	Source=Security	Computer=USCHNAHUB05	User=SVC-IDMAdmin	Domain=NA	EventID=642	EventIDCcorpoe=642	EventType=8	EventCategory=7	RecordNumber=613614013	TimeGenerated=1389460757	TimeWritten=1389460757	Message=User Account Changed:   Target Account Name: Laxmi-Pai   Target Domain: NA   Target Account ID: NA\Laxmi-Pai   Caller User Name: SVC-IDMAdmin   Caller Domain: NA   Caller Logon ID: (0x0,0x190DBECE)   Privileges: -  Changed Attributes:   Sam Account Name: -   Display Name: -   User Principal Name: -   Home Directory: -   Home Drive: -   Script Path: -   Profile Path: -   User Workstations: -   Password Last Set: 1/11/2014 12:19:17 PM   Account Expires: -   Primary Group ID: -   AllowedTcorpoelegateTo: -   Old UAC Value: -   New UAC Value: -   User Account Control: -   User Parameters: -   Sid History: -   Logon Hours: -   
<13>Jan 11 09:20:11 USCHNAHUB05 AgentDevice=WindowsLog	AgentLogFile=Security	PluginVersion=1.0.14	Source=Security	Computer=USCHNAHUB05	User=SVC-IDMAdmin	Domain=NA	EventID=671	EventIDCcorpoe=671	EventType=8	EventCategory=7	RecordNumber=613519184	TimeGenerated=1389450007	TimeWritten=1389450007	Message=User Account Unlocked:   Target Account Name: Bobby-Bingham   Target Domain:  NA   Target Account ID: NA\Bobby-Bingham   Caller User Name: SVC-IDMAdmin   Caller Domain: NA   Caller Logon ID: (0x0,0x18F2EE5C)   
<13>Jan 11 09:20:09 USCHNAHUB05 AgentDevice=WindowsLog	AgentLogFile=Security	PluginVersion=1.0.14	Source=Security	Computer=USCHNAHUB05	User=SVC-IDMAdmin	Domain=NA	EventID=642	EventIDCcorpoe=642	EventType=8	EventCategory=7	RecordNumber=613519172	TimeGenerated=1389450007	TimeWritten=1389450007	Message=User Account Changed:   Target Account Name: Bobby-Bingham   Target Domain: NA   Target Account ID: NA\Bobby-Bingham   Caller User Name: SVC-IDMAdmin   Caller Domain: NA   Caller Logon ID: (0x0,0x18F2EE95)   Privileges: -  Changed Attributes:   Sam Account Name: -   Display Name: -   User Principal Name: -   Home Directory: -   Home Drive: -   Script Path: -   Profile Path: -   User Workstations: -   Password Last Set: 1/11/2014 9:20:07 AM   Account Expires: -   Primary Group ID: -   AllowedTcorpoelegateTo: -   Old UAC Value: -   New UAC Value: -   User Account Control: -   User Parameters: -   Sid History: -   Logon Hours: -   
<13>Jan 11 02:32:01 USCHNAHUB05 AgentDevice=WindowsLog	AgentLogFile=Security	PluginVersion=1.0.14	Source=Security	Computer=USCHNAHUB05	User=SVC-IDMAdmin	Domain=NA	EventID=671	EventIDCcorpoe=671	EventType=8	EventCategory=7	RecordNumber=612693083	TimeGenerated=1389409080	TimeWritten=1389409080	Message=User Account Unlocked:   Target Account Name: Darrell-Garrett   Target Domain:  NA   Target Account ID: NA\Darrell-Garrett   Caller User Name: SVC-IDMAdmin   Caller Domain: NA   Caller Logon ID: (0x0,0x186861E9)   
<13>Jan 11 02:32:01 USCHNAHUB05 AgentDevice=WindowsLog	AgentLogFile=Security	PluginVersion=1.0.14	Source=Security	Computer=USCHNAHUB05	User=SVC-IDMAdmin	Domain=NA	EventID=642	EventIDCcorpoe=642	EventType=8	EventCategory=7	RecordNumber=612693071	TimeGenerated=1389409080	TimeWritten=1389409080	Message=User Account Changed:   Target Account Name: Darrell-Garrett   Target Domain: NA   Target Account ID: NA\Darrell-Garrett   Caller User Name: SVC-IDMAdmin   Caller Domain: NA   Caller Logon ID: (0x0,0x1868622C)   Privileges: -  Changed Attributes:   Sam Account Name: -   Display Name: -   User Principal Name: -   Home Directory: -   Home Drive: -   Script Path: -   Profile Path: -   User Workstations: -   Password Last Set: 1/10/2014 9:58:00 PM   Account Expires: -   Primary Group ID: -   AllowedTcorpoelegateTo: -   Old UAC Value: -   New UAC Value: -   User Account Control: -   User Parameters: -   Sid History: -   Logon Hours: -   
<13>Jan 11 02:28:44 USCHNAHUB05 AgentDevice=WindowsLog	AgentLogFile=Security	PluginVersion=1.0.14	Source=Security	Computer=USCHNAHUB05	User=SVC-IDMAdmin	Domain=NA	EventID=671	EventIDCcorpoe=671	EventType=8	EventCategory=7	RecordNumber=612683590	TimeGenerated=1389408462	TimeWritten=1389408462	Message=User Account Unlocked:   Target Account Name: 419008   Target Domain:  NA   Target Account ID: NA\419008   Caller User Name: SVC-IDMAdmin   Caller Domain: NA   Caller Logon ID: (0x0,0x1866A6B2)   
<13>Jan 11 02:28:44 USCHNAHUB05 AgentDevice=WindowsLog	AgentLogFile=Security	PluginVersion=1.0.14	Source=Security	Computer=USCHNAHUB05	User=SVC-IDMAdmin	Domain=NA	EventID=642	EventIDCcorpoe=642	EventType=8	EventCategory=7	RecordNumber=612683574	TimeGenerated=1389408461	TimeWritten=1389408461	Message=User Account Changed:   Target Account Name: 419008   Target Domain: NA   Target Account ID: NA\419008   Caller User Name: SVC-IDMAdmin   Caller Domain: NA   Caller Logon ID: (0x0,0x1866A6EA)   Privileges: -  Changed Attributes:   Sam Account Name: -   Display Name: -   User Principal Name: -   Home Directory: -   Home Drive: -   Script Path: -   Profile Path: -   User Workstations: -   Password Last Set: 1/10/2014 9:47:41 PM   Account Expires: -   Primary Group ID: -   AllowedTcorpoelegateTo: -   Old UAC Value: -   New UAC Value: -   User Account Control: -   User Parameters: -   Sid History: -   Logon Hours: -   
<13>Jan 11 01:34:41 USCHNAHUB05 AgentDevice=WindowsLog	AgentLogFile=Security	PluginVersion=1.0.14	Source=Security	Computer=USCHNAHUB05	User=SVC-IDMAdmin	Domain=NA	EventID=671	EventIDCcorpoe=671	EventType=8	EventCategory=7	RecordNumber=612526918	TimeGenerated=1389400264	TimeWritten=1389400264	Message=User Account Unlocked:   Target Account Name: Rick-Aldridge   Target Domain:  NA   Target Account ID: NA\Rick-Aldridge   Caller User Name: SVC-IDMAdmin   Caller Domain: NA   Caller Logon ID: (0x0,0x184D8515)   
<13>Jan 11 01:34:41 USCHNAHUB05 AgentDevice=WindowsLog	AgentLogFile=Security	PluginVersion=1.0.14	Source=Security	Computer=USCHNAHUB05	User=SVC-IDMAdmin	Domain=NA	EventID=642	EventIDCcorpoe=642	EventType=8	EventCategory=7	RecordNumber=612526904	TimeGenerated=1389400263	TimeWritten=1389400263	Message=User Account Changed:   Target Account Name: Rick-Aldridge   Target Domain: NA   Target Account ID: NA\Rick-Aldridge   Caller User Name: SVC-IDMAdmin   Caller Domain: NA   Caller Logon ID: (0x0,0x184D855F)   Privileges: -  Changed Attributes:   Sam Account Name: -   Display Name: -   User Principal Name: -   Home Directory: -   Home Drive: -   Script Path: -   Profile Path: -   User Workstations: -   Password Last Set: 1/10/2014 7:31:03 PM   Account Expires: -   Primary Group ID: -   AllowedTcorpoelegateTo: -   Old UAC Value: -   New UAC Value: -   User Account Control: -   User Parameters: -   Sid History: -   Logon Hours: -   
<13>Jan 11 01:26:40 USCHNAHUB05 AgentDevice=WindowsLog	AgentLogFile=Security	PluginVersion=1.0.14	Source=Security	Computer=USCHNAHUB05	User=SYSTEM	Domain=NT AUTHORITY	EventID=644	EventIDCcorpoe=644	EventType=8	EventCategory=7	RecordNumber=612503640	TimeGenerated=1389399337	TimeWritten=1389399337	Message=User Account Locked Out:   Target Account Name: Nagareddy-Reddy   Target Account ID: NA\Nagareddy-Reddy   Caller Machine Name: USCHCTXCPS19   Caller User Name: USCHNAHUB05$   Caller Domain: NA   Caller Logon ID: (0x0,0x3E7)   
<13>Jan 11 01:26:40 USCHNAHUB05 AgentDevice=WindowsLog	AgentLogFile=Security	PluginVersion=1.0.14	Source=Security	Computer=USCHNAHUB05	User=SYSTEM	Domain=NT AUTHORITY	EventID=644	EventIDCcorpoe=644	EventType=8	EventCategory=7	RecordNumber=612503636	TimeGenerated=1389399337	TimeWritten=1389399337	Message=User Account Locked Out:   Target Account Name: Nagareddy-Reddy   Target Account ID: NA\Nagareddy-Reddy   Caller Machine Name: USCHCTXCPS19   Caller User Name: USCHNAHUB05$   Caller Domain: NA   Caller Logon ID: (0x0,0x3E7)   
<13>Jan 11 01:13:58 USCHNAHUB05 AgentDevice=WindowsLog	AgentLogFile=Security	PluginVersion=1.0.14	Source=Security	Computer=USCHNAHUB05	User=SVC-IDMAdmin	Domain=NA	EventID=671	EventIDCcorpoe=671	EventType=8	EventCategory=7	RecordNumber=612466693	TimeGenerated=1389398090	TimeWritten=1389398090	Message=User Account Unlocked:   Target Account Name: Dwan-Farley   Target Domain:  NA   Target Account ID: NA\Dwan-Farley   Caller User Name: SVC-IDMAdmin   Caller Domain: NA   Caller Logon ID: (0x0,0x18463488)   
<13>Jan 11 01:13:56 USCHNAHUB05 AgentDevice=WindowsLog	AgentLogFile=Security	PluginVersion=1.0.14	Source=Security	Computer=USCHNAHUB05	User=SVC-IDMAdmin	Domain=NA	EventID=642	EventIDCcorpoe=642	EventType=8	EventCategory=7	RecordNumber=612466681	TimeGenerated=1389398090	TimeWritten=1389398090	Message=User Account Changed:   Target Account Name: Dwan-Farley   Target Domain: NA   Target Account ID: NA\Dwan-Farley   Caller User Name: SVC-IDMAdmin   Caller Domain: NA   Caller Logon ID: (0x0,0x184635B1)   Privileges: -  Changed Attributes:   Sam Account Name: -   Display Name: -   User Principal Name: -   Home Directory: -   Home Drive: -   Script Path: -   Profile Path: -   User Workstations: -   Password Last Set: 1/10/2014 6:54:50 PM   Account Expires: -   Primary Group ID: -   AllowedTcorpoelegateTo: -   Old UAC Value: -   New UAC Value: -   User Account Control: -   User Parameters: -   Sid History: -   Logon Hours: -   
<13>Jan 10 23:52:13 USCHNAHUB05 AgentDevice=WindowsLog	AgentLogFile=Security	PluginVersion=1.0.14	Source=Security	Computer=USCHNAHUB05	User=SVC-IDMAdmin	Domain=NA	EventID=671	EventIDCcorpoe=671	EventType=8	EventCategory=7	RecordNumber=612229202	TimeGenerated=1389392893	TimeWritten=1389392893	Message=User Account Unlocked:   Target Account Name: 449658MGR   Target Domain:  NA   Target Account ID: NA\449658MGR   Caller User Name: SVC-IDMAdmin   Caller Domain: NA   Caller Logon ID: (0x0,0x182E6AFA)   
<13>Jan 10 23:52:11 USCHNAHUB05 AgentDevice=WindowsLog	AgentLogFile=Security	PluginVersion=1.0.14	Source=Security	Computer=USCHNAHUB05	User=SVC-IDMAdmin	Domain=NA	EventID=671	EventIDCcorpoe=671	EventType=8	EventCategory=7	RecordNumber=612229158	TimeGenerated=1389392893	TimeWritten=1389392893	Message=User Account Unlocked:   Target Account Name: William-Mogor   Target Domain:  NA   Target Account ID: NA\William-Mogor   Caller User Name: SVC-IDMAdmin   Caller Domain: NA   Caller Logon ID: (0x0,0x182E6ACC)   
<13>Jan 10 23:52:11 USCHNAHUB05 AgentDevice=WindowsLog	AgentLogFile=Security	PluginVersion=1.0.14	Source=Security	Computer=USCHNAHUB05	User=SVC-IDMAdmin	Domain=NA	EventID=642	EventIDCcorpoe=642	EventType=8	EventCategory=7	RecordNumber=612229157	TimeGenerated=1389392892	TimeWritten=1389392892	Message=User Account Changed:   Target Account Name: 449658MGR   Target Domain: NA   Target Account ID: NA\449658MGR   Caller User Name: SVC-IDMAdmin   Caller Domain: NA   Caller Logon ID: (0x0,0x182E6C32)   Privileges: -  Changed Attributes:   Sam Account Name: -   Display Name: -   User Principal Name: -   Home Directory: -   Home Drive: -   Script Path: -   Profile Path: -   User Workstations: -   Password Last Set: 1/10/2014 5:28:12 PM   Account Expires: -   Primary Group ID: -   AllowedTcorpoelegateTo: -   Old UAC Value: -   New UAC Value: -   User Account Control: -   User Parameters: -   Sid History: -   Logon Hours: -   
<13>Jan 10 23:52:11 USCHNAHUB05 AgentDevice=WindowsLog	AgentLogFile=Security	PluginVersion=1.0.14	Source=Security	Computer=USCHNAHUB05	User=SVC-IDMAdmin	Domain=NA	EventID=642	EventIDCcorpoe=642	EventType=8	EventCategory=7	RecordNumber=612229131	TimeGenerated=1389392892	TimeWritten=1389392892	Message=User Account Changed:   Target Account Name: William-Mogor   Target Domain: NA   Target Account ID: NA\William-Mogor   Caller User Name: SVC-IDMAdmin   Caller Domain: NA   Caller Logon ID: (0x0,0x182E6BD9)   Privileges: -  Changed Attributes:   Sam Account Name: -   Display Name: -   User Principal Name: -   Home Directory: -   Home Drive: -   Script Path: -   Profile Path: -   User Workstations: -   Password Last Set: 1/10/2014 5:28:12 PM   Account Expires: -   Primary Group ID: -   AllowedTcorpoelegateTo: -   Old UAC Value: -   New UAC Value: -   User Account Control: -   User Parameters: -   Sid History: -   Logon Hours: -   
<13>Jan 10 23:25:16 USCHNAHUB05 AgentDevice=WindowsLog	AgentLogFile=Security	PluginVersion=1.0.14	Source=Security	Computer=USCHNAHUB05	User=SVC-IDMAdmin	Domain=NA	EventID=671	EventIDCcorpoe=671	EventType=8	EventCategory=7	RecordNumber=612150819	TimeGenerated=1389391849	TimeWritten=1389391849	Message=User Account Unlocked:   Target Account Name: Jasminda-Singletary   Target Domain:  NA   Target Account ID: NA\Jasminda-Singletary   Caller User Name: SVC-IDMAdmin   Caller Domain: NA   Caller Logon ID: (0x0,0x18288A04)   
<13>Jan 10 23:25:14 USCHNAHUB05 AgentDevice=WindowsLog	AgentLogFile=Security	PluginVersion=1.0.14	Source=Security	Computer=USCHNAHUB05	User=SVC-IDMAdmin	Domain=NA	EventID=642	EventIDCcorpoe=642	EventType=8	EventCategory=7	RecordNumber=612150778	TimeGenerated=1389391849	TimeWritten=1389391849	Message=User Account Changed:   Target Account Name: Jasminda-Singletary   Target Domain: NA   Target Account ID: NA\Jasminda-Singletary   Caller User Name: SVC-IDMAdmin   Caller Domain: NA   Caller Logon ID: (0x0,0x18288AFA)   Privileges: -  Changed Attributes:   Sam Account Name: -   Display Name: -   User Principal Name: -   Home Directory: -   Home Drive: -   Script Path: -   Profile Path: -   User Workstations: -   Password Last Set: 1/10/2014 5:10:48 PM   Account Expires: -   Primary Group ID: -   AllowedTcorpoelegateTo: -   Old UAC Value: -   New UAC Value: -   User Account Control: -   User Parameters: -   Sid History: -   Logon Hours: -   
<13>Jan 10 22:28:49 USCHNAHUB05 AgentDevice=WindowsLog	AgentLogFile=Security	PluginVersion=1.0.14	Source=Security	Computer=USCHNAHUB05	User=SVC-IDMAdmin	Domain=NA	EventID=671	EventIDCcorpoe=671	EventType=8	EventCategory=7	RecordNumber=611986668	TimeGenerated=1389390074	TimeWritten=1389390074	Message=User Account Unlocked:   Target Account Name: Lucia-Martinez   Target Domain:  NA   Target Account ID: NA\Lucia-Martinez   Caller User Name: SVC-IDMAdmin   Caller Domain: NA   Caller Logon ID: (0x0,0x181CDAB9)   
<13>Jan 10 22:28:47 USCHNAHUB05 AgentDevice=WindowsLog	AgentLogFile=Security	PluginVersion=1.0.14	Source=Security	Computer=USCHNAHUB05	User=SVC-IDMAdmin	Domain=NA	EventID=642	EventIDCcorpoe=642	EventType=8	EventCategory=7	RecordNumber=611986585	TimeGenerated=1389390073	TimeWritten=1389390073	Message=User Account Changed:   Target Account Name: Lucia-Martinez   Target Domain: NA   Target Account ID: NA\Lucia-Martinez   Caller User Name: SVC-IDMAdmin   Caller Domain: NA   Caller Logon ID: (0x0,0x181CDB34)   Privileges: -  Changed Attributes:   Sam Account Name: -   Display Name: -   User Principal Name: -   Home Directory: -   Home Drive: -   Script Path: -   Profile Path: -   User Workstations: -   Password Last Set: 1/10/2014 4:41:13 PM   Account Expires: -   Primary Group ID: -   AllowedTcorpoelegateTo: -   Old UAC Value: -   New UAC Value: -   User Account Control: -   User Parameters: -   Sid History: -   Logon Hours: -   
<13>Jan 10 20:35:17 USCHNAHUB05 AgentDevice=WindowsLog	AgentLogFile=Security	PluginVersion=1.0.14	Source=Security	Computer=USCHNAHUB05	User=Stephan-Kober	Domain=NA	EventID=671	EventIDCcorpoe=671	EventType=8	EventCategory=7	RecordNumber=611656270	TimeGenerated=1389386881	TimeWritten=1389386881	Message=User Account Unlocked:   Target Account Name: Carolina-Carpio   Target Domain:  NA   Target Account ID: NA\Carolina-Carpio   Caller User Name: Stephan-Kober   Caller Domain: NA   Caller Logon ID: (0x0,0x1806A866)   
<13>Jan 10 19:58:55 USCHNAHUB05 AgentDevice=WindowsLog	AgentLogFile=Security	PluginVersion=1.0.14	Source=Security	Computer=USCHNAHUB05	User=SYSTEM	Domain=NT AUTHORITY	EventID=644	EventIDCcorpoe=644	EventType=8	EventCategory=7	RecordNumber=611550444	TimeGenerated=1389385916	TimeWritten=1389385916	Message=User Account Locked Out:   Target Account Name: Ibrahim-Lawal   Target Account ID: NA\Ibrahim-Lawal   Caller Machine Name: MJEWCFW   Caller User Name: USCHNAHUB05$   Caller Domain: NA   Caller Logon ID: (0x0,0x3E7)   
<13>Jan 10 19:27:51 USCHNAHUB05 AgentDevice=WindowsLog	AgentLogFile=Security	PluginVersion=1.0.14	Source=Security	Computer=USCHNAHUB05	User=SVC-IDMAdmin	Domain=NA	EventID=671	EventIDCcorpoe=671	EventType=8	EventCategory=7	RecordNumber=611460071	TimeGenerated=1389385111	TimeWritten=1389385111	Message=User Account Unlocked:   Target Account Name: 649463MAN   Target Domain:  NA   Target Account ID: NA\649463MAN   Caller User Name: SVC-IDMAdmin   Caller Domain: NA   Caller Logon ID: (0x0,0x17F8EB89)   
<13>Jan 10 19:27:51 USCHNAHUB05 AgentDevice=WindowsLog	AgentLogFile=Security	PluginVersion=1.0.14	Source=Security	Computer=USCHNAHUB05	User=SVC-IDMAdmin	Domain=NA	EventID=642	EventIDCcorpoe=642	EventType=8	EventCategory=7	RecordNumber=611460038	TimeGenerated=1389385110	TimeWritten=1389385110	Message=User Account Changed:   Target Account Name: 649463MAN   Target Domain: NA   Target Account ID: NA\649463MAN   Caller User Name: SVC-IDMAdmin   Caller Domain: NA   Caller Logon ID: (0x0,0x17F8EBFE)   Privileges: -  Changed Attributes:   Sam Account Name: -   Display Name: -   User Principal Name: -   Home Directory: -   Home Drive: -   Script Path: -   Profile Path: -   User Workstations: -   Password Last Set: 1/10/2014 3:18:30 PM   Account Expires: -   Primary Group ID: -   AllowedTcorpoelegateTo: -   Old UAC Value: -   New UAC Value: -   User Account Control: -   User Parameters: -   Sid History: -   Logon Hours: -   
<13>Jan 10 18:57:58 USCHNAHUB05 AgentDevice=WindowsLog	AgentLogFile=Security	PluginVersion=1.0.14	Source=Security	Computer=USCHNAHUB05	User=SVC-IDMAdmin	Domain=NA	EventID=671	EventIDCcorpoe=671	EventType=8	EventCategory=7	RecordNumber=611373164	TimeGenerated=1389384307	TimeWritten=1389384307	Message=User Account Unlocked:   Target Account Name: Stephen-Durda   Target Domain:  NA   Target Account ID: NA\Stephen-Durda   Caller User Name: SVC-IDMAdmin   Caller Domain: NA   Caller Logon ID: (0x0,0x17F334BB)   
<13>Jan 10 18:57:58 USCHNAHUB05 AgentDevice=WindowsLog	AgentLogFile=Security	PluginVersion=1.0.14	Source=Security	Computer=USCHNAHUB05	User=SVC-IDMAdmin	Domain=NA	EventID=642	EventIDCcorpoe=642	EventType=8	EventCategory=7	RecordNumber=611373119	TimeGenerated=1389384306	TimeWritten=1389384306	Message=User Account Changed:   Target Account Name: Stephen-Durda   Target Domain: NA   Target Account ID: NA\Stephen-Durda   Caller User Name: SVC-IDMAdmin   Caller Domain: NA   Caller Logon ID: (0x0,0x17F335FD)   Privileges: -  Changed Attributes:   Sam Account Name: -   Display Name: -   User Principal Name: -   Home Directory: -   Home Drive: -   Script Path: -   Profile Path: -   User Workstations: -   Password Last Set: 1/10/2014 3:05:06 PM   Account Expires: -   Primary Group ID: -   AllowedTcorpoelegateTo: -   Old UAC Value: -   New UAC Value: -   User Account Control: -   User Parameters: -   Sid History: -   Logon Hours: -   
<13>Jan 10 18:30:31 USCHNAHUB05 AgentDevice=WindowsLog	AgentLogFile=Security	PluginVersion=1.0.14	Source=Security	Computer=USCHNAHUB05	User=SVC-IDMAdmin	Domain=NA	EventID=671	EventIDCcorpoe=671	EventType=8	EventCategory=7	RecordNumber=611293319	TimeGenerated=1389383594	TimeWritten=1389383594	Message=User Account Unlocked:   Target Account Name: Mirsad-Nuhanovic   Target Domain:  NA   Target Account ID: NA\Mirsad-Nuhanovic   Caller User Name: SVC-IDMAdmin   Caller Domain: NA   Caller Logon ID: (0x0,0x17EDFDA5)   
<13>Jan 10 18:30:29 USCHNAHUB05 AgentDevice=WindowsLog	AgentLogFile=Security	PluginVersion=1.0.14	Source=Security	Computer=USCHNAHUB05	User=SVC-IDMAdmin	Domain=NA	EventID=642	EventIDCcorpoe=642	EventType=8	EventCategory=7	RecordNumber=611293267	TimeGenerated=1389383593	TimeWritten=1389383593	Message=User Account Changed:   Target Account Name: Mirsad-Nuhanovic   Target Domain: NA   Target Account ID: NA\Mirsad-Nuhanovic   Caller User Name: SVC-IDMAdmin   Caller Domain: NA   Caller Logon ID: (0x0,0x17EDFE6A)   Privileges: -  Changed Attributes:   Sam Account Name: -   Display Name: -   User Principal Name: -   Home Directory: -   Home Drive: -   Script Path: -   Profile Path: -   User Workstations: -   Password Last Set: 1/10/2014 2:53:13 PM   Account Expires: -   Primary Group ID: -   AllowedTcorpoelegateTo: -   Old UAC Value: -   New UAC Value: -   User Account Control: -   User Parameters: -   Sid History: -   Logon Hours: -   
<13>Jan 10 17:11:05 USCHNAHUB05 AgentDevice=WindowsLog	AgentLogFile=Security	PluginVersion=1.0.14	Source=Security	Computer=USCHNAHUB05	User=SVC-IDMAdmin	Domain=NA	EventID=671	EventIDCcorpoe=671	EventType=8	EventCategory=7	RecordNumber=611062754	TimeGenerated=1389381494	TimeWritten=1389381494	Message=User Account Unlocked:   Target Account Name: Michael-Johnson1   Target Domain:  NA   Target Account ID: NA\Michael-Johnson1   Caller User Name: SVC-IDMAdmin   Caller Domain: NA   Caller Logon ID: (0x0,0x17DEE2F5)   
<13>Jan 10 17:11:05 USCHNAHUB05 AgentDevice=WindowsLog	AgentLogFile=Security	PluginVersion=1.0.14	Source=Security	Computer=USCHNAHUB05	User=SVC-IDMAdmin	Domain=NA	EventID=642	EventIDCcorpoe=642	EventType=8	EventCategory=7	RecordNumber=611062729	TimeGenerated=1389381494	TimeWritten=1389381494	Message=User Account Changed:   Target Account Name: Michael-Johnson1   Target Domain: NA   Target Account ID: NA\Michael-Johnson1   Caller User Name: SVC-IDMAdmin   Caller Domain: NA   Caller Logon ID: (0x0,0x17DEE383)   Privileges: -  Changed Attributes:   Sam Account Name: -   Display Name: -   User Principal Name: -   Home Directory: -   Home Drive: -   Script Path: -   Profile Path: -   User Workstations: -   Password Last Set: 1/10/2014 2:18:14 PM   Account Expires: -   Primary Group ID: -   AllowedTcorpoelegateTo: -   Old UAC Value: -   New UAC Value: -   User Account Control: -   User Parameters: -   Sid History: -   Logon Hours: -   
<13>Jan 10 17:05:44 USCHNAHUB05 AgentDevice=WindowsLog	AgentLogFile=Security	PluginVersion=1.0.14	Source=Security	Computer=USCHNAHUB05	User=SVC-IDMAdmin	Domain=NA	EventID=671	EventIDCcorpoe=671	EventType=8	EventCategory=7	RecordNumber=611047295	TimeGenerated=1389381351	TimeWritten=1389381351	Message=User Account Unlocked:   Target Account Name: Christopher-Haynes   Target Domain:  NA   Target Account ID: NA\Christopher-Haynes   Caller User Name: SVC-IDMAdmin   Caller Domain: NA   Caller Logon ID: (0x0,0x17DDE0FA)   
<13>Jan 10 17:05:44 USCHNAHUB05 AgentDevice=WindowsLog	AgentLogFile=Security	PluginVersion=1.0.14	Source=Security	Computer=USCHNAHUB05	User=SVC-IDMAdmin	Domain=NA	EventID=642	EventIDCcorpoe=642	EventType=8	EventCategory=7	RecordNumber=611047248	TimeGenerated=1389381351	TimeWritten=1389381351	Message=User Account Changed:   Target Account Name: Christopher-Haynes   Target Domain: NA   Target Account ID: NA\Christopher-Haynes   Caller User Name: SVC-IDMAdmin   Caller Domain: NA   Caller Logon ID: (0x0,0x17DDE185)   Privileges: -  Changed Attributes:   Sam Account Name: -   Display Name: -   User Principal Name: -   Home Directory: -   Home Drive: -   Script Path: -   Profile Path: -   User Workstations: -   Password Last Set: 1/10/2014 2:15:51 PM   Account Expires: -   Primary Group ID: -   AllowedTcorpoelegateTo: -   Old UAC Value: -   New UAC Value: -   User Account Control: -   User Parameters: -   Sid History: -   Logon Hours: -   
