<13>Jan 13 08:41:52 USCHNAHUB01 AgentDevice=WindowsLog	AgentLogFile=Security	PluginVersion=1.0.14	Source=Security	Computer=USCHNAHUB01	User=Fabian-Fleissner	Domain=NA	EventID=671	EventIDCcorpoe=671	EventType=8	EventCategory=7	RecordNumber=364826768	TimeGenerated=1389619422	TimeWritten=1389619422	Message=User Account Unlocked:   Target Account Name: Paul-DSouza1   Target Domain:  NA   Target Account ID: NA\Paul-DSouza1   Caller User Name: Fabian-Fleissner   Caller Domain: NA   Caller Logon ID: (0x0,0xBA0E758C)   
<13>Jan 13 08:29:04 USCHNAHUB01 AgentDevice=WindowsLog	AgentLogFile=Security	PluginVersion=1.0.14	Source=Security	Computer=USCHNAHUB01	User=Klaas-Prins	Domain=NA	EventID=671	EventIDCcorpoe=671	EventType=8	EventCategory=7	RecordNumber=364791979	TimeGenerated=1389619010	TimeWritten=1389619010	Message=User Account Unlocked:   Target Account Name: Diane-Demma   Target Domain:  NA   Target Account ID: NA\Diane-Demma   Caller User Name: Klaas-Prins   Caller Domain: NA   Caller Logon ID: (0x0,0xBA04618C)   
<13>Jan 13 06:18:16 USCHNAHUB01 AgentDevice=WindowsLog	AgentLogFile=Security	PluginVersion=1.0.14	Source=Security	Computer=USCHNAHUB01	User=ANONYMOUS LOGON	Domain=NT AUTHORITY	EventID=642	EventIDCcorpoe=642	EventType=8	EventCategory=7	RecordNumber=363494849	TimeGenerated=1389599457	TimeWritten=1389599457	Message=User Account Changed:   Target Account Name: WonWoo-Jeong   Target Domain: NA   Target Account ID: NA\WonWoo-Jeong   Caller User Name: USCHNAHUB01$   Caller Domain: NA   Caller Logon ID: (0x0,0x3E7)   Privileges: -  Changed Attributes:   Sam Account Name: -   Display Name: -   User Principal Name: -   Home Directory: -   Home Drive: -   Script Path: -   Profile Path: -   User Workstations: -   Password Last Set: 1/13/2014 2:50:57 AM   Account Expires: -   Primary Group ID: -   AllowedTcorpoelegateTo: -   Old UAC Value: -   New UAC Value: -   User Account Control: -   User Parameters: -   Sid History: -   Logon Hours: -   
<13>Jan 13 06:15:42 USCHNAHUB01 AgentDevice=WindowsLog	AgentLogFile=Security	PluginVersion=1.0.14	Source=Security	Computer=USCHNAHUB01	User=BCMgr	Domain=NA	EventID=642	EventIDCcorpoe=642	EventType=8	EventCategory=7	RecordNumber=363487552	TimeGenerated=1389598993	TimeWritten=1389598993	Message=User Account Changed:   Target Account Name: WonWoo-Jeong   Target Domain: NA   Target Account ID: NA\WonWoo-Jeong   Caller User Name: BCMgr   Caller Domain: NA   Caller Logon ID: (0x0,0xB812ED3A)   Privileges: -  Changed Attributes:   Sam Account Name: -   Display Name: WonWoo-Jeong   User Principal Name: -   Home Directory: -   Home Drive: -   Script Path: -   Profile Path: -   User Workstations: -   Password Last Set: -   Account Expires: -   Primary Group ID: -   AllowedTcorpoelegateTo: -   Old UAC Value: -   New UAC Value: -   User Account Control: -   User Parameters: -   Sid History: -   Logon Hours: -   
<13>Jan 13 06:15:19 USCHNAHUB01 AgentDevice=WindowsLog	AgentLogFile=Security	PluginVersion=1.0.14	Source=Security	Computer=USCHNAHUB01	User=ANONYMOUS LOGON	Domain=NT AUTHORITY	EventID=642	EventIDCcorpoe=642	EventType=8	EventCategory=7	RecordNumber=363486465	TimeGenerated=1389598930	TimeWritten=1389598930	Message=User Account Changed:   Target Account Name: WonWoo-Jeong   Target Domain: NA   Target Account ID: NA\WonWoo-Jeong   Caller User Name: USCHNAHUB01$   Caller Domain: NA   Caller Logon ID: (0x0,0x3E7)   Privileges: -  Changed Attributes:   Sam Account Name: -   Display Name: -   User Principal Name: -   Home Directory: -   Home Drive: -   Script Path: -   Profile Path: -   User Workstations: -   Password Last Set: 1/13/2014 2:42:10 AM   Account Expires: -   Primary Group ID: -   AllowedTcorpoelegateTo: -   Old UAC Value: -   New UAC Value: -   User Account Control: -   User Parameters: -   Sid History: -   Logon Hours: -   
<13>Jan 13 06:15:11 USCHNAHUB01 AgentDevice=WindowsLog	AgentLogFile=Security	PluginVersion=1.0.14	Source=Security	Computer=USCHNAHUB01	User=BCMgr	Domain=NA	EventID=642	EventIDCcorpoe=642	EventType=8	EventCategory=7	RecordNumber=363486114	TimeGenerated=1389598919	TimeWritten=1389598919	Message=User Account Changed:   Target Account Name: WonWoo-Jeong   Target Domain: NA   Target Account ID: NA\WonWoo-Jeong   Caller User Name: BCMgr   Caller Domain: NA   Caller Logon ID: (0x0,0xB812ED3A)   Privileges: -  Changed Attributes:   Sam Account Name: -   Display Name: -   User Principal Name: -   Home Directory: -   Home Drive: -   Script Path: -   Profile Path: -   User Workstations: -   Password Last Set: -   Account Expires: -   Primary Group ID: -   AllowedTcorpoelegateTo: -   Old UAC Value: -   New UAC Value: -   User Account Control: -   User Parameters: -   Sid History: -   Logon Hours: -   
<13>Jan 13 05:20:06 USCHNAHUB01 AgentDevice=WindowsLog	AgentLogFile=Security	PluginVersion=1.0.14	Source=Security	Computer=USCHNAHUB01	User=Ashis-Mandhata	Domain=NA	EventID=642	EventIDCcorpoe=642	EventType=8	EventCategory=7	RecordNumber=363352146	TimeGenerated=1389593181	TimeWritten=1389593181	Message=User Account Changed:   Target Account Name: Ashis-Mandhata   Target Domain: NA   Target Account ID: NA\Ashis-Mandhata   Caller User Name: Ashis-Mandhata   Caller Domain: NA   Caller Logon ID: (0x0,0xB7AC371C)   Privileges: -  Changed Attributes:   Sam Account Name: -   Display Name: -   User Principal Name: -   Home Directory: -   Home Drive: -   Script Path: -   Profile Path: -   User Workstations: -   Password Last Set: 1/13/2014 1:06:20 AM   Account Expires: -   Primary Group ID: -   AllowedTcorpoelegateTo: -   Old UAC Value: -   New UAC Value: -   User Account Control: -   User Parameters: -   Sid History: -   Logon Hours: -   
<13>Jan 13 03:28:31 USCHNAHUB01 AgentDevice=WindowsLog	AgentLogFile=Security	PluginVersion=1.0.14	Source=Security	Computer=USCHNAHUB01	User=SVC-StBernard	Domain=NA	EventID=671	EventIDCcorpoe=671	EventType=8	EventCategory=7	RecordNumber=363074663	TimeGenerated=1389587478	TimeWritten=1389587478	Message=User Account Unlocked:   Target Account Name: 649314MAN   Target Domain:  NA   Target Account ID: NA\649314MAN   Caller User Name: svc-stbernard   Caller Domain: NA   Caller Logon ID: (0x0,0x697D9B72)   
<13>Jan 13 02:41:39 USCHNAHUB01 AgentDevice=WindowsLog	AgentLogFile=Security	PluginVersion=1.0.14	Source=Security	Computer=USCHNAHUB01	User=BCMgr	Domain=NA	EventID=642	EventIDCcorpoe=642	EventType=8	EventCategory=7	RecordNumber=362957627	TimeGenerated=1389585088	TimeWritten=1389585088	Message=User Account Changed:   Target Account Name: Jens-Ophof   Target Domain: NA   Target Account ID: NA\Jens-Ophof   Caller User Name: BCMgr   Caller Domain: NA   Caller Logon ID: (0x0,0xB7039421)   Privileges: -  Changed Attributes:   Sam Account Name: -   Display Name: -   User Principal Name: Jens.Ophof@na.corpo.net   Home Directory: -   Home Drive: -   Script Path: -   Profile Path: -   User Workstations: -   Password Last Set: -   Account Expires: -   Primary Group ID: -   AllowedTcorpoelegateTo: -   Old UAC Value: -   New UAC Value: -   User Account Control: -   User Parameters: -   Sid History: -   Logon Hours: -   
<13>Jan 13 02:29:07 USCHNAHUB01 AgentDevice=WindowsLog	AgentLogFile=Security	PluginVersion=1.0.14	Source=Security	Computer=USCHNAHUB01	User=ANONYMOUS LOGON	Domain=NT AUTHORITY	EventID=642	EventIDCcorpoe=642	EventType=8	EventCategory=7	RecordNumber=362923778	TimeGenerated=1389584297	TimeWritten=1389584297	Message=User Account Changed:   Target Account Name: Jens-Ophof   Target Domain: NA   Target Account ID: NA\Jens-Ophof   Caller User Name: USCHNAHUB01$   Caller Domain: NA   Caller Logon ID: (0x0,0x3E7)   Privileges: -  Changed Attributes:   Sam Account Name: -   Display Name: -   User Principal Name: -   Home Directory: -   Home Drive: -   Script Path: -   Profile Path: -   User Workstations: -   Password Last Set: 1/12/2014 10:38:16 PM   Account Expires: -   Primary Group ID: -   AllowedTcorpoelegateTo: -   Old UAC Value: -   New UAC Value: -   User Account Control: -   User Parameters: -   Sid History: -   Logon Hours: -   
<13>Jan 12 23:44:48 USCHNAHUB01 AgentDevice=WindowsLog	AgentLogFile=Security	PluginVersion=1.0.14	Source=Security	Computer=USCHNAHUB01	User=Shiva-Prasad	Domain=NA	EventID=642	EventIDCcorpoe=642	EventType=8	EventCategory=7	RecordNumber=362485739	TimeGenerated=1389574245	TimeWritten=1389574245	Message=User Account Changed:   Target Account Name: Shiva-Prasad   Target Domain: NA   Target Account ID: NA\Shiva-Prasad   Caller User Name: Shiva-Prasad   Caller Domain: NA   Caller Logon ID: (0x0,0xB65425FC)   Privileges: -  Changed Attributes:   Sam Account Name: -   Display Name: -   User Principal Name: -   Home Directory: -   Home Drive: -   Script Path: -   Profile Path: -   User Workstations: -   Password Last Set: 1/12/2014 7:50:45 PM   Account Expires: -   Primary Group ID: -   AllowedTcorpoelegateTo: -   Old UAC Value: -   New UAC Value: -   User Account Control: -   User Parameters: -   Sid History: -   Logon Hours: -   
<13>Jan 12 22:02:12 USCHNAHUB01 AgentDevice=WindowsLog	AgentLogFile=Security	PluginVersion=1.0.14	Source=Security	Computer=USCHNAHUB01	User=Bernadett-Reddig	Domain=NA	EventID=642	EventIDCcorpoe=642	EventType=8	EventCategory=7	RecordNumber=362216006	TimeGenerated=1389567806	TimeWritten=1389567806	Message=User Account Changed:   Target Account Name: Richard-Gunawarden   Target Domain: NA   Target Account ID: NA\Richard-Gunawarden   Caller User Name: Bernadett-Reddig   Caller Domain: NA   Caller Logon ID: (0x0,0xB5E7EFE9)   Privileges: -  Changed Attributes:   Sam Account Name: -   Display Name: -   User Principal Name: -   Home Directory: -   Home Drive: -   Script Path: -   Profile Path: -   User Workstations: -   Password Last Set: 1/12/2014 6:03:26 PM   Account Expires: -   Primary Group ID: -   AllowedTcorpoelegateTo: -   Old UAC Value: -   New UAC Value: -   User Account Control: -   User Parameters: -   Sid History: -   Logon Hours: -   
<13>Jan 12 22:02:10 USCHNAHUB01 AgentDevice=WindowsLog	AgentLogFile=Security	PluginVersion=1.0.14	Source=Security	Computer=USCHNAHUB01	User=Bernadett-Reddig	Domain=NA	EventID=642	EventIDCcorpoe=642	EventType=8	EventCategory=7	RecordNumber=362215907	TimeGenerated=1389567803	TimeWritten=1389567803	Message=User Account Changed:   Target Account Name: Richard-Gunawarden   Target Domain: NA   Target Account ID: NA\Richard-Gunawarden   Caller User Name: Bernadett-Reddig   Caller Domain: NA   Caller Logon ID: (0x0,0xB5E7EFE9)   Privileges: -  Changed Attributes:   Sam Account Name: -   Display Name: -   User Principal Name: -   Home Directory: -   Home Drive: -   Script Path: -   Profile Path: -   User Workstations: -   Password Last Set: <never>    Account Expires: -   Primary Group ID: -   AllowedTcorpoelegateTo: -   Old UAC Value: -   New UAC Value: -   User Account Control: -   User Parameters: -   Sid History: -   Logon Hours: -   
<13>Jan 12 17:07:48 USCHNAHUB01 AgentDevice=WindowsLog	AgentLogFile=Security	PluginVersion=1.0.14	Source=Security	Computer=USCHNAHUB01	User=SVC-StBernard	Domain=NA	EventID=671	EventIDCcorpoe=671	EventType=8	EventCategory=7	RecordNumber=361444695	TimeGenerated=1389551162	TimeWritten=1389551162	Message=User Account Unlocked:   Target Account Name: 649314MAN   Target Domain:  NA   Target Account ID: NA\649314MAN   Caller User Name: svc-stbernard   Caller Domain: NA   Caller Logon ID: (0x0,0xB4BD8959)   
<13>Jan 12 15:46:18 USCHNAHUB01 AgentDevice=WindowsLog	AgentLogFile=Security	PluginVersion=1.0.14	Source=Security	Computer=USCHNAHUB01	User=Bernadett-Reddig	Domain=NA	EventID=642	EventIDCcorpoe=642	EventType=8	EventCategory=7	RecordNumber=361231540	TimeGenerated=1389546287	TimeWritten=1389546287	Message=User Account Changed:   Target Account Name: Keith-Hughes   Target Domain: NA   Target Account ID: NA\Keith-Hughes   Caller User Name: Bernadett-Reddig   Caller Domain: NA   Caller Logon ID: (0x0,0xB468D0A4)   Privileges: -  Changed Attributes:   Sam Account Name: -   Display Name: -   User Principal Name: -   Home Directory: -   Home Drive: -   Script Path: -   Profile Path: -   User Workstations: -   Password Last Set: 1/12/2014 12:04:47 PM   Account Expires: -   Primary Group ID: -   AllowedTcorpoelegateTo: -   Old UAC Value: -   New UAC Value: -   User Account Control: -   User Parameters: -   Sid History: -   Logon Hours: -   
<13>Jan 12 15:46:16 USCHNAHUB01 AgentDevice=WindowsLog	AgentLogFile=Security	PluginVersion=1.0.14	Source=Security	Computer=USCHNAHUB01	User=Bernadett-Reddig	Domain=NA	EventID=642	EventIDCcorpoe=642	EventType=8	EventCategory=7	RecordNumber=361231413	TimeGenerated=1389546285	TimeWritten=1389546285	Message=User Account Changed:   Target Account Name: Keith-Hughes   Target Domain: NA   Target Account ID: NA\Keith-Hughes   Caller User Name: Bernadett-Reddig   Caller Domain: NA   Caller Logon ID: (0x0,0xB468D0A4)   Privileges: -  Changed Attributes:   Sam Account Name: -   Display Name: -   User Principal Name: -   Home Directory: -   Home Drive: -   Script Path: -   Profile Path: -   User Workstations: -   Password Last Set: <never>    Account Expires: -   Primary Group ID: -   AllowedTcorpoelegateTo: -   Old UAC Value: -   New UAC Value: -   User Account Control: -   User Parameters: -   Sid History: -   Logon Hours: -   
<13>Jan 12 15:20:30 USCHNAHUB01 AgentDevice=WindowsLog	AgentLogFile=Security	PluginVersion=1.0.14	Source=Security	Computer=USCHNAHUB01	User=SVC-StBernard	Domain=NA	EventID=671	EventIDCcorpoe=671	EventType=8	EventCategory=7	RecordNumber=361161951	TimeGenerated=1389544677	TimeWritten=1389544677	Message=User Account Unlocked:   Target Account Name: 649314MAN   Target Domain:  NA   Target Account ID: NA\649314MAN   Caller User Name: svc-stbernard   Caller Domain: NA   Caller Logon ID: (0x0,0x697D9B72)   
<13>Jan 12 13:42:42 USCHNAHUB01 AgentDevice=WindowsLog	AgentLogFile=Security	PluginVersion=1.0.14	Source=Security	Computer=USCHNAHUB01	User=SVC-StBernard	Domain=NA	EventID=671	EventIDCcorpoe=671	EventType=8	EventCategory=7	RecordNumber=360907296	TimeGenerated=1389538973	TimeWritten=1389538973	Message=User Account Unlocked:   Target Account Name: 649314MAN   Target Domain:  NA   Target Account ID: NA\649314MAN   Caller User Name: svc-stbernard   Caller Domain: NA   Caller Logon ID: (0x0,0x697D9B72)   
<13>Jan 12 04:25:09 USCHNAHUB01 AgentDevice=WindowsLog	AgentLogFile=Security	PluginVersion=1.0.14	Source=Security	Computer=USCHNAHUB01	User=Muzammil-Parkar	Domain=NA	EventID=642	EventIDCcorpoe=642	EventType=8	EventCategory=7	RecordNumber=359485623	TimeGenerated=1389509769	TimeWritten=1389509769	Message=User Account Changed:   Target Account Name: Muzammil-Parkar   Target Domain: NA   Target Account ID: NA\Muzammil-Parkar   Caller User Name: Muzammil-Parkar   Caller Domain: NA   Caller Logon ID: (0x0,0xB19D6D78)   Privileges: -  Changed Attributes:   Sam Account Name: -   Display Name: -   User Principal Name: -   Home Directory: -   Home Drive: -   Script Path: -   Profile Path: -   User Workstations: -   Password Last Set: 1/12/2014 1:56:09 AM   Account Expires: -   Primary Group ID: -   AllowedTcorpoelegateTo: -   Old UAC Value: -   New UAC Value: -   User Account Control: -   User Parameters: -   Sid History: -   Logon Hours: -   
<13>Jan 11 20:23:51 USCHNAHUB01 AgentDevice=WindowsLog	AgentLogFile=Security	PluginVersion=1.0.14	Source=Security	Computer=USCHNAHUB01	User=Brian-Doherty	Domain=NA	EventID=642	EventIDCcorpoe=642	EventType=8	EventCategory=7	RecordNumber=358292367	TimeGenerated=1389485744	TimeWritten=1389485744	Message=User Account Changed:   Target Account Name: Brian-Doherty   Target Domain: NA   Target Account ID: NA\Brian-Doherty   Caller User Name: Brian-Doherty   Caller Domain: NA   Caller Logon ID: (0x0,0xAF941164)   Privileges: -  Changed Attributes:   Sam Account Name: -   Display Name: -   User Principal Name: -   Home Directory: -   Home Drive: -   Script Path: -   Profile Path: -   User Workstations: -   Password Last Set: 1/11/2014 7:15:44 PM   Account Expires: -   Primary Group ID: -   AllowedTcorpoelegateTo: -   Old UAC Value: -   New UAC Value: -   User Account Control: -   User Parameters: -   Sid History: -   Logon Hours: -   
<13>Jan 11 11:36:51 USCHNAHUB01 AgentDevice=WindowsLog	AgentLogFile=Security	PluginVersion=1.0.14	Source=Security	Computer=USCHNAHUB01	User=SVC-StBernard	Domain=NA	EventID=671	EventIDCcorpoe=671	EventType=8	EventCategory=7	RecordNumber=356261706	TimeGenerated=1389450534	TimeWritten=1389450534	Message=User Account Unlocked:   Target Account Name: 649314MAN   Target Domain:  NA   Target Account ID: NA\649314MAN   Caller User Name: svc-stbernard   Caller Domain: NA   Caller Logon ID: (0x0,0x697D9B72)   
<13>Jan 10 16:48:55 USCHNAHUB01 AgentDevice=WindowsLog	AgentLogFile=Security	PluginVersion=1.0.14	Source=Security	Computer=USCHNAHUB01	User=SYSTEM	Domain=NT AUTHORITY	EventID=644	EventIDCcorpoe=644	EventType=8	EventCategory=7	RecordNumber=349764097	TimeGenerated=1389385708	TimeWritten=1389385708	Message=User Account Locked Out:   Target Account Name: Carolina-Carpio   Target Account ID: NA\Carolina-Carpio   Caller Machine Name: MJ54C32   Caller User Name: USCHNAHUB01$   Caller Domain: NA   Caller Logon ID: (0x0,0x3E7)   
<13>Jan 10 11:39:50 USCHNAHUB01 AgentDevice=WindowsLog	AgentLogFile=Security	PluginVersion=1.0.14	Source=Security	Computer=USCHNAHUB01	User=610019MAN	Domain=NA	EventID=671	EventIDCcorpoe=671	EventType=8	EventCategory=7	RecordNumber=347491507	TimeGenerated=1389371299	TimeWritten=1389371299	Message=User Account Unlocked:   Target Account Name: Adrian-Macean   Target Domain:  NA   Target Account ID: NA\Adrian-Macean   Caller User Name: 610019MAN   Caller Domain: NA   Caller Logon ID: (0x0,0xA0089C7D)   
<13>Jan 10 09:51:55 USCHNAHUB01 AgentDevice=WindowsLog	AgentLogFile=Security	PluginVersion=1.0.14	Source=Security	Computer=USCHNAHUB01	User=Robin-Leopold	Domain=NA	EventID=642	EventIDCcorpoe=642	EventType=8	EventCategory=7	RecordNumber=345616130	TimeGenerated=1389360732	TimeWritten=1389360732	Message=User Account Changed:   Target Account Name: Robin-Leopold   Target Domain: NA   Target Account ID: NA\Robin-Leopold   Caller User Name: Robin-Leopold   Caller Domain: NA   Caller Logon ID: (0x0,0x9DDFB0F2)   Privileges: -  Changed Attributes:   Sam Account Name: -   Display Name: -   User Principal Name: -   Home Directory: -   Home Drive: -   Script Path: -   Profile Path: -   User Workstations: -   Password Last Set: 1/10/2014 8:32:12 AM   Account Expires: -   Primary Group ID: -   AllowedTcorpoelegateTo: -   Old UAC Value: -   New UAC Value: -   User Account Control: -   User Parameters: -   Sid History: -   Logon Hours: -   
<13>Jan 10 09:38:51 USCHNAHUB01 AgentDevice=WindowsLog	AgentLogFile=Security	PluginVersion=1.0.14	Source=Security	Computer=USCHNAHUB01	User=Robin-Pendleton	Domain=NA	EventID=642	EventIDCcorpoe=642	EventType=8	EventCategory=7	RecordNumber=345586277	TimeGenerated=1389360554	TimeWritten=1389360554	Message=User Account Changed:   Target Account Name: Robin-Pendleton   Target Domain: NA   Target Account ID: NA\Robin-Pendleton   Caller User Name: Robin-Pendleton   Caller Domain: NA   Caller Logon ID: (0x0,0x9DD6A2D9)   Privileges: -  Changed Attributes:   Sam Account Name: -   Display Name: -   User Principal Name: -   Home Directory: -   Home Drive: -   Script Path: -   Profile Path: -   User Workstations: -   Password Last Set: 1/10/2014 8:29:14 AM   Account Expires: -   Primary Group ID: -   AllowedTcorpoelegateTo: -   Old UAC Value: -   New UAC Value: -   User Account Control: -   User Parameters: -   Sid History: -   Logon Hours: -   
<13>Jan 10 09:14:06 USCHNAHUB01 AgentDevice=WindowsLog	AgentLogFile=Security	PluginVersion=1.0.14	Source=Security	Computer=USCHNAHUB01	User=Janice-Obst	Domain=NA	EventID=642	EventIDCcorpoe=642	EventType=8	EventCategory=7	RecordNumber=345527379	TimeGenerated=1389360160	TimeWritten=1389360160	Message=User Account Changed:   Target Account Name: Janice-Obst   Target Domain: NA   Target Account ID: NA\Janice-Obst   Caller User Name: Janice-Obst   Caller Domain: NA   Caller Logon ID: (0x0,0x9DC4288A)   Privileges: -  Changed Attributes:   Sam Account Name: -   Display Name: -   User Principal Name: -   Home Directory: -   Home Drive: -   Script Path: -   Profile Path: -   User Workstations: -   Password Last Set: 1/10/2014 8:22:40 AM   Account Expires: -   Primary Group ID: -   AllowedTcorpoelegateTo: -   Old UAC Value: -   New UAC Value: -   User Account Control: -   User Parameters: -   Sid History: -   Logon Hours: -   
