<13>Jan 10 16:56:59 USCHNAHUB05 AgentDevice=WindowsLog	AgentLogFile=Security	PluginVersion=1.0.14	Source=Security	Computer=USCHNAHUB05	User=SVC-IDMAdmin	Domain=NA	EventID=671	EventIDCcorpoe=671	EventType=8	EventCategory=7	RecordNumber=611021984	TimeGenerated=1389381115	TimeWritten=1389381115	Message=User Account Unlocked:   Target Account Name: Sherry-Eld   Target Domain:  NA   Target Account ID: NA\Sherry-Eld   Caller User Name: SVC-IDMAdmin   Caller Domain: NA   Caller Logon ID: (0x0,0x17DC3842)   
<13>Jan 10 16:56:59 USCHNAHUB05 AgentDevice=WindowsLog	AgentLogFile=Security	PluginVersion=1.0.14	Source=Security	Computer=USCHNAHUB05	User=SVC-IDMAdmin	Domain=NA	EventID=642	EventIDCcorpoe=642	EventType=8	EventCategory=7	RecordNumber=611021956	TimeGenerated=1389381114	TimeWritten=1389381114	Message=User Account Changed:   Target Account Name: Sherry-Eld   Target Domain: NA   Target Account ID: NA\Sherry-Eld   Caller User Name: SVC-IDMAdmin   Caller Domain: NA   Caller Logon ID: (0x0,0x17DC38E9)   Privileges: -  Changed Attributes:   Sam Account Name: -   Display Name: -   User Principal Name: -   Home Directory: -   Home Drive: -   Script Path: -   Profile Path: -   User Workstations: -   Password Last Set: 1/10/2014 2:11:54 PM   Account Expires: -   Primary Group ID: -   AllowedTcorpoelegateTo: -   Old UAC Value: -   New UAC Value: -   User Account Control: -   User Parameters: -   Sid History: -   Logon Hours: -   
<13>Jan 10 15:45:44 USCHNAHUB05 AgentDevice=WindowsLog	AgentLogFile=Security	PluginVersion=1.0.14	Source=Security	Computer=USCHNAHUB05	User=SVC-IDMAdmin	Domain=NA	EventID=671	EventIDCcorpoe=671	EventType=8	EventCategory=7	RecordNumber=610816493	TimeGenerated=1389379226	TimeWritten=1389379226	Message=User Account Unlocked:   Target Account Name: Brian-Smith5125   Target Domain:  NA   Target Account ID: NA\Brian-Smith5125   Caller User Name: SVC-IDMAdmin   Caller Domain: NA   Caller Logon ID: (0x0,0x17CEBAA8)   
<13>Jan 10 15:45:43 USCHNAHUB05 AgentDevice=WindowsLog	AgentLogFile=Security	PluginVersion=1.0.14	Source=Security	Computer=USCHNAHUB05	User=SVC-IDMAdmin	Domain=NA	EventID=642	EventIDCcorpoe=642	EventType=8	EventCategory=7	RecordNumber=610816421	TimeGenerated=1389379226	TimeWritten=1389379226	Message=User Account Changed:   Target Account Name: Brian-Smith5125   Target Domain: NA   Target Account ID: NA\Brian-Smith5125   Caller User Name: SVC-IDMAdmin   Caller Domain: NA   Caller Logon ID: (0x0,0x17CEBB1E)   Privileges: -  Changed Attributes:   Sam Account Name: -   Display Name: -   User Principal Name: -   Home Directory: -   Home Drive: -   Script Path: -   Profile Path: -   User Workstations: -   Password Last Set: 1/10/2014 1:40:26 PM   Account Expires: -   Primary Group ID: -   AllowedTcorpoelegateTo: -   Old UAC Value: -   New UAC Value: -   User Account Control: -   User Parameters: -   Sid History: -   Logon Hours: -   
<13>Jan 10 13:46:26 USCHNAHUB05 AgentDevice=WindowsLog	AgentLogFile=Security	PluginVersion=1.0.14	Source=Security	Computer=USCHNAHUB05	User=SYSTEM	Domain=NT AUTHORITY	EventID=644	EventIDCcorpoe=644	EventType=8	EventCategory=7	RecordNumber=610474263	TimeGenerated=1389376093	TimeWritten=1389376093	Message=User Account Locked Out:   Target Account Name: Marvin-Martin   Target Account ID: NA\Marvin-Martin   Caller Machine Name: MJLERT3   Caller User Name: USCHNAHUB05$   Caller Domain: NA   Caller Logon ID: (0x0,0x3E7)   
<13>Jan 10 13:13:50 USCHNAHUB05 AgentDevice=WindowsLog	AgentLogFile=Security	PluginVersion=1.0.14	Source=Security	Computer=USCHNAHUB05	User=K-Listewnik	Domain=NA	EventID=671	EventIDCcorpoe=671	EventType=8	EventCategory=7	RecordNumber=610381084	TimeGenerated=1389375241	TimeWritten=1389375241	Message=User Account Unlocked:   Target Account Name: Cassandra-Strickland   Target Domain:  NA   Target Account ID: NA\Cassandra-Strickland   Caller User Name: -   Caller Domain: -   Caller Logon ID: (0x0,0x17B2418D)   
<13>Jan 10 13:13:04 USCHNAHUB05 AgentDevice=WindowsLog	AgentLogFile=Security	PluginVersion=1.0.14	Source=Security	Computer=USCHNAHUB05	User=K-Listewnik	Domain=NA	EventID=671	EventIDCcorpoe=671	EventType=8	EventCategory=7	RecordNumber=610378859	TimeGenerated=1389375224	TimeWritten=1389375224	Message=User Account Unlocked:   Target Account Name: Cassandra-Strickland   Target Domain:  NA   Target Account ID: NA\Cassandra-Strickland   Caller User Name: K-Listewnik   Caller Domain: NA   Caller Logon ID: (0x0,0x17B21DB2)   
<13>Jan 10 12:25:46 USCHNAHUB05 AgentDevice=WindowsLog	AgentLogFile=Security	PluginVersion=1.0.14	Source=Security	Computer=USCHNAHUB05	User=SVC-IDMAdmin	Domain=NA	EventID=671	EventIDCcorpoe=671	EventType=8	EventCategory=7	RecordNumber=610243568	TimeGenerated=1389374078	TimeWritten=1389374078	Message=User Account Unlocked:   Target Account Name: Stacy-Santillo   Target Domain:  NA   Target Account ID: NA\Stacy-Santillo   Caller User Name: SVC-IDMAdmin   Caller Domain: NA   Caller Logon ID: (0x0,0x17A80962)   
<13>Jan 10 12:25:44 USCHNAHUB05 AgentDevice=WindowsLog	AgentLogFile=Security	PluginVersion=1.0.14	Source=Security	Computer=USCHNAHUB05	User=SVC-IDMAdmin	Domain=NA	EventID=642	EventIDCcorpoe=642	EventType=8	EventCategory=7	RecordNumber=610243510	TimeGenerated=1389374078	TimeWritten=1389374078	Message=User Account Changed:   Target Account Name: Stacy-Santillo   Target Domain: NA   Target Account ID: NA\Stacy-Santillo   Caller User Name: SVC-IDMAdmin   Caller Domain: NA   Caller Logon ID: (0x0,0x17A809E4)   Privileges: -  Changed Attributes:   Sam Account Name: -   Display Name: -   User Principal Name: -   Home Directory: -   Home Drive: -   Script Path: -   Profile Path: -   User Workstations: -   Password Last Set: 1/10/2014 12:14:37 PM   Account Expires: -   Primary Group ID: -   AllowedTcorpoelegateTo: -   Old UAC Value: -   New UAC Value: -   User Account Control: -   User Parameters: -   Sid History: -   Logon Hours: -   
<13>Jan 10 12:13:20 USCHNAHUB05 AgentDevice=WindowsLog	AgentLogFile=Security	PluginVersion=1.0.14	Source=Security	Computer=USCHNAHUB05	User=SYSTEM	Domain=NT AUTHORITY	EventID=644	EventIDCcorpoe=644	EventType=8	EventCategory=7	RecordNumber=610207826	TimeGenerated=1389373760	TimeWritten=1389373760	Message=User Account Locked Out:   Target Account Name: Ibrahim-Lawal   Target Account ID: NA\Ibrahim-Lawal   Caller Machine Name: MJEWCFW   Caller User Name: USCHNAHUB05$   Caller Domain: NA   Caller Logon ID: (0x0,0x3E7)   
<13>Jan 10 12:10:30 USCHNAHUB05 AgentDevice=WindowsLog	AgentLogFile=Security	PluginVersion=1.0.14	Source=Security	Computer=USCHNAHUB05	User=SYSTEM	Domain=NT AUTHORITY	EventID=644	EventIDCcorpoe=644	EventType=8	EventCategory=7	RecordNumber=610199666	TimeGenerated=1389373688	TimeWritten=1389373688	Message=User Account Locked Out:   Target Account Name: Tiffany-Lee   Target Account ID: NA\Tiffany-Lee   Caller Machine Name: US2959XCSR05   Caller User Name: USCHNAHUB05$   Caller Domain: NA   Caller Logon ID: (0x0,0x3E7)   
<13>Jan 10 12:10:30 USCHNAHUB05 AgentDevice=WindowsLog	AgentLogFile=Security	PluginVersion=1.0.14	Source=Security	Computer=USCHNAHUB05	User=SYSTEM	Domain=NT AUTHORITY	EventID=644	EventIDCcorpoe=644	EventType=8	EventCategory=7	RecordNumber=610199661	TimeGenerated=1389373688	TimeWritten=1389373688	Message=User Account Locked Out:   Target Account Name: Tiffany-Lee   Target Account ID: NA\Tiffany-Lee   Caller Machine Name: US2959XCSR05   Caller User Name: USCHNAHUB05$   Caller Domain: NA   Caller Logon ID: (0x0,0x3E7)   
<13>Jan 10 12:10:30 USCHNAHUB05 AgentDevice=WindowsLog	AgentLogFile=Security	PluginVersion=1.0.14	Source=Security	Computer=USCHNAHUB05	User=SYSTEM	Domain=NT AUTHORITY	EventID=644	EventIDCcorpoe=644	EventType=8	EventCategory=7	RecordNumber=610199658	TimeGenerated=1389373688	TimeWritten=1389373688	Message=User Account Locked Out:   Target Account Name: Tiffany-Lee   Target Account ID: NA\Tiffany-Lee   Caller Machine Name: US2959XCSR05   Caller User Name: USCHNAHUB05$   Caller Domain: NA   Caller Logon ID: (0x0,0x3E7)   
<13>Jan 10 11:53:23 USCHNAHUB05 AgentDevice=WindowsLog	AgentLogFile=Security	PluginVersion=1.0.14	Source=Security	Computer=USCHNAHUB05	User=SVC-IDMAdmin	Domain=NA	EventID=671	EventIDCcorpoe=671	EventType=8	EventCategory=7	RecordNumber=610157117	TimeGenerated=1389372799	TimeWritten=1389372799	Message=User Account Unlocked:   Target Account Name: Donovan-True   Target Domain:  NA   Target Account ID: NA\Donovan-True   Caller User Name: SVC-IDMAdmin   Caller Domain: NA   Caller Logon ID: (0x0,0x179DF121)   
<13>Jan 10 11:53:23 USCHNAHUB05 AgentDevice=WindowsLog	AgentLogFile=Security	PluginVersion=1.0.14	Source=Security	Computer=USCHNAHUB05	User=SVC-IDMAdmin	Domain=NA	EventID=642	EventIDCcorpoe=642	EventType=8	EventCategory=7	RecordNumber=610157091	TimeGenerated=1389372798	TimeWritten=1389372798	Message=User Account Changed:   Target Account Name: Donovan-True   Target Domain: NA   Target Account ID: NA\Donovan-True   Caller User Name: SVC-IDMAdmin   Caller Domain: NA   Caller Logon ID: (0x0,0x179DF1EE)   Privileges: -  Changed Attributes:   Sam Account Name: -   Display Name: -   User Principal Name: -   Home Directory: -   Home Drive: -   Script Path: -   Profile Path: -   User Workstations: -   Password Last Set: 1/10/2014 11:53:18 AM   Account Expires: -   Primary Group ID: -   AllowedTcorpoelegateTo: -   Old UAC Value: -   New UAC Value: -   User Account Control: -   User Parameters: -   Sid History: -   Logon Hours: -   
<13>Jan 10 11:28:38 USCHNAHUB05 AgentDevice=WindowsLog	AgentLogFile=Security	PluginVersion=1.0.14	Source=Security	Computer=USCHNAHUB05	User=610019MAN	Domain=NA	EventID=671	EventIDCcorpoe=671	EventType=8	EventCategory=7	RecordNumber=610096628	TimeGenerated=1389371315	TimeWritten=1389371315	Message=User Account Unlocked:   Target Account Name: Adrian-Macean   Target Domain:  NA   Target Account ID: NA\Adrian-Macean   Caller User Name: 610019MAN   Caller Domain: NA   Caller Logon ID: (0x0,0x17976641)   
<13>Jan 10 11:19:36 USCHNAHUB05 AgentDevice=WindowsLog	AgentLogFile=Security	PluginVersion=1.0.14	Source=Security	Computer=USCHNAHUB05	User=ANONYMOUS LOGON	Domain=NT AUTHORITY	EventID=642	EventIDCcorpoe=642	EventType=8	EventCategory=7	RecordNumber=610073401	TimeGenerated=1389370751	TimeWritten=1389370751	Message=User Account Changed:   Target Account Name: Lee-Ziemski   Target Domain: NA   Target Account ID: NA\Lee-Ziemski   Caller User Name: USCHNAHUB05$   Caller Domain: NA   Caller Logon ID: (0x0,0x3E7)   Privileges: -  Changed Attributes:   Sam Account Name: -   Display Name: -   User Principal Name: -   Home Directory: -   Home Drive: -   Script Path: -   Profile Path: -   User Workstations: -   Password Last Set: 1/10/2014 11:19:11 AM   Account Expires: -   Primary Group ID: -   AllowedTcorpoelegateTo: -   Old UAC Value: -   New UAC Value: -   User Account Control: -   User Parameters: -   Sid History: -   Logon Hours: -   
