<13>Jan 10 17:16:57 USCHRETDC01 AgentDevice=WindowsLog	AgentLogFile=Security	PluginVersion=1.0.14	Source=Security	Computer=USCHRETDC01	User=SYSTEM	Domain=NT AUTHORITY	EventID=644	EventIDCcorpoe=644	EventType=8	EventCategory=7	RecordNumber=2270310704	TimeGenerated=1389392214	TimeWritten=1389392214	Message=User Account Locked Out:   Target Account Name: Salesxp00689   Target Account ID: corpoRETAIL\Salesxp00689   Caller Machine Name: corpoS00689W12   Caller User Name: USCHRETDC01$   Caller Domain: corpoRETAIL   Caller Logon ID: (0x0,0x3E7)   
<13>Jan 10 16:32:18 USCHRETDC01 AgentDevice=WindowsLog	AgentLogFile=Security	PluginVersion=1.0.14	Source=Security	Computer=USCHRETDC01	User=SYSTEM	Domain=NT AUTHORITY	EventID=644	EventIDCcorpoe=644	EventType=8	EventCategory=7	RecordNumber=2270234167	TimeGenerated=1389389534	TimeWritten=1389389534	Message=User Account Locked Out:   Target Account Name: Salesxp02810   Target Account ID: corpoRETAIL\Salesxp02810   Caller Machine Name: corpoS02810W12   Caller User Name: USCHRETDC01$   Caller Domain: corpoRETAIL   Caller Logon ID: (0x0,0x3E7)   
<13>Jan 10 16:30:44 USCHRETDC01 AgentDevice=WindowsLog	AgentLogFile=Security	PluginVersion=1.0.14	Source=Security	Computer=USCHRETDC01	User=SYSTEM	Domain=NT AUTHORITY	EventID=644	EventIDCcorpoe=644	EventType=8	EventCategory=7	RecordNumber=2270231418	TimeGenerated=1389389441	TimeWritten=1389389441	Message=User Account Locked Out:   Target Account Name: Salesxp00334   Target Account ID: corpoRETAIL\Salesxp00334   Caller Machine Name: corpoS00334W12   Caller User Name: USCHRETDC01$   Caller Domain: corpoRETAIL   Caller Logon ID: (0x0,0x3E7)   
<13>Jan 10 16:28:29 USCHRETDC01 AgentDevice=WindowsLog	AgentLogFile=Security	PluginVersion=1.0.14	Source=Security	Computer=USCHRETDC01	User=SYSTEM	Domain=NT AUTHORITY	EventID=644	EventIDCcorpoe=644	EventType=8	EventCategory=7	RecordNumber=2270226959	TimeGenerated=1389389305	TimeWritten=1389389305	Message=User Account Locked Out:   Target Account Name: Salesxp03351   Target Account ID: corpoRETAIL\Salesxp03351   Caller Machine Name: corpoS03351W11   Caller User Name: USCHRETDC01$   Caller Domain: corpoRETAIL   Caller Logon ID: (0x0,0x3E7)   
<13>Jan 10 16:24:37 USCHRETDC01 AgentDevice=WindowsLog	AgentLogFile=Security	PluginVersion=1.0.14	Source=Security	Computer=USCHRETDC01	User=mbman	Domain=corpoRETAIL	EventID=626	EventIDCcorpoe=626	EventType=8	EventCategory=7	RecordNumber=2270220108	TimeGenerated=1389389075	TimeWritten=1389389075	Message=User Account Enabled:   Target Account Name: corpoS10834W09$   Target Domain: corpoRETAIL   Target Account ID: corpoRETAIL\corpoS10834W09$   Caller User Name: mbman   Caller Domain: corpoRETAIL   Caller Logon ID: (0x0,0x9B661B53)   
<13>Jan 10 16:24:37 USCHRETDC01 AgentDevice=WindowsLog	AgentLogFile=Security	PluginVersion=1.0.14	Source=Security	Computer=USCHRETDC01	User=mbman	Domain=corpoRETAIL	EventID=629	EventIDCcorpoe=629	EventType=8	EventCategory=7	RecordNumber=2270220103	TimeGenerated=1389389075	TimeWritten=1389389075	Message=User Account Disabled:   Target Account Name: corpoS10834W09$   Target Domain: corpoRETAIL   Target Account ID: corpoRETAIL\corpoS10834W09$   Caller User Name: mbman   Caller Domain: corpoRETAIL   Caller Logon ID: (0x0,0x9B661B53)   
<13>Jan 10 16:24:37 USCHRETDC01 AgentDevice=WindowsLog	AgentLogFile=Security	PluginVersion=1.0.14	Source=Security	Computer=USCHRETDC01	User=mbman	Domain=corpoRETAIL	EventID=626	EventIDCcorpoe=626	EventType=8	EventCategory=7	RecordNumber=2270220097	TimeGenerated=1389389075	TimeWritten=1389389075	Message=User Account Enabled:   Target Account Name: corpoS10834W09$   Target Domain: corpoRETAIL   Target Account ID: corpoRETAIL\corpoS10834W09$   Caller User Name: mbman   Caller Domain: corpoRETAIL   Caller Logon ID: (0x0,0x9B661B53)   
<13>Jan 10 16:21:14 USCHRETDC01 AgentDevice=WindowsLog	AgentLogFile=Security	PluginVersion=1.0.14	Source=Security	Computer=USCHRETDC01	User=SYSTEM	Domain=NT AUTHORITY	EventID=644	EventIDCcorpoe=644	EventType=8	EventCategory=7	RecordNumber=2270214313	TimeGenerated=1389388871	TimeWritten=1389388871	Message=User Account Locked Out:   Target Account Name: Salesxp02220   Target Account ID: corpoRETAIL\Salesxp02220   Caller Machine Name: corpoS02220W06   Caller User Name: USCHRETDC01$   Caller Domain: corpoRETAIL   Caller Logon ID: (0x0,0x3E7)   
<13>Jan 10 16:08:09 USCHRETDC01 AgentDevice=WindowsLog	AgentLogFile=Security	PluginVersion=1.0.14	Source=Security	Computer=USCHRETDC01	User=SYSTEM	Domain=NT AUTHORITY	EventID=644	EventIDCcorpoe=644	EventType=8	EventCategory=7	RecordNumber=2270191804	TimeGenerated=1389388085	TimeWritten=1389388085	Message=User Account Locked Out:   Target Account Name: Salesxp02662   Target Account ID: corpoRETAIL\Salesxp02662   Caller Machine Name: corpoS02662W11   Caller User Name: USCHRETDC01$   Caller Domain: corpoRETAIL   Caller Logon ID: (0x0,0x3E7)   
<13>Jan 10 16:04:39 USCHRETDC01 AgentDevice=WindowsLog	AgentLogFile=Security	PluginVersion=1.0.14	Source=Security	Computer=USCHRETDC01	User=SYSTEM	Domain=NT AUTHORITY	EventID=644	EventIDCcorpoe=644	EventType=8	EventCategory=7	RecordNumber=2270184969	TimeGenerated=1389387875	TimeWritten=1389387875	Message=User Account Locked Out:   Target Account Name: Salesxp02396   Target Account ID: corpoRETAIL\Salesxp02396   Caller Machine Name: corpoS02396W09   Caller User Name: USCHRETDC01$   Caller Domain: corpoRETAIL   Caller Logon ID: (0x0,0x3E7)   
<13>Jan 10 15:59:31 USCHRETDC01 AgentDevice=WindowsLog	AgentLogFile=Security	PluginVersion=1.0.14	Source=Security	Computer=USCHRETDC01	User=domjoin	Domain=corpoRETAIL	EventID=626	EventIDCcorpoe=626	EventType=8	EventCategory=7	RecordNumber=2270176287	TimeGenerated=1389387568	TimeWritten=1389387568	Message=User Account Enabled:   Target Account Name: corpoS10835W07$   Target Domain: corpoRETAIL   Target Account ID: corpoRETAIL\corpoS10835W07$   Caller User Name: domjoin   Caller Domain: corpoRETAIL   Caller Logon ID: (0x0,0x9B5204C6)   
<13>Jan 10 15:59:31 USCHRETDC01 AgentDevice=WindowsLog	AgentLogFile=Security	PluginVersion=1.0.14	Source=Security	Computer=USCHRETDC01	User=domjoin	Domain=corpoRETAIL	EventID=629	EventIDCcorpoe=629	EventType=8	EventCategory=7	RecordNumber=2270176283	TimeGenerated=1389387568	TimeWritten=1389387568	Message=User Account Disabled:   Target Account Name: corpoS10835W07$   Target Domain: corpoRETAIL   Target Account ID: corpoRETAIL\corpoS10835W07$   Caller User Name: domjoin   Caller Domain: corpoRETAIL   Caller Logon ID: (0x0,0x9B5204C6)   
<13>Jan 10 15:51:29 USCHRETDC01 AgentDevice=WindowsLog	AgentLogFile=Security	PluginVersion=1.0.14	Source=Security	Computer=USCHRETDC01	User=SYSTEM	Domain=NT AUTHORITY	EventID=644	EventIDCcorpoe=644	EventType=8	EventCategory=7	RecordNumber=2270161913	TimeGenerated=1389387086	TimeWritten=1389387086	Message=User Account Locked Out:   Target Account Name: Salesxp03279   Target Account ID: corpoRETAIL\Salesxp03279   Caller Machine Name: corpoS03279W07   Caller User Name: USCHRETDC01$   Caller Domain: corpoRETAIL   Caller Logon ID: (0x0,0x3E7)   
<13>Jan 10 15:43:06 USCHRETDC01 AgentDevice=WindowsLog	AgentLogFile=Security	PluginVersion=1.0.14	Source=Security	Computer=USCHRETDC01	User=SYSTEM	Domain=NT AUTHORITY	EventID=644	EventIDCcorpoe=644	EventType=8	EventCategory=7	RecordNumber=2270147952	TimeGenerated=1389386583	TimeWritten=1389386583	Message=User Account Locked Out:   Target Account Name: Salesxp02577   Target Account ID: corpoRETAIL\Salesxp02577   Caller Machine Name: corpoS02577W12   Caller User Name: USCHRETDC01$   Caller Domain: corpoRETAIL   Caller Logon ID: (0x0,0x3E7)   
<13>Jan 10 15:34:44 USCHRETDC01 AgentDevice=WindowsLog	AgentLogFile=Security	PluginVersion=1.0.14	Source=Security	Computer=USCHRETDC01	User=SYSTEM	Domain=NT AUTHORITY	EventID=644	EventIDCcorpoe=644	EventType=8	EventCategory=7	RecordNumber=2270133393	TimeGenerated=1389386081	TimeWritten=1389386081	Message=User Account Locked Out:   Target Account Name: Salesxp00644   Target Account ID: corpoRETAIL\Salesxp00644   Caller Machine Name: corpoS00644W12   Caller User Name: USCHRETDC01$   Caller Domain: corpoRETAIL   Caller Logon ID: (0x0,0x3E7)   
<13>Jan 10 15:31:53 USCHRETDC01 AgentDevice=WindowsLog	AgentLogFile=Security	PluginVersion=1.0.14	Source=Security	Computer=USCHRETDC01	User=SYSTEM	Domain=NT AUTHORITY	EventID=644	EventIDCcorpoe=644	EventType=8	EventCategory=7	RecordNumber=2270128391	TimeGenerated=1389385909	TimeWritten=1389385909	Message=User Account Locked Out:   Target Account Name: Salesxp02167   Target Account ID: corpoRETAIL\Salesxp02167   Caller Machine Name: corpoS02167W09   Caller User Name: USCHRETDC01$   Caller Domain: corpoRETAIL   Caller Logon ID: (0x0,0x3E7)   
<13>Jan 10 15:31:22 USCHRETDC01 AgentDevice=WindowsLog	AgentLogFile=Security	PluginVersion=1.0.14	Source=Security	Computer=USCHRETDC01	User=SYSTEM	Domain=NT AUTHORITY	EventID=644	EventIDCcorpoe=644	EventType=8	EventCategory=7	RecordNumber=2270127576	TimeGenerated=1389385880	TimeWritten=1389385880	Message=User Account Locked Out:   Target Account Name: Salesxp02396   Target Account ID: corpoRETAIL\Salesxp02396   Caller Machine Name: corpoS02396W12   Caller User Name: USCHRETDC01$   Caller Domain: corpoRETAIL   Caller Logon ID: (0x0,0x3E7)   
<13>Jan 10 15:19:38 USCHRETDC01 AgentDevice=WindowsLog	AgentLogFile=Security	PluginVersion=1.0.14	Source=Security	Computer=USCHRETDC01	User=SYSTEM	Domain=NT AUTHORITY	EventID=644	EventIDCcorpoe=644	EventType=8	EventCategory=7	RecordNumber=2270106751	TimeGenerated=1389385174	TimeWritten=1389385174	Message=User Account Locked Out:   Target Account Name: Salesxp00093   Target Account ID: corpoRETAIL\Salesxp00093   Caller Machine Name: corpoS00093W09   Caller User Name: USCHRETDC01$   Caller Domain: corpoRETAIL   Caller Logon ID: (0x0,0x3E7)   
<13>Jan 10 15:05:17 USCHRETDC01 AgentDevice=WindowsLog	AgentLogFile=Security	PluginVersion=1.0.14	Source=Security	Computer=USCHRETDC01	User=SYSTEM	Domain=NT AUTHORITY	EventID=644	EventIDCcorpoe=644	EventType=8	EventCategory=7	RecordNumber=2270084055	TimeGenerated=1389384313	TimeWritten=1389384313	Message=User Account Locked Out:   Target Account Name: Salesxp02246   Target Account ID: corpoRETAIL\Salesxp02246   Caller Machine Name: corpoS02246W06   Caller User Name: USCHRETDC01$   Caller Domain: corpoRETAIL   Caller Logon ID: (0x0,0x3E7)   
<13>Jan 10 15:01:23 USCHRETDC01 AgentDevice=WindowsLog	AgentLogFile=Security	PluginVersion=1.0.14	Source=Security	Computer=USCHRETDC01	User=SYSTEM	Domain=NT AUTHORITY	EventID=644	EventIDCcorpoe=644	EventType=8	EventCategory=7	RecordNumber=2270078049	TimeGenerated=1389384080	TimeWritten=1389384080	Message=User Account Locked Out:   Target Account Name: Salesxp00558   Target Account ID: corpoRETAIL\Salesxp00558   Caller Machine Name: corpoS00558W07   Caller User Name: USCHRETDC01$   Caller Domain: corpoRETAIL   Caller Logon ID: (0x0,0x3E7)   
<13>Jan 10 14:59:19 USCHRETDC01 AgentDevice=WindowsLog	AgentLogFile=Security	PluginVersion=1.0.14	Source=Security	Computer=USCHRETDC01	User=SYSTEM	Domain=NT AUTHORITY	EventID=644	EventIDCcorpoe=644	EventType=8	EventCategory=7	RecordNumber=2270074559	TimeGenerated=1389383955	TimeWritten=1389383955	Message=User Account Locked Out:   Target Account Name: Salesxp02313   Target Account ID: corpoRETAIL\Salesxp02313   Caller Machine Name: corpoS02313W07   Caller User Name: USCHRETDC01$   Caller Domain: corpoRETAIL   Caller Logon ID: (0x0,0x3E7)   
<13>Jan 10 14:36:22 USCHRETDC01 AgentDevice=WindowsLog	AgentLogFile=Security	PluginVersion=1.0.14	Source=Security	Computer=USCHRETDC01	User=SYSTEM	Domain=NT AUTHORITY	EventID=644	EventIDCcorpoe=644	EventType=8	EventCategory=7	RecordNumber=2270039336	TimeGenerated=1389382578	TimeWritten=1389382578	Message=User Account Locked Out:   Target Account Name: Salesxp03279   Target Account ID: corpoRETAIL\Salesxp03279   Caller Machine Name: corpoS03279W09   Caller User Name: USCHRETDC01$   Caller Domain: corpoRETAIL   Caller Logon ID: (0x0,0x3E7)   
<13>Jan 10 14:12:03 USCHRETDC01 AgentDevice=WindowsLog	AgentLogFile=Security	PluginVersion=1.0.14	Source=Security	Computer=USCHRETDC01	User=SYSTEM	Domain=NT AUTHORITY	EventID=644	EventIDCcorpoe=644	EventType=8	EventCategory=7	RecordNumber=2270001212	TimeGenerated=1389381121	TimeWritten=1389381121	Message=User Account Locked Out:   Target Account Name: Salesxp02650   Target Account ID: corpoRETAIL\Salesxp02650   Caller Machine Name: corpoS02650W06   Caller User Name: USCHRETDC01$   Caller Domain: corpoRETAIL   Caller Logon ID: (0x0,0x3E7)   
<13>Jan 10 14:12:01 USCHRETDC01 AgentDevice=WindowsLog	AgentLogFile=Security	PluginVersion=1.0.14	Source=Security	Computer=USCHRETDC01	User=SYSTEM	Domain=NT AUTHORITY	EventID=644	EventIDCcorpoe=644	EventType=8	EventCategory=7	RecordNumber=2270001127	TimeGenerated=1389381118	TimeWritten=1389381118	Message=User Account Locked Out:   Target Account Name: Salesxp00832   Target Account ID: corpoRETAIL\Salesxp00832   Caller Machine Name: corpoS00832W07   Caller User Name: USCHRETDC01$   Caller Domain: corpoRETAIL   Caller Logon ID: (0x0,0x3E7)   
<13>Jan 10 13:55:10 USCHRETDC01 AgentDevice=WindowsLog	AgentLogFile=Security	PluginVersion=1.0.14	Source=Security	Computer=USCHRETDC01	User=SYSTEM	Domain=NT AUTHORITY	EventID=644	EventIDCcorpoe=644	EventType=8	EventCategory=7	RecordNumber=2269975521	TimeGenerated=1389380107	TimeWritten=1389380107	Message=User Account Locked Out:   Target Account Name: Salesxp00307   Target Account ID: corpoRETAIL\Salesxp00307   Caller Machine Name: corpoS00307W07   Caller User Name: USCHRETDC01$   Caller Domain: corpoRETAIL   Caller Logon ID: (0x0,0x3E7)   
<13>Jan 10 13:50:44 USCHRETDC01 AgentDevice=WindowsLog	AgentLogFile=Security	PluginVersion=1.0.14	Source=Security	Computer=USCHRETDC01	User=SYSTEM	Domain=NT AUTHORITY	EventID=644	EventIDCcorpoe=644	EventType=8	EventCategory=7	RecordNumber=2269968643	TimeGenerated=1389379842	TimeWritten=1389379842	Message=User Account Locked Out:   Target Account Name: Salesxp00544   Target Account ID: corpoRETAIL\Salesxp00544   Caller Machine Name: corpoS00544W09   Caller User Name: USCHRETDC01$   Caller Domain: corpoRETAIL   Caller Logon ID: (0x0,0x3E7)   
<13>Jan 10 13:44:21 USCHRETDC01 AgentDevice=WindowsLog	AgentLogFile=Security	PluginVersion=1.0.14	Source=Security	Computer=USCHRETDC01	User=SYSTEM	Domain=NT AUTHORITY	EventID=644	EventIDCcorpoe=644	EventType=8	EventCategory=7	RecordNumber=2269959243	TimeGenerated=1389379458	TimeWritten=1389379458	Message=User Account Locked Out:   Target Account Name: Salesxp02391   Target Account ID: corpoRETAIL\Salesxp02391   Caller Machine Name: corpoS02391W12   Caller User Name: USCHRETDC01$   Caller Domain: corpoRETAIL   Caller Logon ID: (0x0,0x3E7)   
<13>Jan 10 13:40:44 USCHRETDC01 AgentDevice=WindowsLog	AgentLogFile=Security	PluginVersion=1.0.14	Source=Security	Computer=USCHRETDC01	User=SYSTEM	Domain=NT AUTHORITY	EventID=644	EventIDCcorpoe=644	EventType=8	EventCategory=7	RecordNumber=2269953850	TimeGenerated=1389379240	TimeWritten=1389379240	Message=User Account Locked Out:   Target Account Name: Salesxp00385   Target Account ID: corpoRETAIL\Salesxp00385   Caller Machine Name: corpoS00385W07   Caller User Name: USCHRETDC01$   Caller Domain: corpoRETAIL   Caller Logon ID: (0x0,0x3E7)   
<13>Jan 10 13:38:15 USCHRETDC01 AgentDevice=WindowsLog	AgentLogFile=Security	PluginVersion=1.0.14	Source=Security	Computer=USCHRETDC01	User=SYSTEM	Domain=NT AUTHORITY	EventID=644	EventIDCcorpoe=644	EventType=8	EventCategory=7	RecordNumber=2269949967	TimeGenerated=1389379093	TimeWritten=1389379093	Message=User Account Locked Out:   Target Account Name: Salesxp02354   Target Account ID: corpoRETAIL\Salesxp02354   Caller Machine Name: corpoS02354W07   Caller User Name: USCHRETDC01$   Caller Domain: corpoRETAIL   Caller Logon ID: (0x0,0x3E7)   
<13>Jan 10 13:33:03 USCHRETDC01 AgentDevice=WindowsLog	AgentLogFile=Security	PluginVersion=1.0.14	Source=Security	Computer=USCHRETDC01	User=SYSTEM	Domain=NT AUTHORITY	EventID=644	EventIDCcorpoe=644	EventType=8	EventCategory=7	RecordNumber=2269942107	TimeGenerated=1389378779	TimeWritten=1389378779	Message=User Account Locked Out:   Target Account Name: Salesxp02143   Target Account ID: corpoRETAIL\Salesxp02143   Caller Machine Name: corpoS02143W12   Caller User Name: USCHRETDC01$   Caller Domain: corpoRETAIL   Caller Logon ID: (0x0,0x3E7)   
<13>Jan 10 13:24:43 USCHRETDC01 AgentDevice=WindowsLog	AgentLogFile=Security	PluginVersion=1.0.14	Source=Security	Computer=USCHRETDC01	User=jrman	Domain=corpoRETAIL	EventID=629	EventIDCcorpoe=629	EventType=8	EventCategory=7	RecordNumber=2269929468	TimeGenerated=1389378279	TimeWritten=1389378279	Message=User Account Disabled:   Target Account Name: corpoS10834K05$   Target Domain: corpoRETAIL   Target Account ID: corpoRETAIL\corpoS10834K05$   Caller User Name: jrman   Caller Domain: corpoRETAIL   Caller Logon ID: (0x0,0x9AE4AF51)   
<13>Jan 10 13:24:07 USCHRETDC01 AgentDevice=WindowsLog	AgentLogFile=Security	PluginVersion=1.0.14	Source=Security	Computer=USCHRETDC01	User=SYSTEM	Domain=NT AUTHORITY	EventID=644	EventIDCcorpoe=644	EventType=8	EventCategory=7	RecordNumber=2269928659	TimeGenerated=1389378244	TimeWritten=1389378244	Message=User Account Locked Out:   Target Account Name: Salesxp02814   Target Account ID: corpoRETAIL\Salesxp02814   Caller Machine Name: corpoS02814W07   Caller User Name: USCHRETDC01$   Caller Domain: corpoRETAIL   Caller Logon ID: (0x0,0x3E7)   
<13>Jan 10 13:21:43 USCHRETDC01 AgentDevice=WindowsLog	AgentLogFile=Security	PluginVersion=1.0.14	Source=Security	Computer=USCHRETDC01	User=SYSTEM	Domain=NT AUTHORITY	EventID=644	EventIDCcorpoe=644	EventType=8	EventCategory=7	RecordNumber=2269925361	TimeGenerated=1389378099	TimeWritten=1389378099	Message=User Account Locked Out:   Target Account Name: Salesxp00609   Target Account ID: corpoRETAIL\Salesxp00609   Caller Machine Name: corpoS00609W07   Caller User Name: USCHRETDC01$   Caller Domain: corpoRETAIL   Caller Logon ID: (0x0,0x3E7)   
<13>Jan 10 13:05:18 USCHRETDC01 AgentDevice=WindowsLog	AgentLogFile=Security	PluginVersion=1.0.14	Source=Security	Computer=USCHRETDC01	User=SYSTEM	Domain=NT AUTHORITY	EventID=644	EventIDCcorpoe=644	EventType=8	EventCategory=7	RecordNumber=2269900920	TimeGenerated=1389377116	TimeWritten=1389377116	Message=User Account Locked Out:   Target Account Name: Salesxp02317   Target Account ID: corpoRETAIL\Salesxp02317   Caller Machine Name: corpoS02317W07   Caller User Name: USCHRETDC01$   Caller Domain: corpoRETAIL   Caller Logon ID: (0x0,0x3E7)   
<13>Jan 10 12:59:19 USCHRETDC01 AgentDevice=WindowsLog	AgentLogFile=Security	PluginVersion=1.0.14	Source=Security	Computer=USCHRETDC01	User=SYSTEM	Domain=NT AUTHORITY	EventID=644	EventIDCcorpoe=644	EventType=8	EventCategory=7	RecordNumber=2269892057	TimeGenerated=1389376756	TimeWritten=1389376756	Message=User Account Locked Out:   Target Account Name: Salesxp00111   Target Account ID: corpoRETAIL\Salesxp00111   Caller Machine Name: corpoS00111W09   Caller User Name: USCHRETDC01$   Caller Domain: corpoRETAIL   Caller Logon ID: (0x0,0x3E7)   
<13>Jan 10 12:51:22 USCHRETDC01 AgentDevice=WindowsLog	AgentLogFile=Security	PluginVersion=1.0.14	Source=Security	Computer=USCHRETDC01	User=SYSTEM	Domain=NT AUTHORITY	EventID=644	EventIDCcorpoe=644	EventType=8	EventCategory=7	RecordNumber=2269880307	TimeGenerated=1389376279	TimeWritten=1389376279	Message=User Account Locked Out:   Target Account Name: Salesxp02167   Target Account ID: corpoRETAIL\Salesxp02167   Caller Machine Name: corpoS02167W09   Caller User Name: USCHRETDC01$   Caller Domain: corpoRETAIL   Caller Logon ID: (0x0,0x3E7)   
<13>Jan 10 12:50:40 USCHRETDC01 AgentDevice=WindowsLog	AgentLogFile=Security	PluginVersion=1.0.14	Source=Security	Computer=USCHRETDC01	User=SYSTEM	Domain=NT AUTHORITY	EventID=644	EventIDCcorpoe=644	EventType=8	EventCategory=7	RecordNumber=2269879201	TimeGenerated=1389376237	TimeWritten=1389376237	Message=User Account Locked Out:   Target Account Name: Salesxp02665   Target Account ID: corpoRETAIL\Salesxp02665   Caller Machine Name: corpoS02665W07   Caller User Name: USCHRETDC01$   Caller Domain: corpoRETAIL   Caller Logon ID: (0x0,0x3E7)   
<13>Jan 10 12:50:36 USCHRETDC01 AgentDevice=WindowsLog	AgentLogFile=Security	PluginVersion=1.0.14	Source=Security	Computer=USCHRETDC01	User=SYSTEM	Domain=NT AUTHORITY	EventID=644	EventIDCcorpoe=644	EventType=8	EventCategory=7	RecordNumber=2269879095	TimeGenerated=1389376233	TimeWritten=1389376233	Message=User Account Locked Out:   Target Account Name: Salesxp00202   Target Account ID: corpoRETAIL\Salesxp00202   Caller Machine Name: corpoS00202W12   Caller User Name: USCHRETDC01$   Caller Domain: corpoRETAIL   Caller Logon ID: (0x0,0x3E7)   
<13>Jan 10 12:49:45 USCHRETDC01 AgentDevice=WindowsLog	AgentLogFile=Security	PluginVersion=1.0.14	Source=Security	Computer=USCHRETDC01	User=domjoin	Domain=corpoRETAIL	EventID=626	EventIDCcorpoe=626	EventType=8	EventCategory=7	RecordNumber=2269877943	TimeGenerated=1389376182	TimeWritten=1389376182	Message=User Account Enabled:   Target Account Name: corpoS10839W09$   Target Domain: corpoRETAIL   Target Account ID: corpoRETAIL\corpoS10839W09$   Caller User Name: domjoin   Caller Domain: corpoRETAIL   Caller Logon ID: (0x0,0x9ACDFBE0)   
<13>Jan 10 12:43:19 USCHRETDC01 AgentDevice=WindowsLog	AgentLogFile=Security	PluginVersion=1.0.14	Source=Security	Computer=USCHRETDC01	User=SYSTEM	Domain=NT AUTHORITY	EventID=644	EventIDCcorpoe=644	EventType=8	EventCategory=7	RecordNumber=2269868300	TimeGenerated=1389375795	TimeWritten=1389375795	Message=User Account Locked Out:   Target Account Name: Salesxp02612   Target Account ID: corpoRETAIL\Salesxp02612   Caller Machine Name: corpoS02612W04   Caller User Name: USCHRETDC01$   Caller Domain: corpoRETAIL   Caller Logon ID: (0x0,0x3E7)   
<13>Jan 10 12:41:48 USCHRETDC01 AgentDevice=WindowsLog	AgentLogFile=Security	PluginVersion=1.0.14	Source=Security	Computer=USCHRETDC01	User=SYSTEM	Domain=NT AUTHORITY	EventID=644	EventIDCcorpoe=644	EventType=8	EventCategory=7	RecordNumber=2269866089	TimeGenerated=1389375705	TimeWritten=1389375705	Message=User Account Locked Out:   Target Account Name: Salesxp00962   Target Account ID: corpoRETAIL\Salesxp00962   Caller Machine Name: corpoS00962W12   Caller User Name: USCHRETDC01$   Caller Domain: corpoRETAIL   Caller Logon ID: (0x0,0x3E7)   
<13>Jan 10 12:41:24 USCHRETDC01 AgentDevice=WindowsLog	AgentLogFile=Security	PluginVersion=1.0.14	Source=Security	Computer=USCHRETDC01	User=SYSTEM	Domain=NT AUTHORITY	EventID=644	EventIDCcorpoe=644	EventType=8	EventCategory=7	RecordNumber=2269865498	TimeGenerated=1389375680	TimeWritten=1389375680	Message=User Account Locked Out:   Target Account Name: Salesxp00408   Target Account ID: corpoRETAIL\Salesxp00408   Caller Machine Name: corpoS00408W09   Caller User Name: USCHRETDC01$   Caller Domain: corpoRETAIL   Caller Logon ID: (0x0,0x3E7)   
<13>Jan 10 12:14:01 USCHRETDC01 AgentDevice=WindowsLog	AgentLogFile=Security	PluginVersion=1.0.14	Source=Security	Computer=USCHRETDC01	User=SYSTEM	Domain=NT AUTHORITY	EventID=644	EventIDCcorpoe=644	EventType=8	EventCategory=7	RecordNumber=2269824372	TimeGenerated=1389374038	TimeWritten=1389374038	Message=User Account Locked Out:   Target Account Name: Salesxp00587   Target Account ID: corpoRETAIL\Salesxp00587   Caller Machine Name: corpoS00587W12   Caller User Name: USCHRETDC01$   Caller Domain: corpoRETAIL   Caller Logon ID: (0x0,0x3E7)   
<13>Jan 10 12:06:18 USCHRETDC01 AgentDevice=WindowsLog	AgentLogFile=Security	PluginVersion=1.0.14	Source=Security	Computer=USCHRETDC01	User=SYSTEM	Domain=NT AUTHORITY	EventID=644	EventIDCcorpoe=644	EventType=8	EventCategory=7	RecordNumber=2269812898	TimeGenerated=1389373576	TimeWritten=1389373576	Message=User Account Locked Out:   Target Account Name: Salesxp02399   Target Account ID: corpoRETAIL\Salesxp02399   Caller Machine Name: corpoS02399W07   Caller User Name: USCHRETDC01$   Caller Domain: corpoRETAIL   Caller Logon ID: (0x0,0x3E7)   
<13>Jan 10 11:56:35 USCHRETDC01 AgentDevice=WindowsLog	AgentLogFile=Security	PluginVersion=1.0.14	Source=Security	Computer=USCHRETDC01	User=SYSTEM	Domain=NT AUTHORITY	EventID=644	EventIDCcorpoe=644	EventType=8	EventCategory=7	RecordNumber=2269797873	TimeGenerated=1389372992	TimeWritten=1389372992	Message=User Account Locked Out:   Target Account Name: Salesxp00107   Target Account ID: corpoRETAIL\Salesxp00107   Caller Machine Name: corpoS00107W09   Caller User Name: USCHRETDC01$   Caller Domain: corpoRETAIL   Caller Logon ID: (0x0,0x3E7)   
<13>Jan 10 11:49:53 USCHRETDC01 AgentDevice=WindowsLog	AgentLogFile=Security	PluginVersion=1.0.14	Source=Security	Computer=USCHRETDC01	User=SYSTEM	Domain=NT AUTHORITY	EventID=644	EventIDCcorpoe=644	EventType=8	EventCategory=7	RecordNumber=2269787474	TimeGenerated=1389372591	TimeWritten=1389372591	Message=User Account Locked Out:   Target Account Name: Salesxp02798   Target Account ID: corpoRETAIL\Salesxp02798   Caller Machine Name: corpoS02798W07   Caller User Name: USCHRETDC01$   Caller Domain: corpoRETAIL   Caller Logon ID: (0x0,0x3E7)   
<13>Jan 10 11:27:35 USCHRETDC01 AgentDevice=WindowsLog	AgentLogFile=Security	PluginVersion=1.0.14	Source=Security	Computer=USCHRETDC01	User=SYSTEM	Domain=NT AUTHORITY	EventID=644	EventIDCcorpoe=644	EventType=8	EventCategory=7	RecordNumber=2269750994	TimeGenerated=1389371251	TimeWritten=1389371251	Message=User Account Locked Out:   Target Account Name: Salesxp00467   Target Account ID: corpoRETAIL\Salesxp00467   Caller Machine Name: corpoS00467W09   Caller User Name: USCHRETDC01$   Caller Domain: corpoRETAIL   Caller Logon ID: (0x0,0x3E7)   
<13>Jan 10 11:09:13 USCHRETDC01 AgentDevice=WindowsLog	AgentLogFile=Security	PluginVersion=1.0.14	Source=Security	Computer=USCHRETDC01	User=SYSTEM	Domain=NT AUTHORITY	EventID=644	EventIDCcorpoe=644	EventType=8	EventCategory=7	RecordNumber=2269722175	TimeGenerated=1389370150	TimeWritten=1389370150	Message=User Account Locked Out:   Target Account Name: Salesxp02234   Target Account ID: corpoRETAIL\Salesxp02234   Caller Machine Name: corpoS02234W12   Caller User Name: USCHRETDC01$   Caller Domain: corpoRETAIL   Caller Logon ID: (0x0,0x3E7)   
<13>Jan 10 11:06:39 USCHRETDC01 AgentDevice=WindowsLog	AgentLogFile=Security	PluginVersion=1.0.14	Source=Security	Computer=USCHRETDC01	User=SYSTEM	Domain=NT AUTHORITY	EventID=644	EventIDCcorpoe=644	EventType=8	EventCategory=7	RecordNumber=2269718094	TimeGenerated=1389369996	TimeWritten=1389369996	Message=User Account Locked Out:   Target Account Name: Salesxp00832   Target Account ID: corpoRETAIL\Salesxp00832   Caller Machine Name: corpoS00832W09   Caller User Name: USCHRETDC01$   Caller Domain: corpoRETAIL   Caller Logon ID: (0x0,0x3E7)   
<13>Jan 10 10:53:53 USCHRETDC01 AgentDevice=WindowsLog	AgentLogFile=Security	PluginVersion=1.0.14	Source=Security	Computer=USCHRETDC01	User=domjoin	Domain=corpoRETAIL	EventID=626	EventIDCcorpoe=626	EventType=8	EventCategory=7	RecordNumber=2269698028	TimeGenerated=1389369229	TimeWritten=1389369229	Message=User Account Enabled:   Target Account Name: corpoS10835W12$   Target Domain: corpoRETAIL   Target Account ID: corpoRETAIL\corpoS10835W12$   Caller User Name: domjoin   Caller Domain: corpoRETAIL   Caller Logon ID: (0x0,0x9A7E5B0E)   
<13>Jan 10 10:53:51 USCHRETDC01 AgentDevice=WindowsLog	AgentLogFile=Security	PluginVersion=1.0.14	Source=Security	Computer=USCHRETDC01	User=domjoin	Domain=corpoRETAIL	EventID=629	EventIDCcorpoe=629	EventType=8	EventCategory=7	RecordNumber=2269698011	TimeGenerated=1389369228	TimeWritten=1389369228	Message=User Account Disabled:   Target Account Name: corpoS10835W12$   Target Domain: corpoRETAIL   Target Account ID: corpoRETAIL\corpoS10835W12$   Caller User Name: domjoin   Caller Domain: corpoRETAIL   Caller Logon ID: (0x0,0x9A7E5B0E)   
<13>Jan 10 10:52:21 USCHRETDC01 AgentDevice=WindowsLog	AgentLogFile=Security	PluginVersion=1.0.14	Source=Security	Computer=USCHRETDC01	User=domjoin	Domain=corpoRETAIL	EventID=626	EventIDCcorpoe=626	EventType=8	EventCategory=7	RecordNumber=2269695648	TimeGenerated=1389369137	TimeWritten=1389369137	Message=User Account Enabled:   Target Account Name: corpoS10835W09$   Target Domain: corpoRETAIL   Target Account ID: corpoRETAIL\corpoS10835W09$   Caller User Name: domjoin   Caller Domain: corpoRETAIL   Caller Logon ID: (0x0,0x9A7D1ED5)   
<13>Jan 10 10:52:21 USCHRETDC01 AgentDevice=WindowsLog	AgentLogFile=Security	PluginVersion=1.0.14	Source=Security	Computer=USCHRETDC01	User=domjoin	Domain=corpoRETAIL	EventID=629	EventIDCcorpoe=629	EventType=8	EventCategory=7	RecordNumber=2269695646	TimeGenerated=1389369137	TimeWritten=1389369137	Message=User Account Disabled:   Target Account Name: corpoS10835W09$   Target Domain: corpoRETAIL   Target Account ID: corpoRETAIL\corpoS10835W09$   Caller User Name: domjoin   Caller Domain: corpoRETAIL   Caller Logon ID: (0x0,0x9A7D1ED5)   
<13>Jan 10 10:38:53 USCHRETDC01 AgentDevice=WindowsLog	AgentLogFile=Security	PluginVersion=1.0.14	Source=Security	Computer=USCHRETDC01	User=SYSTEM	Domain=NT AUTHORITY	EventID=644	EventIDCcorpoe=644	EventType=8	EventCategory=7	RecordNumber=2269675057	TimeGenerated=1389368330	TimeWritten=1389368330	Message=User Account Locked Out:   Target Account Name: Salesxp02268   Target Account ID: corpoRETAIL\Salesxp02268   Caller Machine Name: corpoS02268W06   Caller User Name: USCHRETDC01$   Caller Domain: corpoRETAIL   Caller Logon ID: (0x0,0x3E7)   
<13>Jan 10 10:36:16 USCHRETDC01 AgentDevice=WindowsLog	AgentLogFile=Security	PluginVersion=1.0.14	Source=Security	Computer=USCHRETDC01	User=domjoin	Domain=corpoRETAIL	EventID=626	EventIDCcorpoe=626	EventType=8	EventCategory=7	RecordNumber=2269671154	TimeGenerated=1389368174	TimeWritten=1389368174	Message=User Account Enabled:   Target Account Name: corpoS10835W06$   Target Domain: corpoRETAIL   Target Account ID: corpoRETAIL\corpoS10835W06$   Caller User Name: domjoin   Caller Domain: corpoRETAIL   Caller Logon ID: (0x0,0x9A71E5F3)   
<13>Jan 10 10:36:16 USCHRETDC01 AgentDevice=WindowsLog	AgentLogFile=Security	PluginVersion=1.0.14	Source=Security	Computer=USCHRETDC01	User=domjoin	Domain=corpoRETAIL	EventID=629	EventIDCcorpoe=629	EventType=8	EventCategory=7	RecordNumber=2269671152	TimeGenerated=1389368173	TimeWritten=1389368173	Message=User Account Disabled:   Target Account Name: corpoS10835W06$   Target Domain: corpoRETAIL   Target Account ID: corpoRETAIL\corpoS10835W06$   Caller User Name: domjoin   Caller Domain: corpoRETAIL   Caller Logon ID: (0x0,0x9A71E5F3)   
<13>Jan 10 10:31:38 USCHRETDC01 AgentDevice=WindowsLog	AgentLogFile=Security	PluginVersion=1.0.14	Source=Security	Computer=USCHRETDC01	User=SYSTEM	Domain=NT AUTHORITY	EventID=644	EventIDCcorpoe=644	EventType=8	EventCategory=7	RecordNumber=2269664108	TimeGenerated=1389367894	TimeWritten=1389367894	Message=User Account Locked Out:   Target Account Name: Salesxp00950   Target Account ID: corpoRETAIL\Salesxp00950   Caller Machine Name: corpoS00950W11   Caller User Name: USCHRETDC01$   Caller Domain: corpoRETAIL   Caller Logon ID: (0x0,0x3E7)   
<13>Jan 10 10:06:43 USCHRETDC01 AgentDevice=WindowsLog	AgentLogFile=Security	PluginVersion=1.0.14	Source=Security	Computer=USCHRETDC01	User=SYSTEM	Domain=NT AUTHORITY	EventID=644	EventIDCcorpoe=644	EventType=8	EventCategory=7	RecordNumber=2269626011	TimeGenerated=1389366401	TimeWritten=1389366401	Message=User Account Locked Out:   Target Account Name: Salesxp00338   Target Account ID: corpoRETAIL\Salesxp00338   Caller Machine Name: corpoS00338W09   Caller User Name: USCHRETDC01$   Caller Domain: corpoRETAIL   Caller Logon ID: (0x0,0x3E7)   
<13>Jan 10 10:00:05 USCHRETDC01 AgentDevice=WindowsLog	AgentLogFile=Security	PluginVersion=1.0.14	Source=Security	Computer=USCHRETDC01	User=SYSTEM	Domain=NT AUTHORITY	EventID=644	EventIDCcorpoe=644	EventType=8	EventCategory=7	RecordNumber=2269616107	TimeGenerated=1389366001	TimeWritten=1389366001	Message=User Account Locked Out:   Target Account Name: Salesxp02384   Target Account ID: corpoRETAIL\Salesxp02384   Caller Machine Name: corpoS02384W12   Caller User Name: USCHRETDC01$   Caller Domain: corpoRETAIL   Caller Logon ID: (0x0,0x3E7)   
<13>Jan 10 09:35:24 USCHRETDC01 AgentDevice=WindowsLog	AgentLogFile=Security	PluginVersion=1.0.14	Source=Security	Computer=USCHRETDC01	User=SYSTEM	Domain=NT AUTHORITY	EventID=644	EventIDCcorpoe=644	EventType=8	EventCategory=7	RecordNumber=2269577200	TimeGenerated=1389364520	TimeWritten=1389364520	Message=User Account Locked Out:   Target Account Name: Salesxp00360   Target Account ID: corpoRETAIL\Salesxp00360   Caller Machine Name: corpoS00360W12   Caller User Name: USCHRETDC01$   Caller Domain: corpoRETAIL   Caller Logon ID: (0x0,0x3E7)   
