<13>Jan 11 15:00:27 USCHPOSDC02 AgentDevice=WindowsLog	AgentLogFile=Security	PluginVersion=1.0.14	Source=Security	Computer=USCHPOSDC02	User=SVC-IDMAdmin	Domain=NA	EventID=671	EventIDCcorpoe=671	EventType=8	EventCategory=7	RecordNumber=573406405	TimeGenerated=1389470424	TimeWritten=1389470424	Message=User Account Unlocked:   Target Account Name: 651835   Target Domain:  POS   Target Account ID: POS\651835   Caller User Name: SVC-IDMAdmin   Caller Domain: NA   Caller Logon ID: (0x0,0x4BE9FA4C)   
<13>Jan 11 15:00:27 USCHPOSDC02 AgentDevice=WindowsLog	AgentLogFile=Security	PluginVersion=1.0.14	Source=Security	Computer=USCHPOSDC02	User=SVC-IDMAdmin	Domain=NA	EventID=642	EventIDCcorpoe=642	EventType=8	EventCategory=7	RecordNumber=573406401	TimeGenerated=1389470424	TimeWritten=1389470424	Message=User Account Changed:   Target Account Name: 651835   Target Domain: POS   Target Account ID: POS\651835   Caller User Name: SVC-IDMAdmin   Caller Domain: NA   Caller Logon ID: (0x0,0x4BE9FB0F)   Privileges: -  Changed Attributes:   Sam Account Name: -   Display Name: -   User Principal Name: -   Home Directory: -   Home Drive: -   Script Path: -   Profile Path: -   User Workstations: -   Password Last Set: 1/11/2014 3:00:24 PM   Account Expires: -   Primary Group ID: -   AllowedTcorpoelegateTo: -   Old UAC Value: -   New UAC Value: -   User Account Control: -   User Parameters: -   Sid History: -   Logon Hours: -   
<13>Jan 11 14:52:34 USCHPOSDC02 AgentDevice=WindowsLog	AgentLogFile=Security	PluginVersion=1.0.14	Source=Security	Computer=USCHPOSDC02	User=SVC-IDMAdmin	Domain=NA	EventID=671	EventIDCcorpoe=671	EventType=8	EventCategory=7	RecordNumber=573404523	TimeGenerated=1389469950	TimeWritten=1389469950	Message=User Account Unlocked:   Target Account Name: 599710   Target Domain:  POS   Target Account ID: POS\599710   Caller User Name: SVC-IDMAdmin   Caller Domain: NA   Caller Logon ID: (0x0,0x4BE5CCDC)   
<13>Jan 11 14:52:32 USCHPOSDC02 AgentDevice=WindowsLog	AgentLogFile=Security	PluginVersion=1.0.14	Source=Security	Computer=USCHPOSDC02	User=SVC-IDMAdmin	Domain=NA	EventID=642	EventIDCcorpoe=642	EventType=8	EventCategory=7	RecordNumber=573404517	TimeGenerated=1389469950	TimeWritten=1389469950	Message=User Account Changed:   Target Account Name: 599710   Target Domain: POS   Target Account ID: POS\599710   Caller User Name: SVC-IDMAdmin   Caller Domain: NA   Caller Logon ID: (0x0,0x4BE5CD52)   Privileges: -  Changed Attributes:   Sam Account Name: -   Display Name: -   User Principal Name: -   Home Directory: -   Home Drive: -   Script Path: -   Profile Path: -   User Workstations: -   Password Last Set: 1/11/2014 2:52:29 PM   Account Expires: -   Primary Group ID: -   AllowedTcorpoelegateTo: -   Old UAC Value: -   New UAC Value: -   User Account Control: -   User Parameters: -   Sid History: -   Logon Hours: -   
<13>Jan 11 14:45:59 USCHPOSDC02 AgentDevice=WindowsLog	AgentLogFile=Security	PluginVersion=1.0.14	Source=Security	Computer=USCHPOSDC02	User=SVC-IDMAdmin	Domain=NA	EventID=671	EventIDCcorpoe=671	EventType=8	EventCategory=7	RecordNumber=573402379	TimeGenerated=1389469555	TimeWritten=1389469555	Message=User Account Unlocked:   Target Account Name: 630129   Target Domain:  POS   Target Account ID: POS\630129   Caller User Name: SVC-IDMAdmin   Caller Domain: NA   Caller Logon ID: (0x0,0x4BE22E0A)   
<13>Jan 11 14:45:57 USCHPOSDC02 AgentDevice=WindowsLog	AgentLogFile=Security	PluginVersion=1.0.14	Source=Security	Computer=USCHPOSDC02	User=SVC-IDMAdmin	Domain=NA	EventID=642	EventIDCcorpoe=642	EventType=8	EventCategory=7	RecordNumber=573402372	TimeGenerated=1389469555	TimeWritten=1389469555	Message=User Account Changed:   Target Account Name: 630129   Target Domain: POS   Target Account ID: POS\630129   Caller User Name: SVC-IDMAdmin   Caller Domain: NA   Caller Logon ID: (0x0,0x4BE22E72)   Privileges: -  Changed Attributes:   Sam Account Name: -   Display Name: -   User Principal Name: -   Home Directory: -   Home Drive: -   Script Path: -   Profile Path: -   User Workstations: -   Password Last Set: 1/11/2014 2:45:54 PM   Account Expires: -   Primary Group ID: -   AllowedTcorpoelegateTo: -   Old UAC Value: -   New UAC Value: -   User Account Control: -   User Parameters: -   Sid History: -   Logon Hours: -   
<13>Jan 11 14:41:06 USCHPOSDC02 AgentDevice=WindowsLog	AgentLogFile=Security	PluginVersion=1.0.14	Source=Security	Computer=USCHPOSDC02	User=SVC-IDMAdmin	Domain=NA	EventID=671	EventIDCcorpoe=671	EventType=8	EventCategory=7	RecordNumber=573400653	TimeGenerated=1389469263	TimeWritten=1389469263	Message=User Account Unlocked:   Target Account Name: 424903   Target Domain:  POS   Target Account ID: POS\424903   Caller User Name: SVC-IDMAdmin   Caller Domain: NA   Caller Logon ID: (0x0,0x4BDF45D1)   
<13>Jan 11 14:41:06 USCHPOSDC02 AgentDevice=WindowsLog	AgentLogFile=Security	PluginVersion=1.0.14	Source=Security	Computer=USCHPOSDC02	User=SVC-IDMAdmin	Domain=NA	EventID=642	EventIDCcorpoe=642	EventType=8	EventCategory=7	RecordNumber=573400647	TimeGenerated=1389469262	TimeWritten=1389469262	Message=User Account Changed:   Target Account Name: 424903   Target Domain: POS   Target Account ID: POS\424903   Caller User Name: SVC-IDMAdmin   Caller Domain: NA   Caller Logon ID: (0x0,0x4BDF4809)   Privileges: -  Changed Attributes:   Sam Account Name: -   Display Name: -   User Principal Name: -   Home Directory: -   Home Drive: -   Script Path: -   Profile Path: -   User Workstations: -   Password Last Set: 1/11/2014 2:41:02 PM   Account Expires: -   Primary Group ID: -   AllowedTcorpoelegateTo: -   Old UAC Value: -   New UAC Value: -   User Account Control: -   User Parameters: -   Sid History: -   Logon Hours: -   
<13>Jan 11 14:27:06 USCHPOSDC02 AgentDevice=WindowsLog	AgentLogFile=Security	PluginVersion=1.0.14	Source=Security	Computer=USCHPOSDC02	User=SVC-IDMAdmin	Domain=NA	EventID=671	EventIDCcorpoe=671	EventType=8	EventCategory=7	RecordNumber=573397108	TimeGenerated=1389468423	TimeWritten=1389468423	Message=User Account Unlocked:   Target Account Name: 645918   Target Domain:  POS   Target Account ID: POS\645918   Caller User Name: SVC-IDMAdmin   Caller Domain: NA   Caller Logon ID: (0x0,0x4BD7D174)   
<13>Jan 11 14:27:06 USCHPOSDC02 AgentDevice=WindowsLog	AgentLogFile=Security	PluginVersion=1.0.14	Source=Security	Computer=USCHPOSDC02	User=SVC-IDMAdmin	Domain=NA	EventID=642	EventIDCcorpoe=642	EventType=8	EventCategory=7	RecordNumber=573397096	TimeGenerated=1389468423	TimeWritten=1389468423	Message=User Account Changed:   Target Account Name: 645918   Target Domain: POS   Target Account ID: POS\645918   Caller User Name: SVC-IDMAdmin   Caller Domain: NA   Caller Logon ID: (0x0,0x4BD7D1ED)   Privileges: -  Changed Attributes:   Sam Account Name: -   Display Name: -   User Principal Name: -   Home Directory: -   Home Drive: -   Script Path: -   Profile Path: -   User Workstations: -   Password Last Set: 1/11/2014 2:27:03 PM   Account Expires: -   Primary Group ID: -   AllowedTcorpoelegateTo: -   Old UAC Value: -   New UAC Value: -   User Account Control: -   User Parameters: -   Sid History: -   Logon Hours: -   
<13>Jan 11 14:19:53 USCHPOSDC02 AgentDevice=WindowsLog	AgentLogFile=Security	PluginVersion=1.0.14	Source=Security	Computer=USCHPOSDC02	User=SVC-IDMAdmin	Domain=NA	EventID=671	EventIDCcorpoe=671	EventType=8	EventCategory=7	RecordNumber=573394754	TimeGenerated=1389467991	TimeWritten=1389467991	Message=User Account Unlocked:   Target Account Name: 655980   Target Domain:  POS   Target Account ID: POS\655980   Caller User Name: SVC-IDMAdmin   Caller Domain: NA   Caller Logon ID: (0x0,0x4BD3EFF8)   
<13>Jan 11 14:19:53 USCHPOSDC02 AgentDevice=WindowsLog	AgentLogFile=Security	PluginVersion=1.0.14	Source=Security	Computer=USCHPOSDC02	User=SVC-IDMAdmin	Domain=NA	EventID=642	EventIDCcorpoe=642	EventType=8	EventCategory=7	RecordNumber=573394747	TimeGenerated=1389467991	TimeWritten=1389467991	Message=User Account Changed:   Target Account Name: 655980   Target Domain: POS   Target Account ID: POS\655980   Caller User Name: SVC-IDMAdmin   Caller Domain: NA   Caller Logon ID: (0x0,0x4BD3F136)   Privileges: -  Changed Attributes:   Sam Account Name: -   Display Name: -   User Principal Name: -   Home Directory: -   Home Drive: -   Script Path: -   Profile Path: -   User Workstations: -   Password Last Set: 1/11/2014 2:19:51 PM   Account Expires: -   Primary Group ID: -   AllowedTcorpoelegateTo: -   Old UAC Value: -   New UAC Value: -   User Account Control: -   User Parameters: -   Sid History: -   Logon Hours: -   
<13>Jan 11 14:17:27 USCHPOSDC02 AgentDevice=WindowsLog	AgentLogFile=Security	PluginVersion=1.0.14	Source=Security	Computer=USCHPOSDC02	User=SVC-IDMAdmin	Domain=NA	EventID=671	EventIDCcorpoe=671	EventType=8	EventCategory=7	RecordNumber=573394294	TimeGenerated=1389467843	TimeWritten=1389467843	Message=User Account Unlocked:   Target Account Name: 497827   Target Domain:  POS   Target Account ID: POS\497827   Caller User Name: SVC-IDMAdmin   Caller Domain: NA   Caller Logon ID: (0x0,0x4BD2BAA6)   
<13>Jan 11 14:17:25 USCHPOSDC02 AgentDevice=WindowsLog	AgentLogFile=Security	PluginVersion=1.0.14	Source=Security	Computer=USCHPOSDC02	User=SVC-IDMAdmin	Domain=NA	EventID=642	EventIDCcorpoe=642	EventType=8	EventCategory=7	RecordNumber=573394285	TimeGenerated=1389467843	TimeWritten=1389467843	Message=User Account Changed:   Target Account Name: 497827   Target Domain: POS   Target Account ID: POS\497827   Caller User Name: SVC-IDMAdmin   Caller Domain: NA   Caller Logon ID: (0x0,0x4BD2BB13)   Privileges: -  Changed Attributes:   Sam Account Name: -   Display Name: -   User Principal Name: -   Home Directory: -   Home Drive: -   Script Path: -   Profile Path: -   User Workstations: -   Password Last Set: 1/11/2014 2:17:22 PM   Account Expires: -   Primary Group ID: -   AllowedTcorpoelegateTo: -   Old UAC Value: -   New UAC Value: -   User Account Control: -   User Parameters: -   Sid History: -   Logon Hours: -   
<13>Jan 11 14:10:04 USCHPOSDC02 AgentDevice=WindowsLog	AgentLogFile=Security	PluginVersion=1.0.14	Source=Security	Computer=USCHPOSDC02	User=SVC-IDMAdmin	Domain=NA	EventID=671	EventIDCcorpoe=671	EventType=8	EventCategory=7	RecordNumber=573393185	TimeGenerated=1389467401	TimeWritten=1389467401	Message=User Account Unlocked:   Target Account Name: 639956   Target Domain:  POS   Target Account ID: POS\639956   Caller User Name: SVC-IDMAdmin   Caller Domain: NA   Caller Logon ID: (0x0,0x4BCED46F)   
<13>Jan 11 14:10:04 USCHPOSDC02 AgentDevice=WindowsLog	AgentLogFile=Security	PluginVersion=1.0.14	Source=Security	Computer=USCHPOSDC02	User=SVC-IDMAdmin	Domain=NA	EventID=642	EventIDCcorpoe=642	EventType=8	EventCategory=7	RecordNumber=573393181	TimeGenerated=1389467400	TimeWritten=1389467400	Message=User Account Changed:   Target Account Name: 639956   Target Domain: POS   Target Account ID: POS\639956   Caller User Name: SVC-IDMAdmin   Caller Domain: NA   Caller Logon ID: (0x0,0x4BCED4E3)   Privileges: -  Changed Attributes:   Sam Account Name: -   Display Name: -   User Principal Name: -   Home Directory: -   Home Drive: -   Script Path: -   Profile Path: -   User Workstations: -   Password Last Set: 1/11/2014 2:10:00 PM   Account Expires: -   Primary Group ID: -   AllowedTcorpoelegateTo: -   Old UAC Value: -   New UAC Value: -   User Account Control: -   User Parameters: -   Sid History: -   Logon Hours: -   
<13>Jan 11 14:09:38 USCHPOSDC02 AgentDevice=WindowsLog	AgentLogFile=Security	PluginVersion=1.0.14	Source=Security	Computer=USCHPOSDC02	User=SVC-IDMAdmin	Domain=NA	EventID=671	EventIDCcorpoe=671	EventType=8	EventCategory=7	RecordNumber=573393097	TimeGenerated=1389467375	TimeWritten=1389467375	Message=User Account Unlocked:   Target Account Name: 589910   Target Domain:  POS   Target Account ID: POS\589910   Caller User Name: SVC-IDMAdmin   Caller Domain: NA   Caller Logon ID: (0x0,0x4BCEA962)   
<13>Jan 11 14:09:38 USCHPOSDC02 AgentDevice=WindowsLog	AgentLogFile=Security	PluginVersion=1.0.14	Source=Security	Computer=USCHPOSDC02	User=SVC-IDMAdmin	Domain=NA	EventID=642	EventIDCcorpoe=642	EventType=8	EventCategory=7	RecordNumber=573393093	TimeGenerated=1389467374	TimeWritten=1389467374	Message=User Account Changed:   Target Account Name: 589910   Target Domain: POS   Target Account ID: POS\589910   Caller User Name: SVC-IDMAdmin   Caller Domain: NA   Caller Logon ID: (0x0,0x4BCEA9FD)   Privileges: -  Changed Attributes:   Sam Account Name: -   Display Name: -   User Principal Name: -   Home Directory: -   Home Drive: -   Script Path: -   Profile Path: -   User Workstations: -   Password Last Set: 1/11/2014 2:09:34 PM   Account Expires: -   Primary Group ID: -   AllowedTcorpoelegateTo: -   Old UAC Value: -   New UAC Value: -   User Account Control: -   User Parameters: -   Sid History: -   Logon Hours: -   
<13>Jan 11 14:03:47 USCHPOSDC02 AgentDevice=WindowsLog	AgentLogFile=Security	PluginVersion=1.0.14	Source=Security	Computer=USCHPOSDC02	User=SVC-IDMAdmin	Domain=NA	EventID=671	EventIDCcorpoe=671	EventType=8	EventCategory=7	RecordNumber=573388833	TimeGenerated=1389467025	TimeWritten=1389467025	Message=User Account Unlocked:   Target Account Name: 630810   Target Domain:  POS   Target Account ID: POS\630810   Caller User Name: SVC-IDMAdmin   Caller Domain: NA   Caller Logon ID: (0x0,0x4BCA80A4)   
<13>Jan 11 14:03:47 USCHPOSDC02 AgentDevice=WindowsLog	AgentLogFile=Security	PluginVersion=1.0.14	Source=Security	Computer=USCHPOSDC02	User=SVC-IDMAdmin	Domain=NA	EventID=642	EventIDCcorpoe=642	EventType=8	EventCategory=7	RecordNumber=573388829	TimeGenerated=1389467024	TimeWritten=1389467024	Message=User Account Changed:   Target Account Name: 630810   Target Domain: POS   Target Account ID: POS\630810   Caller User Name: SVC-IDMAdmin   Caller Domain: NA   Caller Logon ID: (0x0,0x4BCA8159)   Privileges: -  Changed Attributes:   Sam Account Name: -   Display Name: -   User Principal Name: -   Home Directory: -   Home Drive: -   Script Path: -   Profile Path: -   User Workstations: -   Password Last Set: 1/11/2014 2:03:44 PM   Account Expires: -   Primary Group ID: -   AllowedTcorpoelegateTo: -   Old UAC Value: -   New UAC Value: -   User Account Control: -   User Parameters: -   Sid History: -   Logon Hours: -   
<13>Jan 11 13:35:09 USCHPOSDC02 AgentDevice=WindowsLog	AgentLogFile=Security	PluginVersion=1.0.14	Source=Security	Computer=USCHPOSDC02	User=SVC-IDMAdmin	Domain=NA	EventID=671	EventIDCcorpoe=671	EventType=8	EventCategory=7	RecordNumber=573375617	TimeGenerated=1389465306	TimeWritten=1389465306	Message=User Account Unlocked:   Target Account Name: 540104   Target Domain:  POS   Target Account ID: POS\540104   Caller User Name: SVC-IDMAdmin   Caller Domain: NA   Caller Logon ID: (0x0,0x4BB8669A)   
<13>Jan 11 13:35:09 USCHPOSDC02 AgentDevice=WindowsLog	AgentLogFile=Security	PluginVersion=1.0.14	Source=Security	Computer=USCHPOSDC02	User=SVC-IDMAdmin	Domain=NA	EventID=642	EventIDCcorpoe=642	EventType=8	EventCategory=7	RecordNumber=573375602	TimeGenerated=1389465306	TimeWritten=1389465306	Message=User Account Changed:   Target Account Name: 540104   Target Domain: POS   Target Account ID: POS\540104   Caller User Name: SVC-IDMAdmin   Caller Domain: NA   Caller Logon ID: (0x0,0x4BB86D41)   Privileges: -  Changed Attributes:   Sam Account Name: -   Display Name: -   User Principal Name: -   Home Directory: -   Home Drive: -   Script Path: -   Profile Path: -   User Workstations: -   Password Last Set: 1/11/2014 1:35:06 PM   Account Expires: -   Primary Group ID: -   AllowedTcorpoelegateTo: -   Old UAC Value: -   New UAC Value: -   User Account Control: -   User Parameters: -   Sid History: -   Logon Hours: -   
<13>Jan 11 13:27:35 USCHPOSDC02 AgentDevice=WindowsLog	AgentLogFile=Security	PluginVersion=1.0.14	Source=Security	Computer=USCHPOSDC02	User=SVC-IDMAdmin	Domain=NA	EventID=671	EventIDCcorpoe=671	EventType=8	EventCategory=7	RecordNumber=573366175	TimeGenerated=1389464843	TimeWritten=1389464843	Message=User Account Unlocked:   Target Account Name: 645467   Target Domain:  POS   Target Account ID: POS\645467   Caller User Name: SVC-IDMAdmin   Caller Domain: NA   Caller Logon ID: (0x0,0x4BB18CA8)   
<13>Jan 11 13:27:35 USCHPOSDC02 AgentDevice=WindowsLog	AgentLogFile=Security	PluginVersion=1.0.14	Source=Security	Computer=USCHPOSDC02	User=SVC-IDMAdmin	Domain=NA	EventID=642	EventIDCcorpoe=642	EventType=8	EventCategory=7	RecordNumber=573366148	TimeGenerated=1389464842	TimeWritten=1389464842	Message=User Account Changed:   Target Account Name: 645467   Target Domain: POS   Target Account ID: POS\645467   Caller User Name: SVC-IDMAdmin   Caller Domain: NA   Caller Logon ID: (0x0,0x4BB18D60)   Privileges: -  Changed Attributes:   Sam Account Name: -   Display Name: -   User Principal Name: -   Home Directory: -   Home Drive: -   Script Path: -   Profile Path: -   User Workstations: -   Password Last Set: 1/11/2014 1:27:22 PM   Account Expires: -   Primary Group ID: -   AllowedTcorpoelegateTo: -   Old UAC Value: -   New UAC Value: -   User Account Control: -   User Parameters: -   Sid History: -   Logon Hours: -   
<13>Jan 11 13:21:34 USCHPOSDC02 AgentDevice=WindowsLog	AgentLogFile=Security	PluginVersion=1.0.14	Source=Security	Computer=USCHPOSDC02	User=SVC-IDMAdmin	Domain=NA	EventID=671	EventIDCcorpoe=671	EventType=8	EventCategory=7	RecordNumber=573357744	TimeGenerated=1389464491	TimeWritten=1389464491	Message=User Account Unlocked:   Target Account Name: 656018   Target Domain:  POS   Target Account ID: POS\656018   Caller User Name: SVC-IDMAdmin   Caller Domain: NA   Caller Logon ID: (0x0,0x4BABFF02)   
<13>Jan 11 13:21:34 USCHPOSDC02 AgentDevice=WindowsLog	AgentLogFile=Security	PluginVersion=1.0.14	Source=Security	Computer=USCHPOSDC02	User=SVC-IDMAdmin	Domain=NA	EventID=642	EventIDCcorpoe=642	EventType=8	EventCategory=7	RecordNumber=573357737	TimeGenerated=1389464491	TimeWritten=1389464491	Message=User Account Changed:   Target Account Name: 656018   Target Domain: POS   Target Account ID: POS\656018   Caller User Name: SVC-IDMAdmin   Caller Domain: NA   Caller Logon ID: (0x0,0x4BABFF68)   Privileges: -  Changed Attributes:   Sam Account Name: -   Display Name: -   User Principal Name: -   Home Directory: -   Home Drive: -   Script Path: -   Profile Path: -   User Workstations: -   Password Last Set: 1/11/2014 1:21:31 PM   Account Expires: -   Primary Group ID: -   AllowedTcorpoelegateTo: -   Old UAC Value: -   New UAC Value: -   User Account Control: -   User Parameters: -   Sid History: -   Logon Hours: -   
<13>Jan 11 13:13:47 USCHPOSDC02 AgentDevice=WindowsLog	AgentLogFile=Security	PluginVersion=1.0.14	Source=Security	Computer=USCHPOSDC02	User=SVC-IDMAdmin	Domain=NA	EventID=671	EventIDCcorpoe=671	EventType=8	EventCategory=7	RecordNumber=573344993	TimeGenerated=1389464005	TimeWritten=1389464005	Message=User Account Unlocked:   Target Account Name: 567104   Target Domain:  POS   Target Account ID: POS\567104   Caller User Name: SVC-IDMAdmin   Caller Domain: NA   Caller Logon ID: (0x0,0x4BA39E88)   
<13>Jan 11 13:13:47 USCHPOSDC02 AgentDevice=WindowsLog	AgentLogFile=Security	PluginVersion=1.0.14	Source=Security	Computer=USCHPOSDC02	User=SVC-IDMAdmin	Domain=NA	EventID=642	EventIDCcorpoe=642	EventType=8	EventCategory=7	RecordNumber=573344966	TimeGenerated=1389464005	TimeWritten=1389464005	Message=User Account Changed:   Target Account Name: 567104   Target Domain: POS   Target Account ID: POS\567104   Caller User Name: SVC-IDMAdmin   Caller Domain: NA   Caller Logon ID: (0x0,0x4BA3A0E4)   Privileges: -  Changed Attributes:   Sam Account Name: -   Display Name: -   User Principal Name: -   Home Directory: -   Home Drive: -   Script Path: -   Profile Path: -   User Workstations: -   Password Last Set: 1/11/2014 1:13:25 PM   Account Expires: -   Primary Group ID: -   AllowedTcorpoelegateTo: -   Old UAC Value: -   New UAC Value: -   User Account Control: -   User Parameters: -   Sid History: -   Logon Hours: -   
<13>Jan 11 12:45:28 USCHPOSDC02 AgentDevice=WindowsLog	AgentLogFile=Security	PluginVersion=1.0.14	Source=Security	Computer=USCHPOSDC02	User=SVC-IDMAdmin	Domain=NA	EventID=671	EventIDCcorpoe=671	EventType=8	EventCategory=7	RecordNumber=573328913	TimeGenerated=1389462326	TimeWritten=1389462326	Message=User Account Unlocked:   Target Account Name: 624817   Target Domain:  POS   Target Account ID: POS\624817   Caller User Name: SVC-IDMAdmin   Caller Domain: NA   Caller Logon ID: (0x0,0x4B9197FD)   
<13>Jan 11 12:45:28 USCHPOSDC02 AgentDevice=WindowsLog	AgentLogFile=Security	PluginVersion=1.0.14	Source=Security	Computer=USCHPOSDC02	User=SVC-IDMAdmin	Domain=NA	EventID=642	EventIDCcorpoe=642	EventType=8	EventCategory=7	RecordNumber=573328903	TimeGenerated=1389462326	TimeWritten=1389462326	Message=User Account Changed:   Target Account Name: 624817   Target Domain: POS   Target Account ID: POS\624817   Caller User Name: SVC-IDMAdmin   Caller Domain: NA   Caller Logon ID: (0x0,0x4B91986C)   Privileges: -  Changed Attributes:   Sam Account Name: -   Display Name: -   User Principal Name: -   Home Directory: -   Home Drive: -   Script Path: -   Profile Path: -   User Workstations: -   Password Last Set: 1/11/2014 12:45:26 PM   Account Expires: -   Primary Group ID: -   AllowedTcorpoelegateTo: -   Old UAC Value: -   New UAC Value: -   User Account Control: -   User Parameters: -   Sid History: -   Logon Hours: -   
<13>Jan 11 12:44:44 USCHPOSDC02 AgentDevice=WindowsLog	AgentLogFile=Security	PluginVersion=1.0.14	Source=Security	Computer=USCHPOSDC02	User=SVC-IDMAdmin	Domain=NA	EventID=671	EventIDCcorpoe=671	EventType=8	EventCategory=7	RecordNumber=573328681	TimeGenerated=1389462281	TimeWritten=1389462281	Message=User Account Unlocked:   Target Account Name: 639963   Target Domain:  POS   Target Account ID: POS\639963   Caller User Name: SVC-IDMAdmin   Caller Domain: NA   Caller Logon ID: (0x0,0x4B910842)   
<13>Jan 11 12:44:44 USCHPOSDC02 AgentDevice=WindowsLog	AgentLogFile=Security	PluginVersion=1.0.14	Source=Security	Computer=USCHPOSDC02	User=SVC-IDMAdmin	Domain=NA	EventID=642	EventIDCcorpoe=642	EventType=8	EventCategory=7	RecordNumber=573328677	TimeGenerated=1389462280	TimeWritten=1389462280	Message=User Account Changed:   Target Account Name: 639963   Target Domain: POS   Target Account ID: POS\639963   Caller User Name: SVC-IDMAdmin   Caller Domain: NA   Caller Logon ID: (0x0,0x4B9108B1)   Privileges: -  Changed Attributes:   Sam Account Name: -   Display Name: -   User Principal Name: -   Home Directory: -   Home Drive: -   Script Path: -   Profile Path: -   User Workstations: -   Password Last Set: 1/11/2014 12:44:40 PM   Account Expires: -   Primary Group ID: -   AllowedTcorpoelegateTo: -   Old UAC Value: -   New UAC Value: -   User Account Control: -   User Parameters: -   Sid History: -   Logon Hours: -   
<13>Jan 11 12:42:18 USCHPOSDC02 AgentDevice=WindowsLog	AgentLogFile=Security	PluginVersion=1.0.14	Source=Security	Computer=USCHPOSDC02	User=SVC-IDMAdmin	Domain=NA	EventID=671	EventIDCcorpoe=671	EventType=8	EventCategory=7	RecordNumber=573327951	TimeGenerated=1389462135	TimeWritten=1389462135	Message=User Account Unlocked:   Target Account Name: 656055   Target Domain:  POS   Target Account ID: POS\656055   Caller User Name: SVC-IDMAdmin   Caller Domain: NA   Caller Logon ID: (0x0,0x4B8FBF27)   
<13>Jan 11 12:42:18 USCHPOSDC02 AgentDevice=WindowsLog	AgentLogFile=Security	PluginVersion=1.0.14	Source=Security	Computer=USCHPOSDC02	User=SVC-IDMAdmin	Domain=NA	EventID=642	EventIDCcorpoe=642	EventType=8	EventCategory=7	RecordNumber=573327942	TimeGenerated=1389462135	TimeWritten=1389462135	Message=User Account Changed:   Target Account Name: 656055   Target Domain: POS   Target Account ID: POS\656055   Caller User Name: SVC-IDMAdmin   Caller Domain: NA   Caller Logon ID: (0x0,0x4B8FC044)   Privileges: -  Changed Attributes:   Sam Account Name: -   Display Name: -   User Principal Name: -   Home Directory: -   Home Drive: -   Script Path: -   Profile Path: -   User Workstations: -   Password Last Set: 1/11/2014 12:42:15 PM   Account Expires: -   Primary Group ID: -   AllowedTcorpoelegateTo: -   Old UAC Value: -   New UAC Value: -   User Account Control: -   User Parameters: -   Sid History: -   Logon Hours: -   
<13>Jan 11 12:29:57 USCHPOSDC02 AgentDevice=WindowsLog	AgentLogFile=Security	PluginVersion=1.0.14	Source=Security	Computer=USCHPOSDC02	User=SVC-IDMAdmin	Domain=NA	EventID=671	EventIDCcorpoe=671	EventType=8	EventCategory=7	RecordNumber=573325022	TimeGenerated=1389461394	TimeWritten=1389461394	Message=User Account Unlocked:   Target Account Name: 645188   Target Domain:  POS   Target Account ID: POS\645188   Caller User Name: SVC-IDMAdmin   Caller Domain: NA   Caller Logon ID: (0x0,0x4B892D15)   
<13>Jan 11 12:29:57 USCHPOSDC02 AgentDevice=WindowsLog	AgentLogFile=Security	PluginVersion=1.0.14	Source=Security	Computer=USCHPOSDC02	User=SVC-IDMAdmin	Domain=NA	EventID=642	EventIDCcorpoe=642	EventType=8	EventCategory=7	RecordNumber=573325017	TimeGenerated=1389461394	TimeWritten=1389461394	Message=User Account Changed:   Target Account Name: 645188   Target Domain: POS   Target Account ID: POS\645188   Caller User Name: SVC-IDMAdmin   Caller Domain: NA   Caller Logon ID: (0x0,0x4B892D87)   Privileges: -  Changed Attributes:   Sam Account Name: -   Display Name: -   User Principal Name: -   Home Directory: -   Home Drive: -   Script Path: -   Profile Path: -   User Workstations: -   Password Last Set: 1/11/2014 12:29:53 PM   Account Expires: -   Primary Group ID: -   AllowedTcorpoelegateTo: -   Old UAC Value: -   New UAC Value: -   User Account Control: -   User Parameters: -   Sid History: -   Logon Hours: -   
<13>Jan 11 12:19:53 USCHPOSDC02 AgentDevice=WindowsLog	AgentLogFile=Security	PluginVersion=1.0.14	Source=Security	Computer=USCHPOSDC02	User=SVC-IDMAdmin	Domain=NA	EventID=671	EventIDCcorpoe=671	EventType=8	EventCategory=7	RecordNumber=573322075	TimeGenerated=1389460791	TimeWritten=1389460791	Message=User Account Unlocked:   Target Account Name: 641561   Target Domain:  POS   Target Account ID: POS\641561   Caller User Name: SVC-IDMAdmin   Caller Domain: NA   Caller Logon ID: (0x0,0x4B83BE48)   
<13>Jan 11 12:19:53 USCHPOSDC02 AgentDevice=WindowsLog	AgentLogFile=Security	PluginVersion=1.0.14	Source=Security	Computer=USCHPOSDC02	User=SVC-IDMAdmin	Domain=NA	EventID=642	EventIDCcorpoe=642	EventType=8	EventCategory=7	RecordNumber=573322069	TimeGenerated=1389460790	TimeWritten=1389460790	Message=User Account Changed:   Target Account Name: 641561   Target Domain: POS   Target Account ID: POS\641561   Caller User Name: SVC-IDMAdmin   Caller Domain: NA   Caller Logon ID: (0x0,0x4B83C079)   Privileges: -  Changed Attributes:   Sam Account Name: -   Display Name: -   User Principal Name: -   Home Directory: -   Home Drive: -   Script Path: -   Profile Path: -   User Workstations: -   Password Last Set: 1/11/2014 12:19:50 PM   Account Expires: -   Primary Group ID: -   AllowedTcorpoelegateTo: -   Old UAC Value: -   New UAC Value: -   User Account Control: -   User Parameters: -   Sid History: -   Logon Hours: -   
<13>Jan 11 12:05:45 USCHPOSDC02 AgentDevice=WindowsLog	AgentLogFile=Security	PluginVersion=1.0.14	Source=Security	Computer=USCHPOSDC02	User=SVC-IDMAdmin	Domain=NA	EventID=671	EventIDCcorpoe=671	EventType=8	EventCategory=7	RecordNumber=573316918	TimeGenerated=1389459942	TimeWritten=1389459942	Message=User Account Unlocked:   Target Account Name: 624970   Target Domain:  POS   Target Account ID: POS\624970   Caller User Name: SVC-IDMAdmin   Caller Domain: NA   Caller Logon ID: (0x0,0x4B7BD388)   
<13>Jan 11 12:05:45 USCHPOSDC02 AgentDevice=WindowsLog	AgentLogFile=Security	PluginVersion=1.0.14	Source=Security	Computer=USCHPOSDC02	User=SVC-IDMAdmin	Domain=NA	EventID=642	EventIDCcorpoe=642	EventType=8	EventCategory=7	RecordNumber=573316911	TimeGenerated=1389459941	TimeWritten=1389459941	Message=User Account Changed:   Target Account Name: 624970   Target Domain: POS   Target Account ID: POS\624970   Caller User Name: SVC-IDMAdmin   Caller Domain: NA   Caller Logon ID: (0x0,0x4B7BD3F6)   Privileges: -  Changed Attributes:   Sam Account Name: -   Display Name: -   User Principal Name: -   Home Directory: -   Home Drive: -   Script Path: -   Profile Path: -   User Workstations: -   Password Last Set: 1/11/2014 12:05:41 PM   Account Expires: -   Primary Group ID: -   AllowedTcorpoelegateTo: -   Old UAC Value: -   New UAC Value: -   User Account Control: -   User Parameters: -   Sid History: -   Logon Hours: -   
<13>Jan 11 12:02:54 USCHPOSDC02 AgentDevice=WindowsLog	AgentLogFile=Security	PluginVersion=1.0.14	Source=Security	Computer=USCHPOSDC02	User=SVC-IDMAdmin	Domain=NA	EventID=671	EventIDCcorpoe=671	EventType=8	EventCategory=7	RecordNumber=573315776	TimeGenerated=1389459771	TimeWritten=1389459771	Message=User Account Unlocked:   Target Account Name: 475545   Target Domain:  POS   Target Account ID: POS\475545   Caller User Name: SVC-IDMAdmin   Caller Domain: NA   Caller Logon ID: (0x0,0x4B7A4CB5)   
<13>Jan 11 12:02:54 USCHPOSDC02 AgentDevice=WindowsLog	AgentLogFile=Security	PluginVersion=1.0.14	Source=Security	Computer=USCHPOSDC02	User=SVC-IDMAdmin	Domain=NA	EventID=642	EventIDCcorpoe=642	EventType=8	EventCategory=7	RecordNumber=573315766	TimeGenerated=1389459771	TimeWritten=1389459771	Message=User Account Changed:   Target Account Name: 475545   Target Domain: POS   Target Account ID: POS\475545   Caller User Name: SVC-IDMAdmin   Caller Domain: NA   Caller Logon ID: (0x0,0x4B7A4D2F)   Privileges: -  Changed Attributes:   Sam Account Name: -   Display Name: -   User Principal Name: -   Home Directory: -   Home Drive: -   Script Path: -   Profile Path: -   User Workstations: -   Password Last Set: 1/11/2014 12:02:51 PM   Account Expires: -   Primary Group ID: -   AllowedTcorpoelegateTo: -   Old UAC Value: -   New UAC Value: -   User Account Control: -   User Parameters: -   Sid History: -   Logon Hours: -   
<13>Jan 11 12:01:40 USCHPOSDC02 AgentDevice=WindowsLog	AgentLogFile=Security	PluginVersion=1.0.14	Source=Security	Computer=USCHPOSDC02	User=SVC-IDMAdmin	Domain=NA	EventID=671	EventIDCcorpoe=671	EventType=8	EventCategory=7	RecordNumber=573315244	TimeGenerated=1389459696	TimeWritten=1389459696	Message=User Account Unlocked:   Target Account Name: 630504   Target Domain:  POS   Target Account ID: POS\630504   Caller User Name: SVC-IDMAdmin   Caller Domain: NA   Caller Logon ID: (0x0,0x4B797B6A)   
<13>Jan 11 12:01:40 USCHPOSDC02 AgentDevice=WindowsLog	AgentLogFile=Security	PluginVersion=1.0.14	Source=Security	Computer=USCHPOSDC02	User=SVC-IDMAdmin	Domain=NA	EventID=642	EventIDCcorpoe=642	EventType=8	EventCategory=7	RecordNumber=573315240	TimeGenerated=1389459696	TimeWritten=1389459696	Message=User Account Changed:   Target Account Name: 630504   Target Domain: POS   Target Account ID: POS\630504   Caller User Name: SVC-IDMAdmin   Caller Domain: NA   Caller Logon ID: (0x0,0x4B797BD0)   Privileges: -  Changed Attributes:   Sam Account Name: -   Display Name: -   User Principal Name: -   Home Directory: -   Home Drive: -   Script Path: -   Profile Path: -   User Workstations: -   Password Last Set: 1/11/2014 12:01:36 PM   Account Expires: -   Primary Group ID: -   AllowedTcorpoelegateTo: -   Old UAC Value: -   New UAC Value: -   User Account Control: -   User Parameters: -   Sid History: -   Logon Hours: -   
<13>Jan 11 12:00:20 USCHPOSDC02 AgentDevice=WindowsLog	AgentLogFile=Security	PluginVersion=1.0.14	Source=Security	Computer=USCHPOSDC02	User=SVC-IDMAdmin	Domain=NA	EventID=671	EventIDCcorpoe=671	EventType=8	EventCategory=7	RecordNumber=573314681	TimeGenerated=1389459616	TimeWritten=1389459616	Message=User Account Unlocked:   Target Account Name: 655717   Target Domain:  POS   Target Account ID: POS\655717   Caller User Name: SVC-IDMAdmin   Caller Domain: NA   Caller Logon ID: (0x0,0x4B788E9D)   
<13>Jan 11 12:00:20 USCHPOSDC02 AgentDevice=WindowsLog	AgentLogFile=Security	PluginVersion=1.0.14	Source=Security	Computer=USCHPOSDC02	User=SVC-IDMAdmin	Domain=NA	EventID=642	EventIDCcorpoe=642	EventType=8	EventCategory=7	RecordNumber=573314660	TimeGenerated=1389459616	TimeWritten=1389459616	Message=User Account Changed:   Target Account Name: 655717   Target Domain: POS   Target Account ID: POS\655717   Caller User Name: SVC-IDMAdmin   Caller Domain: NA   Caller Logon ID: (0x0,0x4B788F02)   Privileges: -  Changed Attributes:   Sam Account Name: -   Display Name: -   User Principal Name: -   Home Directory: -   Home Drive: -   Script Path: -   Profile Path: -   User Workstations: -   Password Last Set: 1/11/2014 12:00:16 PM   Account Expires: -   Primary Group ID: -   AllowedTcorpoelegateTo: -   Old UAC Value: -   New UAC Value: -   User Account Control: -   User Parameters: -   Sid History: -   Logon Hours: -   
<13>Jan 11 11:54:19 USCHPOSDC02 AgentDevice=WindowsLog	AgentLogFile=Security	PluginVersion=1.0.14	Source=Security	Computer=USCHPOSDC02	User=SVC-IDMAdmin	Domain=NA	EventID=671	EventIDCcorpoe=671	EventType=8	EventCategory=7	RecordNumber=573309152	TimeGenerated=1389459256	TimeWritten=1389459256	Message=User Account Unlocked:   Target Account Name: 049223   Target Domain:  POS   Target Account ID: POS\049223   Caller User Name: SVC-IDMAdmin   Caller Domain: NA   Caller Logon ID: (0x0,0x4B73F715)   
<13>Jan 11 11:54:19 USCHPOSDC02 AgentDevice=WindowsLog	AgentLogFile=Security	PluginVersion=1.0.14	Source=Security	Computer=USCHPOSDC02	User=SVC-IDMAdmin	Domain=NA	EventID=642	EventIDCcorpoe=642	EventType=8	EventCategory=7	RecordNumber=573309146	TimeGenerated=1389459256	TimeWritten=1389459256	Message=User Account Changed:   Target Account Name: 049223   Target Domain: POS   Target Account ID: POS\049223   Caller User Name: SVC-IDMAdmin   Caller Domain: NA   Caller Logon ID: (0x0,0x4B73F81A)   Privileges: -  Changed Attributes:   Sam Account Name: -   Display Name: -   User Principal Name: -   Home Directory: -   Home Drive: -   Script Path: -   Profile Path: -   User Workstations: -   Password Last Set: 1/11/2014 11:54:16 AM   Account Expires: -   Primary Group ID: -   AllowedTcorpoelegateTo: -   Old UAC Value: -   New UAC Value: -   User Account Control: -   User Parameters: -   Sid History: -   Logon Hours: -   
<13>Jan 11 11:49:26 USCHPOSDC02 AgentDevice=WindowsLog	AgentLogFile=Security	PluginVersion=1.0.14	Source=Security	Computer=USCHPOSDC02	User=SVC-IDMAdmin	Domain=NA	EventID=671	EventIDCcorpoe=671	EventType=8	EventCategory=7	RecordNumber=573304266	TimeGenerated=1389458963	TimeWritten=1389458963	Message=User Account Unlocked:   Target Account Name: 642225   Target Domain:  POS   Target Account ID: POS\642225   Caller User Name: SVC-IDMAdmin   Caller Domain: NA   Caller Logon ID: (0x0,0x4B701552)   
<13>Jan 11 11:49:26 USCHPOSDC02 AgentDevice=WindowsLog	AgentLogFile=Security	PluginVersion=1.0.14	Source=Security	Computer=USCHPOSDC02	User=SVC-IDMAdmin	Domain=NA	EventID=642	EventIDCcorpoe=642	EventType=8	EventCategory=7	RecordNumber=573304260	TimeGenerated=1389458963	TimeWritten=1389458963	Message=User Account Changed:   Target Account Name: 642225   Target Domain: POS   Target Account ID: POS\642225   Caller User Name: SVC-IDMAdmin   Caller Domain: NA   Caller Logon ID: (0x0,0x4B7015B6)   Privileges: -  Changed Attributes:   Sam Account Name: -   Display Name: -   User Principal Name: -   Home Directory: -   Home Drive: -   Script Path: -   Profile Path: -   User Workstations: -   Password Last Set: 1/11/2014 11:49:23 AM   Account Expires: -   Primary Group ID: -   AllowedTcorpoelegateTo: -   Old UAC Value: -   New UAC Value: -   User Account Control: -   User Parameters: -   Sid History: -   Logon Hours: -   
<13>Jan 11 11:40:40 USCHPOSDC02 AgentDevice=WindowsLog	AgentLogFile=Security	PluginVersion=1.0.14	Source=Security	Computer=USCHPOSDC02	User=SVC-IDMAdmin	Domain=NA	EventID=671	EventIDCcorpoe=671	EventType=8	EventCategory=7	RecordNumber=573301746	TimeGenerated=1389458437	TimeWritten=1389458437	Message=User Account Unlocked:   Target Account Name: 620579   Target Domain:  POS   Target Account ID: POS\620579   Caller User Name: SVC-IDMAdmin   Caller Domain: NA   Caller Logon ID: (0x0,0x4B6B4033)   
<13>Jan 11 11:40:40 USCHPOSDC02 AgentDevice=WindowsLog	AgentLogFile=Security	PluginVersion=1.0.14	Source=Security	Computer=USCHPOSDC02	User=SVC-IDMAdmin	Domain=NA	EventID=642	EventIDCcorpoe=642	EventType=8	EventCategory=7	RecordNumber=573301742	TimeGenerated=1389458437	TimeWritten=1389458437	Message=User Account Changed:   Target Account Name: 620579   Target Domain: POS   Target Account ID: POS\620579   Caller User Name: SVC-IDMAdmin   Caller Domain: NA   Caller Logon ID: (0x0,0x4B6B41FA)   Privileges: -  Changed Attributes:   Sam Account Name: -   Display Name: -   User Principal Name: -   Home Directory: -   Home Drive: -   Script Path: -   Profile Path: -   User Workstations: -   Password Last Set: 1/11/2014 11:40:37 AM   Account Expires: -   Primary Group ID: -   AllowedTcorpoelegateTo: -   Old UAC Value: -   New UAC Value: -   User Account Control: -   User Parameters: -   Sid History: -   Logon Hours: -   
<13>Jan 11 11:36:58 USCHPOSDC02 AgentDevice=WindowsLog	AgentLogFile=Security	PluginVersion=1.0.14	Source=Security	Computer=USCHPOSDC02	User=SVC-IDMAdmin	Domain=NA	EventID=671	EventIDCcorpoe=671	EventType=8	EventCategory=7	RecordNumber=573300635	TimeGenerated=1389458215	TimeWritten=1389458215	Message=User Account Unlocked:   Target Account Name: 508257   Target Domain:  POS   Target Account ID: POS\508257   Caller User Name: SVC-IDMAdmin   Caller Domain: NA   Caller Logon ID: (0x0,0x4B692DD8)   
<13>Jan 11 11:36:58 USCHPOSDC02 AgentDevice=WindowsLog	AgentLogFile=Security	PluginVersion=1.0.14	Source=Security	Computer=USCHPOSDC02	User=SVC-IDMAdmin	Domain=NA	EventID=642	EventIDCcorpoe=642	EventType=8	EventCategory=7	RecordNumber=573300625	TimeGenerated=1389458215	TimeWritten=1389458215	Message=User Account Changed:   Target Account Name: 508257   Target Domain: POS   Target Account ID: POS\508257   Caller User Name: SVC-IDMAdmin   Caller Domain: NA   Caller Logon ID: (0x0,0x4B692E7C)   Privileges: -  Changed Attributes:   Sam Account Name: -   Display Name: -   User Principal Name: -   Home Directory: -   Home Drive: -   Script Path: -   Profile Path: -   User Workstations: -   Password Last Set: 1/11/2014 11:36:54 AM   Account Expires: -   Primary Group ID: -   AllowedTcorpoelegateTo: -   Old UAC Value: -   New UAC Value: -   User Account Control: -   User Parameters: -   Sid History: -   Logon Hours: -   
<13>Jan 11 11:06:16 USCHPOSDC02 AgentDevice=WindowsLog	AgentLogFile=Security	PluginVersion=1.0.14	Source=Security	Computer=USCHPOSDC02	User=SVC-IDMAdmin	Domain=NA	EventID=671	EventIDCcorpoe=671	EventType=8	EventCategory=7	RecordNumber=573259483	TimeGenerated=1389456373	TimeWritten=1389456373	Message=User Account Unlocked:   Target Account Name: 656046   Target Domain:  POS   Target Account ID: POS\656046   Caller User Name: SVC-IDMAdmin   Caller Domain: NA   Caller Logon ID: (0x0,0x4B4C59D8)   
<13>Jan 11 11:06:16 USCHPOSDC02 AgentDevice=WindowsLog	AgentLogFile=Security	PluginVersion=1.0.14	Source=Security	Computer=USCHPOSDC02	User=SVC-IDMAdmin	Domain=NA	EventID=642	EventIDCcorpoe=642	EventType=8	EventCategory=7	RecordNumber=573259475	TimeGenerated=1389456372	TimeWritten=1389456372	Message=User Account Changed:   Target Account Name: 656046   Target Domain: POS   Target Account ID: POS\656046   Caller User Name: SVC-IDMAdmin   Caller Domain: NA   Caller Logon ID: (0x0,0x4B4C5B5A)   Privileges: -  Changed Attributes:   Sam Account Name: -   Display Name: -   User Principal Name: -   Home Directory: -   Home Drive: -   Script Path: -   Profile Path: -   User Workstations: -   Password Last Set: 1/11/2014 11:06:12 AM   Account Expires: -   Primary Group ID: -   AllowedTcorpoelegateTo: -   Old UAC Value: -   New UAC Value: -   User Account Control: -   User Parameters: -   Sid History: -   Logon Hours: -   
<13>Jan 11 10:52:51 USCHPOSDC02 AgentDevice=WindowsLog	AgentLogFile=Security	PluginVersion=1.0.14	Source=Security	Computer=USCHPOSDC02	User=SVC-IDMAdmin	Domain=NA	EventID=671	EventIDCcorpoe=671	EventType=8	EventCategory=7	RecordNumber=573254060	TimeGenerated=1389455567	TimeWritten=1389455567	Message=User Account Unlocked:   Target Account Name: 092372   Target Domain:  POS   Target Account ID: POS\092372   Caller User Name: SVC-IDMAdmin   Caller Domain: NA   Caller Logon ID: (0x0,0x4B44E71D)   
<13>Jan 11 10:52:49 USCHPOSDC02 AgentDevice=WindowsLog	AgentLogFile=Security	PluginVersion=1.0.14	Source=Security	Computer=USCHPOSDC02	User=SVC-IDMAdmin	Domain=NA	EventID=642	EventIDCcorpoe=642	EventType=8	EventCategory=7	RecordNumber=573254053	TimeGenerated=1389455567	TimeWritten=1389455567	Message=User Account Changed:   Target Account Name: 092372   Target Domain: POS   Target Account ID: POS\092372   Caller User Name: SVC-IDMAdmin   Caller Domain: NA   Caller Logon ID: (0x0,0x4B44E959)   Privileges: -  Changed Attributes:   Sam Account Name: -   Display Name: -   User Principal Name: -   Home Directory: -   Home Drive: -   Script Path: -   Profile Path: -   User Workstations: -   Password Last Set: 1/11/2014 10:52:47 AM   Account Expires: -   Primary Group ID: -   AllowedTcorpoelegateTo: -   Old UAC Value: -   New UAC Value: -   User Account Control: -   User Parameters: -   Sid History: -   Logon Hours: -   
<13>Jan 11 10:50:29 USCHPOSDC02 AgentDevice=WindowsLog	AgentLogFile=Security	PluginVersion=1.0.14	Source=Security	Computer=USCHPOSDC02	User=SVC-IDMAdmin	Domain=NA	EventID=671	EventIDCcorpoe=671	EventType=8	EventCategory=7	RecordNumber=573253133	TimeGenerated=1389455426	TimeWritten=1389455426	Message=User Account Unlocked:   Target Account Name: 566358   Target Domain:  POS   Target Account ID: POS\566358   Caller User Name: SVC-IDMAdmin   Caller Domain: NA   Caller Logon ID: (0x0,0x4B438C03)   
<13>Jan 11 10:50:29 USCHPOSDC02 AgentDevice=WindowsLog	AgentLogFile=Security	PluginVersion=1.0.14	Source=Security	Computer=USCHPOSDC02	User=SVC-IDMAdmin	Domain=NA	EventID=642	EventIDCcorpoe=642	EventType=8	EventCategory=7	RecordNumber=573253123	TimeGenerated=1389455426	TimeWritten=1389455426	Message=User Account Changed:   Target Account Name: 566358   Target Domain: POS   Target Account ID: POS\566358   Caller User Name: SVC-IDMAdmin   Caller Domain: NA   Caller Logon ID: (0x0,0x4B438C68)   Privileges: -  Changed Attributes:   Sam Account Name: -   Display Name: -   User Principal Name: -   Home Directory: -   Home Drive: -   Script Path: -   Profile Path: -   User Workstations: -   Password Last Set: 1/11/2014 10:50:26 AM   Account Expires: -   Primary Group ID: -   AllowedTcorpoelegateTo: -   Old UAC Value: -   New UAC Value: -   User Account Control: -   User Parameters: -   Sid History: -   Logon Hours: -   
<13>Jan 11 10:46:58 USCHPOSDC02 AgentDevice=WindowsLog	AgentLogFile=Security	PluginVersion=1.0.14	Source=Security	Computer=USCHPOSDC02	User=SVC-IDMAdmin	Domain=NA	EventID=671	EventIDCcorpoe=671	EventType=8	EventCategory=7	RecordNumber=573252298	TimeGenerated=1389455215	TimeWritten=1389455215	Message=User Account Unlocked:   Target Account Name: 639220   Target Domain:  POS   Target Account ID: POS\639220   Caller User Name: SVC-IDMAdmin   Caller Domain: NA   Caller Logon ID: (0x0,0x4B41B11E)   
<13>Jan 11 10:46:58 USCHPOSDC02 AgentDevice=WindowsLog	AgentLogFile=Security	PluginVersion=1.0.14	Source=Security	Computer=USCHPOSDC02	User=SVC-IDMAdmin	Domain=NA	EventID=642	EventIDCcorpoe=642	EventType=8	EventCategory=7	RecordNumber=573252294	TimeGenerated=1389455215	TimeWritten=1389455215	Message=User Account Changed:   Target Account Name: 639220   Target Domain: POS   Target Account ID: POS\639220   Caller User Name: SVC-IDMAdmin   Caller Domain: NA   Caller Logon ID: (0x0,0x4B41B197)   Privileges: -  Changed Attributes:   Sam Account Name: -   Display Name: -   User Principal Name: -   Home Directory: -   Home Drive: -   Script Path: -   Profile Path: -   User Workstations: -   Password Last Set: 1/11/2014 10:46:55 AM   Account Expires: -   Primary Group ID: -   AllowedTcorpoelegateTo: -   Old UAC Value: -   New UAC Value: -   User Account Control: -   User Parameters: -   Sid History: -   Logon Hours: -   
<13>Jan 11 10:25:26 USCHPOSDC02 AgentDevice=WindowsLog	AgentLogFile=Security	PluginVersion=1.0.14	Source=Security	Computer=USCHPOSDC02	User=SVC-IDMAdmin	Domain=NA	EventID=671	EventIDCcorpoe=671	EventType=8	EventCategory=7	RecordNumber=573246380	TimeGenerated=1389453923	TimeWritten=1389453923	Message=User Account Unlocked:   Target Account Name: 097996   Target Domain:  POS   Target Account ID: POS\097996   Caller User Name: SVC-IDMAdmin   Caller Domain: NA   Caller Logon ID: (0x0,0x4B353ECE)   
<13>Jan 11 10:25:26 USCHPOSDC02 AgentDevice=WindowsLog	AgentLogFile=Security	PluginVersion=1.0.14	Source=Security	Computer=USCHPOSDC02	User=SVC-IDMAdmin	Domain=NA	EventID=642	EventIDCcorpoe=642	EventType=8	EventCategory=7	RecordNumber=573246370	TimeGenerated=1389453922	TimeWritten=1389453922	Message=User Account Changed:   Target Account Name: 097996   Target Domain: POS   Target Account ID: POS\097996   Caller User Name: SVC-IDMAdmin   Caller Domain: NA   Caller Logon ID: (0x0,0x4B353F6A)   Privileges: -  Changed Attributes:   Sam Account Name: -   Display Name: -   User Principal Name: -   Home Directory: -   Home Drive: -   Script Path: -   Profile Path: -   User Workstations: -   Password Last Set: 1/11/2014 10:25:22 AM   Account Expires: -   Primary Group ID: -   AllowedTcorpoelegateTo: -   Old UAC Value: -   New UAC Value: -   User Account Control: -   User Parameters: -   Sid History: -   Logon Hours: -   
<13>Jan 11 10:21:21 USCHPOSDC02 AgentDevice=WindowsLog	AgentLogFile=Security	PluginVersion=1.0.14	Source=Security	Computer=USCHPOSDC02	User=SVC-IDMAdmin	Domain=NA	EventID=671	EventIDCcorpoe=671	EventType=8	EventCategory=7	RecordNumber=573244777	TimeGenerated=1389453678	TimeWritten=1389453678	Message=User Account Unlocked:   Target Account Name: 655999   Target Domain:  POS   Target Account ID: POS\655999   Caller User Name: SVC-IDMAdmin   Caller Domain: NA   Caller Logon ID: (0x0,0x4B32F075)   
<13>Jan 11 10:21:21 USCHPOSDC02 AgentDevice=WindowsLog	AgentLogFile=Security	PluginVersion=1.0.14	Source=Security	Computer=USCHPOSDC02	User=SVC-IDMAdmin	Domain=NA	EventID=642	EventIDCcorpoe=642	EventType=8	EventCategory=7	RecordNumber=573244770	TimeGenerated=1389453677	TimeWritten=1389453677	Message=User Account Changed:   Target Account Name: 655999   Target Domain: POS   Target Account ID: POS\655999   Caller User Name: SVC-IDMAdmin   Caller Domain: NA   Caller Logon ID: (0x0,0x4B32F105)   Privileges: -  Changed Attributes:   Sam Account Name: -   Display Name: -   User Principal Name: -   Home Directory: -   Home Drive: -   Script Path: -   Profile Path: -   User Workstations: -   Password Last Set: 1/11/2014 10:21:17 AM   Account Expires: -   Primary Group ID: -   AllowedTcorpoelegateTo: -   Old UAC Value: -   New UAC Value: -   User Account Control: -   User Parameters: -   Sid History: -   Logon Hours: -   
<13>Jan 11 10:16:46 USCHPOSDC02 AgentDevice=WindowsLog	AgentLogFile=Security	PluginVersion=1.0.14	Source=Security	Computer=USCHPOSDC02	User=SVC-IDMAdmin	Domain=NA	EventID=671	EventIDCcorpoe=671	EventType=8	EventCategory=7	RecordNumber=573243661	TimeGenerated=1389453404	TimeWritten=1389453404	Message=User Account Unlocked:   Target Account Name: 644406   Target Domain:  POS   Target Account ID: POS\644406   Caller User Name: SVC-IDMAdmin   Caller Domain: NA   Caller Logon ID: (0x0,0x4B30A815)   
<13>Jan 11 10:16:46 USCHPOSDC02 AgentDevice=WindowsLog	AgentLogFile=Security	PluginVersion=1.0.14	Source=Security	Computer=USCHPOSDC02	User=SVC-IDMAdmin	Domain=NA	EventID=642	EventIDCcorpoe=642	EventType=8	EventCategory=7	RecordNumber=573243656	TimeGenerated=1389453403	TimeWritten=1389453403	Message=User Account Changed:   Target Account Name: 644406   Target Domain: POS   Target Account ID: POS\644406   Caller User Name: SVC-IDMAdmin   Caller Domain: NA   Caller Logon ID: (0x0,0x4B30A878)   Privileges: -  Changed Attributes:   Sam Account Name: -   Display Name: -   User Principal Name: -   Home Directory: -   Home Drive: -   Script Path: -   Profile Path: -   User Workstations: -   Password Last Set: 1/11/2014 10:16:43 AM   Account Expires: -   Primary Group ID: -   AllowedTcorpoelegateTo: -   Old UAC Value: -   New UAC Value: -   User Account Control: -   User Parameters: -   Sid History: -   Logon Hours: -   
<13>Jan 11 10:15:28 USCHPOSDC02 AgentDevice=WindowsLog	AgentLogFile=Security	PluginVersion=1.0.14	Source=Security	Computer=USCHPOSDC02	User=SVC-IDMAdmin	Domain=NA	EventID=671	EventIDCcorpoe=671	EventType=8	EventCategory=7	RecordNumber=573243471	TimeGenerated=1389453326	TimeWritten=1389453326	Message=User Account Unlocked:   Target Account Name: 656035   Target Domain:  POS   Target Account ID: POS\656035   Caller User Name: SVC-IDMAdmin   Caller Domain: NA   Caller Logon ID: (0x0,0x4B2FDB65)   
<13>Jan 11 10:15:28 USCHPOSDC02 AgentDevice=WindowsLog	AgentLogFile=Security	PluginVersion=1.0.14	Source=Security	Computer=USCHPOSDC02	User=SVC-IDMAdmin	Domain=NA	EventID=642	EventIDCcorpoe=642	EventType=8	EventCategory=7	RecordNumber=573243462	TimeGenerated=1389453325	TimeWritten=1389453325	Message=User Account Changed:   Target Account Name: 656035   Target Domain: POS   Target Account ID: POS\656035   Caller User Name: SVC-IDMAdmin   Caller Domain: NA   Caller Logon ID: (0x0,0x4B2FDBCD)   Privileges: -  Changed Attributes:   Sam Account Name: -   Display Name: -   User Principal Name: -   Home Directory: -   Home Drive: -   Script Path: -   Profile Path: -   User Workstations: -   Password Last Set: 1/11/2014 10:15:25 AM   Account Expires: -   Primary Group ID: -   AllowedTcorpoelegateTo: -   Old UAC Value: -   New UAC Value: -   User Account Control: -   User Parameters: -   Sid History: -   Logon Hours: -   
