<13>Jan 11 00:30:50 USCHPOSDC01 AgentDevice=WindowsLog	AgentLogFile=Security	PluginVersion=1.0.14	Source=Security	Computer=USCHPOSDC01	User=SVC-ADIMPORT	Domain=POS	EventID=642	EventIDCcorpoe=642	EventType=8	EventCategory=7	RecordNumber=2543629657	TimeGenerated=1389418248	TimeWritten=1389418248	Message=User Account Changed:   Target Account Name: 656040   Target Domain: POS   Target Account ID: POS\656040   Caller User Name: SVC-ADIMPORT   Caller Domain: POS   Caller Logon ID: (0x0,0x44A9FE1F)   Privileges: -  Changed Attributes:   Sam Account Name: -   Display Name: -   User Principal Name: -   Home Directory: -   Home Drive: -   Script Path: -   Profile Path: -   User Workstations: -   Password Last Set: 1/11/2014 12:30:48 AM   Account Expires: -   Primary Group ID: -   AllowedTcorpoelegateTo: -   Old UAC Value: -   New UAC Value: -   User Account Control: -   User Parameters: -   Sid History: -   Logon Hours: -   
<13>Jan 11 00:30:50 USCHPOSDC01 AgentDevice=WindowsLog	AgentLogFile=Security	PluginVersion=1.0.14	Source=Security	Computer=USCHPOSDC01	User=SVC-ADIMPORT	Domain=POS	EventID=642	EventIDCcorpoe=642	EventType=8	EventCategory=7	RecordNumber=2543629645	TimeGenerated=1389418247	TimeWritten=1389418247	Message=User Account Changed:   Target Account Name: 656039   Target Domain: POS   Target Account ID: POS\656039   Caller User Name: SVC-ADIMPORT   Caller Domain: POS   Caller Logon ID: (0x0,0x44A94E56)   Privileges: -  Changed Attributes:   Sam Account Name: -   Display Name: JACOB JAETZOLD   User Principal Name: -   Home Directory: -   Home Drive: -   Script Path: -   Profile Path: -   User Workstations: -   Password Last Set: -   Account Expires: -   Primary Group ID: -   AllowedTcorpoelegateTo: -   Old UAC Value: -   New UAC Value: -   User Account Control: -   User Parameters: -   Sid History: -   Logon Hours: -   
<13>Jan 11 00:30:50 USCHPOSDC01 AgentDevice=WindowsLog	AgentLogFile=Security	PluginVersion=1.0.14	Source=Security	Computer=USCHPOSDC01	User=SVC-ADIMPORT	Domain=POS	EventID=626	EventIDCcorpoe=626	EventType=8	EventCategory=7	RecordNumber=2543629642	TimeGenerated=1389418247	TimeWritten=1389418247	Message=User Account Enabled:   Target Account Name: 656039   Target Domain: POS   Target Account ID: POS\656039   Caller User Name: SVC-ADIMPORT   Caller Domain: POS   Caller Logon ID: (0x0,0x44A94E56)   
<13>Jan 11 00:30:50 USCHPOSDC01 AgentDevice=WindowsLog	AgentLogFile=Security	PluginVersion=1.0.14	Source=Security	Computer=USCHPOSDC01	User=SVC-ADIMPORT	Domain=POS	EventID=642	EventIDCcorpoe=642	EventType=8	EventCategory=7	RecordNumber=2543629641	TimeGenerated=1389418247	TimeWritten=1389418247	Message=User Account Changed:   Target Account Name: 656039   Target Domain: POS   Target Account ID: POS\656039   Caller User Name: SVC-ADIMPORT   Caller Domain: POS   Caller Logon ID: (0x0,0x44A94E56)   Privileges: -  Changed Attributes:   Sam Account Name: -   Display Name: -   User Principal Name: -   Home Directory: -   Home Drive: -   Script Path: -   Profile Path: -   User Workstations: -   Password Last Set: -   Account Expires: -   Primary Group ID: -   AllowedTcorpoelegateTo: -   Old UAC Value: 0x15   New UAC Value: 0x10   User Account Control:    Account Enabled    'Password Not Required' - Disabled    User Parameters: -   Sid History: -   Logon Hours: -   
<13>Jan 11 00:30:50 USCHPOSDC01 AgentDevice=WindowsLog	AgentLogFile=Security	PluginVersion=1.0.14	Source=Security	Computer=USCHPOSDC01	User=SVC-ADIMPORT	Domain=POS	EventID=642	EventIDCcorpoe=642	EventType=8	EventCategory=7	RecordNumber=2543629635	TimeGenerated=1389418247	TimeWritten=1389418247	Message=User Account Changed:   Target Account Name: 656039   Target Domain: POS   Target Account ID: POS\656039   Caller User Name: SVC-ADIMPORT   Caller Domain: POS   Caller Logon ID: (0x0,0x44A9FD3C)   Privileges: -  Changed Attributes:   Sam Account Name: -   Display Name: -   User Principal Name: -   Home Directory: -   Home Drive: -   Script Path: -   Profile Path: -   User Workstations: -   Password Last Set: 1/11/2014 12:30:47 AM   Account Expires: -   Primary Group ID: -   AllowedTcorpoelegateTo: -   Old UAC Value: -   New UAC Value: -   User Account Control: -   User Parameters: -   Sid History: -   Logon Hours: -   
<13>Jan 11 00:30:48 USCHPOSDC01 AgentDevice=WindowsLog	AgentLogFile=Security	PluginVersion=1.0.14	Source=Security	Computer=USCHPOSDC01	User=SVC-ADIMPORT	Domain=POS	EventID=642	EventIDCcorpoe=642	EventType=8	EventCategory=7	RecordNumber=2543629620	TimeGenerated=1389418246	TimeWritten=1389418246	Message=User Account Changed:   Target Account Name: 656037   Target Domain: POS   Target Account ID: POS\656037   Caller User Name: SVC-ADIMPORT   Caller Domain: POS   Caller Logon ID: (0x0,0x44A94E56)   Privileges: -  Changed Attributes:   Sam Account Name: -   Display Name: STEPHEN HARVEY   User Principal Name: -   Home Directory: -   Home Drive: -   Script Path: -   Profile Path: -   User Workstations: -   Password Last Set: -   Account Expires: -   Primary Group ID: -   AllowedTcorpoelegateTo: -   Old UAC Value: -   New UAC Value: -   User Account Control: -   User Parameters: -   Sid History: -   Logon Hours: -   
<13>Jan 11 00:30:48 USCHPOSDC01 AgentDevice=WindowsLog	AgentLogFile=Security	PluginVersion=1.0.14	Source=Security	Computer=USCHPOSDC01	User=SVC-ADIMPORT	Domain=POS	EventID=626	EventIDCcorpoe=626	EventType=8	EventCategory=7	RecordNumber=2543629617	TimeGenerated=1389418246	TimeWritten=1389418246	Message=User Account Enabled:   Target Account Name: 656037   Target Domain: POS   Target Account ID: POS\656037   Caller User Name: SVC-ADIMPORT   Caller Domain: POS   Caller Logon ID: (0x0,0x44A94E56)   
<13>Jan 11 00:30:48 USCHPOSDC01 AgentDevice=WindowsLog	AgentLogFile=Security	PluginVersion=1.0.14	Source=Security	Computer=USCHPOSDC01	User=SVC-ADIMPORT	Domain=POS	EventID=642	EventIDCcorpoe=642	EventType=8	EventCategory=7	RecordNumber=2543629616	TimeGenerated=1389418246	TimeWritten=1389418246	Message=User Account Changed:   Target Account Name: 656037   Target Domain: POS   Target Account ID: POS\656037   Caller User Name: SVC-ADIMPORT   Caller Domain: POS   Caller Logon ID: (0x0,0x44A94E56)   Privileges: -  Changed Attributes:   Sam Account Name: -   Display Name: -   User Principal Name: -   Home Directory: -   Home Drive: -   Script Path: -   Profile Path: -   User Workstations: -   Password Last Set: -   Account Expires: -   Primary Group ID: -   AllowedTcorpoelegateTo: -   Old UAC Value: 0x15   New UAC Value: 0x10   User Account Control:    Account Enabled    'Password Not Required' - Disabled    User Parameters: -   Sid History: -   Logon Hours: -   
<13>Jan 11 00:30:48 USCHPOSDC01 AgentDevice=WindowsLog	AgentLogFile=Security	PluginVersion=1.0.14	Source=Security	Computer=USCHPOSDC01	User=SVC-ADIMPORT	Domain=POS	EventID=642	EventIDCcorpoe=642	EventType=8	EventCategory=7	RecordNumber=2543629610	TimeGenerated=1389418246	TimeWritten=1389418246	Message=User Account Changed:   Target Account Name: 656037   Target Domain: POS   Target Account ID: POS\656037   Caller User Name: SVC-ADIMPORT   Caller Domain: POS   Caller Logon ID: (0x0,0x44A9F2F7)   Privileges: -  Changed Attributes:   Sam Account Name: -   Display Name: -   User Principal Name: -   Home Directory: -   Home Drive: -   Script Path: -   Profile Path: -   User Workstations: -   Password Last Set: 1/11/2014 12:30:46 AM   Account Expires: -   Primary Group ID: -   AllowedTcorpoelegateTo: -   Old UAC Value: -   New UAC Value: -   User Account Control: -   User Parameters: -   Sid History: -   Logon Hours: -   
<13>Jan 11 00:30:48 USCHPOSDC01 AgentDevice=WindowsLog	AgentLogFile=Security	PluginVersion=1.0.14	Source=Security	Computer=USCHPOSDC01	User=SVC-ADIMPORT	Domain=POS	EventID=642	EventIDCcorpoe=642	EventType=8	EventCategory=7	RecordNumber=2543629597	TimeGenerated=1389418245	TimeWritten=1389418245	Message=User Account Changed:   Target Account Name: 656035   Target Domain: POS   Target Account ID: POS\656035   Caller User Name: SVC-ADIMPORT   Caller Domain: POS   Caller Logon ID: (0x0,0x44A94E56)   Privileges: -  Changed Attributes:   Sam Account Name: -   Display Name: MARK RAYBORN   User Principal Name: -   Home Directory: -   Home Drive: -   Script Path: -   Profile Path: -   User Workstations: -   Password Last Set: -   Account Expires: -   Primary Group ID: -   AllowedTcorpoelegateTo: -   Old UAC Value: -   New UAC Value: -   User Account Control: -   User Parameters: -   Sid History: -   Logon Hours: -   
<13>Jan 11 00:30:48 USCHPOSDC01 AgentDevice=WindowsLog	AgentLogFile=Security	PluginVersion=1.0.14	Source=Security	Computer=USCHPOSDC01	User=SVC-ADIMPORT	Domain=POS	EventID=626	EventIDCcorpoe=626	EventType=8	EventCategory=7	RecordNumber=2543629594	TimeGenerated=1389418245	TimeWritten=1389418245	Message=User Account Enabled:   Target Account Name: 656035   Target Domain: POS   Target Account ID: POS\656035   Caller User Name: SVC-ADIMPORT   Caller Domain: POS   Caller Logon ID: (0x0,0x44A94E56)   
<13>Jan 11 00:30:48 USCHPOSDC01 AgentDevice=WindowsLog	AgentLogFile=Security	PluginVersion=1.0.14	Source=Security	Computer=USCHPOSDC01	User=SVC-ADIMPORT	Domain=POS	EventID=642	EventIDCcorpoe=642	EventType=8	EventCategory=7	RecordNumber=2543629593	TimeGenerated=1389418245	TimeWritten=1389418245	Message=User Account Changed:   Target Account Name: 656035   Target Domain: POS   Target Account ID: POS\656035   Caller User Name: SVC-ADIMPORT   Caller Domain: POS   Caller Logon ID: (0x0,0x44A94E56)   Privileges: -  Changed Attributes:   Sam Account Name: -   Display Name: -   User Principal Name: -   Home Directory: -   Home Drive: -   Script Path: -   Profile Path: -   User Workstations: -   Password Last Set: -   Account Expires: -   Primary Group ID: -   AllowedTcorpoelegateTo: -   Old UAC Value: 0x15   New UAC Value: 0x10   User Account Control:    Account Enabled    'Password Not Required' - Disabled    User Parameters: -   Sid History: -   Logon Hours: -   
<13>Jan 11 00:30:48 USCHPOSDC01 AgentDevice=WindowsLog	AgentLogFile=Security	PluginVersion=1.0.14	Source=Security	Computer=USCHPOSDC01	User=SVC-ADIMPORT	Domain=POS	EventID=642	EventIDCcorpoe=642	EventType=8	EventCategory=7	RecordNumber=2543629586	TimeGenerated=1389418245	TimeWritten=1389418245	Message=User Account Changed:   Target Account Name: 656035   Target Domain: POS   Target Account ID: POS\656035   Caller User Name: SVC-ADIMPORT   Caller Domain: POS   Caller Logon ID: (0x0,0x44A9F0ED)   Privileges: -  Changed Attributes:   Sam Account Name: -   Display Name: -   User Principal Name: -   Home Directory: -   Home Drive: -   Script Path: -   Profile Path: -   User Workstations: -   Password Last Set: 1/11/2014 12:30:45 AM   Account Expires: -   Primary Group ID: -   AllowedTcorpoelegateTo: -   Old UAC Value: -   New UAC Value: -   User Account Control: -   User Parameters: -   Sid History: -   Logon Hours: -   
<13>Jan 11 00:30:48 USCHPOSDC01 AgentDevice=WindowsLog	AgentLogFile=Security	PluginVersion=1.0.14	Source=Security	Computer=USCHPOSDC01	User=SVC-ADIMPORT	Domain=POS	EventID=642	EventIDCcorpoe=642	EventType=8	EventCategory=7	RecordNumber=2543629570	TimeGenerated=1389418244	TimeWritten=1389418244	Message=User Account Changed:   Target Account Name: 656034   Target Domain: POS   Target Account ID: POS\656034   Caller User Name: SVC-ADIMPORT   Caller Domain: POS   Caller Logon ID: (0x0,0x44A94E56)   Privileges: -  Changed Attributes:   Sam Account Name: -   Display Name: TIMOTHY ASH   User Principal Name: -   Home Directory: -   Home Drive: -   Script Path: -   Profile Path: -   User Workstations: -   Password Last Set: -   Account Expires: -   Primary Group ID: -   AllowedTcorpoelegateTo: -   Old UAC Value: -   New UAC Value: -   User Account Control: -   User Parameters: -   Sid History: -   Logon Hours: -   
<13>Jan 11 00:30:46 USCHPOSDC01 AgentDevice=WindowsLog	AgentLogFile=Security	PluginVersion=1.0.14	Source=Security	Computer=USCHPOSDC01	User=SVC-ADIMPORT	Domain=POS	EventID=626	EventIDCcorpoe=626	EventType=8	EventCategory=7	RecordNumber=2543629567	TimeGenerated=1389418244	TimeWritten=1389418244	Message=User Account Enabled:   Target Account Name: 656034   Target Domain: POS   Target Account ID: POS\656034   Caller User Name: SVC-ADIMPORT   Caller Domain: POS   Caller Logon ID: (0x0,0x44A94E56)   
<13>Jan 11 00:30:46 USCHPOSDC01 AgentDevice=WindowsLog	AgentLogFile=Security	PluginVersion=1.0.14	Source=Security	Computer=USCHPOSDC01	User=SVC-ADIMPORT	Domain=POS	EventID=642	EventIDCcorpoe=642	EventType=8	EventCategory=7	RecordNumber=2543629566	TimeGenerated=1389418244	TimeWritten=1389418244	Message=User Account Changed:   Target Account Name: 656034   Target Domain: POS   Target Account ID: POS\656034   Caller User Name: SVC-ADIMPORT   Caller Domain: POS   Caller Logon ID: (0x0,0x44A94E56)   Privileges: -  Changed Attributes:   Sam Account Name: -   Display Name: -   User Principal Name: -   Home Directory: -   Home Drive: -   Script Path: -   Profile Path: -   User Workstations: -   Password Last Set: -   Account Expires: -   Primary Group ID: -   AllowedTcorpoelegateTo: -   Old UAC Value: 0x15   New UAC Value: 0x10   User Account Control:    Account Enabled    'Password Not Required' - Disabled    User Parameters: -   Sid History: -   Logon Hours: -   
<13>Jan 11 00:30:46 USCHPOSDC01 AgentDevice=WindowsLog	AgentLogFile=Security	PluginVersion=1.0.14	Source=Security	Computer=USCHPOSDC01	User=SVC-ADIMPORT	Domain=POS	EventID=642	EventIDCcorpoe=642	EventType=8	EventCategory=7	RecordNumber=2543629560	TimeGenerated=1389418244	TimeWritten=1389418244	Message=User Account Changed:   Target Account Name: 656034   Target Domain: POS   Target Account ID: POS\656034   Caller User Name: SVC-ADIMPORT   Caller Domain: POS   Caller Logon ID: (0x0,0x44A9EF88)   Privileges: -  Changed Attributes:   Sam Account Name: -   Display Name: -   User Principal Name: -   Home Directory: -   Home Drive: -   Script Path: -   Profile Path: -   User Workstations: -   Password Last Set: 1/11/2014 12:30:43 AM   Account Expires: -   Primary Group ID: -   AllowedTcorpoelegateTo: -   Old UAC Value: -   New UAC Value: -   User Account Control: -   User Parameters: -   Sid History: -   Logon Hours: -   
<13>Jan 11 00:30:46 USCHPOSDC01 AgentDevice=WindowsLog	AgentLogFile=Security	PluginVersion=1.0.14	Source=Security	Computer=USCHPOSDC01	User=SVC-ADIMPORT	Domain=POS	EventID=642	EventIDCcorpoe=642	EventType=8	EventCategory=7	RecordNumber=2543629549	TimeGenerated=1389418243	TimeWritten=1389418243	Message=User Account Changed:   Target Account Name: 656031   Target Domain: POS   Target Account ID: POS\656031   Caller User Name: SVC-ADIMPORT   Caller Domain: POS   Caller Logon ID: (0x0,0x44A94E56)   Privileges: -  Changed Attributes:   Sam Account Name: -   Display Name: JOEL NOSKER   User Principal Name: -   Home Directory: -   Home Drive: -   Script Path: -   Profile Path: -   User Workstations: -   Password Last Set: -   Account Expires: -   Primary Group ID: -   AllowedTcorpoelegateTo: -   Old UAC Value: -   New UAC Value: -   User Account Control: -   User Parameters: -   Sid History: -   Logon Hours: -   
<13>Jan 11 00:30:46 USCHPOSDC01 AgentDevice=WindowsLog	AgentLogFile=Security	PluginVersion=1.0.14	Source=Security	Computer=USCHPOSDC01	User=SVC-ADIMPORT	Domain=POS	EventID=626	EventIDCcorpoe=626	EventType=8	EventCategory=7	RecordNumber=2543629546	TimeGenerated=1389418243	TimeWritten=1389418243	Message=User Account Enabled:   Target Account Name: 656031   Target Domain: POS   Target Account ID: POS\656031   Caller User Name: SVC-ADIMPORT   Caller Domain: POS   Caller Logon ID: (0x0,0x44A94E56)   
<13>Jan 11 00:30:46 USCHPOSDC01 AgentDevice=WindowsLog	AgentLogFile=Security	PluginVersion=1.0.14	Source=Security	Computer=USCHPOSDC01	User=SVC-ADIMPORT	Domain=POS	EventID=642	EventIDCcorpoe=642	EventType=8	EventCategory=7	RecordNumber=2543629545	TimeGenerated=1389418243	TimeWritten=1389418243	Message=User Account Changed:   Target Account Name: 656031   Target Domain: POS   Target Account ID: POS\656031   Caller User Name: SVC-ADIMPORT   Caller Domain: POS   Caller Logon ID: (0x0,0x44A94E56)   Privileges: -  Changed Attributes:   Sam Account Name: -   Display Name: -   User Principal Name: -   Home Directory: -   Home Drive: -   Script Path: -   Profile Path: -   User Workstations: -   Password Last Set: -   Account Expires: -   Primary Group ID: -   AllowedTcorpoelegateTo: -   Old UAC Value: 0x15   New UAC Value: 0x10   User Account Control:    Account Enabled    'Password Not Required' - Disabled    User Parameters: -   Sid History: -   Logon Hours: -   
<13>Jan 11 00:30:46 USCHPOSDC01 AgentDevice=WindowsLog	AgentLogFile=Security	PluginVersion=1.0.14	Source=Security	Computer=USCHPOSDC01	User=SVC-ADIMPORT	Domain=POS	EventID=642	EventIDCcorpoe=642	EventType=8	EventCategory=7	RecordNumber=2543629539	TimeGenerated=1389418243	TimeWritten=1389418243	Message=User Account Changed:   Target Account Name: 656031   Target Domain: POS   Target Account ID: POS\656031   Caller User Name: SVC-ADIMPORT   Caller Domain: POS   Caller Logon ID: (0x0,0x44A9EE61)   Privileges: -  Changed Attributes:   Sam Account Name: -   Display Name: -   User Principal Name: -   Home Directory: -   Home Drive: -   Script Path: -   Profile Path: -   User Workstations: -   Password Last Set: 1/11/2014 12:30:42 AM   Account Expires: -   Primary Group ID: -   AllowedTcorpoelegateTo: -   Old UAC Value: -   New UAC Value: -   User Account Control: -   User Parameters: -   Sid History: -   Logon Hours: -   
<13>Jan 11 00:30:44 USCHPOSDC01 AgentDevice=WindowsLog	AgentLogFile=Security	PluginVersion=1.0.14	Source=Security	Computer=USCHPOSDC01	User=SVC-ADIMPORT	Domain=POS	EventID=642	EventIDCcorpoe=642	EventType=8	EventCategory=7	RecordNumber=2543629528	TimeGenerated=1389418242	TimeWritten=1389418242	Message=User Account Changed:   Target Account Name: 656027   Target Domain: POS   Target Account ID: POS\656027   Caller User Name: SVC-ADIMPORT   Caller Domain: POS   Caller Logon ID: (0x0,0x44A94E56)   Privileges: -  Changed Attributes:   Sam Account Name: -   Display Name: JORDAN DAVIS   User Principal Name: -   Home Directory: -   Home Drive: -   Script Path: -   Profile Path: -   User Workstations: -   Password Last Set: -   Account Expires: -   Primary Group ID: -   AllowedTcorpoelegateTo: -   Old UAC Value: -   New UAC Value: -   User Account Control: -   User Parameters: -   Sid History: -   Logon Hours: -   
<13>Jan 11 00:30:44 USCHPOSDC01 AgentDevice=WindowsLog	AgentLogFile=Security	PluginVersion=1.0.14	Source=Security	Computer=USCHPOSDC01	User=SVC-ADIMPORT	Domain=POS	EventID=626	EventIDCcorpoe=626	EventType=8	EventCategory=7	RecordNumber=2543629524	TimeGenerated=1389418242	TimeWritten=1389418242	Message=User Account Enabled:   Target Account Name: 656027   Target Domain: POS   Target Account ID: POS\656027   Caller User Name: SVC-ADIMPORT   Caller Domain: POS   Caller Logon ID: (0x0,0x44A94E56)   
<13>Jan 11 00:30:44 USCHPOSDC01 AgentDevice=WindowsLog	AgentLogFile=Security	PluginVersion=1.0.14	Source=Security	Computer=USCHPOSDC01	User=SVC-ADIMPORT	Domain=POS	EventID=642	EventIDCcorpoe=642	EventType=8	EventCategory=7	RecordNumber=2543629523	TimeGenerated=1389418242	TimeWritten=1389418242	Message=User Account Changed:   Target Account Name: 656027   Target Domain: POS   Target Account ID: POS\656027   Caller User Name: SVC-ADIMPORT   Caller Domain: POS   Caller Logon ID: (0x0,0x44A94E56)   Privileges: -  Changed Attributes:   Sam Account Name: -   Display Name: -   User Principal Name: -   Home Directory: -   Home Drive: -   Script Path: -   Profile Path: -   User Workstations: -   Password Last Set: -   Account Expires: -   Primary Group ID: -   AllowedTcorpoelegateTo: -   Old UAC Value: 0x15   New UAC Value: 0x10   User Account Control:    Account Enabled    'Password Not Required' - Disabled    User Parameters: -   Sid History: -   Logon Hours: -   
<13>Jan 11 00:30:44 USCHPOSDC01 AgentDevice=WindowsLog	AgentLogFile=Security	PluginVersion=1.0.14	Source=Security	Computer=USCHPOSDC01	User=SVC-ADIMPORT	Domain=POS	EventID=642	EventIDCcorpoe=642	EventType=8	EventCategory=7	RecordNumber=2543629517	TimeGenerated=1389418242	TimeWritten=1389418242	Message=User Account Changed:   Target Account Name: 656027   Target Domain: POS   Target Account ID: POS\656027   Caller User Name: SVC-ADIMPORT   Caller Domain: POS   Caller Logon ID: (0x0,0x44A9EB63)   Privileges: -  Changed Attributes:   Sam Account Name: -   Display Name: -   User Principal Name: -   Home Directory: -   Home Drive: -   Script Path: -   Profile Path: -   User Workstations: -   Password Last Set: 1/11/2014 12:30:41 AM   Account Expires: -   Primary Group ID: -   AllowedTcorpoelegateTo: -   Old UAC Value: -   New UAC Value: -   User Account Control: -   User Parameters: -   Sid History: -   Logon Hours: -   
<13>Jan 11 00:30:44 USCHPOSDC01 AgentDevice=WindowsLog	AgentLogFile=Security	PluginVersion=1.0.14	Source=Security	Computer=USCHPOSDC01	User=SVC-ADIMPORT	Domain=POS	EventID=642	EventIDCcorpoe=642	EventType=8	EventCategory=7	RecordNumber=2543629501	TimeGenerated=1389418241	TimeWritten=1389418241	Message=User Account Changed:   Target Account Name: 656025   Target Domain: POS   Target Account ID: POS\656025   Caller User Name: SVC-ADIMPORT   Caller Domain: POS   Caller Logon ID: (0x0,0x44A94E56)   Privileges: -  Changed Attributes:   Sam Account Name: -   Display Name: RYAN THIBcorpoEAUX   User Principal Name: -   Home Directory: -   Home Drive: -   Script Path: -   Profile Path: -   User Workstations: -   Password Last Set: -   Account Expires: -   Primary Group ID: -   AllowedTcorpoelegateTo: -   Old UAC Value: -   New UAC Value: -   User Account Control: -   User Parameters: -   Sid History: -   Logon Hours: -   
<13>Jan 11 00:30:44 USCHPOSDC01 AgentDevice=WindowsLog	AgentLogFile=Security	PluginVersion=1.0.14	Source=Security	Computer=USCHPOSDC01	User=SVC-ADIMPORT	Domain=POS	EventID=642	EventIDCcorpoe=642	EventType=8	EventCategory=7	RecordNumber=2543629497	TimeGenerated=1389418241	TimeWritten=1389418241	Message=User Account Changed:   Target Account Name: 656025   Target Domain: POS   Target Account ID: POS\656025   Caller User Name: SVC-ADIMPORT   Caller Domain: POS   Caller Logon ID: (0x0,0x44A94E56)   Privileges: -  Changed Attributes:   Sam Account Name: -   Display Name: -   User Principal Name: -   Home Directory: -   Home Drive: -   Script Path: -   Profile Path: -   User Workstations: -   Password Last Set: -   Account Expires: -   Primary Group ID: -   AllowedTcorpoelegateTo: -   Old UAC Value: 0x15   New UAC Value: 0x10   User Account Control:    Account Enabled    'Password Not Required' - Disabled    User Parameters: -   Sid History: -   Logon Hours: -   
<13>Jan 11 00:30:44 USCHPOSDC01 AgentDevice=WindowsLog	AgentLogFile=Security	PluginVersion=1.0.14	Source=Security	Computer=USCHPOSDC01	User=SVC-ADIMPORT	Domain=POS	EventID=626	EventIDCcorpoe=626	EventType=8	EventCategory=7	RecordNumber=2543629498	TimeGenerated=1389418241	TimeWritten=1389418241	Message=User Account Enabled:   Target Account Name: 656025   Target Domain: POS   Target Account ID: POS\656025   Caller User Name: SVC-ADIMPORT   Caller Domain: POS   Caller Logon ID: (0x0,0x44A94E56)   
<13>Jan 11 00:30:44 USCHPOSDC01 AgentDevice=WindowsLog	AgentLogFile=Security	PluginVersion=1.0.14	Source=Security	Computer=USCHPOSDC01	User=SVC-ADIMPORT	Domain=POS	EventID=642	EventIDCcorpoe=642	EventType=8	EventCategory=7	RecordNumber=2543629488	TimeGenerated=1389418240	TimeWritten=1389418240	Message=User Account Changed:   Target Account Name: 656025   Target Domain: POS   Target Account ID: POS\656025   Caller User Name: SVC-ADIMPORT   Caller Domain: POS   Caller Logon ID: (0x0,0x44A9A2D4)   Privileges: -  Changed Attributes:   Sam Account Name: -   Display Name: -   User Principal Name: -   Home Directory: -   Home Drive: -   Script Path: -   Profile Path: -   User Workstations: -   Password Last Set: 1/11/2014 12:30:40 AM   Account Expires: -   Primary Group ID: -   AllowedTcorpoelegateTo: -   Old UAC Value: -   New UAC Value: -   User Account Control: -   User Parameters: -   Sid History: -   Logon Hours: -   
<13>Jan 11 00:30:42 USCHPOSDC01 AgentDevice=WindowsLog	AgentLogFile=Security	PluginVersion=1.0.14	Source=Security	Computer=USCHPOSDC01	User=SVC-ADIMPORT	Domain=POS	EventID=642	EventIDCcorpoe=642	EventType=8	EventCategory=7	RecordNumber=2543629476	TimeGenerated=1389418240	TimeWritten=1389418240	Message=User Account Changed:   Target Account Name: 656024   Target Domain: POS   Target Account ID: POS\656024   Caller User Name: SVC-ADIMPORT   Caller Domain: POS   Caller Logon ID: (0x0,0x44A94E56)   Privileges: -  Changed Attributes:   Sam Account Name: -   Display Name: ANDREW TRANBARGER   User Principal Name: -   Home Directory: -   Home Drive: -   Script Path: -   Profile Path: -   User Workstations: -   Password Last Set: -   Account Expires: -   Primary Group ID: -   AllowedTcorpoelegateTo: -   Old UAC Value: -   New UAC Value: -   User Account Control: -   User Parameters: -   Sid History: -   Logon Hours: -   
<13>Jan 11 00:30:42 USCHPOSDC01 AgentDevice=WindowsLog	AgentLogFile=Security	PluginVersion=1.0.14	Source=Security	Computer=USCHPOSDC01	User=SVC-ADIMPORT	Domain=POS	EventID=626	EventIDCcorpoe=626	EventType=8	EventCategory=7	RecordNumber=2543629473	TimeGenerated=1389418240	TimeWritten=1389418240	Message=User Account Enabled:   Target Account Name: 656024   Target Domain: POS   Target Account ID: POS\656024   Caller User Name: SVC-ADIMPORT   Caller Domain: POS   Caller Logon ID: (0x0,0x44A94E56)   
<13>Jan 11 00:30:42 USCHPOSDC01 AgentDevice=WindowsLog	AgentLogFile=Security	PluginVersion=1.0.14	Source=Security	Computer=USCHPOSDC01	User=SVC-ADIMPORT	Domain=POS	EventID=642	EventIDCcorpoe=642	EventType=8	EventCategory=7	RecordNumber=2543629472	TimeGenerated=1389418240	TimeWritten=1389418240	Message=User Account Changed:   Target Account Name: 656024   Target Domain: POS   Target Account ID: POS\656024   Caller User Name: SVC-ADIMPORT   Caller Domain: POS   Caller Logon ID: (0x0,0x44A94E56)   Privileges: -  Changed Attributes:   Sam Account Name: -   Display Name: -   User Principal Name: -   Home Directory: -   Home Drive: -   Script Path: -   Profile Path: -   User Workstations: -   Password Last Set: -   Account Expires: -   Primary Group ID: -   AllowedTcorpoelegateTo: -   Old UAC Value: 0x15   New UAC Value: 0x10   User Account Control:    Account Enabled    'Password Not Required' - Disabled    User Parameters: -   Sid History: -   Logon Hours: -   
<13>Jan 11 00:30:42 USCHPOSDC01 AgentDevice=WindowsLog	AgentLogFile=Security	PluginVersion=1.0.14	Source=Security	Computer=USCHPOSDC01	User=SVC-ADIMPORT	Domain=POS	EventID=642	EventIDCcorpoe=642	EventType=8	EventCategory=7	RecordNumber=2543629460	TimeGenerated=1389418239	TimeWritten=1389418239	Message=User Account Changed:   Target Account Name: 656024   Target Domain: POS   Target Account ID: POS\656024   Caller User Name: SVC-ADIMPORT   Caller Domain: POS   Caller Logon ID: (0x0,0x44A9A1A4)   Privileges: -  Changed Attributes:   Sam Account Name: -   Display Name: -   User Principal Name: -   Home Directory: -   Home Drive: -   Script Path: -   Profile Path: -   User Workstations: -   Password Last Set: 1/11/2014 12:30:39 AM   Account Expires: -   Primary Group ID: -   AllowedTcorpoelegateTo: -   Old UAC Value: -   New UAC Value: -   User Account Control: -   User Parameters: -   Sid History: -   Logon Hours: -   
<13>Jan 11 00:30:42 USCHPOSDC01 AgentDevice=WindowsLog	AgentLogFile=Security	PluginVersion=1.0.14	Source=Security	Computer=USCHPOSDC01	User=SVC-ADIMPORT	Domain=POS	EventID=642	EventIDCcorpoe=642	EventType=8	EventCategory=7	RecordNumber=2543629446	TimeGenerated=1389418239	TimeWritten=1389418239	Message=User Account Changed:   Target Account Name: 656023   Target Domain: POS   Target Account ID: POS\656023   Caller User Name: SVC-ADIMPORT   Caller Domain: POS   Caller Logon ID: (0x0,0x44A94E56)   Privileges: -  Changed Attributes:   Sam Account Name: -   Display Name: GEARY MCWHORTER   User Principal Name: -   Home Directory: -   Home Drive: -   Script Path: -   Profile Path: -   User Workstations: -   Password Last Set: -   Account Expires: -   Primary Group ID: -   AllowedTcorpoelegateTo: -   Old UAC Value: -   New UAC Value: -   User Account Control: -   User Parameters: -   Sid History: -   Logon Hours: -   
<13>Jan 11 00:30:42 USCHPOSDC01 AgentDevice=WindowsLog	AgentLogFile=Security	PluginVersion=1.0.14	Source=Security	Computer=USCHPOSDC01	User=SVC-ADIMPORT	Domain=POS	EventID=626	EventIDCcorpoe=626	EventType=8	EventCategory=7	RecordNumber=2543629443	TimeGenerated=1389418238	TimeWritten=1389418238	Message=User Account Enabled:   Target Account Name: 656023   Target Domain: POS   Target Account ID: POS\656023   Caller User Name: SVC-ADIMPORT   Caller Domain: POS   Caller Logon ID: (0x0,0x44A94E56)   
<13>Jan 11 00:30:42 USCHPOSDC01 AgentDevice=WindowsLog	AgentLogFile=Security	PluginVersion=1.0.14	Source=Security	Computer=USCHPOSDC01	User=SVC-ADIMPORT	Domain=POS	EventID=642	EventIDCcorpoe=642	EventType=8	EventCategory=7	RecordNumber=2543629442	TimeGenerated=1389418238	TimeWritten=1389418238	Message=User Account Changed:   Target Account Name: 656023   Target Domain: POS   Target Account ID: POS\656023   Caller User Name: SVC-ADIMPORT   Caller Domain: POS   Caller Logon ID: (0x0,0x44A94E56)   Privileges: -  Changed Attributes:   Sam Account Name: -   Display Name: -   User Principal Name: -   Home Directory: -   Home Drive: -   Script Path: -   Profile Path: -   User Workstations: -   Password Last Set: -   Account Expires: -   Primary Group ID: -   AllowedTcorpoelegateTo: -   Old UAC Value: 0x15   New UAC Value: 0x10   User Account Control:    Account Enabled    'Password Not Required' - Disabled    User Parameters: -   Sid History: -   Logon Hours: -   
<13>Jan 11 00:30:42 USCHPOSDC01 AgentDevice=WindowsLog	AgentLogFile=Security	PluginVersion=1.0.14	Source=Security	Computer=USCHPOSDC01	User=SVC-ADIMPORT	Domain=POS	EventID=642	EventIDCcorpoe=642	EventType=8	EventCategory=7	RecordNumber=2543629436	TimeGenerated=1389418238	TimeWritten=1389418238	Message=User Account Changed:   Target Account Name: 656023   Target Domain: POS   Target Account ID: POS\656023   Caller User Name: SVC-ADIMPORT   Caller Domain: POS   Caller Logon ID: (0x0,0x44A9A091)   Privileges: -  Changed Attributes:   Sam Account Name: -   Display Name: -   User Principal Name: -   Home Directory: -   Home Drive: -   Script Path: -   Profile Path: -   User Workstations: -   Password Last Set: 1/11/2014 12:30:38 AM   Account Expires: -   Primary Group ID: -   AllowedTcorpoelegateTo: -   Old UAC Value: -   New UAC Value: -   User Account Control: -   User Parameters: -   Sid History: -   Logon Hours: -   
<13>Jan 11 00:30:40 USCHPOSDC01 AgentDevice=WindowsLog	AgentLogFile=Security	PluginVersion=1.0.14	Source=Security	Computer=USCHPOSDC01	User=SVC-ADIMPORT	Domain=POS	EventID=642	EventIDCcorpoe=642	EventType=8	EventCategory=7	RecordNumber=2543629426	TimeGenerated=1389418238	TimeWritten=1389418238	Message=User Account Changed:   Target Account Name: 656022   Target Domain: POS   Target Account ID: POS\656022   Caller User Name: SVC-ADIMPORT   Caller Domain: POS   Caller Logon ID: (0x0,0x44A94E56)   Privileges: -  Changed Attributes:   Sam Account Name: -   Display Name: DEREK RYHERD   User Principal Name: -   Home Directory: -   Home Drive: -   Script Path: -   Profile Path: -   User Workstations: -   Password Last Set: -   Account Expires: -   Primary Group ID: -   AllowedTcorpoelegateTo: -   Old UAC Value: -   New UAC Value: -   User Account Control: -   User Parameters: -   Sid History: -   Logon Hours: -   
<13>Jan 11 00:30:40 USCHPOSDC01 AgentDevice=WindowsLog	AgentLogFile=Security	PluginVersion=1.0.14	Source=Security	Computer=USCHPOSDC01	User=SVC-ADIMPORT	Domain=POS	EventID=626	EventIDCcorpoe=626	EventType=8	EventCategory=7	RecordNumber=2543629423	TimeGenerated=1389418237	TimeWritten=1389418237	Message=User Account Enabled:   Target Account Name: 656022   Target Domain: POS   Target Account ID: POS\656022   Caller User Name: SVC-ADIMPORT   Caller Domain: POS   Caller Logon ID: (0x0,0x44A94E56)   
<13>Jan 11 00:30:40 USCHPOSDC01 AgentDevice=WindowsLog	AgentLogFile=Security	PluginVersion=1.0.14	Source=Security	Computer=USCHPOSDC01	User=SVC-ADIMPORT	Domain=POS	EventID=642	EventIDCcorpoe=642	EventType=8	EventCategory=7	RecordNumber=2543629422	TimeGenerated=1389418237	TimeWritten=1389418237	Message=User Account Changed:   Target Account Name: 656022   Target Domain: POS   Target Account ID: POS\656022   Caller User Name: SVC-ADIMPORT   Caller Domain: POS   Caller Logon ID: (0x0,0x44A94E56)   Privileges: -  Changed Attributes:   Sam Account Name: -   Display Name: -   User Principal Name: -   Home Directory: -   Home Drive: -   Script Path: -   Profile Path: -   User Workstations: -   Password Last Set: -   Account Expires: -   Primary Group ID: -   AllowedTcorpoelegateTo: -   Old UAC Value: 0x15   New UAC Value: 0x10   User Account Control:    Account Enabled    'Password Not Required' - Disabled    User Parameters: -   Sid History: -   Logon Hours: -   
<13>Jan 11 00:30:40 USCHPOSDC01 AgentDevice=WindowsLog	AgentLogFile=Security	PluginVersion=1.0.14	Source=Security	Computer=USCHPOSDC01	User=SVC-ADIMPORT	Domain=POS	EventID=642	EventIDCcorpoe=642	EventType=8	EventCategory=7	RecordNumber=2543629416	TimeGenerated=1389418237	TimeWritten=1389418237	Message=User Account Changed:   Target Account Name: 656022   Target Domain: POS   Target Account ID: POS\656022   Caller User Name: SVC-ADIMPORT   Caller Domain: POS   Caller Logon ID: (0x0,0x44A99F34)   Privileges: -  Changed Attributes:   Sam Account Name: -   Display Name: -   User Principal Name: -   Home Directory: -   Home Drive: -   Script Path: -   Profile Path: -   User Workstations: -   Password Last Set: 1/11/2014 12:30:37 AM   Account Expires: -   Primary Group ID: -   AllowedTcorpoelegateTo: -   Old UAC Value: -   New UAC Value: -   User Account Control: -   User Parameters: -   Sid History: -   Logon Hours: -   
<13>Jan 11 00:30:40 USCHPOSDC01 AgentDevice=WindowsLog	AgentLogFile=Security	PluginVersion=1.0.14	Source=Security	Computer=USCHPOSDC01	User=SVC-ADIMPORT	Domain=POS	EventID=642	EventIDCcorpoe=642	EventType=8	EventCategory=7	RecordNumber=2543629405	TimeGenerated=1389418237	TimeWritten=1389418237	Message=User Account Changed:   Target Account Name: 656021   Target Domain: POS   Target Account ID: POS\656021   Caller User Name: SVC-ADIMPORT   Caller Domain: POS   Caller Logon ID: (0x0,0x44A94E56)   Privileges: -  Changed Attributes:   Sam Account Name: -   Display Name: JESSE CULVER   User Principal Name: -   Home Directory: -   Home Drive: -   Script Path: -   Profile Path: -   User Workstations: -   Password Last Set: -   Account Expires: -   Primary Group ID: -   AllowedTcorpoelegateTo: -   Old UAC Value: -   New UAC Value: -   User Account Control: -   User Parameters: -   Sid History: -   Logon Hours: -   
<13>Jan 11 00:30:40 USCHPOSDC01 AgentDevice=WindowsLog	AgentLogFile=Security	PluginVersion=1.0.14	Source=Security	Computer=USCHPOSDC01	User=SVC-ADIMPORT	Domain=POS	EventID=626	EventIDCcorpoe=626	EventType=8	EventCategory=7	RecordNumber=2543629402	TimeGenerated=1389418236	TimeWritten=1389418236	Message=User Account Enabled:   Target Account Name: 656021   Target Domain: POS   Target Account ID: POS\656021   Caller User Name: SVC-ADIMPORT   Caller Domain: POS   Caller Logon ID: (0x0,0x44A94E56)   
<13>Jan 11 00:30:40 USCHPOSDC01 AgentDevice=WindowsLog	AgentLogFile=Security	PluginVersion=1.0.14	Source=Security	Computer=USCHPOSDC01	User=SVC-ADIMPORT	Domain=POS	EventID=642	EventIDCcorpoe=642	EventType=8	EventCategory=7	RecordNumber=2543629401	TimeGenerated=1389418236	TimeWritten=1389418236	Message=User Account Changed:   Target Account Name: 656021   Target Domain: POS   Target Account ID: POS\656021   Caller User Name: SVC-ADIMPORT   Caller Domain: POS   Caller Logon ID: (0x0,0x44A94E56)   Privileges: -  Changed Attributes:   Sam Account Name: -   Display Name: -   User Principal Name: -   Home Directory: -   Home Drive: -   Script Path: -   Profile Path: -   User Workstations: -   Password Last Set: -   Account Expires: -   Primary Group ID: -   AllowedTcorpoelegateTo: -   Old UAC Value: 0x15   New UAC Value: 0x10   User Account Control:    Account Enabled    'Password Not Required' - Disabled    User Parameters: -   Sid History: -   Logon Hours: -   
<13>Jan 11 00:30:40 USCHPOSDC01 AgentDevice=WindowsLog	AgentLogFile=Security	PluginVersion=1.0.14	Source=Security	Computer=USCHPOSDC01	User=SVC-ADIMPORT	Domain=POS	EventID=642	EventIDCcorpoe=642	EventType=8	EventCategory=7	RecordNumber=2543629391	TimeGenerated=1389418236	TimeWritten=1389418236	Message=User Account Changed:   Target Account Name: 656021   Target Domain: POS   Target Account ID: POS\656021   Caller User Name: SVC-ADIMPORT   Caller Domain: POS   Caller Logon ID: (0x0,0x44A996DB)   Privileges: -  Changed Attributes:   Sam Account Name: -   Display Name: -   User Principal Name: -   Home Directory: -   Home Drive: -   Script Path: -   Profile Path: -   User Workstations: -   Password Last Set: 1/11/2014 12:30:36 AM   Account Expires: -   Primary Group ID: -   AllowedTcorpoelegateTo: -   Old UAC Value: -   New UAC Value: -   User Account Control: -   User Parameters: -   Sid History: -   Logon Hours: -   
<13>Jan 11 00:30:38 USCHPOSDC01 AgentDevice=WindowsLog	AgentLogFile=Security	PluginVersion=1.0.14	Source=Security	Computer=USCHPOSDC01	User=SVC-ADIMPORT	Domain=POS	EventID=642	EventIDCcorpoe=642	EventType=8	EventCategory=7	RecordNumber=2543629380	TimeGenerated=1389418235	TimeWritten=1389418235	Message=User Account Changed:   Target Account Name: 656019   Target Domain: POS   Target Account ID: POS\656019   Caller User Name: SVC-ADIMPORT   Caller Domain: POS   Caller Logon ID: (0x0,0x44A94E56)   Privileges: -  Changed Attributes:   Sam Account Name: -   Display Name: JOSE GOMEZ   User Principal Name: -   Home Directory: -   Home Drive: -   Script Path: -   Profile Path: -   User Workstations: -   Password Last Set: -   Account Expires: -   Primary Group ID: -   AllowedTcorpoelegateTo: -   Old UAC Value: -   New UAC Value: -   User Account Control: -   User Parameters: -   Sid History: -   Logon Hours: -   
<13>Jan 11 00:30:38 USCHPOSDC01 AgentDevice=WindowsLog	AgentLogFile=Security	PluginVersion=1.0.14	Source=Security	Computer=USCHPOSDC01	User=SVC-ADIMPORT	Domain=POS	EventID=642	EventIDCcorpoe=642	EventType=8	EventCategory=7	RecordNumber=2543629376	TimeGenerated=1389418235	TimeWritten=1389418235	Message=User Account Changed:   Target Account Name: 656019   Target Domain: POS   Target Account ID: POS\656019   Caller User Name: SVC-ADIMPORT   Caller Domain: POS   Caller Logon ID: (0x0,0x44A94E56)   Privileges: -  Changed Attributes:   Sam Account Name: -   Display Name: -   User Principal Name: -   Home Directory: -   Home Drive: -   Script Path: -   Profile Path: -   User Workstations: -   Password Last Set: -   Account Expires: -   Primary Group ID: -   AllowedTcorpoelegateTo: -   Old UAC Value: 0x15   New UAC Value: 0x10   User Account Control:    Account Enabled    'Password Not Required' - Disabled    User Parameters: -   Sid History: -   Logon Hours: -   
<13>Jan 11 00:30:38 USCHPOSDC01 AgentDevice=WindowsLog	AgentLogFile=Security	PluginVersion=1.0.14	Source=Security	Computer=USCHPOSDC01	User=SVC-ADIMPORT	Domain=POS	EventID=626	EventIDCcorpoe=626	EventType=8	EventCategory=7	RecordNumber=2543629377	TimeGenerated=1389418235	TimeWritten=1389418235	Message=User Account Enabled:   Target Account Name: 656019   Target Domain: POS   Target Account ID: POS\656019   Caller User Name: SVC-ADIMPORT   Caller Domain: POS   Caller Logon ID: (0x0,0x44A94E56)   
<13>Jan 11 00:30:38 USCHPOSDC01 AgentDevice=WindowsLog	AgentLogFile=Security	PluginVersion=1.0.14	Source=Security	Computer=USCHPOSDC01	User=SVC-ADIMPORT	Domain=POS	EventID=642	EventIDCcorpoe=642	EventType=8	EventCategory=7	RecordNumber=2543629367	TimeGenerated=1389418235	TimeWritten=1389418235	Message=User Account Changed:   Target Account Name: 656019   Target Domain: POS   Target Account ID: POS\656019   Caller User Name: SVC-ADIMPORT   Caller Domain: POS   Caller Logon ID: (0x0,0x44A99059)   Privileges: -  Changed Attributes:   Sam Account Name: -   Display Name: -   User Principal Name: -   Home Directory: -   Home Drive: -   Script Path: -   Profile Path: -   User Workstations: -   Password Last Set: 1/11/2014 12:30:35 AM   Account Expires: -   Primary Group ID: -   AllowedTcorpoelegateTo: -   Old UAC Value: -   New UAC Value: -   User Account Control: -   User Parameters: -   Sid History: -   Logon Hours: -   
<13>Jan 11 00:30:38 USCHPOSDC01 AgentDevice=WindowsLog	AgentLogFile=Security	PluginVersion=1.0.14	Source=Security	Computer=USCHPOSDC01	User=SVC-ADIMPORT	Domain=POS	EventID=642	EventIDCcorpoe=642	EventType=8	EventCategory=7	RecordNumber=2543629357	TimeGenerated=1389418235	TimeWritten=1389418235	Message=User Account Changed:   Target Account Name: 656018   Target Domain: POS   Target Account ID: POS\656018   Caller User Name: SVC-ADIMPORT   Caller Domain: POS   Caller Logon ID: (0x0,0x44A94E56)   Privileges: -  Changed Attributes:   Sam Account Name: -   Display Name: IVAN VARGAS   User Principal Name: -   Home Directory: -   Home Drive: -   Script Path: -   Profile Path: -   User Workstations: -   Password Last Set: -   Account Expires: -   Primary Group ID: -   AllowedTcorpoelegateTo: -   Old UAC Value: -   New UAC Value: -   User Account Control: -   User Parameters: -   Sid History: -   Logon Hours: -   
<13>Jan 11 00:30:38 USCHPOSDC01 AgentDevice=WindowsLog	AgentLogFile=Security	PluginVersion=1.0.14	Source=Security	Computer=USCHPOSDC01	User=SVC-ADIMPORT	Domain=POS	EventID=642	EventIDCcorpoe=642	EventType=8	EventCategory=7	RecordNumber=2543629353	TimeGenerated=1389418234	TimeWritten=1389418234	Message=User Account Changed:   Target Account Name: 656018   Target Domain: POS   Target Account ID: POS\656018   Caller User Name: SVC-ADIMPORT   Caller Domain: POS   Caller Logon ID: (0x0,0x44A94E56)   Privileges: -  Changed Attributes:   Sam Account Name: -   Display Name: -   User Principal Name: -   Home Directory: -   Home Drive: -   Script Path: -   Profile Path: -   User Workstations: -   Password Last Set: -   Account Expires: -   Primary Group ID: -   AllowedTcorpoelegateTo: -   Old UAC Value: 0x15   New UAC Value: 0x10   User Account Control:    Account Enabled    'Password Not Required' - Disabled    User Parameters: -   Sid History: -   Logon Hours: -   
<13>Jan 11 00:30:38 USCHPOSDC01 AgentDevice=WindowsLog	AgentLogFile=Security	PluginVersion=1.0.14	Source=Security	Computer=USCHPOSDC01	User=SVC-ADIMPORT	Domain=POS	EventID=626	EventIDCcorpoe=626	EventType=8	EventCategory=7	RecordNumber=2543629354	TimeGenerated=1389418234	TimeWritten=1389418234	Message=User Account Enabled:   Target Account Name: 656018   Target Domain: POS   Target Account ID: POS\656018   Caller User Name: SVC-ADIMPORT   Caller Domain: POS   Caller Logon ID: (0x0,0x44A94E56)   
<13>Jan 11 00:30:38 USCHPOSDC01 AgentDevice=WindowsLog	AgentLogFile=Security	PluginVersion=1.0.14	Source=Security	Computer=USCHPOSDC01	User=SVC-ADIMPORT	Domain=POS	EventID=642	EventIDCcorpoe=642	EventType=8	EventCategory=7	RecordNumber=2543629339	TimeGenerated=1389418234	TimeWritten=1389418234	Message=User Account Changed:   Target Account Name: 656018   Target Domain: POS   Target Account ID: POS\656018   Caller User Name: SVC-ADIMPORT   Caller Domain: POS   Caller Logon ID: (0x0,0x44A98F4D)   Privileges: -  Changed Attributes:   Sam Account Name: -   Display Name: -   User Principal Name: -   Home Directory: -   Home Drive: -   Script Path: -   Profile Path: -   User Workstations: -   Password Last Set: 1/11/2014 12:30:34 AM   Account Expires: -   Primary Group ID: -   AllowedTcorpoelegateTo: -   Old UAC Value: -   New UAC Value: -   User Account Control: -   User Parameters: -   Sid History: -   Logon Hours: -   
<13>Jan 11 00:30:38 USCHPOSDC01 AgentDevice=WindowsLog	AgentLogFile=Security	PluginVersion=1.0.14	Source=Security	Computer=USCHPOSDC01	User=SVC-ADIMPORT	Domain=POS	EventID=642	EventIDCcorpoe=642	EventType=8	EventCategory=7	RecordNumber=2543629327	TimeGenerated=1389418234	TimeWritten=1389418234	Message=User Account Changed:   Target Account Name: 656016   Target Domain: POS   Target Account ID: POS\656016   Caller User Name: SVC-ADIMPORT   Caller Domain: POS   Caller Logon ID: (0x0,0x44A94E56)   Privileges: -  Changed Attributes:   Sam Account Name: -   Display Name: RICARDO AMADOR   User Principal Name: -   Home Directory: -   Home Drive: -   Script Path: -   Profile Path: -   User Workstations: -   Password Last Set: -   Account Expires: -   Primary Group ID: -   AllowedTcorpoelegateTo: -   Old UAC Value: -   New UAC Value: -   User Account Control: -   User Parameters: -   Sid History: -   Logon Hours: -   
<13>Jan 11 00:30:36 USCHPOSDC01 AgentDevice=WindowsLog	AgentLogFile=Security	PluginVersion=1.0.14	Source=Security	Computer=USCHPOSDC01	User=SVC-ADIMPORT	Domain=POS	EventID=626	EventIDCcorpoe=626	EventType=8	EventCategory=7	RecordNumber=2543629324	TimeGenerated=1389418233	TimeWritten=1389418233	Message=User Account Enabled:   Target Account Name: 656016   Target Domain: POS   Target Account ID: POS\656016   Caller User Name: SVC-ADIMPORT   Caller Domain: POS   Caller Logon ID: (0x0,0x44A94E56)   
<13>Jan 11 00:30:36 USCHPOSDC01 AgentDevice=WindowsLog	AgentLogFile=Security	PluginVersion=1.0.14	Source=Security	Computer=USCHPOSDC01	User=SVC-ADIMPORT	Domain=POS	EventID=642	EventIDCcorpoe=642	EventType=8	EventCategory=7	RecordNumber=2543629323	TimeGenerated=1389418233	TimeWritten=1389418233	Message=User Account Changed:   Target Account Name: 656016   Target Domain: POS   Target Account ID: POS\656016   Caller User Name: SVC-ADIMPORT   Caller Domain: POS   Caller Logon ID: (0x0,0x44A94E56)   Privileges: -  Changed Attributes:   Sam Account Name: -   Display Name: -   User Principal Name: -   Home Directory: -   Home Drive: -   Script Path: -   Profile Path: -   User Workstations: -   Password Last Set: -   Account Expires: -   Primary Group ID: -   AllowedTcorpoelegateTo: -   Old UAC Value: 0x15   New UAC Value: 0x10   User Account Control:    Account Enabled    'Password Not Required' - Disabled    User Parameters: -   Sid History: -   Logon Hours: -   
<13>Jan 11 00:30:36 USCHPOSDC01 AgentDevice=WindowsLog	AgentLogFile=Security	PluginVersion=1.0.14	Source=Security	Computer=USCHPOSDC01	User=SVC-ADIMPORT	Domain=POS	EventID=642	EventIDCcorpoe=642	EventType=8	EventCategory=7	RecordNumber=2543629317	TimeGenerated=1389418233	TimeWritten=1389418233	Message=User Account Changed:   Target Account Name: 656016   Target Domain: POS   Target Account ID: POS\656016   Caller User Name: SVC-ADIMPORT   Caller Domain: POS   Caller Logon ID: (0x0,0x44A98DCB)   Privileges: -  Changed Attributes:   Sam Account Name: -   Display Name: -   User Principal Name: -   Home Directory: -   Home Drive: -   Script Path: -   Profile Path: -   User Workstations: -   Password Last Set: 1/11/2014 12:30:33 AM   Account Expires: -   Primary Group ID: -   AllowedTcorpoelegateTo: -   Old UAC Value: -   New UAC Value: -   User Account Control: -   User Parameters: -   Sid History: -   Logon Hours: -   
<13>Jan 11 00:30:36 USCHPOSDC01 AgentDevice=WindowsLog	AgentLogFile=Security	PluginVersion=1.0.14	Source=Security	Computer=USCHPOSDC01	User=SVC-ADIMPORT	Domain=POS	EventID=642	EventIDCcorpoe=642	EventType=8	EventCategory=7	RecordNumber=2543629306	TimeGenerated=1389418233	TimeWritten=1389418233	Message=User Account Changed:   Target Account Name: 656015   Target Domain: POS   Target Account ID: POS\656015   Caller User Name: SVC-ADIMPORT   Caller Domain: POS   Caller Logon ID: (0x0,0x44A94E56)   Privileges: -  Changed Attributes:   Sam Account Name: -   Display Name: TAYLOR FULLER   User Principal Name: -   Home Directory: -   Home Drive: -   Script Path: -   Profile Path: -   User Workstations: -   Password Last Set: -   Account Expires: -   Primary Group ID: -   AllowedTcorpoelegateTo: -   Old UAC Value: -   New UAC Value: -   User Account Control: -   User Parameters: -   Sid History: -   Logon Hours: -   
<13>Jan 11 00:30:36 USCHPOSDC01 AgentDevice=WindowsLog	AgentLogFile=Security	PluginVersion=1.0.14	Source=Security	Computer=USCHPOSDC01	User=SVC-ADIMPORT	Domain=POS	EventID=642	EventIDCcorpoe=642	EventType=8	EventCategory=7	RecordNumber=2543629301	TimeGenerated=1389418233	TimeWritten=1389418233	Message=User Account Changed:   Target Account Name: 656015   Target Domain: POS   Target Account ID: POS\656015   Caller User Name: SVC-ADIMPORT   Caller Domain: POS   Caller Logon ID: (0x0,0x44A94E56)   Privileges: -  Changed Attributes:   Sam Account Name: -   Display Name: -   User Principal Name: -   Home Directory: -   Home Drive: -   Script Path: -   Profile Path: -   User Workstations: -   Password Last Set: -   Account Expires: -   Primary Group ID: -   AllowedTcorpoelegateTo: -   Old UAC Value: 0x15   New UAC Value: 0x10   User Account Control:    Account Enabled    'Password Not Required' - Disabled    User Parameters: -   Sid History: -   Logon Hours: -   
<13>Jan 11 00:30:36 USCHPOSDC01 AgentDevice=WindowsLog	AgentLogFile=Security	PluginVersion=1.0.14	Source=Security	Computer=USCHPOSDC01	User=SVC-ADIMPORT	Domain=POS	EventID=626	EventIDCcorpoe=626	EventType=8	EventCategory=7	RecordNumber=2543629302	TimeGenerated=1389418233	TimeWritten=1389418233	Message=User Account Enabled:   Target Account Name: 656015   Target Domain: POS   Target Account ID: POS\656015   Caller User Name: SVC-ADIMPORT   Caller Domain: POS   Caller Logon ID: (0x0,0x44A94E56)   
