<13>Jan 10 10:01:06 USCHRETDC02 AgentDevice=WindowsLog	AgentLogFile=Security	PluginVersion=1.0.14	Source=Security	Computer=USCHRETDC02	User=domjoin	Domain=corpoRETAIL	EventID=645	EventIDCcorpoe=645	EventType=8	EventCategory=7	RecordNumber=2056973866	TimeGenerated=1389366062	TimeWritten=1389366062	Message=Computer Account Created:   New Account Name: corpoS03324W07$   New Domain: corpoRETAIL   New Account ID: corpoRETAIL\corpoS03324W07$   Caller User Name: domjoin   Caller Domain: corpoRETAIL   Caller Logon ID: (0x0,0x7F40E66F)   Privileges  -  Attributes:   Sam Account Name: corpoS03324W07$   Display Name: -   User Principal Name: -   Home Directory: -   Home Drive: -   Script Path: -   Profile Path: -   User Workstations: -   Password Last Set: <never>    Account Expires: <never>    Primary Group ID: 515   AllowedTcorpoelegateTo: -   Old UAC Value: 0x0   New UAC Value: 0x80   User Account Control:    'Workstation Trust Account' - Enabled    User Parameters: -   Sid History: -   Logon Hours: <value not set>    DNS Host Name: corpoS03324W07.corpoRETAIL.NET   Service Principal Names:    HOST/corpoS03324W07.corpoRETAIL.NET   HOST/corpoS03324W07    
<13>Jan 13 08:36:09 USCHRETDC02 AgentDevice=WindowsLog	AgentLogFile=Security	PluginVersion=1.0.14	Source=Security	Computer=USCHRETDC02	User=mbman	Domain=corpoRETAIL	EventID=629	EventIDCcorpoe=629	EventType=8	EventCategory=7	RecordNumber=2062499151	TimeGenerated=1389620166	TimeWritten=1389620166	Message=User Account Disabled:   Target Account Name: crmgr   Target Domain: corpoRETAIL   Target Account ID: corpoRETAIL\crmgr   Caller User Name: mbman   Caller Domain: corpoRETAIL   Caller Logon ID: (0x0,0x8971792D)   
<13>Jan 13 08:36:09 USCHRETDC02 AgentDevice=WindowsLog	AgentLogFile=Security	PluginVersion=1.0.14	Source=Security	Computer=USCHRETDC02	User=mbman	Domain=corpoRETAIL	EventID=642	EventIDCcorpoe=642	EventType=8	EventCategory=7	RecordNumber=2062499150	TimeGenerated=1389620166	TimeWritten=1389620166	Message=User Account Changed:   Target Account Name: crmgr   Target Domain: corpoRETAIL   Target Account ID: corpoRETAIL\crmgr   Caller User Name: mbman   Caller Domain: corpoRETAIL   Caller Logon ID: (0x0,0x8971792D)   Privileges: -  Changed Attributes:   Sam Account Name: -   Display Name: -   User Principal Name: -   Home Directory: -   Home Drive: -   Script Path: -   Profile Path: -   User Workstations: -   Password Last Set: -   Account Expires: -   Primary Group ID: -   AllowedTcorpoelegateTo: -   Old UAC Value: 0x10   New UAC Value: 0x11   User Account Control:    Account Disabled    User Parameters: -   Sid History: -   Logon Hours: -   
<13>Jan 13 07:02:17 USCHRETDC02 AgentDevice=WindowsLog	AgentLogFile=Security	PluginVersion=1.0.14	Source=Security	Computer=USCHRETDC02	User=SYSTEM	Domain=NT AUTHORITY	EventID=644	EventIDCcorpoe=644	EventType=8	EventCategory=7	RecordNumber=2062370953	TimeGenerated=1389614534	TimeWritten=1389614534	Message=User Account Locked Out:   Target Account Name: Salesxp02818   Target Account ID: corpoRETAIL\Salesxp02818   Caller Machine Name: corpoS02818W09   Caller User Name: USCHRETDC02$   Caller Domain: corpoRETAIL   Caller Logon ID: (0x0,0x3E7)   
<13>Jan 12 21:37:46 USCHRETDC02 AgentDevice=WindowsLog	AgentLogFile=Security	PluginVersion=1.0.14	Source=Security	Computer=USCHRETDC02	User=SYSTEM	Domain=NT AUTHORITY	EventID=644	EventIDCcorpoe=644	EventType=8	EventCategory=7	RecordNumber=2061723731	TimeGenerated=1389580663	TimeWritten=1389580663	Message=User Account Locked Out:   Target Account Name: Salesxp02299   Target Account ID: corpoRETAIL\Salesxp02299   Caller Machine Name: corpoS02299W09   Caller User Name: USCHRETDC02$   Caller Domain: corpoRETAIL   Caller Logon ID: (0x0,0x3E7)   
<13>Jan 12 20:16:05 USCHRETDC02 AgentDevice=WindowsLog	AgentLogFile=Security	PluginVersion=1.0.14	Source=Security	Computer=USCHRETDC02	User=SYSTEM	Domain=NT AUTHORITY	EventID=644	EventIDCcorpoe=644	EventType=8	EventCategory=7	RecordNumber=2061616268	TimeGenerated=1389575762	TimeWritten=1389575762	Message=User Account Locked Out:   Target Account Name: Salesxp02409   Target Account ID: corpoRETAIL\Salesxp02409   Caller Machine Name: corpoS02409W12   Caller User Name: USCHRETDC02$   Caller Domain: corpoRETAIL   Caller Logon ID: (0x0,0x3E7)   
<13>Jan 12 20:05:04 USCHRETDC02 AgentDevice=WindowsLog	AgentLogFile=Security	PluginVersion=1.0.14	Source=Security	Computer=USCHRETDC02	User=SYSTEM	Domain=NT AUTHORITY	EventID=644	EventIDCcorpoe=644	EventType=8	EventCategory=7	RecordNumber=2061601782	TimeGenerated=1389575100	TimeWritten=1389575100	Message=User Account Locked Out:   Target Account Name: Salesxp00892   Target Account ID: corpoRETAIL\Salesxp00892   Caller Machine Name: corpoS00892W07   Caller User Name: USCHRETDC02$   Caller Domain: corpoRETAIL   Caller Logon ID: (0x0,0x3E7)   
<13>Jan 12 19:42:31 USCHRETDC02 AgentDevice=WindowsLog	AgentLogFile=Security	PluginVersion=1.0.14	Source=Security	Computer=USCHRETDC02	User=SYSTEM	Domain=NT AUTHORITY	EventID=644	EventIDCcorpoe=644	EventType=8	EventCategory=7	RecordNumber=2061574094	TimeGenerated=1389573747	TimeWritten=1389573747	Message=User Account Locked Out:   Target Account Name: Salesxp02798   Target Account ID: corpoRETAIL\Salesxp02798   Caller Machine Name: corpoS02798W07   Caller User Name: USCHRETDC02$   Caller Domain: corpoRETAIL   Caller Logon ID: (0x0,0x3E7)   
<13>Jan 12 19:41:40 USCHRETDC02 AgentDevice=WindowsLog	AgentLogFile=Security	PluginVersion=1.0.14	Source=Security	Computer=USCHRETDC02	User=SYSTEM	Domain=NT AUTHORITY	EventID=644	EventIDCcorpoe=644	EventType=8	EventCategory=7	RecordNumber=2061573033	TimeGenerated=1389573697	TimeWritten=1389573697	Message=User Account Locked Out:   Target Account Name: Salesxp02153   Target Account ID: corpoRETAIL\Salesxp02153   Caller Machine Name: corpoS02153W07   Caller User Name: USCHRETDC02$   Caller Domain: corpoRETAIL   Caller Logon ID: (0x0,0x3E7)   
<13>Jan 12 19:15:58 USCHRETDC02 AgentDevice=WindowsLog	AgentLogFile=Security	PluginVersion=1.0.14	Source=Security	Computer=USCHRETDC02	User=SYSTEM	Domain=NT AUTHORITY	EventID=644	EventIDCcorpoe=644	EventType=8	EventCategory=7	RecordNumber=2061542874	TimeGenerated=1389572156	TimeWritten=1389572156	Message=User Account Locked Out:   Target Account Name: Salesxp00349   Target Account ID: corpoRETAIL\Salesxp00349   Caller Machine Name: corpoS00349W09   Caller User Name: USCHRETDC02$   Caller Domain: corpoRETAIL   Caller Logon ID: (0x0,0x3E7)   
<13>Jan 12 19:14:32 USCHRETDC02 AgentDevice=WindowsLog	AgentLogFile=Security	PluginVersion=1.0.14	Source=Security	Computer=USCHRETDC02	User=SYSTEM	Domain=NT AUTHORITY	EventID=644	EventIDCcorpoe=644	EventType=8	EventCategory=7	RecordNumber=2061540948	TimeGenerated=1389572068	TimeWritten=1389572068	Message=User Account Locked Out:   Target Account Name: Salesxp00491   Target Account ID: corpoRETAIL\Salesxp00491   Caller Machine Name: corpoS00491W07   Caller User Name: USCHRETDC02$   Caller Domain: corpoRETAIL   Caller Logon ID: (0x0,0x3E7)   
<13>Jan 12 18:04:41 USCHRETDC02 AgentDevice=WindowsLog	AgentLogFile=Security	PluginVersion=1.0.14	Source=Security	Computer=USCHRETDC02	User=SYSTEM	Domain=NT AUTHORITY	EventID=644	EventIDCcorpoe=644	EventType=8	EventCategory=7	RecordNumber=2061463827	TimeGenerated=1389567878	TimeWritten=1389567878	Message=User Account Locked Out:   Target Account Name: Salesxp00618   Target Account ID: corpoRETAIL\Salesxp00618   Caller Machine Name: corpoS00618W09   Caller User Name: USCHRETDC02$   Caller Domain: corpoRETAIL   Caller Logon ID: (0x0,0x3E7)   
<13>Jan 12 17:48:17 USCHRETDC02 AgentDevice=WindowsLog	AgentLogFile=Security	PluginVersion=1.0.14	Source=Security	Computer=USCHRETDC02	User=SYSTEM	Domain=NT AUTHORITY	EventID=644	EventIDCcorpoe=644	EventType=8	EventCategory=7	RecordNumber=2061444995	TimeGenerated=1389566894	TimeWritten=1389566894	Message=User Account Locked Out:   Target Account Name: Salesxp02230   Target Account ID: corpoRETAIL\Salesxp02230   Caller Machine Name: corpoS02230W07   Caller User Name: USCHRETDC02$   Caller Domain: corpoRETAIL   Caller Logon ID: (0x0,0x3E7)   
<13>Jan 12 17:39:27 USCHRETDC02 AgentDevice=WindowsLog	AgentLogFile=Security	PluginVersion=1.0.14	Source=Security	Computer=USCHRETDC02	User=SYSTEM	Domain=NT AUTHORITY	EventID=644	EventIDCcorpoe=644	EventType=8	EventCategory=7	RecordNumber=2061434473	TimeGenerated=1389566364	TimeWritten=1389566364	Message=User Account Locked Out:   Target Account Name: Salesxp02370   Target Account ID: corpoRETAIL\Salesxp02370   Caller Machine Name: corpoS02370W06   Caller User Name: USCHRETDC02$   Caller Domain: corpoRETAIL   Caller Logon ID: (0x0,0x3E7)   
<13>Jan 12 17:35:05 USCHRETDC02 AgentDevice=WindowsLog	AgentLogFile=Security	PluginVersion=1.0.14	Source=Security	Computer=USCHRETDC02	User=SYSTEM	Domain=NT AUTHORITY	EventID=644	EventIDCcorpoe=644	EventType=8	EventCategory=7	RecordNumber=2061429530	TimeGenerated=1389566103	TimeWritten=1389566103	Message=User Account Locked Out:   Target Account Name: Salesxp03325   Target Account ID: corpoRETAIL\Salesxp03325   Caller Machine Name: corpoS03325W09   Caller User Name: USCHRETDC02$   Caller Domain: corpoRETAIL   Caller Logon ID: (0x0,0x3E7)   
<13>Jan 12 16:56:16 USCHRETDC02 AgentDevice=WindowsLog	AgentLogFile=Security	PluginVersion=1.0.14	Source=Security	Computer=USCHRETDC02	User=SYSTEM	Domain=NT AUTHORITY	EventID=644	EventIDCcorpoe=644	EventType=8	EventCategory=7	RecordNumber=2061381487	TimeGenerated=1389563773	TimeWritten=1389563773	Message=User Account Locked Out:   Target Account Name: Salesxp02180   Target Account ID: corpoRETAIL\Salesxp02180   Caller Machine Name: corpoS02180W07   Caller User Name: USCHRETDC02$   Caller Domain: corpoRETAIL   Caller Logon ID: (0x0,0x3E7)   
<13>Jan 12 16:22:00 USCHRETDC02 AgentDevice=WindowsLog	AgentLogFile=Security	PluginVersion=1.0.14	Source=Security	Computer=USCHRETDC02	User=SYSTEM	Domain=NT AUTHORITY	EventID=644	EventIDCcorpoe=644	EventType=8	EventCategory=7	RecordNumber=2061339321	TimeGenerated=1389561718	TimeWritten=1389561718	Message=User Account Locked Out:   Target Account Name: Salesxp00435   Target Account ID: corpoRETAIL\Salesxp00435   Caller Machine Name: corpoS00435W09   Caller User Name: USCHRETDC02$   Caller Domain: corpoRETAIL   Caller Logon ID: (0x0,0x3E7)   
<13>Jan 12 16:18:27 USCHRETDC02 AgentDevice=WindowsLog	AgentLogFile=Security	PluginVersion=1.0.14	Source=Security	Computer=USCHRETDC02	User=SYSTEM	Domain=NT AUTHORITY	EventID=644	EventIDCcorpoe=644	EventType=8	EventCategory=7	RecordNumber=2061335011	TimeGenerated=1389561503	TimeWritten=1389561503	Message=User Account Locked Out:   Target Account Name: Salesxp02581   Target Account ID: corpoRETAIL\Salesxp02581   Caller Machine Name: corpoS02581W07   Caller User Name: USCHRETDC02$   Caller Domain: corpoRETAIL   Caller Logon ID: (0x0,0x3E7)   
<13>Jan 12 16:18:08 USCHRETDC02 AgentDevice=WindowsLog	AgentLogFile=Security	PluginVersion=1.0.14	Source=Security	Computer=USCHRETDC02	User=SYSTEM	Domain=NT AUTHORITY	EventID=644	EventIDCcorpoe=644	EventType=8	EventCategory=7	RecordNumber=2061334467	TimeGenerated=1389561484	TimeWritten=1389561484	Message=User Account Locked Out:   Target Account Name: Salesxp00305   Target Account ID: corpoRETAIL\Salesxp00305   Caller Machine Name: corpoS00305W06   Caller User Name: USCHRETDC02$   Caller Domain: corpoRETAIL   Caller Logon ID: (0x0,0x3E7)   
<13>Jan 12 15:56:14 USCHRETDC02 AgentDevice=WindowsLog	AgentLogFile=Security	PluginVersion=1.0.14	Source=Security	Computer=USCHRETDC02	User=SYSTEM	Domain=NT AUTHORITY	EventID=644	EventIDCcorpoe=644	EventType=8	EventCategory=7	RecordNumber=2061306450	TimeGenerated=1389560171	TimeWritten=1389560171	Message=User Account Locked Out:   Target Account Name: Salesxp02141   Target Account ID: corpoRETAIL\Salesxp02141   Caller Machine Name: corpoS02141W07   Caller User Name: USCHRETDC02$   Caller Domain: corpoRETAIL   Caller Logon ID: (0x0,0x3E7)   
<13>Jan 12 15:45:26 USCHRETDC02 AgentDevice=WindowsLog	AgentLogFile=Security	PluginVersion=1.0.14	Source=Security	Computer=USCHRETDC02	User=SYSTEM	Domain=NT AUTHORITY	EventID=644	EventIDCcorpoe=644	EventType=8	EventCategory=7	RecordNumber=2061292401	TimeGenerated=1389559524	TimeWritten=1389559524	Message=User Account Locked Out:   Target Account Name: Salesxp02299   Target Account ID: corpoRETAIL\Salesxp02299   Caller Machine Name: corpoS02299W09   Caller User Name: USCHRETDC02$   Caller Domain: corpoRETAIL   Caller Logon ID: (0x0,0x3E7)   
<13>Jan 12 15:24:35 USCHRETDC02 AgentDevice=WindowsLog	AgentLogFile=Security	PluginVersion=1.0.14	Source=Security	Computer=USCHRETDC02	User=SYSTEM	Domain=NT AUTHORITY	EventID=644	EventIDCcorpoe=644	EventType=8	EventCategory=7	RecordNumber=2061264809	TimeGenerated=1389558272	TimeWritten=1389558272	Message=User Account Locked Out:   Target Account Name: Salesxp00495   Target Account ID: corpoRETAIL\Salesxp00495   Caller Machine Name: corpoS00495W05   Caller User Name: USCHRETDC02$   Caller Domain: corpoRETAIL   Caller Logon ID: (0x0,0x3E7)   
<13>Jan 12 15:19:16 USCHRETDC02 AgentDevice=WindowsLog	AgentLogFile=Security	PluginVersion=1.0.14	Source=Security	Computer=USCHRETDC02	User=SYSTEM	Domain=NT AUTHORITY	EventID=644	EventIDCcorpoe=644	EventType=8	EventCategory=7	RecordNumber=2061257683	TimeGenerated=1389557952	TimeWritten=1389557952	Message=User Account Locked Out:   Target Account Name: Salesxp00495   Target Account ID: corpoRETAIL\Salesxp00495   Caller Machine Name: corpoS00495W05   Caller User Name: USCHRETDC02$   Caller Domain: corpoRETAIL   Caller Logon ID: (0x0,0x3E7)   
<13>Jan 12 14:00:46 USCHRETDC02 AgentDevice=WindowsLog	AgentLogFile=Security	PluginVersion=1.0.14	Source=Security	Computer=USCHRETDC02	User=SYSTEM	Domain=NT AUTHORITY	EventID=644	EventIDCcorpoe=644	EventType=8	EventCategory=7	RecordNumber=2061147345	TimeGenerated=1389553244	TimeWritten=1389553244	Message=User Account Locked Out:   Target Account Name: Salesxp02658   Target Account ID: corpoRETAIL\Salesxp02658   Caller Machine Name: corpoS02658W09   Caller User Name: USCHRETDC02$   Caller Domain: corpoRETAIL   Caller Logon ID: (0x0,0x3E7)   
<13>Jan 12 13:22:42 USCHRETDC02 AgentDevice=WindowsLog	AgentLogFile=Security	PluginVersion=1.0.14	Source=Security	Computer=USCHRETDC02	User=SYSTEM	Domain=NT AUTHORITY	EventID=644	EventIDCcorpoe=644	EventType=8	EventCategory=7	RecordNumber=2061085655	TimeGenerated=1389550959	TimeWritten=1389550959	Message=User Account Locked Out:   Target Account Name: Salesxp02436   Target Account ID: corpoRETAIL\Salesxp02436   Caller Machine Name: corpoS02436W07   Caller User Name: USCHRETDC02$   Caller Domain: corpoRETAIL   Caller Logon ID: (0x0,0x3E7)   
<13>Jan 12 13:07:04 USCHRETDC02 AgentDevice=WindowsLog	AgentLogFile=Security	PluginVersion=1.0.14	Source=Security	Computer=USCHRETDC02	User=SYSTEM	Domain=NT AUTHORITY	EventID=644	EventIDCcorpoe=644	EventType=8	EventCategory=7	RecordNumber=2061060555	TimeGenerated=1389550022	TimeWritten=1389550022	Message=User Account Locked Out:   Target Account Name: Salesxp00259   Target Account ID: corpoRETAIL\Salesxp00259   Caller Machine Name: corpoS00259W12   Caller User Name: USCHRETDC02$   Caller Domain: corpoRETAIL   Caller Logon ID: (0x0,0x3E7)   
<13>Jan 12 12:12:18 USCHRETDC02 AgentDevice=WindowsLog	AgentLogFile=Security	PluginVersion=1.0.14	Source=Security	Computer=USCHRETDC02	User=SYSTEM	Domain=NT AUTHORITY	EventID=644	EventIDCcorpoe=644	EventType=8	EventCategory=7	RecordNumber=2060974411	TimeGenerated=1389546736	TimeWritten=1389546736	Message=User Account Locked Out:   Target Account Name: Salesxp02167   Target Account ID: corpoRETAIL\Salesxp02167   Caller Machine Name: corpoS02167W07   Caller User Name: USCHRETDC02$   Caller Domain: corpoRETAIL   Caller Logon ID: (0x0,0x3E7)   
<13>Jan 12 12:06:47 USCHRETDC02 AgentDevice=WindowsLog	AgentLogFile=Security	PluginVersion=1.0.14	Source=Security	Computer=USCHRETDC02	User=SYSTEM	Domain=NT AUTHORITY	EventID=644	EventIDCcorpoe=644	EventType=8	EventCategory=7	RecordNumber=2060966563	TimeGenerated=1389546404	TimeWritten=1389546404	Message=User Account Locked Out:   Target Account Name: Salesxp00488   Target Account ID: corpoRETAIL\Salesxp00488   Caller Machine Name: corpoS00488W09   Caller User Name: USCHRETDC02$   Caller Domain: corpoRETAIL   Caller Logon ID: (0x0,0x3E7)   
<13>Jan 12 10:38:38 USCHRETDC02 AgentDevice=WindowsLog	AgentLogFile=Security	PluginVersion=1.0.14	Source=Security	Computer=USCHRETDC02	User=SYSTEM	Domain=NT AUTHORITY	EventID=644	EventIDCcorpoe=644	EventType=8	EventCategory=7	RecordNumber=2060849443	TimeGenerated=1389541115	TimeWritten=1389541115	Message=User Account Locked Out:   Target Account Name: Salesxp00614   Target Account ID: corpoRETAIL\Salesxp00614   Caller Machine Name: corpoS00614W12   Caller User Name: USCHRETDC02$   Caller Domain: corpoRETAIL   Caller Logon ID: (0x0,0x3E7)   
<13>Jan 12 10:34:40 USCHRETDC02 AgentDevice=WindowsLog	AgentLogFile=Security	PluginVersion=1.0.14	Source=Security	Computer=USCHRETDC02	User=SYSTEM	Domain=NT AUTHORITY	EventID=644	EventIDCcorpoe=644	EventType=8	EventCategory=7	RecordNumber=2060844262	TimeGenerated=1389540878	TimeWritten=1389540878	Message=User Account Locked Out:   Target Account Name: Salesxp02753   Target Account ID: corpoRETAIL\Salesxp02753   Caller Machine Name: corpoS02753W12   Caller User Name: USCHRETDC02$   Caller Domain: corpoRETAIL   Caller Logon ID: (0x0,0x3E7)   
<13>Jan 12 08:49:27 USCHRETDC02 AgentDevice=WindowsLog	AgentLogFile=Security	PluginVersion=1.0.14	Source=Security	Computer=USCHRETDC02	User=SYSTEM	Domain=NT AUTHORITY	EventID=644	EventIDCcorpoe=644	EventType=8	EventCategory=7	RecordNumber=2060712120	TimeGenerated=1389534564	TimeWritten=1389534564	Message=User Account Locked Out:   Target Account Name: Salesxp00429   Target Account ID: corpoRETAIL\Salesxp00429   Caller Machine Name: corpoS00429W12   Caller User Name: USCHRETDC02$   Caller Domain: corpoRETAIL   Caller Logon ID: (0x0,0x3E7)   
<13>Jan 12 08:12:45 USCHRETDC02 AgentDevice=WindowsLog	AgentLogFile=Security	PluginVersion=1.0.14	Source=Security	Computer=USCHRETDC02	User=SYSTEM	Domain=NT AUTHORITY	EventID=644	EventIDCcorpoe=644	EventType=8	EventCategory=7	RecordNumber=2060671611	TimeGenerated=1389532362	TimeWritten=1389532362	Message=User Account Locked Out:   Target Account Name: Salesxp02115   Target Account ID: corpoRETAIL\Salesxp02115   Caller Machine Name: corpoS02115W09   Caller User Name: USCHRETDC02$   Caller Domain: corpoRETAIL   Caller Logon ID: (0x0,0x3E7)   
<13>Jan 12 07:57:56 USCHRETDC02 AgentDevice=WindowsLog	AgentLogFile=Security	PluginVersion=1.0.14	Source=Security	Computer=USCHRETDC02	User=SYSTEM	Domain=NT AUTHORITY	EventID=644	EventIDCcorpoe=644	EventType=8	EventCategory=7	RecordNumber=2060654661	TimeGenerated=1389531474	TimeWritten=1389531474	Message=User Account Locked Out:   Target Account Name: Salesxp00656   Target Account ID: corpoRETAIL\Salesxp00656   Caller Machine Name: corpoS00656W07   Caller User Name: USCHRETDC02$   Caller Domain: corpoRETAIL   Caller Logon ID: (0x0,0x3E7)   
<13>Jan 12 05:01:11 USCHRETDC02 AgentDevice=WindowsLog	AgentLogFile=Security	PluginVersion=1.0.14	Source=Security	Computer=USCHRETDC02	User=SYSTEM	Domain=NT AUTHORITY	EventID=644	EventIDCcorpoe=644	EventType=8	EventCategory=7	RecordNumber=2060426836	TimeGenerated=1389520868	TimeWritten=1389520868	Message=User Account Locked Out:   Target Account Name: appmgr   Target Account ID: corpoRETAIL\appmgr   Caller Machine Name: \\corpoS02151W10   Caller User Name: USCHRETDC02$   Caller Domain: corpoRETAIL   Caller Logon ID: (0x0,0x3E7)   
<13>Jan 11 22:17:16 USCHRETDC02 AgentDevice=WindowsLog	AgentLogFile=Security	PluginVersion=1.0.14	Source=Security	Computer=USCHRETDC02	User=SYSTEM	Domain=NT AUTHORITY	EventID=644	EventIDCcorpoe=644	EventType=8	EventCategory=7	RecordNumber=2059820016	TimeGenerated=1389496632	TimeWritten=1389496632	Message=User Account Locked Out:   Target Account Name: Salesxp00085   Target Account ID: corpoRETAIL\Salesxp00085   Caller Machine Name: corpoS00085W07   Caller User Name: USCHRETDC02$   Caller Domain: corpoRETAIL   Caller Logon ID: (0x0,0x3E7)   
<13>Jan 11 22:05:47 USCHRETDC02 AgentDevice=WindowsLog	AgentLogFile=Security	PluginVersion=1.0.14	Source=Security	Computer=USCHRETDC02	User=SYSTEM	Domain=NT AUTHORITY	EventID=644	EventIDCcorpoe=644	EventType=8	EventCategory=7	RecordNumber=2059806148	TimeGenerated=1389495943	TimeWritten=1389495943	Message=User Account Locked Out:   Target Account Name: Salesxp00988   Target Account ID: corpoRETAIL\Salesxp00988   Caller Machine Name: corpoS00988W07   Caller User Name: USCHRETDC02$   Caller Domain: corpoRETAIL   Caller Logon ID: (0x0,0x3E7)   
<13>Jan 11 21:45:43 USCHRETDC02 AgentDevice=WindowsLog	AgentLogFile=Security	PluginVersion=1.0.14	Source=Security	Computer=USCHRETDC02	User=SYSTEM	Domain=NT AUTHORITY	EventID=644	EventIDCcorpoe=644	EventType=8	EventCategory=7	RecordNumber=2059782157	TimeGenerated=1389494740	TimeWritten=1389494740	Message=User Account Locked Out:   Target Account Name: Salesxp02266   Target Account ID: corpoRETAIL\Salesxp02266   Caller Machine Name: corpoS02266W06   Caller User Name: USCHRETDC02$   Caller Domain: corpoRETAIL   Caller Logon ID: (0x0,0x3E7)   
<13>Jan 11 21:04:50 USCHRETDC02 AgentDevice=WindowsLog	AgentLogFile=Security	PluginVersion=1.0.14	Source=Security	Computer=USCHRETDC02	User=SYSTEM	Domain=NT AUTHORITY	EventID=644	EventIDCcorpoe=644	EventType=8	EventCategory=7	RecordNumber=2059730280	TimeGenerated=1389492287	TimeWritten=1389492287	Message=User Account Locked Out:   Target Account Name: Salesxp00625   Target Account ID: corpoRETAIL\Salesxp00625   Caller Machine Name: corpoS00625W07   Caller User Name: USCHRETDC02$   Caller Domain: corpoRETAIL   Caller Logon ID: (0x0,0x3E7)   
<13>Jan 11 20:28:24 USCHRETDC02 AgentDevice=WindowsLog	AgentLogFile=Security	PluginVersion=1.0.14	Source=Security	Computer=USCHRETDC02	User=SYSTEM	Domain=NT AUTHORITY	EventID=644	EventIDCcorpoe=644	EventType=8	EventCategory=7	RecordNumber=2059686240	TimeGenerated=1389490102	TimeWritten=1389490102	Message=User Account Locked Out:   Target Account Name: Salesxp02459   Target Account ID: corpoRETAIL\Salesxp02459   Caller Machine Name: corpoS02459W06   Caller User Name: USCHRETDC02$   Caller Domain: corpoRETAIL   Caller Logon ID: (0x0,0x3E7)   
<13>Jan 11 20:11:25 USCHRETDC02 AgentDevice=WindowsLog	AgentLogFile=Security	PluginVersion=1.0.14	Source=Security	Computer=USCHRETDC02	User=SYSTEM	Domain=NT AUTHORITY	EventID=644	EventIDCcorpoe=644	EventType=8	EventCategory=7	RecordNumber=2059664810	TimeGenerated=1389489082	TimeWritten=1389489082	Message=User Account Locked Out:   Target Account Name: Salesxp02246   Target Account ID: corpoRETAIL\Salesxp02246   Caller Machine Name: corpoS02246W07   Caller User Name: USCHRETDC02$   Caller Domain: corpoRETAIL   Caller Logon ID: (0x0,0x3E7)   
<13>Jan 11 20:10:16 USCHRETDC02 AgentDevice=WindowsLog	AgentLogFile=Security	PluginVersion=1.0.14	Source=Security	Computer=USCHRETDC02	User=SYSTEM	Domain=NT AUTHORITY	EventID=644	EventIDCcorpoe=644	EventType=8	EventCategory=7	RecordNumber=2059663449	TimeGenerated=1389489014	TimeWritten=1389489014	Message=User Account Locked Out:   Target Account Name: Salesxp00086   Target Account ID: corpoRETAIL\Salesxp00086   Caller Machine Name: corpoS00086W09   Caller User Name: USCHRETDC02$   Caller Domain: corpoRETAIL   Caller Logon ID: (0x0,0x3E7)   
<13>Jan 11 20:07:28 USCHRETDC02 AgentDevice=WindowsLog	AgentLogFile=Security	PluginVersion=1.0.14	Source=Security	Computer=USCHRETDC02	User=SYSTEM	Domain=NT AUTHORITY	EventID=644	EventIDCcorpoe=644	EventType=8	EventCategory=7	RecordNumber=2059659814	TimeGenerated=1389488845	TimeWritten=1389488845	Message=User Account Locked Out:   Target Account Name: Salesxp00940   Target Account ID: corpoRETAIL\Salesxp00940   Caller Machine Name: corpoS00940W09   Caller User Name: USCHRETDC02$   Caller Domain: corpoRETAIL   Caller Logon ID: (0x0,0x3E7)   
<13>Jan 11 19:29:59 USCHRETDC02 AgentDevice=WindowsLog	AgentLogFile=Security	PluginVersion=1.0.14	Source=Security	Computer=USCHRETDC02	User=SYSTEM	Domain=NT AUTHORITY	EventID=644	EventIDCcorpoe=644	EventType=8	EventCategory=7	RecordNumber=2059611785	TimeGenerated=1389486596	TimeWritten=1389486596	Message=User Account Locked Out:   Target Account Name: Salesxp00969   Target Account ID: corpoRETAIL\Salesxp00969   Caller Machine Name: corpoS00969W12   Caller User Name: USCHRETDC02$   Caller Domain: corpoRETAIL   Caller Logon ID: (0x0,0x3E7)   
<13>Jan 11 19:04:08 USCHRETDC02 AgentDevice=WindowsLog	AgentLogFile=Security	PluginVersion=1.0.14	Source=Security	Computer=USCHRETDC02	User=SYSTEM	Domain=NT AUTHORITY	EventID=644	EventIDCcorpoe=644	EventType=8	EventCategory=7	RecordNumber=2059578322	TimeGenerated=1389485045	TimeWritten=1389485045	Message=User Account Locked Out:   Target Account Name: Salesxp02172   Target Account ID: corpoRETAIL\Salesxp02172   Caller Machine Name: corpoS02172W09   Caller User Name: USCHRETDC02$   Caller Domain: corpoRETAIL   Caller Logon ID: (0x0,0x3E7)   
<13>Jan 11 18:28:05 USCHRETDC02 AgentDevice=WindowsLog	AgentLogFile=Security	PluginVersion=1.0.14	Source=Security	Computer=USCHRETDC02	User=SYSTEM	Domain=NT AUTHORITY	EventID=644	EventIDCcorpoe=644	EventType=8	EventCategory=7	RecordNumber=2059532507	TimeGenerated=1389482882	TimeWritten=1389482882	Message=User Account Locked Out:   Target Account Name: Salesxp00305   Target Account ID: corpoRETAIL\Salesxp00305   Caller Machine Name: corpoS00305W06   Caller User Name: USCHRETDC02$   Caller Domain: corpoRETAIL   Caller Logon ID: (0x0,0x3E7)   
<13>Jan 11 18:02:50 USCHRETDC02 AgentDevice=WindowsLog	AgentLogFile=Security	PluginVersion=1.0.14	Source=Security	Computer=USCHRETDC02	User=SYSTEM	Domain=NT AUTHORITY	EventID=644	EventIDCcorpoe=644	EventType=8	EventCategory=7	RecordNumber=2059497973	TimeGenerated=1389481367	TimeWritten=1389481367	Message=User Account Locked Out:   Target Account Name: Salesxp02687   Target Account ID: corpoRETAIL\Salesxp02687   Caller Machine Name: corpoS02687W06   Caller User Name: USCHRETDC02$   Caller Domain: corpoRETAIL   Caller Logon ID: (0x0,0x3E7)   
<13>Jan 11 17:48:29 USCHRETDC02 AgentDevice=WindowsLog	AgentLogFile=Security	PluginVersion=1.0.14	Source=Security	Computer=USCHRETDC02	User=SYSTEM	Domain=NT AUTHORITY	EventID=644	EventIDCcorpoe=644	EventType=8	EventCategory=7	RecordNumber=2059477724	TimeGenerated=1389480506	TimeWritten=1389480506	Message=User Account Locked Out:   Target Account Name: Salesxp02112   Target Account ID: corpoRETAIL\Salesxp02112   Caller Machine Name: corpoS02112W07   Caller User Name: USCHRETDC02$   Caller Domain: corpoRETAIL   Caller Logon ID: (0x0,0x3E7)   
<13>Jan 11 16:53:25 USCHRETDC02 AgentDevice=WindowsLog	AgentLogFile=Security	PluginVersion=1.0.14	Source=Security	Computer=USCHRETDC02	User=SYSTEM	Domain=NT AUTHORITY	EventID=644	EventIDCcorpoe=644	EventType=8	EventCategory=7	RecordNumber=2059397939	TimeGenerated=1389477201	TimeWritten=1389477201	Message=User Account Locked Out:   Target Account Name: Salesxp02361   Target Account ID: corpoRETAIL\Salesxp02361   Caller Machine Name: corpoS02361W07   Caller User Name: USCHRETDC02$   Caller Domain: corpoRETAIL   Caller Logon ID: (0x0,0x3E7)   
<13>Jan 11 16:42:32 USCHRETDC02 AgentDevice=WindowsLog	AgentLogFile=Security	PluginVersion=1.0.14	Source=Security	Computer=USCHRETDC02	User=SYSTEM	Domain=NT AUTHORITY	EventID=644	EventIDCcorpoe=644	EventType=8	EventCategory=7	RecordNumber=2059382813	TimeGenerated=1389476548	TimeWritten=1389476548	Message=User Account Locked Out:   Target Account Name: Salesxp02207   Target Account ID: corpoRETAIL\Salesxp02207   Caller Machine Name: corpoS02207W09   Caller User Name: USCHRETDC02$   Caller Domain: corpoRETAIL   Caller Logon ID: (0x0,0x3E7)   
<13>Jan 11 16:38:21 USCHRETDC02 AgentDevice=WindowsLog	AgentLogFile=Security	PluginVersion=1.0.14	Source=Security	Computer=USCHRETDC02	User=SYSTEM	Domain=NT AUTHORITY	EventID=644	EventIDCcorpoe=644	EventType=8	EventCategory=7	RecordNumber=2059376488	TimeGenerated=1389476298	TimeWritten=1389476298	Message=User Account Locked Out:   Target Account Name: Salesxp00881   Target Account ID: corpoRETAIL\Salesxp00881   Caller Machine Name: corpoS00881W12   Caller User Name: USCHRETDC02$   Caller Domain: corpoRETAIL   Caller Logon ID: (0x0,0x3E7)   
<13>Jan 11 16:30:54 USCHRETDC02 AgentDevice=WindowsLog	AgentLogFile=Security	PluginVersion=1.0.14	Source=Security	Computer=USCHRETDC02	User=SYSTEM	Domain=NT AUTHORITY	EventID=644	EventIDCcorpoe=644	EventType=8	EventCategory=7	RecordNumber=2059366711	TimeGenerated=1389475852	TimeWritten=1389475852	Message=User Account Locked Out:   Target Account Name: Salesxp03279   Target Account ID: corpoRETAIL\Salesxp03279   Caller Machine Name: corpoS03279W09   Caller User Name: USCHRETDC02$   Caller Domain: corpoRETAIL   Caller Logon ID: (0x0,0x3E7)   
<13>Jan 11 16:26:17 USCHRETDC02 AgentDevice=WindowsLog	AgentLogFile=Security	PluginVersion=1.0.14	Source=Security	Computer=USCHRETDC02	User=SYSTEM	Domain=NT AUTHORITY	EventID=644	EventIDCcorpoe=644	EventType=8	EventCategory=7	RecordNumber=2059360165	TimeGenerated=1389475574	TimeWritten=1389475574	Message=User Account Locked Out:   Target Account Name: Salesxp02812   Target Account ID: corpoRETAIL\Salesxp02812   Caller Machine Name: corpoS02812W11   Caller User Name: USCHRETDC02$   Caller Domain: corpoRETAIL   Caller Logon ID: (0x0,0x3E7)   
<13>Jan 11 15:55:55 USCHRETDC02 AgentDevice=WindowsLog	AgentLogFile=Security	PluginVersion=1.0.14	Source=Security	Computer=USCHRETDC02	User=SYSTEM	Domain=NT AUTHORITY	EventID=644	EventIDCcorpoe=644	EventType=8	EventCategory=7	RecordNumber=2059317119	TimeGenerated=1389473751	TimeWritten=1389473751	Message=User Account Locked Out:   Target Account Name: Salesxp00597   Target Account ID: corpoRETAIL\Salesxp00597   Caller Machine Name: corpoS00597W12   Caller User Name: USCHRETDC02$   Caller Domain: corpoRETAIL   Caller Logon ID: (0x0,0x3E7)   
<13>Jan 11 15:51:32 USCHRETDC02 AgentDevice=WindowsLog	AgentLogFile=Security	PluginVersion=1.0.14	Source=Security	Computer=USCHRETDC02	User=SYSTEM	Domain=NT AUTHORITY	EventID=644	EventIDCcorpoe=644	EventType=8	EventCategory=7	RecordNumber=2059311113	TimeGenerated=1389473489	TimeWritten=1389473489	Message=User Account Locked Out:   Target Account Name: Salesxp02299   Target Account ID: corpoRETAIL\Salesxp02299   Caller Machine Name: corpoS02299W07   Caller User Name: USCHRETDC02$   Caller Domain: corpoRETAIL   Caller Logon ID: (0x0,0x3E7)   
<13>Jan 11 15:22:17 USCHRETDC02 AgentDevice=WindowsLog	AgentLogFile=Security	PluginVersion=1.0.14	Source=Security	Computer=USCHRETDC02	User=SYSTEM	Domain=NT AUTHORITY	EventID=644	EventIDCcorpoe=644	EventType=8	EventCategory=7	RecordNumber=2059269659	TimeGenerated=1389471733	TimeWritten=1389471733	Message=User Account Locked Out:   Target Account Name: Salesxp00098   Target Account ID: corpoRETAIL\Salesxp00098   Caller Machine Name: corpoS00098W09   Caller User Name: USCHRETDC02$   Caller Domain: corpoRETAIL   Caller Logon ID: (0x0,0x3E7)   
<13>Jan 11 15:01:45 USCHRETDC02 AgentDevice=WindowsLog	AgentLogFile=Security	PluginVersion=1.0.14	Source=Security	Computer=USCHRETDC02	User=SYSTEM	Domain=NT AUTHORITY	EventID=644	EventIDCcorpoe=644	EventType=8	EventCategory=7	RecordNumber=2059241023	TimeGenerated=1389470502	TimeWritten=1389470502	Message=User Account Locked Out:   Target Account Name: Salesxp00239   Target Account ID: corpoRETAIL\Salesxp00239   Caller Machine Name: corpoS00239W07   Caller User Name: USCHRETDC02$   Caller Domain: corpoRETAIL   Caller Logon ID: (0x0,0x3E7)   
<13>Jan 11 14:59:27 USCHRETDC02 AgentDevice=WindowsLog	AgentLogFile=Security	PluginVersion=1.0.14	Source=Security	Computer=USCHRETDC02	User=SYSTEM	Domain=NT AUTHORITY	EventID=644	EventIDCcorpoe=644	EventType=8	EventCategory=7	RecordNumber=2059237648	TimeGenerated=1389470364	TimeWritten=1389470364	Message=User Account Locked Out:   Target Account Name: Salesxp02603   Target Account ID: corpoRETAIL\Salesxp02603   Caller Machine Name: corpoS02603W09   Caller User Name: USCHRETDC02$   Caller Domain: corpoRETAIL   Caller Logon ID: (0x0,0x3E7)   
<13>Jan 11 14:35:44 USCHRETDC02 AgentDevice=WindowsLog	AgentLogFile=Security	PluginVersion=1.0.14	Source=Security	Computer=USCHRETDC02	User=SYSTEM	Domain=NT AUTHORITY	EventID=644	EventIDCcorpoe=644	EventType=8	EventCategory=7	RecordNumber=2059204944	TimeGenerated=1389468940	TimeWritten=1389468940	Message=User Account Locked Out:   Target Account Name: Salesxp02196   Target Account ID: corpoRETAIL\Salesxp02196   Caller Machine Name: corpoS02196W12   Caller User Name: USCHRETDC02$   Caller Domain: corpoRETAIL   Caller Logon ID: (0x0,0x3E7)   
<13>Jan 11 14:13:09 USCHRETDC02 AgentDevice=WindowsLog	AgentLogFile=Security	PluginVersion=1.0.14	Source=Security	Computer=USCHRETDC02	User=SYSTEM	Domain=NT AUTHORITY	EventID=644	EventIDCcorpoe=644	EventType=8	EventCategory=7	RecordNumber=2059172760	TimeGenerated=1389467586	TimeWritten=1389467586	Message=User Account Locked Out:   Target Account Name: Salesxp00614   Target Account ID: corpoRETAIL\Salesxp00614   Caller Machine Name: corpoS00614W12   Caller User Name: USCHRETDC02$   Caller Domain: corpoRETAIL   Caller Logon ID: (0x0,0x3E7)   
<13>Jan 11 14:05:31 USCHRETDC02 AgentDevice=WindowsLog	AgentLogFile=Security	PluginVersion=1.0.14	Source=Security	Computer=USCHRETDC02	User=SYSTEM	Domain=NT AUTHORITY	EventID=644	EventIDCcorpoe=644	EventType=8	EventCategory=7	RecordNumber=2059160706	TimeGenerated=1389467127	TimeWritten=1389467127	Message=User Account Locked Out:   Target Account Name: Salesxp00042   Target Account ID: corpoRETAIL\Salesxp00042   Caller Machine Name: corpoS00042W07   Caller User Name: USCHRETDC02$   Caller Domain: corpoRETAIL   Caller Logon ID: (0x0,0x3E7)   
<13>Jan 11 13:58:55 USCHRETDC02 AgentDevice=WindowsLog	AgentLogFile=Security	PluginVersion=1.0.14	Source=Security	Computer=USCHRETDC02	User=SYSTEM	Domain=NT AUTHORITY	EventID=644	EventIDCcorpoe=644	EventType=8	EventCategory=7	RecordNumber=2059151135	TimeGenerated=1389466731	TimeWritten=1389466731	Message=User Account Locked Out:   Target Account Name: Salesxp00942   Target Account ID: corpoRETAIL\Salesxp00942   Caller Machine Name: corpoS00942W07   Caller User Name: USCHRETDC02$   Caller Domain: corpoRETAIL   Caller Logon ID: (0x0,0x3E7)   
<13>Jan 11 13:46:19 USCHRETDC02 AgentDevice=WindowsLog	AgentLogFile=Security	PluginVersion=1.0.14	Source=Security	Computer=USCHRETDC02	User=SYSTEM	Domain=NT AUTHORITY	EventID=644	EventIDCcorpoe=644	EventType=8	EventCategory=7	RecordNumber=2059133380	TimeGenerated=1389465976	TimeWritten=1389465976	Message=User Account Locked Out:   Target Account Name: Salesxp00060   Target Account ID: corpoRETAIL\Salesxp00060   Caller Machine Name: corpoS00060W06   Caller User Name: USCHRETDC02$   Caller Domain: corpoRETAIL   Caller Logon ID: (0x0,0x3E7)   
<13>Jan 11 13:01:51 USCHRETDC02 AgentDevice=WindowsLog	AgentLogFile=Security	PluginVersion=1.0.14	Source=Security	Computer=USCHRETDC02	User=SYSTEM	Domain=NT AUTHORITY	EventID=644	EventIDCcorpoe=644	EventType=8	EventCategory=7	RecordNumber=2059069591	TimeGenerated=1389463308	TimeWritten=1389463308	Message=User Account Locked Out:   Target Account Name: Salesxp02244   Target Account ID: corpoRETAIL\Salesxp02244   Caller Machine Name: corpoS02244W09   Caller User Name: USCHRETDC02$   Caller Domain: corpoRETAIL   Caller Logon ID: (0x0,0x3E7)   
<13>Jan 11 12:44:34 USCHRETDC02 AgentDevice=WindowsLog	AgentLogFile=Security	PluginVersion=1.0.14	Source=Security	Computer=USCHRETDC02	User=SYSTEM	Domain=NT AUTHORITY	EventID=644	EventIDCcorpoe=644	EventType=8	EventCategory=7	RecordNumber=2059045825	TimeGenerated=1389462272	TimeWritten=1389462272	Message=User Account Locked Out:   Target Account Name: Salesxp02253   Target Account ID: corpoRETAIL\Salesxp02253   Caller Machine Name: corpoS02253W09   Caller User Name: USCHRETDC02$   Caller Domain: corpoRETAIL   Caller Logon ID: (0x0,0x3E7)   
<13>Jan 11 12:27:00 USCHRETDC02 AgentDevice=WindowsLog	AgentLogFile=Security	PluginVersion=1.0.14	Source=Security	Computer=USCHRETDC02	User=SYSTEM	Domain=NT AUTHORITY	EventID=644	EventIDCcorpoe=644	EventType=8	EventCategory=7	RecordNumber=2059023191	TimeGenerated=1389461218	TimeWritten=1389461218	Message=User Account Locked Out:   Target Account Name: Salesxp00408   Target Account ID: corpoRETAIL\Salesxp00408   Caller Machine Name: corpoS00408W12   Caller User Name: USCHRETDC02$   Caller Domain: corpoRETAIL   Caller Logon ID: (0x0,0x3E7)   
<13>Jan 11 12:06:25 USCHRETDC02 AgentDevice=WindowsLog	AgentLogFile=Security	PluginVersion=1.0.14	Source=Security	Computer=USCHRETDC02	User=SYSTEM	Domain=NT AUTHORITY	EventID=644	EventIDCcorpoe=644	EventType=8	EventCategory=7	RecordNumber=2058995319	TimeGenerated=1389459982	TimeWritten=1389459982	Message=User Account Locked Out:   Target Account Name: Salesxp00472   Target Account ID: corpoRETAIL\Salesxp00472   Caller Machine Name: corpoS00472W12   Caller User Name: USCHRETDC02$   Caller Domain: corpoRETAIL   Caller Logon ID: (0x0,0x3E7)   
<13>Jan 11 11:49:01 USCHRETDC02 AgentDevice=WindowsLog	AgentLogFile=Security	PluginVersion=1.0.14	Source=Security	Computer=USCHRETDC02	User=SYSTEM	Domain=NT AUTHORITY	EventID=644	EventIDCcorpoe=644	EventType=8	EventCategory=7	RecordNumber=2058971928	TimeGenerated=1389458937	TimeWritten=1389458937	Message=User Account Locked Out:   Target Account Name: Salesxp00266   Target Account ID: corpoRETAIL\Salesxp00266   Caller Machine Name: corpoS00266W07   Caller User Name: USCHRETDC02$   Caller Domain: corpoRETAIL   Caller Logon ID: (0x0,0x3E7)   
<13>Jan 11 11:35:46 USCHRETDC02 AgentDevice=WindowsLog	AgentLogFile=Security	PluginVersion=1.0.14	Source=Security	Computer=USCHRETDC02	User=SYSTEM	Domain=NT AUTHORITY	EventID=644	EventIDCcorpoe=644	EventType=8	EventCategory=7	RecordNumber=2058953876	TimeGenerated=1389458142	TimeWritten=1389458142	Message=User Account Locked Out:   Target Account Name: Salesxp02798   Target Account ID: corpoRETAIL\Salesxp02798   Caller Machine Name: corpoS02798W09   Caller User Name: USCHRETDC02$   Caller Domain: corpoRETAIL   Caller Logon ID: (0x0,0x3E7)   
<13>Jan 11 11:12:26 USCHRETDC02 AgentDevice=WindowsLog	AgentLogFile=Security	PluginVersion=1.0.14	Source=Security	Computer=USCHRETDC02	User=SYSTEM	Domain=NT AUTHORITY	EventID=644	EventIDCcorpoe=644	EventType=8	EventCategory=7	RecordNumber=2058922464	TimeGenerated=1389456744	TimeWritten=1389456744	Message=User Account Locked Out:   Target Account Name: Salesxp00380   Target Account ID: corpoRETAIL\Salesxp00380   Caller Machine Name: corpoS00380W07   Caller User Name: USCHRETDC02$   Caller Domain: corpoRETAIL   Caller Logon ID: (0x0,0x3E7)   
<13>Jan 11 11:02:40 USCHRETDC02 AgentDevice=WindowsLog	AgentLogFile=Security	PluginVersion=1.0.14	Source=Security	Computer=USCHRETDC02	User=SYSTEM	Domain=NT AUTHORITY	EventID=644	EventIDCcorpoe=644	EventType=8	EventCategory=7	RecordNumber=2058910046	TimeGenerated=1389456158	TimeWritten=1389456158	Message=User Account Locked Out:   Target Account Name: Salesxp00225   Target Account ID: corpoRETAIL\Salesxp00225   Caller Machine Name: corpoS00225W12   Caller User Name: USCHRETDC02$   Caller Domain: corpoRETAIL   Caller Logon ID: (0x0,0x3E7)   
<13>Jan 11 09:59:12 USCHRETDC02 AgentDevice=WindowsLog	AgentLogFile=Security	PluginVersion=1.0.14	Source=Security	Computer=USCHRETDC02	User=SYSTEM	Domain=NT AUTHORITY	EventID=644	EventIDCcorpoe=644	EventType=8	EventCategory=7	RecordNumber=2058827462	TimeGenerated=1389452349	TimeWritten=1389452349	Message=User Account Locked Out:   Target Account Name: Salesxp03234   Target Account ID: corpoRETAIL\Salesxp03234   Caller Machine Name: corpoS03234W07   Caller User Name: USCHRETDC02$   Caller Domain: corpoRETAIL   Caller Logon ID: (0x0,0x3E7)   
<13>Jan 11 09:56:21 USCHRETDC02 AgentDevice=WindowsLog	AgentLogFile=Security	PluginVersion=1.0.14	Source=Security	Computer=USCHRETDC02	User=SYSTEM	Domain=NT AUTHORITY	EventID=644	EventIDCcorpoe=644	EventType=8	EventCategory=7	RecordNumber=2058823262	TimeGenerated=1389452177	TimeWritten=1389452177	Message=User Account Locked Out:   Target Account Name: Salesxp02414   Target Account ID: corpoRETAIL\Salesxp02414   Caller Machine Name: corpoS02414W06   Caller User Name: USCHRETDC02$   Caller Domain: corpoRETAIL   Caller Logon ID: (0x0,0x3E7)   
<13>Jan 11 09:27:08 USCHRETDC02 AgentDevice=WindowsLog	AgentLogFile=Security	PluginVersion=1.0.14	Source=Security	Computer=USCHRETDC02	User=SYSTEM	Domain=NT AUTHORITY	EventID=644	EventIDCcorpoe=644	EventType=8	EventCategory=7	RecordNumber=2058782515	TimeGenerated=1389450424	TimeWritten=1389450424	Message=User Account Locked Out:   Target Account Name: Salesxp02711   Target Account ID: corpoRETAIL\Salesxp02711   Caller Machine Name: corpoS02711W09   Caller User Name: USCHRETDC02$   Caller Domain: corpoRETAIL   Caller Logon ID: (0x0,0x3E7)   
<13>Jan 11 08:39:02 USCHRETDC02 AgentDevice=WindowsLog	AgentLogFile=Security	PluginVersion=1.0.14	Source=Security	Computer=USCHRETDC02	User=SYSTEM	Domain=NT AUTHORITY	EventID=644	EventIDCcorpoe=644	EventType=8	EventCategory=7	RecordNumber=2058717722	TimeGenerated=1389447539	TimeWritten=1389447539	Message=User Account Locked Out:   Target Account Name: Salesxp03234   Target Account ID: corpoRETAIL\Salesxp03234   Caller Machine Name: corpoS03234W12   Caller User Name: USCHRETDC02$   Caller Domain: corpoRETAIL   Caller Logon ID: (0x0,0x3E7)   
<13>Jan 11 00:37:33 USCHRETDC02 AgentDevice=WindowsLog	AgentLogFile=Security	PluginVersion=1.0.14	Source=Security	Computer=USCHRETDC02	User=SYSTEM	Domain=NT AUTHORITY	EventID=644	EventIDCcorpoe=644	EventType=8	EventCategory=7	RecordNumber=2058156873	TimeGenerated=1389418650	TimeWritten=1389418650	Message=User Account Locked Out:   Target Account Name: Salesxp00648   Target Account ID: corpoRETAIL\Salesxp00648   Caller Machine Name: corpoS00648W07   Caller User Name: USCHRETDC02$   Caller Domain: corpoRETAIL   Caller Logon ID: (0x0,0x3E7)   
<13>Jan 11 00:36:02 USCHRETDC02 AgentDevice=WindowsLog	AgentLogFile=Security	PluginVersion=1.0.14	Source=Security	Computer=USCHRETDC02	User=SYSTEM	Domain=NT AUTHORITY	EventID=644	EventIDCcorpoe=644	EventType=8	EventCategory=7	RecordNumber=2058154839	TimeGenerated=1389418559	TimeWritten=1389418559	Message=User Account Locked Out:   Target Account Name: Salesxp00648   Target Account ID: corpoRETAIL\Salesxp00648   Caller Machine Name: corpoS00648W07   Caller User Name: USCHRETDC02$   Caller Domain: corpoRETAIL   Caller Logon ID: (0x0,0x3E7)   
<13>Jan 10 22:31:02 USCHRETDC02 AgentDevice=WindowsLog	AgentLogFile=Security	PluginVersion=1.0.14	Source=Security	Computer=USCHRETDC02	User=SYSTEM	Domain=NT AUTHORITY	EventID=644	EventIDCcorpoe=644	EventType=8	EventCategory=7	RecordNumber=2058008805	TimeGenerated=1389411059	TimeWritten=1389411059	Message=User Account Locked Out:   Target Account Name: Salesxp03305   Target Account ID: corpoRETAIL\Salesxp03305   Caller Machine Name: corpoS03305W09   Caller User Name: USCHRETDC02$   Caller Domain: corpoRETAIL   Caller Logon ID: (0x0,0x3E7)   
<13>Jan 10 22:17:58 USCHRETDC02 AgentDevice=WindowsLog	AgentLogFile=Security	PluginVersion=1.0.14	Source=Security	Computer=USCHRETDC02	User=SYSTEM	Domain=NT AUTHORITY	EventID=644	EventIDCcorpoe=644	EventType=8	EventCategory=7	RecordNumber=2057993390	TimeGenerated=1389410275	TimeWritten=1389410275	Message=User Account Locked Out:   Target Account Name: Salesxp00307   Target Account ID: corpoRETAIL\Salesxp00307   Caller Machine Name: corpoS00307W09   Caller User Name: USCHRETDC02$   Caller Domain: corpoRETAIL   Caller Logon ID: (0x0,0x3E7)   
<13>Jan 10 22:03:50 USCHRETDC02 AgentDevice=WindowsLog	AgentLogFile=Security	PluginVersion=1.0.14	Source=Security	Computer=USCHRETDC02	User=SYSTEM	Domain=NT AUTHORITY	EventID=644	EventIDCcorpoe=644	EventType=8	EventCategory=7	RecordNumber=2057976101	TimeGenerated=1389409428	TimeWritten=1389409428	Message=User Account Locked Out:   Target Account Name: Salesxp00362   Target Account ID: corpoRETAIL\Salesxp00362   Caller Machine Name: corpoS00362W11   Caller User Name: USCHRETDC02$   Caller Domain: corpoRETAIL   Caller Logon ID: (0x0,0x3E7)   
<13>Jan 10 20:49:22 USCHRETDC02 AgentDevice=WindowsLog	AgentLogFile=Security	PluginVersion=1.0.14	Source=Security	Computer=USCHRETDC02	User=SYSTEM	Domain=NT AUTHORITY	EventID=644	EventIDCcorpoe=644	EventType=8	EventCategory=7	RecordNumber=2057881852	TimeGenerated=1389404959	TimeWritten=1389404959	Message=User Account Locked Out:   Target Account Name: Salesxp02577   Target Account ID: corpoRETAIL\Salesxp02577   Caller Machine Name: corpoS02577W12   Caller User Name: USCHRETDC02$   Caller Domain: corpoRETAIL   Caller Logon ID: (0x0,0x3E7)   
<13>Jan 10 20:18:25 USCHRETDC02 AgentDevice=WindowsLog	AgentLogFile=Security	PluginVersion=1.0.14	Source=Security	Computer=USCHRETDC02	User=SYSTEM	Domain=NT AUTHORITY	EventID=644	EventIDCcorpoe=644	EventType=8	EventCategory=7	RecordNumber=2057840577	TimeGenerated=1389403102	TimeWritten=1389403102	Message=User Account Locked Out:   Target Account Name: Salesxp02177   Target Account ID: corpoRETAIL\Salesxp02177   Caller Machine Name: corpoS02177W12   Caller User Name: USCHRETDC02$   Caller Domain: corpoRETAIL   Caller Logon ID: (0x0,0x3E7)   
<13>Jan 10 19:42:33 USCHRETDC02 AgentDevice=WindowsLog	AgentLogFile=Security	PluginVersion=1.0.14	Source=Security	Computer=USCHRETDC02	User=SYSTEM	Domain=NT AUTHORITY	EventID=644	EventIDCcorpoe=644	EventType=8	EventCategory=7	RecordNumber=2057790159	TimeGenerated=1389400951	TimeWritten=1389400951	Message=User Account Locked Out:   Target Account Name: Salesxp00461   Target Account ID: corpoRETAIL\Salesxp00461   Caller Machine Name: corpoS00461W12   Caller User Name: USCHRETDC02$   Caller Domain: corpoRETAIL   Caller Logon ID: (0x0,0x3E7)   
<13>Jan 10 19:05:30 USCHRETDC02 AgentDevice=WindowsLog	AgentLogFile=Security	PluginVersion=1.0.14	Source=Security	Computer=USCHRETDC02	User=SYSTEM	Domain=NT AUTHORITY	EventID=644	EventIDCcorpoe=644	EventType=8	EventCategory=7	RecordNumber=2057738969	TimeGenerated=1389398728	TimeWritten=1389398728	Message=User Account Locked Out:   Target Account Name: Salesxp02179   Target Account ID: corpoRETAIL\Salesxp02179   Caller Machine Name: corpoS02179W07   Caller User Name: USCHRETDC02$   Caller Domain: corpoRETAIL   Caller Logon ID: (0x0,0x3E7)   
<13>Jan 10 19:02:56 USCHRETDC02 AgentDevice=WindowsLog	AgentLogFile=Security	PluginVersion=1.0.14	Source=Security	Computer=USCHRETDC02	User=SYSTEM	Domain=NT AUTHORITY	EventID=644	EventIDCcorpoe=644	EventType=8	EventCategory=7	RecordNumber=2057734681	TimeGenerated=1389398548	TimeWritten=1389398548	Message=User Account Locked Out:   Target Account Name: Salesxp00111   Target Account ID: corpoRETAIL\Salesxp00111   Caller Machine Name: corpoS00111W09   Caller User Name: USCHRETDC02$   Caller Domain: corpoRETAIL   Caller Logon ID: (0x0,0x3E7)   
<13>Jan 10 18:59:26 USCHRETDC02 AgentDevice=WindowsLog	AgentLogFile=Security	PluginVersion=1.0.14	Source=Security	Computer=USCHRETDC02	User=SYSTEM	Domain=NT AUTHORITY	EventID=644	EventIDCcorpoe=644	EventType=8	EventCategory=7	RecordNumber=2057730920	TimeGenerated=1389398362	TimeWritten=1389398362	Message=User Account Locked Out:   Target Account Name: Salesxp02643   Target Account ID: corpoRETAIL\Salesxp02643   Caller Machine Name: corpoS02643W07   Caller User Name: USCHRETDC02$   Caller Domain: corpoRETAIL   Caller Logon ID: (0x0,0x3E7)   
<13>Jan 10 18:34:41 USCHRETDC02 AgentDevice=WindowsLog	AgentLogFile=Security	PluginVersion=1.0.14	Source=Security	Computer=USCHRETDC02	User=SYSTEM	Domain=NT AUTHORITY	EventID=644	EventIDCcorpoe=644	EventType=8	EventCategory=7	RecordNumber=2057697976	TimeGenerated=1389396878	TimeWritten=1389396878	Message=User Account Locked Out:   Target Account Name: Salesxp00531   Target Account ID: corpoRETAIL\Salesxp00531   Caller Machine Name: corpoS00531W11   Caller User Name: USCHRETDC02$   Caller Domain: corpoRETAIL   Caller Logon ID: (0x0,0x3E7)   
<13>Jan 10 18:25:21 USCHRETDC02 AgentDevice=WindowsLog	AgentLogFile=Security	PluginVersion=1.0.14	Source=Security	Computer=USCHRETDC02	User=SYSTEM	Domain=NT AUTHORITY	EventID=644	EventIDCcorpoe=644	EventType=8	EventCategory=7	RecordNumber=2057685574	TimeGenerated=1389396318	TimeWritten=1389396318	Message=User Account Locked Out:   Target Account Name: Salesxp00977   Target Account ID: corpoRETAIL\Salesxp00977   Caller Machine Name: corpoS00977W07   Caller User Name: USCHRETDC02$   Caller Domain: corpoRETAIL   Caller Logon ID: (0x0,0x3E7)   
<13>Jan 10 16:30:45 USCHRETDC02 AgentDevice=WindowsLog	AgentLogFile=Security	PluginVersion=1.0.14	Source=Security	Computer=USCHRETDC02	User=SYSTEM	Domain=NT AUTHORITY	EventID=644	EventIDCcorpoe=644	EventType=8	EventCategory=7	RecordNumber=2057525852	TimeGenerated=1389389441	TimeWritten=1389389441	Message=User Account Locked Out:   Target Account Name: Salesxp00334   Target Account ID: corpoRETAIL\Salesxp00334   Caller Machine Name: corpoS00334W12   Caller User Name: USCHRETDC02$   Caller Domain: corpoRETAIL   Caller Logon ID: (0x0,0x3E7)   
<13>Jan 10 16:21:14 USCHRETDC02 AgentDevice=WindowsLog	AgentLogFile=Security	PluginVersion=1.0.14	Source=Security	Computer=USCHRETDC02	User=SYSTEM	Domain=NT AUTHORITY	EventID=644	EventIDCcorpoe=644	EventType=8	EventCategory=7	RecordNumber=2057511932	TimeGenerated=1389388871	TimeWritten=1389388871	Message=User Account Locked Out:   Target Account Name: Salesxp02220   Target Account ID: corpoRETAIL\Salesxp02220   Caller Machine Name: corpoS02220W06   Caller User Name: USCHRETDC02$   Caller Domain: corpoRETAIL   Caller Logon ID: (0x0,0x3E7)   
