<13>Jan 13 00:30:44 USCHPOSDC01 AgentDevice=WindowsLog	AgentLogFile=Security	PluginVersion=1.0.14	Source=Security	Computer=USCHPOSDC01	User=SVC-ADIMPORT	Domain=POS	EventID=624	EventIDCcorpoe=624	EventType=8	EventCategory=7	RecordNumber=2545766656	TimeGenerated=1389591041	TimeWritten=1389591041	Message=User Account Created:   New Account Name: 656111   New Domain: POS   New Account ID: POS\656111   Caller User Name: SVC-ADIMPORT   Caller Domain: POS   Caller Logon ID: (0x0,0x4A68DF28)   Privileges  -  Attributes:   Sam Account Name: 656111   Display Name: -   User Principal Name: 656111@pos.na.corpo.net   Home Directory: -   Home Drive: -   Script Path: -   Profile Path: -   User Workstations: -   Password Last Set: <never>    Account Expires: <never>    Primary Group ID: 513   AllowedTcorpoelegateTo: -   Old UAC Value: 0x0   New UAC Value: 0x15   User Account Control:    Account Disabled    'Password Not Required' - Enabled    'Normal Account' - Enabled    User Parameters: -   Sid History: -   Logon Hours: <value not set>    
<13>Jan 13 00:30:42 USCHPOSDC01 AgentDevice=WindowsLog	AgentLogFile=Security	PluginVersion=1.0.14	Source=Security	Computer=USCHPOSDC01	User=SVC-ADIMPORT	Domain=POS	EventID=624	EventIDCcorpoe=624	EventType=8	EventCategory=7	RecordNumber=2545766636	TimeGenerated=1389591040	TimeWritten=1389591040	Message=User Account Created:   New Account Name: 656110   New Domain: POS   New Account ID: POS\656110   Caller User Name: SVC-ADIMPORT   Caller Domain: POS   Caller Logon ID: (0x0,0x4A68DF28)   Privileges  -  Attributes:   Sam Account Name: 656110   Display Name: -   User Principal Name: 656110@pos.na.corpo.net   Home Directory: -   Home Drive: -   Script Path: -   Profile Path: -   User Workstations: -   Password Last Set: <never>    Account Expires: <never>    Primary Group ID: 513   AllowedTcorpoelegateTo: -   Old UAC Value: 0x0   New UAC Value: 0x15   User Account Control:    Account Disabled    'Password Not Required' - Enabled    'Normal Account' - Enabled    User Parameters: -   Sid History: -   Logon Hours: <value not set>    
<13>Jan 13 00:30:42 USCHPOSDC01 AgentDevice=WindowsLog	AgentLogFile=Security	PluginVersion=1.0.14	Source=Security	Computer=USCHPOSDC01	User=SVC-ADIMPORT	Domain=POS	EventID=624	EventIDCcorpoe=624	EventType=8	EventCategory=7	RecordNumber=2545766613	TimeGenerated=1389591039	TimeWritten=1389591039	Message=User Account Created:   New Account Name: 656109   New Domain: POS   New Account ID: POS\656109   Caller User Name: SVC-ADIMPORT   Caller Domain: POS   Caller Logon ID: (0x0,0x4A68DF28)   Privileges  -  Attributes:   Sam Account Name: 656109   Display Name: -   User Principal Name: 656109@pos.na.corpo.net   Home Directory: -   Home Drive: -   Script Path: -   Profile Path: -   User Workstations: -   Password Last Set: <never>    Account Expires: <never>    Primary Group ID: 513   AllowedTcorpoelegateTo: -   Old UAC Value: 0x0   New UAC Value: 0x15   User Account Control:    Account Disabled    'Password Not Required' - Enabled    'Normal Account' - Enabled    User Parameters: -   Sid History: -   Logon Hours: <value not set>    
<13>Jan 13 00:30:42 USCHPOSDC01 AgentDevice=WindowsLog	AgentLogFile=Security	PluginVersion=1.0.14	Source=Security	Computer=USCHPOSDC01	User=SVC-ADIMPORT	Domain=POS	EventID=624	EventIDCcorpoe=624	EventType=8	EventCategory=7	RecordNumber=2545766592	TimeGenerated=1389591038	TimeWritten=1389591038	Message=User Account Created:   New Account Name: 656108   New Domain: POS   New Account ID: POS\656108   Caller User Name: SVC-ADIMPORT   Caller Domain: POS   Caller Logon ID: (0x0,0x4A68DF28)   Privileges  -  Attributes:   Sam Account Name: 656108   Display Name: -   User Principal Name: 656108@pos.na.corpo.net   Home Directory: -   Home Drive: -   Script Path: -   Profile Path: -   User Workstations: -   Password Last Set: <never>    Account Expires: <never>    Primary Group ID: 513   AllowedTcorpoelegateTo: -   Old UAC Value: 0x0   New UAC Value: 0x15   User Account Control:    Account Disabled    'Password Not Required' - Enabled    'Normal Account' - Enabled    User Parameters: -   Sid History: -   Logon Hours: <value not set>    
<13>Jan 13 00:30:40 USCHPOSDC01 AgentDevice=WindowsLog	AgentLogFile=Security	PluginVersion=1.0.14	Source=Security	Computer=USCHPOSDC01	User=SVC-ADIMPORT	Domain=POS	EventID=624	EventIDCcorpoe=624	EventType=8	EventCategory=7	RecordNumber=2545766566	TimeGenerated=1389591037	TimeWritten=1389591037	Message=User Account Created:   New Account Name: 656107   New Domain: POS   New Account ID: POS\656107   Caller User Name: SVC-ADIMPORT   Caller Domain: POS   Caller Logon ID: (0x0,0x4A68DF28)   Privileges  -  Attributes:   Sam Account Name: 656107   Display Name: -   User Principal Name: 656107@pos.na.corpo.net   Home Directory: -   Home Drive: -   Script Path: -   Profile Path: -   User Workstations: -   Password Last Set: <never>    Account Expires: <never>    Primary Group ID: 513   AllowedTcorpoelegateTo: -   Old UAC Value: 0x0   New UAC Value: 0x15   User Account Control:    Account Disabled    'Password Not Required' - Enabled    'Normal Account' - Enabled    User Parameters: -   Sid History: -   Logon Hours: <value not set>    
<13>Jan 13 00:30:40 USCHPOSDC01 AgentDevice=WindowsLog	AgentLogFile=Security	PluginVersion=1.0.14	Source=Security	Computer=USCHPOSDC01	User=SVC-ADIMPORT	Domain=POS	EventID=624	EventIDCcorpoe=624	EventType=8	EventCategory=7	RecordNumber=2545766543	TimeGenerated=1389591036	TimeWritten=1389591036	Message=User Account Created:   New Account Name: 656106   New Domain: POS   New Account ID: POS\656106   Caller User Name: SVC-ADIMPORT   Caller Domain: POS   Caller Logon ID: (0x0,0x4A68DF28)   Privileges  -  Attributes:   Sam Account Name: 656106   Display Name: -   User Principal Name: 656106@pos.na.corpo.net   Home Directory: -   Home Drive: -   Script Path: -   Profile Path: -   User Workstations: -   Password Last Set: <never>    Account Expires: <never>    Primary Group ID: 513   AllowedTcorpoelegateTo: -   Old UAC Value: 0x0   New UAC Value: 0x15   User Account Control:    Account Disabled    'Password Not Required' - Enabled    'Normal Account' - Enabled    User Parameters: -   Sid History: -   Logon Hours: <value not set>    
<13>Jan 13 00:30:38 USCHPOSDC01 AgentDevice=WindowsLog	AgentLogFile=Security	PluginVersion=1.0.14	Source=Security	Computer=USCHPOSDC01	User=SVC-ADIMPORT	Domain=POS	EventID=624	EventIDCcorpoe=624	EventType=8	EventCategory=7	RecordNumber=2545766523	TimeGenerated=1389591035	TimeWritten=1389591035	Message=User Account Created:   New Account Name: 656105   New Domain: POS   New Account ID: POS\656105   Caller User Name: SVC-ADIMPORT   Caller Domain: POS   Caller Logon ID: (0x0,0x4A68DF28)   Privileges  -  Attributes:   Sam Account Name: 656105   Display Name: -   User Principal Name: 656105@pos.na.corpo.net   Home Directory: -   Home Drive: -   Script Path: -   Profile Path: -   User Workstations: -   Password Last Set: <never>    Account Expires: <never>    Primary Group ID: 513   AllowedTcorpoelegateTo: -   Old UAC Value: 0x0   New UAC Value: 0x15   User Account Control:    Account Disabled    'Password Not Required' - Enabled    'Normal Account' - Enabled    User Parameters: -   Sid History: -   Logon Hours: <value not set>    
<13>Jan 13 00:30:38 USCHPOSDC01 AgentDevice=WindowsLog	AgentLogFile=Security	PluginVersion=1.0.14	Source=Security	Computer=USCHPOSDC01	User=SVC-ADIMPORT	Domain=POS	EventID=624	EventIDCcorpoe=624	EventType=8	EventCategory=7	RecordNumber=2545766503	TimeGenerated=1389591034	TimeWritten=1389591034	Message=User Account Created:   New Account Name: 656104   New Domain: POS   New Account ID: POS\656104   Caller User Name: SVC-ADIMPORT   Caller Domain: POS   Caller Logon ID: (0x0,0x4A68DF28)   Privileges  -  Attributes:   Sam Account Name: 656104   Display Name: -   User Principal Name: 656104@pos.na.corpo.net   Home Directory: -   Home Drive: -   Script Path: -   Profile Path: -   User Workstations: -   Password Last Set: <never>    Account Expires: <never>    Primary Group ID: 513   AllowedTcorpoelegateTo: -   Old UAC Value: 0x0   New UAC Value: 0x15   User Account Control:    Account Disabled    'Password Not Required' - Enabled    'Normal Account' - Enabled    User Parameters: -   Sid History: -   Logon Hours: <value not set>    
<13>Jan 13 00:30:36 USCHPOSDC01 AgentDevice=WindowsLog	AgentLogFile=Security	PluginVersion=1.0.14	Source=Security	Computer=USCHPOSDC01	User=SVC-ADIMPORT	Domain=POS	EventID=624	EventIDCcorpoe=624	EventType=8	EventCategory=7	RecordNumber=2545766482	TimeGenerated=1389591033	TimeWritten=1389591033	Message=User Account Created:   New Account Name: 656103   New Domain: POS   New Account ID: POS\656103   Caller User Name: SVC-ADIMPORT   Caller Domain: POS   Caller Logon ID: (0x0,0x4A68DF28)   Privileges  -  Attributes:   Sam Account Name: 656103   Display Name: -   User Principal Name: 656103@pos.na.corpo.net   Home Directory: -   Home Drive: -   Script Path: -   Profile Path: -   User Workstations: -   Password Last Set: <never>    Account Expires: <never>    Primary Group ID: 513   AllowedTcorpoelegateTo: -   Old UAC Value: 0x0   New UAC Value: 0x15   User Account Control:    Account Disabled    'Password Not Required' - Enabled    'Normal Account' - Enabled    User Parameters: -   Sid History: -   Logon Hours: <value not set>    
<13>Jan 13 00:30:36 USCHPOSDC01 AgentDevice=WindowsLog	AgentLogFile=Security	PluginVersion=1.0.14	Source=Security	Computer=USCHPOSDC01	User=SVC-ADIMPORT	Domain=POS	EventID=624	EventIDCcorpoe=624	EventType=8	EventCategory=7	RecordNumber=2545766454	TimeGenerated=1389591032	TimeWritten=1389591032	Message=User Account Created:   New Account Name: 656102   New Domain: POS   New Account ID: POS\656102   Caller User Name: SVC-ADIMPORT   Caller Domain: POS   Caller Logon ID: (0x0,0x4A68DF28)   Privileges  -  Attributes:   Sam Account Name: 656102   Display Name: -   User Principal Name: 656102@pos.na.corpo.net   Home Directory: -   Home Drive: -   Script Path: -   Profile Path: -   User Workstations: -   Password Last Set: <never>    Account Expires: <never>    Primary Group ID: 513   AllowedTcorpoelegateTo: -   Old UAC Value: 0x0   New UAC Value: 0x15   User Account Control:    Account Disabled    'Password Not Required' - Enabled    'Normal Account' - Enabled    User Parameters: -   Sid History: -   Logon Hours: <value not set>    
<13>Jan 13 00:30:34 USCHPOSDC01 AgentDevice=WindowsLog	AgentLogFile=Security	PluginVersion=1.0.14	Source=Security	Computer=USCHPOSDC01	User=SVC-ADIMPORT	Domain=POS	EventID=624	EventIDCcorpoe=624	EventType=8	EventCategory=7	RecordNumber=2545766433	TimeGenerated=1389591031	TimeWritten=1389591031	Message=User Account Created:   New Account Name: 656101   New Domain: POS   New Account ID: POS\656101   Caller User Name: SVC-ADIMPORT   Caller Domain: POS   Caller Logon ID: (0x0,0x4A68DF28)   Privileges  -  Attributes:   Sam Account Name: 656101   Display Name: -   User Principal Name: 656101@pos.na.corpo.net   Home Directory: -   Home Drive: -   Script Path: -   Profile Path: -   User Workstations: -   Password Last Set: <never>    Account Expires: <never>    Primary Group ID: 513   AllowedTcorpoelegateTo: -   Old UAC Value: 0x0   New UAC Value: 0x15   User Account Control:    Account Disabled    'Password Not Required' - Enabled    'Normal Account' - Enabled    User Parameters: -   Sid History: -   Logon Hours: <value not set>    
<13>Jan 13 00:30:34 USCHPOSDC01 AgentDevice=WindowsLog	AgentLogFile=Security	PluginVersion=1.0.14	Source=Security	Computer=USCHPOSDC01	User=SVC-ADIMPORT	Domain=POS	EventID=624	EventIDCcorpoe=624	EventType=8	EventCategory=7	RecordNumber=2545766411	TimeGenerated=1389591030	TimeWritten=1389591030	Message=User Account Created:   New Account Name: 656100   New Domain: POS   New Account ID: POS\656100   Caller User Name: SVC-ADIMPORT   Caller Domain: POS   Caller Logon ID: (0x0,0x4A68DF28)   Privileges  -  Attributes:   Sam Account Name: 656100   Display Name: -   User Principal Name: 656100@pos.na.corpo.net   Home Directory: -   Home Drive: -   Script Path: -   Profile Path: -   User Workstations: -   Password Last Set: <never>    Account Expires: <never>    Primary Group ID: 513   AllowedTcorpoelegateTo: -   Old UAC Value: 0x0   New UAC Value: 0x15   User Account Control:    Account Disabled    'Password Not Required' - Enabled    'Normal Account' - Enabled    User Parameters: -   Sid History: -   Logon Hours: <value not set>    
<13>Jan 13 00:30:32 USCHPOSDC01 AgentDevice=WindowsLog	AgentLogFile=Security	PluginVersion=1.0.14	Source=Security	Computer=USCHPOSDC01	User=SVC-ADIMPORT	Domain=POS	EventID=624	EventIDCcorpoe=624	EventType=8	EventCategory=7	RecordNumber=2545766391	TimeGenerated=1389591029	TimeWritten=1389591029	Message=User Account Created:   New Account Name: 656099   New Domain: POS   New Account ID: POS\656099   Caller User Name: SVC-ADIMPORT   Caller Domain: POS   Caller Logon ID: (0x0,0x4A68DF28)   Privileges  -  Attributes:   Sam Account Name: 656099   Display Name: -   User Principal Name: 656099@pos.na.corpo.net   Home Directory: -   Home Drive: -   Script Path: -   Profile Path: -   User Workstations: -   Password Last Set: <never>    Account Expires: <never>    Primary Group ID: 513   AllowedTcorpoelegateTo: -   Old UAC Value: 0x0   New UAC Value: 0x15   User Account Control:    Account Disabled    'Password Not Required' - Enabled    'Normal Account' - Enabled    User Parameters: -   Sid History: -   Logon Hours: <value not set>    
<13>Jan 13 00:30:32 USCHPOSDC01 AgentDevice=WindowsLog	AgentLogFile=Security	PluginVersion=1.0.14	Source=Security	Computer=USCHPOSDC01	User=SVC-ADIMPORT	Domain=POS	EventID=624	EventIDCcorpoe=624	EventType=8	EventCategory=7	RecordNumber=2545766371	TimeGenerated=1389591028	TimeWritten=1389591028	Message=User Account Created:   New Account Name: 656098   New Domain: POS   New Account ID: POS\656098   Caller User Name: SVC-ADIMPORT   Caller Domain: POS   Caller Logon ID: (0x0,0x4A68DF28)   Privileges  -  Attributes:   Sam Account Name: 656098   Display Name: -   User Principal Name: 656098@pos.na.corpo.net   Home Directory: -   Home Drive: -   Script Path: -   Profile Path: -   User Workstations: -   Password Last Set: <never>    Account Expires: <never>    Primary Group ID: 513   AllowedTcorpoelegateTo: -   Old UAC Value: 0x0   New UAC Value: 0x15   User Account Control:    Account Disabled    'Password Not Required' - Enabled    'Normal Account' - Enabled    User Parameters: -   Sid History: -   Logon Hours: <value not set>    
<13>Jan 13 00:30:29 USCHPOSDC01 AgentDevice=WindowsLog	AgentLogFile=Security	PluginVersion=1.0.14	Source=Security	Computer=USCHPOSDC01	User=SVC-ADIMPORT	Domain=POS	EventID=624	EventIDCcorpoe=624	EventType=8	EventCategory=7	RecordNumber=2545766337	TimeGenerated=1389591027	TimeWritten=1389591027	Message=User Account Created:   New Account Name: 656093   New Domain: POS   New Account ID: POS\656093   Caller User Name: SVC-ADIMPORT   Caller Domain: POS   Caller Logon ID: (0x0,0x4A68DF28)   Privileges  -  Attributes:   Sam Account Name: 656093   Display Name: -   User Principal Name: 656093@pos.na.corpo.net   Home Directory: -   Home Drive: -   Script Path: -   Profile Path: -   User Workstations: -   Password Last Set: <never>    Account Expires: <never>    Primary Group ID: 513   AllowedTcorpoelegateTo: -   Old UAC Value: 0x0   New UAC Value: 0x15   User Account Control:    Account Disabled    'Password Not Required' - Enabled    'Normal Account' - Enabled    User Parameters: -   Sid History: -   Logon Hours: <value not set>    
<13>Jan 13 00:30:29 USCHPOSDC01 AgentDevice=WindowsLog	AgentLogFile=Security	PluginVersion=1.0.14	Source=Security	Computer=USCHPOSDC01	User=SVC-ADIMPORT	Domain=POS	EventID=624	EventIDCcorpoe=624	EventType=8	EventCategory=7	RecordNumber=2545766311	TimeGenerated=1389591026	TimeWritten=1389591026	Message=User Account Created:   New Account Name: 655985   New Domain: POS   New Account ID: POS\655985   Caller User Name: SVC-ADIMPORT   Caller Domain: POS   Caller Logon ID: (0x0,0x4A68DF28)   Privileges  -  Attributes:   Sam Account Name: 655985   Display Name: -   User Principal Name: 655985@pos.na.corpo.net   Home Directory: -   Home Drive: -   Script Path: -   Profile Path: -   User Workstations: -   Password Last Set: <never>    Account Expires: <never>    Primary Group ID: 513   AllowedTcorpoelegateTo: -   Old UAC Value: 0x0   New UAC Value: 0x15   User Account Control:    Account Disabled    'Password Not Required' - Enabled    'Normal Account' - Enabled    User Parameters: -   Sid History: -   Logon Hours: <value not set>    
<13>Jan 13 00:30:27 USCHPOSDC01 AgentDevice=WindowsLog	AgentLogFile=Security	PluginVersion=1.0.14	Source=Security	Computer=USCHPOSDC01	User=SVC-ADIMPORT	Domain=POS	EventID=624	EventIDCcorpoe=624	EventType=8	EventCategory=7	RecordNumber=2545766287	TimeGenerated=1389591025	TimeWritten=1389591025	Message=User Account Created:   New Account Name: 655867   New Domain: POS   New Account ID: POS\655867   Caller User Name: SVC-ADIMPORT   Caller Domain: POS   Caller Logon ID: (0x0,0x4A68DF28)   Privileges  -  Attributes:   Sam Account Name: 655867   Display Name: -   User Principal Name: 655867@pos.na.corpo.net   Home Directory: -   Home Drive: -   Script Path: -   Profile Path: -   User Workstations: -   Password Last Set: <never>    Account Expires: <never>    Primary Group ID: 513   AllowedTcorpoelegateTo: -   Old UAC Value: 0x0   New UAC Value: 0x15   User Account Control:    Account Disabled    'Password Not Required' - Enabled    'Normal Account' - Enabled    User Parameters: -   Sid History: -   Logon Hours: <value not set>    
<13>Jan 13 00:30:25 USCHPOSDC01 AgentDevice=WindowsLog	AgentLogFile=Security	PluginVersion=1.0.14	Source=Security	Computer=USCHPOSDC01	User=SVC-ADIMPORT	Domain=POS	EventID=624	EventIDCcorpoe=624	EventType=8	EventCategory=7	RecordNumber=2545766213	TimeGenerated=1389591022	TimeWritten=1389591022	Message=User Account Created:   New Account Name: 642692   New Domain: POS   New Account ID: POS\642692   Caller User Name: SVC-ADIMPORT   Caller Domain: POS   Caller Logon ID: (0x0,0x4A68DF28)   Privileges  -  Attributes:   Sam Account Name: 642692   Display Name: -   User Principal Name: 642692@pos.na.corpo.net   Home Directory: -   Home Drive: -   Script Path: -   Profile Path: -   User Workstations: -   Password Last Set: <never>    Account Expires: <never>    Primary Group ID: 513   AllowedTcorpoelegateTo: -   Old UAC Value: 0x0   New UAC Value: 0x15   User Account Control:    Account Disabled    'Password Not Required' - Enabled    'Normal Account' - Enabled    User Parameters: -   Sid History: -   Logon Hours: <value not set>    
<13>Jan 13 00:30:23 USCHPOSDC01 AgentDevice=WindowsLog	AgentLogFile=Security	PluginVersion=1.0.14	Source=Security	Computer=USCHPOSDC01	User=SVC-ADIMPORT	Domain=POS	EventID=624	EventIDCcorpoe=624	EventType=8	EventCategory=7	RecordNumber=2545766180	TimeGenerated=1389591020	TimeWritten=1389591020	Message=User Account Created:   New Account Name: 637693   New Domain: POS   New Account ID: POS\637693   Caller User Name: SVC-ADIMPORT   Caller Domain: POS   Caller Logon ID: (0x0,0x4A68DF28)   Privileges  -  Attributes:   Sam Account Name: 637693   Display Name: -   User Principal Name: 637693@pos.na.corpo.net   Home Directory: -   Home Drive: -   Script Path: -   Profile Path: -   User Workstations: -   Password Last Set: <never>    Account Expires: <never>    Primary Group ID: 513   AllowedTcorpoelegateTo: -   Old UAC Value: 0x0   New UAC Value: 0x15   User Account Control:    Account Disabled    'Password Not Required' - Enabled    'Normal Account' - Enabled    User Parameters: -   Sid History: -   Logon Hours: <value not set>    
<13>Jan 13 00:30:23 USCHPOSDC01 AgentDevice=WindowsLog	AgentLogFile=Security	PluginVersion=1.0.14	Source=Security	Computer=USCHPOSDC01	User=SVC-ADIMPORT	Domain=POS	EventID=624	EventIDCcorpoe=624	EventType=8	EventCategory=7	RecordNumber=2545766132	TimeGenerated=1389591018	TimeWritten=1389591018	Message=User Account Created:   New Account Name: 600515   New Domain: POS   New Account ID: POS\600515   Caller User Name: SVC-ADIMPORT   Caller Domain: POS   Caller Logon ID: (0x0,0x4A68DF28)   Privileges  -  Attributes:   Sam Account Name: 600515   Display Name: -   User Principal Name: 600515@pos.na.corpo.net   Home Directory: -   Home Drive: -   Script Path: -   Profile Path: -   User Workstations: -   Password Last Set: <never>    Account Expires: <never>    Primary Group ID: 513   AllowedTcorpoelegateTo: -   Old UAC Value: 0x0   New UAC Value: 0x15   User Account Control:    Account Disabled    'Password Not Required' - Enabled    'Normal Account' - Enabled    User Parameters: -   Sid History: -   Logon Hours: <value not set>    
<13>Jan 12 00:31:45 USCHPOSDC01 AgentDevice=WindowsLog	AgentLogFile=Security	PluginVersion=1.0.14	Source=Security	Computer=USCHPOSDC01	User=SVC-ADIMPORT	Domain=POS	EventID=624	EventIDCcorpoe=624	EventType=8	EventCategory=7	RecordNumber=2544685200	TimeGenerated=1389504701	TimeWritten=1389504701	Message=User Account Created:   New Account Name: 656097   New Domain: POS   New Account ID: POS\656097   Caller User Name: SVC-ADIMPORT   Caller Domain: POS   Caller Logon ID: (0x0,0x47908560)   Privileges  -  Attributes:   Sam Account Name: 656097   Display Name: -   User Principal Name: 656097@pos.na.corpo.net   Home Directory: -   Home Drive: -   Script Path: -   Profile Path: -   User Workstations: -   Password Last Set: <never>    Account Expires: <never>    Primary Group ID: 513   AllowedTcorpoelegateTo: -   Old UAC Value: 0x0   New UAC Value: 0x15   User Account Control:    Account Disabled    'Password Not Required' - Enabled    'Normal Account' - Enabled    User Parameters: -   Sid History: -   Logon Hours: <value not set>    
<13>Jan 12 00:31:43 USCHPOSDC01 AgentDevice=WindowsLog	AgentLogFile=Security	PluginVersion=1.0.14	Source=Security	Computer=USCHPOSDC01	User=SVC-ADIMPORT	Domain=POS	EventID=624	EventIDCcorpoe=624	EventType=8	EventCategory=7	RecordNumber=2544685179	TimeGenerated=1389504700	TimeWritten=1389504700	Message=User Account Created:   New Account Name: 656096   New Domain: POS   New Account ID: POS\656096   Caller User Name: SVC-ADIMPORT   Caller Domain: POS   Caller Logon ID: (0x0,0x47908560)   Privileges  -  Attributes:   Sam Account Name: 656096   Display Name: -   User Principal Name: 656096@pos.na.corpo.net   Home Directory: -   Home Drive: -   Script Path: -   Profile Path: -   User Workstations: -   Password Last Set: <never>    Account Expires: <never>    Primary Group ID: 513   AllowedTcorpoelegateTo: -   Old UAC Value: 0x0   New UAC Value: 0x15   User Account Control:    Account Disabled    'Password Not Required' - Enabled    'Normal Account' - Enabled    User Parameters: -   Sid History: -   Logon Hours: <value not set>    
<13>Jan 12 00:31:43 USCHPOSDC01 AgentDevice=WindowsLog	AgentLogFile=Security	PluginVersion=1.0.14	Source=Security	Computer=USCHPOSDC01	User=SVC-ADIMPORT	Domain=POS	EventID=624	EventIDCcorpoe=624	EventType=8	EventCategory=7	RecordNumber=2544685156	TimeGenerated=1389504699	TimeWritten=1389504699	Message=User Account Created:   New Account Name: 656095   New Domain: POS   New Account ID: POS\656095   Caller User Name: SVC-ADIMPORT   Caller Domain: POS   Caller Logon ID: (0x0,0x47908560)   Privileges  -  Attributes:   Sam Account Name: 656095   Display Name: -   User Principal Name: 656095@pos.na.corpo.net   Home Directory: -   Home Drive: -   Script Path: -   Profile Path: -   User Workstations: -   Password Last Set: <never>    Account Expires: <never>    Primary Group ID: 513   AllowedTcorpoelegateTo: -   Old UAC Value: 0x0   New UAC Value: 0x15   User Account Control:    Account Disabled    'Password Not Required' - Enabled    'Normal Account' - Enabled    User Parameters: -   Sid History: -   Logon Hours: <value not set>    
<13>Jan 12 00:31:42 USCHPOSDC01 AgentDevice=WindowsLog	AgentLogFile=Security	PluginVersion=1.0.14	Source=Security	Computer=USCHPOSDC01	User=SVC-ADIMPORT	Domain=POS	EventID=624	EventIDCcorpoe=624	EventType=8	EventCategory=7	RecordNumber=2544685131	TimeGenerated=1389504698	TimeWritten=1389504698	Message=User Account Created:   New Account Name: 656094   New Domain: POS   New Account ID: POS\656094   Caller User Name: SVC-ADIMPORT   Caller Domain: POS   Caller Logon ID: (0x0,0x47908560)   Privileges  -  Attributes:   Sam Account Name: 656094   Display Name: -   User Principal Name: 656094@pos.na.corpo.net   Home Directory: -   Home Drive: -   Script Path: -   Profile Path: -   User Workstations: -   Password Last Set: <never>    Account Expires: <never>    Primary Group ID: 513   AllowedTcorpoelegateTo: -   Old UAC Value: 0x0   New UAC Value: 0x15   User Account Control:    Account Disabled    'Password Not Required' - Enabled    'Normal Account' - Enabled    User Parameters: -   Sid History: -   Logon Hours: <value not set>    
<13>Jan 12 00:31:40 USCHPOSDC01 AgentDevice=WindowsLog	AgentLogFile=Security	PluginVersion=1.0.14	Source=Security	Computer=USCHPOSDC01	User=SVC-ADIMPORT	Domain=POS	EventID=624	EventIDCcorpoe=624	EventType=8	EventCategory=7	RecordNumber=2544685102	TimeGenerated=1389504697	TimeWritten=1389504697	Message=User Account Created:   New Account Name: 656092   New Domain: POS   New Account ID: POS\656092   Caller User Name: SVC-ADIMPORT   Caller Domain: POS   Caller Logon ID: (0x0,0x47908560)   Privileges  -  Attributes:   Sam Account Name: 656092   Display Name: -   User Principal Name: 656092@pos.na.corpo.net   Home Directory: -   Home Drive: -   Script Path: -   Profile Path: -   User Workstations: -   Password Last Set: <never>    Account Expires: <never>    Primary Group ID: 513   AllowedTcorpoelegateTo: -   Old UAC Value: 0x0   New UAC Value: 0x15   User Account Control:    Account Disabled    'Password Not Required' - Enabled    'Normal Account' - Enabled    User Parameters: -   Sid History: -   Logon Hours: <value not set>    
<13>Jan 12 00:31:40 USCHPOSDC01 AgentDevice=WindowsLog	AgentLogFile=Security	PluginVersion=1.0.14	Source=Security	Computer=USCHPOSDC01	User=SVC-ADIMPORT	Domain=POS	EventID=624	EventIDCcorpoe=624	EventType=8	EventCategory=7	RecordNumber=2544685080	TimeGenerated=1389504697	TimeWritten=1389504697	Message=User Account Created:   New Account Name: 656091   New Domain: POS   New Account ID: POS\656091   Caller User Name: SVC-ADIMPORT   Caller Domain: POS   Caller Logon ID: (0x0,0x47908560)   Privileges  -  Attributes:   Sam Account Name: 656091   Display Name: -   User Principal Name: 656091@pos.na.corpo.net   Home Directory: -   Home Drive: -   Script Path: -   Profile Path: -   User Workstations: -   Password Last Set: <never>    Account Expires: <never>    Primary Group ID: 513   AllowedTcorpoelegateTo: -   Old UAC Value: 0x0   New UAC Value: 0x15   User Account Control:    Account Disabled    'Password Not Required' - Enabled    'Normal Account' - Enabled    User Parameters: -   Sid History: -   Logon Hours: <value not set>    
<13>Jan 12 00:31:38 USCHPOSDC01 AgentDevice=WindowsLog	AgentLogFile=Security	PluginVersion=1.0.14	Source=Security	Computer=USCHPOSDC01	User=SVC-ADIMPORT	Domain=POS	EventID=624	EventIDCcorpoe=624	EventType=8	EventCategory=7	RecordNumber=2544685060	TimeGenerated=1389504695	TimeWritten=1389504695	Message=User Account Created:   New Account Name: 656090   New Domain: POS   New Account ID: POS\656090   Caller User Name: SVC-ADIMPORT   Caller Domain: POS   Caller Logon ID: (0x0,0x47908560)   Privileges  -  Attributes:   Sam Account Name: 656090   Display Name: -   User Principal Name: 656090@pos.na.corpo.net   Home Directory: -   Home Drive: -   Script Path: -   Profile Path: -   User Workstations: -   Password Last Set: <never>    Account Expires: <never>    Primary Group ID: 513   AllowedTcorpoelegateTo: -   Old UAC Value: 0x0   New UAC Value: 0x15   User Account Control:    Account Disabled    'Password Not Required' - Enabled    'Normal Account' - Enabled    User Parameters: -   Sid History: -   Logon Hours: <value not set>    
<13>Jan 12 00:31:38 USCHPOSDC01 AgentDevice=WindowsLog	AgentLogFile=Security	PluginVersion=1.0.14	Source=Security	Computer=USCHPOSDC01	User=SVC-ADIMPORT	Domain=POS	EventID=624	EventIDCcorpoe=624	EventType=8	EventCategory=7	RecordNumber=2544685038	TimeGenerated=1389504695	TimeWritten=1389504695	Message=User Account Created:   New Account Name: 656088   New Domain: POS   New Account ID: POS\656088   Caller User Name: SVC-ADIMPORT   Caller Domain: POS   Caller Logon ID: (0x0,0x47908560)   Privileges  -  Attributes:   Sam Account Name: 656088   Display Name: -   User Principal Name: 656088@pos.na.corpo.net   Home Directory: -   Home Drive: -   Script Path: -   Profile Path: -   User Workstations: -   Password Last Set: <never>    Account Expires: <never>    Primary Group ID: 513   AllowedTcorpoelegateTo: -   Old UAC Value: 0x0   New UAC Value: 0x15   User Account Control:    Account Disabled    'Password Not Required' - Enabled    'Normal Account' - Enabled    User Parameters: -   Sid History: -   Logon Hours: <value not set>    
<13>Jan 12 00:31:36 USCHPOSDC01 AgentDevice=WindowsLog	AgentLogFile=Security	PluginVersion=1.0.14	Source=Security	Computer=USCHPOSDC01	User=SVC-ADIMPORT	Domain=POS	EventID=624	EventIDCcorpoe=624	EventType=8	EventCategory=7	RecordNumber=2544685016	TimeGenerated=1389504694	TimeWritten=1389504694	Message=User Account Created:   New Account Name: 656087   New Domain: POS   New Account ID: POS\656087   Caller User Name: SVC-ADIMPORT   Caller Domain: POS   Caller Logon ID: (0x0,0x47908560)   Privileges  -  Attributes:   Sam Account Name: 656087   Display Name: -   User Principal Name: 656087@pos.na.corpo.net   Home Directory: -   Home Drive: -   Script Path: -   Profile Path: -   User Workstations: -   Password Last Set: <never>    Account Expires: <never>    Primary Group ID: 513   AllowedTcorpoelegateTo: -   Old UAC Value: 0x0   New UAC Value: 0x15   User Account Control:    Account Disabled    'Password Not Required' - Enabled    'Normal Account' - Enabled    User Parameters: -   Sid History: -   Logon Hours: <value not set>    
<13>Jan 12 00:31:36 USCHPOSDC01 AgentDevice=WindowsLog	AgentLogFile=Security	PluginVersion=1.0.14	Source=Security	Computer=USCHPOSDC01	User=SVC-ADIMPORT	Domain=POS	EventID=624	EventIDCcorpoe=624	EventType=8	EventCategory=7	RecordNumber=2544684994	TimeGenerated=1389504692	TimeWritten=1389504692	Message=User Account Created:   New Account Name: 656086   New Domain: POS   New Account ID: POS\656086   Caller User Name: SVC-ADIMPORT   Caller Domain: POS   Caller Logon ID: (0x0,0x47908560)   Privileges  -  Attributes:   Sam Account Name: 656086   Display Name: -   User Principal Name: 656086@pos.na.corpo.net   Home Directory: -   Home Drive: -   Script Path: -   Profile Path: -   User Workstations: -   Password Last Set: <never>    Account Expires: <never>    Primary Group ID: 513   AllowedTcorpoelegateTo: -   Old UAC Value: 0x0   New UAC Value: 0x15   User Account Control:    Account Disabled    'Password Not Required' - Enabled    'Normal Account' - Enabled    User Parameters: -   Sid History: -   Logon Hours: <value not set>    
<13>Jan 12 00:31:34 USCHPOSDC01 AgentDevice=WindowsLog	AgentLogFile=Security	PluginVersion=1.0.14	Source=Security	Computer=USCHPOSDC01	User=SVC-ADIMPORT	Domain=POS	EventID=624	EventIDCcorpoe=624	EventType=8	EventCategory=7	RecordNumber=2544684969	TimeGenerated=1389504692	TimeWritten=1389504692	Message=User Account Created:   New Account Name: 656085   New Domain: POS   New Account ID: POS\656085   Caller User Name: SVC-ADIMPORT   Caller Domain: POS   Caller Logon ID: (0x0,0x47908560)   Privileges  -  Attributes:   Sam Account Name: 656085   Display Name: -   User Principal Name: 656085@pos.na.corpo.net   Home Directory: -   Home Drive: -   Script Path: -   Profile Path: -   User Workstations: -   Password Last Set: <never>    Account Expires: <never>    Primary Group ID: 513   AllowedTcorpoelegateTo: -   Old UAC Value: 0x0   New UAC Value: 0x15   User Account Control:    Account Disabled    'Password Not Required' - Enabled    'Normal Account' - Enabled    User Parameters: -   Sid History: -   Logon Hours: <value not set>    
<13>Jan 12 00:31:34 USCHPOSDC01 AgentDevice=WindowsLog	AgentLogFile=Security	PluginVersion=1.0.14	Source=Security	Computer=USCHPOSDC01	User=SVC-ADIMPORT	Domain=POS	EventID=624	EventIDCcorpoe=624	EventType=8	EventCategory=7	RecordNumber=2544684947	TimeGenerated=1389504691	TimeWritten=1389504691	Message=User Account Created:   New Account Name: 656084   New Domain: POS   New Account ID: POS\656084   Caller User Name: SVC-ADIMPORT   Caller Domain: POS   Caller Logon ID: (0x0,0x47908560)   Privileges  -  Attributes:   Sam Account Name: 656084   Display Name: -   User Principal Name: 656084@pos.na.corpo.net   Home Directory: -   Home Drive: -   Script Path: -   Profile Path: -   User Workstations: -   Password Last Set: <never>    Account Expires: <never>    Primary Group ID: 513   AllowedTcorpoelegateTo: -   Old UAC Value: 0x0   New UAC Value: 0x15   User Account Control:    Account Disabled    'Password Not Required' - Enabled    'Normal Account' - Enabled    User Parameters: -   Sid History: -   Logon Hours: <value not set>    
<13>Jan 12 00:31:32 USCHPOSDC01 AgentDevice=WindowsLog	AgentLogFile=Security	PluginVersion=1.0.14	Source=Security	Computer=USCHPOSDC01	User=SVC-ADIMPORT	Domain=POS	EventID=624	EventIDCcorpoe=624	EventType=8	EventCategory=7	RecordNumber=2544684924	TimeGenerated=1389504690	TimeWritten=1389504690	Message=User Account Created:   New Account Name: 656083   New Domain: POS   New Account ID: POS\656083   Caller User Name: SVC-ADIMPORT   Caller Domain: POS   Caller Logon ID: (0x0,0x47908560)   Privileges  -  Attributes:   Sam Account Name: 656083   Display Name: -   User Principal Name: 656083@pos.na.corpo.net   Home Directory: -   Home Drive: -   Script Path: -   Profile Path: -   User Workstations: -   Password Last Set: <never>    Account Expires: <never>    Primary Group ID: 513   AllowedTcorpoelegateTo: -   Old UAC Value: 0x0   New UAC Value: 0x15   User Account Control:    Account Disabled    'Password Not Required' - Enabled    'Normal Account' - Enabled    User Parameters: -   Sid History: -   Logon Hours: <value not set>    
<13>Jan 12 00:31:32 USCHPOSDC01 AgentDevice=WindowsLog	AgentLogFile=Security	PluginVersion=1.0.14	Source=Security	Computer=USCHPOSDC01	User=SVC-ADIMPORT	Domain=POS	EventID=624	EventIDCcorpoe=624	EventType=8	EventCategory=7	RecordNumber=2544684898	TimeGenerated=1389504689	TimeWritten=1389504689	Message=User Account Created:   New Account Name: 656082   New Domain: POS   New Account ID: POS\656082   Caller User Name: SVC-ADIMPORT   Caller Domain: POS   Caller Logon ID: (0x0,0x47908560)   Privileges  -  Attributes:   Sam Account Name: 656082   Display Name: -   User Principal Name: 656082@pos.na.corpo.net   Home Directory: -   Home Drive: -   Script Path: -   Profile Path: -   User Workstations: -   Password Last Set: <never>    Account Expires: <never>    Primary Group ID: 513   AllowedTcorpoelegateTo: -   Old UAC Value: 0x0   New UAC Value: 0x15   User Account Control:    Account Disabled    'Password Not Required' - Enabled    'Normal Account' - Enabled    User Parameters: -   Sid History: -   Logon Hours: <value not set>    
<13>Jan 12 00:31:32 USCHPOSDC01 AgentDevice=WindowsLog	AgentLogFile=Security	PluginVersion=1.0.14	Source=Security	Computer=USCHPOSDC01	User=SVC-ADIMPORT	Domain=POS	EventID=624	EventIDCcorpoe=624	EventType=8	EventCategory=7	RecordNumber=2544684877	TimeGenerated=1389504688	TimeWritten=1389504688	Message=User Account Created:   New Account Name: 656081   New Domain: POS   New Account ID: POS\656081   Caller User Name: SVC-ADIMPORT   Caller Domain: POS   Caller Logon ID: (0x0,0x47908560)   Privileges  -  Attributes:   Sam Account Name: 656081   Display Name: -   User Principal Name: 656081@pos.na.corpo.net   Home Directory: -   Home Drive: -   Script Path: -   Profile Path: -   User Workstations: -   Password Last Set: <never>    Account Expires: <never>    Primary Group ID: 513   AllowedTcorpoelegateTo: -   Old UAC Value: 0x0   New UAC Value: 0x15   User Account Control:    Account Disabled    'Password Not Required' - Enabled    'Normal Account' - Enabled    User Parameters: -   Sid History: -   Logon Hours: <value not set>    
<13>Jan 12 00:31:30 USCHPOSDC01 AgentDevice=WindowsLog	AgentLogFile=Security	PluginVersion=1.0.14	Source=Security	Computer=USCHPOSDC01	User=SVC-ADIMPORT	Domain=POS	EventID=624	EventIDCcorpoe=624	EventType=8	EventCategory=7	RecordNumber=2544684856	TimeGenerated=1389504687	TimeWritten=1389504687	Message=User Account Created:   New Account Name: 656080   New Domain: POS   New Account ID: POS\656080   Caller User Name: SVC-ADIMPORT   Caller Domain: POS   Caller Logon ID: (0x0,0x47908560)   Privileges  -  Attributes:   Sam Account Name: 656080   Display Name: -   User Principal Name: 656080@pos.na.corpo.net   Home Directory: -   Home Drive: -   Script Path: -   Profile Path: -   User Workstations: -   Password Last Set: <never>    Account Expires: <never>    Primary Group ID: 513   AllowedTcorpoelegateTo: -   Old UAC Value: 0x0   New UAC Value: 0x15   User Account Control:    Account Disabled    'Password Not Required' - Enabled    'Normal Account' - Enabled    User Parameters: -   Sid History: -   Logon Hours: <value not set>    
<13>Jan 12 00:31:30 USCHPOSDC01 AgentDevice=WindowsLog	AgentLogFile=Security	PluginVersion=1.0.14	Source=Security	Computer=USCHPOSDC01	User=SVC-ADIMPORT	Domain=POS	EventID=624	EventIDCcorpoe=624	EventType=8	EventCategory=7	RecordNumber=2544684832	TimeGenerated=1389504686	TimeWritten=1389504686	Message=User Account Created:   New Account Name: 656079   New Domain: POS   New Account ID: POS\656079   Caller User Name: SVC-ADIMPORT   Caller Domain: POS   Caller Logon ID: (0x0,0x47908560)   Privileges  -  Attributes:   Sam Account Name: 656079   Display Name: -   User Principal Name: 656079@pos.na.corpo.net   Home Directory: -   Home Drive: -   Script Path: -   Profile Path: -   User Workstations: -   Password Last Set: <never>    Account Expires: <never>    Primary Group ID: 513   AllowedTcorpoelegateTo: -   Old UAC Value: 0x0   New UAC Value: 0x15   User Account Control:    Account Disabled    'Password Not Required' - Enabled    'Normal Account' - Enabled    User Parameters: -   Sid History: -   Logon Hours: <value not set>    
<13>Jan 12 00:31:28 USCHPOSDC01 AgentDevice=WindowsLog	AgentLogFile=Security	PluginVersion=1.0.14	Source=Security	Computer=USCHPOSDC01	User=SVC-ADIMPORT	Domain=POS	EventID=624	EventIDCcorpoe=624	EventType=8	EventCategory=7	RecordNumber=2544684810	TimeGenerated=1389504685	TimeWritten=1389504685	Message=User Account Created:   New Account Name: 656078   New Domain: POS   New Account ID: POS\656078   Caller User Name: SVC-ADIMPORT   Caller Domain: POS   Caller Logon ID: (0x0,0x47908560)   Privileges  -  Attributes:   Sam Account Name: 656078   Display Name: -   User Principal Name: 656078@pos.na.corpo.net   Home Directory: -   Home Drive: -   Script Path: -   Profile Path: -   User Workstations: -   Password Last Set: <never>    Account Expires: <never>    Primary Group ID: 513   AllowedTcorpoelegateTo: -   Old UAC Value: 0x0   New UAC Value: 0x15   User Account Control:    Account Disabled    'Password Not Required' - Enabled    'Normal Account' - Enabled    User Parameters: -   Sid History: -   Logon Hours: <value not set>    
<13>Jan 12 00:31:28 USCHPOSDC01 AgentDevice=WindowsLog	AgentLogFile=Security	PluginVersion=1.0.14	Source=Security	Computer=USCHPOSDC01	User=SVC-ADIMPORT	Domain=POS	EventID=624	EventIDCcorpoe=624	EventType=8	EventCategory=7	RecordNumber=2544684790	TimeGenerated=1389504684	TimeWritten=1389504684	Message=User Account Created:   New Account Name: 656077   New Domain: POS   New Account ID: POS\656077   Caller User Name: SVC-ADIMPORT   Caller Domain: POS   Caller Logon ID: (0x0,0x47908560)   Privileges  -  Attributes:   Sam Account Name: 656077   Display Name: -   User Principal Name: 656077@pos.na.corpo.net   Home Directory: -   Home Drive: -   Script Path: -   Profile Path: -   User Workstations: -   Password Last Set: <never>    Account Expires: <never>    Primary Group ID: 513   AllowedTcorpoelegateTo: -   Old UAC Value: 0x0   New UAC Value: 0x15   User Account Control:    Account Disabled    'Password Not Required' - Enabled    'Normal Account' - Enabled    User Parameters: -   Sid History: -   Logon Hours: <value not set>    
<13>Jan 12 00:31:26 USCHPOSDC01 AgentDevice=WindowsLog	AgentLogFile=Security	PluginVersion=1.0.14	Source=Security	Computer=USCHPOSDC01	User=SVC-ADIMPORT	Domain=POS	EventID=624	EventIDCcorpoe=624	EventType=8	EventCategory=7	RecordNumber=2544684763	TimeGenerated=1389504683	TimeWritten=1389504683	Message=User Account Created:   New Account Name: 656073   New Domain: POS   New Account ID: POS\656073   Caller User Name: SVC-ADIMPORT   Caller Domain: POS   Caller Logon ID: (0x0,0x47908560)   Privileges  -  Attributes:   Sam Account Name: 656073   Display Name: -   User Principal Name: 656073@pos.na.corpo.net   Home Directory: -   Home Drive: -   Script Path: -   Profile Path: -   User Workstations: -   Password Last Set: <never>    Account Expires: <never>    Primary Group ID: 513   AllowedTcorpoelegateTo: -   Old UAC Value: 0x0   New UAC Value: 0x15   User Account Control:    Account Disabled    'Password Not Required' - Enabled    'Normal Account' - Enabled    User Parameters: -   Sid History: -   Logon Hours: <value not set>    
<13>Jan 12 00:31:26 USCHPOSDC01 AgentDevice=WindowsLog	AgentLogFile=Security	PluginVersion=1.0.14	Source=Security	Computer=USCHPOSDC01	User=SVC-ADIMPORT	Domain=POS	EventID=624	EventIDCcorpoe=624	EventType=8	EventCategory=7	RecordNumber=2544684742	TimeGenerated=1389504682	TimeWritten=1389504682	Message=User Account Created:   New Account Name: 656072   New Domain: POS   New Account ID: POS\656072   Caller User Name: SVC-ADIMPORT   Caller Domain: POS   Caller Logon ID: (0x0,0x47908560)   Privileges  -  Attributes:   Sam Account Name: 656072   Display Name: -   User Principal Name: 656072@pos.na.corpo.net   Home Directory: -   Home Drive: -   Script Path: -   Profile Path: -   User Workstations: -   Password Last Set: <never>    Account Expires: <never>    Primary Group ID: 513   AllowedTcorpoelegateTo: -   Old UAC Value: 0x0   New UAC Value: 0x15   User Account Control:    Account Disabled    'Password Not Required' - Enabled    'Normal Account' - Enabled    User Parameters: -   Sid History: -   Logon Hours: <value not set>    
<13>Jan 12 00:31:24 USCHPOSDC01 AgentDevice=WindowsLog	AgentLogFile=Security	PluginVersion=1.0.14	Source=Security	Computer=USCHPOSDC01	User=SVC-ADIMPORT	Domain=POS	EventID=624	EventIDCcorpoe=624	EventType=8	EventCategory=7	RecordNumber=2544684722	TimeGenerated=1389504681	TimeWritten=1389504681	Message=User Account Created:   New Account Name: 656071   New Domain: POS   New Account ID: POS\656071   Caller User Name: SVC-ADIMPORT   Caller Domain: POS   Caller Logon ID: (0x0,0x47908560)   Privileges  -  Attributes:   Sam Account Name: 656071   Display Name: -   User Principal Name: 656071@pos.na.corpo.net   Home Directory: -   Home Drive: -   Script Path: -   Profile Path: -   User Workstations: -   Password Last Set: <never>    Account Expires: <never>    Primary Group ID: 513   AllowedTcorpoelegateTo: -   Old UAC Value: 0x0   New UAC Value: 0x15   User Account Control:    Account Disabled    'Password Not Required' - Enabled    'Normal Account' - Enabled    User Parameters: -   Sid History: -   Logon Hours: <value not set>    
<13>Jan 12 00:31:23 USCHPOSDC01 AgentDevice=WindowsLog	AgentLogFile=Security	PluginVersion=1.0.14	Source=Security	Computer=USCHPOSDC01	User=SVC-ADIMPORT	Domain=POS	EventID=624	EventIDCcorpoe=624	EventType=8	EventCategory=7	RecordNumber=2544684702	TimeGenerated=1389504680	TimeWritten=1389504680	Message=User Account Created:   New Account Name: 656068   New Domain: POS   New Account ID: POS\656068   Caller User Name: SVC-ADIMPORT   Caller Domain: POS   Caller Logon ID: (0x0,0x47908560)   Privileges  -  Attributes:   Sam Account Name: 656068   Display Name: -   User Principal Name: 656068@pos.na.corpo.net   Home Directory: -   Home Drive: -   Script Path: -   Profile Path: -   User Workstations: -   Password Last Set: <never>    Account Expires: <never>    Primary Group ID: 513   AllowedTcorpoelegateTo: -   Old UAC Value: 0x0   New UAC Value: 0x15   User Account Control:    Account Disabled    'Password Not Required' - Enabled    'Normal Account' - Enabled    User Parameters: -   Sid History: -   Logon Hours: <value not set>    
<13>Jan 12 00:31:21 USCHPOSDC01 AgentDevice=WindowsLog	AgentLogFile=Security	PluginVersion=1.0.14	Source=Security	Computer=USCHPOSDC01	User=SVC-ADIMPORT	Domain=POS	EventID=624	EventIDCcorpoe=624	EventType=8	EventCategory=7	RecordNumber=2544684675	TimeGenerated=1389504679	TimeWritten=1389504679	Message=User Account Created:   New Account Name: 656062   New Domain: POS   New Account ID: POS\656062   Caller User Name: SVC-ADIMPORT   Caller Domain: POS   Caller Logon ID: (0x0,0x47908560)   Privileges  -  Attributes:   Sam Account Name: 656062   Display Name: -   User Principal Name: 656062@pos.na.corpo.net   Home Directory: -   Home Drive: -   Script Path: -   Profile Path: -   User Workstations: -   Password Last Set: <never>    Account Expires: <never>    Primary Group ID: 513   AllowedTcorpoelegateTo: -   Old UAC Value: 0x0   New UAC Value: 0x15   User Account Control:    Account Disabled    'Password Not Required' - Enabled    'Normal Account' - Enabled    User Parameters: -   Sid History: -   Logon Hours: <value not set>    
<13>Jan 12 00:31:21 USCHPOSDC01 AgentDevice=WindowsLog	AgentLogFile=Security	PluginVersion=1.0.14	Source=Security	Computer=USCHPOSDC01	User=SVC-ADIMPORT	Domain=POS	EventID=624	EventIDCcorpoe=624	EventType=8	EventCategory=7	RecordNumber=2544684654	TimeGenerated=1389504678	TimeWritten=1389504678	Message=User Account Created:   New Account Name: 656054   New Domain: POS   New Account ID: POS\656054   Caller User Name: SVC-ADIMPORT   Caller Domain: POS   Caller Logon ID: (0x0,0x47908560)   Privileges  -  Attributes:   Sam Account Name: 656054   Display Name: -   User Principal Name: 656054@pos.na.corpo.net   Home Directory: -   Home Drive: -   Script Path: -   Profile Path: -   User Workstations: -   Password Last Set: <never>    Account Expires: <never>    Primary Group ID: 513   AllowedTcorpoelegateTo: -   Old UAC Value: 0x0   New UAC Value: 0x15   User Account Control:    Account Disabled    'Password Not Required' - Enabled    'Normal Account' - Enabled    User Parameters: -   Sid History: -   Logon Hours: <value not set>    
<13>Jan 12 00:31:19 USCHPOSDC01 AgentDevice=WindowsLog	AgentLogFile=Security	PluginVersion=1.0.14	Source=Security	Computer=USCHPOSDC01	User=SVC-ADIMPORT	Domain=POS	EventID=624	EventIDCcorpoe=624	EventType=8	EventCategory=7	RecordNumber=2544684625	TimeGenerated=1389504677	TimeWritten=1389504677	Message=User Account Created:   New Account Name: 656052   New Domain: POS   New Account ID: POS\656052   Caller User Name: SVC-ADIMPORT   Caller Domain: POS   Caller Logon ID: (0x0,0x47908560)   Privileges  -  Attributes:   Sam Account Name: 656052   Display Name: -   User Principal Name: 656052@pos.na.corpo.net   Home Directory: -   Home Drive: -   Script Path: -   Profile Path: -   User Workstations: -   Password Last Set: <never>    Account Expires: <never>    Primary Group ID: 513   AllowedTcorpoelegateTo: -   Old UAC Value: 0x0   New UAC Value: 0x15   User Account Control:    Account Disabled    'Password Not Required' - Enabled    'Normal Account' - Enabled    User Parameters: -   Sid History: -   Logon Hours: <value not set>    
<13>Jan 12 00:31:19 USCHPOSDC01 AgentDevice=WindowsLog	AgentLogFile=Security	PluginVersion=1.0.14	Source=Security	Computer=USCHPOSDC01	User=SVC-ADIMPORT	Domain=POS	EventID=624	EventIDCcorpoe=624	EventType=8	EventCategory=7	RecordNumber=2544684603	TimeGenerated=1389504676	TimeWritten=1389504676	Message=User Account Created:   New Account Name: 656038   New Domain: POS   New Account ID: POS\656038   Caller User Name: SVC-ADIMPORT   Caller Domain: POS   Caller Logon ID: (0x0,0x47908560)   Privileges  -  Attributes:   Sam Account Name: 656038   Display Name: -   User Principal Name: 656038@pos.na.corpo.net   Home Directory: -   Home Drive: -   Script Path: -   Profile Path: -   User Workstations: -   Password Last Set: <never>    Account Expires: <never>    Primary Group ID: 513   AllowedTcorpoelegateTo: -   Old UAC Value: 0x0   New UAC Value: 0x15   User Account Control:    Account Disabled    'Password Not Required' - Enabled    'Normal Account' - Enabled    User Parameters: -   Sid History: -   Logon Hours: <value not set>    
