<13>Jan 13 01:56:20 USCHNAHUB02 AgentDevice=WindowsLog	AgentLogFile=Security	PluginVersion=1.0.14	Source=Security	Computer=USCHNAHUB02	User=SYSTEM	Domain=NT AUTHORITY	EventID=644	EventIDCcorpoe=644	EventType=8	EventCategory=7	RecordNumber=3023423374	TimeGenerated=1389591695	TimeWritten=1389591695	Message=User Account Locked Out:   Target Account Name: 594632MGR   Target Account ID: NA\594632MGR   Caller Machine Name: S4SNC-DW   Caller User Name: USCHNAHUB02$   Caller Domain: NA   Caller Logon ID: (0x0,0x3E7)   
<13>Jan 13 01:52:40 USCHNAHUB02 AgentDevice=WindowsLog	AgentLogFile=Security	PluginVersion=1.0.14	Source=Security	Computer=USCHNAHUB02	User=SYSTEM	Domain=NT AUTHORITY	EventID=644	EventIDCcorpoe=644	EventType=8	EventCategory=7	RecordNumber=3023412750	TimeGenerated=1389591193	TimeWritten=1389591193	Message=User Account Locked Out:   Target Account Name: JCBmgr   Target Account ID: NA\JCBmgr   Caller Machine Name: \\10.63.125.95   Caller User Name: USCHNAHUB02$   Caller Domain: NA   Caller Logon ID: (0x0,0x3E7)   
<13>Jan 13 01:49:37 USCHNAHUB02 AgentDevice=WindowsLog	AgentLogFile=Security	PluginVersion=1.0.14	Source=Security	Computer=USCHNAHUB02	User=Doris-Miao	Domain=NA	EventID=642	EventIDCcorpoe=642	EventType=8	EventCategory=7	RecordNumber=3023403995	TimeGenerated=1389590858	TimeWritten=1389590858	Message=User Account Changed:   Target Account Name: Doris-Miao   Target Domain: NA   Target Account ID: NA\Doris-Miao   Caller User Name: Doris-Miao   Caller Domain: NA   Caller Logon ID: (0x0,0x5EA89AAD)   Privileges: -  Changed Attributes:   Sam Account Name: -   Display Name: -   User Principal Name: -   Home Directory: -   Home Drive: -   Script Path: -   Profile Path: -   User Workstations: -   Password Last Set: 1/13/2014 12:27:38 AM   Account Expires: -   Primary Group ID: -   AllowedTcorpoelegateTo: -   Old UAC Value: -   New UAC Value: -   User Account Control: -   User Parameters: -   Sid History: -   Logon Hours: -   
<13>Jan 13 01:36:59 USCHNAHUB02 AgentDevice=WindowsLog	AgentLogFile=Security	PluginVersion=1.0.14	Source=Security	Computer=USCHNAHUB02	User=SYSTEM	Domain=NT AUTHORITY	EventID=644	EventIDCcorpoe=644	EventType=8	EventCategory=7	RecordNumber=3023367720	TimeGenerated=1389589351	TimeWritten=1389589351	Message=User Account Locked Out:   Target Account Name: JCBmgr   Target Account ID: NA\JCBmgr   Caller Machine Name: \\10.63.125.95   Caller User Name: USCHNAHUB02$   Caller Domain: NA   Caller Logon ID: (0x0,0x3E7)   
<13>Jan 13 01:23:47 USCHNAHUB02 AgentDevice=WindowsLog	AgentLogFile=Security	PluginVersion=1.0.14	Source=Security	Computer=USCHNAHUB02	User=SYSTEM	Domain=NT AUTHORITY	EventID=644	EventIDCcorpoe=644	EventType=8	EventCategory=7	RecordNumber=3023329935	TimeGenerated=1389587510	TimeWritten=1389587510	Message=User Account Locked Out:   Target Account Name: JCBmgr   Target Account ID: NA\JCBmgr   Caller Machine Name: \\10.63.125.95   Caller User Name: USCHNAHUB02$   Caller Domain: NA   Caller Logon ID: (0x0,0x3E7)   
<13>Jan 13 01:19:23 USCHNAHUB02 AgentDevice=WindowsLog	AgentLogFile=Security	PluginVersion=1.0.14	Source=Security	Computer=USCHNAHUB02	User=SYSTEM	Domain=NT AUTHORITY	EventID=644	EventIDCcorpoe=644	EventType=8	EventCategory=7	RecordNumber=3023317317	TimeGenerated=1389586932	TimeWritten=1389586932	Message=User Account Locked Out:   Target Account Name: 649314MAN   Target Account ID: NA\649314MAN   Caller Machine Name: USCHFINC01S01   Caller User Name: USCHNAHUB02$   Caller Domain: NA   Caller Logon ID: (0x0,0x3E7)   
<13>Jan 13 01:09:49 USCHNAHUB02 AgentDevice=WindowsLog	AgentLogFile=Security	PluginVersion=1.0.14	Source=Security	Computer=USCHNAHUB02	User=SYSTEM	Domain=NT AUTHORITY	EventID=644	EventIDCcorpoe=644	EventType=8	EventCategory=7	RecordNumber=3023289834	TimeGenerated=1389585722	TimeWritten=1389585722	Message=User Account Locked Out:   Target Account Name: Adrian-Macean   Target Account ID: NA\Adrian-Macean   Caller Machine Name: CHSECGPRS03   Caller User Name: USCHNAHUB02$   Caller Domain: NA   Caller Logon ID: (0x0,0x3E7)   
<13>Jan 13 01:08:11 USCHNAHUB02 AgentDevice=WindowsLog	AgentLogFile=Security	PluginVersion=1.0.14	Source=Security	Computer=USCHNAHUB02	User=SYSTEM	Domain=NT AUTHORITY	EventID=644	EventIDCcorpoe=644	EventType=8	EventCategory=7	RecordNumber=3023285121	TimeGenerated=1389585512	TimeWritten=1389585512	Message=User Account Locked Out:   Target Account Name: 594632MGR   Target Account ID: NA\594632MGR   Caller Machine Name: S4SNC-DW   Caller User Name: USCHNAHUB02$   Caller Domain: NA   Caller Logon ID: (0x0,0x3E7)   
<13>Jan 13 01:03:51 USCHNAHUB02 AgentDevice=WindowsLog	AgentLogFile=Security	PluginVersion=1.0.14	Source=Security	Computer=USCHNAHUB02	User=SYSTEM	Domain=NT AUTHORITY	EventID=644	EventIDCcorpoe=644	EventType=8	EventCategory=7	RecordNumber=3023272618	TimeGenerated=1389584894	TimeWritten=1389584894	Message=User Account Locked Out:   Target Account Name: Tom-Judson   Target Account ID: NA\Tom-Judson   Caller Machine Name: W8941DEH5PE-2.local   Caller User Name: USCHNAHUB02$   Caller Domain: NA   Caller Logon ID: (0x0,0x3E7)   
<13>Jan 13 00:59:35 USCHNAHUB02 AgentDevice=WindowsLog	AgentLogFile=Security	PluginVersion=1.0.14	Source=Security	Computer=USCHNAHUB02	User=ANONYMOUS LOGON	Domain=NT AUTHORITY	EventID=642	EventIDCcorpoe=642	EventType=8	EventCategory=7	RecordNumber=3023260307	TimeGenerated=1389584296	TimeWritten=1389584296	Message=User Account Changed:   Target Account Name: Jens-Ophof   Target Domain: NA   Target Account ID: NA\Jens-Ophof   Caller User Name: USCHNAHUB02$   Caller Domain: NA   Caller Logon ID: (0x0,0x3E7)   Privileges: -  Changed Attributes:   Sam Account Name: -   Display Name: -   User Principal Name: -   Home Directory: -   Home Drive: -   Script Path: -   Profile Path: -   User Workstations: -   Password Last Set: 1/12/2014 10:38:16 PM   Account Expires: -   Primary Group ID: -   AllowedTcorpoelegateTo: -   Old UAC Value: -   New UAC Value: -   User Account Control: -   User Parameters: -   Sid History: -   Logon Hours: -   
<13>Jan 13 00:59:10 USCHNAHUB02 AgentDevice=WindowsLog	AgentLogFile=Security	PluginVersion=1.0.14	Source=Security	Computer=USCHNAHUB02	User=SYSTEM	Domain=NT AUTHORITY	EventID=644	EventIDCcorpoe=644	EventType=8	EventCategory=7	RecordNumber=3023259180	TimeGenerated=1389584249	TimeWritten=1389584249	Message=User Account Locked Out:   Target Account Name: Song-Wei   Target Account ID: NA\Song-Wei   Caller Machine Name: ERICWEI-PC   Caller User Name: USCHNAHUB02$   Caller Domain: NA   Caller Logon ID: (0x0,0x3E7)   
<13>Jan 12 23:38:40 USCHNAHUB02 AgentDevice=WindowsLog	AgentLogFile=Security	PluginVersion=1.0.14	Source=Security	Computer=USCHNAHUB02	User=SYSTEM	Domain=NT AUTHORITY	EventID=644	EventIDCcorpoe=644	EventType=8	EventCategory=7	RecordNumber=3023078095	TimeGenerated=1389581694	TimeWritten=1389581694	Message=User Account Locked Out:   Target Account Name: Wenshuai-Shi   Target Account ID: NA\Wenshuai-Shi   Caller Machine Name: MARVIN-PC   Caller User Name: USCHNAHUB02$   Caller Domain: NA   Caller Logon ID: (0x0,0x3E7)   
<13>Jan 12 23:31:03 USCHNAHUB02 AgentDevice=WindowsLog	AgentLogFile=Security	PluginVersion=1.0.14	Source=Security	Computer=USCHNAHUB02	User=SYSTEM	Domain=NT AUTHORITY	EventID=644	EventIDCcorpoe=644	EventType=8	EventCategory=7	RecordNumber=3023058180	TimeGenerated=1389580989	TimeWritten=1389580989	Message=User Account Locked Out:   Target Account Name: 649314MAN   Target Account ID: NA\649314MAN   Caller Machine Name: USCHFINC01S01   Caller User Name: USCHNAHUB02$   Caller Domain: NA   Caller Logon ID: (0x0,0x3E7)   
<13>Jan 12 21:20:32 USCHNAHUB02 AgentDevice=WindowsLog	AgentLogFile=Security	PluginVersion=1.0.14	Source=Security	Computer=USCHNAHUB02	User=SYSTEM	Domain=NT AUTHORITY	EventID=644	EventIDCcorpoe=644	EventType=8	EventCategory=7	RecordNumber=3022793913	TimeGenerated=1389579629	TimeWritten=1389579629	Message=User Account Locked Out:   Target Account Name: 594632MGR   Target Account ID: NA\594632MGR   Caller Machine Name: S4SNC-DW   Caller User Name: USCHNAHUB02$   Caller Domain: NA   Caller Logon ID: (0x0,0x3E7)   
<13>Jan 12 21:16:44 USCHNAHUB02 AgentDevice=WindowsLog	AgentLogFile=Security	PluginVersion=1.0.14	Source=Security	Computer=USCHNAHUB02	User=SYSTEM	Domain=NT AUTHORITY	EventID=644	EventIDCcorpoe=644	EventType=8	EventCategory=7	RecordNumber=3022789369	TimeGenerated=1389579400	TimeWritten=1389579400	Message=User Account Locked Out:   Target Account Name: Adrian-Macean   Target Account ID: NA\Adrian-Macean   Caller Machine Name: CHSECGPRS06   Caller User Name: USCHNAHUB02$   Caller Domain: NA   Caller Logon ID: (0x0,0x3E7)   
<13>Jan 12 20:47:23 USCHNAHUB02 AgentDevice=WindowsLog	AgentLogFile=Security	PluginVersion=1.0.14	Source=Security	Computer=USCHNAHUB02	User=Cheryl-Xie	Domain=NA	EventID=642	EventIDCcorpoe=642	EventType=8	EventCategory=7	RecordNumber=3022748241	TimeGenerated=1389577640	TimeWritten=1389577640	Message=User Account Changed:   Target Account Name: Cheryl-Xie   Target Domain: NA   Target Account ID: NA\Cheryl-Xie   Caller User Name: Cheryl-Xie   Caller Domain: NA   Caller Logon ID: (0x0,0x5D76F60C)   Privileges: -  Changed Attributes:   Sam Account Name: -   Display Name: -   User Principal Name: -   Home Directory: -   Home Drive: -   Script Path: -   Profile Path: -   User Workstations: -   Password Last Set: 1/12/2014 8:47:20 PM   Account Expires: -   Primary Group ID: -   AllowedTcorpoelegateTo: -   Old UAC Value: -   New UAC Value: -   User Account Control: -   User Parameters: -   Sid History: -   Logon Hours: -   
<13>Jan 12 20:20:10 USCHNAHUB02 AgentDevice=WindowsLog	AgentLogFile=Security	PluginVersion=1.0.14	Source=Security	Computer=USCHNAHUB02	User=ANONYMOUS LOGON	Domain=NT AUTHORITY	EventID=642	EventIDCcorpoe=642	EventType=8	EventCategory=7	RecordNumber=3022711686	TimeGenerated=1389576008	TimeWritten=1389576008	Message=User Account Changed:   Target Account Name: Donna-Scott   Target Domain: NA   Target Account ID: NA\Donna-Scott   Caller User Name: USCHNAHUB02$   Caller Domain: NA   Caller Logon ID: (0x0,0x3E7)   Privileges: -  Changed Attributes:   Sam Account Name: -   Display Name: -   User Principal Name: -   Home Directory: -   Home Drive: -   Script Path: -   Profile Path: -   User Workstations: -   Password Last Set: 1/12/2014 8:20:08 PM   Account Expires: -   Primary Group ID: -   AllowedTcorpoelegateTo: -   Old UAC Value: -   New UAC Value: -   User Account Control: -   User Parameters: -   Sid History: -   Logon Hours: -   
<13>Jan 12 19:50:48 USCHNAHUB02 AgentDevice=WindowsLog	AgentLogFile=Security	PluginVersion=1.0.14	Source=Security	Computer=USCHNAHUB02	User=ANONYMOUS LOGON	Domain=NT AUTHORITY	EventID=642	EventIDCcorpoe=642	EventType=8	EventCategory=7	RecordNumber=3022673739	TimeGenerated=1389574245	TimeWritten=1389574245	Message=User Account Changed:   Target Account Name: Shiva-Prasad   Target Domain: NA   Target Account ID: NA\Shiva-Prasad   Caller User Name: USCHNAHUB02$   Caller Domain: NA   Caller Logon ID: (0x0,0x3E7)   Privileges: -  Changed Attributes:   Sam Account Name: -   Display Name: -   User Principal Name: -   Home Directory: -   Home Drive: -   Script Path: -   Profile Path: -   User Workstations: -   Password Last Set: 1/12/2014 7:50:45 PM   Account Expires: -   Primary Group ID: -   AllowedTcorpoelegateTo: -   Old UAC Value: -   New UAC Value: -   User Account Control: -   User Parameters: -   Sid History: -   Logon Hours: -   
<13>Jan 12 19:48:10 USCHNAHUB02 AgentDevice=WindowsLog	AgentLogFile=Security	PluginVersion=1.0.14	Source=Security	Computer=USCHNAHUB02	User=SYSTEM	Domain=NT AUTHORITY	EventID=644	EventIDCcorpoe=644	EventType=8	EventCategory=7	RecordNumber=3022669944	TimeGenerated=1389574086	TimeWritten=1389574086	Message=User Account Locked Out:   Target Account Name: 649314MAN   Target Account ID: NA\649314MAN   Caller Machine Name: USCHFINC01S01   Caller User Name: USCHNAHUB02$   Caller Domain: NA   Caller Logon ID: (0x0,0x3E7)   
<13>Jan 12 19:34:30 USCHNAHUB02 AgentDevice=WindowsLog	AgentLogFile=Security	PluginVersion=1.0.14	Source=Security	Computer=USCHNAHUB02	User=SYSTEM	Domain=NT AUTHORITY	EventID=644	EventIDCcorpoe=644	EventType=8	EventCategory=7	RecordNumber=3022652819	TimeGenerated=1389573267	TimeWritten=1389573267	Message=User Account Locked Out:   Target Account Name: 594632MGR   Target Account ID: NA\594632MGR   Caller Machine Name: S4SNC-DW   Caller User Name: USCHNAHUB02$   Caller Domain: NA   Caller Logon ID: (0x0,0x3E7)   
<13>Jan 12 19:02:06 USCHNAHUB02 AgentDevice=WindowsLog	AgentLogFile=Security	PluginVersion=1.0.14	Source=Security	Computer=USCHNAHUB02	User=SYSTEM	Domain=NT AUTHORITY	EventID=644	EventIDCcorpoe=644	EventType=8	EventCategory=7	RecordNumber=3022613826	TimeGenerated=1389571322	TimeWritten=1389571322	Message=User Account Locked Out:   Target Account Name: Adrian-Macean   Target Account ID: NA\Adrian-Macean   Caller Machine Name: CHSECGPRS06   Caller User Name: USCHNAHUB02$   Caller Domain: NA   Caller Logon ID: (0x0,0x3E7)   
<13>Jan 12 18:35:03 USCHNAHUB02 AgentDevice=WindowsLog	AgentLogFile=Security	PluginVersion=1.0.14	Source=Security	Computer=USCHNAHUB02	User=ANONYMOUS LOGON	Domain=NT AUTHORITY	EventID=642	EventIDCcorpoe=642	EventType=8	EventCategory=7	RecordNumber=3022579096	TimeGenerated=1389569699	TimeWritten=1389569699	Message=User Account Changed:   Target Account Name: Fran-Dinnauer   Target Domain: NA   Target Account ID: NA\Fran-Dinnauer   Caller User Name: USCHNAHUB02$   Caller Domain: NA   Caller Logon ID: (0x0,0x3E7)   Privileges: -  Changed Attributes:   Sam Account Name: -   Display Name: -   User Principal Name: -   Home Directory: -   Home Drive: -   Script Path: -   Profile Path: -   User Workstations: -   Password Last Set: 1/12/2014 6:34:59 PM   Account Expires: -   Primary Group ID: -   AllowedTcorpoelegateTo: -   Old UAC Value: -   New UAC Value: -   User Account Control: -   User Parameters: -   Sid History: -   Logon Hours: -   
<13>Jan 12 18:13:07 USCHNAHUB02 AgentDevice=WindowsLog	AgentLogFile=Security	PluginVersion=1.0.14	Source=Security	Computer=USCHNAHUB02	User=SYSTEM	Domain=NT AUTHORITY	EventID=644	EventIDCcorpoe=644	EventType=8	EventCategory=7	RecordNumber=3022550304	TimeGenerated=1389568384	TimeWritten=1389568384	Message=User Account Locked Out:   Target Account Name: 649314MAN   Target Account ID: NA\649314MAN   Caller Machine Name: USCHFINC01S01   Caller User Name: USCHNAHUB02$   Caller Domain: NA   Caller Logon ID: (0x0,0x3E7)   
<13>Jan 12 18:06:10 USCHNAHUB02 AgentDevice=WindowsLog	AgentLogFile=Security	PluginVersion=1.0.14	Source=Security	Computer=USCHNAHUB02	User=ANONYMOUS LOGON	Domain=NT AUTHORITY	EventID=642	EventIDCcorpoe=642	EventType=8	EventCategory=7	RecordNumber=3022541820	TimeGenerated=1389567967	TimeWritten=1389567967	Message=User Account Changed:   Target Account Name: Maya-Carroll   Target Domain: NA   Target Account ID: NA\Maya-Carroll   Caller User Name: USCHNAHUB02$   Caller Domain: NA   Caller Logon ID: (0x0,0x3E7)   Privileges: -  Changed Attributes:   Sam Account Name: -   Display Name: -   User Principal Name: -   Home Directory: -   Home Drive: -   Script Path: -   Profile Path: -   User Workstations: -   Password Last Set: 1/12/2014 6:06:07 PM   Account Expires: -   Primary Group ID: -   AllowedTcorpoelegateTo: -   Old UAC Value: -   New UAC Value: -   User Account Control: -   User Parameters: -   Sid History: -   Logon Hours: -   
<13>Jan 12 18:03:26 USCHNAHUB02 AgentDevice=WindowsLog	AgentLogFile=Security	PluginVersion=1.0.14	Source=Security	Computer=USCHNAHUB02	User=ANONYMOUS LOGON	Domain=NT AUTHORITY	EventID=642	EventIDCcorpoe=642	EventType=8	EventCategory=7	RecordNumber=3022538604	TimeGenerated=1389567803	TimeWritten=1389567803	Message=User Account Changed:   Target Account Name: Richard-Gunawarden   Target Domain: NA   Target Account ID: NA\Richard-Gunawarden   Caller User Name: USCHNAHUB02$   Caller Domain: NA   Caller Logon ID: (0x0,0x3E7)   Privileges: -  Changed Attributes:   Sam Account Name: -   Display Name: -   User Principal Name: -   Home Directory: -   Home Drive: -   Script Path: -   Profile Path: -   User Workstations: -   Password Last Set: <never>    Account Expires: -   Primary Group ID: -   AllowedTcorpoelegateTo: -   Old UAC Value: -   New UAC Value: -   User Account Control: -   User Parameters: -   Sid History: -   Logon Hours: -   
<13>Jan 12 17:38:27 USCHNAHUB02 AgentDevice=WindowsLog	AgentLogFile=Security	PluginVersion=1.0.14	Source=Security	Computer=USCHNAHUB02	User=SYSTEM	Domain=NT AUTHORITY	EventID=644	EventIDCcorpoe=644	EventType=8	EventCategory=7	RecordNumber=3022506977	TimeGenerated=1389566304	TimeWritten=1389566304	Message=User Account Locked Out:   Target Account Name: 594632MGR   Target Account ID: NA\594632MGR   Caller Machine Name: S4SNC-DW   Caller User Name: USCHNAHUB02$   Caller Domain: NA   Caller Logon ID: (0x0,0x3E7)   
<13>Jan 12 17:16:40 USCHNAHUB02 AgentDevice=WindowsLog	AgentLogFile=Security	PluginVersion=1.0.14	Source=Security	Computer=USCHNAHUB02	User=SYSTEM	Domain=NT AUTHORITY	EventID=644	EventIDCcorpoe=644	EventType=8	EventCategory=7	RecordNumber=3022477135	TimeGenerated=1389564997	TimeWritten=1389564997	Message=User Account Locked Out:   Target Account Name: Adrian-Macean   Target Account ID: NA\Adrian-Macean   Caller Machine Name: CHSECGPRS02   Caller User Name: USCHNAHUB02$   Caller Domain: NA   Caller Logon ID: (0x0,0x3E7)   
<13>Jan 12 16:25:03 USCHNAHUB02 AgentDevice=WindowsLog	AgentLogFile=Security	PluginVersion=1.0.14	Source=Security	Computer=USCHNAHUB02	User=SYSTEM	Domain=NT AUTHORITY	EventID=644	EventIDCcorpoe=644	EventType=8	EventCategory=7	RecordNumber=3022407442	TimeGenerated=1389561901	TimeWritten=1389561901	Message=User Account Locked Out:   Target Account Name: 649314MAN   Target Account ID: NA\649314MAN   Caller Machine Name: USCHFINC01S01   Caller User Name: USCHNAHUB02$   Caller Domain: NA   Caller Logon ID: (0x0,0x3E7)   
<13>Jan 12 16:23:52 USCHNAHUB02 AgentDevice=WindowsLog	AgentLogFile=Security	PluginVersion=1.0.14	Source=Security	Computer=USCHNAHUB02	User=SYSTEM	Domain=NT AUTHORITY	EventID=644	EventIDCcorpoe=644	EventType=8	EventCategory=7	RecordNumber=3022405943	TimeGenerated=1389561830	TimeWritten=1389561830	Message=User Account Locked Out:   Target Account Name: JCBmgr   Target Account ID: NA\JCBmgr   Caller Machine Name: \\10.63.125.95   Caller User Name: USCHNAHUB02$   Caller Domain: NA   Caller Logon ID: (0x0,0x3E7)   
<13>Jan 12 16:03:25 USCHNAHUB02 AgentDevice=WindowsLog	AgentLogFile=Security	PluginVersion=1.0.14	Source=Security	Computer=USCHNAHUB02	User=SYSTEM	Domain=NT AUTHORITY	EventID=644	EventIDCcorpoe=644	EventType=8	EventCategory=7	RecordNumber=3022380302	TimeGenerated=1389560601	TimeWritten=1389560601	Message=User Account Locked Out:   Target Account Name: 594632MGR   Target Account ID: NA\594632MGR   Caller Machine Name: S4SNC-DW   Caller User Name: USCHNAHUB02$   Caller Domain: NA   Caller Logon ID: (0x0,0x3E7)   
<13>Jan 12 15:53:12 USCHNAHUB02 AgentDevice=WindowsLog	AgentLogFile=Security	PluginVersion=1.0.14	Source=Security	Computer=USCHNAHUB02	User=SYSTEM	Domain=NT AUTHORITY	EventID=644	EventIDCcorpoe=644	EventType=8	EventCategory=7	RecordNumber=3022365687	TimeGenerated=1389559989	TimeWritten=1389559989	Message=User Account Locked Out:   Target Account Name: JCBmgr   Target Account ID: NA\JCBmgr   Caller Machine Name: \\10.63.125.95   Caller User Name: USCHNAHUB02$   Caller Domain: NA   Caller Logon ID: (0x0,0x3E7)   
<13>Jan 12 15:22:29 USCHNAHUB02 AgentDevice=WindowsLog	AgentLogFile=Security	PluginVersion=1.0.14	Source=Security	Computer=USCHNAHUB02	User=SYSTEM	Domain=NT AUTHORITY	EventID=644	EventIDCcorpoe=644	EventType=8	EventCategory=7	RecordNumber=3022326196	TimeGenerated=1389558147	TimeWritten=1389558147	Message=User Account Locked Out:   Target Account Name: JCBmgr   Target Account ID: NA\JCBmgr   Caller Machine Name: \\10.63.125.95   Caller User Name: USCHNAHUB02$   Caller Domain: NA   Caller Logon ID: (0x0,0x3E7)   
<13>Jan 12 15:02:06 USCHNAHUB02 AgentDevice=WindowsLog	AgentLogFile=Security	PluginVersion=1.0.14	Source=Security	Computer=USCHNAHUB02	User=SYSTEM	Domain=NT AUTHORITY	EventID=644	EventIDCcorpoe=644	EventType=8	EventCategory=7	RecordNumber=3022298560	TimeGenerated=1389556922	TimeWritten=1389556922	Message=User Account Locked Out:   Target Account Name: Adrian-Macean   Target Account ID: NA\Adrian-Macean   Caller Machine Name: CHSECGPRS06   Caller User Name: USCHNAHUB02$   Caller Domain: NA   Caller Logon ID: (0x0,0x3E7)   
<13>Jan 12 14:52:02 USCHNAHUB02 AgentDevice=WindowsLog	AgentLogFile=Security	PluginVersion=1.0.14	Source=Security	Computer=USCHNAHUB02	User=SYSTEM	Domain=NT AUTHORITY	EventID=644	EventIDCcorpoe=644	EventType=8	EventCategory=7	RecordNumber=3022285412	TimeGenerated=1389556319	TimeWritten=1389556319	Message=User Account Locked Out:   Target Account Name: 649314MAN   Target Account ID: NA\649314MAN   Caller Machine Name: USCHFINC01S01   Caller User Name: USCHNAHUB02$   Caller Domain: NA   Caller Logon ID: (0x0,0x3E7)   
<13>Jan 12 14:51:44 USCHNAHUB02 AgentDevice=WindowsLog	AgentLogFile=Security	PluginVersion=1.0.14	Source=Security	Computer=USCHNAHUB02	User=SYSTEM	Domain=NT AUTHORITY	EventID=644	EventIDCcorpoe=644	EventType=8	EventCategory=7	RecordNumber=3022285069	TimeGenerated=1389556300	TimeWritten=1389556300	Message=User Account Locked Out:   Target Account Name: JCBmgr   Target Account ID: NA\JCBmgr   Caller Machine Name: \\10.63.125.95   Caller User Name: USCHNAHUB02$   Caller Domain: NA   Caller Logon ID: (0x0,0x3E7)   
<13>Jan 12 14:34:21 USCHNAHUB02 AgentDevice=WindowsLog	AgentLogFile=Security	PluginVersion=1.0.14	Source=Security	Computer=USCHNAHUB02	User=ANONYMOUS LOGON	Domain=NT AUTHORITY	EventID=642	EventIDCcorpoe=642	EventType=8	EventCategory=7	RecordNumber=3022262401	TimeGenerated=1389555257	TimeWritten=1389555257	Message=User Account Changed:   Target Account Name: Paul-Loughrey   Target Domain: NA   Target Account ID: NA\Paul-Loughrey   Caller User Name: USCHNAHUB02$   Caller Domain: NA   Caller Logon ID: (0x0,0x3E7)   Privileges: -  Changed Attributes:   Sam Account Name: -   Display Name: -   User Principal Name: -   Home Directory: -   Home Drive: -   Script Path: -   Profile Path: -   User Workstations: -   Password Last Set: 1/12/2014 2:34:17 PM   Account Expires: -   Primary Group ID: -   AllowedTcorpoelegateTo: -   Old UAC Value: -   New UAC Value: -   User Account Control: -   User Parameters: -   Sid History: -   Logon Hours: -   
<13>Jan 12 14:20:43 USCHNAHUB02 AgentDevice=WindowsLog	AgentLogFile=Security	PluginVersion=1.0.14	Source=Security	Computer=USCHNAHUB02	User=SYSTEM	Domain=NT AUTHORITY	EventID=644	EventIDCcorpoe=644	EventType=8	EventCategory=7	RecordNumber=3022243767	TimeGenerated=1389554441	TimeWritten=1389554441	Message=User Account Locked Out:   Target Account Name: JCBmgr   Target Account ID: NA\JCBmgr   Caller Machine Name: \\10.63.125.95   Caller User Name: USCHNAHUB02$   Caller Domain: NA   Caller Logon ID: (0x0,0x3E7)   
<13>Jan 12 14:09:02 USCHNAHUB02 AgentDevice=WindowsLog	AgentLogFile=Security	PluginVersion=1.0.14	Source=Security	Computer=USCHNAHUB02	User=SYSTEM	Domain=NT AUTHORITY	EventID=644	EventIDCcorpoe=644	EventType=8	EventCategory=7	RecordNumber=3022222009	TimeGenerated=1389553518	TimeWritten=1389553518	Message=User Account Locked Out:   Target Account Name: 594632MGR   Target Account ID: NA\594632MGR   Caller Machine Name: S4SNC-DW   Caller User Name: USCHNAHUB02$   Caller Domain: NA   Caller Logon ID: (0x0,0x3E7)   
<13>Jan 12 14:02:15 USCHNAHUB02 AgentDevice=WindowsLog	AgentLogFile=Security	PluginVersion=1.0.14	Source=Security	Computer=USCHNAHUB02	User=SYSTEM	Domain=NT AUTHORITY	EventID=644	EventIDCcorpoe=644	EventType=8	EventCategory=7	RecordNumber=3022202304	TimeGenerated=1389552583	TimeWritten=1389552583	Message=User Account Locked Out:   Target Account Name: JCBmgr   Target Account ID: NA\JCBmgr   Caller Machine Name: \\10.63.125.95   Caller User Name: USCHNAHUB02$   Caller Domain: NA   Caller Logon ID: (0x0,0x3E7)   
<13>Jan 12 13:58:03 USCHNAHUB02 AgentDevice=WindowsLog	AgentLogFile=Security	PluginVersion=1.0.14	Source=Security	Computer=USCHNAHUB02	User=ANONYMOUS LOGON	Domain=NT AUTHORITY	EventID=642	EventIDCcorpoe=642	EventType=8	EventCategory=7	RecordNumber=3022190158	TimeGenerated=1389551922	TimeWritten=1389551922	Message=User Account Changed:   Target Account Name: Michael-Dempsey   Target Domain: NA   Target Account ID: NA\Michael-Dempsey   Caller User Name: USCHNAHUB02$   Caller Domain: NA   Caller Logon ID: (0x0,0x3E7)   Privileges: -  Changed Attributes:   Sam Account Name: -   Display Name: -   User Principal Name: -   Home Directory: -   Home Drive: -   Script Path: -   Profile Path: -   User Workstations: -   Password Last Set: 1/12/2014 1:38:42 PM   Account Expires: -   Primary Group ID: -   AllowedTcorpoelegateTo: -   Old UAC Value: -   New UAC Value: -   User Account Control: -   User Parameters: -   Sid History: -   Logon Hours: -   
<13>Jan 12 13:18:59 USCHNAHUB02 AgentDevice=WindowsLog	AgentLogFile=Security	PluginVersion=1.0.14	Source=Security	Computer=USCHNAHUB02	User=SYSTEM	Domain=NT AUTHORITY	EventID=644	EventIDCcorpoe=644	EventType=8	EventCategory=7	RecordNumber=3022114822	TimeGenerated=1389550736	TimeWritten=1389550736	Message=User Account Locked Out:   Target Account Name: JCBmgr   Target Account ID: NA\JCBmgr   Caller Machine Name: \\10.63.125.95   Caller User Name: USCHNAHUB02$   Caller Domain: NA   Caller Logon ID: (0x0,0x3E7)   
<13>Jan 12 13:16:43 USCHNAHUB02 AgentDevice=WindowsLog	AgentLogFile=Security	PluginVersion=1.0.14	Source=Security	Computer=USCHNAHUB02	User=SYSTEM	Domain=NT AUTHORITY	EventID=644	EventIDCcorpoe=644	EventType=8	EventCategory=7	RecordNumber=3022112205	TimeGenerated=1389550600	TimeWritten=1389550600	Message=User Account Locked Out:   Target Account Name: Adrian-Macean   Target Account ID: NA\Adrian-Macean   Caller Machine Name: CHSECGPRS02   Caller User Name: USCHNAHUB02$   Caller Domain: NA   Caller Logon ID: (0x0,0x3E7)   
<13>Jan 12 13:06:59 USCHNAHUB02 AgentDevice=WindowsLog	AgentLogFile=Security	PluginVersion=1.0.14	Source=Security	Computer=USCHNAHUB02	User=SYSTEM	Domain=NT AUTHORITY	EventID=644	EventIDCcorpoe=644	EventType=8	EventCategory=7	RecordNumber=3022099015	TimeGenerated=1389550016	TimeWritten=1389550016	Message=User Account Locked Out:   Target Account Name: 649314MAN   Target Account ID: NA\649314MAN   Caller Machine Name: USCHFINC01S01   Caller User Name: USCHNAHUB02$   Caller Domain: NA   Caller Logon ID: (0x0,0x3E7)   
<13>Jan 12 12:48:19 USCHNAHUB02 AgentDevice=WindowsLog	AgentLogFile=Security	PluginVersion=1.0.14	Source=Security	Computer=USCHNAHUB02	User=SYSTEM	Domain=NT AUTHORITY	EventID=644	EventIDCcorpoe=644	EventType=8	EventCategory=7	RecordNumber=3022075537	TimeGenerated=1389548895	TimeWritten=1389548895	Message=User Account Locked Out:   Target Account Name: JCBmgr   Target Account ID: NA\JCBmgr   Caller Machine Name: \\10.63.125.95   Caller User Name: USCHNAHUB02$   Caller Domain: NA   Caller Logon ID: (0x0,0x3E7)   
<13>Jan 12 12:33:35 USCHNAHUB02 AgentDevice=WindowsLog	AgentLogFile=Security	PluginVersion=1.0.14	Source=Security	Computer=USCHNAHUB02	User=ANONYMOUS LOGON	Domain=NT AUTHORITY	EventID=642	EventIDCcorpoe=642	EventType=8	EventCategory=7	RecordNumber=3022057269	TimeGenerated=1389548011	TimeWritten=1389548011	Message=User Account Changed:   Target Account Name: Joseph-Colon   Target Domain: NA   Target Account ID: NA\Joseph-Colon   Caller User Name: USCHNAHUB02$   Caller Domain: NA   Caller Logon ID: (0x0,0x3E7)   Privileges: -  Changed Attributes:   Sam Account Name: -   Display Name: -   User Principal Name: -   Home Directory: -   Home Drive: -   Script Path: -   Profile Path: -   User Workstations: -   Password Last Set: 1/12/2014 12:33:31 PM   Account Expires: -   Primary Group ID: -   AllowedTcorpoelegateTo: -   Old UAC Value: -   New UAC Value: -   User Account Control: -   User Parameters: -   Sid History: -   Logon Hours: -   
<13>Jan 12 12:33:19 USCHNAHUB02 AgentDevice=WindowsLog	AgentLogFile=Security	PluginVersion=1.0.14	Source=Security	Computer=USCHNAHUB02	User=SYSTEM	Domain=NT AUTHORITY	EventID=644	EventIDCcorpoe=644	EventType=8	EventCategory=7	RecordNumber=3022057005	TimeGenerated=1389547995	TimeWritten=1389547995	Message=User Account Locked Out:   Target Account Name: 594632MGR   Target Account ID: NA\594632MGR   Caller Machine Name: S4SNC-DW   Caller User Name: USCHNAHUB02$   Caller Domain: NA   Caller Logon ID: (0x0,0x3E7)   
<13>Jan 12 12:17:35 USCHNAHUB02 AgentDevice=WindowsLog	AgentLogFile=Security	PluginVersion=1.0.14	Source=Security	Computer=USCHNAHUB02	User=SYSTEM	Domain=NT AUTHORITY	EventID=644	EventIDCcorpoe=644	EventType=8	EventCategory=7	RecordNumber=3022037081	TimeGenerated=1389547052	TimeWritten=1389547052	Message=User Account Locked Out:   Target Account Name: JCBmgr   Target Account ID: NA\JCBmgr   Caller Machine Name: \\10.63.125.95   Caller User Name: USCHNAHUB02$   Caller Domain: NA   Caller Logon ID: (0x0,0x3E7)   
<13>Jan 12 12:08:36 USCHNAHUB02 AgentDevice=WindowsLog	AgentLogFile=Security	PluginVersion=1.0.14	Source=Security	Computer=USCHNAHUB02	User=ANONYMOUS LOGON	Domain=NT AUTHORITY	EventID=642	EventIDCcorpoe=642	EventType=8	EventCategory=7	RecordNumber=3022025256	TimeGenerated=1389546512	TimeWritten=1389546512	Message=User Account Changed:   Target Account Name: Keith-Hughes   Target Domain: NA   Target Account ID: NA\Keith-Hughes   Caller User Name: USCHNAHUB02$   Caller Domain: NA   Caller Logon ID: (0x0,0x3E7)   Privileges: -  Changed Attributes:   Sam Account Name: -   Display Name: -   User Principal Name: -   Home Directory: -   Home Drive: -   Script Path: -   Profile Path: -   User Workstations: -   Password Last Set: 1/12/2014 12:08:32 PM   Account Expires: -   Primary Group ID: -   AllowedTcorpoelegateTo: -   Old UAC Value: -   New UAC Value: -   User Account Control: -   User Parameters: -   Sid History: -   Logon Hours: -   
<13>Jan 12 12:04:49 USCHNAHUB02 AgentDevice=WindowsLog	AgentLogFile=Security	PluginVersion=1.0.14	Source=Security	Computer=USCHNAHUB02	User=ANONYMOUS LOGON	Domain=NT AUTHORITY	EventID=642	EventIDCcorpoe=642	EventType=8	EventCategory=7	RecordNumber=3022020332	TimeGenerated=1389546285	TimeWritten=1389546285	Message=User Account Changed:   Target Account Name: Keith-Hughes   Target Domain: NA   Target Account ID: NA\Keith-Hughes   Caller User Name: USCHNAHUB02$   Caller Domain: NA   Caller Logon ID: (0x0,0x3E7)   Privileges: -  Changed Attributes:   Sam Account Name: -   Display Name: -   User Principal Name: -   Home Directory: -   Home Drive: -   Script Path: -   Profile Path: -   User Workstations: -   Password Last Set: <never>    Account Expires: -   Primary Group ID: -   AllowedTcorpoelegateTo: -   Old UAC Value: -   New UAC Value: -   User Account Control: -   User Parameters: -   Sid History: -   Logon Hours: -   
<13>Jan 12 11:46:47 USCHNAHUB02 AgentDevice=WindowsLog	AgentLogFile=Security	PluginVersion=1.0.14	Source=Security	Computer=USCHNAHUB02	User=SYSTEM	Domain=NT AUTHORITY	EventID=644	EventIDCcorpoe=644	EventType=8	EventCategory=7	RecordNumber=3021997237	TimeGenerated=1389545204	TimeWritten=1389545204	Message=User Account Locked Out:   Target Account Name: JCBmgr   Target Account ID: NA\JCBmgr   Caller Machine Name: \\10.63.125.95   Caller User Name: USCHNAHUB02$   Caller Domain: NA   Caller Logon ID: (0x0,0x3E7)   
<13>Jan 12 11:36:57 USCHNAHUB02 AgentDevice=WindowsLog	AgentLogFile=Security	PluginVersion=1.0.14	Source=Security	Computer=USCHNAHUB02	User=SYSTEM	Domain=NT AUTHORITY	EventID=644	EventIDCcorpoe=644	EventType=8	EventCategory=7	RecordNumber=3021985026	TimeGenerated=1389544614	TimeWritten=1389544614	Message=User Account Locked Out:   Target Account Name: 649314MAN   Target Account ID: NA\649314MAN   Caller Machine Name: USCHFINC01S01   Caller User Name: USCHNAHUB02$   Caller Domain: NA   Caller Logon ID: (0x0,0x3E7)   
<13>Jan 12 11:32:11 USCHNAHUB02 AgentDevice=WindowsLog	AgentLogFile=Security	PluginVersion=1.0.14	Source=Security	Computer=USCHNAHUB02	User=SYSTEM	Domain=NT AUTHORITY	EventID=644	EventIDCcorpoe=644	EventType=8	EventCategory=7	RecordNumber=3021978778	TimeGenerated=1389544328	TimeWritten=1389544328	Message=User Account Locked Out:   Target Account Name: Adrian-Macean   Target Account ID: NA\Adrian-Macean   Caller Machine Name: CHSECGPRS01   Caller User Name: USCHNAHUB02$   Caller Domain: NA   Caller Logon ID: (0x0,0x3E7)   
<13>Jan 12 11:16:05 USCHNAHUB02 AgentDevice=WindowsLog	AgentLogFile=Security	PluginVersion=1.0.14	Source=Security	Computer=USCHNAHUB02	User=SYSTEM	Domain=NT AUTHORITY	EventID=644	EventIDCcorpoe=644	EventType=8	EventCategory=7	RecordNumber=3021955900	TimeGenerated=1389543362	TimeWritten=1389543362	Message=User Account Locked Out:   Target Account Name: JCBmgr   Target Account ID: NA\JCBmgr   Caller Machine Name: \\10.63.125.95   Caller User Name: USCHNAHUB02$   Caller Domain: NA   Caller Logon ID: (0x0,0x3E7)   
<13>Jan 12 11:01:57 USCHNAHUB02 AgentDevice=WindowsLog	AgentLogFile=Security	PluginVersion=1.0.14	Source=Security	Computer=USCHNAHUB02	User=SYSTEM	Domain=NT AUTHORITY	EventID=644	EventIDCcorpoe=644	EventType=8	EventCategory=7	RecordNumber=3021937542	TimeGenerated=1389542514	TimeWritten=1389542514	Message=User Account Locked Out:   Target Account Name: Adrian-Macean   Target Account ID: NA\Adrian-Macean   Caller Machine Name: CHSECGPRS02   Caller User Name: USCHNAHUB02$   Caller Domain: NA   Caller Logon ID: (0x0,0x3E7)   
<13>Jan 12 10:45:25 USCHNAHUB02 AgentDevice=WindowsLog	AgentLogFile=Security	PluginVersion=1.0.14	Source=Security	Computer=USCHNAHUB02	User=SYSTEM	Domain=NT AUTHORITY	EventID=644	EventIDCcorpoe=644	EventType=8	EventCategory=7	RecordNumber=3021916544	TimeGenerated=1389541521	TimeWritten=1389541521	Message=User Account Locked Out:   Target Account Name: JCBmgr   Target Account ID: NA\JCBmgr   Caller Machine Name: \\10.63.125.95   Caller User Name: USCHNAHUB02$   Caller Domain: NA   Caller Logon ID: (0x0,0x3E7)   
<13>Jan 12 10:38:16 USCHNAHUB02 AgentDevice=WindowsLog	AgentLogFile=Security	PluginVersion=1.0.14	Source=Security	Computer=USCHNAHUB02	User=SYSTEM	Domain=NT AUTHORITY	EventID=644	EventIDCcorpoe=644	EventType=8	EventCategory=7	RecordNumber=3021907883	TimeGenerated=1389541093	TimeWritten=1389541093	Message=User Account Locked Out:   Target Account Name: 594632MGR   Target Account ID: NA\594632MGR   Caller Machine Name: S4SNC-DW   Caller User Name: USCHNAHUB02$   Caller Domain: NA   Caller Logon ID: (0x0,0x3E7)   
<13>Jan 12 10:14:41 USCHNAHUB02 AgentDevice=WindowsLog	AgentLogFile=Security	PluginVersion=1.0.14	Source=Security	Computer=USCHNAHUB02	User=SYSTEM	Domain=NT AUTHORITY	EventID=644	EventIDCcorpoe=644	EventType=8	EventCategory=7	RecordNumber=3021877353	TimeGenerated=1389539677	TimeWritten=1389539677	Message=User Account Locked Out:   Target Account Name: JCBmgr   Target Account ID: NA\JCBmgr   Caller Machine Name: \\10.63.125.95   Caller User Name: USCHNAHUB02$   Caller Domain: NA   Caller Logon ID: (0x0,0x3E7)   
<13>Jan 12 09:43:53 USCHNAHUB02 AgentDevice=WindowsLog	AgentLogFile=Security	PluginVersion=1.0.14	Source=Security	Computer=USCHNAHUB02	User=SYSTEM	Domain=NT AUTHORITY	EventID=644	EventIDCcorpoe=644	EventType=8	EventCategory=7	RecordNumber=3021836923	TimeGenerated=1389537831	TimeWritten=1389537831	Message=User Account Locked Out:   Target Account Name: JCBmgr   Target Account ID: NA\JCBmgr   Caller Machine Name: \\10.63.125.95   Caller User Name: USCHNAHUB02$   Caller Domain: NA   Caller Logon ID: (0x0,0x3E7)   
<13>Jan 12 09:38:54 USCHNAHUB02 AgentDevice=WindowsLog	AgentLogFile=Security	PluginVersion=1.0.14	Source=Security	Computer=USCHNAHUB02	User=SYSTEM	Domain=NT AUTHORITY	EventID=644	EventIDCcorpoe=644	EventType=8	EventCategory=7	RecordNumber=3021831039	TimeGenerated=1389537531	TimeWritten=1389537531	Message=User Account Locked Out:   Target Account Name: 649314MAN   Target Account ID: NA\649314MAN   Caller Machine Name: USCHFINC01S01   Caller User Name: USCHNAHUB02$   Caller Domain: NA   Caller Logon ID: (0x0,0x3E7)   
<13>Jan 12 09:16:43 USCHNAHUB02 AgentDevice=WindowsLog	AgentLogFile=Security	PluginVersion=1.0.14	Source=Security	Computer=USCHNAHUB02	User=SYSTEM	Domain=NT AUTHORITY	EventID=644	EventIDCcorpoe=644	EventType=8	EventCategory=7	RecordNumber=3021802641	TimeGenerated=1389536201	TimeWritten=1389536201	Message=User Account Locked Out:   Target Account Name: Adrian-Macean   Target Account ID: NA\Adrian-Macean   Caller Machine Name: CHSECGPRS06   Caller User Name: USCHNAHUB02$   Caller Domain: NA   Caller Logon ID: (0x0,0x3E7)   
<13>Jan 12 09:13:09 USCHNAHUB02 AgentDevice=WindowsLog	AgentLogFile=Security	PluginVersion=1.0.14	Source=Security	Computer=USCHNAHUB02	User=SYSTEM	Domain=NT AUTHORITY	EventID=644	EventIDCcorpoe=644	EventType=8	EventCategory=7	RecordNumber=3021798607	TimeGenerated=1389535986	TimeWritten=1389535986	Message=User Account Locked Out:   Target Account Name: JCBmgr   Target Account ID: NA\JCBmgr   Caller Machine Name: \\10.63.125.95   Caller User Name: USCHNAHUB02$   Caller Domain: NA   Caller Logon ID: (0x0,0x3E7)   
<13>Jan 12 09:09:32 USCHNAHUB02 AgentDevice=WindowsLog	AgentLogFile=Security	PluginVersion=1.0.14	Source=Security	Computer=USCHNAHUB02	User=ANONYMOUS LOGON	Domain=NT AUTHORITY	EventID=642	EventIDCcorpoe=642	EventType=8	EventCategory=7	RecordNumber=3021793591	TimeGenerated=1389535769	TimeWritten=1389535769	Message=User Account Changed:   Target Account Name: Devon-Mentis   Target Domain: NA   Target Account ID: NA\Devon-Mentis   Caller User Name: USCHNAHUB02$   Caller Domain: NA   Caller Logon ID: (0x0,0x3E7)   Privileges: -  Changed Attributes:   Sam Account Name: -   Display Name: -   User Principal Name: -   Home Directory: -   Home Drive: -   Script Path: -   Profile Path: -   User Workstations: -   Password Last Set: 1/12/2014 9:09:29 AM   Account Expires: -   Primary Group ID: -   AllowedTcorpoelegateTo: -   Old UAC Value: -   New UAC Value: -   User Account Control: -   User Parameters: -   Sid History: -   Logon Hours: -   
<13>Jan 12 09:04:14 USCHNAHUB02 AgentDevice=WindowsLog	AgentLogFile=Security	PluginVersion=1.0.14	Source=Security	Computer=USCHNAHUB02	User=SYSTEM	Domain=NT AUTHORITY	EventID=644	EventIDCcorpoe=644	EventType=8	EventCategory=7	RecordNumber=3021787444	TimeGenerated=1389535450	TimeWritten=1389535450	Message=User Account Locked Out:   Target Account Name: 594632MGR   Target Account ID: NA\594632MGR   Caller Machine Name: S4SNC-DW   Caller User Name: USCHNAHUB02$   Caller Domain: NA   Caller Logon ID: (0x0,0x3E7)   
<13>Jan 12 08:41:48 USCHNAHUB02 AgentDevice=WindowsLog	AgentLogFile=Security	PluginVersion=1.0.14	Source=Security	Computer=USCHNAHUB02	User=SYSTEM	Domain=NT AUTHORITY	EventID=644	EventIDCcorpoe=644	EventType=8	EventCategory=7	RecordNumber=3021759916	TimeGenerated=1389534104	TimeWritten=1389534104	Message=User Account Locked Out:   Target Account Name: JCBmgr   Target Account ID: NA\JCBmgr   Caller Machine Name: \\10.63.125.95   Caller User Name: USCHNAHUB02$   Caller Domain: NA   Caller Logon ID: (0x0,0x3E7)   
<13>Jan 12 08:26:53 USCHNAHUB02 AgentDevice=WindowsLog	AgentLogFile=Security	PluginVersion=1.0.14	Source=Security	Computer=USCHNAHUB02	User=ANONYMOUS LOGON	Domain=NT AUTHORITY	EventID=642	EventIDCcorpoe=642	EventType=8	EventCategory=7	RecordNumber=3021741892	TimeGenerated=1389533209	TimeWritten=1389533209	Message=User Account Changed:   Target Account Name: Jefferson-Pepito   Target Domain: NA   Target Account ID: NA\Jefferson-Pepito   Caller User Name: USCHNAHUB02$   Caller Domain: NA   Caller Logon ID: (0x0,0x3E7)   Privileges: -  Changed Attributes:   Sam Account Name: -   Display Name: -   User Principal Name: -   Home Directory: -   Home Drive: -   Script Path: -   Profile Path: -   User Workstations: -   Password Last Set: 1/12/2014 8:26:49 AM   Account Expires: -   Primary Group ID: -   AllowedTcorpoelegateTo: -   Old UAC Value: -   New UAC Value: -   User Account Control: -   User Parameters: -   Sid History: -   Logon Hours: -   
<13>Jan 12 07:43:51 USCHNAHUB02 AgentDevice=WindowsLog	AgentLogFile=Security	PluginVersion=1.0.14	Source=Security	Computer=USCHNAHUB02	User=SYSTEM	Domain=NT AUTHORITY	EventID=644	EventIDCcorpoe=644	EventType=8	EventCategory=7	RecordNumber=3021683534	TimeGenerated=1389530628	TimeWritten=1389530628	Message=User Account Locked Out:   Target Account Name: 649314MAN   Target Account ID: NA\649314MAN   Caller Machine Name: USCHFINC01S01   Caller User Name: USCHNAHUB02$   Caller Domain: NA   Caller Logon ID: (0x0,0x3E7)   
<13>Jan 12 07:40:45 USCHNAHUB02 AgentDevice=WindowsLog	AgentLogFile=Security	PluginVersion=1.0.14	Source=Security	Computer=USCHNAHUB02	User=SYSTEM	Domain=NT AUTHORITY	EventID=644	EventIDCcorpoe=644	EventType=8	EventCategory=7	RecordNumber=3021680103	TimeGenerated=1389530441	TimeWritten=1389530441	Message=User Account Locked Out:   Target Account Name: JCBmgr   Target Account ID: NA\JCBmgr   Caller Machine Name: \\10.63.125.95   Caller User Name: USCHNAHUB02$   Caller Domain: NA   Caller Logon ID: (0x0,0x3E7)   
<13>Jan 12 07:33:32 USCHNAHUB02 AgentDevice=WindowsLog	AgentLogFile=Security	PluginVersion=1.0.14	Source=Security	Computer=USCHNAHUB02	User=SYSTEM	Domain=NT AUTHORITY	EventID=644	EventIDCcorpoe=644	EventType=8	EventCategory=7	RecordNumber=3021670191	TimeGenerated=1389530008	TimeWritten=1389530008	Message=User Account Locked Out:   Target Account Name: DB2Admin   Target Account ID: NA\DB2Admin   Caller Machine Name: USCHPSPDFRPT01   Caller User Name: USCHNAHUB02$   Caller Domain: NA   Caller Logon ID: (0x0,0x3E7)   
<13>Jan 12 07:21:10 USCHNAHUB02 AgentDevice=WindowsLog	AgentLogFile=Security	PluginVersion=1.0.14	Source=Security	Computer=USCHNAHUB02	User=SYSTEM	Domain=NT AUTHORITY	EventID=644	EventIDCcorpoe=644	EventType=8	EventCategory=7	RecordNumber=3021656114	TimeGenerated=1389529267	TimeWritten=1389529267	Message=User Account Locked Out:   Target Account Name: 594632MGR   Target Account ID: NA\594632MGR   Caller Machine Name: S4SNC-DW   Caller User Name: USCHNAHUB02$   Caller Domain: NA   Caller Logon ID: (0x0,0x3E7)   
<13>Jan 12 07:09:43 USCHNAHUB02 AgentDevice=WindowsLog	AgentLogFile=Security	PluginVersion=1.0.14	Source=Security	Computer=USCHNAHUB02	User=SYSTEM	Domain=NT AUTHORITY	EventID=644	EventIDCcorpoe=644	EventType=8	EventCategory=7	RecordNumber=3021643367	TimeGenerated=1389528581	TimeWritten=1389528581	Message=User Account Locked Out:   Target Account Name: JCBmgr   Target Account ID: NA\JCBmgr   Caller Machine Name: \\10.63.125.95   Caller User Name: USCHNAHUB02$   Caller Domain: NA   Caller Logon ID: (0x0,0x3E7)   
<13>Jan 12 07:02:06 USCHNAHUB02 AgentDevice=WindowsLog	AgentLogFile=Security	PluginVersion=1.0.14	Source=Security	Computer=USCHNAHUB02	User=SYSTEM	Domain=NT AUTHORITY	EventID=644	EventIDCcorpoe=644	EventType=8	EventCategory=7	RecordNumber=3021634856	TimeGenerated=1389528122	TimeWritten=1389528122	Message=User Account Locked Out:   Target Account Name: Adrian-Macean   Target Account ID: NA\Adrian-Macean   Caller Machine Name: CHSECGPRS02   Caller User Name: USCHNAHUB02$   Caller Domain: NA   Caller Logon ID: (0x0,0x3E7)   
<13>Jan 12 06:38:49 USCHNAHUB02 AgentDevice=WindowsLog	AgentLogFile=Security	PluginVersion=1.0.14	Source=Security	Computer=USCHNAHUB02	User=SYSTEM	Domain=NT AUTHORITY	EventID=644	EventIDCcorpoe=644	EventType=8	EventCategory=7	RecordNumber=3021608589	TimeGenerated=1389526725	TimeWritten=1389526725	Message=User Account Locked Out:   Target Account Name: JCBmgr   Target Account ID: NA\JCBmgr   Caller Machine Name: \\10.63.125.95   Caller User Name: USCHNAHUB02$   Caller Domain: NA   Caller Logon ID: (0x0,0x3E7)   
<13>Jan 12 06:12:49 USCHNAHUB02 AgentDevice=WindowsLog	AgentLogFile=Security	PluginVersion=1.0.14	Source=Security	Computer=USCHNAHUB02	User=SYSTEM	Domain=NT AUTHORITY	EventID=644	EventIDCcorpoe=644	EventType=8	EventCategory=7	RecordNumber=3021578756	TimeGenerated=1389525166	TimeWritten=1389525166	Message=User Account Locked Out:   Target Account Name: 649314MAN   Target Account ID: NA\649314MAN   Caller Machine Name: USCHFINC01S01   Caller User Name: USCHNAHUB02$   Caller Domain: NA   Caller Logon ID: (0x0,0x3E7)   
<13>Jan 12 06:08:08 USCHNAHUB02 AgentDevice=WindowsLog	AgentLogFile=Security	PluginVersion=1.0.14	Source=Security	Computer=USCHNAHUB02	User=SYSTEM	Domain=NT AUTHORITY	EventID=644	EventIDCcorpoe=644	EventType=8	EventCategory=7	RecordNumber=3021572560	TimeGenerated=1389524884	TimeWritten=1389524884	Message=User Account Locked Out:   Target Account Name: JCBmgr   Target Account ID: NA\JCBmgr   Caller Machine Name: \\10.63.125.95   Caller User Name: USCHNAHUB02$   Caller Domain: NA   Caller Logon ID: (0x0,0x3E7)   
<13>Jan 12 05:37:10 USCHNAHUB02 AgentDevice=WindowsLog	AgentLogFile=Security	PluginVersion=1.0.14	Source=Security	Computer=USCHNAHUB02	User=SYSTEM	Domain=NT AUTHORITY	EventID=644	EventIDCcorpoe=644	EventType=8	EventCategory=7	RecordNumber=3021538858	TimeGenerated=1389523028	TimeWritten=1389523028	Message=User Account Locked Out:   Target Account Name: JCBmgr   Target Account ID: NA\JCBmgr   Caller Machine Name: \\10.63.125.95   Caller User Name: USCHNAHUB02$   Caller Domain: NA   Caller Logon ID: (0x0,0x3E7)   
<13>Jan 12 05:28:08 USCHNAHUB02 AgentDevice=WindowsLog	AgentLogFile=Security	PluginVersion=1.0.14	Source=Security	Computer=USCHNAHUB02	User=SYSTEM	Domain=NT AUTHORITY	EventID=644	EventIDCcorpoe=644	EventType=8	EventCategory=7	RecordNumber=3021528135	TimeGenerated=1389522485	TimeWritten=1389522485	Message=User Account Locked Out:   Target Account Name: 594632MGR   Target Account ID: NA\594632MGR   Caller Machine Name: S4SNC-DW   Caller User Name: USCHNAHUB02$   Caller Domain: NA   Caller Logon ID: (0x0,0x3E7)   
<13>Jan 12 05:16:43 USCHNAHUB02 AgentDevice=WindowsLog	AgentLogFile=Security	PluginVersion=1.0.14	Source=Security	Computer=USCHNAHUB02	User=SYSTEM	Domain=NT AUTHORITY	EventID=644	EventIDCcorpoe=644	EventType=8	EventCategory=7	RecordNumber=3021512371	TimeGenerated=1389521801	TimeWritten=1389521801	Message=User Account Locked Out:   Target Account Name: Adrian-Macean   Target Account ID: NA\Adrian-Macean   Caller Machine Name: CHSECGPRS02   Caller User Name: USCHNAHUB02$   Caller Domain: NA   Caller Logon ID: (0x0,0x3E7)   
<13>Jan 12 05:07:05 USCHNAHUB02 AgentDevice=WindowsLog	AgentLogFile=Security	PluginVersion=1.0.14	Source=Security	Computer=USCHNAHUB02	User=SYSTEM	Domain=NT AUTHORITY	EventID=644	EventIDCcorpoe=644	EventType=8	EventCategory=7	RecordNumber=3021500226	TimeGenerated=1389521168	TimeWritten=1389521168	Message=User Account Locked Out:   Target Account Name: JCBmgr   Target Account ID: NA\JCBmgr   Caller Machine Name: \\10.63.125.95   Caller User Name: USCHNAHUB02$   Caller Domain: NA   Caller Logon ID: (0x0,0x3E7)   
<13>Jan 12 04:55:32 USCHNAHUB02 AgentDevice=WindowsLog	AgentLogFile=Security	PluginVersion=1.0.14	Source=Security	Computer=USCHNAHUB02	User=SYSTEM	Domain=NT AUTHORITY	EventID=644	EventIDCcorpoe=644	EventType=8	EventCategory=7	RecordNumber=3021466749	TimeGenerated=1389519335	TimeWritten=1389519335	Message=User Account Locked Out:   Target Account Name: JCBmgr   Target Account ID: NA\JCBmgr   Caller Machine Name: \\10.63.125.95   Caller User Name: USCHNAHUB02$   Caller Domain: NA   Caller Logon ID: (0x0,0x3E7)   
<13>Jan 12 04:54:40 USCHNAHUB02 AgentDevice=WindowsLog	AgentLogFile=Security	PluginVersion=1.0.14	Source=Security	Computer=USCHNAHUB02	User=SYSTEM	Domain=NT AUTHORITY	EventID=644	EventIDCcorpoe=644	EventType=8	EventCategory=7	RecordNumber=3021464215	TimeGenerated=1389519222	TimeWritten=1389519222	Message=User Account Locked Out:   Target Account Name: 649314MAN   Target Account ID: NA\649314MAN   Caller Machine Name: USCHFINC01S01   Caller User Name: USCHNAHUB02$   Caller Domain: NA   Caller Logon ID: (0x0,0x3E7)   
<13>Jan 12 04:40:30 USCHNAHUB02 AgentDevice=WindowsLog	AgentLogFile=Security	PluginVersion=1.0.14	Source=Security	Computer=USCHNAHUB02	User=SYSTEM	Domain=NT AUTHORITY	EventID=644	EventIDCcorpoe=644	EventType=8	EventCategory=7	RecordNumber=3021423209	TimeGenerated=1389517485	TimeWritten=1389517485	Message=User Account Locked Out:   Target Account Name: JCBmgr   Target Account ID: NA\JCBmgr   Caller Machine Name: \\10.63.125.95   Caller User Name: USCHNAHUB02$   Caller Domain: NA   Caller Logon ID: (0x0,0x3E7)   
<13>Jan 12 04:26:40 USCHNAHUB02 AgentDevice=WindowsLog	AgentLogFile=Security	PluginVersion=1.0.14	Source=Security	Computer=USCHNAHUB02	User=SYSTEM	Domain=NT AUTHORITY	EventID=644	EventIDCcorpoe=644	EventType=8	EventCategory=7	RecordNumber=3021383203	TimeGenerated=1389516122	TimeWritten=1389516122	Message=User Account Locked Out:   Target Account Name: 594632MGR   Target Account ID: NA\594632MGR   Caller Machine Name: S4SNC-DW   Caller User Name: USCHNAHUB02$   Caller Domain: NA   Caller Logon ID: (0x0,0x3E7)   
<13>Jan 12 04:21:39 USCHNAHUB02 AgentDevice=WindowsLog	AgentLogFile=Security	PluginVersion=1.0.14	Source=Security	Computer=USCHNAHUB02	User=SYSTEM	Domain=NT AUTHORITY	EventID=644	EventIDCcorpoe=644	EventType=8	EventCategory=7	RecordNumber=3021368647	TimeGenerated=1389515623	TimeWritten=1389515623	Message=User Account Locked Out:   Target Account Name: JCBmgr   Target Account ID: NA\JCBmgr   Caller Machine Name: \\10.63.125.95   Caller User Name: USCHNAHUB02$   Caller Domain: NA   Caller Logon ID: (0x0,0x3E7)   
