<13>Jan 10 13:18:05 USCHPOSDC01 AgentDevice=WindowsLog	AgentLogFile=Security	PluginVersion=1.0.14	Source=Security	Computer=USCHPOSDC01	User=SVC-IDMAdmin	Domain=NA	EventID=642	EventIDCcorpoe=642	EventType=8	EventCategory=7	RecordNumber=2543043939	TimeGenerated=1389377882	TimeWritten=1389377882	Message=User Account Changed:   Target Account Name: 645520   Target Domain: POS   Target Account ID: POS\645520   Caller User Name: SVC-IDMAdmin   Caller Domain: NA   Caller Logon ID: (0x0,0x434D5546)   Privileges: -  Changed Attributes:   Sam Account Name: -   Display Name: -   User Principal Name: -   Home Directory: -   Home Drive: -   Script Path: -   Profile Path: -   User Workstations: -   Password Last Set: 1/10/2014 1:18:02 PM   Account Expires: -   Primary Group ID: -   AllowedTcorpoelegateTo: -   Old UAC Value: -   New UAC Value: -   User Account Control: -   User Parameters: -   Sid History: -   Logon Hours: -   
<13>Jan 10 13:18:01 USCHPOSDC01 AgentDevice=WindowsLog	AgentLogFile=Security	PluginVersion=1.0.14	Source=Security	Computer=USCHPOSDC01	User=SVC-IDMAdmin	Domain=NA	EventID=671	EventIDCcorpoe=671	EventType=8	EventCategory=7	RecordNumber=2543043855	TimeGenerated=1389377877	TimeWritten=1389377877	Message=User Account Unlocked:   Target Account Name: 651712   Target Domain:  POS   Target Account ID: POS\651712   Caller User Name: SVC-IDMAdmin   Caller Domain: NA   Caller Logon ID: (0x0,0x434D48E8)   
<13>Jan 10 13:18:01 USCHPOSDC01 AgentDevice=WindowsLog	AgentLogFile=Security	PluginVersion=1.0.14	Source=Security	Computer=USCHPOSDC01	User=SVC-IDMAdmin	Domain=NA	EventID=642	EventIDCcorpoe=642	EventType=8	EventCategory=7	RecordNumber=2543043846	TimeGenerated=1389377877	TimeWritten=1389377877	Message=User Account Changed:   Target Account Name: 651712   Target Domain: POS   Target Account ID: POS\651712   Caller User Name: SVC-IDMAdmin   Caller Domain: NA   Caller Logon ID: (0x0,0x434D496E)   Privileges: -  Changed Attributes:   Sam Account Name: -   Display Name: -   User Principal Name: -   Home Directory: -   Home Drive: -   Script Path: -   Profile Path: -   User Workstations: -   Password Last Set: 1/10/2014 1:17:57 PM   Account Expires: -   Primary Group ID: -   AllowedTcorpoelegateTo: -   Old UAC Value: -   New UAC Value: -   User Account Control: -   User Parameters: -   Sid History: -   Logon Hours: -   
<13>Jan 10 13:09:00 USCHPOSDC01 AgentDevice=WindowsLog	AgentLogFile=Security	PluginVersion=1.0.14	Source=Security	Computer=USCHPOSDC01	User=SVC-IDMAdmin	Domain=NA	EventID=671	EventIDCcorpoe=671	EventType=8	EventCategory=7	RecordNumber=2543032404	TimeGenerated=1389377337	TimeWritten=1389377337	Message=User Account Unlocked:   Target Account Name: 556761   Target Domain:  POS   Target Account ID: POS\556761   Caller User Name: SVC-IDMAdmin   Caller Domain: NA   Caller Logon ID: (0x0,0x43480C5F)   
<13>Jan 10 13:09:00 USCHPOSDC01 AgentDevice=WindowsLog	AgentLogFile=Security	PluginVersion=1.0.14	Source=Security	Computer=USCHPOSDC01	User=SVC-IDMAdmin	Domain=NA	EventID=642	EventIDCcorpoe=642	EventType=8	EventCategory=7	RecordNumber=2543032393	TimeGenerated=1389377337	TimeWritten=1389377337	Message=User Account Changed:   Target Account Name: 556761   Target Domain: POS   Target Account ID: POS\556761   Caller User Name: SVC-IDMAdmin   Caller Domain: NA   Caller Logon ID: (0x0,0x43480CE2)   Privileges: -  Changed Attributes:   Sam Account Name: -   Display Name: -   User Principal Name: -   Home Directory: -   Home Drive: -   Script Path: -   Profile Path: -   User Workstations: -   Password Last Set: 1/10/2014 1:08:57 PM   Account Expires: -   Primary Group ID: -   AllowedTcorpoelegateTo: -   Old UAC Value: -   New UAC Value: -   User Account Control: -   User Parameters: -   Sid History: -   Logon Hours: -   
<13>Jan 10 13:07:08 USCHPOSDC01 AgentDevice=WindowsLog	AgentLogFile=Security	PluginVersion=1.0.14	Source=Security	Computer=USCHPOSDC01	User=SYSTEM	Domain=NT AUTHORITY	EventID=644	EventIDCcorpoe=644	EventType=8	EventCategory=7	RecordNumber=2543029717	TimeGenerated=1389377226	TimeWritten=1389377226	Message=User Account Locked Out:   Target Account Name: 609670   Target Account ID: POS\609670   Caller Machine Name: corpoS02139W09   Caller User Name: USCHPOSDC01$   Caller Domain: POS   Caller Logon ID: (0x0,0x3E7)   
<13>Jan 10 13:06:00 USCHPOSDC01 AgentDevice=WindowsLog	AgentLogFile=Security	PluginVersion=1.0.14	Source=Security	Computer=USCHPOSDC01	User=SVC-IDMAdmin	Domain=NA	EventID=671	EventIDCcorpoe=671	EventType=8	EventCategory=7	RecordNumber=2543028539	TimeGenerated=1389377156	TimeWritten=1389377156	Message=User Account Unlocked:   Target Account Name: 626081   Target Domain:  POS   Target Account ID: POS\626081   Caller User Name: SVC-IDMAdmin   Caller Domain: NA   Caller Logon ID: (0x0,0x43460BC6)   
<13>Jan 10 13:06:00 USCHPOSDC01 AgentDevice=WindowsLog	AgentLogFile=Security	PluginVersion=1.0.14	Source=Security	Computer=USCHPOSDC01	User=SVC-IDMAdmin	Domain=NA	EventID=642	EventIDCcorpoe=642	EventType=8	EventCategory=7	RecordNumber=2543028528	TimeGenerated=1389377156	TimeWritten=1389377156	Message=User Account Changed:   Target Account Name: 626081   Target Domain: POS   Target Account ID: POS\626081   Caller User Name: SVC-IDMAdmin   Caller Domain: NA   Caller Logon ID: (0x0,0x43460C7A)   Privileges: -  Changed Attributes:   Sam Account Name: -   Display Name: -   User Principal Name: -   Home Directory: -   Home Drive: -   Script Path: -   Profile Path: -   User Workstations: -   Password Last Set: 1/10/2014 1:05:55 PM   Account Expires: -   Primary Group ID: -   AllowedTcorpoelegateTo: -   Old UAC Value: -   New UAC Value: -   User Account Control: -   User Parameters: -   Sid History: -   Logon Hours: -   
<13>Jan 10 13:05:55 USCHPOSDC01 AgentDevice=WindowsLog	AgentLogFile=Security	PluginVersion=1.0.14	Source=Security	Computer=USCHPOSDC01	User=SVC-IDMAdmin	Domain=NA	EventID=671	EventIDCcorpoe=671	EventType=8	EventCategory=7	RecordNumber=2543028444	TimeGenerated=1389377153	TimeWritten=1389377153	Message=User Account Unlocked:   Target Account Name: 620196   Target Domain:  POS   Target Account ID: POS\620196   Caller User Name: SVC-IDMAdmin   Caller Domain: NA   Caller Logon ID: (0x0,0x43460205)   
<13>Jan 10 13:05:55 USCHPOSDC01 AgentDevice=WindowsLog	AgentLogFile=Security	PluginVersion=1.0.14	Source=Security	Computer=USCHPOSDC01	User=SVC-IDMAdmin	Domain=NA	EventID=642	EventIDCcorpoe=642	EventType=8	EventCategory=7	RecordNumber=2543028419	TimeGenerated=1389377153	TimeWritten=1389377153	Message=User Account Changed:   Target Account Name: 620196   Target Domain: POS   Target Account ID: POS\620196   Caller User Name: SVC-IDMAdmin   Caller Domain: NA   Caller Logon ID: (0x0,0x43460287)   Privileges: -  Changed Attributes:   Sam Account Name: -   Display Name: -   User Principal Name: -   Home Directory: -   Home Drive: -   Script Path: -   Profile Path: -   User Workstations: -   Password Last Set: 1/10/2014 1:05:53 PM   Account Expires: -   Primary Group ID: -   AllowedTcorpoelegateTo: -   Old UAC Value: -   New UAC Value: -   User Account Control: -   User Parameters: -   Sid History: -   Logon Hours: -   
<13>Jan 10 13:04:39 USCHPOSDC01 AgentDevice=WindowsLog	AgentLogFile=Security	PluginVersion=1.0.14	Source=Security	Computer=USCHPOSDC01	User=SVC-IDMAdmin	Domain=NA	EventID=671	EventIDCcorpoe=671	EventType=8	EventCategory=7	RecordNumber=2543027041	TimeGenerated=1389377076	TimeWritten=1389377076	Message=User Account Unlocked:   Target Account Name: 487225   Target Domain:  POS   Target Account ID: POS\487225   Caller User Name: SVC-IDMAdmin   Caller Domain: NA   Caller Logon ID: (0x0,0x4345496F)   
<13>Jan 10 13:04:39 USCHPOSDC01 AgentDevice=WindowsLog	AgentLogFile=Security	PluginVersion=1.0.14	Source=Security	Computer=USCHPOSDC01	User=SVC-IDMAdmin	Domain=NA	EventID=642	EventIDCcorpoe=642	EventType=8	EventCategory=7	RecordNumber=2543027034	TimeGenerated=1389377076	TimeWritten=1389377076	Message=User Account Changed:   Target Account Name: 487225   Target Domain: POS   Target Account ID: POS\487225   Caller User Name: SVC-IDMAdmin   Caller Domain: NA   Caller Logon ID: (0x0,0x434549FA)   Privileges: -  Changed Attributes:   Sam Account Name: -   Display Name: -   User Principal Name: -   Home Directory: -   Home Drive: -   Script Path: -   Profile Path: -   User Workstations: -   Password Last Set: 1/10/2014 1:04:36 PM   Account Expires: -   Primary Group ID: -   AllowedTcorpoelegateTo: -   Old UAC Value: -   New UAC Value: -   User Account Control: -   User Parameters: -   Sid History: -   Logon Hours: -   
<13>Jan 10 13:02:02 USCHPOSDC01 AgentDevice=WindowsLog	AgentLogFile=Security	PluginVersion=1.0.14	Source=Security	Computer=USCHPOSDC01	User=SVC-IDMAdmin	Domain=NA	EventID=671	EventIDCcorpoe=671	EventType=8	EventCategory=7	RecordNumber=2543023839	TimeGenerated=1389376920	TimeWritten=1389376920	Message=User Account Unlocked:   Target Account Name: 615477   Target Domain:  POS   Target Account ID: POS\615477   Caller User Name: SVC-IDMAdmin   Caller Domain: NA   Caller Logon ID: (0x0,0x4343BD58)   
<13>Jan 10 13:02:02 USCHPOSDC01 AgentDevice=WindowsLog	AgentLogFile=Security	PluginVersion=1.0.14	Source=Security	Computer=USCHPOSDC01	User=SVC-IDMAdmin	Domain=NA	EventID=642	EventIDCcorpoe=642	EventType=8	EventCategory=7	RecordNumber=2543023832	TimeGenerated=1389376920	TimeWritten=1389376920	Message=User Account Changed:   Target Account Name: 615477   Target Domain: POS   Target Account ID: POS\615477   Caller User Name: SVC-IDMAdmin   Caller Domain: NA   Caller Logon ID: (0x0,0x4343BDE2)   Privileges: -  Changed Attributes:   Sam Account Name: -   Display Name: -   User Principal Name: -   Home Directory: -   Home Drive: -   Script Path: -   Profile Path: -   User Workstations: -   Password Last Set: 1/10/2014 1:01:59 PM   Account Expires: -   Primary Group ID: -   AllowedTcorpoelegateTo: -   Old UAC Value: -   New UAC Value: -   User Account Control: -   User Parameters: -   Sid History: -   Logon Hours: -   
<13>Jan 10 13:01:20 USCHPOSDC01 AgentDevice=WindowsLog	AgentLogFile=Security	PluginVersion=1.0.14	Source=Security	Computer=USCHPOSDC01	User=SVC-IDMAdmin	Domain=NA	EventID=671	EventIDCcorpoe=671	EventType=8	EventCategory=7	RecordNumber=2543023092	TimeGenerated=1389376876	TimeWritten=1389376876	Message=User Account Unlocked:   Target Account Name: 406867   Target Domain:  POS   Target Account ID: POS\406867   Caller User Name: SVC-IDMAdmin   Caller Domain: NA   Caller Logon ID: (0x0,0x43436E00)   
<13>Jan 10 13:01:20 USCHPOSDC01 AgentDevice=WindowsLog	AgentLogFile=Security	PluginVersion=1.0.14	Source=Security	Computer=USCHPOSDC01	User=SVC-IDMAdmin	Domain=NA	EventID=642	EventIDCcorpoe=642	EventType=8	EventCategory=7	RecordNumber=2543023083	TimeGenerated=1389376876	TimeWritten=1389376876	Message=User Account Changed:   Target Account Name: 406867   Target Domain: POS   Target Account ID: POS\406867   Caller User Name: SVC-IDMAdmin   Caller Domain: NA   Caller Logon ID: (0x0,0x43436EA8)   Privileges: -  Changed Attributes:   Sam Account Name: -   Display Name: -   User Principal Name: -   Home Directory: -   Home Drive: -   Script Path: -   Profile Path: -   User Workstations: -   Password Last Set: 1/10/2014 1:01:16 PM   Account Expires: -   Primary Group ID: -   AllowedTcorpoelegateTo: -   Old UAC Value: -   New UAC Value: -   User Account Control: -   User Parameters: -   Sid History: -   Logon Hours: -   
<13>Jan 10 12:58:49 USCHPOSDC01 AgentDevice=WindowsLog	AgentLogFile=Security	PluginVersion=1.0.14	Source=Security	Computer=USCHPOSDC01	User=SVC-IDMAdmin	Domain=NA	EventID=671	EventIDCcorpoe=671	EventType=8	EventCategory=7	RecordNumber=2543019890	TimeGenerated=1389376726	TimeWritten=1389376726	Message=User Account Unlocked:   Target Account Name: 479564   Target Domain:  POS   Target Account ID: POS\479564   Caller User Name: SVC-IDMAdmin   Caller Domain: NA   Caller Logon ID: (0x0,0x43420F4E)   
<13>Jan 10 12:58:49 USCHPOSDC01 AgentDevice=WindowsLog	AgentLogFile=Security	PluginVersion=1.0.14	Source=Security	Computer=USCHPOSDC01	User=SVC-IDMAdmin	Domain=NA	EventID=642	EventIDCcorpoe=642	EventType=8	EventCategory=7	RecordNumber=2543019884	TimeGenerated=1389376726	TimeWritten=1389376726	Message=User Account Changed:   Target Account Name: 479564   Target Domain: POS   Target Account ID: POS\479564   Caller User Name: SVC-IDMAdmin   Caller Domain: NA   Caller Logon ID: (0x0,0x4342102E)   Privileges: -  Changed Attributes:   Sam Account Name: -   Display Name: -   User Principal Name: -   Home Directory: -   Home Drive: -   Script Path: -   Profile Path: -   User Workstations: -   Password Last Set: 1/10/2014 12:58:46 PM   Account Expires: -   Primary Group ID: -   AllowedTcorpoelegateTo: -   Old UAC Value: -   New UAC Value: -   User Account Control: -   User Parameters: -   Sid History: -   Logon Hours: -   
<13>Jan 10 12:55:24 USCHPOSDC01 AgentDevice=WindowsLog	AgentLogFile=Security	PluginVersion=1.0.14	Source=Security	Computer=USCHPOSDC01	User=SVC-IDMAdmin	Domain=NA	EventID=671	EventIDCcorpoe=671	EventType=8	EventCategory=7	RecordNumber=2543014991	TimeGenerated=1389376520	TimeWritten=1389376520	Message=User Account Unlocked:   Target Account Name: 645973   Target Domain:  POS   Target Account ID: POS\645973   Caller User Name: SVC-IDMAdmin   Caller Domain: NA   Caller Logon ID: (0x0,0x433FBD12)   
<13>Jan 10 12:55:24 USCHPOSDC01 AgentDevice=WindowsLog	AgentLogFile=Security	PluginVersion=1.0.14	Source=Security	Computer=USCHPOSDC01	User=SVC-IDMAdmin	Domain=NA	EventID=642	EventIDCcorpoe=642	EventType=8	EventCategory=7	RecordNumber=2543014979	TimeGenerated=1389376520	TimeWritten=1389376520	Message=User Account Changed:   Target Account Name: 645973   Target Domain: POS   Target Account ID: POS\645973   Caller User Name: SVC-IDMAdmin   Caller Domain: NA   Caller Logon ID: (0x0,0x433FC54B)   Privileges: -  Changed Attributes:   Sam Account Name: -   Display Name: -   User Principal Name: -   Home Directory: -   Home Drive: -   Script Path: -   Profile Path: -   User Workstations: -   Password Last Set: 1/10/2014 12:55:20 PM   Account Expires: -   Primary Group ID: -   AllowedTcorpoelegateTo: -   Old UAC Value: -   New UAC Value: -   User Account Control: -   User Parameters: -   Sid History: -   Logon Hours: -   
<13>Jan 10 12:46:55 USCHPOSDC01 AgentDevice=WindowsLog	AgentLogFile=Security	PluginVersion=1.0.14	Source=Security	Computer=USCHPOSDC01	User=SYSTEM	Domain=NT AUTHORITY	EventID=644	EventIDCcorpoe=644	EventType=8	EventCategory=7	RecordNumber=2543003780	TimeGenerated=1389376013	TimeWritten=1389376013	Message=User Account Locked Out:   Target Account Name: 487225   Target Account ID: POS\487225   Caller Machine Name: corpoS00037W12   Caller User Name: USCHPOSDC01$   Caller Domain: POS   Caller Logon ID: (0x0,0x3E7)   
<13>Jan 10 12:45:42 USCHPOSDC01 AgentDevice=WindowsLog	AgentLogFile=Security	PluginVersion=1.0.14	Source=Security	Computer=USCHPOSDC01	User=SYSTEM	Domain=NT AUTHORITY	EventID=644	EventIDCcorpoe=644	EventType=8	EventCategory=7	RecordNumber=2543002140	TimeGenerated=1389375939	TimeWritten=1389375939	Message=User Account Locked Out:   Target Account Name: 004387   Target Account ID: POS\004387   Caller Machine Name: corpoS00037W12   Caller User Name: USCHPOSDC01$   Caller Domain: POS   Caller Logon ID: (0x0,0x3E7)   
<13>Jan 10 12:42:13 USCHPOSDC01 AgentDevice=WindowsLog	AgentLogFile=Security	PluginVersion=1.0.14	Source=Security	Computer=USCHPOSDC01	User=SYSTEM	Domain=NT AUTHORITY	EventID=644	EventIDCcorpoe=644	EventType=8	EventCategory=7	RecordNumber=2542997796	TimeGenerated=1389375729	TimeWritten=1389375729	Message=User Account Locked Out:   Target Account Name: 617821   Target Account ID: POS\617821   Caller Machine Name: corpoS02947W09   Caller User Name: USCHPOSDC01$   Caller Domain: POS   Caller Logon ID: (0x0,0x3E7)   
<13>Jan 10 12:39:13 USCHPOSDC01 AgentDevice=WindowsLog	AgentLogFile=Security	PluginVersion=1.0.14	Source=Security	Computer=USCHPOSDC01	User=SYSTEM	Domain=NT AUTHORITY	EventID=644	EventIDCcorpoe=644	EventType=8	EventCategory=7	RecordNumber=2542994388	TimeGenerated=1389375551	TimeWritten=1389375551	Message=User Account Locked Out:   Target Account Name: corpoS00532   Target Account ID: POS\corpoS00532   Caller Machine Name: USCHSAPRcorpo02   Caller User Name: USCHPOSDC01$   Caller Domain: POS   Caller Logon ID: (0x0,0x3E7)   
<13>Jan 10 12:36:34 USCHPOSDC01 AgentDevice=WindowsLog	AgentLogFile=Security	PluginVersion=1.0.14	Source=Security	Computer=USCHPOSDC01	User=SVC-IDMAdmin	Domain=NA	EventID=671	EventIDCcorpoe=671	EventType=8	EventCategory=7	RecordNumber=2542990720	TimeGenerated=1389375391	TimeWritten=1389375391	Message=User Account Unlocked:   Target Account Name: 246797   Target Domain:  POS   Target Account ID: POS\246797   Caller User Name: SVC-IDMAdmin   Caller Domain: NA   Caller Logon ID: (0x0,0x4334230F)   
<13>Jan 10 12:36:34 USCHPOSDC01 AgentDevice=WindowsLog	AgentLogFile=Security	PluginVersion=1.0.14	Source=Security	Computer=USCHPOSDC01	User=SVC-IDMAdmin	Domain=NA	EventID=642	EventIDCcorpoe=642	EventType=8	EventCategory=7	RecordNumber=2542990713	TimeGenerated=1389375391	TimeWritten=1389375391	Message=User Account Changed:   Target Account Name: 246797   Target Domain: POS   Target Account ID: POS\246797   Caller User Name: SVC-IDMAdmin   Caller Domain: NA   Caller Logon ID: (0x0,0x43342458)   Privileges: -  Changed Attributes:   Sam Account Name: -   Display Name: -   User Principal Name: -   Home Directory: -   Home Drive: -   Script Path: -   Profile Path: -   User Workstations: -   Password Last Set: 1/10/2014 12:36:31 PM   Account Expires: -   Primary Group ID: -   AllowedTcorpoelegateTo: -   Old UAC Value: -   New UAC Value: -   User Account Control: -   User Parameters: -   Sid History: -   Logon Hours: -   
<13>Jan 10 12:32:57 USCHPOSDC01 AgentDevice=WindowsLog	AgentLogFile=Security	PluginVersion=1.0.14	Source=Security	Computer=USCHPOSDC01	User=SVC-IDMAdmin	Domain=NA	EventID=671	EventIDCcorpoe=671	EventType=8	EventCategory=7	RecordNumber=2542986298	TimeGenerated=1389375175	TimeWritten=1389375175	Message=User Account Unlocked:   Target Account Name: 220484   Target Domain:  POS   Target Account ID: POS\220484   Caller User Name: SVC-IDMAdmin   Caller Domain: NA   Caller Logon ID: (0x0,0x433242B5)   
<13>Jan 10 12:32:57 USCHPOSDC01 AgentDevice=WindowsLog	AgentLogFile=Security	PluginVersion=1.0.14	Source=Security	Computer=USCHPOSDC01	User=SVC-IDMAdmin	Domain=NA	EventID=642	EventIDCcorpoe=642	EventType=8	EventCategory=7	RecordNumber=2542986288	TimeGenerated=1389375175	TimeWritten=1389375175	Message=User Account Changed:   Target Account Name: 220484   Target Domain: POS   Target Account ID: POS\220484   Caller User Name: SVC-IDMAdmin   Caller Domain: NA   Caller Logon ID: (0x0,0x4332464E)   Privileges: -  Changed Attributes:   Sam Account Name: -   Display Name: -   User Principal Name: -   Home Directory: -   Home Drive: -   Script Path: -   Profile Path: -   User Workstations: -   Password Last Set: 1/10/2014 12:32:55 PM   Account Expires: -   Primary Group ID: -   AllowedTcorpoelegateTo: -   Old UAC Value: -   New UAC Value: -   User Account Control: -   User Parameters: -   Sid History: -   Logon Hours: -   
<13>Jan 10 12:32:10 USCHPOSDC01 AgentDevice=WindowsLog	AgentLogFile=Security	PluginVersion=1.0.14	Source=Security	Computer=USCHPOSDC01	User=SVC-IDMAdmin	Domain=NA	EventID=671	EventIDCcorpoe=671	EventType=8	EventCategory=7	RecordNumber=2542985241	TimeGenerated=1389375127	TimeWritten=1389375127	Message=User Account Unlocked:   Target Account Name: 651566   Target Domain:  POS   Target Account ID: POS\651566   Caller User Name: SVC-IDMAdmin   Caller Domain: NA   Caller Logon ID: (0x0,0x433192E7)   
<13>Jan 10 12:32:10 USCHPOSDC01 AgentDevice=WindowsLog	AgentLogFile=Security	PluginVersion=1.0.14	Source=Security	Computer=USCHPOSDC01	User=SVC-IDMAdmin	Domain=NA	EventID=642	EventIDCcorpoe=642	EventType=8	EventCategory=7	RecordNumber=2542985235	TimeGenerated=1389375126	TimeWritten=1389375126	Message=User Account Changed:   Target Account Name: 651566   Target Domain: POS   Target Account ID: POS\651566   Caller User Name: SVC-IDMAdmin   Caller Domain: NA   Caller Logon ID: (0x0,0x43319364)   Privileges: -  Changed Attributes:   Sam Account Name: -   Display Name: -   User Principal Name: -   Home Directory: -   Home Drive: -   Script Path: -   Profile Path: -   User Workstations: -   Password Last Set: 1/10/2014 12:32:06 PM   Account Expires: -   Primary Group ID: -   AllowedTcorpoelegateTo: -   Old UAC Value: -   New UAC Value: -   User Account Control: -   User Parameters: -   Sid History: -   Logon Hours: -   
<13>Jan 10 12:30:43 USCHPOSDC01 AgentDevice=WindowsLog	AgentLogFile=Security	PluginVersion=1.0.14	Source=Security	Computer=USCHPOSDC01	User=SVC-IDMAdmin	Domain=NA	EventID=671	EventIDCcorpoe=671	EventType=8	EventCategory=7	RecordNumber=2542983373	TimeGenerated=1389375040	TimeWritten=1389375040	Message=User Account Unlocked:   Target Account Name: 529666   Target Domain:  POS   Target Account ID: POS\529666   Caller User Name: SVC-IDMAdmin   Caller Domain: NA   Caller Logon ID: (0x0,0x4330E305)   
<13>Jan 10 12:30:43 USCHPOSDC01 AgentDevice=WindowsLog	AgentLogFile=Security	PluginVersion=1.0.14	Source=Security	Computer=USCHPOSDC01	User=SVC-IDMAdmin	Domain=NA	EventID=642	EventIDCcorpoe=642	EventType=8	EventCategory=7	RecordNumber=2542983368	TimeGenerated=1389375040	TimeWritten=1389375040	Message=User Account Changed:   Target Account Name: 529666   Target Domain: POS   Target Account ID: POS\529666   Caller User Name: SVC-IDMAdmin   Caller Domain: NA   Caller Logon ID: (0x0,0x4330E51C)   Privileges: -  Changed Attributes:   Sam Account Name: -   Display Name: -   User Principal Name: -   Home Directory: -   Home Drive: -   Script Path: -   Profile Path: -   User Workstations: -   Password Last Set: 1/10/2014 12:30:39 PM   Account Expires: -   Primary Group ID: -   AllowedTcorpoelegateTo: -   Old UAC Value: -   New UAC Value: -   User Account Control: -   User Parameters: -   Sid History: -   Logon Hours: -   
<13>Jan 10 12:26:58 USCHPOSDC01 AgentDevice=WindowsLog	AgentLogFile=Security	PluginVersion=1.0.14	Source=Security	Computer=USCHPOSDC01	User=SVC-IDMAdmin	Domain=NA	EventID=671	EventIDCcorpoe=671	EventType=8	EventCategory=7	RecordNumber=2542978594	TimeGenerated=1389374815	TimeWritten=1389374815	Message=User Account Unlocked:   Target Account Name: 615960   Target Domain:  POS   Target Account ID: POS\615960   Caller User Name: SVC-IDMAdmin   Caller Domain: NA   Caller Logon ID: (0x0,0x432E95F9)   
<13>Jan 10 12:26:58 USCHPOSDC01 AgentDevice=WindowsLog	AgentLogFile=Security	PluginVersion=1.0.14	Source=Security	Computer=USCHPOSDC01	User=SVC-IDMAdmin	Domain=NA	EventID=642	EventIDCcorpoe=642	EventType=8	EventCategory=7	RecordNumber=2542978583	TimeGenerated=1389374814	TimeWritten=1389374814	Message=User Account Changed:   Target Account Name: 615960   Target Domain: POS   Target Account ID: POS\615960   Caller User Name: SVC-IDMAdmin   Caller Domain: NA   Caller Logon ID: (0x0,0x432E985A)   Privileges: -  Changed Attributes:   Sam Account Name: -   Display Name: -   User Principal Name: -   Home Directory: -   Home Drive: -   Script Path: -   Profile Path: -   User Workstations: -   Password Last Set: 1/10/2014 12:26:54 PM   Account Expires: -   Primary Group ID: -   AllowedTcorpoelegateTo: -   Old UAC Value: -   New UAC Value: -   User Account Control: -   User Parameters: -   Sid History: -   Logon Hours: -   
<13>Jan 10 12:20:41 USCHPOSDC01 AgentDevice=WindowsLog	AgentLogFile=Security	PluginVersion=1.0.14	Source=Security	Computer=USCHPOSDC01	User=SVC-IDMAdmin	Domain=NA	EventID=671	EventIDCcorpoe=671	EventType=8	EventCategory=7	RecordNumber=2542971547	TimeGenerated=1389374437	TimeWritten=1389374437	Message=User Account Unlocked:   Target Account Name: 653001   Target Domain:  POS   Target Account ID: POS\653001   Caller User Name: SVC-IDMAdmin   Caller Domain: NA   Caller Logon ID: (0x0,0x432B1748)   
<13>Jan 10 12:20:41 USCHPOSDC01 AgentDevice=WindowsLog	AgentLogFile=Security	PluginVersion=1.0.14	Source=Security	Computer=USCHPOSDC01	User=SVC-IDMAdmin	Domain=NA	EventID=642	EventIDCcorpoe=642	EventType=8	EventCategory=7	RecordNumber=2542971536	TimeGenerated=1389374437	TimeWritten=1389374437	Message=User Account Changed:   Target Account Name: 653001   Target Domain: POS   Target Account ID: POS\653001   Caller User Name: SVC-IDMAdmin   Caller Domain: NA   Caller Logon ID: (0x0,0x432B17CA)   Privileges: -  Changed Attributes:   Sam Account Name: -   Display Name: -   User Principal Name: -   Home Directory: -   Home Drive: -   Script Path: -   Profile Path: -   User Workstations: -   Password Last Set: 1/10/2014 12:20:37 PM   Account Expires: -   Primary Group ID: -   AllowedTcorpoelegateTo: -   Old UAC Value: -   New UAC Value: -   User Account Control: -   User Parameters: -   Sid History: -   Logon Hours: -   
<13>Jan 10 12:20:37 USCHPOSDC01 AgentDevice=WindowsLog	AgentLogFile=Security	PluginVersion=1.0.14	Source=Security	Computer=USCHPOSDC01	User=SVC-IDMAdmin	Domain=NA	EventID=671	EventIDCcorpoe=671	EventType=8	EventCategory=7	RecordNumber=2542971444	TimeGenerated=1389374434	TimeWritten=1389374434	Message=User Account Unlocked:   Target Account Name: 648634   Target Domain:  POS   Target Account ID: POS\648634   Caller User Name: SVC-IDMAdmin   Caller Domain: NA   Caller Logon ID: (0x0,0x432B0DD6)   
<13>Jan 10 12:20:37 USCHPOSDC01 AgentDevice=WindowsLog	AgentLogFile=Security	PluginVersion=1.0.14	Source=Security	Computer=USCHPOSDC01	User=SVC-IDMAdmin	Domain=NA	EventID=642	EventIDCcorpoe=642	EventType=8	EventCategory=7	RecordNumber=2542971438	TimeGenerated=1389374434	TimeWritten=1389374434	Message=User Account Changed:   Target Account Name: 648634   Target Domain: POS   Target Account ID: POS\648634   Caller User Name: SVC-IDMAdmin   Caller Domain: NA   Caller Logon ID: (0x0,0x432B1201)   Privileges: -  Changed Attributes:   Sam Account Name: -   Display Name: -   User Principal Name: -   Home Directory: -   Home Drive: -   Script Path: -   Profile Path: -   User Workstations: -   Password Last Set: 1/10/2014 12:20:34 PM   Account Expires: -   Primary Group ID: -   AllowedTcorpoelegateTo: -   Old UAC Value: -   New UAC Value: -   User Account Control: -   User Parameters: -   Sid History: -   Logon Hours: -   
<13>Jan 10 12:17:14 USCHPOSDC01 AgentDevice=WindowsLog	AgentLogFile=Security	PluginVersion=1.0.14	Source=Security	Computer=USCHPOSDC01	User=SVC-IDMAdmin	Domain=NA	EventID=671	EventIDCcorpoe=671	EventType=8	EventCategory=7	RecordNumber=2542967220	TimeGenerated=1389374231	TimeWritten=1389374231	Message=User Account Unlocked:   Target Account Name: 613084   Target Domain:  POS   Target Account ID: POS\613084   Caller User Name: SVC-IDMAdmin   Caller Domain: NA   Caller Logon ID: (0x0,0x4328FA8B)   
<13>Jan 10 12:17:14 USCHPOSDC01 AgentDevice=WindowsLog	AgentLogFile=Security	PluginVersion=1.0.14	Source=Security	Computer=USCHPOSDC01	User=SVC-IDMAdmin	Domain=NA	EventID=642	EventIDCcorpoe=642	EventType=8	EventCategory=7	RecordNumber=2542967209	TimeGenerated=1389374230	TimeWritten=1389374230	Message=User Account Changed:   Target Account Name: 613084   Target Domain: POS   Target Account ID: POS\613084   Caller User Name: SVC-IDMAdmin   Caller Domain: NA   Caller Logon ID: (0x0,0x4328FBB3)   Privileges: -  Changed Attributes:   Sam Account Name: -   Display Name: -   User Principal Name: -   Home Directory: -   Home Drive: -   Script Path: -   Profile Path: -   User Workstations: -   Password Last Set: 1/10/2014 12:17:10 PM   Account Expires: -   Primary Group ID: -   AllowedTcorpoelegateTo: -   Old UAC Value: -   New UAC Value: -   User Account Control: -   User Parameters: -   Sid History: -   Logon Hours: -   
<13>Jan 10 12:10:31 USCHPOSDC01 AgentDevice=WindowsLog	AgentLogFile=Security	PluginVersion=1.0.14	Source=Security	Computer=USCHPOSDC01	User=SVC-IDMAdmin	Domain=NA	EventID=671	EventIDCcorpoe=671	EventType=8	EventCategory=7	RecordNumber=2542958168	TimeGenerated=1389373829	TimeWritten=1389373829	Message=User Account Unlocked:   Target Account Name: 655972   Target Domain:  POS   Target Account ID: POS\655972   Caller User Name: SVC-IDMAdmin   Caller Domain: NA   Caller Logon ID: (0x0,0x4324E71A)   
<13>Jan 10 12:10:31 USCHPOSDC01 AgentDevice=WindowsLog	AgentLogFile=Security	PluginVersion=1.0.14	Source=Security	Computer=USCHPOSDC01	User=SVC-IDMAdmin	Domain=NA	EventID=642	EventIDCcorpoe=642	EventType=8	EventCategory=7	RecordNumber=2542958162	TimeGenerated=1389373828	TimeWritten=1389373828	Message=User Account Changed:   Target Account Name: 655972   Target Domain: POS   Target Account ID: POS\655972   Caller User Name: SVC-IDMAdmin   Caller Domain: NA   Caller Logon ID: (0x0,0x4324E79D)   Privileges: -  Changed Attributes:   Sam Account Name: -   Display Name: -   User Principal Name: -   Home Directory: -   Home Drive: -   Script Path: -   Profile Path: -   User Workstations: -   Password Last Set: 1/10/2014 12:10:28 PM   Account Expires: -   Primary Group ID: -   AllowedTcorpoelegateTo: -   Old UAC Value: -   New UAC Value: -   User Account Control: -   User Parameters: -   Sid History: -   Logon Hours: -   
<13>Jan 10 12:10:31 USCHPOSDC01 AgentDevice=WindowsLog	AgentLogFile=Security	PluginVersion=1.0.14	Source=Security	Computer=USCHPOSDC01	User=SVC-IDMAdmin	Domain=NA	EventID=671	EventIDCcorpoe=671	EventType=8	EventCategory=7	RecordNumber=2542958148	TimeGenerated=1389373828	TimeWritten=1389373828	Message=User Account Unlocked:   Target Account Name: 651227   Target Domain:  POS   Target Account ID: POS\651227   Caller User Name: SVC-IDMAdmin   Caller Domain: NA   Caller Logon ID: (0x0,0x4324E63C)   
<13>Jan 10 12:10:31 USCHPOSDC01 AgentDevice=WindowsLog	AgentLogFile=Security	PluginVersion=1.0.14	Source=Security	Computer=USCHPOSDC01	User=SVC-IDMAdmin	Domain=NA	EventID=642	EventIDCcorpoe=642	EventType=8	EventCategory=7	RecordNumber=2542958126	TimeGenerated=1389373828	TimeWritten=1389373828	Message=User Account Changed:   Target Account Name: 651227   Target Domain: POS   Target Account ID: POS\651227   Caller User Name: SVC-IDMAdmin   Caller Domain: NA   Caller Logon ID: (0x0,0x4324E6B8)   Privileges: -  Changed Attributes:   Sam Account Name: -   Display Name: -   User Principal Name: -   Home Directory: -   Home Drive: -   Script Path: -   Profile Path: -   User Workstations: -   Password Last Set: 1/10/2014 12:10:28 PM   Account Expires: -   Primary Group ID: -   AllowedTcorpoelegateTo: -   Old UAC Value: -   New UAC Value: -   User Account Control: -   User Parameters: -   Sid History: -   Logon Hours: -   
<13>Jan 10 12:07:38 USCHPOSDC01 AgentDevice=WindowsLog	AgentLogFile=Security	PluginVersion=1.0.14	Source=Security	Computer=USCHPOSDC01	User=SVC-IDMAdmin	Domain=NA	EventID=671	EventIDCcorpoe=671	EventType=8	EventCategory=7	RecordNumber=2542954174	TimeGenerated=1389373654	TimeWritten=1389373654	Message=User Account Unlocked:   Target Account Name: 645634   Target Domain:  POS   Target Account ID: POS\645634   Caller User Name: SVC-IDMAdmin   Caller Domain: NA   Caller Logon ID: (0x0,0x4322F188)   
<13>Jan 10 12:07:36 USCHPOSDC01 AgentDevice=WindowsLog	AgentLogFile=Security	PluginVersion=1.0.14	Source=Security	Computer=USCHPOSDC01	User=SVC-IDMAdmin	Domain=NA	EventID=642	EventIDCcorpoe=642	EventType=8	EventCategory=7	RecordNumber=2542954162	TimeGenerated=1389373654	TimeWritten=1389373654	Message=User Account Changed:   Target Account Name: 645634   Target Domain: POS   Target Account ID: POS\645634   Caller User Name: SVC-IDMAdmin   Caller Domain: NA   Caller Logon ID: (0x0,0x4322F41F)   Privileges: -  Changed Attributes:   Sam Account Name: -   Display Name: -   User Principal Name: -   Home Directory: -   Home Drive: -   Script Path: -   Profile Path: -   User Workstations: -   Password Last Set: 1/10/2014 12:07:34 PM   Account Expires: -   Primary Group ID: -   AllowedTcorpoelegateTo: -   Old UAC Value: -   New UAC Value: -   User Account Control: -   User Parameters: -   Sid History: -   Logon Hours: -   
<13>Jan 10 12:02:27 USCHPOSDC01 AgentDevice=WindowsLog	AgentLogFile=Security	PluginVersion=1.0.14	Source=Security	Computer=USCHPOSDC01	User=SVC-IDMAdmin	Domain=NA	EventID=671	EventIDCcorpoe=671	EventType=8	EventCategory=7	RecordNumber=2542947230	TimeGenerated=1389373345	TimeWritten=1389373345	Message=User Account Unlocked:   Target Account Name: 566957   Target Domain:  POS   Target Account ID: POS\566957   Caller User Name: SVC-IDMAdmin   Caller Domain: NA   Caller Logon ID: (0x0,0x431FE6BD)   
<13>Jan 10 12:02:27 USCHPOSDC01 AgentDevice=WindowsLog	AgentLogFile=Security	PluginVersion=1.0.14	Source=Security	Computer=USCHPOSDC01	User=SVC-IDMAdmin	Domain=NA	EventID=642	EventIDCcorpoe=642	EventType=8	EventCategory=7	RecordNumber=2542947220	TimeGenerated=1389373345	TimeWritten=1389373345	Message=User Account Changed:   Target Account Name: 566957   Target Domain: POS   Target Account ID: POS\566957   Caller User Name: SVC-IDMAdmin   Caller Domain: NA   Caller Logon ID: (0x0,0x431FE75D)   Privileges: -  Changed Attributes:   Sam Account Name: -   Display Name: -   User Principal Name: -   Home Directory: -   Home Drive: -   Script Path: -   Profile Path: -   User Workstations: -   Password Last Set: 1/10/2014 12:02:25 PM   Account Expires: -   Primary Group ID: -   AllowedTcorpoelegateTo: -   Old UAC Value: -   New UAC Value: -   User Account Control: -   User Parameters: -   Sid History: -   Logon Hours: -   
<13>Jan 10 12:02:00 USCHPOSDC01 AgentDevice=WindowsLog	AgentLogFile=Security	PluginVersion=1.0.14	Source=Security	Computer=USCHPOSDC01	User=SYSTEM	Domain=NT AUTHORITY	EventID=644	EventIDCcorpoe=644	EventType=8	EventCategory=7	RecordNumber=2542946353	TimeGenerated=1389373317	TimeWritten=1389373317	Message=User Account Locked Out:   Target Account Name: corpoS02189   Target Account ID: POS\corpoS02189   Caller Machine Name: USCHSAPRcorpo01   Caller User Name: USCHPOSDC01$   Caller Domain: POS   Caller Logon ID: (0x0,0x3E7)   
<13>Jan 10 12:00:47 USCHPOSDC01 AgentDevice=WindowsLog	AgentLogFile=Security	PluginVersion=1.0.14	Source=Security	Computer=USCHPOSDC01	User=SVC-IDMAdmin	Domain=NA	EventID=671	EventIDCcorpoe=671	EventType=8	EventCategory=7	RecordNumber=2542944850	TimeGenerated=1389373244	TimeWritten=1389373244	Message=User Account Unlocked:   Target Account Name: 651832   Target Domain:  POS   Target Account ID: POS\651832   Caller User Name: SVC-IDMAdmin   Caller Domain: NA   Caller Logon ID: (0x0,0x431EC0D4)   
<13>Jan 10 12:00:47 USCHPOSDC01 AgentDevice=WindowsLog	AgentLogFile=Security	PluginVersion=1.0.14	Source=Security	Computer=USCHPOSDC01	User=SVC-IDMAdmin	Domain=NA	EventID=642	EventIDCcorpoe=642	EventType=8	EventCategory=7	RecordNumber=2542944833	TimeGenerated=1389373244	TimeWritten=1389373244	Message=User Account Changed:   Target Account Name: 651832   Target Domain: POS   Target Account ID: POS\651832   Caller User Name: SVC-IDMAdmin   Caller Domain: NA   Caller Logon ID: (0x0,0x431EC5C5)   Privileges: -  Changed Attributes:   Sam Account Name: -   Display Name: -   User Principal Name: -   Home Directory: -   Home Drive: -   Script Path: -   Profile Path: -   User Workstations: -   Password Last Set: 1/10/2014 12:00:44 PM   Account Expires: -   Primary Group ID: -   AllowedTcorpoelegateTo: -   Old UAC Value: -   New UAC Value: -   User Account Control: -   User Parameters: -   Sid History: -   Logon Hours: -   
<13>Jan 10 11:59:42 USCHPOSDC01 AgentDevice=WindowsLog	AgentLogFile=Security	PluginVersion=1.0.14	Source=Security	Computer=USCHPOSDC01	User=SVC-IDMAdmin	Domain=NA	EventID=671	EventIDCcorpoe=671	EventType=8	EventCategory=7	RecordNumber=2542943126	TimeGenerated=1389373179	TimeWritten=1389373179	Message=User Account Unlocked:   Target Account Name: 651301   Target Domain:  POS   Target Account ID: POS\651301   Caller User Name: SVC-IDMAdmin   Caller Domain: NA   Caller Logon ID: (0x0,0x431DF567)   
<13>Jan 10 11:59:42 USCHPOSDC01 AgentDevice=WindowsLog	AgentLogFile=Security	PluginVersion=1.0.14	Source=Security	Computer=USCHPOSDC01	User=SVC-IDMAdmin	Domain=NA	EventID=642	EventIDCcorpoe=642	EventType=8	EventCategory=7	RecordNumber=2542943109	TimeGenerated=1389373179	TimeWritten=1389373179	Message=User Account Changed:   Target Account Name: 651301   Target Domain: POS   Target Account ID: POS\651301   Caller User Name: SVC-IDMAdmin   Caller Domain: NA   Caller Logon ID: (0x0,0x431DF987)   Privileges: -  Changed Attributes:   Sam Account Name: -   Display Name: -   User Principal Name: -   Home Directory: -   Home Drive: -   Script Path: -   Profile Path: -   User Workstations: -   Password Last Set: 1/10/2014 11:59:39 AM   Account Expires: -   Primary Group ID: -   AllowedTcorpoelegateTo: -   Old UAC Value: -   New UAC Value: -   User Account Control: -   User Parameters: -   Sid History: -   Logon Hours: -   
<13>Jan 10 11:56:24 USCHPOSDC01 AgentDevice=WindowsLog	AgentLogFile=Security	PluginVersion=1.0.14	Source=Security	Computer=USCHPOSDC01	User=SVC-IDMAdmin	Domain=NA	EventID=671	EventIDCcorpoe=671	EventType=8	EventCategory=7	RecordNumber=2542938224	TimeGenerated=1389372980	TimeWritten=1389372980	Message=User Account Unlocked:   Target Account Name: 655406   Target Domain:  POS   Target Account ID: POS\655406   Caller User Name: SVC-IDMAdmin   Caller Domain: NA   Caller Logon ID: (0x0,0x431BDA16)   
<13>Jan 10 11:56:24 USCHPOSDC01 AgentDevice=WindowsLog	AgentLogFile=Security	PluginVersion=1.0.14	Source=Security	Computer=USCHPOSDC01	User=SVC-IDMAdmin	Domain=NA	EventID=642	EventIDCcorpoe=642	EventType=8	EventCategory=7	RecordNumber=2542938211	TimeGenerated=1389372979	TimeWritten=1389372979	Message=User Account Changed:   Target Account Name: 655406   Target Domain: POS   Target Account ID: POS\655406   Caller User Name: SVC-IDMAdmin   Caller Domain: NA   Caller Logon ID: (0x0,0x431BE079)   Privileges: -  Changed Attributes:   Sam Account Name: -   Display Name: -   User Principal Name: -   Home Directory: -   Home Drive: -   Script Path: -   Profile Path: -   User Workstations: -   Password Last Set: 1/10/2014 11:56:19 AM   Account Expires: -   Primary Group ID: -   AllowedTcorpoelegateTo: -   Old UAC Value: -   New UAC Value: -   User Account Control: -   User Parameters: -   Sid History: -   Logon Hours: -   
<13>Jan 10 11:54:36 USCHPOSDC01 AgentDevice=WindowsLog	AgentLogFile=Security	PluginVersion=1.0.14	Source=Security	Computer=USCHPOSDC01	User=SVC-IDMAdmin	Domain=NA	EventID=671	EventIDCcorpoe=671	EventType=8	EventCategory=7	RecordNumber=2542935252	TimeGenerated=1389372874	TimeWritten=1389372874	Message=User Account Unlocked:   Target Account Name: 655943   Target Domain:  POS   Target Account ID: POS\655943   Caller User Name: SVC-IDMAdmin   Caller Domain: NA   Caller Logon ID: (0x0,0x431AB5BC)   
<13>Jan 10 11:54:36 USCHPOSDC01 AgentDevice=WindowsLog	AgentLogFile=Security	PluginVersion=1.0.14	Source=Security	Computer=USCHPOSDC01	User=SVC-IDMAdmin	Domain=NA	EventID=642	EventIDCcorpoe=642	EventType=8	EventCategory=7	RecordNumber=2542935238	TimeGenerated=1389372873	TimeWritten=1389372873	Message=User Account Changed:   Target Account Name: 655943   Target Domain: POS   Target Account ID: POS\655943   Caller User Name: SVC-IDMAdmin   Caller Domain: NA   Caller Logon ID: (0x0,0x431AB6B4)   Privileges: -  Changed Attributes:   Sam Account Name: -   Display Name: -   User Principal Name: -   Home Directory: -   Home Drive: -   Script Path: -   Profile Path: -   User Workstations: -   Password Last Set: 1/10/2014 11:54:33 AM   Account Expires: -   Primary Group ID: -   AllowedTcorpoelegateTo: -   Old UAC Value: -   New UAC Value: -   User Account Control: -   User Parameters: -   Sid History: -   Logon Hours: -   
<13>Jan 10 11:54:05 USCHPOSDC01 AgentDevice=WindowsLog	AgentLogFile=Security	PluginVersion=1.0.14	Source=Security	Computer=USCHPOSDC01	User=SYSTEM	Domain=NT AUTHORITY	EventID=644	EventIDCcorpoe=644	EventType=8	EventCategory=7	RecordNumber=2542934380	TimeGenerated=1389372842	TimeWritten=1389372842	Message=User Account Locked Out:   Target Account Name: 655406   Target Account ID: POS\655406   Caller Machine Name: USCHNABH03   Caller User Name: USCHPOSDC01$   Caller Domain: POS   Caller Logon ID: (0x0,0x3E7)   
<13>Jan 10 11:50:44 USCHPOSDC01 AgentDevice=WindowsLog	AgentLogFile=Security	PluginVersion=1.0.14	Source=Security	Computer=USCHPOSDC01	User=SVC-IDMAdmin	Domain=NA	EventID=671	EventIDCcorpoe=671	EventType=8	EventCategory=7	RecordNumber=2542929586	TimeGenerated=1389372640	TimeWritten=1389372640	Message=User Account Unlocked:   Target Account Name: 645292   Target Domain:  POS   Target Account ID: POS\645292   Caller User Name: SVC-IDMAdmin   Caller Domain: NA   Caller Logon ID: (0x0,0x43182049)   
<13>Jan 10 11:50:44 USCHPOSDC01 AgentDevice=WindowsLog	AgentLogFile=Security	PluginVersion=1.0.14	Source=Security	Computer=USCHPOSDC01	User=SVC-IDMAdmin	Domain=NA	EventID=642	EventIDCcorpoe=642	EventType=8	EventCategory=7	RecordNumber=2542929579	TimeGenerated=1389372640	TimeWritten=1389372640	Message=User Account Changed:   Target Account Name: 645292   Target Domain: POS   Target Account ID: POS\645292   Caller User Name: SVC-IDMAdmin   Caller Domain: NA   Caller Logon ID: (0x0,0x43182714)   Privileges: -  Changed Attributes:   Sam Account Name: -   Display Name: -   User Principal Name: -   Home Directory: -   Home Drive: -   Script Path: -   Profile Path: -   User Workstations: -   Password Last Set: 1/10/2014 11:50:40 AM   Account Expires: -   Primary Group ID: -   AllowedTcorpoelegateTo: -   Old UAC Value: -   New UAC Value: -   User Account Control: -   User Parameters: -   Sid History: -   Logon Hours: -   
<13>Jan 10 11:41:26 USCHPOSDC01 AgentDevice=WindowsLog	AgentLogFile=Security	PluginVersion=1.0.14	Source=Security	Computer=USCHPOSDC01	User=SVC-IDMAdmin	Domain=NA	EventID=671	EventIDCcorpoe=671	EventType=8	EventCategory=7	RecordNumber=2542917189	TimeGenerated=1389372084	TimeWritten=1389372084	Message=User Account Unlocked:   Target Account Name: 596944   Target Domain:  POS   Target Account ID: POS\596944   Caller User Name: SVC-IDMAdmin   Caller Domain: NA   Caller Logon ID: (0x0,0x4311CF3E)   
<13>Jan 10 11:41:26 USCHPOSDC01 AgentDevice=WindowsLog	AgentLogFile=Security	PluginVersion=1.0.14	Source=Security	Computer=USCHPOSDC01	User=SVC-IDMAdmin	Domain=NA	EventID=642	EventIDCcorpoe=642	EventType=8	EventCategory=7	RecordNumber=2542917178	TimeGenerated=1389372083	TimeWritten=1389372083	Message=User Account Changed:   Target Account Name: 596944   Target Domain: POS   Target Account ID: POS\596944   Caller User Name: SVC-IDMAdmin   Caller Domain: NA   Caller Logon ID: (0x0,0x4311CFAE)   Privileges: -  Changed Attributes:   Sam Account Name: -   Display Name: -   User Principal Name: -   Home Directory: -   Home Drive: -   Script Path: -   Profile Path: -   User Workstations: -   Password Last Set: 1/10/2014 11:41:23 AM   Account Expires: -   Primary Group ID: -   AllowedTcorpoelegateTo: -   Old UAC Value: -   New UAC Value: -   User Account Control: -   User Parameters: -   Sid History: -   Logon Hours: -   
<13>Jan 10 11:39:14 USCHPOSDC01 AgentDevice=WindowsLog	AgentLogFile=Security	PluginVersion=1.0.14	Source=Security	Computer=USCHPOSDC01	User=SVC-IDMAdmin	Domain=NA	EventID=671	EventIDCcorpoe=671	EventType=8	EventCategory=7	RecordNumber=2542914557	TimeGenerated=1389371952	TimeWritten=1389371952	Message=User Account Unlocked:   Target Account Name: 160806   Target Domain:  POS   Target Account ID: POS\160806   Caller User Name: SVC-IDMAdmin   Caller Domain: NA   Caller Logon ID: (0x0,0x43109F59)   
<13>Jan 10 11:39:14 USCHPOSDC01 AgentDevice=WindowsLog	AgentLogFile=Security	PluginVersion=1.0.14	Source=Security	Computer=USCHPOSDC01	User=SVC-IDMAdmin	Domain=NA	EventID=642	EventIDCcorpoe=642	EventType=8	EventCategory=7	RecordNumber=2542914549	TimeGenerated=1389371951	TimeWritten=1389371951	Message=User Account Changed:   Target Account Name: 160806   Target Domain: POS   Target Account ID: POS\160806   Caller User Name: SVC-IDMAdmin   Caller Domain: NA   Caller Logon ID: (0x0,0x43109FDF)   Privileges: -  Changed Attributes:   Sam Account Name: -   Display Name: -   User Principal Name: -   Home Directory: -   Home Drive: -   Script Path: -   Profile Path: -   User Workstations: -   Password Last Set: 1/10/2014 11:39:11 AM   Account Expires: -   Primary Group ID: -   AllowedTcorpoelegateTo: -   Old UAC Value: -   New UAC Value: -   User Account Control: -   User Parameters: -   Sid History: -   Logon Hours: -   
<13>Jan 10 11:38:56 USCHPOSDC01 AgentDevice=WindowsLog	AgentLogFile=Security	PluginVersion=1.0.14	Source=Security	Computer=USCHPOSDC01	User=SVC-IDMAdmin	Domain=NA	EventID=671	EventIDCcorpoe=671	EventType=8	EventCategory=7	RecordNumber=2542914163	TimeGenerated=1389371933	TimeWritten=1389371933	Message=User Account Unlocked:   Target Account Name: 231954   Target Domain:  POS   Target Account ID: POS\231954   Caller User Name: SVC-IDMAdmin   Caller Domain: NA   Caller Logon ID: (0x0,0x43107C48)   
<13>Jan 10 11:38:56 USCHPOSDC01 AgentDevice=WindowsLog	AgentLogFile=Security	PluginVersion=1.0.14	Source=Security	Computer=USCHPOSDC01	User=SVC-IDMAdmin	Domain=NA	EventID=642	EventIDCcorpoe=642	EventType=8	EventCategory=7	RecordNumber=2542914153	TimeGenerated=1389371933	TimeWritten=1389371933	Message=User Account Changed:   Target Account Name: 231954   Target Domain: POS   Target Account ID: POS\231954   Caller User Name: SVC-IDMAdmin   Caller Domain: NA   Caller Logon ID: (0x0,0x43107D47)   Privileges: -  Changed Attributes:   Sam Account Name: -   Display Name: -   User Principal Name: -   Home Directory: -   Home Drive: -   Script Path: -   Profile Path: -   User Workstations: -   Password Last Set: 1/10/2014 11:38:53 AM   Account Expires: -   Primary Group ID: -   AllowedTcorpoelegateTo: -   Old UAC Value: -   New UAC Value: -   User Account Control: -   User Parameters: -   Sid History: -   Logon Hours: -   
<13>Jan 10 11:37:41 USCHPOSDC01 AgentDevice=WindowsLog	AgentLogFile=Security	PluginVersion=1.0.14	Source=Security	Computer=USCHPOSDC01	User=SVC-IDMAdmin	Domain=NA	EventID=671	EventIDCcorpoe=671	EventType=8	EventCategory=7	RecordNumber=2542912453	TimeGenerated=1389371857	TimeWritten=1389371857	Message=User Account Unlocked:   Target Account Name: 645119   Target Domain:  POS   Target Account ID: POS\645119   Caller User Name: SVC-IDMAdmin   Caller Domain: NA   Caller Logon ID: (0x0,0x430F8B94)   
<13>Jan 10 11:37:39 USCHPOSDC01 AgentDevice=WindowsLog	AgentLogFile=Security	PluginVersion=1.0.14	Source=Security	Computer=USCHPOSDC01	User=SVC-IDMAdmin	Domain=NA	EventID=642	EventIDCcorpoe=642	EventType=8	EventCategory=7	RecordNumber=2542912446	TimeGenerated=1389371857	TimeWritten=1389371857	Message=User Account Changed:   Target Account Name: 645119   Target Domain: POS   Target Account ID: POS\645119   Caller User Name: SVC-IDMAdmin   Caller Domain: NA   Caller Logon ID: (0x0,0x430F8C0E)   Privileges: -  Changed Attributes:   Sam Account Name: -   Display Name: -   User Principal Name: -   Home Directory: -   Home Drive: -   Script Path: -   Profile Path: -   User Workstations: -   Password Last Set: 1/10/2014 11:37:36 AM   Account Expires: -   Primary Group ID: -   AllowedTcorpoelegateTo: -   Old UAC Value: -   New UAC Value: -   User Account Control: -   User Parameters: -   Sid History: -   Logon Hours: -   
<13>Jan 10 11:36:16 USCHPOSDC01 AgentDevice=WindowsLog	AgentLogFile=Security	PluginVersion=1.0.14	Source=Security	Computer=USCHPOSDC01	User=SVC-IDMAdmin	Domain=NA	EventID=671	EventIDCcorpoe=671	EventType=8	EventCategory=7	RecordNumber=2542910859	TimeGenerated=1389371773	TimeWritten=1389371773	Message=User Account Unlocked:   Target Account Name: 610944   Target Domain:  POS   Target Account ID: POS\610944   Caller User Name: SVC-IDMAdmin   Caller Domain: NA   Caller Logon ID: (0x0,0x430EDBC2)   
<13>Jan 10 11:36:16 USCHPOSDC01 AgentDevice=WindowsLog	AgentLogFile=Security	PluginVersion=1.0.14	Source=Security	Computer=USCHPOSDC01	User=SVC-IDMAdmin	Domain=NA	EventID=642	EventIDCcorpoe=642	EventType=8	EventCategory=7	RecordNumber=2542910846	TimeGenerated=1389371773	TimeWritten=1389371773	Message=User Account Changed:   Target Account Name: 610944   Target Domain: POS   Target Account ID: POS\610944   Caller User Name: SVC-IDMAdmin   Caller Domain: NA   Caller Logon ID: (0x0,0x430EDC4D)   Privileges: -  Changed Attributes:   Sam Account Name: -   Display Name: -   User Principal Name: -   Home Directory: -   Home Drive: -   Script Path: -   Profile Path: -   User Workstations: -   Password Last Set: 1/10/2014 11:36:13 AM   Account Expires: -   Primary Group ID: -   AllowedTcorpoelegateTo: -   Old UAC Value: -   New UAC Value: -   User Account Control: -   User Parameters: -   Sid History: -   Logon Hours: -   
<13>Jan 10 11:36:03 USCHPOSDC01 AgentDevice=WindowsLog	AgentLogFile=Security	PluginVersion=1.0.14	Source=Security	Computer=USCHPOSDC01	User=SVC-IDMAdmin	Domain=NA	EventID=671	EventIDCcorpoe=671	EventType=8	EventCategory=7	RecordNumber=2542910546	TimeGenerated=1389371761	TimeWritten=1389371761	Message=User Account Unlocked:   Target Account Name: 646660   Target Domain:  POS   Target Account ID: POS\646660   Caller User Name: SVC-IDMAdmin   Caller Domain: NA   Caller Logon ID: (0x0,0x430E86DB)   
