<13>Jan 10 19:09:16 USHQNADC02 AgentDevice=WindowsLog	AgentLogFile=Security	PluginVersion=1.0.14	Source=Security	Computer=USHQNADC02	User=SYSTEM	Domain=NT AUTHORITY	EventID=644	EventIDCcorpoe=644	EventType=8	EventCategory=7	RecordNumber=4071800665	TimeGenerated=1389398953	TimeWritten=1389398953	Message=User Account Locked Out:   Target Account Name: JCBmgr   Target Account ID: NA\JCBmgr   Caller Machine Name: \\10.63.125.95   Caller User Name: USHQNADC02$   Caller Domain: NA   Caller Logon ID: (0x0,0x3E7)   
<13>Jan 10 18:38:30 USHQNADC02 AgentDevice=WindowsLog	AgentLogFile=Security	PluginVersion=1.0.14	Source=Security	Computer=USHQNADC02	User=SYSTEM	Domain=NT AUTHORITY	EventID=644	EventIDCcorpoe=644	EventType=8	EventCategory=7	RecordNumber=4071786833	TimeGenerated=1389397107	TimeWritten=1389397107	Message=User Account Locked Out:   Target Account Name: JCBmgr   Target Account ID: NA\JCBmgr   Caller Machine Name: \\10.63.125.95   Caller User Name: USHQNADC02$   Caller Domain: NA   Caller Logon ID: (0x0,0x3E7)   
<13>Jan 10 18:07:25 USHQNADC02 AgentDevice=WindowsLog	AgentLogFile=Security	PluginVersion=1.0.14	Source=Security	Computer=USHQNADC02	User=SYSTEM	Domain=NT AUTHORITY	EventID=644	EventIDCcorpoe=644	EventType=8	EventCategory=7	RecordNumber=4071771940	TimeGenerated=1389395242	TimeWritten=1389395242	Message=User Account Locked Out:   Target Account Name: JCBmgr   Target Account ID: NA\JCBmgr   Caller Machine Name: \\10.63.125.95   Caller User Name: USHQNADC02$   Caller Domain: NA   Caller Logon ID: (0x0,0x3E7)   
<13>Jan 10 17:36:52 USHQNADC02 AgentDevice=WindowsLog	AgentLogFile=Security	PluginVersion=1.0.14	Source=Security	Computer=USHQNADC02	User=SYSTEM	Domain=NT AUTHORITY	EventID=644	EventIDCcorpoe=644	EventType=8	EventCategory=7	RecordNumber=4071751211	TimeGenerated=1389393408	TimeWritten=1389393408	Message=User Account Locked Out:   Target Account Name: JCBmgr   Target Account ID: NA\JCBmgr   Caller Machine Name: \\10.63.125.95   Caller User Name: USHQNADC02$   Caller Domain: NA   Caller Logon ID: (0x0,0x3E7)   
<13>Jan 10 17:21:57 USHQNADC02 AgentDevice=WindowsLog	AgentLogFile=Security	PluginVersion=1.0.14	Source=Security	Computer=USHQNADC02	User=ntwsadd	Domain=NA	EventID=626	EventIDCcorpoe=626	EventType=8	EventCategory=7	RecordNumber=4071740582	TimeGenerated=1389392514	TimeWritten=1389392514	Message=User Account Enabled:   Target Account Name: LR57EWV$   Target Domain: NA   Target Account ID: NA\LR57EWV$   Caller User Name: ntwsadd   Caller Domain: NA   Caller Logon ID: (0x0,0x27A81A05)   
<13>Jan 10 17:21:57 USHQNADC02 AgentDevice=WindowsLog	AgentLogFile=Security	PluginVersion=1.0.14	Source=Security	Computer=USHQNADC02	User=ntwsadd	Domain=NA	EventID=629	EventIDCcorpoe=629	EventType=8	EventCategory=7	RecordNumber=4071740575	TimeGenerated=1389392514	TimeWritten=1389392514	Message=User Account Disabled:   Target Account Name: LR57EWV$   Target Domain: NA   Target Account ID: NA\LR57EWV$   Caller User Name: ntwsadd   Caller Domain: NA   Caller Logon ID: (0x0,0x27A81A05)   
<13>Jan 10 17:06:20 USHQNADC02 AgentDevice=WindowsLog	AgentLogFile=Security	PluginVersion=1.0.14	Source=Security	Computer=USHQNADC02	User=ANONYMOUS LOGON	Domain=NT AUTHORITY	EventID=642	EventIDCcorpoe=642	EventType=8	EventCategory=7	RecordNumber=4071728647	TimeGenerated=1389391577	TimeWritten=1389391577	Message=User Account Changed:   Target Account Name: Balaji-Karumanchi   Target Domain: NA   Target Account ID: NA\Balaji-Karumanchi   Caller User Name: USHQNADC02$   Caller Domain: NA   Caller Logon ID: (0x0,0x3E7)   Privileges: -  Changed Attributes:   Sam Account Name: -   Display Name: -   User Principal Name: -   Home Directory: -   Home Drive: -   Script Path: -   Profile Path: -   User Workstations: -   Password Last Set: 1/10/2014 5:06:17 PM   Account Expires: -   Primary Group ID: -   AllowedTcorpoelegateTo: -   Old UAC Value: -   New UAC Value: -   User Account Control: -   User Parameters: -   Sid History: -   Logon Hours: -   
<13>Jan 10 17:05:50 USHQNADC02 AgentDevice=WindowsLog	AgentLogFile=Security	PluginVersion=1.0.14	Source=Security	Computer=USHQNADC02	User=SYSTEM	Domain=NT AUTHORITY	EventID=644	EventIDCcorpoe=644	EventType=8	EventCategory=7	RecordNumber=4071728237	TimeGenerated=1389391546	TimeWritten=1389391546	Message=User Account Locked Out:   Target Account Name: JCBmgr   Target Account ID: NA\JCBmgr   Caller Machine Name: \\10.63.125.95   Caller User Name: USHQNADC02$   Caller Domain: NA   Caller Logon ID: (0x0,0x3E7)   
<13>Jan 10 16:34:28 USHQNADC02 AgentDevice=WindowsLog	AgentLogFile=Security	PluginVersion=1.0.14	Source=Security	Computer=USHQNADC02	User=SYSTEM	Domain=NT AUTHORITY	EventID=644	EventIDCcorpoe=644	EventType=8	EventCategory=7	RecordNumber=4071700401	TimeGenerated=1389389665	TimeWritten=1389389665	Message=User Account Locked Out:   Target Account Name: JCBmgr   Target Account ID: NA\JCBmgr   Caller Machine Name: \\10.63.125.95   Caller User Name: USHQNADC02$   Caller Domain: NA   Caller Logon ID: (0x0,0x3E7)   
<13>Jan 10 16:28:38 USHQNADC02 AgentDevice=WindowsLog	AgentLogFile=Security	PluginVersion=1.0.14	Source=Security	Computer=USHQNADC02	User=ntwsadd	Domain=NA	EventID=626	EventIDCcorpoe=626	EventType=8	EventCategory=7	RecordNumber=4071694963	TimeGenerated=1389389314	TimeWritten=1389389314	Message=User Account Enabled:   Target Account Name: R9V1MLA$   Target Domain: NA   Target Account ID: NA\R9V1MLA$   Caller User Name: ntwsadd   Caller Domain: NA   Caller Logon ID: (0x0,0x2796D982)   
<13>Jan 10 16:28:38 USHQNADC02 AgentDevice=WindowsLog	AgentLogFile=Security	PluginVersion=1.0.14	Source=Security	Computer=USHQNADC02	User=ntwsadd	Domain=NA	EventID=629	EventIDCcorpoe=629	EventType=8	EventCategory=7	RecordNumber=4071694956	TimeGenerated=1389389314	TimeWritten=1389389314	Message=User Account Disabled:   Target Account Name: R9V1MLA$   Target Domain: NA   Target Account ID: NA\R9V1MLA$   Caller User Name: ntwsadd   Caller Domain: NA   Caller Logon ID: (0x0,0x2796D982)   
<13>Jan 10 16:04:04 USHQNADC02 AgentDevice=WindowsLog	AgentLogFile=Security	PluginVersion=1.0.14	Source=Security	Computer=USHQNADC02	User=SYSTEM	Domain=NT AUTHORITY	EventID=644	EventIDCcorpoe=644	EventType=8	EventCategory=7	RecordNumber=4071671814	TimeGenerated=1389387840	TimeWritten=1389387840	Message=User Account Locked Out:   Target Account Name: JCBmgr   Target Account ID: NA\JCBmgr   Caller Machine Name: \\10.63.125.95   Caller User Name: USHQNADC02$   Caller Domain: NA   Caller Logon ID: (0x0,0x3E7)   
<13>Jan 10 15:58:05 USHQNADC02 AgentDevice=WindowsLog	AgentLogFile=Security	PluginVersion=1.0.14	Source=Security	Computer=USHQNADC02	User=Carolina-Carpio	Domain=NA	EventID=642	EventIDCcorpoe=642	EventType=8	EventCategory=7	RecordNumber=4071665163	TimeGenerated=1389387482	TimeWritten=1389387482	Message=User Account Changed:   Target Account Name: Carolina-Carpio   Target Domain: NA   Target Account ID: NA\Carolina-Carpio   Caller User Name: Carolina-Carpio   Caller Domain: NA   Caller Logon ID: (0x0,0x278A276E)   Privileges: -  Changed Attributes:   Sam Account Name: -   Display Name: -   User Principal Name: -   Home Directory: -   Home Drive: -   Script Path: -   Profile Path: -   User Workstations: -   Password Last Set: 1/10/2014 3:58:01 PM   Account Expires: -   Primary Group ID: -   AllowedTcorpoelegateTo: -   Old UAC Value: -   New UAC Value: -   User Account Control: -   User Parameters: -   Sid History: -   Logon Hours: -   
<13>Jan 10 15:48:15 USHQNADC02 AgentDevice=WindowsLog	AgentLogFile=Security	PluginVersion=1.0.14	Source=Security	Computer=USHQNADC02	User=Stephan-Kober	Domain=NA	EventID=671	EventIDCcorpoe=671	EventType=8	EventCategory=7	RecordNumber=4071654351	TimeGenerated=1389386892	TimeWritten=1389386892	Message=User Account Unlocked:   Target Account Name: Carolina-Carpio   Target Domain:  NA   Target Account ID: NA\Carolina-Carpio   Caller User Name: Stephan-Kober   Caller Domain: NA   Caller Logon ID: (0x0,0x2786A164)   
<13>Jan 10 15:33:47 USHQNADC02 AgentDevice=WindowsLog	AgentLogFile=Security	PluginVersion=1.0.14	Source=Security	Computer=USHQNADC02	User=SYSTEM	Domain=NT AUTHORITY	EventID=644	EventIDCcorpoe=644	EventType=8	EventCategory=7	RecordNumber=4071640166	TimeGenerated=1389386023	TimeWritten=1389386023	Message=User Account Locked Out:   Target Account Name: JCBmgr   Target Account ID: NA\JCBmgr   Caller Machine Name: \\10.63.125.95   Caller User Name: USHQNADC02$   Caller Domain: NA   Caller Logon ID: (0x0,0x3E7)   
<13>Jan 10 15:26:55 USHQNADC02 AgentDevice=WindowsLog	AgentLogFile=Security	PluginVersion=1.0.14	Source=Security	Computer=USHQNADC02	User=Marianne-Kritikos	Domain=NA	EventID=642	EventIDCcorpoe=642	EventType=8	EventCategory=7	RecordNumber=4071634153	TimeGenerated=1389385611	TimeWritten=1389385611	Message=User Account Changed:   Target Account Name: Marianne-Kritikos   Target Domain: NA   Target Account ID: NA\Marianne-Kritikos   Caller User Name: Marianne-Kritikos   Caller Domain: NA   Caller Logon ID: (0x0,0x277E4BFA)   Privileges: -  Changed Attributes:   Sam Account Name: -   Display Name: -   User Principal Name: -   Home Directory: -   Home Drive: -   Script Path: -   Profile Path: -   User Workstations: -   Password Last Set: 1/10/2014 3:26:51 PM   Account Expires: -   Primary Group ID: -   AllowedTcorpoelegateTo: -   Old UAC Value: -   New UAC Value: -   User Account Control: -   User Parameters: -   Sid History: -   Logon Hours: -   
<13>Jan 10 15:03:23 USHQNADC02 AgentDevice=WindowsLog	AgentLogFile=Security	PluginVersion=1.0.14	Source=Security	Computer=USHQNADC02	User=SYSTEM	Domain=NT AUTHORITY	EventID=644	EventIDCcorpoe=644	EventType=8	EventCategory=7	RecordNumber=4071611732	TimeGenerated=1389384200	TimeWritten=1389384200	Message=User Account Locked Out:   Target Account Name: JCBmgr   Target Account ID: NA\JCBmgr   Caller Machine Name: \\10.63.125.95   Caller User Name: USHQNADC02$   Caller Domain: NA   Caller Logon ID: (0x0,0x3E7)   
<13>Jan 10 14:39:11 USHQNADC02 AgentDevice=WindowsLog	AgentLogFile=Security	PluginVersion=1.0.14	Source=Security	Computer=USHQNADC02	User=ntwsadd	Domain=NA	EventID=626	EventIDCcorpoe=626	EventType=8	EventCategory=7	RecordNumber=4071590063	TimeGenerated=1389382748	TimeWritten=1389382748	Message=User Account Enabled:   Target Account Name: MJGFKTZ$   Target Domain: NA   Target Account ID: NA\MJGFKTZ$   Caller User Name: ntwsadd   Caller Domain: NA   Caller Logon ID: (0x0,0x276E78B6)   
<13>Jan 10 14:39:11 USHQNADC02 AgentDevice=WindowsLog	AgentLogFile=Security	PluginVersion=1.0.14	Source=Security	Computer=USHQNADC02	User=ntwsadd	Domain=NA	EventID=629	EventIDCcorpoe=629	EventType=8	EventCategory=7	RecordNumber=4071590059	TimeGenerated=1389382748	TimeWritten=1389382748	Message=User Account Disabled:   Target Account Name: MJGFKTZ$   Target Domain: NA   Target Account ID: NA\MJGFKTZ$   Caller User Name: ntwsadd   Caller Domain: NA   Caller Logon ID: (0x0,0x276E78B6)   
<13>Jan 10 14:32:29 USHQNADC02 AgentDevice=WindowsLog	AgentLogFile=Security	PluginVersion=1.0.14	Source=Security	Computer=USHQNADC02	User=SYSTEM	Domain=NT AUTHORITY	EventID=644	EventIDCcorpoe=644	EventType=8	EventCategory=7	RecordNumber=4071584242	TimeGenerated=1389382346	TimeWritten=1389382346	Message=User Account Locked Out:   Target Account Name: JCBmgr   Target Account ID: NA\JCBmgr   Caller Machine Name: \\10.63.125.95   Caller User Name: USHQNADC02$   Caller Domain: NA   Caller Logon ID: (0x0,0x3E7)   
<13>Jan 10 14:01:48 USHQNADC02 AgentDevice=WindowsLog	AgentLogFile=Security	PluginVersion=1.0.14	Source=Security	Computer=USHQNADC02	User=SYSTEM	Domain=NT AUTHORITY	EventID=644	EventIDCcorpoe=644	EventType=8	EventCategory=7	RecordNumber=4071532085	TimeGenerated=1389380506	TimeWritten=1389380506	Message=User Account Locked Out:   Target Account Name: JCBmgr   Target Account ID: NA\JCBmgr   Caller Machine Name: \\10.63.125.95   Caller User Name: USHQNADC02$   Caller Domain: NA   Caller Logon ID: (0x0,0x3E7)   
<13>Jan 10 13:31:06 USHQNADC02 AgentDevice=WindowsLog	AgentLogFile=Security	PluginVersion=1.0.14	Source=Security	Computer=USHQNADC02	User=SYSTEM	Domain=NT AUTHORITY	EventID=644	EventIDCcorpoe=644	EventType=8	EventCategory=7	RecordNumber=4071491282	TimeGenerated=1389378662	TimeWritten=1389378662	Message=User Account Locked Out:   Target Account Name: JCBmgr   Target Account ID: NA\JCBmgr   Caller Machine Name: \\10.63.125.95   Caller User Name: USHQNADC02$   Caller Domain: NA   Caller Logon ID: (0x0,0x3E7)   
<13>Jan 10 12:58:20 USHQNADC02 AgentDevice=WindowsLog	AgentLogFile=Security	PluginVersion=1.0.14	Source=Security	Computer=USHQNADC02	User=SYSTEM	Domain=NT AUTHORITY	EventID=644	EventIDCcorpoe=644	EventType=8	EventCategory=7	RecordNumber=4071459928	TimeGenerated=1389376697	TimeWritten=1389376697	Message=User Account Locked Out:   Target Account Name: JCBmgr   Target Account ID: NA\JCBmgr   Caller Machine Name: \\10.63.125.95   Caller User Name: USHQNADC02$   Caller Domain: NA   Caller Logon ID: (0x0,0x3E7)   
<13>Jan 10 12:57:52 USHQNADC02 AgentDevice=WindowsLog	AgentLogFile=Security	PluginVersion=1.0.14	Source=Security	Computer=USHQNADC02	User=SYSTEM	Domain=NT AUTHORITY	EventID=644	EventIDCcorpoe=644	EventType=8	EventCategory=7	RecordNumber=4071459514	TimeGenerated=1389376669	TimeWritten=1389376669	Message=User Account Locked Out:   Target Account Name: Lance-Pearce   Target Account ID: NA\Lance-Pearce   Caller Machine Name: CNU3439673   Caller User Name: USHQNADC02$   Caller Domain: NA   Caller Logon ID: (0x0,0x3E7)   
<13>Jan 10 12:34:01 USHQNADC02 AgentDevice=WindowsLog	AgentLogFile=Security	PluginVersion=1.0.14	Source=Security	Computer=USHQNADC02	User=K-Listewnik	Domain=NA	EventID=671	EventIDCcorpoe=671	EventType=8	EventCategory=7	RecordNumber=4071420693	TimeGenerated=1389375238	TimeWritten=1389375238	Message=User Account Unlocked:   Target Account Name: Cassandra-Strickland   Target Domain:  NA   Target Account ID: NA\Cassandra-Strickland   Caller User Name: K-Listewnik   Caller Domain: NA   Caller Logon ID: (0x0,0x2737F8D6)   
<13>Jan 10 11:38:38 USHQNADC02 AgentDevice=WindowsLog	AgentLogFile=Security	PluginVersion=1.0.14	Source=Security	Computer=USHQNADC02	User=ntwsadd	Domain=NA	EventID=626	EventIDCcorpoe=626	EventType=8	EventCategory=7	RecordNumber=4071380279	TimeGenerated=1389371914	TimeWritten=1389371914	Message=User Account Enabled:   Target Account Name: LR7K3K9$   Target Domain: NA   Target Account ID: NA\LR7K3K9$   Caller User Name: ntwsadd   Caller Domain: NA   Caller Logon ID: (0x0,0x2723DEC5)   
<13>Jan 10 11:38:36 USHQNADC02 AgentDevice=WindowsLog	AgentLogFile=Security	PluginVersion=1.0.14	Source=Security	Computer=USHQNADC02	User=ntwsadd	Domain=NA	EventID=629	EventIDCcorpoe=629	EventType=8	EventCategory=7	RecordNumber=4071380272	TimeGenerated=1389371913	TimeWritten=1389371913	Message=User Account Disabled:   Target Account Name: LR7K3K9$   Target Domain: NA   Target Account ID: NA\LR7K3K9$   Caller User Name: ntwsadd   Caller Domain: NA   Caller Logon ID: (0x0,0x2723DEC5)   
<13>Jan 10 11:35:48 USHQNADC02 AgentDevice=WindowsLog	AgentLogFile=Security	PluginVersion=1.0.14	Source=Security	Computer=USHQNADC02	User=ntwsadd	Domain=NA	EventID=626	EventIDCcorpoe=626	EventType=8	EventCategory=7	RecordNumber=4071377813	TimeGenerated=1389371744	TimeWritten=1389371744	Message=User Account Enabled:   Target Account Name: R9YMANA$   Target Domain: NA   Target Account ID: NA\R9YMANA$   Caller User Name: ntwsadd   Caller Domain: NA   Caller Logon ID: (0x0,0x2722E12E)   
<13>Jan 10 11:35:48 USHQNADC02 AgentDevice=WindowsLog	AgentLogFile=Security	PluginVersion=1.0.14	Source=Security	Computer=USHQNADC02	User=ntwsadd	Domain=NA	EventID=629	EventIDCcorpoe=629	EventType=8	EventCategory=7	RecordNumber=4071377807	TimeGenerated=1389371744	TimeWritten=1389371744	Message=User Account Disabled:   Target Account Name: R9YMANA$   Target Domain: NA   Target Account ID: NA\R9YMANA$   Caller User Name: ntwsadd   Caller Domain: NA   Caller Logon ID: (0x0,0x2722E12E)   
<13>Jan 10 11:33:16 USHQNADC02 AgentDevice=WindowsLog	AgentLogFile=Security	PluginVersion=1.0.14	Source=Security	Computer=USHQNADC02	User=ntwsadd	Domain=NA	EventID=626	EventIDCcorpoe=626	EventType=8	EventCategory=7	RecordNumber=4071375285	TimeGenerated=1389371592	TimeWritten=1389371592	Message=User Account Enabled:   Target Account Name: R9T6X2X$   Target Domain: NA   Target Account ID: NA\R9T6X2X$   Caller User Name: ntwsadd   Caller Domain: NA   Caller Logon ID: (0x0,0x27220B2E)   
<13>Jan 10 11:33:16 USHQNADC02 AgentDevice=WindowsLog	AgentLogFile=Security	PluginVersion=1.0.14	Source=Security	Computer=USHQNADC02	User=ntwsadd	Domain=NA	EventID=629	EventIDCcorpoe=629	EventType=8	EventCategory=7	RecordNumber=4071375280	TimeGenerated=1389371592	TimeWritten=1389371592	Message=User Account Disabled:   Target Account Name: R9T6X2X$   Target Domain: NA   Target Account ID: NA\R9T6X2X$   Caller User Name: ntwsadd   Caller Domain: NA   Caller Logon ID: (0x0,0x27220B2E)   
<13>Jan 10 11:32:13 USHQNADC02 AgentDevice=WindowsLog	AgentLogFile=Security	PluginVersion=1.0.14	Source=Security	Computer=USHQNADC02	User=ntwsadd	Domain=NA	EventID=626	EventIDCcorpoe=626	EventType=8	EventCategory=7	RecordNumber=4071374478	TimeGenerated=1389371526	TimeWritten=1389371526	Message=User Account Enabled:   Target Account Name: R9RG6VV$   Target Domain: NA   Target Account ID: NA\R9RG6VV$   Caller User Name: ntwsadd   Caller Domain: NA   Caller Logon ID: (0x0,0x2721C277)   
<13>Jan 10 11:32:13 USHQNADC02 AgentDevice=WindowsLog	AgentLogFile=Security	PluginVersion=1.0.14	Source=Security	Computer=USHQNADC02	User=ntwsadd	Domain=NA	EventID=629	EventIDCcorpoe=629	EventType=8	EventCategory=7	RecordNumber=4071374471	TimeGenerated=1389371526	TimeWritten=1389371526	Message=User Account Disabled:   Target Account Name: R9RG6VV$   Target Domain: NA   Target Account ID: NA\R9RG6VV$   Caller User Name: ntwsadd   Caller Domain: NA   Caller Logon ID: (0x0,0x2721C277)   
<13>Jan 10 11:31:15 USHQNADC02 AgentDevice=WindowsLog	AgentLogFile=Security	PluginVersion=1.0.14	Source=Security	Computer=USHQNADC02	User=ntwsadd	Domain=NA	EventID=626	EventIDCcorpoe=626	EventType=8	EventCategory=7	RecordNumber=4071373604	TimeGenerated=1389371471	TimeWritten=1389371471	Message=User Account Enabled:   Target Account Name: PB9Y11L$   Target Domain: NA   Target Account ID: NA\PB9Y11L$   Caller User Name: ntwsadd   Caller Domain: NA   Caller Logon ID: (0x0,0x27216A9D)   
<13>Jan 10 11:31:15 USHQNADC02 AgentDevice=WindowsLog	AgentLogFile=Security	PluginVersion=1.0.14	Source=Security	Computer=USHQNADC02	User=ntwsadd	Domain=NA	EventID=629	EventIDCcorpoe=629	EventType=8	EventCategory=7	RecordNumber=4071373597	TimeGenerated=1389371471	TimeWritten=1389371471	Message=User Account Disabled:   Target Account Name: PB9Y11L$   Target Domain: NA   Target Account ID: NA\PB9Y11L$   Caller User Name: ntwsadd   Caller Domain: NA   Caller Logon ID: (0x0,0x27216A9D)   
<13>Jan 10 11:30:08 USHQNADC02 AgentDevice=WindowsLog	AgentLogFile=Security	PluginVersion=1.0.14	Source=Security	Computer=USHQNADC02	User=ntwsadd	Domain=NA	EventID=626	EventIDCcorpoe=626	EventType=8	EventCategory=7	RecordNumber=4071372610	TimeGenerated=1389371404	TimeWritten=1389371404	Message=User Account Enabled:   Target Account Name: PK0875N$   Target Domain: NA   Target Account ID: NA\PK0875N$   Caller User Name: ntwsadd   Caller Domain: NA   Caller Logon ID: (0x0,0x2720F1A8)   
<13>Jan 10 11:30:08 USHQNADC02 AgentDevice=WindowsLog	AgentLogFile=Security	PluginVersion=1.0.14	Source=Security	Computer=USHQNADC02	User=ntwsadd	Domain=NA	EventID=629	EventIDCcorpoe=629	EventType=8	EventCategory=7	RecordNumber=4071372602	TimeGenerated=1389371404	TimeWritten=1389371404	Message=User Account Disabled:   Target Account Name: PK0875N$   Target Domain: NA   Target Account ID: NA\PK0875N$   Caller User Name: ntwsadd   Caller Domain: NA   Caller Logon ID: (0x0,0x2720F1A8)   
<13>Jan 10 11:28:49 USHQNADC02 AgentDevice=WindowsLog	AgentLogFile=Security	PluginVersion=1.0.14	Source=Security	Computer=USHQNADC02	User=610019MAN	Domain=NA	EventID=671	EventIDCcorpoe=671	EventType=8	EventCategory=7	RecordNumber=4071371237	TimeGenerated=1389371327	TimeWritten=1389371327	Message=User Account Unlocked:   Target Account Name: Adrian-Macean   Target Domain:  NA   Target Account ID: NA\Adrian-Macean   Caller User Name: 610019MAN   Caller Domain: NA   Caller Logon ID: (0x0,0x27207E77)   
<13>Jan 10 11:25:09 USHQNADC02 AgentDevice=WindowsLog	AgentLogFile=Security	PluginVersion=1.0.14	Source=Security	Computer=USHQNADC02	User=Carmen-DelValle-Mill	Domain=NA	EventID=642	EventIDCcorpoe=642	EventType=8	EventCategory=7	RecordNumber=4071367898	TimeGenerated=1389371105	TimeWritten=1389371105	Message=User Account Changed:   Target Account Name: Jireh-Fabian   Target Domain: NA   Target Account ID: NA\Jireh-Fabian   Caller User Name: Carmen-DelValle-Mill   Caller Domain: NA   Caller Logon ID: (0x0,0x271F2F38)   Privileges: -  Changed Attributes:   Sam Account Name: -   Display Name: -   User Principal Name: -   Home Directory: -   Home Drive: -   Script Path: -   Profile Path: -   User Workstations: -   Password Last Set: <never>    Account Expires: -   Primary Group ID: -   AllowedTcorpoelegateTo: -   Old UAC Value: -   New UAC Value: -   User Account Control: -   User Parameters: -   Sid History: -   Logon Hours: -   
<13>Jan 10 11:25:09 USHQNADC02 AgentDevice=WindowsLog	AgentLogFile=Security	PluginVersion=1.0.14	Source=Security	Computer=USHQNADC02	User=Carmen-DelValle-Mill	Domain=NA	EventID=642	EventIDCcorpoe=642	EventType=8	EventCategory=7	RecordNumber=4071367876	TimeGenerated=1389371105	TimeWritten=1389371105	Message=User Account Changed:   Target Account Name: Jireh-Fabian   Target Domain: NA   Target Account ID: NA\Jireh-Fabian   Caller User Name: Carmen-DelValle-Mill   Caller Domain: NA   Caller Logon ID: (0x0,0x271F31F1)   Privileges: -  Changed Attributes:   Sam Account Name: -   Display Name: -   User Principal Name: -   Home Directory: -   Home Drive: -   Script Path: -   Profile Path: -   User Workstations: -   Password Last Set: 1/10/2014 11:25:05 AM   Account Expires: -   Primary Group ID: -   AllowedTcorpoelegateTo: -   Old UAC Value: -   New UAC Value: -   User Account Control: -   User Parameters: -   Sid History: -   Logon Hours: -   
<13>Jan 10 11:13:07 USHQNADC02 AgentDevice=WindowsLog	AgentLogFile=Security	PluginVersion=1.0.14	Source=Security	Computer=USHQNADC02	User=ntwsadd	Domain=NA	EventID=626	EventIDCcorpoe=626	EventType=8	EventCategory=7	RecordNumber=4071357561	TimeGenerated=1389370384	TimeWritten=1389370384	Message=User Account Enabled:   Target Account Name: CNU401988R$   Target Domain: NA   Target Account ID: NA\CNU401988R$   Caller User Name: ntwsadd   Caller Domain: NA   Caller Logon ID: (0x0,0x271B6E1D)   
<13>Jan 10 10:55:19 USHQNADC02 AgentDevice=WindowsLog	AgentLogFile=Security	PluginVersion=1.0.14	Source=Security	Computer=USHQNADC02	User=SYSTEM	Domain=NT AUTHORITY	EventID=644	EventIDCcorpoe=644	EventType=8	EventCategory=7	RecordNumber=4071340586	TimeGenerated=1389369316	TimeWritten=1389369316	Message=User Account Locked Out:   Target Account Name: JCBmgr   Target Account ID: NA\JCBmgr   Caller Machine Name: \\10.63.125.95   Caller User Name: USHQNADC02$   Caller Domain: NA   Caller Logon ID: (0x0,0x3E7)   
<13>Jan 10 10:25:30 USHQNADC02 AgentDevice=WindowsLog	AgentLogFile=Security	PluginVersion=1.0.14	Source=Security	Computer=USHQNADC02	User=SYSTEM	Domain=NT AUTHORITY	EventID=644	EventIDCcorpoe=644	EventType=8	EventCategory=7	RecordNumber=4071297826	TimeGenerated=1389367461	TimeWritten=1389367461	Message=User Account Locked Out:   Target Account Name: JCBmgr   Target Account ID: NA\JCBmgr   Caller Machine Name: \\10.63.125.95   Caller User Name: USHQNADC02$   Caller Domain: NA   Caller Logon ID: (0x0,0x3E7)   
<13>Jan 10 10:22:43 USHQNADC02 AgentDevice=WindowsLog	AgentLogFile=Security	PluginVersion=1.0.14	Source=Security	Computer=USHQNADC02	User=ntwsadd	Domain=NA	EventID=626	EventIDCcorpoe=626	EventType=8	EventCategory=7	RecordNumber=4071289806	TimeGenerated=1389367339	TimeWritten=1389367339	Message=User Account Enabled:   Target Account Name: MJGFKTZ$   Target Domain: NA   Target Account ID: NA\MJGFKTZ$   Caller User Name: ntwsadd   Caller Domain: NA   Caller Logon ID: (0x0,0x2705B724)   
<13>Jan 10 10:22:43 USHQNADC02 AgentDevice=WindowsLog	AgentLogFile=Security	PluginVersion=1.0.14	Source=Security	Computer=USHQNADC02	User=ntwsadd	Domain=NA	EventID=629	EventIDCcorpoe=629	EventType=8	EventCategory=7	RecordNumber=4071289796	TimeGenerated=1389367339	TimeWritten=1389367339	Message=User Account Disabled:   Target Account Name: MJGFKTZ$   Target Domain: NA   Target Account ID: NA\MJGFKTZ$   Caller User Name: ntwsadd   Caller Domain: NA   Caller Logon ID: (0x0,0x2705B724)   
<13>Jan 10 10:08:03 USHQNADC02 AgentDevice=WindowsLog	AgentLogFile=Security	PluginVersion=1.0.14	Source=Security	Computer=USHQNADC02	User=ANONYMOUS LOGON	Domain=NT AUTHORITY	EventID=642	EventIDCcorpoe=642	EventType=8	EventCategory=7	RecordNumber=4071271272	TimeGenerated=1389366480	TimeWritten=1389366480	Message=User Account Changed:   Target Account Name: Michael-Stephens   Target Domain: NA   Target Account ID: NA\Michael-Stephens   Caller User Name: USHQNADC02$   Caller Domain: NA   Caller Logon ID: (0x0,0x3E7)   Privileges: -  Changed Attributes:   Sam Account Name: -   Display Name: -   User Principal Name: -   Home Directory: -   Home Drive: -   Script Path: -   Profile Path: -   User Workstations: -   Password Last Set: 1/10/2014 10:08:00 AM   Account Expires: -   Primary Group ID: -   AllowedTcorpoelegateTo: -   Old UAC Value: -   New UAC Value: -   User Account Control: -   User Parameters: -   Sid History: -   Logon Hours: -   
<13>Jan 10 10:02:56 USHQNADC02 AgentDevice=WindowsLog	AgentLogFile=Security	PluginVersion=1.0.14	Source=Security	Computer=USHQNADC02	User=ntwsadd	Domain=NA	EventID=626	EventIDCcorpoe=626	EventType=8	EventCategory=7	RecordNumber=4071264200	TimeGenerated=1389366172	TimeWritten=1389366172	Message=User Account Enabled:   Target Account Name: PBC89EK$   Target Domain: NA   Target Account ID: NA\PBC89EK$   Caller User Name: ntwsadd   Caller Domain: NA   Caller Logon ID: (0x0,0x26FD5080)   
<13>Jan 10 10:02:56 USHQNADC02 AgentDevice=WindowsLog	AgentLogFile=Security	PluginVersion=1.0.14	Source=Security	Computer=USHQNADC02	User=ntwsadd	Domain=NA	EventID=629	EventIDCcorpoe=629	EventType=8	EventCategory=7	RecordNumber=4071264193	TimeGenerated=1389366172	TimeWritten=1389366172	Message=User Account Disabled:   Target Account Name: PBC89EK$   Target Domain: NA   Target Account ID: NA\PBC89EK$   Caller User Name: ntwsadd   Caller Domain: NA   Caller Logon ID: (0x0,0x26FD5080)   
<13>Jan 10 09:53:43 USHQNADC02 AgentDevice=WindowsLog	AgentLogFile=Security	PluginVersion=1.0.14	Source=Security	Computer=USHQNADC02	User=SYSTEM	Domain=NT AUTHORITY	EventID=644	EventIDCcorpoe=644	EventType=8	EventCategory=7	RecordNumber=4071252627	TimeGenerated=1389365620	TimeWritten=1389365620	Message=User Account Locked Out:   Target Account Name: JCBmgr   Target Account ID: NA\JCBmgr   Caller Machine Name: \\10.63.125.95   Caller User Name: USHQNADC02$   Caller Domain: NA   Caller Logon ID: (0x0,0x3E7)   
<13>Jan 10 09:24:29 USHQNADC02 AgentDevice=WindowsLog	AgentLogFile=Security	PluginVersion=1.0.14	Source=Security	Computer=USHQNADC02	User=ANONYMOUS LOGON	Domain=NT AUTHORITY	EventID=642	EventIDCcorpoe=642	EventType=8	EventCategory=7	RecordNumber=4071201925	TimeGenerated=1389363866	TimeWritten=1389363866	Message=User Account Changed:   Target Account Name: Tung-Nguyen1   Target Domain: NA   Target Account ID: NA\Tung-Nguyen1   Caller User Name: USHQNADC02$   Caller Domain: NA   Caller Logon ID: (0x0,0x3E7)   Privileges: -  Changed Attributes:   Sam Account Name: -   Display Name: -   User Principal Name: -   Home Directory: -   Home Drive: -   Script Path: -   Profile Path: -   User Workstations: -   Password Last Set: 1/10/2014 9:24:26 AM   Account Expires: -   Primary Group ID: -   AllowedTcorpoelegateTo: -   Old UAC Value: -   New UAC Value: -   User Account Control: -   User Parameters: -   Sid History: -   Logon Hours: -   
<13>Jan 10 09:22:50 USHQNADC02 AgentDevice=WindowsLog	AgentLogFile=Security	PluginVersion=1.0.14	Source=Security	Computer=USHQNADC02	User=SYSTEM	Domain=NT AUTHORITY	EventID=644	EventIDCcorpoe=644	EventType=8	EventCategory=7	RecordNumber=4071200376	TimeGenerated=1389363767	TimeWritten=1389363767	Message=User Account Locked Out:   Target Account Name: JCBmgr   Target Account ID: NA\JCBmgr   Caller Machine Name: \\10.63.125.95   Caller User Name: USHQNADC02$   Caller Domain: NA   Caller Logon ID: (0x0,0x3E7)   
