<13>Jan 10 11:13:07 USHQNADC02 AgentDevice=WindowsLog	AgentLogFile=Security	PluginVersion=1.0.14	Source=Security	Computer=USHQNADC02	User=ntwsadd	Domain=NA	EventID=645	EventIDCcorpoe=645	EventType=8	EventCategory=7	RecordNumber=4071357560	TimeGenerated=1389370384	TimeWritten=1389370384	Message=Computer Account Created:   New Account Name: CNU401988R$   New Domain: NA   New Account ID: NA\CNU401988R$   Caller User Name: ntwsadd   Caller Domain: NA   Caller Logon ID: (0x0,0x271B6E1D)   Privileges  -  Attributes:   Sam Account Name: CNU401988R$   Display Name: -   User Principal Name: -   Home Directory: -   Home Drive: -   Script Path: -   Profile Path: -   User Workstations: -   Password Last Set: 1/10/2014 11:13:04 AM   Account Expires: <never>    Primary Group ID: 515   AllowedTcorpoelegateTo: -   Old UAC Value: 0x0   New UAC Value: 0x80   User Account Control:    'Workstation Trust Account' - Enabled    User Parameters: -   Sid History: -   Logon Hours: <value not set>    DNS Host Name: CNU401988R.na.corpo.net   Service Principal Names:    HOST/CNU401988R.na.corpo.net   RestrictedKrbHost/CNU401988R.na.corpo.net   HOST/CNU401988R   RestrictedKrbHost/CNU401988R    
<13>Jan 13 08:50:43 USHQNADC02 AgentDevice=WindowsLog	AgentLogFile=Security	PluginVersion=1.0.14	Source=Security	Computer=USHQNADC02	User=ANONYMOUS LOGON	Domain=NT AUTHORITY	EventID=642	EventIDCcorpoe=642	EventType=8	EventCategory=7	RecordNumber=4073074001	TimeGenerated=1389621039	TimeWritten=1389621039	Message=User Account Changed:   Target Account Name: Jayna-Marshall   Target Domain: NA   Target Account ID: NA\Jayna-Marshall   Caller User Name: ANONYMOUS LOGON   Caller Domain: NT AUTHORITY   Caller Logon ID: (0x0,0x2AD12D6E)   Privileges: -  Changed Attributes:   Sam Account Name: -   Display Name: -   User Principal Name: -   Home Directory: -   Home Drive: -   Script Path: -   Profile Path: -   User Workstations: -   Password Last Set: 1/13/2014 8:50:39 AM   Account Expires: -   Primary Group ID: -   AllowedTcorpoelegateTo: -   Old UAC Value: -   New UAC Value: -   User Account Control: -   User Parameters: -   Sid History: -   Logon Hours: -   
<13>Jan 13 08:50:39 USHQNADC02 AgentDevice=WindowsLog	AgentLogFile=Security	PluginVersion=1.0.14	Source=Security	Computer=USHQNADC02	User=Claudia-Mathias	Domain=NA	EventID=642	EventIDCcorpoe=642	EventType=8	EventCategory=7	RecordNumber=4073073884	TimeGenerated=1389621035	TimeWritten=1389621035	Message=User Account Changed:   Target Account Name: Claudia-Mathias   Target Domain: NA   Target Account ID: NA\Claudia-Mathias   Caller User Name: Claudia-Mathias   Caller Domain: NA   Caller Logon ID: (0x0,0x2AD1222D)   Privileges: -  Changed Attributes:   Sam Account Name: -   Display Name: -   User Principal Name: -   Home Directory: -   Home Drive: -   Script Path: -   Profile Path: -   User Workstations: -   Password Last Set: 1/13/2014 8:50:35 AM   Account Expires: -   Primary Group ID: -   AllowedTcorpoelegateTo: -   Old UAC Value: -   New UAC Value: -   User Account Control: -   User Parameters: -   Sid History: -   Logon Hours: -   
<13>Jan 13 08:49:01 USHQNADC02 AgentDevice=WindowsLog	AgentLogFile=Security	PluginVersion=1.0.14	Source=Security	Computer=USHQNADC02	User=Casey-Makel	Domain=NA	EventID=642	EventIDCcorpoe=642	EventType=8	EventCategory=7	RecordNumber=4073071242	TimeGenerated=1389620937	TimeWritten=1389620937	Message=User Account Changed:   Target Account Name: Casey-Makel   Target Domain: NA   Target Account ID: NA\Casey-Makel   Caller User Name: Casey-Makel   Caller Domain: NA   Caller Logon ID: (0x0,0x2AD04628)   Privileges: -  Changed Attributes:   Sam Account Name: -   Display Name: -   User Principal Name: -   Home Directory: -   Home Drive: -   Script Path: -   Profile Path: -   User Workstations: -   Password Last Set: 1/13/2014 8:48:57 AM   Account Expires: -   Primary Group ID: -   AllowedTcorpoelegateTo: -   Old UAC Value: -   New UAC Value: -   User Account Control: -   User Parameters: -   Sid History: -   Logon Hours: -   
<13>Jan 13 08:42:12 USHQNADC02 AgentDevice=WindowsLog	AgentLogFile=Security	PluginVersion=1.0.14	Source=Security	Computer=USHQNADC02	User=SYSTEM	Domain=NT AUTHORITY	EventID=644	EventIDCcorpoe=644	EventType=8	EventCategory=7	RecordNumber=4073058040	TimeGenerated=1389620528	TimeWritten=1389620528	Message=User Account Locked Out:   Target Account Name: S-Cohen-Lichtenstei   Target Account ID: %{S-1-5-21-329068152-343818398-1801674531-617106}   Caller Machine Name: R9LWXFZ   Caller User Name: USHQNADC02$   Caller Domain: NA   Caller Logon ID: (0x0,0x3E7)   
<13>Jan 13 08:39:41 USHQNADC02 AgentDevice=WindowsLog	AgentLogFile=Security	PluginVersion=1.0.14	Source=Security	Computer=USHQNADC02	User=SYSTEM	Domain=NT AUTHORITY	EventID=644	EventIDCcorpoe=644	EventType=8	EventCategory=7	RecordNumber=4073054340	TimeGenerated=1389620379	TimeWritten=1389620379	Message=User Account Locked Out:   Target Account Name: Michael-Glasney   Target Account ID: NA\Michael-Glasney   Caller Machine Name: R9YHFAH   Caller User Name: USHQNADC02$   Caller Domain: NA   Caller Logon ID: (0x0,0x3E7)   
<13>Jan 13 08:36:02 USHQNADC02 AgentDevice=WindowsLog	AgentLogFile=Security	PluginVersion=1.0.14	Source=Security	Computer=USHQNADC02	User=Bruce-Kenyon	Domain=NA	EventID=642	EventIDCcorpoe=642	EventType=8	EventCategory=7	RecordNumber=4073048491	TimeGenerated=1389620160	TimeWritten=1389620160	Message=User Account Changed:   Target Account Name: Bruce-Kenyon   Target Domain: NA   Target Account ID: NA\Bruce-Kenyon   Caller User Name: Bruce-Kenyon   Caller Domain: NA   Caller Logon ID: (0x0,0x2AC8B531)   Privileges: -  Changed Attributes:   Sam Account Name: -   Display Name: -   User Principal Name: -   Home Directory: -   Home Drive: -   Script Path: -   Profile Path: -   User Workstations: -   Password Last Set: 1/13/2014 8:36:00 AM   Account Expires: -   Primary Group ID: -   AllowedTcorpoelegateTo: -   Old UAC Value: -   New UAC Value: -   User Account Control: -   User Parameters: -   Sid History: -   Logon Hours: -   
<13>Jan 13 08:32:57 USHQNADC02 AgentDevice=WindowsLog	AgentLogFile=Security	PluginVersion=1.0.14	Source=Security	Computer=USHQNADC02	User=ntwsadd	Domain=NA	EventID=626	EventIDCcorpoe=626	EventType=8	EventCategory=7	RecordNumber=4073044286	TimeGenerated=1389619975	TimeWritten=1389619975	Message=User Account Enabled:   Target Account Name: R9MF6FY$   Target Domain: NA   Target Account ID: NA\R9MF6FY$   Caller User Name: ntwsadd   Caller Domain: NA   Caller Logon ID: (0x0,0x2AC71808)   
<13>Jan 13 08:32:57 USHQNADC02 AgentDevice=WindowsLog	AgentLogFile=Security	PluginVersion=1.0.14	Source=Security	Computer=USHQNADC02	User=ntwsadd	Domain=NA	EventID=629	EventIDCcorpoe=629	EventType=8	EventCategory=7	RecordNumber=4073044281	TimeGenerated=1389619974	TimeWritten=1389619974	Message=User Account Disabled:   Target Account Name: R9MF6FY$   Target Domain: NA   Target Account ID: NA\R9MF6FY$   Caller User Name: ntwsadd   Caller Domain: NA   Caller Logon ID: (0x0,0x2AC71808)   
<13>Jan 13 08:31:42 USHQNADC02 AgentDevice=WindowsLog	AgentLogFile=Security	PluginVersion=1.0.14	Source=Security	Computer=USHQNADC02	User=Fabian-Fleissner	Domain=NA	EventID=671	EventIDCcorpoe=671	EventType=8	EventCategory=7	RecordNumber=4073042546	TimeGenerated=1389619899	TimeWritten=1389619899	Message=User Account Unlocked:   Target Account Name: Paul-DSouza1   Target Domain:  NA   Target Account ID: NA\Paul-DSouza1   Caller User Name: Fabian-Fleissner   Caller Domain: NA   Caller Logon ID: (0x0,0x2AC67783)   
<13>Jan 13 08:30:03 USHQNADC02 AgentDevice=WindowsLog	AgentLogFile=Security	PluginVersion=1.0.14	Source=Security	Computer=USHQNADC02	User=ntwsadd	Domain=NA	EventID=626	EventIDCcorpoe=626	EventType=8	EventCategory=7	RecordNumber=4073040575	TimeGenerated=1389619799	TimeWritten=1389619799	Message=User Account Enabled:   Target Account Name: R8AFEEA$   Target Domain: NA   Target Account ID: NA\R8AFEEA$   Caller User Name: ntwsadd   Caller Domain: NA   Caller Logon ID: (0x0,0x2AC5CC1C)   
<13>Jan 13 08:30:01 USHQNADC02 AgentDevice=WindowsLog	AgentLogFile=Security	PluginVersion=1.0.14	Source=Security	Computer=USHQNADC02	User=ntwsadd	Domain=NA	EventID=629	EventIDCcorpoe=629	EventType=8	EventCategory=7	RecordNumber=4073040571	TimeGenerated=1389619798	TimeWritten=1389619798	Message=User Account Disabled:   Target Account Name: R8AFEEA$   Target Domain: NA   Target Account ID: NA\R8AFEEA$   Caller User Name: ntwsadd   Caller Domain: NA   Caller Logon ID: (0x0,0x2AC5CC1C)   
<13>Jan 13 08:29:54 USHQNADC02 AgentDevice=WindowsLog	AgentLogFile=Security	PluginVersion=1.0.14	Source=Security	Computer=USHQNADC02	User=ntwsadd	Domain=NA	EventID=626	EventIDCcorpoe=626	EventType=8	EventCategory=7	RecordNumber=4073040415	TimeGenerated=1389619791	TimeWritten=1389619791	Message=User Account Enabled:   Target Account Name: R8232C2$   Target Domain: NA   Target Account ID: NA\R8232C2$   Caller User Name: ntwsadd   Caller Domain: NA   Caller Logon ID: (0x0,0x2AC5BBF2)   
<13>Jan 13 08:29:54 USHQNADC02 AgentDevice=WindowsLog	AgentLogFile=Security	PluginVersion=1.0.14	Source=Security	Computer=USHQNADC02	User=ntwsadd	Domain=NA	EventID=629	EventIDCcorpoe=629	EventType=8	EventCategory=7	RecordNumber=4073040411	TimeGenerated=1389619791	TimeWritten=1389619791	Message=User Account Disabled:   Target Account Name: R8232C2$   Target Domain: NA   Target Account ID: NA\R8232C2$   Caller User Name: ntwsadd   Caller Domain: NA   Caller Logon ID: (0x0,0x2AC5BBF2)   
<13>Jan 13 08:28:45 USHQNADC02 AgentDevice=WindowsLog	AgentLogFile=Security	PluginVersion=1.0.14	Source=Security	Computer=USHQNADC02	User=Jenny-Wang	Domain=NA	EventID=642	EventIDCcorpoe=642	EventType=8	EventCategory=7	RecordNumber=4073038888	TimeGenerated=1389619721	TimeWritten=1389619721	Message=User Account Changed:   Target Account Name: Jenny-Wang   Target Domain: NA   Target Account ID: NA\Jenny-Wang   Caller User Name: Jenny-Wang   Caller Domain: NA   Caller Logon ID: (0x0,0x2AC518F8)   Privileges: -  Changed Attributes:   Sam Account Name: -   Display Name: -   User Principal Name: -   Home Directory: -   Home Drive: -   Script Path: -   Profile Path: -   User Workstations: -   Password Last Set: 1/13/2014 8:28:41 AM   Account Expires: -   Primary Group ID: -   AllowedTcorpoelegateTo: -   Old UAC Value: -   New UAC Value: -   User Account Control: -   User Parameters: -   Sid History: -   Logon Hours: -   
<13>Jan 13 08:28:23 USHQNADC02 AgentDevice=WindowsLog	AgentLogFile=Security	PluginVersion=1.0.14	Source=Security	Computer=USHQNADC02	User=ntwsadd	Domain=NA	EventID=626	EventIDCcorpoe=626	EventType=8	EventCategory=7	RecordNumber=4073038119	TimeGenerated=1389619699	TimeWritten=1389619699	Message=User Account Enabled:   Target Account Name: R857VX6$   Target Domain: NA   Target Account ID: NA\R857VX6$   Caller User Name: ntwsadd   Caller Domain: NA   Caller Logon ID: (0x0,0x2AC4D6E5)   
<13>Jan 13 08:28:23 USHQNADC02 AgentDevice=WindowsLog	AgentLogFile=Security	PluginVersion=1.0.14	Source=Security	Computer=USHQNADC02	User=ntwsadd	Domain=NA	EventID=629	EventIDCcorpoe=629	EventType=8	EventCategory=7	RecordNumber=4073038115	TimeGenerated=1389619699	TimeWritten=1389619699	Message=User Account Disabled:   Target Account Name: R857VX6$   Target Domain: NA   Target Account ID: NA\R857VX6$   Caller User Name: ntwsadd   Caller Domain: NA   Caller Logon ID: (0x0,0x2AC4D6E5)   
<13>Jan 13 08:28:16 USHQNADC02 AgentDevice=WindowsLog	AgentLogFile=Security	PluginVersion=1.0.14	Source=Security	Computer=USHQNADC02	User=ntwsadd	Domain=NA	EventID=626	EventIDCcorpoe=626	EventType=8	EventCategory=7	RecordNumber=4073037976	TimeGenerated=1389619692	TimeWritten=1389619692	Message=User Account Enabled:   Target Account Name: R84F14W$   Target Domain: NA   Target Account ID: NA\R84F14W$   Caller User Name: ntwsadd   Caller Domain: NA   Caller Logon ID: (0x0,0x2AC4C831)   
<13>Jan 13 08:28:16 USHQNADC02 AgentDevice=WindowsLog	AgentLogFile=Security	PluginVersion=1.0.14	Source=Security	Computer=USHQNADC02	User=ntwsadd	Domain=NA	EventID=629	EventIDCcorpoe=629	EventType=8	EventCategory=7	RecordNumber=4073037972	TimeGenerated=1389619692	TimeWritten=1389619692	Message=User Account Disabled:   Target Account Name: R84F14W$   Target Domain: NA   Target Account ID: NA\R84F14W$   Caller User Name: ntwsadd   Caller Domain: NA   Caller Logon ID: (0x0,0x2AC4C831)   
<13>Jan 13 08:23:57 USHQNADC02 AgentDevice=WindowsLog	AgentLogFile=Security	PluginVersion=1.0.14	Source=Security	Computer=USHQNADC02	User=Fabian-Fleissner	Domain=NA	EventID=671	EventIDCcorpoe=671	EventType=8	EventCategory=7	RecordNumber=4073033156	TimeGenerated=1389619434	TimeWritten=1389619434	Message=User Account Unlocked:   Target Account Name: Paul-DSouza1   Target Domain:  NA   Target Account ID: NA\Paul-DSouza1   Caller User Name: Fabian-Fleissner   Caller Domain: NA   Caller Logon ID: (0x0,0x2AC30D64)   
<13>Jan 13 08:17:05 USHQNADC02 AgentDevice=WindowsLog	AgentLogFile=Security	PluginVersion=1.0.14	Source=Security	Computer=USHQNADC02	User=ANONYMOUS LOGON	Domain=NT AUTHORITY	EventID=642	EventIDCcorpoe=642	EventType=8	EventCategory=7	RecordNumber=4073024712	TimeGenerated=1389619022	TimeWritten=1389619022	Message=User Account Changed:   Target Account Name: Tcorpod-Sternlieb   Target Domain: NA   Target Account ID: NA\Tcorpod-Sternlieb   Caller User Name: ANONYMOUS LOGON   Caller Domain: NT AUTHORITY   Caller Logon ID: (0x0,0x2ABFD727)   Privileges: -  Changed Attributes:   Sam Account Name: -   Display Name: -   User Principal Name: -   Home Directory: -   Home Drive: -   Script Path: -   Profile Path: -   User Workstations: -   Password Last Set: 1/13/2014 8:17:01 AM   Account Expires: -   Primary Group ID: -   AllowedTcorpoelegateTo: -   Old UAC Value: -   New UAC Value: -   User Account Control: -   User Parameters: -   Sid History: -   Logon Hours: -   
<13>Jan 13 08:16:40 USHQNADC02 AgentDevice=WindowsLog	AgentLogFile=Security	PluginVersion=1.0.14	Source=Security	Computer=USHQNADC02	User=Klaas-Prins	Domain=NA	EventID=671	EventIDCcorpoe=671	EventType=8	EventCategory=7	RecordNumber=4073024277	TimeGenerated=1389618997	TimeWritten=1389618997	Message=User Account Unlocked:   Target Account Name: Diane-Demma   Target Domain:  NA   Target Account ID: NA\Diane-Demma   Caller User Name: Klaas-Prins   Caller Domain: NA   Caller Logon ID: (0x0,0x2ABFAF08)   
<13>Jan 13 08:15:48 USHQNADC02 AgentDevice=WindowsLog	AgentLogFile=Security	PluginVersion=1.0.14	Source=Security	Computer=USHQNADC02	User=ntwsadd	Domain=NA	EventID=626	EventIDCcorpoe=626	EventType=8	EventCategory=7	RecordNumber=4073023271	TimeGenerated=1389618944	TimeWritten=1389618944	Message=User Account Enabled:   Target Account Name: CNU3369T5P$   Target Domain: NA   Target Account ID: NA\CNU3369T5P$   Caller User Name: ntwsadd   Caller Domain: NA   Caller Logon ID: (0x0,0x2ABF55E0)   
<13>Jan 13 08:15:46 USHQNADC02 AgentDevice=WindowsLog	AgentLogFile=Security	PluginVersion=1.0.14	Source=Security	Computer=USHQNADC02	User=ntwsadd	Domain=NA	EventID=629	EventIDCcorpoe=629	EventType=8	EventCategory=7	RecordNumber=4073023264	TimeGenerated=1389618943	TimeWritten=1389618943	Message=User Account Disabled:   Target Account Name: CNU3369T5P$   Target Domain: NA   Target Account ID: NA\CNU3369T5P$   Caller User Name: ntwsadd   Caller Domain: NA   Caller Logon ID: (0x0,0x2ABF55E0)   
<13>Jan 13 08:10:05 USHQNADC02 AgentDevice=WindowsLog	AgentLogFile=Security	PluginVersion=1.0.14	Source=Security	Computer=USHQNADC02	User=SYSTEM	Domain=NT AUTHORITY	EventID=644	EventIDCcorpoe=644	EventType=8	EventCategory=7	RecordNumber=4073017184	TimeGenerated=1389618602	TimeWritten=1389618602	Message=User Account Locked Out:   Target Account Name: Diane-Demma   Target Account ID: NA\Diane-Demma   Caller Machine Name: MJVNXNT   Caller User Name: USHQNADC02$   Caller Domain: NA   Caller Logon ID: (0x0,0x3E7)   
<13>Jan 13 08:01:51 USHQNADC02 AgentDevice=WindowsLog	AgentLogFile=Security	PluginVersion=1.0.14	Source=Security	Computer=USHQNADC02	User=Gwen-Moore	Domain=NA	EventID=642	EventIDCcorpoe=642	EventType=8	EventCategory=7	RecordNumber=4073007652	TimeGenerated=1389618109	TimeWritten=1389618109	Message=User Account Changed:   Target Account Name: Gwen-Moore   Target Domain: NA   Target Account ID: NA\Gwen-Moore   Caller User Name: Gwen-Moore   Caller Domain: NA   Caller Logon ID: (0x0,0x2AB9591B)   Privileges: -  Changed Attributes:   Sam Account Name: -   Display Name: -   User Principal Name: -   Home Directory: -   Home Drive: -   Script Path: -   Profile Path: -   User Workstations: -   Password Last Set: 1/13/2014 8:01:49 AM   Account Expires: -   Primary Group ID: -   AllowedTcorpoelegateTo: -   Old UAC Value: -   New UAC Value: -   User Account Control: -   User Parameters: -   Sid History: -   Logon Hours: -   
<13>Jan 13 06:53:43 USHQNADC02 AgentDevice=WindowsLog	AgentLogFile=Security	PluginVersion=1.0.14	Source=Security	Computer=USHQNADC02	User=Jay-Braden	Domain=NA	EventID=642	EventIDCcorpoe=642	EventType=8	EventCategory=7	RecordNumber=4072965459	TimeGenerated=1389614020	TimeWritten=1389614020	Message=User Account Changed:   Target Account Name: Jay-Braden   Target Domain: NA   Target Account ID: NA\Jay-Braden   Caller User Name: Jay-Braden   Caller Domain: NA   Caller Logon ID: (0x0,0x2AA6857B)   Privileges: -  Changed Attributes:   Sam Account Name: -   Display Name: -   User Principal Name: -   Home Directory: -   Home Drive: -   Script Path: -   Profile Path: -   User Workstations: -   Password Last Set: 1/13/2014 6:53:40 AM   Account Expires: -   Primary Group ID: -   AllowedTcorpoelegateTo: -   Old UAC Value: -   New UAC Value: -   User Account Control: -   User Parameters: -   Sid History: -   Logon Hours: -   
<13>Jan 13 06:24:35 USHQNADC02 AgentDevice=WindowsLog	AgentLogFile=Security	PluginVersion=1.0.14	Source=Security	Computer=USHQNADC02	User=Mike-Toth	Domain=NA	EventID=642	EventIDCcorpoe=642	EventType=8	EventCategory=7	RecordNumber=4072953853	TimeGenerated=1389612273	TimeWritten=1389612273	Message=User Account Changed:   Target Account Name: Mike-Toth   Target Domain: NA   Target Account ID: NA\Mike-Toth   Caller User Name: Mike-Toth   Caller Domain: NA   Caller Logon ID: (0x0,0x2A9F5A78)   Privileges: -  Changed Attributes:   Sam Account Name: -   Display Name: -   User Principal Name: -   Home Directory: -   Home Drive: -   Script Path: -   Profile Path: -   User Workstations: -   Password Last Set: 1/13/2014 6:24:33 AM   Account Expires: -   Primary Group ID: -   AllowedTcorpoelegateTo: -   Old UAC Value: -   New UAC Value: -   User Account Control: -   User Parameters: -   Sid History: -   Logon Hours: -   
<13>Jan 13 05:28:19 USHQNADC02 AgentDevice=WindowsLog	AgentLogFile=Security	PluginVersion=1.0.14	Source=Security	Computer=USHQNADC02	User=Klaas-Prins	Domain=NA	EventID=671	EventIDCcorpoe=671	EventType=8	EventCategory=7	RecordNumber=4072934077	TimeGenerated=1389608896	TimeWritten=1389608896	Message=User Account Unlocked:   Target Account Name: Bala-Chandran   Target Domain:  NA   Target Account ID: NA\Bala-Chandran   Caller User Name: Klaas-Prins   Caller Domain: NA   Caller Logon ID: (0x0,0x2A943BA8)   
<13>Jan 12 21:57:45 USHQNADC02 AgentDevice=WindowsLog	AgentLogFile=Security	PluginVersion=1.0.14	Source=Security	Computer=USHQNADC02	User=SYSTEM	Domain=NT AUTHORITY	EventID=644	EventIDCcorpoe=644	EventType=8	EventCategory=7	RecordNumber=4072791379	TimeGenerated=1389581862	TimeWritten=1389581862	Message=User Account Locked Out:   Target Account Name: JCBmgr   Target Account ID: NA\JCBmgr   Caller Machine Name: \\10.63.125.95   Caller User Name: USHQNADC02$   Caller Domain: NA   Caller Logon ID: (0x0,0x3E7)   
<13>Jan 12 21:54:57 USHQNADC02 AgentDevice=WindowsLog	AgentLogFile=Security	PluginVersion=1.0.14	Source=Security	Computer=USHQNADC02	User=SYSTEM	Domain=NT AUTHORITY	EventID=644	EventIDCcorpoe=644	EventType=8	EventCategory=7	RecordNumber=4072790449	TimeGenerated=1389581694	TimeWritten=1389581694	Message=User Account Locked Out:   Target Account Name: Wenshuai-Shi   Target Account ID: NA\Wenshuai-Shi   Caller Machine Name: MARVIN-PC   Caller User Name: USHQNADC02$   Caller Domain: NA   Caller Logon ID: (0x0,0x3E7)   
<13>Jan 12 21:27:25 USHQNADC02 AgentDevice=WindowsLog	AgentLogFile=Security	PluginVersion=1.0.14	Source=Security	Computer=USHQNADC02	User=SYSTEM	Domain=NT AUTHORITY	EventID=644	EventIDCcorpoe=644	EventType=8	EventCategory=7	RecordNumber=4072778633	TimeGenerated=1389580042	TimeWritten=1389580042	Message=User Account Locked Out:   Target Account Name: JCBmgr   Target Account ID: NA\JCBmgr   Caller Machine Name: \\10.63.125.95   Caller User Name: USHQNADC02$   Caller Domain: NA   Caller Logon ID: (0x0,0x3E7)   
<13>Jan 12 20:56:59 USHQNADC02 AgentDevice=WindowsLog	AgentLogFile=Security	PluginVersion=1.0.14	Source=Security	Computer=USHQNADC02	User=SYSTEM	Domain=NT AUTHORITY	EventID=644	EventIDCcorpoe=644	EventType=8	EventCategory=7	RecordNumber=4072765257	TimeGenerated=1389578216	TimeWritten=1389578216	Message=User Account Locked Out:   Target Account Name: JCBmgr   Target Account ID: NA\JCBmgr   Caller Machine Name: \\10.63.125.95   Caller User Name: USHQNADC02$   Caller Domain: NA   Caller Logon ID: (0x0,0x3E7)   
<13>Jan 12 20:26:37 USHQNADC02 AgentDevice=WindowsLog	AgentLogFile=Security	PluginVersion=1.0.14	Source=Security	Computer=USHQNADC02	User=SYSTEM	Domain=NT AUTHORITY	EventID=644	EventIDCcorpoe=644	EventType=8	EventCategory=7	RecordNumber=4072751781	TimeGenerated=1389576395	TimeWritten=1389576395	Message=User Account Locked Out:   Target Account Name: JCBmgr   Target Account ID: NA\JCBmgr   Caller Machine Name: \\10.63.125.95   Caller User Name: USHQNADC02$   Caller Domain: NA   Caller Logon ID: (0x0,0x3E7)   
<13>Jan 12 19:56:14 USHQNADC02 AgentDevice=WindowsLog	AgentLogFile=Security	PluginVersion=1.0.14	Source=Security	Computer=USHQNADC02	User=SYSTEM	Domain=NT AUTHORITY	EventID=644	EventIDCcorpoe=644	EventType=8	EventCategory=7	RecordNumber=4072733886	TimeGenerated=1389574572	TimeWritten=1389574572	Message=User Account Locked Out:   Target Account Name: JCBmgr   Target Account ID: NA\JCBmgr   Caller Machine Name: \\10.63.125.95   Caller User Name: USHQNADC02$   Caller Domain: NA   Caller Logon ID: (0x0,0x3E7)   
<13>Jan 12 19:25:50 USHQNADC02 AgentDevice=WindowsLog	AgentLogFile=Security	PluginVersion=1.0.14	Source=Security	Computer=USHQNADC02	User=SYSTEM	Domain=NT AUTHORITY	EventID=644	EventIDCcorpoe=644	EventType=8	EventCategory=7	RecordNumber=4072720866	TimeGenerated=1389572748	TimeWritten=1389572748	Message=User Account Locked Out:   Target Account Name: JCBmgr   Target Account ID: NA\JCBmgr   Caller Machine Name: \\10.63.125.95   Caller User Name: USHQNADC02$   Caller Domain: NA   Caller Logon ID: (0x0,0x3E7)   
<13>Jan 12 18:55:42 USHQNADC02 AgentDevice=WindowsLog	AgentLogFile=Security	PluginVersion=1.0.14	Source=Security	Computer=USHQNADC02	User=SYSTEM	Domain=NT AUTHORITY	EventID=644	EventIDCcorpoe=644	EventType=8	EventCategory=7	RecordNumber=4072707716	TimeGenerated=1389570940	TimeWritten=1389570940	Message=User Account Locked Out:   Target Account Name: JCBmgr   Target Account ID: NA\JCBmgr   Caller Machine Name: \\10.63.125.95   Caller User Name: USHQNADC02$   Caller Domain: NA   Caller Logon ID: (0x0,0x3E7)   
<13>Jan 12 18:25:19 USHQNADC02 AgentDevice=WindowsLog	AgentLogFile=Security	PluginVersion=1.0.14	Source=Security	Computer=USHQNADC02	User=SYSTEM	Domain=NT AUTHORITY	EventID=644	EventIDCcorpoe=644	EventType=8	EventCategory=7	RecordNumber=4072694736	TimeGenerated=1389569115	TimeWritten=1389569115	Message=User Account Locked Out:   Target Account Name: JCBmgr   Target Account ID: NA\JCBmgr   Caller Machine Name: \\10.63.125.95   Caller User Name: USHQNADC02$   Caller Domain: NA   Caller Logon ID: (0x0,0x3E7)   
<13>Jan 12 17:54:54 USHQNADC02 AgentDevice=WindowsLog	AgentLogFile=Security	PluginVersion=1.0.14	Source=Security	Computer=USHQNADC02	User=SYSTEM	Domain=NT AUTHORITY	EventID=644	EventIDCcorpoe=644	EventType=8	EventCategory=7	RecordNumber=4072680583	TimeGenerated=1389567291	TimeWritten=1389567291	Message=User Account Locked Out:   Target Account Name: JCBmgr   Target Account ID: NA\JCBmgr   Caller Machine Name: \\10.63.125.95   Caller User Name: USHQNADC02$   Caller Domain: NA   Caller Logon ID: (0x0,0x3E7)   
<13>Jan 12 17:24:44 USHQNADC02 AgentDevice=WindowsLog	AgentLogFile=Security	PluginVersion=1.0.14	Source=Security	Computer=USHQNADC02	User=SYSTEM	Domain=NT AUTHORITY	EventID=644	EventIDCcorpoe=644	EventType=8	EventCategory=7	RecordNumber=4072666940	TimeGenerated=1389565481	TimeWritten=1389565481	Message=User Account Locked Out:   Target Account Name: JCBmgr   Target Account ID: NA\JCBmgr   Caller Machine Name: \\10.63.125.95   Caller User Name: USHQNADC02$   Caller Domain: NA   Caller Logon ID: (0x0,0x3E7)   
<13>Jan 12 16:54:17 USHQNADC02 AgentDevice=WindowsLog	AgentLogFile=Security	PluginVersion=1.0.14	Source=Security	Computer=USHQNADC02	User=SYSTEM	Domain=NT AUTHORITY	EventID=644	EventIDCcorpoe=644	EventType=8	EventCategory=7	RecordNumber=4072653328	TimeGenerated=1389563653	TimeWritten=1389563653	Message=User Account Locked Out:   Target Account Name: JCBmgr   Target Account ID: NA\JCBmgr   Caller Machine Name: \\10.63.125.95   Caller User Name: USHQNADC02$   Caller Domain: NA   Caller Logon ID: (0x0,0x3E7)   
<13>Jan 12 03:33:37 USHQNADC02 AgentDevice=WindowsLog	AgentLogFile=Security	PluginVersion=1.0.14	Source=Security	Computer=USHQNADC02	User=SYSTEM	Domain=NT AUTHORITY	EventID=644	EventIDCcorpoe=644	EventType=8	EventCategory=7	RecordNumber=4072440405	TimeGenerated=1389515615	TimeWritten=1389515615	Message=User Account Locked Out:   Target Account Name: JCBmgr   Target Account ID: NA\JCBmgr   Caller Machine Name: \\10.63.125.95   Caller User Name: USHQNADC02$   Caller Domain: NA   Caller Logon ID: (0x0,0x3E7)   
<13>Jan 12 03:03:01 USHQNADC02 AgentDevice=WindowsLog	AgentLogFile=Security	PluginVersion=1.0.14	Source=Security	Computer=USHQNADC02	User=SYSTEM	Domain=NT AUTHORITY	EventID=644	EventIDCcorpoe=644	EventType=8	EventCategory=7	RecordNumber=4072430935	TimeGenerated=1389513779	TimeWritten=1389513779	Message=User Account Locked Out:   Target Account Name: JCBmgr   Target Account ID: NA\JCBmgr   Caller Machine Name: \\10.63.125.95   Caller User Name: USHQNADC02$   Caller Domain: NA   Caller Logon ID: (0x0,0x3E7)   
<13>Jan 12 02:32:05 USHQNADC02 AgentDevice=WindowsLog	AgentLogFile=Security	PluginVersion=1.0.14	Source=Security	Computer=USHQNADC02	User=SYSTEM	Domain=NT AUTHORITY	EventID=644	EventIDCcorpoe=644	EventType=8	EventCategory=7	RecordNumber=4072420777	TimeGenerated=1389511922	TimeWritten=1389511922	Message=User Account Locked Out:   Target Account Name: JCBmgr   Target Account ID: NA\JCBmgr   Caller Machine Name: \\10.63.125.95   Caller User Name: USHQNADC02$   Caller Domain: NA   Caller Logon ID: (0x0,0x3E7)   
<13>Jan 12 02:01:40 USHQNADC02 AgentDevice=WindowsLog	AgentLogFile=Security	PluginVersion=1.0.14	Source=Security	Computer=USHQNADC02	User=SYSTEM	Domain=NT AUTHORITY	EventID=644	EventIDCcorpoe=644	EventType=8	EventCategory=7	RecordNumber=4072410856	TimeGenerated=1389510097	TimeWritten=1389510097	Message=User Account Locked Out:   Target Account Name: JCBmgr   Target Account ID: NA\JCBmgr   Caller Machine Name: \\10.63.125.95   Caller User Name: USHQNADC02$   Caller Domain: NA   Caller Logon ID: (0x0,0x3E7)   
<13>Jan 12 01:30:36 USHQNADC02 AgentDevice=WindowsLog	AgentLogFile=Security	PluginVersion=1.0.14	Source=Security	Computer=USHQNADC02	User=SYSTEM	Domain=NT AUTHORITY	EventID=644	EventIDCcorpoe=644	EventType=8	EventCategory=7	RecordNumber=4072400798	TimeGenerated=1389508233	TimeWritten=1389508233	Message=User Account Locked Out:   Target Account Name: JCBmgr   Target Account ID: NA\JCBmgr   Caller Machine Name: \\10.63.125.95   Caller User Name: USHQNADC02$   Caller Domain: NA   Caller Logon ID: (0x0,0x3E7)   
<13>Jan 12 00:59:43 USHQNADC02 AgentDevice=WindowsLog	AgentLogFile=Security	PluginVersion=1.0.14	Source=Security	Computer=USHQNADC02	User=SYSTEM	Domain=NT AUTHORITY	EventID=644	EventIDCcorpoe=644	EventType=8	EventCategory=7	RecordNumber=4072390584	TimeGenerated=1389506380	TimeWritten=1389506380	Message=User Account Locked Out:   Target Account Name: JCBmgr   Target Account ID: NA\JCBmgr   Caller Machine Name: \\10.63.125.95   Caller User Name: USHQNADC02$   Caller Domain: NA   Caller Logon ID: (0x0,0x3E7)   
<13>Jan 12 00:28:57 USHQNADC02 AgentDevice=WindowsLog	AgentLogFile=Security	PluginVersion=1.0.14	Source=Security	Computer=USHQNADC02	User=SYSTEM	Domain=NT AUTHORITY	EventID=644	EventIDCcorpoe=644	EventType=8	EventCategory=7	RecordNumber=4072380118	TimeGenerated=1389504535	TimeWritten=1389504535	Message=User Account Locked Out:   Target Account Name: JCBmgr   Target Account ID: NA\JCBmgr   Caller Machine Name: \\10.63.125.95   Caller User Name: USHQNADC02$   Caller Domain: NA   Caller Logon ID: (0x0,0x3E7)   
<13>Jan 11 23:58:05 USHQNADC02 AgentDevice=WindowsLog	AgentLogFile=Security	PluginVersion=1.0.14	Source=Security	Computer=USHQNADC02	User=SYSTEM	Domain=NT AUTHORITY	EventID=644	EventIDCcorpoe=644	EventType=8	EventCategory=7	RecordNumber=4072369479	TimeGenerated=1389502683	TimeWritten=1389502683	Message=User Account Locked Out:   Target Account Name: JCBmgr   Target Account ID: NA\JCBmgr   Caller Machine Name: \\10.63.125.95   Caller User Name: USHQNADC02$   Caller Domain: NA   Caller Logon ID: (0x0,0x3E7)   
<13>Jan 11 23:25:58 USHQNADC02 AgentDevice=WindowsLog	AgentLogFile=Security	PluginVersion=1.0.14	Source=Security	Computer=USHQNADC02	User=SYSTEM	Domain=NT AUTHORITY	EventID=644	EventIDCcorpoe=644	EventType=8	EventCategory=7	RecordNumber=4072359033	TimeGenerated=1389500754	TimeWritten=1389500754	Message=User Account Locked Out:   Target Account Name: JCBmgr   Target Account ID: NA\JCBmgr   Caller Machine Name: \\10.63.125.95   Caller User Name: USHQNADC02$   Caller Domain: NA   Caller Logon ID: (0x0,0x3E7)   
<13>Jan 11 22:54:47 USHQNADC02 AgentDevice=WindowsLog	AgentLogFile=Security	PluginVersion=1.0.14	Source=Security	Computer=USHQNADC02	User=SYSTEM	Domain=NT AUTHORITY	EventID=644	EventIDCcorpoe=644	EventType=8	EventCategory=7	RecordNumber=4072348184	TimeGenerated=1389498884	TimeWritten=1389498884	Message=User Account Locked Out:   Target Account Name: JCBmgr   Target Account ID: NA\JCBmgr   Caller Machine Name: \\10.63.125.95   Caller User Name: USHQNADC02$   Caller Domain: NA   Caller Logon ID: (0x0,0x3E7)   
<13>Jan 11 22:24:12 USHQNADC02 AgentDevice=WindowsLog	AgentLogFile=Security	PluginVersion=1.0.14	Source=Security	Computer=USHQNADC02	User=SYSTEM	Domain=NT AUTHORITY	EventID=644	EventIDCcorpoe=644	EventType=8	EventCategory=7	RecordNumber=4072337838	TimeGenerated=1389497050	TimeWritten=1389497050	Message=User Account Locked Out:   Target Account Name: JCBmgr   Target Account ID: NA\JCBmgr   Caller Machine Name: \\10.63.125.95   Caller User Name: USHQNADC02$   Caller Domain: NA   Caller Logon ID: (0x0,0x3E7)   
<13>Jan 11 21:53:29 USHQNADC02 AgentDevice=WindowsLog	AgentLogFile=Security	PluginVersion=1.0.14	Source=Security	Computer=USHQNADC02	User=SYSTEM	Domain=NT AUTHORITY	EventID=644	EventIDCcorpoe=644	EventType=8	EventCategory=7	RecordNumber=4072326850	TimeGenerated=1389495205	TimeWritten=1389495205	Message=User Account Locked Out:   Target Account Name: JCBmgr   Target Account ID: NA\JCBmgr   Caller Machine Name: \\10.63.125.95   Caller User Name: USHQNADC02$   Caller Domain: NA   Caller Logon ID: (0x0,0x3E7)   
<13>Jan 11 21:22:43 USHQNADC02 AgentDevice=WindowsLog	AgentLogFile=Security	PluginVersion=1.0.14	Source=Security	Computer=USHQNADC02	User=SYSTEM	Domain=NT AUTHORITY	EventID=644	EventIDCcorpoe=644	EventType=8	EventCategory=7	RecordNumber=4072315770	TimeGenerated=1389493360	TimeWritten=1389493360	Message=User Account Locked Out:   Target Account Name: JCBmgr   Target Account ID: NA\JCBmgr   Caller Machine Name: \\10.63.125.95   Caller User Name: USHQNADC02$   Caller Domain: NA   Caller Logon ID: (0x0,0x3E7)   
<13>Jan 11 12:37:50 USHQNADC02 AgentDevice=WindowsLog	AgentLogFile=Security	PluginVersion=1.0.14	Source=Security	Computer=USHQNADC02	User=SYSTEM	Domain=NT AUTHORITY	EventID=644	EventIDCcorpoe=644	EventType=8	EventCategory=7	RecordNumber=4072183987	TimeGenerated=1389461867	TimeWritten=1389461867	Message=User Account Locked Out:   Target Account Name: JCBmgr   Target Account ID: NA\JCBmgr   Caller Machine Name: \\10.63.125.95   Caller User Name: USHQNADC02$   Caller Domain: NA   Caller Logon ID: (0x0,0x3E7)   
<13>Jan 11 12:07:23 USHQNADC02 AgentDevice=WindowsLog	AgentLogFile=Security	PluginVersion=1.0.14	Source=Security	Computer=USHQNADC02	User=SYSTEM	Domain=NT AUTHORITY	EventID=644	EventIDCcorpoe=644	EventType=8	EventCategory=7	RecordNumber=4072173546	TimeGenerated=1389460040	TimeWritten=1389460040	Message=User Account Locked Out:   Target Account Name: JCBmgr   Target Account ID: NA\JCBmgr   Caller Machine Name: \\10.63.125.95   Caller User Name: USHQNADC02$   Caller Domain: NA   Caller Logon ID: (0x0,0x3E7)   
<13>Jan 11 11:36:03 USHQNADC02 AgentDevice=WindowsLog	AgentLogFile=Security	PluginVersion=1.0.14	Source=Security	Computer=USHQNADC02	User=SYSTEM	Domain=NT AUTHORITY	EventID=644	EventIDCcorpoe=644	EventType=8	EventCategory=7	RecordNumber=4072159664	TimeGenerated=1389458160	TimeWritten=1389458160	Message=User Account Locked Out:   Target Account Name: JCBmgr   Target Account ID: NA\JCBmgr   Caller Machine Name: \\10.63.125.95   Caller User Name: USHQNADC02$   Caller Domain: NA   Caller Logon ID: (0x0,0x3E7)   
<13>Jan 11 11:05:36 USHQNADC02 AgentDevice=WindowsLog	AgentLogFile=Security	PluginVersion=1.0.14	Source=Security	Computer=USHQNADC02	User=SYSTEM	Domain=NT AUTHORITY	EventID=644	EventIDCcorpoe=644	EventType=8	EventCategory=7	RecordNumber=4072149765	TimeGenerated=1389456332	TimeWritten=1389456332	Message=User Account Locked Out:   Target Account Name: JCBmgr   Target Account ID: NA\JCBmgr   Caller Machine Name: \\10.63.125.95   Caller User Name: USHQNADC02$   Caller Domain: NA   Caller Logon ID: (0x0,0x3E7)   
<13>Jan 11 10:35:03 USHQNADC02 AgentDevice=WindowsLog	AgentLogFile=Security	PluginVersion=1.0.14	Source=Security	Computer=USHQNADC02	User=SYSTEM	Domain=NT AUTHORITY	EventID=644	EventIDCcorpoe=644	EventType=8	EventCategory=7	RecordNumber=4072139144	TimeGenerated=1389454500	TimeWritten=1389454500	Message=User Account Locked Out:   Target Account Name: JCBmgr   Target Account ID: NA\JCBmgr   Caller Machine Name: \\10.63.125.95   Caller User Name: USHQNADC02$   Caller Domain: NA   Caller Logon ID: (0x0,0x3E7)   
<13>Jan 11 10:04:03 USHQNADC02 AgentDevice=WindowsLog	AgentLogFile=Security	PluginVersion=1.0.14	Source=Security	Computer=USHQNADC02	User=SYSTEM	Domain=NT AUTHORITY	EventID=644	EventIDCcorpoe=644	EventType=8	EventCategory=7	RecordNumber=4072128956	TimeGenerated=1389452639	TimeWritten=1389452639	Message=User Account Locked Out:   Target Account Name: JCBmgr   Target Account ID: NA\JCBmgr   Caller Machine Name: \\10.63.125.95   Caller User Name: USHQNADC02$   Caller Domain: NA   Caller Logon ID: (0x0,0x3E7)   
<13>Jan 11 09:33:30 USHQNADC02 AgentDevice=WindowsLog	AgentLogFile=Security	PluginVersion=1.0.14	Source=Security	Computer=USHQNADC02	User=SYSTEM	Domain=NT AUTHORITY	EventID=644	EventIDCcorpoe=644	EventType=8	EventCategory=7	RecordNumber=4072118697	TimeGenerated=1389450806	TimeWritten=1389450806	Message=User Account Locked Out:   Target Account Name: JCBmgr   Target Account ID: NA\JCBmgr   Caller Machine Name: \\10.63.125.95   Caller User Name: USHQNADC02$   Caller Domain: NA   Caller Logon ID: (0x0,0x3E7)   
<13>Jan 11 09:02:40 USHQNADC02 AgentDevice=WindowsLog	AgentLogFile=Security	PluginVersion=1.0.14	Source=Security	Computer=USHQNADC02	User=SYSTEM	Domain=NT AUTHORITY	EventID=644	EventIDCcorpoe=644	EventType=8	EventCategory=7	RecordNumber=4072107392	TimeGenerated=1389448958	TimeWritten=1389448958	Message=User Account Locked Out:   Target Account Name: JCBmgr   Target Account ID: NA\JCBmgr   Caller Machine Name: \\10.63.125.95   Caller User Name: USHQNADC02$   Caller Domain: NA   Caller Logon ID: (0x0,0x3E7)   
<13>Jan 11 08:31:56 USHQNADC02 AgentDevice=WindowsLog	AgentLogFile=Security	PluginVersion=1.0.14	Source=Security	Computer=USHQNADC02	User=SYSTEM	Domain=NT AUTHORITY	EventID=644	EventIDCcorpoe=644	EventType=8	EventCategory=7	RecordNumber=4072096973	TimeGenerated=1389447114	TimeWritten=1389447114	Message=User Account Locked Out:   Target Account Name: JCBmgr   Target Account ID: NA\JCBmgr   Caller Machine Name: \\10.63.125.95   Caller User Name: USHQNADC02$   Caller Domain: NA   Caller Logon ID: (0x0,0x3E7)   
<13>Jan 11 08:00:52 USHQNADC02 AgentDevice=WindowsLog	AgentLogFile=Security	PluginVersion=1.0.14	Source=Security	Computer=USHQNADC02	User=SYSTEM	Domain=NT AUTHORITY	EventID=644	EventIDCcorpoe=644	EventType=8	EventCategory=7	RecordNumber=4072086606	TimeGenerated=1389445249	TimeWritten=1389445249	Message=User Account Locked Out:   Target Account Name: JCBmgr   Target Account ID: NA\JCBmgr   Caller Machine Name: \\10.63.125.95   Caller User Name: USHQNADC02$   Caller Domain: NA   Caller Logon ID: (0x0,0x3E7)   
<13>Jan 11 07:30:26 USHQNADC02 AgentDevice=WindowsLog	AgentLogFile=Security	PluginVersion=1.0.14	Source=Security	Computer=USHQNADC02	User=SYSTEM	Domain=NT AUTHORITY	EventID=644	EventIDCcorpoe=644	EventType=8	EventCategory=7	RecordNumber=4072076590	TimeGenerated=1389443423	TimeWritten=1389443423	Message=User Account Locked Out:   Target Account Name: JCBmgr   Target Account ID: NA\JCBmgr   Caller Machine Name: \\10.63.125.95   Caller User Name: USHQNADC02$   Caller Domain: NA   Caller Logon ID: (0x0,0x3E7)   
<13>Jan 11 06:59:39 USHQNADC02 AgentDevice=WindowsLog	AgentLogFile=Security	PluginVersion=1.0.14	Source=Security	Computer=USHQNADC02	User=SYSTEM	Domain=NT AUTHORITY	EventID=644	EventIDCcorpoe=644	EventType=8	EventCategory=7	RecordNumber=4072066397	TimeGenerated=1389441576	TimeWritten=1389441576	Message=User Account Locked Out:   Target Account Name: JCBmgr   Target Account ID: NA\JCBmgr   Caller Machine Name: \\10.63.125.95   Caller User Name: USHQNADC02$   Caller Domain: NA   Caller Logon ID: (0x0,0x3E7)   
<13>Jan 11 06:28:59 USHQNADC02 AgentDevice=WindowsLog	AgentLogFile=Security	PluginVersion=1.0.14	Source=Security	Computer=USHQNADC02	User=SYSTEM	Domain=NT AUTHORITY	EventID=644	EventIDCcorpoe=644	EventType=8	EventCategory=7	RecordNumber=4072056533	TimeGenerated=1389439736	TimeWritten=1389439736	Message=User Account Locked Out:   Target Account Name: JCBmgr   Target Account ID: NA\JCBmgr   Caller Machine Name: \\10.63.125.95   Caller User Name: USHQNADC02$   Caller Domain: NA   Caller Logon ID: (0x0,0x3E7)   
<13>Jan 11 05:58:13 USHQNADC02 AgentDevice=WindowsLog	AgentLogFile=Security	PluginVersion=1.0.14	Source=Security	Computer=USHQNADC02	User=SYSTEM	Domain=NT AUTHORITY	EventID=644	EventIDCcorpoe=644	EventType=8	EventCategory=7	RecordNumber=4072047122	TimeGenerated=1389437891	TimeWritten=1389437891	Message=User Account Locked Out:   Target Account Name: JCBmgr   Target Account ID: NA\JCBmgr   Caller Machine Name: \\10.63.125.95   Caller User Name: USHQNADC02$   Caller Domain: NA   Caller Logon ID: (0x0,0x3E7)   
<13>Jan 11 05:24:49 USHQNADC02 AgentDevice=WindowsLog	AgentLogFile=Security	PluginVersion=1.0.14	Source=Security	Computer=USHQNADC02	User=SYSTEM	Domain=NT AUTHORITY	EventID=644	EventIDCcorpoe=644	EventType=8	EventCategory=7	RecordNumber=4072036697	TimeGenerated=1389435886	TimeWritten=1389435886	Message=User Account Locked Out:   Target Account Name: JCBmgr   Target Account ID: NA\JCBmgr   Caller Machine Name: \\10.63.125.95   Caller User Name: USHQNADC02$   Caller Domain: NA   Caller Logon ID: (0x0,0x3E7)   
<13>Jan 11 04:54:18 USHQNADC02 AgentDevice=WindowsLog	AgentLogFile=Security	PluginVersion=1.0.14	Source=Security	Computer=USHQNADC02	User=SYSTEM	Domain=NT AUTHORITY	EventID=644	EventIDCcorpoe=644	EventType=8	EventCategory=7	RecordNumber=4072027459	TimeGenerated=1389434055	TimeWritten=1389434055	Message=User Account Locked Out:   Target Account Name: JCBmgr   Target Account ID: NA\JCBmgr   Caller Machine Name: \\10.63.125.95   Caller User Name: USHQNADC02$   Caller Domain: NA   Caller Logon ID: (0x0,0x3E7)   
<13>Jan 11 04:23:09 USHQNADC02 AgentDevice=WindowsLog	AgentLogFile=Security	PluginVersion=1.0.14	Source=Security	Computer=USHQNADC02	User=SYSTEM	Domain=NT AUTHORITY	EventID=644	EventIDCcorpoe=644	EventType=8	EventCategory=7	RecordNumber=4072018191	TimeGenerated=1389432186	TimeWritten=1389432186	Message=User Account Locked Out:   Target Account Name: JCBmgr   Target Account ID: NA\JCBmgr   Caller Machine Name: \\10.63.125.95   Caller User Name: USHQNADC02$   Caller Domain: NA   Caller Logon ID: (0x0,0x3E7)   
<13>Jan 11 03:51:28 USHQNADC02 AgentDevice=WindowsLog	AgentLogFile=Security	PluginVersion=1.0.14	Source=Security	Computer=USHQNADC02	User=SYSTEM	Domain=NT AUTHORITY	EventID=644	EventIDCcorpoe=644	EventType=8	EventCategory=7	RecordNumber=4072008345	TimeGenerated=1389430284	TimeWritten=1389430284	Message=User Account Locked Out:   Target Account Name: JCBmgr   Target Account ID: NA\JCBmgr   Caller Machine Name: \\10.63.125.95   Caller User Name: USHQNADC02$   Caller Domain: NA   Caller Logon ID: (0x0,0x3E7)   
<13>Jan 11 03:20:54 USHQNADC02 AgentDevice=WindowsLog	AgentLogFile=Security	PluginVersion=1.0.14	Source=Security	Computer=USHQNADC02	User=SYSTEM	Domain=NT AUTHORITY	EventID=644	EventIDCcorpoe=644	EventType=8	EventCategory=7	RecordNumber=4071999079	TimeGenerated=1389428452	TimeWritten=1389428452	Message=User Account Locked Out:   Target Account Name: JCBmgr   Target Account ID: NA\JCBmgr   Caller Machine Name: \\10.63.125.95   Caller User Name: USHQNADC02$   Caller Domain: NA   Caller Logon ID: (0x0,0x3E7)   
<13>Jan 11 02:50:50 USHQNADC02 AgentDevice=WindowsLog	AgentLogFile=Security	PluginVersion=1.0.14	Source=Security	Computer=USHQNADC02	User=SYSTEM	Domain=NT AUTHORITY	EventID=644	EventIDCcorpoe=644	EventType=8	EventCategory=7	RecordNumber=4071989344	TimeGenerated=1389426647	TimeWritten=1389426647	Message=User Account Locked Out:   Target Account Name: JCBmgr   Target Account ID: NA\JCBmgr   Caller Machine Name: \\10.63.125.95   Caller User Name: USHQNADC02$   Caller Domain: NA   Caller Logon ID: (0x0,0x3E7)   
<13>Jan 11 02:20:50 USHQNADC02 AgentDevice=WindowsLog	AgentLogFile=Security	PluginVersion=1.0.14	Source=Security	Computer=USHQNADC02	User=SYSTEM	Domain=NT AUTHORITY	EventID=644	EventIDCcorpoe=644	EventType=8	EventCategory=7	RecordNumber=4071979624	TimeGenerated=1389424846	TimeWritten=1389424846	Message=User Account Locked Out:   Target Account Name: JCBmgr   Target Account ID: NA\JCBmgr   Caller Machine Name: \\10.63.125.95   Caller User Name: USHQNADC02$   Caller Domain: NA   Caller Logon ID: (0x0,0x3E7)   
<13>Jan 11 01:49:55 USHQNADC02 AgentDevice=WindowsLog	AgentLogFile=Security	PluginVersion=1.0.14	Source=Security	Computer=USHQNADC02	User=SYSTEM	Domain=NT AUTHORITY	EventID=644	EventIDCcorpoe=644	EventType=8	EventCategory=7	RecordNumber=4071969800	TimeGenerated=1389422991	TimeWritten=1389422991	Message=User Account Locked Out:   Target Account Name: JCBmgr   Target Account ID: NA\JCBmgr   Caller Machine Name: \\10.63.125.95   Caller User Name: USHQNADC02$   Caller Domain: NA   Caller Logon ID: (0x0,0x3E7)   
<13>Jan 11 01:19:30 USHQNADC02 AgentDevice=WindowsLog	AgentLogFile=Security	PluginVersion=1.0.14	Source=Security	Computer=USHQNADC02	User=SYSTEM	Domain=NT AUTHORITY	EventID=644	EventIDCcorpoe=644	EventType=8	EventCategory=7	RecordNumber=4071960087	TimeGenerated=1389421168	TimeWritten=1389421168	Message=User Account Locked Out:   Target Account Name: JCBmgr   Target Account ID: NA\JCBmgr   Caller Machine Name: \\10.63.125.95   Caller User Name: USHQNADC02$   Caller Domain: NA   Caller Logon ID: (0x0,0x3E7)   
<13>Jan 11 00:48:48 USHQNADC02 AgentDevice=WindowsLog	AgentLogFile=Security	PluginVersion=1.0.14	Source=Security	Computer=USHQNADC02	User=SYSTEM	Domain=NT AUTHORITY	EventID=644	EventIDCcorpoe=644	EventType=8	EventCategory=7	RecordNumber=4071949911	TimeGenerated=1389419325	TimeWritten=1389419325	Message=User Account Locked Out:   Target Account Name: JCBmgr   Target Account ID: NA\JCBmgr   Caller Machine Name: \\10.63.125.95   Caller User Name: USHQNADC02$   Caller Domain: NA   Caller Logon ID: (0x0,0x3E7)   
<13>Jan 11 00:17:50 USHQNADC02 AgentDevice=WindowsLog	AgentLogFile=Security	PluginVersion=1.0.14	Source=Security	Computer=USHQNADC02	User=SYSTEM	Domain=NT AUTHORITY	EventID=644	EventIDCcorpoe=644	EventType=8	EventCategory=7	RecordNumber=4071937546	TimeGenerated=1389417466	TimeWritten=1389417466	Message=User Account Locked Out:   Target Account Name: JCBmgr   Target Account ID: NA\JCBmgr   Caller Machine Name: \\10.63.125.95   Caller User Name: USHQNADC02$   Caller Domain: NA   Caller Logon ID: (0x0,0x3E7)   
<13>Jan 10 23:47:04 USHQNADC02 AgentDevice=WindowsLog	AgentLogFile=Security	PluginVersion=1.0.14	Source=Security	Computer=USHQNADC02	User=SYSTEM	Domain=NT AUTHORITY	EventID=644	EventIDCcorpoe=644	EventType=8	EventCategory=7	RecordNumber=4071922922	TimeGenerated=1389415621	TimeWritten=1389415621	Message=User Account Locked Out:   Target Account Name: JCBmgr   Target Account ID: NA\JCBmgr   Caller Machine Name: \\10.63.125.95   Caller User Name: USHQNADC02$   Caller Domain: NA   Caller Logon ID: (0x0,0x3E7)   
<13>Jan 10 23:16:11 USHQNADC02 AgentDevice=WindowsLog	AgentLogFile=Security	PluginVersion=1.0.14	Source=Security	Computer=USHQNADC02	User=SYSTEM	Domain=NT AUTHORITY	EventID=644	EventIDCcorpoe=644	EventType=8	EventCategory=7	RecordNumber=4071909857	TimeGenerated=1389413769	TimeWritten=1389413769	Message=User Account Locked Out:   Target Account Name: JCBmgr   Target Account ID: NA\JCBmgr   Caller Machine Name: \\10.63.125.95   Caller User Name: USHQNADC02$   Caller Domain: NA   Caller Logon ID: (0x0,0x3E7)   
<13>Jan 10 22:44:51 USHQNADC02 AgentDevice=WindowsLog	AgentLogFile=Security	PluginVersion=1.0.14	Source=Security	Computer=USHQNADC02	User=SYSTEM	Domain=NT AUTHORITY	EventID=644	EventIDCcorpoe=644	EventType=8	EventCategory=7	RecordNumber=4071897418	TimeGenerated=1389411888	TimeWritten=1389411888	Message=User Account Locked Out:   Target Account Name: JCBmgr   Target Account ID: NA\JCBmgr   Caller Machine Name: \\10.63.125.95   Caller User Name: USHQNADC02$   Caller Domain: NA   Caller Logon ID: (0x0,0x3E7)   
<13>Jan 10 22:14:19 USHQNADC02 AgentDevice=WindowsLog	AgentLogFile=Security	PluginVersion=1.0.14	Source=Security	Computer=USHQNADC02	User=SYSTEM	Domain=NT AUTHORITY	EventID=644	EventIDCcorpoe=644	EventType=8	EventCategory=7	RecordNumber=4071885103	TimeGenerated=1389410055	TimeWritten=1389410055	Message=User Account Locked Out:   Target Account Name: JCBmgr   Target Account ID: NA\JCBmgr   Caller Machine Name: \\10.63.125.95   Caller User Name: USHQNADC02$   Caller Domain: NA   Caller Logon ID: (0x0,0x3E7)   
<13>Jan 10 21:43:33 USHQNADC02 AgentDevice=WindowsLog	AgentLogFile=Security	PluginVersion=1.0.14	Source=Security	Computer=USHQNADC02	User=SYSTEM	Domain=NT AUTHORITY	EventID=644	EventIDCcorpoe=644	EventType=8	EventCategory=7	RecordNumber=4071868095	TimeGenerated=1389408210	TimeWritten=1389408210	Message=User Account Locked Out:   Target Account Name: JCBmgr   Target Account ID: NA\JCBmgr   Caller Machine Name: \\10.63.125.95   Caller User Name: USHQNADC02$   Caller Domain: NA   Caller Logon ID: (0x0,0x3E7)   
<13>Jan 10 21:12:12 USHQNADC02 AgentDevice=WindowsLog	AgentLogFile=Security	PluginVersion=1.0.14	Source=Security	Computer=USHQNADC02	User=SYSTEM	Domain=NT AUTHORITY	EventID=644	EventIDCcorpoe=644	EventType=8	EventCategory=7	RecordNumber=4071855552	TimeGenerated=1389406329	TimeWritten=1389406329	Message=User Account Locked Out:   Target Account Name: JCBmgr   Target Account ID: NA\JCBmgr   Caller Machine Name: \\10.63.125.95   Caller User Name: USHQNADC02$   Caller Domain: NA   Caller Logon ID: (0x0,0x3E7)   
<13>Jan 10 20:41:35 USHQNADC02 AgentDevice=WindowsLog	AgentLogFile=Security	PluginVersion=1.0.14	Source=Security	Computer=USHQNADC02	User=SYSTEM	Domain=NT AUTHORITY	EventID=644	EventIDCcorpoe=644	EventType=8	EventCategory=7	RecordNumber=4071842509	TimeGenerated=1389404493	TimeWritten=1389404493	Message=User Account Locked Out:   Target Account Name: JCBmgr   Target Account ID: NA\JCBmgr   Caller Machine Name: \\10.63.125.95   Caller User Name: USHQNADC02$   Caller Domain: NA   Caller Logon ID: (0x0,0x3E7)   
<13>Jan 10 20:10:16 USHQNADC02 AgentDevice=WindowsLog	AgentLogFile=Security	PluginVersion=1.0.14	Source=Security	Computer=USHQNADC02	User=SYSTEM	Domain=NT AUTHORITY	EventID=644	EventIDCcorpoe=644	EventType=8	EventCategory=7	RecordNumber=4071829310	TimeGenerated=1389402613	TimeWritten=1389402613	Message=User Account Locked Out:   Target Account Name: JCBmgr   Target Account ID: NA\JCBmgr   Caller Machine Name: \\10.63.125.95   Caller User Name: USHQNADC02$   Caller Domain: NA   Caller Logon ID: (0x0,0x3E7)   
<13>Jan 10 19:39:45 USHQNADC02 AgentDevice=WindowsLog	AgentLogFile=Security	PluginVersion=1.0.14	Source=Security	Computer=USHQNADC02	User=SYSTEM	Domain=NT AUTHORITY	EventID=644	EventIDCcorpoe=644	EventType=8	EventCategory=7	RecordNumber=4071813125	TimeGenerated=1389400783	TimeWritten=1389400783	Message=User Account Locked Out:   Target Account Name: JCBmgr   Target Account ID: NA\JCBmgr   Caller Machine Name: \\10.63.125.95   Caller User Name: USHQNADC02$   Caller Domain: NA   Caller Logon ID: (0x0,0x3E7)   
