<13>Jan 10 12:54:31 USHQNADC01 AgentDevice=WindowsLog	AgentLogFile=Security	PluginVersion=1.0.14	Source=Security	Computer=USHQNADC01	User=ntwsadd	Domain=NA	EventID=626	EventIDCcorpoe=626	EventType=8	EventCategory=7	RecordNumber=222357700	TimeGenerated=1389376469	TimeWritten=1389376469	Message=User Account Enabled:   Target Account Name: R9FW0VA$   Target Domain: NA   Target Account ID: NA\R9FW0VA$   Caller User Name: ntwsadd   Caller Domain: NA   Caller Logon ID: (0x1,0x5C69B9F2)   
<13>Jan 10 12:54:31 USHQNADC01 AgentDevice=WindowsLog	AgentLogFile=Security	PluginVersion=1.0.14	Source=Security	Computer=USHQNADC01	User=ntwsadd	Domain=NA	EventID=629	EventIDCcorpoe=629	EventType=8	EventCategory=7	RecordNumber=222357689	TimeGenerated=1389376468	TimeWritten=1389376468	Message=User Account Disabled:   Target Account Name: R9FW0VA$   Target Domain: NA   Target Account ID: NA\R9FW0VA$   Caller User Name: ntwsadd   Caller Domain: NA   Caller Logon ID: (0x1,0x5C69B9F2)   
<13>Jan 10 12:33:59 USHQNADC01 AgentDevice=WindowsLog	AgentLogFile=Security	PluginVersion=1.0.14	Source=Security	Computer=USHQNADC01	User=K-Listewnik	Domain=NA	EventID=671	EventIDCcorpoe=671	EventType=8	EventCategory=7	RecordNumber=222337145	TimeGenerated=1389375236	TimeWritten=1389375236	Message=User Account Unlocked:   Target Account Name: Cassandra-Strickland   Target Domain:  NA   Target Account ID: NA\Cassandra-Strickland   Caller User Name: K-Listewnik   Caller Domain: NA   Caller Logon ID: (0x1,0x5C6225EF)   
<13>Jan 10 12:32:04 USHQNADC01 AgentDevice=WindowsLog	AgentLogFile=Security	PluginVersion=1.0.14	Source=Security	Computer=USHQNADC01	User=SVC-CourAdmin	Domain=NA	EventID=626	EventIDCcorpoe=626	EventType=8	EventCategory=7	RecordNumber=222335368	TimeGenerated=1389375118	TimeWritten=1389375118	Message=User Account Enabled:   Target Account Name: Bala-Krishnan1   Target Domain: NA   Target Account ID: NA\Bala-Krishnan1   Caller User Name: SVC-CourAdmin   Caller Domain: NA   Caller Logon ID: (0x1,0x5C6163E9)   
<13>Jan 10 12:32:04 USHQNADC01 AgentDevice=WindowsLog	AgentLogFile=Security	PluginVersion=1.0.14	Source=Security	Computer=USHQNADC01	User=SVC-CourAdmin	Domain=NA	EventID=642	EventIDCcorpoe=642	EventType=8	EventCategory=7	RecordNumber=222335367	TimeGenerated=1389375118	TimeWritten=1389375118	Message=User Account Changed:   Target Account Name: Bala-Krishnan1   Target Domain: NA   Target Account ID: NA\Bala-Krishnan1   Caller User Name: SVC-CourAdmin   Caller Domain: NA   Caller Logon ID: (0x1,0x5C6163E9)   Privileges: -  Changed Attributes:   Sam Account Name: -   Display Name: -   User Principal Name: -   Home Directory: -   Home Drive: -   Script Path: -   Profile Path: -   User Workstations: -   Password Last Set: -   Account Expires: -   Primary Group ID: -   AllowedTcorpoelegateTo: -   Old UAC Value: 0x15   New UAC Value: 0x10   User Account Control:    Account Enabled    'Password Not Required' - Disabled    User Parameters: -   Sid History: -   Logon Hours: -   
<13>Jan 10 12:32:03 USHQNADC01 AgentDevice=WindowsLog	AgentLogFile=Security	PluginVersion=1.0.14	Source=Security	Computer=USHQNADC01	User=SVC-CourAdmin	Domain=NA	EventID=642	EventIDCcorpoe=642	EventType=8	EventCategory=7	RecordNumber=222335352	TimeGenerated=1389375118	TimeWritten=1389375118	Message=User Account Changed:   Target Account Name: Bala-Krishnan1   Target Domain: NA   Target Account ID: NA\Bala-Krishnan1   Caller User Name: SVC-CourAdmin   Caller Domain: NA   Caller Logon ID: (0x1,0x5C617020)   Privileges: -  Changed Attributes:   Sam Account Name: -   Display Name: -   User Principal Name: -   Home Directory: -   Home Drive: -   Script Path: <value not set>    Profile Path: <value not set>    User Workstations: <value not set>    Password Last Set: <never>    Account Expires: <never>    Primary Group ID: -   AllowedTcorpoelegateTo: -   Old UAC Value: -   New UAC Value: -   User Account Control: -   User Parameters: <value changed, but not displayed>    Sid History: -   Logon Hours: -   
<13>Jan 10 12:32:01 USHQNADC01 AgentDevice=WindowsLog	AgentLogFile=Security	PluginVersion=1.0.14	Source=Security	Computer=USHQNADC01	User=SVC-CourAdmin	Domain=NA	EventID=642	EventIDCcorpoe=642	EventType=8	EventCategory=7	RecordNumber=222335282	TimeGenerated=1389375116	TimeWritten=1389375116	Message=User Account Changed:   Target Account Name: Bala-Krishnan1   Target Domain: NA   Target Account ID: NA\Bala-Krishnan1   Caller User Name: SVC-CourAdmin   Caller Domain: NA   Caller Logon ID: (0x1,0x5C616BF4)   Privileges: -  Changed Attributes:   Sam Account Name: -   Display Name: -   User Principal Name: -   Home Directory: -   Home Drive: -   Script Path: -   Profile Path: -   User Workstations: -   Password Last Set: 1/10/2014 12:31:56 PM   Account Expires: -   Primary Group ID: -   AllowedTcorpoelegateTo: -   Old UAC Value: -   New UAC Value: -   User Account Control: -   User Parameters: -   Sid History: -   Logon Hours: -   
<13>Jan 10 12:31:22 USHQNADC01 AgentDevice=WindowsLog	AgentLogFile=Security	PluginVersion=1.0.14	Source=Security	Computer=USHQNADC01	User=SVC-CourAdmin	Domain=NA	EventID=626	EventIDCcorpoe=626	EventType=8	EventCategory=7	RecordNumber=222334466	TimeGenerated=1389375075	TimeWritten=1389375075	Message=User Account Enabled:   Target Account Name: Gowtham-Jawahar   Target Domain: NA   Target Account ID: NA\Gowtham-Jawahar   Caller User Name: SVC-CourAdmin   Caller Domain: NA   Caller Logon ID: (0x1,0x5C60B9F6)   
<13>Jan 10 12:31:22 USHQNADC01 AgentDevice=WindowsLog	AgentLogFile=Security	PluginVersion=1.0.14	Source=Security	Computer=USHQNADC01	User=SVC-CourAdmin	Domain=NA	EventID=642	EventIDCcorpoe=642	EventType=8	EventCategory=7	RecordNumber=222334465	TimeGenerated=1389375075	TimeWritten=1389375075	Message=User Account Changed:   Target Account Name: Gowtham-Jawahar   Target Domain: NA   Target Account ID: NA\Gowtham-Jawahar   Caller User Name: SVC-CourAdmin   Caller Domain: NA   Caller Logon ID: (0x1,0x5C60B9F6)   Privileges: -  Changed Attributes:   Sam Account Name: -   Display Name: -   User Principal Name: -   Home Directory: -   Home Drive: -   Script Path: -   Profile Path: -   User Workstations: -   Password Last Set: -   Account Expires: -   Primary Group ID: -   AllowedTcorpoelegateTo: -   Old UAC Value: 0x15   New UAC Value: 0x10   User Account Control:    Account Enabled    'Password Not Required' - Disabled    User Parameters: -   Sid History: -   Logon Hours: -   
<13>Jan 10 12:31:22 USHQNADC01 AgentDevice=WindowsLog	AgentLogFile=Security	PluginVersion=1.0.14	Source=Security	Computer=USHQNADC01	User=SVC-CourAdmin	Domain=NA	EventID=642	EventIDCcorpoe=642	EventType=8	EventCategory=7	RecordNumber=222334451	TimeGenerated=1389375075	TimeWritten=1389375075	Message=User Account Changed:   Target Account Name: Gowtham-Jawahar   Target Domain: NA   Target Account ID: NA\Gowtham-Jawahar   Caller User Name: SVC-CourAdmin   Caller Domain: NA   Caller Logon ID: (0x1,0x5C6103F6)   Privileges: -  Changed Attributes:   Sam Account Name: -   Display Name: -   User Principal Name: -   Home Directory: -   Home Drive: -   Script Path: <value not set>    Profile Path: <value not set>    User Workstations: <value not set>    Password Last Set: <never>    Account Expires: <never>    Primary Group ID: -   AllowedTcorpoelegateTo: -   Old UAC Value: -   New UAC Value: -   User Account Control: -   User Parameters: <value changed, but not displayed>    Sid History: -   Logon Hours: -   
<13>Jan 10 12:31:20 USHQNADC01 AgentDevice=WindowsLog	AgentLogFile=Security	PluginVersion=1.0.14	Source=Security	Computer=USHQNADC01	User=SVC-CourAdmin	Domain=NA	EventID=642	EventIDCcorpoe=642	EventType=8	EventCategory=7	RecordNumber=222334379	TimeGenerated=1389375073	TimeWritten=1389375073	Message=User Account Changed:   Target Account Name: Gowtham-Jawahar   Target Domain: NA   Target Account ID: NA\Gowtham-Jawahar   Caller User Name: SVC-CourAdmin   Caller Domain: NA   Caller Logon ID: (0x1,0x5C6101C8)   Privileges: -  Changed Attributes:   Sam Account Name: -   Display Name: -   User Principal Name: -   Home Directory: -   Home Drive: -   Script Path: -   Profile Path: -   User Workstations: -   Password Last Set: 1/10/2014 12:31:13 PM   Account Expires: -   Primary Group ID: -   AllowedTcorpoelegateTo: -   Old UAC Value: -   New UAC Value: -   User Account Control: -   User Parameters: -   Sid History: -   Logon Hours: -   
<13>Jan 10 12:31:05 USHQNADC01 AgentDevice=WindowsLog	AgentLogFile=Security	PluginVersion=1.0.14	Source=Security	Computer=USHQNADC01	User=SVC-CourAdmin	Domain=NA	EventID=642	EventIDCcorpoe=642	EventType=8	EventCategory=7	RecordNumber=222334054	TimeGenerated=1389375061	TimeWritten=1389375061	Message=User Account Changed:   Target Account Name: Donnecia-Sealey   Target Domain: NA   Target Account ID: NA\Donnecia-Sealey   Caller User Name: SVC-CourAdmin   Caller Domain: NA   Caller Logon ID: (0x1,0x5C60B9F6)   Privileges: -  Changed Attributes:   Sam Account Name: -   Display Name: -   User Principal Name: -   Home Directory: -   Home Drive: -   Script Path: -   Profile Path: -   User Workstations: -   Password Last Set: -   Account Expires: -   Primary Group ID: -   AllowedTcorpoelegateTo: -   Old UAC Value: -   New UAC Value: -   User Account Control: -   User Parameters: -   Sid History: -   Logon Hours: -   
<13>Jan 10 12:31:05 USHQNADC01 AgentDevice=WindowsLog	AgentLogFile=Security	PluginVersion=1.0.14	Source=Security	Computer=USHQNADC01	User=SVC-CourAdmin	Domain=NA	EventID=629	EventIDCcorpoe=629	EventType=8	EventCategory=7	RecordNumber=222334046	TimeGenerated=1389375061	TimeWritten=1389375061	Message=User Account Disabled:   Target Account Name: Donnecia-Sealey   Target Domain: NA   Target Account ID: NA\Donnecia-Sealey   Caller User Name: SVC-CourAdmin   Caller Domain: NA   Caller Logon ID: (0x1,0x5C60B9F6)   
<13>Jan 10 12:31:05 USHQNADC01 AgentDevice=WindowsLog	AgentLogFile=Security	PluginVersion=1.0.14	Source=Security	Computer=USHQNADC01	User=SVC-CourAdmin	Domain=NA	EventID=642	EventIDCcorpoe=642	EventType=8	EventCategory=7	RecordNumber=222334045	TimeGenerated=1389375061	TimeWritten=1389375061	Message=User Account Changed:   Target Account Name: Donnecia-Sealey   Target Domain: NA   Target Account ID: NA\Donnecia-Sealey   Caller User Name: SVC-CourAdmin   Caller Domain: NA   Caller Logon ID: (0x1,0x5C60B9F6)   Privileges: -  Changed Attributes:   Sam Account Name: -   Display Name: -   User Principal Name: -   Home Directory: -   Home Drive: -   Script Path: -   Profile Path: -   User Workstations: -   Password Last Set: -   Account Expires: -   Primary Group ID: -   AllowedTcorpoelegateTo: -   Old UAC Value: 0x10   New UAC Value: 0x11   User Account Control:    Account Disabled    User Parameters: -   Sid History: -   Logon Hours: -   
<13>Jan 10 12:27:34 USHQNADC01 AgentDevice=WindowsLog	AgentLogFile=Security	PluginVersion=1.0.14	Source=Security	Computer=USHQNADC01	User=SYSTEM	Domain=NT AUTHORITY	EventID=644	EventIDCcorpoe=644	EventType=8	EventCategory=7	RecordNumber=222330742	TimeGenerated=1389374850	TimeWritten=1389374850	Message=User Account Locked Out:   Target Account Name: JCBmgr   Target Account ID: NA\JCBmgr   Caller Machine Name: \\10.63.125.95   Caller User Name: USHQNADC01$   Caller Domain: NA   Caller Logon ID: (0x0,0x3E7)   
<13>Jan 10 12:11:42 USHQNADC01 AgentDevice=WindowsLog	AgentLogFile=Security	PluginVersion=1.0.14	Source=Security	Computer=USHQNADC01	User=SYSTEM	Domain=NT AUTHORITY	EventID=644	EventIDCcorpoe=644	EventType=8	EventCategory=7	RecordNumber=222302462	TimeGenerated=1389373009	TimeWritten=1389373009	Message=User Account Locked Out:   Target Account Name: JCBmgr   Target Account ID: NA\JCBmgr   Caller Machine Name: \\10.63.125.95   Caller User Name: USHQNADC01$   Caller Domain: NA   Caller Logon ID: (0x0,0x3E7)   
<13>Jan 10 12:09:09 USHQNADC01 AgentDevice=WindowsLog	AgentLogFile=Security	PluginVersion=1.0.14	Source=Security	Computer=USHQNADC01	User=SVC-CourAdmin	Domain=NA	EventID=642	EventIDCcorpoe=642	EventType=8	EventCategory=7	RecordNumber=222295424	TimeGenerated=1389372815	TimeWritten=1389372815	Message=User Account Changed:   Target Account Name: F272-L136   Target Domain: NA   Target Account ID: NA\F272-L136   Caller User Name: SVC-CourAdmin   Caller Domain: NA   Caller Logon ID: (0x1,0x5C52BF8B)   Privileges: -  Changed Attributes:   Sam Account Name: -   Display Name: -   User Principal Name: -   Home Directory: -   Home Drive: -   Script Path: -   Profile Path: -   User Workstations: -   Password Last Set: -   Account Expires: -   Primary Group ID: -   AllowedTcorpoelegateTo: -   Old UAC Value: -   New UAC Value: -   User Account Control: -   User Parameters: -   Sid History: -   Logon Hours: -   
<13>Jan 10 12:08:26 USHQNADC01 AgentDevice=WindowsLog	AgentLogFile=Security	PluginVersion=1.0.14	Source=Security	Computer=USHQNADC01	User=ntwsadd	Domain=NA	EventID=626	EventIDCcorpoe=626	EventType=8	EventCategory=7	RecordNumber=222293384	TimeGenerated=1389372750	TimeWritten=1389372750	Message=User Account Enabled:   Target Account Name: R9T6X3A$   Target Domain: NA   Target Account ID: NA\R9T6X3A$   Caller User Name: ntwsadd   Caller Domain: NA   Caller Logon ID: (0x1,0x5C522BC0)   
<13>Jan 10 12:08:26 USHQNADC01 AgentDevice=WindowsLog	AgentLogFile=Security	PluginVersion=1.0.14	Source=Security	Computer=USHQNADC01	User=ntwsadd	Domain=NA	EventID=629	EventIDCcorpoe=629	EventType=8	EventCategory=7	RecordNumber=222293373	TimeGenerated=1389372750	TimeWritten=1389372750	Message=User Account Disabled:   Target Account Name: R9T6X3A$   Target Domain: NA   Target Account ID: NA\R9T6X3A$   Caller User Name: ntwsadd   Caller Domain: NA   Caller Logon ID: (0x1,0x5C522BC0)   
<13>Jan 10 11:53:21 USHQNADC01 AgentDevice=WindowsLog	AgentLogFile=Security	PluginVersion=1.0.14	Source=Security	Computer=USHQNADC01	User=610019MAN	Domain=NA	EventID=671	EventIDCcorpoe=671	EventType=8	EventCategory=7	RecordNumber=222255828	TimeGenerated=1389371325	TimeWritten=1389371325	Message=User Account Unlocked:   Target Account Name: Adrian-Macean   Target Domain:  NA   Target Account ID: NA\Adrian-Macean   Caller User Name: 610019MAN   Caller Domain: NA   Caller Logon ID: (0x1,0x5C44A0E8)   
<13>Jan 10 11:52:02 USHQNADC01 AgentDevice=WindowsLog	AgentLogFile=Security	PluginVersion=1.0.14	Source=Security	Computer=USHQNADC01	User=SYSTEM	Domain=NT AUTHORITY	EventID=644	EventIDCcorpoe=644	EventType=8	EventCategory=7	RecordNumber=222252389	TimeGenerated=1389371147	TimeWritten=1389371147	Message=User Account Locked Out:   Target Account Name: JCBmgr   Target Account ID: NA\JCBmgr   Caller Machine Name: \\10.63.125.95   Caller User Name: USHQNADC01$   Caller Domain: NA   Caller Logon ID: (0x0,0x3E7)   
<13>Jan 10 11:46:58 USHQNADC01 AgentDevice=WindowsLog	AgentLogFile=Security	PluginVersion=1.0.14	Source=Security	Computer=USHQNADC01	User=SVC-CourAdmin	Domain=NA	EventID=626	EventIDCcorpoe=626	EventType=8	EventCategory=7	RecordNumber=222238564	TimeGenerated=1389370324	TimeWritten=1389370324	Message=User Account Enabled:   Target Account Name: Christopher-Haynes   Target Domain: NA   Target Account ID: NA\Christopher-Haynes   Caller User Name: SVC-CourAdmin   Caller Domain: NA   Caller Logon ID: (0x1,0x5C04B760)   
<13>Jan 10 11:46:58 USHQNADC01 AgentDevice=WindowsLog	AgentLogFile=Security	PluginVersion=1.0.14	Source=Security	Computer=USHQNADC01	User=SVC-CourAdmin	Domain=NA	EventID=642	EventIDCcorpoe=642	EventType=8	EventCategory=7	RecordNumber=222238563	TimeGenerated=1389370324	TimeWritten=1389370324	Message=User Account Changed:   Target Account Name: Christopher-Haynes   Target Domain: NA   Target Account ID: NA\Christopher-Haynes   Caller User Name: SVC-CourAdmin   Caller Domain: NA   Caller Logon ID: (0x1,0x5C04B760)   Privileges: -  Changed Attributes:   Sam Account Name: -   Display Name: -   User Principal Name: -   Home Directory: -   Home Drive: -   Script Path: -   Profile Path: -   User Workstations: -   Password Last Set: -   Account Expires: -   Primary Group ID: -   AllowedTcorpoelegateTo: -   Old UAC Value: 0x15   New UAC Value: 0x10   User Account Control:    Account Enabled    'Password Not Required' - Disabled    User Parameters: -   Sid History: -   Logon Hours: -   
<13>Jan 10 11:46:58 USHQNADC01 AgentDevice=WindowsLog	AgentLogFile=Security	PluginVersion=1.0.14	Source=Security	Computer=USHQNADC01	User=SVC-CourAdmin	Domain=NA	EventID=642	EventIDCcorpoe=642	EventType=8	EventCategory=7	RecordNumber=222238543	TimeGenerated=1389370324	TimeWritten=1389370324	Message=User Account Changed:   Target Account Name: Christopher-Haynes   Target Domain: NA   Target Account ID: NA\Christopher-Haynes   Caller User Name: SVC-CourAdmin   Caller Domain: NA   Caller Logon ID: (0x1,0x5C04DD81)   Privileges: -  Changed Attributes:   Sam Account Name: -   Display Name: -   User Principal Name: -   Home Directory: -   Home Drive: -   Script Path: <value not set>    Profile Path: <value not set>    User Workstations: <value not set>    Password Last Set: <never>    Account Expires: <never>    Primary Group ID: -   AllowedTcorpoelegateTo: -   Old UAC Value: -   New UAC Value: -   User Account Control: -   User Parameters: <value changed, but not displayed>    Sid History: -   Logon Hours: -   
<13>Jan 10 11:46:56 USHQNADC01 AgentDevice=WindowsLog	AgentLogFile=Security	PluginVersion=1.0.14	Source=Security	Computer=USHQNADC01	User=SVC-CourAdmin	Domain=NA	EventID=642	EventIDCcorpoe=642	EventType=8	EventCategory=7	RecordNumber=222238487	TimeGenerated=1389370322	TimeWritten=1389370322	Message=User Account Changed:   Target Account Name: Christopher-Haynes   Target Domain: NA   Target Account ID: NA\Christopher-Haynes   Caller User Name: SVC-CourAdmin   Caller Domain: NA   Caller Logon ID: (0x1,0x5C04C8AE)   Privileges: -  Changed Attributes:   Sam Account Name: -   Display Name: -   User Principal Name: -   Home Directory: -   Home Drive: -   Script Path: -   Profile Path: -   User Workstations: -   Password Last Set: 1/10/2014 11:12:02 AM   Account Expires: -   Primary Group ID: -   AllowedTcorpoelegateTo: -   Old UAC Value: -   New UAC Value: -   User Account Control: -   User Parameters: -   Sid History: -   Logon Hours: -   
<13>Jan 10 11:46:26 USHQNADC01 AgentDevice=WindowsLog	AgentLogFile=Security	PluginVersion=1.0.14	Source=Security	Computer=USHQNADC01	User=SVC-CourAdmin	Domain=NA	EventID=642	EventIDCcorpoe=642	EventType=8	EventCategory=7	RecordNumber=222237180	TimeGenerated=1389370249	TimeWritten=1389370249	Message=User Account Changed:   Target Account Name: Michael-Johnson1   Target Domain: NA   Target Account ID: NA\Michael-Johnson1   Caller User Name: SVC-CourAdmin   Caller Domain: NA   Caller Logon ID: (0x1,0x5BFFCE92)   Privileges: -  Changed Attributes:   Sam Account Name: -   Display Name: -   User Principal Name: -   Home Directory: -   Home Drive: -   Script Path: -   Profile Path: -   User Workstations: -   Password Last Set: -   Account Expires: -   Primary Group ID: -   AllowedTcorpoelegateTo: -   Old UAC Value: 0x15   New UAC Value: 0x10   User Account Control:    Account Enabled    'Password Not Required' - Disabled    User Parameters: -   Sid History: -   Logon Hours: -   
<13>Jan 10 11:46:26 USHQNADC01 AgentDevice=WindowsLog	AgentLogFile=Security	PluginVersion=1.0.14	Source=Security	Computer=USHQNADC01	User=SVC-CourAdmin	Domain=NA	EventID=626	EventIDCcorpoe=626	EventType=8	EventCategory=7	RecordNumber=222237181	TimeGenerated=1389370249	TimeWritten=1389370249	Message=User Account Enabled:   Target Account Name: Michael-Johnson1   Target Domain: NA   Target Account ID: NA\Michael-Johnson1   Caller User Name: SVC-CourAdmin   Caller Domain: NA   Caller Logon ID: (0x1,0x5BFFCE92)   
<13>Jan 10 11:46:26 USHQNADC01 AgentDevice=WindowsLog	AgentLogFile=Security	PluginVersion=1.0.14	Source=Security	Computer=USHQNADC01	User=SVC-CourAdmin	Domain=NA	EventID=642	EventIDCcorpoe=642	EventType=8	EventCategory=7	RecordNumber=222237171	TimeGenerated=1389370248	TimeWritten=1389370248	Message=User Account Changed:   Target Account Name: Michael-Johnson1   Target Domain: NA   Target Account ID: NA\Michael-Johnson1   Caller User Name: SVC-CourAdmin   Caller Domain: NA   Caller Logon ID: (0x1,0x5C0009A8)   Privileges: -  Changed Attributes:   Sam Account Name: -   Display Name: -   User Principal Name: -   Home Directory: -   Home Drive: -   Script Path: <value not set>    Profile Path: <value not set>    User Workstations: <value not set>    Password Last Set: <never>    Account Expires: <never>    Primary Group ID: -   AllowedTcorpoelegateTo: -   Old UAC Value: -   New UAC Value: -   User Account Control: -   User Parameters: <value changed, but not displayed>    Sid History: -   Logon Hours: -   
<13>Jan 10 11:46:24 USHQNADC01 AgentDevice=WindowsLog	AgentLogFile=Security	PluginVersion=1.0.14	Source=Security	Computer=USHQNADC01	User=SVC-CourAdmin	Domain=NA	EventID=642	EventIDCcorpoe=642	EventType=8	EventCategory=7	RecordNumber=222237118	TimeGenerated=1389370247	TimeWritten=1389370247	Message=User Account Changed:   Target Account Name: Michael-Johnson1   Target Domain: NA   Target Account ID: NA\Michael-Johnson1   Caller User Name: SVC-CourAdmin   Caller Domain: NA   Caller Logon ID: (0x1,0x5BFFECEA)   Privileges: -  Changed Attributes:   Sam Account Name: -   Display Name: -   User Principal Name: -   Home Directory: -   Home Drive: -   Script Path: -   Profile Path: -   User Workstations: -   Password Last Set: 1/10/2014 11:10:46 AM   Account Expires: -   Primary Group ID: -   AllowedTcorpoelegateTo: -   Old UAC Value: -   New UAC Value: -   User Account Control: -   User Parameters: -   Sid History: -   Logon Hours: -   
