<13>Jan 10 19:54:30 USHQNADC01 AgentDevice=WindowsLog	AgentLogFile=Security	PluginVersion=1.0.14	Source=Security	Computer=USHQNADC01	User=SVC-CourAdmin	Domain=NA	EventID=624	EventIDCcorpoe=624	EventType=8	EventCategory=7	RecordNumber=223218555	TimeGenerated=1389401668	TimeWritten=1389401668	Message=User Account Created:   New Account Name: Jaime-Morales   New Domain: NA   New Account ID: NA\Jaime-Morales   Caller User Name: SVC-CourAdmin   Caller Domain: NA   Caller Logon ID: (0x1,0x5DE30F37)   Privileges  -  Attributes:   Sam Account Name: Jaime-Morales   Display Name: Jaime-Morales   User Principal Name: Jaime-Morales@na.corpo.net   Home Directory: \\USCHFS2\udsJ$\Jaime-Morales   Home Drive: U:   Script Path: -   Profile Path: -   User Workstations: -   Password Last Set: <never>    Account Expires: <never>    Primary Group ID: 513   AllowedTcorpoelegateTo: -   Old UAC Value: 0x0   New UAC Value: 0x15   User Account Control:    Account Disabled    'Password Not Required' - Enabled    'Normal Account' - Enabled    User Parameters: -   Sid History: -   Logon Hours: <value changed, but not displayed>    
<13>Jan 10 12:31:59 USHQNADC01 AgentDevice=WindowsLog	AgentLogFile=Security	PluginVersion=1.0.14	Source=Security	Computer=USHQNADC01	User=SVC-CourAdmin	Domain=NA	EventID=624	EventIDCcorpoe=624	EventType=8	EventCategory=7	RecordNumber=222335263	TimeGenerated=1389375116	TimeWritten=1389375116	Message=User Account Created:   New Account Name: Bala-Krishnan1   New Domain: NA   New Account ID: NA\Bala-Krishnan1   Caller User Name: SVC-CourAdmin   Caller Domain: NA   Caller Logon ID: (0x1,0x5C6163E9)   Privileges  -  Attributes:   Sam Account Name: Bala-Krishnan1   Display Name: Bala-Krishnan (Contractor)   User Principal Name: Bala-Krishnan1@na.corpo.net   Home Directory: \\USCHFS2\udsB$\Bala-Krishnan1   Home Drive: U:   Script Path: -   Profile Path: -   User Workstations: -   Password Last Set: <never>    Account Expires: <never>    Primary Group ID: 513   AllowedTcorpoelegateTo: -   Old UAC Value: 0x0   New UAC Value: 0x15   User Account Control:    Account Disabled    'Password Not Required' - Enabled    'Normal Account' - Enabled    User Parameters: -   Sid History: -   Logon Hours: <value changed, but not displayed>    
<13>Jan 10 12:31:17 USHQNADC01 AgentDevice=WindowsLog	AgentLogFile=Security	PluginVersion=1.0.14	Source=Security	Computer=USHQNADC01	User=SVC-CourAdmin	Domain=NA	EventID=624	EventIDCcorpoe=624	EventType=8	EventCategory=7	RecordNumber=222334344	TimeGenerated=1389375072	TimeWritten=1389375072	Message=User Account Created:   New Account Name: Gowtham-Jawahar   New Domain: NA   New Account ID: NA\Gowtham-Jawahar   Caller User Name: SVC-CourAdmin   Caller Domain: NA   Caller Logon ID: (0x1,0x5C60B9F6)   Privileges  -  Attributes:   Sam Account Name: Gowtham-Jawahar   Display Name: Gowtham-Jawahar (Contractor)   User Principal Name: Gowtham-Jawahar@na.corpo.net   Home Directory: \\USCHFS2\udsG$\Gowtham-Jawahar   Home Drive: U:   Script Path: -   Profile Path: -   User Workstations: -   Password Last Set: <never>    Account Expires: <never>    Primary Group ID: 513   AllowedTcorpoelegateTo: -   Old UAC Value: 0x0   New UAC Value: 0x15   User Account Control:    Account Disabled    'Password Not Required' - Enabled    'Normal Account' - Enabled    User Parameters: -   Sid History: -   Logon Hours: <value changed, but not displayed>    
<13>Jan 10 11:46:56 USHQNADC01 AgentDevice=WindowsLog	AgentLogFile=Security	PluginVersion=1.0.14	Source=Security	Computer=USHQNADC01	User=SVC-CourAdmin	Domain=NA	EventID=624	EventIDCcorpoe=624	EventType=8	EventCategory=7	RecordNumber=222238476	TimeGenerated=1389370322	TimeWritten=1389370322	Message=User Account Created:   New Account Name: Christopher-Haynes   New Domain: NA   New Account ID: NA\Christopher-Haynes   Caller User Name: SVC-CourAdmin   Caller Domain: NA   Caller Logon ID: (0x1,0x5C04B760)   Privileges  -  Attributes:   Sam Account Name: Christopher-Haynes   Display Name: Christopher-Haynes   User Principal Name: Christopher-Haynes@na.corpo.net   Home Directory: \\USCHFS2\udsC$\Christopher-Haynes   Home Drive: U:   Script Path: -   Profile Path: -   User Workstations: -   Password Last Set: <never>    Account Expires: <never>    Primary Group ID: 513   AllowedTcorpoelegateTo: -   Old UAC Value: 0x0   New UAC Value: 0x15   User Account Control:    Account Disabled    'Password Not Required' - Enabled    'Normal Account' - Enabled    User Parameters: -   Sid History: -   Logon Hours: <value changed, but not displayed>    
<13>Jan 10 11:46:24 USHQNADC01 AgentDevice=WindowsLog	AgentLogFile=Security	PluginVersion=1.0.14	Source=Security	Computer=USHQNADC01	User=SVC-CourAdmin	Domain=NA	EventID=624	EventIDCcorpoe=624	EventType=8	EventCategory=7	RecordNumber=222237106	TimeGenerated=1389370246	TimeWritten=1389370246	Message=User Account Created:   New Account Name: Michael-Johnson1   New Domain: NA   New Account ID: NA\Michael-Johnson1   Caller User Name: SVC-CourAdmin   Caller Domain: NA   Caller Logon ID: (0x1,0x5BFFCE92)   Privileges  -  Attributes:   Sam Account Name: Michael-Johnson1   Display Name: Michael-Johnson   User Principal Name: Michael-Johnson1@na.corpo.net   Home Directory: \\USCHFS2\udsM$\Michael-Johnson1   Home Drive: U:   Script Path: -   Profile Path: -   User Workstations: -   Password Last Set: <never>    Account Expires: <never>    Primary Group ID: 513   AllowedTcorpoelegateTo: -   Old UAC Value: 0x0   New UAC Value: 0x15   User Account Control:    Account Disabled    'Password Not Required' - Enabled    'Normal Account' - Enabled    User Parameters: -   Sid History: -   Logon Hours: <value changed, but not displayed>    
<13>Jan 13 08:17:45 USHQNADC01 AgentDevice=WindowsLog	AgentLogFile=Security	PluginVersion=1.0.14	Source=Security	Computer=USHQNADC01	User=ANONYMOUS LOGON	Domain=NT AUTHORITY	EventID=642	EventIDCcorpoe=642	EventType=8	EventCategory=7	RecordNumber=248871660	TimeGenerated=1389618030	TimeWritten=1389618030	Message=User Account Changed:   Target Account Name: Yliana-Reid   Target Domain: NA   Target Account ID: NA\Yliana-Reid   Caller User Name: USHQNADC01$   Caller Domain: NA   Caller Logon ID: (0x0,0x3E7)   Privileges: -  Changed Attributes:   Sam Account Name: -   Display Name: -   User Principal Name: -   Home Directory: -   Home Drive: -   Script Path: -   Profile Path: -   User Workstations: -   Password Last Set: 1/13/2014 8:00:30 AM   Account Expires: -   Primary Group ID: -   AllowedTcorpoelegateTo: -   Old UAC Value: -   New UAC Value: -   User Account Control: -   User Parameters: -   Sid History: -   Logon Hours: -   
<13>Jan 13 02:19:48 USHQNADC01 AgentDevice=WindowsLog	AgentLogFile=Security	PluginVersion=1.0.14	Source=Security	Computer=USHQNADC01	User=SYSTEM	Domain=NT AUTHORITY	EventID=644	EventIDCcorpoe=644	EventType=8	EventCategory=7	RecordNumber=242329948	TimeGenerated=1389596704	TimeWritten=1389596704	Message=User Account Locked Out:   Target Account Name: JCBmgr   Target Account ID: NA\JCBmgr   Caller Machine Name: \\10.63.125.95   Caller User Name: USHQNADC01$   Caller Domain: NA   Caller Logon ID: (0x0,0x3E7)   
<13>Jan 13 01:03:39 USHQNADC01 AgentDevice=WindowsLog	AgentLogFile=Security	PluginVersion=1.0.14	Source=Security	Computer=USHQNADC01	User=SYSTEM	Domain=NT AUTHORITY	EventID=644	EventIDCcorpoe=644	EventType=8	EventCategory=7	RecordNumber=241295688	TimeGenerated=1389593017	TimeWritten=1389593017	Message=User Account Locked Out:   Target Account Name: JCBmgr   Target Account ID: NA\JCBmgr   Caller Machine Name: \\10.63.125.95   Caller User Name: USHQNADC01$   Caller Domain: NA   Caller Logon ID: (0x0,0x3E7)   
<13>Jan 13 00:33:01 USHQNADC01 AgentDevice=WindowsLog	AgentLogFile=Security	PluginVersion=1.0.14	Source=Security	Computer=USHQNADC01	User=SYSTEM	Domain=NT AUTHORITY	EventID=644	EventIDCcorpoe=644	EventType=8	EventCategory=7	RecordNumber=241284291	TimeGenerated=1389591178	TimeWritten=1389591178	Message=User Account Locked Out:   Target Account Name: JCBmgr   Target Account ID: NA\JCBmgr   Caller Machine Name: \\10.63.125.95   Caller User Name: USHQNADC01$   Caller Domain: NA   Caller Logon ID: (0x0,0x3E7)   
<13>Jan 13 00:04:02 USHQNADC01 AgentDevice=WindowsLog	AgentLogFile=Security	PluginVersion=1.0.14	Source=Security	Computer=USHQNADC01	User=SYSTEM	Domain=NT AUTHORITY	EventID=644	EventIDCcorpoe=644	EventType=8	EventCategory=7	RecordNumber=241273135	TimeGenerated=1389589334	TimeWritten=1389589334	Message=User Account Locked Out:   Target Account Name: JCBmgr   Target Account ID: NA\JCBmgr   Caller Machine Name: \\10.63.125.95   Caller User Name: USHQNADC01$   Caller Domain: NA   Caller Logon ID: (0x0,0x3E7)   
<13>Jan 12 23:28:55 USHQNADC01 AgentDevice=WindowsLog	AgentLogFile=Security	PluginVersion=1.0.14	Source=Security	Computer=USHQNADC01	User=SYSTEM	Domain=NT AUTHORITY	EventID=644	EventIDCcorpoe=644	EventType=8	EventCategory=7	RecordNumber=241256429	TimeGenerated=1389587332	TimeWritten=1389587332	Message=User Account Locked Out:   Target Account Name: JCBmgr   Target Account ID: NA\JCBmgr   Caller Machine Name: \\10.63.125.95   Caller User Name: USHQNADC01$   Caller Domain: NA   Caller Logon ID: (0x0,0x3E7)   
<13>Jan 12 22:58:31 USHQNADC01 AgentDevice=WindowsLog	AgentLogFile=Security	PluginVersion=1.0.14	Source=Security	Computer=USHQNADC01	User=SYSTEM	Domain=NT AUTHORITY	EventID=644	EventIDCcorpoe=644	EventType=8	EventCategory=7	RecordNumber=241244154	TimeGenerated=1389585507	TimeWritten=1389585507	Message=User Account Locked Out:   Target Account Name: JCBmgr   Target Account ID: NA\JCBmgr   Caller Machine Name: \\10.63.125.95   Caller User Name: USHQNADC01$   Caller Domain: NA   Caller Logon ID: (0x0,0x3E7)   
<13>Jan 12 22:37:34 USHQNADC01 AgentDevice=WindowsLog	AgentLogFile=Security	PluginVersion=1.0.14	Source=Security	Computer=USHQNADC01	User=SYSTEM	Domain=NT AUTHORITY	EventID=644	EventIDCcorpoe=644	EventType=8	EventCategory=7	RecordNumber=241234050	TimeGenerated=1389584251	TimeWritten=1389584251	Message=User Account Locked Out:   Target Account Name: Song-Wei   Target Account ID: NA\Song-Wei   Caller Machine Name: ERICWEI-PC   Caller User Name: USHQNADC01$   Caller Domain: NA   Caller Logon ID: (0x0,0x3E7)   
<13>Jan 12 22:28:09 USHQNADC01 AgentDevice=WindowsLog	AgentLogFile=Security	PluginVersion=1.0.14	Source=Security	Computer=USHQNADC01	User=SYSTEM	Domain=NT AUTHORITY	EventID=644	EventIDCcorpoe=644	EventType=8	EventCategory=7	RecordNumber=241230515	TimeGenerated=1389583685	TimeWritten=1389583685	Message=User Account Locked Out:   Target Account Name: JCBmgr   Target Account ID: NA\JCBmgr   Caller Machine Name: \\10.63.125.95   Caller User Name: USHQNADC01$   Caller Domain: NA   Caller Logon ID: (0x0,0x3E7)   
<13>Jan 12 18:06:11 USHQNADC01 AgentDevice=WindowsLog	AgentLogFile=Security	PluginVersion=1.0.14	Source=Security	Computer=USHQNADC01	User=Maya-Carroll	Domain=NA	EventID=642	EventIDCcorpoe=642	EventType=8	EventCategory=7	RecordNumber=241141322	TimeGenerated=1389567968	TimeWritten=1389567968	Message=User Account Changed:   Target Account Name: Maya-Carroll   Target Domain: NA   Target Account ID: NA\Maya-Carroll   Caller User Name: Maya-Carroll   Caller Domain: NA   Caller Logon ID: (0x1,0x7B6442B4)   Privileges: -  Changed Attributes:   Sam Account Name: -   Display Name: -   User Principal Name: -   Home Directory: -   Home Drive: -   Script Path: -   Profile Path: -   User Workstations: -   Password Last Set: 1/12/2014 6:06:07 PM   Account Expires: -   Primary Group ID: -   AllowedTcorpoelegateTo: -   Old UAC Value: -   New UAC Value: -   User Account Control: -   User Parameters: -   Sid History: -   Logon Hours: -   
<13>Jan 12 16:55:39 USHQNADC01 AgentDevice=WindowsLog	AgentLogFile=Security	PluginVersion=1.0.14	Source=Security	Computer=USHQNADC01	User=SYSTEM	Domain=NT AUTHORITY	EventID=644	EventIDCcorpoe=644	EventType=8	EventCategory=7	RecordNumber=241104560	TimeGenerated=1389561816	TimeWritten=1389561816	Message=User Account Locked Out:   Target Account Name: JCBmgr   Target Account ID: NA\JCBmgr   Caller Machine Name: \\10.63.125.95   Caller User Name: USHQNADC01$   Caller Domain: NA   Caller Logon ID: (0x0,0x3E7)   
<13>Jan 12 16:51:43 USHQNADC01 AgentDevice=WindowsLog	AgentLogFile=Security	PluginVersion=1.0.14	Source=Security	Computer=USHQNADC01	User=SYSTEM	Domain=NT AUTHORITY	EventID=644	EventIDCcorpoe=644	EventType=8	EventCategory=7	RecordNumber=241093301	TimeGenerated=1389559975	TimeWritten=1389559975	Message=User Account Locked Out:   Target Account Name: JCBmgr   Target Account ID: NA\JCBmgr   Caller Machine Name: \\10.63.125.95   Caller User Name: USHQNADC01$   Caller Domain: NA   Caller Logon ID: (0x0,0x3E7)   
<13>Jan 12 16:47:58 USHQNADC01 AgentDevice=WindowsLog	AgentLogFile=Security	PluginVersion=1.0.14	Source=Security	Computer=USHQNADC01	User=SYSTEM	Domain=NT AUTHORITY	EventID=644	EventIDCcorpoe=644	EventType=8	EventCategory=7	RecordNumber=241082449	TimeGenerated=1389558113	TimeWritten=1389558113	Message=User Account Locked Out:   Target Account Name: JCBmgr   Target Account ID: NA\JCBmgr   Caller Machine Name: \\10.63.125.95   Caller User Name: USHQNADC01$   Caller Domain: NA   Caller Logon ID: (0x0,0x3E7)   
<13>Jan 12 16:44:06 USHQNADC01 AgentDevice=WindowsLog	AgentLogFile=Security	PluginVersion=1.0.14	Source=Security	Computer=USHQNADC01	User=SYSTEM	Domain=NT AUTHORITY	EventID=644	EventIDCcorpoe=644	EventType=8	EventCategory=7	RecordNumber=241071405	TimeGenerated=1389556249	TimeWritten=1389556249	Message=User Account Locked Out:   Target Account Name: JCBmgr   Target Account ID: NA\JCBmgr   Caller Machine Name: \\10.63.125.95   Caller User Name: USHQNADC01$   Caller Domain: NA   Caller Logon ID: (0x0,0x3E7)   
<13>Jan 12 16:41:50 USHQNADC01 AgentDevice=WindowsLog	AgentLogFile=Security	PluginVersion=1.0.14	Source=Security	Computer=USHQNADC01	User=Paul-Loughrey	Domain=NA	EventID=642	EventIDCcorpoe=642	EventType=8	EventCategory=7	RecordNumber=241064862	TimeGenerated=1389555259	TimeWritten=1389555259	Message=User Account Changed:   Target Account Name: Paul-Loughrey   Target Domain: NA   Target Account ID: NA\Paul-Loughrey   Caller User Name: Paul-Loughrey   Caller Domain: NA   Caller Logon ID: (0x1,0x7B321154)   Privileges: -  Changed Attributes:   Sam Account Name: -   Display Name: -   User Principal Name: -   Home Directory: -   Home Drive: -   Script Path: -   Profile Path: -   User Workstations: -   Password Last Set: 1/12/2014 2:34:19 PM   Account Expires: -   Primary Group ID: -   AllowedTcorpoelegateTo: -   Old UAC Value: -   New UAC Value: -   User Account Control: -   User Parameters: -   Sid History: -   Logon Hours: -   
<13>Jan 12 15:53:34 USHQNADC01 AgentDevice=WindowsLog	AgentLogFile=Security	PluginVersion=1.0.14	Source=Security	Computer=USHQNADC01	User=SYSTEM	Domain=NT AUTHORITY	EventID=644	EventIDCcorpoe=644	EventType=8	EventCategory=7	RecordNumber=240989242	TimeGenerated=1389554409	TimeWritten=1389554409	Message=User Account Locked Out:   Target Account Name: JCBmgr   Target Account ID: NA\JCBmgr   Caller Machine Name: \\10.63.125.95   Caller User Name: USHQNADC01$   Caller Domain: NA   Caller Logon ID: (0x0,0x3E7)   
<13>Jan 12 13:51:35 USHQNADC01 AgentDevice=WindowsLog	AgentLogFile=Security	PluginVersion=1.0.14	Source=Security	Computer=USHQNADC01	User=SYSTEM	Domain=NT AUTHORITY	EventID=644	EventIDCcorpoe=644	EventType=8	EventCategory=7	RecordNumber=240328918	TimeGenerated=1389550719	TimeWritten=1389550719	Message=User Account Locked Out:   Target Account Name: JCBmgr   Target Account ID: NA\JCBmgr   Caller Machine Name: \\10.63.125.95   Caller User Name: USHQNADC01$   Caller Domain: NA   Caller Logon ID: (0x0,0x3E7)   
<13>Jan 12 06:47:49 USHQNADC01 AgentDevice=WindowsLog	AgentLogFile=Security	PluginVersion=1.0.14	Source=Security	Computer=USHQNADC01	User=SYSTEM	Domain=NT AUTHORITY	EventID=644	EventIDCcorpoe=644	EventType=8	EventCategory=7	RecordNumber=235453865	TimeGenerated=1389524849	TimeWritten=1389524849	Message=User Account Locked Out:   Target Account Name: JCBmgr   Target Account ID: NA\JCBmgr   Caller Machine Name: \\10.63.125.95   Caller User Name: USHQNADC01$   Caller Domain: NA   Caller Logon ID: (0x0,0x3E7)   
<13>Jan 11 20:52:01 USHQNADC01 AgentDevice=WindowsLog	AgentLogFile=Security	PluginVersion=1.0.14	Source=Security	Computer=USHQNADC01	User=SYSTEM	Domain=NT AUTHORITY	EventID=644	EventIDCcorpoe=644	EventType=8	EventCategory=7	RecordNumber=232017724	TimeGenerated=1389491519	TimeWritten=1389491519	Message=User Account Locked Out:   Target Account Name: JCBmgr   Target Account ID: NA\JCBmgr   Caller Machine Name: \\10.63.125.95   Caller User Name: USHQNADC01$   Caller Domain: NA   Caller Logon ID: (0x0,0x3E7)   
<13>Jan 11 20:21:02 USHQNADC01 AgentDevice=WindowsLog	AgentLogFile=Security	PluginVersion=1.0.14	Source=Security	Computer=USHQNADC01	User=SYSTEM	Domain=NT AUTHORITY	EventID=644	EventIDCcorpoe=644	EventType=8	EventCategory=7	RecordNumber=232004531	TimeGenerated=1389489659	TimeWritten=1389489659	Message=User Account Locked Out:   Target Account Name: JCBmgr   Target Account ID: NA\JCBmgr   Caller Machine Name: \\10.63.125.95   Caller User Name: USHQNADC01$   Caller Domain: NA   Caller Logon ID: (0x0,0x3E7)   
<13>Jan 11 19:50:35 USHQNADC01 AgentDevice=WindowsLog	AgentLogFile=Security	PluginVersion=1.0.14	Source=Security	Computer=USHQNADC01	User=SYSTEM	Domain=NT AUTHORITY	EventID=644	EventIDCcorpoe=644	EventType=8	EventCategory=7	RecordNumber=231990847	TimeGenerated=1389487833	TimeWritten=1389487833	Message=User Account Locked Out:   Target Account Name: JCBmgr   Target Account ID: NA\JCBmgr   Caller Machine Name: \\10.63.125.95   Caller User Name: USHQNADC01$   Caller Domain: NA   Caller Logon ID: (0x0,0x3E7)   
<13>Jan 11 19:36:43 USHQNADC01 AgentDevice=WindowsLog	AgentLogFile=Security	PluginVersion=1.0.14	Source=Security	Computer=USHQNADC01	User=SYSTEM	Domain=NT AUTHORITY	EventID=644	EventIDCcorpoe=644	EventType=8	EventCategory=7	RecordNumber=231976572	TimeGenerated=1389485985	TimeWritten=1389485985	Message=User Account Locked Out:   Target Account Name: JCBmgr   Target Account ID: NA\JCBmgr   Caller Machine Name: \\10.63.125.95   Caller User Name: USHQNADC01$   Caller Domain: NA   Caller Logon ID: (0x0,0x3E7)   
<13>Jan 11 19:31:36 USHQNADC01 AgentDevice=WindowsLog	AgentLogFile=Security	PluginVersion=1.0.14	Source=Security	Computer=USHQNADC01	User=SYSTEM	Domain=NT AUTHORITY	EventID=644	EventIDCcorpoe=644	EventType=8	EventCategory=7	RecordNumber=231961842	TimeGenerated=1389484141	TimeWritten=1389484141	Message=User Account Locked Out:   Target Account Name: JCBmgr   Target Account ID: NA\JCBmgr   Caller Machine Name: \\10.63.125.95   Caller User Name: USHQNADC01$   Caller Domain: NA   Caller Logon ID: (0x0,0x3E7)   
<13>Jan 11 19:26:18 USHQNADC01 AgentDevice=WindowsLog	AgentLogFile=Security	PluginVersion=1.0.14	Source=Security	Computer=USHQNADC01	User=SYSTEM	Domain=NT AUTHORITY	EventID=644	EventIDCcorpoe=644	EventType=8	EventCategory=7	RecordNumber=231946569	TimeGenerated=1389482278	TimeWritten=1389482278	Message=User Account Locked Out:   Target Account Name: JCBmgr   Target Account ID: NA\JCBmgr   Caller Machine Name: \\10.63.125.95   Caller User Name: USHQNADC01$   Caller Domain: NA   Caller Logon ID: (0x0,0x3E7)   
<13>Jan 11 19:13:38 USHQNADC01 AgentDevice=WindowsLog	AgentLogFile=Security	PluginVersion=1.0.14	Source=Security	Computer=USHQNADC01	User=SYSTEM	Domain=NT AUTHORITY	EventID=644	EventIDCcorpoe=644	EventType=8	EventCategory=7	RecordNumber=231916337	TimeGenerated=1389480433	TimeWritten=1389480433	Message=User Account Locked Out:   Target Account Name: JCBmgr   Target Account ID: NA\JCBmgr   Caller Machine Name: \\10.63.125.95   Caller User Name: USHQNADC01$   Caller Domain: NA   Caller Logon ID: (0x0,0x3E7)   
<13>Jan 11 18:55:49 USHQNADC01 AgentDevice=WindowsLog	AgentLogFile=Security	PluginVersion=1.0.14	Source=Security	Computer=USHQNADC01	User=SYSTEM	Domain=NT AUTHORITY	EventID=644	EventIDCcorpoe=644	EventType=8	EventCategory=7	RecordNumber=231875630	TimeGenerated=1389478580	TimeWritten=1389478580	Message=User Account Locked Out:   Target Account Name: JCBmgr   Target Account ID: NA\JCBmgr   Caller Machine Name: \\10.63.125.95   Caller User Name: USHQNADC01$   Caller Domain: NA   Caller Logon ID: (0x0,0x3E7)   
<13>Jan 11 18:50:57 USHQNADC01 AgentDevice=WindowsLog	AgentLogFile=Security	PluginVersion=1.0.14	Source=Security	Computer=USHQNADC01	User=SYSTEM	Domain=NT AUTHORITY	EventID=644	EventIDCcorpoe=644	EventType=8	EventCategory=7	RecordNumber=231861620	TimeGenerated=1389476735	TimeWritten=1389476735	Message=User Account Locked Out:   Target Account Name: JCBmgr   Target Account ID: NA\JCBmgr   Caller Machine Name: \\10.63.125.95   Caller User Name: USHQNADC01$   Caller Domain: NA   Caller Logon ID: (0x0,0x3E7)   
<13>Jan 11 18:46:10 USHQNADC01 AgentDevice=WindowsLog	AgentLogFile=Security	PluginVersion=1.0.14	Source=Security	Computer=USHQNADC01	User=SYSTEM	Domain=NT AUTHORITY	EventID=644	EventIDCcorpoe=644	EventType=8	EventCategory=7	RecordNumber=231847927	TimeGenerated=1389474889	TimeWritten=1389474889	Message=User Account Locked Out:   Target Account Name: JCBmgr   Target Account ID: NA\JCBmgr   Caller Machine Name: \\10.63.125.95   Caller User Name: USHQNADC01$   Caller Domain: NA   Caller Logon ID: (0x0,0x3E7)   
<13>Jan 11 18:41:20 USHQNADC01 AgentDevice=WindowsLog	AgentLogFile=Security	PluginVersion=1.0.14	Source=Security	Computer=USHQNADC01	User=SYSTEM	Domain=NT AUTHORITY	EventID=644	EventIDCcorpoe=644	EventType=8	EventCategory=7	RecordNumber=231834044	TimeGenerated=1389473046	TimeWritten=1389473046	Message=User Account Locked Out:   Target Account Name: JCBmgr   Target Account ID: NA\JCBmgr   Caller Machine Name: \\10.63.125.95   Caller User Name: USHQNADC01$   Caller Domain: NA   Caller Logon ID: (0x0,0x3E7)   
<13>Jan 11 18:36:11 USHQNADC01 AgentDevice=WindowsLog	AgentLogFile=Security	PluginVersion=1.0.14	Source=Security	Computer=USHQNADC01	User=SYSTEM	Domain=NT AUTHORITY	EventID=644	EventIDCcorpoe=644	EventType=8	EventCategory=7	RecordNumber=231819222	TimeGenerated=1389471199	TimeWritten=1389471199	Message=User Account Locked Out:   Target Account Name: JCBmgr   Target Account ID: NA\JCBmgr   Caller Machine Name: \\10.63.125.95   Caller User Name: USHQNADC01$   Caller Domain: NA   Caller Logon ID: (0x0,0x3E7)   
<13>Jan 11 16:51:29 USHQNADC01 AgentDevice=WindowsLog	AgentLogFile=Security	PluginVersion=1.0.14	Source=Security	Computer=USHQNADC01	User=SYSTEM	Domain=NT AUTHORITY	EventID=644	EventIDCcorpoe=644	EventType=8	EventCategory=7	RecordNumber=231648802	TimeGenerated=1389469341	TimeWritten=1389469341	Message=User Account Locked Out:   Target Account Name: JCBmgr   Target Account ID: NA\JCBmgr   Caller Machine Name: \\10.63.125.95   Caller User Name: USHQNADC01$   Caller Domain: NA   Caller Logon ID: (0x0,0x3E7)   
<13>Jan 11 01:15:40 USHQNADC01 AgentDevice=WindowsLog	AgentLogFile=Security	PluginVersion=1.0.14	Source=Security	Computer=USHQNADC01	User=SVC-CourAdmin	Domain=NA	EventID=642	EventIDCcorpoe=642	EventType=8	EventCategory=7	RecordNumber=223598377	TimeGenerated=1389418268	TimeWritten=1389418268	Message=User Account Changed:   Target Account Name: Rey-Barcelona   Target Domain: NA   Target Account ID: NA\Rey-Barcelona   Caller User Name: SVC-CourAdmin   Caller Domain: NA   Caller Logon ID: (0x1,0x5EA2E7D3)   Privileges: -  Changed Attributes:   Sam Account Name: -   Display Name: -   User Principal Name: -   Home Directory: -   Home Drive: -   Script Path: -   Profile Path: -   User Workstations: -   Password Last Set: -   Account Expires: -   Primary Group ID: -   AllowedTcorpoelegateTo: -   Old UAC Value: -   New UAC Value: -   User Account Control: -   User Parameters: -   Sid History: -   Logon Hours: -   
<13>Jan 11 01:15:40 USHQNADC01 AgentDevice=WindowsLog	AgentLogFile=Security	PluginVersion=1.0.14	Source=Security	Computer=USHQNADC01	User=SVC-CourAdmin	Domain=NA	EventID=642	EventIDCcorpoe=642	EventType=8	EventCategory=7	RecordNumber=223598374	TimeGenerated=1389418268	TimeWritten=1389418268	Message=User Account Changed:   Target Account Name: Rey-Barcelona   Target Domain: NA   Target Account ID: NA\Rey-Barcelona   Caller User Name: SVC-CourAdmin   Caller Domain: NA   Caller Logon ID: (0x1,0x5EA2E7D3)   Privileges: -  Changed Attributes:   Sam Account Name: -   Display Name: -   User Principal Name: -   Home Directory: -   Home Drive: -   Script Path: -   Profile Path: -   User Workstations: -   Password Last Set: -   Account Expires: -   Primary Group ID: -   AllowedTcorpoelegateTo: -   Old UAC Value: 0x10   New UAC Value: 0x11   User Account Control:    Account Disabled    User Parameters: -   Sid History: -   Logon Hours: -   
<13>Jan 11 01:15:40 USHQNADC01 AgentDevice=WindowsLog	AgentLogFile=Security	PluginVersion=1.0.14	Source=Security	Computer=USHQNADC01	User=SVC-CourAdmin	Domain=NA	EventID=629	EventIDCcorpoe=629	EventType=8	EventCategory=7	RecordNumber=223598375	TimeGenerated=1389418268	TimeWritten=1389418268	Message=User Account Disabled:   Target Account Name: Rey-Barcelona   Target Domain: NA   Target Account ID: NA\Rey-Barcelona   Caller User Name: SVC-CourAdmin   Caller Domain: NA   Caller Logon ID: (0x1,0x5EA2E7D3)   
<13>Jan 11 01:15:38 USHQNADC01 AgentDevice=WindowsLog	AgentLogFile=Security	PluginVersion=1.0.14	Source=Security	Computer=USHQNADC01	User=SVC-CourAdmin	Domain=NA	EventID=642	EventIDCcorpoe=642	EventType=8	EventCategory=7	RecordNumber=223598275	TimeGenerated=1389418264	TimeWritten=1389418264	Message=User Account Changed:   Target Account Name: Peter-Leary   Target Domain: NA   Target Account ID: NA\Peter-Leary   Caller User Name: SVC-CourAdmin   Caller Domain: NA   Caller Logon ID: (0x1,0x5EA2E42E)   Privileges: -  Changed Attributes:   Sam Account Name: -   Display Name: -   User Principal Name: -   Home Directory: -   Home Drive: -   Script Path: -   Profile Path: -   User Workstations: -   Password Last Set: -   Account Expires: -   Primary Group ID: -   AllowedTcorpoelegateTo: -   Old UAC Value: -   New UAC Value: -   User Account Control: -   User Parameters: -   Sid History: -   Logon Hours: -   
<13>Jan 11 01:15:38 USHQNADC01 AgentDevice=WindowsLog	AgentLogFile=Security	PluginVersion=1.0.14	Source=Security	Computer=USHQNADC01	User=SVC-CourAdmin	Domain=NA	EventID=629	EventIDCcorpoe=629	EventType=8	EventCategory=7	RecordNumber=223598273	TimeGenerated=1389418264	TimeWritten=1389418264	Message=User Account Disabled:   Target Account Name: Peter-Leary   Target Domain: NA   Target Account ID: NA\Peter-Leary   Caller User Name: SVC-CourAdmin   Caller Domain: NA   Caller Logon ID: (0x1,0x5EA2E42E)   
<13>Jan 11 01:15:38 USHQNADC01 AgentDevice=WindowsLog	AgentLogFile=Security	PluginVersion=1.0.14	Source=Security	Computer=USHQNADC01	User=SVC-CourAdmin	Domain=NA	EventID=642	EventIDCcorpoe=642	EventType=8	EventCategory=7	RecordNumber=223598272	TimeGenerated=1389418264	TimeWritten=1389418264	Message=User Account Changed:   Target Account Name: Peter-Leary   Target Domain: NA   Target Account ID: NA\Peter-Leary   Caller User Name: SVC-CourAdmin   Caller Domain: NA   Caller Logon ID: (0x1,0x5EA2E42E)   Privileges: -  Changed Attributes:   Sam Account Name: -   Display Name: -   User Principal Name: -   Home Directory: -   Home Drive: -   Script Path: -   Profile Path: -   User Workstations: -   Password Last Set: -   Account Expires: -   Primary Group ID: -   AllowedTcorpoelegateTo: -   Old UAC Value: 0x10   New UAC Value: 0x11   User Account Control:    Account Disabled    User Parameters: -   Sid History: -   Logon Hours: -   
<13>Jan 11 01:15:35 USHQNADC01 AgentDevice=WindowsLog	AgentLogFile=Security	PluginVersion=1.0.14	Source=Security	Computer=USHQNADC01	User=SVC-CourAdmin	Domain=NA	EventID=642	EventIDCcorpoe=642	EventType=8	EventCategory=7	RecordNumber=223598151	TimeGenerated=1389418255	TimeWritten=1389418255	Message=User Account Changed:   Target Account Name: kaninda-didier   Target Domain: NA   Target Account ID: NA\kaninda-didier   Caller User Name: SVC-CourAdmin   Caller Domain: NA   Caller Logon ID: (0x1,0x5EA2D96A)   Privileges: -  Changed Attributes:   Sam Account Name: -   Display Name: -   User Principal Name: -   Home Directory: -   Home Drive: -   Script Path: -   Profile Path: -   User Workstations: -   Password Last Set: -   Account Expires: -   Primary Group ID: -   AllowedTcorpoelegateTo: -   Old UAC Value: -   New UAC Value: -   User Account Control: -   User Parameters: -   Sid History: -   Logon Hours: -   
<13>Jan 11 01:15:35 USHQNADC01 AgentDevice=WindowsLog	AgentLogFile=Security	PluginVersion=1.0.14	Source=Security	Computer=USHQNADC01	User=SVC-CourAdmin	Domain=NA	EventID=629	EventIDCcorpoe=629	EventType=8	EventCategory=7	RecordNumber=223598149	TimeGenerated=1389418255	TimeWritten=1389418255	Message=User Account Disabled:   Target Account Name: kaninda-didier   Target Domain: NA   Target Account ID: NA\kaninda-didier   Caller User Name: SVC-CourAdmin   Caller Domain: NA   Caller Logon ID: (0x1,0x5EA2D96A)   
<13>Jan 11 01:15:35 USHQNADC01 AgentDevice=WindowsLog	AgentLogFile=Security	PluginVersion=1.0.14	Source=Security	Computer=USHQNADC01	User=SVC-CourAdmin	Domain=NA	EventID=642	EventIDCcorpoe=642	EventType=8	EventCategory=7	RecordNumber=223598148	TimeGenerated=1389418255	TimeWritten=1389418255	Message=User Account Changed:   Target Account Name: kaninda-didier   Target Domain: NA   Target Account ID: NA\kaninda-didier   Caller User Name: SVC-CourAdmin   Caller Domain: NA   Caller Logon ID: (0x1,0x5EA2D96A)   Privileges: -  Changed Attributes:   Sam Account Name: -   Display Name: -   User Principal Name: -   Home Directory: -   Home Drive: -   Script Path: -   Profile Path: -   User Workstations: -   Password Last Set: -   Account Expires: -   Primary Group ID: -   AllowedTcorpoelegateTo: -   Old UAC Value: 0x10   New UAC Value: 0x11   User Account Control:    Account Disabled    User Parameters: -   Sid History: -   Logon Hours: -   
<13>Jan 11 01:15:33 USHQNADC01 AgentDevice=WindowsLog	AgentLogFile=Security	PluginVersion=1.0.14	Source=Security	Computer=USHQNADC01	User=SVC-CourAdmin	Domain=NA	EventID=642	EventIDCcorpoe=642	EventType=8	EventCategory=7	RecordNumber=223598095	TimeGenerated=1389418248	TimeWritten=1389418248	Message=User Account Changed:   Target Account Name: Lachu-Chuwan   Target Domain: NA   Target Account ID: NA\Lachu-Chuwan   Caller User Name: SVC-CourAdmin   Caller Domain: NA   Caller Logon ID: (0x1,0x5EA2D21E)   Privileges: -  Changed Attributes:   Sam Account Name: -   Display Name: -   User Principal Name: -   Home Directory: -   Home Drive: -   Script Path: -   Profile Path: -   User Workstations: -   Password Last Set: -   Account Expires: -   Primary Group ID: -   AllowedTcorpoelegateTo: -   Old UAC Value: -   New UAC Value: -   User Account Control: -   User Parameters: -   Sid History: -   Logon Hours: -   
<13>Jan 11 01:15:33 USHQNADC01 AgentDevice=WindowsLog	AgentLogFile=Security	PluginVersion=1.0.14	Source=Security	Computer=USHQNADC01	User=SVC-CourAdmin	Domain=NA	EventID=629	EventIDCcorpoe=629	EventType=8	EventCategory=7	RecordNumber=223598093	TimeGenerated=1389418248	TimeWritten=1389418248	Message=User Account Disabled:   Target Account Name: Lachu-Chuwan   Target Domain: NA   Target Account ID: NA\Lachu-Chuwan   Caller User Name: SVC-CourAdmin   Caller Domain: NA   Caller Logon ID: (0x1,0x5EA2D21E)   
<13>Jan 11 01:15:33 USHQNADC01 AgentDevice=WindowsLog	AgentLogFile=Security	PluginVersion=1.0.14	Source=Security	Computer=USHQNADC01	User=SVC-CourAdmin	Domain=NA	EventID=642	EventIDCcorpoe=642	EventType=8	EventCategory=7	RecordNumber=223598092	TimeGenerated=1389418248	TimeWritten=1389418248	Message=User Account Changed:   Target Account Name: Lachu-Chuwan   Target Domain: NA   Target Account ID: NA\Lachu-Chuwan   Caller User Name: SVC-CourAdmin   Caller Domain: NA   Caller Logon ID: (0x1,0x5EA2D21E)   Privileges: -  Changed Attributes:   Sam Account Name: -   Display Name: -   User Principal Name: -   Home Directory: -   Home Drive: -   Script Path: -   Profile Path: -   User Workstations: -   Password Last Set: -   Account Expires: -   Primary Group ID: -   AllowedTcorpoelegateTo: -   Old UAC Value: 0x10   New UAC Value: 0x11   User Account Control:    Account Disabled    User Parameters: -   Sid History: -   Logon Hours: -   
<13>Jan 10 19:54:35 USHQNADC01 AgentDevice=WindowsLog	AgentLogFile=Security	PluginVersion=1.0.14	Source=Security	Computer=USHQNADC01	User=SVC-CourAdmin	Domain=NA	EventID=626	EventIDCcorpoe=626	EventType=8	EventCategory=7	RecordNumber=223218607	TimeGenerated=1389401671	TimeWritten=1389401671	Message=User Account Enabled:   Target Account Name: Jaime-Morales   Target Domain: NA   Target Account ID: NA\Jaime-Morales   Caller User Name: SVC-CourAdmin   Caller Domain: NA   Caller Logon ID: (0x1,0x5DE30F37)   
<13>Jan 10 19:54:35 USHQNADC01 AgentDevice=WindowsLog	AgentLogFile=Security	PluginVersion=1.0.14	Source=Security	Computer=USHQNADC01	User=SVC-CourAdmin	Domain=NA	EventID=642	EventIDCcorpoe=642	EventType=8	EventCategory=7	RecordNumber=223218606	TimeGenerated=1389401671	TimeWritten=1389401671	Message=User Account Changed:   Target Account Name: Jaime-Morales   Target Domain: NA   Target Account ID: NA\Jaime-Morales   Caller User Name: SVC-CourAdmin   Caller Domain: NA   Caller Logon ID: (0x1,0x5DE30F37)   Privileges: -  Changed Attributes:   Sam Account Name: -   Display Name: -   User Principal Name: -   Home Directory: -   Home Drive: -   Script Path: -   Profile Path: -   User Workstations: -   Password Last Set: -   Account Expires: -   Primary Group ID: -   AllowedTcorpoelegateTo: -   Old UAC Value: 0x15   New UAC Value: 0x10   User Account Control:    Account Enabled    'Password Not Required' - Disabled    User Parameters: -   Sid History: -   Logon Hours: -   
<13>Jan 10 19:54:35 USHQNADC01 AgentDevice=WindowsLog	AgentLogFile=Security	PluginVersion=1.0.14	Source=Security	Computer=USHQNADC01	User=SVC-CourAdmin	Domain=NA	EventID=642	EventIDCcorpoe=642	EventType=8	EventCategory=7	RecordNumber=223218598	TimeGenerated=1389401671	TimeWritten=1389401671	Message=User Account Changed:   Target Account Name: Jaime-Morales   Target Domain: NA   Target Account ID: NA\Jaime-Morales   Caller User Name: SVC-CourAdmin   Caller Domain: NA   Caller Logon ID: (0x1,0x5DE3117E)   Privileges: -  Changed Attributes:   Sam Account Name: -   Display Name: -   User Principal Name: -   Home Directory: -   Home Drive: -   Script Path: <value not set>    Profile Path: <value not set>    User Workstations: <value not set>    Password Last Set: <never>    Account Expires: <never>    Primary Group ID: -   AllowedTcorpoelegateTo: -   Old UAC Value: -   New UAC Value: -   User Account Control: -   User Parameters: <value changed, but not displayed>    Sid History: -   Logon Hours: -   
<13>Jan 10 19:54:33 USHQNADC01 AgentDevice=WindowsLog	AgentLogFile=Security	PluginVersion=1.0.14	Source=Security	Computer=USHQNADC01	User=SVC-CourAdmin	Domain=NA	EventID=642	EventIDCcorpoe=642	EventType=8	EventCategory=7	RecordNumber=223218562	TimeGenerated=1389401669	TimeWritten=1389401669	Message=User Account Changed:   Target Account Name: Jaime-Morales   Target Domain: NA   Target Account ID: NA\Jaime-Morales   Caller User Name: SVC-CourAdmin   Caller Domain: NA   Caller Logon ID: (0x1,0x5DE3102E)   Privileges: -  Changed Attributes:   Sam Account Name: -   Display Name: -   User Principal Name: -   Home Directory: -   Home Drive: -   Script Path: -   Profile Path: -   User Workstations: -   Password Last Set: 1/10/2014 7:54:28 PM   Account Expires: -   Primary Group ID: -   AllowedTcorpoelegateTo: -   Old UAC Value: -   New UAC Value: -   User Account Control: -   User Parameters: -   Sid History: -   Logon Hours: -   
<13>Jan 10 19:43:29 USHQNADC01 AgentDevice=WindowsLog	AgentLogFile=Security	PluginVersion=1.0.14	Source=Security	Computer=USHQNADC01	User=ntwsadd	Domain=NA	EventID=626	EventIDCcorpoe=626	EventType=8	EventCategory=7	RecordNumber=223188341	TimeGenerated=1389395998	TimeWritten=1389395998	Message=User Account Enabled:   Target Account Name: R9YHELM$   Target Domain: NA   Target Account ID: NA\R9YHELM$   Caller User Name: ntwsadd   Caller Domain: NA   Caller Logon ID: (0x1,0x5DCD8AEB)   
<13>Jan 10 19:43:29 USHQNADC01 AgentDevice=WindowsLog	AgentLogFile=Security	PluginVersion=1.0.14	Source=Security	Computer=USHQNADC01	User=ntwsadd	Domain=NA	EventID=629	EventIDCcorpoe=629	EventType=8	EventCategory=7	RecordNumber=223188336	TimeGenerated=1389395998	TimeWritten=1389395998	Message=User Account Disabled:   Target Account Name: R9YHELM$   Target Domain: NA   Target Account ID: NA\R9YHELM$   Caller User Name: ntwsadd   Caller Domain: NA   Caller Logon ID: (0x1,0x5DCD8AEB)   
<13>Jan 10 19:43:01 USHQNADC01 AgentDevice=WindowsLog	AgentLogFile=Security	PluginVersion=1.0.14	Source=Security	Computer=USHQNADC01	User=ntwsadd	Domain=NA	EventID=626	EventIDCcorpoe=626	EventType=8	EventCategory=7	RecordNumber=223186998	TimeGenerated=1389395793	TimeWritten=1389395793	Message=User Account Enabled:   Target Account Name: R9F0LEY$   Target Domain: NA   Target Account ID: NA\R9F0LEY$   Caller User Name: ntwsadd   Caller Domain: NA   Caller Logon ID: (0x1,0x5DCCB47C)   
<13>Jan 10 19:43:01 USHQNADC01 AgentDevice=WindowsLog	AgentLogFile=Security	PluginVersion=1.0.14	Source=Security	Computer=USHQNADC01	User=ntwsadd	Domain=NA	EventID=629	EventIDCcorpoe=629	EventType=8	EventCategory=7	RecordNumber=223186993	TimeGenerated=1389395793	TimeWritten=1389395793	Message=User Account Disabled:   Target Account Name: R9F0LEY$   Target Domain: NA   Target Account ID: NA\R9F0LEY$   Caller User Name: ntwsadd   Caller Domain: NA   Caller Logon ID: (0x1,0x5DCCB47C)   
<13>Jan 10 18:28:11 USHQNADC01 AgentDevice=WindowsLog	AgentLogFile=Security	PluginVersion=1.0.14	Source=Security	Computer=USHQNADC01	User=SVC-CourAdmin	Domain=NA	EventID=642	EventIDCcorpoe=642	EventType=8	EventCategory=7	RecordNumber=223027752	TimeGenerated=1389393057	TimeWritten=1389393057	Message=User Account Changed:   Target Account Name: Vijay-Bongu   Target Domain: NA   Target Account ID: NA\Vijay-Bongu   Caller User Name: SVC-CourAdmin   Caller Domain: NA   Caller Logon ID: (0x1,0x5D87A5AD)   Privileges: -  Changed Attributes:   Sam Account Name: -   Display Name: -   User Principal Name: -   Home Directory: -   Home Drive: -   Script Path: -   Profile Path: -   User Workstations: -   Password Last Set: -   Account Expires: -   Primary Group ID: -   AllowedTcorpoelegateTo: -   Old UAC Value: -   New UAC Value: -   User Account Control: -   User Parameters: -   Sid History: -   Logon Hours: -   
<13>Jan 10 18:28:11 USHQNADC01 AgentDevice=WindowsLog	AgentLogFile=Security	PluginVersion=1.0.14	Source=Security	Computer=USHQNADC01	User=SVC-CourAdmin	Domain=NA	EventID=629	EventIDCcorpoe=629	EventType=8	EventCategory=7	RecordNumber=223027748	TimeGenerated=1389393057	TimeWritten=1389393057	Message=User Account Disabled:   Target Account Name: Vijay-Bongu   Target Domain: NA   Target Account ID: NA\Vijay-Bongu   Caller User Name: SVC-CourAdmin   Caller Domain: NA   Caller Logon ID: (0x1,0x5D87A5AD)   
<13>Jan 10 18:28:11 USHQNADC01 AgentDevice=WindowsLog	AgentLogFile=Security	PluginVersion=1.0.14	Source=Security	Computer=USHQNADC01	User=SVC-CourAdmin	Domain=NA	EventID=642	EventIDCcorpoe=642	EventType=8	EventCategory=7	RecordNumber=223027747	TimeGenerated=1389393057	TimeWritten=1389393057	Message=User Account Changed:   Target Account Name: Vijay-Bongu   Target Domain: NA   Target Account ID: NA\Vijay-Bongu   Caller User Name: SVC-CourAdmin   Caller Domain: NA   Caller Logon ID: (0x1,0x5D87A5AD)   Privileges: -  Changed Attributes:   Sam Account Name: -   Display Name: -   User Principal Name: -   Home Directory: -   Home Drive: -   Script Path: -   Profile Path: -   User Workstations: -   Password Last Set: -   Account Expires: -   Primary Group ID: -   AllowedTcorpoelegateTo: -   Old UAC Value: 0x10   New UAC Value: 0x11   User Account Control:    Account Disabled    User Parameters: -   Sid History: -   Logon Hours: -   
<13>Jan 10 18:27:12 USHQNADC01 AgentDevice=WindowsLog	AgentLogFile=Security	PluginVersion=1.0.14	Source=Security	Computer=USHQNADC01	User=SVC-CourAdmin	Domain=NA	EventID=642	EventIDCcorpoe=642	EventType=8	EventCategory=7	RecordNumber=223024957	TimeGenerated=1389392728	TimeWritten=1389392728	Message=User Account Changed:   Target Account Name: 652870MGR   Target Domain: NA   Target Account ID: NA\652870MGR   Caller User Name: SVC-CourAdmin   Caller Domain: NA   Caller Logon ID: (0x1,0x5D862693)   Privileges: -  Changed Attributes:   Sam Account Name: -   Display Name: -   User Principal Name: -   Home Directory: -   Home Drive: -   Script Path: -   Profile Path: -   User Workstations: -   Password Last Set: -   Account Expires: -   Primary Group ID: -   AllowedTcorpoelegateTo: -   Old UAC Value: -   New UAC Value: -   User Account Control: -   User Parameters: -   Sid History: -   Logon Hours: -   
<13>Jan 10 18:27:12 USHQNADC01 AgentDevice=WindowsLog	AgentLogFile=Security	PluginVersion=1.0.14	Source=Security	Computer=USHQNADC01	User=SVC-CourAdmin	Domain=NA	EventID=629	EventIDCcorpoe=629	EventType=8	EventCategory=7	RecordNumber=223024955	TimeGenerated=1389392728	TimeWritten=1389392728	Message=User Account Disabled:   Target Account Name: 652870MGR   Target Domain: NA   Target Account ID: NA\652870MGR   Caller User Name: SVC-CourAdmin   Caller Domain: NA   Caller Logon ID: (0x1,0x5D862693)   
<13>Jan 10 18:27:12 USHQNADC01 AgentDevice=WindowsLog	AgentLogFile=Security	PluginVersion=1.0.14	Source=Security	Computer=USHQNADC01	User=SVC-CourAdmin	Domain=NA	EventID=642	EventIDCcorpoe=642	EventType=8	EventCategory=7	RecordNumber=223024954	TimeGenerated=1389392728	TimeWritten=1389392728	Message=User Account Changed:   Target Account Name: 652870MGR   Target Domain: NA   Target Account ID: NA\652870MGR   Caller User Name: SVC-CourAdmin   Caller Domain: NA   Caller Logon ID: (0x1,0x5D862693)   Privileges: -  Changed Attributes:   Sam Account Name: -   Display Name: -   User Principal Name: -   Home Directory: -   Home Drive: -   Script Path: -   Profile Path: -   User Workstations: -   Password Last Set: -   Account Expires: -   Primary Group ID: -   AllowedTcorpoelegateTo: -   Old UAC Value: 0x10   New UAC Value: 0x11   User Account Control:    Account Disabled    User Parameters: -   Sid History: -   Logon Hours: -   
<13>Jan 10 18:27:09 USHQNADC01 AgentDevice=WindowsLog	AgentLogFile=Security	PluginVersion=1.0.14	Source=Security	Computer=USHQNADC01	User=SVC-CourAdmin	Domain=NA	EventID=642	EventIDCcorpoe=642	EventType=8	EventCategory=7	RecordNumber=223024901	TimeGenerated=1389392724	TimeWritten=1389392724	Message=User Account Changed:   Target Account Name: Heath-Notley   Target Domain: NA   Target Account ID: NA\Heath-Notley   Caller User Name: SVC-CourAdmin   Caller Domain: NA   Caller Logon ID: (0x1,0x5D862083)   Privileges: -  Changed Attributes:   Sam Account Name: -   Display Name: -   User Principal Name: -   Home Directory: -   Home Drive: -   Script Path: -   Profile Path: -   User Workstations: -   Password Last Set: -   Account Expires: -   Primary Group ID: -   AllowedTcorpoelegateTo: -   Old UAC Value: -   New UAC Value: -   User Account Control: -   User Parameters: -   Sid History: -   Logon Hours: -   
<13>Jan 10 18:27:09 USHQNADC01 AgentDevice=WindowsLog	AgentLogFile=Security	PluginVersion=1.0.14	Source=Security	Computer=USHQNADC01	User=SVC-CourAdmin	Domain=NA	EventID=629	EventIDCcorpoe=629	EventType=8	EventCategory=7	RecordNumber=223024895	TimeGenerated=1389392724	TimeWritten=1389392724	Message=User Account Disabled:   Target Account Name: Heath-Notley   Target Domain: NA   Target Account ID: NA\Heath-Notley   Caller User Name: SVC-CourAdmin   Caller Domain: NA   Caller Logon ID: (0x1,0x5D862083)   
<13>Jan 10 18:27:09 USHQNADC01 AgentDevice=WindowsLog	AgentLogFile=Security	PluginVersion=1.0.14	Source=Security	Computer=USHQNADC01	User=SVC-CourAdmin	Domain=NA	EventID=642	EventIDCcorpoe=642	EventType=8	EventCategory=7	RecordNumber=223024894	TimeGenerated=1389392724	TimeWritten=1389392724	Message=User Account Changed:   Target Account Name: Heath-Notley   Target Domain: NA   Target Account ID: NA\Heath-Notley   Caller User Name: SVC-CourAdmin   Caller Domain: NA   Caller Logon ID: (0x1,0x5D862083)   Privileges: -  Changed Attributes:   Sam Account Name: -   Display Name: -   User Principal Name: -   Home Directory: -   Home Drive: -   Script Path: -   Profile Path: -   User Workstations: -   Password Last Set: -   Account Expires: -   Primary Group ID: -   AllowedTcorpoelegateTo: -   Old UAC Value: 0x10   New UAC Value: 0x11   User Account Control:    Account Disabled    User Parameters: -   Sid History: -   Logon Hours: -   
<13>Jan 10 18:26:11 USHQNADC01 AgentDevice=WindowsLog	AgentLogFile=Security	PluginVersion=1.0.14	Source=Security	Computer=USHQNADC01	User=SVC-CourAdmin	Domain=NA	EventID=642	EventIDCcorpoe=642	EventType=8	EventCategory=7	RecordNumber=223022185	TimeGenerated=1389392447	TimeWritten=1389392447	Message=User Account Changed:   Target Account Name: Vladimir-Mishin   Target Domain: NA   Target Account ID: NA\Vladimir-Mishin   Caller User Name: SVC-CourAdmin   Caller Domain: NA   Caller Logon ID: (0x1,0x5D84BF47)   Privileges: -  Changed Attributes:   Sam Account Name: -   Display Name: -   User Principal Name: -   Home Directory: -   Home Drive: -   Script Path: -   Profile Path: -   User Workstations: -   Password Last Set: -   Account Expires: -   Primary Group ID: -   AllowedTcorpoelegateTo: -   Old UAC Value: -   New UAC Value: -   User Account Control: -   User Parameters: -   Sid History: -   Logon Hours: -   
<13>Jan 10 18:26:11 USHQNADC01 AgentDevice=WindowsLog	AgentLogFile=Security	PluginVersion=1.0.14	Source=Security	Computer=USHQNADC01	User=SVC-CourAdmin	Domain=NA	EventID=629	EventIDCcorpoe=629	EventType=8	EventCategory=7	RecordNumber=223022182	TimeGenerated=1389392447	TimeWritten=1389392447	Message=User Account Disabled:   Target Account Name: Vladimir-Mishin   Target Domain: NA   Target Account ID: NA\Vladimir-Mishin   Caller User Name: SVC-CourAdmin   Caller Domain: NA   Caller Logon ID: (0x1,0x5D84BF47)   
<13>Jan 10 18:26:11 USHQNADC01 AgentDevice=WindowsLog	AgentLogFile=Security	PluginVersion=1.0.14	Source=Security	Computer=USHQNADC01	User=SVC-CourAdmin	Domain=NA	EventID=642	EventIDCcorpoe=642	EventType=8	EventCategory=7	RecordNumber=223022181	TimeGenerated=1389392447	TimeWritten=1389392447	Message=User Account Changed:   Target Account Name: Vladimir-Mishin   Target Domain: NA   Target Account ID: NA\Vladimir-Mishin   Caller User Name: SVC-CourAdmin   Caller Domain: NA   Caller Logon ID: (0x1,0x5D84BF47)   Privileges: -  Changed Attributes:   Sam Account Name: -   Display Name: -   User Principal Name: -   Home Directory: -   Home Drive: -   Script Path: -   Profile Path: -   User Workstations: -   Password Last Set: -   Account Expires: -   Primary Group ID: -   AllowedTcorpoelegateTo: -   Old UAC Value: 0x10   New UAC Value: 0x11   User Account Control:    Account Disabled    User Parameters: -   Sid History: -   Logon Hours: -   
<13>Jan 10 17:57:32 USHQNADC01 AgentDevice=WindowsLog	AgentLogFile=Security	PluginVersion=1.0.14	Source=Security	Computer=USHQNADC01	User=Stephan-Kober	Domain=NA	EventID=671	EventIDCcorpoe=671	EventType=8	EventCategory=7	RecordNumber=222941094	TimeGenerated=1389386884	TimeWritten=1389386884	Message=User Account Unlocked:   Target Account Name: Carolina-Carpio   Target Domain:  NA   Target Account ID: NA\Carolina-Carpio   Caller User Name: Stephan-Kober   Caller Domain: NA   Caller Logon ID: (0x1,0x5D627A5E)   
<13>Jan 10 17:25:17 USHQNADC01 AgentDevice=WindowsLog	AgentLogFile=Security	PluginVersion=1.0.14	Source=Security	Computer=USHQNADC01	User=Kevin-Burch	Domain=NA	EventID=642	EventIDCcorpoe=642	EventType=8	EventCategory=7	RecordNumber=222849815	TimeGenerated=1389380341	TimeWritten=1389380341	Message=User Account Changed:   Target Account Name: Kevin-Burch   Target Domain: NA   Target Account ID: NA\Kevin-Burch   Caller User Name: Kevin-Burch   Caller Domain: NA   Caller Logon ID: (0x1,0x5D2E76AC)   Privileges: -  Changed Attributes:   Sam Account Name: -   Display Name: -   User Principal Name: -   Home Directory: -   Home Drive: -   Script Path: -   Profile Path: -   User Workstations: -   Password Last Set: 1/10/2014 1:59:01 PM   Account Expires: -   Primary Group ID: -   AllowedTcorpoelegateTo: -   Old UAC Value: -   New UAC Value: -   User Account Control: -   User Parameters: -   Sid History: -   Logon Hours: -   
<13>Jan 10 13:22:33 USHQNADC01 AgentDevice=WindowsLog	AgentLogFile=Security	PluginVersion=1.0.14	Source=Security	Computer=USHQNADC01	User=Robert-Caianiello	Domain=NA	EventID=642	EventIDCcorpoe=642	EventType=8	EventCategory=7	RecordNumber=222378352	TimeGenerated=1389378150	TimeWritten=1389378150	Message=User Account Changed:   Target Account Name: Robert-Caianiello   Target Domain: NA   Target Account ID: NA\Robert-Caianiello   Caller User Name: Robert-Caianiello   Caller Domain: NA   Caller Logon ID: (0x1,0x5C737FBB)   Privileges: -  Changed Attributes:   Sam Account Name: -   Display Name: -   User Principal Name: -   Home Directory: -   Home Drive: -   Script Path: -   Profile Path: -   User Workstations: -   Password Last Set: 1/10/2014 1:22:30 PM   Account Expires: -   Primary Group ID: -   AllowedTcorpoelegateTo: -   Old UAC Value: -   New UAC Value: -   User Account Control: -   User Parameters: -   Sid History: -   Logon Hours: -   
