<13>Jan 10 17:53:41 USHQPSC01S02 AgentDevice=WindowsLog	AgentLogFile=Security	PluginVersion=1.0.14	Source=Security	Computer=USHQPSC01S01	User=SYSTEM	Domain=NT AUTHORITY	EventID=644	EventIDCcorpoe=644	EventType=8	EventCategory=7	RecordNumber=189023430	TimeGenerated=1389394400	TimeWritten=1389394400	Message=User Account Locked Out:   Target Account Name: john-jacobs   Target Account ID: %{S-1-5-21-4268549299-3008074652-2765539647-501}   Caller Machine Name: USCHCTXPSAPP04   Caller User Name: USHQPSC01S01$   Caller Domain: NA   Caller Logon ID: (0x0,0x3E7)   
<13>Jan 10 17:53:24 USHQPSC01S01 AgentDevice=WindowsLog	AgentLogFile=Security	PluginVersion=1.0.14	Source=Security	Computer=USHQPSC01S01	User=SYSTEM	Domain=NT AUTHORITY	EventID=644	EventIDCcorpoe=644	EventType=8	EventCategory=7	RecordNumber=189379271	TimeGenerated=1389394400	TimeWritten=1389394400	Message=User Account Locked Out:   Target Account Name: john-jacobs   Target Account ID: USHQPSC01S01\john-jacobs   Caller Machine Name: USCHCTXPSAPP04   Caller User Name: USHQPSC01S01$   Caller Domain: NA   Caller Logon ID: (0x0,0x3E7)   
<13>Jan 10 16:54:21 USHQPSC01S02 AgentDevice=WindowsLog	AgentLogFile=Security	PluginVersion=1.0.14	Source=Security	Computer=USHQPSC01S01	User=SYSTEM	Domain=NT AUTHORITY	EventID=644	EventIDCcorpoe=644	EventType=8	EventCategory=7	RecordNumber=189020942	TimeGenerated=1389390847	TimeWritten=1389390847	Message=User Account Locked Out:   Target Account Name: john-jacobs   Target Account ID: %{S-1-5-21-4268549299-3008074652-2765539647-501}   Caller Machine Name: USCHCTXPSAPP04   Caller User Name: USHQPSC01S01$   Caller Domain: NA   Caller Logon ID: (0x0,0x3E7)   
<13>Jan 10 16:54:11 USHQPSC01S01 AgentDevice=WindowsLog	AgentLogFile=Security	PluginVersion=1.0.14	Source=Security	Computer=USHQPSC01S01	User=SYSTEM	Domain=NT AUTHORITY	EventID=644	EventIDCcorpoe=644	EventType=8	EventCategory=7	RecordNumber=189376783	TimeGenerated=1389390847	TimeWritten=1389390847	Message=User Account Locked Out:   Target Account Name: john-jacobs   Target Account ID: USHQPSC01S01\john-jacobs   Caller Machine Name: USCHCTXPSAPP04   Caller User Name: USHQPSC01S01$   Caller Domain: NA   Caller Logon ID: (0x0,0x3E7)   
<13>Jan 10 12:10:19 USHQPSC01S02 AgentDevice=WindowsLog	AgentLogFile=Security	PluginVersion=1.0.14	Source=Security	Computer=USHQPSC01S01	User=SYSTEM	Domain=NT AUTHORITY	EventID=644	EventIDCcorpoe=644	EventType=8	EventCategory=7	RecordNumber=189006139	TimeGenerated=1389373802	TimeWritten=1389373802	Message=User Account Locked Out:   Target Account Name: john-jacobs   Target Account ID: %{S-1-5-21-4268549299-3008074652-2765539647-501}   Caller Machine Name: USCHCTXPSAPP03   Caller User Name: USHQPSC01S01$   Caller Domain: NA   Caller Logon ID: (0x0,0x3E7)   
<13>Jan 10 12:10:05 USHQPSC01S01 AgentDevice=WindowsLog	AgentLogFile=Security	PluginVersion=1.0.14	Source=Security	Computer=USHQPSC01S01	User=SYSTEM	Domain=NT AUTHORITY	EventID=644	EventIDCcorpoe=644	EventType=8	EventCategory=7	RecordNumber=189361980	TimeGenerated=1389373802	TimeWritten=1389373802	Message=User Account Locked Out:   Target Account Name: john-jacobs   Target Account ID: USHQPSC01S01\john-jacobs   Caller Machine Name: USCHCTXPSAPP03   Caller User Name: USHQPSC01S01$   Caller Domain: NA   Caller Logon ID: (0x0,0x3E7)   
