<13>Jun 21 10:39:15 microsoft.windows.test.com AgentDevice=WindowsLog	AgentLogFile=Security	Source=Security	Computer=ITEAM-2K3SR2-ST	User=	Domain=	EventID=538	EventIDCode=538	EventType=8	EventCategory=2	RecordNumber=540680	TimeGenerated=1182436750	TimeWritten=1182436750	Message=User Logoff: User Name:      Administrator   Domain:         ITEAM-2K3SR2-ST Logon ID:               (0x0,0xBF79E5)  Logon Type:     3
<13>Jun 21 10:39:15 microsoft.windows.test.com AgentDevice=WindowsLog	AgentLogFile=Security	Source=Security	Computer=ITEAM-2K3SR2-ST	User=	Domain=	EventID=538	EventIDCode=538	EventType=8	EventCategory=2	RecordNumber=540681	TimeGenerated=1182436750	TimeWritten=1182436750	Message=User Logoff: User Name:      Administrator   Domain:         ITEAM-2K3SR2-ST Logon ID:               (0x0,0xBF79FC)  Logon Type:     3
<13>Jun 21 10:39:15 microsoft.windows.test.com AgentDevice=WindowsLog	AgentLogFile=Security	Source=Security	Computer=ITEAM-2K3SR2-ST	User=	Domain=	EventID=680	EventIDCode=680	EventType=8	EventCategory=9	RecordNumber=540682	TimeGenerated=1182436750	TimeWritten=1182436750	Message=Logon attempt by:    MICROSOFT_AUTHENTICATION_PACKAGE_V1_0Logon account:     administratorSource Workstation:        2KSERVERError Code:     0x0
<13>Jun 21 10:39:15 microsoft.windows.test.com AgentDevice=WindowsLog	AgentLogFile=Security	Source=Security	Computer=ITEAM-2K3SR2-ST	User=	Domain=	EventID=576	EventIDCode=576	EventType=8	EventCategory=4	RecordNumber=540683	TimeGenerated=1182436750	TimeWritten=1182436750	Message=Special privileges assigned to new logon:	User Name:	Administrator	Domain:		ITEAM-2K3SR2-ST	Logon ID:		(0x0,0xBF9D36)	Privileges:	SeSecurityPrivilege			SeBackupPrivilege			SeRestorePrivilege			SeTakeOwnershipPrivilege			SeDebugPrivilege			SeSystemEnvironmentPrivilege			SeLoadDriverPrivilege			SeImpersonatePrivilege
<13>Jun 21 10:39:15 microsoft.windows.test.com AgentDevice=WindowsLog	AgentLogFile=Security	Source=Security	Computer=ITEAM-2K3SR2-ST	User=	Domain=	EventID=540	EventIDCode=540	EventType=8	EventCategory=2	RecordNumber=540684	TimeGenerated=1182436750	TimeWritten=1182436750	Message=Successful Network Logon:	User Name:	Administrator	Domain:		ITEAM-2K3SR2-ST	Logon ID:		(0x0,0xBF9D36)	Logon Type:	3	Logon Process:	NtLmSsp 	Authentication Package:	NTLM	Workstation Name:	2KSERVER	Logon GUID:	-	Caller User Name:	-	Caller Domain:	-	Caller Logon ID:	-	Caller Process ID: -	Transited Services: -     Source Network Address: 172.16.210.90   Source Port:    3002
<13>Jun 21 10:39:15 microsoft.windows.test.com AgentDevice=WindowsLog	AgentLogFile=Security	Source=Security	Computer=ITEAM-2K3SR2-ST	User=	Domain=	EventID=592	EventIDCode=592	EventType=8	EventCategory=5	RecordNumber=540685	TimeGenerated=1182436750	TimeWritten=1182436750	Message=A new  process has been created:      New Process ID: 1536    Image File Name:        C:\Program Files\Microsoft Virtual Server\WebSite\VirtualServer\VSWebApp.exe    Creator Process ID:     2732    User Name:      NETWORK SERVICE Domain:         NT AUTHORITY    Logon ID:               (0x0,0x3E4)
<13>Jun 21 10:39:15 microsoft.windows.test.com AgentDevice=WindowsLog	AgentLogFile=Security	Source=Security	Computer=ITEAM-2K3SR2-ST	User=	Domain=	EventID=578	EventIDCode=578	EventType=8	EventCategory=4	RecordNumber=540687	TimeGenerated=1182436750	TimeWritten=1182436750	Message=Privi leged object operation: Object Server:  Security        Object Handle:  1916    Process ID:     1536    Primary User Name:      Administrator   Primary Domain: ITEAM-2K3SR2-ST Primary Logon ID:       (0x0,0xBF9D36)  Client User Name:       -       Client Domain:  -       Client Logon ID:        -       Privileges:     SeTakeOwnershipPrivilege
<13>Jun 21 10:39:15 microsoft.windows.test.com AgentDevice=WindowsLog	AgentLogFile=Security	Source=Security	Computer=ITEAM-2K3SR2-ST	User=	Domain=	EventID=540	EventIDCode=540	EventType=8	EventCategory=2	RecordNumber=540706	TimeGenerated=1182436750	TimeWritten=1182436750	Message=Successful Network Logon:	User Name:	Administrator	Domain:		ITEAM-2K3SR2-ST	Logon ID:		(0x0,0xBFA9B7)	Logon Type:	3	Logon Process:	NtLmSsp 	Authentication Package:	NTLM	Workstation Name:	2KSERVER	Logon GUID:	-	Caller User Name:	-	Caller Domain:	-	Caller Logon ID:	-	Caller Process ID: -	Transited Services: -     Source Network Address: 172.16.210.90   Source Port:    3004
