<13>Nov  3 12:12:52 Pers-DC MSWinEventLog	4	Security	48673	Tue Nov 03 12:12:51 2015	4656	Microsoft-Windows-Security-Auditing	PERS-DC\Raul	N/A	Success Audit	Pers-DC	File System		A handle to an object was requested.    Subject:   Security ID:  S-1-5-21-222014455-3467858785-2229672989-1001   Account Name:  Raul   Account Domain:  PERS-DC   Logon ID:  0x45732    Object:   Object Server:  Security   Object Type:  File   Object Name:  C:\tmp\OracleDBA.xlsx   Handle ID:  0x90   Resource Attributes: -    Process Information:   Process ID:  0xd34   Process Name:  C:\Windows\System32\cmd.exe    Access Request Information:   Transaction ID:  {00000000-0000-0000-0000-000000000000}   Accesses:  READ_CONTROL      SYNCHRONIZE      ReadData (or ListDirectory)      ReadEA      ReadAttributes         Access Reasons:  READ_CONTROL: Granted by Ownership      SYNCHRONIZE: Granted by D:(A;ID;0x1200a9;;;BU)      ReadData (or ListDirectory): Granted by D:(A;ID;0x1200a9;;;BU)      ReadEA: Granted by D:(A;ID;0x1200a9;;;BU)      ReadAttributes: Granted by D:(A;ID;0x1200a9;;;BU)         Access Mask:  0x120089   Privileges Used for Access Check: -   Restricted SID Count: 0	48220 
<13>Nov  3 12:12:52 Pers-DC MSWinEventLog	4	Security	48674	Tue Nov 03 12:12:51 2015	4663	Microsoft-Windows-Security-Auditing	PERS-DC\Raul	N/A	Success Audit	Pers-DC	File System		An attempt was made to access an object.    Subject:   Security ID:  S-1-5-21-222014455-3467858785-2229672989-1001   Account Name:  Raul   Account Domain:  PERS-DC   Logon ID:  0x45732    Object:   Object Server:  Security   Object Type:  File   Object Name:  C:\tmp\OracleDBA.xlsx   Handle ID:  0x90   Resource Attributes: S:AI    Process Information:   Process ID:  0xd34   Process Name:  C:\Windows\System32\cmd.exe    Access Request Information:   Accesses:  ReadData (or ListDirectory)         Access Mask:  0x1	48221 
<13>Nov  3 12:12:52 Pers-DC MSWinEventLog	0	Security	48675	Tue Nov 03 12:12:51 2015	4690	Microsoft-Windows-Security-Auditing	PERS-DC\Raul	N/A	Success Audit	Pers-DC	Handle Manipulation		An attempt was made to duplicate a handle to an object.    Subject:   Security ID:  S-1-5-21-222014455-3467858785-2229672989-1001   Account Name:  Raul   Account Domain:  PERS-DC   Logon ID:  0x45732    Source Handle Information:   Source Handle ID: 0x6c   Source Process ID: 0xd34    New Handle Information:   Target Handle ID: 0x113c   Target Process ID: 0x4	48222 
<13>Nov  3 12:12:52 Pers-DC MSWinEventLog	4	Security	48676	Tue Nov 03 12:12:51 2015	4656	Microsoft-Windows-Security-Auditing	PERS-DC\Raul	N/A	Success Audit	Pers-DC	File System		A handle to an object was requested.    Subject:   Security ID:  S-1-5-21-222014455-3467858785-2229672989-1001   Account Name:  Raul   Account Domain:  PERS-DC   Logon ID:  0x45732    Object:   Object Server:  Security   Object Type:  File   Object Name:  C:\tmp\OracleDBA.xlsx   Handle ID:  0x6c   Resource Attributes: -    Process Information:   Process ID:  0xd34   Process Name:  C:\Windows\System32\cmd.exe    Access Request Information:   Transaction ID:  {00000000-0000-0000-0000-000000000000}   Accesses:  READ_CONTROL      SYNCHRONIZE      ReadData (or ListDirectory)      ReadEA      ReadAttributes         Access Reasons:  READ_CONTROL: Granted by Ownership      SYNCHRONIZE: Granted by D:(A;ID;0x1200a9;;;BU)      ReadData (or ListDirectory): Granted by D:(A;ID;0x1200a9;;;BU)      ReadEA: Granted by D:(A;ID;0x1200a9;;;BU)      ReadAttributes: Granted by D:(A;ID;0x1200a9;;;BU)         Access Mask:  0x120089   Privileges Used for Access Check: -   Restricted SID Count: 0	48223 
<13>Nov  3 12:12:52 Pers-DC MSWinEventLog	4	Security	48677	Tue Nov 03 12:12:51 2015	4663	Microsoft-Windows-Security-Auditing	PERS-DC\Raul	N/A	Success Audit	Pers-DC	File System		An attempt was made to access an object.    Subject:   Security ID:  S-1-5-21-222014455-3467858785-2229672989-1001   Account Name:  Raul   Account Domain:  PERS-DC   Logon ID:  0x45732    Object:   Object Server:  Security   Object Type:  File   Object Name:  C:\tmp\OracleDBA.xlsx   Handle ID:  0x6c   Resource Attributes: S:AI    Process Information:   Process ID:  0xd34   Process Name:  C:\Windows\System32\cmd.exe    Access Request Information:   Accesses:  ReadAttributes         Access Mask:  0x80	48224 
<13>Nov  3 12:12:52 Pers-DC MSWinEventLog	0	Security	48678	Tue Nov 03 12:12:51 2015	4690	Microsoft-Windows-Security-Auditing	PERS-DC\Raul	N/A	Success Audit	Pers-DC	Handle Manipulation		An attempt was made to duplicate a handle to an object.    Subject:   Security ID:  S-1-5-21-222014455-3467858785-2229672989-1001   Account Name:  Raul   Account Domain:  PERS-DC   Logon ID:  0x45732    Source Handle Information:   Source Handle ID: 0x6c   Source Process ID: 0xd34    New Handle Information:   Target Handle ID: 0x113c   Target Process ID: 0x4	48225 
<13>Nov  3 12:12:52 Pers-DC MSWinEventLog	4	Security	48679	Tue Nov 03 12:12:51 2015	4656	Microsoft-Windows-Security-Auditing	PERS-DC\Raul	N/A	Success Audit	Pers-DC	File System		A handle to an object was requested.    Subject:   Security ID:  S-1-5-21-222014455-3467858785-2229672989-1001   Account Name:  Raul   Account Domain:  PERS-DC   Logon ID:  0x45732    Object:   Object Server:  Security   Object Type:  File   Object Name:  C:\tmp\OracleDBA.xlsx   Handle ID:  0x6c   Resource Attributes: -    Process Information:   Process ID:  0xd34   Process Name:  C:\Windows\System32\cmd.exe    Access Request Information:   Transaction ID:  {00000000-0000-0000-0000-000000000000}   Accesses:  READ_CONTROL      SYNCHRONIZE      ReadData (or ListDirectory)      ReadEA      ReadAttributes         Access Reasons:  READ_CONTROL: Granted by Ownership      SYNCHRONIZE: Granted by D:(A;ID;0x1200a9;;;BU)      ReadData (or ListDirectory): Granted by D:(A;ID;0x1200a9;;;BU)      ReadEA: Granted by D:(A;ID;0x1200a9;;;BU)      ReadAttributes: Granted by D:(A;ID;0x1200a9;;;BU)         Access Mask:  0x120089   Privileges Used for Access Check: -   Restricted SID Count: 0	48226 
<13>Nov  3 12:12:52 Pers-DC MSWinEventLog	4	Security	48680	Tue Nov 03 12:12:51 2015	4663	Microsoft-Windows-Security-Auditing	PERS-DC\Raul	N/A	Success Audit	Pers-DC	File System		An attempt was made to access an object.    Subject:   Security ID:  S-1-5-21-222014455-3467858785-2229672989-1001   Account Name:  Raul   Account Domain:  PERS-DC   Logon ID:  0x45732    Object:   Object Server:  Security   Object Type:  File   Object Name:  C:\tmp\OracleDBA.xlsx   Handle ID:  0x6c   Resource Attributes: S:AI    Process Information:   Process ID:  0xd34   Process Name:  C:\Windows\System32\cmd.exe    Access Request Information:   Accesses:  ReadAttributes         Access Mask:  0x80	48227 
<13>Nov  3 12:12:52 Pers-DC MSWinEventLog	0	Security	48681	Tue Nov 03 12:12:51 2015	4690	Microsoft-Windows-Security-Auditing	PERS-DC\Raul	N/A	Success Audit	Pers-DC	Handle Manipulation		An attempt was made to duplicate a handle to an object.    Subject:   Security ID:  S-1-5-21-222014455-3467858785-2229672989-1001   Account Name:  Raul   Account Domain:  PERS-DC   Logon ID:  0x45732    Source Handle Information:   Source Handle ID: 0x6c   Source Process ID: 0xd34    New Handle Information:   Target Handle ID: 0xa8   Target Process ID: 0xd34	48228 
<13>Nov  3 12:12:52 Pers-DC MSWinEventLog	4	Security	48682	Tue Nov 03 12:12:51 2015	4663	Microsoft-Windows-Security-Auditing	PERS-DC\Raul	N/A	Success Audit	Pers-DC	File System		An attempt was made to access an object.    Subject:   Security ID:  S-1-5-21-222014455-3467858785-2229672989-1001   Account Name:  Raul   Account Domain:  PERS-DC   Logon ID:  0x45732    Object:   Object Server:  Security   Object Type:  File   Object Name:  C:\tmp\OracleDBA.xlsx   Handle ID:  0xa8   Resource Attributes: S:AI    Process Information:   Process ID:  0xd34   Process Name:  C:\Windows\System32\cmd.exe    Access Request Information:   Accesses:  READ_CONTROL         Access Mask:  0x20000	48229 
<13>Nov  3 12:12:52 Pers-DC MSWinEventLog	4	Security	48683	Tue Nov 03 12:12:51 2015	4663	Microsoft-Windows-Security-Auditing	PERS-DC\Raul	N/A	Success Audit	Pers-DC	File System		An attempt was made to access an object.    Subject:   Security ID:  S-1-5-21-222014455-3467858785-2229672989-1001   Account Name:  Raul   Account Domain:  PERS-DC   Logon ID:  0x45732    Object:   Object Server:  Security   Object Type:  File   Object Name:  C:\tmp\OracleDBA.xlsx   Handle ID:  0x6c   Resource Attributes: S:AI    Process Information:   Process ID:  0xd34   Process Name:  C:\Windows\System32\cmd.exe    Access Request Information:   Accesses:  ReadData (or ListDirectory)         Access Mask:  0x1	48230 
