<13>Nov  3 12:07:44 Pers-DC MSWinEventLog	1	Application	48564	Tue Nov 03 12:07:44 2015	327	ESENT	N/A	N/A	Information	Pers-DC	General		svchost (2640) Instance: The database engine detached a database (1, C:\ProgramData\Microsoft\Windows\AppRepository\PackageRepository.edb). (Time=0 seconds)      Internal Timing Sequence: [1] 0.000, [2] 0.000, [3] 0.000, [4] 0.000, [5] 0.000, [6] 0.015, [7] 0.000, [8] 0.000, [9] 0.000, [10] 0.000, [11] 0.000, [12] 0.000.   Revived Cache: 0 0	33 
<13>Nov  3 12:07:44 Pers-DC MSWinEventLog	1	Application	48565	Tue Nov 03 12:07:44 2015	103	ESENT	N/A	N/A	Information	Pers-DC	General		svchost (2640) Instance: The database engine stopped the instance (0).      Dirty Shutdown: 0      Internal Timing Sequence: [1] 0.000, [2] 0.000, [3] 0.000, [4] 0.000, [5] 0.000, [6] 0.000, [7] 0.000, [8] 0.000, [9] 0.000, [10] 0.031, [11] 0.000, [12] 0.000, [13] 0.000, [14] 0.000, [15] 0.000.	34 
<13>Nov  3 12:07:45 Pers-DC MSWinEventLog	0	Security	48566	Tue Nov 03 12:07:44 2015	4689	Microsoft-Windows-Security-Auditing	WORKGROUP\PERS-DC$	N/A	Success Audit	Pers-DC	Process Termination		A process has exited.    Subject:   Security ID:  S-1-5-18   Account Name:  PERS-DC$   Account Domain:  WORKGROUP   Logon ID:  0x3E7    Process Information:   Process ID: 0xa50   Process Name: C:\Windows\System32\svchost.exe   Exit Status: 0x0	48126 
<13>Nov  3 12:07:45 Pers-DC MSWinEventLog	0	Security	48567	Tue Nov 03 12:07:45 2015	4690	Microsoft-Windows-Security-Auditing	PERS-DC\Raul	N/A	Success Audit	Pers-DC	Handle Manipulation		An attempt was made to duplicate a handle to an object.    Subject:   Security ID:  S-1-5-21-222014455-3467858785-2229672989-1001   Account Name:  Raul   Account Domain:  PERS-DC   Logon ID:  0x45732    Source Handle Information:   Source Handle ID: 0x8   Source Process ID: 0xd34    New Handle Information:   Target Handle ID: 0xf18   Target Process ID: 0x4	48127 
<13>Nov  3 12:07:45 Pers-DC MSWinEventLog	4	Security	48568	Tue Nov 03 12:07:45 2015	4656	Microsoft-Windows-Security-Auditing	PERS-DC\Raul	N/A	Success Audit	Pers-DC	File System		A handle to an object was requested.    Subject:   Security ID:  S-1-5-21-222014455-3467858785-2229672989-1001   Account Name:  Raul   Account Domain:  PERS-DC   Logon ID:  0x45732    Object:   Object Server:  Security   Object Type:  File   Object Name:  C:\research   Handle ID:  0x8   Resource Attributes: -    Process Information:   Process ID:  0xd34   Process Name:  C:\Windows\System32\cmd.exe    Access Request Information:   Transaction ID:  {00000000-0000-0000-0000-000000000000}   Accesses:  SYNCHRONIZE      Execute/Traverse         Access Reasons:  SYNCHRONIZE: Granted by D:(A;OICIID;0x1200a9;;;BU)      Execute/Traverse: Granted by D:(A;OICIID;0x1200a9;;;BU)         Access Mask:  0x100020   Privileges Used for Access Check: -   Restricted SID Count: 0	48128 
<13>Nov  3 12:07:47 Pers-DC MSWinEventLog	0	Security	48569	Tue Nov 03 12:07:46 2015	4690	Microsoft-Windows-Security-Auditing	PERS-DC\Raul	N/A	Success Audit	Pers-DC	Handle Manipulation		An attempt was made to duplicate a handle to an object.    Subject:   Security ID:  S-1-5-21-222014455-3467858785-2229672989-1001   Account Name:  Raul   Account Domain:  PERS-DC   Logon ID:  0x45732    Source Handle Information:   Source Handle ID: 0x88   Source Process ID: 0xd34    New Handle Information:   Target Handle ID: 0xf18   Target Process ID: 0x4	48129 
<13>Nov  3 12:07:47 Pers-DC MSWinEventLog	4	Security	48570	Tue Nov 03 12:07:46 2015	4656	Microsoft-Windows-Security-Auditing	PERS-DC\Raul	N/A	Success Audit	Pers-DC	File System		A handle to an object was requested.    Subject:   Security ID:  S-1-5-21-222014455-3467858785-2229672989-1001   Account Name:  Raul   Account Domain:  PERS-DC   Logon ID:  0x45732    Object:   Object Server:  Security   Object Type:  File   Object Name:  C:\research   Handle ID:  0x88   Resource Attributes: -    Process Information:   Process ID:  0xd34   Process Name:  C:\Windows\System32\cmd.exe    Access Request Information:   Transaction ID:  {00000000-0000-0000-0000-000000000000}   Accesses:  SYNCHRONIZE      ReadData (or ListDirectory)         Access Reasons:  SYNCHRONIZE: Granted by D:(A;OICIID;0x1200a9;;;BU)      ReadData (or ListDirectory): Granted by D:(A;OICIID;0x1200a9;;;BU)         Access Mask:  0x100001   Privileges Used for Access Check: -   Restricted SID Count: 0	48130 
<13>Nov  3 12:07:47 Pers-DC MSWinEventLog	4	Security	48571	Tue Nov 03 12:07:46 2015	4663	Microsoft-Windows-Security-Auditing	PERS-DC\Raul	N/A	Success Audit	Pers-DC	File System		An attempt was made to access an object.    Subject:   Security ID:  S-1-5-21-222014455-3467858785-2229672989-1001   Account Name:  Raul   Account Domain:  PERS-DC   Logon ID:  0x45732    Object:   Object Server:  Security   Object Type:  File   Object Name:  C:\research   Handle ID:  0x88   Resource Attributes: S:AI    Process Information:   Process ID:  0xd34   Process Name:  C:\Windows\System32\cmd.exe    Access Request Information:   Accesses:  ReadData (or ListDirectory)         Access Mask:  0x1	48131 
<13>Nov  3 12:07:48 Pers-DC MSWinEventLog	0	Security	48572	Tue Nov 03 12:07:47 2015	4690	Microsoft-Windows-Security-Auditing	PERS-DC\Raul	N/A	Success Audit	Pers-DC	Handle Manipulation		An attempt was made to duplicate a handle to an object.    Subject:   Security ID:  S-1-5-21-222014455-3467858785-2229672989-1001   Account Name:  Raul   Account Domain:  PERS-DC   Logon ID:  0x45732    Source Handle Information:   Source Handle ID: 0x88   Source Process ID: 0xd34    New Handle Information:   Target Handle ID: 0xf18   Target Process ID: 0x4	48132 
<13>Nov  3 12:07:48 Pers-DC MSWinEventLog	4	Security	48573	Tue Nov 03 12:07:47 2015	4656	Microsoft-Windows-Security-Auditing	PERS-DC\Raul	N/A	Success Audit	Pers-DC	File System		A handle to an object was requested.    Subject:   Security ID:  S-1-5-21-222014455-3467858785-2229672989-1001   Account Name:  Raul   Account Domain:  PERS-DC   Logon ID:  0x45732    Object:   Object Server:  Security   Object Type:  File   Object Name:  C:\research   Handle ID:  0x88   Resource Attributes: -    Process Information:   Process ID:  0xd34   Process Name:  C:\Windows\System32\cmd.exe    Access Request Information:   Transaction ID:  {00000000-0000-0000-0000-000000000000}   Accesses:  SYNCHRONIZE      ReadData (or ListDirectory)         Access Reasons:  SYNCHRONIZE: Granted by D:(A;OICIID;0x1200a9;;;BU)      ReadData (or ListDirectory): Granted by D:(A;OICIID;0x1200a9;;;BU)         Access Mask:  0x100001   Privileges Used for Access Check: -   Restricted SID Count: 0	48133 
<13>Nov  3 12:07:48 Pers-DC MSWinEventLog	4	Security	48574	Tue Nov 03 12:07:47 2015	4663	Microsoft-Windows-Security-Auditing	PERS-DC\Raul	N/A	Success Audit	Pers-DC	File System		An attempt was made to access an object.    Subject:   Security ID:  S-1-5-21-222014455-3467858785-2229672989-1001   Account Name:  Raul   Account Domain:  PERS-DC   Logon ID:  0x45732    Object:   Object Server:  Security   Object Type:  File   Object Name:  C:\research   Handle ID:  0x88   Resource Attributes: S:AI    Process Information:   Process ID:  0xd34   Process Name:  C:\Windows\System32\cmd.exe    Access Request Information:   Accesses:  ReadData (or ListDirectory)         Access Mask:  0x1	48134 
<13>Nov  3 12:07:48 Pers-DC MSWinEventLog	0	Security	48575	Tue Nov 03 12:07:47 2015	4690	Microsoft-Windows-Security-Auditing	PERS-DC\Raul	N/A	Success Audit	Pers-DC	Handle Manipulation		An attempt was made to duplicate a handle to an object.    Subject:   Security ID:  S-1-5-21-222014455-3467858785-2229672989-1001   Account Name:  Raul   Account Domain:  PERS-DC   Logon ID:  0x45732    Source Handle Information:   Source Handle ID: 0x88   Source Process ID: 0xd34    New Handle Information:   Target Handle ID: 0xaf0   Target Process ID: 0x4	48135 
<13>Nov  3 12:07:48 Pers-DC MSWinEventLog	4	Security	48576	Tue Nov 03 12:07:47 2015	4656	Microsoft-Windows-Security-Auditing	PERS-DC\Raul	N/A	Success Audit	Pers-DC	File System		A handle to an object was requested.    Subject:   Security ID:  S-1-5-21-222014455-3467858785-2229672989-1001   Account Name:  Raul   Account Domain:  PERS-DC   Logon ID:  0x45732    Object:   Object Server:  Security   Object Type:  File   Object Name:  C:\research   Handle ID:  0x88   Resource Attributes: -    Process Information:   Process ID:  0xd34   Process Name:  C:\Windows\System32\cmd.exe    Access Request Information:   Transaction ID:  {00000000-0000-0000-0000-000000000000}   Accesses:  SYNCHRONIZE         Access Reasons:  SYNCHRONIZE: Granted by D:(A;OICIID;0x1200a9;;;BU)         Access Mask:  0x100000   Privileges Used for Access Check: -   Restricted SID Count: 0	48136 
<13>Nov  3 12:07:48 Pers-DC MSWinEventLog	0	Security	48577	Tue Nov 03 12:07:47 2015	4688	Microsoft-Windows-Security-Auditing	WORKGROUP\PERS-DC$	N/A	Success Audit	Pers-DC	Process Creation		A new process has been created.    Subject:   Security ID:  S-1-5-18   Account Name:  PERS-DC$   Account Domain:  WORKGROUP   Logon ID:  0x3E7    Process Information:   New Process ID:  0xcc0   New Process Name: C:\Windows\System32\taskhost.exe   Token Elevation Type: TokenElevationTypeLimited (3)   Creator Process ID: 0x358   Process Command Line:     Token Elevation Type indicates the type of token that was assigned to the new process in accordance with User Account Control policy.    Type 1 is a full token with no privileges removed or groups disabled.  A full token is only used if User Account Control is disabled or if the user is the built-in Administrator account or a service account.    Type 2 is an elevated token with no privileges removed or groups disabled.  An elevated token is used when User Account Control is enabled and the user chooses to start the program using Run as administrator.  An elevated token is also used when an application is configured to always require administrative privilege or to always require maximum privilege, and the user is a member of the Administrators group.    Type 3 is a limited token with administrative privileges removed and administrative groups disabled.  The limited token is used when User Account Control is enabled, the application does not require administrative privilege, and the user does not choose to start the program using Run as administrator.	48137 
<13>Nov  3 12:07:48 Pers-DC MSWinEventLog	0	Security	48578	Tue Nov 03 12:07:48 2015	4689	Microsoft-Windows-Security-Auditing	PERS-DC\Raul	N/A	Success Audit	Pers-DC	Process Termination		A process has exited.    Subject:   Security ID:  S-1-5-21-222014455-3467858785-2229672989-1001   Account Name:  Raul   Account Domain:  PERS-DC   Logon ID:  0x45732    Process Information:   Process ID: 0xcc0   Process Name: C:\Windows\System32\taskhost.exe   Exit Status: 0x0	48138 
<13>Nov  3 12:07:50 Pers-DC MSWinEventLog	0	Security	48579	Tue Nov 03 12:07:49 2015	4690	Microsoft-Windows-Security-Auditing	PERS-DC\Raul	N/A	Success Audit	Pers-DC	Handle Manipulation		An attempt was made to duplicate a handle to an object.    Subject:   Security ID:  S-1-5-21-222014455-3467858785-2229672989-1001   Account Name:  Raul   Account Domain:  PERS-DC   Logon ID:  0x45732    Source Handle Information:   Source Handle ID: 0x88   Source Process ID: 0xd34    New Handle Information:   Target Handle ID: 0xf18   Target Process ID: 0x4	48139 
<13>Nov  3 12:07:50 Pers-DC MSWinEventLog	4	Security	48580	Tue Nov 03 12:07:49 2015	4656	Microsoft-Windows-Security-Auditing	PERS-DC\Raul	N/A	Success Audit	Pers-DC	File System		A handle to an object was requested.    Subject:   Security ID:  S-1-5-21-222014455-3467858785-2229672989-1001   Account Name:  Raul   Account Domain:  PERS-DC   Logon ID:  0x45732    Object:   Object Server:  Security   Object Type:  File   Object Name:  C:\research   Handle ID:  0x88   Resource Attributes: -    Process Information:   Process ID:  0xd34   Process Name:  C:\Windows\System32\cmd.exe    Access Request Information:   Transaction ID:  {00000000-0000-0000-0000-000000000000}   Accesses:  SYNCHRONIZE      ReadData (or ListDirectory)         Access Reasons:  SYNCHRONIZE: Granted by D:(A;OICIID;0x1200a9;;;BU)      ReadData (or ListDirectory): Granted by D:(A;OICIID;0x1200a9;;;BU)         Access Mask:  0x100001   Privileges Used for Access Check: -   Restricted SID Count: 0	48140 
<13>Nov  3 12:07:50 Pers-DC MSWinEventLog	4	Security	48581	Tue Nov 03 12:07:49 2015	4663	Microsoft-Windows-Security-Auditing	PERS-DC\Raul	N/A	Success Audit	Pers-DC	File System		An attempt was made to access an object.    Subject:   Security ID:  S-1-5-21-222014455-3467858785-2229672989-1001   Account Name:  Raul   Account Domain:  PERS-DC   Logon ID:  0x45732    Object:   Object Server:  Security   Object Type:  File   Object Name:  C:\research   Handle ID:  0x88   Resource Attributes: S:AI    Process Information:   Process ID:  0xd34   Process Name:  C:\Windows\System32\cmd.exe    Access Request Information:   Accesses:  ReadData (or ListDirectory)         Access Mask:  0x1	48141 
<13>Nov  3 12:07:50 Pers-DC MSWinEventLog	0	Security	48582	Tue Nov 03 12:07:50 2015	4690	Microsoft-Windows-Security-Auditing	PERS-DC\Raul	N/A	Success Audit	Pers-DC	Handle Manipulation		An attempt was made to duplicate a handle to an object.    Subject:   Security ID:  S-1-5-21-222014455-3467858785-2229672989-1001   Account Name:  Raul   Account Domain:  PERS-DC   Logon ID:  0x45732    Source Handle Information:   Source Handle ID: 0x8c   Source Process ID: 0xd34    New Handle Information:   Target Handle ID: 0xaf0   Target Process ID: 0x4	48142 
<13>Nov  3 12:07:50 Pers-DC MSWinEventLog	4	Security	48583	Tue Nov 03 12:07:50 2015	4656	Microsoft-Windows-Security-Auditing	PERS-DC\Raul	N/A	Success Audit	Pers-DC	File System		A handle to an object was requested.    Subject:   Security ID:  S-1-5-21-222014455-3467858785-2229672989-1001   Account Name:  Raul   Account Domain:  PERS-DC   Logon ID:  0x45732    Object:   Object Server:  Security   Object Type:  File   Object Name:  C:\research   Handle ID:  0x8c   Resource Attributes: -    Process Information:   Process ID:  0xd34   Process Name:  C:\Windows\System32\cmd.exe    Access Request Information:   Transaction ID:  {00000000-0000-0000-0000-000000000000}   Accesses:  SYNCHRONIZE      ReadData (or ListDirectory)         Access Reasons:  SYNCHRONIZE: Granted by D:(A;OICIID;0x1200a9;;;BU)      ReadData (or ListDirectory): Granted by D:(A;OICIID;0x1200a9;;;BU)         Access Mask:  0x100001   Privileges Used for Access Check: -   Restricted SID Count: 0	48143 
<13>Nov  3 12:07:50 Pers-DC MSWinEventLog	4	Security	48584	Tue Nov 03 12:07:50 2015	4663	Microsoft-Windows-Security-Auditing	PERS-DC\Raul	N/A	Success Audit	Pers-DC	File System		An attempt was made to access an object.    Subject:   Security ID:  S-1-5-21-222014455-3467858785-2229672989-1001   Account Name:  Raul   Account Domain:  PERS-DC   Logon ID:  0x45732    Object:   Object Server:  Security   Object Type:  File   Object Name:  C:\research   Handle ID:  0x8c   Resource Attributes: S:AI    Process Information:   Process ID:  0xd34   Process Name:  C:\Windows\System32\cmd.exe    Access Request Information:   Accesses:  ReadData (or ListDirectory)         Access Mask:  0x1	48144 
<13>Nov  3 12:07:50 Pers-DC MSWinEventLog	0	Security	48585	Tue Nov 03 12:07:50 2015	4690	Microsoft-Windows-Security-Auditing	PERS-DC\Raul	N/A	Success Audit	Pers-DC	Handle Manipulation		An attempt was made to duplicate a handle to an object.    Subject:   Security ID:  S-1-5-21-222014455-3467858785-2229672989-1001   Account Name:  Raul   Account Domain:  PERS-DC   Logon ID:  0x45732    Source Handle Information:   Source Handle ID: 0x8c   Source Process ID: 0xd34    New Handle Information:   Target Handle ID: 0xaf0   Target Process ID: 0x4	48145 
<13>Nov  3 12:07:50 Pers-DC MSWinEventLog	4	Security	48586	Tue Nov 03 12:07:50 2015	4656	Microsoft-Windows-Security-Auditing	PERS-DC\Raul	N/A	Success Audit	Pers-DC	File System		A handle to an object was requested.    Subject:   Security ID:  S-1-5-21-222014455-3467858785-2229672989-1001   Account Name:  Raul   Account Domain:  PERS-DC   Logon ID:  0x45732    Object:   Object Server:  Security   Object Type:  File   Object Name:  C:\research\out   Handle ID:  0x8c   Resource Attributes: -    Process Information:   Process ID:  0xd34   Process Name:  C:\Windows\System32\cmd.exe    Access Request Information:   Transaction ID:  {00000000-0000-0000-0000-000000000000}   Accesses:  SYNCHRONIZE      Execute/Traverse         Access Reasons:  SYNCHRONIZE: Granted by D:(A;OICIID;0x1200a9;;;BU)      Execute/Traverse: Granted by D:(A;OICIID;0x1200a9;;;BU)         Access Mask:  0x100020   Privileges Used for Access Check: -   Restricted SID Count: 0	48146 
<13>Nov  3 12:07:50 Pers-DC MSWinEventLog	0	Security	48587	Tue Nov 03 12:07:50 2015	4690	Microsoft-Windows-Security-Auditing	PERS-DC\Raul	N/A	Success Audit	Pers-DC	Handle Manipulation		An attempt was made to duplicate a handle to an object.    Subject:   Security ID:  S-1-5-21-222014455-3467858785-2229672989-1001   Account Name:  Raul   Account Domain:  PERS-DC   Logon ID:  0x45732    Source Handle Information:   Source Handle ID: 0x88   Source Process ID: 0xd34    New Handle Information:   Target Handle ID: 0xf18   Target Process ID: 0x4	48147 
<13>Nov  3 12:07:50 Pers-DC MSWinEventLog	4	Security	48588	Tue Nov 03 12:07:50 2015	4656	Microsoft-Windows-Security-Auditing	PERS-DC\Raul	N/A	Success Audit	Pers-DC	File System		A handle to an object was requested.    Subject:   Security ID:  S-1-5-21-222014455-3467858785-2229672989-1001   Account Name:  Raul   Account Domain:  PERS-DC   Logon ID:  0x45732    Object:   Object Server:  Security   Object Type:  File   Object Name:  C:\research\out   Handle ID:  0x88   Resource Attributes: -    Process Information:   Process ID:  0xd34   Process Name:  C:\Windows\System32\cmd.exe    Access Request Information:   Transaction ID:  {00000000-0000-0000-0000-000000000000}   Accesses:  SYNCHRONIZE      ReadData (or ListDirectory)         Access Reasons:  SYNCHRONIZE: Granted by D:(A;OICIID;0x1200a9;;;BU)      ReadData (or ListDirectory): Granted by D:(A;OICIID;0x1200a9;;;BU)         Access Mask:  0x100001   Privileges Used for Access Check: -   Restricted SID Count: 0	48148 
<13>Nov  3 12:07:50 Pers-DC MSWinEventLog	4	Security	48589	Tue Nov 03 12:07:50 2015	4663	Microsoft-Windows-Security-Auditing	PERS-DC\Raul	N/A	Success Audit	Pers-DC	File System		An attempt was made to access an object.    Subject:   Security ID:  S-1-5-21-222014455-3467858785-2229672989-1001   Account Name:  Raul   Account Domain:  PERS-DC   Logon ID:  0x45732    Object:   Object Server:  Security   Object Type:  File   Object Name:  C:\research\out   Handle ID:  0x88   Resource Attributes: S:AI    Process Information:   Process ID:  0xd34   Process Name:  C:\Windows\System32\cmd.exe    Access Request Information:   Accesses:  ReadData (or ListDirectory)         Access Mask:  0x1	48149 
<13>Nov  3 12:07:50 Pers-DC MSWinEventLog	0	Security	48590	Tue Nov 03 12:07:50 2015	4690	Microsoft-Windows-Security-Auditing	PERS-DC\Raul	N/A	Success Audit	Pers-DC	Handle Manipulation		An attempt was made to duplicate a handle to an object.    Subject:   Security ID:  S-1-5-21-222014455-3467858785-2229672989-1001   Account Name:  Raul   Account Domain:  PERS-DC   Logon ID:  0x45732    Source Handle Information:   Source Handle ID: 0x8   Source Process ID: 0xd34    New Handle Information:   Target Handle ID: 0xaf0   Target Process ID: 0x4	48150 
<13>Nov  3 12:07:50 Pers-DC MSWinEventLog	4	Security	48591	Tue Nov 03 12:07:50 2015	4656	Microsoft-Windows-Security-Auditing	PERS-DC\Raul	N/A	Success Audit	Pers-DC	File System		A handle to an object was requested.    Subject:   Security ID:  S-1-5-21-222014455-3467858785-2229672989-1001   Account Name:  Raul   Account Domain:  PERS-DC   Logon ID:  0x45732    Object:   Object Server:  Security   Object Type:  File   Object Name:  C:\research\out   Handle ID:  0x8   Resource Attributes: -    Process Information:   Process ID:  0xd34   Process Name:  C:\Windows\System32\cmd.exe    Access Request Information:   Transaction ID:  {00000000-0000-0000-0000-000000000000}   Accesses:  SYNCHRONIZE         Access Reasons:  SYNCHRONIZE: Granted by D:(A;OICIID;0x1200a9;;;BU)         Access Mask:  0x100000   Privileges Used for Access Check: -   Restricted SID Count: 0	48151 
<13>Nov  3 12:08:43 Pers-DC MSWinEventLog	0	Security	48592	Tue Nov 03 12:08:42 2015	4690	Microsoft-Windows-Security-Auditing	PERS-DC\Raul	N/A	Success Audit	Pers-DC	Handle Manipulation		An attempt was made to duplicate a handle to an object.    Subject:   Security ID:  S-1-5-21-222014455-3467858785-2229672989-1001   Account Name:  Raul   Account Domain:  PERS-DC   Logon ID:  0x45732    Source Handle Information:   Source Handle ID: 0x8   Source Process ID: 0xd34    New Handle Information:   Target Handle ID: 0xf18   Target Process ID: 0x4	48152 
<13>Nov  3 12:08:43 Pers-DC MSWinEventLog	4	Security	48593	Tue Nov 03 12:08:42 2015	4656	Microsoft-Windows-Security-Auditing	PERS-DC\Raul	N/A	Success Audit	Pers-DC	File System		A handle to an object was requested.    Subject:   Security ID:  S-1-5-21-222014455-3467858785-2229672989-1001   Account Name:  Raul   Account Domain:  PERS-DC   Logon ID:  0x45732    Object:   Object Server:  Security   Object Type:  File   Object Name:  C:\research\out   Handle ID:  0x8   Resource Attributes: -    Process Information:   Process ID:  0xd34   Process Name:  C:\Windows\System32\cmd.exe    Access Request Information:   Transaction ID:  {00000000-0000-0000-0000-000000000000}   Accesses:  SYNCHRONIZE      ReadData (or ListDirectory)         Access Reasons:  SYNCHRONIZE: Granted by D:(A;OICIID;0x1200a9;;;BU)      ReadData (or ListDirectory): Granted by D:(A;OICIID;0x1200a9;;;BU)         Access Mask:  0x100001   Privileges Used for Access Check: -   Restricted SID Count: 0	48153 
<13>Nov  3 12:08:43 Pers-DC MSWinEventLog	4	Security	48594	Tue Nov 03 12:08:42 2015	4663	Microsoft-Windows-Security-Auditing	PERS-DC\Raul	N/A	Success Audit	Pers-DC	File System		An attempt was made to access an object.    Subject:   Security ID:  S-1-5-21-222014455-3467858785-2229672989-1001   Account Name:  Raul   Account Domain:  PERS-DC   Logon ID:  0x45732    Object:   Object Server:  Security   Object Type:  File   Object Name:  C:\research\out   Handle ID:  0x8   Resource Attributes: S:AI    Process Information:   Process ID:  0xd34   Process Name:  C:\Windows\System32\cmd.exe    Access Request Information:   Accesses:  ReadData (or ListDirectory)         Access Mask:  0x1	48154 
<13>Nov  3 12:08:43 Pers-DC MSWinEventLog	0	Security	48595	Tue Nov 03 12:08:42 2015	4688	Microsoft-Windows-Security-Auditing	PERS-DC\Raul	N/A	Success Audit	Pers-DC	Process Creation		A new process has been created.    Subject:   Security ID:  S-1-5-21-222014455-3467858785-2229672989-1001   Account Name:  Raul   Account Domain:  PERS-DC   Logon ID:  0x45732    Process Information:   New Process ID:  0xa20   New Process Name: C:\Windows\System32\net.exe   Token Elevation Type: TokenElevationTypeLimited (3)   Creator Process ID: 0xd34   Process Command Line:     Token Elevation Type indicates the type of token that was assigned to the new process in accordance with User Account Control policy.    Type 1 is a full token with no privileges removed or groups disabled.  A full token is only used if User Account Control is disabled or if the user is the built-in Administrator account or a service account.    Type 2 is an elevated token with no privileges removed or groups disabled.  An elevated token is used when User Account Control is enabled and the user chooses to start the program using Run as administrator.  An elevated token is also used when an application is configured to always require administrative privilege or to always require maximum privilege, and the user is a member of the Administrators group.    Type 3 is a limited token with administrative privileges removed and administrative groups disabled.  The limited token is used when User Account Control is enabled, the application does not require administrative privilege, and the user does not choose to start the program using Run as administrator.	48155 
<13>Nov  3 12:08:43 Pers-DC MSWinEventLog	0	Security	48596	Tue Nov 03 12:08:42 2015	4690	Microsoft-Windows-Security-Auditing	PERS-DC\Raul	N/A	Success Audit	Pers-DC	Handle Manipulation		An attempt was made to duplicate a handle to an object.    Subject:   Security ID:  S-1-5-21-222014455-3467858785-2229672989-1001   Account Name:  Raul   Account Domain:  PERS-DC   Logon ID:  0x45732    Source Handle Information:   Source Handle ID: 0xc   Source Process ID: 0xa20    New Handle Information:   Target Handle ID: 0xaf0   Target Process ID: 0x4	48156 
<13>Nov  3 12:08:43 Pers-DC MSWinEventLog	4	Security	48597	Tue Nov 03 12:08:42 2015	4656	Microsoft-Windows-Security-Auditing	PERS-DC\Raul	N/A	Success Audit	Pers-DC	File System		A handle to an object was requested.    Subject:   Security ID:  S-1-5-21-222014455-3467858785-2229672989-1001   Account Name:  Raul   Account Domain:  PERS-DC   Logon ID:  0x45732    Object:   Object Server:  Security   Object Type:  File   Object Name:  C:\research\out   Handle ID:  0xc   Resource Attributes: -    Process Information:   Process ID:  0xa20   Process Name:  C:\Windows\System32\net.exe    Access Request Information:   Transaction ID:  {00000000-0000-0000-0000-000000000000}   Accesses:  SYNCHRONIZE      Execute/Traverse         Access Reasons:  SYNCHRONIZE: Granted by D:(A;OICIID;0x1200a9;;;BU)      Execute/Traverse: Granted by D:(A;OICIID;0x1200a9;;;BU)         Access Mask:  0x100020   Privileges Used for Access Check: -   Restricted SID Count: 0	48157 
<13>Nov  3 12:08:43 Pers-DC MSWinEventLog	1	Security	48598	Tue Nov 03 12:08:42 2015	4648	Microsoft-Windows-Security-Auditing	\madrugada	N/A	Success Audit	Pers-DC	Logon		A logon was attempted using explicit credentials.    Subject:   Security ID:  S-1-5-21-222014455-3467858785-2229672989-1001   Account Name:  Raul   Account Domain:  PERS-DC   Logon ID:  0x45732   Logon GUID:  {00000000-0000-0000-0000-000000000000}    Account Whose Credentials Were Used:   Account Name:  madrugada   Account Domain:     Logon GUID:  {00000000-0000-0000-0000-000000000000}    Target Server:   Target Server Name: madrugada   Additional Information: madrugada    Process Information:   Process ID:  0x4   Process Name:      Network Information:   Network Address: -   Port:   -    This event is generated when a process attempts to log on an account by explicitly specifying that account’s credentials.  This most commonly occurs in batch-type configurations such as scheduled tasks, or when using the RUNAS command.	48158 
<13>Nov  3 12:08:43 Pers-DC MSWinEventLog	1	Security	48599	Tue Nov 03 12:08:42 2015	4648	Microsoft-Windows-Security-Auditing	PERS-DC\madrugada	N/A	Success Audit	Pers-DC	Logon		A logon was attempted using explicit credentials.    Subject:   Security ID:  S-1-5-21-222014455-3467858785-2229672989-1001   Account Name:  Raul   Account Domain:  PERS-DC   Logon ID:  0x45732   Logon GUID:  {00000000-0000-0000-0000-000000000000}    Account Whose Credentials Were Used:   Account Name:  madrugada   Account Domain:  PERS-DC   Logon GUID:  {00000000-0000-0000-0000-000000000000}    Target Server:   Target Server Name: madrugada   Additional Information: madrugada    Process Information:   Process ID:  0x4   Process Name:      Network Information:   Network Address: -   Port:   -    This event is generated when a process attempts to log on an account by explicitly specifying that account’s credentials.  This most commonly occurs in batch-type configurations such as scheduled tasks, or when using the RUNAS command.	48159 
<13>Nov  3 12:08:47 Pers-DC MSWinEventLog	0	Security	48600	Tue Nov 03 12:08:46 2015	4689	Microsoft-Windows-Security-Auditing	PERS-DC\Raul	N/A	Success Audit	Pers-DC	Process Termination		A process has exited.    Subject:   Security ID:  S-1-5-21-222014455-3467858785-2229672989-1001   Account Name:  Raul   Account Domain:  PERS-DC   Logon ID:  0x45732    Process Information:   Process ID: 0xa20   Process Name: C:\Windows\System32\net.exe   Exit Status: 0x2	48160 
<13>Nov  3 12:09:34 Pers-DC MSWinEventLog	0	Security	48601	Tue Nov 03 12:09:33 2015	4690	Microsoft-Windows-Security-Auditing	PERS-DC\Raul	N/A	Success Audit	Pers-DC	Handle Manipulation		An attempt was made to duplicate a handle to an object.    Subject:   Security ID:  S-1-5-21-222014455-3467858785-2229672989-1001   Account Name:  Raul   Account Domain:  PERS-DC   Logon ID:  0x45732    Source Handle Information:   Source Handle ID: 0x88   Source Process ID: 0xd34    New Handle Information:   Target Handle ID: 0x1028   Target Process ID: 0x4	48161 
<13>Nov  3 12:09:34 Pers-DC MSWinEventLog	4	Security	48602	Tue Nov 03 12:09:33 2015	4656	Microsoft-Windows-Security-Auditing	PERS-DC\Raul	N/A	Success Audit	Pers-DC	File System		A handle to an object was requested.    Subject:   Security ID:  S-1-5-21-222014455-3467858785-2229672989-1001   Account Name:  Raul   Account Domain:  PERS-DC   Logon ID:  0x45732    Object:   Object Server:  Security   Object Type:  File   Object Name:  C:\research\out   Handle ID:  0x88   Resource Attributes: -    Process Information:   Process ID:  0xd34   Process Name:  C:\Windows\System32\cmd.exe    Access Request Information:   Transaction ID:  {00000000-0000-0000-0000-000000000000}   Accesses:  SYNCHRONIZE      ReadData (or ListDirectory)         Access Reasons:  SYNCHRONIZE: Granted by D:(A;OICIID;0x1200a9;;;BU)      ReadData (or ListDirectory): Granted by D:(A;OICIID;0x1200a9;;;BU)         Access Mask:  0x100001   Privileges Used for Access Check: -   Restricted SID Count: 0	48162 
<13>Nov  3 12:09:34 Pers-DC MSWinEventLog	4	Security	48603	Tue Nov 03 12:09:33 2015	4663	Microsoft-Windows-Security-Auditing	PERS-DC\Raul	N/A	Success Audit	Pers-DC	File System		An attempt was made to access an object.    Subject:   Security ID:  S-1-5-21-222014455-3467858785-2229672989-1001   Account Name:  Raul   Account Domain:  PERS-DC   Logon ID:  0x45732    Object:   Object Server:  Security   Object Type:  File   Object Name:  C:\research\out   Handle ID:  0x88   Resource Attributes: S:AI    Process Information:   Process ID:  0xd34   Process Name:  C:\Windows\System32\cmd.exe    Access Request Information:   Accesses:  ReadData (or ListDirectory)         Access Mask:  0x1	48163 
<13>Nov  3 12:09:34 Pers-DC MSWinEventLog	0	Security	48604	Tue Nov 03 12:09:33 2015	4688	Microsoft-Windows-Security-Auditing	PERS-DC\Raul	N/A	Success Audit	Pers-DC	Process Creation		A new process has been created.    Subject:   Security ID:  S-1-5-21-222014455-3467858785-2229672989-1001   Account Name:  Raul   Account Domain:  PERS-DC   Logon ID:  0x45732    Process Information:   New Process ID:  0x8c0   New Process Name: C:\Windows\System32\net.exe   Token Elevation Type: TokenElevationTypeLimited (3)   Creator Process ID: 0xd34   Process Command Line:     Token Elevation Type indicates the type of token that was assigned to the new process in accordance with User Account Control policy.    Type 1 is a full token with no privileges removed or groups disabled.  A full token is only used if User Account Control is disabled or if the user is the built-in Administrator account or a service account.    Type 2 is an elevated token with no privileges removed or groups disabled.  An elevated token is used when User Account Control is enabled and the user chooses to start the program using Run as administrator.  An elevated token is also used when an application is configured to always require administrative privilege or to always require maximum privilege, and the user is a member of the Administrators group.    Type 3 is a limited token with administrative privileges removed and administrative groups disabled.  The limited token is used when User Account Control is enabled, the application does not require administrative privilege, and the user does not choose to start the program using Run as administrator.	48164 
<13>Nov  3 12:09:34 Pers-DC MSWinEventLog	0	Security	48605	Tue Nov 03 12:09:33 2015	4690	Microsoft-Windows-Security-Auditing	PERS-DC\Raul	N/A	Success Audit	Pers-DC	Handle Manipulation		An attempt was made to duplicate a handle to an object.    Subject:   Security ID:  S-1-5-21-222014455-3467858785-2229672989-1001   Account Name:  Raul   Account Domain:  PERS-DC   Logon ID:  0x45732    Source Handle Information:   Source Handle ID: 0xc   Source Process ID: 0x8c0    New Handle Information:   Target Handle ID: 0x1028   Target Process ID: 0x4	48165 
<13>Nov  3 12:09:34 Pers-DC MSWinEventLog	4	Security	48606	Tue Nov 03 12:09:33 2015	4656	Microsoft-Windows-Security-Auditing	PERS-DC\Raul	N/A	Success Audit	Pers-DC	File System		A handle to an object was requested.    Subject:   Security ID:  S-1-5-21-222014455-3467858785-2229672989-1001   Account Name:  Raul   Account Domain:  PERS-DC   Logon ID:  0x45732    Object:   Object Server:  Security   Object Type:  File   Object Name:  C:\research\out   Handle ID:  0xc   Resource Attributes: -    Process Information:   Process ID:  0x8c0   Process Name:  C:\Windows\System32\net.exe    Access Request Information:   Transaction ID:  {00000000-0000-0000-0000-000000000000}   Accesses:  SYNCHRONIZE      Execute/Traverse         Access Reasons:  SYNCHRONIZE: Granted by D:(A;OICIID;0x1200a9;;;BU)      Execute/Traverse: Granted by D:(A;OICIID;0x1200a9;;;BU)         Access Mask:  0x100020   Privileges Used for Access Check: -   Restricted SID Count: 0	48166 
<13>Nov  3 12:09:34 Pers-DC MSWinEventLog	1	Security	48607	Tue Nov 03 12:09:33 2015	4648	Microsoft-Windows-Security-Auditing	\madrugada	N/A	Success Audit	Pers-DC	Logon		A logon was attempted using explicit credentials.    Subject:   Security ID:  S-1-5-21-222014455-3467858785-2229672989-1001   Account Name:  Raul   Account Domain:  PERS-DC   Logon ID:  0x45732   Logon GUID:  {00000000-0000-0000-0000-000000000000}    Account Whose Credentials Were Used:   Account Name:  madrugada   Account Domain:     Logon GUID:  {00000000-0000-0000-0000-000000000000}    Target Server:   Target Server Name: madrugada   Additional Information: madrugada    Process Information:   Process ID:  0x4   Process Name:      Network Information:   Network Address: -   Port:   -    This event is generated when a process attempts to log on an account by explicitly specifying that account’s credentials.  This most commonly occurs in batch-type configurations such as scheduled tasks, or when using the RUNAS command.	48167 
<13>Nov  3 12:09:37 Pers-DC MSWinEventLog	1	Microsoft-Windows-SmbClient/Security	48608	Tue Nov 03 12:09:33 2015	31010	Microsoft-Windows-SMBClient	N/A	N/A	Error	Pers-DC	None		The SMB client failed to connect to the share.    Error: {Access Denied}  A process has requested access to an object, but has not been granted those access rights.    Path: \10.73.1.14\c$	0 
<13>Nov  3 12:09:38 Pers-DC MSWinEventLog	0	Security	48609	Tue Nov 03 12:09:37 2015	4689	Microsoft-Windows-Security-Auditing	PERS-DC\Raul	N/A	Success Audit	Pers-DC	Process Termination		A process has exited.    Subject:   Security ID:  S-1-5-21-222014455-3467858785-2229672989-1001   Account Name:  Raul   Account Domain:  PERS-DC   Logon ID:  0x45732    Process Information:   Process ID: 0x8c0   Process Name: C:\Windows\System32\net.exe   Exit Status: 0x2	48168 
<13>Nov  3 12:09:42 Pers-DC MSWinEventLog	0	Security	48610	Tue Nov 03 12:09:41 2015	4688	Microsoft-Windows-Security-Auditing	WORKGROUP\PERS-DC$	N/A	Success Audit	Pers-DC	Process Creation		A new process has been created.    Subject:   Security ID:  S-1-5-18   Account Name:  PERS-DC$   Account Domain:  WORKGROUP   Logon ID:  0x3E7    Process Information:   New Process ID:  0xd20   New Process Name: C:\Program Files\Windows Defender\MpCmdRun.exe   Token Elevation Type: TokenElevationTypeDefault (1)   Creator Process ID: 0x52c   Process Command Line:     Token Elevation Type indicates the type of token that was assigned to the new process in accordance with User Account Control policy.    Type 1 is a full token with no privileges removed or groups disabled.  A full token is only used if User Account Control is disabled or if the user is the built-in Administrator account or a service account.    Type 2 is an elevated token with no privileges removed or groups disabled.  An elevated token is used when User Account Control is enabled and the user chooses to start the program using Run as administrator.  An elevated token is also used when an application is configured to always require administrative privilege or to always require maximum privilege, and the user is a member of the Administrators group.    Type 3 is a limited token with administrative privileges removed and administrative groups disabled.  The limited token is used when User Account Control is enabled, the application does not require administrative privilege, and the user does not choose to start the program using Run as administrator.	48169 
<13>Nov  3 12:09:42 Pers-DC MSWinEventLog	0	Security	48611	Tue Nov 03 12:09:41 2015	4688	Microsoft-Windows-Security-Auditing	WORKGROUP\PERS-DC$	N/A	Success Audit	Pers-DC	Process Creation		A new process has been created.    Subject:   Security ID:  S-1-5-18   Account Name:  PERS-DC$   Account Domain:  WORKGROUP   Logon ID:  0x3E7    Process Information:   New Process ID:  0xd1c   New Process Name: C:\Windows\System32\conhost.exe   Token Elevation Type: TokenElevationTypeDefault (1)   Creator Process ID: 0xd20   Process Command Line:     Token Elevation Type indicates the type of token that was assigned to the new process in accordance with User Account Control policy.    Type 1 is a full token with no privileges removed or groups disabled.  A full token is only used if User Account Control is disabled or if the user is the built-in Administrator account or a service account.    Type 2 is an elevated token with no privileges removed or groups disabled.  An elevated token is used when User Account Control is enabled and the user chooses to start the program using Run as administrator.  An elevated token is also used when an application is configured to always require administrative privilege or to always require maximum privilege, and the user is a member of the Administrators group.    Type 3 is a limited token with administrative privileges removed and administrative groups disabled.  The limited token is used when User Account Control is enabled, the application does not require administrative privilege, and the user does not choose to start the program using Run as administrator.	48170 
<13>Nov  3 12:09:42 Pers-DC MSWinEventLog	0	Security	48612	Tue Nov 03 12:09:41 2015	4688	Microsoft-Windows-Security-Auditing	WORKGROUP\PERS-DC$	N/A	Success Audit	Pers-DC	Process Creation		A new process has been created.    Subject:   Security ID:  S-1-5-18   Account Name:  PERS-DC$   Account Domain:  WORKGROUP   Logon ID:  0x3E7    Process Information:   New Process ID:  0x620   New Process Name: C:\Program Files\Windows Defender\MpCmdRun.exe   Token Elevation Type: TokenElevationTypeDefault (1)   Creator Process ID: 0xd20   Process Command Line:     Token Elevation Type indicates the type of token that was assigned to the new process in accordance with User Account Control policy.    Type 1 is a full token with no privileges removed or groups disabled.  A full token is only used if User Account Control is disabled or if the user is the built-in Administrator account or a service account.    Type 2 is an elevated token with no privileges removed or groups disabled.  An elevated token is used when User Account Control is enabled and the user chooses to start the program using Run as administrator.  An elevated token is also used when an application is configured to always require administrative privilege or to always require maximum privilege, and the user is a member of the Administrators group.    Type 3 is a limited token with administrative privileges removed and administrative groups disabled.  The limited token is used when User Account Control is enabled, the application does not require administrative privilege, and the user does not choose to start the program using Run as administrator.	48171 
<13>Nov  3 12:09:42 Pers-DC MSWinEventLog	0	Security	48613	Tue Nov 03 12:09:41 2015	4689	Microsoft-Windows-Security-Auditing	WORKGROUP\PERS-DC$	N/A	Success Audit	Pers-DC	Process Termination		A process has exited.    Subject:   Security ID:  S-1-5-18   Account Name:  PERS-DC$   Account Domain:  WORKGROUP   Logon ID:  0x3E7    Process Information:   Process ID: 0xd20   Process Name: C:\Program Files\Windows Defender\MpCmdRun.exe   Exit Status: 0x0	48172 
<13>Nov  3 12:09:42 Pers-DC MSWinEventLog	0	Security	48614	Tue Nov 03 12:09:41 2015	4689	Microsoft-Windows-Security-Auditing	WORKGROUP\PERS-DC$	N/A	Success Audit	Pers-DC	Process Termination		A process has exited.    Subject:   Security ID:  S-1-5-18   Account Name:  PERS-DC$   Account Domain:  WORKGROUP   Logon ID:  0x3E7    Process Information:   Process ID: 0xd1c   Process Name: C:\Windows\System32\conhost.exe   Exit Status: 0x0	48173 
<13>Nov  3 12:11:03 Pers-DC MSWinEventLog	1	Application	48615	Tue Nov 03 12:11:02 2015	1001	Microsoft-Windows-LoadPerf	NT AUTHORITY\SYSTEM	N/A	Information	Pers-DC	None		Performance counters for the WmiApRpl (WmiApRpl) service were removed successfully. The Record Data contains the new values of the system Last Counter and Last Help registry entries.	35 
<13>Nov  3 12:11:03 Pers-DC MSWinEventLog	1	Application	48616	Tue Nov 03 12:11:02 2015	1000	Microsoft-Windows-LoadPerf	NT AUTHORITY\SYSTEM	N/A	Information	Pers-DC	None		Performance counters for the WmiApRpl (WmiApRpl) service were loaded successfully. The Record Data in the data section contains the new index values assigned to this service.	36 
<13>Nov  3 12:11:03 Pers-DC MSWinEventLog	1	Microsoft-Windows-WMI-Activity/Operational	48617	Tue Nov 03 12:11:02 2015	5857	Microsoft-Windows-WMI-Activity	NT AUTHORITY\SYSTEM	N/A	Information	Pers-DC	None		WMIProv provider started with result code 0x0. HostProcess = wmiprvse.exe; ProcessID = 3520; ProviderPath = %systemroot%\system32\wbem\wmiprov.dll	5 
<13>Nov  3 12:11:03 Pers-DC MSWinEventLog	0	Security	48618	Tue Nov 03 12:11:02 2015	4689	Microsoft-Windows-Security-Auditing	WORKGROUP\PERS-DC$	N/A	Success Audit	Pers-DC	Process Termination		A process has exited.    Subject:   Security ID:  S-1-5-18   Account Name:  PERS-DC$   Account Domain:  WORKGROUP   Logon ID:  0x3E7    Process Information:   Process ID: 0xf48   Process Name: C:\Windows\System32\wbem\WmiApSrv.exe   Exit Status: 0x0	48174 
<13>Nov  3 12:11:11 Pers-DC MSWinEventLog	0	Security	48619	Tue Nov 03 12:11:10 2015	4690	Microsoft-Windows-Security-Auditing	PERS-DC\Raul	N/A	Success Audit	Pers-DC	Handle Manipulation		An attempt was made to duplicate a handle to an object.    Subject:   Security ID:  S-1-5-21-222014455-3467858785-2229672989-1001   Account Name:  Raul   Account Domain:  PERS-DC   Logon ID:  0x45732    Source Handle Information:   Source Handle ID: 0x88   Source Process ID: 0xd34    New Handle Information:   Target Handle ID: 0x1114   Target Process ID: 0x4	48175 
<13>Nov  3 12:11:11 Pers-DC MSWinEventLog	4	Security	48620	Tue Nov 03 12:11:10 2015	4656	Microsoft-Windows-Security-Auditing	PERS-DC\Raul	N/A	Success Audit	Pers-DC	File System		A handle to an object was requested.    Subject:   Security ID:  S-1-5-21-222014455-3467858785-2229672989-1001   Account Name:  Raul   Account Domain:  PERS-DC   Logon ID:  0x45732    Object:   Object Server:  Security   Object Type:  File   Object Name:  C:\research\out   Handle ID:  0x88   Resource Attributes: -    Process Information:   Process ID:  0xd34   Process Name:  C:\Windows\System32\cmd.exe    Access Request Information:   Transaction ID:  {00000000-0000-0000-0000-000000000000}   Accesses:  SYNCHRONIZE      ReadData (or ListDirectory)         Access Reasons:  SYNCHRONIZE: Granted by D:(A;OICIID;0x1200a9;;;BU)      ReadData (or ListDirectory): Granted by D:(A;OICIID;0x1200a9;;;BU)         Access Mask:  0x100001   Privileges Used for Access Check: -   Restricted SID Count: 0	48176 
<13>Nov  3 12:11:11 Pers-DC MSWinEventLog	4	Security	48621	Tue Nov 03 12:11:10 2015	4663	Microsoft-Windows-Security-Auditing	PERS-DC\Raul	N/A	Success Audit	Pers-DC	File System		An attempt was made to access an object.    Subject:   Security ID:  S-1-5-21-222014455-3467858785-2229672989-1001   Account Name:  Raul   Account Domain:  PERS-DC   Logon ID:  0x45732    Object:   Object Server:  Security   Object Type:  File   Object Name:  C:\research\out   Handle ID:  0x88   Resource Attributes: S:AI    Process Information:   Process ID:  0xd34   Process Name:  C:\Windows\System32\cmd.exe    Access Request Information:   Accesses:  ReadData (or ListDirectory)         Access Mask:  0x1	48177 
<13>Nov  3 12:11:11 Pers-DC MSWinEventLog	0	Security	48622	Tue Nov 03 12:11:10 2015	4688	Microsoft-Windows-Security-Auditing	PERS-DC\Raul	N/A	Success Audit	Pers-DC	Process Creation		A new process has been created.    Subject:   Security ID:  S-1-5-21-222014455-3467858785-2229672989-1001   Account Name:  Raul   Account Domain:  PERS-DC   Logon ID:  0x45732    Process Information:   New Process ID:  0x2c0   New Process Name: C:\Windows\System32\net.exe   Token Elevation Type: TokenElevationTypeLimited (3)   Creator Process ID: 0xd34   Process Command Line:     Token Elevation Type indicates the type of token that was assigned to the new process in accordance with User Account Control policy.    Type 1 is a full token with no privileges removed or groups disabled.  A full token is only used if User Account Control is disabled or if the user is the built-in Administrator account or a service account.    Type 2 is an elevated token with no privileges removed or groups disabled.  An elevated token is used when User Account Control is enabled and the user chooses to start the program using Run as administrator.  An elevated token is also used when an application is configured to always require administrative privilege or to always require maximum privilege, and the user is a member of the Administrators group.    Type 3 is a limited token with administrative privileges removed and administrative groups disabled.  The limited token is used when User Account Control is enabled, the application does not require administrative privilege, and the user does not choose to start the program using Run as administrator.	48178 
<13>Nov  3 12:11:11 Pers-DC MSWinEventLog	0	Security	48623	Tue Nov 03 12:11:10 2015	4690	Microsoft-Windows-Security-Auditing	PERS-DC\Raul	N/A	Success Audit	Pers-DC	Handle Manipulation		An attempt was made to duplicate a handle to an object.    Subject:   Security ID:  S-1-5-21-222014455-3467858785-2229672989-1001   Account Name:  Raul   Account Domain:  PERS-DC   Logon ID:  0x45732    Source Handle Information:   Source Handle ID: 0xc   Source Process ID: 0x2c0    New Handle Information:   Target Handle ID: 0x1114   Target Process ID: 0x4	48179 
<13>Nov  3 12:11:11 Pers-DC MSWinEventLog	4	Security	48624	Tue Nov 03 12:11:10 2015	4656	Microsoft-Windows-Security-Auditing	PERS-DC\Raul	N/A	Success Audit	Pers-DC	File System		A handle to an object was requested.    Subject:   Security ID:  S-1-5-21-222014455-3467858785-2229672989-1001   Account Name:  Raul   Account Domain:  PERS-DC   Logon ID:  0x45732    Object:   Object Server:  Security   Object Type:  File   Object Name:  C:\research\out   Handle ID:  0xc   Resource Attributes: -    Process Information:   Process ID:  0x2c0   Process Name:  C:\Windows\System32\net.exe    Access Request Information:   Transaction ID:  {00000000-0000-0000-0000-000000000000}   Accesses:  SYNCHRONIZE      Execute/Traverse         Access Reasons:  SYNCHRONIZE: Granted by D:(A;OICIID;0x1200a9;;;BU)      Execute/Traverse: Granted by D:(A;OICIID;0x1200a9;;;BU)         Access Mask:  0x100020   Privileges Used for Access Check: -   Restricted SID Count: 0	48180 
<13>Nov  3 12:11:11 Pers-DC MSWinEventLog	1	Security	48625	Tue Nov 03 12:11:10 2015	4648	Microsoft-Windows-Security-Auditing	\mipc	N/A	Success Audit	Pers-DC	Logon		A logon was attempted using explicit credentials.    Subject:   Security ID:  S-1-5-21-222014455-3467858785-2229672989-1001   Account Name:  Raul   Account Domain:  PERS-DC   Logon ID:  0x45732   Logon GUID:  {00000000-0000-0000-0000-000000000000}    Account Whose Credentials Were Used:   Account Name:  mipc   Account Domain:     Logon GUID:  {00000000-0000-0000-0000-000000000000}    Target Server:   Target Server Name: madrugada   Additional Information: madrugada    Process Information:   Process ID:  0x4   Process Name:      Network Information:   Network Address: -   Port:   -    This event is generated when a process attempts to log on an account by explicitly specifying that account’s credentials.  This most commonly occurs in batch-type configurations such as scheduled tasks, or when using the RUNAS command.	48181 
<13>Nov  3 12:11:14 Pers-DC MSWinEventLog	1	Microsoft-Windows-SmbClient/Security	48626	Tue Nov 03 12:11:10 2015	31010	Microsoft-Windows-SMBClient	N/A	N/A	Error	Pers-DC	None		The SMB client failed to connect to the share.    Error: {Access Denied}  A process has requested access to an object, but has not been granted those access rights.    Path: \10.73.1.14\c$	1 
<13>Nov  3 12:11:15 Pers-DC MSWinEventLog	0	Security	48627	Tue Nov 03 12:11:14 2015	4689	Microsoft-Windows-Security-Auditing	PERS-DC\Raul	N/A	Success Audit	Pers-DC	Process Termination		A process has exited.    Subject:   Security ID:  S-1-5-21-222014455-3467858785-2229672989-1001   Account Name:  Raul   Account Domain:  PERS-DC   Logon ID:  0x45732    Process Information:   Process ID: 0x2c0   Process Name: C:\Windows\System32\net.exe   Exit Status: 0x2	48182 
