<13>Nov  3 12:12:21 Pers-DC MSWinEventLog	0	Security	48628	Tue Nov 03 12:12:20 2015	4690	Microsoft-Windows-Security-Auditing	PERS-DC\Raul	N/A	Success Audit	Pers-DC	Handle Manipulation		An attempt was made to duplicate a handle to an object.    Subject:   Security ID:  S-1-5-21-222014455-3467858785-2229672989-1001   Account Name:  Raul   Account Domain:  PERS-DC   Logon ID:  0x45732    Source Handle Information:   Source Handle ID: 0x6c   Source Process ID: 0xd34    New Handle Information:   Target Handle ID: 0x1190   Target Process ID: 0x4	48183 
<13>Nov  3 12:12:21 Pers-DC MSWinEventLog	4	Security	48629	Tue Nov 03 12:12:20 2015	4656	Microsoft-Windows-Security-Auditing	PERS-DC\Raul	N/A	Success Audit	Pers-DC	File System		A handle to an object was requested.    Subject:   Security ID:  S-1-5-21-222014455-3467858785-2229672989-1001   Account Name:  Raul   Account Domain:  PERS-DC   Logon ID:  0x45732    Object:   Object Server:  Security   Object Type:  File   Object Name:  C:\research\out   Handle ID:  0x6c   Resource Attributes: -    Process Information:   Process ID:  0xd34   Process Name:  C:\Windows\System32\cmd.exe    Access Request Information:   Transaction ID:  {00000000-0000-0000-0000-000000000000}   Accesses:  SYNCHRONIZE      ReadData (or ListDirectory)         Access Reasons:  SYNCHRONIZE: Granted by D:(A;OICIID;0x1200a9;;;BU)      ReadData (or ListDirectory): Granted by D:(A;OICIID;0x1200a9;;;BU)         Access Mask:  0x100001   Privileges Used for Access Check: -   Restricted SID Count: 0	48184 
<13>Nov  3 12:12:21 Pers-DC MSWinEventLog	4	Security	48630	Tue Nov 03 12:12:20 2015	4663	Microsoft-Windows-Security-Auditing	PERS-DC\Raul	N/A	Success Audit	Pers-DC	File System		An attempt was made to access an object.    Subject:   Security ID:  S-1-5-21-222014455-3467858785-2229672989-1001   Account Name:  Raul   Account Domain:  PERS-DC   Logon ID:  0x45732    Object:   Object Server:  Security   Object Type:  File   Object Name:  C:\research\out   Handle ID:  0x6c   Resource Attributes: S:AI    Process Information:   Process ID:  0xd34   Process Name:  C:\Windows\System32\cmd.exe    Access Request Information:   Accesses:  ReadData (or ListDirectory)         Access Mask:  0x1	48185 
<13>Nov  3 12:12:21 Pers-DC MSWinEventLog	0	Security	48631	Tue Nov 03 12:12:20 2015	4688	Microsoft-Windows-Security-Auditing	PERS-DC\Raul	N/A	Success Audit	Pers-DC	Process Creation		A new process has been created.    Subject:   Security ID:  S-1-5-21-222014455-3467858785-2229672989-1001   Account Name:  Raul   Account Domain:  PERS-DC   Logon ID:  0x45732    Process Information:   New Process ID:  0xc38   New Process Name: C:\Windows\System32\net.exe   Token Elevation Type: TokenElevationTypeLimited (3)   Creator Process ID: 0xd34   Process Command Line:     Token Elevation Type indicates the type of token that was assigned to the new process in accordance with User Account Control policy.    Type 1 is a full token with no privileges removed or groups disabled.  A full token is only used if User Account Control is disabled or if the user is the built-in Administrator account or a service account.    Type 2 is an elevated token with no privileges removed or groups disabled.  An elevated token is used when User Account Control is enabled and the user chooses to start the program using Run as administrator.  An elevated token is also used when an application is configured to always require administrative privilege or to always require maximum privilege, and the user is a member of the Administrators group.    Type 3 is a limited token with administrative privileges removed and administrative groups disabled.  The limited token is used when User Account Control is enabled, the application does not require administrative privilege, and the user does not choose to start the program using Run as administrator.	48186 
<13>Nov  3 12:12:21 Pers-DC MSWinEventLog	0	Security	48632	Tue Nov 03 12:12:20 2015	4690	Microsoft-Windows-Security-Auditing	PERS-DC\Raul	N/A	Success Audit	Pers-DC	Handle Manipulation		An attempt was made to duplicate a handle to an object.    Subject:   Security ID:  S-1-5-21-222014455-3467858785-2229672989-1001   Account Name:  Raul   Account Domain:  PERS-DC   Logon ID:  0x45732    Source Handle Information:   Source Handle ID: 0xc   Source Process ID: 0xc38    New Handle Information:   Target Handle ID: 0x1190   Target Process ID: 0x4	48187 
<13>Nov  3 12:12:21 Pers-DC MSWinEventLog	4	Security	48633	Tue Nov 03 12:12:20 2015	4656	Microsoft-Windows-Security-Auditing	PERS-DC\Raul	N/A	Success Audit	Pers-DC	File System		A handle to an object was requested.    Subject:   Security ID:  S-1-5-21-222014455-3467858785-2229672989-1001   Account Name:  Raul   Account Domain:  PERS-DC   Logon ID:  0x45732    Object:   Object Server:  Security   Object Type:  File   Object Name:  C:\research\out   Handle ID:  0xc   Resource Attributes: -    Process Information:   Process ID:  0xc38   Process Name:  C:\Windows\System32\net.exe    Access Request Information:   Transaction ID:  {00000000-0000-0000-0000-000000000000}   Accesses:  SYNCHRONIZE      Execute/Traverse         Access Reasons:  SYNCHRONIZE: Granted by D:(A;OICIID;0x1200a9;;;BU)      Execute/Traverse: Granted by D:(A;OICIID;0x1200a9;;;BU)         Access Mask:  0x100020   Privileges Used for Access Check: -   Restricted SID Count: 0	48188 
<13>Nov  3 12:12:21 Pers-DC MSWinEventLog	1	Security	48634	Tue Nov 03 12:12:20 2015	4648	Microsoft-Windows-Security-Auditing	\mipc	N/A	Success Audit	Pers-DC	Logon		A logon was attempted using explicit credentials.    Subject:   Security ID:  S-1-5-21-222014455-3467858785-2229672989-1001   Account Name:  Raul   Account Domain:  PERS-DC   Logon ID:  0x45732   Logon GUID:  {00000000-0000-0000-0000-000000000000}    Account Whose Credentials Were Used:   Account Name:  mipc   Account Domain:     Logon GUID:  {00000000-0000-0000-0000-000000000000}    Target Server:   Target Server Name: madrugada   Additional Information: madrugada    Process Information:   Process ID:  0x4   Process Name:      Network Information:   Network Address: -   Port:   -    This event is generated when a process attempts to log on an account by explicitly specifying that account’s credentials.  This most commonly occurs in batch-type configurations such as scheduled tasks, or when using the RUNAS command.	48189 
<13>Nov  3 12:12:24 Pers-DC MSWinEventLog	0	Security	48635	Tue Nov 03 12:12:23 2015	4689	Microsoft-Windows-Security-Auditing	PERS-DC\Raul	N/A	Success Audit	Pers-DC	Process Termination		A process has exited.    Subject:   Security ID:  S-1-5-21-222014455-3467858785-2229672989-1001   Account Name:  Raul   Account Domain:  PERS-DC   Logon ID:  0x45732    Process Information:   Process ID: 0xc38   Process Name: C:\Windows\System32\net.exe   Exit Status: 0x2	48190 
<13>Nov  3 12:12:34 Pers-DC MSWinEventLog	0	Security	48636	Tue Nov 03 12:12:33 2015	4690	Microsoft-Windows-Security-Auditing	PERS-DC\Raul	N/A	Success Audit	Pers-DC	Handle Manipulation		An attempt was made to duplicate a handle to an object.    Subject:   Security ID:  S-1-5-21-222014455-3467858785-2229672989-1001   Account Name:  Raul   Account Domain:  PERS-DC   Logon ID:  0x45732    Source Handle Information:   Source Handle ID: 0x6c   Source Process ID: 0xd34    New Handle Information:   Target Handle ID: 0x1028   Target Process ID: 0x4	48191 
<13>Nov  3 12:12:34 Pers-DC MSWinEventLog	4	Security	48637	Tue Nov 03 12:12:33 2015	4656	Microsoft-Windows-Security-Auditing	PERS-DC\Raul	N/A	Success Audit	Pers-DC	File System		A handle to an object was requested.    Subject:   Security ID:  S-1-5-21-222014455-3467858785-2229672989-1001   Account Name:  Raul   Account Domain:  PERS-DC   Logon ID:  0x45732    Object:   Object Server:  Security   Object Type:  File   Object Name:  C:\research\out   Handle ID:  0x6c   Resource Attributes: -    Process Information:   Process ID:  0xd34   Process Name:  C:\Windows\System32\cmd.exe    Access Request Information:   Transaction ID:  {00000000-0000-0000-0000-000000000000}   Accesses:  SYNCHRONIZE      ReadData (or ListDirectory)         Access Reasons:  SYNCHRONIZE: Granted by D:(A;OICIID;0x1200a9;;;BU)      ReadData (or ListDirectory): Granted by D:(A;OICIID;0x1200a9;;;BU)         Access Mask:  0x100001   Privileges Used for Access Check: -   Restricted SID Count: 0	48192 
<13>Nov  3 12:12:34 Pers-DC MSWinEventLog	4	Security	48638	Tue Nov 03 12:12:33 2015	4663	Microsoft-Windows-Security-Auditing	PERS-DC\Raul	N/A	Success Audit	Pers-DC	File System		An attempt was made to access an object.    Subject:   Security ID:  S-1-5-21-222014455-3467858785-2229672989-1001   Account Name:  Raul   Account Domain:  PERS-DC   Logon ID:  0x45732    Object:   Object Server:  Security   Object Type:  File   Object Name:  C:\research\out   Handle ID:  0x6c   Resource Attributes: S:AI    Process Information:   Process ID:  0xd34   Process Name:  C:\Windows\System32\cmd.exe    Access Request Information:   Accesses:  ReadData (or ListDirectory)         Access Mask:  0x1	48193 
<13>Nov  3 12:12:34 Pers-DC MSWinEventLog	0	Security	48639	Tue Nov 03 12:12:33 2015	4688	Microsoft-Windows-Security-Auditing	PERS-DC\Raul	N/A	Success Audit	Pers-DC	Process Creation		A new process has been created.    Subject:   Security ID:  S-1-5-21-222014455-3467858785-2229672989-1001   Account Name:  Raul   Account Domain:  PERS-DC   Logon ID:  0x45732    Process Information:   New Process ID:  0x8f0   New Process Name: C:\Windows\System32\net.exe   Token Elevation Type: TokenElevationTypeLimited (3)   Creator Process ID: 0xd34   Process Command Line:     Token Elevation Type indicates the type of token that was assigned to the new process in accordance with User Account Control policy.    Type 1 is a full token with no privileges removed or groups disabled.  A full token is only used if User Account Control is disabled or if the user is the built-in Administrator account or a service account.    Type 2 is an elevated token with no privileges removed or groups disabled.  An elevated token is used when User Account Control is enabled and the user chooses to start the program using Run as administrator.  An elevated token is also used when an application is configured to always require administrative privilege or to always require maximum privilege, and the user is a member of the Administrators group.    Type 3 is a limited token with administrative privileges removed and administrative groups disabled.  The limited token is used when User Account Control is enabled, the application does not require administrative privilege, and the user does not choose to start the program using Run as administrator.	48194 
<13>Nov  3 12:12:34 Pers-DC MSWinEventLog	0	Security	48640	Tue Nov 03 12:12:33 2015	4690	Microsoft-Windows-Security-Auditing	PERS-DC\Raul	N/A	Success Audit	Pers-DC	Handle Manipulation		An attempt was made to duplicate a handle to an object.    Subject:   Security ID:  S-1-5-21-222014455-3467858785-2229672989-1001   Account Name:  Raul   Account Domain:  PERS-DC   Logon ID:  0x45732    Source Handle Information:   Source Handle ID: 0xc   Source Process ID: 0x8f0    New Handle Information:   Target Handle ID: 0x1028   Target Process ID: 0x4	48195 
<13>Nov  3 12:12:34 Pers-DC MSWinEventLog	4	Security	48641	Tue Nov 03 12:12:33 2015	4656	Microsoft-Windows-Security-Auditing	PERS-DC\Raul	N/A	Success Audit	Pers-DC	File System		A handle to an object was requested.    Subject:   Security ID:  S-1-5-21-222014455-3467858785-2229672989-1001   Account Name:  Raul   Account Domain:  PERS-DC   Logon ID:  0x45732    Object:   Object Server:  Security   Object Type:  File   Object Name:  C:\research\out   Handle ID:  0xc   Resource Attributes: -    Process Information:   Process ID:  0x8f0   Process Name:  C:\Windows\System32\net.exe    Access Request Information:   Transaction ID:  {00000000-0000-0000-0000-000000000000}   Accesses:  SYNCHRONIZE      Execute/Traverse         Access Reasons:  SYNCHRONIZE: Granted by D:(A;OICIID;0x1200a9;;;BU)      Execute/Traverse: Granted by D:(A;OICIID;0x1200a9;;;BU)         Access Mask:  0x100020   Privileges Used for Access Check: -   Restricted SID Count: 0	48196 
<13>Nov  3 12:12:34 Pers-DC MSWinEventLog	1	Security	48642	Tue Nov 03 12:12:33 2015	4648	Microsoft-Windows-Security-Auditing	\mipc	N/A	Success Audit	Pers-DC	Logon		A logon was attempted using explicit credentials.    Subject:   Security ID:  S-1-5-21-222014455-3467858785-2229672989-1001   Account Name:  Raul   Account Domain:  PERS-DC   Logon ID:  0x45732   Logon GUID:  {00000000-0000-0000-0000-000000000000}    Account Whose Credentials Were Used:   Account Name:  mipc   Account Domain:     Logon GUID:  {00000000-0000-0000-0000-000000000000}    Target Server:   Target Server Name: madrugada   Additional Information: madrugada    Process Information:   Process ID:  0x4   Process Name:      Network Information:   Network Address: -   Port:   -    This event is generated when a process attempts to log on an account by explicitly specifying that account’s credentials.  This most commonly occurs in batch-type configurations such as scheduled tasks, or when using the RUNAS command.	48197 
<13>Nov  3 12:12:34 Pers-DC MSWinEventLog	0	Security	48643	Tue Nov 03 12:12:33 2015	4689	Microsoft-Windows-Security-Auditing	PERS-DC\Raul	N/A	Success Audit	Pers-DC	Process Termination		A process has exited.    Subject:   Security ID:  S-1-5-21-222014455-3467858785-2229672989-1001   Account Name:  Raul   Account Domain:  PERS-DC   Logon ID:  0x45732    Process Information:   Process ID: 0x8f0   Process Name: C:\Windows\System32\net.exe   Exit Status: 0x0	48198 
<13>Nov  3 12:12:41 Pers-DC MSWinEventLog	0	Security	48644	Tue Nov 03 12:12:41 2015	4688	Microsoft-Windows-Security-Auditing	WORKGROUP\PERS-DC$	N/A	Success Audit	Pers-DC	Process Creation		A new process has been created.    Subject:   Security ID:  S-1-5-18   Account Name:  PERS-DC$   Account Domain:  WORKGROUP   Logon ID:  0x3E7    Process Information:   New Process ID:  0x250   New Process Name: C:\Program Files\Windows Defender\MpCmdRun.exe   Token Elevation Type: TokenElevationTypeDefault (1)   Creator Process ID: 0x52c   Process Command Line:     Token Elevation Type indicates the type of token that was assigned to the new process in accordance with User Account Control policy.    Type 1 is a full token with no privileges removed or groups disabled.  A full token is only used if User Account Control is disabled or if the user is the built-in Administrator account or a service account.    Type 2 is an elevated token with no privileges removed or groups disabled.  An elevated token is used when User Account Control is enabled and the user chooses to start the program using Run as administrator.  An elevated token is also used when an application is configured to always require administrative privilege or to always require maximum privilege, and the user is a member of the Administrators group.    Type 3 is a limited token with administrative privileges removed and administrative groups disabled.  The limited token is used when User Account Control is enabled, the application does not require administrative privilege, and the user does not choose to start the program using Run as administrator.	48199 
<13>Nov  3 12:12:41 Pers-DC MSWinEventLog	0	Security	48645	Tue Nov 03 12:12:41 2015	4688	Microsoft-Windows-Security-Auditing	WORKGROUP\PERS-DC$	N/A	Success Audit	Pers-DC	Process Creation		A new process has been created.    Subject:   Security ID:  S-1-5-18   Account Name:  PERS-DC$   Account Domain:  WORKGROUP   Logon ID:  0x3E7    Process Information:   New Process ID:  0xbf8   New Process Name: C:\Windows\System32\conhost.exe   Token Elevation Type: TokenElevationTypeDefault (1)   Creator Process ID: 0x250   Process Command Line:     Token Elevation Type indicates the type of token that was assigned to the new process in accordance with User Account Control policy.    Type 1 is a full token with no privileges removed or groups disabled.  A full token is only used if User Account Control is disabled or if the user is the built-in Administrator account or a service account.    Type 2 is an elevated token with no privileges removed or groups disabled.  An elevated token is used when User Account Control is enabled and the user chooses to start the program using Run as administrator.  An elevated token is also used when an application is configured to always require administrative privilege or to always require maximum privilege, and the user is a member of the Administrators group.    Type 3 is a limited token with administrative privileges removed and administrative groups disabled.  The limited token is used when User Account Control is enabled, the application does not require administrative privilege, and the user does not choose to start the program using Run as administrator.	48200 
<13>Nov  3 12:12:41 Pers-DC MSWinEventLog	0	Security	48646	Tue Nov 03 12:12:41 2015	4688	Microsoft-Windows-Security-Auditing	WORKGROUP\PERS-DC$	N/A	Success Audit	Pers-DC	Process Creation		A new process has been created.    Subject:   Security ID:  S-1-5-18   Account Name:  PERS-DC$   Account Domain:  WORKGROUP   Logon ID:  0x3E7    Process Information:   New Process ID:  0x928   New Process Name: C:\Program Files\Windows Defender\MpCmdRun.exe   Token Elevation Type: TokenElevationTypeDefault (1)   Creator Process ID: 0x250   Process Command Line:     Token Elevation Type indicates the type of token that was assigned to the new process in accordance with User Account Control policy.    Type 1 is a full token with no privileges removed or groups disabled.  A full token is only used if User Account Control is disabled or if the user is the built-in Administrator account or a service account.    Type 2 is an elevated token with no privileges removed or groups disabled.  An elevated token is used when User Account Control is enabled and the user chooses to start the program using Run as administrator.  An elevated token is also used when an application is configured to always require administrative privilege or to always require maximum privilege, and the user is a member of the Administrators group.    Type 3 is a limited token with administrative privileges removed and administrative groups disabled.  The limited token is used when User Account Control is enabled, the application does not require administrative privilege, and the user does not choose to start the program using Run as administrator.	48201 
<13>Nov  3 12:12:41 Pers-DC MSWinEventLog	0	Security	48647	Tue Nov 03 12:12:41 2015	4689	Microsoft-Windows-Security-Auditing	WORKGROUP\PERS-DC$	N/A	Success Audit	Pers-DC	Process Termination		A process has exited.    Subject:   Security ID:  S-1-5-18   Account Name:  PERS-DC$   Account Domain:  WORKGROUP   Logon ID:  0x3E7    Process Information:   Process ID: 0x250   Process Name: C:\Program Files\Windows Defender\MpCmdRun.exe   Exit Status: 0x0	48202 
<13>Nov  3 12:12:41 Pers-DC MSWinEventLog	0	Security	48648	Tue Nov 03 12:12:41 2015	4689	Microsoft-Windows-Security-Auditing	WORKGROUP\PERS-DC$	N/A	Success Audit	Pers-DC	Process Termination		A process has exited.    Subject:   Security ID:  S-1-5-18   Account Name:  PERS-DC$   Account Domain:  WORKGROUP   Logon ID:  0x3E7    Process Information:   Process ID: 0xbf8   Process Name: C:\Windows\System32\conhost.exe   Exit Status: 0x0	48203 
<13>Nov  3 12:12:41 Pers-DC MSWinEventLog	0	Security	48649	Tue Nov 03 12:12:41 2015	4688	Microsoft-Windows-Security-Auditing	WORKGROUP\PERS-DC$	N/A	Success Audit	Pers-DC	Process Creation		A new process has been created.    Subject:   Security ID:  S-1-5-18   Account Name:  PERS-DC$   Account Domain:  WORKGROUP   Logon ID:  0x3E7    Process Information:   New Process ID:  0x940   New Process Name: C:\Program Files\Windows Defender\MpCmdRun.exe   Token Elevation Type: TokenElevationTypeDefault (1)   Creator Process ID: 0x52c   Process Command Line:     Token Elevation Type indicates the type of token that was assigned to the new process in accordance with User Account Control policy.    Type 1 is a full token with no privileges removed or groups disabled.  A full token is only used if User Account Control is disabled or if the user is the built-in Administrator account or a service account.    Type 2 is an elevated token with no privileges removed or groups disabled.  An elevated token is used when User Account Control is enabled and the user chooses to start the program using Run as administrator.  An elevated token is also used when an application is configured to always require administrative privilege or to always require maximum privilege, and the user is a member of the Administrators group.    Type 3 is a limited token with administrative privileges removed and administrative groups disabled.  The limited token is used when User Account Control is enabled, the application does not require administrative privilege, and the user does not choose to start the program using Run as administrator.	48204 
<13>Nov  3 12:12:41 Pers-DC MSWinEventLog	0	Security	48650	Tue Nov 03 12:12:41 2015	4688	Microsoft-Windows-Security-Auditing	WORKGROUP\PERS-DC$	N/A	Success Audit	Pers-DC	Process Creation		A new process has been created.    Subject:   Security ID:  S-1-5-18   Account Name:  PERS-DC$   Account Domain:  WORKGROUP   Logon ID:  0x3E7    Process Information:   New Process ID:  0x6f4   New Process Name: C:\Windows\System32\conhost.exe   Token Elevation Type: TokenElevationTypeDefault (1)   Creator Process ID: 0x940   Process Command Line:     Token Elevation Type indicates the type of token that was assigned to the new process in accordance with User Account Control policy.    Type 1 is a full token with no privileges removed or groups disabled.  A full token is only used if User Account Control is disabled or if the user is the built-in Administrator account or a service account.    Type 2 is an elevated token with no privileges removed or groups disabled.  An elevated token is used when User Account Control is enabled and the user chooses to start the program using Run as administrator.  An elevated token is also used when an application is configured to always require administrative privilege or to always require maximum privilege, and the user is a member of the Administrators group.    Type 3 is a limited token with administrative privileges removed and administrative groups disabled.  The limited token is used when User Account Control is enabled, the application does not require administrative privilege, and the user does not choose to start the program using Run as administrator.	48205 
<13>Nov  3 12:12:41 Pers-DC MSWinEventLog	0	Security	48651	Tue Nov 03 12:12:41 2015	4689	Microsoft-Windows-Security-Auditing	WORKGROUP\PERS-DC$	N/A	Success Audit	Pers-DC	Process Termination		A process has exited.    Subject:   Security ID:  S-1-5-18   Account Name:  PERS-DC$   Account Domain:  WORKGROUP   Logon ID:  0x3E7    Process Information:   Process ID: 0x940   Process Name: C:\Program Files\Windows Defender\MpCmdRun.exe   Exit Status: 0x0	48206 
<13>Nov  3 12:12:41 Pers-DC MSWinEventLog	0	Security	48652	Tue Nov 03 12:12:41 2015	4689	Microsoft-Windows-Security-Auditing	WORKGROUP\PERS-DC$	N/A	Success Audit	Pers-DC	Process Termination		A process has exited.    Subject:   Security ID:  S-1-5-18   Account Name:  PERS-DC$   Account Domain:  WORKGROUP   Logon ID:  0x3E7    Process Information:   Process ID: 0x6f4   Process Name: C:\Windows\System32\conhost.exe   Exit Status: 0x0	48207 
<13>Nov  3 12:12:41 Pers-DC MSWinEventLog	0	Security	48653	Tue Nov 03 12:12:41 2015	4689	Microsoft-Windows-Security-Auditing	WORKGROUP\PERS-DC$	N/A	Success Audit	Pers-DC	Process Termination		A process has exited.    Subject:   Security ID:  S-1-5-20   Account Name:  PERS-DC$   Account Domain:  WORKGROUP   Logon ID:  0x3E4    Process Information:   Process ID: 0x928   Process Name: C:\Program Files\Windows Defender\MpCmdRun.exe   Exit Status: 0x2	48208 
<13>Nov  3 12:12:42 Pers-DC MSWinEventLog	0	Security	48654	Tue Nov 03 12:12:42 2015	4690	Microsoft-Windows-Security-Auditing	PERS-DC\Raul	N/A	Success Audit	Pers-DC	Handle Manipulation		An attempt was made to duplicate a handle to an object.    Subject:   Security ID:  S-1-5-21-222014455-3467858785-2229672989-1001   Account Name:  Raul   Account Domain:  PERS-DC   Logon ID:  0x45732    Source Handle Information:   Source Handle ID: 0x6c   Source Process ID: 0xd34    New Handle Information:   Target Handle ID: 0xaf0   Target Process ID: 0x4	48209 
<13>Nov  3 12:12:42 Pers-DC MSWinEventLog	4	Security	48655	Tue Nov 03 12:12:42 2015	4656	Microsoft-Windows-Security-Auditing	PERS-DC\Raul	N/A	Success Audit	Pers-DC	File System		A handle to an object was requested.    Subject:   Security ID:  S-1-5-21-222014455-3467858785-2229672989-1001   Account Name:  Raul   Account Domain:  PERS-DC   Logon ID:  0x45732    Object:   Object Server:  Security   Object Type:  File   Object Name:  C:\research\out   Handle ID:  0x6c   Resource Attributes: -    Process Information:   Process ID:  0xd34   Process Name:  C:\Windows\System32\cmd.exe    Access Request Information:   Transaction ID:  {00000000-0000-0000-0000-000000000000}   Accesses:  SYNCHRONIZE      ReadData (or ListDirectory)         Access Reasons:  SYNCHRONIZE: Granted by D:(A;OICIID;0x1200a9;;;BU)      ReadData (or ListDirectory): Granted by D:(A;OICIID;0x1200a9;;;BU)         Access Mask:  0x100001   Privileges Used for Access Check: -   Restricted SID Count: 0	48210 
<13>Nov  3 12:12:42 Pers-DC MSWinEventLog	4	Security	48656	Tue Nov 03 12:12:42 2015	4663	Microsoft-Windows-Security-Auditing	PERS-DC\Raul	N/A	Success Audit	Pers-DC	File System		An attempt was made to access an object.    Subject:   Security ID:  S-1-5-21-222014455-3467858785-2229672989-1001   Account Name:  Raul   Account Domain:  PERS-DC   Logon ID:  0x45732    Object:   Object Server:  Security   Object Type:  File   Object Name:  C:\research\out   Handle ID:  0x6c   Resource Attributes: S:AI    Process Information:   Process ID:  0xd34   Process Name:  C:\Windows\System32\cmd.exe    Access Request Information:   Accesses:  ReadData (or ListDirectory)         Access Mask:  0x1	48211 
<13>Nov  3 12:12:42 Pers-DC MSWinEventLog	1	Microsoft-Windows-Windows Defender/Operational	48657	Tue Nov 03 12:12:41 2015	2001	Microsoft-Windows-Windows Defender	NT AUTHORITY\SYSTEM	N/A	Error	Pers-DC	None		Windows Defender has encountered an error trying to update signatures.    New Signature Version:     Previous Signature Version: 1.187.2325.0    Update Source: Microsoft Update Server    Signature Type: AntiVirus    Update Type: Full    User: NT AUTHORITY\SYSTEM    Current Engine Version:     Previous Engine Version: 1.1.11104.0    Error code: 0x8024402c    Error description: An unexpected problem occurred while checking for updates. For information on installing or troubleshooting updates, see Help and Support. 	4 
<13>Nov  3 12:12:42 Pers-DC MSWinEventLog	1	Microsoft-Windows-Windows Defender/Operational	48658	Tue Nov 03 12:12:41 2015	2001	Microsoft-Windows-Windows Defender	NT AUTHORITY\SYSTEM	N/A	Error	Pers-DC	None		Windows Defender has encountered an error trying to update signatures.    New Signature Version:     Previous Signature Version: 1.187.2325.0    Update Source: Microsoft Malware Protection Center    Signature Type: AntiVirus    Update Type: Full    User: NT AUTHORITY\NETWORK SERVICE    Current Engine Version:     Previous Engine Version: 1.1.11104.0    Error code: 0x80072ee7    Error description: The server name or address could not be resolved 	5 
<13>Nov  3 12:12:42 Pers-DC MSWinEventLog	1	Microsoft-Windows-Windows Defender/Operational	48659	Tue Nov 03 12:12:41 2015	2001	Microsoft-Windows-Windows Defender	NT AUTHORITY\SYSTEM	N/A	Error	Pers-DC	None		Windows Defender has encountered an error trying to update signatures.    New Signature Version:     Previous Signature Version: 1.187.2325.0    Update Source: Microsoft Malware Protection Center    Signature Type: AntiSpyware    Update Type: Full    User: NT AUTHORITY\NETWORK SERVICE    Current Engine Version:     Previous Engine Version: 1.1.11104.0    Error code: 0x80072ee7    Error description: The server name or address could not be resolved 	6 
<13>Nov  3 12:12:42 Pers-DC MSWinEventLog	1	Microsoft-Windows-Windows Defender/Operational	48660	Tue Nov 03 12:12:41 2015	2001	Microsoft-Windows-Windows Defender	NT AUTHORITY\SYSTEM	N/A	Error	Pers-DC	None		Windows Defender has encountered an error trying to update signatures.    New Signature Version:     Previous Signature Version: 113.26.0.0    Update Source: Microsoft Malware Protection Center    Signature Type: Network Inspection System    Update Type: Full    User: NT AUTHORITY\NETWORK SERVICE    Current Engine Version:     Previous Engine Version: 2.1.11005.0    Error code: 0x80072ee7    Error description: The server name or address could not be resolved 	7 
<13>Nov  3 12:12:46 Pers-DC MSWinEventLog	1	Application	48661	Tue Nov 03 12:12:46 2015	1001	Windows Error Reporting	N/A	N/A	Information	Pers-DC	None		Fault bucket , type 0  Event Name: WindowsUpdateFailure2  Response: Not available  Cab Id: 0    Problem signature:  P1: 7.9.9600.17404  P2: 8024402c  P3: 00000000-0000-0000-0000-000000000000  P4: Scan  P5: 101  P6: Unmanaged {9482F4B4-E343-43B6-B170-9A65BC822C77}  P7: 8024500b  P8:   P9:   P10:     Attached files:  C:\Windows\WindowsUpdate.log  C:\Windows\SoftwareDistribution\ReportingEvents.log    These files may be available here:      Analysis symbol:   Rechecking for solution: 0  Report Id: 198b3911-824e-11e5-8262-6c4008998ec9  Report Status: 262144  Hashed bucket: 	37 
<13>Nov  3 12:12:46 Pers-DC MSWinEventLog	1	Application	48662	Tue Nov 03 12:12:46 2015	1001	Windows Error Reporting	N/A	N/A	Information	Pers-DC	None		Fault bucket , type 0  Event Name: WindowsUpdateFailure2  Response: Not available  Cab Id: 0    Problem signature:  P1: 7.9.9600.17404  P2: 8024402c  P3: 00000000-0000-0000-0000-000000000000  P4: Scan  P5: 101  P6: Unmanaged {9482F4B4-E343-43B6-B170-9A65BC822C77}  P7: 8024500b  P8:   P9:   P10:     Attached files:    These files may be available here:  C:\ProgramData\Microsoft\Windows\WER\ReportQueue\NonCritical_7.9.9600.17404_9df745ae557d2a5e3ba78e434b8be0104db96f_00000000_09516a76    Analysis symbol:   Rechecking for solution: 0  Report Id: 198b3911-824e-11e5-8262-6c4008998ec9  Report Status: 4100  Hashed bucket: 	38 
<13>Nov  3 12:12:46 Pers-DC MSWinEventLog	1	Application	48663	Tue Nov 03 12:12:46 2015	1001	Windows Error Reporting	N/A	N/A	Information	Pers-DC	None		Fault bucket , type 0  Event Name: WindowsUpdateFailure2  Response: Not available  Cab Id: 0    Problem signature:  P1: 7.9.9600.17404  P2: 8024402c  P3: 00000000-0000-0000-0000-000000000000  P4: Scan  P5: 101  P6: Unmanaged {9482F4B4-E343-43B6-B170-9A65BC822C77}  P7: 8024500b  P8:   P9:   P10:     Attached files:    These files may be available here:  C:\ProgramData\Microsoft\Windows\WER\ReportQueue\NonCritical_7.9.9600.17404_9df745ae557d2a5e3ba78e434b8be0104db96f_00000000_09516a76    Analysis symbol:   Rechecking for solution: 0  Report Id: 198b3911-824e-11e5-8262-6c4008998ec9  Report Status: 96  Hashed bucket: 	39 
<13>Nov  3 12:12:47 Pers-DC MSWinEventLog	0	Security	48664	Tue Nov 03 12:12:46 2015	4688	Microsoft-Windows-Security-Auditing	WORKGROUP\PERS-DC$	N/A	Success Audit	Pers-DC	Process Creation		A new process has been created.    Subject:   Security ID:  S-1-5-18   Account Name:  PERS-DC$   Account Domain:  WORKGROUP   Logon ID:  0x3E7    Process Information:   New Process ID:  0x958   New Process Name: C:\Windows\System32\wermgr.exe   Token Elevation Type: TokenElevationTypeDefault (1)   Creator Process ID: 0x358   Process Command Line:     Token Elevation Type indicates the type of token that was assigned to the new process in accordance with User Account Control policy.    Type 1 is a full token with no privileges removed or groups disabled.  A full token is only used if User Account Control is disabled or if the user is the built-in Administrator account or a service account.    Type 2 is an elevated token with no privileges removed or groups disabled.  An elevated token is used when User Account Control is enabled and the user chooses to start the program using Run as administrator.  An elevated token is also used when an application is configured to always require administrative privilege or to always require maximum privilege, and the user is a member of the Administrators group.    Type 3 is a limited token with administrative privileges removed and administrative groups disabled.  The limited token is used when User Account Control is enabled, the application does not require administrative privilege, and the user does not choose to start the program using Run as administrator.	48212 
<13>Nov  3 12:12:47 Pers-DC MSWinEventLog	0	Security	48665	Tue Nov 03 12:12:46 2015	4688	Microsoft-Windows-Security-Auditing	WORKGROUP\PERS-DC$	N/A	Success Audit	Pers-DC	Process Creation		A new process has been created.    Subject:   Security ID:  S-1-5-18   Account Name:  PERS-DC$   Account Domain:  WORKGROUP   Logon ID:  0x3E7    Process Information:   New Process ID:  0x4bc   New Process Name: C:\Windows\System32\wermgr.exe   Token Elevation Type: TokenElevationTypeDefault (1)   Creator Process ID: 0x958   Process Command Line:     Token Elevation Type indicates the type of token that was assigned to the new process in accordance with User Account Control policy.    Type 1 is a full token with no privileges removed or groups disabled.  A full token is only used if User Account Control is disabled or if the user is the built-in Administrator account or a service account.    Type 2 is an elevated token with no privileges removed or groups disabled.  An elevated token is used when User Account Control is enabled and the user chooses to start the program using Run as administrator.  An elevated token is also used when an application is configured to always require administrative privilege or to always require maximum privilege, and the user is a member of the Administrators group.    Type 3 is a limited token with administrative privileges removed and administrative groups disabled.  The limited token is used when User Account Control is enabled, the application does not require administrative privilege, and the user does not choose to start the program using Run as administrator.	48213 
<13>Nov  3 12:12:47 Pers-DC MSWinEventLog	0	Security	48666	Tue Nov 03 12:12:46 2015	4689	Microsoft-Windows-Security-Auditing	WORKGROUP\PERS-DC$	N/A	Success Audit	Pers-DC	Process Termination		A process has exited.    Subject:   Security ID:  S-1-5-18   Account Name:  PERS-DC$   Account Domain:  WORKGROUP   Logon ID:  0x3E7    Process Information:   Process ID: 0x958   Process Name: C:\Windows\System32\wermgr.exe   Exit Status: 0x0	48214 
<13>Nov  3 12:12:47 Pers-DC MSWinEventLog	0	Security	48667	Tue Nov 03 12:12:46 2015	4689	Microsoft-Windows-Security-Auditing	WORKGROUP\PERS-DC$	N/A	Success Audit	Pers-DC	Process Termination		A process has exited.    Subject:   Security ID:  S-1-5-18   Account Name:  PERS-DC$   Account Domain:  WORKGROUP   Logon ID:  0x3E7    Process Information:   Process ID: 0x4bc   Process Name: C:\Windows\System32\wermgr.exe   Exit Status: 0x801B8002	48215 
<13>Nov  3 12:12:47 Pers-DC MSWinEventLog	1	Microsoft-Windows-WindowsUpdateClient/Operational	48668	Tue Nov 03 12:12:46 2015	25	Microsoft-Windows-WindowsUpdateClient	NT AUTHORITY\SYSTEM	N/A	Error	Pers-DC	Windows Update Agent		Windows Update failed to check for updates with error 0x8024402C.	1 
<13>Nov  3 12:12:52 Pers-DC MSWinEventLog	0	Security	48669	Tue Nov 03 12:12:51 2015	4690	Microsoft-Windows-Security-Auditing	PERS-DC\Raul	N/A	Success Audit	Pers-DC	Handle Manipulation		An attempt was made to duplicate a handle to an object.    Subject:   Security ID:  S-1-5-21-222014455-3467858785-2229672989-1001   Account Name:  Raul   Account Domain:  PERS-DC   Logon ID:  0x45732    Source Handle Information:   Source Handle ID: 0x8   Source Process ID: 0xd34    New Handle Information:   Target Handle ID: 0x10ac   Target Process ID: 0x4	48216 
<13>Nov  3 12:12:52 Pers-DC MSWinEventLog	4	Security	48670	Tue Nov 03 12:12:51 2015	4656	Microsoft-Windows-Security-Auditing	PERS-DC\Raul	N/A	Success Audit	Pers-DC	File System		A handle to an object was requested.    Subject:   Security ID:  S-1-5-21-222014455-3467858785-2229672989-1001   Account Name:  Raul   Account Domain:  PERS-DC   Logon ID:  0x45732    Object:   Object Server:  Security   Object Type:  File   Object Name:  C:\research\out   Handle ID:  0x8   Resource Attributes: -    Process Information:   Process ID:  0xd34   Process Name:  C:\Windows\System32\cmd.exe    Access Request Information:   Transaction ID:  {00000000-0000-0000-0000-000000000000}   Accesses:  SYNCHRONIZE      ReadData (or ListDirectory)         Access Reasons:  SYNCHRONIZE: Granted by D:(A;OICIID;0x1200a9;;;BU)      ReadData (or ListDirectory): Granted by D:(A;OICIID;0x1200a9;;;BU)         Access Mask:  0x100001   Privileges Used for Access Check: -   Restricted SID Count: 0	48217 
<13>Nov  3 12:12:52 Pers-DC MSWinEventLog	4	Security	48671	Tue Nov 03 12:12:51 2015	4663	Microsoft-Windows-Security-Auditing	PERS-DC\Raul	N/A	Success Audit	Pers-DC	File System		An attempt was made to access an object.    Subject:   Security ID:  S-1-5-21-222014455-3467858785-2229672989-1001   Account Name:  Raul   Account Domain:  PERS-DC   Logon ID:  0x45732    Object:   Object Server:  Security   Object Type:  File   Object Name:  C:\research\out   Handle ID:  0x8   Resource Attributes: S:AI    Process Information:   Process ID:  0xd34   Process Name:  C:\Windows\System32\cmd.exe    Access Request Information:   Accesses:  ReadData (or ListDirectory)         Access Mask:  0x1	48218 
<13>Nov  3 12:12:52 Pers-DC MSWinEventLog	0	Security	48672	Tue Nov 03 12:12:51 2015	4690	Microsoft-Windows-Security-Auditing	PERS-DC\Raul	N/A	Success Audit	Pers-DC	Handle Manipulation		An attempt was made to duplicate a handle to an object.    Subject:   Security ID:  S-1-5-21-222014455-3467858785-2229672989-1001   Account Name:  Raul   Account Domain:  PERS-DC   Logon ID:  0x45732    Source Handle Information:   Source Handle ID: 0x90   Source Process ID: 0xd34    New Handle Information:   Target Handle ID: 0x10ac   Target Process ID: 0x4	48219 
<13>Nov  3 12:12:52 Pers-DC MSWinEventLog	4	Security	48673	Tue Nov 03 12:12:51 2015	4656	Microsoft-Windows-Security-Auditing	PERS-DC\Raul	N/A	Success Audit	Pers-DC	File System		A handle to an object was requested.    Subject:   Security ID:  S-1-5-21-222014455-3467858785-2229672989-1001   Account Name:  Raul   Account Domain:  PERS-DC   Logon ID:  0x45732    Object:   Object Server:  Security   Object Type:  File   Object Name:  C:\research\out\ccard_dump.txt   Handle ID:  0x90   Resource Attributes: -    Process Information:   Process ID:  0xd34   Process Name:  C:\Windows\System32\cmd.exe    Access Request Information:   Transaction ID:  {00000000-0000-0000-0000-000000000000}   Accesses:  READ_CONTROL      SYNCHRONIZE      ReadData (or ListDirectory)      ReadEA      ReadAttributes         Access Reasons:  READ_CONTROL: Granted by Ownership      SYNCHRONIZE: Granted by D:(A;ID;0x1200a9;;;BU)      ReadData (or ListDirectory): Granted by D:(A;ID;0x1200a9;;;BU)      ReadEA: Granted by D:(A;ID;0x1200a9;;;BU)      ReadAttributes: Granted by D:(A;ID;0x1200a9;;;BU)         Access Mask:  0x120089   Privileges Used for Access Check: -   Restricted SID Count: 0	48220 
<13>Nov  3 12:12:52 Pers-DC MSWinEventLog	4	Security	48674	Tue Nov 03 12:12:51 2015	4663	Microsoft-Windows-Security-Auditing	PERS-DC\Raul	N/A	Success Audit	Pers-DC	File System		An attempt was made to access an object.    Subject:   Security ID:  S-1-5-21-222014455-3467858785-2229672989-1001   Account Name:  Raul   Account Domain:  PERS-DC   Logon ID:  0x45732    Object:   Object Server:  Security   Object Type:  File   Object Name:  C:\research\out\ccard_dump.txt   Handle ID:  0x90   Resource Attributes: S:AI    Process Information:   Process ID:  0xd34   Process Name:  C:\Windows\System32\cmd.exe    Access Request Information:   Accesses:  ReadData (or ListDirectory)         Access Mask:  0x1	48221 
<13>Nov  3 12:12:52 Pers-DC MSWinEventLog	0	Security	48675	Tue Nov 03 12:12:51 2015	4690	Microsoft-Windows-Security-Auditing	PERS-DC\Raul	N/A	Success Audit	Pers-DC	Handle Manipulation		An attempt was made to duplicate a handle to an object.    Subject:   Security ID:  S-1-5-21-222014455-3467858785-2229672989-1001   Account Name:  Raul   Account Domain:  PERS-DC   Logon ID:  0x45732    Source Handle Information:   Source Handle ID: 0x6c   Source Process ID: 0xd34    New Handle Information:   Target Handle ID: 0x113c   Target Process ID: 0x4	48222 
<13>Nov  3 12:12:52 Pers-DC MSWinEventLog	4	Security	48676	Tue Nov 03 12:12:51 2015	4656	Microsoft-Windows-Security-Auditing	PERS-DC\Raul	N/A	Success Audit	Pers-DC	File System		A handle to an object was requested.    Subject:   Security ID:  S-1-5-21-222014455-3467858785-2229672989-1001   Account Name:  Raul   Account Domain:  PERS-DC   Logon ID:  0x45732    Object:   Object Server:  Security   Object Type:  File   Object Name:  C:\research\out\ccard_dump.txt   Handle ID:  0x6c   Resource Attributes: -    Process Information:   Process ID:  0xd34   Process Name:  C:\Windows\System32\cmd.exe    Access Request Information:   Transaction ID:  {00000000-0000-0000-0000-000000000000}   Accesses:  READ_CONTROL      SYNCHRONIZE      ReadData (or ListDirectory)      ReadEA      ReadAttributes         Access Reasons:  READ_CONTROL: Granted by Ownership      SYNCHRONIZE: Granted by D:(A;ID;0x1200a9;;;BU)      ReadData (or ListDirectory): Granted by D:(A;ID;0x1200a9;;;BU)      ReadEA: Granted by D:(A;ID;0x1200a9;;;BU)      ReadAttributes: Granted by D:(A;ID;0x1200a9;;;BU)         Access Mask:  0x120089   Privileges Used for Access Check: -   Restricted SID Count: 0	48223 
<13>Nov  3 12:12:52 Pers-DC MSWinEventLog	4	Security	48677	Tue Nov 03 12:12:51 2015	4663	Microsoft-Windows-Security-Auditing	PERS-DC\Raul	N/A	Success Audit	Pers-DC	File System		An attempt was made to access an object.    Subject:   Security ID:  S-1-5-21-222014455-3467858785-2229672989-1001   Account Name:  Raul   Account Domain:  PERS-DC   Logon ID:  0x45732    Object:   Object Server:  Security   Object Type:  File   Object Name:  C:\research\out\ccard_dump.txt   Handle ID:  0x6c   Resource Attributes: S:AI    Process Information:   Process ID:  0xd34   Process Name:  C:\Windows\System32\cmd.exe    Access Request Information:   Accesses:  ReadAttributes         Access Mask:  0x80	48224 
<13>Nov  3 12:12:52 Pers-DC MSWinEventLog	0	Security	48678	Tue Nov 03 12:12:51 2015	4690	Microsoft-Windows-Security-Auditing	PERS-DC\Raul	N/A	Success Audit	Pers-DC	Handle Manipulation		An attempt was made to duplicate a handle to an object.    Subject:   Security ID:  S-1-5-21-222014455-3467858785-2229672989-1001   Account Name:  Raul   Account Domain:  PERS-DC   Logon ID:  0x45732    Source Handle Information:   Source Handle ID: 0x6c   Source Process ID: 0xd34    New Handle Information:   Target Handle ID: 0x113c   Target Process ID: 0x4	48225 
<13>Nov  3 12:12:52 Pers-DC MSWinEventLog	4	Security	48679	Tue Nov 03 12:12:51 2015	4656	Microsoft-Windows-Security-Auditing	PERS-DC\Raul	N/A	Success Audit	Pers-DC	File System		A handle to an object was requested.    Subject:   Security ID:  S-1-5-21-222014455-3467858785-2229672989-1001   Account Name:  Raul   Account Domain:  PERS-DC   Logon ID:  0x45732    Object:   Object Server:  Security   Object Type:  File   Object Name:  C:\research\out\ccard_dump.txt   Handle ID:  0x6c   Resource Attributes: -    Process Information:   Process ID:  0xd34   Process Name:  C:\Windows\System32\cmd.exe    Access Request Information:   Transaction ID:  {00000000-0000-0000-0000-000000000000}   Accesses:  READ_CONTROL      SYNCHRONIZE      ReadData (or ListDirectory)      ReadEA      ReadAttributes         Access Reasons:  READ_CONTROL: Granted by Ownership      SYNCHRONIZE: Granted by D:(A;ID;0x1200a9;;;BU)      ReadData (or ListDirectory): Granted by D:(A;ID;0x1200a9;;;BU)      ReadEA: Granted by D:(A;ID;0x1200a9;;;BU)      ReadAttributes: Granted by D:(A;ID;0x1200a9;;;BU)         Access Mask:  0x120089   Privileges Used for Access Check: -   Restricted SID Count: 0	48226 
<13>Nov  3 12:12:52 Pers-DC MSWinEventLog	4	Security	48680	Tue Nov 03 12:12:51 2015	4663	Microsoft-Windows-Security-Auditing	PERS-DC\Raul	N/A	Success Audit	Pers-DC	File System		An attempt was made to access an object.    Subject:   Security ID:  S-1-5-21-222014455-3467858785-2229672989-1001   Account Name:  Raul   Account Domain:  PERS-DC   Logon ID:  0x45732    Object:   Object Server:  Security   Object Type:  File   Object Name:  C:\research\out\ccard_dump.txt   Handle ID:  0x6c   Resource Attributes: S:AI    Process Information:   Process ID:  0xd34   Process Name:  C:\Windows\System32\cmd.exe    Access Request Information:   Accesses:  ReadAttributes         Access Mask:  0x80	48227 
<13>Nov  3 12:12:52 Pers-DC MSWinEventLog	0	Security	48681	Tue Nov 03 12:12:51 2015	4690	Microsoft-Windows-Security-Auditing	PERS-DC\Raul	N/A	Success Audit	Pers-DC	Handle Manipulation		An attempt was made to duplicate a handle to an object.    Subject:   Security ID:  S-1-5-21-222014455-3467858785-2229672989-1001   Account Name:  Raul   Account Domain:  PERS-DC   Logon ID:  0x45732    Source Handle Information:   Source Handle ID: 0x6c   Source Process ID: 0xd34    New Handle Information:   Target Handle ID: 0xa8   Target Process ID: 0xd34	48228 
<13>Nov  3 12:12:52 Pers-DC MSWinEventLog	4	Security	48682	Tue Nov 03 12:12:51 2015	4663	Microsoft-Windows-Security-Auditing	PERS-DC\Raul	N/A	Success Audit	Pers-DC	File System		An attempt was made to access an object.    Subject:   Security ID:  S-1-5-21-222014455-3467858785-2229672989-1001   Account Name:  Raul   Account Domain:  PERS-DC   Logon ID:  0x45732    Object:   Object Server:  Security   Object Type:  File   Object Name:  C:\research\out\ccard_dump.txt   Handle ID:  0xa8   Resource Attributes: S:AI    Process Information:   Process ID:  0xd34   Process Name:  C:\Windows\System32\cmd.exe    Access Request Information:   Accesses:  READ_CONTROL         Access Mask:  0x20000	48229 
<13>Nov  3 12:12:52 Pers-DC MSWinEventLog	4	Security	48683	Tue Nov 03 12:12:51 2015	4663	Microsoft-Windows-Security-Auditing	PERS-DC\Raul	N/A	Success Audit	Pers-DC	File System		An attempt was made to access an object.    Subject:   Security ID:  S-1-5-21-222014455-3467858785-2229672989-1001   Account Name:  Raul   Account Domain:  PERS-DC   Logon ID:  0x45732    Object:   Object Server:  Security   Object Type:  File   Object Name:  C:\research\out\ccard_dump.txt   Handle ID:  0x6c   Resource Attributes: S:AI    Process Information:   Process ID:  0xd34   Process Name:  C:\Windows\System32\cmd.exe    Access Request Information:   Accesses:  ReadData (or ListDirectory)         Access Mask:  0x1	48230 
